status file for recon-all
Thu Mar 12 22:01:40 CET 2026
#@# Tessellate lh Thu Mar 12 22:01:40 CET 2026
#@# Smooth1 lh Thu Mar 12 22:01:44 CET 2026
#@# Inflation1 lh Thu Mar 12 22:01:47 CET 2026
#@# QSphere lh Thu Mar 12 22:03:14 CET 2026
#@# Fix Topology lh Thu Mar 12 22:04:53 CET 2026
#@# Smooth2 lh Thu Mar 12 22:15:23 CET 2026
#@# Inflation2 lh Thu Mar 12 22:15:27 CET 2026
#@# Curv .H and .K lh Thu Mar 12 22:17:04 CET 2026
#@# Sphere lh Thu Mar 12 22:18:08 CET 2026
#@# Surf Reg lh Thu Mar 12 22:22:25 CET 2026
#@# Jacobian white lh Thu Mar 12 22:29:41 CET 2026
#@# AvgCurv lh Thu Mar 12 22:29:43 CET 2026
#@# Cortical Parc lh Thu Mar 12 22:29:44 CET 2026
#@# white curv lh Thu Mar 12 22:37:38 CET 2026
#@# white area lh Thu Mar 12 22:37:40 CET 2026
#@# pial curv lh Thu Mar 12 22:37:41 CET 2026
#@# pial area lh Thu Mar 12 22:37:44 CET 2026
#@# thickness lh Thu Mar 12 22:37:45 CET 2026
#@# area and vertex vol lh Thu Mar 12 22:38:24 CET 2026
#@# Curvature Stats lh Thu Mar 12 22:38:27 CET 2026
#@# Cortical Parc 2 lh Thu Mar 12 22:38:30 CET 2026
#@# Cortical Parc 3 lh Thu Mar 12 22:38:46 CET 2026
#@# WM/GM Contrast lh Thu Mar 12 22:39:01 CET 2026
recon-all -s sub-v2s1x29909_ses-1 finished without error at Thu Mar 12 22:39:05 CET 2026



#New# invocation of recon-all 



status file for recon-all
Thu Mar 12 23:19:32 CET 2026
#@# white curv lh Thu Mar 12 23:19:32 CET 2026
#@# white area lh Thu Mar 12 23:19:32 CET 2026
#@# pial curv lh Thu Mar 12 23:19:32 CET 2026
#@# pial area lh Thu Mar 12 23:19:32 CET 2026
#@# thickness lh Thu Mar 12 23:19:32 CET 2026
#@# area and vertex vol lh Thu Mar 12 23:19:32 CET 2026
#@# Parcellation Stats lh Thu Mar 12 23:19:32 CET 2026
#@# Parcellation Stats 2 lh Thu Mar 12 23:20:02 CET 2026
#@# Parcellation Stats 3 lh Thu Mar 12 23:20:18 CET 2026
#@# BA_exvivo Labels lh Thu Mar 12 23:20:33 CET 2026
recon-all -s sub-v2s1x29909_ses-1 finished without error at Thu Mar 12 23:24:11 CET 2026
