status file for recon-all
Thu Mar 12 20:08:58 CET 2026
#@# MotionCor Thu Mar 12 20:09:00 CET 2026
#@# Talairach Thu Mar 12 20:09:08 CET 2026
#@# Talairach Failure Detection Thu Mar 12 20:13:35 CET 2026
#@# Nu Intensity Correction Thu Mar 12 20:13:35 CET 2026
#@# Intensity Normalization Thu Mar 12 20:16:52 CET 2026
recon-all -s sub-v2s1x29909_ses-1 finished without error at Thu Mar 12 20:18:33 CET 2026



#New# invocation of recon-all 



status file for recon-all
Thu Mar 12 20:26:04 CET 2026
#@# EM Registration Thu Mar 12 20:26:04 CET 2026
recon-all -s sub-v2s1x29909_ses-1 finished without error at Thu Mar 12 20:28:10 CET 2026



#New# invocation of recon-all 



status file for recon-all
Thu Mar 12 20:28:13 CET 2026
#@# CA Normalize Thu Mar 12 20:28:13 CET 2026
#@# CA Reg Thu Mar 12 20:29:32 CET 2026
#@# SubCort Seg Thu Mar 12 21:19:39 CET 2026
#@# CC Seg Thu Mar 12 21:54:40 CET 2026
#@# Merge ASeg Thu Mar 12 21:56:02 CET 2026
#@# Intensity Normalization2 Thu Mar 12 21:56:02 CET 2026
#@# Mask BFS Thu Mar 12 21:58:19 CET 2026
#@# WM Segmentation Thu Mar 12 21:58:20 CET 2026
#@# Fill Thu Mar 12 22:00:32 CET 2026
recon-all -s sub-v2s1x29909_ses-1 finished without error at Thu Mar 12 22:01:36 CET 2026



#New# invocation of recon-all 



status file for recon-all
Thu Mar 12 23:11:58 CET 2026
#@# white curv lh Thu Mar 12 23:11:58 CET 2026
#@# white area lh Thu Mar 12 23:11:58 CET 2026
#@# pial curv lh Thu Mar 12 23:11:58 CET 2026
#@# pial area lh Thu Mar 12 23:11:58 CET 2026
#@# thickness lh Thu Mar 12 23:11:58 CET 2026
#@# area and vertex vol lh Thu Mar 12 23:11:58 CET 2026
#@# white curv rh Thu Mar 12 23:11:58 CET 2026
#@# white area rh Thu Mar 12 23:11:58 CET 2026
#@# pial curv rh Thu Mar 12 23:11:58 CET 2026
#@# pial area rh Thu Mar 12 23:11:58 CET 2026
#@# thickness rh Thu Mar 12 23:11:58 CET 2026
#@# area and vertex vol rh Thu Mar 12 23:11:58 CET 2026
#@# Cortical ribbon mask Thu Mar 12 23:11:58 CET 2026
recon-all -s sub-v2s1x29909_ses-1 finished without error at Thu Mar 12 23:19:29 CET 2026



#New# invocation of recon-all 



status file for recon-all
Thu Mar 12 23:28:58 CET 2026
#@# white curv lh Thu Mar 12 23:28:58 CET 2026
#@# white area lh Thu Mar 12 23:28:58 CET 2026
#@# pial curv lh Thu Mar 12 23:28:58 CET 2026
#@# pial area lh Thu Mar 12 23:28:58 CET 2026
#@# thickness lh Thu Mar 12 23:28:58 CET 2026
#@# area and vertex vol lh Thu Mar 12 23:28:58 CET 2026
#@# white curv rh Thu Mar 12 23:28:58 CET 2026
#@# white area rh Thu Mar 12 23:28:58 CET 2026
#@# pial curv rh Thu Mar 12 23:28:58 CET 2026
#@# pial area rh Thu Mar 12 23:28:58 CET 2026
#@# thickness rh Thu Mar 12 23:28:58 CET 2026
#@# area and vertex vol rh Thu Mar 12 23:28:58 CET 2026
#@# Curvature Stats lh Thu Mar 12 23:28:58 CET 2026
#@# Curvature Stats rh Thu Mar 12 23:29:01 CET 2026
#@# Relabel Hypointensities Thu Mar 12 23:29:05 CET 2026
#@# APas-to-ASeg Thu Mar 12 23:29:28 CET 2026
#@# AParc-to-ASeg aparc Thu Mar 12 23:29:40 CET 2026
#@# AParc-to-ASeg aparc.a2009s Thu Mar 12 23:31:04 CET 2026
#@# AParc-to-ASeg aparc.DKTatlas Thu Mar 12 23:32:24 CET 2026
#@# WMParc Thu Mar 12 23:33:48 CET 2026
#@# ASeg Stats Thu Mar 12 23:38:43 CET 2026
recon-all -s sub-v2s1x29909_ses-1 finished without error at Thu Mar 12 23:39:28 CET 2026
