status file for recon-all
Thu Mar 12 22:39:06 CET 2026
#@# Tessellate rh Thu Mar 12 22:39:06 CET 2026
#@# Smooth1 rh Thu Mar 12 22:39:10 CET 2026
#@# Inflation1 rh Thu Mar 12 22:39:14 CET 2026
#@# QSphere rh Thu Mar 12 22:40:34 CET 2026
#@# Fix Topology rh Thu Mar 12 22:42:20 CET 2026
#@# Smooth2 rh Thu Mar 12 22:50:33 CET 2026
#@# Inflation2 rh Thu Mar 12 22:50:37 CET 2026
#@# Curv .H and .K rh Thu Mar 12 22:51:08 CET 2026
#@# Sphere rh Thu Mar 12 22:52:12 CET 2026
#@# Surf Reg rh Thu Mar 12 22:55:30 CET 2026
#@# Jacobian white rh Thu Mar 12 23:01:43 CET 2026
#@# AvgCurv rh Thu Mar 12 23:01:44 CET 2026
#@# Cortical Parc rh Thu Mar 12 23:01:46 CET 2026
#@# white curv rh Thu Mar 12 23:10:20 CET 2026
#@# white area rh Thu Mar 12 23:10:22 CET 2026
#@# pial curv rh Thu Mar 12 23:10:24 CET 2026
#@# pial area rh Thu Mar 12 23:10:26 CET 2026
#@# thickness rh Thu Mar 12 23:10:27 CET 2026
#@# area and vertex vol rh Thu Mar 12 23:11:12 CET 2026
#@# Curvature Stats rh Thu Mar 12 23:11:14 CET 2026
#@# Cortical Parc 2 rh Thu Mar 12 23:11:17 CET 2026
#@# Cortical Parc 3 rh Thu Mar 12 23:11:36 CET 2026
#@# WM/GM Contrast rh Thu Mar 12 23:11:50 CET 2026
recon-all -s sub-v2s1x29909_ses-1 finished without error at Thu Mar 12 23:11:54 CET 2026



#New# invocation of recon-all 



status file for recon-all
Thu Mar 12 23:24:14 CET 2026
#@# white curv rh Thu Mar 12 23:24:14 CET 2026
#@# white area rh Thu Mar 12 23:24:14 CET 2026
#@# pial curv rh Thu Mar 12 23:24:14 CET 2026
#@# pial area rh Thu Mar 12 23:24:14 CET 2026
#@# thickness rh Thu Mar 12 23:24:15 CET 2026
#@# area and vertex vol rh Thu Mar 12 23:24:15 CET 2026
#@# Parcellation Stats rh Thu Mar 12 23:24:15 CET 2026
#@# Parcellation Stats 2 rh Thu Mar 12 23:24:44 CET 2026
#@# Parcellation Stats 3 rh Thu Mar 12 23:24:58 CET 2026
#@# BA_exvivo Labels rh Thu Mar 12 23:25:13 CET 2026
recon-all -s sub-v2s1x29909_ses-1 finished without error at Thu Mar 12 23:28:52 CET 2026
