status file for recon-all
Wed Mar 11 19:43:54 CET 2026
#@# Tessellate lh Wed Mar 11 19:43:54 CET 2026
#@# Smooth1 lh Wed Mar 11 19:43:58 CET 2026
#@# Inflation1 lh Wed Mar 11 19:44:01 CET 2026
#@# QSphere lh Wed Mar 11 19:45:20 CET 2026
#@# Fix Topology lh Wed Mar 11 19:46:48 CET 2026
#@# Smooth2 lh Wed Mar 11 19:53:32 CET 2026
#@# Inflation2 lh Wed Mar 11 19:53:35 CET 2026
#@# Curv .H and .K lh Wed Mar 11 19:54:18 CET 2026
#@# Sphere lh Wed Mar 11 19:55:08 CET 2026
#@# Surf Reg lh Wed Mar 11 19:58:00 CET 2026
#@# Jacobian white lh Wed Mar 11 20:03:24 CET 2026
#@# AvgCurv lh Wed Mar 11 20:03:25 CET 2026
#@# Cortical Parc lh Wed Mar 11 20:03:26 CET 2026
#@# white curv lh Wed Mar 11 20:10:28 CET 2026
#@# white area lh Wed Mar 11 20:10:30 CET 2026
#@# pial curv lh Wed Mar 11 20:10:31 CET 2026
#@# pial area lh Wed Mar 11 20:10:33 CET 2026
#@# thickness lh Wed Mar 11 20:10:34 CET 2026
#@# area and vertex vol lh Wed Mar 11 20:11:08 CET 2026
#@# Curvature Stats lh Wed Mar 11 20:11:10 CET 2026
#@# Cortical Parc 2 lh Wed Mar 11 20:11:13 CET 2026
#@# Cortical Parc 3 lh Wed Mar 11 20:11:27 CET 2026
#@# WM/GM Contrast lh Wed Mar 11 20:11:39 CET 2026
recon-all -s sub-v2s1x29866_ses-1 finished without error at Wed Mar 11 20:11:42 CET 2026



#New# invocation of recon-all 



status file for recon-all
Wed Mar 11 20:48:19 CET 2026
#@# white curv lh Wed Mar 11 20:48:19 CET 2026
#@# white area lh Wed Mar 11 20:48:19 CET 2026
#@# pial curv lh Wed Mar 11 20:48:19 CET 2026
#@# pial area lh Wed Mar 11 20:48:19 CET 2026
#@# thickness lh Wed Mar 11 20:48:19 CET 2026
#@# area and vertex vol lh Wed Mar 11 20:48:19 CET 2026
#@# Parcellation Stats lh Wed Mar 11 20:48:19 CET 2026
#@# Parcellation Stats 2 lh Wed Mar 11 20:48:41 CET 2026
#@# Parcellation Stats 3 lh Wed Mar 11 20:48:52 CET 2026
#@# BA_exvivo Labels lh Wed Mar 11 20:49:03 CET 2026
recon-all -s sub-v2s1x29866_ses-1 finished without error at Wed Mar 11 20:52:02 CET 2026
