status file for recon-all
Wed Mar 11 20:11:44 CET 2026
#@# Tessellate rh Wed Mar 11 20:11:44 CET 2026
#@# Smooth1 rh Wed Mar 11 20:11:48 CET 2026
#@# Inflation1 rh Wed Mar 11 20:11:51 CET 2026
#@# QSphere rh Wed Mar 11 20:13:18 CET 2026
#@# Fix Topology rh Wed Mar 11 20:14:44 CET 2026
#@# Smooth2 rh Wed Mar 11 20:23:04 CET 2026
#@# Inflation2 rh Wed Mar 11 20:23:08 CET 2026
#@# Curv .H and .K rh Wed Mar 11 20:24:05 CET 2026
#@# Sphere rh Wed Mar 11 20:25:02 CET 2026
#@# Surf Reg rh Wed Mar 11 20:27:53 CET 2026
#@# Jacobian white rh Wed Mar 11 20:33:47 CET 2026
#@# AvgCurv rh Wed Mar 11 20:33:48 CET 2026
#@# Cortical Parc rh Wed Mar 11 20:33:49 CET 2026
#@# white curv rh Wed Mar 11 20:41:11 CET 2026
#@# white area rh Wed Mar 11 20:41:13 CET 2026
#@# pial curv rh Wed Mar 11 20:41:14 CET 2026
#@# pial area rh Wed Mar 11 20:41:16 CET 2026
#@# thickness rh Wed Mar 11 20:41:17 CET 2026
#@# area and vertex vol rh Wed Mar 11 20:41:52 CET 2026
#@# Curvature Stats rh Wed Mar 11 20:41:54 CET 2026
#@# Cortical Parc 2 rh Wed Mar 11 20:41:57 CET 2026
#@# Cortical Parc 3 rh Wed Mar 11 20:42:13 CET 2026
#@# WM/GM Contrast rh Wed Mar 11 20:42:24 CET 2026
recon-all -s sub-v2s1x29866_ses-1 finished without error at Wed Mar 11 20:42:28 CET 2026



#New# invocation of recon-all 



status file for recon-all
Wed Mar 11 20:52:03 CET 2026
#@# white curv rh Wed Mar 11 20:52:03 CET 2026
#@# white area rh Wed Mar 11 20:52:03 CET 2026
#@# pial curv rh Wed Mar 11 20:52:03 CET 2026
#@# pial area rh Wed Mar 11 20:52:03 CET 2026
#@# thickness rh Wed Mar 11 20:52:03 CET 2026
#@# area and vertex vol rh Wed Mar 11 20:52:03 CET 2026
#@# Parcellation Stats rh Wed Mar 11 20:52:03 CET 2026
#@# Parcellation Stats 2 rh Wed Mar 11 20:52:25 CET 2026
#@# Parcellation Stats 3 rh Wed Mar 11 20:52:37 CET 2026
#@# BA_exvivo Labels rh Wed Mar 11 20:52:48 CET 2026
recon-all -s sub-v2s1x29866_ses-1 finished without error at Wed Mar 11 20:55:52 CET 2026
