status file for recon-all
Wed Mar 11 17:52:45 CET 2026
#@# MotionCor Wed Mar 11 17:52:47 CET 2026
#@# Talairach Wed Mar 11 17:52:55 CET 2026
#@# Talairach Failure Detection Wed Mar 11 17:57:21 CET 2026
#@# Nu Intensity Correction Wed Mar 11 17:57:21 CET 2026
#@# Intensity Normalization Wed Mar 11 18:00:37 CET 2026
recon-all -s sub-v2s1x29866_ses-1 finished without error at Wed Mar 11 18:02:07 CET 2026



#New# invocation of recon-all 



status file for recon-all
Wed Mar 11 18:09:24 CET 2026
#@# EM Registration Wed Mar 11 18:09:24 CET 2026
recon-all -s sub-v2s1x29866_ses-1 finished without error at Wed Mar 11 18:11:45 CET 2026



#New# invocation of recon-all 



status file for recon-all
Wed Mar 11 18:11:48 CET 2026
#@# CA Normalize Wed Mar 11 18:11:48 CET 2026
#@# CA Reg Wed Mar 11 18:13:07 CET 2026
#@# SubCort Seg Wed Mar 11 19:06:37 CET 2026
#@# CC Seg Wed Mar 11 19:37:49 CET 2026
#@# Merge ASeg Wed Mar 11 19:38:24 CET 2026
#@# Intensity Normalization2 Wed Mar 11 19:38:24 CET 2026
#@# Mask BFS Wed Mar 11 19:40:42 CET 2026
#@# WM Segmentation Wed Mar 11 19:40:43 CET 2026
#@# Fill Wed Mar 11 19:42:47 CET 2026
recon-all -s sub-v2s1x29866_ses-1 finished without error at Wed Mar 11 19:43:50 CET 2026



#New# invocation of recon-all 



status file for recon-all
Wed Mar 11 20:42:34 CET 2026
#@# white curv lh Wed Mar 11 20:42:34 CET 2026
#@# white area lh Wed Mar 11 20:42:34 CET 2026
#@# pial curv lh Wed Mar 11 20:42:34 CET 2026
#@# pial area lh Wed Mar 11 20:42:34 CET 2026
#@# thickness lh Wed Mar 11 20:42:34 CET 2026
#@# area and vertex vol lh Wed Mar 11 20:42:34 CET 2026
#@# white curv rh Wed Mar 11 20:42:34 CET 2026
#@# white area rh Wed Mar 11 20:42:34 CET 2026
#@# pial curv rh Wed Mar 11 20:42:34 CET 2026
#@# pial area rh Wed Mar 11 20:42:34 CET 2026
#@# thickness rh Wed Mar 11 20:42:34 CET 2026
#@# area and vertex vol rh Wed Mar 11 20:42:34 CET 2026
#@# Cortical ribbon mask Wed Mar 11 20:42:34 CET 2026
recon-all -s sub-v2s1x29866_ses-1 finished without error at Wed Mar 11 20:48:14 CET 2026



#New# invocation of recon-all 



status file for recon-all
Wed Mar 11 20:55:57 CET 2026
#@# white curv lh Wed Mar 11 20:55:57 CET 2026
#@# white area lh Wed Mar 11 20:55:57 CET 2026
#@# pial curv lh Wed Mar 11 20:55:57 CET 2026
#@# pial area lh Wed Mar 11 20:55:57 CET 2026
#@# thickness lh Wed Mar 11 20:55:57 CET 2026
#@# area and vertex vol lh Wed Mar 11 20:55:57 CET 2026
#@# white curv rh Wed Mar 11 20:55:57 CET 2026
#@# white area rh Wed Mar 11 20:55:57 CET 2026
#@# pial curv rh Wed Mar 11 20:55:57 CET 2026
#@# pial area rh Wed Mar 11 20:55:57 CET 2026
#@# thickness rh Wed Mar 11 20:55:57 CET 2026
#@# area and vertex vol rh Wed Mar 11 20:55:57 CET 2026
#@# Curvature Stats lh Wed Mar 11 20:55:57 CET 2026
#@# Curvature Stats rh Wed Mar 11 20:56:00 CET 2026
#@# Relabel Hypointensities Wed Mar 11 20:56:03 CET 2026
#@# APas-to-ASeg Wed Mar 11 20:56:22 CET 2026
#@# AParc-to-ASeg aparc Wed Mar 11 20:56:32 CET 2026
#@# AParc-to-ASeg aparc.a2009s Wed Mar 11 20:57:31 CET 2026
#@# AParc-to-ASeg aparc.DKTatlas Wed Mar 11 20:58:30 CET 2026
#@# WMParc Wed Mar 11 20:59:36 CET 2026
#@# ASeg Stats Wed Mar 11 21:03:16 CET 2026
recon-all -s sub-v2s1x29866_ses-1 finished without error at Wed Mar 11 21:03:55 CET 2026
