status file for recon-all
Wed Mar 11 21:50:54 CET 2026
#@# Tessellate lh Wed Mar 11 21:50:55 CET 2026
#@# Smooth1 lh Wed Mar 11 21:50:58 CET 2026
#@# Inflation1 lh Wed Mar 11 21:51:02 CET 2026
#@# QSphere lh Wed Mar 11 21:52:28 CET 2026
#@# Fix Topology lh Wed Mar 11 21:53:46 CET 2026
#@# Smooth2 lh Wed Mar 11 22:01:06 CET 2026
#@# Inflation2 lh Wed Mar 11 22:01:09 CET 2026
#@# Curv .H and .K lh Wed Mar 11 22:01:42 CET 2026
#@# Sphere lh Wed Mar 11 22:02:39 CET 2026
#@# Surf Reg lh Wed Mar 11 22:05:56 CET 2026
#@# Jacobian white lh Wed Mar 11 22:11:26 CET 2026
#@# AvgCurv lh Wed Mar 11 22:11:27 CET 2026
#@# Cortical Parc lh Wed Mar 11 22:11:28 CET 2026
#@# white curv lh Wed Mar 11 22:19:33 CET 2026
#@# white area lh Wed Mar 11 22:19:36 CET 2026
#@# pial curv lh Wed Mar 11 22:19:37 CET 2026
#@# pial area lh Wed Mar 11 22:19:39 CET 2026
#@# thickness lh Wed Mar 11 22:19:40 CET 2026
#@# area and vertex vol lh Wed Mar 11 22:20:17 CET 2026
#@# Curvature Stats lh Wed Mar 11 22:20:19 CET 2026
#@# Cortical Parc 2 lh Wed Mar 11 22:20:22 CET 2026
#@# Cortical Parc 3 lh Wed Mar 11 22:20:38 CET 2026
#@# WM/GM Contrast lh Wed Mar 11 22:20:50 CET 2026
recon-all -s sub-v2s1x29877_ses-1 finished without error at Wed Mar 11 22:20:53 CET 2026



#New# invocation of recon-all 



status file for recon-all
Wed Mar 11 22:59:35 CET 2026
#@# white curv lh Wed Mar 11 22:59:35 CET 2026
#@# white area lh Wed Mar 11 22:59:35 CET 2026
#@# pial curv lh Wed Mar 11 22:59:35 CET 2026
#@# pial area lh Wed Mar 11 22:59:35 CET 2026
#@# thickness lh Wed Mar 11 22:59:35 CET 2026
#@# area and vertex vol lh Wed Mar 11 22:59:35 CET 2026
#@# Parcellation Stats lh Wed Mar 11 22:59:35 CET 2026
#@# Parcellation Stats 2 lh Wed Mar 11 23:00:00 CET 2026
#@# Parcellation Stats 3 lh Wed Mar 11 23:00:12 CET 2026
#@# BA_exvivo Labels lh Wed Mar 11 23:00:25 CET 2026
recon-all -s sub-v2s1x29877_ses-1 finished without error at Wed Mar 11 23:03:38 CET 2026
