status file for recon-all
Wed Mar 11 20:06:23 CET 2026
#@# MotionCor Wed Mar 11 20:06:26 CET 2026
#@# Talairach Wed Mar 11 20:06:33 CET 2026
#@# Talairach Failure Detection Wed Mar 11 20:10:56 CET 2026
#@# Nu Intensity Correction Wed Mar 11 20:10:56 CET 2026
#@# Intensity Normalization Wed Mar 11 20:14:11 CET 2026
recon-all -s sub-v2s1x29877_ses-1 finished without error at Wed Mar 11 20:15:39 CET 2026



#New# invocation of recon-all 



status file for recon-all
Wed Mar 11 20:22:56 CET 2026
#@# EM Registration Wed Mar 11 20:22:56 CET 2026
recon-all -s sub-v2s1x29877_ses-1 finished without error at Wed Mar 11 20:24:43 CET 2026



#New# invocation of recon-all 



status file for recon-all
Wed Mar 11 20:24:46 CET 2026
#@# CA Normalize Wed Mar 11 20:24:46 CET 2026
#@# CA Reg Wed Mar 11 20:26:06 CET 2026
#@# SubCort Seg Wed Mar 11 21:11:34 CET 2026
#@# CC Seg Wed Mar 11 21:44:49 CET 2026
#@# Merge ASeg Wed Mar 11 21:45:24 CET 2026
#@# Intensity Normalization2 Wed Mar 11 21:45:24 CET 2026
#@# Mask BFS Wed Mar 11 21:47:40 CET 2026
#@# WM Segmentation Wed Mar 11 21:47:41 CET 2026
#@# Fill Wed Mar 11 21:49:49 CET 2026
recon-all -s sub-v2s1x29877_ses-1 finished without error at Wed Mar 11 21:50:50 CET 2026



#New# invocation of recon-all 



status file for recon-all
Wed Mar 11 22:51:25 CET 2026
#@# white curv lh Wed Mar 11 22:51:25 CET 2026
#@# white area lh Wed Mar 11 22:51:25 CET 2026
#@# pial curv lh Wed Mar 11 22:51:25 CET 2026
#@# pial area lh Wed Mar 11 22:51:25 CET 2026
#@# thickness lh Wed Mar 11 22:51:25 CET 2026
#@# area and vertex vol lh Wed Mar 11 22:51:25 CET 2026
#@# white curv rh Wed Mar 11 22:51:25 CET 2026
#@# white area rh Wed Mar 11 22:51:25 CET 2026
#@# pial curv rh Wed Mar 11 22:51:25 CET 2026
#@# pial area rh Wed Mar 11 22:51:25 CET 2026
#@# thickness rh Wed Mar 11 22:51:25 CET 2026
#@# area and vertex vol rh Wed Mar 11 22:51:25 CET 2026
#@# Cortical ribbon mask Wed Mar 11 22:51:25 CET 2026
recon-all -s sub-v2s1x29877_ses-1 finished without error at Wed Mar 11 22:59:30 CET 2026



#New# invocation of recon-all 



status file for recon-all
Wed Mar 11 23:08:01 CET 2026
#@# white curv lh Wed Mar 11 23:08:01 CET 2026
#@# white area lh Wed Mar 11 23:08:01 CET 2026
#@# pial curv lh Wed Mar 11 23:08:01 CET 2026
#@# pial area lh Wed Mar 11 23:08:01 CET 2026
#@# thickness lh Wed Mar 11 23:08:01 CET 2026
#@# area and vertex vol lh Wed Mar 11 23:08:01 CET 2026
#@# white curv rh Wed Mar 11 23:08:01 CET 2026
#@# white area rh Wed Mar 11 23:08:01 CET 2026
#@# pial curv rh Wed Mar 11 23:08:01 CET 2026
#@# pial area rh Wed Mar 11 23:08:01 CET 2026
#@# thickness rh Wed Mar 11 23:08:01 CET 2026
#@# area and vertex vol rh Wed Mar 11 23:08:01 CET 2026
#@# Curvature Stats lh Wed Mar 11 23:08:01 CET 2026
#@# Curvature Stats rh Wed Mar 11 23:08:04 CET 2026
#@# Relabel Hypointensities Wed Mar 11 23:08:07 CET 2026
#@# APas-to-ASeg Wed Mar 11 23:08:27 CET 2026
#@# AParc-to-ASeg aparc Wed Mar 11 23:08:39 CET 2026
#@# AParc-to-ASeg aparc.a2009s Wed Mar 11 23:09:55 CET 2026
#@# AParc-to-ASeg aparc.DKTatlas Wed Mar 11 23:11:13 CET 2026
#@# WMParc Wed Mar 11 23:12:18 CET 2026
#@# ASeg Stats Wed Mar 11 23:16:25 CET 2026
recon-all -s sub-v2s1x29877_ses-1 finished without error at Wed Mar 11 23:17:08 CET 2026
