/out/sourcedata/freesurfer/sub-v2s1x29878_ses-1/mri
/opt/freesurfer/bin/talairach_avi
--i orig_nu.mgz --xfm transforms/talairach.auto.xfm
talairach_avi 7.3.2
Linux dna006 5.14.0-427.37.1.el9_4.x86_64 #1 SMP PREEMPT_DYNAMIC Fri Sep 13 12:41:50 EDT 2024 x86_64 x86_64 x86_64 GNU/Linux
Wed Mar 11 20:14:01 CET 2026
mri_convert orig_nu.mgz talsrcimg.img 
reading from orig_nu.mgz...
TR=0.00, TE=0.00, TI=0.00, flip angle=0.00
i_ras = (-1, 0, 0)
j_ras = (0, 0, -1)
k_ras = (0, 1, 0)
writing to talsrcimg.img...
Analyze Output Matrix
-0.90000   0.00000   0.00000   107.85157;
 0.00000   0.00000   0.90000  -88.00996;
 0.00000  -0.90000   0.00000   162.23340;
 0.00000   0.00000   0.00000   1.00000;
--------------------
INFO: set hdr.hist.orient to -1
mpr2mni305 talsrcimg
Wed Mar 11 20:14:02 CET 2026
/opt/freesurfer/bin/mpr2mni305 talsrcimg
mpr2mni305 7.3.2
target=711-2C_as_mni_average_305

---------------------------------------------------------------------
analyzeto4dfp talsrcimg -O0 -y
---------------------------------------------------------------------

freesurfer ifh2hdr.c
Wed Mar 11 20:14:02 2026
Writing: talsrcimg.4dfp.hdr
freesurfer analyzeto4dfp.c
Reading: talsrcimg.hdr
header size 348 bytes
hdr.dime.datatype	offset=70	value=2
hdr.dime.bitpix		offset=72	value=8
hdr.hist.orient		offset=252	value=-1
dimensionality     4
dimensions       256       256       256         1
Reading: talsrcimg.img
Writing: talsrcimg.4dfp.img
Writing: talsrcimg.4dfp.ifh
ifh2hdr talsrcimg -r0to230
ori=2

---------------------------------------------------------------------
gauss_4dfp talsrcimg 1.1
---------------------------------------------------------------------

freesurfer gauss_4dfp.c
Reading: talsrcimg.4dfp.img
Writing: talsrcimg_g11.4dfp.img
image dimensions 256 256 256 padded to 288 288 288
processing volume 1freesurfer ifh2hdr.c
Wed Mar 11 20:14:04 2026
Writing: talsrcimg_g11.4dfp.hdr

Writing: talsrcimg_g11.4dfp.ifh
including: talsrcimg.4dfp.img.rec in talsrcimg_g11.4dfp.img.rec

---------------------------------------------------------------------
imgreg_4dfp /opt/freesurfer/average/711-2C_as_mni_average_305 none talsrcimg_g11 none talsrcimg_to_711-2C_as_mni_average_305_t4 4355
---------------------------------------------------------------------

freesurfer imgreg_4dfp.c
/opt/freesurfer/average/711-2C_as_mni_average_305.4dfp.img
       256       256       256         1
  1.000000  1.000000  1.000000
orientation T byte_order littleendian
Reading image: /opt/freesurfer/average/711-2C_as_mni_average_305.4dfp.img
dimensions:      256       256       256
mmppix:       1.0000   -1.0000   -1.0000
center:     128.0000 -129.0000 -129.0000
talsrcimg_g11.4dfp.img
       256       256       256         1
  0.900000  0.900000  0.900000
orientation T byte_order littleendian
Reading image: talsrcimg_g11.4dfp.img
dimensions:      256       256       256
mmppix:       0.9000   -0.9000   -0.9000
center:     115.2000 -116.1000 -116.1000
t4_read: open error in t4_sub.f l:  41 t4_file(1:l)talsrcimg_to_711-2C_as_mni_average_305_t4 
t4_read: transform initialized to I4
rotation matrix determinant  1.000000
image alignment mode   4355 decimal     1103 hex
   -7.5000  -45.0000  -45.0000 5780.8540   17.1537
    0.0000  -45.0000  -45.0000 5859.5991   17.1680
    7.5000  -45.0000  -45.0000 5605.4888   17.1375
   -7.5000  -37.5000  -45.0000 6195.8657   18.2040
    0.0000  -37.5000  -45.0000 6274.4385   18.2295
    7.5000  -37.5000  -45.0000 6010.1025   18.1956
   -7.5000  -30.0000  -45.0000 6615.5547   18.7830
    0.0000  -30.0000  -45.0000 6692.1411   18.8147
    7.5000  -30.0000  -45.0000 6397.0771   18.7807
   -7.5000  -22.5000  -45.0000 7123.8350   18.8175
    0.0000  -22.5000  -45.0000 7163.9727   18.8434
    7.5000  -22.5000  -45.0000 6845.0596   18.8102
   -7.5000  -15.0000  -45.0000 7561.2700   18.8487
    0.0000  -15.0000  -45.0000 7596.1611   18.8630
    7.5000  -15.0000  -45.0000 7250.8960   18.8288
   -7.5000   -7.5000  -45.0000 7647.0190   18.8417
    0.0000   -7.5000  -45.0000 7692.2930   18.8515
    7.5000   -7.5000  -45.0000 7342.2192   18.8182
   -7.5000    0.0000  -45.0000 7683.5479   18.8048
    0.0000    0.0000  -45.0000 7754.4673   18.8204
    7.5000    0.0000  -45.0000 7399.3403   18.7870
   -7.5000    7.5000  -45.0000 7418.2461   18.7779
    0.0000    7.5000  -45.0000 7478.5142   18.8042
    7.5000    7.5000  -45.0000 7146.2891   18.7693
   -7.5000   15.0000  -45.0000 7345.5366   18.7830
    0.0000   15.0000  -45.0000 7382.7822   18.8147
    7.5000   15.0000  -45.0000 7049.4937   18.7807
   -7.5000   22.5000  -45.0000 6831.1328   18.5643
    0.0000   22.5000  -45.0000 6863.6470   18.5899
    7.5000   22.5000  -45.0000 6557.6655   18.5571
   -7.5000   30.0000  -45.0000 6259.2910   18.1029
    0.0000   30.0000  -45.0000 6280.6650   18.1168
    7.5000   30.0000  -45.0000 5987.3325   18.0836
   -7.5000   37.5000  -45.0000 5671.0669   17.5970
    0.0000   37.5000  -45.0000 5699.0342   17.6086
    7.5000   37.5000  -45.0000 5430.8091   17.5738
   -7.5000   45.0000  -45.0000 5112.5601   17.1684
    0.0000   45.0000  -45.0000 5133.1416   17.1815
    7.5000   45.0000  -45.0000 4881.5884   17.1476
   -7.5000  -45.0000  -37.5000 6322.2554   17.8139
    0.0000  -45.0000  -37.5000 6424.9009   17.8394
    7.5000  -45.0000  -37.5000 6158.6084   17.8050
   -7.5000  -37.5000  -37.5000 6769.6445   18.9078
    0.0000  -37.5000  -37.5000 6869.0996   18.9428
    7.5000  -37.5000  -37.5000 6586.4004   18.9061
   -7.5000  -30.0000  -37.5000 7225.2441   19.4632
    0.0000  -30.0000  -37.5000 7310.5278   19.5036
    7.5000  -30.0000  -37.5000 7002.1211   19.4697
   -7.5000  -22.5000  -37.5000 7762.4004   19.4916
    0.0000  -22.5000  -37.5000 7823.3945   19.5274
    7.5000  -22.5000  -37.5000 7466.9370   19.4953
   -7.5000  -15.0000  -37.5000 8212.5635   19.5289
    0.0000  -15.0000  -37.5000 8273.3682   19.5557
    7.5000  -15.0000  -37.5000 7902.7729   19.5206
   -7.5000   -7.5000  -37.5000 8285.6953   19.5330
    0.0000   -7.5000  -37.5000 8365.7920   19.5567
    7.5000   -7.5000  -37.5000 7979.6807   19.5202
   -7.5000    0.0000  -37.5000 8340.6445   19.5036
    0.0000    0.0000  -37.5000 8427.1074   19.5315
    7.5000    0.0000  -37.5000 8031.7705   19.4938
   -7.5000    7.5000  -37.5000 7998.2349   19.4696
    0.0000    7.5000  -37.5000 8101.0444   19.5056
    7.5000    7.5000  -37.5000 7730.2554   19.4678
   -7.5000   15.0000  -37.5000 7896.6660   19.4623
    0.0000   15.0000  -37.5000 7977.5142   19.5027
    7.5000   15.0000  -37.5000 7618.5376   19.4688
   -7.5000   22.5000  -37.5000 7327.5742   19.2310
    0.0000   22.5000  -37.5000 7392.1631   19.2663
    7.5000   22.5000  -37.5000 7068.0825   19.2347
   -7.5000   30.0000  -37.5000 6672.3477   18.7693
    0.0000   30.0000  -37.5000 6737.7437   18.7951
    7.5000   30.0000  -37.5000 6430.9019   18.7610
   -7.5000   37.5000  -37.5000 6043.1138   18.2562
    0.0000   37.5000  -37.5000 6089.3726   18.2807
    7.5000   37.5000  -37.5000 5817.5679   18.2425
   -7.5000   45.0000  -37.5000 5433.8086   17.7997
    0.0000   45.0000  -37.5000 5459.4443   17.8233
    7.5000   45.0000  -37.5000 5206.0259   17.7855
   -7.5000  -45.0000  -30.0000 6868.2969   18.3936
    0.0000  -45.0000  -30.0000 6975.8779   18.4172
    7.5000  -45.0000  -30.0000 6676.9263   18.3897
   -7.5000  -37.5000  -30.0000 7335.8765   19.5366
    0.0000  -37.5000  -30.0000 7452.3218   19.5704
    7.5000  -37.5000  -30.0000 7126.0562   19.5402
   -7.5000  -30.0000  -30.0000 7828.8838   20.0849
    0.0000  -30.0000  -30.0000 7919.6274   20.1248
    7.5000  -30.0000  -30.0000 7565.3003   20.0973
   -7.5000  -22.5000  -30.0000 8377.4697   20.1128
    0.0000  -22.5000  -30.0000 8464.2324   20.1479
    7.5000  -22.5000  -30.0000 8069.8887   20.1222
   -7.5000  -15.0000  -30.0000 8851.4893   20.1462
    0.0000  -15.0000  -30.0000 8965.5264   20.1718
    7.5000  -15.0000  -30.0000 8540.1924   20.1436
   -7.5000   -7.5000  -30.0000 8917.2031   20.1462
    0.0000   -7.5000  -30.0000 9033.2217   20.1680
    7.5000   -7.5000  -30.0000 8604.7100   20.1391
   -7.5000    0.0000  -30.0000 8944.1445   20.1173
    0.0000    0.0000  -30.0000 9068.0127   20.1432
    7.5000    0.0000  -30.0000 8651.8379   20.1131
   -7.5000    7.5000  -30.0000 8554.9238   20.0866
    0.0000    7.5000  -30.0000 8678.4512   20.1213
    7.5000    7.5000  -30.0000 8300.5771   20.0903
   -7.5000   15.0000  -30.0000 8428.7773   20.0822
    0.0000   15.0000  -30.0000 8535.5908   20.1220
    7.5000   15.0000  -30.0000 8169.4834   20.0945
   -7.5000   22.5000  -30.0000 7801.5649   19.8447
    0.0000   22.5000  -30.0000 7898.2544   19.8794
    7.5000   22.5000  -30.0000 7556.9526   19.8541
   -7.5000   30.0000  -30.0000 7073.6953   19.3767
    0.0000   30.0000  -30.0000 7172.0254   19.4013
    7.5000   30.0000  -30.0000 6857.6660   19.3738
   -7.5000   37.5000  -30.0000 6398.0610   18.8584
    0.0000   37.5000  -30.0000 6458.5010   18.8813
    7.5000   37.5000  -30.0000 6167.8311   18.8503
   -7.5000   45.0000  -30.0000 5744.4858   18.3865
    0.0000   45.0000  -30.0000 5780.7280   18.4086
    7.5000   45.0000  -30.0000 5505.9053   18.3786
   -7.5000  -45.0000  -22.5000 7475.6323   19.0632
    0.0000  -45.0000  -22.5000 7584.7305   19.0706
    7.5000  -45.0000  -22.5000 7250.4028   19.0504
   -7.5000  -37.5000  -22.5000 7970.0713   20.2723
    0.0000  -37.5000  -22.5000 8094.9229   20.2903
    7.5000  -37.5000  -22.5000 7708.5493   20.2649
   -7.5000  -30.0000  -22.5000 8496.5410   20.8352
    0.0000  -30.0000  -22.5000 8594.4824   20.8594
    7.5000  -30.0000  -22.5000 8187.1924   20.8334
   -7.5000  -22.5000  -22.5000 9076.5088   20.8708
    0.0000  -22.5000  -22.5000 9197.5869   20.8897
    7.5000  -22.5000  -22.5000 8735.2695   20.8653
   -7.5000  -15.0000  -22.5000 9582.3887   20.8942
    0.0000  -15.0000  -22.5000 9726.7090   20.9027
    7.5000  -15.0000  -22.5000 9244.8496   20.8786
   -7.5000   -7.5000  -22.5000 9609.6543   20.8760
    0.0000   -7.5000  -22.5000 9768.9150   20.8798
    7.5000   -7.5000  -22.5000 9319.5547   20.8579
   -7.5000    0.0000  -22.5000 9618.2910   20.8378
    0.0000    0.0000  -22.5000 9798.7412   20.8459
    7.5000    0.0000  -22.5000 9343.4980   20.8238
   -7.5000    7.5000  -22.5000 9197.7510   20.8171
    0.0000    7.5000  -22.5000 9366.4014   20.8356
    7.5000    7.5000  -22.5000 8939.3613   20.8095
   -7.5000   15.0000  -22.5000 9057.0459   20.8302
    0.0000   15.0000  -22.5000 9194.6514   20.8544
    7.5000   15.0000  -22.5000 8786.3877   20.8284
   -7.5000   22.5000  -22.5000 8357.9072   20.5946
    0.0000   22.5000  -22.5000 8479.9932   20.6133
    7.5000   22.5000  -22.5000 8106.4746   20.5892
   -7.5000   30.0000  -22.5000 7563.9937   20.1113
    0.0000   30.0000  -22.5000 7671.6338   20.1195
    7.5000   30.0000  -22.5000 7332.7939   20.0958
   -7.5000   37.5000  -22.5000 6820.4971   19.5731
    0.0000   37.5000  -22.5000 6896.9155   19.5794
    7.5000   37.5000  -22.5000 6564.8403   19.5555
   -7.5000   45.0000  -22.5000 6109.0601   19.0933
    0.0000   45.0000  -22.5000 6157.7642   19.1004
    7.5000   45.0000  -22.5000 5866.8394   19.0788
   -7.5000  -45.0000  -15.0000 8079.9961   19.7228
    0.0000  -45.0000  -15.0000 8179.0923   19.7166
    7.5000  -45.0000  -15.0000 7820.9253   19.6947
   -7.5000  -37.5000  -15.0000 8608.9902   20.9786
    0.0000  -37.5000  -15.0000 8731.8438   20.9832
    7.5000  -37.5000  -15.0000 8322.7549   20.9532
   -7.5000  -30.0000  -15.0000 9182.4883   21.5550
    0.0000  -30.0000  -15.0000 9285.6445   21.5659
    7.5000  -30.0000  -15.0000 8848.2617   21.5316
   -7.5000  -22.5000  -15.0000 9793.0146   21.5986
    0.0000  -22.5000  -15.0000 9920.0889   21.6040
    7.5000  -22.5000  -15.0000 9427.5898   21.5712
   -7.5000  -15.0000  -15.000010300.2432   21.6167
    0.0000  -15.0000  -15.000010425.3154   21.6107
    7.5000  -15.0000  -15.0000 9950.9883   21.5818
   -7.5000   -7.5000  -15.000010297.8594   21.5859
    0.0000   -7.5000  -15.000010472.2266   21.5743
    7.5000   -7.5000  -15.000010028.2832   21.5504
   -7.5000    0.0000  -15.000010311.2363   21.5379
    0.0000    0.0000  -15.000010512.2783   21.5311
    7.5000    0.0000  -15.000010049.5820   21.5072
   -7.5000    7.5000  -15.0000 9853.3232   21.5215
    0.0000    7.5000  -15.000010036.6758   21.5262
    7.5000    7.5000  -15.0000 9575.0420   21.4954
   -7.5000   15.0000  -15.0000 9700.9346   21.5484
    0.0000   15.0000  -15.0000 9879.7900   21.5592
    7.5000   15.0000  -15.0000 9421.5361   21.5249
   -7.5000   22.5000  -15.0000 8945.8975   21.3161
    0.0000   22.5000  -15.0000 9092.4756   21.3214
    7.5000   22.5000  -15.0000 8659.4502   21.2891
   -7.5000   30.0000  -15.0000 8061.0352   20.8227
    0.0000   30.0000  -15.0000 8197.2627   20.8169
    7.5000   30.0000  -15.0000 7814.1895   20.7886
   -7.5000   37.5000  -15.0000 7222.0195   20.2689
    0.0000   37.5000  -15.0000 7317.7930   20.2610
    7.5000   37.5000  -15.0000 6960.4683   20.2354
   -7.5000   45.0000  -15.0000 6451.1182   19.7825
    0.0000   45.0000  -15.0000 6518.1821   19.7767
    7.5000   45.0000  -15.0000 6203.5146   19.7534
   -7.5000  -45.0000   -7.5000 8445.5283   19.7249
    0.0000  -45.0000   -7.5000 8538.7295   19.7224
    7.5000  -45.0000   -7.5000 8142.4512   19.6930
   -7.5000  -37.5000   -7.5000 9000.3828   20.9736
    0.0000  -37.5000   -7.5000 9101.1875   20.9830
    7.5000  -37.5000   -7.5000 8676.6230   20.9457
   -7.5000  -30.0000   -7.5000 9585.0811   21.5465
    0.0000  -30.0000   -7.5000 9681.1191   21.5621
    7.5000  -30.0000   -7.5000 9224.5322   21.5205
   -7.5000  -22.5000   -7.500010195.7178   21.5917
    0.0000  -22.5000   -7.500010290.3594   21.6011
    7.5000  -22.5000   -7.5000 9804.7480   21.5607
   -7.5000  -15.0000   -7.500010684.0771   21.6154
    0.0000  -15.0000   -7.500010788.5703   21.6122
    7.5000  -15.0000   -7.500010332.1240   21.5753
   -7.5000   -7.5000   -7.500010675.8594   21.5898
    0.0000   -7.5000   -7.500010834.1865   21.5811
    7.5000   -7.5000   -7.500010388.2178   21.5487
   -7.5000    0.0000   -7.500010693.2695   21.5402
    0.0000    0.0000   -7.500010875.4463   21.5374
    7.5000    0.0000   -7.500010410.8311   21.5053
   -7.5000    7.5000   -7.500010223.9395   21.5164
    0.0000    7.5000   -7.500010377.1133   21.5260
    7.5000    7.5000   -7.5000 9890.1846   21.4877
   -7.5000   15.0000   -7.500010054.4209   21.5398
    0.0000   15.0000   -7.500010199.0488   21.5554
    7.5000   15.0000   -7.5000 9716.3672   21.5139
   -7.5000   22.5000   -7.5000 9237.4629   21.3093
    0.0000   22.5000   -7.5000 9377.5801   21.3186
    7.5000   22.5000   -7.5000 8915.3066   21.2786
   -7.5000   30.0000   -7.5000 8327.9424   20.8213
    0.0000   30.0000   -7.5000 8460.1787   20.8184
    7.5000   30.0000   -7.5000 8037.9634   20.7823
   -7.5000   37.5000   -7.5000 7422.4482   20.2700
    0.0000   37.5000   -7.5000 7521.4209   20.2648
    7.5000   37.5000   -7.5000 7143.3467   20.2309
   -7.5000   45.0000   -7.5000 6596.7949   19.7804
    0.0000   45.0000   -7.5000 6676.6611   19.7777
    7.5000   45.0000   -7.5000 6345.7783   19.7456
   -7.5000  -45.0000    0.0000 8634.6650   20.2293
    0.0000  -45.0000    0.0000 8725.6377   20.2450
    7.5000  -45.0000    0.0000 8313.5840   20.2076
   -7.5000  -37.5000    0.0000 9230.3809   21.4893
    0.0000  -37.5000    0.0000 9314.5674   21.5172
    7.5000  -37.5000    0.0000 8864.8516   21.4748
   -7.5000  -30.0000    0.0000 9820.4023   22.0462
    0.0000  -30.0000    0.0000 9943.1426   22.0803
    7.5000  -30.0000    0.0000 9424.3457   22.0368
   -7.5000  -22.5000    0.000010414.3896   22.0870
    0.0000  -22.5000    0.000010517.4854   22.1146
    7.5000  -22.5000    0.000010024.2764   22.0722
   -7.5000  -15.0000    0.000010873.6484   22.1222
    0.0000  -15.0000    0.000010955.9746   22.1373
    7.5000  -15.0000    0.000010522.6387   22.0947
   -7.5000   -7.5000    0.000010897.7002   22.1127
    0.0000   -7.5000    0.000011009.9971   22.1232
    7.5000   -7.5000    0.000010555.2686   22.0824
   -7.5000    0.0000    0.000010900.8447   22.0691
    0.0000    0.0000    0.000011044.0430   22.0862
    7.5000    0.0000    0.000010550.3008   22.0454
   -7.5000    7.5000    0.000010392.7412   22.0308
    0.0000    7.5000    0.000010512.0537   22.0595
    7.5000    7.5000    0.000010005.8672   22.0160
   -7.5000   15.0000    0.000010186.1699   22.0384
    0.0000   15.0000    0.000010303.6143   22.0725
    7.5000   15.0000    0.0000 9811.2461   22.0290
   -7.5000   22.5000    0.0000 9357.2285   21.8012
    0.0000   22.5000    0.0000 9474.9502   21.8284
    7.5000   22.5000    0.0000 9012.7686   21.7865
   -7.5000   30.0000    0.0000 8438.6465   21.3219
    0.0000   30.0000    0.0000 8545.1143   21.3366
    7.5000   30.0000    0.0000 8122.3560   21.2951
   -7.5000   37.5000    0.0000 7499.8267   20.7836
    0.0000   37.5000    0.0000 7587.9033   20.7963
    7.5000   37.5000    0.0000 7225.5898   20.7536
   -7.5000   45.0000    0.0000 6638.6299   20.3006
    0.0000   45.0000    0.0000 6714.8267   20.3149
    7.5000   45.0000    0.0000 6400.5513   20.2735
   -7.5000  -45.0000    7.5000 8535.5166   20.2449
    0.0000  -45.0000    7.5000 8601.7715   20.2747
    7.5000  -45.0000    7.5000 8201.5430   20.2378
   -7.5000  -37.5000    7.5000 9148.3340   21.5003
    0.0000  -37.5000    7.5000 9241.3740   21.5414
    7.5000  -37.5000    7.5000 8761.5928   21.5016
   -7.5000  -30.0000    7.5000 9759.6191   22.0442
    0.0000  -30.0000    7.5000 9882.8516   22.0913
    7.5000  -30.0000    7.5000 9372.2041   22.0541
   -7.5000  -22.5000    7.500010283.5596   22.0777
    0.0000  -22.5000    7.500010320.3125   22.1192
    7.5000  -22.5000    7.5000 9895.2422   22.0837
   -7.5000  -15.0000    7.500010720.5156   22.1184
    0.0000  -15.0000    7.500010720.8691   22.1493
    7.5000  -15.0000    7.500010317.0127   22.1109
   -7.5000   -7.5000    7.500010743.8730   22.1207
    0.0000   -7.5000    7.500010785.4600   22.1481
    7.5000   -7.5000    7.500010332.9072   22.1088
   -7.5000    0.0000    7.500010744.2520   22.0861
    0.0000    0.0000    7.500010796.9170   22.1187
    7.5000    0.0000    7.500010315.6611   22.0784
   -7.5000    7.5000    7.500010224.1289   22.0421
    0.0000    7.5000    7.500010261.3086   22.0843
    7.5000    7.5000    7.5000 9779.4707   22.0434
   -7.5000   15.0000    7.5000 9982.4297   22.0364
    0.0000   15.0000    7.500010041.1699   22.0835
    7.5000   15.0000    7.5000 9581.6816   22.0463
   -7.5000   22.5000    7.5000 9153.9609   21.7919
    0.0000   22.5000    7.5000 9233.5498   21.8329
    7.5000   22.5000    7.5000 8803.2637   21.7979
   -7.5000   30.0000    7.5000 8272.8252   21.3179
    0.0000   30.0000    7.5000 8351.8857   21.3478
    7.5000   30.0000    7.5000 7968.2505   21.3104
   -7.5000   37.5000    7.5000 7374.8252   20.7917
    0.0000   37.5000    7.5000 7439.4834   20.8200
    7.5000   37.5000    7.5000 7109.0889   20.7785
   -7.5000   45.0000    7.5000 6522.7690   20.3165
    0.0000   45.0000    7.5000 6580.4658   20.3445
    7.5000   45.0000    7.5000 6284.5889   20.3036
   -7.5000  -45.0000   15.0000 8642.0410   20.2590
    0.0000  -45.0000   15.0000 8695.3086   20.2854
    7.5000  -45.0000   15.0000 8285.2383   20.2557
   -7.5000  -37.5000   15.0000 9242.0332   21.5209
    0.0000  -37.5000   15.0000 9277.4355   21.5585
    7.5000  -37.5000   15.0000 8791.3867   21.5260
   -7.5000  -30.0000   15.0000 9851.3086   22.0676
    0.0000  -30.0000   15.0000 9828.9102   22.1116
    7.5000  -30.0000   15.0000 9328.3271   22.0819
   -7.5000  -22.5000   15.000010376.4092   22.0994
    0.0000  -22.5000   15.000010258.0479   22.1381
    7.5000  -22.5000   15.0000 9857.2422   22.1101
   -7.5000  -15.0000   15.000010796.9912   22.1360
    0.0000  -15.0000   15.000010665.3643   22.1641
    7.5000  -15.0000   15.000010298.3311   22.1333
   -7.5000   -7.5000   15.000010847.2598   22.1345
    0.0000   -7.5000   15.000010758.0078   22.1587
    7.5000   -7.5000   15.000010354.0322   22.1273
   -7.5000    0.0000   15.000010864.5527   22.1015
    0.0000    0.0000   15.000010805.0127   22.1303
    7.5000    0.0000   15.000010371.1953   22.0979
   -7.5000    7.5000   15.000010338.9111   22.0632
    0.0000    7.5000   15.000010290.1719   22.1018
    7.5000    7.5000   15.0000 9863.8516   22.0685
   -7.5000   15.0000   15.000010086.9727   22.0598
    0.0000   15.0000   15.000010089.5693   22.1038
    7.5000   15.0000   15.0000 9655.9268   22.0741
   -7.5000   22.5000   15.0000 9251.9922   21.8134
    0.0000   22.5000   15.0000 9288.0469   21.8516
    7.5000   22.5000   15.0000 8872.0596   21.8240
   -7.5000   30.0000   15.0000 8379.3291   21.3349
    0.0000   30.0000   15.0000 8417.6445   21.3621
    7.5000   30.0000   15.0000 8048.1230   21.3320
   -7.5000   37.5000   15.0000 7460.0898   20.8073
    0.0000   37.5000   15.0000 7491.7056   20.8327
    7.5000   37.5000   15.0000 7155.6748   20.7990
   -7.5000   45.0000   15.0000 6603.0830   20.3352
    0.0000   45.0000   15.0000 6617.3242   20.3602
    7.5000   45.0000   15.0000 6317.4678   20.3277
   -7.5000  -45.0000   22.5000 8272.5684   20.2818
    0.0000  -45.0000   22.5000 8335.7773   20.2895
    7.5000  -45.0000   22.5000 7901.9980   20.2673
   -7.5000  -37.5000   22.5000 8825.0889   21.5587
    0.0000  -37.5000   22.5000 8802.0840   21.5779
    7.5000  -37.5000   22.5000 8346.2207   21.5504
   -7.5000  -30.0000   22.5000 9364.3047   22.1233
    0.0000  -30.0000   22.5000 9250.6973   22.1490
    7.5000  -30.0000   22.5000 8794.8594   22.1211
   -7.5000  -22.5000   22.5000 9936.4639   22.1603
    0.0000  -22.5000   22.5000 9765.9639   22.1805
    7.5000  -22.5000   22.5000 9343.6328   22.1542
   -7.5000  -15.0000   22.500010447.9453   22.1851
    0.0000  -15.0000   22.500010260.6699   22.1940
    7.5000  -15.0000   22.5000 9880.9678   22.1678
   -7.5000   -7.5000   22.500010487.6250   22.1662
    0.0000   -7.5000   22.500010332.0996   22.1700
    7.5000   -7.5000   22.5000 9971.0645   22.1461
   -7.5000    0.0000   22.500010460.9521   22.1263
    0.0000    0.0000   22.500010353.7861   22.1348
    7.5000    0.0000   22.5000 9981.1230   22.1106
   -7.5000    7.5000   22.5000 9916.4980   22.1020
    0.0000    7.5000   22.5000 9859.0273   22.1217
    7.5000    7.5000   22.5000 9463.6270   22.0935
   -7.5000   15.0000   22.5000 9633.5537   22.1155
    0.0000   15.0000   22.5000 9630.8066   22.1412
    7.5000   15.0000   22.5000 9212.9707   22.1133
   -7.5000   22.5000   22.5000 8810.2715   21.8735
    0.0000   22.5000   22.5000 8836.9502   21.8934
    7.5000   22.5000   22.5000 8439.4834   21.8675
   -7.5000   30.0000   22.5000 7981.4424   21.3828
    0.0000   30.0000   22.5000 8019.0068   21.3913
    7.5000   30.0000   22.5000 7642.4365   21.3656
   -7.5000   37.5000   22.5000 7105.4160   20.8396
    0.0000   37.5000   22.5000 7148.9492   20.8462
    7.5000   37.5000   22.5000 6802.5894   20.8200
   -7.5000   45.0000   22.5000 6296.0493   20.3634
    0.0000   45.0000   22.5000 6318.6514   20.3708
    7.5000   45.0000   22.5000 6016.1631   20.3471
   -7.5000  -45.0000   30.0000 7752.9175   20.3436
    0.0000  -45.0000   30.0000 7844.5796   20.3367
    7.5000  -45.0000   30.0000 7467.3892   20.3134
   -7.5000  -37.5000   30.0000 8249.9766   21.6405
    0.0000  -37.5000   30.0000 8294.0654   21.6449
    7.5000  -37.5000   30.0000 7876.8076   21.6132
   -7.5000  -30.0000   30.0000 8752.3750   22.2247
    0.0000  -30.0000   30.0000 8773.7725   22.2358
    7.5000  -30.0000   30.0000 8325.4619   22.2003
   -7.5000  -22.5000   30.0000 9307.4141   22.2690
    0.0000  -22.5000   30.0000 9332.0215   22.2748
    7.5000  -22.5000   30.0000 8854.7422   22.2413
   -7.5000  -15.0000   30.0000 9837.4629   22.2877
    0.0000  -15.0000   30.0000 9839.0342   22.2816
    7.5000  -15.0000   30.0000 9340.2393   22.2519
   -7.5000   -7.5000   30.0000 9894.0664   22.2562
    0.0000   -7.5000   30.0000 9904.0479   22.2441
    7.5000   -7.5000   30.0000 9407.6738   22.2190
   -7.5000    0.0000   30.0000 9851.1055   22.2074
    0.0000    0.0000   30.0000 9851.6826   22.1999
    7.5000    0.0000   30.0000 9393.9609   22.1745
   -7.5000    7.5000   30.0000 9328.7520   22.1897
    0.0000    7.5000   30.0000 9321.9072   22.1941
    7.5000    7.5000   30.0000 8900.8135   22.1617
   -7.5000   15.0000   30.0000 9059.2930   22.2168
    0.0000   15.0000   30.0000 9055.6113   22.2279
    7.5000   15.0000   30.0000 8652.3340   22.1924
   -7.5000   22.5000   30.0000 8281.2148   21.9789
    0.0000   22.5000   30.0000 8279.4727   21.9845
    7.5000   22.5000   30.0000 7911.6182   21.9515
   -7.5000   30.0000   30.0000 7495.6431   21.4919
    0.0000   30.0000   30.0000 7500.8433   21.4861
    7.5000   30.0000   30.0000 7168.0454   21.4570
   -7.5000   37.5000   30.0000 6697.8115   20.9445
    0.0000   37.5000   30.0000 6695.9067   20.9362
    7.5000   37.5000   30.0000 6384.4590   20.9092
   -7.5000   45.0000   30.0000 5933.1987   20.4702
    0.0000   45.0000   30.0000 5924.9492   20.4637
    7.5000   45.0000   30.0000 5636.4917   20.4388
   -7.5000  -45.0000   37.5000 7261.6431   20.3944
    0.0000  -45.0000   37.5000 7365.6318   20.3935
    7.5000  -45.0000   37.5000 7031.6870   20.3683
   -7.5000  -37.5000   37.5000 7703.1899   21.6915
    0.0000  -37.5000   37.5000 7781.7358   21.7042
    7.5000  -37.5000   37.5000 7416.6484   21.6719
   -7.5000  -30.0000   37.5000 8176.6333   22.2635
    0.0000  -30.0000   37.5000 8227.6377   22.2825
    7.5000  -30.0000   37.5000 7828.6841   22.2447
   -7.5000  -22.5000   37.5000 8702.4561   22.3144
    0.0000  -22.5000   37.5000 8732.2529   22.3254
    7.5000  -22.5000   37.5000 8303.1904   22.2866
   -7.5000  -15.0000   37.5000 9209.7246   22.3394
    0.0000  -15.0000   37.5000 9209.4102   22.3362
    7.5000  -15.0000   37.5000 8746.4287   22.3003
   -7.5000   -7.5000   37.5000 9282.3877   22.3095
    0.0000   -7.5000   37.5000 9269.5664   22.3008
    7.5000   -7.5000   37.5000 8806.7656   22.2709
   -7.5000    0.0000   37.5000 9273.1992   22.2544
    0.0000    0.0000   37.5000 9259.5068   22.2534
    7.5000    0.0000   37.5000 8805.4902   22.2259
   -7.5000    7.5000   37.5000 8788.9307   22.2282
    0.0000    7.5000   37.5000 8776.2910   22.2412
    7.5000    7.5000   37.5000 8352.2402   22.2081
   -7.5000   15.0000   37.5000 8525.7871   22.2554
    0.0000   15.0000   37.5000 8494.7090   22.2744
    7.5000   15.0000   37.5000 8098.5742   22.2366
   -7.5000   22.5000   37.5000 7782.3232   22.0199
    0.0000   22.5000   37.5000 7757.0122   22.0307
    7.5000   22.5000   37.5000 7397.1128   21.9924
   -7.5000   30.0000   37.5000 7033.7202   21.5417
    0.0000   30.0000   37.5000 7024.3398   21.5386
    7.5000   30.0000   37.5000 6696.8984   21.5035
   -7.5000   37.5000   37.5000 6287.6113   20.9947
    0.0000   37.5000   37.5000 6264.7939   20.9897
    7.5000   37.5000   37.5000 5960.3623   20.9578
   -7.5000   45.0000   37.5000 5573.1216   20.5162
    0.0000   45.0000   37.5000 5541.7344   20.5151
    7.5000   45.0000   37.5000 5274.0649   20.4871
   -7.5000  -45.0000   45.0000 6796.0825   20.4931
    0.0000  -45.0000   45.0000 6886.3125   20.5107
    7.5000  -45.0000   45.0000 6580.1147   20.4696
   -7.5000  -37.5000   45.0000 7182.7627   21.7854
    0.0000  -37.5000   45.0000 7257.8257   21.8170
    7.5000  -37.5000   45.0000 6930.3374   21.7706
   -7.5000  -30.0000   45.0000 7619.8413   22.3214
    0.0000  -30.0000   45.0000 7665.7334   22.3579
    7.5000  -30.0000   45.0000 7312.1431   22.3085
   -7.5000  -22.5000   45.0000 8103.6553   22.3669
    0.0000  -22.5000   45.0000 8131.4551   22.3934
    7.5000  -22.5000   45.0000 7739.9863   22.3428
   -7.5000  -15.0000   45.0000 8562.9385   22.4038
    0.0000  -15.0000   45.0000 8569.9111   22.4165
    7.5000  -15.0000   45.0000 8158.7212   22.3656
   -7.5000   -7.5000   45.0000 8627.2861   22.3911
    0.0000   -7.5000   45.0000 8628.4932   22.4007
    7.5000   -7.5000   45.0000 8220.2500   22.3536
   -7.5000    0.0000   45.0000 8627.6123   22.3429
    0.0000    0.0000   45.0000 8630.3262   22.3621
    7.5000    0.0000   45.0000 8215.0498   22.3172
   -7.5000    7.5000   45.0000 8195.6758   22.3029
    0.0000    7.5000   45.0000 8191.6113   22.3353
    7.5000    7.5000   45.0000 7799.4663   22.2878
   -7.5000   15.0000   45.0000 7939.4438   22.3131
    0.0000   15.0000   45.0000 7922.5439   22.3495
    7.5000   15.0000   45.0000 7548.6250   22.3001
   -7.5000   22.5000   45.0000 7235.4668   22.0687
    0.0000   22.5000   45.0000 7225.7725   22.0949
    7.5000   22.5000   45.0000 6882.1553   22.0450
   -7.5000   30.0000   45.0000 6554.5005   21.6013
    0.0000   30.0000   45.0000 6541.3794   21.6136
    7.5000   30.0000   45.0000 6221.9346   21.5641
   -7.5000   37.5000   45.0000 5845.8032   21.0669
    0.0000   37.5000   45.0000 5832.7192   21.0789
    7.5000   37.5000   45.0000 5533.2168   21.0299
   -7.5000   45.0000   45.0000 5163.4146   20.5927
    0.0000   45.0000   45.0000 5143.9297   20.6089
    7.5000   45.0000   45.0000 4885.2598   20.5633

---------------------------------------------------------------------
imgreg_4dfp /opt/freesurfer/average/711-2C_as_mni_average_305 /opt/freesurfer/average/711-2B_as_mni_average_305_mask talsrcimg_g11 none talsrcimg_to_711-2C_as_mni_average_305_t4 4355
---------------------------------------------------------------------

freesurfer imgreg_4dfp.c
/opt/freesurfer/average/711-2C_as_mni_average_305.4dfp.img
       256       256       256         1
  1.000000  1.000000  1.000000
orientation T byte_order littleendian
Reading image: /opt/freesurfer/average/711-2C_as_mni_average_305.4dfp.img
dimensions:      256       256       256
mmppix:       1.0000   -1.0000   -1.0000
center:     128.0000 -129.0000 -129.0000
/opt/freesurfer/average/711-2B_as_mni_average_305_mask.4dfp.img
       256       256       256         1
  1.000000  1.000000  1.000000
orientation T byte_order littleendian
Reading mask: /opt/freesurfer/average/711-2B_as_mni_average_305_mask.4dfp.img (2306576 pixels)
talsrcimg_g11.4dfp.img
       256       256       256         1
  0.900000  0.900000  0.900000
orientation T byte_order littleendian
Reading image: talsrcimg_g11.4dfp.img
dimensions:      256       256       256
mmppix:       0.9000   -0.9000   -0.9000
center:     115.2000 -116.1000 -116.1000
rotation matrix determinant  1.000000
image alignment mode   4355 decimal     1103 hex
   -7.5000  -45.0000  -45.0000 1881.7908   21.2446
    0.0000  -45.0000  -45.0000 1897.2186   21.1510
    7.5000  -45.0000  -45.0000 1886.3689   21.4199
   -7.5000  -37.5000  -45.0000 1955.6085   19.8750
    0.0000  -37.5000  -45.0000 1967.4808   19.7554
    7.5000  -37.5000  -45.0000 1957.6520   19.9915
   -7.5000  -30.0000  -45.0000 2008.2681   18.9080
    0.0000  -30.0000  -45.0000 2015.1083   18.7938
    7.5000  -30.0000  -45.0000 2001.0468   19.0300
   -7.5000  -22.5000  -45.0000 2042.5028   18.3006
    0.0000  -22.5000  -45.0000 2039.6960   18.1830
    7.5000  -22.5000  -45.0000 2022.4945   18.4459
   -7.5000  -15.0000  -45.0000 2051.4148   18.0303
    0.0000  -15.0000  -45.0000 2048.1907   17.8760
    7.5000  -15.0000  -45.0000 2026.8569   18.1339
   -7.5000   -7.5000  -45.0000 2041.9492   18.1790
    0.0000   -7.5000  -45.0000 2038.4783   17.9469
    7.5000   -7.5000  -45.0000 2017.0503   18.2487
   -7.5000    0.0000  -45.0000 2014.6301   18.6761
    0.0000    0.0000  -45.0000 2017.6627   18.4426
    7.5000    0.0000  -45.0000 1995.4852   18.7220
   -7.5000    7.5000  -45.0000 1976.3334   19.5001
    0.0000    7.5000  -45.0000 1977.8701   19.2975
    7.5000    7.5000  -45.0000 1955.3108   19.6096
   -7.5000   15.0000  -45.0000 1920.3187   20.7698
    0.0000   15.0000  -45.0000 1919.7263   20.6195
    7.5000   15.0000  -45.0000 1899.2440   21.0059
   -7.5000   22.5000  -45.0000 1843.8162   22.5929
    0.0000   22.5000  -45.0000 1846.0789   22.4994
    7.5000   22.5000  -45.0000 1824.7992   22.9207
   -7.5000   30.0000  -45.0000 1760.3710   25.0939
    0.0000   30.0000  -45.0000 1758.1787   24.9766
    7.5000   30.0000  -45.0000 1732.8607   25.3957
   -7.5000   37.5000  -45.0000 1632.2957   28.0485
    0.0000   37.5000  -45.0000 1636.0327   27.9669
    7.5000   37.5000  -45.0000 1613.4569   28.3808
   -7.5000   45.0000  -45.0000 1483.2913   31.5307
    0.0000   45.0000  -45.0000 1481.9469   31.4560
    7.5000   45.0000  -45.0000 1460.6787   32.0076
   -7.5000  -45.0000  -37.5000 2044.6732   20.6686
    0.0000  -45.0000  -37.5000 2066.2732   20.5535
    7.5000  -45.0000  -37.5000 2056.0769   20.8291
   -7.5000  -37.5000  -37.5000 2128.0229   19.2941
    0.0000  -37.5000  -37.5000 2144.9438   19.2043
    7.5000  -37.5000  -37.5000 2131.3464   19.4659
   -7.5000  -30.0000  -37.5000 2184.4229   18.3228
    0.0000  -30.0000  -37.5000 2194.8528   18.2306
    7.5000  -30.0000  -37.5000 2178.3503   18.4372
   -7.5000  -22.5000  -37.5000 2221.4836   17.7342
    0.0000  -22.5000  -37.5000 2220.4478   17.6153
    7.5000  -22.5000  -37.5000 2199.6345   17.8644
   -7.5000  -15.0000  -37.5000 2228.4473   17.5086
    0.0000  -15.0000  -37.5000 2226.6270   17.3723
    7.5000  -15.0000  -37.5000 2203.9023   17.6173
   -7.5000   -7.5000  -37.5000 2215.4373   17.6435
    0.0000   -7.5000  -37.5000 2214.5278   17.4824
    7.5000   -7.5000  -37.5000 2192.3223   17.7547
   -7.5000    0.0000  -37.5000 2189.2126   18.1188
    0.0000    0.0000  -37.5000 2191.3284   17.9479
    7.5000    0.0000  -37.5000 2167.7756   18.2213
   -7.5000    7.5000  -37.5000 2146.0815   18.9251
    0.0000    7.5000  -37.5000 2149.5188   18.8011
    7.5000    7.5000  -37.5000 2123.9580   19.1364
   -7.5000   15.0000  -37.5000 2083.0889   20.1661
    0.0000   15.0000  -37.5000 2089.1196   20.0597
    7.5000   15.0000  -37.5000 2061.8669   20.4940
   -7.5000   22.5000  -37.5000 2003.5366   22.0178
    0.0000   22.5000  -37.5000 2005.5532   21.8889
    7.5000   22.5000  -37.5000 1978.8318   22.3946
   -7.5000   30.0000  -37.5000 1903.5593   24.4201
    0.0000   30.0000  -37.5000 1904.1093   24.2972
    7.5000   30.0000  -37.5000 1875.2539   24.7798
   -7.5000   37.5000  -37.5000 1769.5253   27.3284
    0.0000   37.5000  -37.5000 1772.8389   27.1968
    7.5000   37.5000  -37.5000 1749.5048   27.6759
   -7.5000   45.0000  -37.5000 1605.6979   30.6940
    0.0000   45.0000  -37.5000 1605.2191   30.5511
    7.5000   45.0000  -37.5000 1584.8362   31.1715
   -7.5000  -45.0000  -30.0000 2196.2473   19.8299
    0.0000  -45.0000  -30.0000 2215.9280   19.7011
    7.5000  -45.0000  -30.0000 2199.2959   19.9925
   -7.5000  -37.5000  -30.0000 2284.4751   18.5247
    0.0000  -37.5000  -30.0000 2300.9299   18.4149
    7.5000  -37.5000  -30.0000 2283.6287   18.6737
   -7.5000  -30.0000  -30.0000 2348.2483   17.5977
    0.0000  -30.0000  -30.0000 2353.3665   17.4956
    7.5000  -30.0000  -30.0000 2332.1550   17.6808
   -7.5000  -22.5000  -30.0000 2386.5474   17.0118
    0.0000  -22.5000  -30.0000 2385.3726   16.9163
    7.5000  -22.5000  -30.0000 2360.0305   17.1231
   -7.5000  -15.0000  -30.0000 2397.1396   16.8129
    0.0000  -15.0000  -30.0000 2402.9353   16.6884
    7.5000  -15.0000  -30.0000 2374.3586   16.9005
   -7.5000   -7.5000  -30.0000 2389.8958   16.9608
    0.0000   -7.5000  -30.0000 2391.0981   16.8242
    7.5000   -7.5000  -30.0000 2364.9873   17.0196
   -7.5000    0.0000  -30.0000 2358.8010   17.4259
    0.0000    0.0000  -30.0000 2363.5725   17.2962
    7.5000    0.0000  -30.0000 2341.0300   17.5199
   -7.5000    7.5000  -30.0000 2306.2292   18.2750
    0.0000    7.5000  -30.0000 2312.7803   18.1529
    7.5000    7.5000  -30.0000 2286.3772   18.4429
   -7.5000   15.0000  -30.0000 2237.1860   19.5495
    0.0000   15.0000  -30.0000 2238.9451   19.4024
    7.5000   15.0000  -30.0000 2215.0901   19.7472
   -7.5000   22.5000  -30.0000 2151.7686   21.3730
    0.0000   22.5000  -30.0000 2151.1282   21.2091
    7.5000   22.5000  -30.0000 2119.4226   21.6479
   -7.5000   30.0000  -30.0000 2041.1365   23.7506
    0.0000   30.0000  -30.0000 2041.0994   23.5814
    7.5000   30.0000  -30.0000 2005.5376   24.0111
   -7.5000   37.5000  -30.0000 1895.1503   26.5543
    0.0000   37.5000  -30.0000 1894.0677   26.3512
    7.5000   37.5000  -30.0000 1869.2030   26.7882
   -7.5000   45.0000  -30.0000 1718.8208   29.7225
    0.0000   45.0000  -30.0000 1716.6248   29.5912
    7.5000   45.0000  -30.0000 1694.6445   30.0990
   -7.5000  -45.0000  -22.5000 2321.3142   18.8618
    0.0000  -45.0000  -22.5000 2341.6265   18.6997
    7.5000  -45.0000  -22.5000 2322.7349   18.9011
   -7.5000  -37.5000  -22.5000 2418.7605   17.5984
    0.0000  -37.5000  -22.5000 2433.8130   17.4429
    7.5000  -37.5000  -22.5000 2412.5063   17.6352
   -7.5000  -30.0000  -22.5000 2487.4058   16.7239
    0.0000  -30.0000  -22.5000 2491.5730   16.5851
    7.5000  -30.0000  -22.5000 2468.5938   16.7715
   -7.5000  -22.5000  -22.5000 2531.8047   16.1647
    0.0000  -22.5000  -22.5000 2536.9709   16.0773
    7.5000  -22.5000  -22.5000 2503.0708   16.2324
   -7.5000  -15.0000  -22.5000 2554.1475   15.9834
    0.0000  -15.0000  -22.5000 2561.1370   15.8487
    7.5000  -15.0000  -22.5000 2525.9692   16.0243
   -7.5000   -7.5000  -22.5000 2546.6960   16.1224
    0.0000   -7.5000  -22.5000 2557.2114   15.9829
    7.5000   -7.5000  -22.5000 2525.7117   16.1491
   -7.5000    0.0000  -22.5000 2510.3455   16.5964
    0.0000    0.0000  -22.5000 2524.8855   16.4566
    7.5000    0.0000  -22.5000 2493.5229   16.6494
   -7.5000    7.5000  -22.5000 2458.1265   17.4668
    0.0000    7.5000  -22.5000 2470.8071   17.3301
    7.5000    7.5000  -22.5000 2434.6724   17.5556
   -7.5000   15.0000  -22.5000 2378.9775   18.7497
    0.0000   15.0000  -22.5000 2385.4753   18.6093
    7.5000   15.0000  -22.5000 2353.4382   18.8622
   -7.5000   22.5000  -22.5000 2281.9343   20.5530
    0.0000   22.5000  -22.5000 2281.3359   20.3723
    7.5000   22.5000  -22.5000 2249.6257   20.7056
   -7.5000   30.0000  -22.5000 2158.0071   22.7964
    0.0000   30.0000  -22.5000 2157.3477   22.5995
    7.5000   30.0000  -22.5000 2123.7983   22.9633
   -7.5000   37.5000  -22.5000 2000.9285   25.3996
    0.0000   37.5000  -22.5000 2001.0024   25.2239
    7.5000   37.5000  -22.5000 1965.4415   25.6024
   -7.5000   45.0000  -22.5000 1813.9973   28.5124
    0.0000   45.0000  -22.5000 1814.4413   28.3528
    7.5000   45.0000  -22.5000 1785.2911   28.7346
   -7.5000  -45.0000  -15.0000 2418.9373   17.8870
    0.0000  -45.0000  -15.0000 2438.7532   17.6562
    7.5000  -45.0000  -15.0000 2421.9795   17.8080
   -7.5000  -37.5000  -15.0000 2521.4412   16.6665
    0.0000  -37.5000  -15.0000 2539.3489   16.4559
    7.5000  -37.5000  -15.0000 2519.2139   16.5915
   -7.5000  -30.0000  -15.0000 2600.8992   15.8243
    0.0000  -30.0000  -15.0000 2610.3706   15.6385
    7.5000  -30.0000  -15.0000 2585.1086   15.7907
   -7.5000  -22.5000  -15.0000 2657.8203   15.3006
    0.0000  -22.5000  -15.0000 2665.2573   15.1763
    7.5000  -22.5000  -15.0000 2629.3794   15.3118
   -7.5000  -15.0000  -15.0000 2682.7900   15.1202
    0.0000  -15.0000  -15.0000 2691.3784   14.9780
    7.5000  -15.0000  -15.0000 2657.3047   15.1259
   -7.5000   -7.5000  -15.0000 2674.2629   15.2328
    0.0000   -7.5000  -15.0000 2691.6946   15.0906
    7.5000   -7.5000  -15.0000 2657.0691   15.2443
   -7.5000    0.0000  -15.0000 2639.7004   15.7088
    0.0000    0.0000  -15.0000 2660.5137   15.5603
    7.5000    0.0000  -15.0000 2623.7803   15.7355
   -7.5000    7.5000  -15.0000 2582.9482   16.5656
    0.0000    7.5000  -15.0000 2596.3062   16.4192
    7.5000    7.5000  -15.0000 2558.5317   16.5931
   -7.5000   15.0000  -15.0000 2496.4688   17.8721
    0.0000   15.0000  -15.0000 2505.0562   17.7109
    7.5000   15.0000  -15.0000 2467.1863   17.9174
   -7.5000   22.5000  -15.0000 2387.2720   19.6468
    0.0000   22.5000  -15.0000 2387.3667   19.4154
    7.5000   22.5000  -15.0000 2353.2510   19.6919
   -7.5000   30.0000  -15.0000 2253.1685   21.8542
    0.0000   30.0000  -15.0000 2251.2473   21.5740
    7.5000   30.0000  -15.0000 2219.8838   21.8764
   -7.5000   37.5000  -15.0000 2086.1731   24.3505
    0.0000   37.5000  -15.0000 2081.5923   24.0666
    7.5000   37.5000  -15.0000 2049.1335   24.4225
   -7.5000   45.0000  -15.0000 1884.7159   27.2043
    0.0000   45.0000  -15.0000 1885.5565   26.8999
    7.5000   45.0000  -15.0000 1854.4095   27.3419
   -7.5000  -45.0000   -7.5000 2479.4248   16.9808
    0.0000  -45.0000   -7.5000 2502.1592   16.6856
    7.5000  -45.0000   -7.5000 2479.4143   16.7896
   -7.5000  -37.5000   -7.5000 2591.0176   15.7290
    0.0000  -37.5000   -7.5000 2612.6116   15.5048
    7.5000  -37.5000   -7.5000 2586.3181   15.5998
   -7.5000  -30.0000   -7.5000 2677.4744   14.9023
    0.0000  -30.0000   -7.5000 2689.6475   14.7146
    7.5000  -30.0000   -7.5000 2662.7588   14.8282
   -7.5000  -22.5000   -7.5000 2740.9839   14.3803
    0.0000  -22.5000   -7.5000 2752.9143   14.2294
    7.5000  -22.5000   -7.5000 2720.1382   14.3641
   -7.5000  -15.0000   -7.5000 2774.2463   14.2090
    0.0000  -15.0000   -7.5000 2786.4529   14.0484
    7.5000  -15.0000   -7.5000 2751.8533   14.1957
   -7.5000   -7.5000   -7.5000 2765.5767   14.3350
    0.0000   -7.5000   -7.5000 2787.8228   14.1740
    7.5000   -7.5000   -7.5000 2753.9170   14.3151
   -7.5000    0.0000   -7.5000 2731.1934   14.7906
    0.0000    0.0000   -7.5000 2751.8970   14.6243
    7.5000    0.0000   -7.5000 2714.2207   14.7641
   -7.5000    7.5000   -7.5000 2673.1104   15.6561
    0.0000    7.5000   -7.5000 2686.0471   15.4902
    7.5000    7.5000   -7.5000 2639.9048   15.5989
   -7.5000   15.0000   -7.5000 2574.9524   16.9491
    0.0000   15.0000   -7.5000 2580.5784   16.7714
    7.5000   15.0000   -7.5000 2538.3206   16.8838
   -7.5000   22.5000   -7.5000 2451.3530   18.6136
    0.0000   22.5000   -7.5000 2453.9519   18.4412
    7.5000   22.5000   -7.5000 2409.7842   18.5968
   -7.5000   30.0000   -7.5000 2309.4990   20.7277
    0.0000   30.0000   -7.5000 2312.1394   20.5351
    7.5000   30.0000   -7.5000 2273.7593   20.6988
   -7.5000   37.5000   -7.5000 2129.7644   23.1305
    0.0000   37.5000   -7.5000 2130.1396   22.9334
    7.5000   37.5000   -7.5000 2096.3655   23.1947
   -7.5000   45.0000   -7.5000 1917.9586   25.8460
    0.0000   45.0000   -7.5000 1922.3102   25.6063
    7.5000   45.0000   -7.5000 1892.1595   26.0040
   -7.5000  -45.0000    0.0000 2529.7244   16.3829
    0.0000  -45.0000    0.0000 2556.9636   16.0753
    7.5000  -45.0000    0.0000 2541.9309   16.1802
   -7.5000  -37.5000    0.0000 2653.0322   15.1434
    0.0000  -37.5000    0.0000 2679.0693   14.8946
    7.5000  -37.5000    0.0000 2655.4797   14.9970
   -7.5000  -30.0000    0.0000 2744.7642   14.2944
    0.0000  -30.0000    0.0000 2767.2544   14.0778
    7.5000  -30.0000    0.0000 2741.8706   14.1989
   -7.5000  -22.5000    0.0000 2820.2917   13.7443
    0.0000  -22.5000    0.0000 2842.8572   13.5601
    7.5000  -22.5000    0.0000 2804.2141   13.6810
   -7.5000  -15.0000    0.0000 2859.7793   13.5440
    0.0000  -15.0000    0.0000 2876.1030   13.3564
    7.5000  -15.0000    0.0000 2844.1194   13.5287
   -7.5000   -7.5000    0.0000 2859.4941   13.7100
    0.0000   -7.5000    0.0000 2882.2712   13.5032
    7.5000   -7.5000    0.0000 2846.8767   13.6607
   -7.5000    0.0000    0.0000 2819.6853   14.1869
    0.0000    0.0000    0.0000 2842.4690   13.9729
    7.5000    0.0000    0.0000 2802.6111   14.1089
   -7.5000    7.5000    0.0000 2746.4937   15.0632
    0.0000    7.5000    0.0000 2762.1013   14.8603
    7.5000    7.5000    0.0000 2718.0144   14.9550
   -7.5000   15.0000    0.0000 2636.5869   16.3045
    0.0000   15.0000    0.0000 2642.8550   16.1488
    7.5000   15.0000    0.0000 2602.2461   16.2316
   -7.5000   22.5000    0.0000 2503.1758   17.9388
    0.0000   22.5000    0.0000 2509.9395   17.7958
    7.5000   22.5000    0.0000 2468.0664   17.9030
   -7.5000   30.0000    0.0000 2355.4565   19.9905
    0.0000   30.0000    0.0000 2361.5273   19.8303
    7.5000   30.0000    0.0000 2317.7087   19.9978
   -7.5000   37.5000    0.0000 2163.7144   22.3758
    0.0000   37.5000    0.0000 2168.6389   22.1839
    7.5000   37.5000    0.0000 2135.6208   22.4695
   -7.5000   45.0000    0.0000 1946.1595   25.0396
    0.0000   45.0000    0.0000 1953.6425   24.8445
    7.5000   45.0000    0.0000 1926.3567   25.2850
   -7.5000  -45.0000    7.5000 2565.7759   15.9172
    0.0000  -45.0000    7.5000 2596.1621   15.5325
    7.5000  -45.0000    7.5000 2586.1445   15.6313
   -7.5000  -37.5000    7.5000 2693.2012   14.6492
    0.0000  -37.5000    7.5000 2724.2041   14.3336
    7.5000  -37.5000    7.5000 2703.8694   14.4504
   -7.5000  -30.0000    7.5000 2797.1101   13.8442
    0.0000  -30.0000    7.5000 2825.4646   13.5638
    7.5000  -30.0000    7.5000 2800.2754   13.6663
   -7.5000  -22.5000    7.5000 2875.3940   13.2027
    0.0000  -22.5000    7.5000 2906.7859   12.9752
    7.5000  -22.5000    7.5000 2870.0405   13.1667
   -7.5000  -15.0000    7.5000 2919.4077   12.9783
    0.0000  -15.0000    7.5000 2940.6511   12.6819
    7.5000  -15.0000    7.5000 2908.9482   12.9656
   -7.5000   -7.5000    7.5000 2919.0042   13.1890
    0.0000   -7.5000    7.5000 2947.6123   12.9098
    7.5000   -7.5000    7.5000 2906.9119   13.0907
   -7.5000    0.0000    7.5000 2869.9128   13.7134
    0.0000    0.0000    7.5000 2894.8643   13.4674
    7.5000    0.0000    7.5000 2860.3884   13.5943
   -7.5000    7.5000    7.5000 2787.0315   14.5734
    0.0000    7.5000    7.5000 2806.8276   14.3750
    7.5000    7.5000    7.5000 2768.5005   14.4572
   -7.5000   15.0000    7.5000 2668.3384   15.7728
    0.0000   15.0000    7.5000 2679.5002   15.5866
    7.5000   15.0000    7.5000 2643.6487   15.7153
   -7.5000   22.5000    7.5000 2529.6660   17.3574
    0.0000   22.5000    7.5000 2540.6787   17.1941
    7.5000   22.5000    7.5000 2500.0203   17.3839
   -7.5000   30.0000    7.5000 2378.0925   19.3828
    0.0000   30.0000    7.5000 2384.1819   19.2221
    7.5000   30.0000    7.5000 2344.5444   19.4853
   -7.5000   37.5000    7.5000 2186.3999   21.7439
    0.0000   37.5000    7.5000 2190.0325   21.6084
    7.5000   37.5000    7.5000 2160.7151   21.9493
   -7.5000   45.0000    7.5000 1963.6801   24.3525
    0.0000   45.0000    7.5000 1969.6431   24.1977
    7.5000   45.0000    7.5000 1938.8708   24.6308
   -7.5000  -45.0000   15.0000 2581.4697   15.6910
    0.0000  -45.0000   15.0000 2618.1516   15.1931
    7.5000  -45.0000   15.0000 2610.2737   15.2882
   -7.5000  -37.5000   15.0000 2710.0122   14.4220
    0.0000  -37.5000   15.0000 2744.8779   13.9642
    7.5000  -37.5000   15.0000 2725.4211   14.0888
   -7.5000  -30.0000   15.0000 2818.0430   13.5406
    0.0000  -30.0000   15.0000 2846.5513   13.1318
    7.5000  -30.0000   15.0000 2823.9255   13.2384
   -7.5000  -22.5000   15.0000 2894.3081   12.9397
    0.0000  -22.5000   15.0000 2917.8359   12.5156
    7.5000  -22.5000   15.0000 2890.5977   12.7440
   -7.5000  -15.0000   15.0000 2942.4583   12.6965
    0.0000  -15.0000   15.0000 2962.9199   12.2855
    7.5000  -15.0000   15.0000 2936.5632   12.5584
   -7.5000   -7.5000   15.0000 2945.9709   12.8965
    0.0000   -7.5000   15.0000 2970.0801   12.5500
    7.5000   -7.5000   15.0000 2937.9375   12.7809
   -7.5000    0.0000   15.0000 2892.4707   13.4845
    0.0000    0.0000   15.0000 2911.8474   13.1901
    7.5000    0.0000   15.0000 2888.6545   13.3830
   -7.5000    7.5000   15.0000 2801.4824   14.3543
    0.0000    7.5000   15.0000 2815.1458   14.1150
    7.5000    7.5000   15.0000 2792.1172   14.2845
   -7.5000   15.0000   15.0000 2677.3677   15.5533
    0.0000   15.0000   15.0000 2689.2778   15.3110
    7.5000   15.0000   15.0000 2657.6482   15.5026
   -7.5000   22.5000   15.0000 2538.5996   17.1050
    0.0000   22.5000   15.0000 2545.7314   16.8698
    7.5000   22.5000   15.0000 2509.1643   17.1295
   -7.5000   30.0000   15.0000 2382.6897   19.0880
    0.0000   30.0000   15.0000 2387.1489   18.8807
    7.5000   30.0000   15.0000 2352.9885   19.1980
   -7.5000   37.5000   15.0000 2184.5173   21.4289
    0.0000   37.5000   15.0000 2187.1589   21.1742
    7.5000   37.5000   15.0000 2158.3767   21.5953
   -7.5000   45.0000   15.0000 1967.2352   24.0467
    0.0000   45.0000   15.0000 1966.3553   23.7520
    7.5000   45.0000   15.0000 1940.0507   24.2570
   -7.5000  -45.0000   22.5000 2595.9089   15.7707
    0.0000  -45.0000   22.5000 2633.6824   15.2299
    7.5000  -45.0000   22.5000 2621.4714   15.2628
   -7.5000  -37.5000   22.5000 2721.8181   14.4962
    0.0000  -37.5000   22.5000 2755.0750   13.9822
    7.5000  -37.5000   22.5000 2737.0034   14.0540
   -7.5000  -30.0000   22.5000 2825.7756   13.5853
    0.0000  -30.0000   22.5000 2843.3840   13.0634
    7.5000  -30.0000   22.5000 2827.1851   13.1914
   -7.5000  -22.5000   22.5000 2897.9895   13.0251
    0.0000  -22.5000   22.5000 2915.6086   12.5263
    7.5000  -22.5000   22.5000 2894.5811   12.7085
   -7.5000  -15.0000   22.5000 2943.8186   12.8664
    0.0000  -15.0000   22.5000 2957.0320   12.4189
    7.5000  -15.0000   22.5000 2934.5120   12.6291
   -7.5000   -7.5000   22.5000 2938.9978   13.0205
    0.0000   -7.5000   22.5000 2952.9761   12.6567
    7.5000   -7.5000   22.5000 2928.3320   12.8744
   -7.5000    0.0000   22.5000 2879.8921   13.5288
    0.0000    0.0000   22.5000 2895.0623   13.2468
    7.5000    0.0000   22.5000 2873.6741   13.4622
   -7.5000    7.5000   22.5000 2784.1643   14.3435
    0.0000    7.5000   22.5000 2805.3184   14.1356
    7.5000    7.5000   22.5000 2779.4329   14.3434
   -7.5000   15.0000   22.5000 2657.2053   15.4962
    0.0000   15.0000   22.5000 2677.2007   15.3185
    7.5000   15.0000   22.5000 2645.4692   15.5141
   -7.5000   22.5000   22.5000 2518.4641   17.0020
    0.0000   22.5000   22.5000 2530.6973   16.8267
    7.5000   22.5000   22.5000 2500.2505   17.0601
   -7.5000   30.0000   22.5000 2363.3208   18.9929
    0.0000   30.0000   22.5000 2368.6143   18.8141
    7.5000   30.0000   22.5000 2336.4707   19.0962
   -7.5000   37.5000   22.5000 2169.4851   21.3879
    0.0000   37.5000   22.5000 2171.8562   21.1776
    7.5000   37.5000   22.5000 2146.3164   21.5274
   -7.5000   45.0000   22.5000 1956.2445   24.0558
    0.0000   45.0000   22.5000 1960.4677   23.8089
    7.5000   45.0000   22.5000 1937.4346   24.2345
   -7.5000  -45.0000   30.0000 2591.3054   16.0162
    0.0000  -45.0000   30.0000 2629.6304   15.5190
    7.5000  -45.0000   30.0000 2622.4631   15.5555
   -7.5000  -37.5000   30.0000 2712.6284   14.7961
    0.0000  -37.5000   30.0000 2744.4045   14.3410
    7.5000  -37.5000   30.0000 2732.9558   14.3837
   -7.5000  -30.0000   30.0000 2811.0464   13.9337
    0.0000  -30.0000   30.0000 2837.2549   13.4948
    7.5000  -30.0000   30.0000 2819.1169   13.5790
   -7.5000  -22.5000   30.0000 2879.4585   13.3973
    0.0000  -22.5000   30.0000 2904.5654   13.0571
    7.5000  -22.5000   30.0000 2879.6536   13.1296
   -7.5000  -15.0000   30.0000 2914.8083   13.2645
    0.0000  -15.0000   30.0000 2933.2834   12.9577
    7.5000  -15.0000   30.0000 2903.3235   13.0439
   -7.5000   -7.5000   30.0000 2893.4673   13.4412
    0.0000   -7.5000   30.0000 2912.6440   13.1518
    7.5000   -7.5000   30.0000 2883.5947   13.2496
   -7.5000    0.0000   30.0000 2829.9163   13.8968
    0.0000    0.0000   30.0000 2848.7322   13.6522
    7.5000    0.0000   30.0000 2823.1387   13.7679
   -7.5000    7.5000   30.0000 2736.4695   14.6837
    0.0000    7.5000   30.0000 2759.8916   14.4796
    7.5000    7.5000   30.0000 2734.3203   14.6428
   -7.5000   15.0000   30.0000 2622.2537   15.7896
    0.0000   15.0000   30.0000 2640.0444   15.6331
    7.5000   15.0000   30.0000 2611.4785   15.8279
   -7.5000   22.5000   30.0000 2484.4448   17.2916
    0.0000   22.5000   30.0000 2497.1521   17.1309
    7.5000   22.5000   30.0000 2472.1340   17.3738
   -7.5000   30.0000   30.0000 2326.3521   19.2840
    0.0000   30.0000   30.0000 2335.9480   19.0690
    7.5000   30.0000   30.0000 2314.6990   19.3684
   -7.5000   37.5000   30.0000 2140.8206   21.6559
    0.0000   37.5000   30.0000 2149.4609   21.4110
    7.5000   37.5000   30.0000 2128.9993   21.7421
   -7.5000   45.0000   30.0000 1937.3961   24.3199
    0.0000   45.0000   30.0000 1944.3959   24.0339
    7.5000   45.0000   30.0000 1922.2236   24.4521
   -7.5000  -45.0000   37.5000 2567.2100   16.4751
    0.0000  -45.0000   37.5000 2606.3066   16.0582
    7.5000  -45.0000   37.5000 2602.8721   16.1136
   -7.5000  -37.5000   37.5000 2683.7595   15.2913
    0.0000  -37.5000   37.5000 2719.4729   14.8980
    7.5000  -37.5000   37.5000 2712.5229   14.9607
   -7.5000  -30.0000   37.5000 2777.3005   14.4552
    0.0000  -30.0000   37.5000 2806.3713   14.0971
    7.5000  -30.0000   37.5000 2790.7493   14.1886
   -7.5000  -22.5000   37.5000 2835.3669   13.9605
    0.0000  -22.5000   37.5000 2860.5315   13.6527
    7.5000  -22.5000   37.5000 2841.2073   13.7364
   -7.5000  -15.0000   37.5000 2862.1873   13.8596
    0.0000  -15.0000   37.5000 2877.8674   13.5391
    7.5000  -15.0000   37.5000 2852.1584   13.6337
   -7.5000   -7.5000   37.5000 2832.0261   14.0272
    0.0000   -7.5000   37.5000 2847.9429   13.7182
    7.5000   -7.5000   37.5000 2823.4739   13.7712
   -7.5000    0.0000   37.5000 2764.2756   14.4768
    0.0000    0.0000   37.5000 2781.9451   14.2003
    7.5000    0.0000   37.5000 2755.4338   14.2734
   -7.5000    7.5000   37.5000 2670.4224   15.2434
    0.0000    7.5000   37.5000 2691.7336   15.0229
    7.5000    7.5000   37.5000 2668.8589   15.1341
   -7.5000   15.0000   37.5000 2560.8767   16.3819
    0.0000   15.0000   37.5000 2571.8555   16.1931
    7.5000   15.0000   37.5000 2550.6453   16.3175
   -7.5000   22.5000   37.5000 2427.1418   17.8602
    0.0000   22.5000   37.5000 2435.9905   17.6676
    7.5000   22.5000   37.5000 2414.9216   17.8760
   -7.5000   30.0000   37.5000 2275.5833   19.8294
    0.0000   30.0000   37.5000 2287.3579   19.5986
    7.5000   30.0000   37.5000 2268.7205   19.8820
   -7.5000   37.5000   37.5000 2106.4312   22.2014
    0.0000   37.5000   37.5000 2111.4666   21.9389
    7.5000   37.5000   37.5000 2094.6614   22.2758
   -7.5000   45.0000   37.5000 1909.7263   24.9239
    0.0000   45.0000   37.5000 1912.3757   24.5782
    7.5000   45.0000   37.5000 1897.2125   24.9947
   -7.5000  -45.0000   45.0000 2504.4509   16.9958
    0.0000  -45.0000   45.0000 2548.3535   16.6117
    7.5000  -45.0000   45.0000 2545.8027   16.6502
   -7.5000  -37.5000   45.0000 2612.1516   15.8385
    0.0000  -37.5000   45.0000 2654.5083   15.4696
    7.5000  -37.5000   45.0000 2648.7141   15.5562
   -7.5000  -30.0000   45.0000 2700.3501   15.0194
    0.0000  -30.0000   45.0000 2731.3325   14.7134
    7.5000  -30.0000   45.0000 2715.9456   14.8084
   -7.5000  -22.5000   45.0000 2748.5085   14.5782
    0.0000  -22.5000   45.0000 2770.9675   14.2972
    7.5000  -22.5000   45.0000 2750.6062   14.3652
   -7.5000  -15.0000   45.0000 2763.5496   14.4833
    0.0000  -15.0000   45.0000 2780.4268   14.1709
    7.5000  -15.0000   45.0000 2759.0840   14.2448
   -7.5000   -7.5000   45.0000 2728.2844   14.6334
    0.0000   -7.5000   45.0000 2747.1819   14.3409
    7.5000   -7.5000   45.0000 2729.5708   14.3762
   -7.5000    0.0000   45.0000 2664.0813   15.1095
    0.0000    0.0000   45.0000 2682.2834   14.8205
    7.5000    0.0000   45.0000 2659.7136   14.8793
   -7.5000    7.5000   45.0000 2575.4990   15.9227
    0.0000    7.5000   45.0000 2591.5837   15.6439
    7.5000    7.5000   45.0000 2571.4534   15.7532
   -7.5000   15.0000   45.0000 2466.6956   17.0228
    0.0000   15.0000   45.0000 2476.1196   16.8098
    7.5000   15.0000   45.0000 2457.2634   16.9632
   -7.5000   22.5000   45.0000 2337.9802   18.5368
    0.0000   22.5000   45.0000 2346.0037   18.3218
    7.5000   22.5000   45.0000 2326.7603   18.5032
   -7.5000   30.0000   45.0000 2203.9688   20.5535
    0.0000   30.0000   45.0000 2211.4236   20.2714
    7.5000   30.0000   45.0000 2192.0012   20.5198
   -7.5000   37.5000   45.0000 2038.7654   22.9437
    0.0000   37.5000   45.0000 2043.0190   22.6283
    7.5000   37.5000   45.0000 2024.8657   22.9773
   -7.5000   45.0000   45.0000 1843.8672   25.6470
    0.0000   45.0000   45.0000 1850.5864   25.3335
    7.5000   45.0000   45.0000 1838.4856   25.7015

---------------------------------------------------------------------
imgreg_4dfp /opt/freesurfer/average/711-2C_as_mni_average_305 /opt/freesurfer/average/711-2B_as_mni_average_305_mask talsrcimg_g11 none talsrcimg_to_711-2C_as_mni_average_305_t4 1283
---------------------------------------------------------------------

freesurfer imgreg_4dfp.c
/opt/freesurfer/average/711-2C_as_mni_average_305.4dfp.img
       256       256       256         1
  1.000000  1.000000  1.000000
orientation T byte_order littleendian
Reading image: /opt/freesurfer/average/711-2C_as_mni_average_305.4dfp.img
dimensions:      256       256       256
mmppix:       1.0000   -1.0000   -1.0000
center:     128.0000 -129.0000 -129.0000
/opt/freesurfer/average/711-2B_as_mni_average_305_mask.4dfp.img
       256       256       256         1
  1.000000  1.000000  1.000000
orientation T byte_order littleendian
Reading mask: /opt/freesurfer/average/711-2B_as_mni_average_305_mask.4dfp.img (2306576 pixels)
talsrcimg_g11.4dfp.img
       256       256       256         1
  0.900000  0.900000  0.900000
orientation T byte_order littleendian
Reading image: talsrcimg_g11.4dfp.img
dimensions:      256       256       256
mmppix:       0.9000   -0.9000   -0.9000
center:     115.2000 -116.1000 -116.1000
rotation matrix determinant  1.000000
fimgreg.f
image alignment mode   1283 decimal      503 hex
parameters
    0.0000   -7.5000   15.0000    0.0000    0.0000    0.0000
eta,q 0.93226 12.48688
niter,ni,del,rscale     5    3   12.0000    1.2000
parameter  3 -0.106546 ->  0.500000 qaram    1.1500
parameter  5 -0.740002 -> -0.500000 qaram    1.1500
parameter  6 -1.094717 -> -0.500000 qaram    1.1500
parameters
   -1.1701   -9.6375   11.5500    1.8740    3.4500    3.4500
eta,q 0.93329 12.38195
  0.0730  0.0726  0.0694  0.0737  0.0714  0.0709
  0.0716  0.0715  0.0679  0.0709  0.0704  0.0693
  0.0711  0.0709  0.0681  0.0685  0.0694  0.0680
  0.0708  0.0712  0.0710  0.0677  0.0684  0.0674
  0.0702  0.0731  0.0730  0.0685  0.0677  0.0671
  0.0734  0.0762  0.0702  0.0686  0.0674  0.0665
  0.0789  0.0814  0.0677  0.0688  0.0681  0.0660
niter,ni,del,rscale     7    3   12.0000    1.2000
parameter  4 -0.587467 -> -0.500000 qaram    1.1500
parameter  6-17.405300 -> -0.500000 qaram    1.3225
parameters
   -2.0738  -10.1921   13.9198    5.3240    0.3467    7.4175
eta,q 0.93828 12.33318
  0.0710  0.0704  0.0789  0.0731  0.0652  0.0678
  0.0674  0.0691  0.0726  0.0700  0.0644  0.0667
  0.0658  0.0680  0.0685  0.0679  0.0645  0.0655
  0.0667  0.0662  0.0667  0.0665  0.0653  0.0644
  0.0680  0.0658  0.0665  0.0654  0.0660  0.0630
  0.0702  0.0690  0.0684  0.0653  0.0673  0.0613
  0.0742  0.0750  0.0680  0.0658  0.0706  0.0610
niter,ni,del,rscale     7    3   12.0000    1.2000
parameters
   -0.0499  -11.8967   16.3711    7.5764    1.3344   10.3632
eta,q 0.93824 12.09877
  0.0734  0.0649  0.0682  0.0724  0.0656  0.0664
  0.0666  0.0645  0.0647  0.0703  0.0637  0.0644
  0.0639  0.0627  0.0632  0.0664  0.0624  0.0626
  0.0617  0.0619  0.0624  0.0626  0.0616  0.0613
  0.0618  0.0644  0.0625  0.0616  0.0610  0.0617
  0.0625  0.0687  0.0636  0.0634  0.0617  0.0618
  0.0634  0.0747  0.0627  0.0661  0.0643  0.0622
niter,ni,del,rscale     6    3   12.0000    1.2000
parameters
    1.5462  -13.1609   15.1182    8.7748    0.5031   10.0094
eta,q 0.94145 12.09192
  0.0660  0.0657  0.0608  0.0682  0.0624  0.0633
  0.0627  0.0634  0.0594  0.0657  0.0604  0.0611
  0.0624  0.0604  0.0593  0.0626  0.0589  0.0587
  0.0618  0.0601  0.0598  0.0592  0.0588  0.0587
  0.0599  0.0632  0.0608  0.0594  0.0598  0.0602
  0.0607  0.0680  0.0601  0.0617  0.0616  0.0617
  0.0628  0.0736  0.0612  0.0647  0.0649  0.0637
niter,ni,del,rscale     5    3   12.0000    1.2000
parameters
    1.2158  -14.0005   16.3014    9.4472    1.3083    9.1346
eta,q 0.94151 12.02870
  0.0625  0.0657  0.0613  0.0687  0.0633  0.0632
  0.0606  0.0632  0.0590  0.0657  0.0620  0.0610
  0.0602  0.0598  0.0592  0.0625  0.0610  0.0586
  0.0585  0.0589  0.0587  0.0595  0.0595  0.0590
  0.0580  0.0617  0.0606  0.0606  0.0587  0.0611
  0.0607  0.0659  0.0601  0.0635  0.0601  0.0627
  0.0649  0.0709  0.0591  0.0663  0.0628  0.0644
niter,ni,del,rscale     4    3   12.0000    1.2000
parameters
    0.9677  -14.4428   17.2915    9.9466    1.9103    8.6884
eta,q 0.94140 12.01135
  0.0623  0.0671  0.0600  0.0686  0.0637  0.0642
  0.0614  0.0641  0.0599  0.0662  0.0629  0.0622
  0.0606  0.0600  0.0592  0.0624  0.0617  0.0596
  0.0585  0.0587  0.0586  0.0592  0.0593  0.0587
  0.0584  0.0615  0.0596  0.0607  0.0586  0.0606
  0.0609  0.0655  0.0587  0.0639  0.0605  0.0630
  0.0645  0.0700  0.0598  0.0671  0.0640  0.0652
niter,ni,del,rscale     3    3   12.0000    1.2000
parameters
    0.5676  -14.7881   17.5647   10.2951    2.0156    8.3768
eta,q 0.94121 11.99913
  0.0624  0.0682  0.0603  0.0682  0.0637  0.0644
  0.0619  0.0647  0.0605  0.0661  0.0626  0.0624
  0.0605  0.0601  0.0586  0.0617  0.0612  0.0601
  0.0586  0.0588  0.0587  0.0588  0.0589  0.0588
  0.0595  0.0617  0.0586  0.0607  0.0588  0.0604
  0.0617  0.0660  0.0587  0.0640  0.0613  0.0629
  0.0647  0.0704  0.0610  0.0675  0.0649  0.0653
niter,ni,del,rscale     2    3   12.0000    1.2000
parameters
    0.3414  -15.0797   17.7941   10.5634    2.0125    8.2244
eta,q 0.94106 11.99213
  0.0626  0.0685  0.0606  0.0682  0.0638  0.0646
  0.0618  0.0650  0.0606  0.0661  0.0623  0.0626
  0.0607  0.0604  0.0585  0.0614  0.0610  0.0606
  0.0588  0.0588  0.0588  0.0588  0.0589  0.0589
  0.0594  0.0616  0.0584  0.0608  0.0590  0.0602
  0.0617  0.0660  0.0589  0.0642  0.0615  0.0628
  0.0641  0.0704  0.0613  0.0676  0.0650  0.0653
niter,ni,del,rscale     1    3   12.0000    1.2000
parameters
    0.1880  -15.3277   17.9354   10.7728    1.9687    8.1187
eta,q 0.94088 11.98697
  0.0629  0.0686  0.0609  0.0681  0.0639  0.0647
  0.0617  0.0651  0.0605  0.0659  0.0620  0.0628
  0.0608  0.0607  0.0585  0.0612  0.0609  0.0609
  0.0589  0.0590  0.0590  0.0590  0.0591  0.0591
  0.0594  0.0615  0.0583  0.0610  0.0592  0.0601
  0.0618  0.0660  0.0590  0.0643  0.0616  0.0628
  0.0639  0.0704  0.0615  0.0677  0.0649  0.0654
registration optimization eta report
parameter search radius
    6.0000    6.0000    6.9000    6.9000    6.9000    7.9350
100000*second partial in parameter space
       11.       28.        6.       17.       11.        9.
  0.0629  0.0686  0.0609  0.0681  0.0639  0.0647
  0.0617  0.0651  0.0605  0.0659  0.0620  0.0628
  0.0608  0.0607  0.0585  0.0612  0.0609  0.0609
  0.0589  0.0590  0.0590  0.0590  0.0591  0.0591
  0.0594  0.0615  0.0583  0.0610  0.0592  0.0601
  0.0618  0.0660  0.0590  0.0643  0.0616  0.0628
  0.0639  0.0704  0.0615  0.0677  0.0649  0.0654
    0.1880  -15.3277   17.9354   10.7728    1.9687    8.1187
eta,q 0.94088 11.98697

---------------------------------------------------------------------
imgreg_4dfp /opt/freesurfer/average/711-2C_as_mni_average_305 /opt/freesurfer/average/711-2B_as_mni_average_305_mask talsrcimg_g11 none talsrcimg_to_711-2C_as_mni_average_305_t4 3335
---------------------------------------------------------------------

freesurfer imgreg_4dfp.c
/opt/freesurfer/average/711-2C_as_mni_average_305.4dfp.img
       256       256       256         1
  1.000000  1.000000  1.000000
orientation T byte_order littleendian
Reading image: /opt/freesurfer/average/711-2C_as_mni_average_305.4dfp.img
dimensions:      256       256       256
mmppix:       1.0000   -1.0000   -1.0000
center:     128.0000 -129.0000 -129.0000
/opt/freesurfer/average/711-2B_as_mni_average_305_mask.4dfp.img
       256       256       256         1
  1.000000  1.000000  1.000000
orientation T byte_order littleendian
Reading mask: /opt/freesurfer/average/711-2B_as_mni_average_305_mask.4dfp.img (2306576 pixels)
talsrcimg_g11.4dfp.img
       256       256       256         1
  0.900000  0.900000  0.900000
orientation T byte_order littleendian
Reading image: talsrcimg_g11.4dfp.img
dimensions:      256       256       256
mmppix:       0.9000   -0.9000   -0.9000
center:     115.2000 -116.1000 -116.1000
fimgreg.f
image alignment mode   3335 decimal      D07 hex
parameters
    0.1880  -15.3277   17.9354   -1.0607   -2.8376   -1.8204
  -14.5092   -0.7014   14.1141  -18.9807    3.4354   18.6804
eta,q 0.94476 12.04031
niter,ni,del,rscale     5    3    5.0000    1.2000
parameter  4 10.643007 ->  0.500000 qaram    1.1500
parameter  5  2.253114 ->  0.500000 qaram    1.1500
parameter  6********** ->  0.500000 qaram    1.1500
parameter 11  0.579840 ->  0.500000 qaram    1.1500
parameter 12  1.641725 ->  0.500000 qaram    1.1500
parameters
    0.6001  -15.7745   17.4911   -5.2007   -6.9776   -5.9604
  -15.3981    2.6768   11.6387  -17.2208   -0.7046   14.5404
eta,q 0.96032 11.40899
  0.0566  0.0561  0.0554  0.0461  0.0430  0.0388  0.0427  0.0451  0.0416  0.0449  0.0409  0.0392
  0.0560  0.0554  0.0553  0.0492  0.0450  0.0410  0.0421  0.0435  0.0412  0.0431  0.0408  0.0396
  0.0556  0.0551  0.0551  0.0523  0.0475  0.0434  0.0417  0.0423  0.0411  0.0417  0.0409  0.0401
  0.0552  0.0552  0.0551  0.0551  0.0501  0.0456  0.0417  0.0416  0.0412  0.0411  0.0410  0.0408
  0.0552  0.0555  0.0552  0.0581  0.0531  0.0482  0.0420  0.0413  0.0417  0.0410  0.0411  0.0418
  0.0554  0.0562  0.0555  0.0613  0.0569  0.0505  0.0426  0.0412  0.0425  0.0414  0.0414  0.0428
  0.0560  0.0571  0.0559  0.0650  0.0611  0.0527  0.0433  0.0417  0.0436  0.0424  0.0418  0.0440
niter,ni,del,rscale     7    3    5.0000    1.2000
parameter  3  1.059801 ->  0.500000 qaram    1.1500
parameter  4  5.163938 ->  0.500000 qaram    1.3225
parameter  5  1.712427 ->  0.500000 qaram    1.3225
parameter  6  0.705436 ->  0.500000 qaram    1.3225
parameter 12  0.626110 ->  0.500000 qaram    1.3225
parameters
    0.8723  -15.2955   16.1111   -9.9617  -11.7386  -10.7214
  -13.2363    2.7027   13.7777  -16.8323    2.4166    9.7794
eta,q 0.97511 11.15693
  0.0420  0.0420  0.0388  0.0289  0.0269  0.0273  0.0300  0.0315  0.0286  0.0298  0.0300  0.0251
  0.0408  0.0409  0.0387  0.0314  0.0282  0.0265  0.0284  0.0290  0.0275  0.0277  0.0283  0.0249
  0.0400  0.0401  0.0390  0.0348  0.0300  0.0267  0.0271  0.0270  0.0266  0.0264  0.0269  0.0250
  0.0397  0.0397  0.0396  0.0387  0.0323  0.0287  0.0264  0.0261  0.0261  0.0259  0.0259  0.0255
  0.0398  0.0396  0.0404  0.0429  0.0350  0.0329  0.0261  0.0267  0.0259  0.0261  0.0255  0.0264
  0.0403  0.0400  0.0412  0.0469  0.0382  0.0371  0.0264  0.0287  0.0262  0.0272  0.0258  0.0276
  0.0411  0.0407  0.0421  0.0508  0.0421  0.0411  0.0273  0.0316  0.0268  0.0291  0.0266  0.0292
niter,ni,del,rscale     7    3    5.0000    1.2000
parameter  4  0.548940 ->  0.500000 qaram    1.5209
parameters
    1.2801  -15.8644   15.0579  -15.4369  -14.5977   -9.9804
  -14.9121    2.1421   15.3025  -16.6567    2.4378   11.0749
eta,q 0.97835 11.09372
  0.0293  0.0260  0.0252  0.0240  0.0248  0.0273  0.0235  0.0257  0.0244  0.0251  0.0233  0.0244
  0.0272  0.0250  0.0245  0.0230  0.0232  0.0254  0.0224  0.0233  0.0232  0.0232  0.0224  0.0233
  0.0257  0.0246  0.0243  0.0228  0.0224  0.0238  0.0219  0.0220  0.0224  0.0221  0.0219  0.0223
  0.0249  0.0248  0.0246  0.0243  0.0229  0.0224  0.0221  0.0219  0.0219  0.0218  0.0218  0.0218
  0.0249  0.0254  0.0255  0.0276  0.0245  0.0211  0.0229  0.0226  0.0218  0.0220  0.0219  0.0216
  0.0256  0.0265  0.0268  0.0322  0.0270  0.0222  0.0241  0.0243  0.0221  0.0230  0.0224  0.0222
  0.0271  0.0280  0.0287  0.0372  0.0301  0.0277  0.0257  0.0269  0.0229  0.0248  0.0232  0.0235
niter,ni,del,rscale     7    3    5.0000    1.2000
parameters
    1.4644  -15.5838   15.0935  -16.3852  -14.9238  -10.2497
  -15.3499    2.2890   15.4764  -16.5527    1.9311   10.9524
eta,q 0.97808 11.04820
  0.0252  0.0247  0.0236  0.0263  0.0261  0.0265  0.0243  0.0263  0.0237  0.0250  0.0231  0.0240
  0.0234  0.0231  0.0226  0.0244  0.0240  0.0246  0.0229  0.0238  0.0228  0.0233  0.0224  0.0230
  0.0222  0.0221  0.0219  0.0228  0.0224  0.0231  0.0221  0.0222  0.0222  0.0223  0.0220  0.0223
  0.0217  0.0216  0.0216  0.0216  0.0218  0.0218  0.0219  0.0219  0.0219  0.0219  0.0219  0.0219
  0.0218  0.0217  0.0218  0.0219  0.0225  0.0210  0.0224  0.0224  0.0221  0.0222  0.0222  0.0221
  0.0227  0.0223  0.0224  0.0248  0.0243  0.0235  0.0234  0.0236  0.0227  0.0232  0.0226  0.0229
  0.0243  0.0235  0.0236  0.0298  0.0268  0.0290  0.0249  0.0258  0.0236  0.0249  0.0234  0.0243
niter,ni,del,rscale     6    3    5.0000    1.2000
parameters
    1.5590  -15.5107   15.1733  -16.4877  -14.9926  -10.2491
  -15.4436    2.3825   15.5996  -16.4935    1.7292   10.8638
eta,q 0.97807 11.04142
  0.0250  0.0244  0.0238  0.0269  0.0263  0.0267  0.0245  0.0263  0.0237  0.0250  0.0233  0.0240
  0.0234  0.0231  0.0229  0.0248  0.0242  0.0247  0.0231  0.0237  0.0228  0.0233  0.0224  0.0230
  0.0224  0.0222  0.0222  0.0232  0.0226  0.0232  0.0222  0.0222  0.0222  0.0223  0.0220  0.0223
  0.0219  0.0219  0.0219  0.0219  0.0219  0.0219  0.0219  0.0219  0.0219  0.0219  0.0219  0.0219
  0.0221  0.0221  0.0220  0.0216  0.0225  0.0211  0.0223  0.0225  0.0221  0.0222  0.0221  0.0221
  0.0230  0.0229  0.0226  0.0239  0.0242  0.0231  0.0232  0.0237  0.0227  0.0232  0.0226  0.0229
  0.0247  0.0242  0.0237  0.0284  0.0266  0.0285  0.0246  0.0258  0.0236  0.0249  0.0233  0.0243
niter,ni,del,rscale     5    3    5.0000    1.2000
parameters
    1.5804  -15.4987   15.1866  -16.4950  -15.0126  -10.2367
  -15.4755    2.4107   15.6566  -16.4814    1.6851   10.8428
eta,q 0.97807 11.04090
  0.0249  0.0243  0.0238  0.0270  0.0264  0.0267  0.0245  0.0262  0.0237  0.0249  0.0233  0.0240
  0.0233  0.0230  0.0228  0.0249  0.0243  0.0247  0.0231  0.0236  0.0228  0.0232  0.0225  0.0230
  0.0223  0.0222  0.0222  0.0232  0.0226  0.0232  0.0222  0.0222  0.0222  0.0222  0.0220  0.0223
  0.0219  0.0219  0.0219  0.0219  0.0219  0.0219  0.0219  0.0219  0.0219  0.0219  0.0219  0.0219
  0.0222  0.0222  0.0221  0.0216  0.0225  0.0211  0.0222  0.0225  0.0221  0.0222  0.0221  0.0221
  0.0232  0.0230  0.0227  0.0238  0.0241  0.0231  0.0232  0.0238  0.0227  0.0232  0.0226  0.0228
  0.0249  0.0243  0.0238  0.0283  0.0265  0.0284  0.0246  0.0259  0.0237  0.0249  0.0233  0.0243
registration optimization eta report
parameter search radius
    2.4000    2.4000    2.7600   10.9503    9.5220    9.5220
    7.2000    7.2000    7.2000    7.2000    8.2800    9.5220
100000*second partial in parameter space
       51.       41.       25.        5.        5.        6.
        5.        8.        3.        6.        2.        2.
  0.0249  0.0243  0.0238  0.0270  0.0264  0.0267  0.0245  0.0262  0.0237  0.0249  0.0233  0.0240
  0.0233  0.0230  0.0228  0.0249  0.0243  0.0247  0.0231  0.0236  0.0228  0.0232  0.0225  0.0230
  0.0223  0.0222  0.0222  0.0232  0.0226  0.0232  0.0222  0.0222  0.0222  0.0222  0.0220  0.0223
  0.0219  0.0219  0.0219  0.0219  0.0219  0.0219  0.0219  0.0219  0.0219  0.0219  0.0219  0.0219
  0.0222  0.0222  0.0221  0.0216  0.0225  0.0211  0.0222  0.0225  0.0221  0.0222  0.0221  0.0221
  0.0232  0.0230  0.0227  0.0238  0.0241  0.0231  0.0232  0.0238  0.0227  0.0232  0.0226  0.0228
  0.0249  0.0243  0.0238  0.0283  0.0265  0.0284  0.0246  0.0259  0.0237  0.0249  0.0233  0.0243
    1.5804  -15.4987   15.1866  -16.4950  -15.0126  -10.2367
  -15.4755    2.4107   15.6566  -16.4814    1.6851   10.8428
eta,q 0.97807 11.04090

---------------------------------------------------------------------
imgreg_4dfp /opt/freesurfer/average/711-2C_as_mni_average_305 /opt/freesurfer/average/711-2B_as_mni_average_305_mask talsrcimg_g11 none talsrcimg_to_711-2C_as_mni_average_305_t4 2311
---------------------------------------------------------------------

freesurfer imgreg_4dfp.c
/opt/freesurfer/average/711-2C_as_mni_average_305.4dfp.img
       256       256       256         1
  1.000000  1.000000  1.000000
orientation T byte_order littleendian
Reading image: /opt/freesurfer/average/711-2C_as_mni_average_305.4dfp.img
dimensions:      256       256       256
mmppix:       1.0000   -1.0000   -1.0000
center:     128.0000 -129.0000 -129.0000
/opt/freesurfer/average/711-2B_as_mni_average_305_mask.4dfp.img
       256       256       256         1
  1.000000  1.000000  1.000000
orientation T byte_order littleendian
Reading mask: /opt/freesurfer/average/711-2B_as_mni_average_305_mask.4dfp.img (2306576 pixels)
talsrcimg_g11.4dfp.img
       256       256       256         1
  0.900000  0.900000  0.900000
orientation T byte_order littleendian
Reading image: talsrcimg_g11.4dfp.img
dimensions:      256       256       256
mmppix:       0.9000   -0.9000   -0.9000
center:     115.2000 -116.1000 -116.1000
fimgreg.f
image alignment mode   2311 decimal      907 hex
parameters
    1.5804  -15.4987   15.1866  -16.4950  -15.0126  -10.2367
  -15.4755    2.4107   15.6566  -16.4814    1.6851   10.8428
eta,q 0.97807 11.04090
niter,ni,del,rscale     5    3    5.0000    0.8000
parameter  6 -0.566068 -> -0.500000 qaram    1.1500
parameters
    1.6221  -15.4942   15.2863  -14.1297  -15.3291   -7.4767
  -15.1586    2.9473   15.1372  -16.7665    2.8141    9.7547
eta,q 0.97934 11.13382
  0.0233  0.0230  0.0226  0.0237  0.0228  0.0237  0.0226  0.0245  0.0216  0.0223  0.0222  0.0212
  0.0226  0.0224  0.0223  0.0230  0.0220  0.0229  0.0217  0.0228  0.0211  0.0214  0.0215  0.0208
  0.0221  0.0221  0.0220  0.0224  0.0216  0.0222  0.0211  0.0215  0.0208  0.0209  0.0210  0.0207
  0.0219  0.0219  0.0219  0.0219  0.0215  0.0215  0.0208  0.0208  0.0208  0.0208  0.0208  0.0207
  0.0220  0.0220  0.0220  0.0216  0.0217  0.0210  0.0210  0.0209  0.0210  0.0210  0.0207  0.0209
  0.0224  0.0224  0.0221  0.0215  0.0223  0.0209  0.0214  0.0218  0.0214  0.0217  0.0209  0.0214
  0.0232  0.0230  0.0225  0.0220  0.0231  0.0215  0.0222  0.0233  0.0220  0.0227  0.0213  0.0221
niter,ni,del,rscale     5    3    5.0000    0.8000
parameters
    1.4486  -15.5156   15.1792  -14.7240  -15.1888   -8.2727
  -15.3246    2.4572   15.1910  -16.4285    2.7322   10.1474
eta,q 0.97916 11.12246
  0.0220  0.0218  0.0215  0.0221  0.0223  0.0230  0.0222  0.0231  0.0218  0.0227  0.0216  0.0217
  0.0212  0.0212  0.0210  0.0214  0.0215  0.0221  0.0214  0.0217  0.0213  0.0217  0.0212  0.0213
  0.0207  0.0208  0.0207  0.0209  0.0209  0.0213  0.0210  0.0210  0.0210  0.0211  0.0209  0.0210
  0.0207  0.0206  0.0206  0.0206  0.0207  0.0207  0.0209  0.0209  0.0209  0.0209  0.0209  0.0209
  0.0210  0.0208  0.0208  0.0209  0.0208  0.0208  0.0211  0.0214  0.0210  0.0210  0.0210  0.0209
  0.0217  0.0212  0.0212  0.0219  0.0213  0.0228  0.0216  0.0225  0.0213  0.0214  0.0212  0.0211
  0.0228  0.0219  0.0218  0.0234  0.0222  0.0263  0.0224  0.0241  0.0218  0.0222  0.0217  0.0215
niter,ni,del,rscale     4    3    5.0000    0.7000
parameters
    1.4185  -15.4886   15.0915  -14.5200  -15.1236   -8.2914
  -15.2752    2.4453   15.1495  -16.4720    2.8448   10.1515
eta,q 0.97919 11.12774
  0.0220  0.0218  0.0214  0.0223  0.0221  0.0229  0.0220  0.0230  0.0215  0.0220  0.0215  0.0214
  0.0214  0.0213  0.0211  0.0217  0.0214  0.0221  0.0213  0.0218  0.0211  0.0213  0.0211  0.0211
  0.0210  0.0210  0.0209  0.0212  0.0210  0.0214  0.0209  0.0211  0.0209  0.0209  0.0209  0.0209
  0.0208  0.0208  0.0208  0.0208  0.0208  0.0208  0.0208  0.0208  0.0208  0.0208  0.0208  0.0208
  0.0210  0.0209  0.0210  0.0208  0.0209  0.0206  0.0210  0.0211  0.0209  0.0210  0.0209  0.0209
  0.0214  0.0212  0.0212  0.0213  0.0213  0.0214  0.0213  0.0218  0.0211  0.0214  0.0211  0.0211
  0.0222  0.0217  0.0216  0.0222  0.0220  0.0237  0.0219  0.0230  0.0216  0.0221  0.0214  0.0215
niter,ni,del,rscale     3    3    5.0000    0.6000
parameters
    1.3974  -15.4818   15.0822  -14.3713  -15.1230   -7.9741
  -15.2540    2.4573   15.0365  -16.5615    3.0066    9.9600
eta,q 0.97928 11.13425
  0.0217  0.0215  0.0213  0.0219  0.0217  0.0226  0.0216  0.0225  0.0212  0.0216  0.0213  0.0211
  0.0212  0.0211  0.0210  0.0215  0.0212  0.0219  0.0211  0.0215  0.0209  0.0211  0.0210  0.0209
  0.0209  0.0209  0.0209  0.0211  0.0209  0.0213  0.0208  0.0209  0.0208  0.0208  0.0208  0.0208
  0.0208  0.0208  0.0208  0.0208  0.0208  0.0208  0.0207  0.0207  0.0207  0.0207  0.0207  0.0207
  0.0209  0.0209  0.0209  0.0208  0.0209  0.0206  0.0208  0.0209  0.0208  0.0208  0.0207  0.0208
  0.0213  0.0211  0.0211  0.0212  0.0212  0.0210  0.0211  0.0215  0.0210  0.0211  0.0209  0.0210
  0.0218  0.0215  0.0213  0.0219  0.0217  0.0226  0.0215  0.0225  0.0213  0.0217  0.0212  0.0213
niter,ni,del,rscale     2    3    5.0000    0.5000
parameters
    1.3815  -15.4747   15.0831  -14.2969  -15.1261   -7.6381
  -15.2489    2.4424   14.9268  -16.6227    3.1385    9.7493
eta,q 0.97937 11.13862
  0.0214  0.0212  0.0211  0.0216  0.0214  0.0221  0.0212  0.0219  0.0210  0.0213  0.0211  0.0209
  0.0210  0.0209  0.0209  0.0212  0.0210  0.0216  0.0209  0.0212  0.0208  0.0209  0.0208  0.0208
  0.0208  0.0208  0.0208  0.0209  0.0208  0.0211  0.0207  0.0208  0.0207  0.0207  0.0207  0.0207
  0.0207  0.0207  0.0207  0.0207  0.0207  0.0207  0.0206  0.0206  0.0206  0.0206  0.0206  0.0206
  0.0208  0.0208  0.0208  0.0207  0.0208  0.0206  0.0207  0.0208  0.0207  0.0207  0.0207  0.0207
  0.0210  0.0209  0.0209  0.0210  0.0210  0.0209  0.0209  0.0212  0.0208  0.0209  0.0208  0.0208
  0.0214  0.0212  0.0211  0.0216  0.0214  0.0219  0.0212  0.0219  0.0210  0.0213  0.0210  0.0210
niter,ni,del,rscale     1    3    5.0000    0.4000
parameters
    1.3662  -15.4638   15.0985  -14.2573  -15.1489   -7.3357
  -15.2475    2.4200   14.8322  -16.6634    3.2928    9.5518
eta,q 0.97943 11.14059
  0.0211  0.0209  0.0209  0.0212  0.0211  0.0216  0.0210  0.0215  0.0208  0.0210  0.0209  0.0208
  0.0208  0.0208  0.0207  0.0209  0.0208  0.0212  0.0207  0.0210  0.0207  0.0207  0.0207  0.0206
  0.0207  0.0207  0.0207  0.0207  0.0207  0.0209  0.0206  0.0207  0.0206  0.0206  0.0206  0.0206
  0.0206  0.0206  0.0206  0.0206  0.0206  0.0206  0.0206  0.0206  0.0206  0.0206  0.0206  0.0206
  0.0207  0.0207  0.0207  0.0207  0.0207  0.0205  0.0206  0.0207  0.0206  0.0206  0.0206  0.0206
  0.0208  0.0208  0.0207  0.0209  0.0208  0.0208  0.0208  0.0210  0.0207  0.0208  0.0207  0.0207
  0.0211  0.0209  0.0209  0.0212  0.0211  0.0215  0.0210  0.0215  0.0208  0.0210  0.0208  0.0208
registration optimization eta report
parameter search radius
    0.8000    0.8000    0.8000    2.4000    2.4000    2.7600
    2.4000    2.4000    2.4000    2.4000    2.4000    2.4000
100000*second partial in parameter space
       70.       48.       40.       10.        7.       12.
        7.       15.        4.        8.        5.        4.
  0.0211  0.0209  0.0209  0.0212  0.0211  0.0216  0.0210  0.0215  0.0208  0.0210  0.0209  0.0208
  0.0208  0.0208  0.0207  0.0209  0.0208  0.0212  0.0207  0.0210  0.0207  0.0207  0.0207  0.0206
  0.0207  0.0207  0.0207  0.0207  0.0207  0.0209  0.0206  0.0207  0.0206  0.0206  0.0206  0.0206
  0.0206  0.0206  0.0206  0.0206  0.0206  0.0206  0.0206  0.0206  0.0206  0.0206  0.0206  0.0206
  0.0207  0.0207  0.0207  0.0207  0.0207  0.0205  0.0206  0.0207  0.0206  0.0206  0.0206  0.0206
  0.0208  0.0208  0.0207  0.0209  0.0208  0.0208  0.0208  0.0210  0.0207  0.0208  0.0207  0.0207
  0.0211  0.0209  0.0209  0.0212  0.0211  0.0215  0.0210  0.0215  0.0208  0.0210  0.0208  0.0208
    1.3662  -15.4638   15.0985  -14.2573  -15.1489   -7.3357
  -15.2475    2.4200   14.8322  -16.6634    3.2928    9.5518
eta,q 0.97943 11.14059

---------------------------------------------------------------------
imgreg_4dfp /opt/freesurfer/average/711-2C_as_mni_average_305 /opt/freesurfer/average/711-2B_as_mni_average_305_mask talsrcimg_g11 none talsrcimg_to_711-2C_as_mni_average_305_t4 2311
---------------------------------------------------------------------

freesurfer imgreg_4dfp.c
/opt/freesurfer/average/711-2C_as_mni_average_305.4dfp.img
       256       256       256         1
  1.000000  1.000000  1.000000
orientation T byte_order littleendian
Reading image: /opt/freesurfer/average/711-2C_as_mni_average_305.4dfp.img
dimensions:      256       256       256
mmppix:       1.0000   -1.0000   -1.0000
center:     128.0000 -129.0000 -129.0000
/opt/freesurfer/average/711-2B_as_mni_average_305_mask.4dfp.img
       256       256       256         1
  1.000000  1.000000  1.000000
orientation T byte_order littleendian
Reading mask: /opt/freesurfer/average/711-2B_as_mni_average_305_mask.4dfp.img (2306576 pixels)
talsrcimg_g11.4dfp.img
       256       256       256         1
  0.900000  0.900000  0.900000
orientation T byte_order littleendian
Reading image: talsrcimg_g11.4dfp.img
dimensions:      256       256       256
mmppix:       0.9000   -0.9000   -0.9000
center:     115.2000 -116.1000 -116.1000
fimgreg.f
image alignment mode   2311 decimal      907 hex
parameters
    1.3662  -15.4638   15.0985  -14.2573  -15.1489   -7.3357
  -15.2475    2.4200   14.8322  -16.6634    3.2928    9.5518
eta,q 0.97943 11.14059
niter,ni,del,rscale     5    3    5.0000    0.8000
parameters
    1.3577  -15.4727   15.1470  -14.7794  -15.1684   -7.9430
  -15.2021    2.2912   15.0082  -16.4190    2.9367    9.8364
eta,q 0.97923 11.12508
  0.0223  0.0218  0.0217  0.0221  0.0222  0.0226  0.0222  0.0235  0.0218  0.0226  0.0215  0.0216
  0.0214  0.0211  0.0211  0.0214  0.0214  0.0218  0.0214  0.0220  0.0212  0.0216  0.0211  0.0212
  0.0208  0.0207  0.0207  0.0208  0.0208  0.0211  0.0209  0.0210  0.0209  0.0210  0.0208  0.0209
  0.0206  0.0206  0.0206  0.0206  0.0206  0.0206  0.0208  0.0208  0.0208  0.0208  0.0208  0.0208
  0.0208  0.0207  0.0207  0.0208  0.0208  0.0207  0.0209  0.0212  0.0209  0.0209  0.0209  0.0208
  0.0214  0.0211  0.0210  0.0218  0.0213  0.0222  0.0214  0.0222  0.0211  0.0214  0.0212  0.0210
  0.0224  0.0218  0.0216  0.0233  0.0223  0.0250  0.0221  0.0237  0.0216  0.0222  0.0217  0.0215
niter,ni,del,rscale     4    3    5.0000    0.7000
parameters
    1.3756  -15.4587   15.0870  -14.5658  -15.1136   -7.9209
  -15.2081    2.3858   15.0400  -16.4725    2.9804    9.8244
eta,q 0.97928 11.13109
  0.0221  0.0217  0.0214  0.0222  0.0220  0.0225  0.0218  0.0231  0.0215  0.0220  0.0214  0.0213
  0.0214  0.0212  0.0210  0.0216  0.0213  0.0218  0.0212  0.0219  0.0211  0.0212  0.0210  0.0210
  0.0209  0.0209  0.0208  0.0211  0.0209  0.0212  0.0208  0.0210  0.0208  0.0208  0.0208  0.0208
  0.0208  0.0208  0.0208  0.0208  0.0207  0.0207  0.0207  0.0207  0.0207  0.0207  0.0207  0.0207
  0.0209  0.0208  0.0209  0.0207  0.0209  0.0206  0.0209  0.0210  0.0208  0.0209  0.0208  0.0208
  0.0213  0.0212  0.0211  0.0212  0.0213  0.0212  0.0212  0.0217  0.0210  0.0213  0.0210  0.0210
  0.0220  0.0216  0.0215  0.0222  0.0219  0.0230  0.0218  0.0229  0.0214  0.0220  0.0214  0.0214
niter,ni,del,rscale     3    3    5.0000    0.6000
parameters
    1.3758  -15.4575   15.0811  -14.4386  -15.1095   -7.6597
  -15.2339    2.4190   14.9708  -16.5445    3.1070    9.6822
eta,q 0.97936 11.13633
  0.0217  0.0214  0.0213  0.0219  0.0216  0.0222  0.0215  0.0225  0.0212  0.0216  0.0212  0.0211
  0.0212  0.0210  0.0209  0.0214  0.0211  0.0216  0.0210  0.0215  0.0209  0.0210  0.0209  0.0209
  0.0208  0.0208  0.0208  0.0210  0.0208  0.0211  0.0207  0.0209  0.0207  0.0207  0.0207  0.0207
  0.0207  0.0207  0.0207  0.0207  0.0207  0.0207  0.0206  0.0206  0.0206  0.0206  0.0206  0.0206
  0.0208  0.0208  0.0208  0.0207  0.0208  0.0206  0.0208  0.0209  0.0207  0.0208  0.0207  0.0207
  0.0211  0.0210  0.0210  0.0211  0.0211  0.0209  0.0210  0.0215  0.0209  0.0211  0.0209  0.0209
  0.0217  0.0214  0.0212  0.0219  0.0216  0.0222  0.0215  0.0224  0.0212  0.0216  0.0211  0.0212
niter,ni,del,rscale     2    3    5.0000    0.5000
parameters
    1.3689  -15.4519   15.0890  -14.3696  -15.1267   -7.4013
  -15.2386    2.4131   14.8724  -16.5970    3.2238    9.5500
eta,q 0.97942 11.13903
  0.0213  0.0211  0.0210  0.0215  0.0213  0.0218  0.0212  0.0219  0.0209  0.0213  0.0210  0.0209
  0.0209  0.0209  0.0208  0.0211  0.0209  0.0213  0.0208  0.0212  0.0207  0.0209  0.0208  0.0207
  0.0207  0.0207  0.0207  0.0208  0.0207  0.0209  0.0206  0.0207  0.0206  0.0206  0.0206  0.0206
  0.0206  0.0206  0.0206  0.0206  0.0206  0.0206  0.0206  0.0206  0.0206  0.0206  0.0206  0.0206
  0.0207  0.0207  0.0207  0.0207  0.0207  0.0205  0.0207  0.0208  0.0206  0.0207  0.0206  0.0206
  0.0210  0.0208  0.0208  0.0210  0.0209  0.0208  0.0209  0.0212  0.0208  0.0209  0.0207  0.0208
  0.0213  0.0211  0.0210  0.0215  0.0213  0.0217  0.0212  0.0219  0.0210  0.0213  0.0210  0.0210
niter,ni,del,rscale     1    3    5.0000    0.4000
parameters
    1.3609  -15.4435   15.1122  -14.3140  -15.1629   -7.1575
  -15.2321    2.3996   14.7868  -16.6438    3.3273    9.4042
eta,q 0.97945 11.13979
  0.0210  0.0209  0.0209  0.0212  0.0210  0.0214  0.0209  0.0214  0.0208  0.0210  0.0208  0.0207
  0.0208  0.0207  0.0207  0.0209  0.0208  0.0211  0.0207  0.0210  0.0206  0.0207  0.0207  0.0206
  0.0206  0.0206  0.0206  0.0207  0.0206  0.0208  0.0206  0.0206  0.0206  0.0206  0.0206  0.0206
  0.0206  0.0206  0.0206  0.0206  0.0206  0.0206  0.0205  0.0205  0.0205  0.0205  0.0205  0.0205
  0.0206  0.0206  0.0206  0.0206  0.0206  0.0205  0.0206  0.0207  0.0206  0.0206  0.0206  0.0206
  0.0208  0.0207  0.0207  0.0208  0.0208  0.0207  0.0207  0.0210  0.0207  0.0208  0.0206  0.0207
  0.0210  0.0209  0.0208  0.0212  0.0210  0.0213  0.0209  0.0215  0.0208  0.0210  0.0208  0.0208
registration optimization eta report
parameter search radius
    0.8000    0.8000    0.8000    2.4000    2.4000    2.4000
    2.4000    2.4000    2.4000    2.4000    2.4000    2.4000
100000*second partial in parameter space
       70.       48.       41.       10.        8.       13.
        7.       16.        4.        8.        5.        4.
  0.0210  0.0209  0.0209  0.0212  0.0210  0.0214  0.0209  0.0214  0.0208  0.0210  0.0208  0.0207
  0.0208  0.0207  0.0207  0.0209  0.0208  0.0211  0.0207  0.0210  0.0206  0.0207  0.0207  0.0206
  0.0206  0.0206  0.0206  0.0207  0.0206  0.0208  0.0206  0.0206  0.0206  0.0206  0.0206  0.0206
  0.0206  0.0206  0.0206  0.0206  0.0206  0.0206  0.0205  0.0205  0.0205  0.0205  0.0205  0.0205
  0.0206  0.0206  0.0206  0.0206  0.0206  0.0205  0.0206  0.0207  0.0206  0.0206  0.0206  0.0206
  0.0208  0.0207  0.0207  0.0208  0.0208  0.0207  0.0207  0.0210  0.0207  0.0208  0.0206  0.0207
  0.0210  0.0209  0.0208  0.0212  0.0210  0.0213  0.0209  0.0215  0.0208  0.0210  0.0208  0.0208
    1.3609  -15.4435   15.1122  -14.3140  -15.1629   -7.1575
  -15.2321    2.3996   14.7868  -16.6438    3.3273    9.4042
eta,q 0.97945 11.13979

---------------------------------------------------------------------
compute_vox2vox talsrcimg talsrcimg_to_711-2C_as_mni_average_305_t4 /opt/freesurfer/average/711-2C_as_mni_average_305
---------------------------------------------------------------------

freesurfer compute_vox2vox.c
Reading: talsrcimg.4dfp.ifh
Reading: talsrcimg_to_711-2C_as_mni_average_305_t4
Reading: /opt/freesurfer/average/711-2C_as_mni_average_305.4dfp.ifh
Writing: talsrcimg_to_711-2C_as_mni_average_305_t4_vox2vox.txt

start time Wed Mar 11 20:14:02 CET 2026
end		time Wed Mar 11 20:15:28 CET 2026

mpr2mni305 success

avi2talxfm orig_nu.mgz /opt/freesurfer/average/mni305.cor.mgz talsrcimg_to_711-2C_as_mni_average_305_t4_vox2vox.txt transforms/talairach.auto.xfm
avi2talxfm done
mv -f /out/sourcedata/freesurfer/sub-v2s1x29878_ses-1/mri/talsrcimg_to_711-2C_as_mni_average_305_t4_vox2vox.txt /out/sourcedata/freesurfer/sub-v2s1x29878_ses-1/mri/transforms/talsrcimg_to_711-2C_as_mni_average_305_t4_vox2vox.txt
lta_convert --src orig_nu.mgz --trg /opt/freesurfer/average/mni305.cor.mgz --inxfm transforms/talairach.auto.xfm --outlta transforms/talairach.auto.xfm.lta --subject fsaverage
7.3.2

--src: orig_nu.mgz src image (geometry).
--trg: /opt/freesurfer/average/mni305.cor.mgz trg image (geometry).
--inmni: transforms/talairach.auto.xfm input MNI/XFM transform.
--outlta: transforms/talairach.auto.xfm.lta output LTA.
--s: fsaverage subject name
 LTA read, type : 1
 1.13184   0.00704   0.20244   1.28514;
-0.02018   1.05598  -0.12068  -42.10574;
-0.20123   0.20594   1.11977  -44.46333;
 0.00000   0.00000   0.00000   1.00000;
setting subject to fsaverage
Writing  LTA to file transforms/talairach.auto.xfm.lta...
lta_convert successful.
 
 
Started at Wed Mar 11 20:14:01 CET 2026
Ended   at Wed Mar 11 20:15:28 CET 2026
talairach_avi done
