status file for recon-all
Wed Mar 11 22:37:56 CET 2026
#@# Tessellate rh Wed Mar 11 22:37:56 CET 2026
#@# Smooth1 rh Wed Mar 11 22:38:00 CET 2026
#@# Inflation1 rh Wed Mar 11 22:38:03 CET 2026
#@# QSphere rh Wed Mar 11 22:39:16 CET 2026
#@# Fix Topology rh Wed Mar 11 22:40:39 CET 2026
#@# Smooth2 rh Wed Mar 11 22:48:25 CET 2026
#@# Inflation2 rh Wed Mar 11 22:48:29 CET 2026
#@# Curv .H and .K rh Wed Mar 11 22:49:05 CET 2026
#@# Sphere rh Wed Mar 11 22:50:01 CET 2026
#@# Surf Reg rh Wed Mar 11 22:52:34 CET 2026
#@# Jacobian white rh Wed Mar 11 22:57:42 CET 2026
#@# AvgCurv rh Wed Mar 11 22:57:43 CET 2026
#@# Cortical Parc rh Wed Mar 11 22:57:44 CET 2026
#@# white curv rh Wed Mar 11 23:05:28 CET 2026
#@# white area rh Wed Mar 11 23:05:30 CET 2026
#@# pial curv rh Wed Mar 11 23:05:31 CET 2026
#@# pial area rh Wed Mar 11 23:05:33 CET 2026
#@# thickness rh Wed Mar 11 23:05:34 CET 2026
#@# area and vertex vol rh Wed Mar 11 23:06:10 CET 2026
#@# Curvature Stats rh Wed Mar 11 23:06:11 CET 2026
#@# Cortical Parc 2 rh Wed Mar 11 23:06:15 CET 2026
#@# Cortical Parc 3 rh Wed Mar 11 23:06:30 CET 2026
#@# WM/GM Contrast rh Wed Mar 11 23:06:42 CET 2026
recon-all -s sub-v2s1x29885_ses-1 finished without error at Wed Mar 11 23:06:45 CET 2026



#New# invocation of recon-all 



status file for recon-all
Wed Mar 11 23:18:19 CET 2026
#@# white curv rh Wed Mar 11 23:18:19 CET 2026
#@# white area rh Wed Mar 11 23:18:19 CET 2026
#@# pial curv rh Wed Mar 11 23:18:19 CET 2026
#@# pial area rh Wed Mar 11 23:18:19 CET 2026
#@# thickness rh Wed Mar 11 23:18:19 CET 2026
#@# area and vertex vol rh Wed Mar 11 23:18:19 CET 2026
#@# Parcellation Stats rh Wed Mar 11 23:18:19 CET 2026
#@# Parcellation Stats 2 rh Wed Mar 11 23:18:44 CET 2026
#@# Parcellation Stats 3 rh Wed Mar 11 23:18:56 CET 2026
#@# BA_exvivo Labels rh Wed Mar 11 23:19:08 CET 2026
recon-all -s sub-v2s1x29885_ses-1 finished without error at Wed Mar 11 23:22:17 CET 2026
