status file for recon-all
Wed Mar 11 22:09:02 CET 2026
#@# Tessellate lh Wed Mar 11 22:09:02 CET 2026
#@# Smooth1 lh Wed Mar 11 22:09:06 CET 2026
#@# Inflation1 lh Wed Mar 11 22:09:10 CET 2026
#@# QSphere lh Wed Mar 11 22:10:30 CET 2026
#@# Fix Topology lh Wed Mar 11 22:11:55 CET 2026
#@# Smooth2 lh Wed Mar 11 22:19:06 CET 2026
#@# Inflation2 lh Wed Mar 11 22:19:10 CET 2026
#@# Curv .H and .K lh Wed Mar 11 22:19:42 CET 2026
#@# Sphere lh Wed Mar 11 22:20:40 CET 2026
#@# Surf Reg lh Wed Mar 11 22:23:25 CET 2026
#@# Jacobian white lh Wed Mar 11 22:28:32 CET 2026
#@# AvgCurv lh Wed Mar 11 22:28:34 CET 2026
#@# Cortical Parc lh Wed Mar 11 22:28:35 CET 2026
#@# white curv lh Wed Mar 11 22:36:30 CET 2026
#@# white area lh Wed Mar 11 22:36:32 CET 2026
#@# pial curv lh Wed Mar 11 22:36:33 CET 2026
#@# pial area lh Wed Mar 11 22:36:35 CET 2026
#@# thickness lh Wed Mar 11 22:36:36 CET 2026
#@# area and vertex vol lh Wed Mar 11 22:37:16 CET 2026
#@# Curvature Stats lh Wed Mar 11 22:37:17 CET 2026
#@# Cortical Parc 2 lh Wed Mar 11 22:37:21 CET 2026
#@# Cortical Parc 3 lh Wed Mar 11 22:37:37 CET 2026
#@# WM/GM Contrast lh Wed Mar 11 22:37:50 CET 2026
recon-all -s sub-v2s1x29885_ses-1 finished without error at Wed Mar 11 22:37:54 CET 2026



#New# invocation of recon-all 



status file for recon-all
Wed Mar 11 23:14:11 CET 2026
#@# white curv lh Wed Mar 11 23:14:11 CET 2026
#@# white area lh Wed Mar 11 23:14:11 CET 2026
#@# pial curv lh Wed Mar 11 23:14:11 CET 2026
#@# pial area lh Wed Mar 11 23:14:11 CET 2026
#@# thickness lh Wed Mar 11 23:14:11 CET 2026
#@# area and vertex vol lh Wed Mar 11 23:14:11 CET 2026
#@# Parcellation Stats lh Wed Mar 11 23:14:11 CET 2026
#@# Parcellation Stats 2 lh Wed Mar 11 23:14:36 CET 2026
#@# Parcellation Stats 3 lh Wed Mar 11 23:14:49 CET 2026
#@# BA_exvivo Labels lh Wed Mar 11 23:15:02 CET 2026
recon-all -s sub-v2s1x29885_ses-1 finished without error at Wed Mar 11 23:18:16 CET 2026
