Log file for defect2seg
Wed Mar 11 22:56:43 CET 2026

setenv SUBJECTS_DIR /out/sourcedata/freesurfer
cd /out/sourcedata/freesurfer/sub-v2s1x29878_ses-1/scripts
/opt/freesurfer/bin/defect2seg --s sub-v2s1x29878_ses-1 --rh-only --cortex

freesurfer-linux-ubuntu22_x86_64-7.3.2-20220804-6354275
defect2seg 7.3.2
Linux dna006 5.14.0-427.37.1.el9_4.x86_64 #1 SMP PREEMPT_DYNAMIC Fri Sep 13 12:41:50 EDT 2024 x86_64 x86_64 x86_64 GNU/Linux
pid 1790297
mri_label2label --label-cortex /out/sourcedata/freesurfer/sub-v2s1x29878_ses-1/surf/rh.orig.nofix /out/sourcedata/freesurfer/sub-v2s1x29878_ses-1/mri/aseg.presurf.mgz 0 /out/sourcedata/freesurfer/sub-v2s1x29878_ses-1/label/rh.nofix.cortex.label

 Generating cortex label... RemoveHipAmgy=0
 NucAccIsMedialWall=0
 mris->useRealRAS=0
34 non-cortical segments detected
only using segment with 9096 vertices
erasing segment 0 (vno[0] = 24544)
erasing segment 1 (vno[0] = 26036)
erasing segment 2 (vno[0] = 26108)
erasing segment 3 (vno[0] = 29362)
erasing segment 5 (vno[0] = 51320)
erasing segment 6 (vno[0] = 51600)
erasing segment 7 (vno[0] = 51623)
erasing segment 8 (vno[0] = 52716)
erasing segment 9 (vno[0] = 53712)
erasing segment 10 (vno[0] = 53740)
erasing segment 11 (vno[0] = 54719)
erasing segment 12 (vno[0] = 55742)
erasing segment 13 (vno[0] = 56805)
erasing segment 14 (vno[0] = 60326)
erasing segment 15 (vno[0] = 62688)
erasing segment 16 (vno[0] = 63831)
erasing segment 17 (vno[0] = 65212)
erasing segment 18 (vno[0] = 67692)
erasing segment 19 (vno[0] = 67717)
erasing segment 20 (vno[0] = 79963)
erasing segment 21 (vno[0] = 83267)
erasing segment 22 (vno[0] = 86213)
erasing segment 23 (vno[0] = 86279)
erasing segment 24 (vno[0] = 89113)
erasing segment 25 (vno[0] = 90813)
erasing segment 26 (vno[0] = 90855)
erasing segment 27 (vno[0] = 92484)
erasing segment 28 (vno[0] = 94897)
erasing segment 29 (vno[0] = 95678)
erasing segment 30 (vno[0] = 95695)
erasing segment 31 (vno[0] = 97013)
erasing segment 32 (vno[0] = 98192)
erasing segment 33 (vno[0] = 109964)
mri_label2vol --defects /out/sourcedata/freesurfer/sub-v2s1x29878_ses-1/surf/rh.orig.nofix /out/sourcedata/freesurfer/sub-v2s1x29878_ses-1/surf/rh.defect_labels /out/sourcedata/freesurfer/sub-v2s1x29878_ses-1/mri/orig.mgz 2000 0 /out/sourcedata/freesurfer/sub-v2s1x29878_ses-1/mri/rh.surface.defects.mgz /out/sourcedata/freesurfer/sub-v2s1x29878_ses-1/label/rh.nofix.cortex.label
mri_label2vol supposed to be reproducible but seed not set
Contraining to label /out/sourcedata/freesurfer/sub-v2s1x29878_ses-1/label/rh.nofix.cortex.label
Changing input type 0 to MRI_INT
Converting defects to volume: offset=2000, merge=0
Writing to /out/sourcedata/freesurfer/sub-v2s1x29878_ses-1/mri/rh.surface.defects.mgz
mris_defects_pointset -s /out/sourcedata/freesurfer/sub-v2s1x29878_ses-1/surf/rh.orig.nofix -d /out/sourcedata/freesurfer/sub-v2s1x29878_ses-1/surf/rh.defect_labels -o /out/sourcedata/freesurfer/sub-v2s1x29878_ses-1/surf/rh.defects.pointset --label /out/sourcedata/freesurfer/sub-v2s1x29878_ses-1/label/rh.nofix.cortex.label
Reading in surface /out/sourcedata/freesurfer/sub-v2s1x29878_ses-1/surf/rh.orig.nofix
Reading in defect segmentation /out/sourcedata/freesurfer/sub-v2s1x29878_ses-1/surf/rh.defect_labels
Reading in label /out/sourcedata/freesurfer/sub-v2s1x29878_ses-1/label/rh.nofix.cortex.label
#VMPC# mris_defects_pointset 1299728
mris_defects_pointset done
 
Started at Wed Mar 11 22:56:43 CET 2026 
Ended   at Wed Mar 11 22:57:01 CET 2026
Defect2seg-Run-Time-Sec 18
Defect2seg-Run-Time-Min 0.36
Defect2seg-Run-Time-Hours 0.00
 
defect2seg Done
