status file for recon-all
Wed Mar 11 22:46:30 CET 2026
#@# Tessellate rh Wed Mar 11 22:46:30 CET 2026
#@# Smooth1 rh Wed Mar 11 22:46:34 CET 2026
#@# Inflation1 rh Wed Mar 11 22:46:37 CET 2026
#@# QSphere rh Wed Mar 11 22:47:41 CET 2026
#@# Fix Topology rh Wed Mar 11 22:48:55 CET 2026
#@# Smooth2 rh Wed Mar 11 23:04:00 CET 2026
#@# Inflation2 rh Wed Mar 11 23:04:02 CET 2026
#@# Curv .H and .K rh Wed Mar 11 23:04:57 CET 2026
#@# Sphere rh Wed Mar 11 23:05:37 CET 2026
#@# Surf Reg rh Wed Mar 11 23:11:04 CET 2026
#@# Jacobian white rh Wed Mar 11 23:18:31 CET 2026
#@# AvgCurv rh Wed Mar 11 23:18:32 CET 2026
#@# Cortical Parc rh Wed Mar 11 23:18:33 CET 2026
#@# white curv rh Wed Mar 11 23:28:39 CET 2026
#@# white area rh Wed Mar 11 23:28:40 CET 2026
#@# pial curv rh Wed Mar 11 23:28:41 CET 2026
#@# pial area rh Wed Mar 11 23:28:42 CET 2026
#@# thickness rh Wed Mar 11 23:28:43 CET 2026
#@# area and vertex vol rh Wed Mar 11 23:29:08 CET 2026
#@# Curvature Stats rh Wed Mar 11 23:29:10 CET 2026
#@# Cortical Parc 2 rh Wed Mar 11 23:29:12 CET 2026
#@# Cortical Parc 3 rh Wed Mar 11 23:29:24 CET 2026
#@# WM/GM Contrast rh Wed Mar 11 23:29:33 CET 2026
recon-all -s sub-v2s1x29878_ses-1 finished without error at Wed Mar 11 23:29:36 CET 2026



#New# invocation of recon-all 



status file for recon-all
Wed Mar 11 23:39:05 CET 2026
#@# white curv rh Wed Mar 11 23:39:05 CET 2026
#@# white area rh Wed Mar 11 23:39:05 CET 2026
#@# pial curv rh Wed Mar 11 23:39:05 CET 2026
#@# pial area rh Wed Mar 11 23:39:05 CET 2026
#@# thickness rh Wed Mar 11 23:39:05 CET 2026
#@# area and vertex vol rh Wed Mar 11 23:39:05 CET 2026
#@# Parcellation Stats rh Wed Mar 11 23:39:05 CET 2026
#@# Parcellation Stats 2 rh Wed Mar 11 23:39:20 CET 2026
#@# Parcellation Stats 3 rh Wed Mar 11 23:39:27 CET 2026
#@# BA_exvivo Labels rh Wed Mar 11 23:39:34 CET 2026
recon-all -s sub-v2s1x29878_ses-1 finished without error at Wed Mar 11 23:42:00 CET 2026
