status file for recon-all
Wed Mar 11 22:02:28 CET 2026
#@# Tessellate lh Wed Mar 11 22:02:28 CET 2026
#@# Smooth1 lh Wed Mar 11 22:02:31 CET 2026
#@# Inflation1 lh Wed Mar 11 22:02:34 CET 2026
#@# QSphere lh Wed Mar 11 22:03:40 CET 2026
#@# Fix Topology lh Wed Mar 11 22:04:55 CET 2026
#@# Smooth2 lh Wed Mar 11 22:23:19 CET 2026
#@# Inflation2 lh Wed Mar 11 22:23:22 CET 2026
#@# Curv .H and .K lh Wed Mar 11 22:24:22 CET 2026
#@# Sphere lh Wed Mar 11 22:25:03 CET 2026
#@# Surf Reg lh Wed Mar 11 22:31:25 CET 2026
#@# Jacobian white lh Wed Mar 11 22:38:10 CET 2026
#@# AvgCurv lh Wed Mar 11 22:38:11 CET 2026
#@# Cortical Parc lh Wed Mar 11 22:38:12 CET 2026
#@# white curv lh Wed Mar 11 22:45:29 CET 2026
#@# white area lh Wed Mar 11 22:45:31 CET 2026
#@# pial curv lh Wed Mar 11 22:45:31 CET 2026
#@# pial area lh Wed Mar 11 22:45:33 CET 2026
#@# thickness lh Wed Mar 11 22:45:34 CET 2026
#@# area and vertex vol lh Wed Mar 11 22:46:00 CET 2026
#@# Curvature Stats lh Wed Mar 11 22:46:01 CET 2026
#@# Cortical Parc 2 lh Wed Mar 11 22:46:04 CET 2026
#@# Cortical Parc 3 lh Wed Mar 11 22:46:16 CET 2026
#@# WM/GM Contrast lh Wed Mar 11 22:46:25 CET 2026
recon-all -s sub-v2s1x29878_ses-1 finished without error at Wed Mar 11 22:46:28 CET 2026



#New# invocation of recon-all 



status file for recon-all
Wed Mar 11 23:36:07 CET 2026
#@# white curv lh Wed Mar 11 23:36:07 CET 2026
#@# white area lh Wed Mar 11 23:36:07 CET 2026
#@# pial curv lh Wed Mar 11 23:36:07 CET 2026
#@# pial area lh Wed Mar 11 23:36:07 CET 2026
#@# thickness lh Wed Mar 11 23:36:07 CET 2026
#@# area and vertex vol lh Wed Mar 11 23:36:07 CET 2026
#@# Parcellation Stats lh Wed Mar 11 23:36:07 CET 2026
#@# Parcellation Stats 2 lh Wed Mar 11 23:36:21 CET 2026
#@# Parcellation Stats 3 lh Wed Mar 11 23:36:29 CET 2026
#@# BA_exvivo Labels lh Wed Mar 11 23:36:37 CET 2026
recon-all -s sub-v2s1x29878_ses-1 finished without error at Wed Mar 11 23:39:02 CET 2026
