status file for recon-all
Wed Mar 11 20:02:49 CET 2026
#@# MotionCor Wed Mar 11 20:02:51 CET 2026
#@# Talairach Wed Mar 11 20:02:59 CET 2026
#@# Talairach Failure Detection Wed Mar 11 20:07:20 CET 2026
#@# Nu Intensity Correction Wed Mar 11 20:07:20 CET 2026
#@# Intensity Normalization Wed Mar 11 20:10:36 CET 2026
recon-all -s sub-v2s1x29873_ses-1 finished without error at Wed Mar 11 20:12:04 CET 2026



#New# invocation of recon-all 



status file for recon-all
Wed Mar 11 20:19:31 CET 2026
#@# EM Registration Wed Mar 11 20:19:31 CET 2026
recon-all -s sub-v2s1x29873_ses-1 finished without error at Wed Mar 11 20:21:26 CET 2026



#New# invocation of recon-all 



status file for recon-all
Wed Mar 11 20:21:27 CET 2026
#@# CA Normalize Wed Mar 11 20:21:27 CET 2026
#@# CA Reg Wed Mar 11 20:22:47 CET 2026
#@# SubCort Seg Wed Mar 11 21:06:56 CET 2026
#@# CC Seg Wed Mar 11 21:43:22 CET 2026
#@# Merge ASeg Wed Mar 11 21:43:55 CET 2026
#@# Intensity Normalization2 Wed Mar 11 21:43:55 CET 2026
#@# Mask BFS Wed Mar 11 21:46:08 CET 2026
#@# WM Segmentation Wed Mar 11 21:46:09 CET 2026
#@# Fill Wed Mar 11 21:48:34 CET 2026
recon-all -s sub-v2s1x29873_ses-1 finished without error at Wed Mar 11 21:49:37 CET 2026



#New# invocation of recon-all 



status file for recon-all
Wed Mar 11 23:41:16 CET 2026
#@# white curv lh Wed Mar 11 23:41:16 CET 2026
#@# white area lh Wed Mar 11 23:41:16 CET 2026
#@# pial curv lh Wed Mar 11 23:41:16 CET 2026
#@# pial area lh Wed Mar 11 23:41:16 CET 2026
#@# thickness lh Wed Mar 11 23:41:16 CET 2026
#@# area and vertex vol lh Wed Mar 11 23:41:16 CET 2026
#@# white curv rh Wed Mar 11 23:41:16 CET 2026
#@# white area rh Wed Mar 11 23:41:16 CET 2026
#@# pial curv rh Wed Mar 11 23:41:16 CET 2026
#@# pial area rh Wed Mar 11 23:41:16 CET 2026
#@# thickness rh Wed Mar 11 23:41:16 CET 2026
#@# area and vertex vol rh Wed Mar 11 23:41:16 CET 2026
#@# Cortical ribbon mask Wed Mar 11 23:41:16 CET 2026
recon-all -s sub-v2s1x29873_ses-1 finished without error at Wed Mar 11 23:46:52 CET 2026



#New# invocation of recon-all 



status file for recon-all
Wed Mar 11 23:53:46 CET 2026
#@# white curv lh Wed Mar 11 23:53:46 CET 2026
#@# white area lh Wed Mar 11 23:53:46 CET 2026
#@# pial curv lh Wed Mar 11 23:53:46 CET 2026
#@# pial area lh Wed Mar 11 23:53:46 CET 2026
#@# thickness lh Wed Mar 11 23:53:46 CET 2026
#@# area and vertex vol lh Wed Mar 11 23:53:46 CET 2026
#@# white curv rh Wed Mar 11 23:53:46 CET 2026
#@# white area rh Wed Mar 11 23:53:46 CET 2026
#@# pial curv rh Wed Mar 11 23:53:46 CET 2026
#@# pial area rh Wed Mar 11 23:53:46 CET 2026
#@# thickness rh Wed Mar 11 23:53:46 CET 2026
#@# area and vertex vol rh Wed Mar 11 23:53:46 CET 2026
#@# Curvature Stats lh Wed Mar 11 23:53:46 CET 2026
#@# Curvature Stats rh Wed Mar 11 23:53:49 CET 2026
#@# Relabel Hypointensities Wed Mar 11 23:53:52 CET 2026
#@# APas-to-ASeg Wed Mar 11 23:54:11 CET 2026
#@# AParc-to-ASeg aparc Wed Mar 11 23:54:20 CET 2026
#@# AParc-to-ASeg aparc.a2009s Wed Mar 11 23:55:10 CET 2026
#@# AParc-to-ASeg aparc.DKTatlas Wed Mar 11 23:56:01 CET 2026
#@# WMParc Wed Mar 11 23:56:49 CET 2026
#@# ASeg Stats Thu Mar 12 00:01:00 CET 2026
recon-all -s sub-v2s1x29873_ses-1 finished without error at Thu Mar 12 00:01:41 CET 2026
