status file for recon-all
Wed Mar 11 22:41:06 CET 2026
#@# Tessellate rh Wed Mar 11 22:41:06 CET 2026
#@# Smooth1 rh Wed Mar 11 22:41:10 CET 2026
#@# Inflation1 rh Wed Mar 11 22:41:14 CET 2026
#@# QSphere rh Wed Mar 11 22:42:30 CET 2026
#@# Fix Topology rh Wed Mar 11 22:43:44 CET 2026
#@# Smooth2 rh Wed Mar 11 23:19:07 CET 2026
#@# Inflation2 rh Wed Mar 11 23:19:10 CET 2026
#@# Curv .H and .K rh Wed Mar 11 23:20:15 CET 2026
#@# Sphere rh Wed Mar 11 23:21:02 CET 2026
#@# Surf Reg rh Wed Mar 11 23:26:42 CET 2026
#@# Jacobian white rh Wed Mar 11 23:33:17 CET 2026
#@# AvgCurv rh Wed Mar 11 23:33:18 CET 2026
#@# Cortical Parc rh Wed Mar 11 23:33:19 CET 2026
#@# white curv rh Wed Mar 11 23:40:04 CET 2026
#@# white area rh Wed Mar 11 23:40:06 CET 2026
#@# pial curv rh Wed Mar 11 23:40:07 CET 2026
#@# pial area rh Wed Mar 11 23:40:08 CET 2026
#@# thickness rh Wed Mar 11 23:40:09 CET 2026
#@# area and vertex vol rh Wed Mar 11 23:40:40 CET 2026
#@# Curvature Stats rh Wed Mar 11 23:40:41 CET 2026
#@# Cortical Parc 2 rh Wed Mar 11 23:40:44 CET 2026
#@# Cortical Parc 3 rh Wed Mar 11 23:40:57 CET 2026
#@# WM/GM Contrast rh Wed Mar 11 23:41:08 CET 2026
recon-all -s sub-v2s1x29873_ses-1 finished without error at Wed Mar 11 23:41:11 CET 2026



#New# invocation of recon-all 



status file for recon-all
Wed Mar 11 23:50:22 CET 2026
#@# white curv rh Wed Mar 11 23:50:22 CET 2026
#@# white area rh Wed Mar 11 23:50:22 CET 2026
#@# pial curv rh Wed Mar 11 23:50:22 CET 2026
#@# pial area rh Wed Mar 11 23:50:22 CET 2026
#@# thickness rh Wed Mar 11 23:50:22 CET 2026
#@# area and vertex vol rh Wed Mar 11 23:50:22 CET 2026
#@# Parcellation Stats rh Wed Mar 11 23:50:22 CET 2026
#@# Parcellation Stats 2 rh Wed Mar 11 23:50:40 CET 2026
#@# Parcellation Stats 3 rh Wed Mar 11 23:50:49 CET 2026
#@# BA_exvivo Labels rh Wed Mar 11 23:50:58 CET 2026
recon-all -s sub-v2s1x29873_ses-1 finished without error at Wed Mar 11 23:53:43 CET 2026
