status file for recon-all
Wed Mar 11 20:15:29 CET 2026
#@# MotionCor Wed Mar 11 20:15:31 CET 2026
#@# Talairach Wed Mar 11 20:15:39 CET 2026
#@# Talairach Failure Detection Wed Mar 11 20:20:03 CET 2026
#@# Nu Intensity Correction Wed Mar 11 20:20:03 CET 2026
#@# Intensity Normalization Wed Mar 11 20:23:17 CET 2026
recon-all -s sub-v2s1x29882_ses-1 finished without error at Wed Mar 11 20:24:45 CET 2026



#New# invocation of recon-all 



status file for recon-all
Wed Mar 11 20:32:11 CET 2026
#@# EM Registration Wed Mar 11 20:32:11 CET 2026
recon-all -s sub-v2s1x29882_ses-1 finished without error at Wed Mar 11 20:33:54 CET 2026



#New# invocation of recon-all 



status file for recon-all
Wed Mar 11 20:33:57 CET 2026
#@# CA Normalize Wed Mar 11 20:33:57 CET 2026
#@# CA Reg Wed Mar 11 20:35:18 CET 2026
#@# SubCort Seg Wed Mar 11 21:26:13 CET 2026
#@# CC Seg Wed Mar 11 21:59:16 CET 2026
#@# Merge ASeg Wed Mar 11 22:00:28 CET 2026
#@# Intensity Normalization2 Wed Mar 11 22:00:28 CET 2026
#@# Mask BFS Wed Mar 11 22:02:39 CET 2026
#@# WM Segmentation Wed Mar 11 22:02:40 CET 2026
#@# Fill Wed Mar 11 22:04:43 CET 2026
recon-all -s sub-v2s1x29882_ses-1 finished without error at Wed Mar 11 22:05:47 CET 2026



#New# invocation of recon-all 



status file for recon-all
Wed Mar 11 23:03:40 CET 2026
#@# white curv lh Wed Mar 11 23:03:40 CET 2026
#@# white area lh Wed Mar 11 23:03:40 CET 2026
#@# pial curv lh Wed Mar 11 23:03:40 CET 2026
#@# pial area lh Wed Mar 11 23:03:40 CET 2026
#@# thickness lh Wed Mar 11 23:03:40 CET 2026
#@# area and vertex vol lh Wed Mar 11 23:03:40 CET 2026
#@# white curv rh Wed Mar 11 23:03:40 CET 2026
#@# white area rh Wed Mar 11 23:03:40 CET 2026
#@# pial curv rh Wed Mar 11 23:03:40 CET 2026
#@# pial area rh Wed Mar 11 23:03:40 CET 2026
#@# thickness rh Wed Mar 11 23:03:40 CET 2026
#@# area and vertex vol rh Wed Mar 11 23:03:40 CET 2026
#@# Cortical ribbon mask Wed Mar 11 23:03:40 CET 2026
recon-all -s sub-v2s1x29882_ses-1 finished without error at Wed Mar 11 23:08:11 CET 2026



#New# invocation of recon-all 



status file for recon-all
Wed Mar 11 23:15:58 CET 2026
#@# white curv lh Wed Mar 11 23:15:58 CET 2026
#@# white area lh Wed Mar 11 23:15:58 CET 2026
#@# pial curv lh Wed Mar 11 23:15:58 CET 2026
#@# pial area lh Wed Mar 11 23:15:58 CET 2026
#@# thickness lh Wed Mar 11 23:15:58 CET 2026
#@# area and vertex vol lh Wed Mar 11 23:15:58 CET 2026
#@# white curv rh Wed Mar 11 23:15:58 CET 2026
#@# white area rh Wed Mar 11 23:15:59 CET 2026
#@# pial curv rh Wed Mar 11 23:15:59 CET 2026
#@# pial area rh Wed Mar 11 23:15:59 CET 2026
#@# thickness rh Wed Mar 11 23:15:59 CET 2026
#@# area and vertex vol rh Wed Mar 11 23:15:59 CET 2026
#@# Curvature Stats lh Wed Mar 11 23:15:59 CET 2026
#@# Curvature Stats rh Wed Mar 11 23:16:02 CET 2026
#@# Relabel Hypointensities Wed Mar 11 23:16:05 CET 2026
#@# APas-to-ASeg Wed Mar 11 23:16:23 CET 2026
#@# AParc-to-ASeg aparc Wed Mar 11 23:16:32 CET 2026
#@# AParc-to-ASeg aparc.a2009s Wed Mar 11 23:17:35 CET 2026
#@# AParc-to-ASeg aparc.DKTatlas Wed Mar 11 23:18:38 CET 2026
#@# WMParc Wed Mar 11 23:19:41 CET 2026
#@# ASeg Stats Wed Mar 11 23:23:52 CET 2026
recon-all -s sub-v2s1x29882_ses-1 finished without error at Wed Mar 11 23:24:34 CET 2026
