status file for recon-all
Wed Mar 11 22:05:51 CET 2026
#@# Tessellate lh Wed Mar 11 22:05:51 CET 2026
#@# Smooth1 lh Wed Mar 11 22:05:55 CET 2026
#@# Inflation1 lh Wed Mar 11 22:05:58 CET 2026
#@# QSphere lh Wed Mar 11 22:07:07 CET 2026
#@# Fix Topology lh Wed Mar 11 22:08:20 CET 2026
#@# Smooth2 lh Wed Mar 11 22:16:59 CET 2026
#@# Inflation2 lh Wed Mar 11 22:17:02 CET 2026
#@# Curv .H and .K lh Wed Mar 11 22:17:41 CET 2026
#@# Sphere lh Wed Mar 11 22:18:34 CET 2026
#@# Surf Reg lh Wed Mar 11 22:21:29 CET 2026
#@# Jacobian white lh Wed Mar 11 22:26:54 CET 2026
#@# AvgCurv lh Wed Mar 11 22:26:55 CET 2026
#@# Cortical Parc lh Wed Mar 11 22:26:56 CET 2026
#@# white curv lh Wed Mar 11 22:34:24 CET 2026
#@# white area lh Wed Mar 11 22:34:27 CET 2026
#@# pial curv lh Wed Mar 11 22:34:27 CET 2026
#@# pial area lh Wed Mar 11 22:34:30 CET 2026
#@# thickness lh Wed Mar 11 22:34:31 CET 2026
#@# area and vertex vol lh Wed Mar 11 22:35:05 CET 2026
#@# Curvature Stats lh Wed Mar 11 22:35:07 CET 2026
#@# Cortical Parc 2 lh Wed Mar 11 22:35:10 CET 2026
#@# Cortical Parc 3 lh Wed Mar 11 22:35:24 CET 2026
#@# WM/GM Contrast lh Wed Mar 11 22:35:36 CET 2026
recon-all -s sub-v2s1x29882_ses-1 finished without error at Wed Mar 11 22:35:39 CET 2026



#New# invocation of recon-all 



status file for recon-all
Wed Mar 11 23:08:16 CET 2026
#@# white curv lh Wed Mar 11 23:08:16 CET 2026
#@# white area lh Wed Mar 11 23:08:16 CET 2026
#@# pial curv lh Wed Mar 11 23:08:16 CET 2026
#@# pial area lh Wed Mar 11 23:08:16 CET 2026
#@# thickness lh Wed Mar 11 23:08:16 CET 2026
#@# area and vertex vol lh Wed Mar 11 23:08:16 CET 2026
#@# Parcellation Stats lh Wed Mar 11 23:08:16 CET 2026
#@# Parcellation Stats 2 lh Wed Mar 11 23:08:38 CET 2026
#@# Parcellation Stats 3 lh Wed Mar 11 23:08:50 CET 2026
#@# BA_exvivo Labels lh Wed Mar 11 23:09:02 CET 2026
recon-all -s sub-v2s1x29882_ses-1 finished without error at Wed Mar 11 23:12:04 CET 2026
