status file for recon-all
Wed Mar 11 22:35:43 CET 2026
#@# Tessellate rh Wed Mar 11 22:35:43 CET 2026
#@# Smooth1 rh Wed Mar 11 22:35:47 CET 2026
#@# Inflation1 rh Wed Mar 11 22:35:50 CET 2026
#@# QSphere rh Wed Mar 11 22:37:02 CET 2026
#@# Fix Topology rh Wed Mar 11 22:38:22 CET 2026
#@# Smooth2 rh Wed Mar 11 22:46:00 CET 2026
#@# Inflation2 rh Wed Mar 11 22:46:04 CET 2026
#@# Curv .H and .K rh Wed Mar 11 22:46:38 CET 2026
#@# Sphere rh Wed Mar 11 22:47:30 CET 2026
#@# Surf Reg rh Wed Mar 11 22:50:29 CET 2026
#@# Jacobian white rh Wed Mar 11 22:55:10 CET 2026
#@# AvgCurv rh Wed Mar 11 22:55:11 CET 2026
#@# Cortical Parc rh Wed Mar 11 22:55:12 CET 2026
#@# white curv rh Wed Mar 11 23:02:18 CET 2026
#@# white area rh Wed Mar 11 23:02:20 CET 2026
#@# pial curv rh Wed Mar 11 23:02:21 CET 2026
#@# pial area rh Wed Mar 11 23:02:23 CET 2026
#@# thickness rh Wed Mar 11 23:02:24 CET 2026
#@# area and vertex vol rh Wed Mar 11 23:03:01 CET 2026
#@# Curvature Stats rh Wed Mar 11 23:03:02 CET 2026
#@# Cortical Parc 2 rh Wed Mar 11 23:03:05 CET 2026
#@# Cortical Parc 3 rh Wed Mar 11 23:03:20 CET 2026
#@# WM/GM Contrast rh Wed Mar 11 23:03:32 CET 2026
recon-all -s sub-v2s1x29882_ses-1 finished without error at Wed Mar 11 23:03:35 CET 2026



#New# invocation of recon-all 



status file for recon-all
Wed Mar 11 23:12:06 CET 2026
#@# white curv rh Wed Mar 11 23:12:06 CET 2026
#@# white area rh Wed Mar 11 23:12:06 CET 2026
#@# pial curv rh Wed Mar 11 23:12:06 CET 2026
#@# pial area rh Wed Mar 11 23:12:06 CET 2026
#@# thickness rh Wed Mar 11 23:12:06 CET 2026
#@# area and vertex vol rh Wed Mar 11 23:12:06 CET 2026
#@# Parcellation Stats rh Wed Mar 11 23:12:06 CET 2026
#@# Parcellation Stats 2 rh Wed Mar 11 23:12:29 CET 2026
#@# Parcellation Stats 3 rh Wed Mar 11 23:12:41 CET 2026
#@# BA_exvivo Labels rh Wed Mar 11 23:12:52 CET 2026
recon-all -s sub-v2s1x29882_ses-1 finished without error at Wed Mar 11 23:15:53 CET 2026
