/out/sourcedata/freesurfer/sub-v2s1x29905_ses-1/mri
/opt/freesurfer/bin/talairach_avi
--i orig_nu.mgz --xfm transforms/talairach.auto.xfm
talairach_avi 7.3.2
Linux dna079 5.14.0-427.37.1.el9_4.x86_64 #1 SMP PREEMPT_DYNAMIC Fri Sep 13 12:41:50 EDT 2024 x86_64 x86_64 x86_64 GNU/Linux
Thu Mar 12 19:54:19 CET 2026
mri_convert orig_nu.mgz talsrcimg.img 
reading from orig_nu.mgz...
TR=0.00, TE=0.00, TI=0.00, flip angle=0.00
i_ras = (-1, 0, 0)
j_ras = (0, 0, -1)
k_ras = (0, 1, 0)
writing to talsrcimg.img...
Analyze Output Matrix
-0.90000   0.00000   0.00000   121.05977;
 0.00000   0.00000   0.90000  -88.67825;
 0.00000  -0.90000   0.00000   128.74258;
 0.00000   0.00000   0.00000   1.00000;
--------------------
INFO: set hdr.hist.orient to -1
mpr2mni305 talsrcimg
Thu Mar 12 19:54:19 CET 2026
/opt/freesurfer/bin/mpr2mni305 talsrcimg
mpr2mni305 7.3.2
target=711-2C_as_mni_average_305

---------------------------------------------------------------------
analyzeto4dfp talsrcimg -O0 -y
---------------------------------------------------------------------

freesurfer ifh2hdr.c
Thu Mar 12 19:54:19 2026
Writing: talsrcimg.4dfp.hdr
freesurfer analyzeto4dfp.c
Reading: talsrcimg.hdr
header size 348 bytes
hdr.dime.datatype	offset=70	value=2
hdr.dime.bitpix		offset=72	value=8
hdr.hist.orient		offset=252	value=-1
dimensionality     4
dimensions       256       256       256         1
Reading: talsrcimg.img
Writing: talsrcimg.4dfp.img
Writing: talsrcimg.4dfp.ifh
ifh2hdr talsrcimg -r0to233
ori=2

---------------------------------------------------------------------
gauss_4dfp talsrcimg 1.1
---------------------------------------------------------------------

freesurfer gauss_4dfp.c
Reading: talsrcimg.4dfp.img
Writing: talsrcimg_g11.4dfp.img
image dimensions 256 256 256 padded to 288 288 288
processing volume 1freesurfer ifh2hdr.c
Thu Mar 12 19:54:20 2026
Writing: talsrcimg_g11.4dfp.hdr

Writing: talsrcimg_g11.4dfp.ifh
including: talsrcimg.4dfp.img.rec in talsrcimg_g11.4dfp.img.rec

---------------------------------------------------------------------
imgreg_4dfp /opt/freesurfer/average/711-2C_as_mni_average_305 none talsrcimg_g11 none talsrcimg_to_711-2C_as_mni_average_305_t4 4355
---------------------------------------------------------------------

freesurfer imgreg_4dfp.c
/opt/freesurfer/average/711-2C_as_mni_average_305.4dfp.img
       256       256       256         1
  1.000000  1.000000  1.000000
orientation T byte_order littleendian
Reading image: /opt/freesurfer/average/711-2C_as_mni_average_305.4dfp.img
dimensions:      256       256       256
mmppix:       1.0000   -1.0000   -1.0000
center:     128.0000 -129.0000 -129.0000
talsrcimg_g11.4dfp.img
       256       256       256         1
  0.900000  0.900000  0.900000
orientation T byte_order littleendian
Reading image: talsrcimg_g11.4dfp.img
dimensions:      256       256       256
mmppix:       0.9000   -0.9000   -0.9000
center:     115.2000 -116.1000 -116.1000
t4_read: open error in t4_sub.f l:  41 t4_file(1:l)talsrcimg_to_711-2C_as_mni_average_305_t4 
t4_read: transform initialized to I4
rotation matrix determinant  1.000000
image alignment mode   4355 decimal     1103 hex
   -7.5000  -45.0000  -45.0000 6074.0962   17.2191
    0.0000  -45.0000  -45.0000 6086.0635   17.2029
    7.5000  -45.0000  -45.0000 5782.3213   17.1685
   -7.5000  -37.5000  -45.0000 6489.4731   18.3105
    0.0000  -37.5000  -45.0000 6499.0244   18.3047
    7.5000  -37.5000  -45.0000 6186.5669   18.2725
   -7.5000  -30.0000  -45.0000 6899.3950   18.8886
    0.0000  -30.0000  -45.0000 6911.8779   18.8945
    7.5000  -30.0000  -45.0000 6582.6201   18.8684
   -7.5000  -22.5000  -45.0000 7405.8501   18.8762
    0.0000  -22.5000  -45.0000 7427.5479   18.8838
    7.5000  -22.5000  -45.0000 7064.0698   18.8592
   -7.5000  -15.0000  -45.0000 7942.8081   18.8557
    0.0000  -15.0000  -45.0000 7978.3755   18.8508
    7.5000  -15.0000  -45.0000 7567.5166   18.8231
   -7.5000   -7.5000  -45.0000 8119.1196   18.8536
    0.0000   -7.5000  -45.0000 8139.8799   18.8364
    7.5000   -7.5000  -45.0000 7722.5703   18.8032
   -7.5000    0.0000  -45.0000 8264.3857   18.8732
    0.0000    0.0000  -45.0000 8272.8135   18.8554
    7.5000    0.0000  -45.0000 7836.7251   18.8177
   -7.5000    7.5000  -45.0000 8010.0400   18.8878
    0.0000    7.5000  -45.0000 8016.4302   18.8818
    7.5000    7.5000  -45.0000 7606.1953   18.8486
   -7.5000   15.0000  -45.0000 7862.5234   18.8886
    0.0000   15.0000  -45.0000 7858.7534   18.8945
    7.5000   15.0000  -45.0000 7458.8374   18.8684
   -7.5000   22.5000  -45.0000 7239.3296   18.6222
    0.0000   22.5000  -45.0000 7247.4307   18.6297
    7.5000   22.5000  -45.0000 6870.1807   18.6055
   -7.5000   30.0000  -45.0000 6672.0063   18.1059
    0.0000   30.0000  -45.0000 6687.1968   18.1012
    7.5000   30.0000  -45.0000 6332.9141   18.0746
   -7.5000   37.5000  -45.0000 6118.3618   17.5272
    0.0000   37.5000  -45.0000 6124.1675   17.5110
    7.5000   37.5000  -45.0000 5810.1816   17.4801
   -7.5000   45.0000  -45.0000 5594.6567   17.3819
    0.0000   45.0000  -45.0000 5591.5605   17.3606
    7.5000   45.0000  -45.0000 5308.7417   17.3196
   -7.5000  -45.0000  -37.5000 6583.4292   17.8616
    0.0000  -45.0000  -37.5000 6623.2349   17.8653
    7.5000  -45.0000  -37.5000 6273.3091   17.8301
   -7.5000  -37.5000  -37.5000 7016.9902   19.0094
    0.0000  -37.5000  -37.5000 7058.3105   19.0130
    7.5000  -37.5000  -37.5000 6690.5776   18.9761
   -7.5000  -30.0000  -37.5000 7474.0132   19.6039
    0.0000  -30.0000  -37.5000 7509.2163   19.6072
    7.5000  -30.0000  -37.5000 7117.7002   19.5683
   -7.5000  -22.5000  -37.5000 8017.0356   19.6132
    0.0000  -22.5000  -37.5000 8066.9170   19.6164
    7.5000  -22.5000  -37.5000 7634.4136   19.5752
   -7.5000  -15.0000  -37.5000 8571.8154   19.5843
    0.0000  -15.0000  -37.5000 8645.0127   19.5876
    7.5000  -15.0000  -37.5000 8153.0112   19.5477
   -7.5000   -7.5000  -37.5000 8744.2451   19.5555
    0.0000   -7.5000  -37.5000 8802.7334   19.5589
    7.5000   -7.5000  -37.5000 8305.2773   19.5207
   -7.5000    0.0000  -37.5000 8878.7998   19.5525
    0.0000    0.0000  -37.5000 8920.9990   19.5566
    7.5000    0.0000  -37.5000 8418.5029   19.5180
   -7.5000    7.5000  -37.5000 8607.9053   19.5742
    0.0000    7.5000  -37.5000 8639.8584   19.5779
    7.5000    7.5000  -37.5000 8162.0459   19.5399
   -7.5000   15.0000  -37.5000 8416.9287   19.6030
    0.0000   15.0000  -37.5000 8446.4941   19.6063
    7.5000   15.0000  -37.5000 7985.1802   19.5673
   -7.5000   22.5000  -37.5000 7732.1670   19.3510
    0.0000   22.5000  -37.5000 7761.9692   19.3541
    7.5000   22.5000  -37.5000 7332.3066   19.3135
   -7.5000   30.0000  -37.5000 7102.1709   18.8190
    0.0000   30.0000  -37.5000 7143.6182   18.8221
    7.5000   30.0000  -37.5000 6743.6411   18.7838
   -7.5000   37.5000  -37.5000 6471.4932   18.1940
    0.0000   37.5000  -37.5000 6522.0337   18.1971
    7.5000   37.5000  -37.5000 6171.1670   18.1615
   -7.5000   45.0000  -37.5000 5897.5527   17.9961
    0.0000   45.0000  -37.5000 5928.8638   17.9961
    7.5000   45.0000  -37.5000 5620.2803   17.9550
   -7.5000  -45.0000  -30.0000 7097.3364   18.4723
    0.0000  -45.0000  -30.0000 7155.0503   18.4865
    7.5000  -45.0000  -30.0000 6762.9814   18.4615
   -7.5000  -37.5000  -30.0000 7548.6655   19.6709
    0.0000  -37.5000  -30.0000 7616.0312   19.6752
    7.5000  -37.5000  -30.0000 7199.4150   19.6414
   -7.5000  -30.0000  -30.0000 8047.4585   20.2717
    0.0000  -30.0000  -30.0000 8113.4155   20.2635
    7.5000  -30.0000  -30.0000 7655.3647   20.2189
   -7.5000  -22.5000  -30.0000 8644.8926   20.2924
    0.0000  -22.5000  -30.0000 8709.3711   20.2809
    7.5000  -22.5000  -30.0000 8217.0938   20.2326
   -7.5000  -15.0000  -30.0000 9219.2861   20.2594
    0.0000  -15.0000  -30.0000 9307.3545   20.2588
    7.5000  -15.0000  -30.0000 8755.6377   20.2199
   -7.5000   -7.5000  -30.0000 9383.9619   20.2160
    0.0000   -7.5000  -30.0000 9472.9941   20.2284
    7.5000   -7.5000  -30.0000 8902.1729   20.1993
   -7.5000    0.0000  -30.0000 9495.1592   20.2001
    0.0000    0.0000  -30.0000 9564.3955   20.2157
    7.5000    0.0000  -30.0000 8993.6973   20.1883
   -7.5000    7.5000  -30.0000 9187.0127   20.2247
    0.0000    7.5000  -30.0000 9252.2324   20.2291
    7.5000    7.5000  -30.0000 8692.6924   20.1944
   -7.5000   15.0000  -30.0000 8952.6396   20.2689
    0.0000   15.0000  -30.0000 9015.5000   20.2608
    7.5000   15.0000  -30.0000 8473.2236   20.2161
   -7.5000   22.5000  -30.0000 8224.2793   20.0220
    0.0000   22.5000  -30.0000 8283.3652   20.0106
    7.5000   22.5000  -30.0000 7795.9790   19.9630
   -7.5000   30.0000  -30.0000 7543.9272   19.4819
    0.0000   30.0000  -30.0000 7599.5444   19.4812
    7.5000   30.0000  -30.0000 7163.5679   19.4438
   -7.5000   37.5000  -30.0000 6862.4819   18.8365
    0.0000   37.5000  -30.0000 6914.4590   18.8480
    7.5000   37.5000  -30.0000 6528.5312   18.8210
   -7.5000   45.0000  -30.0000 6212.3691   18.6144
    0.0000   45.0000  -30.0000 6263.0679   18.6259
    7.5000   45.0000  -30.0000 5920.0767   18.5973
   -7.5000  -45.0000  -22.5000 7591.8540   19.0092
    0.0000  -45.0000  -22.5000 7641.0659   19.0225
    7.5000  -45.0000  -22.5000 7223.0386   19.0032
   -7.5000  -37.5000  -22.5000 8069.9780   20.2489
    0.0000  -37.5000  -22.5000 8130.1333   20.2527
    7.5000  -37.5000  -22.5000 7694.8057   20.2215
   -7.5000  -30.0000  -22.5000 8600.6934   20.8313
    0.0000  -30.0000  -22.5000 8672.2939   20.8221
    7.5000  -30.0000  -22.5000 8193.0244   20.7801
   -7.5000  -22.5000  -22.5000 9265.4746   20.8456
    0.0000  -22.5000  -22.5000 9332.9668   20.8308
    7.5000  -22.5000  -22.5000 8799.6406   20.7881
   -7.5000  -15.0000  -22.5000 9866.4160   20.8179
    0.0000  -15.0000  -22.5000 9975.6709   20.8127
    7.5000  -15.0000  -22.5000 9361.6768   20.7824
   -7.5000   -7.5000  -22.500010019.1719   20.7846
    0.0000   -7.5000  -22.500010117.7158   20.7941
    7.5000   -7.5000  -22.5000 9482.4541   20.7743
   -7.5000    0.0000  -22.500010105.6172   20.7754
    0.0000    0.0000  -22.500010184.7070   20.7900
    7.5000    0.0000  -22.5000 9560.5996   20.7689
   -7.5000    7.5000  -22.5000 9755.8926   20.7930
    0.0000    7.5000  -22.5000 9821.5156   20.7970
    7.5000    7.5000  -22.5000 9220.6875   20.7650
   -7.5000   15.0000  -22.5000 9486.8535   20.8263
    0.0000   15.0000  -22.5000 9552.6162   20.8171
    7.5000   15.0000  -22.5000 8970.9688   20.7751
   -7.5000   22.5000  -22.5000 8702.0342   20.5698
    0.0000   22.5000  -22.5000 8796.1680   20.5552
    7.5000   22.5000  -22.5000 8260.5684   20.5131
   -7.5000   30.0000  -22.5000 7954.2393   20.0336
    0.0000   30.0000  -22.5000 8048.4683   20.0286
    7.5000   30.0000  -22.5000 7571.5308   19.9994
   -7.5000   37.5000  -22.5000 7203.0459   19.3960
    0.0000   37.5000  -22.5000 7278.4624   19.4048
    7.5000   37.5000  -22.5000 6875.1069   19.3864
   -7.5000   45.0000  -22.5000 6505.9111   19.1862
    0.0000   45.0000  -22.5000 6566.3579   19.1967
    7.5000   45.0000  -22.5000 6215.2432   19.1759
   -7.5000  -45.0000  -15.0000 8123.6343   19.6474
    0.0000  -45.0000  -15.0000 8168.5830   19.6476
    7.5000  -45.0000  -15.0000 7740.4844   19.6206
   -7.5000  -37.5000  -15.0000 8680.2725   20.9206
    0.0000  -37.5000  -15.0000 8727.3691   20.9217
    7.5000  -37.5000  -15.0000 8271.7607   20.8860
   -7.5000  -30.0000  -15.0000 9264.7236   21.4759
    0.0000  -30.0000  -15.0000 9327.6260   21.4761
    7.5000  -30.0000  -15.0000 8841.4121   21.4382
   -7.5000  -22.5000  -15.0000 9973.0449   21.4685
    0.0000  -22.5000  -15.000010053.4658   21.4654
    7.5000  -22.5000  -15.0000 9491.2988   21.4313
   -7.5000  -15.0000  -15.000010606.8359   21.4462
    0.0000  -15.0000  -15.000010710.6982   21.4406
    7.5000  -15.0000  -15.000010059.7539   21.4146
   -7.5000   -7.5000  -15.000010733.5771   21.4379
    0.0000   -7.5000  -15.000010825.5645   21.4345
    7.5000   -7.5000  -15.000010169.2637   21.4116
   -7.5000    0.0000  -15.000010824.0029   21.4521
    0.0000    0.0000  -15.000010922.1396   21.4523
    7.5000    0.0000  -15.000010255.2393   21.4228
   -7.5000    7.5000  -15.000010442.3828   21.4620
    0.0000    7.5000  -15.000010518.1807   21.4631
    7.5000    7.5000  -15.0000 9863.4727   21.4264
   -7.5000   15.0000  -15.000010140.3877   21.4693
    0.0000   15.0000  -15.000010195.3320   21.4695
    7.5000   15.0000  -15.0000 9560.3984   21.4316
   -7.5000   22.5000  -15.0000 9281.7178   21.1876
    0.0000   22.5000  -15.0000 9370.8203   21.1846
    7.5000   22.5000  -15.0000 8807.5781   21.1510
   -7.5000   30.0000  -15.0000 8452.8291   20.6537
    0.0000   30.0000  -15.0000 8571.2373   20.6483
    7.5000   30.0000  -15.0000 8069.0786   20.6233
   -7.5000   37.5000  -15.0000 7617.6558   20.0367
    0.0000   37.5000  -15.0000 7723.9707   20.0334
    7.5000   37.5000  -15.0000 7280.4067   20.0120
   -7.5000   45.0000  -15.0000 6861.2310   19.8594
    0.0000   45.0000  -15.0000 6927.0259   19.8554
    7.5000   45.0000  -15.0000 6555.0146   19.8263
   -7.5000  -45.0000   -7.5000 8404.7656   19.6562
    0.0000  -45.0000   -7.5000 8457.1826   19.6451
    7.5000  -45.0000   -7.5000 8022.6182   19.6058
   -7.5000  -37.5000   -7.5000 9018.6240   20.9259
    0.0000  -37.5000   -7.5000 9066.0215   20.9250
    7.5000  -37.5000   -7.5000 8607.4102   20.8832
   -7.5000  -30.0000   -7.5000 9701.5410   21.4664
    0.0000  -30.0000   -7.5000 9758.8975   21.4769
    7.5000  -30.0000   -7.5000 9261.0117   21.4417
   -7.5000  -22.5000   -7.500010400.7637   21.4471
    0.0000  -22.5000   -7.500010520.8486   21.4585
    7.5000  -22.5000   -7.5000 9929.1055   21.4296
   -7.5000  -15.0000   -7.500011003.1514   21.4283
    0.0000  -15.0000   -7.500011106.2236   21.4269
    7.5000  -15.0000   -7.500010464.9492   21.3990
   -7.5000   -7.5000   -7.500011088.5020   21.4345
    0.0000   -7.5000   -7.500011162.4873   21.4221
    7.5000   -7.5000   -7.500010536.3066   21.3886
   -7.5000    0.0000   -7.500011173.2734   21.4617
    0.0000    0.0000   -7.500011249.9590   21.4496
    7.5000    0.0000   -7.500010606.5684   21.4066
   -7.5000    7.5000   -7.500010772.1758   21.4674
    0.0000    7.5000   -7.500010819.5186   21.4665
    7.5000    7.5000   -7.500010185.9199   21.4236
   -7.5000   15.0000   -7.500010440.6494   21.4598
    0.0000   15.0000   -7.500010484.9590   21.4703
    7.5000   15.0000   -7.5000 9863.4268   21.4351
   -7.5000   22.5000   -7.5000 9570.5811   21.1665
    0.0000   22.5000   -7.5000 9659.3125   21.1778
    7.5000   22.5000   -7.5000 9088.1895   21.1493
   -7.5000   30.0000   -7.5000 8728.3408   20.6365
    0.0000   30.0000   -7.5000 8831.1729   20.6352
    7.5000   30.0000   -7.5000 8316.3105   20.6083
   -7.5000   37.5000   -7.5000 7841.4531   20.0337
    0.0000   37.5000   -7.5000 7941.6338   20.0219
    7.5000   37.5000   -7.5000 7496.3989   19.9906
   -7.5000   45.0000   -7.5000 7045.1235   19.8673
    0.0000   45.0000   -7.5000 7110.6670   19.8508
    7.5000   45.0000   -7.5000 6719.0811   19.8064
   -7.5000  -45.0000    0.0000 8528.9980   20.1586
    0.0000  -45.0000    0.0000 8571.3740   20.1486
    7.5000  -45.0000    0.0000 8133.9536   20.1013
   -7.5000  -37.5000    0.0000 9179.5918   21.4558
    0.0000  -37.5000    0.0000 9236.8105   21.4569
    7.5000  -37.5000    0.0000 8769.7305   21.4110
   -7.5000  -30.0000    0.0000 9979.5244   22.0073
    0.0000  -30.0000    0.000010080.7656   22.0216
    7.5000  -30.0000    0.0000 9546.9062   21.9833
   -7.5000  -22.5000    0.000010735.5322   21.9959
    0.0000  -22.5000    0.000010942.2578   22.0132
    7.5000  -22.5000    0.000010289.1094   21.9782
   -7.5000  -15.0000    0.000011215.9951   21.9730
    0.0000  -15.0000    0.000011348.2168   21.9773
    7.5000  -15.0000    0.000010739.6172   21.9395
   -7.5000   -7.5000    0.000011216.8926   21.9689
    0.0000   -7.5000    0.000011273.4580   21.9594
    7.5000   -7.5000    0.000010736.2969   21.9144
   -7.5000    0.0000    0.000011301.6973   21.9884
    0.0000    0.0000    0.000011363.6025   21.9775
    7.5000    0.0000    0.000010796.5693   21.9259
   -7.5000    7.5000    0.000010872.2686   21.9965
    0.0000    7.5000    0.000010926.8164   21.9977
    7.5000    7.5000    0.000010353.5605   21.9506
   -7.5000   15.0000    0.000010549.3682   21.9995
    0.0000   15.0000    0.000010615.1885   22.0138
    7.5000   15.0000    0.000010032.9756   21.9755
   -7.5000   22.5000    0.0000 9719.3750   21.7113
    0.0000   22.5000    0.0000 9809.0645   21.7283
    7.5000   22.5000    0.0000 9268.3193   21.6938
   -7.5000   30.0000    0.0000 8927.2881   21.1738
    0.0000   30.0000    0.0000 9012.7500   21.1780
    7.5000   30.0000    0.0000 8509.8438   21.1415
   -7.5000   37.5000    0.0000 8038.8066   20.5575
    0.0000   37.5000    0.0000 8113.8721   20.5485
    7.5000   37.5000    0.0000 7652.7422   20.5063
   -7.5000   45.0000    0.0000 7162.9941   20.3917
    0.0000   45.0000    0.0000 7226.6108   20.3763
    7.5000   45.0000    0.0000 6804.4917   20.3214
   -7.5000  -45.0000    7.5000 8291.2383   20.1667
    0.0000  -45.0000    7.5000 8343.0967   20.1724
    7.5000  -45.0000    7.5000 7907.8667   20.1335
   -7.5000  -37.5000    7.5000 8932.7275   21.4744
    0.0000  -37.5000    7.5000 8983.6748   21.4794
    7.5000  -37.5000    7.5000 8534.7607   21.4376
   -7.5000  -30.0000    7.5000 9797.3613   22.0565
    0.0000  -30.0000    7.5000 9966.9531   22.0613
    7.5000  -30.0000    7.5000 9368.7861   22.0170
   -7.5000  -22.5000    7.500010704.9990   22.0671
    0.0000  -22.5000    7.500010958.2393   22.0726
    7.5000  -22.5000    7.500010254.8037   22.0264
   -7.5000  -15.0000    7.500011150.6914   22.0343
    0.0000  -15.0000    7.500011225.4658   22.0404
    7.5000  -15.0000    7.500010736.1523   21.9966
   -7.5000   -7.5000    7.500011042.7500   22.0010
    0.0000   -7.5000    7.500011011.2578   22.0073
    7.5000   -7.5000    7.500010659.7598   21.9656
   -7.5000    0.0000    7.500011050.9473   21.9972
    0.0000    0.0000    7.500011060.9551   22.0035
    7.5000    0.0000    7.500010665.5566   21.9610
   -7.5000    7.5000    7.500010611.8193   22.0156
    0.0000    7.5000    7.500010645.5791   22.0207
    7.5000    7.5000    7.500010181.6211   21.9779
   -7.5000   15.0000    7.500010363.7627   22.0487
    0.0000   15.0000    7.500010419.4814   22.0535
    7.5000   15.0000    7.5000 9860.8496   22.0092
   -7.5000   22.5000    7.5000 9598.3271   21.7815
    0.0000   22.5000    7.5000 9661.4336   21.7869
    7.5000   22.5000    7.5000 9087.3086   21.7414
   -7.5000   30.0000    7.5000 8819.3145   21.2329
    0.0000   30.0000    7.5000 8887.2734   21.2388
    7.5000   30.0000    7.5000 8322.2021   21.1966
   -7.5000   37.5000    7.5000 7941.2603   20.5871
    0.0000   37.5000    7.5000 7995.1748   20.5929
    7.5000   37.5000    7.5000 7487.0688   20.5539
   -7.5000   45.0000    7.5000 7047.6191   20.3991
    0.0000   45.0000    7.5000 7084.6616   20.4009
    7.5000   45.0000    7.5000 6632.6514   20.3553
   -7.5000  -45.0000   15.0000 8292.7432   20.1903
    0.0000  -45.0000   15.0000 8340.0928   20.2075
    7.5000  -45.0000   15.0000 7972.2061   20.1814
   -7.5000  -37.5000   15.0000 8963.9053   21.5026
    0.0000  -37.5000   15.0000 9026.1836   21.5086
    7.5000  -37.5000   15.0000 8615.0400   21.4727
   -7.5000  -30.0000   15.0000 9848.8750   22.1007
    0.0000  -30.0000   15.0000 9993.4189   22.0933
    7.5000  -30.0000   15.0000 9455.8311   22.0458
   -7.5000  -22.5000   15.000010774.2998   22.1243
    0.0000  -22.5000   15.000010926.6562   22.1136
    7.5000  -22.5000   15.000010325.1768   22.0628
   -7.5000  -15.0000   15.000011431.2930   22.0891
    0.0000  -15.0000   15.000011458.2686   22.0906
    7.5000  -15.0000   15.000010878.2549   22.0504
   -7.5000   -7.5000   15.000011475.0664   22.0414
    0.0000   -7.5000   15.000011432.4141   22.0571
    7.5000   -7.5000   15.000010878.5391   22.0274
   -7.5000    0.0000   15.000011467.3945   22.0230
    0.0000    0.0000   15.000011419.5537   22.0417
    7.5000    0.0000   15.000010860.7744   22.0133
   -7.5000    7.5000   15.000010911.8926   22.0444
    0.0000    7.5000   15.000010852.2773   22.0507
    7.5000    7.5000   15.000010298.9297   22.0138
   -7.5000   15.0000   15.000010564.8018   22.0929
    0.0000   15.0000   15.000010525.7695   22.0855
    7.5000   15.0000   15.0000 9949.7773   22.0380
   -7.5000   22.5000   15.0000 9715.7119   21.8380
    0.0000   22.5000   15.0000 9729.6895   21.8275
    7.5000   22.5000   15.0000 9151.8955   21.7773
   -7.5000   30.0000   15.0000 8901.0146   21.2858
    0.0000   30.0000   15.0000 8941.5420   21.2872
    7.5000   30.0000   15.0000 8384.8936   21.2484
   -7.5000   37.5000   15.0000 8035.2441   20.6247
    0.0000   37.5000   15.0000 8058.3599   20.6393
    7.5000   37.5000   15.0000 7556.3081   20.6116
   -7.5000   45.0000   15.0000 7121.5283   20.4250
    0.0000   45.0000   15.0000 7154.3291   20.4393
    7.5000   45.0000   15.0000 6694.4189   20.4094
   -7.5000  -45.0000   22.5000 7930.9482   20.5150
    0.0000  -45.0000   22.5000 8025.0215   20.5298
    7.5000  -45.0000   22.5000 7629.8486   20.5092
   -7.5000  -37.5000   22.5000 8526.4697   21.8453
    0.0000  -37.5000   22.5000 8609.2129   21.8495
    7.5000  -37.5000   22.5000 8197.2031   21.8154
   -7.5000  -30.0000   22.5000 9240.4795   22.4418
    0.0000  -30.0000   22.5000 9290.8047   22.4318
    7.5000  -30.0000   22.5000 8862.0537   22.3852
   -7.5000  -22.5000   22.500010036.8438   22.4574
    0.0000  -22.5000   22.500010049.6797   22.4415
    7.5000  -22.5000   22.5000 9563.8613   22.3942
   -7.5000  -15.0000   22.500010702.3760   22.4252
    0.0000  -15.0000   22.500010700.6924   22.4201
    7.5000  -15.0000   22.500010144.5322   22.3869
   -7.5000   -7.5000   22.500010839.0244   22.3872
    0.0000   -7.5000   22.500010841.7402   22.3980
    7.5000   -7.5000   22.500010251.0820   22.3769
   -7.5000    0.0000   22.500010910.2324   22.3772
    0.0000    0.0000   22.500010906.8174   22.3933
    7.5000    0.0000   22.500010314.3984   22.3708
   -7.5000    7.5000   22.500010331.2734   22.3958
    0.0000    7.5000   22.500010310.5381   22.4001
    7.5000    7.5000   22.5000 9763.7783   22.3651
   -7.5000   15.0000   22.5000 9944.3164   22.4338
    0.0000   15.0000   22.5000 9923.4326   22.4238
    7.5000   15.0000   22.5000 9404.4385   22.3773
   -7.5000   22.5000   22.5000 9162.8887   22.1668
    0.0000   22.5000   22.5000 9167.5010   22.1510
    7.5000   22.5000   22.5000 8685.9648   22.1044
   -7.5000   30.0000   22.5000 8414.5225   21.6097
    0.0000   30.0000   22.5000 8433.3457   21.6047
    7.5000   30.0000   22.5000 7966.5483   21.5727
   -7.5000   37.5000   22.5000 7608.5908   20.9486
    0.0000   37.5000   22.5000 7618.0342   20.9587
    7.5000   37.5000   22.5000 7190.0068   20.9390
   -7.5000   45.0000   22.5000 6758.9756   20.7652
    0.0000   45.0000   22.5000 6771.6504   20.7768
    7.5000   45.0000   22.5000 6381.1885   20.7546
   -7.5000  -45.0000   30.0000 7546.4229   20.9025
    0.0000  -45.0000   30.0000 7642.2427   20.9021
    7.5000  -45.0000   30.0000 7214.8633   20.8735
   -7.5000  -37.5000   30.0000 8043.0615   22.2569
    0.0000  -37.5000   30.0000 8123.1553   22.2579
    7.5000  -37.5000   30.0000 7687.8975   22.2197
   -7.5000  -30.0000   30.0000 8624.2559   22.8333
    0.0000  -30.0000   30.0000 8662.7627   22.8340
    7.5000  -30.0000   30.0000 8234.5996   22.7932
   -7.5000  -22.5000   30.0000 9280.4199   22.8221
    0.0000  -22.5000   30.0000 9298.1240   22.8194
    7.5000  -22.5000   30.0000 8855.1230   22.7825
   -7.5000  -15.0000   30.0000 9888.7031   22.7998
    0.0000  -15.0000   30.0000 9928.3594   22.7937
    7.5000  -15.0000   30.0000 9446.4082   22.7656
   -7.5000   -7.5000   30.000010043.2061   22.7952
    0.0000   -7.5000   30.000010111.9160   22.7910
    7.5000   -7.5000   30.0000 9614.4121   22.7665
   -7.5000    0.0000   30.000010148.0713   22.8137
    0.0000    0.0000   30.000010210.6523   22.8133
    7.5000    0.0000   30.0000 9705.7178   22.7820
   -7.5000    7.5000   30.0000 9629.5703   22.8217
    0.0000    7.5000   30.0000 9658.7051   22.8227
    7.5000    7.5000   30.0000 9161.3359   22.7835
   -7.5000   15.0000   30.0000 9285.8984   22.8251
    0.0000   15.0000   30.0000 9303.8174   22.8258
    7.5000   15.0000   30.0000 8816.0625   22.7851
   -7.5000   22.5000   30.0000 8556.8789   22.5248
    0.0000   22.5000   30.0000 8571.3643   22.5221
    7.5000   22.5000   30.0000 8121.8350   22.4857
   -7.5000   30.0000   30.0000 7849.5103   21.9807
    0.0000   30.0000   30.0000 7864.9507   21.9747
    7.5000   30.0000   30.0000 7441.0913   21.9477
   -7.5000   37.5000   30.0000 7111.3467   21.3512
    0.0000   37.5000   30.0000 7129.7148   21.3470
    7.5000   37.5000   30.0000 6723.5903   21.3242
   -7.5000   45.0000   30.0000 6344.5371   21.2160
    0.0000   45.0000   30.0000 6358.2534   21.2108
    7.5000   45.0000   30.0000 5990.6450   21.1797
   -7.5000  -45.0000   37.5000 7073.3511   21.1710
    0.0000  -45.0000   37.5000 7161.8228   21.1609
    7.5000  -45.0000   37.5000 6790.9321   21.1242
   -7.5000  -37.5000   37.5000 7512.8398   22.5563
    0.0000  -37.5000   37.5000 7590.6997   22.5578
    7.5000  -37.5000   37.5000 7216.5264   22.5182
   -7.5000  -30.0000   37.5000 8020.4556   23.1262
    0.0000  -30.0000   37.5000 8068.5239   23.1401
    7.5000  -30.0000   37.5000 7701.8379   23.1073
   -7.5000  -22.5000   37.5000 8606.7383   23.1076
    0.0000  -22.5000   37.5000 8649.6543   23.1220
    7.5000  -22.5000   37.5000 8274.4795   23.0959
   -7.5000  -15.0000   37.5000 9167.4082   23.0756
    0.0000  -15.0000   37.5000 9232.6748   23.0756
    7.5000  -15.0000   37.5000 8815.1543   23.0510
   -7.5000   -7.5000   37.5000 9347.1182   23.0695
    0.0000   -7.5000   37.5000 9415.8008   23.0576
    7.5000   -7.5000   37.5000 8982.8955   23.0277
   -7.5000    0.0000   37.5000 9470.7100   23.0977
    0.0000    0.0000   37.5000 9533.3535   23.0867
    7.5000    0.0000   37.5000 9107.3701   23.0467
   -7.5000    7.5000   37.5000 8973.7900   23.1143
    0.0000    7.5000   37.5000 9003.8096   23.1159
    7.5000    7.5000   37.5000 8596.0840   23.0753
   -7.5000   15.0000   37.5000 8661.5166   23.1178
    0.0000   15.0000   37.5000 8686.2275   23.1317
    7.5000   15.0000   37.5000 8289.6777   23.0989
   -7.5000   22.5000   37.5000 7977.4980   22.8026
    0.0000   22.5000   37.5000 7987.2251   22.8168
    7.5000   22.5000   37.5000 7613.7314   22.7910
   -7.5000   30.0000   37.5000 7286.3154   22.2464
    0.0000   30.0000   37.5000 7294.6670   22.2464
    7.5000   30.0000   37.5000 6937.9980   22.2227
   -7.5000   37.5000   37.5000 6586.6523   21.6088
    0.0000   37.5000   37.5000 6589.3311   21.5975
    7.5000   37.5000   37.5000 6268.0811   21.5695
   -7.5000   45.0000   37.5000 5911.7705   21.4922
    0.0000   45.0000   37.5000 5898.1880   21.4758
    7.5000   45.0000   37.5000 5599.4780   21.4333
   -7.5000  -45.0000   45.0000 6634.9775   21.4391
    0.0000  -45.0000   45.0000 6697.8770   21.4302
    7.5000  -45.0000   45.0000 6357.8916   21.3773
   -7.5000  -37.5000   45.0000 7033.0552   22.8457
    0.0000  -37.5000   45.0000 7103.5010   22.8490
    7.5000  -37.5000   45.0000 6743.9663   22.7959
   -7.5000  -30.0000   45.0000 7470.8213   23.4256
    0.0000  -30.0000   45.0000 7535.4565   23.4415
    7.5000  -30.0000   45.0000 7164.6230   23.3935
   -7.5000  -22.5000   45.0000 7996.4219   23.4324
    0.0000  -22.5000   45.0000 8059.3823   23.4497
    7.5000  -22.5000   45.0000 7693.4600   23.4034
   -7.5000  -15.0000   45.0000 8495.8857   23.3992
    0.0000  -15.0000   45.0000 8568.5244   23.4023
    7.5000  -15.0000   45.0000 8174.9111   23.3542
   -7.5000   -7.5000   45.0000 8662.1631   23.3681
    0.0000   -7.5000   45.0000 8730.8125   23.3579
    7.5000   -7.5000   45.0000 8318.6533   23.3054
   -7.5000    0.0000   45.0000 8797.3594   23.3700
    0.0000    0.0000   45.0000 8842.5098   23.3603
    7.5000    0.0000   45.0000 8434.2295   23.3026
   -7.5000    7.5000   45.0000 8317.1436   23.3884
    0.0000    7.5000   45.0000 8357.3203   23.3918
    7.5000    7.5000   45.0000 7966.2559   23.3374
   -7.5000   15.0000   45.0000 8035.4883   23.4168
    0.0000   15.0000   45.0000 8075.0049   23.4327
    7.5000   15.0000   45.0000 7694.1528   23.3848
   -7.5000   22.5000   45.0000 7380.3730   23.1200
    0.0000   22.5000   45.0000 7406.5913   23.1371
    7.5000   22.5000   45.0000 7058.2891   23.0914
   -7.5000   30.0000   45.0000 6730.0728   22.5561
    0.0000   30.0000   45.0000 6754.1851   22.5591
    7.5000   30.0000   45.0000 6416.1021   22.5128
   -7.5000   37.5000   45.0000 6084.9800   21.8828
    0.0000   37.5000   45.0000 6091.1421   21.8730
    7.5000   37.5000   45.0000 5788.8027   21.8238
   -7.5000   45.0000   45.0000 5443.3560   21.7429
    0.0000   45.0000   45.0000 5443.4658   21.7274
    7.5000   45.0000   45.0000 5168.3569   21.6650

---------------------------------------------------------------------
imgreg_4dfp /opt/freesurfer/average/711-2C_as_mni_average_305 /opt/freesurfer/average/711-2B_as_mni_average_305_mask talsrcimg_g11 none talsrcimg_to_711-2C_as_mni_average_305_t4 4355
---------------------------------------------------------------------

freesurfer imgreg_4dfp.c
/opt/freesurfer/average/711-2C_as_mni_average_305.4dfp.img
       256       256       256         1
  1.000000  1.000000  1.000000
orientation T byte_order littleendian
Reading image: /opt/freesurfer/average/711-2C_as_mni_average_305.4dfp.img
dimensions:      256       256       256
mmppix:       1.0000   -1.0000   -1.0000
center:     128.0000 -129.0000 -129.0000
/opt/freesurfer/average/711-2B_as_mni_average_305_mask.4dfp.img
       256       256       256         1
  1.000000  1.000000  1.000000
orientation T byte_order littleendian
Reading mask: /opt/freesurfer/average/711-2B_as_mni_average_305_mask.4dfp.img (2306576 pixels)
talsrcimg_g11.4dfp.img
       256       256       256         1
  0.900000  0.900000  0.900000
orientation T byte_order littleendian
Reading image: talsrcimg_g11.4dfp.img
dimensions:      256       256       256
mmppix:       0.9000   -0.9000   -0.9000
center:     115.2000 -116.1000 -116.1000
rotation matrix determinant  1.000000
image alignment mode   4355 decimal     1103 hex
  -15.0000  -52.5000  -30.0000 2168.1270   22.8795
   -7.5000  -52.5000  -30.0000 2194.4609   22.3679
    0.0000  -52.5000  -30.0000 2198.3804   22.4106
  -15.0000  -45.0000  -30.0000 2291.7185   21.2389
   -7.5000  -45.0000  -30.0000 2324.0198   20.7888
    0.0000  -45.0000  -30.0000 2328.7393   20.8142
  -15.0000  -37.5000  -30.0000 2362.9512   19.9104
   -7.5000  -37.5000  -30.0000 2389.3743   19.4653
    0.0000  -37.5000  -30.0000 2396.1018   19.4356
  -15.0000  -30.0000  -30.0000 2413.4160   18.8287
   -7.5000  -30.0000  -30.0000 2446.2563   18.4133
    0.0000  -30.0000  -30.0000 2450.2043   18.3801
  -15.0000  -22.5000  -30.0000 2453.5864   18.0254
   -7.5000  -22.5000  -30.0000 2482.5654   17.6392
    0.0000  -22.5000  -30.0000 2489.2312   17.6173
  -15.0000  -15.0000  -30.0000 2469.7915   17.6053
   -7.5000  -15.0000  -30.0000 2499.0654   17.2193
    0.0000  -15.0000  -30.0000 2507.7043   17.2045
  -15.0000   -7.5000  -30.0000 2465.6245   17.6411
   -7.5000   -7.5000  -30.0000 2495.5706   17.2350
    0.0000   -7.5000  -30.0000 2502.8389   17.1737
  -15.0000    0.0000  -30.0000 2436.9819   17.9522
   -7.5000    0.0000  -30.0000 2476.7231   17.4891
    0.0000    0.0000  -30.0000 2483.8000   17.4043
  -15.0000    7.5000  -30.0000 2397.2087   18.5874
   -7.5000    7.5000  -30.0000 2439.0479   18.1015
    0.0000    7.5000  -30.0000 2449.0925   17.9862
  -15.0000   15.0000  -30.0000 2336.4827   19.6966
   -7.5000   15.0000  -30.0000 2376.8215   19.1315
    0.0000   15.0000  -30.0000 2388.9453   19.0110
  -15.0000   22.5000  -30.0000 2248.7356   21.1129
   -7.5000   22.5000  -30.0000 2291.6624   20.5250
    0.0000   22.5000  -30.0000 2304.6516   20.4132
  -15.0000   30.0000  -30.0000 2144.9854   22.9461
   -7.5000   30.0000  -30.0000 2187.1565   22.3262
    0.0000   30.0000  -30.0000 2198.5767   22.1869
  -15.0000   37.5000  -30.0000 1998.7610   25.2721
   -7.5000   37.5000  -30.0000 2045.4561   24.5774
    0.0000   37.5000  -30.0000 2054.1191   24.4195
  -15.0000  -52.5000  -22.5000 2273.1299   22.1231
   -7.5000  -52.5000  -22.5000 2310.9863   21.6234
    0.0000  -52.5000  -22.5000 2314.8530   21.6087
  -15.0000  -45.0000  -22.5000 2406.7629   20.5062
   -7.5000  -45.0000  -22.5000 2443.4995   20.0630
    0.0000  -45.0000  -22.5000 2447.9548   20.0526
  -15.0000  -37.5000  -22.5000 2483.1248   19.2001
   -7.5000  -37.5000  -22.5000 2513.0798   18.7730
    0.0000  -37.5000  -22.5000 2519.4294   18.7590
  -15.0000  -30.0000  -22.5000 2538.7993   18.1372
   -7.5000  -30.0000  -22.5000 2566.9292   17.7116
    0.0000  -30.0000  -22.5000 2577.2939   17.6957
  -15.0000  -22.5000  -22.5000 2586.7917   17.3445
   -7.5000  -22.5000  -22.5000 2621.5688   16.9276
    0.0000  -22.5000  -22.5000 2629.8992   16.8980
  -15.0000  -15.0000  -22.5000 2614.7212   16.8886
   -7.5000  -15.0000  -22.5000 2648.7747   16.5005
    0.0000  -15.0000  -22.5000 2658.0015   16.4539
  -15.0000   -7.5000  -22.5000 2611.9316   16.9017
   -7.5000   -7.5000  -22.5000 2651.3093   16.4935
    0.0000   -7.5000  -22.5000 2661.3572   16.4299
  -15.0000    0.0000  -22.5000 2580.2588   17.2450
   -7.5000    0.0000  -22.5000 2628.1252   16.7880
    0.0000    0.0000  -22.5000 2641.5649   16.7202
  -15.0000    7.5000  -22.5000 2534.8293   17.8741
   -7.5000    7.5000  -22.5000 2584.7041   17.3764
    0.0000    7.5000  -22.5000 2601.9639   17.3035
  -15.0000   15.0000  -22.5000 2465.2605   18.8635
   -7.5000   15.0000  -22.5000 2513.8142   18.3212
    0.0000   15.0000  -22.5000 2531.4692   18.2225
  -15.0000   22.5000  -22.5000 2374.6069   20.2891
   -7.5000   22.5000  -22.5000 2426.5400   19.6929
    0.0000   22.5000  -22.5000 2445.1389   19.5900
  -15.0000   30.0000  -22.5000 2266.1357   22.1860
   -7.5000   30.0000  -22.5000 2316.9102   21.5004
    0.0000   30.0000  -22.5000 2333.5281   21.3669
  -15.0000   37.5000  -22.5000 2112.3433   24.4404
   -7.5000   37.5000  -22.5000 2156.4727   23.6946
    0.0000   37.5000  -22.5000 2169.8496   23.5448
  -15.0000  -52.5000  -15.0000 2356.2476   21.3112
   -7.5000  -52.5000  -15.0000 2393.4993   20.7980
    0.0000  -52.5000  -15.0000 2396.4404   20.8212
  -15.0000  -45.0000  -15.0000 2491.7622   19.7280
   -7.5000  -45.0000  -15.0000 2527.6296   19.2654
    0.0000  -45.0000  -15.0000 2529.0583   19.2535
  -15.0000  -37.5000  -15.0000 2576.3174   18.3986
   -7.5000  -37.5000  -15.0000 2610.9683   17.9827
    0.0000  -37.5000  -15.0000 2616.2068   17.9684
  -15.0000  -30.0000  -15.0000 2636.5417   17.3337
   -7.5000  -30.0000  -15.0000 2667.5874   16.9429
    0.0000  -30.0000  -15.0000 2680.4102   16.9465
  -15.0000  -22.5000  -15.0000 2683.5334   16.5235
   -7.5000  -22.5000  -15.0000 2728.8933   16.1380
    0.0000  -22.5000  -15.0000 2739.8271   16.1136
  -15.0000  -15.0000  -15.0000 2723.0139   16.0487
   -7.5000  -15.0000  -15.0000 2762.9021   15.6324
    0.0000  -15.0000  -15.0000 2775.3699   15.6091
  -15.0000   -7.5000  -15.0000 2722.4294   16.0596
   -7.5000   -7.5000  -15.0000 2768.9092   15.5946
    0.0000   -7.5000  -15.0000 2785.1631   15.5563
  -15.0000    0.0000  -15.0000 2695.4607   16.3729
   -7.5000    0.0000  -15.0000 2746.0649   15.8954
    0.0000    0.0000  -15.0000 2768.3174   15.8474
  -15.0000    7.5000  -15.0000 2649.0466   17.0463
   -7.5000    7.5000  -15.0000 2703.7273   16.5278
    0.0000    7.5000  -15.0000 2725.2944   16.4706
  -15.0000   15.0000  -15.0000 2577.1184   17.9781
   -7.5000   15.0000  -15.0000 2631.1704   17.4410
    0.0000   15.0000  -15.0000 2645.5632   17.3551
  -15.0000   22.5000  -15.0000 2473.4312   19.3823
   -7.5000   22.5000  -15.0000 2529.8521   18.7632
    0.0000   22.5000  -15.0000 2545.1460   18.6579
  -15.0000   30.0000  -15.0000 2354.7139   21.2439
   -7.5000   30.0000  -15.0000 2406.7473   20.5862
    0.0000   30.0000  -15.0000 2429.9875   20.4497
  -15.0000   37.5000  -15.0000 2190.1680   23.4968
   -7.5000   37.5000  -15.0000 2236.2847   22.7859
    0.0000   37.5000  -15.0000 2253.9978   22.6239
  -15.0000  -52.5000   -7.5000 2390.5684   20.5663
   -7.5000  -52.5000   -7.5000 2428.9797   20.0278
    0.0000  -52.5000   -7.5000 2437.6956   20.0285
  -15.0000  -45.0000   -7.5000 2528.2698   18.9726
   -7.5000  -45.0000   -7.5000 2566.3975   18.4719
    0.0000  -45.0000   -7.5000 2576.0894   18.4406
  -15.0000  -37.5000   -7.5000 2626.6042   17.6378
   -7.5000  -37.5000   -7.5000 2663.9333   17.1689
    0.0000  -37.5000   -7.5000 2672.6885   17.1473
  -15.0000  -30.0000   -7.5000 2694.5286   16.5678
   -7.5000  -30.0000   -7.5000 2738.3230   16.1495
    0.0000  -30.0000   -7.5000 2750.4580   16.1333
  -15.0000  -22.5000   -7.5000 2742.5444   15.7299
   -7.5000  -22.5000   -7.5000 2796.8948   15.3241
    0.0000  -22.5000   -7.5000 2815.2551   15.3094
  -15.0000  -15.0000   -7.5000 2784.7446   15.2258
   -7.5000  -15.0000   -7.5000 2830.2810   14.7324
    0.0000  -15.0000   -7.5000 2848.8508   14.7114
  -15.0000   -7.5000   -7.5000 2795.6184   15.2021
   -7.5000   -7.5000   -7.5000 2843.2520   14.6500
    0.0000   -7.5000   -7.5000 2858.0366   14.5909
  -15.0000    0.0000   -7.5000 2772.9871   15.5104
   -7.5000    0.0000   -7.5000 2825.1013   14.9426
    0.0000    0.0000   -7.5000 2846.5889   14.8628
  -15.0000    7.5000   -7.5000 2720.3381   16.1712
   -7.5000    7.5000   -7.5000 2778.5486   15.5979
    0.0000    7.5000   -7.5000 2795.9490   15.5038
  -15.0000   15.0000   -7.5000 2641.9448   17.1238
   -7.5000   15.0000   -7.5000 2700.6675   16.5356
    0.0000   15.0000   -7.5000 2712.7151   16.4464
  -15.0000   22.5000   -7.5000 2530.8640   18.5184
   -7.5000   22.5000   -7.5000 2586.6350   17.9154
    0.0000   22.5000   -7.5000 2604.8655   17.8078
  -15.0000   30.0000   -7.5000 2401.9900   20.3806
   -7.5000   30.0000   -7.5000 2458.5039   19.7195
    0.0000   30.0000   -7.5000 2479.7285   19.6205
  -15.0000   37.5000   -7.5000 2229.5259   22.6076
   -7.5000   37.5000   -7.5000 2284.1279   21.8770
    0.0000   37.5000   -7.5000 2300.7234   21.7803
  -15.0000  -52.5000    0.0000 2428.6509   20.3831
   -7.5000  -52.5000    0.0000 2467.9392   19.6941
    0.0000  -52.5000    0.0000 2479.8652   19.6475
  -15.0000  -45.0000    0.0000 2568.0139   18.7155
   -7.5000  -45.0000    0.0000 2610.2607   18.0901
    0.0000  -45.0000    0.0000 2623.9597   17.9965
  -15.0000  -37.5000    0.0000 2670.7549   17.3337
   -7.5000  -37.5000    0.0000 2709.9902   16.7292
    0.0000  -37.5000    0.0000 2724.7715   16.6835
  -15.0000  -30.0000    0.0000 2754.4741   16.2338
   -7.5000  -30.0000    0.0000 2799.8167   15.7247
    0.0000  -30.0000    0.0000 2819.0466   15.7036
  -15.0000  -22.5000    0.0000 2806.4561   15.3726
   -7.5000  -22.5000    0.0000 2868.3577   14.9152
    0.0000  -22.5000    0.0000 2893.0950   14.9029
  -15.0000  -15.0000    0.0000 2848.5659   14.7923
   -7.5000  -15.0000    0.0000 2894.5349   14.1763
    0.0000  -15.0000    0.0000 2920.2473   14.1250
  -15.0000   -7.5000    0.0000 2863.9363   14.7095
   -7.5000   -7.5000    0.0000 2907.1050   13.9864
    0.0000   -7.5000    0.0000 2922.3574   13.8753
  -15.0000    0.0000    0.0000 2839.7134   15.0348
   -7.5000    0.0000    0.0000 2889.4509   14.3090
    0.0000    0.0000    0.0000 2904.1506   14.1799
  -15.0000    7.5000    0.0000 2784.3550   15.7406
   -7.5000    7.5000    0.0000 2835.2461   15.0266
    0.0000    7.5000    0.0000 2852.3442   14.8817
  -15.0000   15.0000    0.0000 2698.3806   16.8092
   -7.5000   15.0000    0.0000 2748.3320   16.0849
    0.0000   15.0000    0.0000 2767.2920   15.9661
  -15.0000   22.5000    0.0000 2584.5618   18.2646
   -7.5000   22.5000    0.0000 2633.5688   17.4990
    0.0000   22.5000    0.0000 2654.3708   17.4330
  -15.0000   30.0000    0.0000 2454.7773   20.1668
   -7.5000   30.0000    0.0000 2509.0095   19.3259
    0.0000   30.0000    0.0000 2530.3635   19.2757
  -15.0000   37.5000    0.0000 2279.7771   22.3283
   -7.5000   37.5000    0.0000 2326.9399   21.4493
    0.0000   37.5000    0.0000 2343.4065   21.3757
  -15.0000  -52.5000    7.5000 2449.0979   20.0805
   -7.5000  -52.5000    7.5000 2486.5452   19.3694
    0.0000  -52.5000    7.5000 2494.2917   19.2261
  -15.0000  -45.0000    7.5000 2586.5447   18.3814
   -7.5000  -45.0000    7.5000 2627.5381   17.7274
    0.0000  -45.0000    7.5000 2637.6128   17.5594
  -15.0000  -37.5000    7.5000 2684.8672   17.0345
   -7.5000  -37.5000    7.5000 2733.6367   16.4062
    0.0000  -37.5000    7.5000 2749.7129   16.2437
  -15.0000  -30.0000    7.5000 2780.4529   15.9943
   -7.5000  -30.0000    7.5000 2830.8901   15.4414
    0.0000  -30.0000    7.5000 2850.7874   15.2960
  -15.0000  -22.5000    7.5000 2848.7634   15.1750
   -7.5000  -22.5000    7.5000 2913.7896   14.7198
    0.0000  -22.5000    7.5000 2947.1792   14.6237
  -15.0000  -15.0000    7.5000 2890.8586   14.6070
   -7.5000  -15.0000    7.5000 2944.9067   13.9819
    0.0000  -15.0000    7.5000 2983.1287   13.8277
  -15.0000   -7.5000    7.5000 2903.4958   14.4793
   -7.5000   -7.5000    7.5000 2943.8921   13.6296
    0.0000   -7.5000    7.5000 2954.5681   13.3656
  -15.0000    0.0000    7.5000 2870.0042   14.7873
   -7.5000    0.0000    7.5000 2915.9287   13.9475
    0.0000    0.0000    7.5000 2930.2341   13.7076
  -15.0000    7.5000    7.5000 2809.5872   15.4817
   -7.5000    7.5000    7.5000 2857.6658   14.7128
    0.0000    7.5000    7.5000 2876.6421   14.5445
  -15.0000   15.0000    7.5000 2719.3333   16.5960
   -7.5000   15.0000    7.5000 2771.2944   15.8797
    0.0000   15.0000    7.5000 2788.8503   15.7219
  -15.0000   22.5000    7.5000 2602.6072   18.0849
   -7.5000   22.5000    7.5000 2657.8047   17.3794
    0.0000   22.5000    7.5000 2673.7068   17.2408
  -15.0000   30.0000    7.5000 2467.7178   19.9406
   -7.5000   30.0000    7.5000 2524.7449   19.1954
    0.0000   30.0000    7.5000 2546.3503   19.0556
  -15.0000   37.5000    7.5000 2293.4661   22.0284
   -7.5000   37.5000    7.5000 2341.9863   21.2745
    0.0000   37.5000    7.5000 2358.9482   21.1378
  -15.0000  -52.5000   15.0000 2452.1572   20.0400
   -7.5000  -52.5000   15.0000 2485.0403   19.2406
    0.0000  -52.5000   15.0000 2499.1721   19.0638
  -15.0000  -45.0000   15.0000 2591.3894   18.3003
   -7.5000  -45.0000   15.0000 2628.3318   17.5460
    0.0000  -45.0000   15.0000 2639.6096   17.3548
  -15.0000  -37.5000   15.0000 2700.4868   16.9110
   -7.5000  -37.5000   15.0000 2744.4700   16.2017
    0.0000  -37.5000   15.0000 2757.3589   15.9629
  -15.0000  -30.0000   15.0000 2793.9048   15.8886
   -7.5000  -30.0000   15.0000 2842.3877   15.2735
    0.0000  -30.0000   15.0000 2863.1819   14.9899
  -15.0000  -22.5000   15.0000 2861.9824   15.1129
   -7.5000  -22.5000   15.0000 2925.7969   14.6179
    0.0000  -22.5000   15.0000 2963.5747   14.4209
  -15.0000  -15.0000   15.0000 2903.4209   14.6781
   -7.5000  -15.0000   15.0000 2977.1980   14.1052
    0.0000  -15.0000   15.0000 3010.4001   13.7651
  -15.0000   -7.5000   15.0000 2906.8906   14.5840
   -7.5000   -7.5000   15.0000 2980.3848   13.9360
    0.0000   -7.5000   15.0000 2997.6184   13.5880
  -15.0000    0.0000   15.0000 2868.6042   14.8246
   -7.5000    0.0000   15.0000 2929.7061   14.1401
    0.0000    0.0000   15.0000 2949.6191   13.9099
  -15.0000    7.5000   15.0000 2803.6609   15.4617
   -7.5000    7.5000   15.0000 2862.7917   14.8151
    0.0000    7.5000   15.0000 2878.0435   14.5966
  -15.0000   15.0000   15.0000 2714.0142   16.5616
   -7.5000   15.0000   15.0000 2771.0955   15.9140
    0.0000   15.0000   15.0000 2786.8752   15.6881
  -15.0000   22.5000   15.0000 2593.3091   18.0683
   -7.5000   22.5000   15.0000 2651.9536   17.4097
    0.0000   22.5000   15.0000 2671.3796   17.1896
  -15.0000   30.0000   15.0000 2463.0276   19.9214
   -7.5000   30.0000   15.0000 2522.4385   19.2331
    0.0000   30.0000   15.0000 2544.9924   19.0631
  -15.0000   37.5000   15.0000 2295.7053   22.0602
   -7.5000   37.5000   15.0000 2343.2612   21.3359
    0.0000   37.5000   15.0000 2357.1479   21.1898
  -15.0000  -52.5000   22.5000 2444.6885   20.1767
   -7.5000  -52.5000   22.5000 2474.7358   19.2979
    0.0000  -52.5000   22.5000 2496.4634   19.1194
  -15.0000  -45.0000   22.5000 2584.3823   18.4498
   -7.5000  -45.0000   22.5000 2614.8538   17.6643
    0.0000  -45.0000   22.5000 2637.7466   17.4592
  -15.0000  -37.5000   22.5000 2692.1956   17.0225
   -7.5000  -37.5000   22.5000 2732.1633   16.3404
    0.0000  -37.5000   22.5000 2749.7551   16.1093
  -15.0000  -30.0000   22.5000 2784.8013   15.9589
   -7.5000  -30.0000   22.5000 2830.3247   15.3712
    0.0000  -30.0000   22.5000 2852.7783   15.1387
  -15.0000  -22.5000   22.5000 2848.6460   15.2608
   -7.5000  -22.5000   22.5000 2906.2502   14.6832
    0.0000  -22.5000   22.5000 2927.6846   14.3551
  -15.0000  -15.0000   22.5000 2882.3018   14.8796
   -7.5000  -15.0000   22.5000 2950.0247   14.2598
    0.0000  -15.0000   22.5000 2974.3313   13.9225
  -15.0000   -7.5000   22.5000 2879.8022   14.8529
   -7.5000   -7.5000   22.5000 2952.5896   14.3039
    0.0000   -7.5000   22.5000 2976.7024   14.0511
  -15.0000    0.0000   22.5000 2842.9634   15.1628
   -7.5000    0.0000   22.5000 2912.7610   14.6487
    0.0000    0.0000   22.5000 2935.4385   14.4538
  -15.0000    7.5000   22.5000 2777.8472   15.8032
   -7.5000    7.5000   22.5000 2833.3186   15.3070
    0.0000    7.5000   22.5000 2859.4927   15.1513
  -15.0000   15.0000   22.5000 2682.2637   16.8558
   -7.5000   15.0000   22.5000 2735.3635   16.3057
    0.0000   15.0000   22.5000 2757.8430   16.1544
  -15.0000   22.5000   22.5000 2571.4846   18.3544
   -7.5000   22.5000   22.5000 2621.3743   17.6662
    0.0000   22.5000   22.5000 2639.5022   17.4873
  -15.0000   30.0000   22.5000 2446.5581   20.1834
   -7.5000   30.0000   22.5000 2493.3879   19.4174
    0.0000   30.0000   22.5000 2512.4783   19.2729
  -15.0000   37.5000   22.5000 2275.6147   22.3171
   -7.5000   37.5000   22.5000 2310.8967   21.5604
    0.0000   37.5000   22.5000 2321.4116   21.4093
  -15.0000  -52.5000   30.0000 2426.1086   20.5376
   -7.5000  -52.5000   30.0000 2465.2808   19.7311
    0.0000  -52.5000   30.0000 2488.3027   19.6135
  -15.0000  -45.0000   30.0000 2567.9250   18.8519
   -7.5000  -45.0000   30.0000 2613.1333   18.0968
    0.0000  -45.0000   30.0000 2635.7349   17.9489
  -15.0000  -37.5000   30.0000 2682.2341   17.5016
   -7.5000  -37.5000   30.0000 2723.7151   16.7667
    0.0000  -37.5000   30.0000 2742.7068   16.5845
  -15.0000  -30.0000   30.0000 2767.7871   16.4451
   -7.5000  -30.0000   30.0000 2809.1562   15.7442
    0.0000  -30.0000   30.0000 2824.3706   15.5007
  -15.0000  -22.5000   30.0000 2823.8083   15.6821
   -7.5000  -22.5000   30.0000 2875.3540   15.0045
    0.0000  -22.5000   30.0000 2893.9338   14.6983
  -15.0000  -15.0000   30.0000 2858.3477   15.2790
   -7.5000  -15.0000   30.0000 2919.5891   14.6021
    0.0000  -15.0000   30.0000 2943.7625   14.4048
  -15.0000   -7.5000   30.0000 2852.9443   15.3402
   -7.5000   -7.5000   30.0000 2915.0315   14.7821
    0.0000   -7.5000   30.0000 2941.5229   14.6065
  -15.0000    0.0000   30.0000 2810.0125   15.7890
   -7.5000    0.0000   30.0000 2872.5449   15.2725
    0.0000    0.0000   30.0000 2896.6750   15.0960
  -15.0000    7.5000   30.0000 2737.6824   16.4793
   -7.5000    7.5000   30.0000 2795.6184   16.0029
    0.0000    7.5000   30.0000 2815.2747   15.8587
  -15.0000   15.0000   30.0000 2640.9441   17.5208
   -7.5000   15.0000   30.0000 2695.4741   17.0051
    0.0000   15.0000   30.0000 2720.3650   16.8984
  -15.0000   22.5000   30.0000 2530.1467   18.8578
   -7.5000   22.5000   30.0000 2578.5771   18.2802
    0.0000   22.5000   30.0000 2601.3760   18.1785
  -15.0000   30.0000   30.0000 2408.7148   20.6643
   -7.5000   30.0000   30.0000 2447.6946   19.9624
    0.0000   30.0000   30.0000 2462.9543   19.8100
  -15.0000   37.5000   30.0000 2239.4634   22.8749
   -7.5000   37.5000   30.0000 2271.8369   22.0822
    0.0000   37.5000   30.0000 2283.4478   21.9163
  -15.0000  -52.5000   37.5000 2399.9163   21.0910
   -7.5000  -52.5000   37.5000 2432.8271   20.3567
    0.0000  -52.5000   37.5000 2454.3308   20.2246
  -15.0000  -45.0000   37.5000 2544.8713   19.4476
   -7.5000  -45.0000   37.5000 2580.3630   18.6507
    0.0000  -45.0000   37.5000 2604.0527   18.5181
  -15.0000  -37.5000   37.5000 2646.7583   18.0953
   -7.5000  -37.5000   37.5000 2690.8708   17.2965
    0.0000  -37.5000   37.5000 2711.6028   17.1016
  -15.0000  -30.0000   37.5000 2728.6655   17.0469
   -7.5000  -30.0000   37.5000 2773.3257   16.2611
    0.0000  -30.0000   37.5000 2792.7942   15.9943
  -15.0000  -22.5000   37.5000 2785.5166   16.3057
   -7.5000  -22.5000   37.5000 2832.5237   15.5464
    0.0000  -22.5000   37.5000 2858.5942   15.3043
  -15.0000  -15.0000   37.5000 2815.4309   15.9281
   -7.5000  -15.0000   37.5000 2871.5439   15.2382
    0.0000  -15.0000   37.5000 2895.6072   15.0536
  -15.0000   -7.5000   37.5000 2804.6133   16.0283
   -7.5000   -7.5000   37.5000 2862.7627   15.4860
    0.0000   -7.5000   37.5000 2885.4380   15.2786
  -15.0000    0.0000   37.5000 2756.4827   16.4792
   -7.5000    0.0000   37.5000 2810.2402   16.0034
    0.0000    0.0000   37.5000 2834.4573   15.8227
  -15.0000    7.5000   37.5000 2681.8821   17.2189
   -7.5000    7.5000   37.5000 2729.9219   16.7484
    0.0000    7.5000   37.5000 2749.0786   16.6187
  -15.0000   15.0000   37.5000 2589.1455   18.3076
   -7.5000   15.0000   37.5000 2635.3308   17.8040
    0.0000   15.0000   37.5000 2655.3882   17.6647
  -15.0000   22.5000   37.5000 2483.0708   19.6566
   -7.5000   22.5000   37.5000 2525.2898   19.1124
    0.0000   22.5000   37.5000 2541.1384   18.9989
  -15.0000   30.0000   37.5000 2358.7983   21.4645
   -7.5000   30.0000   37.5000 2387.6526   20.8393
    0.0000   30.0000   37.5000 2405.5398   20.7107
  -15.0000   37.5000   37.5000 2185.4658   23.6480
   -7.5000   37.5000   37.5000 2215.1514   22.9087
    0.0000   37.5000   37.5000 2233.2170   22.7453
  -15.0000  -52.5000   45.0000 2335.7126   21.7309
   -7.5000  -52.5000   45.0000 2371.0671   20.9588
    0.0000  -52.5000   45.0000 2391.2080   20.8966
  -15.0000  -45.0000   45.0000 2475.1885   20.0473
   -7.5000  -45.0000   45.0000 2520.0625   19.2588
    0.0000  -45.0000   45.0000 2535.4805   19.1046
  -15.0000  -37.5000   45.0000 2575.0283   18.6780
   -7.5000  -37.5000   45.0000 2623.2656   17.8780
    0.0000  -37.5000   45.0000 2643.1196   17.6799
  -15.0000  -30.0000   45.0000 2645.0098   17.6290
   -7.5000  -30.0000   45.0000 2692.3533   16.8683
    0.0000  -30.0000   45.0000 2717.9548   16.6801
  -15.0000  -22.5000   45.0000 2701.9932   16.9477
   -7.5000  -22.5000   45.0000 2747.3174   16.2222
    0.0000  -22.5000   45.0000 2773.5825   16.0839
  -15.0000  -15.0000   45.0000 2726.1597   16.6146
   -7.5000  -15.0000   45.0000 2780.5842   15.9513
    0.0000  -15.0000   45.0000 2803.3301   15.8150
  -15.0000   -7.5000   45.0000 2715.3625   16.7698
   -7.5000   -7.5000   45.0000 2767.3484   16.1944
    0.0000   -7.5000   45.0000 2793.6306   16.0162
  -15.0000    0.0000   45.0000 2666.6973   17.2610
   -7.5000    0.0000   45.0000 2713.8606   16.7180
    0.0000    0.0000   45.0000 2735.2017   16.5518
  -15.0000    7.5000   45.0000 2590.9678   18.0020
   -7.5000    7.5000   45.0000 2633.5078   17.4975
    0.0000    7.5000   45.0000 2653.1702   17.3868
  -15.0000   15.0000   45.0000 2504.3281   19.0740
   -7.5000   15.0000   45.0000 2540.2202   18.5405
    0.0000   15.0000   45.0000 2558.2583   18.4323
  -15.0000   22.5000   45.0000 2393.8320   20.4376
   -7.5000   22.5000   45.0000 2426.0100   19.8652
    0.0000   22.5000   45.0000 2442.7913   19.7558
  -15.0000   30.0000   45.0000 2264.2761   22.3034
   -7.5000   30.0000   45.0000 2295.6321   21.6757
    0.0000   30.0000   45.0000 2316.2324   21.5656
  -15.0000   37.5000   45.0000 2104.2747   24.5486
   -7.5000   37.5000   45.0000 2138.6318   23.8645
    0.0000   37.5000   45.0000 2155.5869   23.7172
  -15.0000  -52.5000   52.5000 2244.9453   22.1913
   -7.5000  -52.5000   52.5000 2294.0957   21.5768
    0.0000  -52.5000   52.5000 2311.4644   21.4899
  -15.0000  -45.0000   52.5000 2381.7307   20.5834
   -7.5000  -45.0000   52.5000 2431.6108   19.8646
    0.0000  -45.0000   52.5000 2450.2800   19.7303
  -15.0000  -37.5000   52.5000 2473.9922   19.2245
   -7.5000  -37.5000   52.5000 2524.4558   18.4846
    0.0000  -37.5000   52.5000 2549.5930   18.3500
  -15.0000  -30.0000   52.5000 2539.9448   18.2652
   -7.5000  -30.0000   52.5000 2590.6504   17.5626
    0.0000  -30.0000   52.5000 2618.6814   17.4285
  -15.0000  -22.5000   52.5000 2587.9028   17.6637
   -7.5000  -22.5000   52.5000 2634.6809   16.9767
    0.0000  -22.5000   52.5000 2654.6624   16.8818
  -15.0000  -15.0000   52.5000 2609.8928   17.3413
   -7.5000  -15.0000   52.5000 2656.2812   16.7133
    0.0000  -15.0000   52.5000 2682.5449   16.6162
  -15.0000   -7.5000   52.5000 2602.4238   17.4348
   -7.5000   -7.5000   52.5000 2642.6279   16.8716
    0.0000   -7.5000   52.5000 2673.3330   16.7575
  -15.0000    0.0000   52.5000 2550.9238   17.9374
   -7.5000    0.0000   52.5000 2594.2478   17.3841
    0.0000    0.0000   52.5000 2614.3105   17.2613
  -15.0000    7.5000   52.5000 2477.4683   18.7320
   -7.5000    7.5000   52.5000 2518.9304   18.2103
    0.0000    7.5000   52.5000 2538.0718   18.1365
  -15.0000   15.0000   52.5000 2390.4336   19.8322
   -7.5000   15.0000   52.5000 2429.0925   19.2662
    0.0000   15.0000   52.5000 2444.9045   19.1743
  -15.0000   22.5000   52.5000 2277.8667   21.2126
   -7.5000   22.5000   52.5000 2313.8740   20.6645
    0.0000   22.5000   52.5000 2329.7307   20.5631
  -15.0000   30.0000   52.5000 2156.5945   23.1170
   -7.5000   30.0000   52.5000 2189.4832   22.5312
    0.0000   30.0000   52.5000 2204.0876   22.4054
  -15.0000   37.5000   52.5000 2010.2949   25.4325
   -7.5000   37.5000   52.5000 2041.2096   24.8079
    0.0000   37.5000   52.5000 2051.2737   24.5839
  -15.0000  -52.5000   60.0000 2192.2798   23.4203
   -7.5000  -52.5000   60.0000 2243.7932   22.8454
    0.0000  -52.5000   60.0000 2262.6189   22.7263
  -15.0000  -45.0000   60.0000 2318.9446   21.7112
   -7.5000  -45.0000   60.0000 2371.6426   21.0664
    0.0000  -45.0000   60.0000 2390.4241   20.9488
  -15.0000  -37.5000   60.0000 2410.8789   20.3750
   -7.5000  -37.5000   60.0000 2462.3823   19.6845
    0.0000  -37.5000   60.0000 2487.2966   19.5623
  -15.0000  -30.0000   60.0000 2470.1409   19.4330
   -7.5000  -30.0000   60.0000 2518.8359   18.7594
    0.0000  -30.0000   60.0000 2549.4670   18.6819
  -15.0000  -22.5000   60.0000 2507.0439   18.8489
   -7.5000  -22.5000   60.0000 2553.8320   18.2097
    0.0000  -22.5000   60.0000 2574.3181   18.1436
  -15.0000  -15.0000   60.0000 2522.8374   18.5359
   -7.5000  -15.0000   60.0000 2565.2275   17.9478
    0.0000  -15.0000   60.0000 2588.9478   17.8488
  -15.0000   -7.5000   60.0000 2506.7715   18.5732
   -7.5000   -7.5000   60.0000 2551.4507   18.0144
    0.0000   -7.5000   60.0000 2581.3750   17.9371
  -15.0000    0.0000   60.0000 2462.8945   19.0677
   -7.5000    0.0000   60.0000 2502.8271   18.5433
    0.0000    0.0000   60.0000 2526.6023   18.4627
  -15.0000    7.5000   60.0000 2392.7866   19.9351
   -7.5000    7.5000   60.0000 2434.7273   19.3852
    0.0000    7.5000   60.0000 2452.8513   19.3490
  -15.0000   15.0000   60.0000 2306.1299   21.0647
   -7.5000   15.0000   60.0000 2341.0854   20.5380
    0.0000   15.0000   60.0000 2353.6643   20.4536
  -15.0000   22.5000   60.0000 2198.7373   22.5574
   -7.5000   22.5000   60.0000 2232.3152   22.0350
    0.0000   22.5000   60.0000 2245.8425   21.9335
  -15.0000   30.0000   60.0000 2078.9365   24.5866
   -7.5000   30.0000   60.0000 2106.7793   23.9929
    0.0000   30.0000   60.0000 2124.5457   23.8587
  -15.0000   37.5000   60.0000 1930.3943   27.0039
   -7.5000   37.5000   60.0000 1966.7140   26.3071
    0.0000   37.5000   60.0000 1978.6350   26.0783

---------------------------------------------------------------------
imgreg_4dfp /opt/freesurfer/average/711-2C_as_mni_average_305 /opt/freesurfer/average/711-2B_as_mni_average_305_mask talsrcimg_g11 none talsrcimg_to_711-2C_as_mni_average_305_t4 1283
---------------------------------------------------------------------

freesurfer imgreg_4dfp.c
/opt/freesurfer/average/711-2C_as_mni_average_305.4dfp.img
       256       256       256         1
  1.000000  1.000000  1.000000
orientation T byte_order littleendian
Reading image: /opt/freesurfer/average/711-2C_as_mni_average_305.4dfp.img
dimensions:      256       256       256
mmppix:       1.0000   -1.0000   -1.0000
center:     128.0000 -129.0000 -129.0000
/opt/freesurfer/average/711-2B_as_mni_average_305_mask.4dfp.img
       256       256       256         1
  1.000000  1.000000  1.000000
orientation T byte_order littleendian
Reading mask: /opt/freesurfer/average/711-2B_as_mni_average_305_mask.4dfp.img (2306576 pixels)
talsrcimg_g11.4dfp.img
       256       256       256         1
  0.900000  0.900000  0.900000
orientation T byte_order littleendian
Reading image: talsrcimg_g11.4dfp.img
dimensions:      256       256       256
mmppix:       0.9000   -0.9000   -0.9000
center:     115.2000 -116.1000 -116.1000
rotation matrix determinant  1.000000
fimgreg.f
image alignment mode   1283 decimal      503 hex
parameters
    0.0000  -15.0000   15.0000    0.0000    0.0000    0.0000
eta,q 0.94195 13.81618
niter,ni,del,rscale     5    3   12.0000    1.2000
parameter  4 -2.187023 -> -0.500000 qaram    1.1500
parameters
   -1.4969  -13.3506   14.4146    3.4500   -1.8312   -0.8241
eta,q 0.94542 13.67818
  0.0660  0.0669  0.0678  0.0668  0.0555  0.0585
  0.0647  0.0640  0.0659  0.0649  0.0546  0.0562
  0.0614  0.0616  0.0616  0.0631  0.0549  0.0547
  0.0590  0.0603  0.0598  0.0597  0.0541  0.0548
  0.0652  0.0598  0.0636  0.0556  0.0548  0.0560
  0.0715  0.0608  0.0681  0.0539  0.0579  0.0583
  0.0752  0.0622  0.0708  0.0551  0.0616  0.0606
niter,ni,del,rscale     5    3   12.0000    1.2000
parameters
   -1.7850  -14.4438   14.5414    5.5940   -1.4894   -1.7551
eta,q 0.94665 13.69971
  0.0612  0.0622  0.0629  0.0671  0.0582  0.0567
  0.0568  0.0583  0.0605  0.0644  0.0541  0.0547
  0.0559  0.0552  0.0573  0.0594  0.0528  0.0535
  0.0546  0.0550  0.0544  0.0543  0.0534  0.0535
  0.0518  0.0598  0.0539  0.0535  0.0532  0.0547
  0.0572  0.0637  0.0580  0.0558  0.0539  0.0569
  0.0652  0.0664  0.0645  0.0592  0.0566  0.0590
niter,ni,del,rscale     4    3   12.0000    1.2000
parameters
   -1.9311  -15.1553   14.8456    6.1309   -1.3090   -1.9546
eta,q 0.94686 13.73413
  0.0602  0.0628  0.0642  0.0640  0.0578  0.0573
  0.0559  0.0563  0.0604  0.0600  0.0535  0.0550
  0.0552  0.0532  0.0555  0.0554  0.0523  0.0539
  0.0533  0.0536  0.0531  0.0530  0.0531  0.0531
  0.0503  0.0573  0.0533  0.0545  0.0528  0.0535
  0.0554  0.0614  0.0568  0.0577  0.0538  0.0555
  0.0636  0.0656  0.0639  0.0614  0.0566  0.0581
niter,ni,del,rscale     3    3   12.0000    1.2000
parameters
   -2.0411  -15.3494   14.8881    6.3058   -1.2868   -2.0226
eta,q 0.94672 13.73553
  0.0602  0.0648  0.0639  0.0630  0.0576  0.0575
  0.0559  0.0576  0.0597  0.0592  0.0534  0.0553
  0.0551  0.0537  0.0546  0.0548  0.0524  0.0542
  0.0531  0.0533  0.0532  0.0532  0.0533  0.0533
  0.0502  0.0565  0.0541  0.0552  0.0530  0.0535
  0.0550  0.0602  0.0579  0.0582  0.0540  0.0553
  0.0634  0.0643  0.0648  0.0621  0.0568  0.0580
niter,ni,del,rscale     2    3   12.0000    1.2000
parameters
   -2.0609  -15.4241   14.8878    6.3748   -1.2746   -2.0370
eta,q 0.94672 13.73609
  0.0605  0.0653  0.0638  0.0627  0.0576  0.0575
  0.0560  0.0581  0.0595  0.0589  0.0534  0.0553
  0.0551  0.0538  0.0545  0.0547  0.0524  0.0542
  0.0533  0.0533  0.0533  0.0533  0.0533  0.0533
  0.0504  0.0563  0.0542  0.0553  0.0531  0.0535
  0.0547  0.0600  0.0580  0.0584  0.0540  0.0553
  0.0632  0.0640  0.0649  0.0623  0.0569  0.0579
niter,ni,del,rscale     1    3   12.0000    1.2000
parameters
   -2.0670  -15.4529   14.8843    6.4022   -1.2655   -2.0417
eta,q 0.94671 13.73624
  0.0606  0.0655  0.0638  0.0626  0.0576  0.0576
  0.0561  0.0582  0.0595  0.0589  0.0534  0.0554
  0.0551  0.0539  0.0545  0.0546  0.0524  0.0542
  0.0533  0.0533  0.0533  0.0533  0.0533  0.0533
  0.0504  0.0562  0.0543  0.0553  0.0531  0.0535
  0.0547  0.0599  0.0581  0.0585  0.0540  0.0552
  0.0632  0.0639  0.0649  0.0624  0.0569  0.0579
registration optimization eta report
parameter search radius
    6.0000    6.0000    6.0000    6.9000    6.0000    6.0000
100000*second partial in parameter space
       26.       31.       31.       18.       13.       12.
  0.0606  0.0655  0.0638  0.0626  0.0576  0.0576
  0.0561  0.0582  0.0595  0.0589  0.0534  0.0554
  0.0551  0.0539  0.0545  0.0546  0.0524  0.0542
  0.0533  0.0533  0.0533  0.0533  0.0533  0.0533
  0.0504  0.0562  0.0543  0.0553  0.0531  0.0535
  0.0547  0.0599  0.0581  0.0585  0.0540  0.0552
  0.0632  0.0639  0.0649  0.0624  0.0569  0.0579
   -2.0670  -15.4529   14.8843    6.4022   -1.2655   -2.0417
eta,q 0.94671 13.73624

---------------------------------------------------------------------
imgreg_4dfp /opt/freesurfer/average/711-2C_as_mni_average_305 /opt/freesurfer/average/711-2B_as_mni_average_305_mask talsrcimg_g11 none talsrcimg_to_711-2C_as_mni_average_305_t4 3335
---------------------------------------------------------------------

freesurfer imgreg_4dfp.c
/opt/freesurfer/average/711-2C_as_mni_average_305.4dfp.img
       256       256       256         1
  1.000000  1.000000  1.000000
orientation T byte_order littleendian
Reading image: /opt/freesurfer/average/711-2C_as_mni_average_305.4dfp.img
dimensions:      256       256       256
mmppix:       1.0000   -1.0000   -1.0000
center:     128.0000 -129.0000 -129.0000
/opt/freesurfer/average/711-2B_as_mni_average_305_mask.4dfp.img
       256       256       256         1
  1.000000  1.000000  1.000000
orientation T byte_order littleendian
Reading mask: /opt/freesurfer/average/711-2B_as_mni_average_305_mask.4dfp.img (2306576 pixels)
talsrcimg_g11.4dfp.img
       256       256       256         1
  0.900000  0.900000  0.900000
orientation T byte_order littleendian
Reading image: talsrcimg_g11.4dfp.img
dimensions:      256       256       256
mmppix:       0.9000   -0.9000   -0.9000
center:     115.2000 -116.1000 -116.1000
fimgreg.f
image alignment mode   3335 decimal      D07 hex
parameters
   -2.0670  -15.4529   14.8843   -0.0879   -0.6955   -0.6479
    3.7866    1.7962   -3.5618  -11.2219   -2.2086   11.1481
eta,q 0.94739 13.62685
niter,ni,del,rscale     5    3    5.0000    1.2000
parameter  4 23.302277 ->  0.500000 qaram    1.1500
parameter  5********** ->  0.500000 qaram    1.1500
parameter  6  0.729749 ->  0.500000 qaram    1.1500
parameter 12  0.943280 ->  0.500000 qaram    1.1500
parameters
   -2.0091  -15.7508   15.4317   -4.2279   -4.8355   -4.7879
    3.8754    2.3754   -0.0363  -12.2331   -1.2794    7.0081
eta,q 0.96991 13.83323
  0.0545  0.0536  0.0558  0.0399  0.0314  0.0325  0.0357  0.0403  0.0367  0.0353  0.0349  0.0299
  0.0534  0.0529  0.0544  0.0431  0.0348  0.0324  0.0340  0.0368  0.0348  0.0331  0.0334  0.0300
  0.0528  0.0526  0.0533  0.0475  0.0393  0.0334  0.0329  0.0340  0.0334  0.0320  0.0323  0.0306
  0.0526  0.0526  0.0526  0.0524  0.0443  0.0360  0.0326  0.0326  0.0325  0.0319  0.0318  0.0317
  0.0528  0.0529  0.0525  0.0573  0.0489  0.0417  0.0330  0.0329  0.0320  0.0330  0.0318  0.0333
  0.0534  0.0534  0.0530  0.0614  0.0529  0.0491  0.0340  0.0351  0.0320  0.0350  0.0324  0.0355
  0.0542  0.0541  0.0539  0.0655  0.0569  0.0574  0.0355  0.0384  0.0326  0.0376  0.0337  0.0379
niter,ni,del,rscale     7    3    5.0000    1.2000
parameter  4  0.709733 ->  0.500000 qaram    1.3225
parameter  5  0.735402 ->  0.500000 qaram    1.3225
parameters
   -1.6934  -15.7582   14.6667   -8.9889   -9.5965   -4.4068
    2.9271    1.8859    0.1011  -11.7303   -1.4968    4.4296
eta,q 0.97579 13.72999
  0.0349  0.0330  0.0307  0.0276  0.0250  0.0284  0.0266  0.0285  0.0266  0.0282  0.0253  0.0248
  0.0326  0.0313  0.0301  0.0272  0.0245  0.0270  0.0252  0.0258  0.0253  0.0259  0.0247  0.0243
  0.0309  0.0303  0.0298  0.0276  0.0250  0.0256  0.0245  0.0245  0.0246  0.0247  0.0244  0.0242
  0.0301  0.0300  0.0300  0.0298  0.0272  0.0245  0.0244  0.0244  0.0243  0.0243  0.0243  0.0243
  0.0301  0.0304  0.0307  0.0339  0.0312  0.0239  0.0250  0.0250  0.0245  0.0246  0.0245  0.0247
  0.0311  0.0314  0.0318  0.0394  0.0363  0.0250  0.0263  0.0267  0.0252  0.0255  0.0248  0.0255
  0.0330  0.0330  0.0333  0.0448  0.0411  0.0291  0.0281  0.0298  0.0264  0.0271  0.0254  0.0267
niter,ni,del,rscale     7    3    5.0000    1.2000
parameter  2 -0.540761 -> -0.500000 qaram    1.1500
parameters
   -1.4121  -14.3782   15.3076  -10.7276  -11.7506   -2.8830
    2.7164    1.8381    0.1589  -10.6881   -2.8210    2.8844
eta,q 0.97681 13.59032
  0.0278  0.0292  0.0253  0.0265  0.0274  0.0279  0.0257  0.0273  0.0252  0.0274  0.0239  0.0241
  0.0260  0.0271  0.0244  0.0251  0.0255  0.0263  0.0243  0.0247  0.0242  0.0252  0.0234  0.0235
  0.0248  0.0254  0.0237  0.0239  0.0239  0.0248  0.0235  0.0235  0.0235  0.0238  0.0232  0.0232
  0.0242  0.0241  0.0233  0.0232  0.0235  0.0236  0.0233  0.0233  0.0233  0.0233  0.0233  0.0232
  0.0242  0.0234  0.0232  0.0239  0.0253  0.0231  0.0236  0.0238  0.0235  0.0235  0.0236  0.0236
  0.0250  0.0234  0.0234  0.0270  0.0293  0.0237  0.0245  0.0249  0.0241  0.0242  0.0239  0.0242
  0.0265  0.0240  0.0240  0.0323  0.0350  0.0262  0.0259  0.0272  0.0251  0.0253  0.0244  0.0251
niter,ni,del,rscale     7    3    5.0000    1.2000
parameters
   -1.2037  -14.1095   15.6643  -10.7282  -12.3584   -3.1814
    2.4878    1.9668    0.3377  -10.3020   -3.4306    2.8209
eta,q 0.97666 13.56079
  0.0264  0.0268  0.0249  0.0274  0.0282  0.0273  0.0256  0.0276  0.0250  0.0265  0.0241  0.0247
  0.0248  0.0250  0.0240  0.0257  0.0261  0.0257  0.0243  0.0249  0.0241  0.0246  0.0236  0.0239
  0.0237  0.0237  0.0234  0.0242  0.0244  0.0243  0.0235  0.0235  0.0235  0.0236  0.0234  0.0235
  0.0232  0.0232  0.0231  0.0231  0.0231  0.0233  0.0233  0.0233  0.0233  0.0233  0.0234  0.0233
  0.0233  0.0233  0.0231  0.0227  0.0234  0.0231  0.0237  0.0239  0.0235  0.0237  0.0236  0.0235
  0.0240  0.0241  0.0234  0.0246  0.0260  0.0248  0.0245  0.0251  0.0240  0.0245  0.0239  0.0240
  0.0255  0.0257  0.0241  0.0287  0.0311  0.0295  0.0259  0.0269  0.0248  0.0256  0.0243  0.0248
niter,ni,del,rscale     6    3    5.0000    1.2000
parameters
   -1.1524  -14.0012   15.6476  -10.6286  -12.4171   -3.1875
    2.4113    2.0939    0.5663  -10.1103   -3.6052    2.6752
eta,q 0.97666 13.56143
  0.0262  0.0264  0.0246  0.0276  0.0286  0.0275  0.0257  0.0277  0.0250  0.0262  0.0243  0.0247
  0.0247  0.0247  0.0239  0.0259  0.0265  0.0259  0.0244  0.0249  0.0240  0.0244  0.0237  0.0239
  0.0237  0.0237  0.0235  0.0245  0.0247  0.0244  0.0236  0.0235  0.0235  0.0235  0.0234  0.0235
  0.0233  0.0233  0.0233  0.0233  0.0233  0.0233  0.0233  0.0233  0.0233  0.0233  0.0234  0.0233
  0.0236  0.0236  0.0235  0.0229  0.0232  0.0230  0.0236  0.0240  0.0235  0.0237  0.0235  0.0235
  0.0244  0.0244  0.0239  0.0247  0.0254  0.0246  0.0244  0.0251  0.0240  0.0246  0.0238  0.0240
  0.0260  0.0259  0.0247  0.0286  0.0300  0.0289  0.0258  0.0269  0.0247  0.0257  0.0243  0.0248
niter,ni,del,rscale     5    3    5.0000    1.2000
parameters
   -1.1429  -13.9482   15.6136  -10.5993  -12.4373   -3.1793
    2.3698    2.1407    0.6512   -9.9991   -3.6757    2.5743
eta,q 0.97665 13.56157
  0.0261  0.0262  0.0246  0.0276  0.0286  0.0275  0.0257  0.0276  0.0249  0.0261  0.0243  0.0247
  0.0246  0.0246  0.0239  0.0259  0.0265  0.0259  0.0244  0.0248  0.0240  0.0244  0.0237  0.0239
  0.0237  0.0237  0.0235  0.0245  0.0247  0.0244  0.0236  0.0235  0.0235  0.0235  0.0234  0.0235
  0.0233  0.0233  0.0233  0.0233  0.0233  0.0233  0.0233  0.0233  0.0233  0.0233  0.0233  0.0233
  0.0236  0.0236  0.0235  0.0229  0.0232  0.0230  0.0236  0.0240  0.0235  0.0237  0.0235  0.0235
  0.0245  0.0245  0.0239  0.0248  0.0253  0.0245  0.0245  0.0252  0.0240  0.0246  0.0238  0.0240
  0.0262  0.0260  0.0247  0.0288  0.0299  0.0289  0.0258  0.0270  0.0247  0.0257  0.0242  0.0248
niter,ni,del,rscale     4    3    5.0000    1.2000
parameters
   -1.1387  -13.9153   15.5999  -10.5954  -12.4539   -3.1731
    2.3538    2.1605    0.6908   -9.9320   -3.7189    2.5186
eta,q 0.97664 13.56110
  0.0261  0.0262  0.0246  0.0276  0.0286  0.0275  0.0258  0.0276  0.0248  0.0261  0.0243  0.0248
  0.0246  0.0246  0.0239  0.0259  0.0265  0.0259  0.0244  0.0248  0.0240  0.0244  0.0237  0.0240
  0.0237  0.0237  0.0235  0.0245  0.0247  0.0244  0.0236  0.0235  0.0235  0.0235  0.0234  0.0235
  0.0233  0.0233  0.0233  0.0233  0.0233  0.0233  0.0233  0.0233  0.0234  0.0234  0.0234  0.0234
  0.0236  0.0236  0.0235  0.0229  0.0232  0.0230  0.0236  0.0240  0.0235  0.0238  0.0235  0.0235
  0.0245  0.0245  0.0239  0.0249  0.0253  0.0246  0.0244  0.0252  0.0240  0.0246  0.0238  0.0240
  0.0262  0.0260  0.0247  0.0288  0.0299  0.0289  0.0258  0.0270  0.0248  0.0257  0.0242  0.0248
niter,ni,del,rscale     3    3    5.0000    1.2000
parameters
   -1.1357  -13.8942   15.5914  -10.5914  -12.4638   -3.1719
    2.3451    2.1719    0.7104   -9.8898   -3.7506    2.4871
eta,q 0.97664 13.56094
  0.0261  0.0261  0.0247  0.0276  0.0286  0.0275  0.0258  0.0276  0.0248  0.0261  0.0243  0.0248
  0.0246  0.0246  0.0239  0.0259  0.0265  0.0259  0.0244  0.0248  0.0240  0.0243  0.0237  0.0240
  0.0237  0.0237  0.0235  0.0245  0.0247  0.0245  0.0236  0.0235  0.0235  0.0235  0.0234  0.0235
  0.0234  0.0234  0.0234  0.0234  0.0234  0.0234  0.0234  0.0234  0.0234  0.0234  0.0234  0.0234
  0.0236  0.0236  0.0235  0.0229  0.0232  0.0230  0.0236  0.0240  0.0235  0.0238  0.0235  0.0235
  0.0245  0.0245  0.0239  0.0249  0.0253  0.0246  0.0245  0.0253  0.0240  0.0246  0.0238  0.0240
  0.0262  0.0261  0.0247  0.0288  0.0299  0.0289  0.0258  0.0271  0.0248  0.0257  0.0242  0.0248
registration optimization eta report
parameter search radius
    2.4000    2.7600    2.4000    9.5220    9.5220    8.2800
    7.2000    7.2000    7.2000    7.2000    7.2000    8.2800
100000*second partial in parameter space
       49.       36.       23.        5.        7.        7.
        5.        8.        3.        5.        2.        2.
  0.0261  0.0261  0.0247  0.0276  0.0286  0.0275  0.0258  0.0276  0.0248  0.0261  0.0243  0.0248
  0.0246  0.0246  0.0239  0.0259  0.0265  0.0259  0.0244  0.0248  0.0240  0.0243  0.0237  0.0240
  0.0237  0.0237  0.0235  0.0245  0.0247  0.0245  0.0236  0.0235  0.0235  0.0235  0.0234  0.0235
  0.0234  0.0234  0.0234  0.0234  0.0234  0.0234  0.0234  0.0234  0.0234  0.0234  0.0234  0.0234
  0.0236  0.0236  0.0235  0.0229  0.0232  0.0230  0.0236  0.0240  0.0235  0.0238  0.0235  0.0235
  0.0245  0.0245  0.0239  0.0249  0.0253  0.0246  0.0245  0.0253  0.0240  0.0246  0.0238  0.0240
  0.0262  0.0261  0.0247  0.0288  0.0299  0.0289  0.0258  0.0271  0.0248  0.0257  0.0242  0.0248
   -1.1357  -13.8942   15.5914  -10.5914  -12.4638   -3.1719
    2.3451    2.1719    0.7104   -9.8898   -3.7506    2.4871
eta,q 0.97664 13.56094

---------------------------------------------------------------------
imgreg_4dfp /opt/freesurfer/average/711-2C_as_mni_average_305 /opt/freesurfer/average/711-2B_as_mni_average_305_mask talsrcimg_g11 none talsrcimg_to_711-2C_as_mni_average_305_t4 2311
---------------------------------------------------------------------

freesurfer imgreg_4dfp.c
/opt/freesurfer/average/711-2C_as_mni_average_305.4dfp.img
       256       256       256         1
  1.000000  1.000000  1.000000
orientation T byte_order littleendian
Reading image: /opt/freesurfer/average/711-2C_as_mni_average_305.4dfp.img
dimensions:      256       256       256
mmppix:       1.0000   -1.0000   -1.0000
center:     128.0000 -129.0000 -129.0000
/opt/freesurfer/average/711-2B_as_mni_average_305_mask.4dfp.img
       256       256       256         1
  1.000000  1.000000  1.000000
orientation T byte_order littleendian
Reading mask: /opt/freesurfer/average/711-2B_as_mni_average_305_mask.4dfp.img (2306576 pixels)
talsrcimg_g11.4dfp.img
       256       256       256         1
  0.900000  0.900000  0.900000
orientation T byte_order littleendian
Reading image: talsrcimg_g11.4dfp.img
dimensions:      256       256       256
mmppix:       0.9000   -0.9000   -0.9000
center:     115.2000 -116.1000 -116.1000
fimgreg.f
image alignment mode   2311 decimal      907 hex
parameters
   -1.1357  -13.8942   15.5914  -10.5914  -12.4638   -3.1719
    2.3451    2.1719    0.7104   -9.8898   -3.7506    2.4871
eta,q 0.97664 13.56094
niter,ni,del,rscale     5    3    5.0000    0.8000
parameters
   -1.1001  -13.8848   15.5981   -8.5542  -11.3341   -2.2295
    2.2079    2.5166    0.7505   -9.7850   -3.0521    2.3383
eta,q 0.97747 13.67042
  0.0246  0.0243  0.0239  0.0252  0.0251  0.0248  0.0239  0.0256  0.0235  0.0241  0.0234  0.0231
  0.0239  0.0238  0.0236  0.0245  0.0243  0.0240  0.0231  0.0237  0.0229  0.0231  0.0229  0.0228
  0.0235  0.0235  0.0234  0.0239  0.0235  0.0232  0.0226  0.0227  0.0226  0.0226  0.0226  0.0226
  0.0234  0.0234  0.0234  0.0234  0.0229  0.0227  0.0225  0.0225  0.0225  0.0225  0.0225  0.0225
  0.0235  0.0235  0.0234  0.0230  0.0227  0.0224  0.0227  0.0228  0.0226  0.0227  0.0226  0.0226
  0.0239  0.0237  0.0236  0.0230  0.0230  0.0227  0.0232  0.0235  0.0229  0.0232  0.0227  0.0228
  0.0245  0.0243  0.0239  0.0237  0.0239  0.0239  0.0241  0.0246  0.0234  0.0238  0.0230  0.0231
niter,ni,del,rscale     4    3    5.0000    0.7000
parameters
   -1.2561  -14.0233   15.3442   -8.7292  -11.1663   -1.8734
    2.4388    2.3445    0.5779   -9.8630   -2.6017    2.4800
eta,q 0.97758 13.68264
  0.0235  0.0232  0.0228  0.0238  0.0241  0.0240  0.0237  0.0242  0.0231  0.0235  0.0230  0.0229
  0.0229  0.0228  0.0226  0.0233  0.0234  0.0233  0.0230  0.0230  0.0227  0.0228  0.0227  0.0226
  0.0226  0.0226  0.0225  0.0228  0.0228  0.0228  0.0226  0.0225  0.0225  0.0225  0.0225  0.0225
  0.0225  0.0225  0.0225  0.0225  0.0225  0.0225  0.0224  0.0224  0.0224  0.0224  0.0224  0.0224
  0.0227  0.0227  0.0226  0.0225  0.0226  0.0224  0.0225  0.0227  0.0225  0.0226  0.0225  0.0225
  0.0233  0.0230  0.0228  0.0231  0.0231  0.0227  0.0229  0.0233  0.0228  0.0230  0.0226  0.0226
  0.0241  0.0236  0.0232  0.0244  0.0240  0.0238  0.0235  0.0243  0.0232  0.0235  0.0228  0.0228
niter,ni,del,rscale     3    3    5.0000    0.6000
parameters
   -1.2977  -14.0663   15.3781   -8.5954  -11.1076   -1.7219
    2.5170    2.2551    0.4508   -9.9731   -2.3819    2.5556
eta,q 0.97764 13.68766
  0.0232  0.0230  0.0228  0.0235  0.0236  0.0235  0.0233  0.0237  0.0229  0.0232  0.0228  0.0227
  0.0228  0.0227  0.0226  0.0231  0.0230  0.0230  0.0228  0.0228  0.0226  0.0226  0.0225  0.0225
  0.0225  0.0225  0.0225  0.0227  0.0226  0.0226  0.0225  0.0224  0.0224  0.0224  0.0224  0.0224
  0.0224  0.0224  0.0224  0.0224  0.0224  0.0224  0.0224  0.0224  0.0224  0.0224  0.0224  0.0224
  0.0225  0.0225  0.0225  0.0224  0.0225  0.0223  0.0224  0.0226  0.0224  0.0225  0.0224  0.0224
  0.0228  0.0227  0.0226  0.0228  0.0229  0.0226  0.0227  0.0230  0.0226  0.0228  0.0225  0.0225
  0.0234  0.0231  0.0228  0.0236  0.0236  0.0235  0.0232  0.0237  0.0230  0.0232  0.0227  0.0227
niter,ni,del,rscale     2    3    5.0000    0.5000
parameters
   -1.3221  -14.1087   15.3766   -8.4355  -11.0495   -1.5771
    2.5728    2.2403    0.4053  -10.0344   -2.2054    2.6236
eta,q 0.97768 13.69391
  0.0230  0.0228  0.0226  0.0232  0.0232  0.0231  0.0229  0.0233  0.0227  0.0229  0.0226  0.0226
  0.0226  0.0225  0.0225  0.0229  0.0228  0.0228  0.0226  0.0227  0.0225  0.0225  0.0224  0.0224
  0.0224  0.0224  0.0224  0.0226  0.0225  0.0225  0.0224  0.0224  0.0224  0.0224  0.0223  0.0223
  0.0224  0.0224  0.0224  0.0224  0.0223  0.0223  0.0223  0.0223  0.0223  0.0223  0.0223  0.0223
  0.0224  0.0224  0.0224  0.0223  0.0224  0.0223  0.0224  0.0224  0.0224  0.0224  0.0223  0.0223
  0.0227  0.0226  0.0225  0.0226  0.0227  0.0225  0.0226  0.0227  0.0225  0.0226  0.0224  0.0224
  0.0230  0.0229  0.0226  0.0232  0.0232  0.0232  0.0229  0.0233  0.0227  0.0229  0.0225  0.0225
niter,ni,del,rscale     1    3    5.0000    0.4000
parameters
   -1.3461  -14.1464   15.3646   -8.2622  -11.0053   -1.4072
    2.6103    2.2681    0.3922  -10.0530   -2.0342    2.6395
eta,q 0.97772 13.70007
  0.0227  0.0226  0.0225  0.0229  0.0229  0.0228  0.0227  0.0229  0.0226  0.0227  0.0225  0.0224
  0.0225  0.0224  0.0224  0.0227  0.0226  0.0226  0.0225  0.0226  0.0224  0.0224  0.0224  0.0223
  0.0224  0.0223  0.0223  0.0225  0.0224  0.0224  0.0223  0.0223  0.0223  0.0223  0.0223  0.0223
  0.0223  0.0223  0.0223  0.0223  0.0223  0.0223  0.0223  0.0223  0.0223  0.0223  0.0223  0.0223
  0.0224  0.0224  0.0223  0.0223  0.0223  0.0223  0.0223  0.0223  0.0223  0.0223  0.0223  0.0223
  0.0225  0.0225  0.0224  0.0225  0.0225  0.0224  0.0224  0.0226  0.0224  0.0225  0.0223  0.0223
  0.0228  0.0227  0.0225  0.0229  0.0229  0.0228  0.0227  0.0229  0.0226  0.0226  0.0224  0.0224
registration optimization eta report
parameter search radius
    0.8000    0.8000    0.8000    2.4000    2.4000    2.4000
    2.4000    2.4000    2.4000    2.4000    2.4000    2.4000
100000*second partial in parameter space
       67.       49.       29.       10.       10.        9.
        7.       11.        5.        6.        3.        3.
  0.0227  0.0226  0.0225  0.0229  0.0229  0.0228  0.0227  0.0229  0.0226  0.0227  0.0225  0.0224
  0.0225  0.0224  0.0224  0.0227  0.0226  0.0226  0.0225  0.0226  0.0224  0.0224  0.0224  0.0223
  0.0224  0.0223  0.0223  0.0225  0.0224  0.0224  0.0223  0.0223  0.0223  0.0223  0.0223  0.0223
  0.0223  0.0223  0.0223  0.0223  0.0223  0.0223  0.0223  0.0223  0.0223  0.0223  0.0223  0.0223
  0.0224  0.0224  0.0223  0.0223  0.0223  0.0223  0.0223  0.0223  0.0223  0.0223  0.0223  0.0223
  0.0225  0.0225  0.0224  0.0225  0.0225  0.0224  0.0224  0.0226  0.0224  0.0225  0.0223  0.0223
  0.0228  0.0227  0.0225  0.0229  0.0229  0.0228  0.0227  0.0229  0.0226  0.0226  0.0224  0.0224
   -1.3461  -14.1464   15.3646   -8.2622  -11.0053   -1.4072
    2.6103    2.2681    0.3922  -10.0530   -2.0342    2.6395
eta,q 0.97772 13.70007

---------------------------------------------------------------------
imgreg_4dfp /opt/freesurfer/average/711-2C_as_mni_average_305 /opt/freesurfer/average/711-2B_as_mni_average_305_mask talsrcimg_g11 none talsrcimg_to_711-2C_as_mni_average_305_t4 2311
---------------------------------------------------------------------

freesurfer imgreg_4dfp.c
/opt/freesurfer/average/711-2C_as_mni_average_305.4dfp.img
       256       256       256         1
  1.000000  1.000000  1.000000
orientation T byte_order littleendian
Reading image: /opt/freesurfer/average/711-2C_as_mni_average_305.4dfp.img
dimensions:      256       256       256
mmppix:       1.0000   -1.0000   -1.0000
center:     128.0000 -129.0000 -129.0000
/opt/freesurfer/average/711-2B_as_mni_average_305_mask.4dfp.img
       256       256       256         1
  1.000000  1.000000  1.000000
orientation T byte_order littleendian
Reading mask: /opt/freesurfer/average/711-2B_as_mni_average_305_mask.4dfp.img (2306576 pixels)
talsrcimg_g11.4dfp.img
       256       256       256         1
  0.900000  0.900000  0.900000
orientation T byte_order littleendian
Reading image: talsrcimg_g11.4dfp.img
dimensions:      256       256       256
mmppix:       0.9000   -0.9000   -0.9000
center:     115.2000 -116.1000 -116.1000
fimgreg.f
image alignment mode   2311 decimal      907 hex
parameters
   -1.3461  -14.1464   15.3646   -8.2622  -11.0053   -1.4072
    2.6103    2.2681    0.3922  -10.0530   -2.0342    2.6395
eta,q 0.97772 13.70007
niter,ni,del,rscale     5    3    5.0000    0.8000
parameters
   -1.4233  -14.1777   15.3500   -8.9087  -11.2462   -1.9007
    2.6518    2.0850    0.3186  -10.0314   -2.2947    2.6958
eta,q 0.97754 13.67952
  0.0239  0.0235  0.0231  0.0238  0.0242  0.0239  0.0239  0.0246  0.0234  0.0240  0.0230  0.0230
  0.0230  0.0228  0.0226  0.0232  0.0234  0.0232  0.0231  0.0232  0.0229  0.0230  0.0226  0.0227
  0.0224  0.0224  0.0224  0.0226  0.0227  0.0227  0.0226  0.0226  0.0226  0.0225  0.0225  0.0225
  0.0223  0.0223  0.0223  0.0223  0.0224  0.0224  0.0225  0.0225  0.0225  0.0225  0.0225  0.0225
  0.0225  0.0224  0.0224  0.0225  0.0226  0.0225  0.0226  0.0228  0.0226  0.0227  0.0226  0.0225
  0.0232  0.0229  0.0227  0.0236  0.0234  0.0235  0.0231  0.0235  0.0229  0.0231  0.0227  0.0227
  0.0243  0.0236  0.0231  0.0255  0.0248  0.0253  0.0239  0.0249  0.0234  0.0238  0.0230  0.0230
niter,ni,del,rscale     4    3    5.0000    0.7000
parameters
   -1.3211  -14.0963   15.4270   -8.8235  -11.1805   -1.8640
    2.5670    2.1376    0.3597  -10.0546   -2.4721    2.5999
eta,q 0.97759 13.67908
  0.0238  0.0234  0.0230  0.0238  0.0240  0.0238  0.0235  0.0243  0.0232  0.0236  0.0228  0.0228
  0.0231  0.0229  0.0227  0.0233  0.0233  0.0232  0.0229  0.0231  0.0228  0.0228  0.0226  0.0226
  0.0227  0.0226  0.0225  0.0228  0.0227  0.0227  0.0225  0.0225  0.0225  0.0225  0.0224  0.0224
  0.0225  0.0224  0.0224  0.0224  0.0224  0.0224  0.0224  0.0224  0.0224  0.0224  0.0224  0.0224
  0.0225  0.0225  0.0225  0.0224  0.0225  0.0223  0.0225  0.0226  0.0225  0.0226  0.0225  0.0225
  0.0228  0.0228  0.0226  0.0229  0.0231  0.0229  0.0229  0.0231  0.0227  0.0230  0.0226  0.0226
  0.0235  0.0232  0.0229  0.0240  0.0241  0.0241  0.0236  0.0241  0.0231  0.0235  0.0229  0.0229
niter,ni,del,rscale     3    3    5.0000    0.6000
parameters
   -1.2996  -14.1016   15.4221   -8.6715  -11.1121   -1.7551
    2.5510    2.1792    0.4009  -10.0700   -2.4241    2.6141
eta,q 0.97764 13.68495
  0.0233  0.0231  0.0228  0.0235  0.0236  0.0235  0.0232  0.0238  0.0230  0.0232  0.0227  0.0227
  0.0228  0.0227  0.0226  0.0231  0.0230  0.0230  0.0227  0.0229  0.0226  0.0227  0.0225  0.0225
  0.0225  0.0225  0.0224  0.0227  0.0226  0.0226  0.0225  0.0225  0.0224  0.0224  0.0224  0.0224
  0.0224  0.0224  0.0224  0.0224  0.0224  0.0224  0.0224  0.0224  0.0224  0.0224  0.0224  0.0224
  0.0225  0.0225  0.0225  0.0224  0.0225  0.0223  0.0225  0.0225  0.0224  0.0225  0.0224  0.0224
  0.0228  0.0227  0.0226  0.0227  0.0229  0.0226  0.0227  0.0229  0.0226  0.0228  0.0225  0.0225
  0.0233  0.0231  0.0228  0.0236  0.0236  0.0236  0.0232  0.0236  0.0229  0.0232  0.0227  0.0227
niter,ni,del,rscale     2    3    5.0000    0.5000
parameters
   -1.3103  -14.1253   15.4032   -8.4865  -11.0494   -1.6052
    2.5673    2.2229    0.4123  -10.0950   -2.2506    2.6766
eta,q 0.97767 13.69226
  0.0230  0.0228  0.0226  0.0232  0.0232  0.0231  0.0229  0.0233  0.0227  0.0229  0.0226  0.0226
  0.0227  0.0226  0.0225  0.0229  0.0228  0.0228  0.0226  0.0227  0.0225  0.0225  0.0225  0.0224
  0.0224  0.0224  0.0224  0.0226  0.0225  0.0225  0.0224  0.0224  0.0224  0.0224  0.0224  0.0224
  0.0224  0.0224  0.0224  0.0224  0.0223  0.0223  0.0223  0.0223  0.0223  0.0223  0.0223  0.0223
  0.0224  0.0224  0.0224  0.0223  0.0224  0.0223  0.0224  0.0224  0.0224  0.0224  0.0223  0.0223
  0.0226  0.0226  0.0225  0.0226  0.0227  0.0225  0.0226  0.0227  0.0225  0.0226  0.0224  0.0224
  0.0230  0.0229  0.0227  0.0232  0.0232  0.0231  0.0229  0.0232  0.0227  0.0229  0.0225  0.0225
niter,ni,del,rscale     1    3    5.0000    0.4000
parameters
   -1.3363  -14.1547   15.3790   -8.2807  -11.0096   -1.4242
    2.5981    2.2629    0.4079  -10.0908   -2.0685    2.6884
eta,q 0.97772 13.69916
  0.0227  0.0226  0.0225  0.0230  0.0229  0.0228  0.0227  0.0230  0.0226  0.0227  0.0225  0.0224
  0.0225  0.0225  0.0224  0.0227  0.0226  0.0226  0.0225  0.0226  0.0224  0.0224  0.0224  0.0224
  0.0224  0.0224  0.0223  0.0225  0.0224  0.0224  0.0223  0.0223  0.0223  0.0223  0.0223  0.0223
  0.0223  0.0223  0.0223  0.0223  0.0223  0.0223  0.0223  0.0223  0.0223  0.0223  0.0223  0.0223
  0.0224  0.0224  0.0223  0.0223  0.0223  0.0223  0.0223  0.0223  0.0223  0.0223  0.0223  0.0223
  0.0225  0.0225  0.0224  0.0225  0.0225  0.0224  0.0224  0.0226  0.0224  0.0225  0.0223  0.0224
  0.0228  0.0227  0.0225  0.0228  0.0229  0.0228  0.0227  0.0229  0.0226  0.0226  0.0224  0.0224
registration optimization eta report
parameter search radius
    0.8000    0.8000    0.8000    2.4000    2.4000    2.4000
    2.4000    2.4000    2.4000    2.4000    2.4000    2.4000
100000*second partial in parameter space
       67.       49.       29.       10.       10.        9.
        7.       11.        5.        6.        3.        3.
  0.0227  0.0226  0.0225  0.0230  0.0229  0.0228  0.0227  0.0230  0.0226  0.0227  0.0225  0.0224
  0.0225  0.0225  0.0224  0.0227  0.0226  0.0226  0.0225  0.0226  0.0224  0.0224  0.0224  0.0224
  0.0224  0.0224  0.0223  0.0225  0.0224  0.0224  0.0223  0.0223  0.0223  0.0223  0.0223  0.0223
  0.0223  0.0223  0.0223  0.0223  0.0223  0.0223  0.0223  0.0223  0.0223  0.0223  0.0223  0.0223
  0.0224  0.0224  0.0223  0.0223  0.0223  0.0223  0.0223  0.0223  0.0223  0.0223  0.0223  0.0223
  0.0225  0.0225  0.0224  0.0225  0.0225  0.0224  0.0224  0.0226  0.0224  0.0225  0.0223  0.0224
  0.0228  0.0227  0.0225  0.0228  0.0229  0.0228  0.0227  0.0229  0.0226  0.0226  0.0224  0.0224
   -1.3363  -14.1547   15.3790   -8.2807  -11.0096   -1.4242
    2.5981    2.2629    0.4079  -10.0908   -2.0685    2.6884
eta,q 0.97772 13.69916

---------------------------------------------------------------------
compute_vox2vox talsrcimg talsrcimg_to_711-2C_as_mni_average_305_t4 /opt/freesurfer/average/711-2C_as_mni_average_305
---------------------------------------------------------------------

freesurfer compute_vox2vox.c
Reading: talsrcimg.4dfp.ifh
Reading: talsrcimg_to_711-2C_as_mni_average_305_t4
Reading: /opt/freesurfer/average/711-2C_as_mni_average_305.4dfp.ifh
Writing: talsrcimg_to_711-2C_as_mni_average_305_t4_vox2vox.txt

start time Thu Mar 12 19:54:19 CET 2026
end		time Thu Mar 12 19:54:32 CET 2026

mpr2mni305 success

avi2talxfm orig_nu.mgz /opt/freesurfer/average/mni305.cor.mgz talsrcimg_to_711-2C_as_mni_average_305_t4_vox2vox.txt transforms/talairach.auto.xfm
avi2talxfm done
mv -f /out/sourcedata/freesurfer/sub-v2s1x29905_ses-1/mri/talsrcimg_to_711-2C_as_mni_average_305_t4_vox2vox.txt /out/sourcedata/freesurfer/sub-v2s1x29905_ses-1/mri/transforms/talsrcimg_to_711-2C_as_mni_average_305_t4_vox2vox.txt
lta_convert --src orig_nu.mgz --trg /opt/freesurfer/average/mni305.cor.mgz --inxfm transforms/talairach.auto.xfm --outlta transforms/talairach.auto.xfm.lta --subject fsaverage
7.3.2

--src: orig_nu.mgz src image (geometry).
--trg: /opt/freesurfer/average/mni305.cor.mgz trg image (geometry).
--inmni: transforms/talairach.auto.xfm input MNI/XFM transform.
--outlta: transforms/talairach.auto.xfm.lta output LTA.
--s: fsaverage subject name
 LTA read, type : 1
 1.08979  -0.02819  -0.03097  -2.81455;
 0.02293   1.01073  -0.03120  -43.48048;
-0.00240   0.11474   1.12032  -3.10500;
 0.00000   0.00000   0.00000   1.00000;
setting subject to fsaverage
Writing  LTA to file transforms/talairach.auto.xfm.lta...
lta_convert successful.
 
 
Started at Thu Mar 12 19:54:18 CET 2026
Ended   at Thu Mar 12 19:54:33 CET 2026
talairach_avi done
