status file for recon-all
Wed Mar 11 18:44:19 CET 2026
#@# MotionCor Wed Mar 11 18:44:21 CET 2026
#@# Talairach Wed Mar 11 18:44:29 CET 2026
#@# Talairach Failure Detection Wed Mar 11 18:48:58 CET 2026
#@# Nu Intensity Correction Wed Mar 11 18:48:58 CET 2026
#@# Intensity Normalization Wed Mar 11 18:52:12 CET 2026
recon-all -s sub-v2s1x29871_ses-1 finished without error at Wed Mar 11 18:53:36 CET 2026



#New# invocation of recon-all 



status file for recon-all
Wed Mar 11 19:00:24 CET 2026
#@# EM Registration Wed Mar 11 19:00:24 CET 2026
recon-all -s sub-v2s1x29871_ses-1 finished without error at Wed Mar 11 19:02:51 CET 2026



#New# invocation of recon-all 



status file for recon-all
Wed Mar 11 19:02:53 CET 2026
#@# CA Normalize Wed Mar 11 19:02:53 CET 2026
#@# CA Reg Wed Mar 11 19:04:13 CET 2026
#@# SubCort Seg Wed Mar 11 19:46:54 CET 2026
#@# CC Seg Wed Mar 11 20:19:26 CET 2026
#@# Merge ASeg Wed Mar 11 20:20:00 CET 2026
#@# Intensity Normalization2 Wed Mar 11 20:20:00 CET 2026
#@# Mask BFS Wed Mar 11 20:22:05 CET 2026
#@# WM Segmentation Wed Mar 11 20:22:06 CET 2026
#@# Fill Wed Mar 11 20:24:08 CET 2026
recon-all -s sub-v2s1x29871_ses-1 finished without error at Wed Mar 11 20:25:12 CET 2026



#New# invocation of recon-all 



status file for recon-all
Wed Mar 11 21:07:36 CET 2026
#@# white curv lh Wed Mar 11 21:07:36 CET 2026
#@# white area lh Wed Mar 11 21:07:36 CET 2026
#@# pial curv lh Wed Mar 11 21:07:36 CET 2026
#@# pial area lh Wed Mar 11 21:07:36 CET 2026
#@# thickness lh Wed Mar 11 21:07:36 CET 2026
#@# area and vertex vol lh Wed Mar 11 21:07:36 CET 2026
#@# white curv rh Wed Mar 11 21:07:36 CET 2026
#@# white area rh Wed Mar 11 21:07:36 CET 2026
#@# pial curv rh Wed Mar 11 21:07:36 CET 2026
#@# pial area rh Wed Mar 11 21:07:36 CET 2026
#@# thickness rh Wed Mar 11 21:07:36 CET 2026
#@# area and vertex vol rh Wed Mar 11 21:07:36 CET 2026
#@# Cortical ribbon mask Wed Mar 11 21:07:36 CET 2026
recon-all -s sub-v2s1x29871_ses-1 finished without error at Wed Mar 11 21:13:03 CET 2026



#New# invocation of recon-all 



status file for recon-all
Wed Mar 11 21:19:12 CET 2026
#@# white curv lh Wed Mar 11 21:19:12 CET 2026
#@# white area lh Wed Mar 11 21:19:12 CET 2026
#@# pial curv lh Wed Mar 11 21:19:12 CET 2026
#@# pial area lh Wed Mar 11 21:19:12 CET 2026
#@# thickness lh Wed Mar 11 21:19:12 CET 2026
#@# area and vertex vol lh Wed Mar 11 21:19:12 CET 2026
#@# white curv rh Wed Mar 11 21:19:12 CET 2026
#@# white area rh Wed Mar 11 21:19:12 CET 2026
#@# pial curv rh Wed Mar 11 21:19:12 CET 2026
#@# pial area rh Wed Mar 11 21:19:12 CET 2026
#@# thickness rh Wed Mar 11 21:19:12 CET 2026
#@# area and vertex vol rh Wed Mar 11 21:19:12 CET 2026
#@# Curvature Stats lh Wed Mar 11 21:19:12 CET 2026
#@# Curvature Stats rh Wed Mar 11 21:19:15 CET 2026
#@# Relabel Hypointensities Wed Mar 11 21:19:17 CET 2026
#@# APas-to-ASeg Wed Mar 11 21:19:34 CET 2026
#@# AParc-to-ASeg aparc Wed Mar 11 21:19:41 CET 2026
#@# AParc-to-ASeg aparc.a2009s Wed Mar 11 21:20:24 CET 2026
#@# AParc-to-ASeg aparc.DKTatlas Wed Mar 11 21:21:07 CET 2026
#@# WMParc Wed Mar 11 21:21:45 CET 2026
#@# ASeg Stats Wed Mar 11 21:25:31 CET 2026
recon-all -s sub-v2s1x29871_ses-1 finished without error at Wed Mar 11 21:26:04 CET 2026
