status file for recon-all
Wed Mar 11 20:46:25 CET 2026
#@# Tessellate rh Wed Mar 11 20:46:26 CET 2026
#@# Smooth1 rh Wed Mar 11 20:46:29 CET 2026
#@# Inflation1 rh Wed Mar 11 20:46:32 CET 2026
#@# QSphere rh Wed Mar 11 20:47:20 CET 2026
#@# Fix Topology rh Wed Mar 11 20:48:17 CET 2026
#@# Smooth2 rh Wed Mar 11 20:54:28 CET 2026
#@# Inflation2 rh Wed Mar 11 20:54:31 CET 2026
#@# Curv .H and .K rh Wed Mar 11 20:55:08 CET 2026
#@# Sphere rh Wed Mar 11 20:55:54 CET 2026
#@# Surf Reg rh Wed Mar 11 20:57:58 CET 2026
#@# Jacobian white rh Wed Mar 11 21:00:56 CET 2026
#@# AvgCurv rh Wed Mar 11 21:00:57 CET 2026
#@# Cortical Parc rh Wed Mar 11 21:00:57 CET 2026
#@# white curv rh Wed Mar 11 21:06:25 CET 2026
#@# white area rh Wed Mar 11 21:06:27 CET 2026
#@# pial curv rh Wed Mar 11 21:06:28 CET 2026
#@# pial area rh Wed Mar 11 21:06:29 CET 2026
#@# thickness rh Wed Mar 11 21:06:30 CET 2026
#@# area and vertex vol rh Wed Mar 11 21:07:00 CET 2026
#@# Curvature Stats rh Wed Mar 11 21:07:02 CET 2026
#@# Cortical Parc 2 rh Wed Mar 11 21:07:04 CET 2026
#@# Cortical Parc 3 rh Wed Mar 11 21:07:17 CET 2026
#@# WM/GM Contrast rh Wed Mar 11 21:07:27 CET 2026
recon-all -s sub-v2s1x29871_ses-1 finished without error at Wed Mar 11 21:07:30 CET 2026



#New# invocation of recon-all 



status file for recon-all
Wed Mar 11 21:16:04 CET 2026
#@# white curv rh Wed Mar 11 21:16:04 CET 2026
#@# white area rh Wed Mar 11 21:16:04 CET 2026
#@# pial curv rh Wed Mar 11 21:16:04 CET 2026
#@# pial area rh Wed Mar 11 21:16:04 CET 2026
#@# thickness rh Wed Mar 11 21:16:04 CET 2026
#@# area and vertex vol rh Wed Mar 11 21:16:04 CET 2026
#@# Parcellation Stats rh Wed Mar 11 21:16:04 CET 2026
#@# Parcellation Stats 2 rh Wed Mar 11 21:16:22 CET 2026
#@# Parcellation Stats 3 rh Wed Mar 11 21:16:31 CET 2026
#@# BA_exvivo Labels rh Wed Mar 11 21:16:40 CET 2026
recon-all -s sub-v2s1x29871_ses-1 finished without error at Wed Mar 11 21:19:08 CET 2026
