status file for recon-all
Wed Mar 11 20:25:16 CET 2026
#@# Tessellate lh Wed Mar 11 20:25:16 CET 2026
#@# Smooth1 lh Wed Mar 11 20:25:20 CET 2026
#@# Inflation1 lh Wed Mar 11 20:25:22 CET 2026
#@# QSphere lh Wed Mar 11 20:26:10 CET 2026
#@# Fix Topology lh Wed Mar 11 20:27:07 CET 2026
#@# Smooth2 lh Wed Mar 11 20:33:13 CET 2026
#@# Inflation2 lh Wed Mar 11 20:33:15 CET 2026
#@# Curv .H and .K lh Wed Mar 11 20:34:07 CET 2026
#@# Sphere lh Wed Mar 11 20:34:51 CET 2026
#@# Surf Reg lh Wed Mar 11 20:37:04 CET 2026
#@# Jacobian white lh Wed Mar 11 20:40:17 CET 2026
#@# AvgCurv lh Wed Mar 11 20:40:18 CET 2026
#@# Cortical Parc lh Wed Mar 11 20:40:19 CET 2026
#@# white curv lh Wed Mar 11 20:45:21 CET 2026
#@# white area lh Wed Mar 11 20:45:22 CET 2026
#@# pial curv lh Wed Mar 11 20:45:23 CET 2026
#@# pial area lh Wed Mar 11 20:45:24 CET 2026
#@# thickness lh Wed Mar 11 20:45:25 CET 2026
#@# area and vertex vol lh Wed Mar 11 20:45:53 CET 2026
#@# Curvature Stats lh Wed Mar 11 20:45:54 CET 2026
#@# Cortical Parc 2 lh Wed Mar 11 20:45:57 CET 2026
#@# Cortical Parc 3 lh Wed Mar 11 20:46:09 CET 2026
#@# WM/GM Contrast lh Wed Mar 11 20:46:18 CET 2026
recon-all -s sub-v2s1x29871_ses-1 finished without error at Wed Mar 11 20:46:21 CET 2026



#New# invocation of recon-all 



status file for recon-all
Wed Mar 11 21:13:06 CET 2026
#@# white curv lh Wed Mar 11 21:13:06 CET 2026
#@# white area lh Wed Mar 11 21:13:06 CET 2026
#@# pial curv lh Wed Mar 11 21:13:06 CET 2026
#@# pial area lh Wed Mar 11 21:13:06 CET 2026
#@# thickness lh Wed Mar 11 21:13:06 CET 2026
#@# area and vertex vol lh Wed Mar 11 21:13:06 CET 2026
#@# Parcellation Stats lh Wed Mar 11 21:13:06 CET 2026
#@# Parcellation Stats 2 lh Wed Mar 11 21:13:23 CET 2026
#@# Parcellation Stats 3 lh Wed Mar 11 21:13:31 CET 2026
#@# BA_exvivo Labels lh Wed Mar 11 21:13:39 CET 2026
recon-all -s sub-v2s1x29871_ses-1 finished without error at Wed Mar 11 21:16:00 CET 2026
