/out/sourcedata/freesurfer/sub-v2s1x29887_ses-1/mri
/opt/freesurfer/bin/talairach_avi
--i orig_nu.mgz --xfm transforms/talairach.auto.xfm
talairach_avi 7.3.2
Linux dna020 5.14.0-427.37.1.el9_4.x86_64 #1 SMP PREEMPT_DYNAMIC Fri Sep 13 12:41:50 EDT 2024 x86_64 x86_64 x86_64 GNU/Linux
Wed Mar 11 20:24:29 CET 2026
mri_convert orig_nu.mgz talsrcimg.img 
reading from orig_nu.mgz...
TR=0.00, TE=0.00, TI=0.00, flip angle=0.00
i_ras = (-1, 0, 0)
j_ras = (0, 0, -1)
k_ras = (0, 1, 0)
writing to talsrcimg.img...
Analyze Output Matrix
-0.90000   0.00000   0.00000   115.18798;
 0.00000   0.00000   0.90000  -80.71003;
 0.00000  -0.90000   0.00000   151.97189;
 0.00000   0.00000   0.00000   1.00000;
--------------------
INFO: set hdr.hist.orient to -1
mpr2mni305 talsrcimg
Wed Mar 11 20:24:30 CET 2026
/opt/freesurfer/bin/mpr2mni305 talsrcimg
mpr2mni305 7.3.2
target=711-2C_as_mni_average_305

---------------------------------------------------------------------
analyzeto4dfp talsrcimg -O0 -y
---------------------------------------------------------------------

freesurfer ifh2hdr.c
Wed Mar 11 20:24:30 2026
Writing: talsrcimg.4dfp.hdr
freesurfer analyzeto4dfp.c
Reading: talsrcimg.hdr
header size 348 bytes
hdr.dime.datatype	offset=70	value=2
hdr.dime.bitpix		offset=72	value=8
hdr.hist.orient		offset=252	value=-1
dimensionality     4
dimensions       256       256       256         1
Reading: talsrcimg.img
Writing: talsrcimg.4dfp.img
Writing: talsrcimg.4dfp.ifh
ifh2hdr talsrcimg -r0to223
ori=2

---------------------------------------------------------------------
gauss_4dfp talsrcimg 1.1
---------------------------------------------------------------------

freesurfer gauss_4dfp.c
Reading: talsrcimg.4dfp.img
Writing: talsrcimg_g11.4dfp.img
image dimensions 256 256 256 padded to 288 288 288
processing volume 1freesurfer ifh2hdr.c
Wed Mar 11 20:24:31 2026
Writing: talsrcimg_g11.4dfp.hdr

Writing: talsrcimg_g11.4dfp.ifh
including: talsrcimg.4dfp.img.rec in talsrcimg_g11.4dfp.img.rec

---------------------------------------------------------------------
imgreg_4dfp /opt/freesurfer/average/711-2C_as_mni_average_305 none talsrcimg_g11 none talsrcimg_to_711-2C_as_mni_average_305_t4 4355
---------------------------------------------------------------------

freesurfer imgreg_4dfp.c
/opt/freesurfer/average/711-2C_as_mni_average_305.4dfp.img
       256       256       256         1
  1.000000  1.000000  1.000000
orientation T byte_order littleendian
Reading image: /opt/freesurfer/average/711-2C_as_mni_average_305.4dfp.img
dimensions:      256       256       256
mmppix:       1.0000   -1.0000   -1.0000
center:     128.0000 -129.0000 -129.0000
talsrcimg_g11.4dfp.img
       256       256       256         1
  0.900000  0.900000  0.900000
orientation T byte_order littleendian
Reading image: talsrcimg_g11.4dfp.img
dimensions:      256       256       256
mmppix:       0.9000   -0.9000   -0.9000
center:     115.2000 -116.1000 -116.1000
t4_read: open error in t4_sub.f l:  41 t4_file(1:l)talsrcimg_to_711-2C_as_mni_average_305_t4 
t4_read: transform initialized to I4
rotation matrix determinant  1.000000
image alignment mode   4355 decimal     1103 hex
   -7.5000  -45.0000  -45.0000 5829.8037   20.5997
    0.0000  -45.0000  -45.0000 5871.4609   20.6398
    7.5000  -45.0000  -45.0000 5539.6353   20.6138
   -7.5000  -37.5000  -45.0000 6280.1235   21.7696
    0.0000  -37.5000  -45.0000 6310.5972   21.8128
    7.5000  -37.5000  -45.0000 5950.6909   21.8024
   -7.5000  -30.0000  -45.0000 6671.8242   22.3281
    0.0000  -30.0000  -45.0000 6703.8672   22.3655
    7.5000  -30.0000  -45.0000 6319.0835   22.3720
   -7.5000  -22.5000  -45.0000 7115.6489   22.3064
    0.0000  -22.5000  -45.0000 7135.5112   22.3354
    7.5000  -22.5000  -45.0000 6724.9917   22.3439
   -7.5000  -15.0000  -45.0000 7490.7378   22.4315
    0.0000  -15.0000  -45.0000 7493.8140   22.4581
    7.5000  -15.0000  -45.0000 7080.0400   22.4489
   -7.5000   -7.5000  -45.0000 7509.5322   22.5664
    0.0000   -7.5000  -45.0000 7528.2900   22.6002
    7.5000   -7.5000  -45.0000 7107.8652   22.5731
   -7.5000    0.0000  -45.0000 7478.7974   22.5826
    0.0000    0.0000  -45.0000 7513.2329   22.6266
    7.5000    0.0000  -45.0000 7111.9517   22.5981
   -7.5000    7.5000  -45.0000 7222.9790   22.4560
    0.0000    7.5000  -45.0000 7266.0146   22.5005
    7.5000    7.5000  -45.0000 6888.0806   22.4898
   -7.5000   15.0000  -45.0000 7191.6255   22.3281
    0.0000   15.0000  -45.0000 7212.1841   22.3655
    7.5000   15.0000  -45.0000 6831.1167   22.3720
   -7.5000   22.5000  -45.0000 6563.2915   22.0063
    0.0000   22.5000  -45.0000 6564.5625   22.0350
    7.5000   22.5000  -45.0000 6211.1943   22.0433
   -7.5000   30.0000  -45.0000 5949.9976   21.5395
    0.0000   30.0000  -45.0000 5955.4302   21.5651
    7.5000   30.0000  -45.0000 5621.4268   21.5562
   -7.5000   37.5000  -45.0000 5376.1157   20.9713
    0.0000   37.5000  -45.0000 5389.5254   21.0027
    7.5000   37.5000  -45.0000 5088.8447   20.9775
   -7.5000   45.0000  -45.0000 4800.6377   20.2923
    0.0000   45.0000  -45.0000 4823.2632   20.3321
    7.5000   45.0000  -45.0000 4558.7808   20.3067
   -7.5000  -45.0000  -37.5000 6353.4194   21.5562
    0.0000  -45.0000  -37.5000 6401.0664   21.6076
    7.5000  -45.0000  -37.5000 6046.4512   21.5786
   -7.5000  -37.5000  -37.5000 6817.1152   22.7857
    0.0000  -37.5000  -37.5000 6844.8511   22.8377
    7.5000  -37.5000  -37.5000 6471.5151   22.8201
   -7.5000  -30.0000  -37.5000 7241.5933   23.3261
    0.0000  -30.0000  -37.5000 7263.2988   23.3658
    7.5000  -30.0000  -37.5000 6862.4185   23.3628
   -7.5000  -22.5000  -37.5000 7705.0996   23.3029
    0.0000  -22.5000  -37.5000 7726.0249   23.3278
    7.5000  -22.5000  -37.5000 7307.9888   23.3279
   -7.5000  -15.0000  -37.5000 8099.4473   23.4359
    0.0000  -15.0000  -37.5000 8124.4097   23.4605
    7.5000  -15.0000  -37.5000 7685.5679   23.4468
   -7.5000   -7.5000  -37.5000 8104.2295   23.5820
    0.0000   -7.5000  -37.5000 8135.5293   23.6225
    7.5000   -7.5000  -37.5000 7685.4121   23.5938
   -7.5000    0.0000  -37.5000 8083.3838   23.6012
    0.0000    0.0000  -37.5000 8118.7759   23.6574
    7.5000    0.0000  -37.5000 7672.7368   23.6257
   -7.5000    7.5000  -37.5000 7818.0718   23.4627
    0.0000    7.5000  -37.5000 7848.9697   23.5162
    7.5000    7.5000  -37.5000 7413.7729   23.4981
   -7.5000   15.0000  -37.5000 7756.3379   23.3250
    0.0000   15.0000  -37.5000 7770.7949   23.3647
    7.5000   15.0000  -37.5000 7337.7754   23.3618
   -7.5000   22.5000  -37.5000 7075.0898   22.9914
    0.0000   22.5000  -37.5000 7081.8208   23.0159
    7.5000   22.5000  -37.5000 6673.5059   23.0160
   -7.5000   30.0000  -37.5000 6399.4854   22.5200
    0.0000   30.0000  -37.5000 6396.1240   22.5437
    7.5000   30.0000  -37.5000 6041.3682   22.5305
   -7.5000   37.5000  -37.5000 5763.8916   21.9330
    0.0000   37.5000  -37.5000 5768.6499   21.9706
    7.5000   37.5000  -37.5000 5441.3774   21.9439
   -7.5000   45.0000  -37.5000 5136.4990   21.2066
    0.0000   45.0000  -37.5000 5161.6235   21.2580
    7.5000   45.0000  -37.5000 4857.7705   21.2300
   -7.5000  -45.0000  -30.0000 6877.3853   22.5534
    0.0000  -45.0000  -30.0000 6915.8096   22.6045
    7.5000  -45.0000  -30.0000 6543.4980   22.5669
   -7.5000  -37.5000  -30.0000 7358.4805   23.8517
    0.0000  -37.5000  -30.0000 7389.2231   23.9084
    7.5000  -37.5000  -30.0000 6991.2412   23.8780
   -7.5000  -30.0000  -30.0000 7827.6797   24.3854
    0.0000  -30.0000  -30.0000 7841.2251   24.4308
    7.5000  -30.0000  -30.0000 7419.9565   24.4062
   -7.5000  -22.5000  -30.0000 8324.7148   24.3612
    0.0000  -22.5000  -30.0000 8345.6172   24.3874
    7.5000  -22.5000  -30.0000 7902.3228   24.3600
   -7.5000  -15.0000  -30.0000 8768.3770   24.4957
    0.0000  -15.0000  -30.0000 8799.8857   24.5177
    7.5000  -15.0000  -30.0000 8313.7051   24.4809
   -7.5000   -7.5000  -30.0000 8777.9854   24.6459
    0.0000   -7.5000  -30.0000 8819.0146   24.6829
    7.5000   -7.5000  -30.0000 8315.3643   24.6398
   -7.5000    0.0000  -30.0000 8748.7021   24.6673
    0.0000    0.0000  -30.0000 8783.7275   24.7231
    7.5000    0.0000  -30.0000 8284.1357   24.6820
   -7.5000    7.5000  -30.0000 8421.6572   24.5232
    0.0000    7.5000  -30.0000 8443.7842   24.5815
    7.5000    7.5000  -30.0000 7977.3633   24.5503
   -7.5000   15.0000  -30.0000 8313.1455   24.3821
    0.0000   15.0000  -30.0000 8331.0576   24.4275
    7.5000   15.0000  -30.0000 7850.0723   24.4028
   -7.5000   22.5000  -30.0000 7572.2363   24.0366
    0.0000   22.5000  -30.0000 7587.8315   24.0624
    7.5000   22.5000  -30.0000 7148.2568   24.0354
   -7.5000   30.0000  -30.0000 6857.5869   23.5555
    0.0000   30.0000  -30.0000 6866.8237   23.5767
    7.5000   30.0000  -30.0000 6470.4434   23.5413
   -7.5000   37.5000  -30.0000 6160.0986   22.9571
    0.0000   37.5000  -30.0000 6165.9609   22.9916
    7.5000   37.5000  -30.0000 5819.2788   22.9514
   -7.5000   45.0000  -30.0000 5472.4146   22.2015
    0.0000   45.0000  -30.0000 5490.0811   22.2526
    7.5000   45.0000  -30.0000 5176.9712   22.2158
   -7.5000  -45.0000  -22.5000 7400.9009   23.4452
    0.0000  -45.0000  -22.5000 7451.7539   23.4817
    7.5000  -45.0000  -22.5000 7049.4009   23.4382
   -7.5000  -37.5000  -22.5000 7883.3262   24.8195
    0.0000  -37.5000  -22.5000 7930.2104   24.8711
    7.5000  -37.5000  -22.5000 7502.2485   24.8349
   -7.5000  -30.0000  -22.5000 8373.0693   25.3475
    0.0000  -30.0000  -22.5000 8408.7734   25.3965
    7.5000  -30.0000  -22.5000 7951.0352   25.3590
   -7.5000  -22.5000  -22.5000 8914.3555   25.3142
    0.0000  -22.5000  -22.5000 8930.7070   25.3450
    7.5000  -22.5000  -22.5000 8456.8506   25.2970
   -7.5000  -15.0000  -22.5000 9383.2695   25.4439
    0.0000  -15.0000  -22.5000 9419.1475   25.4623
    7.5000  -15.0000  -22.5000 8891.7061   25.4054
   -7.5000   -7.5000  -22.5000 9424.8594   25.5974
    0.0000   -7.5000  -22.5000 9480.0430   25.6202
    7.5000   -7.5000  -22.5000 8913.8945   25.5635
   -7.5000    0.0000  -22.5000 9390.3945   25.6280
    0.0000    0.0000  -22.5000 9452.8779   25.6679
    7.5000    0.0000  -22.5000 8880.7012   25.6203
   -7.5000    7.5000  -22.5000 9011.1104   25.4865
    0.0000    7.5000  -22.5000 9059.6416   25.5395
    7.5000    7.5000  -22.5000 8531.5596   25.5023
   -7.5000   15.0000  -22.5000 8852.6797   25.3414
    0.0000   15.0000  -22.5000 8881.5488   25.3904
    7.5000   15.0000  -22.5000 8349.8301   25.3529
   -7.5000   22.5000  -22.5000 8060.3076   24.9792
    0.0000   22.5000  -22.5000 8085.5796   25.0097
    7.5000   22.5000  -22.5000 7604.1885   24.9623
   -7.5000   30.0000  -22.5000 7305.0200   24.4853
    0.0000   30.0000  -22.5000 7332.2729   24.5030
    7.5000   30.0000  -22.5000 6901.6768   24.4483
   -7.5000   37.5000  -22.5000 6548.0605   23.8797
    0.0000   37.5000  -22.5000 6563.3926   23.9010
    7.5000   37.5000  -22.5000 6187.0000   23.8481
   -7.5000   45.0000  -22.5000 5797.2778   23.1245
    0.0000   45.0000  -22.5000 5814.5308   23.1606
    7.5000   45.0000  -22.5000 5475.7490   23.1173
   -7.5000  -45.0000  -15.0000 7948.5054   24.2049
    0.0000  -45.0000  -15.0000 7976.9473   24.2285
    7.5000  -45.0000  -15.0000 7565.3076   24.1864
   -7.5000  -37.5000  -15.0000 8424.4834   25.6297
    0.0000  -37.5000  -15.0000 8458.6895   25.6724
    7.5000  -37.5000  -15.0000 8006.5801   25.6432
   -7.5000  -30.0000  -15.0000 8946.3682   26.1482
    0.0000  -30.0000  -15.0000 8978.1797   26.1954
    7.5000  -30.0000  -15.0000 8484.8506   26.1689
   -7.5000  -22.5000  -15.0000 9506.4658   26.1036
    0.0000  -22.5000  -15.0000 9532.2432   26.1381
    7.5000  -22.5000  -15.0000 9007.9014   26.1005
   -7.5000  -15.0000  -15.0000 9994.9775   26.2325
    0.0000  -15.0000  -15.000010029.7871   26.2504
    7.5000  -15.0000  -15.0000 9489.3955   26.1991
   -7.5000   -7.5000  -15.000010049.5049   26.3927
    0.0000   -7.5000  -15.000010114.6221   26.4058
    7.5000   -7.5000  -15.0000 9528.9199   26.3501
   -7.5000    0.0000  -15.000010010.3135   26.4328
    0.0000    0.0000  -15.000010083.9492   26.4585
    7.5000    0.0000  -15.0000 9482.6201   26.4126
   -7.5000    7.5000  -15.0000 9600.3486   26.2929
    0.0000    7.5000  -15.0000 9660.6992   26.3367
    7.5000    7.5000  -15.0000 9092.1621   26.3068
   -7.5000   15.0000  -15.0000 9391.5283   26.1401
    0.0000   15.0000  -15.0000 9406.5791   26.1873
    7.5000   15.0000  -15.0000 8846.9961   26.1609
   -7.5000   22.5000  -15.0000 8512.7217   25.7622
    0.0000   22.5000  -15.0000 8522.6621   25.7962
    7.5000   22.5000  -15.0000 8034.2891   25.7591
   -7.5000   30.0000  -15.0000 7725.7222   25.2632
    0.0000   30.0000  -15.0000 7738.5498   25.2804
    7.5000   30.0000  -15.0000 7303.1050   25.2310
   -7.5000   37.5000  -15.0000 6928.6479   24.6593
    0.0000   37.5000  -15.0000 6934.8228   24.6715
    7.5000   37.5000  -15.0000 6540.7915   24.6194
   -7.5000   45.0000  -15.0000 6131.7632   23.9086
    0.0000   45.0000  -15.0000 6149.9951   23.9315
    7.5000   45.0000  -15.0000 5792.0581   23.8891
   -7.5000  -45.0000   -7.5000 8282.7305   24.1977
    0.0000  -45.0000   -7.5000 8275.7051   24.2251
    7.5000  -45.0000   -7.5000 7852.9756   24.1904
   -7.5000  -37.5000   -7.5000 8738.0469   25.6186
    0.0000  -37.5000   -7.5000 8729.5469   25.6593
    7.5000  -37.5000   -7.5000 8301.1602   25.6421
   -7.5000  -30.0000   -7.5000 9272.1543   26.1354
    0.0000  -30.0000   -7.5000 9254.1836   26.1786
    7.5000  -30.0000   -7.5000 8805.6172   26.1735
   -7.5000  -22.5000   -7.5000 9862.5918   26.0929
    0.0000  -22.5000   -7.5000 9851.6025   26.1278
    7.5000  -22.5000   -7.5000 9364.4512   26.1176
   -7.5000  -15.0000   -7.500010368.8730   26.2269
    0.0000  -15.0000   -7.500010387.3809   26.2504
    7.5000  -15.0000   -7.5000 9862.6807   26.2214
   -7.5000   -7.5000   -7.500010399.8164   26.3885
    0.0000   -7.5000   -7.500010425.9453   26.4087
    7.5000   -7.5000   -7.5000 9885.8467   26.3661
   -7.5000    0.0000   -7.500010318.9336   26.4249
    0.0000    0.0000   -7.500010334.4424   26.4548
    7.5000    0.0000   -7.5000 9795.2744   26.4169
   -7.5000    7.5000   -7.5000 9886.3037   26.2815
    0.0000    7.5000   -7.5000 9897.3125   26.3233
    7.5000    7.5000   -7.5000 9359.3779   26.3056
   -7.5000   15.0000   -7.5000 9602.4375   26.1274
    0.0000   15.0000   -7.5000 9579.1377   26.1705
    7.5000   15.0000   -7.5000 9050.6758   26.1654
   -7.5000   22.5000   -7.5000 8705.6250   25.7516
    0.0000   22.5000   -7.5000 8695.8057   25.7861
    7.5000   22.5000   -7.5000 8223.5635   25.7760
   -7.5000   30.0000   -7.5000 7907.3989   25.2578
    0.0000   30.0000   -7.5000 7900.4824   25.2804
    7.5000   30.0000   -7.5000 7480.1362   25.2525
   -7.5000   37.5000   -7.5000 7101.7642   24.6553
    0.0000   37.5000   -7.5000 7107.9243   24.6742
    7.5000   37.5000   -7.5000 6716.9385   24.6343
   -7.5000   45.0000   -7.5000 6288.2275   23.8989
    0.0000   45.0000   -7.5000 6305.6797   23.9256
    7.5000   45.0000   -7.5000 5948.1875   23.8908
   -7.5000  -45.0000    0.0000 8476.1738   24.8674
    0.0000  -45.0000    0.0000 8494.7217   24.9126
    7.5000  -45.0000    0.0000 8033.6450   24.8826
   -7.5000  -37.5000    0.0000 8901.2363   26.3064
    0.0000  -37.5000    0.0000 8916.3086   26.3556
    7.5000  -37.5000    0.0000 8459.2930   26.3439
   -7.5000  -30.0000    0.0000 9399.3799   26.8210
    0.0000  -30.0000    0.0000 9416.5205   26.8636
    7.5000  -30.0000    0.0000 8952.8438   26.8718
   -7.5000  -22.5000    0.0000 9994.0869   26.7886
    0.0000  -22.5000    0.000010025.1924   26.8214
    7.5000  -22.5000    0.0000 9531.9209   26.8315
   -7.5000  -15.0000    0.000010531.0068   26.9367
    0.0000  -15.0000    0.000010561.6006   26.9661
    7.5000  -15.0000    0.000010053.0850   26.9558
   -7.5000   -7.5000    0.000010562.2520   27.1030
    0.0000   -7.5000    0.000010577.6982   27.1404
    7.5000   -7.5000    0.000010069.2539   27.1094
   -7.5000    0.0000    0.000010451.5264   27.1293
    0.0000    0.0000    0.000010440.7080   27.1786
    7.5000    0.0000    0.0000 9965.9082   27.1459
   -7.5000    7.5000    0.0000 9992.3037   26.9693
    0.0000    7.5000    0.0000 9956.4873   27.0197
    7.5000    7.5000    0.0000 9499.2090   27.0078
   -7.5000   15.0000    0.0000 9633.1094   26.8115
    0.0000   15.0000    0.0000 9590.7480   26.8541
    7.5000   15.0000    0.0000 9144.2490   26.8623
   -7.5000   22.5000    0.0000 8755.4863   26.4419
    0.0000   22.5000    0.0000 8718.3721   26.4742
    7.5000   22.5000    0.0000 8305.8027   26.4842
   -7.5000   30.0000    0.0000 7958.8936   25.9570
    0.0000   30.0000    0.0000 7933.1299   25.9854
    7.5000   30.0000    0.0000 7552.2212   25.9755
   -7.5000   37.5000    0.0000 7163.1099   25.3532
    0.0000   37.5000    0.0000 7157.6895   25.3882
    7.5000   37.5000    0.0000 6795.9043   25.3592
   -7.5000   45.0000    0.0000 6348.0454   24.5806
    0.0000   45.0000    0.0000 6339.3691   24.6256
    7.5000   45.0000    0.0000 6015.8022   24.5962
   -7.5000  -45.0000    7.5000 8293.2832   24.9437
    0.0000  -45.0000    7.5000 8299.8789   25.0023
    7.5000  -45.0000    7.5000 7856.8101   24.9688
   -7.5000  -37.5000    7.5000 8737.9316   26.3799
    0.0000  -37.5000    7.5000 8730.6943   26.4394
    7.5000  -37.5000    7.5000 8279.3867   26.4191
   -7.5000  -30.0000    7.5000 9119.9707   26.8962
    0.0000  -30.0000    7.5000 9100.7910   26.9415
    7.5000  -30.0000    7.5000 8732.9648   26.9381
   -7.5000  -22.5000    7.5000 9558.1631   26.8701
    0.0000  -22.5000    7.5000 9543.7061   26.8985
    7.5000  -22.5000    7.5000 9229.3643   26.8985
   -7.5000  -15.0000    7.500010080.9766   27.0233
    0.0000  -15.0000    7.500010087.6025   27.0513
    7.5000  -15.0000    7.5000 9707.2783   27.0354
   -7.5000   -7.5000    7.500010191.4551   27.1912
    0.0000   -7.5000    7.500010194.1787   27.2372
    7.5000   -7.5000    7.5000 9773.5557   27.2040
   -7.5000    0.0000    7.500010119.7725   27.2125
    0.0000    0.0000    7.500010088.9951   27.2765
    7.5000    0.0000    7.5000 9706.9531   27.2399
   -7.5000    7.5000    7.5000 9673.7783   27.0447
    0.0000    7.5000    7.5000 9613.9727   27.1057
    7.5000    7.5000    7.5000 9258.6807   27.0848
   -7.5000   15.0000    7.5000 9296.5088   26.8867
    0.0000   15.0000    7.5000 9209.9912   26.9320
    7.5000   15.0000    7.5000 8864.2979   26.9286
   -7.5000   22.5000    7.5000 8463.1934   26.5223
    0.0000   22.5000    7.5000 8392.3223   26.5504
    7.5000   22.5000    7.5000 8041.7524   26.5504
   -7.5000   30.0000    7.5000 7700.5103   26.0405
    0.0000   30.0000    7.5000 7661.9106   26.0675
    7.5000   30.0000    7.5000 7335.7783   26.0522
   -7.5000   37.5000    7.5000 6934.1328   25.4357
    0.0000   37.5000    7.5000 6908.4736   25.4787
    7.5000   37.5000    7.5000 6596.2490   25.4476
   -7.5000   45.0000    7.5000 6145.0083   24.6563
    0.0000   45.0000    7.5000 6127.0029   24.7153
    7.5000   45.0000    7.5000 5838.1494   24.6827
   -7.5000  -45.0000   15.0000 8343.3477   24.9639
    0.0000  -45.0000   15.0000 8356.8750   25.0205
    7.5000  -45.0000   15.0000 7869.9175   24.9789
   -7.5000  -37.5000   15.0000 8801.8779   26.4045
    0.0000  -37.5000   15.0000 8798.7920   26.4672
    7.5000  -37.5000   15.0000 8299.1523   26.4336
   -7.5000  -30.0000   15.0000 9081.3174   26.9237
    0.0000  -30.0000   15.0000 9077.7803   26.9738
    7.5000  -30.0000   15.0000 8755.9873   26.9467
   -7.5000  -22.5000   15.0000 9420.9160   26.8970
    0.0000  -22.5000   15.0000 9421.7939   26.9259
    7.5000  -22.5000   15.0000 9191.9814   26.8957
   -7.5000  -15.0000   15.0000 9946.7773   27.0453
    0.0000  -15.0000   15.0000 9964.4561   27.0696
    7.5000  -15.0000   15.0000 9655.3594   27.0291
   -7.5000   -7.5000   15.000010100.3516   27.2111
    0.0000   -7.5000   15.000010118.4287   27.2520
    7.5000   -7.5000   15.0000 9741.7910   27.2045
   -7.5000    0.0000   15.000010109.1709   27.2346
    0.0000    0.0000   15.000010099.2227   27.2963
    7.5000    0.0000   15.0000 9721.0283   27.2510
   -7.5000    7.5000   15.0000 9700.9824   27.0699
    0.0000    7.5000   15.0000 9678.5205   27.1342
    7.5000    7.5000   15.0000 9298.5332   27.0998
   -7.5000   15.0000   15.0000 9301.3691   26.9142
    0.0000   15.0000   15.0000 9224.7197   26.9642
    7.5000   15.0000   15.0000 8860.3145   26.9371
   -7.5000   22.5000   15.0000 8460.2432   26.5489
    0.0000   22.5000   15.0000 8384.7607   26.5775
    7.5000   22.5000   15.0000 8047.3696   26.5476
   -7.5000   30.0000   15.0000 7683.4355   26.0617
    0.0000   30.0000   15.0000 7637.2485   26.0851
    7.5000   30.0000   15.0000 7338.9990   26.0461
   -7.5000   37.5000   15.0000 6928.4292   25.4543
    0.0000   37.5000   15.0000 6876.1279   25.4925
    7.5000   37.5000   15.0000 6587.1270   25.4481
   -7.5000   45.0000   15.0000 6150.3516   24.6788
    0.0000   45.0000   15.0000 6105.9824   24.7355
    7.5000   45.0000   15.0000 5835.3403   24.6948
   -7.5000  -45.0000   22.5000 7946.1021   24.9266
    0.0000  -45.0000   22.5000 7961.6616   24.9655
    7.5000  -45.0000   22.5000 7505.0542   24.9193
   -7.5000  -37.5000   22.5000 8370.8486   26.3757
    0.0000  -37.5000   22.5000 8361.3926   26.4307
    7.5000  -37.5000   22.5000 7918.5444   26.3923
   -7.5000  -30.0000   22.5000 8710.8818   26.8963
    0.0000  -30.0000   22.5000 8685.3125   26.9483
    7.5000  -30.0000   22.5000 8364.2861   26.9085
   -7.5000  -22.5000   22.5000 9138.1914   26.8612
    0.0000  -22.5000   22.5000 9119.1963   26.8940
    7.5000  -22.5000   22.5000 8838.6846   26.8430
   -7.5000  -15.0000   22.5000 9633.6982   26.9990
    0.0000  -15.0000   22.5000 9616.5029   27.0186
    7.5000  -15.0000   22.5000 9282.3203   26.9582
   -7.5000   -7.5000   22.5000 9711.8828   27.1618
    0.0000   -7.5000   22.5000 9704.7812   27.1861
    7.5000   -7.5000   22.5000 9313.5957   27.1259
   -7.5000    0.0000   22.5000 9681.2734   27.1939
    0.0000    0.0000   22.5000 9680.8506   27.2363
    7.5000    0.0000   22.5000 9275.9092   27.1859
   -7.5000    7.5000   22.5000 9267.0146   27.0404
    0.0000    7.5000   22.5000 9269.7705   27.0968
    7.5000    7.5000   22.5000 8880.1152   27.0574
   -7.5000   15.0000   22.5000 8854.1201   26.8868
    0.0000   15.0000   22.5000 8805.0352   26.9388
    7.5000   15.0000   22.5000 8433.6494   26.8990
   -7.5000   22.5000   22.5000 8016.3965   26.5135
    0.0000   22.5000   22.5000 7967.8501   26.5459
    7.5000   22.5000   22.5000 7624.6470   26.4956
   -7.5000   30.0000   22.5000 7275.1411   26.0170
    0.0000   30.0000   22.5000 7239.5596   26.0360
    7.5000   30.0000   22.5000 6942.1064   25.9777
   -7.5000   37.5000   22.5000 6532.5420   25.4082
    0.0000   37.5000   22.5000 6499.8203   25.4309
    7.5000   37.5000   22.5000 6222.9453   25.3746
   -7.5000   45.0000   22.5000 5796.2676   24.6439
    0.0000   45.0000   22.5000 5772.1318   24.6825
    7.5000   45.0000   22.5000 5526.9507   24.6365
   -7.5000  -45.0000   30.0000 7488.0493   24.9673
    0.0000  -45.0000   30.0000 7536.9082   24.9913
    7.5000  -45.0000   30.0000 7074.6377   24.9474
   -7.5000  -37.5000   30.0000 7905.9775   26.4374
    0.0000  -37.5000   30.0000 7958.6108   26.4813
    7.5000  -37.5000   30.0000 7464.6221   26.4507
   -7.5000  -30.0000   30.0000 8294.3496   26.9592
    0.0000  -30.0000   30.0000 8342.8857   27.0078
    7.5000  -30.0000   30.0000 7885.7007   26.9800
   -7.5000  -22.5000   30.0000 8757.0361   26.9130
    0.0000  -22.5000   30.0000 8796.1660   26.9483
    7.5000  -22.5000   30.0000 8349.1729   26.9088
   -7.5000  -15.0000   30.0000 9194.6836   27.0471
    0.0000  -15.0000   30.0000 9224.3984   27.0654
    7.5000  -15.0000   30.0000 8748.5254   27.0117
   -7.5000   -7.5000   30.0000 9181.6670   27.2138
    0.0000   -7.5000   30.0000 9200.4727   27.2269
    7.5000   -7.5000   30.0000 8729.4521   27.1688
   -7.5000    0.0000   30.0000 9120.3428   27.2550
    0.0000    0.0000   30.0000 9138.1924   27.2812
    7.5000    0.0000   30.0000 8691.6963   27.2333
   -7.5000    7.5000   30.0000 8748.7490   27.1083
    0.0000    7.5000   30.0000 8738.3770   27.1532
    7.5000    7.5000   30.0000 8341.0938   27.1219
   -7.5000   15.0000   30.0000 8345.7588   26.9496
    0.0000   15.0000   30.0000 8304.3877   26.9981
    7.5000   15.0000   30.0000 7943.1606   26.9704
   -7.5000   22.5000   30.0000 7558.7207   26.5624
    0.0000   22.5000   30.0000 7516.6719   26.5972
    7.5000   22.5000   30.0000 7186.5049   26.5582
   -7.5000   30.0000   30.0000 6852.6855   26.0754
    0.0000   30.0000   30.0000 6808.9360   26.0930
    7.5000   30.0000   30.0000 6518.3540   26.0412
   -7.5000   37.5000   30.0000 6120.3569   25.4807
    0.0000   37.5000   30.0000 6075.9028   25.4930
    7.5000   37.5000   30.0000 5802.3950   25.4387
   -7.5000   45.0000   30.0000 5399.3257   24.7330
    0.0000   45.0000   30.0000 5370.9238   24.7564
    7.5000   45.0000   30.0000 5137.5508   24.7121
   -7.5000  -45.0000   37.5000 7023.9644   25.0731
    0.0000  -45.0000   37.5000 7064.5649   25.1026
    7.5000  -45.0000   37.5000 6628.8149   25.0663
   -7.5000  -37.5000   37.5000 7406.9780   26.5469
    0.0000  -37.5000   37.5000 7435.0283   26.5910
    7.5000  -37.5000   37.5000 6984.0991   26.5739
   -7.5000  -30.0000   37.5000 7796.8555   27.0515
    0.0000  -30.0000   37.5000 7832.5220   27.0984
    7.5000  -30.0000   37.5000 7382.9629   27.0945
   -7.5000  -22.5000   37.5000 8266.2881   27.0111
    0.0000  -22.5000   37.5000 8291.4043   27.0487
    7.5000  -22.5000   37.5000 7823.5029   27.0391
   -7.5000  -15.0000   37.5000 8676.2031   27.1571
    0.0000  -15.0000   37.5000 8692.3506   27.1822
    7.5000  -15.0000   37.5000 8197.0342   27.1523
   -7.5000   -7.5000   37.5000 8651.2773   27.3271
    0.0000   -7.5000   37.5000 8660.9961   27.3487
    7.5000   -7.5000   37.5000 8174.3779   27.3039
   -7.5000    0.0000   37.5000 8591.6182   27.3601
    0.0000    0.0000   37.5000 8591.7207   27.3923
    7.5000    0.0000   37.5000 8125.8633   27.3527
   -7.5000    7.5000   37.5000 8227.8184   27.2037
    0.0000    7.5000   37.5000 8204.2041   27.2489
    7.5000    7.5000   37.5000 7800.9609   27.2313
   -7.5000   15.0000   37.5000 7849.5854   27.0417
    0.0000   15.0000   37.5000 7813.7905   27.0885
    7.5000   15.0000   37.5000 7439.7539   27.0846
   -7.5000   22.5000   37.5000 7114.0640   26.6545
    0.0000   22.5000   37.5000 7082.6968   26.6916
    7.5000   22.5000   37.5000 6742.4248   26.6822
   -7.5000   30.0000   37.5000 6442.3159   26.1813
    0.0000   30.0000   37.5000 6422.4644   26.2054
    7.5000   30.0000   37.5000 6112.2896   26.1766
   -7.5000   37.5000   37.5000 5746.2637   25.5872
    0.0000   37.5000   37.5000 5712.5645   25.6074
    7.5000   37.5000   37.5000 5449.7095   25.5655
   -7.5000   45.0000   37.5000 5062.7778   24.8175
    0.0000   45.0000   37.5000 5037.1470   24.8463
    7.5000   45.0000   37.5000 4806.7012   24.8098
   -7.5000  -45.0000   45.0000 6538.0581   25.3358
    0.0000  -45.0000   45.0000 6568.3584   25.3744
    7.5000  -45.0000   45.0000 6183.7295   25.3396
   -7.5000  -37.5000   45.0000 6879.6831   26.8032
    0.0000  -37.5000   45.0000 6906.7412   26.8484
    7.5000  -37.5000   45.0000 6513.3823   26.8330
   -7.5000  -30.0000   45.0000 7255.6348   27.2763
    0.0000  -30.0000   45.0000 7280.4976   27.3168
    7.5000  -30.0000   45.0000 6884.2441   27.3238
   -7.5000  -22.5000   45.0000 7703.9365   27.2484
    0.0000  -22.5000   45.0000 7726.1582   27.2778
    7.5000  -22.5000   45.0000 7306.3574   27.2880
   -7.5000  -15.0000   45.0000 8068.3218   27.4208
    0.0000  -15.0000   45.0000 8079.9004   27.4437
    7.5000  -15.0000   45.0000 7638.5630   27.4320
   -7.5000   -7.5000   45.0000 8029.8789   27.6034
    0.0000   -7.5000   45.0000 8031.1055   27.6325
    7.5000   -7.5000   45.0000 7611.9204   27.5977
   -7.5000    0.0000   45.0000 7999.7837   27.6230
    0.0000    0.0000   45.0000 7987.1895   27.6651
    7.5000    0.0000   45.0000 7584.7744   27.6271
   -7.5000    7.5000   45.0000 7682.8960   27.4399
    0.0000    7.5000   45.0000 7662.5132   27.4862
    7.5000    7.5000   45.0000 7288.0933   27.4705
   -7.5000   15.0000   45.0000 7326.9424   27.2661
    0.0000   15.0000   45.0000 7295.4360   27.3065
    7.5000   15.0000   45.0000 6950.9043   27.3136
   -7.5000   22.5000   45.0000 6635.2588   26.8851
    0.0000   22.5000   45.0000 6600.8833   26.9142
    7.5000   22.5000   45.0000 6300.0713   26.9242
   -7.5000   30.0000   45.0000 6029.4155   26.4328
    0.0000   30.0000   45.0000 5996.2886   26.4549
    7.5000   30.0000   45.0000 5706.6470   26.4437
   -7.5000   37.5000   45.0000 5373.0605   25.8391
    0.0000   37.5000   45.0000 5337.9951   25.8662
    7.5000   37.5000   45.0000 5089.9351   25.8337
   -7.5000   45.0000   45.0000 4724.4565   25.0298
    0.0000   45.0000   45.0000 4693.5054   25.0683
    7.5000   45.0000   45.0000 4485.3804   25.0338

---------------------------------------------------------------------
imgreg_4dfp /opt/freesurfer/average/711-2C_as_mni_average_305 /opt/freesurfer/average/711-2B_as_mni_average_305_mask talsrcimg_g11 none talsrcimg_to_711-2C_as_mni_average_305_t4 4355
---------------------------------------------------------------------

freesurfer imgreg_4dfp.c
/opt/freesurfer/average/711-2C_as_mni_average_305.4dfp.img
       256       256       256         1
  1.000000  1.000000  1.000000
orientation T byte_order littleendian
Reading image: /opt/freesurfer/average/711-2C_as_mni_average_305.4dfp.img
dimensions:      256       256       256
mmppix:       1.0000   -1.0000   -1.0000
center:     128.0000 -129.0000 -129.0000
/opt/freesurfer/average/711-2B_as_mni_average_305_mask.4dfp.img
       256       256       256         1
  1.000000  1.000000  1.000000
orientation T byte_order littleendian
Reading mask: /opt/freesurfer/average/711-2B_as_mni_average_305_mask.4dfp.img (2306576 pixels)
talsrcimg_g11.4dfp.img
       256       256       256         1
  0.900000  0.900000  0.900000
orientation T byte_order littleendian
Reading image: talsrcimg_g11.4dfp.img
dimensions:      256       256       256
mmppix:       0.9000   -0.9000   -0.9000
center:     115.2000 -116.1000 -116.1000
rotation matrix determinant  1.000000
image alignment mode   4355 decimal     1103 hex
   -7.5000  -52.5000  -45.0000 1778.2850   24.4885
    0.0000  -52.5000  -45.0000 1787.4943   24.6132
    7.5000  -52.5000  -45.0000 1773.1234   24.8725
   -7.5000  -45.0000  -45.0000 1875.7001   22.8032
    0.0000  -45.0000  -45.0000 1885.8406   22.8530
    7.5000  -45.0000  -45.0000 1862.3373   23.1202
   -7.5000  -37.5000  -45.0000 1959.9537   21.3118
    0.0000  -37.5000  -45.0000 1967.9546   21.3165
    7.5000  -37.5000  -45.0000 1940.8309   21.5942
   -7.5000  -30.0000  -45.0000 2001.0745   20.3348
    0.0000  -30.0000  -45.0000 2010.4209   20.3074
    7.5000  -30.0000  -45.0000 1980.8687   20.5778
   -7.5000  -22.5000  -45.0000 2012.5459   19.7718
    0.0000  -22.5000  -45.0000 2018.9700   19.7501
    7.5000  -22.5000  -45.0000 1991.2100   20.0796
   -7.5000  -15.0000  -45.0000 2000.7615   19.7325
    0.0000  -15.0000  -45.0000 2005.9712   19.7228
    7.5000  -15.0000  -45.0000 1981.2700   20.0647
   -7.5000   -7.5000  -45.0000 1970.0219   20.1448
    0.0000   -7.5000  -45.0000 1976.3629   20.1186
    7.5000   -7.5000  -45.0000 1949.7761   20.4390
   -7.5000    0.0000  -45.0000 1924.8938   20.9624
    0.0000    0.0000  -45.0000 1930.9275   20.9401
    7.5000    0.0000  -45.0000 1906.3596   21.3327
   -7.5000    7.5000  -45.0000 1871.4492   22.1872
    0.0000    7.5000  -45.0000 1879.8331   22.1838
    7.5000    7.5000  -45.0000 1854.5363   22.6172
   -7.5000   15.0000  -45.0000 1804.0607   23.9910
    0.0000   15.0000  -45.0000 1811.2418   24.0441
    7.5000   15.0000  -45.0000 1782.5691   24.5076
   -7.5000   22.5000  -45.0000 1711.6256   26.5550
    0.0000   22.5000  -45.0000 1719.2700   26.5890
    7.5000   22.5000  -45.0000 1688.8705   27.1223
   -7.5000   30.0000  -45.0000 1607.5400   29.9707
    0.0000   30.0000  -45.0000 1613.0911   30.0370
    7.5000   30.0000  -45.0000 1584.7178   30.5964
   -7.5000   37.5000  -45.0000 1480.0767   34.4155
    0.0000   37.5000  -45.0000 1479.3730   34.6123
    7.5000   37.5000  -45.0000 1457.4463   35.1302
   -7.5000  -52.5000  -37.5000 1926.2546   23.9489
    0.0000  -52.5000  -37.5000 1939.5488   23.9736
    7.5000  -52.5000  -37.5000 1918.5920   24.3116
   -7.5000  -45.0000  -37.5000 2035.2639   22.2855
    0.0000  -45.0000  -37.5000 2048.0286   22.3243
    7.5000  -45.0000  -37.5000 2023.7045   22.5862
   -7.5000  -37.5000  -37.5000 2123.3000   20.7641
    0.0000  -37.5000  -37.5000 2133.0564   20.7688
    7.5000  -37.5000  -37.5000 2105.9248   21.0360
   -7.5000  -30.0000  -37.5000 2168.3250   19.7615
    0.0000  -30.0000  -37.5000 2177.8308   19.7208
    7.5000  -30.0000  -37.5000 2151.7344   19.9975
   -7.5000  -22.5000  -37.5000 2183.5005   19.3204
    0.0000  -22.5000  -37.5000 2190.5940   19.2504
    7.5000  -22.5000  -37.5000 2165.6250   19.5493
   -7.5000  -15.0000  -37.5000 2174.2939   19.3015
    0.0000  -15.0000  -37.5000 2179.7795   19.2378
    7.5000  -15.0000  -37.5000 2155.5205   19.6130
   -7.5000   -7.5000  -37.5000 2136.4868   19.7258
    0.0000   -7.5000  -37.5000 2144.4377   19.6951
    7.5000   -7.5000  -37.5000 2116.7849   20.0411
   -7.5000    0.0000  -37.5000 2091.8518   20.4687
    0.0000    0.0000  -37.5000 2096.6724   20.4577
    7.5000    0.0000  -37.5000 2069.0859   20.8201
   -7.5000    7.5000  -37.5000 2036.2665   21.6194
    0.0000    7.5000  -37.5000 2041.3320   21.5955
    7.5000    7.5000  -37.5000 2008.7246   22.0316
   -7.5000   15.0000  -37.5000 1955.3994   23.3667
    0.0000   15.0000  -37.5000 1961.5533   23.3631
    7.5000   15.0000  -37.5000 1931.9794   23.8061
   -7.5000   22.5000  -37.5000 1857.3678   25.8155
    0.0000   22.5000  -37.5000 1865.6544   25.7625
    7.5000   22.5000  -37.5000 1831.4457   26.3263
   -7.5000   30.0000  -37.5000 1745.1327   29.1568
    0.0000   30.0000  -37.5000 1752.8589   29.1359
    7.5000   30.0000  -37.5000 1716.7200   29.5994
   -7.5000   37.5000  -37.5000 1601.8628   33.3708
    0.0000   37.5000  -37.5000 1607.3751   33.4723
    7.5000   37.5000  -37.5000 1576.2766   33.9238
   -7.5000  -52.5000  -30.0000 2061.5554   23.2062
    0.0000  -52.5000  -30.0000 2074.9956   23.1094
    7.5000  -52.5000  -30.0000 2048.5403   23.5653
   -7.5000  -45.0000  -30.0000 2177.0164   21.5587
    0.0000  -45.0000  -30.0000 2191.3435   21.4679
    7.5000  -45.0000  -30.0000 2160.2808   21.8144
   -7.5000  -37.5000  -30.0000 2275.6799   20.0595
    0.0000  -37.5000  -30.0000 2283.6985   19.9987
    7.5000  -37.5000  -30.0000 2251.9924   20.2947
   -7.5000  -30.0000  -30.0000 2322.8909   19.0672
    0.0000  -30.0000  -30.0000 2331.1709   19.0067
    7.5000  -30.0000  -30.0000 2301.2554   19.2815
   -7.5000  -22.5000  -30.0000 2341.5466   18.6581
    0.0000  -22.5000  -30.0000 2350.7251   18.5917
    7.5000  -22.5000  -30.0000 2320.4070   18.8589
   -7.5000  -15.0000  -30.0000 2342.9324   18.6520
    0.0000  -15.0000  -30.0000 2348.7957   18.5841
    7.5000  -15.0000  -30.0000 2316.8987   18.8837
   -7.5000   -7.5000  -30.0000 2311.6589   19.0713
    0.0000   -7.5000  -30.0000 2316.2275   18.9891
    7.5000   -7.5000  -30.0000 2283.1787   19.2914
   -7.5000    0.0000  -30.0000 2258.9722   19.8119
    0.0000    0.0000  -30.0000 2261.5266   19.7611
    7.5000    0.0000  -30.0000 2227.6326   20.0714
   -7.5000    7.5000  -30.0000 2191.5312   20.9883
    0.0000    7.5000  -30.0000 2193.4502   20.9155
    7.5000    7.5000  -30.0000 2159.8389   21.2681
   -7.5000   15.0000  -30.0000 2102.0972   22.6305
    0.0000   15.0000  -30.0000 2104.5356   22.5536
    7.5000   15.0000  -30.0000 2071.1531   22.9803
   -7.5000   22.5000  -30.0000 1988.7633   24.9526
    0.0000   22.5000  -30.0000 1996.0415   24.8308
    7.5000   22.5000  -30.0000 1960.8075   25.3217
   -7.5000   30.0000  -30.0000 1869.4891   28.0620
    0.0000   30.0000  -30.0000 1875.9697   27.9791
    7.5000   30.0000  -30.0000 1841.7648   28.4776
   -7.5000   37.5000  -30.0000 1716.4626   32.0459
    0.0000   37.5000  -30.0000 1720.3285   32.0655
    7.5000   37.5000  -30.0000 1692.5540   32.5722
   -7.5000  -52.5000  -22.5000 2175.7981   22.3381
    0.0000  -52.5000  -22.5000 2184.8210   22.2058
    7.5000  -52.5000  -22.5000 2159.0801   22.6665
   -7.5000  -45.0000  -22.5000 2299.4526   20.6391
    0.0000  -45.0000  -22.5000 2312.3926   20.5401
    7.5000  -45.0000  -22.5000 2279.0322   20.9241
   -7.5000  -37.5000  -22.5000 2401.1975   19.1892
    0.0000  -37.5000  -22.5000 2413.9231   19.1317
    7.5000  -37.5000  -22.5000 2380.4834   19.4117
   -7.5000  -30.0000  -22.5000 2458.6323   18.1808
    0.0000  -30.0000  -22.5000 2470.7388   18.1205
    7.5000  -30.0000  -22.5000 2436.8635   18.3709
   -7.5000  -22.5000  -22.5000 2485.0422   17.7386
    0.0000  -22.5000  -22.5000 2496.3835   17.6722
    7.5000  -22.5000  -22.5000 2461.3271   17.9124
   -7.5000  -15.0000  -22.5000 2491.3318   17.7525
    0.0000  -15.0000  -22.5000 2500.3579   17.6346
    7.5000  -15.0000  -22.5000 2461.0957   17.9244
   -7.5000   -7.5000  -22.5000 2469.4780   18.1584
    0.0000   -7.5000  -22.5000 2478.2520   18.0522
    7.5000   -7.5000  -22.5000 2431.1433   18.3104
   -7.5000    0.0000  -22.5000 2411.4917   18.9230
    0.0000    0.0000  -22.5000 2420.2468   18.8297
    7.5000    0.0000  -22.5000 2373.8064   19.0835
   -7.5000    7.5000  -22.5000 2335.5566   20.0589
    0.0000    7.5000  -22.5000 2343.3655   19.9871
    7.5000    7.5000  -22.5000 2300.3403   20.2980
   -7.5000   15.0000  -22.5000 2233.3408   21.6373
    0.0000   15.0000  -22.5000 2239.3679   21.5252
    7.5000   15.0000  -22.5000 2199.3301   21.8862
   -7.5000   22.5000  -22.5000 2112.0859   23.7700
    0.0000   22.5000  -22.5000 2116.2979   23.6487
    7.5000   22.5000  -22.5000 2076.5540   24.0402
   -7.5000   30.0000  -22.5000 1980.4022   26.6969
    0.0000   30.0000  -22.5000 1985.2043   26.5852
    7.5000   30.0000  -22.5000 1950.0476   27.0618
   -7.5000   37.5000  -22.5000 1814.5966   30.4159
    0.0000   37.5000  -22.5000 1820.0540   30.3216
    7.5000   37.5000  -22.5000 1791.9717   30.8714
   -7.5000  -52.5000  -15.0000 2260.4646   21.3242
    0.0000  -52.5000  -15.0000 2266.7283   21.1752
    7.5000  -52.5000  -15.0000 2241.5881   21.6233
   -7.5000  -45.0000  -15.0000 2393.0278   19.6639
    0.0000  -45.0000  -15.0000 2398.4592   19.5484
    7.5000  -45.0000  -15.0000 2370.6624   19.9649
   -7.5000  -37.5000  -15.0000 2502.0188   18.2165
    0.0000  -37.5000  -15.0000 2512.8940   18.1307
    7.5000  -37.5000  -15.0000 2476.2244   18.4552
   -7.5000  -30.0000  -15.0000 2577.2229   17.2037
    0.0000  -30.0000  -15.0000 2590.9102   17.1222
    7.5000  -30.0000  -15.0000 2550.4045   17.4233
   -7.5000  -22.5000  -15.0000 2611.4805   16.7433
    0.0000  -22.5000  -15.0000 2628.4775   16.6690
    7.5000  -22.5000  -15.0000 2582.4714   16.9311
   -7.5000  -15.0000  -15.0000 2621.1619   16.7540
    0.0000  -15.0000  -15.0000 2634.0901   16.6879
    7.5000  -15.0000  -15.0000 2590.1772   16.9437
   -7.5000   -7.5000  -15.0000 2602.9370   17.1112
    0.0000   -7.5000  -15.0000 2614.9917   17.0263
    7.5000   -7.5000  -15.0000 2564.3799   17.2779
   -7.5000    0.0000  -15.0000 2543.4924   17.8280
    0.0000    0.0000  -15.0000 2557.8035   17.7523
    7.5000    0.0000  -15.0000 2501.9465   17.9886
   -7.5000    7.5000  -15.0000 2457.8101   18.9615
    0.0000    7.5000  -15.0000 2471.4041   18.8683
    7.5000    7.5000  -15.0000 2417.1658   19.1675
   -7.5000   15.0000  -15.0000 2347.8328   20.4941
    0.0000   15.0000  -15.0000 2356.8264   20.3910
    7.5000   15.0000  -15.0000 2312.2039   20.7000
   -7.5000   22.5000  -15.0000 2210.4128   22.5235
    0.0000   22.5000  -15.0000 2211.7673   22.3843
    7.5000   22.5000  -15.0000 2175.6892   22.7387
   -7.5000   30.0000  -15.0000 2065.6411   25.2911
    0.0000   30.0000  -15.0000 2067.8235   25.1333
    7.5000   30.0000  -15.0000 2036.8724   25.5569
   -7.5000   37.5000  -15.0000 1898.0470   28.7616
    0.0000   37.5000  -15.0000 1902.1644   28.5623
    7.5000   37.5000  -15.0000 1869.7452   29.0504
   -7.5000  -52.5000   -7.5000 2302.9238   20.2658
    0.0000  -52.5000   -7.5000 2311.0188   20.1119
    7.5000  -52.5000   -7.5000 2283.0859   20.5999
   -7.5000  -45.0000   -7.5000 2436.0857   18.6305
    0.0000  -45.0000   -7.5000 2443.0574   18.4701
    7.5000  -45.0000   -7.5000 2410.7703   18.9383
   -7.5000  -37.5000   -7.5000 2557.1072   17.1617
    0.0000  -37.5000   -7.5000 2564.7542   17.0422
    7.5000  -37.5000   -7.5000 2533.4355   17.4673
   -7.5000  -30.0000   -7.5000 2652.4197   16.1475
    0.0000  -30.0000   -7.5000 2666.4417   16.0590
    7.5000  -30.0000   -7.5000 2626.3235   16.4387
   -7.5000  -22.5000   -7.5000 2707.2607   15.7277
    0.0000  -22.5000   -7.5000 2728.6213   15.6338
    7.5000  -22.5000   -7.5000 2675.0640   15.9800
   -7.5000  -15.0000   -7.5000 2722.5657   15.7515
    0.0000  -15.0000   -7.5000 2745.8337   15.6790
    7.5000  -15.0000   -7.5000 2691.7827   15.9752
   -7.5000   -7.5000   -7.5000 2703.5808   16.0838
    0.0000   -7.5000   -7.5000 2723.9211   16.0138
    7.5000   -7.5000   -7.5000 2664.3601   16.2865
   -7.5000    0.0000   -7.5000 2636.9087   16.7176
    0.0000    0.0000   -7.5000 2650.8179   16.6505
    7.5000    0.0000   -7.5000 2593.5256   16.9428
   -7.5000    7.5000   -7.5000 2542.2915   17.7698
    0.0000    7.5000   -7.5000 2559.4968   17.6715
    7.5000    7.5000   -7.5000 2499.1270   17.9965
   -7.5000   15.0000   -7.5000 2419.1609   19.2590
    0.0000   15.0000   -7.5000 2428.3232   19.1404
    7.5000   15.0000   -7.5000 2379.6487   19.4829
   -7.5000   22.5000   -7.5000 2274.3821   21.2411
    0.0000   22.5000   -7.5000 2279.6628   21.1272
    7.5000   22.5000   -7.5000 2238.8984   21.4771
   -7.5000   30.0000   -7.5000 2119.1326   23.8884
    0.0000   30.0000   -7.5000 2122.5977   23.7595
    7.5000   30.0000   -7.5000 2092.9800   24.1359
   -7.5000   37.5000   -7.5000 1942.3708   27.1982
    0.0000   37.5000   -7.5000 1948.3820   27.0325
    7.5000   37.5000   -7.5000 1920.0729   27.4502
   -7.5000  -52.5000    0.0000 2334.1663   19.6367
    0.0000  -52.5000    0.0000 2344.3396   19.4765
    7.5000  -52.5000    0.0000 2320.3384   20.0241
   -7.5000  -45.0000    0.0000 2477.4961   18.0073
    0.0000  -45.0000    0.0000 2488.5146   17.8557
    7.5000  -45.0000    0.0000 2455.9004   18.3634
   -7.5000  -37.5000    0.0000 2607.7239   16.5045
    0.0000  -37.5000    0.0000 2621.6086   16.4053
    7.5000  -37.5000    0.0000 2583.8767   16.8742
   -7.5000  -30.0000    0.0000 2717.4956   15.4288
    0.0000  -30.0000    0.0000 2733.9299   15.3324
    7.5000  -30.0000    0.0000 2689.1936   15.8091
   -7.5000  -22.5000    0.0000 2794.3748   14.9975
    0.0000  -22.5000    0.0000 2818.9436   14.8934
    7.5000  -22.5000    0.0000 2758.8564   15.3045
   -7.5000  -15.0000    0.0000 2828.2229   15.0415
    0.0000  -15.0000    0.0000 2855.3674   14.9668
    7.5000  -15.0000    0.0000 2786.7407   15.3004
   -7.5000   -7.5000    0.0000 2808.9897   15.3899
    0.0000   -7.5000    0.0000 2833.0317   15.3248
    7.5000   -7.5000    0.0000 2764.9780   15.6238
   -7.5000    0.0000    0.0000 2723.0413   16.0627
    0.0000    0.0000    0.0000 2739.0225   15.9774
    7.5000    0.0000    0.0000 2685.6479   16.2958
   -7.5000    7.5000    0.0000 2615.8591   17.0433
    0.0000    7.5000    0.0000 2629.5110   16.9741
    7.5000    7.5000    0.0000 2574.5974   17.2850
   -7.5000   15.0000    0.0000 2478.3936   18.5088
    0.0000   15.0000    0.0000 2492.6953   18.4090
    7.5000   15.0000    0.0000 2444.9915   18.7492
   -7.5000   22.5000    0.0000 2326.9119   20.4847
    0.0000   22.5000    0.0000 2333.4800   20.3871
    7.5000   22.5000    0.0000 2294.8442   20.7532
   -7.5000   30.0000    0.0000 2167.2725   23.1212
    0.0000   30.0000    0.0000 2170.8630   22.9715
    7.5000   30.0000    0.0000 2141.0566   23.3862
   -7.5000   37.5000    0.0000 1979.7936   26.2542
    0.0000   37.5000    0.0000 1989.3757   26.1345
    7.5000   37.5000    0.0000 1962.0465   26.6172
   -7.5000  -52.5000    7.5000 2347.3323   19.1496
    0.0000  -52.5000    7.5000 2362.0132   19.0243
    7.5000  -52.5000    7.5000 2333.1106   19.5330
   -7.5000  -45.0000    7.5000 2496.0566   17.5612
    0.0000  -45.0000    7.5000 2508.6501   17.4212
    7.5000  -45.0000    7.5000 2474.6016   17.9058
   -7.5000  -37.5000    7.5000 2633.1973   16.0830
    0.0000  -37.5000    7.5000 2644.6079   15.9391
    7.5000  -37.5000    7.5000 2604.3206   16.4656
   -7.5000  -30.0000    7.5000 2758.4355   14.9034
    0.0000  -30.0000    7.5000 2767.4878   14.7955
    7.5000  -30.0000    7.5000 2724.7949   15.3995
   -7.5000  -22.5000    7.5000 2849.5254   14.3355
    0.0000  -22.5000    7.5000 2866.4241   14.2127
    7.5000  -22.5000    7.5000 2809.4250   14.7690
   -7.5000  -15.0000    7.5000 2893.1555   14.3928
    0.0000  -15.0000    7.5000 2920.1240   14.2334
    7.5000  -15.0000    7.5000 2851.6694   14.7364
   -7.5000   -7.5000    7.5000 2880.8584   14.8702
    0.0000   -7.5000    7.5000 2904.0149   14.7545
    7.5000   -7.5000    7.5000 2832.6497   15.1635
   -7.5000    0.0000    7.5000 2784.9182   15.6438
    0.0000    0.0000    7.5000 2798.7861   15.5646
    7.5000    0.0000    7.5000 2745.0168   15.9047
   -7.5000    7.5000    7.5000 2660.9722   16.6150
    0.0000    7.5000    7.5000 2672.7500   16.5112
    7.5000    7.5000    7.5000 2625.7822   16.8680
   -7.5000   15.0000    7.5000 2514.7107   18.0253
    0.0000   15.0000    7.5000 2526.7524   17.9013
    7.5000   15.0000    7.5000 2480.6990   18.2894
   -7.5000   22.5000    7.5000 2358.3416   19.9555
    0.0000   22.5000    7.5000 2369.2681   19.8305
    7.5000   22.5000    7.5000 2320.6909   20.2425
   -7.5000   30.0000    7.5000 2189.9912   22.4758
    0.0000   30.0000    7.5000 2199.0107   22.3956
    7.5000   30.0000    7.5000 2161.7476   22.8214
   -7.5000   37.5000    7.5000 1999.5061   25.5760
    0.0000   37.5000    7.5000 2007.7456   25.5329
    7.5000   37.5000    7.5000 1979.4628   26.0470
   -7.5000  -52.5000   15.0000 2345.1248   19.0217
    0.0000  -52.5000   15.0000 2361.8369   18.8434
    7.5000  -52.5000   15.0000 2331.7429   19.3402
   -7.5000  -45.0000   15.0000 2493.7607   17.3782
    0.0000  -45.0000   15.0000 2512.5481   17.2423
    7.5000  -45.0000   15.0000 2472.9285   17.7036
   -7.5000  -37.5000   15.0000 2636.3237   15.9282
    0.0000  -37.5000   15.0000 2656.2776   15.7916
    7.5000  -37.5000   15.0000 2607.6252   16.2570
   -7.5000  -30.0000   15.0000 2762.0618   14.7716
    0.0000  -30.0000   15.0000 2780.0256   14.6756
    7.5000  -30.0000   15.0000 2724.6565   15.1867
   -7.5000  -22.5000   15.0000 2850.7727   14.0099
    0.0000  -22.5000   15.0000 2867.3406   13.9138
    7.5000  -22.5000   15.0000 2817.7700   14.5904
   -7.5000  -15.0000   15.0000 2896.7952   14.0465
    0.0000  -15.0000   15.0000 2925.0129   13.9130
    7.5000  -15.0000   15.0000 2865.9619   14.4752
   -7.5000   -7.5000   15.0000 2887.2202   14.6047
    0.0000   -7.5000   15.0000 2916.0359   14.4690
    7.5000   -7.5000   15.0000 2850.0454   14.8958
   -7.5000    0.0000   15.0000 2801.6951   15.4711
    0.0000    0.0000   15.0000 2820.3035   15.3809
    7.5000    0.0000   15.0000 2764.7495   15.7173
   -7.5000    7.5000   15.0000 2680.3386   16.5184
    0.0000    7.5000   15.0000 2693.6235   16.4098
    7.5000    7.5000   15.0000 2641.0415   16.7469
   -7.5000   15.0000   15.0000 2527.6807   17.9582
    0.0000   15.0000   15.0000 2533.8286   17.8061
    7.5000   15.0000   15.0000 2489.2971   18.1690
   -7.5000   22.5000   15.0000 2371.4226   19.8028
    0.0000   22.5000   15.0000 2374.6267   19.6179
    7.5000   22.5000   15.0000 2331.6553   19.9860
   -7.5000   30.0000   15.0000 2194.8867   22.2072
    0.0000   30.0000   15.0000 2203.0244   22.0331
    7.5000   30.0000   15.0000 2167.8691   22.4627
   -7.5000   37.5000   15.0000 2001.2437   25.1707
    0.0000   37.5000   15.0000 2008.2708   25.0256
    7.5000   37.5000   15.0000 1979.0168   25.5602
   -7.5000  -52.5000   22.5000 2330.9685   19.1501
    0.0000  -52.5000   22.5000 2354.6672   19.0227
    7.5000  -52.5000   22.5000 2315.7886   19.4637
   -7.5000  -45.0000   22.5000 2479.3813   17.5058
    0.0000  -45.0000   22.5000 2501.9480   17.3655
    7.5000  -45.0000   22.5000 2460.4229   17.8156
   -7.5000  -37.5000   22.5000 2621.6584   16.0689
    0.0000  -37.5000   22.5000 2645.6587   15.9100
    7.5000  -37.5000   22.5000 2596.6599   16.3982
   -7.5000  -30.0000   22.5000 2745.6306   14.9605
    0.0000  -30.0000   22.5000 2763.6511   14.8281
    7.5000  -30.0000   22.5000 2712.9797   15.3681
   -7.5000  -22.5000   22.5000 2833.1409   14.3067
    0.0000  -22.5000   22.5000 2849.5845   14.1624
    7.5000  -22.5000   22.5000 2801.0713   14.7571
   -7.5000  -15.0000   22.5000 2875.8025   14.2889
    0.0000  -15.0000   22.5000 2891.7178   14.1554
    7.5000  -15.0000   22.5000 2838.3125   14.6246
   -7.5000   -7.5000   22.5000 2858.6929   14.7307
    0.0000   -7.5000   22.5000 2877.7656   14.5829
    7.5000   -7.5000   22.5000 2821.7183   14.9938
   -7.5000    0.0000   22.5000 2774.1182   15.4727
    0.0000    0.0000   22.5000 2792.9131   15.3586
    7.5000    0.0000   22.5000 2742.6084   15.7284
   -7.5000    7.5000   22.5000 2656.6899   16.5309
    0.0000    7.5000   22.5000 2674.5913   16.4338
    7.5000    7.5000   22.5000 2625.5959   16.7723
   -7.5000   15.0000   22.5000 2512.8508   17.9584
    0.0000   15.0000   22.5000 2524.1865   17.8556
    7.5000   15.0000   22.5000 2479.5017   18.2261
   -7.5000   22.5000   22.5000 2357.1113   19.7650
    0.0000   22.5000   22.5000 2364.1267   19.6537
    7.5000   22.5000   22.5000 2325.1406   20.0255
   -7.5000   30.0000   22.5000 2188.7024   22.1317
    0.0000   30.0000   22.5000 2192.8113   21.9338
    7.5000   30.0000   22.5000 2164.5811   22.4126
   -7.5000   37.5000   22.5000 1994.9840   25.0816
    0.0000   37.5000   22.5000 1998.2640   24.8739
    7.5000   37.5000   22.5000 1974.1227   25.3610
   -7.5000  -52.5000   30.0000 2309.6516   19.6260
    0.0000  -52.5000   30.0000 2334.1646   19.4995
    7.5000  -52.5000   30.0000 2296.2456   19.9358
   -7.5000  -45.0000   30.0000 2458.3499   18.0204
    0.0000  -45.0000   30.0000 2484.0327   17.9425
    7.5000  -45.0000   30.0000 2439.8462   18.3048
   -7.5000  -37.5000   30.0000 2597.5667   16.5943
    0.0000  -37.5000   30.0000 2624.4302   16.5389
    7.5000  -37.5000   30.0000 2571.0950   16.8958
   -7.5000  -30.0000   30.0000 2713.3704   15.4922
    0.0000  -30.0000   30.0000 2734.6421   15.4844
    7.5000  -30.0000   30.0000 2680.4248   15.8701
   -7.5000  -22.5000   30.0000 2791.1902   14.9358
    0.0000  -22.5000   30.0000 2810.1038   14.8902
    7.5000  -22.5000   30.0000 2757.9175   15.2754
   -7.5000  -15.0000   30.0000 2820.9182   14.8847
    0.0000  -15.0000   30.0000 2839.3875   14.8054
    7.5000  -15.0000   30.0000 2784.1497   15.1620
   -7.5000   -7.5000   30.0000 2794.6125   15.1612
    0.0000   -7.5000   30.0000 2811.2622   15.0597
    7.5000   -7.5000   30.0000 2760.2253   15.4162
   -7.5000    0.0000   30.0000 2715.5293   15.8337
    0.0000    0.0000   30.0000 2732.4585   15.7294
    7.5000    0.0000   30.0000 2688.6792   16.0983
   -7.5000    7.5000   30.0000 2612.7378   16.8731
    0.0000    7.5000   30.0000 2624.3328   16.7591
    7.5000    7.5000   30.0000 2584.9634   17.1256
   -7.5000   15.0000   30.0000 2480.6045   18.2795
    0.0000   15.0000   30.0000 2489.1892   18.1724
    7.5000   15.0000   30.0000 2451.5847   18.5668
   -7.5000   22.5000   30.0000 2328.9067   20.0940
    0.0000   22.5000   30.0000 2339.6919   19.9522
    7.5000   22.5000   30.0000 2302.5125   20.3342
   -7.5000   30.0000   30.0000 2170.0542   22.3525
    0.0000   30.0000   30.0000 2174.1912   22.1258
    7.5000   30.0000   30.0000 2145.0198   22.5915
   -7.5000   37.5000   30.0000 1980.8523   25.1601
    0.0000   37.5000   30.0000 1982.9431   24.9113
    7.5000   37.5000   30.0000 1953.6324   25.4493
   -7.5000  -52.5000   37.5000 2277.4482   20.6324
    0.0000  -52.5000   37.5000 2296.7739   20.5204
    7.5000  -52.5000   37.5000 2257.8306   20.8516
   -7.5000  -45.0000   37.5000 2423.4241   18.9606
    0.0000  -45.0000   37.5000 2444.4822   18.8645
    7.5000  -45.0000   37.5000 2402.8630   19.2209
   -7.5000  -37.5000   37.5000 2550.3923   17.4718
    0.0000  -37.5000   37.5000 2573.3740   17.3967
    7.5000  -37.5000   37.5000 2522.6501   17.7277
   -7.5000  -30.0000   37.5000 2654.4468   16.3562
    0.0000  -30.0000   37.5000 2675.3323   16.3330
    7.5000  -30.0000   37.5000 2625.7319   16.6446
   -7.5000  -22.5000   37.5000 2721.7051   15.8254
    0.0000  -22.5000   37.5000 2741.6582   15.7625
    7.5000  -22.5000   37.5000 2692.6987   16.0476
   -7.5000  -15.0000   37.5000 2743.7026   15.7591
    0.0000  -15.0000   37.5000 2762.4778   15.6759
    7.5000  -15.0000   37.5000 2709.5713   15.9311
   -7.5000   -7.5000   37.5000 2715.3577   15.9879
    0.0000   -7.5000   37.5000 2733.0449   15.8794
    7.5000   -7.5000   37.5000 2679.7915   16.1487
   -7.5000    0.0000   37.5000 2643.4485   16.5294
    0.0000    0.0000   37.5000 2660.0986   16.4450
    7.5000    0.0000   37.5000 2612.1453   16.7265
   -7.5000    7.5000   37.5000 2546.9023   17.4796
    0.0000    7.5000   37.5000 2555.6360   17.3705
    7.5000    7.5000   37.5000 2516.9709   17.7285
   -7.5000   15.0000   37.5000 2425.7937   18.8149
    0.0000   15.0000   37.5000 2432.9409   18.7182
    7.5000   15.0000   37.5000 2397.9897   19.1213
   -7.5000   22.5000   37.5000 2288.0754   20.5438
    0.0000   22.5000   37.5000 2296.0083   20.4194
    7.5000   22.5000   37.5000 2257.7476   20.8694
   -7.5000   30.0000   37.5000 2134.6116   22.7731
    0.0000   30.0000   37.5000 2140.5239   22.6196
    7.5000   30.0000   37.5000 2105.3125   23.1218
   -7.5000   37.5000   37.5000 1952.2417   25.5878
    0.0000   37.5000   37.5000 1952.8928   25.4038
    7.5000   37.5000   37.5000 1929.6138   25.9145
   -7.5000  -52.5000   45.0000 2212.2227   21.7605
    0.0000  -52.5000   45.0000 2228.7832   21.5552
    7.5000  -52.5000   45.0000 2194.5537   21.9827
   -7.5000  -45.0000   45.0000 2353.4111   20.0287
    0.0000  -45.0000   45.0000 2372.9946   19.9167
    7.5000  -45.0000   45.0000 2332.4634   20.2437
   -7.5000  -37.5000   45.0000 2469.9165   18.4937
    0.0000  -37.5000   45.0000 2488.0974   18.4232
    7.5000  -37.5000   45.0000 2443.5173   18.7562
   -7.5000  -30.0000   45.0000 2560.5471   17.3834
    0.0000  -30.0000   45.0000 2572.6953   17.3389
    7.5000  -30.0000   45.0000 2535.8997   17.6615
   -7.5000  -22.5000   45.0000 2614.5959   16.8735
    0.0000  -22.5000   45.0000 2628.4685   16.7812
    7.5000  -22.5000   45.0000 2590.8184   17.0679
   -7.5000  -15.0000   45.0000 2622.3945   16.7756
    0.0000  -15.0000   45.0000 2632.3599   16.6505
    7.5000  -15.0000   45.0000 2594.4277   16.9116
   -7.5000   -7.5000   45.0000 2591.6716   16.9766
    0.0000   -7.5000   45.0000 2601.3108   16.8331
    7.5000   -7.5000   45.0000 2566.5845   17.0849
   -7.5000    0.0000   45.0000 2539.0505   17.4685
    0.0000    0.0000   45.0000 2545.7297   17.3381
    7.5000    0.0000   45.0000 2509.1904   17.5703
   -7.5000    7.5000   45.0000 2453.1833   18.3343
    0.0000    7.5000   45.0000 2458.5129   18.2246
    7.5000    7.5000   45.0000 2423.6802   18.5162
   -7.5000   15.0000   45.0000 2339.1797   19.5744
    0.0000   15.0000   45.0000 2344.4106   19.4687
    7.5000   15.0000   45.0000 2313.0601   19.8576
   -7.5000   22.5000   45.0000 2208.8162   21.2282
    0.0000   22.5000   45.0000 2210.1604   21.0925
    7.5000   22.5000   45.0000 2184.0054   21.5782
   -7.5000   30.0000   45.0000 2068.9924   23.5009
    0.0000   30.0000   45.0000 2068.1150   23.3114
    7.5000   30.0000   45.0000 2040.4845   23.8027
   -7.5000   37.5000   45.0000 1892.8861   26.2566
    0.0000   37.5000   45.0000 1892.7018   26.1119
    7.5000   37.5000   45.0000 1870.7732   26.6600

---------------------------------------------------------------------
imgreg_4dfp /opt/freesurfer/average/711-2C_as_mni_average_305 /opt/freesurfer/average/711-2B_as_mni_average_305_mask talsrcimg_g11 none talsrcimg_to_711-2C_as_mni_average_305_t4 1283
---------------------------------------------------------------------

freesurfer imgreg_4dfp.c
/opt/freesurfer/average/711-2C_as_mni_average_305.4dfp.img
       256       256       256         1
  1.000000  1.000000  1.000000
orientation T byte_order littleendian
Reading image: /opt/freesurfer/average/711-2C_as_mni_average_305.4dfp.img
dimensions:      256       256       256
mmppix:       1.0000   -1.0000   -1.0000
center:     128.0000 -129.0000 -129.0000
/opt/freesurfer/average/711-2B_as_mni_average_305_mask.4dfp.img
       256       256       256         1
  1.000000  1.000000  1.000000
orientation T byte_order littleendian
Reading mask: /opt/freesurfer/average/711-2B_as_mni_average_305_mask.4dfp.img (2306576 pixels)
talsrcimg_g11.4dfp.img
       256       256       256         1
  0.900000  0.900000  0.900000
orientation T byte_order littleendian
Reading image: talsrcimg_g11.4dfp.img
dimensions:      256       256       256
mmppix:       0.9000   -0.9000   -0.9000
center:     115.2000 -116.1000 -116.1000
rotation matrix determinant  1.000000
fimgreg.f
image alignment mode   1283 decimal      503 hex
parameters
    0.0000  -15.0000   15.0000    0.0000    0.0000    0.0000
eta,q 0.91781 13.78916
niter,ni,del,rscale     5    3   12.0000    1.2000
parameter  2 -0.690109 -> -0.500000 qaram    1.1500
parameter  3  0.559425 ->  0.500000 qaram    1.1500
parameters
   -1.2002  -11.5500   11.5500   -1.0847   -0.3036    0.2696
eta,q 0.92068 14.00229
  0.0884  0.0948  0.0770  0.0795  0.0847  0.0843
  0.0859  0.0877  0.0775  0.0797  0.0819  0.0816
  0.0826  0.0841  0.0798  0.0798  0.0798  0.0797
  0.0809  0.0815  0.0775  0.0784  0.0794  0.0793
  0.0848  0.0791  0.0787  0.0778  0.0806  0.0801
  0.0912  0.0772  0.0842  0.0798  0.0829  0.0812
  0.0985  0.0790  0.0886  0.0835  0.0856  0.0832
niter,ni,del,rscale     6    3   12.0000    1.2000
parameter  4  3.284556 ->  0.500000 qaram    1.1500
parameters
   -1.5970  -12.8928   11.8484   -4.5347   -0.7044    0.8579
eta,q 0.92213 13.70296
  0.0895  0.0854  0.0861  0.0788  0.0838  0.0844
  0.0847  0.0799  0.0805  0.0780  0.0804  0.0813
  0.0812  0.0787  0.0767  0.0788  0.0782  0.0792
  0.0793  0.0796  0.0790  0.0795  0.0782  0.0780
  0.0800  0.0810  0.0799  0.0787  0.0799  0.0781
  0.0856  0.0859  0.0789  0.0777  0.0822  0.0797
  0.0946  0.0926  0.0842  0.0793  0.0844  0.0825
niter,ni,del,rscale     6    3   12.0000    1.2000
parameters
   -1.5244  -12.5543   11.3205   -1.1473   -0.4711    0.4360
eta,q 0.92141 13.91427
  0.0905  0.0971  0.0838  0.0875  0.0848  0.0822
  0.0843  0.0857  0.0779  0.0821  0.0818  0.0803
  0.0801  0.0787  0.0754  0.0774  0.0796  0.0788
  0.0779  0.0778  0.0782  0.0775  0.0787  0.0787
  0.0784  0.0825  0.0781  0.0786  0.0794  0.0796
  0.0829  0.0880  0.0798  0.0781  0.0814  0.0810
  0.0910  0.0897  0.0852  0.0763  0.0838  0.0833
niter,ni,del,rscale     5    3   12.0000    1.2000
parameters
   -1.5023  -12.7814   11.9263   -0.8148   -0.5602    0.6050
eta,q 0.92044 13.86559
  0.0905  0.0885  0.0867  0.0806  0.0852  0.0838
  0.0852  0.0812  0.0809  0.0778  0.0824  0.0818
  0.0809  0.0782  0.0767  0.0787  0.0805  0.0801
  0.0786  0.0786  0.0785  0.0795  0.0795  0.0795
  0.0786  0.0798  0.0800  0.0783  0.0805  0.0801
  0.0833  0.0828  0.0783  0.0778  0.0828  0.0813
  0.0922  0.0891  0.0834  0.0803  0.0854  0.0834
niter,ni,del,rscale     4    3   12.0000    1.2000
parameters
   -1.4269  -12.7034   11.9279   -1.3942   -0.5149    0.4361
eta,q 0.92052 13.84982
  0.0911  0.0902  0.0853  0.0797  0.0853  0.0836
  0.0860  0.0827  0.0797  0.0778  0.0824  0.0814
  0.0820  0.0793  0.0765  0.0789  0.0804  0.0799
  0.0796  0.0795  0.0795  0.0795  0.0795  0.0795
  0.0796  0.0801  0.0793  0.0779  0.0803  0.0804
  0.0840  0.0828  0.0789  0.0779  0.0825  0.0819
  0.0923  0.0891  0.0849  0.0808  0.0850  0.0838
niter,ni,del,rscale     3    3   12.0000    1.2000
parameters
   -1.4407  -12.7254   11.8055   -0.4882   -0.5759    0.6439
eta,q 0.92068 13.89196
  0.0907  0.0902  0.0849  0.0810  0.0851  0.0837
  0.0856  0.0825  0.0793  0.0777  0.0823  0.0816
  0.0818  0.0792  0.0763  0.0785  0.0802  0.0798
  0.0795  0.0795  0.0795  0.0793  0.0793  0.0793
  0.0796  0.0810  0.0790  0.0783  0.0802  0.0799
  0.0841  0.0833  0.0790  0.0774  0.0826  0.0810
  0.0925  0.0893  0.0850  0.0798  0.0852  0.0832
niter,ni,del,rscale     2    3   12.0000    1.2000
parameters
   -1.4393  -12.7084   12.0051   -1.9735   -0.5491    0.3947
eta,q 0.92057 13.81838
  0.0909  0.0897  0.0858  0.0792  0.0852  0.0837
  0.0858  0.0824  0.0802  0.0779  0.0822  0.0813
  0.0817  0.0792  0.0766  0.0791  0.0802  0.0798
  0.0793  0.0793  0.0793  0.0796  0.0795  0.0795
  0.0795  0.0795  0.0796  0.0777  0.0802  0.0804
  0.0842  0.0827  0.0787  0.0783  0.0824  0.0822
  0.0927  0.0892  0.0845  0.0814  0.0849  0.0840
niter,ni,del,rscale     1    3   12.0000    1.2000
parameters
   -1.4425  -12.7126   11.6920   -0.0891   -0.6335    0.7165
eta,q 0.92104 13.91376
  0.0904  0.0911  0.0842  0.0823  0.0848  0.0836
  0.0853  0.0827  0.0787  0.0778  0.0819  0.0815
  0.0818  0.0792  0.0762  0.0780  0.0798  0.0795
  0.0794  0.0794  0.0794  0.0790  0.0789  0.0789
  0.0794  0.0819  0.0785  0.0786  0.0800  0.0794
  0.0839  0.0841  0.0791  0.0770  0.0823  0.0805
  0.0922  0.0893  0.0851  0.0789  0.0850  0.0829
registration optimization eta report
parameter search radius
    6.0000    6.9000    6.9000    6.9000    6.0000    6.0000
100000*second partial in parameter space
       33.       23.       15.        5.       16.       12.
  0.0904  0.0911  0.0842  0.0823  0.0848  0.0836
  0.0853  0.0827  0.0787  0.0778  0.0819  0.0815
  0.0818  0.0792  0.0762  0.0780  0.0798  0.0795
  0.0794  0.0794  0.0794  0.0790  0.0789  0.0789
  0.0794  0.0819  0.0785  0.0786  0.0800  0.0794
  0.0839  0.0841  0.0791  0.0770  0.0823  0.0805
  0.0922  0.0893  0.0851  0.0789  0.0850  0.0829
   -1.4425  -12.7126   11.6920   -0.0891   -0.6335    0.7165
eta,q 0.92104 13.91376

---------------------------------------------------------------------
imgreg_4dfp /opt/freesurfer/average/711-2C_as_mni_average_305 /opt/freesurfer/average/711-2B_as_mni_average_305_mask talsrcimg_g11 none talsrcimg_to_711-2C_as_mni_average_305_t4 3335
---------------------------------------------------------------------

freesurfer imgreg_4dfp.c
/opt/freesurfer/average/711-2C_as_mni_average_305.4dfp.img
       256       256       256         1
  1.000000  1.000000  1.000000
orientation T byte_order littleendian
Reading image: /opt/freesurfer/average/711-2C_as_mni_average_305.4dfp.img
dimensions:      256       256       256
mmppix:       1.0000   -1.0000   -1.0000
center:     128.0000 -129.0000 -129.0000
/opt/freesurfer/average/711-2B_as_mni_average_305_mask.4dfp.img
       256       256       256         1
  1.000000  1.000000  1.000000
orientation T byte_order littleendian
Reading mask: /opt/freesurfer/average/711-2B_as_mni_average_305_mask.4dfp.img (2306576 pixels)
talsrcimg_g11.4dfp.img
       256       256       256         1
  0.900000  0.900000  0.900000
orientation T byte_order littleendian
Reading image: talsrcimg_g11.4dfp.img
dimensions:      256       256       256
mmppix:       0.9000   -0.9000   -0.9000
center:     115.2000 -116.1000 -116.1000
fimgreg.f
image alignment mode   3335 decimal      D07 hex
parameters
   -1.4425  -12.7126   11.6920   -0.0139   -0.0080   -0.0062
   -1.2523    1.1036    1.2505    0.1694   -1.1056   -0.1555
eta,q 0.92291 13.94090
niter,ni,del,rscale     5    3    5.0000    1.2000
parameter  4  3.281423 ->  0.500000 qaram    1.1500
parameter  5  3.226046 ->  0.500000 qaram    1.1500
parameter  6  4.961414 ->  0.500000 qaram    1.1500
parameter 11  0.758476 ->  0.500000 qaram    1.1500
parameter 12 -0.853374 -> -0.500000 qaram    1.1500
parameters
   -1.5379  -11.6333   11.5414   -4.1539   -4.1480   -4.1462
   -3.1806   -1.2287   -1.3434    1.0487   -5.2456    3.9845
eta,q 0.94504 12.95293
  0.0785  0.0800  0.0778  0.0663  0.0581  0.0520  0.0571  0.0570  0.0565  0.0593  0.0556  0.0576
  0.0777  0.0786  0.0774  0.0694  0.0615  0.0553  0.0565  0.0562  0.0560  0.0575  0.0555  0.0567
  0.0772  0.0777  0.0770  0.0727  0.0655  0.0591  0.0563  0.0560  0.0558  0.0564  0.0556  0.0560
  0.0771  0.0771  0.0768  0.0768  0.0703  0.0625  0.0564  0.0563  0.0560  0.0558  0.0558  0.0555
  0.0772  0.0768  0.0769  0.0810  0.0753  0.0667  0.0568  0.0569  0.0567  0.0560  0.0561  0.0551
  0.0778  0.0768  0.0774  0.0855  0.0807  0.0716  0.0576  0.0578  0.0576  0.0568  0.0565  0.0549
  0.0788  0.0772  0.0782  0.0908  0.0868  0.0757  0.0588  0.0590  0.0588  0.0578  0.0571  0.0549
niter,ni,del,rscale     7    3    5.0000    1.2000
parameter  4  3.138945 ->  0.500000 qaram    1.3225
parameter  5  2.289090 ->  0.500000 qaram    1.3225
parameter  6  0.959283 ->  0.500000 qaram    1.3225
parameter 11 -0.564393 -> -0.500000 qaram    1.3225
parameters
   -0.9324  -11.4040   10.7014   -8.9149   -8.9090   -8.9072
   -2.8179    0.7801   -0.8642   -1.4040   -0.4846    3.2983
eta,q 0.96381 12.19947
  0.0580  0.0575  0.0552  0.0438  0.0379  0.0375  0.0398  0.0439  0.0390  0.0382  0.0408  0.0375
  0.0566  0.0562  0.0548  0.0466  0.0407  0.0375  0.0387  0.0411  0.0381  0.0371  0.0393  0.0366
  0.0556  0.0553  0.0546  0.0505  0.0440  0.0388  0.0380  0.0391  0.0375  0.0369  0.0379  0.0362
  0.0550  0.0548  0.0548  0.0546  0.0476  0.0416  0.0378  0.0377  0.0374  0.0374  0.0369  0.0362
  0.0548  0.0549  0.0553  0.0592  0.0520  0.0463  0.0379  0.0374  0.0375  0.0382  0.0363  0.0366
  0.0552  0.0556  0.0560  0.0643  0.0572  0.0510  0.0384  0.0381  0.0379  0.0394  0.0363  0.0371
  0.0560  0.0567  0.0569  0.0695  0.0628  0.0564  0.0394  0.0396  0.0386  0.0413  0.0368  0.0378
niter,ni,del,rscale     7    3    5.0000    1.2000
parameter  4  1.112851 ->  0.500000 qaram    1.5209
parameter  5  1.443058 ->  0.500000 qaram    1.5209
parameters
   -1.2885  -11.4896   11.1633  -14.3900  -14.3841  -11.2340
   -1.4087    0.7160   -0.1377   -0.3661    0.4788    6.9693
eta,q 0.97403 11.83046
  0.0383  0.0381  0.0389  0.0306  0.0241  0.0303  0.0301  0.0312  0.0289  0.0304  0.0288  0.0293
  0.0370  0.0370  0.0376  0.0306  0.0257  0.0287  0.0285  0.0288  0.0277  0.0287  0.0276  0.0281
  0.0363  0.0364  0.0366  0.0322  0.0278  0.0271  0.0273  0.0271  0.0269  0.0273  0.0268  0.0271
  0.0362  0.0361  0.0361  0.0361  0.0308  0.0262  0.0267  0.0265  0.0265  0.0265  0.0264  0.0263
  0.0369  0.0364  0.0361  0.0410  0.0347  0.0284  0.0266  0.0271  0.0266  0.0264  0.0264  0.0260
  0.0382  0.0371  0.0365  0.0457  0.0391  0.0334  0.0271  0.0288  0.0272  0.0273  0.0269  0.0261
  0.0400  0.0385  0.0374  0.0513  0.0447  0.0386  0.0282  0.0315  0.0281  0.0289  0.0281  0.0266
niter,ni,del,rscale     7    3    5.0000    1.2000
parameters
   -1.4927  -11.6788   11.1694  -17.1953  -19.1966  -10.9736
   -0.9471    0.4755   -0.9462   -0.5071    1.9422    6.4648
eta,q 0.97567 11.61484
  0.0290  0.0280  0.0277  0.0293  0.0270  0.0299  0.0275  0.0284  0.0259  0.0274  0.0260  0.0257
  0.0272  0.0267  0.0267  0.0277  0.0252  0.0281  0.0260  0.0261  0.0250  0.0257  0.0252  0.0249
  0.0262  0.0260  0.0261  0.0264  0.0247  0.0266  0.0250  0.0248  0.0245  0.0247  0.0247  0.0245
  0.0260  0.0259  0.0259  0.0259  0.0262  0.0246  0.0245  0.0245  0.0245  0.0244  0.0244  0.0243
  0.0266  0.0263  0.0262  0.0277  0.0287  0.0239  0.0247  0.0250  0.0248  0.0249  0.0243  0.0246
  0.0280  0.0273  0.0268  0.0323  0.0325  0.0262  0.0255  0.0265  0.0256  0.0259  0.0245  0.0252
  0.0302  0.0286  0.0276  0.0372  0.0369  0.0310  0.0269  0.0290  0.0266  0.0275  0.0253  0.0261
niter,ni,del,rscale     6    3    5.0000    1.2000
parameters
   -1.3538  -11.2263   11.2193  -16.9438  -20.0722  -11.1395
   -0.7868    0.3121   -1.6122    0.4571    2.7514    6.0165
eta,q 0.97584 11.57536
  0.0277  0.0279  0.0258  0.0296  0.0290  0.0292  0.0271  0.0283  0.0257  0.0278  0.0257  0.0255
  0.0260  0.0262  0.0249  0.0275  0.0267  0.0275  0.0257  0.0260  0.0248  0.0259  0.0250  0.0247
  0.0248  0.0250  0.0244  0.0257  0.0249  0.0261  0.0247  0.0246  0.0243  0.0247  0.0245  0.0243
  0.0243  0.0243  0.0242  0.0242  0.0242  0.0242  0.0242  0.0242  0.0243  0.0242  0.0242  0.0242
  0.0245  0.0243  0.0244  0.0238  0.0254  0.0236  0.0245  0.0247  0.0246  0.0243  0.0241  0.0244
  0.0254  0.0249  0.0249  0.0259  0.0277  0.0264  0.0254  0.0262  0.0253  0.0250  0.0245  0.0249
  0.0271  0.0259  0.0256  0.0305  0.0311  0.0314  0.0269  0.0287  0.0263  0.0262  0.0254  0.0258
niter,ni,del,rscale     5    3    5.0000    1.2000
parameters
   -1.3743  -10.8272   10.9528  -16.7957  -20.7039  -11.3268
   -0.4757    0.1267   -2.3492    1.5799    3.5285    5.4180
eta,q 0.97601 11.53937
  0.0271  0.0275  0.0253  0.0294  0.0289  0.0290  0.0271  0.0281  0.0256  0.0275  0.0256  0.0253
  0.0255  0.0258  0.0245  0.0273  0.0267  0.0273  0.0256  0.0259  0.0246  0.0257  0.0249  0.0245
  0.0245  0.0247  0.0241  0.0255  0.0248  0.0259  0.0246  0.0245  0.0242  0.0246  0.0244  0.0241
  0.0242  0.0242  0.0241  0.0241  0.0240  0.0240  0.0241  0.0241  0.0241  0.0241  0.0240  0.0240
  0.0245  0.0242  0.0244  0.0237  0.0250  0.0236  0.0244  0.0246  0.0245  0.0241  0.0240  0.0242
  0.0255  0.0247  0.0250  0.0259  0.0273  0.0263  0.0252  0.0261  0.0252  0.0247  0.0243  0.0248
  0.0273  0.0258  0.0259  0.0304  0.0304  0.0312  0.0267  0.0286  0.0262  0.0258  0.0254  0.0257
niter,ni,del,rscale     4    3    5.0000    1.2000
parameters
   -1.4045  -10.4122   10.6911  -16.7556  -21.3887  -11.4604
   -0.1115   -0.0904   -2.7457    2.7388    3.8239    4.6418
eta,q 0.97617 11.50083
  0.0269  0.0273  0.0251  0.0292  0.0287  0.0288  0.0269  0.0278  0.0256  0.0271  0.0254  0.0250
  0.0253  0.0257  0.0244  0.0271  0.0264  0.0271  0.0254  0.0257  0.0246  0.0254  0.0247  0.0243
  0.0243  0.0246  0.0240  0.0253  0.0247  0.0258  0.0244  0.0244  0.0241  0.0244  0.0242  0.0239
  0.0240  0.0240  0.0239  0.0239  0.0239  0.0239  0.0240  0.0240  0.0240  0.0240  0.0238  0.0238
  0.0243  0.0240  0.0242  0.0236  0.0249  0.0235  0.0242  0.0244  0.0243  0.0239  0.0238  0.0241
  0.0254  0.0245  0.0248  0.0259  0.0272  0.0261  0.0250  0.0259  0.0250  0.0244  0.0243  0.0247
  0.0271  0.0256  0.0257  0.0304  0.0303  0.0308  0.0264  0.0285  0.0259  0.0256  0.0254  0.0256
niter,ni,del,rscale     3    3    5.0000    1.2000
parameters
   -1.4590   -9.9885   10.4521  -16.7432  -22.0716  -11.5361
    0.1917   -0.2785   -2.6797    3.9775    3.6079    3.7113
eta,q 0.97631 11.46519
  0.0267  0.0271  0.0250  0.0289  0.0285  0.0286  0.0266  0.0276  0.0257  0.0268  0.0251  0.0248
  0.0251  0.0256  0.0242  0.0269  0.0263  0.0269  0.0252  0.0255  0.0247  0.0253  0.0244  0.0241
  0.0242  0.0244  0.0238  0.0252  0.0246  0.0256  0.0242  0.0242  0.0240  0.0243  0.0239  0.0238
  0.0238  0.0238  0.0238  0.0237  0.0237  0.0238  0.0238  0.0238  0.0238  0.0238  0.0237  0.0237
  0.0242  0.0238  0.0240  0.0235  0.0247  0.0234  0.0240  0.0242  0.0240  0.0237  0.0238  0.0240
  0.0252  0.0244  0.0246  0.0258  0.0270  0.0259  0.0249  0.0257  0.0247  0.0242  0.0243  0.0246
  0.0270  0.0254  0.0255  0.0301  0.0301  0.0303  0.0262  0.0282  0.0256  0.0253  0.0254  0.0255
niter,ni,del,rscale     2    3    5.0000    1.2000
parameters
   -1.5349   -9.5361   10.1698  -16.7564  -22.7934  -11.6507
    0.4168   -0.4010   -2.2809    5.3823    2.9750    2.7275
eta,q 0.97647 11.42485
  0.0264  0.0270  0.0248  0.0286  0.0283  0.0283  0.0264  0.0275  0.0257  0.0268  0.0248  0.0246
  0.0249  0.0254  0.0240  0.0266  0.0261  0.0267  0.0250  0.0254  0.0247  0.0252  0.0241  0.0240
  0.0240  0.0243  0.0236  0.0250  0.0244  0.0254  0.0241  0.0241  0.0240  0.0242  0.0237  0.0236
  0.0237  0.0237  0.0236  0.0236  0.0236  0.0236  0.0237  0.0237  0.0237  0.0237  0.0235  0.0236
  0.0241  0.0237  0.0239  0.0233  0.0245  0.0234  0.0239  0.0241  0.0238  0.0236  0.0237  0.0238
  0.0251  0.0242  0.0245  0.0255  0.0269  0.0258  0.0248  0.0255  0.0244  0.0240  0.0242  0.0244
  0.0268  0.0252  0.0254  0.0299  0.0300  0.0300  0.0261  0.0279  0.0253  0.0251  0.0253  0.0253
niter,ni,del,rscale     1    3    5.0000    1.2000
parameters
   -1.6104   -9.0356    9.8350  -16.7902  -23.5755  -11.8460
    0.5369   -0.4214   -1.7668    6.7798    2.2575    1.7286
eta,q 0.97662 11.37617
  0.0262  0.0269  0.0245  0.0283  0.0281  0.0280  0.0260  0.0274  0.0257  0.0267  0.0246  0.0245
  0.0248  0.0254  0.0238  0.0263  0.0258  0.0264  0.0248  0.0253  0.0246  0.0252  0.0239  0.0238
  0.0238  0.0242  0.0234  0.0247  0.0242  0.0251  0.0239  0.0240  0.0239  0.0241  0.0235  0.0235
  0.0235  0.0235  0.0234  0.0234  0.0234  0.0234  0.0235  0.0235  0.0235  0.0235  0.0234  0.0234
  0.0239  0.0234  0.0237  0.0231  0.0243  0.0233  0.0238  0.0239  0.0237  0.0234  0.0236  0.0237
  0.0249  0.0240  0.0244  0.0253  0.0268  0.0257  0.0246  0.0252  0.0242  0.0239  0.0241  0.0243
  0.0266  0.0250  0.0253  0.0297  0.0298  0.0298  0.0259  0.0275  0.0252  0.0250  0.0251  0.0251
registration optimization eta report
parameter search radius
    2.4000    2.4000    2.4000   10.9503   10.9503    9.5220
    7.2000    7.2000    7.2000    7.2000    9.5220    8.2800
100000*second partial in parameter space
       50.       42.       25.        5.        5.        6.
        5.        8.        4.        5.        2.        2.
  0.0262  0.0269  0.0245  0.0283  0.0281  0.0280  0.0260  0.0274  0.0257  0.0267  0.0246  0.0245
  0.0248  0.0254  0.0238  0.0263  0.0258  0.0264  0.0248  0.0253  0.0246  0.0252  0.0239  0.0238
  0.0238  0.0242  0.0234  0.0247  0.0242  0.0251  0.0239  0.0240  0.0239  0.0241  0.0235  0.0235
  0.0235  0.0235  0.0234  0.0234  0.0234  0.0234  0.0235  0.0235  0.0235  0.0235  0.0234  0.0234
  0.0239  0.0234  0.0237  0.0231  0.0243  0.0233  0.0238  0.0239  0.0237  0.0234  0.0236  0.0237
  0.0249  0.0240  0.0244  0.0253  0.0268  0.0257  0.0246  0.0252  0.0242  0.0239  0.0241  0.0243
  0.0266  0.0250  0.0253  0.0297  0.0298  0.0298  0.0259  0.0275  0.0252  0.0250  0.0251  0.0251
   -1.6104   -9.0356    9.8350  -16.7902  -23.5755  -11.8460
    0.5369   -0.4214   -1.7668    6.7798    2.2575    1.7286
eta,q 0.97662 11.37617

---------------------------------------------------------------------
imgreg_4dfp /opt/freesurfer/average/711-2C_as_mni_average_305 /opt/freesurfer/average/711-2B_as_mni_average_305_mask talsrcimg_g11 none talsrcimg_to_711-2C_as_mni_average_305_t4 2311
---------------------------------------------------------------------

freesurfer imgreg_4dfp.c
/opt/freesurfer/average/711-2C_as_mni_average_305.4dfp.img
       256       256       256         1
  1.000000  1.000000  1.000000
orientation T byte_order littleendian
Reading image: /opt/freesurfer/average/711-2C_as_mni_average_305.4dfp.img
dimensions:      256       256       256
mmppix:       1.0000   -1.0000   -1.0000
center:     128.0000 -129.0000 -129.0000
/opt/freesurfer/average/711-2B_as_mni_average_305_mask.4dfp.img
       256       256       256         1
  1.000000  1.000000  1.000000
orientation T byte_order littleendian
Reading mask: /opt/freesurfer/average/711-2B_as_mni_average_305_mask.4dfp.img (2306576 pixels)
talsrcimg_g11.4dfp.img
       256       256       256         1
  0.900000  0.900000  0.900000
orientation T byte_order littleendian
Reading image: talsrcimg_g11.4dfp.img
dimensions:      256       256       256
mmppix:       0.9000   -0.9000   -0.9000
center:     115.2000 -116.1000 -116.1000
fimgreg.f
image alignment mode   2311 decimal      907 hex
parameters
   -1.6104   -9.0356    9.8350  -16.7902  -23.5755  -11.8460
    0.5369   -0.4214   -1.7668    6.7798    2.2575    1.7286
eta,q 0.97662 11.37617
niter,ni,del,rscale     5    3    5.0000    0.8000
parameters
   -1.6183   -8.5535    9.5045  -14.4625  -23.9963  -11.1060
    0.2961   -0.3373   -1.9903    7.8049    1.9499    0.3236
eta,q 0.97736 11.44362
  0.0246  0.0252  0.0237  0.0250  0.0241  0.0253  0.0240  0.0252  0.0237  0.0245  0.0232  0.0229
  0.0240  0.0244  0.0234  0.0243  0.0235  0.0246  0.0233  0.0240  0.0232  0.0237  0.0229  0.0227
  0.0235  0.0237  0.0232  0.0237  0.0231  0.0236  0.0229  0.0231  0.0228  0.0231  0.0227  0.0226
  0.0234  0.0234  0.0233  0.0232  0.0229  0.0229  0.0228  0.0228  0.0228  0.0228  0.0227  0.0227
  0.0235  0.0233  0.0234  0.0230  0.0231  0.0227  0.0230  0.0230  0.0229  0.0227  0.0228  0.0229
  0.0240  0.0234  0.0238  0.0230  0.0238  0.0233  0.0235  0.0238  0.0233  0.0230  0.0230  0.0232
  0.0247  0.0238  0.0242  0.0234  0.0247  0.0246  0.0242  0.0251  0.0239  0.0235  0.0234  0.0236
niter,ni,del,rscale     4    3    5.0000    0.7000
parameters
   -1.6670   -8.4631    9.7601  -14.8535  -24.1540  -10.5268
    0.4367   -0.3013   -2.0620    7.8791    1.8341   -0.3362
eta,q 0.97748 11.44308
  0.0237  0.0237  0.0235  0.0235  0.0237  0.0248  0.0236  0.0244  0.0233  0.0236  0.0230  0.0228
  0.0231  0.0232  0.0231  0.0231  0.0232  0.0240  0.0231  0.0234  0.0229  0.0230  0.0227  0.0226
  0.0227  0.0228  0.0228  0.0227  0.0228  0.0232  0.0227  0.0228  0.0226  0.0227  0.0226  0.0225
  0.0226  0.0226  0.0226  0.0226  0.0226  0.0226  0.0225  0.0225  0.0225  0.0225  0.0225  0.0225
  0.0228  0.0227  0.0226  0.0227  0.0227  0.0226  0.0226  0.0227  0.0226  0.0226  0.0226  0.0226
  0.0232  0.0230  0.0228  0.0232  0.0232  0.0231  0.0229  0.0233  0.0229  0.0230  0.0227  0.0228
  0.0239  0.0235  0.0230  0.0241  0.0240  0.0241  0.0235  0.0244  0.0234  0.0235  0.0230  0.0231
niter,ni,del,rscale     3    3    5.0000    0.6000
parameters
   -1.6774   -8.4319    9.9065  -14.8820  -24.2427  -10.2140
    0.4639   -0.2711   -2.0990    7.8937    1.7765   -0.6421
eta,q 0.97751 11.44722
  0.0234  0.0233  0.0231  0.0233  0.0233  0.0243  0.0233  0.0239  0.0231  0.0232  0.0228  0.0227
  0.0229  0.0229  0.0228  0.0229  0.0229  0.0235  0.0228  0.0232  0.0228  0.0228  0.0226  0.0226
  0.0226  0.0226  0.0226  0.0226  0.0227  0.0229  0.0226  0.0227  0.0226  0.0226  0.0225  0.0225
  0.0225  0.0225  0.0225  0.0225  0.0225  0.0225  0.0225  0.0225  0.0225  0.0225  0.0225  0.0225
  0.0226  0.0226  0.0225  0.0226  0.0226  0.0226  0.0226  0.0226  0.0226  0.0226  0.0225  0.0225
  0.0229  0.0228  0.0227  0.0228  0.0229  0.0230  0.0228  0.0231  0.0228  0.0228  0.0226  0.0227
  0.0234  0.0232  0.0229  0.0234  0.0235  0.0239  0.0232  0.0239  0.0231  0.0232  0.0228  0.0229
niter,ni,del,rscale     2    3    5.0000    0.5000
parameters
   -1.6849   -8.4349    9.9995  -14.8692  -24.2485  -10.0249
    0.4745   -0.2522   -2.1259    7.8522    1.7464   -0.7755
eta,q 0.97753 11.45252
  0.0231  0.0230  0.0229  0.0231  0.0231  0.0238  0.0230  0.0234  0.0229  0.0230  0.0227  0.0227
  0.0227  0.0227  0.0227  0.0228  0.0228  0.0232  0.0227  0.0229  0.0227  0.0227  0.0226  0.0226
  0.0225  0.0225  0.0225  0.0226  0.0226  0.0227  0.0225  0.0226  0.0225  0.0225  0.0225  0.0225
  0.0225  0.0225  0.0225  0.0225  0.0225  0.0225  0.0225  0.0225  0.0225  0.0225  0.0225  0.0225
  0.0226  0.0225  0.0225  0.0225  0.0225  0.0225  0.0225  0.0226  0.0225  0.0225  0.0225  0.0225
  0.0228  0.0227  0.0226  0.0227  0.0228  0.0229  0.0227  0.0229  0.0227  0.0227  0.0226  0.0226
  0.0231  0.0230  0.0228  0.0231  0.0232  0.0235  0.0230  0.0235  0.0229  0.0230  0.0227  0.0227
niter,ni,del,rscale     1    3    5.0000    0.4000
parameters
   -1.6940   -8.4541   10.0601  -14.8372  -24.2015   -9.9088
    0.4839   -0.2335   -2.1521    7.7988    1.6954   -0.8329
eta,q 0.97753 11.45876
  0.0228  0.0228  0.0227  0.0229  0.0229  0.0233  0.0228  0.0231  0.0227  0.0228  0.0226  0.0226
  0.0226  0.0226  0.0226  0.0227  0.0227  0.0229  0.0226  0.0228  0.0226  0.0226  0.0225  0.0225
  0.0225  0.0225  0.0225  0.0225  0.0225  0.0226  0.0225  0.0225  0.0225  0.0225  0.0225  0.0225
  0.0225  0.0225  0.0225  0.0225  0.0225  0.0225  0.0225  0.0225  0.0225  0.0225  0.0225  0.0225
  0.0225  0.0225  0.0225  0.0225  0.0225  0.0225  0.0225  0.0225  0.0225  0.0225  0.0225  0.0225
  0.0227  0.0226  0.0225  0.0226  0.0226  0.0228  0.0226  0.0227  0.0226  0.0226  0.0225  0.0225
  0.0229  0.0228  0.0227  0.0229  0.0229  0.0232  0.0228  0.0231  0.0228  0.0228  0.0226  0.0226
registration optimization eta report
parameter search radius
    0.8000    0.8000    0.8000    2.4000    2.4000    2.4000
    2.4000    2.4000    2.4000    2.4000    2.4000    2.4000
100000*second partial in parameter space
       60.       50.       34.        7.        7.       14.
        6.       11.        5.        6.        3.        2.
  0.0228  0.0228  0.0227  0.0229  0.0229  0.0233  0.0228  0.0231  0.0227  0.0228  0.0226  0.0226
  0.0226  0.0226  0.0226  0.0227  0.0227  0.0229  0.0226  0.0228  0.0226  0.0226  0.0225  0.0225
  0.0225  0.0225  0.0225  0.0225  0.0225  0.0226  0.0225  0.0225  0.0225  0.0225  0.0225  0.0225
  0.0225  0.0225  0.0225  0.0225  0.0225  0.0225  0.0225  0.0225  0.0225  0.0225  0.0225  0.0225
  0.0225  0.0225  0.0225  0.0225  0.0225  0.0225  0.0225  0.0225  0.0225  0.0225  0.0225  0.0225
  0.0227  0.0226  0.0225  0.0226  0.0226  0.0228  0.0226  0.0227  0.0226  0.0226  0.0225  0.0225
  0.0229  0.0228  0.0227  0.0229  0.0229  0.0232  0.0228  0.0231  0.0228  0.0228  0.0226  0.0226
   -1.6940   -8.4541   10.0601  -14.8372  -24.2015   -9.9088
    0.4839   -0.2335   -2.1521    7.7988    1.6954   -0.8329
eta,q 0.97753 11.45876

---------------------------------------------------------------------
imgreg_4dfp /opt/freesurfer/average/711-2C_as_mni_average_305 /opt/freesurfer/average/711-2B_as_mni_average_305_mask talsrcimg_g11 none talsrcimg_to_711-2C_as_mni_average_305_t4 2311
---------------------------------------------------------------------

freesurfer imgreg_4dfp.c
/opt/freesurfer/average/711-2C_as_mni_average_305.4dfp.img
       256       256       256         1
  1.000000  1.000000  1.000000
orientation T byte_order littleendian
Reading image: /opt/freesurfer/average/711-2C_as_mni_average_305.4dfp.img
dimensions:      256       256       256
mmppix:       1.0000   -1.0000   -1.0000
center:     128.0000 -129.0000 -129.0000
/opt/freesurfer/average/711-2B_as_mni_average_305_mask.4dfp.img
       256       256       256         1
  1.000000  1.000000  1.000000
orientation T byte_order littleendian
Reading mask: /opt/freesurfer/average/711-2B_as_mni_average_305_mask.4dfp.img (2306576 pixels)
talsrcimg_g11.4dfp.img
       256       256       256         1
  0.900000  0.900000  0.900000
orientation T byte_order littleendian
Reading image: talsrcimg_g11.4dfp.img
dimensions:      256       256       256
mmppix:       0.9000   -0.9000   -0.9000
center:     115.2000 -116.1000 -116.1000
fimgreg.f
image alignment mode   2311 decimal      907 hex
parameters
   -1.6940   -8.4541   10.0601  -14.8372  -24.2015   -9.9088
    0.4839   -0.2335   -2.1521    7.7988    1.6954   -0.8329
eta,q 0.97754 11.45877
niter,ni,del,rscale     5    3    5.0000    0.8000
parameters
   -1.6844   -8.5042   10.1093  -15.2775  -24.4189   -9.9517
    0.5217   -0.3147   -2.0214    7.6924    1.7219   -0.7183
eta,q 0.97750 11.43759
  0.0240  0.0236  0.0234  0.0237  0.0238  0.0249  0.0238  0.0247  0.0236  0.0238  0.0231  0.0231
  0.0232  0.0230  0.0229  0.0231  0.0232  0.0239  0.0231  0.0235  0.0230  0.0230  0.0228  0.0227
  0.0226  0.0226  0.0226  0.0226  0.0227  0.0229  0.0227  0.0228  0.0226  0.0226  0.0226  0.0226
  0.0225  0.0225  0.0225  0.0225  0.0225  0.0225  0.0225  0.0225  0.0225  0.0225  0.0225  0.0225
  0.0226  0.0226  0.0225  0.0226  0.0226  0.0228  0.0226  0.0227  0.0226  0.0227  0.0225  0.0225
  0.0231  0.0231  0.0228  0.0232  0.0232  0.0238  0.0231  0.0236  0.0229  0.0231  0.0227  0.0227
  0.0240  0.0238  0.0233  0.0245  0.0242  0.0252  0.0238  0.0249  0.0235  0.0239  0.0231  0.0230
niter,ni,del,rscale     4    3    5.0000    0.7000
parameters
   -1.6898   -8.4457   10.0960  -15.1116  -24.4395   -9.9676
    0.4871   -0.2962   -2.0231    7.7454    1.7139   -0.7781
eta,q 0.97751 11.43981
  0.0236  0.0235  0.0231  0.0236  0.0236  0.0245  0.0235  0.0243  0.0233  0.0235  0.0229  0.0229
  0.0230  0.0230  0.0228  0.0231  0.0231  0.0236  0.0229  0.0234  0.0229  0.0230  0.0227  0.0227
  0.0226  0.0226  0.0226  0.0227  0.0227  0.0228  0.0226  0.0227  0.0226  0.0226  0.0225  0.0225
  0.0225  0.0225  0.0225  0.0225  0.0225  0.0225  0.0225  0.0225  0.0225  0.0225  0.0225  0.0225
  0.0226  0.0226  0.0226  0.0225  0.0226  0.0227  0.0226  0.0226  0.0226  0.0226  0.0225  0.0225
  0.0230  0.0229  0.0228  0.0229  0.0230  0.0235  0.0230  0.0233  0.0229  0.0229  0.0227  0.0227
  0.0236  0.0234  0.0232  0.0236  0.0237  0.0247  0.0235  0.0243  0.0233  0.0235  0.0229  0.0229
niter,ni,del,rscale     3    3    5.0000    0.6000
parameters
   -1.6949   -8.4362   10.0908  -14.9995  -24.3791   -9.9368
    0.4747   -0.2772   -2.0580    7.7748    1.7099   -0.8331
eta,q 0.97753 11.44615
  0.0233  0.0232  0.0230  0.0233  0.0233  0.0241  0.0232  0.0238  0.0231  0.0232  0.0228  0.0228
  0.0229  0.0228  0.0227  0.0229  0.0229  0.0233  0.0228  0.0231  0.0227  0.0228  0.0226  0.0226
  0.0226  0.0226  0.0225  0.0226  0.0226  0.0227  0.0226  0.0227  0.0225  0.0226  0.0225  0.0225
  0.0225  0.0225  0.0225  0.0225  0.0225  0.0225  0.0225  0.0225  0.0225  0.0225  0.0225  0.0225
  0.0226  0.0226  0.0225  0.0225  0.0225  0.0226  0.0226  0.0226  0.0226  0.0226  0.0225  0.0225
  0.0229  0.0228  0.0227  0.0228  0.0228  0.0232  0.0228  0.0231  0.0228  0.0228  0.0226  0.0226
  0.0233  0.0232  0.0230  0.0233  0.0234  0.0241  0.0232  0.0239  0.0231  0.0232  0.0228  0.0228
niter,ni,del,rscale     2    3    5.0000    0.5000
parameters
   -1.6979   -8.4465   10.0962  -14.9134  -24.3069   -9.8912
    0.4723   -0.2567   -2.1055    7.7771    1.6951   -0.8752
eta,q 0.97753 11.45302
  0.0231  0.0230  0.0228  0.0231  0.0231  0.0237  0.0230  0.0234  0.0229  0.0230  0.0227  0.0227
  0.0227  0.0227  0.0226  0.0228  0.0228  0.0231  0.0227  0.0229  0.0227  0.0227  0.0226  0.0226
  0.0225  0.0225  0.0225  0.0226  0.0226  0.0226  0.0225  0.0226  0.0225  0.0225  0.0225  0.0225
  0.0225  0.0225  0.0225  0.0225  0.0225  0.0225  0.0225  0.0225  0.0225  0.0225  0.0225  0.0225
  0.0226  0.0225  0.0225  0.0225  0.0225  0.0226  0.0225  0.0225  0.0225  0.0225  0.0225  0.0225
  0.0227  0.0227  0.0226  0.0227  0.0227  0.0230  0.0227  0.0229  0.0227  0.0227  0.0226  0.0226
  0.0231  0.0230  0.0228  0.0231  0.0231  0.0237  0.0230  0.0235  0.0229  0.0230  0.0227  0.0227
niter,ni,del,rscale     1    3    5.0000    0.4000
parameters
   -1.6974   -8.4647   10.1121  -14.8609  -24.2287   -9.8393
    0.4809   -0.2196   -2.1407    7.7498    1.6486   -0.8790
eta,q 0.97754 11.45915
  0.0229  0.0228  0.0227  0.0229  0.0229  0.0233  0.0228  0.0231  0.0227  0.0228  0.0226  0.0226
  0.0226  0.0226  0.0226  0.0227  0.0227  0.0229  0.0226  0.0228  0.0226  0.0226  0.0225  0.0225
  0.0225  0.0225  0.0225  0.0225  0.0225  0.0226  0.0225  0.0226  0.0225  0.0225  0.0225  0.0225
  0.0225  0.0225  0.0225  0.0225  0.0225  0.0225  0.0225  0.0225  0.0225  0.0225  0.0225  0.0225
  0.0225  0.0225  0.0225  0.0225  0.0225  0.0225  0.0225  0.0225  0.0225  0.0225  0.0225  0.0225
  0.0226  0.0226  0.0226  0.0226  0.0226  0.0228  0.0226  0.0227  0.0226  0.0226  0.0225  0.0225
  0.0228  0.0228  0.0227  0.0228  0.0229  0.0232  0.0228  0.0231  0.0228  0.0228  0.0226  0.0226
registration optimization eta report
parameter search radius
    0.8000    0.8000    0.8000    2.4000    2.4000    2.4000
    2.4000    2.4000    2.4000    2.4000    2.4000    2.4000
100000*second partial in parameter space
       60.       50.       34.        7.        7.       14.
        6.       11.        5.        6.        3.        2.
  0.0229  0.0228  0.0227  0.0229  0.0229  0.0233  0.0228  0.0231  0.0227  0.0228  0.0226  0.0226
  0.0226  0.0226  0.0226  0.0227  0.0227  0.0229  0.0226  0.0228  0.0226  0.0226  0.0225  0.0225
  0.0225  0.0225  0.0225  0.0225  0.0225  0.0226  0.0225  0.0226  0.0225  0.0225  0.0225  0.0225
  0.0225  0.0225  0.0225  0.0225  0.0225  0.0225  0.0225  0.0225  0.0225  0.0225  0.0225  0.0225
  0.0225  0.0225  0.0225  0.0225  0.0225  0.0225  0.0225  0.0225  0.0225  0.0225  0.0225  0.0225
  0.0226  0.0226  0.0226  0.0226  0.0226  0.0228  0.0226  0.0227  0.0226  0.0226  0.0225  0.0225
  0.0228  0.0228  0.0227  0.0228  0.0229  0.0232  0.0228  0.0231  0.0228  0.0228  0.0226  0.0226
   -1.6974   -8.4647   10.1121  -14.8609  -24.2287   -9.8393
    0.4809   -0.2196   -2.1407    7.7498    1.6486   -0.8790
eta,q 0.97754 11.45915

---------------------------------------------------------------------
compute_vox2vox talsrcimg talsrcimg_to_711-2C_as_mni_average_305_t4 /opt/freesurfer/average/711-2C_as_mni_average_305
---------------------------------------------------------------------

freesurfer compute_vox2vox.c
Reading: talsrcimg.4dfp.ifh
Reading: talsrcimg_to_711-2C_as_mni_average_305_t4
Reading: /opt/freesurfer/average/711-2C_as_mni_average_305.4dfp.ifh
Writing: talsrcimg_to_711-2C_as_mni_average_305_t4_vox2vox.txt

start time Wed Mar 11 20:24:30 CET 2026
end		time Wed Mar 11 20:25:55 CET 2026

mpr2mni305 success

avi2talxfm orig_nu.mgz /opt/freesurfer/average/mni305.cor.mgz talsrcimg_to_711-2C_as_mni_average_305_t4_vox2vox.txt transforms/talairach.auto.xfm
avi2talxfm done
mv -f /out/sourcedata/freesurfer/sub-v2s1x29887_ses-1/mri/talsrcimg_to_711-2C_as_mni_average_305_t4_vox2vox.txt /out/sourcedata/freesurfer/sub-v2s1x29887_ses-1/mri/transforms/talsrcimg_to_711-2C_as_mni_average_305_t4_vox2vox.txt
lta_convert --src orig_nu.mgz --trg /opt/freesurfer/average/mni305.cor.mgz --inxfm transforms/talairach.auto.xfm --outlta transforms/talairach.auto.xfm.lta --subject fsaverage
7.3.2

--src: orig_nu.mgz src image (geometry).
--trg: /opt/freesurfer/average/mni305.cor.mgz trg image (geometry).
--inmni: transforms/talairach.auto.xfm input MNI/XFM transform.
--outlta: transforms/talairach.auto.xfm.lta output LTA.
--s: fsaverage subject name
 LTA read, type : 1
 1.17429   0.00350  -0.00741   3.11127;
-0.02113   1.10796   0.01299  -50.82852;
 0.03534  -0.11322   1.31822  -30.98676;
 0.00000   0.00000   0.00000   1.00000;
setting subject to fsaverage
Writing  LTA to file transforms/talairach.auto.xfm.lta...
lta_convert successful.
 
 
Started at Wed Mar 11 20:24:29 CET 2026
Ended   at Wed Mar 11 20:25:55 CET 2026
talairach_avi done
