status file for recon-all
Thu Mar 12 21:45:06 CET 2026
#@# Tessellate rh Thu Mar 12 21:45:06 CET 2026
#@# Smooth1 rh Thu Mar 12 21:45:09 CET 2026
#@# Inflation1 rh Thu Mar 12 21:45:11 CET 2026
#@# QSphere rh Thu Mar 12 21:46:25 CET 2026
#@# Fix Topology rh Thu Mar 12 21:47:38 CET 2026
#@# Smooth2 rh Thu Mar 12 21:54:05 CET 2026
#@# Inflation2 rh Thu Mar 12 21:54:08 CET 2026
#@# Curv .H and .K rh Thu Mar 12 21:54:47 CET 2026
#@# Sphere rh Thu Mar 12 21:55:30 CET 2026
#@# Surf Reg rh Thu Mar 12 21:57:59 CET 2026
#@# Jacobian white rh Thu Mar 12 22:02:27 CET 2026
#@# AvgCurv rh Thu Mar 12 22:02:28 CET 2026
#@# Cortical Parc rh Thu Mar 12 22:02:29 CET 2026
#@# white curv rh Thu Mar 12 22:09:00 CET 2026
#@# white area rh Thu Mar 12 22:09:01 CET 2026
#@# pial curv rh Thu Mar 12 22:09:02 CET 2026
#@# pial area rh Thu Mar 12 22:09:03 CET 2026
#@# thickness rh Thu Mar 12 22:09:04 CET 2026
#@# area and vertex vol rh Thu Mar 12 22:09:28 CET 2026
#@# Curvature Stats rh Thu Mar 12 22:09:30 CET 2026
#@# Cortical Parc 2 rh Thu Mar 12 22:09:32 CET 2026
#@# Cortical Parc 3 rh Thu Mar 12 22:09:43 CET 2026
#@# WM/GM Contrast rh Thu Mar 12 22:09:52 CET 2026
recon-all -s sub-v2s1x29895_ses-1 finished without error at Thu Mar 12 22:09:55 CET 2026



#New# invocation of recon-all 



status file for recon-all
Thu Mar 12 22:20:13 CET 2026
#@# white curv rh Thu Mar 12 22:20:13 CET 2026
#@# white area rh Thu Mar 12 22:20:13 CET 2026
#@# pial curv rh Thu Mar 12 22:20:13 CET 2026
#@# pial area rh Thu Mar 12 22:20:13 CET 2026
#@# thickness rh Thu Mar 12 22:20:13 CET 2026
#@# area and vertex vol rh Thu Mar 12 22:20:13 CET 2026
#@# Parcellation Stats rh Thu Mar 12 22:20:13 CET 2026
#@# Parcellation Stats 2 rh Thu Mar 12 22:20:33 CET 2026
#@# Parcellation Stats 3 rh Thu Mar 12 22:20:43 CET 2026
#@# BA_exvivo Labels rh Thu Mar 12 22:20:52 CET 2026
recon-all -s sub-v2s1x29895_ses-1 finished without error at Thu Mar 12 22:23:10 CET 2026
