status file for recon-all
Thu Mar 12 21:07:23 CET 2026
#@# Tessellate lh Thu Mar 12 21:07:23 CET 2026
#@# Smooth1 lh Thu Mar 12 21:07:25 CET 2026
#@# Inflation1 lh Thu Mar 12 21:07:28 CET 2026
#@# QSphere lh Thu Mar 12 21:08:43 CET 2026
#@# Fix Topology lh Thu Mar 12 21:10:01 CET 2026
#@# Smooth2 lh Thu Mar 12 21:20:56 CET 2026
#@# Inflation2 lh Thu Mar 12 21:20:59 CET 2026
#@# Curv .H and .K lh Thu Mar 12 21:21:51 CET 2026
#@# Sphere lh Thu Mar 12 21:22:36 CET 2026
#@# Surf Reg lh Thu Mar 12 21:27:45 CET 2026
#@# Jacobian white lh Thu Mar 12 21:34:33 CET 2026
#@# AvgCurv lh Thu Mar 12 21:34:34 CET 2026
#@# Cortical Parc lh Thu Mar 12 21:34:35 CET 2026
#@# white curv lh Thu Mar 12 21:44:05 CET 2026
#@# white area lh Thu Mar 12 21:44:07 CET 2026
#@# pial curv lh Thu Mar 12 21:44:07 CET 2026
#@# pial area lh Thu Mar 12 21:44:09 CET 2026
#@# thickness lh Thu Mar 12 21:44:10 CET 2026
#@# area and vertex vol lh Thu Mar 12 21:44:35 CET 2026
#@# Curvature Stats lh Thu Mar 12 21:44:36 CET 2026
#@# Cortical Parc 2 lh Thu Mar 12 21:44:38 CET 2026
#@# Cortical Parc 3 lh Thu Mar 12 21:44:50 CET 2026
#@# WM/GM Contrast lh Thu Mar 12 21:44:59 CET 2026
recon-all -s sub-v2s1x29895_ses-1 finished without error at Thu Mar 12 21:45:02 CET 2026



#New# invocation of recon-all 



status file for recon-all
Thu Mar 12 22:17:08 CET 2026
#@# white curv lh Thu Mar 12 22:17:08 CET 2026
#@# white area lh Thu Mar 12 22:17:08 CET 2026
#@# pial curv lh Thu Mar 12 22:17:08 CET 2026
#@# pial area lh Thu Mar 12 22:17:08 CET 2026
#@# thickness lh Thu Mar 12 22:17:08 CET 2026
#@# area and vertex vol lh Thu Mar 12 22:17:09 CET 2026
#@# Parcellation Stats lh Thu Mar 12 22:17:09 CET 2026
#@# Parcellation Stats 2 lh Thu Mar 12 22:17:29 CET 2026
#@# Parcellation Stats 3 lh Thu Mar 12 22:17:40 CET 2026
#@# BA_exvivo Labels lh Thu Mar 12 22:17:50 CET 2026
recon-all -s sub-v2s1x29895_ses-1 finished without error at Thu Mar 12 22:20:11 CET 2026
