status file for recon-all
Thu Mar 12 19:51:38 CET 2026
#@# MotionCor Thu Mar 12 19:51:40 CET 2026
#@# Talairach Thu Mar 12 19:51:45 CET 2026
#@# Talairach Failure Detection Thu Mar 12 19:54:35 CET 2026
#@# Nu Intensity Correction Thu Mar 12 19:54:35 CET 2026
#@# Intensity Normalization Thu Mar 12 19:57:20 CET 2026
recon-all -s sub-v2s1x29905_ses-1 finished without error at Thu Mar 12 19:58:28 CET 2026



#New# invocation of recon-all 



status file for recon-all
Thu Mar 12 20:04:26 CET 2026
#@# EM Registration Thu Mar 12 20:04:26 CET 2026
recon-all -s sub-v2s1x29905_ses-1 finished without error at Thu Mar 12 20:05:41 CET 2026



#New# invocation of recon-all 



status file for recon-all
Thu Mar 12 20:05:45 CET 2026
#@# CA Normalize Thu Mar 12 20:05:45 CET 2026
#@# CA Reg Thu Mar 12 20:06:36 CET 2026
#@# SubCort Seg Thu Mar 12 20:38:00 CET 2026
#@# CC Seg Thu Mar 12 21:04:10 CET 2026
#@# Merge ASeg Thu Mar 12 21:04:30 CET 2026
#@# Intensity Normalization2 Thu Mar 12 21:04:30 CET 2026
#@# Mask BFS Thu Mar 12 21:05:50 CET 2026
#@# WM Segmentation Thu Mar 12 21:05:51 CET 2026
#@# Fill Thu Mar 12 21:07:36 CET 2026
recon-all -s sub-v2s1x29905_ses-1 finished without error at Thu Mar 12 21:08:14 CET 2026



#New# invocation of recon-all 



status file for recon-all
Thu Mar 12 21:51:48 CET 2026
#@# white curv lh Thu Mar 12 21:51:48 CET 2026
#@# white area lh Thu Mar 12 21:51:48 CET 2026
#@# pial curv lh Thu Mar 12 21:51:48 CET 2026
#@# pial area lh Thu Mar 12 21:51:48 CET 2026
#@# thickness lh Thu Mar 12 21:51:48 CET 2026
#@# area and vertex vol lh Thu Mar 12 21:51:48 CET 2026
#@# white curv rh Thu Mar 12 21:51:48 CET 2026
#@# white area rh Thu Mar 12 21:51:48 CET 2026
#@# pial curv rh Thu Mar 12 21:51:48 CET 2026
#@# pial area rh Thu Mar 12 21:51:48 CET 2026
#@# thickness rh Thu Mar 12 21:51:48 CET 2026
#@# area and vertex vol rh Thu Mar 12 21:51:48 CET 2026
#@# Cortical ribbon mask Thu Mar 12 21:51:48 CET 2026
recon-all -s sub-v2s1x29905_ses-1 finished without error at Thu Mar 12 22:01:19 CET 2026



#New# invocation of recon-all 



status file for recon-all
Thu Mar 12 22:07:58 CET 2026
#@# white curv lh Thu Mar 12 22:07:58 CET 2026
#@# white area lh Thu Mar 12 22:07:58 CET 2026
#@# pial curv lh Thu Mar 12 22:07:58 CET 2026
#@# pial area lh Thu Mar 12 22:07:58 CET 2026
#@# thickness lh Thu Mar 12 22:07:58 CET 2026
#@# area and vertex vol lh Thu Mar 12 22:07:58 CET 2026
#@# white curv rh Thu Mar 12 22:07:58 CET 2026
#@# white area rh Thu Mar 12 22:07:58 CET 2026
#@# pial curv rh Thu Mar 12 22:07:58 CET 2026
#@# pial area rh Thu Mar 12 22:07:58 CET 2026
#@# thickness rh Thu Mar 12 22:07:58 CET 2026
#@# area and vertex vol rh Thu Mar 12 22:07:58 CET 2026
#@# Curvature Stats lh Thu Mar 12 22:07:58 CET 2026
#@# Curvature Stats rh Thu Mar 12 22:08:00 CET 2026
#@# Relabel Hypointensities Thu Mar 12 22:08:03 CET 2026
#@# APas-to-ASeg Thu Mar 12 22:08:18 CET 2026
#@# AParc-to-ASeg aparc Thu Mar 12 22:08:25 CET 2026
#@# AParc-to-ASeg aparc.a2009s Thu Mar 12 22:09:03 CET 2026
#@# AParc-to-ASeg aparc.DKTatlas Thu Mar 12 22:09:37 CET 2026
#@# WMParc Thu Mar 12 22:10:16 CET 2026
#@# ASeg Stats Thu Mar 12 22:12:06 CET 2026
recon-all -s sub-v2s1x29905_ses-1 finished without error at Thu Mar 12 22:12:23 CET 2026
