status file for recon-all
Thu Mar 12 21:08:19 CET 2026
#@# Tessellate lh Thu Mar 12 21:08:19 CET 2026
#@# Smooth1 lh Thu Mar 12 21:08:22 CET 2026
#@# Inflation1 lh Thu Mar 12 21:08:24 CET 2026
#@# QSphere lh Thu Mar 12 21:09:14 CET 2026
#@# Fix Topology lh Thu Mar 12 21:10:10 CET 2026
#@# Smooth2 lh Thu Mar 12 21:15:51 CET 2026
#@# Inflation2 lh Thu Mar 12 21:15:54 CET 2026
#@# Curv .H and .K lh Thu Mar 12 21:16:12 CET 2026
#@# Sphere lh Thu Mar 12 21:17:02 CET 2026
#@# Surf Reg lh Thu Mar 12 21:18:54 CET 2026
#@# Jacobian white lh Thu Mar 12 21:22:34 CET 2026
#@# AvgCurv lh Thu Mar 12 21:22:35 CET 2026
#@# Cortical Parc lh Thu Mar 12 21:22:35 CET 2026
#@# white curv lh Thu Mar 12 21:29:04 CET 2026
#@# white area lh Thu Mar 12 21:29:06 CET 2026
#@# pial curv lh Thu Mar 12 21:29:07 CET 2026
#@# pial area lh Thu Mar 12 21:29:08 CET 2026
#@# thickness lh Thu Mar 12 21:29:09 CET 2026
#@# area and vertex vol lh Thu Mar 12 21:29:37 CET 2026
#@# Curvature Stats lh Thu Mar 12 21:29:39 CET 2026
#@# Cortical Parc 2 lh Thu Mar 12 21:29:41 CET 2026
#@# Cortical Parc 3 lh Thu Mar 12 21:29:53 CET 2026
#@# WM/GM Contrast lh Thu Mar 12 21:30:02 CET 2026
recon-all -s sub-v2s1x29905_ses-1 finished without error at Thu Mar 12 21:30:05 CET 2026



#New# invocation of recon-all 



status file for recon-all
Thu Mar 12 22:01:24 CET 2026
#@# white curv lh Thu Mar 12 22:01:24 CET 2026
#@# white area lh Thu Mar 12 22:01:24 CET 2026
#@# pial curv lh Thu Mar 12 22:01:24 CET 2026
#@# pial area lh Thu Mar 12 22:01:24 CET 2026
#@# thickness lh Thu Mar 12 22:01:24 CET 2026
#@# area and vertex vol lh Thu Mar 12 22:01:24 CET 2026
#@# Parcellation Stats lh Thu Mar 12 22:01:24 CET 2026
#@# Parcellation Stats 2 lh Thu Mar 12 22:01:50 CET 2026
#@# Parcellation Stats 3 lh Thu Mar 12 22:02:02 CET 2026
#@# BA_exvivo Labels lh Thu Mar 12 22:02:15 CET 2026
recon-all -s sub-v2s1x29905_ses-1 finished without error at Thu Mar 12 22:04:42 CET 2026
