/out/sourcedata/freesurfer/sub-v2s1x29891_ses-1/mri
/opt/freesurfer/bin/talairach_avi
--i orig_nu.mgz --xfm transforms/talairach.auto.xfm
talairach_avi 7.3.2
Linux dna063 5.14.0-427.37.1.el9_4.x86_64 #1 SMP PREEMPT_DYNAMIC Fri Sep 13 12:41:50 EDT 2024 x86_64 x86_64 x86_64 GNU/Linux
Thu Mar 12 19:34:11 CET 2026
mri_convert orig_nu.mgz talsrcimg.img 
reading from orig_nu.mgz...
TR=0.00, TE=0.00, TI=0.00, flip angle=0.00
i_ras = (-1, 0, 0)
j_ras = (0, 0, -1)
k_ras = (0, 1, 0)
writing to talsrcimg.img...
Analyze Output Matrix
-0.90000   0.00000   0.00000   114.52421;
 0.00000   0.00000   0.90000  -86.02763;
 0.00000  -0.90000   0.00000   137.98438;
 0.00000   0.00000   0.00000   1.00000;
--------------------
INFO: set hdr.hist.orient to -1
mpr2mni305 talsrcimg
Thu Mar 12 19:34:11 CET 2026
/opt/freesurfer/bin/mpr2mni305 talsrcimg
mpr2mni305 7.3.2
target=711-2C_as_mni_average_305

---------------------------------------------------------------------
analyzeto4dfp talsrcimg -O0 -y
---------------------------------------------------------------------

freesurfer ifh2hdr.c
Thu Mar 12 19:34:11 2026
Writing: talsrcimg.4dfp.hdr
freesurfer analyzeto4dfp.c
Reading: talsrcimg.hdr
header size 348 bytes
hdr.dime.datatype	offset=70	value=2
hdr.dime.bitpix		offset=72	value=8
hdr.hist.orient		offset=252	value=-1
dimensionality     4
dimensions       256       256       256         1
Reading: talsrcimg.img
Writing: talsrcimg.4dfp.img
Writing: talsrcimg.4dfp.ifh
ifh2hdr talsrcimg -r0to235
ori=2

---------------------------------------------------------------------
gauss_4dfp talsrcimg 1.1
---------------------------------------------------------------------

freesurfer gauss_4dfp.c
Reading: talsrcimg.4dfp.img
Writing: talsrcimg_g11.4dfp.img
image dimensions 256 256 256 padded to 288 288 288
processing volume 1freesurfer ifh2hdr.c
Thu Mar 12 19:34:13 2026
Writing: talsrcimg_g11.4dfp.hdr

Writing: talsrcimg_g11.4dfp.ifh
including: talsrcimg.4dfp.img.rec in talsrcimg_g11.4dfp.img.rec

---------------------------------------------------------------------
imgreg_4dfp /opt/freesurfer/average/711-2C_as_mni_average_305 none talsrcimg_g11 none talsrcimg_to_711-2C_as_mni_average_305_t4 4355
---------------------------------------------------------------------

freesurfer imgreg_4dfp.c
/opt/freesurfer/average/711-2C_as_mni_average_305.4dfp.img
       256       256       256         1
  1.000000  1.000000  1.000000
orientation T byte_order littleendian
Reading image: /opt/freesurfer/average/711-2C_as_mni_average_305.4dfp.img
dimensions:      256       256       256
mmppix:       1.0000   -1.0000   -1.0000
center:     128.0000 -129.0000 -129.0000
talsrcimg_g11.4dfp.img
       256       256       256         1
  0.900000  0.900000  0.900000
orientation T byte_order littleendian
Reading image: talsrcimg_g11.4dfp.img
dimensions:      256       256       256
mmppix:       0.9000   -0.9000   -0.9000
center:     115.2000 -116.1000 -116.1000
t4_read: open error in t4_sub.f l:  41 t4_file(1:l)talsrcimg_to_711-2C_as_mni_average_305_t4 
t4_read: transform initialized to I4
rotation matrix determinant  1.000000
image alignment mode   4355 decimal     1103 hex
   -7.5000  -45.0000  -45.0000 5315.3296   19.8304
    0.0000  -45.0000  -45.0000 5340.1724   19.8484
    7.5000  -45.0000  -45.0000 5079.4814   19.8962
   -7.5000  -37.5000  -45.0000 5735.9238   21.0394
    0.0000  -37.5000  -45.0000 5786.1606   21.0684
    7.5000  -37.5000  -45.0000 5505.6499   21.1097
   -7.5000  -30.0000  -45.0000 6221.9126   21.7311
    0.0000  -30.0000  -45.0000 6266.0483   21.7610
    7.5000  -30.0000  -45.0000 5970.2432   21.7925
   -7.5000  -22.5000  -45.0000 6743.4409   21.7722
    0.0000  -22.5000  -45.0000 6777.1582   21.7920
    7.5000  -22.5000  -45.0000 6456.8809   21.8210
   -7.5000  -15.0000  -45.0000 7209.2319   21.7795
    0.0000  -15.0000  -45.0000 7210.9897   21.7891
    7.5000  -15.0000  -45.0000 6886.1152   21.8297
   -7.5000   -7.5000  -45.0000 7323.8984   21.7516
    0.0000   -7.5000  -45.0000 7358.6235   21.7611
    7.5000   -7.5000  -45.0000 7012.6265   21.8131
   -7.5000    0.0000  -45.0000 7423.2876   21.7129
    0.0000    0.0000  -45.0000 7449.1499   21.7326
    7.5000    0.0000  -45.0000 7090.0278   21.7850
   -7.5000    7.5000  -45.0000 7223.1226   21.7027
    0.0000    7.5000  -45.0000 7241.3271   21.7326
    7.5000    7.5000  -45.0000 6875.0625   21.7752
   -7.5000   15.0000  -45.0000 7295.3179   21.7311
    0.0000   15.0000  -45.0000 7291.7178   21.7610
    7.5000   15.0000  -45.0000 6937.9526   21.7925
   -7.5000   22.5000  -45.0000 6921.4155   21.4793
    0.0000   22.5000  -45.0000 6907.5698   21.4988
    7.5000   22.5000  -45.0000 6579.1641   21.5275
   -7.5000   30.0000  -45.0000 6417.8203   20.9135
    0.0000   30.0000  -45.0000 6411.3936   20.9226
    7.5000   30.0000  -45.0000 6101.3525   20.9617
   -7.5000   37.5000  -45.0000 5850.6870   20.2144
    0.0000   37.5000  -45.0000 5848.2773   20.2233
    7.5000   37.5000  -45.0000 5566.9668   20.2716
   -7.5000   45.0000  -45.0000 5320.0161   19.5157
    0.0000   45.0000  -45.0000 5327.9888   19.5371
    7.5000   45.0000  -45.0000 5049.7144   19.5825
   -7.5000  -45.0000  -37.5000 5754.7456   20.5567
    0.0000  -45.0000  -37.5000 5801.7539   20.5599
    7.5000  -45.0000  -37.5000 5541.2783   20.6036
   -7.5000  -37.5000  -37.5000 6210.0688   21.8266
    0.0000  -37.5000  -37.5000 6275.5820   21.8463
    7.5000  -37.5000  -37.5000 5994.4946   21.8820
   -7.5000  -30.0000  -37.5000 6727.7529   22.4930
    0.0000  -30.0000  -37.5000 6787.5415   22.5248
    7.5000  -30.0000  -37.5000 6486.0649   22.5530
   -7.5000  -22.5000  -37.5000 7295.5542   22.5154
    0.0000  -22.5000  -37.5000 7344.2949   22.5429
    7.5000  -22.5000  -37.5000 7013.7090   22.5731
   -7.5000  -15.0000  -37.5000 7801.4243   22.5178
    0.0000  -15.0000  -37.5000 7847.5615   22.5263
    7.5000  -15.0000  -37.5000 7470.8394   22.5691
   -7.5000   -7.5000  -37.5000 7933.9897   22.5011
    0.0000   -7.5000  -37.5000 8002.4429   22.4984
    7.5000   -7.5000  -37.5000 7592.0171   22.5495
   -7.5000    0.0000  -37.5000 8028.5806   22.4801
    0.0000    0.0000  -37.5000 8081.6758   22.4837
    7.5000    0.0000  -37.5000 7670.5732   22.5317
   -7.5000    7.5000  -37.5000 7797.7637   22.4751
    0.0000    7.5000  -37.5000 7835.7480   22.4954
    7.5000    7.5000  -37.5000 7435.4673   22.5321
   -7.5000   15.0000  -37.5000 7839.3677   22.4919
    0.0000   15.0000  -37.5000 7879.2700   22.5237
    7.5000   15.0000  -37.5000 7494.1895   22.5519
   -7.5000   22.5000  -37.5000 7410.7144   22.2144
    0.0000   22.5000  -37.5000 7439.8506   22.2415
    7.5000   22.5000  -37.5000 7065.2812   22.2713
   -7.5000   30.0000  -37.5000 6850.6548   21.6378
    0.0000   30.0000  -37.5000 6880.5015   21.6460
    7.5000   30.0000  -37.5000 6525.2358   21.6871
   -7.5000   37.5000  -37.5000 6222.9136   20.9280
    0.0000   37.5000  -37.5000 6256.8662   20.9256
    7.5000   37.5000  -37.5000 5942.9072   20.9730
   -7.5000   45.0000  -37.5000 5649.4399   20.2008
    0.0000   45.0000  -37.5000 5678.2637   20.2076
    7.5000   45.0000  -37.5000 5385.1147   20.2487
   -7.5000  -45.0000  -30.0000 6174.4546   21.2540
    0.0000  -45.0000  -30.0000 6229.2349   21.2324
    7.5000  -45.0000  -30.0000 5945.5161   21.2552
   -7.5000  -37.5000  -30.0000 6674.7544   22.5916
    0.0000  -37.5000  -30.0000 6745.5879   22.5918
    7.5000  -37.5000  -30.0000 6436.3774   22.6095
   -7.5000  -30.0000  -30.0000 7218.2856   23.2417
    0.0000  -30.0000  -30.0000 7308.1543   23.2686
    7.5000  -30.0000  -30.0000 6963.2148   23.2911
   -7.5000  -22.5000  -30.0000 7817.4844   23.2434
    0.0000  -22.5000  -30.0000 7895.5884   23.2755
    7.5000  -22.5000  -30.0000 7538.4507   23.3095
   -7.5000  -15.0000  -30.0000 8383.4141   23.2320
    0.0000  -15.0000  -30.0000 8473.3760   23.2369
    7.5000  -15.0000  -30.0000 8049.6807   23.2770
   -7.5000   -7.5000  -30.0000 8547.0312   23.2199
    0.0000   -7.5000  -30.0000 8642.8086   23.1984
    7.5000   -7.5000  -30.0000 8183.2124   23.2342
   -7.5000    0.0000  -30.0000 8630.7705   23.2190
    0.0000    0.0000  -30.0000 8705.6055   23.1955
    7.5000    0.0000  -30.0000 8228.8213   23.2205
   -7.5000    7.5000  -30.0000 8344.8379   23.2276
    0.0000    7.5000  -30.0000 8415.3730   23.2278
    7.5000    7.5000  -30.0000 7943.3618   23.2460
   -7.5000   15.0000  -30.0000 8347.1367   23.2385
    0.0000   15.0000  -30.0000 8432.5498   23.2654
    7.5000   15.0000  -30.0000 7960.1934   23.2879
   -7.5000   22.5000  -30.0000 7903.3228   22.9337
    0.0000   22.5000  -30.0000 7957.3423   22.9653
    7.5000   22.5000  -30.0000 7512.2134   22.9988
   -7.5000   30.0000  -30.0000 7286.3301   22.3404
    0.0000   30.0000  -30.0000 7321.7695   22.3450
    7.5000   30.0000  -30.0000 6924.9058   22.3836
   -7.5000   37.5000  -30.0000 6582.9155   21.6290
    0.0000   37.5000  -30.0000 6619.9341   21.6090
    7.5000   37.5000  -30.0000 6276.2256   21.6424
   -7.5000   45.0000  -30.0000 5960.4878   20.8941
    0.0000   45.0000  -30.0000 5978.3423   20.8760
    7.5000   45.0000  -30.0000 5664.9277   20.8959
   -7.5000  -45.0000  -22.5000 6713.2441   22.1651
    0.0000  -45.0000  -22.5000 6774.3096   22.1313
    7.5000  -45.0000  -22.5000 6440.0273   22.1350
   -7.5000  -37.5000  -22.5000 7240.4966   23.5839
    0.0000  -37.5000  -22.5000 7321.3926   23.5741
    7.5000  -37.5000  -22.5000 6965.9634   23.5799
   -7.5000  -30.0000  -22.5000 7828.9790   24.2400
    0.0000  -30.0000  -22.5000 7935.3369   24.2613
    7.5000  -30.0000  -22.5000 7532.9604   24.2832
   -7.5000  -22.5000  -22.5000 8481.3506   24.2383
    0.0000  -22.5000  -22.5000 8563.0264   24.2662
    7.5000  -22.5000  -22.5000 8153.5503   24.3036
   -7.5000  -15.0000  -22.5000 9108.0156   24.2171
    0.0000  -15.0000  -22.5000 9232.3252   24.2146
    7.5000  -15.0000  -22.5000 8713.1670   24.2482
   -7.5000   -7.5000  -22.5000 9299.8896   24.1977
    0.0000   -7.5000  -22.5000 9408.8760   24.1647
    7.5000   -7.5000  -22.5000 8840.0410   24.1827
   -7.5000    0.0000  -22.5000 9357.7812   24.2005
    0.0000    0.0000  -22.5000 9466.1748   24.1635
    7.5000    0.0000  -22.5000 8908.2549   24.1677
   -7.5000    7.5000  -22.5000 9013.7295   24.2176
    0.0000    7.5000  -22.5000 9136.1123   24.2076
    7.5000    7.5000  -22.5000 8592.2119   24.2136
   -7.5000   15.0000  -22.5000 9007.2168   24.2341
    0.0000   15.0000  -22.5000 9131.7129   24.2554
    7.5000   15.0000  -22.5000 8583.6816   24.2773
   -7.5000   22.5000  -22.5000 8521.8789   23.9176
    0.0000   22.5000  -22.5000 8618.4346   23.9451
    7.5000   22.5000  -22.5000 8095.8374   23.9821
   -7.5000   30.0000  -22.5000 7840.0664   23.3048
    0.0000   30.0000  -22.5000 7921.2334   23.3024
    7.5000   30.0000  -22.5000 7442.9727   23.3346
   -7.5000   37.5000  -22.5000 7069.8682   22.5742
    0.0000   37.5000  -22.5000 7135.6841   22.5434
    7.5000   37.5000  -22.5000 6727.5806   22.5602
   -7.5000   45.0000  -22.5000 6366.2539   21.8300
    0.0000   45.0000  -22.5000 6399.7471   21.7992
    7.5000   45.0000  -22.5000 6049.8076   21.8001
   -7.5000  -45.0000  -15.0000 7264.0117   22.9752
    0.0000  -45.0000  -15.0000 7349.1323   22.9576
    7.5000  -45.0000  -15.0000 6971.4653   22.9648
   -7.5000  -37.5000  -15.0000 7830.7114   24.4378
    0.0000  -37.5000  -15.0000 7918.0337   24.4396
    7.5000  -37.5000  -15.0000 7524.6704   24.4528
   -7.5000  -30.0000  -15.0000 8473.1826   25.1093
    0.0000  -30.0000  -15.0000 8583.8594   25.1291
    7.5000  -30.0000  -15.0000 8137.2207   25.1560
   -7.5000  -22.5000  -15.0000 9191.5303   25.1293
    0.0000  -22.5000  -15.0000 9270.9609   25.1470
    7.5000  -22.5000  -15.0000 8792.3281   25.1820
   -7.5000  -15.0000  -15.0000 9846.7002   25.1124
    0.0000  -15.0000  -15.0000 9991.4014   25.1072
    7.5000  -15.0000  -15.0000 9379.9844   25.1353
   -7.5000   -7.5000  -15.000010001.4600   25.0783
    0.0000   -7.5000  -15.000010126.0205   25.0557
    7.5000   -7.5000  -15.0000 9509.5820   25.0716
   -7.5000    0.0000  -15.000010046.6934   25.0605
    0.0000    0.0000  -15.000010217.8740   25.0411
    7.5000    0.0000  -15.0000 9615.6191   25.0491
   -7.5000    7.5000  -15.0000 9694.6426   25.0701
    0.0000    7.5000  -15.0000 9873.5137   25.0720
    7.5000    7.5000  -15.0000 9287.5479   25.0855
   -7.5000   15.0000  -15.0000 9703.1885   25.1016
    0.0000   15.0000  -15.0000 9852.9131   25.1214
    7.5000   15.0000  -15.0000 9241.9961   25.1482
   -7.5000   22.5000  -15.0000 9147.0078   24.8006
    0.0000   22.5000  -15.0000 9290.3252   24.8180
    7.5000   22.5000  -15.0000 8686.1973   24.8526
   -7.5000   30.0000  -15.0000 8404.1523   24.1844
    0.0000   30.0000  -15.0000 8527.4189   24.1794
    7.5000   30.0000  -15.0000 7983.6060   24.2065
   -7.5000   37.5000  -15.0000 7577.2627   23.4315
    0.0000   37.5000  -15.0000 7689.5488   23.4104
    7.5000   37.5000  -15.0000 7218.0767   23.4253
   -7.5000   45.0000  -15.0000 6761.4468   22.6640
    0.0000   45.0000  -15.0000 6841.3472   22.6494
    7.5000   45.0000  -15.0000 6444.7466   22.6540
   -7.5000  -45.0000   -7.5000 7577.3223   22.9473
    0.0000  -45.0000   -7.5000 7668.5610   22.9553
    7.5000  -45.0000   -7.5000 7296.5112   22.9860
   -7.5000  -37.5000   -7.5000 8182.1084   24.3911
    0.0000  -37.5000   -7.5000 8284.2773   24.4125
    7.5000  -37.5000   -7.5000 7879.6582   24.4450
   -7.5000  -30.0000   -7.5000 8854.8828   25.0686
    0.0000  -30.0000   -7.5000 8973.4512   25.0927
    7.5000  -30.0000   -7.5000 8516.9307   25.1254
   -7.5000  -22.5000   -7.5000 9617.0742   25.1121
    0.0000  -22.5000   -7.5000 9717.5811   25.1252
    7.5000  -22.5000   -7.5000 9224.7314   25.1561
   -7.5000  -15.0000   -7.500010300.6777   25.1099
    0.0000  -15.0000   -7.500010473.8457   25.1100
    7.5000  -15.0000   -7.5000 9853.2959   25.1414
   -7.5000   -7.5000   -7.500010383.9404   25.0704
    0.0000   -7.5000   -7.500010536.6621   25.0685
    7.5000   -7.5000   -7.5000 9950.9395   25.1017
   -7.5000    0.0000   -7.500010374.9424   25.0300
    0.0000    0.0000   -7.500010587.5430   25.0386
    7.5000    0.0000   -7.500010005.3428   25.0722
   -7.5000    7.5000   -7.500010066.7471   25.0222
    0.0000    7.5000   -7.500010239.2568   25.0441
    7.5000    7.5000   -7.5000 9653.7832   25.0775
   -7.5000   15.0000   -7.500010090.6719   25.0609
    0.0000   15.0000   -7.500010224.8750   25.0850
    7.5000   15.0000   -7.5000 9592.2588   25.1176
   -7.5000   22.5000   -7.5000 9492.4053   24.7837
    0.0000   22.5000   -7.5000 9634.9307   24.7966
    7.5000   22.5000   -7.5000 9008.9580   24.8270
   -7.5000   30.0000   -7.5000 8717.1807   24.1821
    0.0000   30.0000   -7.5000 8865.1055   24.1822
    7.5000   30.0000   -7.5000 8283.0986   24.2124
   -7.5000   37.5000   -7.5000 7857.3828   23.4242
    0.0000   37.5000   -7.5000 7996.7935   23.4224
    7.5000   37.5000   -7.5000 7512.6284   23.4535
   -7.5000   45.0000   -7.5000 6979.4824   22.6392
    0.0000   45.0000   -7.5000 7082.3535   22.6506
    7.5000   45.0000   -7.5000 6681.8105   22.6788
   -7.5000  -45.0000    0.0000 7693.6309   23.4638
    0.0000  -45.0000    0.0000 7793.6104   23.4838
    7.5000  -45.0000    0.0000 7434.3452   23.5375
   -7.5000  -37.5000    0.0000 8353.2520   24.9196
    0.0000  -37.5000    0.0000 8442.6406   24.9526
    7.5000  -37.5000    0.0000 8051.7759   25.0007
   -7.5000  -30.0000    0.0000 9139.3389   25.5895
    0.0000  -30.0000    0.0000 9203.7861   25.6222
    7.5000  -30.0000    0.0000 8797.3018   25.6587
   -7.5000  -22.5000    0.0000 9968.5430   25.6367
    0.0000  -22.5000    0.000010079.3848   25.6560
    7.5000  -22.5000    0.0000 9583.3477   25.6875
   -7.5000  -15.0000    0.000010606.5400   25.6452
    0.0000  -15.0000    0.000010775.7939   25.6524
    7.5000  -15.0000    0.000010208.6406   25.6952
   -7.5000   -7.5000    0.000010576.3242   25.6129
    0.0000   -7.5000    0.000010737.8359   25.6214
    7.5000   -7.5000    0.000010230.1562   25.6775
   -7.5000    0.0000    0.000010568.3818   25.5682
    0.0000    0.0000    0.000010763.0049   25.5899
    7.5000    0.0000    0.000010247.5557   25.6487
   -7.5000    7.5000    0.000010240.4463   25.5475
    0.0000    7.5000    0.000010406.2520   25.5813
    7.5000    7.5000    0.0000 9887.7939   25.6306
   -7.5000   15.0000    0.000010231.9072   25.5804
    0.0000   15.0000    0.000010367.3369   25.6132
    7.5000   15.0000    0.0000 9799.2559   25.6496
   -7.5000   22.5000    0.0000 9643.3408   25.3049
    0.0000   22.5000    0.0000 9778.4287   25.3240
    7.5000   22.5000    0.0000 9192.9414   25.3550
   -7.5000   30.0000    0.0000 8879.1924   24.7125
    0.0000   30.0000    0.0000 9029.1270   24.7194
    7.5000   30.0000    0.0000 8459.1123   24.7607
   -7.5000   37.5000    0.0000 8027.2124   23.9597
    0.0000   37.5000    0.0000 8175.2197   23.9678
    7.5000   37.5000    0.0000 7661.2451   24.0201
   -7.5000   45.0000    0.0000 7109.8350   23.1700
    0.0000   45.0000    0.0000 7234.3608   23.1940
    7.5000   45.0000    0.0000 6801.0615   23.2452
   -7.5000  -45.0000    7.5000 7506.8667   23.4428
    0.0000  -45.0000    7.5000 7591.5347   23.4456
    7.5000  -45.0000    7.5000 7231.1611   23.4942
   -7.5000  -37.5000    7.5000 8172.8252   24.9050
    0.0000  -37.5000    7.5000 8275.2148   24.9259
    7.5000  -37.5000    7.5000 7839.7100   24.9653
   -7.5000  -30.0000    7.5000 9080.7461   25.5603
    0.0000  -30.0000    7.5000 9220.5254   25.5946
    7.5000  -30.0000    7.5000 8652.3730   25.6256
   -7.5000  -22.5000    7.500010018.4629   25.5844
    0.0000  -22.5000    7.500010235.8232   25.6141
    7.5000  -22.5000    7.5000 9553.7637   25.6477
   -7.5000  -15.0000    7.500010466.3984   25.5864
    0.0000  -15.0000    7.500010559.0830   25.5955
    7.5000  -15.0000    7.500010120.4365   25.6431
   -7.5000   -7.5000    7.500010355.1953   25.5681
    0.0000   -7.5000    7.500010377.7109   25.5648
    7.5000   -7.5000    7.500010102.1094   25.6215
   -7.5000    0.0000    7.500010420.9863   25.5454
    0.0000    0.0000    7.500010486.0439   25.5486
    7.5000    0.0000    7.500010155.8281   25.6017
   -7.5000    7.5000    7.500010142.7148   25.5325
    0.0000    7.5000    7.500010227.9150   25.5540
    7.5000    7.5000    7.5000 9821.9131   25.5944
   -7.5000   15.0000    7.500010117.1592   25.5512
    0.0000   15.0000    7.500010227.3223   25.5855
    7.5000   15.0000    7.5000 9726.2988   25.6165
   -7.5000   22.5000    7.5000 9515.4258   25.2533
    0.0000   22.5000    7.5000 9654.8379   25.2826
    7.5000   22.5000    7.5000 9083.2803   25.3157
   -7.5000   30.0000    7.5000 8756.9912   24.6559
    0.0000   30.0000    7.5000 8924.6133   24.6646
    7.5000   30.0000    7.5000 8327.1309   24.7105
   -7.5000   37.5000    7.5000 7946.7231   23.9177
    0.0000   37.5000    7.5000 8097.7544   23.9147
    7.5000   37.5000    7.5000 7546.0527   23.9678
   -7.5000   45.0000    7.5000 7058.6621   23.1462
    0.0000   45.0000    7.5000 7161.7354   23.1532
    7.5000   45.0000    7.5000 6720.3179   23.1990
   -7.5000  -45.0000   15.0000 7561.4565   23.4926
    0.0000  -45.0000   15.0000 7612.5723   23.4686
    7.5000  -45.0000   15.0000 7207.9121   23.4938
   -7.5000  -37.5000   15.0000 8249.0439   24.9738
    0.0000  -37.5000   15.0000 8293.5283   24.9736
    7.5000  -37.5000   15.0000 7829.9722   24.9932
   -7.5000  -30.0000   15.0000 9133.3252   25.6237
    0.0000  -30.0000   15.0000 9191.6016   25.6528
    7.5000  -30.0000   15.0000 8608.7744   25.6773
   -7.5000  -22.5000   15.000010090.5361   25.6254
    0.0000  -22.5000   15.000010071.9541   25.6603
    7.5000  -22.5000   15.0000 9488.5430   25.6973
   -7.5000  -15.0000   15.000010593.2305   25.6133
    0.0000  -15.0000   15.000010424.1719   25.6184
    7.5000  -15.0000   15.000010170.0215   25.6623
   -7.5000   -7.5000   15.000010522.1221   25.6005
    0.0000   -7.5000   15.000010285.3877   25.5767
    7.5000   -7.5000   15.000010200.2734   25.6161
   -7.5000    0.0000   15.000010647.2393   25.5997
    0.0000    0.0000   15.000010526.6592   25.5735
    7.5000    0.0000   15.000010284.9785   25.6011
   -7.5000    7.5000   15.000010347.7695   25.6031
    0.0000    7.5000   15.000010348.0625   25.6029
    7.5000    7.5000   15.0000 9940.7773   25.6229
   -7.5000   15.0000   15.000010294.0693   25.6146
    0.0000   15.0000   15.000010366.6455   25.6437
    7.5000   15.0000   15.0000 9833.0645   25.6682
   -7.5000   22.5000   15.0000 9605.5732   25.2938
    0.0000   22.5000   15.0000 9755.2666   25.3282
    7.5000   22.5000   15.0000 9161.2939   25.3648
   -7.5000   30.0000   15.0000 8830.7207   24.6818
    0.0000   30.0000   15.0000 9013.9639   24.6867
    7.5000   30.0000   15.0000 8416.1768   24.7290
   -7.5000   37.5000   15.0000 8010.7168   23.9480
    0.0000   37.5000   15.0000 8173.2603   23.9257
    7.5000   37.5000   15.0000 7619.7422   23.9626
   -7.5000   45.0000   15.0000 7103.1089   23.1928
    0.0000   45.0000   15.0000 7240.5996   23.1725
    7.5000   45.0000   15.0000 6748.8101   23.1947
   -7.5000  -45.0000   22.5000 7219.8345   23.7607
    0.0000  -45.0000   22.5000 7258.2354   23.7248
    7.5000  -45.0000   22.5000 6873.1558   23.7288
   -7.5000  -37.5000   22.5000 7855.8467   25.2696
    0.0000  -37.5000   22.5000 7903.5151   25.2604
    7.5000  -37.5000   22.5000 7443.8931   25.2669
   -7.5000  -30.0000   22.5000 8623.6064   25.9325
    0.0000  -30.0000   22.5000 8689.4346   25.9569
    7.5000  -30.0000   22.5000 8139.9844   25.9809
   -7.5000  -22.5000   22.5000 9413.2188   25.9304
    0.0000  -22.5000   22.5000 9439.0283   25.9615
    7.5000  -22.5000   22.5000 8880.2852   26.0020
   -7.5000  -15.0000   22.500010017.2998   25.9081
    0.0000  -15.0000   22.500010000.3633   25.9059
    7.5000  -15.0000   22.5000 9527.3193   25.9420
   -7.5000   -7.5000   22.500010104.1123   25.8881
    0.0000   -7.5000   22.500010127.7510   25.8527
    7.5000   -7.5000   22.5000 9659.6289   25.8719
   -7.5000    0.0000   22.500010191.1680   25.8915
    0.0000    0.0000   22.500010291.6797   25.8522
    7.5000    0.0000   22.5000 9746.2334   25.8567
   -7.5000    7.5000   22.5000 9824.1816   25.9064
    0.0000    7.5000   22.5000 9950.4688   25.8969
    7.5000    7.5000   22.5000 9402.7129   25.9036
   -7.5000   15.0000   22.5000 9699.5811   25.9233
    0.0000   15.0000   22.5000 9830.2148   25.9477
    7.5000   15.0000   22.5000 9295.9824   25.9717
   -7.5000   22.5000   22.5000 9012.1992   25.5948
    0.0000   22.5000   22.5000 9149.1709   25.6255
    7.5000   22.5000   22.5000 8648.3262   25.6655
   -7.5000   30.0000   22.5000 8287.1514   24.9659
    0.0000   30.0000   22.5000 8410.0840   24.9637
    7.5000   30.0000   22.5000 7951.7324   24.9985
   -7.5000   37.5000   22.5000 7565.1904   24.2170
    0.0000   37.5000   22.5000 7634.7803   24.1840
    7.5000   37.5000   22.5000 7226.0889   24.2019
   -7.5000   45.0000   22.5000 6758.1812   23.4581
    0.0000   45.0000   22.5000 6829.0303   23.4254
    7.5000   45.0000   22.5000 6427.6885   23.4263
   -7.5000  -45.0000   30.0000 6805.8784   24.3238
    0.0000  -45.0000   30.0000 6879.9092   24.3070
    7.5000  -45.0000   30.0000 6487.7207   24.3147
   -7.5000  -37.5000   30.0000 7387.2007   25.8759
    0.0000  -37.5000   30.0000 7476.2729   25.8804
    7.5000  -37.5000   30.0000 7023.7876   25.8947
   -7.5000  -30.0000   30.0000 8093.7559   26.5752
    0.0000  -30.0000   30.0000 8125.2354   26.5985
    7.5000  -30.0000   30.0000 7669.6953   26.6272
   -7.5000  -22.5000   30.0000 8775.5537   26.5931
    0.0000  -22.5000   30.0000 8730.9766   26.6129
    7.5000  -22.5000   30.0000 8315.1211   26.6504
   -7.5000  -15.0000   30.0000 9368.3389   26.5717
    0.0000  -15.0000   30.0000 9306.2158   26.5666
    7.5000  -15.0000   30.0000 8898.3721   26.5964
   -7.5000   -7.5000   30.0000 9547.0176   26.5357
    0.0000   -7.5000   30.0000 9472.0957   26.5125
    7.5000   -7.5000   30.0000 9066.4922   26.5291
   -7.5000    0.0000   30.0000 9648.8809   26.5203
    0.0000    0.0000   30.0000 9619.8037   26.5016
    7.5000    0.0000   30.0000 9167.8115   26.5102
   -7.5000    7.5000   30.0000 9303.9844   26.5324
    0.0000    7.5000   30.0000 9288.1201   26.5371
    7.5000    7.5000   30.0000 8846.9736   26.5517
   -7.5000   15.0000   30.0000 9194.8457   26.5658
    0.0000   15.0000   30.0000 9207.6543   26.5890
    7.5000   15.0000   30.0000 8746.4062   26.6177
   -7.5000   22.5000   30.0000 8519.8760   26.2466
    0.0000   22.5000   30.0000 8572.4883   26.2662
    7.5000   22.5000   30.0000 8118.9502   26.3032
   -7.5000   30.0000   30.0000 7809.4834   25.6170
    0.0000   30.0000   30.0000 7873.8506   25.6121
    7.5000   30.0000   30.0000 7441.5894   25.6408
   -7.5000   37.5000   30.0000 7116.7280   24.8463
    0.0000   37.5000   30.0000 7154.7471   24.8245
    7.5000   37.5000   30.0000 6778.6118   24.8400
   -7.5000   45.0000   30.0000 6396.8584   24.0671
    0.0000   45.0000   30.0000 6413.5107   24.0534
    7.5000   45.0000   30.0000 6070.5488   24.0582
   -7.5000  -45.0000   37.5000 6409.3965   24.5902
    0.0000  -45.0000   37.5000 6485.9077   24.6068
    7.5000  -45.0000   37.5000 6141.3242   24.6429
   -7.5000  -37.5000   37.5000 6942.4541   26.1450
    0.0000  -37.5000   37.5000 7005.8848   26.1760
    7.5000  -37.5000   37.5000 6619.5083   26.2144
   -7.5000  -30.0000   37.5000 7557.4565   26.8438
    0.0000  -30.0000   37.5000 7569.9019   26.8768
    7.5000  -30.0000   37.5000 7173.6938   26.9148
   -7.5000  -22.5000   37.5000 8146.5879   26.8891
    0.0000  -22.5000   37.5000 8109.4160   26.9094
    7.5000  -22.5000   37.5000 7736.1016   26.9448
   -7.5000  -15.0000   37.5000 8700.2559   26.8849
    0.0000  -15.0000   37.5000 8668.0176   26.8917
    7.5000  -15.0000   37.5000 8275.2188   26.9274
   -7.5000   -7.5000   37.5000 8878.0029   26.8418
    0.0000   -7.5000   37.5000 8856.4619   26.8474
    7.5000   -7.5000   37.5000 8449.2666   26.8857
   -7.5000    0.0000   37.5000 8986.4736   26.7993
    0.0000    0.0000   37.5000 8957.0684   26.8172
    7.5000    0.0000   37.5000 8534.4004   26.8568
   -7.5000    7.5000   37.5000 8703.3594   26.7918
    0.0000    7.5000   37.5000 8669.4863   26.8236
    7.5000    7.5000   37.5000 8258.2607   26.8630
   -7.5000   15.0000   37.5000 8614.7598   26.8340
    0.0000   15.0000   37.5000 8594.8467   26.8670
    7.5000   15.0000   37.5000 8182.9395   26.9050
   -7.5000   22.5000   37.5000 8001.2554   26.5341
    0.0000   22.5000   37.5000 7983.9717   26.5542
    7.5000   22.5000   37.5000 7601.8228   26.5891
   -7.5000   30.0000   37.5000 7334.8906   25.9189
    0.0000   30.0000   37.5000 7321.3213   25.9254
    7.5000   30.0000   37.5000 6979.4536   25.9598
   -7.5000   37.5000   37.5000 6639.0317   25.1333
    0.0000   37.5000   37.5000 6650.6641   25.1385
    7.5000   37.5000   37.5000 6320.1099   25.1744
   -7.5000   45.0000   37.5000 5963.9238   24.3238
    0.0000   45.0000   37.5000 5979.3984   24.3443
    7.5000   45.0000   37.5000 5664.7529   24.3776
   -7.5000  -45.0000   45.0000 6040.2046   24.8309
    0.0000  -45.0000   45.0000 6097.3496   24.8485
    7.5000  -45.0000   45.0000 5777.7852   24.9138
   -7.5000  -37.5000   45.0000 6506.0625   26.3898
    0.0000  -37.5000   45.0000 6560.2329   26.4196
    7.5000  -37.5000   45.0000 6211.3047   26.4785
   -7.5000  -30.0000   45.0000 7023.6816   27.0629
    0.0000  -30.0000   45.0000 7050.9302   27.0940
    7.5000  -30.0000   45.0000 6679.9482   27.1414
   -7.5000  -22.5000   45.0000 7559.2451   27.1114
    0.0000  -22.5000   45.0000 7542.1079   27.1318
    7.5000  -22.5000   45.0000 7174.6099   27.1763
   -7.5000  -15.0000   45.0000 8040.4180   27.1183
    0.0000  -15.0000   45.0000 8032.1655   27.1276
    7.5000  -15.0000   45.0000 7650.4482   27.1855
   -7.5000   -7.5000   45.0000 8210.1660   27.0838
    0.0000   -7.5000   45.0000 8187.8901   27.0925
    7.5000   -7.5000   45.0000 7807.9814   27.1632
   -7.5000    0.0000   45.0000 8318.7158   27.0371
    0.0000    0.0000   45.0000 8298.9209   27.0563
    7.5000    0.0000   45.0000 7916.5293   27.1277
   -7.5000    7.5000   45.0000 8041.4209   27.0167
    0.0000    7.5000   45.0000 8043.4121   27.0472
    7.5000    7.5000   45.0000 7658.8022   27.1075
   -7.5000   15.0000   45.0000 7981.0415   27.0528
    0.0000   15.0000   45.0000 7977.6562   27.0838
    7.5000   15.0000   45.0000 7586.9214   27.1313
   -7.5000   22.5000   45.0000 7396.4927   26.7500
    0.0000   22.5000   45.0000 7388.6792   26.7701
    7.5000   22.5000   45.0000 7028.2754   26.8140
   -7.5000   30.0000   45.0000 6783.0566   26.1412
    0.0000   30.0000   45.0000 6775.5503   26.1502
    7.5000   30.0000   45.0000 6448.2412   26.2060
   -7.5000   37.5000   45.0000 6165.4121   25.3532
    0.0000   37.5000   45.0000 6160.5269   25.3613
    7.5000   37.5000   45.0000 5857.5391   25.4275
   -7.5000   45.0000   45.0000 5532.4004   24.5278
    0.0000   45.0000   45.0000 5519.6338   24.5502
    7.5000   45.0000   45.0000 5249.3223   24.6126

---------------------------------------------------------------------
imgreg_4dfp /opt/freesurfer/average/711-2C_as_mni_average_305 /opt/freesurfer/average/711-2B_as_mni_average_305_mask talsrcimg_g11 none talsrcimg_to_711-2C_as_mni_average_305_t4 4355
---------------------------------------------------------------------

freesurfer imgreg_4dfp.c
/opt/freesurfer/average/711-2C_as_mni_average_305.4dfp.img
       256       256       256         1
  1.000000  1.000000  1.000000
orientation T byte_order littleendian
Reading image: /opt/freesurfer/average/711-2C_as_mni_average_305.4dfp.img
dimensions:      256       256       256
mmppix:       1.0000   -1.0000   -1.0000
center:     128.0000 -129.0000 -129.0000
/opt/freesurfer/average/711-2B_as_mni_average_305_mask.4dfp.img
       256       256       256         1
  1.000000  1.000000  1.000000
orientation T byte_order littleendian
Reading mask: /opt/freesurfer/average/711-2B_as_mni_average_305_mask.4dfp.img (2306576 pixels)
talsrcimg_g11.4dfp.img
       256       256       256         1
  0.900000  0.900000  0.900000
orientation T byte_order littleendian
Reading image: talsrcimg_g11.4dfp.img
dimensions:      256       256       256
mmppix:       0.9000   -0.9000   -0.9000
center:     115.2000 -116.1000 -116.1000
rotation matrix determinant  1.000000
image alignment mode   4355 decimal     1103 hex
   -7.5000  -60.0000  -45.0000 1616.4719   33.0875
    0.0000  -60.0000  -45.0000 1619.3729   32.9808
    7.5000  -60.0000  -45.0000 1599.5244   33.6657
   -7.5000  -52.5000  -45.0000 1727.4044   29.3789
    0.0000  -52.5000  -45.0000 1728.7518   29.2593
    7.5000  -52.5000  -45.0000 1708.1538   29.8410
   -7.5000  -45.0000  -45.0000 1834.9816   26.9612
    0.0000  -45.0000  -45.0000 1845.6505   26.9068
    7.5000  -45.0000  -45.0000 1827.3961   27.3286
   -7.5000  -37.5000  -45.0000 1911.0771   24.8729
    0.0000  -37.5000  -45.0000 1932.0061   24.8513
    7.5000  -37.5000  -45.0000 1914.6395   25.1936
   -7.5000  -30.0000  -45.0000 1978.6819   23.3693
    0.0000  -30.0000  -45.0000 1990.9677   23.3442
    7.5000  -30.0000  -45.0000 1976.4438   23.6020
   -7.5000  -22.5000  -45.0000 2023.0400   22.2365
    0.0000  -22.5000  -45.0000 2023.8174   22.2423
    7.5000  -22.5000  -45.0000 2011.4347   22.5273
   -7.5000  -15.0000  -45.0000 2042.1581   21.5532
    0.0000  -15.0000  -45.0000 2038.2136   21.5248
    7.5000  -15.0000  -45.0000 2028.1058   21.8581
   -7.5000   -7.5000  -45.0000 2033.7728   21.2304
    0.0000   -7.5000  -45.0000 2041.3662   21.2054
    7.5000   -7.5000  -45.0000 2028.4082   21.5157
   -7.5000    0.0000  -45.0000 2011.3412   21.3046
    0.0000    0.0000  -45.0000 2013.6692   21.1783
    7.5000    0.0000  -45.0000 2002.3021   21.5790
   -7.5000    7.5000  -45.0000 1985.0176   21.8568
    0.0000    7.5000  -45.0000 1987.6128   21.6756
    7.5000    7.5000  -45.0000 1964.1685   22.0435
   -7.5000   15.0000  -45.0000 1943.7657   22.7795
    0.0000   15.0000  -45.0000 1945.6335   22.6938
    7.5000   15.0000  -45.0000 1924.0266   23.1105
   -7.5000   22.5000  -45.0000 1887.5286   24.3022
    0.0000   22.5000  -45.0000 1882.4097   24.1696
    7.5000   22.5000  -45.0000 1865.4054   24.7346
   -7.5000   30.0000  -45.0000 1805.4238   26.3307
    0.0000   30.0000  -45.0000 1806.3875   26.1897
    7.5000   30.0000  -45.0000 1786.6671   26.8560
   -7.5000  -60.0000  -37.5000 1746.6011   32.3250
    0.0000  -60.0000  -37.5000 1753.6807   32.3087
    7.5000  -60.0000  -37.5000 1740.8467   32.9473
   -7.5000  -52.5000  -37.5000 1864.0560   28.6270
    0.0000  -52.5000  -37.5000 1872.8374   28.6409
    7.5000  -52.5000  -37.5000 1859.0452   29.1451
   -7.5000  -45.0000  -37.5000 1984.6257   26.2861
    0.0000  -45.0000  -37.5000 1997.6909   26.3486
    7.5000  -45.0000  -37.5000 1987.7179   26.7598
   -7.5000  -37.5000  -37.5000 2073.9648   24.2981
    0.0000  -37.5000  -37.5000 2094.5503   24.3807
    7.5000  -37.5000  -37.5000 2082.9465   24.6740
   -7.5000  -30.0000  -37.5000 2146.1262   22.7924
    0.0000  -30.0000  -37.5000 2159.4417   22.8768
    7.5000  -30.0000  -37.5000 2148.4839   23.0929
   -7.5000  -22.5000  -37.5000 2191.8486   21.7071
    0.0000  -22.5000  -37.5000 2197.8108   21.7569
    7.5000  -22.5000  -37.5000 2179.7446   21.9570
   -7.5000  -15.0000  -37.5000 2214.4263   21.0496
    0.0000  -15.0000  -37.5000 2217.2234   21.0722
    7.5000  -15.0000  -37.5000 2196.5276   21.3176
   -7.5000   -7.5000  -37.5000 2211.5205   20.7774
    0.0000   -7.5000  -37.5000 2219.5547   20.8174
    7.5000   -7.5000  -37.5000 2190.5796   20.9900
   -7.5000    0.0000  -37.5000 2190.8142   20.8071
    0.0000    0.0000  -37.5000 2190.5144   20.7570
    7.5000    0.0000  -37.5000 2171.4187   21.0465
   -7.5000    7.5000  -37.5000 2159.6987   21.2738
    0.0000    7.5000  -37.5000 2164.2239   21.2013
    7.5000    7.5000  -37.5000 2141.6895   21.4855
   -7.5000   15.0000  -37.5000 2117.6877   22.1563
    0.0000   15.0000  -37.5000 2117.8062   22.1249
    7.5000   15.0000  -37.5000 2101.2595   22.4228
   -7.5000   22.5000  -37.5000 2057.2041   23.6555
    0.0000   22.5000  -37.5000 2049.2720   23.5832
    7.5000   22.5000  -37.5000 2032.5352   24.0251
   -7.5000   30.0000  -37.5000 1974.8719   25.7902
    0.0000   30.0000  -37.5000 1967.2031   25.5878
    7.5000   30.0000  -37.5000 1949.9166   26.0895
   -7.5000  -60.0000  -30.0000 1868.2690   31.5308
    0.0000  -60.0000  -30.0000 1871.4209   31.6522
    7.5000  -60.0000  -30.0000 1858.4435   32.1129
   -7.5000  -52.5000  -30.0000 1995.2883   27.9988
    0.0000  -52.5000  -30.0000 1997.4233   28.0617
    7.5000  -52.5000  -30.0000 1986.4293   28.4928
   -7.5000  -45.0000  -30.0000 2118.7190   25.5708
    0.0000  -45.0000  -30.0000 2128.9009   25.7000
    7.5000  -45.0000  -30.0000 2114.6667   25.9730
   -7.5000  -37.5000  -30.0000 2221.6501   23.5511
    0.0000  -37.5000  -30.0000 2233.7888   23.6676
    7.5000  -37.5000  -30.0000 2223.2178   23.9154
   -7.5000  -30.0000  -30.0000 2297.0195   22.1099
    0.0000  -30.0000  -30.0000 2310.5857   22.2162
    7.5000  -30.0000  -30.0000 2294.8481   22.4477
   -7.5000  -22.5000  -30.0000 2343.9614   21.0437
    0.0000  -22.5000  -30.0000 2351.9285   21.1406
    7.5000  -22.5000  -30.0000 2329.6362   21.3092
   -7.5000  -15.0000  -30.0000 2374.1592   20.3804
    0.0000  -15.0000  -30.0000 2379.6321   20.4479
    7.5000  -15.0000  -30.0000 2349.0352   20.6183
   -7.5000   -7.5000  -30.0000 2382.0283   20.1140
    0.0000   -7.5000  -30.0000 2386.3191   20.1341
    7.5000   -7.5000  -30.0000 2355.5967   20.2857
   -7.5000    0.0000  -30.0000 2365.6931   20.1361
    0.0000    0.0000  -30.0000 2358.1790   20.1079
    7.5000    0.0000  -30.0000 2333.8479   20.3090
   -7.5000    7.5000  -30.0000 2331.6062   20.5884
    0.0000    7.5000  -30.0000 2334.3213   20.5317
    7.5000    7.5000  -30.0000 2296.4834   20.7395
   -7.5000   15.0000  -30.0000 2279.5002   21.4730
    0.0000   15.0000  -30.0000 2280.9907   21.4726
    7.5000   15.0000  -30.0000 2248.3523   21.7397
   -7.5000   22.5000  -30.0000 2210.0168   22.9077
    0.0000   22.5000  -30.0000 2205.0935   22.9155
    7.5000   22.5000  -30.0000 2182.1606   23.2830
   -7.5000   30.0000  -30.0000 2126.7141   24.9815
    0.0000   30.0000  -30.0000 2112.6372   24.8515
    7.5000   30.0000  -30.0000 2094.7729   25.3164
   -7.5000  -60.0000  -22.5000 1969.5156   30.7512
    0.0000  -60.0000  -22.5000 1965.4161   30.6597
    7.5000  -60.0000  -22.5000 1950.4585   31.1966
   -7.5000  -52.5000  -22.5000 2103.4285   27.1541
    0.0000  -52.5000  -22.5000 2104.4568   27.1718
    7.5000  -52.5000  -22.5000 2086.6301   27.5389
   -7.5000  -45.0000  -22.5000 2234.4946   24.7801
    0.0000  -45.0000  -22.5000 2245.0205   24.8810
    7.5000  -45.0000  -22.5000 2223.6130   25.0980
   -7.5000  -37.5000  -22.5000 2343.6353   22.7223
    0.0000  -37.5000  -22.5000 2353.4402   22.8407
    7.5000  -37.5000  -22.5000 2334.6865   22.9979
   -7.5000  -30.0000  -22.5000 2431.0498   21.1697
    0.0000  -30.0000  -22.5000 2434.2490   21.3070
    7.5000  -30.0000  -22.5000 2414.0554   21.5048
   -7.5000  -22.5000  -22.5000 2479.3779   20.1931
    0.0000  -22.5000  -22.5000 2483.9524   20.2997
    7.5000  -22.5000  -22.5000 2457.0803   20.4627
   -7.5000  -15.0000  -22.5000 2516.9258   19.5157
    0.0000  -15.0000  -22.5000 2518.5088   19.5924
    7.5000  -15.0000  -22.5000 2483.0593   19.7329
   -7.5000   -7.5000  -22.5000 2534.0613   19.2811
    0.0000   -7.5000  -22.5000 2531.0894   19.2152
    7.5000   -7.5000  -22.5000 2495.3689   19.3825
   -7.5000    0.0000  -22.5000 2522.4932   19.2745
    0.0000    0.0000  -22.5000 2511.8167   19.2253
    7.5000    0.0000  -22.5000 2480.0405   19.3704
   -7.5000    7.5000  -22.5000 2479.4121   19.6518
    0.0000    7.5000  -22.5000 2479.4446   19.6355
    7.5000    7.5000  -22.5000 2441.3958   19.8129
   -7.5000   15.0000  -22.5000 2420.6274   20.5881
    0.0000   15.0000  -22.5000 2422.6602   20.6000
    7.5000   15.0000  -22.5000 2386.0081   20.8543
   -7.5000   22.5000  -22.5000 2346.4958   22.0359
    0.0000   22.5000  -22.5000 2340.1165   22.0377
    7.5000   22.5000  -22.5000 2309.6973   22.3375
   -7.5000   30.0000  -22.5000 2249.0413   24.0294
    0.0000   30.0000  -22.5000 2243.3865   23.9343
    7.5000   30.0000  -22.5000 2211.7981   24.3742
   -7.5000  -60.0000  -15.0000 2046.5825   29.7403
    0.0000  -60.0000  -15.0000 2043.1224   29.7152
    7.5000  -60.0000  -15.0000 2025.3154   30.1258
   -7.5000  -52.5000  -15.0000 2185.8274   26.2850
    0.0000  -52.5000  -15.0000 2191.5593   26.2666
    7.5000  -52.5000  -15.0000 2172.4875   26.6260
   -7.5000  -45.0000  -15.0000 2323.2354   23.8772
    0.0000  -45.0000  -15.0000 2333.7957   23.9109
    7.5000  -45.0000  -15.0000 2311.1843   24.1730
   -7.5000  -37.5000  -15.0000 2438.3669   21.7746
    0.0000  -37.5000  -15.0000 2448.9365   21.8335
    7.5000  -37.5000  -15.0000 2422.9707   22.0213
   -7.5000  -30.0000  -15.0000 2536.4707   20.2222
    0.0000  -30.0000  -15.0000 2538.9048   20.3080
    7.5000  -30.0000  -15.0000 2509.5044   20.4835
   -7.5000  -22.5000  -15.0000 2594.5969   19.2051
    0.0000  -22.5000  -15.0000 2593.7747   19.2711
    7.5000  -22.5000  -15.0000 2562.6853   19.4384
   -7.5000  -15.0000  -15.0000 2627.4761   18.5797
    0.0000  -15.0000  -15.0000 2627.8447   18.6372
    7.5000  -15.0000  -15.0000 2590.6433   18.7320
   -7.5000   -7.5000  -15.0000 2644.3921   18.2618
    0.0000   -7.5000  -15.0000 2639.7717   18.2045
    7.5000   -7.5000  -15.0000 2607.6150   18.3680
   -7.5000    0.0000  -15.0000 2633.3992   18.1911
    0.0000    0.0000  -15.0000 2632.6519   18.1782
    7.5000    0.0000  -15.0000 2594.5056   18.3078
   -7.5000    7.5000  -15.0000 2599.9011   18.6235
    0.0000    7.5000  -15.0000 2608.6885   18.6116
    7.5000    7.5000  -15.0000 2564.1353   18.7820
   -7.5000   15.0000  -15.0000 2549.4797   19.6128
    0.0000   15.0000  -15.0000 2546.0813   19.6000
    7.5000   15.0000  -15.0000 2508.9336   19.8198
   -7.5000   22.5000  -15.0000 2459.5054   21.0363
    0.0000   22.5000  -15.0000 2456.1162   21.0310
    7.5000   22.5000  -15.0000 2422.8484   21.3428
   -7.5000   30.0000  -15.0000 2350.1594   22.9838
    0.0000   30.0000  -15.0000 2345.0393   22.9053
    7.5000   30.0000  -15.0000 2312.2996   23.2576
   -7.5000  -60.0000   -7.5000 2085.7346   28.5881
    0.0000  -60.0000   -7.5000 2091.9534   28.6358
    7.5000  -60.0000   -7.5000 2065.3291   29.0392
   -7.5000  -52.5000   -7.5000 2225.2678   25.2233
    0.0000  -52.5000   -7.5000 2241.9141   25.2585
    7.5000  -52.5000   -7.5000 2218.8423   25.5681
   -7.5000  -45.0000   -7.5000 2371.3228   22.8970
    0.0000  -45.0000   -7.5000 2388.5913   22.8867
    7.5000  -45.0000   -7.5000 2367.9194   23.1316
   -7.5000  -37.5000   -7.5000 2490.4368   20.8649
    0.0000  -37.5000   -7.5000 2507.5620   20.7934
    7.5000  -37.5000   -7.5000 2483.6907   21.0497
   -7.5000  -30.0000   -7.5000 2591.2458   19.2502
    0.0000  -30.0000   -7.5000 2607.7029   19.2491
    7.5000  -30.0000   -7.5000 2569.8442   19.4571
   -7.5000  -22.5000   -7.5000 2662.1931   18.1946
    0.0000  -22.5000   -7.5000 2671.0190   18.1998
    7.5000  -22.5000   -7.5000 2632.9917   18.3869
   -7.5000  -15.0000   -7.5000 2702.0896   17.4639
    0.0000  -15.0000   -7.5000 2716.6440   17.5346
    7.5000  -15.0000   -7.5000 2672.6238   17.6529
   -7.5000   -7.5000   -7.5000 2715.6462   17.1083
    0.0000   -7.5000   -7.5000 2721.8118   17.1073
    7.5000   -7.5000   -7.5000 2685.2068   17.2580
   -7.5000    0.0000   -7.5000 2699.9795   17.0475
    0.0000    0.0000   -7.5000 2714.6001   17.0213
    7.5000    0.0000   -7.5000 2676.7192   17.1832
   -7.5000    7.5000   -7.5000 2676.9343   17.5082
    0.0000    7.5000   -7.5000 2684.2307   17.4761
    7.5000    7.5000   -7.5000 2644.9675   17.6788
   -7.5000   15.0000   -7.5000 2625.0757   18.4978
    0.0000   15.0000   -7.5000 2621.0000   18.4574
    7.5000   15.0000   -7.5000 2584.4055   18.6861
   -7.5000   22.5000   -7.5000 2530.4658   20.0161
    0.0000   22.5000   -7.5000 2524.5769   19.9479
    7.5000   22.5000   -7.5000 2490.4705   20.2431
   -7.5000   30.0000   -7.5000 2419.1597   21.9800
    0.0000   30.0000   -7.5000 2413.5718   21.8817
    7.5000   30.0000   -7.5000 2378.4392   22.1578
   -7.5000  -60.0000    0.0000 2108.3645   28.1111
    0.0000  -60.0000    0.0000 2121.1240   28.1023
    7.5000  -60.0000    0.0000 2098.1890   28.3865
   -7.5000  -52.5000    0.0000 2251.8521   24.6790
    0.0000  -52.5000    0.0000 2274.4756   24.6281
    7.5000  -52.5000    0.0000 2247.5715   24.8745
   -7.5000  -45.0000    0.0000 2409.4321   22.3078
    0.0000  -45.0000    0.0000 2430.2888   22.1910
    7.5000  -45.0000    0.0000 2406.8770   22.4261
   -7.5000  -37.5000    0.0000 2532.6008   20.3317
    0.0000  -37.5000    0.0000 2557.9780   20.1981
    7.5000  -37.5000    0.0000 2527.6040   20.4082
   -7.5000  -30.0000    0.0000 2636.9189   18.7996
    0.0000  -30.0000    0.0000 2662.2710   18.6720
    7.5000  -30.0000    0.0000 2630.2166   18.8921
   -7.5000  -22.5000    0.0000 2716.5283   17.6433
    0.0000  -22.5000    0.0000 2735.0229   17.5390
    7.5000  -22.5000    0.0000 2700.8323   17.7637
   -7.5000  -15.0000    0.0000 2767.6792   16.7208
    0.0000  -15.0000    0.0000 2789.7925   16.7097
    7.5000  -15.0000    0.0000 2741.3193   16.8998
   -7.5000   -7.5000    0.0000 2780.9856   16.2764
    0.0000   -7.5000    0.0000 2785.9702   16.1658
    7.5000   -7.5000    0.0000 2756.8076   16.4191
   -7.5000    0.0000    0.0000 2761.8328   16.2407
    0.0000    0.0000    0.0000 2781.0015   16.2025
    7.5000    0.0000    0.0000 2751.1260   16.4069
   -7.5000    7.5000    0.0000 2740.8508   16.8095
    0.0000    7.5000    0.0000 2746.5969   16.6892
    7.5000    7.5000    0.0000 2720.9524   16.9967
   -7.5000   15.0000    0.0000 2680.5437   17.8728
    0.0000   15.0000    0.0000 2681.9817   17.7305
    7.5000   15.0000    0.0000 2653.1296   18.0968
   -7.5000   22.5000    0.0000 2585.3623   19.4091
    0.0000   22.5000    0.0000 2583.8474   19.2877
    7.5000   22.5000    0.0000 2553.7175   19.6632
   -7.5000   30.0000    0.0000 2471.2893   21.3990
    0.0000   30.0000    0.0000 2470.8931   21.2645
    7.5000   30.0000    0.0000 2438.8586   21.6356
   -7.5000  -60.0000    7.5000 2132.9827   28.0133
    0.0000  -60.0000    7.5000 2142.6592   27.6257
    7.5000  -60.0000    7.5000 2116.7080   27.9101
   -7.5000  -52.5000    7.5000 2283.0112   24.5070
    0.0000  -52.5000    7.5000 2285.4580   24.0653
    7.5000  -52.5000    7.5000 2265.6548   24.3826
   -7.5000  -45.0000    7.5000 2434.1462   22.0398
    0.0000  -45.0000    7.5000 2438.6099   21.6847
    7.5000  -45.0000    7.5000 2424.3862   21.9849
   -7.5000  -37.5000    7.5000 2555.3704   19.9699
    0.0000  -37.5000    7.5000 2565.7095   19.7003
    7.5000  -37.5000    7.5000 2542.6018   19.9558
   -7.5000  -30.0000    7.5000 2663.1572   18.4230
    0.0000  -30.0000    7.5000 2678.9897   18.1668
    7.5000  -30.0000    7.5000 2642.9927   18.3924
   -7.5000  -22.5000    7.5000 2748.9365   17.3392
    0.0000  -22.5000    7.5000 2772.2896   17.1219
    7.5000  -22.5000    7.5000 2729.4277   17.2879
   -7.5000  -15.0000    7.5000 2797.8521   16.2307
    0.0000  -15.0000    7.5000 2817.5862   16.0505
    7.5000  -15.0000    7.5000 2774.1599   16.4114
   -7.5000   -7.5000    7.5000 2805.8010   15.4995
    0.0000   -7.5000    7.5000 2801.9541   15.2068
    7.5000   -7.5000    7.5000 2788.7305   15.8109
   -7.5000    0.0000    7.5000 2811.5789   15.7351
    0.0000    0.0000    7.5000 2803.4597   15.3974
    7.5000    0.0000    7.5000 2795.3765   15.9611
   -7.5000    7.5000    7.5000 2793.7986   16.4807
    0.0000    7.5000    7.5000 2785.9102   16.1905
    7.5000    7.5000    7.5000 2774.5583   16.6533
   -7.5000   15.0000    7.5000 2726.6482   17.6160
    0.0000   15.0000    7.5000 2724.2432   17.3804
    7.5000   15.0000    7.5000 2705.5334   17.7800
   -7.5000   22.5000    7.5000 2632.7415   19.1363
    0.0000   22.5000    7.5000 2626.0439   18.9834
    7.5000   22.5000    7.5000 2600.7844   19.2899
   -7.5000   30.0000    7.5000 2511.4792   21.0749
    0.0000   30.0000    7.5000 2504.0049   20.9417
    7.5000   30.0000    7.5000 2473.7974   21.2431
   -7.5000  -60.0000   15.0000 2126.0874   27.9057
    0.0000  -60.0000   15.0000 2136.9084   27.4226
    7.5000  -60.0000   15.0000 2100.7373   27.5587
   -7.5000  -52.5000   15.0000 2279.2173   24.4193
    0.0000  -52.5000   15.0000 2285.7312   23.8946
    7.5000  -52.5000   15.0000 2251.6929   24.0158
   -7.5000  -45.0000   15.0000 2436.2866   21.9899
    0.0000  -45.0000   15.0000 2433.7708   21.4758
    7.5000  -45.0000   15.0000 2408.2058   21.6589
   -7.5000  -37.5000   15.0000 2565.4055   19.9456
    0.0000  -37.5000   15.0000 2551.8347   19.4150
    7.5000  -37.5000   15.0000 2527.6497   19.7330
   -7.5000  -30.0000   15.0000 2673.8127   18.3342
    0.0000  -30.0000   15.0000 2658.0710   17.8166
    7.5000  -30.0000   15.0000 2634.1760   18.2129
   -7.5000  -22.5000   15.0000 2765.2122   17.1734
    0.0000  -22.5000   15.0000 2740.1909   16.6856
    7.5000  -22.5000   15.0000 2718.3257   17.0382
   -7.5000  -15.0000   15.0000 2797.5369   16.1185
    0.0000  -15.0000   15.0000 2793.9797   15.6927
    7.5000  -15.0000   15.0000 2775.0239   16.2101
   -7.5000   -7.5000   15.0000 2816.6353   15.4296
    0.0000   -7.5000   15.0000 2789.1670   14.9138
    7.5000   -7.5000   15.0000 2797.1702   15.7378
   -7.5000    0.0000   15.0000 2838.5972   15.6487
    0.0000    0.0000   15.0000 2823.4082   15.2587
    7.5000    0.0000   15.0000 2806.1580   15.8527
   -7.5000    7.5000   15.0000 2814.6340   16.5054
    0.0000    7.5000   15.0000 2813.7354   16.2334
    7.5000    7.5000   15.0000 2786.5444   16.6151
   -7.5000   15.0000   15.0000 2745.6228   17.6268
    0.0000   15.0000   15.0000 2749.9175   17.5057
    7.5000   15.0000   15.0000 2721.0198   17.7501
   -7.5000   22.5000   15.0000 2642.2021   19.1168
    0.0000   22.5000   15.0000 2649.3943   19.0450
    7.5000   22.5000   15.0000 2612.3325   19.2887
   -7.5000   30.0000   15.0000 2517.8337   21.0080
    0.0000   30.0000   15.0000 2528.8926   20.9487
    7.5000   30.0000   15.0000 2487.9197   21.1939
   -7.5000  -60.0000   22.5000 2128.1492   28.2443
    0.0000  -60.0000   22.5000 2128.2690   27.6574
    7.5000  -60.0000   22.5000 2107.8855   27.8590
   -7.5000  -52.5000   22.5000 2278.7405   24.6936
    0.0000  -52.5000   22.5000 2273.0193   24.0053
    7.5000  -52.5000   22.5000 2253.4321   24.2192
   -7.5000  -45.0000   22.5000 2432.4780   22.1877
    0.0000  -45.0000   22.5000 2421.5957   21.5297
    7.5000  -45.0000   22.5000 2401.1189   21.7785
   -7.5000  -37.5000   22.5000 2563.2646   20.1143
    0.0000  -37.5000   22.5000 2549.3706   19.5437
    7.5000  -37.5000   22.5000 2523.5317   19.8202
   -7.5000  -30.0000   22.5000 2674.5176   18.5466
    0.0000  -30.0000   22.5000 2664.8503   18.0504
    7.5000  -30.0000   22.5000 2630.1577   18.3775
   -7.5000  -22.5000   22.5000 2763.1475   17.3585
    0.0000  -22.5000   22.5000 2757.0056   16.9926
    7.5000  -22.5000   22.5000 2719.8623   17.3135
   -7.5000  -15.0000   22.5000 2809.7688   16.3973
    0.0000  -15.0000   22.5000 2806.6917   16.0206
    7.5000  -15.0000   22.5000 2778.9358   16.5661
   -7.5000   -7.5000   22.5000 2837.9124   15.9759
    0.0000   -7.5000   22.5000 2842.4854   15.7130
    7.5000   -7.5000   22.5000 2805.6721   16.1700
   -7.5000    0.0000   22.5000 2842.4607   16.1360
    0.0000    0.0000   22.5000 2858.6816   16.0089
    7.5000    0.0000   22.5000 2810.1399   16.3048
   -7.5000    7.5000   22.5000 2810.1353   16.8755
    0.0000    7.5000   22.5000 2826.8025   16.8491
    7.5000    7.5000   22.5000 2782.5498   17.0122
   -7.5000   15.0000   22.5000 2733.8032   17.8891
    0.0000   15.0000   22.5000 2743.8438   17.8834
    7.5000   15.0000   22.5000 2711.7915   18.0920
   -7.5000   22.5000   22.5000 2622.0913   19.2764
    0.0000   22.5000   22.5000 2631.7961   19.2742
    7.5000   22.5000   22.5000 2604.7805   19.5655
   -7.5000   30.0000   22.5000 2499.8174   21.0490
    0.0000   30.0000   22.5000 2508.2788   21.0137
    7.5000   30.0000   22.5000 2479.8892   21.3294
   -7.5000  -60.0000   30.0000 2124.6775   28.9068
    0.0000  -60.0000   30.0000 2125.9019   28.3732
    7.5000  -60.0000   30.0000 2094.4792   28.5229
   -7.5000  -52.5000   30.0000 2275.4543   25.3185
    0.0000  -52.5000   30.0000 2281.8201   24.8139
    7.5000  -52.5000   30.0000 2252.2087   24.9641
   -7.5000  -45.0000   30.0000 2431.5054   22.7950
    0.0000  -45.0000   30.0000 2437.5645   22.3621
    7.5000  -45.0000   30.0000 2406.4529   22.5471
   -7.5000  -37.5000   30.0000 2560.0310   20.7555
    0.0000  -37.5000   30.0000 2570.1899   20.3462
    7.5000  -37.5000   30.0000 2535.9734   20.6045
   -7.5000  -30.0000   30.0000 2674.8792   19.1709
    0.0000  -30.0000   30.0000 2671.6025   18.7141
    7.5000  -30.0000   30.0000 2641.7527   19.0703
   -7.5000  -22.5000   30.0000 2753.9424   17.9209
    0.0000  -22.5000   30.0000 2733.0635   17.3544
    7.5000  -22.5000   30.0000 2721.2651   17.9476
   -7.5000  -15.0000   30.0000 2811.8088   17.0015
    0.0000  -15.0000   30.0000 2798.0403   16.5995
    7.5000  -15.0000   30.0000 2779.6140   17.1777
   -7.5000   -7.5000   30.0000 2845.3501   16.7365
    0.0000   -7.5000   30.0000 2835.6030   16.4031
    7.5000   -7.5000   30.0000 2810.5625   16.8866
   -7.5000    0.0000   30.0000 2825.2429   16.9041
    0.0000    0.0000   30.0000 2837.4014   16.6535
    7.5000    0.0000   30.0000 2795.8052   16.9731
   -7.5000    7.5000   30.0000 2783.1367   17.5369
    0.0000    7.5000   30.0000 2791.4912   17.3786
    7.5000    7.5000   30.0000 2754.7874   17.5757
   -7.5000   15.0000   30.0000 2705.8916   18.5707
    0.0000   15.0000   30.0000 2717.2864   18.5129
    7.5000   15.0000   30.0000 2680.3301   18.7075
   -7.5000   22.5000   30.0000 2595.7495   19.9158
    0.0000   22.5000   30.0000 2605.9993   19.8820
    7.5000   22.5000   30.0000 2574.9177   20.1274
   -7.5000   30.0000   30.0000 2467.5134   21.5730
    0.0000   30.0000   30.0000 2475.1562   21.5365
    7.5000   30.0000   30.0000 2449.1025   21.8274
   -7.5000  -60.0000   37.5000 2094.7170   29.5615
    0.0000  -60.0000   37.5000 2099.9968   29.0740
    7.5000  -60.0000   37.5000 2073.9189   29.2350
   -7.5000  -52.5000   37.5000 2242.4756   25.9609
    0.0000  -52.5000   37.5000 2253.4792   25.5177
    7.5000  -52.5000   37.5000 2226.6941   25.7461
   -7.5000  -45.0000   37.5000 2399.3630   23.4934
    0.0000  -45.0000   37.5000 2409.7495   23.0523
    7.5000  -45.0000   37.5000 2381.6340   23.3006
   -7.5000  -37.5000   37.5000 2525.7510   21.3880
    0.0000  -37.5000   37.5000 2532.2271   20.9738
    7.5000  -37.5000   37.5000 2504.1406   21.2207
   -7.5000  -30.0000   37.5000 2633.2788   19.7706
    0.0000  -30.0000   37.5000 2629.4858   19.3137
    7.5000  -30.0000   37.5000 2606.0872   19.6541
   -7.5000  -22.5000   37.5000 2705.6450   18.5460
    0.0000  -22.5000   37.5000 2695.2039   18.0111
    7.5000  -22.5000   37.5000 2674.4666   18.5418
   -7.5000  -15.0000   37.5000 2769.6892   17.7140
    0.0000  -15.0000   37.5000 2756.8271   17.3535
    7.5000  -15.0000   37.5000 2733.2151   17.8264
   -7.5000   -7.5000   37.5000 2799.5371   17.5592
    0.0000   -7.5000   37.5000 2788.8831   17.1914
    7.5000   -7.5000   37.5000 2767.6653   17.6563
   -7.5000    0.0000   37.5000 2774.9565   17.7498
    0.0000    0.0000   37.5000 2772.4929   17.4037
    7.5000    0.0000   37.5000 2744.9404   17.7328
   -7.5000    7.5000   37.5000 2724.3770   18.3414
    0.0000    7.5000   37.5000 2725.0657   18.0980
    7.5000    7.5000   37.5000 2695.3718   18.3396
   -7.5000   15.0000   37.5000 2640.3982   19.3254
    0.0000   15.0000   37.5000 2653.1235   19.2054
    7.5000   15.0000   37.5000 2615.9780   19.4159
   -7.5000   22.5000   37.5000 2537.3623   20.6783
    0.0000   22.5000   37.5000 2545.9368   20.6222
    7.5000   22.5000   37.5000 2514.5173   20.8304
   -7.5000   30.0000   37.5000 2414.2463   22.3874
    0.0000   30.0000   37.5000 2415.4285   22.3028
    7.5000   30.0000   37.5000 2397.0964   22.5650
   -7.5000  -60.0000   45.0000 2033.2515   30.1593
    0.0000  -60.0000   45.0000 2038.0789   29.6403
    7.5000  -60.0000   45.0000 2025.1643   29.8619
   -7.5000  -52.5000   45.0000 2175.7686   26.5023
    0.0000  -52.5000   45.0000 2186.1421   26.0978
    7.5000  -52.5000   45.0000 2168.8215   26.3417
   -7.5000  -45.0000   45.0000 2327.2273   24.0324
    0.0000  -45.0000   45.0000 2339.8745   23.6183
    7.5000  -45.0000   45.0000 2318.2295   23.8455
   -7.5000  -37.5000   45.0000 2449.5718   21.9776
    0.0000  -37.5000   45.0000 2457.5222   21.5523
    7.5000  -37.5000   45.0000 2433.5227   21.8416
   -7.5000  -30.0000   45.0000 2543.5935   20.3773
    0.0000  -30.0000   45.0000 2545.4192   19.9115
    7.5000  -30.0000   45.0000 2520.1804   20.2488
   -7.5000  -22.5000   45.0000 2617.5303   19.1929
    0.0000  -22.5000   45.0000 2609.6243   18.7786
    7.5000  -22.5000   45.0000 2584.9111   19.1575
   -7.5000  -15.0000   45.0000 2666.8301   18.4771
    0.0000  -15.0000   45.0000 2656.0967   18.1755
    7.5000  -15.0000   45.0000 2637.2068   18.5164
   -7.5000   -7.5000   45.0000 2694.4949   18.3496
    0.0000   -7.5000   45.0000 2681.0999   17.9950
    7.5000   -7.5000   45.0000 2664.1489   18.3810
   -7.5000    0.0000   45.0000 2670.7119   18.5426
    0.0000    0.0000   45.0000 2663.3147   18.1828
    7.5000    0.0000   45.0000 2649.3032   18.5044
   -7.5000    7.5000   45.0000 2621.9060   19.1388
    0.0000    7.5000   45.0000 2619.6067   18.8574
    7.5000    7.5000   45.0000 2599.3701   19.1088
   -7.5000   15.0000   45.0000 2543.4622   20.1424
    0.0000   15.0000   45.0000 2547.4971   19.9487
    7.5000   15.0000   45.0000 2519.9387   20.2000
   -7.5000   22.5000   45.0000 2437.1902   21.4744
    0.0000   22.5000   45.0000 2442.4536   21.4112
    7.5000   22.5000   45.0000 2415.5818   21.6456
   -7.5000   30.0000   45.0000 2317.8296   23.2137
    0.0000   30.0000   45.0000 2320.0781   23.1228
    7.5000   30.0000   45.0000 2296.1296   23.3596

---------------------------------------------------------------------
imgreg_4dfp /opt/freesurfer/average/711-2C_as_mni_average_305 /opt/freesurfer/average/711-2B_as_mni_average_305_mask talsrcimg_g11 none talsrcimg_to_711-2C_as_mni_average_305_t4 1283
---------------------------------------------------------------------

freesurfer imgreg_4dfp.c
/opt/freesurfer/average/711-2C_as_mni_average_305.4dfp.img
       256       256       256         1
  1.000000  1.000000  1.000000
orientation T byte_order littleendian
Reading image: /opt/freesurfer/average/711-2C_as_mni_average_305.4dfp.img
dimensions:      256       256       256
mmppix:       1.0000   -1.0000   -1.0000
center:     128.0000 -129.0000 -129.0000
/opt/freesurfer/average/711-2B_as_mni_average_305_mask.4dfp.img
       256       256       256         1
  1.000000  1.000000  1.000000
orientation T byte_order littleendian
Reading mask: /opt/freesurfer/average/711-2B_as_mni_average_305_mask.4dfp.img (2306576 pixels)
talsrcimg_g11.4dfp.img
       256       256       256         1
  0.900000  0.900000  0.900000
orientation T byte_order littleendian
Reading image: talsrcimg_g11.4dfp.img
dimensions:      256       256       256
mmppix:       0.9000   -0.9000   -0.9000
center:     115.2000 -116.1000 -116.1000
rotation matrix determinant  1.000000
fimgreg.f
image alignment mode   1283 decimal      503 hex
parameters
    0.0000    0.0000   22.5000    0.0000    0.0000    0.0000
eta,q 0.89788 16.02538
niter,ni,del,rscale     5    3   12.0000    1.2000
parameter  6 -0.570790 -> -0.500000 qaram    1.1500
parameters
   -1.0231   -2.0901   23.9100    1.3540    0.3213    3.4500
eta,q 0.90363 15.91426
  0.1085  0.1019  0.1140  0.1030  0.1050  0.1024
  0.1052  0.0977  0.1086  0.0995  0.1017  0.1008
  0.1008  0.0967  0.1003  0.0973  0.0980  0.0983
  0.0998  0.0995  0.0967  0.0959  0.0963  0.0964
  0.1027  0.1020  0.0959  0.0968  0.0974  0.0959
  0.1106  0.1060  0.0980  0.0985  0.0999  0.0964
  0.1187  0.1111  0.1043  0.0980  0.1038  0.0964
niter,ni,del,rscale     5    3   12.0000    1.2000
parameters
   -1.4732   -2.7524   24.1260    4.1842    1.7621    5.2276
eta,q 0.90433 15.79928
  0.1080  0.1026  0.1104  0.1024  0.1032  0.1020
  0.1043  0.0992  0.1028  0.1004  0.1013  0.0997
  0.1001  0.0969  0.0974  0.0984  0.0983  0.0974
  0.0964  0.0968  0.0965  0.0966  0.0962  0.0959
  0.0986  0.0978  0.0982  0.0961  0.0960  0.0959
  0.1058  0.1006  0.1027  0.0965  0.0975  0.0968
  0.1139  0.1069  0.1074  0.0971  0.0993  0.0981
niter,ni,del,rscale     4    3   12.0000    1.2000
parameters
   -1.8898   -4.1464   24.2551    5.4583    2.2055    6.4555
eta,q 0.90567 15.77183
  0.1054  0.1002  0.1088  0.1006  0.1011  0.0993
  0.1012  0.0979  0.1005  0.0990  0.0988  0.0965
  0.0976  0.0945  0.0943  0.0965  0.0963  0.0948
  0.0957  0.0959  0.0944  0.0946  0.0945  0.0943
  0.0966  0.0986  0.0975  0.0947  0.0945  0.0946
  0.1023  0.1022  0.1012  0.0955  0.0968  0.0952
  0.1102  0.1086  0.1055  0.0979  0.1002  0.0963
niter,ni,del,rscale     3    3   12.0000    1.2000
parameters
   -2.0193   -4.8590   24.2343    5.9188    2.2404    6.8216
eta,q 0.90637 15.76889
  0.1057  0.1020  0.1073  0.1007  0.1004  0.0969
  0.1007  0.0995  0.0987  0.0987  0.0978  0.0945
  0.0965  0.0945  0.0927  0.0949  0.0954  0.0936
  0.0943  0.0944  0.0936  0.0935  0.0937  0.0937
  0.0953  0.0974  0.0967  0.0945  0.0939  0.0939
  0.1009  0.1010  0.1008  0.0960  0.0969  0.0943
  0.1076  0.1075  0.1048  0.0997  0.1013  0.0960
niter,ni,del,rscale     2    3   12.0000    1.2000
parameters
   -2.0271   -5.1395   24.2355    6.0911    2.2062    6.8789
eta,q 0.90649 15.76643
  0.1059  0.1031  0.1073  0.1006  0.1002  0.0962
  0.1004  0.1004  0.0988  0.0984  0.0977  0.0940
  0.0957  0.0954  0.0927  0.0945  0.0952  0.0934
  0.0936  0.0936  0.0934  0.0934  0.0935  0.0935
  0.0950  0.0965  0.0965  0.0947  0.0937  0.0936
  0.1004  0.0998  0.1006  0.0965  0.0970  0.0941
  0.1062  0.1061  0.1047  0.1006  0.1015  0.0960
niter,ni,del,rscale     1    3   12.0000    1.2000
parameters
   -2.0249   -5.2364   24.2331    6.1556    2.1918    6.9350
eta,q 0.90650 15.76496
  0.1059  0.1036  0.1072  0.1005  0.1002  0.0961
  0.1002  0.1007  0.0988  0.0983  0.0978  0.0940
  0.0955  0.0960  0.0927  0.0944  0.0952  0.0934
  0.0935  0.0935  0.0935  0.0935  0.0935  0.0935
  0.0950  0.0962  0.0965  0.0947  0.0936  0.0935
  0.1004  0.0994  0.1006  0.0967  0.0969  0.0940
  0.1059  0.1055  0.1047  0.1010  0.1014  0.0959
registration optimization eta report
parameter search radius
    6.0000    6.0000    6.0000    6.0000    6.0000    6.9000
100000*second partial in parameter space
       34.       28.       35.       20.       20.        6.
  0.1059  0.1036  0.1072  0.1005  0.1002  0.0961
  0.1002  0.1007  0.0988  0.0983  0.0978  0.0940
  0.0955  0.0960  0.0927  0.0944  0.0952  0.0934
  0.0935  0.0935  0.0935  0.0935  0.0935  0.0935
  0.0950  0.0962  0.0965  0.0947  0.0936  0.0935
  0.1004  0.0994  0.1006  0.0967  0.0969  0.0940
  0.1059  0.1055  0.1047  0.1010  0.1014  0.0959
   -2.0249   -5.2364   24.2331    6.1556    2.1918    6.9350
eta,q 0.90650 15.76496

---------------------------------------------------------------------
imgreg_4dfp /opt/freesurfer/average/711-2C_as_mni_average_305 /opt/freesurfer/average/711-2B_as_mni_average_305_mask talsrcimg_g11 none talsrcimg_to_711-2C_as_mni_average_305_t4 3335
---------------------------------------------------------------------

freesurfer imgreg_4dfp.c
/opt/freesurfer/average/711-2C_as_mni_average_305.4dfp.img
       256       256       256         1
  1.000000  1.000000  1.000000
orientation T byte_order littleendian
Reading image: /opt/freesurfer/average/711-2C_as_mni_average_305.4dfp.img
dimensions:      256       256       256
mmppix:       1.0000   -1.0000   -1.0000
center:     128.0000 -129.0000 -129.0000
/opt/freesurfer/average/711-2B_as_mni_average_305_mask.4dfp.img
       256       256       256         1
  1.000000  1.000000  1.000000
orientation T byte_order littleendian
Reading mask: /opt/freesurfer/average/711-2B_as_mni_average_305_mask.4dfp.img (2306576 pixels)
talsrcimg_g11.4dfp.img
       256       256       256         1
  0.900000  0.900000  0.900000
orientation T byte_order littleendian
Reading image: talsrcimg_g11.4dfp.img
dimensions:      256       256       256
mmppix:       0.9000   -0.9000   -0.9000
center:     115.2000 -116.1000 -116.1000
fimgreg.f
image alignment mode   3335 decimal      D07 hex
parameters
   -2.0249   -5.2364   24.2331   -0.8042   -1.3535   -0.6493
  -12.4117   -2.4800   12.0654  -11.1036    3.8246   10.7151
eta,q 0.90503 15.81652
niter,ni,del,rscale     5    3    5.0000    1.2000
parameter  4  6.488849 ->  0.500000 qaram    1.1500
parameter  5  2.229989 ->  0.500000 qaram    1.1500
parameter 10 -0.587734 -> -0.500000 qaram    1.1500
parameter 12 -1.285073 -> -0.500000 qaram    1.1500
parameters
   -2.5426   -6.2785   24.2400   -4.9442   -5.4935   -1.0759
  -12.8060   -1.7377   10.7443   -6.9636    0.9381   14.8551
eta,q 0.91896 15.70098
  0.0957  0.0951  0.0955  0.0850  0.0814  0.0867  0.0853  0.0886  0.0847  0.0919  0.0827  0.0867
  0.0953  0.0948  0.0949  0.0876  0.0831  0.0855  0.0844  0.0861  0.0841  0.0885  0.0825  0.0851
  0.0950  0.0948  0.0947  0.0909  0.0856  0.0841  0.0839  0.0844  0.0837  0.0856  0.0824  0.0836
  0.0950  0.0950  0.0947  0.0947  0.0885  0.0837  0.0837  0.0837  0.0837  0.0837  0.0826  0.0824
  0.0953  0.0953  0.0949  0.0989  0.0917  0.0835  0.0840  0.0839  0.0840  0.0828  0.0829  0.0815
  0.0959  0.0959  0.0950  0.1030  0.0957  0.0846  0.0847  0.0850  0.0848  0.0826  0.0833  0.0809
  0.0968  0.0966  0.0954  0.1063  0.0996  0.0891  0.0857  0.0869  0.0861  0.0831  0.0840  0.0805
niter,ni,del,rscale     7    3    5.0000    1.2000
parameter  3  0.913975 ->  0.500000 qaram    1.1500
parameter  4  1.300781 ->  0.500000 qaram    1.3225
parameter  5  1.577767 ->  0.500000 qaram    1.3225
parameters
   -2.5260   -5.1560   22.8600   -9.7052  -10.2545   -0.7202
  -11.1384   -1.7657   10.0077   -5.4548   -2.2418   16.9175
eta,q 0.92778 15.45801
  0.0831  0.0835  0.0801  0.0740  0.0706  0.0748  0.0748  0.0755  0.0732  0.0774  0.0723  0.0741
  0.0820  0.0824  0.0801  0.0754  0.0721  0.0744  0.0736  0.0735  0.0728  0.0751  0.0723  0.0734
  0.0813  0.0816  0.0803  0.0772  0.0741  0.0737  0.0728  0.0726  0.0725  0.0733  0.0723  0.0728
  0.0810  0.0810  0.0807  0.0802  0.0758  0.0726  0.0724  0.0723  0.0723  0.0724  0.0723  0.0723
  0.0813  0.0808  0.0814  0.0843  0.0782  0.0720  0.0724  0.0728  0.0725  0.0725  0.0724  0.0722
  0.0820  0.0808  0.0822  0.0891  0.0816  0.0732  0.0727  0.0738  0.0730  0.0733  0.0726  0.0724
  0.0831  0.0811  0.0831  0.0944  0.0857  0.0754  0.0733  0.0753  0.0738  0.0747  0.0727  0.0730
niter,ni,del,rscale     7    3    5.0000    1.2000
parameter  3  1.059558 ->  0.500000 qaram    1.3225
parameter  4  0.900989 ->  0.500000 qaram    1.5209
parameter  5  2.392974 ->  0.500000 qaram    1.5209
parameters
   -2.2723   -5.5649   21.2730  -15.1803  -15.7297   -3.8293
  -10.7204   -2.9172   10.3275   -4.4532   -2.3854   15.6836
eta,q 0.93533 15.02749
  0.0740  0.0729  0.0712  0.0672  0.0629  0.0648  0.0660  0.0657  0.0657  0.0677  0.0646  0.0648
  0.0732  0.0724  0.0712  0.0682  0.0644  0.0648  0.0654  0.0650  0.0652  0.0663  0.0646  0.0649
  0.0726  0.0722  0.0716  0.0694  0.0661  0.0647  0.0649  0.0647  0.0648  0.0653  0.0646  0.0648
  0.0722  0.0722  0.0722  0.0713  0.0685  0.0648  0.0647  0.0647  0.0647  0.0647  0.0646  0.0646
  0.0722  0.0724  0.0729  0.0745  0.0713  0.0657  0.0648  0.0650  0.0648  0.0647  0.0645  0.0646
  0.0726  0.0729  0.0738  0.0794  0.0735  0.0679  0.0651  0.0657  0.0651  0.0655  0.0645  0.0648
  0.0735  0.0736  0.0747  0.0852  0.0771  0.0719  0.0658  0.0667  0.0655  0.0666  0.0647  0.0653
niter,ni,del,rscale     7    3    5.0000    1.2000
parameter  3 -9.549939 ->  0.500000 qaram    1.5209
parameter  4  0.691507 ->  0.500000 qaram    1.7490
parameter  5  4.084766 ->  0.500000 qaram    1.7490
parameter  6137.331665 ->  0.500000 qaram    1.1500
parameter 10  3.749436 ->  0.500000 qaram    1.3225
parameter 11 -0.528440 -> -0.500000 qaram    1.1500
parameter 12  2.825855 ->  0.500000 qaram    1.3225
parameters
   -1.4908   -6.3690   19.4479  -21.4768  -22.0261   -7.9693
   -8.8726   -0.1084   10.5340   -9.2142    1.7546   10.9226
eta,q 0.95612 14.69621
  0.0665  0.0648  0.0592  0.0591  0.0516  0.0463  0.0530  0.0528  0.0509  0.0457  0.0486  0.0422
  0.0657  0.0645  0.0610  0.0594  0.0531  0.0493  0.0518  0.0517  0.0503  0.0470  0.0481  0.0435
  0.0650  0.0644  0.0627  0.0602  0.0561  0.0520  0.0508  0.0508  0.0499  0.0484  0.0477  0.0451
  0.0647  0.0645  0.0644  0.0614  0.0596  0.0537  0.0502  0.0500  0.0497  0.0497  0.0474  0.0471
  0.0645  0.0649  0.0661  0.0634  0.0628  0.0554  0.0501  0.0497  0.0499  0.0511  0.0471  0.0496
  0.0646  0.0654  0.0676  0.0671  0.0661  0.0580  0.0504  0.0499  0.0502  0.0528  0.0471  0.0521
  0.0651  0.0660  0.0691  0.0730  0.0695  0.0611  0.0512  0.0505  0.0508  0.0549  0.0474  0.0543
niter,ni,del,rscale     7    3    5.0000    1.2000
parameter  2  1.011640 ->  0.500000 qaram    1.1500
parameter  3 11.616758 ->  0.500000 qaram    1.7490
parameter  6  0.876184 ->  0.500000 qaram    1.3225
parameters
   -1.2459   -7.7490   17.3491  -17.5195  -24.6736  -12.7303
  -11.5666   -0.1543   11.0411  -13.7286    1.9010   11.3492
eta,q 0.96950 14.82580
  0.0463  0.0423  0.0312  0.0396  0.0394  0.0324  0.0319  0.0338  0.0320  0.0313  0.0314  0.0319
  0.0450  0.0425  0.0340  0.0376  0.0371  0.0315  0.0314  0.0324  0.0315  0.0306  0.0308  0.0313
  0.0442  0.0431  0.0380  0.0360  0.0353  0.0320  0.0312  0.0315  0.0313  0.0306  0.0306  0.0308
  0.0439  0.0439  0.0427  0.0350  0.0346  0.0350  0.0315  0.0312  0.0312  0.0312  0.0305  0.0305
  0.0440  0.0450  0.0472  0.0346  0.0354  0.0399  0.0321  0.0315  0.0313  0.0323  0.0306  0.0305
  0.0445  0.0465  0.0514  0.0351  0.0410  0.0438  0.0331  0.0324  0.0315  0.0340  0.0308  0.0308
  0.0455  0.0483  0.0551  0.0361  0.0504  0.0477  0.0342  0.0339  0.0318  0.0364  0.0313  0.0320
niter,ni,del,rscale     7    3    5.0000    1.2000
parameter  3  0.576999 ->  0.500000 qaram    2.0114
parameters
   -0.8854   -8.1430   14.9355  -11.8817  -20.5300  -13.0030
  -11.6926   -0.1762   13.3737  -12.7926    1.1683    9.4453
eta,q 0.97381 15.29023
  0.0330  0.0316  0.0294  0.0344  0.0372  0.0314  0.0289  0.0294  0.0284  0.0307  0.0268  0.0271
  0.0318  0.0308  0.0291  0.0321  0.0340  0.0297  0.0273  0.0277  0.0274  0.0282  0.0265  0.0265
  0.0309  0.0305  0.0294  0.0303  0.0309  0.0279  0.0265  0.0267  0.0268  0.0267  0.0263  0.0262
  0.0305  0.0305  0.0304  0.0291  0.0283  0.0263  0.0264  0.0264  0.0264  0.0262  0.0262  0.0262
  0.0305  0.0308  0.0323  0.0285  0.0263  0.0260  0.0268  0.0268  0.0262  0.0266  0.0263  0.0266
  0.0310  0.0315  0.0356  0.0278  0.0257  0.0280  0.0276  0.0278  0.0263  0.0275  0.0266  0.0272
  0.0319  0.0324  0.0404  0.0297  0.0314  0.0343  0.0289  0.0295  0.0268  0.0290  0.0272  0.0284
niter,ni,del,rscale     7    3    5.0000    1.2000
parameters
   -1.1181   -7.8356   13.7964  -14.3147  -21.0055  -11.2262
  -12.2509   -0.3616   13.7969  -11.7712    0.1947    8.1143
eta,q 0.97388 15.20043
  0.0279  0.0289  0.0284  0.0296  0.0344  0.0317  0.0276  0.0288  0.0271  0.0300  0.0267  0.0270
  0.0269  0.0274  0.0269  0.0280  0.0313  0.0299  0.0268  0.0273  0.0266  0.0277  0.0264  0.0264
  0.0263  0.0265  0.0262  0.0269  0.0286  0.0282  0.0263  0.0264  0.0263  0.0265  0.0262  0.0261
  0.0262  0.0262  0.0262  0.0261  0.0265  0.0267  0.0261  0.0261  0.0261  0.0261  0.0262  0.0262
  0.0265  0.0263  0.0270  0.0261  0.0253  0.0258  0.0264  0.0265  0.0261  0.0265  0.0263  0.0264
  0.0274  0.0268  0.0293  0.0301  0.0287  0.0260  0.0271  0.0276  0.0264  0.0271  0.0266  0.0269
  0.0288  0.0278  0.0337  0.0384  0.0399  0.0302  0.0283  0.0290  0.0269  0.0283  0.0271  0.0277
niter,ni,del,rscale     6    3    5.0000    1.2000
parameters
   -1.0481   -7.3851   13.2479  -14.6847  -21.0055  -11.8072
  -12.2929   -0.4772   14.2257  -10.8391   -0.0801    7.8351
eta,q 0.97351 15.16727
  0.0283  0.0286  0.0294  0.0308  0.0341  0.0306  0.0281  0.0290  0.0272  0.0297  0.0271  0.0275
  0.0272  0.0273  0.0277  0.0287  0.0311  0.0289  0.0273  0.0276  0.0268  0.0276  0.0268  0.0269
  0.0264  0.0265  0.0265  0.0272  0.0284  0.0274  0.0267  0.0267  0.0265  0.0266  0.0266  0.0265
  0.0261  0.0261  0.0261  0.0262  0.0262  0.0262  0.0264  0.0264  0.0264  0.0264  0.0265  0.0265
  0.0263  0.0262  0.0266  0.0255  0.0246  0.0255  0.0266  0.0268  0.0265  0.0268  0.0266  0.0267
  0.0270  0.0266  0.0285  0.0274  0.0269  0.0270  0.0272  0.0278  0.0267  0.0273  0.0268  0.0270
  0.0281  0.0273  0.0323  0.0333  0.0382  0.0352  0.0283  0.0292  0.0271  0.0283  0.0272  0.0276
niter,ni,del,rscale     5    3    5.0000    1.2000
parameters
   -1.1003   -6.9494   13.1052  -14.7302  -21.3948  -11.7176
  -12.2313   -0.6257   14.3134   -9.6539   -0.2692    7.7525
eta,q 0.97332 15.14644
  0.0285  0.0286  0.0300  0.0311  0.0338  0.0309  0.0283  0.0291  0.0273  0.0295  0.0273  0.0277
  0.0274  0.0275  0.0282  0.0290  0.0310  0.0293  0.0275  0.0277  0.0269  0.0276  0.0270  0.0271
  0.0267  0.0268  0.0270  0.0275  0.0285  0.0278  0.0269  0.0269  0.0267  0.0267  0.0268  0.0268
  0.0265  0.0265  0.0265  0.0265  0.0265  0.0267  0.0266  0.0266  0.0266  0.0266  0.0267  0.0267
  0.0268  0.0265  0.0268  0.0258  0.0249  0.0258  0.0268  0.0270  0.0267  0.0268  0.0268  0.0268
  0.0275  0.0269  0.0280  0.0274  0.0278  0.0266  0.0274  0.0279  0.0269  0.0271  0.0270  0.0272
  0.0287  0.0275  0.0309  0.0328  0.0392  0.0331  0.0284  0.0293  0.0272  0.0280  0.0274  0.0277
niter,ni,del,rscale     4    3    5.0000    1.2000
parameters
   -1.1630   -6.4918   12.7578  -14.9050  -21.8665  -12.0200
  -12.1233   -0.8668   14.3091   -7.9107   -0.3113    8.0673
eta,q 0.97307 15.10172
  0.0286  0.0285  0.0298  0.0312  0.0335  0.0307  0.0286  0.0293  0.0275  0.0294  0.0276  0.0280
  0.0276  0.0276  0.0281  0.0291  0.0308  0.0292  0.0278  0.0280  0.0272  0.0278  0.0273  0.0274
  0.0269  0.0270  0.0270  0.0276  0.0285  0.0279  0.0272  0.0272  0.0270  0.0272  0.0270  0.0270
  0.0267  0.0267  0.0267  0.0267  0.0267  0.0269  0.0270  0.0270  0.0270  0.0270  0.0269  0.0269
  0.0270  0.0267  0.0270  0.0261  0.0252  0.0260  0.0271  0.0273  0.0270  0.0269  0.0270  0.0270
  0.0277  0.0270  0.0284  0.0278  0.0278  0.0271  0.0276  0.0283  0.0272  0.0271  0.0273  0.0273
  0.0288  0.0276  0.0314  0.0330  0.0389  0.0339  0.0286  0.0295  0.0276  0.0280  0.0277  0.0279
niter,ni,del,rscale     3    3    5.0000    1.2000
parameters
   -1.2258   -5.6795   12.1762  -15.1746  -22.8992  -12.6466
  -11.9955   -1.1398   14.0416   -4.3817   -0.0071    7.9398
eta,q 0.97310 14.99954
  0.0288  0.0291  0.0296  0.0313  0.0329  0.0303  0.0288  0.0295  0.0281  0.0300  0.0279  0.0280
  0.0278  0.0281  0.0279  0.0292  0.0303  0.0290  0.0281  0.0283  0.0276  0.0287  0.0274  0.0275
  0.0271  0.0274  0.0270  0.0277  0.0283  0.0279  0.0275  0.0275  0.0273  0.0278  0.0271  0.0271
  0.0269  0.0269  0.0268  0.0268  0.0268  0.0271  0.0273  0.0273  0.0273  0.0273  0.0269  0.0269
  0.0272  0.0268  0.0274  0.0263  0.0257  0.0263  0.0274  0.0276  0.0274  0.0269  0.0270  0.0269
  0.0279  0.0270  0.0288  0.0281  0.0288  0.0275  0.0279  0.0285  0.0277  0.0269  0.0273  0.0273
  0.0290  0.0275  0.0318  0.0333  0.0400  0.0340  0.0288  0.0298  0.0282  0.0277  0.0278  0.0283
niter,ni,del,rscale     2    3    5.0000    1.2000
parameters
   -1.3026   -4.6487   11.4311  -15.0949  -24.1231  -13.5705
  -12.0986   -1.3845   13.5381   -2.2461    0.3301    7.2648
eta,q 0.97315 14.87873
  0.0288  0.0300  0.0294  0.0313  0.0326  0.0297  0.0285  0.0291  0.0282  0.0302  0.0280  0.0279
  0.0277  0.0286  0.0276  0.0291  0.0300  0.0285  0.0278  0.0280  0.0275  0.0287  0.0274  0.0273
  0.0271  0.0276  0.0267  0.0275  0.0279  0.0275  0.0273  0.0273  0.0271  0.0277  0.0270  0.0270
  0.0269  0.0269  0.0266  0.0265  0.0265  0.0269  0.0271  0.0271  0.0271  0.0270  0.0269  0.0269
  0.0272  0.0266  0.0274  0.0261  0.0258  0.0263  0.0272  0.0274  0.0273  0.0268  0.0270  0.0270
  0.0279  0.0268  0.0290  0.0276  0.0293  0.0276  0.0278  0.0282  0.0278  0.0271  0.0273  0.0275
  0.0290  0.0274  0.0323  0.0326  0.0399  0.0339  0.0287  0.0294  0.0286  0.0284  0.0278  0.0284
niter,ni,del,rscale     1    3    5.0000    1.2000
parameters
   -1.3035   -4.0377   11.1128  -14.8771  -24.7596  -14.0245
  -12.2119   -1.5034   13.2714   -1.1379    0.3846    6.6814
eta,q 0.97307 14.83169
  0.0289  0.0297  0.0300  0.0315  0.0330  0.0298  0.0285  0.0291  0.0283  0.0299  0.0280  0.0280
  0.0278  0.0283  0.0282  0.0293  0.0304  0.0286  0.0277  0.0280  0.0276  0.0284  0.0275  0.0274
  0.0271  0.0274  0.0271  0.0277  0.0283  0.0276  0.0272  0.0273  0.0271  0.0275  0.0271  0.0270
  0.0269  0.0269  0.0268  0.0268  0.0267  0.0269  0.0270  0.0270  0.0270  0.0270  0.0269  0.0269
  0.0271  0.0268  0.0273  0.0264  0.0259  0.0264  0.0272  0.0273  0.0272  0.0269  0.0271  0.0271
  0.0278  0.0272  0.0287  0.0277  0.0284  0.0272  0.0277  0.0281  0.0277  0.0274  0.0275  0.0275
  0.0289  0.0279  0.0312  0.0324  0.0380  0.0325  0.0286  0.0293  0.0285  0.0289  0.0280  0.0284
registration optimization eta report
parameter search radius
    2.4000    2.7600    4.8273   12.5928   12.5928    9.5220
    7.2000    7.2000    7.2000    9.5220    8.2800    9.5220
100000*second partial in parameter space
       35.       25.       17.        3.        6.        5.
        3.        4.        3.        3.        2.        1.
  0.0289  0.0297  0.0300  0.0315  0.0330  0.0298  0.0285  0.0291  0.0283  0.0299  0.0280  0.0280
  0.0278  0.0283  0.0282  0.0293  0.0304  0.0286  0.0277  0.0280  0.0276  0.0284  0.0275  0.0274
  0.0271  0.0274  0.0271  0.0277  0.0283  0.0276  0.0272  0.0273  0.0271  0.0275  0.0271  0.0270
  0.0269  0.0269  0.0268  0.0268  0.0267  0.0269  0.0270  0.0270  0.0270  0.0270  0.0269  0.0269
  0.0271  0.0268  0.0273  0.0264  0.0259  0.0264  0.0272  0.0273  0.0272  0.0269  0.0271  0.0271
  0.0278  0.0272  0.0287  0.0277  0.0284  0.0272  0.0277  0.0281  0.0277  0.0274  0.0275  0.0275
  0.0289  0.0279  0.0312  0.0324  0.0380  0.0325  0.0286  0.0293  0.0285  0.0289  0.0280  0.0284
   -1.3035   -4.0377   11.1128  -14.8771  -24.7596  -14.0245
  -12.2119   -1.5034   13.2714   -1.1379    0.3846    6.6814
eta,q 0.97307 14.83169

---------------------------------------------------------------------
imgreg_4dfp /opt/freesurfer/average/711-2C_as_mni_average_305 /opt/freesurfer/average/711-2B_as_mni_average_305_mask talsrcimg_g11 none talsrcimg_to_711-2C_as_mni_average_305_t4 2311
---------------------------------------------------------------------

freesurfer imgreg_4dfp.c
/opt/freesurfer/average/711-2C_as_mni_average_305.4dfp.img
       256       256       256         1
  1.000000  1.000000  1.000000
orientation T byte_order littleendian
Reading image: /opt/freesurfer/average/711-2C_as_mni_average_305.4dfp.img
dimensions:      256       256       256
mmppix:       1.0000   -1.0000   -1.0000
center:     128.0000 -129.0000 -129.0000
/opt/freesurfer/average/711-2B_as_mni_average_305_mask.4dfp.img
       256       256       256         1
  1.000000  1.000000  1.000000
orientation T byte_order littleendian
Reading mask: /opt/freesurfer/average/711-2B_as_mni_average_305_mask.4dfp.img (2306576 pixels)
talsrcimg_g11.4dfp.img
       256       256       256         1
  0.900000  0.900000  0.900000
orientation T byte_order littleendian
Reading image: talsrcimg_g11.4dfp.img
dimensions:      256       256       256
mmppix:       0.9000   -0.9000   -0.9000
center:     115.2000 -116.1000 -116.1000
fimgreg.f
image alignment mode   2311 decimal      907 hex
parameters
   -1.3035   -4.0377   11.1128  -14.8771  -24.7596  -14.0245
  -12.2119   -1.5034   13.2714   -1.1379    0.3846    6.6814
eta,q 0.97307 14.83169
niter,ni,del,rscale     5    3    5.0000    0.8000
parameter  4 -0.943699 -> -0.500000 qaram    1.1500
parameter  5 -1.458370 -> -0.500000 qaram    1.1500
parameter  6 -0.993348 -> -0.500000 qaram    1.1500
parameters
   -1.3084   -3.7452   11.0217  -12.1171  -21.9996  -11.2645
  -11.9665   -1.0160   13.4207   -1.3868    1.1522    5.6226
eta,q 0.97454 15.20617
  0.0279  0.0278  0.0273  0.0280  0.0286  0.0274  0.0266  0.0274  0.0263  0.0265  0.0259  0.0258
  0.0273  0.0274  0.0271  0.0275  0.0279  0.0269  0.0260  0.0261  0.0259  0.0260  0.0257  0.0256
  0.0270  0.0271  0.0269  0.0271  0.0272  0.0264  0.0256  0.0256  0.0256  0.0256  0.0255  0.0255
  0.0269  0.0269  0.0269  0.0269  0.0267  0.0259  0.0254  0.0254  0.0255  0.0255  0.0255  0.0255
  0.0270  0.0269  0.0270  0.0268  0.0262  0.0256  0.0255  0.0256  0.0255  0.0255  0.0255  0.0256
  0.0274  0.0271  0.0271  0.0267  0.0259  0.0254  0.0258  0.0260  0.0258  0.0260  0.0255  0.0259
  0.0279  0.0273  0.0274  0.0266  0.0258  0.0255  0.0264  0.0265  0.0263  0.0269  0.0257  0.0266
niter,ni,del,rscale     7    3    5.0000    1.0000
parameters
   -1.4703   -4.2322   11.1306  -12.7748  -21.8469  -12.3396
  -11.8454   -1.6187   13.2308   -1.5532    0.8162    6.2891
eta,q 0.97442 15.15990
  0.0267  0.0261  0.0263  0.0266  0.0280  0.0274  0.0269  0.0271  0.0266  0.0268  0.0261  0.0264
  0.0260  0.0256  0.0258  0.0260  0.0270  0.0266  0.0262  0.0261  0.0261  0.0263  0.0258  0.0261
  0.0256  0.0254  0.0255  0.0257  0.0261  0.0259  0.0258  0.0256  0.0257  0.0258  0.0257  0.0258
  0.0255  0.0255  0.0254  0.0254  0.0255  0.0254  0.0256  0.0256  0.0256  0.0256  0.0256  0.0256
  0.0257  0.0258  0.0254  0.0252  0.0251  0.0252  0.0257  0.0260  0.0257  0.0257  0.0257  0.0256
  0.0262  0.0265  0.0256  0.0259  0.0259  0.0270  0.0261  0.0267  0.0261  0.0261  0.0259  0.0257
  0.0272  0.0275  0.0261  0.0281  0.0287  0.0313  0.0269  0.0276  0.0268  0.0272  0.0262  0.0262
niter,ni,del,rscale     6    3    5.0000    0.9000
parameters
   -1.4704   -4.2332   11.0746  -12.5786  -21.5137  -12.3920
  -11.6939   -1.5589   13.3590   -1.6198    0.8988    6.3003
eta,q 0.97450 15.18547
  0.0267  0.0266  0.0262  0.0267  0.0278  0.0273  0.0267  0.0272  0.0265  0.0266  0.0260  0.0261
  0.0261  0.0260  0.0258  0.0262  0.0269  0.0266  0.0260  0.0261  0.0260  0.0261  0.0257  0.0258
  0.0257  0.0257  0.0256  0.0258  0.0262  0.0260  0.0256  0.0256  0.0256  0.0257  0.0255  0.0256
  0.0256  0.0256  0.0256  0.0256  0.0256  0.0255  0.0255  0.0255  0.0255  0.0255  0.0255  0.0255
  0.0257  0.0257  0.0257  0.0254  0.0253  0.0251  0.0256  0.0257  0.0256  0.0255  0.0255  0.0255
  0.0261  0.0260  0.0259  0.0257  0.0258  0.0256  0.0259  0.0262  0.0259  0.0260  0.0257  0.0257
  0.0267  0.0266  0.0263  0.0270  0.0280  0.0284  0.0266  0.0269  0.0264  0.0269  0.0259  0.0262
niter,ni,del,rscale     5    3    5.0000    0.8000
parameters
   -1.5257   -4.2869   11.0551  -12.1841  -21.1306  -11.8996
  -11.5801   -1.4806   13.4407   -1.7989    1.1012    6.1367
eta,q 0.97470 15.24198
  0.0263  0.0263  0.0260  0.0264  0.0273  0.0270  0.0263  0.0267  0.0261  0.0262  0.0257  0.0258
  0.0259  0.0258  0.0257  0.0260  0.0266  0.0264  0.0257  0.0258  0.0257  0.0258  0.0255  0.0256
  0.0256  0.0256  0.0256  0.0257  0.0260  0.0258  0.0254  0.0254  0.0254  0.0254  0.0253  0.0254
  0.0255  0.0255  0.0255  0.0255  0.0255  0.0254  0.0253  0.0253  0.0253  0.0253  0.0253  0.0253
  0.0256  0.0256  0.0256  0.0253  0.0252  0.0250  0.0254  0.0255  0.0253  0.0254  0.0253  0.0253
  0.0259  0.0259  0.0257  0.0255  0.0257  0.0252  0.0257  0.0259  0.0256  0.0257  0.0254  0.0255
  0.0265  0.0264  0.0260  0.0265  0.0274  0.0271  0.0262  0.0265  0.0261  0.0266  0.0256  0.0260
niter,ni,del,rscale     4    3    5.0000    0.7000
parameters
   -1.6086   -4.3978   11.1165  -11.7739  -20.7362  -11.4050
  -11.4873   -1.4418   13.4774   -2.0685    1.3737    5.9697
eta,q 0.97492 15.30057
  0.0259  0.0259  0.0257  0.0261  0.0268  0.0266  0.0259  0.0262  0.0257  0.0259  0.0254  0.0255
  0.0256  0.0255  0.0255  0.0258  0.0262  0.0260  0.0254  0.0255  0.0254  0.0255  0.0252  0.0253
  0.0253  0.0253  0.0253  0.0255  0.0257  0.0255  0.0251  0.0251  0.0252  0.0252  0.0251  0.0251
  0.0253  0.0253  0.0253  0.0253  0.0252  0.0252  0.0251  0.0251  0.0251  0.0251  0.0251  0.0251
  0.0254  0.0254  0.0253  0.0251  0.0251  0.0249  0.0251  0.0252  0.0251  0.0252  0.0251  0.0251
  0.0257  0.0257  0.0254  0.0253  0.0254  0.0250  0.0254  0.0256  0.0253  0.0255  0.0252  0.0253
  0.0261  0.0261  0.0257  0.0261  0.0267  0.0265  0.0258  0.0261  0.0257  0.0262  0.0253  0.0257
niter,ni,del,rscale     3    3    5.0000    0.6000
parameters
   -1.7036   -4.5520   11.2012  -11.3243  -20.3171  -10.8889
  -11.4284   -1.4250   13.4707   -2.4679    1.7097    5.7868
eta,q 0.97517 15.36242
  0.0255  0.0255  0.0254  0.0257  0.0263  0.0261  0.0255  0.0257  0.0254  0.0254  0.0251  0.0252
  0.0253  0.0252  0.0252  0.0255  0.0258  0.0256  0.0251  0.0252  0.0251  0.0251  0.0250  0.0250
  0.0251  0.0251  0.0251  0.0253  0.0253  0.0253  0.0249  0.0249  0.0249  0.0249  0.0249  0.0249
  0.0251  0.0251  0.0251  0.0251  0.0250  0.0249  0.0248  0.0248  0.0248  0.0248  0.0248  0.0248
  0.0252  0.0252  0.0251  0.0249  0.0249  0.0247  0.0249  0.0249  0.0249  0.0249  0.0248  0.0249
  0.0254  0.0254  0.0252  0.0251  0.0251  0.0248  0.0251  0.0252  0.0251  0.0253  0.0249  0.0250
  0.0257  0.0258  0.0253  0.0257  0.0261  0.0260  0.0255  0.0257  0.0254  0.0259  0.0250  0.0253
niter,ni,del,rscale     2    3    5.0000    0.5000
parameters
   -1.7904   -4.7352   11.3152  -10.9123  -19.8860  -10.3093
  -11.4408   -1.3835   13.4159   -3.0165    2.0767    5.5082
eta,q 0.97542 15.42390
  0.0252  0.0251  0.0251  0.0254  0.0258  0.0256  0.0251  0.0253  0.0250  0.0250  0.0248  0.0248
  0.0250  0.0249  0.0250  0.0252  0.0254  0.0253  0.0248  0.0249  0.0248  0.0247  0.0247  0.0247
  0.0249  0.0248  0.0249  0.0250  0.0250  0.0250  0.0246  0.0246  0.0246  0.0246  0.0246  0.0246
  0.0248  0.0248  0.0248  0.0248  0.0248  0.0247  0.0246  0.0246  0.0246  0.0246  0.0246  0.0246
  0.0249  0.0249  0.0248  0.0247  0.0247  0.0245  0.0247  0.0247  0.0246  0.0247  0.0246  0.0246
  0.0251  0.0251  0.0249  0.0249  0.0249  0.0246  0.0248  0.0249  0.0248  0.0250  0.0246  0.0247
  0.0253  0.0254  0.0250  0.0253  0.0255  0.0254  0.0251  0.0252  0.0250  0.0255  0.0247  0.0250
niter,ni,del,rscale     1    3    5.0000    0.4000
parameters
   -1.8357   -4.9472   11.4750  -10.5885  -19.3897   -9.6372
  -11.5442   -1.2923   13.2775   -3.7771    2.6150    5.1223
eta,q 0.97572 15.48630
  0.0248  0.0247  0.0248  0.0250  0.0253  0.0252  0.0247  0.0248  0.0246  0.0245  0.0245  0.0244
  0.0247  0.0246  0.0247  0.0249  0.0250  0.0250  0.0245  0.0245  0.0244  0.0243  0.0244  0.0243
  0.0246  0.0246  0.0246  0.0247  0.0247  0.0247  0.0244  0.0244  0.0244  0.0243  0.0243  0.0243
  0.0246  0.0246  0.0246  0.0246  0.0245  0.0245  0.0243  0.0243  0.0243  0.0243  0.0243  0.0243
  0.0246  0.0247  0.0246  0.0245  0.0245  0.0243  0.0244  0.0244  0.0244  0.0245  0.0243  0.0243
  0.0247  0.0248  0.0246  0.0246  0.0246  0.0243  0.0245  0.0245  0.0245  0.0247  0.0243  0.0244
  0.0249  0.0250  0.0247  0.0249  0.0250  0.0249  0.0247  0.0247  0.0247  0.0251  0.0244  0.0246
registration optimization eta report
parameter search radius
    0.8000    0.8000    0.8000    2.7600    2.7600    2.7600
    2.4000    2.4000    2.4000    2.4000    2.4000    2.4000
100000*second partial in parameter space
       46.       42.       24.        6.        8.        8.
        7.        8.        5.        8.        2.        4.
  0.0248  0.0247  0.0248  0.0250  0.0253  0.0252  0.0247  0.0248  0.0246  0.0245  0.0245  0.0244
  0.0247  0.0246  0.0247  0.0249  0.0250  0.0250  0.0245  0.0245  0.0244  0.0243  0.0244  0.0243
  0.0246  0.0246  0.0246  0.0247  0.0247  0.0247  0.0244  0.0244  0.0244  0.0243  0.0243  0.0243
  0.0246  0.0246  0.0246  0.0246  0.0245  0.0245  0.0243  0.0243  0.0243  0.0243  0.0243  0.0243
  0.0246  0.0247  0.0246  0.0245  0.0245  0.0243  0.0244  0.0244  0.0244  0.0245  0.0243  0.0243
  0.0247  0.0248  0.0246  0.0246  0.0246  0.0243  0.0245  0.0245  0.0245  0.0247  0.0243  0.0244
  0.0249  0.0250  0.0247  0.0249  0.0250  0.0249  0.0247  0.0247  0.0247  0.0251  0.0244  0.0246
   -1.8357   -4.9472   11.4750  -10.5885  -19.3897   -9.6372
  -11.5442   -1.2923   13.2775   -3.7771    2.6150    5.1223
eta,q 0.97572 15.48630

---------------------------------------------------------------------
imgreg_4dfp /opt/freesurfer/average/711-2C_as_mni_average_305 /opt/freesurfer/average/711-2B_as_mni_average_305_mask talsrcimg_g11 none talsrcimg_to_711-2C_as_mni_average_305_t4 2311
---------------------------------------------------------------------

freesurfer imgreg_4dfp.c
/opt/freesurfer/average/711-2C_as_mni_average_305.4dfp.img
       256       256       256         1
  1.000000  1.000000  1.000000
orientation T byte_order littleendian
Reading image: /opt/freesurfer/average/711-2C_as_mni_average_305.4dfp.img
dimensions:      256       256       256
mmppix:       1.0000   -1.0000   -1.0000
center:     128.0000 -129.0000 -129.0000
/opt/freesurfer/average/711-2B_as_mni_average_305_mask.4dfp.img
       256       256       256         1
  1.000000  1.000000  1.000000
orientation T byte_order littleendian
Reading mask: /opt/freesurfer/average/711-2B_as_mni_average_305_mask.4dfp.img (2306576 pixels)
talsrcimg_g11.4dfp.img
       256       256       256         1
  0.900000  0.900000  0.900000
orientation T byte_order littleendian
Reading image: talsrcimg_g11.4dfp.img
dimensions:      256       256       256
mmppix:       0.9000   -0.9000   -0.9000
center:     115.2000 -116.1000 -116.1000
fimgreg.f
image alignment mode   2311 decimal      907 hex
parameters
   -1.8357   -4.9472   11.4750  -10.5885  -19.3897   -9.6372
  -11.5442   -1.2923   13.2775   -3.7771    2.6150    5.1223
eta,q 0.97572 15.48630
niter,ni,del,rscale     5    3    5.0000    0.8000
parameters
   -1.7892   -5.2503   11.6717  -11.3197  -19.5622  -10.1954
  -11.3009   -1.4068   12.9768   -4.2610    2.2151    5.7501
eta,q 0.97547 15.43715
  0.0257  0.0250  0.0252  0.0252  0.0259  0.0260  0.0259  0.0261  0.0253  0.0255  0.0249  0.0253
  0.0249  0.0245  0.0247  0.0248  0.0253  0.0254  0.0251  0.0251  0.0249  0.0250  0.0247  0.0250
  0.0244  0.0243  0.0244  0.0245  0.0247  0.0249  0.0247  0.0247  0.0246  0.0247  0.0246  0.0247
  0.0243  0.0243  0.0243  0.0242  0.0243  0.0244  0.0246  0.0245  0.0245  0.0245  0.0246  0.0246
  0.0244  0.0245  0.0243  0.0243  0.0243  0.0242  0.0247  0.0247  0.0246  0.0247  0.0246  0.0245
  0.0248  0.0251  0.0245  0.0251  0.0249  0.0255  0.0250  0.0253  0.0250  0.0252  0.0248  0.0247
  0.0255  0.0259  0.0248  0.0267  0.0268  0.0281  0.0256  0.0262  0.0256  0.0261  0.0250  0.0251
niter,ni,del,rscale     4    3    5.0000    0.7000
parameters
   -1.7270   -5.3004   11.6810  -11.1122  -19.1751  -10.0274
  -11.3424   -1.1493   12.9689   -4.6832    2.4579    5.6408
eta,q 0.97561 15.47165
  0.0255  0.0252  0.0250  0.0254  0.0259  0.0258  0.0254  0.0258  0.0251  0.0252  0.0247  0.0249
  0.0249  0.0248  0.0247  0.0251  0.0254  0.0253  0.0248  0.0250  0.0247  0.0248  0.0245  0.0247
  0.0246  0.0246  0.0246  0.0248  0.0249  0.0249  0.0244  0.0245  0.0245  0.0245  0.0244  0.0245
  0.0245  0.0245  0.0245  0.0245  0.0245  0.0244  0.0244  0.0244  0.0244  0.0244  0.0244  0.0244
  0.0246  0.0246  0.0246  0.0244  0.0244  0.0241  0.0245  0.0245  0.0244  0.0245  0.0244  0.0244
  0.0249  0.0249  0.0247  0.0247  0.0247  0.0245  0.0249  0.0248  0.0247  0.0249  0.0245  0.0246
  0.0253  0.0253  0.0250  0.0255  0.0258  0.0262  0.0254  0.0255  0.0251  0.0257  0.0247  0.0250
niter,ni,del,rscale     3    3    5.0000    0.6000
parameters
   -1.7006   -5.4445   11.7724  -10.7527  -18.7566   -9.4571
  -11.5159   -0.9939   12.8064   -5.3163    3.0317    5.3078
eta,q 0.97594 15.52783
  0.0251  0.0248  0.0248  0.0251  0.0255  0.0255  0.0249  0.0252  0.0246  0.0246  0.0244  0.0244
  0.0247  0.0246  0.0246  0.0249  0.0251  0.0251  0.0244  0.0246  0.0243  0.0243  0.0242  0.0242
  0.0245  0.0244  0.0244  0.0246  0.0246  0.0247  0.0241  0.0242  0.0241  0.0241  0.0241  0.0241
  0.0244  0.0244  0.0244  0.0244  0.0243  0.0243  0.0241  0.0241  0.0241  0.0241  0.0241  0.0241
  0.0244  0.0245  0.0244  0.0243  0.0242  0.0239  0.0242  0.0242  0.0241  0.0242  0.0241  0.0241
  0.0247  0.0247  0.0245  0.0245  0.0245  0.0241  0.0245  0.0245  0.0244  0.0246  0.0241  0.0243
  0.0250  0.0251  0.0247  0.0250  0.0253  0.0253  0.0250  0.0250  0.0247  0.0253  0.0243  0.0247
niter,ni,del,rscale     2    3    5.0000    0.5000
parameters
   -1.6401   -5.6917   11.9248  -10.4122  -18.2135   -8.9424
  -11.6883   -0.9164   12.5341   -6.1492    3.4973    5.0724
eta,q 0.97629 15.58373
  0.0246  0.0243  0.0244  0.0247  0.0249  0.0251  0.0244  0.0246  0.0241  0.0240  0.0240  0.0240
  0.0243  0.0241  0.0242  0.0244  0.0246  0.0247  0.0240  0.0241  0.0239  0.0238  0.0239  0.0238
  0.0241  0.0241  0.0241  0.0242  0.0242  0.0243  0.0238  0.0239  0.0238  0.0237  0.0238  0.0237
  0.0241  0.0241  0.0240  0.0240  0.0240  0.0239  0.0238  0.0238  0.0238  0.0238  0.0237  0.0237
  0.0241  0.0242  0.0240  0.0240  0.0239  0.0237  0.0239  0.0238  0.0238  0.0239  0.0237  0.0237
  0.0242  0.0244  0.0241  0.0241  0.0240  0.0239  0.0242  0.0241  0.0240  0.0242  0.0238  0.0239
  0.0245  0.0247  0.0242  0.0246  0.0246  0.0248  0.0245  0.0246  0.0243  0.0248  0.0239  0.0241
niter,ni,del,rscale     1    3    5.0000    0.4000
parameters
   -1.5617   -6.0444   12.1077  -10.1969  -17.5932   -8.4719
  -11.7415   -0.8778   12.3804   -7.1963    3.6141    5.0315
eta,q 0.97665 15.63186
  0.0241  0.0237  0.0240  0.0242  0.0244  0.0246  0.0240  0.0241  0.0237  0.0235  0.0235  0.0236
  0.0239  0.0237  0.0238  0.0240  0.0241  0.0242  0.0236  0.0237  0.0235  0.0234  0.0235  0.0235
  0.0238  0.0237  0.0237  0.0238  0.0238  0.0239  0.0235  0.0235  0.0234  0.0234  0.0234  0.0234
  0.0237  0.0237  0.0237  0.0236  0.0236  0.0235  0.0234  0.0234  0.0234  0.0234  0.0233  0.0234
  0.0237  0.0238  0.0237  0.0236  0.0235  0.0234  0.0235  0.0235  0.0235  0.0236  0.0234  0.0234
  0.0238  0.0240  0.0237  0.0237  0.0236  0.0235  0.0237  0.0237  0.0236  0.0238  0.0234  0.0234
  0.0240  0.0243  0.0238  0.0241  0.0239  0.0242  0.0240  0.0240  0.0238  0.0242  0.0235  0.0236
registration optimization eta report
parameter search radius
    0.8000    0.8000    0.8000    2.4000    2.4000    2.4000
    2.4000    2.4000    2.4000    2.4000    2.4000    2.4000
100000*second partial in parameter space
       57.       45.       34.        8.        9.       14.
        9.       11.        6.        7.        3.        4.
  0.0241  0.0237  0.0240  0.0242  0.0244  0.0246  0.0240  0.0241  0.0237  0.0235  0.0235  0.0236
  0.0239  0.0237  0.0238  0.0240  0.0241  0.0242  0.0236  0.0237  0.0235  0.0234  0.0235  0.0235
  0.0238  0.0237  0.0237  0.0238  0.0238  0.0239  0.0235  0.0235  0.0234  0.0234  0.0234  0.0234
  0.0237  0.0237  0.0237  0.0236  0.0236  0.0235  0.0234  0.0234  0.0234  0.0234  0.0233  0.0234
  0.0237  0.0238  0.0237  0.0236  0.0235  0.0234  0.0235  0.0235  0.0235  0.0236  0.0234  0.0234
  0.0238  0.0240  0.0237  0.0237  0.0236  0.0235  0.0237  0.0237  0.0236  0.0238  0.0234  0.0234
  0.0240  0.0243  0.0238  0.0241  0.0239  0.0242  0.0240  0.0240  0.0238  0.0242  0.0235  0.0236
   -1.5617   -6.0444   12.1077  -10.1969  -17.5932   -8.4719
  -11.7415   -0.8778   12.3804   -7.1963    3.6141    5.0315
eta,q 0.97665 15.63186

---------------------------------------------------------------------
compute_vox2vox talsrcimg talsrcimg_to_711-2C_as_mni_average_305_t4 /opt/freesurfer/average/711-2C_as_mni_average_305
---------------------------------------------------------------------

freesurfer compute_vox2vox.c
Reading: talsrcimg.4dfp.ifh
Reading: talsrcimg_to_711-2C_as_mni_average_305_t4
Reading: /opt/freesurfer/average/711-2C_as_mni_average_305.4dfp.ifh
Writing: talsrcimg_to_711-2C_as_mni_average_305_t4_vox2vox.txt

start time Thu Mar 12 19:34:11 CET 2026
end		time Thu Mar 12 19:35:39 CET 2026

mpr2mni305 success

avi2talxfm orig_nu.mgz /opt/freesurfer/average/mni305.cor.mgz talsrcimg_to_711-2C_as_mni_average_305_t4_vox2vox.txt transforms/talairach.auto.xfm
avi2talxfm done
mv -f /out/sourcedata/freesurfer/sub-v2s1x29891_ses-1/mri/talsrcimg_to_711-2C_as_mni_average_305_t4_vox2vox.txt /out/sourcedata/freesurfer/sub-v2s1x29891_ses-1/mri/transforms/talsrcimg_to_711-2C_as_mni_average_305_t4_vox2vox.txt
lta_convert --src orig_nu.mgz --trg /opt/freesurfer/average/mni305.cor.mgz --inxfm transforms/talairach.auto.xfm --outlta transforms/talairach.auto.xfm.lta --subject fsaverage
7.3.2

--src: orig_nu.mgz src image (geometry).
--trg: /opt/freesurfer/average/mni305.cor.mgz trg image (geometry).
--inmni: transforms/talairach.auto.xfm input MNI/XFM transform.
--outlta: transforms/talairach.auto.xfm.lta output LTA.
--s: fsaverage subject name
 LTA read, type : 1
 1.09139   0.02259   0.15413   0.05054;
-0.03392   1.08664  -0.07118  -44.83533;
-0.16693   0.09150   1.18412  -23.05733;
 0.00000   0.00000   0.00000   1.00000;
setting subject to fsaverage
Writing  LTA to file transforms/talairach.auto.xfm.lta...
lta_convert successful.
 
 
Started at Thu Mar 12 19:34:11 CET 2026
Ended   at Thu Mar 12 19:35:39 CET 2026
talairach_avi done
