status file for recon-all
Thu Mar 12 19:46:14 CET 2026
#@# MotionCor Thu Mar 12 19:46:16 CET 2026
#@# Talairach Thu Mar 12 19:46:24 CET 2026
#@# Talairach Failure Detection Thu Mar 12 19:50:49 CET 2026
#@# Nu Intensity Correction Thu Mar 12 19:50:49 CET 2026
#@# Intensity Normalization Thu Mar 12 19:54:04 CET 2026
recon-all -s sub-v2s1x29901_ses-1 finished without error at Thu Mar 12 19:55:41 CET 2026



#New# invocation of recon-all 



status file for recon-all
Thu Mar 12 20:03:05 CET 2026
#@# EM Registration Thu Mar 12 20:03:05 CET 2026
recon-all -s sub-v2s1x29901_ses-1 finished without error at Thu Mar 12 20:05:19 CET 2026



#New# invocation of recon-all 



status file for recon-all
Thu Mar 12 20:05:21 CET 2026
#@# CA Normalize Thu Mar 12 20:05:21 CET 2026
#@# CA Reg Thu Mar 12 20:06:39 CET 2026
#@# SubCort Seg Thu Mar 12 21:01:05 CET 2026
#@# CC Seg Thu Mar 12 21:38:20 CET 2026
#@# Merge ASeg Thu Mar 12 21:39:17 CET 2026
#@# Intensity Normalization2 Thu Mar 12 21:39:17 CET 2026
#@# Mask BFS Thu Mar 12 21:41:32 CET 2026
#@# WM Segmentation Thu Mar 12 21:41:33 CET 2026
#@# Fill Thu Mar 12 21:43:53 CET 2026
recon-all -s sub-v2s1x29901_ses-1 finished without error at Thu Mar 12 21:45:01 CET 2026



#New# invocation of recon-all 



status file for recon-all
Thu Mar 12 22:51:53 CET 2026
#@# white curv lh Thu Mar 12 22:51:54 CET 2026
#@# white area lh Thu Mar 12 22:51:54 CET 2026
#@# pial curv lh Thu Mar 12 22:51:54 CET 2026
#@# pial area lh Thu Mar 12 22:51:54 CET 2026
#@# thickness lh Thu Mar 12 22:51:54 CET 2026
#@# area and vertex vol lh Thu Mar 12 22:51:54 CET 2026
#@# white curv rh Thu Mar 12 22:51:54 CET 2026
#@# white area rh Thu Mar 12 22:51:54 CET 2026
#@# pial curv rh Thu Mar 12 22:51:54 CET 2026
#@# pial area rh Thu Mar 12 22:51:54 CET 2026
#@# thickness rh Thu Mar 12 22:51:54 CET 2026
#@# area and vertex vol rh Thu Mar 12 22:51:54 CET 2026
#@# Cortical ribbon mask Thu Mar 12 22:51:54 CET 2026
recon-all -s sub-v2s1x29901_ses-1 finished without error at Thu Mar 12 23:04:43 CET 2026



#New# invocation of recon-all 



status file for recon-all
Thu Mar 12 23:14:14 CET 2026
#@# white curv lh Thu Mar 12 23:14:14 CET 2026
#@# white area lh Thu Mar 12 23:14:14 CET 2026
#@# pial curv lh Thu Mar 12 23:14:14 CET 2026
#@# pial area lh Thu Mar 12 23:14:14 CET 2026
#@# thickness lh Thu Mar 12 23:14:14 CET 2026
#@# area and vertex vol lh Thu Mar 12 23:14:14 CET 2026
#@# white curv rh Thu Mar 12 23:14:14 CET 2026
#@# white area rh Thu Mar 12 23:14:14 CET 2026
#@# pial curv rh Thu Mar 12 23:14:14 CET 2026
#@# pial area rh Thu Mar 12 23:14:14 CET 2026
#@# thickness rh Thu Mar 12 23:14:14 CET 2026
#@# area and vertex vol rh Thu Mar 12 23:14:14 CET 2026
#@# Curvature Stats lh Thu Mar 12 23:14:14 CET 2026
#@# Curvature Stats rh Thu Mar 12 23:14:18 CET 2026
#@# Relabel Hypointensities Thu Mar 12 23:14:22 CET 2026
#@# APas-to-ASeg Thu Mar 12 23:14:43 CET 2026
#@# AParc-to-ASeg aparc Thu Mar 12 23:14:55 CET 2026
#@# AParc-to-ASeg aparc.a2009s Thu Mar 12 23:16:13 CET 2026
#@# AParc-to-ASeg aparc.DKTatlas Thu Mar 12 23:17:29 CET 2026
#@# WMParc Thu Mar 12 23:18:47 CET 2026
#@# ASeg Stats Thu Mar 12 23:23:44 CET 2026
recon-all -s sub-v2s1x29901_ses-1 finished without error at Thu Mar 12 23:24:26 CET 2026
