status file for recon-all
Wed Mar 11 20:49:59 CET 2026
#@# Tessellate rh Wed Mar 11 20:49:59 CET 2026
#@# Smooth1 rh Wed Mar 11 20:50:03 CET 2026
#@# Inflation1 rh Wed Mar 11 20:50:06 CET 2026
#@# QSphere rh Wed Mar 11 20:51:17 CET 2026
#@# Fix Topology rh Wed Mar 11 20:52:19 CET 2026
#@# Smooth2 rh Wed Mar 11 21:03:15 CET 2026
#@# Inflation2 rh Wed Mar 11 21:03:18 CET 2026
#@# Curv .H and .K rh Wed Mar 11 21:04:26 CET 2026
#@# Sphere rh Wed Mar 11 21:05:17 CET 2026
#@# Surf Reg rh Wed Mar 11 21:10:51 CET 2026
#@# Jacobian white rh Wed Mar 11 21:17:32 CET 2026
#@# AvgCurv rh Wed Mar 11 21:17:33 CET 2026
#@# Cortical Parc rh Wed Mar 11 21:17:34 CET 2026
#@# white curv rh Wed Mar 11 21:23:49 CET 2026
#@# white area rh Wed Mar 11 21:23:51 CET 2026
#@# pial curv rh Wed Mar 11 21:23:51 CET 2026
#@# pial area rh Wed Mar 11 21:23:53 CET 2026
#@# thickness rh Wed Mar 11 21:23:54 CET 2026
#@# area and vertex vol rh Wed Mar 11 21:24:27 CET 2026
#@# Curvature Stats rh Wed Mar 11 21:24:28 CET 2026
#@# Cortical Parc 2 rh Wed Mar 11 21:24:31 CET 2026
#@# Cortical Parc 3 rh Wed Mar 11 21:24:46 CET 2026
#@# WM/GM Contrast rh Wed Mar 11 21:24:57 CET 2026
recon-all -s sub-v2s1x29869_ses-1 finished without error at Wed Mar 11 21:25:01 CET 2026



#New# invocation of recon-all 



status file for recon-all
Wed Mar 11 21:38:10 CET 2026
#@# white curv rh Wed Mar 11 21:38:10 CET 2026
#@# white area rh Wed Mar 11 21:38:10 CET 2026
#@# pial curv rh Wed Mar 11 21:38:10 CET 2026
#@# pial area rh Wed Mar 11 21:38:10 CET 2026
#@# thickness rh Wed Mar 11 21:38:10 CET 2026
#@# area and vertex vol rh Wed Mar 11 21:38:10 CET 2026
#@# Parcellation Stats rh Wed Mar 11 21:38:10 CET 2026
#@# Parcellation Stats 2 rh Wed Mar 11 21:38:31 CET 2026
#@# Parcellation Stats 3 rh Wed Mar 11 21:38:42 CET 2026
#@# BA_exvivo Labels rh Wed Mar 11 21:38:53 CET 2026
recon-all -s sub-v2s1x29869_ses-1 finished without error at Wed Mar 11 21:41:36 CET 2026
