status file for recon-all
Thu Mar 12 22:14:33 CET 2026
#@# Tessellate lh Thu Mar 12 22:14:33 CET 2026
#@# Smooth1 lh Thu Mar 12 22:14:37 CET 2026
#@# Inflation1 lh Thu Mar 12 22:14:39 CET 2026
#@# QSphere lh Thu Mar 12 22:15:32 CET 2026
#@# Fix Topology lh Thu Mar 12 22:16:21 CET 2026
#@# Smooth2 lh Thu Mar 12 22:20:57 CET 2026
#@# Inflation2 lh Thu Mar 12 22:21:00 CET 2026
#@# Curv .H and .K lh Thu Mar 12 22:21:45 CET 2026
#@# Sphere lh Thu Mar 12 22:22:29 CET 2026
#@# Surf Reg lh Thu Mar 12 22:24:31 CET 2026
#@# Jacobian white lh Thu Mar 12 22:27:53 CET 2026
#@# AvgCurv lh Thu Mar 12 22:27:54 CET 2026
#@# Cortical Parc lh Thu Mar 12 22:27:54 CET 2026
#@# white curv lh Thu Mar 12 22:33:12 CET 2026
#@# white area lh Thu Mar 12 22:33:13 CET 2026
#@# pial curv lh Thu Mar 12 22:33:14 CET 2026
#@# pial area lh Thu Mar 12 22:33:15 CET 2026
#@# thickness lh Thu Mar 12 22:33:16 CET 2026
#@# area and vertex vol lh Thu Mar 12 22:33:42 CET 2026
#@# Curvature Stats lh Thu Mar 12 22:33:44 CET 2026
#@# Cortical Parc 2 lh Thu Mar 12 22:33:46 CET 2026
#@# Cortical Parc 3 lh Thu Mar 12 22:33:58 CET 2026
#@# WM/GM Contrast lh Thu Mar 12 22:34:08 CET 2026
recon-all -s sub-v2s1x29917_ses-1 finished without error at Thu Mar 12 22:34:10 CET 2026



#New# invocation of recon-all 



status file for recon-all
Thu Mar 12 22:55:49 CET 2026
#@# white curv lh Thu Mar 12 22:55:49 CET 2026
#@# white area lh Thu Mar 12 22:55:49 CET 2026
#@# pial curv lh Thu Mar 12 22:55:49 CET 2026
#@# pial area lh Thu Mar 12 22:55:49 CET 2026
#@# thickness lh Thu Mar 12 22:55:49 CET 2026
#@# area and vertex vol lh Thu Mar 12 22:55:49 CET 2026
#@# Parcellation Stats lh Thu Mar 12 22:55:49 CET 2026
#@# Parcellation Stats 2 lh Thu Mar 12 22:56:05 CET 2026
#@# Parcellation Stats 3 lh Thu Mar 12 22:56:14 CET 2026
#@# BA_exvivo Labels lh Thu Mar 12 22:56:22 CET 2026
recon-all -s sub-v2s1x29917_ses-1 finished without error at Thu Mar 12 22:58:40 CET 2026
