status file for recon-all
Thu Mar 12 22:34:14 CET 2026
#@# Tessellate rh Thu Mar 12 22:34:14 CET 2026
#@# Smooth1 rh Thu Mar 12 22:34:18 CET 2026
#@# Inflation1 rh Thu Mar 12 22:34:20 CET 2026
#@# QSphere rh Thu Mar 12 22:35:11 CET 2026
#@# Fix Topology rh Thu Mar 12 22:36:05 CET 2026
#@# Smooth2 rh Thu Mar 12 22:40:33 CET 2026
#@# Inflation2 rh Thu Mar 12 22:40:35 CET 2026
#@# Curv .H and .K rh Thu Mar 12 22:40:59 CET 2026
#@# Sphere rh Thu Mar 12 22:41:42 CET 2026
#@# Surf Reg rh Thu Mar 12 22:43:34 CET 2026
#@# Jacobian white rh Thu Mar 12 22:46:35 CET 2026
#@# AvgCurv rh Thu Mar 12 22:46:36 CET 2026
#@# Cortical Parc rh Thu Mar 12 22:46:37 CET 2026
#@# white curv rh Thu Mar 12 22:51:02 CET 2026
#@# white area rh Thu Mar 12 22:51:04 CET 2026
#@# pial curv rh Thu Mar 12 22:51:04 CET 2026
#@# pial area rh Thu Mar 12 22:51:06 CET 2026
#@# thickness rh Thu Mar 12 22:51:06 CET 2026
#@# area and vertex vol rh Thu Mar 12 22:51:32 CET 2026
#@# Curvature Stats rh Thu Mar 12 22:51:34 CET 2026
#@# Cortical Parc 2 rh Thu Mar 12 22:51:36 CET 2026
#@# Cortical Parc 3 rh Thu Mar 12 22:51:48 CET 2026
#@# WM/GM Contrast rh Thu Mar 12 22:51:58 CET 2026
recon-all -s sub-v2s1x29917_ses-1 finished without error at Thu Mar 12 22:52:00 CET 2026



#New# invocation of recon-all 



status file for recon-all
Thu Mar 12 22:58:43 CET 2026
#@# white curv rh Thu Mar 12 22:58:43 CET 2026
#@# white area rh Thu Mar 12 22:58:43 CET 2026
#@# pial curv rh Thu Mar 12 22:58:43 CET 2026
#@# pial area rh Thu Mar 12 22:58:43 CET 2026
#@# thickness rh Thu Mar 12 22:58:43 CET 2026
#@# area and vertex vol rh Thu Mar 12 22:58:43 CET 2026
#@# Parcellation Stats rh Thu Mar 12 22:58:43 CET 2026
#@# Parcellation Stats 2 rh Thu Mar 12 22:58:59 CET 2026
#@# Parcellation Stats 3 rh Thu Mar 12 22:59:07 CET 2026
#@# BA_exvivo Labels rh Thu Mar 12 22:59:15 CET 2026
recon-all -s sub-v2s1x29917_ses-1 finished without error at Thu Mar 12 23:01:29 CET 2026
