status file for recon-all
Thu Mar 12 20:40:51 CET 2026
#@# MotionCor Thu Mar 12 20:40:53 CET 2026
#@# Talairach Thu Mar 12 20:41:00 CET 2026
#@# Talairach Failure Detection Thu Mar 12 20:45:31 CET 2026
#@# Nu Intensity Correction Thu Mar 12 20:45:31 CET 2026
#@# Intensity Normalization Thu Mar 12 20:48:48 CET 2026
recon-all -s sub-v2s1x29917_ses-1 finished without error at Thu Mar 12 20:50:13 CET 2026



#New# invocation of recon-all 



status file for recon-all
Thu Mar 12 20:57:14 CET 2026
#@# EM Registration Thu Mar 12 20:57:14 CET 2026
recon-all -s sub-v2s1x29917_ses-1 finished without error at Thu Mar 12 20:59:17 CET 2026



#New# invocation of recon-all 



status file for recon-all
Thu Mar 12 20:59:20 CET 2026
#@# CA Normalize Thu Mar 12 20:59:20 CET 2026
#@# CA Reg Thu Mar 12 21:00:41 CET 2026
#@# SubCort Seg Thu Mar 12 21:41:56 CET 2026
#@# CC Seg Thu Mar 12 22:08:43 CET 2026
#@# Merge ASeg Thu Mar 12 22:09:23 CET 2026
#@# Intensity Normalization2 Thu Mar 12 22:09:23 CET 2026
#@# Mask BFS Thu Mar 12 22:11:30 CET 2026
#@# WM Segmentation Thu Mar 12 22:11:31 CET 2026
#@# Fill Thu Mar 12 22:13:27 CET 2026
recon-all -s sub-v2s1x29917_ses-1 finished without error at Thu Mar 12 22:14:29 CET 2026



#New# invocation of recon-all 



status file for recon-all
Thu Mar 12 22:52:07 CET 2026
#@# white curv lh Thu Mar 12 22:52:07 CET 2026
#@# white area lh Thu Mar 12 22:52:07 CET 2026
#@# pial curv lh Thu Mar 12 22:52:07 CET 2026
#@# pial area lh Thu Mar 12 22:52:07 CET 2026
#@# thickness lh Thu Mar 12 22:52:07 CET 2026
#@# area and vertex vol lh Thu Mar 12 22:52:07 CET 2026
#@# white curv rh Thu Mar 12 22:52:07 CET 2026
#@# white area rh Thu Mar 12 22:52:07 CET 2026
#@# pial curv rh Thu Mar 12 22:52:07 CET 2026
#@# pial area rh Thu Mar 12 22:52:07 CET 2026
#@# thickness rh Thu Mar 12 22:52:07 CET 2026
#@# area and vertex vol rh Thu Mar 12 22:52:07 CET 2026
#@# Cortical ribbon mask Thu Mar 12 22:52:07 CET 2026
recon-all -s sub-v2s1x29917_ses-1 finished without error at Thu Mar 12 22:55:45 CET 2026



#New# invocation of recon-all 



status file for recon-all
Thu Mar 12 23:01:33 CET 2026
#@# white curv lh Thu Mar 12 23:01:33 CET 2026
#@# white area lh Thu Mar 12 23:01:33 CET 2026
#@# pial curv lh Thu Mar 12 23:01:33 CET 2026
#@# pial area lh Thu Mar 12 23:01:33 CET 2026
#@# thickness lh Thu Mar 12 23:01:33 CET 2026
#@# area and vertex vol lh Thu Mar 12 23:01:33 CET 2026
#@# white curv rh Thu Mar 12 23:01:33 CET 2026
#@# white area rh Thu Mar 12 23:01:33 CET 2026
#@# pial curv rh Thu Mar 12 23:01:33 CET 2026
#@# pial area rh Thu Mar 12 23:01:33 CET 2026
#@# thickness rh Thu Mar 12 23:01:33 CET 2026
#@# area and vertex vol rh Thu Mar 12 23:01:33 CET 2026
#@# Curvature Stats lh Thu Mar 12 23:01:33 CET 2026
#@# Curvature Stats rh Thu Mar 12 23:01:36 CET 2026
#@# Relabel Hypointensities Thu Mar 12 23:01:38 CET 2026
#@# APas-to-ASeg Thu Mar 12 23:01:54 CET 2026
#@# AParc-to-ASeg aparc Thu Mar 12 23:02:01 CET 2026
#@# AParc-to-ASeg aparc.a2009s Thu Mar 12 23:02:29 CET 2026
#@# AParc-to-ASeg aparc.DKTatlas Thu Mar 12 23:03:00 CET 2026
#@# WMParc Thu Mar 12 23:03:31 CET 2026
#@# ASeg Stats Thu Mar 12 23:07:11 CET 2026
recon-all -s sub-v2s1x29917_ses-1 finished without error at Thu Mar 12 23:07:46 CET 2026
