096a6d31-ecb9-4515-8100-35f45678e574 oesteban@dna071:/tmp/59563285/oesteban/bootstrap-fmriprep/59563285_1208/project/derivatives/v2s1 timestamp=1773340545.215955075s
1174ef75-ac4a-40a3-95bb-f00819b0894d oesteban@dna055:/tmp/59515685/oesteban/bootstrap-fmriprep/59515685_1193/project/derivatives/v2s1 timestamp=1773256276.770881264s
17e3ee0c-8883-4d09-805d-260efa565b12 oesteban@dna006:/tmp/59515569/oesteban/bootstrap-fmriprep/59515569_1189/project/derivatives/v2s1 timestamp=1773256005.176704035s
1effd155-81fa-4c01-ba2d-3bcb2c043eec oesteban@dna087:/tmp/59512903/oesteban/bootstrap-fmriprep/59512903_1183/project/derivatives/v2s1 timestamp=1773253647.260927804s
2c61f797-8794-47c6-96aa-e440b5143b61 oesteban@dna085:/tmp/59563287/oesteban/bootstrap-fmriprep/59563287_1210/project/derivatives/v2s1 timestamp=1773340734.2100408s
2f6dfabb-c50e-49a9-a621-91485c2ab167 oesteban@dna020:/tmp/59515473/oesteban/bootstrap-fmriprep/59515473_1188/project/derivatives/v2s1 timestamp=1773255732.633462335s
3d6f299e-9bcf-4df2-ba90-72e915dee24d oesteban@dna023:/tmp/59514864/oesteban/bootstrap-fmriprep/59514864_1185/project/derivatives/v2s1 timestamp=1773255520.502124007s
42b8f07b-9201-4e91-9556-06cceb25e86e oesteban@dna050:/tmp/59563178/oesteban/bootstrap-fmriprep/59563178_1201/project/derivatives/v2s1 timestamp=1773339896.970441326s
454a2cad-c37e-4131-929e-1fa554131f77 oesteban@curnagl:/scratch/oesteban/abide_fmriprep/derivatives/v2s1 timestamp=1772982595.589178279s
4cef3ea0-5ede-4dfa-9505-20c2711e5e0e oesteban@dna078:/tmp/59563283/oesteban/bootstrap-fmriprep/59563283_1206/project/derivatives/v2s1 timestamp=1773340402.880453168s
4cfc833d-89a8-4bce-9976-4e342dd48937 oesteban@dna061:/tmp/59510622/oesteban/bootstrap-fmriprep/59510622_1182/project/derivatives/v2s1 timestamp=1773250806.42041003s
51787ee6-7deb-456c-a205-5dd131b0895d oesteban@dna034:/tmp/59563595/oesteban/bootstrap-fmriprep/59563595_1215/project/derivatives/v2s1 timestamp=1773341220.780928458s
5d5c67ec-c352-45c3-b580-672b31f5fadc oesteban@dna030:/tmp/59563280/oesteban/bootstrap-fmriprep/59563280_1203/project/derivatives/v2s1 timestamp=1773340176.559312302s
643dc9b5-4b9f-47e7-a4a7-51b045731de7 oesteban@dna006:/tmp/59516211/oesteban/bootstrap-fmriprep/59516211_1197/project/derivatives/v2s1 timestamp=1773256487.393397651s
644dc347-8297-4038-be2d-9cc4fbc32cf8 oesteban@dna071:/tmp/59563284/oesteban/bootstrap-fmriprep/59563284_1207/project/derivatives/v2s1 timestamp=1773340544.496091725s
6a8a4581-3797-4980-a65b-e27fb0bbc14d oesteban@dna030:/tmp/59515406/oesteban/bootstrap-fmriprep/59515406_1186/project/derivatives/v2s1 timestamp=1773255701.79340342s
71d574d8-c6ea-4ea4-871e-576c811a1858 oesteban@dna013:/tmp/59515472/oesteban/bootstrap-fmriprep/59515472_1187/project/derivatives/v2s1 timestamp=1773255732.870958396s
7714619a-7d81-4936-9f60-aea37d2a292b oesteban@dna030:/tmp/59510126/oesteban/bootstrap-fmriprep/59510126_1180/project/derivatives/v2s1 timestamp=1773250379.970739718s
77f63cc0-b4d0-4c25-a378-83a351cfd43e oesteban@dna063:/tmp/59516150/oesteban/bootstrap-fmriprep/59516150_1196/project/derivatives/v2s1 timestamp=1773256457.293405426s
7ad124de-24b8-4200-977d-b23f1b2cd0dd oesteban@dna017:/tmp/59515979/oesteban/bootstrap-fmriprep/59515979_1194/project/derivatives/v2s1 timestamp=1773256397.80681067s
7d4c6347-59f0-463a-a1fd-2687c353af3f oesteban@dna010:/tmp/59564532/oesteban/bootstrap-fmriprep/59564532_1228/project/derivatives/v2s1 timestamp=1773344194.825875769s
80cc285d-3885-4e3d-bd6f-f463ebfa411e oesteban@dna063:/tmp/59515610/oesteban/bootstrap-fmriprep/59515610_1192/project/derivatives/v2s1 timestamp=1773256185.920531512s
828847e9-76b0-4859-8f88-0031f035bb73 oesteban@dna059:/tmp/59417896/oesteban/bootstrap-fmriprep/59417896_1200/project/derivatives/v2s1 timestamp=1773256789.802775068s
85114ed6-792b-4a4b-aa94-ce7d28d0bde5 oesteban@dna059:/tmp/59492754/oesteban/bootstrap-fmriprep/59492754_1176/project/derivatives/v2s1 timestamp=1773236653.750915825s
92d62154-da36-47a4-a74f-40ee855db122 oesteban@dna048:/tmp/59515980/oesteban/bootstrap-fmriprep/59515980_1195/project/derivatives/v2s1 timestamp=1773256397.349307904s
a01de73f-5589-4e47-9046-7b2fa7a17694 oesteban@dna086:/tmp/59564011/oesteban/bootstrap-fmriprep/59564011_1222/project/derivatives/v2s1 timestamp=1773342474.978252308s
ac52ecf1-fb48-4e5b-a338-27d460ba6fa6 oesteban@dna086:/tmp/59563281/oesteban/bootstrap-fmriprep/59563281_1204/project/derivatives/v2s1 timestamp=1773340233.731942199s
ae66c03e-fe5a-48fa-ad0e-f99e802d3bd4 oesteban@dna023:/tmp/59510557/oesteban/bootstrap-fmriprep/59510557_1181/project/derivatives/v2s1 timestamp=1773250751.694625082s
af4f93fb-85c7-4301-9313-c2da046aadde oesteban@dna060:/tmp/59508823/oesteban/bootstrap-fmriprep/59508823_1178/project/derivatives/v2s1 timestamp=1773249501.761025786s
c3a3523e-12c7-4c4a-8d46-4bcaf8cb9104 oesteban@dna069:/tmp/59563591/oesteban/bootstrap-fmriprep/59563591_1213/project/derivatives/v2s1 timestamp=1773341033.616305267s
cef25b5e-cc0e-4fbe-9665-63e10009a4f2 oesteban@dna020:/tmp/59516612/oesteban/bootstrap-fmriprep/59516612_1198/project/derivatives/v2s1 timestamp=1773256638.767791457s
d72ed7d1-e065-4acf-bfa8-39d16fabe587 git@0cf3a9a26dcd:/data/repos/abide-fmriprep/v2s1.git timestamp=1773236445.581861067s
d97e33c0-b0bb-4b72-a5d5-027273011610 oesteban@dna079:/tmp/59563597/oesteban/bootstrap-fmriprep/59563597_1217/project/derivatives/v2s1 timestamp=1773341277.231442091s
df905447-cd0c-400e-abbb-1133a0da1774 oesteban@dna087:/tmp/59509888/oesteban/bootstrap-fmriprep/59509888_1179/project/derivatives/v2s1 timestamp=1773250259.879997297s
e1c9c60a-cb84-4865-ad35-3b362c4fd63c oesteban@dna079:/tmp/59563596/oesteban/bootstrap-fmriprep/59563596_1216/project/derivatives/v2s1 timestamp=1773341279.026737916s
e24cd217-e5c7-41f9-b03c-0ec547dfa06b oesteban@dna060:/tmp/59514863/oesteban/bootstrap-fmriprep/59514863_1184/project/derivatives/v2s1 timestamp=1773255520.493856712s
e2f0ed0c-56e7-478f-b3ce-d853c5d843c4 oesteban@dna056:/tmp/59515585/oesteban/bootstrap-fmriprep/59515585_1191/project/derivatives/v2s1 timestamp=1773256064.835585873s
e65284e5-3b9a-4abb-af45-93fa1978f228 oesteban@dna059:/tmp/59505307/oesteban/bootstrap-fmriprep/59505307_1177/project/derivatives/v2s1 timestamp=1773247721.618457328s
eb077139-2f05-4759-ac2b-49a3bc3ee1e6 oesteban@dna063:/tmp/59563179/oesteban/bootstrap-fmriprep/59563179_1202/project/derivatives/v2s1 timestamp=1773340013.640742105s
ef0522f0-42ce-4dd3-aceb-31b4ed6af0ae oesteban@dna050:/tmp/59515584/oesteban/bootstrap-fmriprep/59515584_1190/project/derivatives/v2s1 timestamp=1773256065.0441331s
f5a1b400-2ac3-4369-ab75-83e10cd3f9e5 oesteban@Mac:~/workspace/abide_preproc/derivatives/v2s1 timestamp=1772959770s
f60e3011-edc0-48b0-90c6-34d128ecbd9c oesteban@dna065:/tmp/59563388/oesteban/bootstrap-fmriprep/59563388_1211/project/derivatives/v2s1 timestamp=1773340893.340158546s
fc90378d-270c-43cd-a024-bc2c77e138f5 oesteban@dna058:/tmp/59492382/oesteban/bootstrap-fmriprep/59492382_1175/project/derivatives/v2s1 timestamp=1773236443.696740971s
fddddee3-5685-42d7-88b7-45d5a6f7148c oesteban@dna013:/tmp/59516733/oesteban/bootstrap-fmriprep/59516733_1199/project/derivatives/v2s1 timestamp=1773256699.120214029s
