status file for recon-all
Wed Mar 11 16:44:23 CET 2026
#@# Tessellate lh Wed Mar 11 16:44:23 CET 2026
#@# Smooth1 lh Wed Mar 11 16:44:27 CET 2026
#@# Inflation1 lh Wed Mar 11 16:44:31 CET 2026
#@# QSphere lh Wed Mar 11 16:46:08 CET 2026
#@# Fix Topology lh Wed Mar 11 16:48:00 CET 2026
#@# Smooth2 lh Wed Mar 11 16:58:12 CET 2026
#@# Inflation2 lh Wed Mar 11 16:58:16 CET 2026
#@# Curv .H and .K lh Wed Mar 11 16:58:53 CET 2026
#@# Sphere lh Wed Mar 11 16:59:58 CET 2026
#@# Surf Reg lh Wed Mar 11 17:04:31 CET 2026
#@# Jacobian white lh Wed Mar 11 17:11:02 CET 2026
#@# AvgCurv lh Wed Mar 11 17:11:03 CET 2026
#@# Cortical Parc lh Wed Mar 11 17:11:04 CET 2026
#@# white curv lh Wed Mar 11 17:20:07 CET 2026
#@# white area lh Wed Mar 11 17:20:09 CET 2026
#@# pial curv lh Wed Mar 11 17:20:10 CET 2026
#@# pial area lh Wed Mar 11 17:20:13 CET 2026
#@# thickness lh Wed Mar 11 17:20:14 CET 2026
#@# area and vertex vol lh Wed Mar 11 17:20:55 CET 2026
#@# Curvature Stats lh Wed Mar 11 17:20:57 CET 2026
#@# Cortical Parc 2 lh Wed Mar 11 17:21:01 CET 2026
#@# Cortical Parc 3 lh Wed Mar 11 17:21:19 CET 2026
#@# WM/GM Contrast lh Wed Mar 11 17:21:33 CET 2026
recon-all -s sub-v2s1x29865_ses-1 finished without error at Wed Mar 11 17:21:37 CET 2026



#New# invocation of recon-all 



status file for recon-all
Wed Mar 11 18:10:23 CET 2026
#@# white curv lh Wed Mar 11 18:10:23 CET 2026
#@# white area lh Wed Mar 11 18:10:23 CET 2026
#@# pial curv lh Wed Mar 11 18:10:23 CET 2026
#@# pial area lh Wed Mar 11 18:10:23 CET 2026
#@# thickness lh Wed Mar 11 18:10:23 CET 2026
#@# area and vertex vol lh Wed Mar 11 18:10:23 CET 2026
#@# Parcellation Stats lh Wed Mar 11 18:10:23 CET 2026
#@# Parcellation Stats 2 lh Wed Mar 11 18:10:54 CET 2026
#@# Parcellation Stats 3 lh Wed Mar 11 18:11:10 CET 2026
#@# BA_exvivo Labels lh Wed Mar 11 18:11:26 CET 2026
recon-all -s sub-v2s1x29865_ses-1 finished without error at Wed Mar 11 18:14:57 CET 2026
