status file for recon-all
Wed Mar 11 17:21:39 CET 2026
#@# Tessellate rh Wed Mar 11 17:21:39 CET 2026
#@# Smooth1 rh Wed Mar 11 17:21:43 CET 2026
#@# Inflation1 rh Wed Mar 11 17:21:47 CET 2026
#@# QSphere rh Wed Mar 11 17:23:17 CET 2026
#@# Fix Topology rh Wed Mar 11 17:25:10 CET 2026
#@# Smooth2 rh Wed Mar 11 17:32:28 CET 2026
#@# Inflation2 rh Wed Mar 11 17:32:32 CET 2026
#@# Curv .H and .K rh Wed Mar 11 17:33:42 CET 2026
#@# Sphere rh Wed Mar 11 17:34:47 CET 2026
#@# Surf Reg rh Wed Mar 11 17:39:42 CET 2026
#@# Jacobian white rh Wed Mar 11 17:48:59 CET 2026
#@# AvgCurv rh Wed Mar 11 17:49:00 CET 2026
#@# Cortical Parc rh Wed Mar 11 17:49:01 CET 2026
#@# white curv rh Wed Mar 11 17:58:01 CET 2026
#@# white area rh Wed Mar 11 17:58:03 CET 2026
#@# pial curv rh Wed Mar 11 17:58:04 CET 2026
#@# pial area rh Wed Mar 11 17:58:07 CET 2026
#@# thickness rh Wed Mar 11 17:58:08 CET 2026
#@# area and vertex vol rh Wed Mar 11 17:58:52 CET 2026
#@# Curvature Stats rh Wed Mar 11 17:58:54 CET 2026
#@# Cortical Parc 2 rh Wed Mar 11 17:58:57 CET 2026
#@# Cortical Parc 3 rh Wed Mar 11 17:59:15 CET 2026
#@# WM/GM Contrast rh Wed Mar 11 17:59:30 CET 2026
recon-all -s sub-v2s1x29865_ses-1 finished without error at Wed Mar 11 17:59:33 CET 2026



#New# invocation of recon-all 



status file for recon-all
Wed Mar 11 18:14:59 CET 2026
#@# white curv rh Wed Mar 11 18:14:59 CET 2026
#@# white area rh Wed Mar 11 18:14:59 CET 2026
#@# pial curv rh Wed Mar 11 18:14:59 CET 2026
#@# pial area rh Wed Mar 11 18:14:59 CET 2026
#@# thickness rh Wed Mar 11 18:14:59 CET 2026
#@# area and vertex vol rh Wed Mar 11 18:14:59 CET 2026
#@# Parcellation Stats rh Wed Mar 11 18:14:59 CET 2026
#@# Parcellation Stats 2 rh Wed Mar 11 18:15:32 CET 2026
#@# Parcellation Stats 3 rh Wed Mar 11 18:15:49 CET 2026
#@# BA_exvivo Labels rh Wed Mar 11 18:16:05 CET 2026
recon-all -s sub-v2s1x29865_ses-1 finished without error at Wed Mar 11 18:19:34 CET 2026
