status file for recon-all
Wed Mar 11 22:05:20 CET 2026
#@# Tessellate lh Wed Mar 11 22:05:20 CET 2026
#@# Smooth1 lh Wed Mar 11 22:05:23 CET 2026
#@# Inflation1 lh Wed Mar 11 22:05:26 CET 2026
#@# QSphere lh Wed Mar 11 22:06:33 CET 2026
#@# Fix Topology lh Wed Mar 11 22:07:38 CET 2026
#@# Smooth2 lh Wed Mar 11 22:14:22 CET 2026
#@# Inflation2 lh Wed Mar 11 22:14:25 CET 2026
#@# Curv .H and .K lh Wed Mar 11 22:15:41 CET 2026
#@# Sphere lh Wed Mar 11 22:16:30 CET 2026
#@# Surf Reg lh Wed Mar 11 22:19:53 CET 2026
#@# Jacobian white lh Wed Mar 11 22:24:55 CET 2026
#@# AvgCurv lh Wed Mar 11 22:24:56 CET 2026
#@# Cortical Parc lh Wed Mar 11 22:24:57 CET 2026
#@# white curv lh Wed Mar 11 22:31:17 CET 2026
#@# white area lh Wed Mar 11 22:31:19 CET 2026
#@# pial curv lh Wed Mar 11 22:31:20 CET 2026
#@# pial area lh Wed Mar 11 22:31:22 CET 2026
#@# thickness lh Wed Mar 11 22:31:23 CET 2026
#@# area and vertex vol lh Wed Mar 11 22:31:54 CET 2026
#@# Curvature Stats lh Wed Mar 11 22:31:55 CET 2026
#@# Cortical Parc 2 lh Wed Mar 11 22:31:58 CET 2026
#@# Cortical Parc 3 lh Wed Mar 11 22:32:13 CET 2026
#@# WM/GM Contrast lh Wed Mar 11 22:32:23 CET 2026
recon-all -s sub-v2s1x29881_ses-1 finished without error at Wed Mar 11 22:32:27 CET 2026



#New# invocation of recon-all 



status file for recon-all
Wed Mar 11 23:06:10 CET 2026
#@# white curv lh Wed Mar 11 23:06:10 CET 2026
#@# white area lh Wed Mar 11 23:06:10 CET 2026
#@# pial curv lh Wed Mar 11 23:06:10 CET 2026
#@# pial area lh Wed Mar 11 23:06:10 CET 2026
#@# thickness lh Wed Mar 11 23:06:10 CET 2026
#@# area and vertex vol lh Wed Mar 11 23:06:10 CET 2026
#@# Parcellation Stats lh Wed Mar 11 23:06:10 CET 2026
#@# Parcellation Stats 2 lh Wed Mar 11 23:06:30 CET 2026
#@# Parcellation Stats 3 lh Wed Mar 11 23:06:40 CET 2026
#@# BA_exvivo Labels lh Wed Mar 11 23:06:50 CET 2026
recon-all -s sub-v2s1x29881_ses-1 finished without error at Wed Mar 11 23:09:37 CET 2026
