/out/sourcedata/freesurfer/sub-v2s1x29902_ses-1/mri
/opt/freesurfer/bin/talairach_avi
--i orig_nu.mgz --xfm transforms/talairach.auto.xfm
talairach_avi 7.3.2
Linux dna069 5.14.0-427.37.1.el9_4.x86_64 #1 SMP PREEMPT_DYNAMIC Fri Sep 13 12:41:50 EDT 2024 x86_64 x86_64 x86_64 GNU/Linux
Thu Mar 12 19:50:23 CET 2026
mri_convert orig_nu.mgz talsrcimg.img 
reading from orig_nu.mgz...
TR=0.00, TE=0.00, TI=0.00, flip angle=0.00
i_ras = (-1, 0, 0)
j_ras = (0, 0, -1)
k_ras = (0, 1, 0)
writing to talsrcimg.img...
Analyze Output Matrix
-0.90000   0.00000   0.00000   111.86749;
 0.00000   0.00000   0.90000  -91.33601;
 0.00000  -0.90000   0.00000   118.10286;
 0.00000   0.00000   0.00000   1.00000;
--------------------
INFO: set hdr.hist.orient to -1
mpr2mni305 talsrcimg
Thu Mar 12 19:50:24 CET 2026
/opt/freesurfer/bin/mpr2mni305 talsrcimg
mpr2mni305 7.3.2
target=711-2C_as_mni_average_305

---------------------------------------------------------------------
analyzeto4dfp talsrcimg -O0 -y
---------------------------------------------------------------------

freesurfer ifh2hdr.c
Thu Mar 12 19:50:24 2026
Writing: talsrcimg.4dfp.hdr
freesurfer analyzeto4dfp.c
Reading: talsrcimg.hdr
header size 348 bytes
hdr.dime.datatype	offset=70	value=2
hdr.dime.bitpix		offset=72	value=8
hdr.hist.orient		offset=252	value=-1
dimensionality     4
dimensions       256       256       256         1
Reading: talsrcimg.img
Writing: talsrcimg.4dfp.img
Writing: talsrcimg.4dfp.ifh
ifh2hdr talsrcimg -r0to227
ori=2

---------------------------------------------------------------------
gauss_4dfp talsrcimg 1.1
---------------------------------------------------------------------

freesurfer gauss_4dfp.c
Reading: talsrcimg.4dfp.img
Writing: talsrcimg_g11.4dfp.img
image dimensions 256 256 256 padded to 288 288 288
processing volume 1freesurfer ifh2hdr.c
Thu Mar 12 19:50:25 2026
Writing: talsrcimg_g11.4dfp.hdr

Writing: talsrcimg_g11.4dfp.ifh
including: talsrcimg.4dfp.img.rec in talsrcimg_g11.4dfp.img.rec

---------------------------------------------------------------------
imgreg_4dfp /opt/freesurfer/average/711-2C_as_mni_average_305 none talsrcimg_g11 none talsrcimg_to_711-2C_as_mni_average_305_t4 4355
---------------------------------------------------------------------

freesurfer imgreg_4dfp.c
/opt/freesurfer/average/711-2C_as_mni_average_305.4dfp.img
       256       256       256         1
  1.000000  1.000000  1.000000
orientation T byte_order littleendian
Reading image: /opt/freesurfer/average/711-2C_as_mni_average_305.4dfp.img
dimensions:      256       256       256
mmppix:       1.0000   -1.0000   -1.0000
center:     128.0000 -129.0000 -129.0000
talsrcimg_g11.4dfp.img
       256       256       256         1
  0.900000  0.900000  0.900000
orientation T byte_order littleendian
Reading image: talsrcimg_g11.4dfp.img
dimensions:      256       256       256
mmppix:       0.9000   -0.9000   -0.9000
center:     115.2000 -116.1000 -116.1000
t4_read: open error in t4_sub.f l:  41 t4_file(1:l)talsrcimg_to_711-2C_as_mni_average_305_t4 
t4_read: transform initialized to I4
rotation matrix determinant  1.000000
image alignment mode   4355 decimal     1103 hex
   -7.5000  -45.0000  -45.0000 5794.5469   17.9800
    0.0000  -45.0000  -45.0000 5856.9614   17.9869
    7.5000  -45.0000  -45.0000 5591.9263   17.9934
   -7.5000  -37.5000  -45.0000 6260.4233   19.0798
    0.0000  -37.5000  -45.0000 6337.3252   19.0994
    7.5000  -37.5000  -45.0000 6044.4399   19.1188
   -7.5000  -30.0000  -45.0000 6746.4238   19.6876
    0.0000  -30.0000  -45.0000 6830.9219   19.7075
    7.5000  -30.0000  -45.0000 6513.5312   19.7420
   -7.5000  -22.5000  -45.0000 7300.8281   19.6975
    0.0000  -22.5000  -45.0000 7377.9521   19.7056
    7.5000  -22.5000  -45.0000 7044.3301   19.7423
   -7.5000  -15.0000  -45.0000 7768.2734   19.6920
    0.0000  -15.0000  -45.0000 7870.6904   19.6893
    7.5000  -15.0000  -45.0000 7487.7070   19.7141
   -7.5000   -7.5000  -45.0000 7945.1860   19.6814
    0.0000   -7.5000  -45.0000 8038.2700   19.6780
    7.5000   -7.5000  -45.0000 7645.1230   19.6892
   -7.5000    0.0000  -45.0000 8100.0894   19.6780
    0.0000    0.0000  -45.0000 8191.5171   19.6858
    7.5000    0.0000  -45.0000 7767.6899   19.6929
   -7.5000    7.5000  -45.0000 7814.1104   19.6796
    0.0000    7.5000  -45.0000 7899.3862   19.6998
    7.5000    7.5000  -45.0000 7474.0679   19.7199
   -7.5000   15.0000  -45.0000 7747.1445   19.6876
    0.0000   15.0000  -45.0000 7825.8105   19.7075
    7.5000   15.0000  -45.0000 7395.2041   19.7420
   -7.5000   22.5000  -45.0000 7330.6982   19.4325
    0.0000   22.5000  -45.0000 7418.4917   19.4405
    7.5000   22.5000  -45.0000 6990.1045   19.4767
   -7.5000   30.0000  -45.0000 6781.7734   18.9090
    0.0000   30.0000  -45.0000 6892.8374   18.9063
    7.5000   30.0000  -45.0000 6504.8350   18.9302
   -7.5000   37.5000  -45.0000 6161.7339   18.2981
    0.0000   37.5000  -45.0000 6265.9233   18.2951
    7.5000   37.5000  -45.0000 5922.6626   18.3055
   -7.5000   45.0000  -45.0000 5635.9795   17.8232
    0.0000   45.0000  -45.0000 5718.3477   17.8299
    7.5000   45.0000  -45.0000 5413.5234   17.8350
   -7.5000  -45.0000  -37.5000 6227.7080   18.7822
    0.0000  -45.0000  -37.5000 6323.2188   18.7927
    7.5000  -45.0000  -37.5000 6035.0063   18.8037
   -7.5000  -37.5000  -37.5000 6733.9336   19.9419
    0.0000  -37.5000  -37.5000 6839.9346   19.9675
    7.5000  -37.5000  -37.5000 6523.5264   19.9855
   -7.5000  -30.0000  -37.5000 7264.7524   20.5320
    0.0000  -30.0000  -37.5000 7379.1787   20.5618
    7.5000  -30.0000  -37.5000 7036.5723   20.5914
   -7.5000  -22.5000  -37.5000 7864.9790   20.5307
    0.0000  -22.5000  -37.5000 7954.1665   20.5502
    7.5000  -22.5000  -37.5000 7611.6514   20.5848
   -7.5000  -15.0000  -37.5000 8381.3291   20.5248
    0.0000  -15.0000  -37.5000 8486.2686   20.5302
    7.5000  -15.0000  -37.5000 8096.1528   20.5591
   -7.5000   -7.5000  -37.5000 8559.2656   20.5227
    0.0000   -7.5000  -37.5000 8664.0127   20.5240
    7.5000   -7.5000  -37.5000 8264.6875   20.5426
   -7.5000    0.0000  -37.5000 8698.3555   20.5303
    0.0000    0.0000  -37.5000 8801.0059   20.5418
    7.5000    0.0000  -37.5000 8370.2246   20.5537
   -7.5000    7.5000  -37.5000 8347.5889   20.5327
    0.0000    7.5000  -37.5000 8465.4297   20.5590
    7.5000    7.5000  -37.5000 8029.9155   20.5775
   -7.5000   15.0000  -37.5000 8246.3340   20.5311
    0.0000   15.0000  -37.5000 8370.5977   20.5608
    7.5000   15.0000  -37.5000 7928.9170   20.5905
   -7.5000   22.5000  -37.5000 7807.0840   20.2562
    0.0000   22.5000  -37.5000 7938.5708   20.2754
    7.5000   22.5000  -37.5000 7488.1284   20.3095
   -7.5000   30.0000  -37.5000 7235.8203   19.7226
    0.0000   30.0000  -37.5000 7352.4971   19.7278
    7.5000   30.0000  -37.5000 6958.9517   19.7556
   -7.5000   37.5000  -37.5000 6570.9609   19.0961
    0.0000   37.5000  -37.5000 6681.7764   19.0973
    7.5000   37.5000  -37.5000 6331.5679   19.1146
   -7.5000   45.0000  -37.5000 5986.5396   18.5969
    0.0000   45.0000  -37.5000 6079.0859   18.6073
    7.5000   45.0000  -37.5000 5772.0195   18.6168
   -7.5000  -45.0000  -30.0000 6710.1206   19.7132
    0.0000  -45.0000  -30.0000 6833.2637   19.7070
    7.5000  -45.0000  -30.0000 6523.7881   19.7063
   -7.5000  -37.5000  -30.0000 7247.9546   20.9425
    0.0000  -37.5000  -30.0000 7374.6689   20.9548
    7.5000  -37.5000  -30.0000 7039.1328   20.9606
   -7.5000  -30.0000  -30.0000 7832.6104   21.5365
    0.0000  -30.0000  -30.0000 7971.5420   21.5593
    7.5000  -30.0000  -30.0000 7614.6587   21.5750
   -7.5000  -22.5000  -30.0000 8474.3066   21.5376
    0.0000  -22.5000  -30.0000 8599.7266   21.5527
    7.5000  -22.5000  -30.0000 8235.6758   21.5718
   -7.5000  -15.0000  -30.0000 9060.0625   21.5290
    0.0000  -15.0000  -30.0000 9179.7227   21.5242
    7.5000  -15.0000  -30.0000 8773.5283   21.5374
   -7.5000   -7.5000  -30.0000 9237.7217   21.5208
    0.0000   -7.5000  -30.0000 9364.7832   21.5055
    7.5000   -7.5000  -30.0000 8936.4502   21.5096
   -7.5000    0.0000  -30.0000 9372.5635   21.5256
    0.0000    0.0000  -30.0000 9493.8516   21.5189
    7.5000    0.0000  -30.0000 9030.9775   21.5182
   -7.5000    7.5000  -30.0000 8978.5459   21.5303
    0.0000    7.5000  -30.0000 9106.7607   21.5430
    7.5000    7.5000  -30.0000 8649.1123   21.5488
   -7.5000   15.0000  -30.0000 8859.7490   21.5335
    0.0000   15.0000  -30.0000 8998.7412   21.5564
    7.5000   15.0000  -30.0000 8531.8711   21.5720
   -7.5000   22.5000  -30.0000 8391.6094   21.2506
    0.0000   22.5000  -30.0000 8527.6709   21.2655
    7.5000   22.5000  -30.0000 8042.3828   21.2843
   -7.5000   30.0000  -30.0000 7801.9585   20.7027
    0.0000   30.0000  -30.0000 7936.9541   20.6981
    7.5000   30.0000  -30.0000 7499.7236   20.7108
   -7.5000   37.5000  -30.0000 7086.8247   20.0550
    0.0000   37.5000  -30.0000 7188.0571   20.0407
    7.5000   37.5000  -30.0000 6817.1006   20.0445
   -7.5000   45.0000  -30.0000 6417.7695   19.5311
    0.0000   45.0000  -30.0000 6504.3867   19.5246
    7.5000   45.0000  -30.0000 6165.1343   19.5223
   -7.5000  -45.0000  -22.5000 7214.4385   20.5331
    0.0000  -45.0000  -22.5000 7321.3486   20.5045
    7.5000  -45.0000  -22.5000 6969.7563   20.4860
   -7.5000  -37.5000  -22.5000 7781.3325   21.8295
    0.0000  -37.5000  -22.5000 7894.5068   21.8210
    7.5000  -37.5000  -22.5000 7511.2202   21.8138
   -7.5000  -30.0000  -22.5000 8415.0830   22.4402
    0.0000  -30.0000  -22.5000 8537.6387   22.4448
    7.5000  -30.0000  -22.5000 8155.9985   22.4489
   -7.5000  -22.5000  -22.5000 9102.3838   22.4570
    0.0000  -22.5000  -22.5000 9230.0557   22.4542
    7.5000  -22.5000  -22.5000 8811.4326   22.4580
   -7.5000  -15.0000  -22.5000 9728.2441   22.4452
    0.0000  -15.0000  -22.5000 9851.0244   22.4191
    7.5000  -15.0000  -22.5000 9393.9590   22.4111
   -7.5000   -7.5000  -22.5000 9896.6826   22.4193
    0.0000   -7.5000  -22.500010034.1816   22.3798
    7.5000   -7.5000  -22.5000 9554.4590   22.3604
   -7.5000    0.0000  -22.500010046.7031   22.4082
    0.0000    0.0000  -22.500010205.1582   22.3771
    7.5000    0.0000  -22.5000 9668.9834   22.3570
   -7.5000    7.5000  -22.5000 9654.0342   22.4143
    0.0000    7.5000  -22.5000 9808.2021   22.4055
    7.5000    7.5000  -22.5000 9298.9512   22.3981
   -7.5000   15.0000  -22.5000 9520.7061   22.4348
    0.0000   15.0000  -22.5000 9684.1025   22.4394
    7.5000   15.0000  -22.5000 9155.2949   22.4435
   -7.5000   22.5000  -22.5000 9003.0049   22.1599
    0.0000   22.5000  -22.5000 9133.7959   22.1571
    7.5000   22.5000  -22.5000 8607.7012   22.1609
   -7.5000   30.0000  -22.5000 8381.7549   21.5996
    0.0000   30.0000  -22.5000 8489.0342   21.5745
    7.5000   30.0000  -22.5000 8013.8457   21.5668
   -7.5000   37.5000  -22.5000 7604.0977   20.9238
    0.0000   37.5000  -22.5000 7695.9971   20.8868
    7.5000   37.5000  -22.5000 7278.2969   20.8687
   -7.5000   45.0000  -22.5000 6858.3818   20.3776
    0.0000   45.0000  -22.5000 6933.7427   20.3480
    7.5000   45.0000  -22.5000 6557.4077   20.3275
   -7.5000  -45.0000  -15.0000 7676.0830   21.2048
    0.0000  -45.0000  -15.0000 7774.6133   21.1715
    7.5000  -45.0000  -15.0000 7403.5391   21.1468
   -7.5000  -37.5000  -15.0000 8284.0293   22.5403
    0.0000  -37.5000  -15.0000 8410.5029   22.5250
    7.5000  -37.5000  -15.0000 8017.0830   22.5180
   -7.5000  -30.0000  -15.0000 8990.2256   23.1621
    0.0000  -30.0000  -15.0000 9116.1758   23.1555
    7.5000  -30.0000  -15.0000 8712.2363   23.1644
   -7.5000  -22.5000  -15.0000 9732.9336   23.1941
    0.0000  -22.5000  -15.0000 9877.4873   23.1768
    7.5000  -22.5000  -15.0000 9409.6182   23.1837
   -7.5000  -15.0000  -15.000010380.1445   23.1828
    0.0000  -15.0000  -15.000010532.5400   23.1450
    7.5000  -15.0000  -15.000010018.2578   23.1333
   -7.5000   -7.5000  -15.000010551.6396   23.1448
    0.0000   -7.5000  -15.000010711.1230   23.0979
    7.5000   -7.5000  -15.000010148.7510   23.0701
   -7.5000    0.0000  -15.000010735.4961   23.1189
    0.0000    0.0000  -15.000010911.9756   23.0828
    7.5000    0.0000  -15.000010310.7021   23.0558
   -7.5000    7.5000  -15.000010363.7891   23.1216
    0.0000    7.5000  -15.000010541.0234   23.1059
    7.5000    7.5000  -15.0000 9930.2441   23.0988
   -7.5000   15.0000  -15.000010220.5449   23.1550
    0.0000   15.0000  -15.000010390.8848   23.1483
    7.5000   15.0000  -15.0000 9796.3164   23.1572
   -7.5000   22.5000  -15.0000 9615.5625   22.8907
    0.0000   22.5000  -15.0000 9746.4717   22.8736
    7.5000   22.5000  -15.0000 9160.9521   22.8804
   -7.5000   30.0000  -15.0000 8930.8867   22.3262
    0.0000   30.0000  -15.0000 9052.5469   22.2897
    7.5000   30.0000  -15.0000 8515.5703   22.2785
   -7.5000   37.5000  -15.0000 8109.2656   21.6335
    0.0000   37.5000  -15.0000 8211.1348   21.5897
    7.5000   37.5000  -15.0000 7740.1074   21.5638
   -7.5000   45.0000  -15.0000 7306.8687   21.0682
    0.0000   45.0000  -15.0000 7385.5557   21.0336
    7.5000   45.0000  -15.0000 6966.9834   21.0067
   -7.5000  -45.0000   -7.5000 7879.0830   21.1680
    0.0000  -45.0000   -7.5000 8006.3809   21.1524
    7.5000  -45.0000   -7.5000 7625.1309   21.1405
   -7.5000  -37.5000   -7.5000 8533.7285   22.4955
    0.0000  -37.5000   -7.5000 8655.1133   22.4950
    7.5000  -37.5000   -7.5000 8257.8672   22.5027
   -7.5000  -30.0000   -7.5000 9300.0713   23.1109
    0.0000  -30.0000   -7.5000 9410.1416   23.1128
    7.5000  -30.0000   -7.5000 8996.5938   23.1393
   -7.5000  -22.5000   -7.500010089.6973   23.1417
    0.0000  -22.5000   -7.500010234.1904   23.1303
    7.5000  -22.5000   -7.5000 9766.5283   23.1561
   -7.5000  -15.0000   -7.500010769.1816   23.1343
    0.0000  -15.0000   -7.500010900.8740   23.1079
    7.5000  -15.0000   -7.500010389.0791   23.1142
   -7.5000   -7.5000   -7.500010950.5254   23.1026
    0.0000   -7.5000   -7.500011064.7031   23.0734
    7.5000   -7.5000   -7.500010472.1885   23.0614
   -7.5000    0.0000   -7.500011159.1006   23.0788
    0.0000    0.0000   -7.500011270.4502   23.0620
    7.5000    0.0000   -7.500010630.5527   23.0490
   -7.5000    7.5000   -7.500010727.5322   23.0756
    0.0000    7.5000   -7.500010865.1318   23.0752
    7.5000    7.5000   -7.500010242.2275   23.0831
   -7.5000   15.0000   -7.500010538.7891   23.1038
    0.0000   15.0000   -7.500010694.3740   23.1057
    7.5000   15.0000   -7.500010095.4824   23.1322
   -7.5000   22.5000   -7.5000 9888.7627   22.8390
    0.0000   22.5000   -7.500010010.5332   22.8278
    7.5000   22.5000   -7.5000 9427.2891   22.8532
   -7.5000   30.0000   -7.5000 9180.2852   22.2794
    0.0000   30.0000   -7.5000 9322.6416   22.2541
    7.5000   30.0000   -7.5000 8780.1396   22.2601
   -7.5000   37.5000   -7.5000 8341.9287   21.5941
    0.0000   37.5000   -7.5000 8475.1240   21.5669
    7.5000   37.5000   -7.5000 7978.4536   21.5558
   -7.5000   45.0000   -7.5000 7532.3633   21.0296
    0.0000   45.0000   -7.5000 7635.5957   21.0130
    7.5000   45.0000   -7.5000 7217.5527   20.9993
   -7.5000  -45.0000    0.0000 7920.4692   21.7075
    0.0000  -45.0000    0.0000 8041.0552   21.7164
    7.5000  -45.0000    0.0000 7674.9819   21.7246
   -7.5000  -37.5000    0.0000 8607.1982   23.0572
    0.0000  -37.5000    0.0000 8733.9795   23.0810
    7.5000  -37.5000    0.0000 8329.6553   23.1044
   -7.5000  -30.0000    0.0000 9431.9561   23.6554
    0.0000  -30.0000    0.0000 9552.4795   23.6793
    7.5000  -30.0000    0.0000 9108.8721   23.7201
   -7.5000  -22.5000    0.000010328.4316   23.6693
    0.0000  -22.5000    0.000010488.0850   23.6788
    7.5000  -22.5000    0.0000 9954.3115   23.7226
   -7.5000  -15.0000    0.000011100.0713   23.6635
    0.0000  -15.0000    0.000011215.5391   23.6603
    7.5000  -15.0000    0.000010611.4072   23.6904
   -7.5000   -7.5000    0.000011301.2432   23.6497
    0.0000   -7.5000    0.000011311.8516   23.6461
    7.5000   -7.5000    0.000010685.0029   23.6601
   -7.5000    0.0000    0.000011432.1426   23.6435
    0.0000    0.0000    0.000011467.0498   23.6533
    7.5000    0.0000    0.000010833.5615   23.6623
   -7.5000    7.5000    0.000010967.2002   23.6362
    0.0000    7.5000    0.000011049.5703   23.6607
    7.5000    7.5000    0.000010459.9209   23.6846
   -7.5000   15.0000    0.000010771.2295   23.6470
    0.0000   15.0000    0.000010888.8486   23.6709
    7.5000   15.0000    0.000010321.3398   23.7117
   -7.5000   22.5000    0.000010060.0273   23.3630
    0.0000   22.5000    0.000010205.5996   23.3724
    7.5000   22.5000    0.0000 9630.7822   23.4156
   -7.5000   30.0000    0.0000 9346.4414   22.8029
    0.0000   30.0000    0.0000 9525.4033   22.7998
    7.5000   30.0000    0.0000 8961.1562   22.8288
   -7.5000   37.5000    0.0000 8502.1846   22.1323
    0.0000   37.5000    0.0000 8676.6309   22.1290
    7.5000   37.5000    0.0000 8152.2188   22.1422
   -7.5000   45.0000    0.0000 7679.6895   21.5896
    0.0000   45.0000    0.0000 7804.6343   21.5981
    7.5000   45.0000    0.0000 7356.7837   21.6048
   -7.5000  -45.0000    7.5000 7645.4961   21.7899
    0.0000  -45.0000    7.5000 7775.4526   21.8023
    7.5000  -45.0000    7.5000 7409.0034   21.8150
   -7.5000  -37.5000    7.5000 8307.9912   23.1474
    0.0000  -37.5000    7.5000 8444.6611   23.1773
    7.5000  -37.5000    7.5000 8019.5708   23.1982
   -7.5000  -30.0000    7.5000 9130.2119   23.7359
    0.0000  -30.0000    7.5000 9254.3838   23.7705
    7.5000  -30.0000    7.5000 8748.5215   23.8047
   -7.5000  -22.5000    7.500010121.9912   23.7349
    0.0000  -22.5000    7.500010323.2148   23.7573
    7.5000  -22.5000    7.5000 9625.8574   23.7970
   -7.5000  -15.0000    7.500010989.6494   23.7278
    0.0000  -15.0000    7.500011050.5635   23.7339
    7.5000  -15.0000    7.500010381.3428   23.7669
   -7.5000   -7.5000    7.500011027.6123   23.7250
    0.0000   -7.5000    7.500010948.9414   23.7264
    7.5000   -7.5000    7.500010441.2021   23.7477
   -7.5000    0.0000    7.500011081.8145   23.7331
    0.0000    0.0000    7.500011073.6826   23.7467
    7.5000    0.0000    7.500010605.8945   23.7604
   -7.5000    7.5000    7.500010635.4658   23.7287
    0.0000    7.5000    7.500010731.6201   23.7594
    7.5000    7.5000    7.500010230.2686   23.7808
   -7.5000   15.0000    7.500010445.5342   23.7275
    0.0000   15.0000    7.500010603.5947   23.7621
    7.5000   15.0000    7.500010061.4941   23.7962
   -7.5000   22.5000    7.5000 9705.5322   23.4278
    0.0000   22.5000    7.5000 9904.1709   23.4499
    7.5000   22.5000    7.5000 9350.0801   23.4890
   -7.5000   30.0000    7.5000 8991.0322   22.8649
    0.0000   30.0000    7.5000 9201.9863   22.8708
    7.5000   30.0000    7.5000 8641.3125   22.9025
   -7.5000   37.5000    7.5000 8205.4932   22.2030
    0.0000   37.5000    7.5000 8412.5303   22.2044
    7.5000   37.5000    7.5000 7855.3643   22.2244
   -7.5000   45.0000    7.5000 7431.6079   21.6777
    0.0000   45.0000    7.5000 7593.0435   21.6900
    7.5000   45.0000    7.5000 7110.2803   21.7012
   -7.5000  -45.0000   15.0000 7617.7988   21.9082
    0.0000  -45.0000   15.0000 7713.1113   21.9012
    7.5000  -45.0000   15.0000 7350.2480   21.9004
   -7.5000  -37.5000   15.0000 8275.5820   23.2780
    0.0000  -37.5000   15.0000 8359.4297   23.2917
    7.5000  -37.5000   15.0000 7924.1914   23.2981
   -7.5000  -30.0000   15.0000 9088.9707   23.8760
    0.0000  -30.0000   15.0000 9169.3643   23.9013
    7.5000  -30.0000   15.0000 8658.1934   23.9187
   -7.5000  -22.5000   15.000010050.1621   23.8779
    0.0000  -22.5000   15.000010251.7090   23.8946
    7.5000  -22.5000   15.0000 9582.2812   23.9156
   -7.5000  -15.0000   15.000010843.2783   23.8674
    0.0000  -15.0000   15.000011107.3340   23.8621
    7.5000  -15.0000   15.000010438.4414   23.8764
   -7.5000   -7.5000   15.000010953.1602   23.8570
    0.0000   -7.5000   15.000011175.8193   23.8400
    7.5000   -7.5000   15.000010643.6807   23.8443
   -7.5000    0.0000   15.000011018.4258   23.8617
    0.0000    0.0000   15.000011274.4639   23.8542
    7.5000    0.0000   15.000010769.8926   23.8533
   -7.5000    7.5000   15.000010568.6416   23.8626
    0.0000    7.5000   15.000010829.8691   23.8766
    7.5000    7.5000   15.000010290.0195   23.8832
   -7.5000   15.0000   15.000010381.9482   23.8675
    0.0000   15.0000   15.000010609.7822   23.8928
    7.5000   15.0000   15.000010064.5469   23.9102
   -7.5000   22.5000   15.0000 9642.8184   23.5689
    0.0000   22.5000   15.0000 9814.9424   23.5853
    7.5000   22.5000   15.0000 9308.0957   23.6061
   -7.5000   30.0000   15.0000 8945.7100   22.9993
    0.0000   30.0000   15.0000 9088.9902   22.9943
    7.5000   30.0000   15.0000 8570.8691   23.0081
   -7.5000   37.5000   15.0000 8202.1123   22.3259
    0.0000   37.5000   15.0000 8327.8555   22.3099
    7.5000   37.5000   15.0000 7817.2124   22.3139
   -7.5000   45.0000   15.0000 7440.7847   21.7951
    0.0000   45.0000   15.0000 7551.7524   21.7878
    7.5000   45.0000   15.0000 7089.5098   21.7852
   -7.5000  -45.0000   22.5000 7203.8169   22.3162
    0.0000  -45.0000   22.5000 7294.8896   22.2847
    7.5000  -45.0000   22.5000 6932.0869   22.2635
   -7.5000  -37.5000   22.5000 7829.2231   23.7163
    0.0000  -37.5000   22.5000 7933.5381   23.7069
    7.5000  -37.5000   22.5000 7521.5967   23.6983
   -7.5000  -30.0000   22.5000 8597.0342   24.3466
    0.0000  -30.0000   22.5000 8718.0459   24.3516
    7.5000  -30.0000   22.5000 8251.8506   24.3552
   -7.5000  -22.5000   22.5000 9388.4473   24.3669
    0.0000  -22.5000   22.5000 9606.1240   24.3636
    7.5000  -22.5000   22.5000 9057.8760   24.3661
   -7.5000  -15.0000   22.5000 9996.9043   24.3516
    0.0000  -15.0000   22.500010192.1777   24.3227
    7.5000  -15.0000   22.5000 9748.7725   24.3118
   -7.5000   -7.5000   22.500010128.8867   24.3193
    0.0000   -7.5000   22.500010293.5400   24.2758
    7.5000   -7.5000   22.5000 9889.0869   24.2529
   -7.5000    0.0000   22.500010313.6699   24.3054
    0.0000    0.0000   22.500010536.6982   24.2713
    7.5000    0.0000   22.500010030.4424   24.2482
   -7.5000    7.5000   22.5000 9979.0488   24.3118
    0.0000    7.5000   22.500010185.8027   24.3022
    7.5000    7.5000   22.5000 9660.1592   24.2934
   -7.5000   15.0000   22.5000 9853.0498   24.3380
    0.0000   15.0000   22.500010017.0752   24.3430
    7.5000   15.0000   22.5000 9483.8096   24.3465
   -7.5000   22.5000   22.5000 9123.2441   24.0516
    0.0000   22.5000   22.5000 9250.2939   24.0483
    7.5000   22.5000   22.5000 8753.4463   24.0508
   -7.5000   30.0000   22.5000 8438.9170   23.4660
    0.0000   30.0000   22.5000 8542.2588   23.4381
    7.5000   30.0000   22.5000 8041.6064   23.4276
   -7.5000   37.5000   22.5000 7729.3110   22.7574
    0.0000   37.5000   22.5000 7814.8628   22.7166
    7.5000   37.5000   22.5000 7341.4902   22.6952
   -7.5000   45.0000   22.5000 7011.3208   22.1959
    0.0000   45.0000   22.5000 7045.6812   22.1634
    7.5000   45.0000   22.5000 6656.6934   22.1398
   -7.5000  -45.0000   30.0000 6722.8896   22.8889
    0.0000  -45.0000   30.0000 6834.2759   22.8530
    7.5000  -45.0000   30.0000 6522.6738   22.8262
   -7.5000  -37.5000   30.0000 7313.6182   24.3336
    0.0000  -37.5000   30.0000 7422.1216   24.3188
    7.5000  -37.5000   30.0000 7077.3467   24.3116
   -7.5000  -30.0000   30.0000 7990.0659   25.0008
    0.0000  -30.0000   30.0000 8097.9731   24.9958
    7.5000  -30.0000   30.0000 7711.4131   25.0054
   -7.5000  -22.5000   30.0000 8702.3320   25.0393
    0.0000  -22.5000   30.0000 8823.3613   25.0217
    7.5000  -22.5000   30.0000 8418.3242   25.0278
   -7.5000  -15.0000   30.0000 9272.7656   25.0229
    0.0000  -15.0000   30.0000 9333.5010   24.9816
    7.5000  -15.0000   30.0000 9001.2451   24.9670
   -7.5000   -7.5000   30.0000 9411.4326   24.9747
    0.0000   -7.5000   30.0000 9443.3203   24.9231
    7.5000   -7.5000   30.0000 9095.2051   24.8919
   -7.5000    0.0000   30.0000 9601.7090   24.9431
    0.0000    0.0000   30.0000 9634.6758   24.9043
    7.5000    0.0000   30.0000 9230.9844   24.8750
   -7.5000    7.5000   30.0000 9342.1445   24.9488
    0.0000    7.5000   30.0000 9385.9395   24.9336
    7.5000    7.5000   30.0000 8953.6367   24.9263
   -7.5000   15.0000   30.0000 9298.0684   24.9919
    0.0000   15.0000   30.0000 9329.1465   24.9869
    7.5000   15.0000   30.0000 8868.4062   24.9965
   -7.5000   22.5000   30.0000 8641.3193   24.7130
    0.0000   22.5000   30.0000 8686.4424   24.6957
    7.5000   22.5000   30.0000 8238.4062   24.7017
   -7.5000   30.0000   30.0000 7988.6587   24.1239
    0.0000   30.0000   30.0000 8040.2114   24.0840
    7.5000   30.0000   30.0000 7582.8931   24.0700
   -7.5000   37.5000   30.0000 7277.0947   23.3906
    0.0000   37.5000   30.0000 7326.6694   23.3424
    7.5000   37.5000   30.0000 6907.8691   23.3132
   -7.5000   45.0000   30.0000 6571.2754   22.7746
    0.0000   45.0000   30.0000 6591.1494   22.7371
    7.5000   45.0000   30.0000 6236.7896   22.7077
   -7.5000  -45.0000   37.5000 6316.1714   23.3904
    0.0000  -45.0000   37.5000 6406.8120   23.3763
    7.5000  -45.0000   37.5000 6107.1138   23.3600
   -7.5000  -37.5000   37.5000 6854.0259   24.8645
    0.0000  -37.5000   37.5000 6934.5151   24.8698
    7.5000  -37.5000   37.5000 6605.1270   24.8759
   -7.5000  -30.0000   37.5000 7452.0654   25.5204
    0.0000  -30.0000   37.5000 7533.3462   25.5289
    7.5000  -30.0000   37.5000 7186.5571   25.5567
   -7.5000  -22.5000   37.5000 8096.8623   25.5537
    0.0000  -22.5000   37.5000 8170.5068   25.5458
    7.5000  -22.5000   37.5000 7816.7544   25.5722
   -7.5000  -15.0000   37.5000 8632.0742   25.5408
    0.0000  -15.0000   37.5000 8676.2930   25.5141
    7.5000  -15.0000   37.5000 8355.4102   25.5178
   -7.5000   -7.5000   37.5000 8790.6465   25.5026
    0.0000   -7.5000   37.5000 8806.2285   25.4723
    7.5000   -7.5000   37.5000 8470.6143   25.4552
   -7.5000    0.0000   37.5000 8939.1963   25.4779
    0.0000    0.0000   37.5000 8955.4385   25.4629
    7.5000    0.0000   37.5000 8575.0879   25.4451
   -7.5000    7.5000   37.5000 8692.4375   25.4772
    0.0000    7.5000   37.5000 8692.8242   25.4827
    7.5000    7.5000   37.5000 8327.0527   25.4890
   -7.5000   15.0000   37.5000 8679.1621   25.5111
    0.0000   15.0000   37.5000 8691.1143   25.5196
    7.5000   15.0000   37.5000 8287.2266   25.5474
   -7.5000   22.5000   37.5000 8092.2510   25.2163
    0.0000   22.5000   37.5000 8131.7100   25.2086
    7.5000   22.5000   37.5000 7723.2368   25.2346
   -7.5000   30.0000   37.5000 7478.7329   24.6230
    0.0000   30.0000   37.5000 7519.1826   24.5973
    7.5000   30.0000   37.5000 7129.0908   24.6008
   -7.5000   37.5000   37.5000 6808.3667   23.8820
    0.0000   37.5000   37.5000 6861.9849   23.8537
    7.5000   37.5000   37.5000 6483.2549   23.8378
   -7.5000   45.0000   37.5000 6115.9844   23.1849
    0.0000   45.0000   37.5000 6156.9043   23.1698
    7.5000   45.0000   37.5000 5821.1714   23.1514
   -7.5000  -45.0000   45.0000 5950.9937   23.9687
    0.0000  -45.0000   45.0000 6012.7280   23.9606
    7.5000  -45.0000   45.0000 5720.0010   23.9447
   -7.5000  -37.5000   45.0000 6428.3647   25.4805
    0.0000  -37.5000   45.0000 6497.0991   25.4913
    7.5000  -37.5000   45.0000 6161.1978   25.4931
   -7.5000  -30.0000   45.0000 6972.1895   26.1051
    0.0000  -30.0000   45.0000 7046.4722   26.1182
    7.5000  -30.0000   45.0000 6708.2339   26.1418
   -7.5000  -22.5000   45.0000 7542.7363   26.1120
    0.0000  -22.5000   45.0000 7606.7593   26.1088
    7.5000  -22.5000   45.0000 7262.7603   26.1358
   -7.5000  -15.0000   45.0000 8051.0708   26.0963
    0.0000  -15.0000   45.0000 8089.2183   26.0757
    7.5000  -15.0000   45.0000 7754.9287   26.0848
   -7.5000   -7.5000   45.0000 8212.5791   26.0806
    0.0000   -7.5000   45.0000 8222.7539   26.0569
    7.5000   -7.5000   45.0000 7872.8579   26.0456
   -7.5000    0.0000   45.0000 8342.0674   26.0829
    0.0000    0.0000   45.0000 8342.9570   26.0743
    7.5000    0.0000   45.0000 7960.8223   26.0570
   -7.5000    7.5000   45.0000 8092.6553   26.0833
    0.0000    7.5000   45.0000 8082.5801   26.0943
    7.5000    7.5000   45.0000 7725.5913   26.0961
   -7.5000   15.0000   45.0000 8058.4121   26.0954
    0.0000   15.0000   45.0000 8075.3652   26.1084
    7.5000   15.0000   45.0000 7696.6768   26.1320
   -7.5000   22.5000   45.0000 7537.3203   25.7639
    0.0000   22.5000   45.0000 7563.4609   25.7607
    7.5000   22.5000   45.0000 7194.8965   25.7873
   -7.5000   30.0000   45.0000 6945.6274   25.1560
    0.0000   30.0000   45.0000 6985.0142   25.1362
    7.5000   30.0000   45.0000 6619.8984   25.1450
   -7.5000   37.5000   45.0000 6321.5571   24.4149
    0.0000   37.5000   45.0000 6361.0864   24.3927
    7.5000   37.5000   45.0000 6023.9751   24.3821
   -7.5000   45.0000   45.0000 5702.6655   23.6797
    0.0000   45.0000   45.0000 5719.3848   23.6712
    7.5000   45.0000   45.0000 5418.2231   23.6532

---------------------------------------------------------------------
imgreg_4dfp /opt/freesurfer/average/711-2C_as_mni_average_305 /opt/freesurfer/average/711-2B_as_mni_average_305_mask talsrcimg_g11 none talsrcimg_to_711-2C_as_mni_average_305_t4 4355
---------------------------------------------------------------------

freesurfer imgreg_4dfp.c
/opt/freesurfer/average/711-2C_as_mni_average_305.4dfp.img
       256       256       256         1
  1.000000  1.000000  1.000000
orientation T byte_order littleendian
Reading image: /opt/freesurfer/average/711-2C_as_mni_average_305.4dfp.img
dimensions:      256       256       256
mmppix:       1.0000   -1.0000   -1.0000
center:     128.0000 -129.0000 -129.0000
/opt/freesurfer/average/711-2B_as_mni_average_305_mask.4dfp.img
       256       256       256         1
  1.000000  1.000000  1.000000
orientation T byte_order littleendian
Reading mask: /opt/freesurfer/average/711-2B_as_mni_average_305_mask.4dfp.img (2306576 pixels)
talsrcimg_g11.4dfp.img
       256       256       256         1
  0.900000  0.900000  0.900000
orientation T byte_order littleendian
Reading image: talsrcimg_g11.4dfp.img
dimensions:      256       256       256
mmppix:       0.9000   -0.9000   -0.9000
center:     115.2000 -116.1000 -116.1000
rotation matrix determinant  1.000000
image alignment mode   4355 decimal     1103 hex
   -7.5000  -45.0000  -45.0000 1945.6472   23.1109
    0.0000  -45.0000  -45.0000 1961.8296   23.0068
    7.5000  -45.0000  -45.0000 1966.0917   23.2141
   -7.5000  -37.5000  -45.0000 2037.8309   21.3802
    0.0000  -37.5000  -45.0000 2057.3423   21.3220
    7.5000  -37.5000  -45.0000 2053.2412   21.4875
   -7.5000  -30.0000  -45.0000 2095.2275   20.0363
    0.0000  -30.0000  -45.0000 2114.3809   19.9607
    7.5000  -30.0000  -45.0000 2112.5862   20.1277
   -7.5000  -22.5000  -45.0000 2127.6604   19.1853
    0.0000  -22.5000  -45.0000 2148.3831   19.0620
    7.5000  -22.5000  -45.0000 2143.9507   19.1928
   -7.5000  -15.0000  -45.0000 2142.0344   18.7735
    0.0000  -15.0000  -45.0000 2160.9609   18.5987
    7.5000  -15.0000  -45.0000 2155.9246   18.7160
   -7.5000   -7.5000  -45.0000 2148.2126   18.7966
    0.0000   -7.5000  -45.0000 2164.1375   18.6138
    7.5000   -7.5000  -45.0000 2154.6479   18.6409
   -7.5000    0.0000  -45.0000 2143.6672   19.0524
    0.0000    0.0000  -45.0000 2157.4573   18.8806
    7.5000    0.0000  -45.0000 2141.0840   18.9345
   -7.5000    7.5000  -45.0000 2127.2651   19.7387
    0.0000    7.5000  -45.0000 2144.0322   19.5364
    7.5000    7.5000  -45.0000 2120.1426   19.5630
   -7.5000   15.0000  -45.0000 2087.8818   20.6875
    0.0000   15.0000  -45.0000 2095.1885   20.4797
    7.5000   15.0000  -45.0000 2081.6631   20.6226
   -7.5000   22.5000  -45.0000 2027.4030   22.0212
    0.0000   22.5000  -45.0000 2031.2560   21.7960
    7.5000   22.5000  -45.0000 2021.8174   21.9797
   -7.5000   30.0000  -45.0000 1950.9681   23.8761
    0.0000   30.0000  -45.0000 1955.1710   23.5701
    7.5000   30.0000  -45.0000 1945.5134   23.8496
   -7.5000   37.5000  -45.0000 1834.9033   26.0878
    0.0000   37.5000  -45.0000 1842.5922   25.7700
    7.5000   37.5000  -45.0000 1825.7784   26.0274
   -7.5000   45.0000  -45.0000 1692.4482   28.5232
    0.0000   45.0000  -45.0000 1696.4990   28.1580
    7.5000   45.0000  -45.0000 1678.5573   28.3981
   -7.5000  -45.0000  -37.5000 2089.2107   22.9850
    0.0000  -45.0000  -37.5000 2116.3552   22.9324
    7.5000  -45.0000  -37.5000 2109.1082   23.1016
   -7.5000  -37.5000  -37.5000 2191.3599   21.1950
    0.0000  -37.5000  -37.5000 2217.4451   21.1550
    7.5000  -37.5000  -37.5000 2211.6453   21.3472
   -7.5000  -30.0000  -37.5000 2261.9976   19.8204
    0.0000  -30.0000  -37.5000 2288.4348   19.7846
    7.5000  -30.0000  -37.5000 2280.6042   19.9159
   -7.5000  -22.5000  -37.5000 2303.4968   18.9533
    0.0000  -22.5000  -37.5000 2324.8142   18.8175
    7.5000  -22.5000  -37.5000 2321.1987   18.9434
   -7.5000  -15.0000  -37.5000 2325.5366   18.4175
    0.0000  -15.0000  -37.5000 2342.4006   18.2660
    7.5000  -15.0000  -37.5000 2333.5500   18.3771
   -7.5000   -7.5000  -37.5000 2337.0417   18.4447
    0.0000   -7.5000  -37.5000 2346.2688   18.2288
    7.5000   -7.5000  -37.5000 2334.7773   18.3206
   -7.5000    0.0000  -37.5000 2326.8757   18.7011
    0.0000    0.0000  -37.5000 2336.2915   18.5301
    7.5000    0.0000  -37.5000 2317.4607   18.6096
   -7.5000    7.5000  -37.5000 2307.3665   19.4148
    0.0000    7.5000  -37.5000 2321.8704   19.2278
    7.5000    7.5000  -37.5000 2292.8335   19.2447
   -7.5000   15.0000  -37.5000 2264.4185   20.3479
    0.0000   15.0000  -37.5000 2275.1521   20.1894
    7.5000   15.0000  -37.5000 2253.3728   20.2447
   -7.5000   22.5000  -37.5000 2204.0237   21.6242
    0.0000   22.5000  -37.5000 2211.3958   21.4912
    7.5000   22.5000  -37.5000 2189.7205   21.6287
   -7.5000   30.0000  -37.5000 2117.0005   23.4028
    0.0000   30.0000  -37.5000 2120.3396   23.2482
    7.5000   30.0000  -37.5000 2104.6794   23.4619
   -7.5000   37.5000  -37.5000 1988.0040   25.5981
    0.0000   37.5000  -37.5000 1996.4379   25.3099
    7.5000   37.5000  -37.5000 1977.4147   25.5484
   -7.5000   45.0000  -37.5000 1836.6768   28.0316
    0.0000   45.0000  -37.5000 1843.8726   27.7197
    7.5000   45.0000  -37.5000 1827.9264   27.9841
   -7.5000  -45.0000  -30.0000 2222.0779   22.7334
    0.0000  -45.0000  -30.0000 2251.0176   22.6732
    7.5000  -45.0000  -30.0000 2242.5759   22.7972
   -7.5000  -37.5000  -30.0000 2324.1675   20.8602
    0.0000  -37.5000  -30.0000 2354.7188   20.8096
    7.5000  -37.5000  -30.0000 2343.7546   20.9314
   -7.5000  -30.0000  -30.0000 2408.5542   19.4404
    0.0000  -30.0000  -30.0000 2435.3257   19.3396
    7.5000  -30.0000  -30.0000 2425.4897   19.4627
   -7.5000  -22.5000  -30.0000 2462.5325   18.5226
    0.0000  -22.5000  -30.0000 2481.5918   18.3589
    7.5000  -22.5000  -30.0000 2472.3518   18.4665
   -7.5000  -15.0000  -30.0000 2496.7300   17.9513
    0.0000  -15.0000  -30.0000 2506.8115   17.7861
    7.5000  -15.0000  -30.0000 2491.2717   17.9016
   -7.5000   -7.5000  -30.0000 2507.3735   17.8547
    0.0000   -7.5000  -30.0000 2516.1863   17.6520
    7.5000   -7.5000  -30.0000 2496.7336   17.7664
   -7.5000    0.0000  -30.0000 2497.6992   18.1738
    0.0000    0.0000  -30.0000 2510.2649   18.0101
    7.5000    0.0000  -30.0000 2483.0383   18.0959
   -7.5000    7.5000  -30.0000 2473.4248   18.8955
    0.0000    7.5000  -30.0000 2487.6638   18.7098
    7.5000    7.5000  -30.0000 2460.2119   18.8080
   -7.5000   15.0000  -30.0000 2425.8987   19.7744
    0.0000   15.0000  -30.0000 2439.0164   19.6509
    7.5000   15.0000  -30.0000 2415.5347   19.7752
   -7.5000   22.5000  -30.0000 2353.3733   20.9849
    0.0000   22.5000  -30.0000 2364.6833   20.8640
    7.5000   22.5000  -30.0000 2342.1890   21.0614
   -7.5000   30.0000  -30.0000 2260.0627   22.7307
    0.0000   30.0000  -30.0000 2269.5508   22.5702
    7.5000   30.0000  -30.0000 2250.9438   22.7528
   -7.5000   37.5000  -30.0000 2128.0330   24.8837
    0.0000   37.5000  -30.0000 2131.7051   24.5835
    7.5000   37.5000  -30.0000 2116.9663   24.8058
   -7.5000   45.0000  -30.0000 1963.0284   27.3149
    0.0000   45.0000  -30.0000 1963.5590   26.9534
    7.5000   45.0000  -30.0000 1948.1418   27.1755
   -7.5000  -45.0000  -22.5000 2325.7620   22.2477
    0.0000  -45.0000  -22.5000 2353.9456   22.0902
    7.5000  -45.0000  -22.5000 2342.4067   22.2163
   -7.5000  -37.5000  -22.5000 2438.6140   20.3602
    0.0000  -37.5000  -22.5000 2464.7817   20.2670
    7.5000  -37.5000  -22.5000 2449.6255   20.3558
   -7.5000  -30.0000  -22.5000 2533.2368   18.9559
    0.0000  -30.0000  -22.5000 2555.1619   18.7928
    7.5000  -30.0000  -22.5000 2542.4380   18.8823
   -7.5000  -22.5000  -22.5000 2596.0903   17.9192
    0.0000  -22.5000  -22.5000 2610.5312   17.7224
    7.5000  -22.5000  -22.5000 2597.7507   17.8310
   -7.5000  -15.0000  -22.5000 2631.9558   17.2760
    0.0000  -15.0000  -22.5000 2641.6079   17.1140
    7.5000  -15.0000  -22.5000 2624.5513   17.2111
   -7.5000   -7.5000  -22.5000 2641.6907   17.0262
    0.0000   -7.5000  -22.5000 2652.0381   16.8663
    7.5000   -7.5000  -22.5000 2632.7864   16.9928
   -7.5000    0.0000  -22.5000 2639.4751   17.4023
    0.0000    0.0000  -22.5000 2652.6470   17.2143
    7.5000    0.0000  -22.5000 2623.5330   17.3350
   -7.5000    7.5000  -22.5000 2620.1021   18.1272
    0.0000    7.5000  -22.5000 2630.4968   17.9139
    7.5000    7.5000  -22.5000 2603.5266   18.0426
   -7.5000   15.0000  -22.5000 2572.4722   19.0237
    0.0000   15.0000  -22.5000 2580.3765   18.8415
    7.5000   15.0000  -22.5000 2552.9729   18.9786
   -7.5000   22.5000  -22.5000 2497.9167   20.2365
    0.0000   22.5000  -22.5000 2502.6938   20.0571
    7.5000   22.5000  -22.5000 2466.8445   20.1746
   -7.5000   30.0000  -22.5000 2395.1396   21.8718
    0.0000   30.0000  -22.5000 2395.6887   21.6300
    7.5000   30.0000  -22.5000 2366.5630   21.7674
   -7.5000   37.5000  -22.5000 2248.7126   23.8582
    0.0000   37.5000  -22.5000 2253.4189   23.5935
    7.5000   37.5000  -22.5000 2221.4094   23.6719
   -7.5000   45.0000  -22.5000 2066.6450   26.1340
    0.0000   45.0000  -22.5000 2069.2717   25.9220
    7.5000   45.0000  -22.5000 2041.7748   25.9620
   -7.5000  -45.0000  -15.0000 2397.3594   21.7364
    0.0000  -45.0000  -15.0000 2426.7202   21.4717
    7.5000  -45.0000  -15.0000 2419.8877   21.6582
   -7.5000  -37.5000  -15.0000 2513.4236   19.7950
    0.0000  -37.5000  -15.0000 2542.3518   19.6074
    7.5000  -37.5000  -15.0000 2535.2756   19.8110
   -7.5000  -30.0000  -15.0000 2619.5781   18.3100
    0.0000  -30.0000  -15.0000 2644.3499   18.1264
    7.5000  -30.0000  -15.0000 2631.9595   18.3092
   -7.5000  -22.5000  -15.0000 2694.4951   17.2606
    0.0000  -22.5000  -15.0000 2716.5366   17.0922
    7.5000  -22.5000  -15.0000 2697.5010   17.1950
   -7.5000  -15.0000  -15.0000 2732.9895   16.5241
    0.0000  -15.0000  -15.0000 2750.8086   16.3517
    7.5000  -15.0000  -15.0000 2727.6194   16.4801
   -7.5000   -7.5000  -15.0000 2752.5105   16.2133
    0.0000   -7.5000  -15.0000 2765.9878   16.0192
    7.5000   -7.5000  -15.0000 2740.9170   16.1326
   -7.5000    0.0000  -15.0000 2754.5691   16.5859
    0.0000    0.0000  -15.0000 2763.1655   16.3291
    7.5000    0.0000  -15.0000 2735.6672   16.4117
   -7.5000    7.5000  -15.0000 2739.9380   17.2957
    0.0000    7.5000  -15.0000 2743.8718   17.0307
    7.5000    7.5000  -15.0000 2709.4448   17.0953
   -7.5000   15.0000  -15.0000 2689.4216   18.1390
    0.0000   15.0000  -15.0000 2694.1079   17.9282
    7.5000   15.0000  -15.0000 2663.3887   18.0427
   -7.5000   22.5000  -15.0000 2602.9106   19.2799
    0.0000   22.5000  -15.0000 2607.4866   19.0695
    7.5000   22.5000  -15.0000 2577.0981   19.2433
   -7.5000   30.0000  -15.0000 2490.9856   20.8900
    0.0000   30.0000  -15.0000 2496.9456   20.6556
    7.5000   30.0000  -15.0000 2467.2561   20.8200
   -7.5000   37.5000  -15.0000 2339.8262   22.8482
    0.0000   37.5000  -15.0000 2344.4651   22.5818
    7.5000   37.5000  -15.0000 2318.1233   22.7317
   -7.5000   45.0000  -15.0000 2142.9036   25.0519
    0.0000   45.0000  -15.0000 2141.0144   24.8021
    7.5000   45.0000  -15.0000 2118.5181   24.9116
   -7.5000  -45.0000   -7.5000 2414.8887   21.2393
    0.0000  -45.0000   -7.5000 2444.8923   20.9143
    7.5000  -45.0000   -7.5000 2445.3931   21.1044
   -7.5000  -37.5000   -7.5000 2540.5239   19.3179
    0.0000  -37.5000   -7.5000 2575.7393   19.0392
    7.5000  -37.5000   -7.5000 2570.2112   19.2073
   -7.5000  -30.0000   -7.5000 2654.1328   17.8170
    0.0000  -30.0000   -7.5000 2680.9888   17.5119
    7.5000  -30.0000   -7.5000 2670.3286   17.6760
   -7.5000  -22.5000   -7.5000 2740.1716   16.6730
    0.0000  -22.5000   -7.5000 2762.5002   16.3889
    7.5000  -22.5000   -7.5000 2744.9990   16.5200
   -7.5000  -15.0000   -7.5000 2792.4128   15.8812
    0.0000  -15.0000   -7.5000 2808.8406   15.5807
    7.5000  -15.0000   -7.5000 2789.6582   15.7314
   -7.5000   -7.5000   -7.5000 2823.3684   15.4887
    0.0000   -7.5000   -7.5000 2828.4941   15.1738
    7.5000   -7.5000   -7.5000 2802.8035   15.2761
   -7.5000    0.0000   -7.5000 2829.1099   15.7695
    0.0000    0.0000   -7.5000 2834.5222   15.4610
    7.5000    0.0000   -7.5000 2803.1313   15.4831
   -7.5000    7.5000   -7.5000 2806.3323   16.3928
    0.0000    7.5000   -7.5000 2811.3274   16.0827
    7.5000    7.5000   -7.5000 2781.4922   16.1446
   -7.5000   15.0000   -7.5000 2745.7524   17.1882
    0.0000   15.0000   -7.5000 2751.9573   16.9329
    7.5000   15.0000   -7.5000 2730.0249   17.1103
   -7.5000   22.5000   -7.5000 2659.9763   18.3236
    0.0000   22.5000   -7.5000 2663.1787   18.0796
    7.5000   22.5000   -7.5000 2640.8159   18.3390
   -7.5000   30.0000   -7.5000 2545.0698   19.9020
    0.0000   30.0000   -7.5000 2552.4265   19.6555
    7.5000   30.0000   -7.5000 2532.0034   19.9706
   -7.5000   37.5000   -7.5000 2389.4741   21.8390
    0.0000   37.5000   -7.5000 2398.3918   21.6082
    7.5000   37.5000   -7.5000 2376.7285   21.8637
   -7.5000   45.0000   -7.5000 2182.7434   24.0116
    0.0000   45.0000   -7.5000 2189.9526   23.7785
    7.5000   45.0000   -7.5000 2178.3914   24.0103
   -7.5000  -45.0000    0.0000 2437.5708   21.2887
    0.0000  -45.0000    0.0000 2455.2883   20.8382
    7.5000  -45.0000    0.0000 2451.7212   20.9650
   -7.5000  -37.5000    0.0000 2562.8840   19.3173
    0.0000  -37.5000    0.0000 2583.0920   18.8703
    7.5000  -37.5000    0.0000 2575.8418   18.9951
   -7.5000  -30.0000    0.0000 2681.4500   17.7760
    0.0000  -30.0000    0.0000 2696.2585   17.3398
    7.5000  -30.0000    0.0000 2683.1548   17.4282
   -7.5000  -22.5000    0.0000 2774.1936   16.5538
    0.0000  -22.5000    0.0000 2786.1780   16.1570
    7.5000  -22.5000    0.0000 2770.2781   16.2264
   -7.5000  -15.0000    0.0000 2836.4910   15.6704
    0.0000  -15.0000    0.0000 2845.2788   15.2785
    7.5000  -15.0000    0.0000 2826.8064   15.3751
   -7.5000   -7.5000    0.0000 2884.4438   15.1576
    0.0000   -7.5000    0.0000 2877.5134   14.6904
    7.5000   -7.5000    0.0000 2851.9854   14.8617
   -7.5000    0.0000    0.0000 2896.8525   15.3351
    0.0000    0.0000    0.0000 2889.2686   14.9244
    7.5000    0.0000    0.0000 2861.1924   15.0035
   -7.5000    7.5000    0.0000 2872.8379   15.9062
    0.0000    7.5000    0.0000 2868.3845   15.5501
    7.5000    7.5000    0.0000 2843.5444   15.6954
   -7.5000   15.0000    0.0000 2813.2991   16.7406
    0.0000   15.0000    0.0000 2807.3308   16.3813
    7.5000   15.0000    0.0000 2795.0840   16.7142
   -7.5000   22.5000    0.0000 2719.8069   17.9043
    0.0000   22.5000    0.0000 2716.4509   17.5824
    7.5000   22.5000    0.0000 2703.8926   17.9584
   -7.5000   30.0000    0.0000 2601.6924   19.5452
    0.0000   30.0000    0.0000 2603.8638   19.2167
    7.5000   30.0000    0.0000 2587.7483   19.5806
   -7.5000   37.5000    0.0000 2440.6785   21.4988
    0.0000   37.5000    0.0000 2450.1331   21.1969
    7.5000   37.5000    0.0000 2428.4783   21.5241
   -7.5000   45.0000    0.0000 2237.3772   23.6341
    0.0000   45.0000    0.0000 2240.3342   23.4136
    7.5000   45.0000    0.0000 2221.2305   23.6552
   -7.5000  -45.0000    7.5000 2430.8896   21.3763
    0.0000  -45.0000    7.5000 2439.7104   20.8614
    7.5000  -45.0000    7.5000 2427.2415   20.9224
   -7.5000  -37.5000    7.5000 2559.5808   19.3919
    0.0000  -37.5000    7.5000 2561.2942   18.9017
    7.5000  -37.5000    7.5000 2547.6106   18.9432
   -7.5000  -30.0000    7.5000 2682.1208   17.7967
    0.0000  -30.0000    7.5000 2675.4624   17.3465
    7.5000  -30.0000    7.5000 2656.2173   17.3508
   -7.5000  -22.5000    7.5000 2781.9714   16.6141
    0.0000  -22.5000    7.5000 2778.1912   16.1926
    7.5000  -22.5000    7.5000 2751.3381   16.1661
   -7.5000  -15.0000    7.5000 2868.3621   15.7670
    0.0000  -15.0000    7.5000 2869.0769   15.3978
    7.5000  -15.0000    7.5000 2833.1506   15.3156
   -7.5000   -7.5000    7.5000 2917.0637   15.0890
    0.0000   -7.5000    7.5000 2913.2095   14.5778
    7.5000   -7.5000    7.5000 2882.2988   14.8033
   -7.5000    0.0000    7.5000 2918.2388   14.9632
    0.0000    0.0000    7.5000 2928.6824   14.5837
    7.5000    0.0000    7.5000 2898.3872   14.8630
   -7.5000    7.5000    7.5000 2896.8787   15.4964
    0.0000    7.5000    7.5000 2902.9458   15.2128
    7.5000    7.5000    7.5000 2875.1040   15.4909
   -7.5000   15.0000    7.5000 2830.5774   16.3957
    0.0000   15.0000    7.5000 2836.2683   16.1563
    7.5000   15.0000    7.5000 2810.4880   16.4030
   -7.5000   22.5000    7.5000 2737.9575   17.5812
    0.0000   22.5000    7.5000 2744.6409   17.3662
    7.5000   22.5000    7.5000 2724.1531   17.6459
   -7.5000   30.0000    7.5000 2622.4707   19.1961
    0.0000   30.0000    7.5000 2632.4954   19.0053
    7.5000   30.0000    7.5000 2603.1606   19.2517
   -7.5000   37.5000    7.5000 2466.9365   21.1634
    0.0000   37.5000    7.5000 2479.5334   20.9991
    7.5000   37.5000    7.5000 2439.9565   21.1947
   -7.5000   45.0000    7.5000 2263.1873   23.3589
    0.0000   45.0000    7.5000 2265.8535   23.2549
    7.5000   45.0000    7.5000 2237.5801   23.3693
   -7.5000  -45.0000   15.0000 2413.9475   21.7346
    0.0000  -45.0000   15.0000 2408.6597   21.1108
    7.5000  -45.0000   15.0000 2401.3430   21.1444
   -7.5000  -37.5000   15.0000 2547.6008   19.7475
    0.0000  -37.5000   15.0000 2529.3530   19.1687
    7.5000  -37.5000   15.0000 2512.1716   19.1679
   -7.5000  -30.0000   15.0000 2669.8464   18.2028
    0.0000  -30.0000   15.0000 2649.1506   17.6952
    7.5000  -30.0000   15.0000 2622.8376   17.6659
   -7.5000  -22.5000   15.0000 2782.5833   17.0302
    0.0000  -22.5000   15.0000 2771.1692   16.5974
    7.5000  -22.5000   15.0000 2740.6165   16.5875
   -7.5000  -15.0000   15.0000 2872.4011   16.0829
    0.0000  -15.0000   15.0000 2880.6189   15.7989
    7.5000  -15.0000   15.0000 2838.2600   15.7970
   -7.5000   -7.5000   15.0000 2915.3167   15.3179
    0.0000   -7.5000   15.0000 2935.6487   15.0741
    7.5000   -7.5000   15.0000 2891.9211   15.2741
   -7.5000    0.0000   15.0000 2925.6196   15.1323
    0.0000    0.0000   15.0000 2949.9399   14.8950
    7.5000    0.0000   15.0000 2914.0117   15.2026
   -7.5000    7.5000   15.0000 2909.5447   15.5448
    0.0000    7.5000   15.0000 2928.5830   15.3748
    7.5000    7.5000   15.0000 2884.1318   15.6046
   -7.5000   15.0000   15.0000 2838.4124   16.4818
    0.0000   15.0000   15.0000 2850.7026   16.2711
    7.5000   15.0000   15.0000 2819.2305   16.4849
   -7.5000   22.5000   15.0000 2742.5195   17.6769
    0.0000   22.5000   15.0000 2747.5747   17.4849
    7.5000   22.5000   15.0000 2729.4829   17.7012
   -7.5000   30.0000   15.0000 2628.1926   19.2829
    0.0000   30.0000   15.0000 2635.5066   19.0706
    7.5000   30.0000   15.0000 2608.5010   19.3231
   -7.5000   37.5000   15.0000 2477.0725   21.2480
    0.0000   37.5000   15.0000 2481.2896   21.0300
    7.5000   37.5000   15.0000 2448.4309   21.2283
   -7.5000   45.0000   15.0000 2271.6672   23.4135
    0.0000   45.0000   15.0000 2273.7874   23.2556
    7.5000   45.0000   15.0000 2247.4946   23.4263
   -7.5000  -45.0000   22.5000 2394.0750   22.4695
    0.0000  -45.0000   22.5000 2388.9521   21.8930
    7.5000  -45.0000   22.5000 2379.1360   21.9968
   -7.5000  -37.5000   22.5000 2524.9800   20.4091
    0.0000  -37.5000   22.5000 2518.8914   19.9738
    7.5000  -37.5000   22.5000 2498.7656   20.0971
   -7.5000  -30.0000   22.5000 2649.7495   18.8276
    0.0000  -30.0000   22.5000 2636.2546   18.4393
    7.5000  -30.0000   22.5000 2617.7761   18.6081
   -7.5000  -22.5000   22.5000 2755.9373   17.5592
    0.0000  -22.5000   22.5000 2743.3274   17.2091
    7.5000  -22.5000   22.5000 2730.8911   17.3891
   -7.5000  -15.0000   22.5000 2826.7756   16.4455
    0.0000  -15.0000   22.5000 2828.7280   16.1601
    7.5000  -15.0000   22.5000 2819.0137   16.4675
   -7.5000   -7.5000   22.5000 2887.1824   15.7263
    0.0000   -7.5000   22.5000 2884.4697   15.4123
    7.5000   -7.5000   22.5000 2879.0251   15.9096
   -7.5000    0.0000   22.5000 2913.5386   15.6692
    0.0000    0.0000   22.5000 2933.3867   15.4505
    7.5000    0.0000   22.5000 2899.1453   15.7487
   -7.5000    7.5000   22.5000 2898.0159   16.1564
    0.0000    7.5000   22.5000 2917.0425   16.0130
    7.5000    7.5000   22.5000 2875.2371   16.1933
   -7.5000   15.0000   22.5000 2827.6128   17.0344
    0.0000   15.0000   22.5000 2841.6360   16.9095
    7.5000   15.0000   22.5000 2805.5349   17.0493
   -7.5000   22.5000   22.5000 2722.8533   18.1832
    0.0000   22.5000   22.5000 2725.4707   18.0029
    7.5000   22.5000   22.5000 2702.2390   18.1661
   -7.5000   30.0000   22.5000 2605.8811   19.7011
    0.0000   30.0000   22.5000 2609.4189   19.5148
    7.5000   30.0000   22.5000 2582.5315   19.6901
   -7.5000   37.5000   22.5000 2451.8533   21.5844
    0.0000   37.5000   22.5000 2456.7156   21.3632
    7.5000   37.5000   22.5000 2428.1421   21.5149
   -7.5000   45.0000   22.5000 2245.7388   23.6729
    0.0000   45.0000   22.5000 2244.9028   23.4434
    7.5000   45.0000   22.5000 2229.4727   23.5886
   -7.5000  -45.0000   30.0000 2367.0684   23.3842
    0.0000  -45.0000   30.0000 2365.5598   22.9406
    7.5000  -45.0000   30.0000 2358.9177   23.2084
   -7.5000  -37.5000   30.0000 2492.5496   21.2634
    0.0000  -37.5000   30.0000 2485.0994   20.8160
    7.5000  -37.5000   30.0000 2472.9636   21.1239
   -7.5000  -30.0000   30.0000 2606.8015   19.5813
    0.0000  -30.0000   30.0000 2598.6436   19.1035
    7.5000  -30.0000   30.0000 2584.2583   19.4223
   -7.5000  -22.5000   30.0000 2705.9756   18.1740
    0.0000  -22.5000   30.0000 2698.8445   17.7422
    7.5000  -22.5000   30.0000 2687.1428   18.0344
   -7.5000  -15.0000   30.0000 2781.6147   17.0373
    0.0000  -15.0000   30.0000 2768.0134   16.6044
    7.5000  -15.0000   30.0000 2766.9092   17.1253
   -7.5000   -7.5000   30.0000 2843.4436   16.4046
    0.0000   -7.5000   30.0000 2830.1677   16.0771
    7.5000   -7.5000   30.0000 2813.8521   16.5125
   -7.5000    0.0000   30.0000 2867.9783   16.3838
    0.0000    0.0000   30.0000 2873.5645   16.1049
    7.5000    0.0000   30.0000 2843.5178   16.3886
   -7.5000    7.5000   30.0000 2850.1804   16.8963
    0.0000    7.5000   30.0000 2859.6750   16.6637
    7.5000    7.5000   30.0000 2823.2600   16.8608
   -7.5000   15.0000   30.0000 2791.4995   17.8068
    0.0000   15.0000   30.0000 2790.6013   17.5774
    7.5000   15.0000   30.0000 2756.8982   17.7343
   -7.5000   22.5000   30.0000 2688.6772   19.0174
    0.0000   22.5000   30.0000 2690.2078   18.8277
    7.5000   22.5000   30.0000 2663.8396   18.9495
   -7.5000   30.0000   30.0000 2573.6753   20.5020
    0.0000   30.0000   30.0000 2579.8586   20.2764
    7.5000   30.0000   30.0000 2548.3723   20.4158
   -7.5000   37.5000   30.0000 2407.3872   22.2507
    0.0000   37.5000   30.0000 2415.0378   22.0027
    7.5000   37.5000   30.0000 2388.4724   22.0998
   -7.5000   45.0000   30.0000 2200.3489   24.2633
    0.0000   45.0000   30.0000 2205.4209   24.0469
    7.5000   45.0000   30.0000 2187.6160   24.1125
   -7.5000  -45.0000   37.5000 2325.1624   24.3928
    0.0000  -45.0000   37.5000 2320.7417   23.9742
    7.5000  -45.0000   37.5000 2308.2954   24.2822
   -7.5000  -37.5000   37.5000 2445.8704   22.1791
    0.0000  -37.5000   37.5000 2440.9976   21.7380
    7.5000  -37.5000   37.5000 2420.2385   22.0645
   -7.5000  -30.0000   37.5000 2550.2283   20.3072
    0.0000  -30.0000   37.5000 2550.9622   19.9184
    7.5000  -30.0000   37.5000 2529.3296   20.2568
   -7.5000  -22.5000   37.5000 2651.5056   18.8990
    0.0000  -22.5000   37.5000 2644.2070   18.4674
    7.5000  -22.5000   37.5000 2629.4119   18.8366
   -7.5000  -15.0000   37.5000 2726.3262   17.8153
    0.0000  -15.0000   37.5000 2713.6943   17.3934
    7.5000  -15.0000   37.5000 2697.2581   17.8794
   -7.5000   -7.5000   37.5000 2780.6672   17.2968
    0.0000   -7.5000   37.5000 2763.3462   16.9350
    7.5000   -7.5000   37.5000 2743.1553   17.3152
   -7.5000    0.0000   37.5000 2795.8977   17.2831
    0.0000    0.0000   37.5000 2790.7415   16.9703
    7.5000    0.0000   37.5000 2763.9580   17.2002
   -7.5000    7.5000   37.5000 2777.9751   17.7779
    0.0000    7.5000   37.5000 2773.3042   17.4859
    7.5000    7.5000   37.5000 2748.0259   17.6892
   -7.5000   15.0000   37.5000 2725.7727   18.6466
    0.0000   15.0000   37.5000 2720.6152   18.3680
    7.5000   15.0000   37.5000 2691.1521   18.5732
   -7.5000   22.5000   37.5000 2626.4919   19.8449
    0.0000   22.5000   37.5000 2628.9702   19.5967
    7.5000   22.5000   37.5000 2596.6443   19.7982
   -7.5000   30.0000   37.5000 2512.0156   21.3696
    0.0000   30.0000   37.5000 2518.8169   21.1673
    7.5000   30.0000   37.5000 2489.4856   21.3138
   -7.5000   37.5000   37.5000 2349.5081   23.1737
    0.0000   37.5000   37.5000 2356.5591   22.9689
    7.5000   37.5000   37.5000 2327.9072   23.1015
   -7.5000   45.0000   37.5000 2148.6895   25.1116
    0.0000   45.0000   37.5000 2155.5620   24.8969
    7.5000   45.0000   37.5000 2129.4211   25.0118
   -7.5000  -45.0000   45.0000 2249.5442   25.4132
    0.0000  -45.0000   45.0000 2253.1604   25.0218
    7.5000  -45.0000   45.0000 2236.1665   25.3362
   -7.5000  -37.5000   45.0000 2368.2021   23.0291
    0.0000  -37.5000   45.0000 2373.9006   22.6683
    7.5000  -37.5000   45.0000 2347.2568   23.0338
   -7.5000  -30.0000   45.0000 2472.3464   21.1461
    0.0000  -30.0000   45.0000 2477.6145   20.8356
    7.5000  -30.0000   45.0000 2456.4417   21.2065
   -7.5000  -22.5000   45.0000 2562.6494   19.7369
    0.0000  -22.5000   45.0000 2560.4392   19.3691
    7.5000  -22.5000   45.0000 2540.5840   19.7814
   -7.5000  -15.0000   45.0000 2637.7441   18.7285
    0.0000  -15.0000   45.0000 2628.1084   18.3822
    7.5000  -15.0000   45.0000 2609.9390   18.8131
   -7.5000   -7.5000   45.0000 2683.6401   18.2737
    0.0000   -7.5000   45.0000 2672.5310   17.9606
    7.5000   -7.5000   45.0000 2652.5918   18.3143
   -7.5000    0.0000   45.0000 2692.3723   18.2826
    0.0000    0.0000   45.0000 2686.3958   17.9632
    7.5000    0.0000   45.0000 2662.3774   18.2167
   -7.5000    7.5000   45.0000 2669.9087   18.7508
    0.0000    7.5000   45.0000 2664.4150   18.4543
    7.5000    7.5000   45.0000 2643.7114   18.6581
   -7.5000   15.0000   45.0000 2614.8755   19.5668
    0.0000   15.0000   45.0000 2619.9624   19.3160
    7.5000   15.0000   45.0000 2592.7239   19.5056
   -7.5000   22.5000   45.0000 2531.4126   20.7494
    0.0000   22.5000   45.0000 2539.4885   20.5042
    7.5000   22.5000   45.0000 2506.0562   20.6814
   -7.5000   30.0000   45.0000 2418.7754   22.2593
    0.0000   30.0000   45.0000 2428.6531   22.0939
    7.5000   30.0000   45.0000 2397.4402   22.2381
   -7.5000   37.5000   45.0000 2256.2800   24.0493
    0.0000   37.5000   45.0000 2266.1895   23.8828
    7.5000   37.5000   45.0000 2241.0725   24.0325
   -7.5000   45.0000   45.0000 2081.8757   26.1307
    0.0000   45.0000   45.0000 2085.9844   25.9503
    7.5000   45.0000   45.0000 2064.9424   26.0983

---------------------------------------------------------------------
imgreg_4dfp /opt/freesurfer/average/711-2C_as_mni_average_305 /opt/freesurfer/average/711-2B_as_mni_average_305_mask talsrcimg_g11 none talsrcimg_to_711-2C_as_mni_average_305_t4 1283
---------------------------------------------------------------------

freesurfer imgreg_4dfp.c
/opt/freesurfer/average/711-2C_as_mni_average_305.4dfp.img
       256       256       256         1
  1.000000  1.000000  1.000000
orientation T byte_order littleendian
Reading image: /opt/freesurfer/average/711-2C_as_mni_average_305.4dfp.img
dimensions:      256       256       256
mmppix:       1.0000   -1.0000   -1.0000
center:     128.0000 -129.0000 -129.0000
/opt/freesurfer/average/711-2B_as_mni_average_305_mask.4dfp.img
       256       256       256         1
  1.000000  1.000000  1.000000
orientation T byte_order littleendian
Reading mask: /opt/freesurfer/average/711-2B_as_mni_average_305_mask.4dfp.img (2306576 pixels)
talsrcimg_g11.4dfp.img
       256       256       256         1
  0.900000  0.900000  0.900000
orientation T byte_order littleendian
Reading image: talsrcimg_g11.4dfp.img
dimensions:      256       256       256
mmppix:       0.9000   -0.9000   -0.9000
center:     115.2000 -116.1000 -116.1000
rotation matrix determinant  1.000000
fimgreg.f
image alignment mode   1283 decimal      503 hex
parameters
    0.0000    0.0000   15.0000    0.0000    0.0000    0.0000
eta,q 0.92473 14.88572
niter,ni,del,rscale     5    3   12.0000    1.2000
parameter  6 -1.168540 -> -0.500000 qaram    1.1500
parameters
    0.1430   -0.1361   17.4421   -2.1800    1.6979    3.4500
eta,q 0.93038 14.89263
  0.0866  0.0780  0.0904  0.0725  0.0812  0.0818
  0.0826  0.0775  0.0857  0.0719  0.0772  0.0788
  0.0775  0.0779  0.0793  0.0722  0.0736  0.0752
  0.0743  0.0742  0.0744  0.0718  0.0722  0.0722
  0.0751  0.0724  0.0718  0.0725  0.0723  0.0702
  0.0805  0.0759  0.0733  0.0747  0.0732  0.0695
  0.0870  0.0818  0.0774  0.0774  0.0745  0.0686
niter,ni,del,rscale     5    3   12.0000    1.2000
parameters
   -0.7531    1.4171   16.9869   -3.7724    2.4606    5.7804
eta,q 0.93468 14.95954
  0.0790  0.0819  0.0795  0.0681  0.0755  0.0738
  0.0733  0.0773  0.0711  0.0671  0.0706  0.0696
  0.0692  0.0727  0.0655  0.0660  0.0673  0.0670
  0.0696  0.0689  0.0667  0.0658  0.0659  0.0658
  0.0728  0.0666  0.0715  0.0676  0.0662  0.0653
  0.0789  0.0693  0.0756  0.0699  0.0684  0.0659
  0.0862  0.0743  0.0807  0.0729  0.0714  0.0670
niter,ni,del,rscale     4    3   12.0000    1.2000
parameters
   -1.4129    1.7731   16.6831   -5.4752    3.1991    6.0210
eta,q 0.93495 14.96666
  0.0762  0.0780  0.0787  0.0663  0.0733  0.0697
  0.0724  0.0725  0.0705  0.0653  0.0688  0.0675
  0.0670  0.0683  0.0642  0.0650  0.0659  0.0660
  0.0653  0.0652  0.0648  0.0643  0.0649  0.0651
  0.0689  0.0652  0.0694  0.0655  0.0661  0.0651
  0.0755  0.0691  0.0736  0.0687  0.0677  0.0666
  0.0829  0.0768  0.0793  0.0721  0.0693  0.0696
niter,ni,del,rscale     3    3   12.0000    1.2000
parameters
   -1.8072    2.4724   16.3862   -6.1540    3.7664    6.4054
eta,q 0.93586 15.01168
  0.0751  0.0799  0.0760  0.0677  0.0720  0.0698
  0.0714  0.0737  0.0684  0.0657  0.0678  0.0673
  0.0667  0.0679  0.0632  0.0648  0.0649  0.0655
  0.0650  0.0650  0.0641  0.0637  0.0640  0.0643
  0.0667  0.0636  0.0677  0.0641  0.0654  0.0643
  0.0718  0.0675  0.0708  0.0671  0.0671  0.0662
  0.0798  0.0759  0.0766  0.0709  0.0688  0.0692
niter,ni,del,rscale     2    3   12.0000    1.2000
parameters
   -2.0569    2.6921   16.2408   -6.5423    4.0825    6.5850
eta,q 0.93590 15.02487
  0.0748  0.0791  0.0756  0.0682  0.0710  0.0697
  0.0706  0.0723  0.0683  0.0660  0.0672  0.0671
  0.0659  0.0668  0.0634  0.0649  0.0645  0.0652
  0.0641  0.0642  0.0640  0.0638  0.0640  0.0641
  0.0653  0.0641  0.0670  0.0638  0.0655  0.0642
  0.0702  0.0697  0.0697  0.0666  0.0670  0.0665
  0.0785  0.0784  0.0753  0.0704  0.0689  0.0695
niter,ni,del,rscale     1    3   12.0000    1.2000
parameters
   -2.1897    2.7974   16.1565   -6.7307    4.2341    6.6586
eta,q 0.93594 15.03153
  0.0749  0.0791  0.0755  0.0687  0.0705  0.0695
  0.0703  0.0720  0.0683  0.0661  0.0669  0.0670
  0.0657  0.0665  0.0634  0.0651  0.0643  0.0652
  0.0641  0.0641  0.0640  0.0639  0.0640  0.0641
  0.0649  0.0645  0.0668  0.0638  0.0656  0.0643
  0.0693  0.0705  0.0692  0.0662  0.0671  0.0666
  0.0775  0.0791  0.0748  0.0701  0.0691  0.0697
registration optimization eta report
parameter search radius
    6.0000    6.0000    6.0000    6.0000    6.0000    6.9000
100000*second partial in parameter space
       34.       42.       31.       15.       16.       12.
  0.0749  0.0791  0.0755  0.0687  0.0705  0.0695
  0.0703  0.0720  0.0683  0.0661  0.0669  0.0670
  0.0657  0.0665  0.0634  0.0651  0.0643  0.0652
  0.0641  0.0641  0.0640  0.0639  0.0640  0.0641
  0.0649  0.0645  0.0668  0.0638  0.0656  0.0643
  0.0693  0.0705  0.0692  0.0662  0.0671  0.0666
  0.0775  0.0791  0.0748  0.0701  0.0691  0.0697
   -2.1897    2.7974   16.1565   -6.7307    4.2341    6.6586
eta,q 0.93594 15.03153

---------------------------------------------------------------------
imgreg_4dfp /opt/freesurfer/average/711-2C_as_mni_average_305 /opt/freesurfer/average/711-2B_as_mni_average_305_mask talsrcimg_g11 none talsrcimg_to_711-2C_as_mni_average_305_t4 3335
---------------------------------------------------------------------

freesurfer imgreg_4dfp.c
/opt/freesurfer/average/711-2C_as_mni_average_305.4dfp.img
       256       256       256         1
  1.000000  1.000000  1.000000
orientation T byte_order littleendian
Reading image: /opt/freesurfer/average/711-2C_as_mni_average_305.4dfp.img
dimensions:      256       256       256
mmppix:       1.0000   -1.0000   -1.0000
center:     128.0000 -129.0000 -129.0000
/opt/freesurfer/average/711-2B_as_mni_average_305_mask.4dfp.img
       256       256       256         1
  1.000000  1.000000  1.000000
orientation T byte_order littleendian
Reading mask: /opt/freesurfer/average/711-2B_as_mni_average_305_mask.4dfp.img (2306576 pixels)
talsrcimg_g11.4dfp.img
       256       256       256         1
  0.900000  0.900000  0.900000
orientation T byte_order littleendian
Reading image: talsrcimg_g11.4dfp.img
dimensions:      256       256       256
mmppix:       0.9000   -0.9000   -0.9000
center:     115.2000 -116.1000 -116.1000
fimgreg.f
image alignment mode   3335 decimal      D07 hex
parameters
   -2.1897    2.7974   16.1565   -0.9456   -1.2587   -0.9602
  -10.6559   -8.6419   11.5637   10.7910    7.3832  -11.6882
eta,q 0.93398 15.08955
niter,ni,del,rscale     5    3    5.0000    1.2000
parameter  4  1.789221 ->  0.500000 qaram    1.1500
parameter  5  1.622047 ->  0.500000 qaram    1.1500
parameter  9  0.558890 ->  0.500000 qaram    1.1500
parameter 10 -0.667944 -> -0.500000 qaram    1.1500
parameter 11  1.560735 ->  0.500000 qaram    1.1500
parameter 12 -2.475521 -> -0.500000 qaram    1.1500
parameters
   -2.5509    2.7590   15.7470   -5.0856   -5.3987   -2.8541
  -11.3120   -9.5035    7.4237   14.9310    3.2432   -7.5482
eta,q 0.94561 14.93203
  0.0675  0.0672  0.0669  0.0587  0.0559  0.0588  0.0593  0.0610  0.0578  0.0636  0.0558  0.0596
  0.0666  0.0665  0.0661  0.0600  0.0571  0.0593  0.0585  0.0586  0.0576  0.0609  0.0559  0.0583
  0.0661  0.0661  0.0658  0.0624  0.0584  0.0583  0.0581  0.0579  0.0576  0.0589  0.0562  0.0571
  0.0660  0.0660  0.0660  0.0659  0.0606  0.0574  0.0580  0.0580  0.0579  0.0576  0.0565  0.0560
  0.0664  0.0662  0.0664  0.0701  0.0632  0.0579  0.0583  0.0587  0.0584  0.0568  0.0568  0.0550
  0.0674  0.0666  0.0669  0.0746  0.0660  0.0609  0.0589  0.0602  0.0592  0.0565  0.0572  0.0542
  0.0690  0.0673  0.0674  0.0790  0.0694  0.0653  0.0598  0.0625  0.0602  0.0566  0.0578  0.0535
niter,ni,del,rscale     7    3    5.0000    1.2000
parameter  3  2.933233 ->  0.500000 qaram    1.1500
parameter  4  0.617132 ->  0.500000 qaram    1.3225
parameter  5  1.136412 ->  0.500000 qaram    1.3225
parameter 12 -0.920582 -> -0.500000 qaram    1.3225
parameters
   -2.9958    3.2465   14.3670   -9.8466  -10.1597   -0.8146
   -9.7221  -10.0363    8.7982   15.6335    4.3145   -2.7872
eta,q 0.95160 14.71070
  0.0558  0.0561  0.0523  0.0518  0.0498  0.0504  0.0513  0.0530  0.0507  0.0525  0.0498  0.0512
  0.0550  0.0554  0.0531  0.0519  0.0503  0.0506  0.0503  0.0495  0.0498  0.0506  0.0491  0.0503
  0.0545  0.0548  0.0537  0.0523  0.0511  0.0509  0.0496  0.0486  0.0492  0.0495  0.0488  0.0496
  0.0544  0.0544  0.0543  0.0532  0.0520  0.0505  0.0493  0.0492  0.0490  0.0490  0.0489  0.0490
  0.0549  0.0543  0.0551  0.0556  0.0534  0.0490  0.0492  0.0503  0.0490  0.0490  0.0491  0.0486
  0.0560  0.0546  0.0561  0.0601  0.0552  0.0489  0.0495  0.0515  0.0493  0.0498  0.0491  0.0484
  0.0578  0.0552  0.0572  0.0654  0.0576  0.0511  0.0500  0.0530  0.0498  0.0516  0.0492  0.0484
niter,ni,del,rscale     7    3    5.0000    1.2000
parameter  2  0.798356 ->  0.500000 qaram    1.1500
parameter  3  0.820079 ->  0.500000 qaram    1.3225
parameter  5  1.001696 ->  0.500000 qaram    1.5209
parameter  6  0.689045 ->  0.500000 qaram    1.1500
parameter 10  6.137890 ->  0.500000 qaram    1.3225
parameter 12 19.153549 ->  0.500000 qaram    1.5209
parameters
   -2.1924    1.8665   12.7800  -14.1905  -15.6349   -4.9546
   -8.0632   -9.2935   12.1566   10.8725    6.6977   -8.2624
eta,q 0.96158 14.38256
  0.0510  0.0475  0.0467  0.0467  0.0442  0.0425  0.0460  0.0462  0.0458  0.0392  0.0417  0.0369
  0.0498  0.0474  0.0467  0.0462  0.0444  0.0434  0.0449  0.0445  0.0448  0.0404  0.0412  0.0381
  0.0490  0.0476  0.0470  0.0462  0.0451  0.0439  0.0440  0.0436  0.0440  0.0418  0.0409  0.0393
  0.0484  0.0482  0.0474  0.0468  0.0461  0.0445  0.0435  0.0434  0.0434  0.0432  0.0408  0.0407
  0.0482  0.0490  0.0482  0.0487  0.0476  0.0456  0.0434  0.0436  0.0432  0.0445  0.0407  0.0422
  0.0483  0.0500  0.0493  0.0529  0.0499  0.0489  0.0438  0.0442  0.0433  0.0460  0.0408  0.0435
  0.0490  0.0511  0.0506  0.0593  0.0521  0.0534  0.0445  0.0450  0.0437  0.0477  0.0410  0.0448
niter,ni,del,rscale     7    3    5.0000    1.2000
parameter  2  1.027585 ->  0.500000 qaram    1.3225
parameter  3  7.371048 ->  0.500000 qaram    1.5209
parameter  6  0.685217 ->  0.500000 qaram    1.3225
parameters
   -1.5602    0.2795   10.9549  -10.4527  -18.8155   -9.7156
   -9.5530   -8.9683   11.8989    8.1698    8.3314   -9.0025
eta,q 0.97338 14.50631
  0.0417  0.0358  0.0281  0.0356  0.0345  0.0279  0.0281  0.0310  0.0286  0.0292  0.0282  0.0284
  0.0402  0.0358  0.0308  0.0340  0.0324  0.0270  0.0274  0.0287  0.0277  0.0276  0.0275  0.0275
  0.0391  0.0366  0.0334  0.0326  0.0310  0.0283  0.0270  0.0274  0.0272  0.0267  0.0270  0.0269
  0.0384  0.0382  0.0359  0.0316  0.0308  0.0308  0.0270  0.0270  0.0270  0.0270  0.0266  0.0266
  0.0382  0.0405  0.0390  0.0309  0.0336  0.0321  0.0275  0.0274  0.0271  0.0286  0.0266  0.0268
  0.0386  0.0431  0.0423  0.0306  0.0388  0.0360  0.0284  0.0285  0.0278  0.0314  0.0269  0.0276
  0.0395  0.0458  0.0451  0.0323  0.0439  0.0427  0.0297  0.0301  0.0289  0.0352  0.0274  0.0292
niter,ni,del,rscale     7    3    5.0000    1.2000
parameter  3  0.705976 ->  0.500000 qaram    1.7490
parameters
   -1.6092    0.4335    8.8561   -8.6375  -17.3059  -10.4374
   -9.6130   -9.3350   11.8219    9.5706    8.2183  -11.5341
eta,q 0.97634 14.65469
  0.0287  0.0303  0.0251  0.0292  0.0324  0.0291  0.0264  0.0277  0.0263  0.0295  0.0246  0.0246
  0.0275  0.0284  0.0250  0.0275  0.0295  0.0271  0.0250  0.0250  0.0250  0.0267  0.0241  0.0240
  0.0268  0.0272  0.0254  0.0262  0.0268  0.0252  0.0242  0.0239  0.0242  0.0249  0.0238  0.0237
  0.0266  0.0266  0.0266  0.0250  0.0244  0.0237  0.0239  0.0239  0.0239  0.0239  0.0237  0.0237
  0.0269  0.0268  0.0289  0.0241  0.0231  0.0234  0.0242  0.0246  0.0241  0.0238  0.0238  0.0241
  0.0277  0.0279  0.0323  0.0244  0.0251  0.0265  0.0250  0.0260  0.0250  0.0248  0.0242  0.0250
  0.0289  0.0298  0.0359  0.0277  0.0304  0.0338  0.0264  0.0281  0.0264  0.0271  0.0247  0.0264
niter,ni,del,rscale     7    3    5.0000    1.2000
parameters
   -1.6360    0.5603    7.5286   -9.1720  -16.9559  -10.7805
   -9.4437   -9.3464   12.0122   10.9122    9.2436  -13.1331
eta,q 0.97643 14.66816
  0.0261  0.0278  0.0249  0.0274  0.0313  0.0291  0.0263  0.0278  0.0262  0.0290  0.0244  0.0248
  0.0247  0.0257  0.0239  0.0259  0.0285  0.0270  0.0248  0.0249  0.0248  0.0261  0.0240  0.0239
  0.0239  0.0243  0.0235  0.0246  0.0259  0.0251  0.0239  0.0238  0.0240  0.0244  0.0238  0.0236
  0.0237  0.0237  0.0236  0.0235  0.0236  0.0235  0.0237  0.0237  0.0237  0.0236  0.0236  0.0236
  0.0239  0.0240  0.0247  0.0230  0.0231  0.0221  0.0239  0.0241  0.0238  0.0239  0.0236  0.0240
  0.0248  0.0252  0.0268  0.0252  0.0266  0.0242  0.0247  0.0253  0.0246  0.0247  0.0237  0.0246
  0.0263  0.0273  0.0305  0.0304  0.0319  0.0338  0.0260  0.0274  0.0260  0.0265  0.0241  0.0257
niter,ni,del,rscale     6    3    5.0000    1.2000
parameters
   -1.5472    0.8024    7.1028   -9.3389  -17.0472  -10.9224
   -9.4110   -9.5060   11.8273   11.6002    9.7928  -13.2662
eta,q 0.97624 14.66414
  0.0261  0.0279  0.0258  0.0277  0.0308  0.0293  0.0262  0.0276  0.0259  0.0283  0.0244  0.0256
  0.0247  0.0257  0.0246  0.0261  0.0282  0.0272  0.0248  0.0249  0.0246  0.0256  0.0241  0.0243
  0.0239  0.0242  0.0238  0.0248  0.0258  0.0253  0.0240  0.0239  0.0239  0.0241  0.0239  0.0238
  0.0236  0.0236  0.0235  0.0236  0.0236  0.0237  0.0237  0.0237  0.0237  0.0237  0.0238  0.0238
  0.0237  0.0237  0.0239  0.0229  0.0234  0.0221  0.0240  0.0242  0.0240  0.0241  0.0238  0.0240
  0.0245  0.0248  0.0251  0.0248  0.0274  0.0238  0.0248  0.0254  0.0247  0.0251  0.0239  0.0246
  0.0258  0.0268  0.0273  0.0297  0.0326  0.0334  0.0262  0.0277  0.0261  0.0269  0.0243  0.0255
niter,ni,del,rscale     5    3    5.0000    1.2000
parameters
   -1.5248    0.9676    6.9593   -9.3277  -17.2075  -11.0195
   -9.3581   -9.6441   11.6297   11.8873   10.0196  -13.3503
eta,q 0.97613 14.65788
  0.0261  0.0277  0.0262  0.0280  0.0307  0.0294  0.0264  0.0276  0.0259  0.0278  0.0245  0.0258
  0.0248  0.0256  0.0249  0.0263  0.0282  0.0273  0.0249  0.0251  0.0246  0.0253  0.0242  0.0244
  0.0240  0.0243  0.0241  0.0250  0.0258  0.0255  0.0241  0.0241  0.0240  0.0241  0.0240  0.0240
  0.0238  0.0238  0.0237  0.0238  0.0238  0.0238  0.0239  0.0239  0.0239  0.0239  0.0239  0.0239
  0.0240  0.0239  0.0239  0.0230  0.0235  0.0222  0.0241  0.0243  0.0241  0.0242  0.0239  0.0241
  0.0247  0.0250  0.0249  0.0248  0.0275  0.0237  0.0249  0.0254  0.0248  0.0252  0.0240  0.0247
  0.0261  0.0270  0.0268  0.0296  0.0327  0.0333  0.0262  0.0278  0.0261  0.0271  0.0245  0.0256
niter,ni,del,rscale     4    3    5.0000    1.2000
parameters
   -1.5304    1.0630    6.8917   -9.2908  -17.3297  -11.0805
   -9.2946   -9.7093   11.5235   12.0711   10.1505  -13.3909
eta,q 0.97605 14.65395
  0.0262  0.0275  0.0263  0.0281  0.0308  0.0294  0.0264  0.0278  0.0260  0.0277  0.0245  0.0258
  0.0249  0.0256  0.0250  0.0265  0.0282  0.0273  0.0250  0.0252  0.0247  0.0253  0.0242  0.0245
  0.0241  0.0244  0.0243  0.0251  0.0259  0.0255  0.0242  0.0242  0.0241  0.0242  0.0240  0.0241
  0.0239  0.0239  0.0239  0.0239  0.0239  0.0239  0.0239  0.0239  0.0239  0.0239  0.0239  0.0239
  0.0241  0.0241  0.0240  0.0231  0.0236  0.0222  0.0242  0.0243  0.0242  0.0243  0.0239  0.0242
  0.0249  0.0252  0.0249  0.0249  0.0275  0.0237  0.0250  0.0254  0.0248  0.0253  0.0241  0.0247
  0.0262  0.0272  0.0267  0.0297  0.0326  0.0332  0.0263  0.0278  0.0261  0.0272  0.0246  0.0257
niter,ni,del,rscale     3    3    5.0000    1.2000
parameters
   -1.5388    1.1250    6.8512   -9.2670  -17.4153  -11.1187
   -9.2530   -9.7566   11.4474   12.1896   10.2214  -13.4192
eta,q 0.97600 14.65099
  0.0262  0.0274  0.0264  0.0281  0.0308  0.0294  0.0264  0.0278  0.0260  0.0276  0.0246  0.0259
  0.0250  0.0256  0.0251  0.0265  0.0283  0.0274  0.0250  0.0253  0.0248  0.0252  0.0243  0.0245
  0.0242  0.0244  0.0244  0.0252  0.0260  0.0256  0.0242  0.0242  0.0241  0.0242  0.0241  0.0241
  0.0239  0.0239  0.0239  0.0239  0.0239  0.0240  0.0240  0.0240  0.0240  0.0240  0.0240  0.0240
  0.0242  0.0242  0.0241  0.0232  0.0236  0.0223  0.0243  0.0243  0.0242  0.0243  0.0240  0.0242
  0.0249  0.0252  0.0250  0.0250  0.0274  0.0237  0.0250  0.0255  0.0249  0.0253  0.0241  0.0248
  0.0263  0.0273  0.0267  0.0297  0.0326  0.0332  0.0263  0.0278  0.0261  0.0272  0.0247  0.0257
niter,ni,del,rscale     2    3    5.0000    1.2000
parameters
   -1.5454    1.1694    6.8220   -9.2486  -17.4793  -11.1486
   -9.2212   -9.7864   11.4037   12.2796   10.2701  -13.4353
eta,q 0.97596 14.64887
  0.0263  0.0274  0.0265  0.0282  0.0309  0.0294  0.0265  0.0279  0.0261  0.0275  0.0246  0.0259
  0.0250  0.0256  0.0251  0.0266  0.0283  0.0274  0.0250  0.0253  0.0248  0.0252  0.0243  0.0246
  0.0243  0.0245  0.0244  0.0252  0.0260  0.0256  0.0242  0.0243  0.0242  0.0242  0.0241  0.0241
  0.0240  0.0240  0.0240  0.0240  0.0240  0.0240  0.0240  0.0240  0.0240  0.0240  0.0240  0.0240
  0.0242  0.0242  0.0241  0.0233  0.0236  0.0223  0.0243  0.0244  0.0243  0.0244  0.0240  0.0243
  0.0250  0.0253  0.0250  0.0250  0.0274  0.0237  0.0251  0.0255  0.0249  0.0253  0.0242  0.0248
  0.0263  0.0274  0.0268  0.0298  0.0326  0.0332  0.0264  0.0279  0.0261  0.0272  0.0247  0.0257
niter,ni,del,rscale     1    3    5.0000    1.2000
parameters
   -1.5508    1.2021    6.8006   -9.2364  -17.5254  -11.1722
   -9.2036   -9.8078   11.3707   12.3469   10.3100  -13.4547
eta,q 0.97593 14.64729
  0.0263  0.0274  0.0265  0.0282  0.0309  0.0294  0.0265  0.0279  0.0261  0.0275  0.0246  0.0259
  0.0251  0.0256  0.0252  0.0266  0.0283  0.0274  0.0251  0.0253  0.0248  0.0253  0.0243  0.0246
  0.0243  0.0245  0.0244  0.0253  0.0261  0.0256  0.0243  0.0243  0.0242  0.0243  0.0242  0.0242
  0.0240  0.0240  0.0240  0.0240  0.0240  0.0241  0.0241  0.0241  0.0241  0.0241  0.0241  0.0241
  0.0243  0.0243  0.0241  0.0233  0.0236  0.0224  0.0243  0.0244  0.0243  0.0244  0.0241  0.0243
  0.0250  0.0253  0.0250  0.0251  0.0274  0.0237  0.0251  0.0255  0.0249  0.0254  0.0242  0.0248
  0.0264  0.0274  0.0268  0.0298  0.0325  0.0331  0.0264  0.0279  0.0261  0.0272  0.0247  0.0257
registration optimization eta report
parameter search radius
    2.4000    3.1740    4.1976    9.5220   10.9503    9.5220
    7.2000    7.2000    8.2800    9.5220    8.2800   10.9503
100000*second partial in parameter space
       40.       33.       15.        6.        6.        9.
        5.        8.        3.        4.        1.        1.
  0.0263  0.0274  0.0265  0.0282  0.0309  0.0294  0.0265  0.0279  0.0261  0.0275  0.0246  0.0259
  0.0251  0.0256  0.0252  0.0266  0.0283  0.0274  0.0251  0.0253  0.0248  0.0253  0.0243  0.0246
  0.0243  0.0245  0.0244  0.0253  0.0261  0.0256  0.0243  0.0243  0.0242  0.0243  0.0242  0.0242
  0.0240  0.0240  0.0240  0.0240  0.0240  0.0241  0.0241  0.0241  0.0241  0.0241  0.0241  0.0241
  0.0243  0.0243  0.0241  0.0233  0.0236  0.0224  0.0243  0.0244  0.0243  0.0244  0.0241  0.0243
  0.0250  0.0253  0.0250  0.0251  0.0274  0.0237  0.0251  0.0255  0.0249  0.0254  0.0242  0.0248
  0.0264  0.0274  0.0268  0.0298  0.0325  0.0331  0.0264  0.0279  0.0261  0.0272  0.0247  0.0257
   -1.5508    1.2021    6.8006   -9.2364  -17.5254  -11.1722
   -9.2036   -9.8078   11.3707   12.3469   10.3100  -13.4547
eta,q 0.97593 14.64729

---------------------------------------------------------------------
imgreg_4dfp /opt/freesurfer/average/711-2C_as_mni_average_305 /opt/freesurfer/average/711-2B_as_mni_average_305_mask talsrcimg_g11 none talsrcimg_to_711-2C_as_mni_average_305_t4 2311
---------------------------------------------------------------------

freesurfer imgreg_4dfp.c
/opt/freesurfer/average/711-2C_as_mni_average_305.4dfp.img
       256       256       256         1
  1.000000  1.000000  1.000000
orientation T byte_order littleendian
Reading image: /opt/freesurfer/average/711-2C_as_mni_average_305.4dfp.img
dimensions:      256       256       256
mmppix:       1.0000   -1.0000   -1.0000
center:     128.0000 -129.0000 -129.0000
/opt/freesurfer/average/711-2B_as_mni_average_305_mask.4dfp.img
       256       256       256         1
  1.000000  1.000000  1.000000
orientation T byte_order littleendian
Reading mask: /opt/freesurfer/average/711-2B_as_mni_average_305_mask.4dfp.img (2306576 pixels)
talsrcimg_g11.4dfp.img
       256       256       256         1
  0.900000  0.900000  0.900000
orientation T byte_order littleendian
Reading image: talsrcimg_g11.4dfp.img
dimensions:      256       256       256
mmppix:       0.9000   -0.9000   -0.9000
center:     115.2000 -116.1000 -116.1000
fimgreg.f
image alignment mode   2311 decimal      907 hex
parameters
   -1.5508    1.2021    6.8006   -9.2364  -17.5254  -11.1722
   -9.2036   -9.8078   11.3707   12.3469   10.3100  -13.4547
eta,q 0.97593 14.64729
niter,ni,del,rscale     5    3    5.0000    0.8000
parameter  4 -0.704992 -> -0.500000 qaram    1.1500
parameter  6 -1.254110 -> -0.500000 qaram    1.1500
parameters
   -1.5293    1.3433    7.1604   -6.4764  -16.4659   -8.4122
   -9.3347   -9.8174   10.6469   12.5491    9.5132  -13.4134
eta,q 0.97825 14.82493
  0.0251  0.0250  0.0245  0.0259  0.0259  0.0257  0.0237  0.0263  0.0228  0.0235  0.0225  0.0225
  0.0245  0.0245  0.0243  0.0252  0.0250  0.0248  0.0226  0.0236  0.0221  0.0225  0.0220  0.0220
  0.0242  0.0242  0.0242  0.0246  0.0241  0.0239  0.0220  0.0221  0.0218  0.0220  0.0218  0.0218
  0.0241  0.0241  0.0241  0.0240  0.0233  0.0230  0.0218  0.0218  0.0218  0.0218  0.0218  0.0218
  0.0242  0.0241  0.0240  0.0235  0.0230  0.0222  0.0221  0.0224  0.0221  0.0219  0.0220  0.0218
  0.0245  0.0243  0.0241  0.0233  0.0234  0.0217  0.0228  0.0238  0.0227  0.0224  0.0225  0.0221
  0.0250  0.0247  0.0243  0.0238  0.0246  0.0220  0.0238  0.0261  0.0236  0.0232  0.0234  0.0225
niter,ni,del,rscale     6    3    5.0000    0.9000
parameters
   -1.6529    0.7304    7.1307   -7.9786  -15.9082   -9.2084
   -8.8694   -9.7626   11.4346   11.6131    9.7931  -13.7214
eta,q 0.97805 14.79991
  0.0240  0.0223  0.0227  0.0238  0.0249  0.0251  0.0243  0.0257  0.0237  0.0231  0.0227  0.0225
  0.0227  0.0218  0.0220  0.0229  0.0237  0.0240  0.0231  0.0233  0.0229  0.0223  0.0223  0.0221
  0.0219  0.0216  0.0217  0.0220  0.0226  0.0228  0.0223  0.0223  0.0223  0.0220  0.0221  0.0220
  0.0218  0.0217  0.0216  0.0216  0.0218  0.0216  0.0221  0.0221  0.0221  0.0220  0.0220  0.0220
  0.0222  0.0223  0.0217  0.0225  0.0215  0.0212  0.0222  0.0224  0.0221  0.0224  0.0220  0.0221
  0.0231  0.0233  0.0221  0.0254  0.0223  0.0241  0.0227  0.0234  0.0224  0.0231  0.0222  0.0223
  0.0247  0.0247  0.0228  0.0297  0.0243  0.0309  0.0236  0.0254  0.0230  0.0241  0.0226  0.0226
niter,ni,del,rscale     5    3    5.0000    0.8000
parameters
   -1.6854    0.6705    7.1371   -8.0795  -15.5765   -8.9269
   -9.1049   -9.8081   11.6016   11.6632    9.6987  -13.6855
eta,q 0.97826 14.81985
  0.0233  0.0231  0.0226  0.0242  0.0246  0.0250  0.0232  0.0246  0.0230  0.0232  0.0223  0.0224
  0.0225  0.0224  0.0222  0.0234  0.0236  0.0240  0.0223  0.0228  0.0223  0.0223  0.0220  0.0220
  0.0221  0.0221  0.0220  0.0226  0.0226  0.0229  0.0218  0.0219  0.0219  0.0218  0.0218  0.0218
  0.0220  0.0220  0.0219  0.0219  0.0220  0.0219  0.0217  0.0217  0.0217  0.0217  0.0217  0.0217
  0.0221  0.0221  0.0220  0.0218  0.0218  0.0211  0.0220  0.0220  0.0218  0.0219  0.0218  0.0218
  0.0226  0.0225  0.0222  0.0228  0.0226  0.0218  0.0226  0.0229  0.0222  0.0224  0.0220  0.0220
  0.0235  0.0233  0.0226  0.0251  0.0244  0.0259  0.0235  0.0247  0.0228  0.0231  0.0224  0.0223
niter,ni,del,rscale     4    3    5.0000    0.7000
parameters
   -1.6705    0.6006    7.0854   -7.9575  -15.4189   -8.5845
   -9.2540   -9.8087   11.6646   11.7043    9.6398  -13.5177
eta,q 0.97850 14.83864
  0.0229  0.0226  0.0222  0.0237  0.0238  0.0244  0.0227  0.0240  0.0224  0.0227  0.0221  0.0221
  0.0223  0.0221  0.0219  0.0230  0.0229  0.0235  0.0220  0.0224  0.0219  0.0220  0.0218  0.0217
  0.0219  0.0218  0.0218  0.0223  0.0222  0.0226  0.0216  0.0217  0.0216  0.0216  0.0216  0.0215
  0.0217  0.0217  0.0217  0.0217  0.0217  0.0217  0.0215  0.0215  0.0215  0.0215  0.0215  0.0215
  0.0219  0.0219  0.0218  0.0216  0.0217  0.0210  0.0217  0.0217  0.0216  0.0217  0.0216  0.0216
  0.0222  0.0222  0.0220  0.0223  0.0224  0.0216  0.0222  0.0225  0.0219  0.0220  0.0217  0.0217
  0.0229  0.0229  0.0223  0.0241  0.0238  0.0248  0.0229  0.0239  0.0224  0.0226  0.0221  0.0219
niter,ni,del,rscale     3    3    5.0000    0.6000
parameters
   -1.6607    0.5396    7.0315   -7.8300  -15.2740   -8.2556
   -9.3468   -9.8221   11.6655   11.7259    9.6430  -13.3337
eta,q 0.97871 14.85424
  0.0224  0.0222  0.0219  0.0231  0.0231  0.0238  0.0223  0.0233  0.0220  0.0223  0.0218  0.0217
  0.0219  0.0218  0.0217  0.0225  0.0224  0.0230  0.0217  0.0221  0.0216  0.0217  0.0215  0.0215
  0.0216  0.0216  0.0215  0.0219  0.0218  0.0222  0.0214  0.0214  0.0214  0.0213  0.0213  0.0213
  0.0215  0.0215  0.0215  0.0215  0.0215  0.0214  0.0213  0.0213  0.0213  0.0213  0.0213  0.0213
  0.0216  0.0216  0.0216  0.0214  0.0215  0.0209  0.0214  0.0215  0.0214  0.0214  0.0213  0.0213
  0.0219  0.0219  0.0217  0.0220  0.0220  0.0215  0.0218  0.0222  0.0216  0.0217  0.0215  0.0214
  0.0224  0.0224  0.0220  0.0233  0.0231  0.0240  0.0223  0.0233  0.0220  0.0222  0.0218  0.0216
niter,ni,del,rscale     2    3    5.0000    0.5000
parameters
   -1.6511    0.4783    6.9901   -7.7252  -15.1431   -7.9448
   -9.4100   -9.8492   11.6475   11.7299    9.6597  -13.1478
eta,q 0.97888 14.86619
  0.0220  0.0218  0.0216  0.0226  0.0225  0.0232  0.0218  0.0226  0.0216  0.0218  0.0215  0.0215
  0.0216  0.0215  0.0214  0.0221  0.0220  0.0225  0.0214  0.0217  0.0213  0.0214  0.0213  0.0213
  0.0214  0.0213  0.0213  0.0216  0.0215  0.0219  0.0212  0.0212  0.0212  0.0212  0.0212  0.0211
  0.0213  0.0213  0.0213  0.0213  0.0213  0.0213  0.0211  0.0211  0.0211  0.0211  0.0211  0.0211
  0.0214  0.0214  0.0213  0.0213  0.0213  0.0209  0.0212  0.0213  0.0212  0.0212  0.0212  0.0211
  0.0216  0.0216  0.0215  0.0217  0.0217  0.0213  0.0215  0.0218  0.0213  0.0214  0.0213  0.0212
  0.0219  0.0219  0.0216  0.0227  0.0224  0.0232  0.0219  0.0227  0.0216  0.0218  0.0215  0.0214
niter,ni,del,rscale     1    3    5.0000    0.4000
parameters
   -1.6452    0.4148    6.9764   -7.6501  -15.0223   -7.6395
   -9.4550   -9.8751   11.6311   11.6919    9.7011  -12.9387
eta,q 0.97902 14.87413
  0.0216  0.0214  0.0214  0.0220  0.0219  0.0226  0.0215  0.0221  0.0213  0.0215  0.0213  0.0212
  0.0213  0.0212  0.0212  0.0216  0.0216  0.0221  0.0212  0.0214  0.0211  0.0212  0.0211  0.0211
  0.0212  0.0211  0.0211  0.0213  0.0213  0.0215  0.0210  0.0211  0.0210  0.0210  0.0210  0.0210
  0.0211  0.0211  0.0211  0.0211  0.0211  0.0211  0.0210  0.0210  0.0210  0.0210  0.0210  0.0210
  0.0212  0.0212  0.0211  0.0211  0.0211  0.0209  0.0210  0.0211  0.0210  0.0211  0.0210  0.0210
  0.0213  0.0213  0.0212  0.0214  0.0214  0.0212  0.0212  0.0215  0.0211  0.0212  0.0211  0.0211
  0.0216  0.0215  0.0214  0.0221  0.0219  0.0224  0.0215  0.0221  0.0213  0.0215  0.0213  0.0212
registration optimization eta report
parameter search radius
    0.8000    0.8000    0.8000    2.7600    2.4000    2.7600
    2.4000    2.4000    2.4000    2.4000    2.4000    2.4000
100000*second partial in parameter space
       71.       58.       39.       13.       14.       19.
        9.       19.        6.        8.        5.        4.
  0.0216  0.0214  0.0214  0.0220  0.0219  0.0226  0.0215  0.0221  0.0213  0.0215  0.0213  0.0212
  0.0213  0.0212  0.0212  0.0216  0.0216  0.0221  0.0212  0.0214  0.0211  0.0212  0.0211  0.0211
  0.0212  0.0211  0.0211  0.0213  0.0213  0.0215  0.0210  0.0211  0.0210  0.0210  0.0210  0.0210
  0.0211  0.0211  0.0211  0.0211  0.0211  0.0211  0.0210  0.0210  0.0210  0.0210  0.0210  0.0210
  0.0212  0.0212  0.0211  0.0211  0.0211  0.0209  0.0210  0.0211  0.0210  0.0211  0.0210  0.0210
  0.0213  0.0213  0.0212  0.0214  0.0214  0.0212  0.0212  0.0215  0.0211  0.0212  0.0211  0.0211
  0.0216  0.0215  0.0214  0.0221  0.0219  0.0224  0.0215  0.0221  0.0213  0.0215  0.0213  0.0212
   -1.6452    0.4148    6.9764   -7.6501  -15.0223   -7.6395
   -9.4550   -9.8751   11.6311   11.6919    9.7011  -12.9387
eta,q 0.97902 14.87413

---------------------------------------------------------------------
imgreg_4dfp /opt/freesurfer/average/711-2C_as_mni_average_305 /opt/freesurfer/average/711-2B_as_mni_average_305_mask talsrcimg_g11 none talsrcimg_to_711-2C_as_mni_average_305_t4 2311
---------------------------------------------------------------------

freesurfer imgreg_4dfp.c
/opt/freesurfer/average/711-2C_as_mni_average_305.4dfp.img
       256       256       256         1
  1.000000  1.000000  1.000000
orientation T byte_order littleendian
Reading image: /opt/freesurfer/average/711-2C_as_mni_average_305.4dfp.img
dimensions:      256       256       256
mmppix:       1.0000   -1.0000   -1.0000
center:     128.0000 -129.0000 -129.0000
/opt/freesurfer/average/711-2B_as_mni_average_305_mask.4dfp.img
       256       256       256         1
  1.000000  1.000000  1.000000
orientation T byte_order littleendian
Reading mask: /opt/freesurfer/average/711-2B_as_mni_average_305_mask.4dfp.img (2306576 pixels)
talsrcimg_g11.4dfp.img
       256       256       256         1
  0.900000  0.900000  0.900000
orientation T byte_order littleendian
Reading image: talsrcimg_g11.4dfp.img
dimensions:      256       256       256
mmppix:       0.9000   -0.9000   -0.9000
center:     115.2000 -116.1000 -116.1000
fimgreg.f
image alignment mode   2311 decimal      907 hex
parameters
   -1.6452    0.4148    6.9764   -7.6501  -15.0223   -7.6395
   -9.4550   -9.8751   11.6311   11.6919    9.7011  -12.9387
eta,q 0.97902 14.87414
niter,ni,del,rscale     5    3    5.0000    0.8000
parameters
   -1.6376    0.3063    7.0812   -8.3451  -15.3653   -8.2874
   -9.2937   -9.7796   11.8411   11.3718    9.5797  -13.1807
eta,q 0.97855 14.83772
  0.0230  0.0223  0.0224  0.0228  0.0234  0.0238  0.0232  0.0250  0.0227  0.0228  0.0221  0.0220
  0.0219  0.0216  0.0216  0.0221  0.0224  0.0229  0.0222  0.0227  0.0221  0.0220  0.0218  0.0216
  0.0212  0.0211  0.0211  0.0214  0.0216  0.0220  0.0217  0.0217  0.0217  0.0215  0.0215  0.0215
  0.0210  0.0210  0.0210  0.0210  0.0211  0.0212  0.0215  0.0215  0.0215  0.0215  0.0215  0.0215
  0.0212  0.0212  0.0211  0.0213  0.0213  0.0211  0.0216  0.0218  0.0216  0.0218  0.0215  0.0216
  0.0218  0.0218  0.0214  0.0226  0.0225  0.0234  0.0221  0.0227  0.0219  0.0223  0.0218  0.0218
  0.0229  0.0228  0.0220  0.0252  0.0247  0.0279  0.0229  0.0245  0.0225  0.0231  0.0222  0.0221
niter,ni,del,rscale     4    3    5.0000    0.7000
parameters
   -1.6464    0.4725    7.0255   -7.9513  -15.3835   -8.2813
   -9.4375   -9.7314   11.7833   11.6023    9.5007  -13.2344
eta,q 0.97866 14.84768
  0.0226  0.0227  0.0220  0.0232  0.0234  0.0237  0.0226  0.0242  0.0223  0.0228  0.0220  0.0219
  0.0219  0.0221  0.0217  0.0225  0.0225  0.0229  0.0218  0.0224  0.0218  0.0219  0.0216  0.0215
  0.0216  0.0217  0.0215  0.0219  0.0218  0.0221  0.0214  0.0215  0.0214  0.0215  0.0214  0.0214
  0.0214  0.0215  0.0214  0.0214  0.0213  0.0213  0.0213  0.0213  0.0213  0.0213  0.0213  0.0213
  0.0216  0.0215  0.0215  0.0213  0.0214  0.0209  0.0215  0.0216  0.0214  0.0215  0.0214  0.0214
  0.0220  0.0217  0.0217  0.0217  0.0222  0.0218  0.0220  0.0224  0.0218  0.0218  0.0216  0.0216
  0.0226  0.0223  0.0221  0.0230  0.0238  0.0247  0.0227  0.0239  0.0223  0.0224  0.0220  0.0218
niter,ni,del,rscale     3    3    5.0000    0.6000
parameters
   -1.6367    0.4831    7.0155   -7.7276  -15.2887   -7.9962
   -9.4526   -9.7431   11.6981   11.7084    9.5106  -13.1225
eta,q 0.97884 14.86052
  0.0223  0.0221  0.0218  0.0227  0.0229  0.0233  0.0222  0.0234  0.0219  0.0222  0.0217  0.0216
  0.0218  0.0217  0.0215  0.0222  0.0222  0.0226  0.0216  0.0220  0.0215  0.0216  0.0214  0.0213
  0.0214  0.0214  0.0214  0.0217  0.0217  0.0219  0.0212  0.0213  0.0212  0.0212  0.0212  0.0212
  0.0213  0.0213  0.0213  0.0213  0.0213  0.0213  0.0212  0.0212  0.0212  0.0212  0.0212  0.0212
  0.0214  0.0214  0.0214  0.0213  0.0213  0.0209  0.0213  0.0214  0.0212  0.0213  0.0212  0.0212
  0.0217  0.0217  0.0216  0.0217  0.0219  0.0214  0.0216  0.0221  0.0215  0.0216  0.0214  0.0213
  0.0222  0.0221  0.0218  0.0227  0.0230  0.0234  0.0222  0.0233  0.0219  0.0220  0.0217  0.0215
niter,ni,del,rscale     2    3    5.0000    0.5000
parameters
   -1.6350    0.4416    7.0008   -7.6532  -15.1548   -7.7272
   -9.4543   -9.7825   11.6467   11.6996    9.5661  -12.9861
eta,q 0.97898 14.86894
  0.0219  0.0217  0.0215  0.0222  0.0224  0.0228  0.0218  0.0227  0.0215  0.0218  0.0215  0.0214
  0.0215  0.0214  0.0213  0.0218  0.0218  0.0222  0.0213  0.0217  0.0212  0.0213  0.0212  0.0212
  0.0212  0.0212  0.0212  0.0214  0.0214  0.0216  0.0211  0.0212  0.0211  0.0211  0.0211  0.0211
  0.0212  0.0212  0.0212  0.0212  0.0212  0.0211  0.0210  0.0210  0.0210  0.0210  0.0210  0.0210
  0.0212  0.0212  0.0212  0.0212  0.0212  0.0209  0.0211  0.0212  0.0211  0.0211  0.0211  0.0211
  0.0215  0.0214  0.0213  0.0215  0.0215  0.0213  0.0214  0.0218  0.0213  0.0214  0.0212  0.0212
  0.0219  0.0218  0.0215  0.0223  0.0223  0.0227  0.0218  0.0227  0.0216  0.0217  0.0215  0.0213
niter,ni,del,rscale     1    3    5.0000    0.4000
parameters
   -1.6349    0.3844    7.0000   -7.6148  -15.0244   -7.4746
   -9.4684   -9.8212   11.6284   11.6488    9.6292  -12.8424
eta,q 0.97907 14.87477
  0.0215  0.0213  0.0213  0.0218  0.0219  0.0223  0.0214  0.0221  0.0213  0.0214  0.0213  0.0212
  0.0212  0.0212  0.0211  0.0214  0.0215  0.0218  0.0211  0.0214  0.0211  0.0211  0.0211  0.0210
  0.0211  0.0210  0.0210  0.0212  0.0212  0.0214  0.0210  0.0210  0.0210  0.0210  0.0210  0.0210
  0.0210  0.0210  0.0210  0.0210  0.0210  0.0210  0.0209  0.0209  0.0209  0.0209  0.0209  0.0209
  0.0211  0.0211  0.0211  0.0210  0.0210  0.0209  0.0210  0.0211  0.0210  0.0210  0.0210  0.0209
  0.0212  0.0212  0.0211  0.0213  0.0213  0.0211  0.0212  0.0215  0.0211  0.0212  0.0211  0.0210
  0.0215  0.0215  0.0213  0.0218  0.0218  0.0221  0.0214  0.0221  0.0213  0.0214  0.0212  0.0211
registration optimization eta report
parameter search radius
    0.8000    0.8000    0.8000    2.4000    2.4000    2.4000
    2.4000    2.4000    2.4000    2.4000    2.4000    2.4000
100000*second partial in parameter space
       74.       59.       43.       13.       14.       20.
        9.       20.        6.        9.        6.        4.
  0.0215  0.0213  0.0213  0.0218  0.0219  0.0223  0.0214  0.0221  0.0213  0.0214  0.0213  0.0212
  0.0212  0.0212  0.0211  0.0214  0.0215  0.0218  0.0211  0.0214  0.0211  0.0211  0.0211  0.0210
  0.0211  0.0210  0.0210  0.0212  0.0212  0.0214  0.0210  0.0210  0.0210  0.0210  0.0210  0.0210
  0.0210  0.0210  0.0210  0.0210  0.0210  0.0210  0.0209  0.0209  0.0209  0.0209  0.0209  0.0209
  0.0211  0.0211  0.0211  0.0210  0.0210  0.0209  0.0210  0.0211  0.0210  0.0210  0.0210  0.0209
  0.0212  0.0212  0.0211  0.0213  0.0213  0.0211  0.0212  0.0215  0.0211  0.0212  0.0211  0.0210
  0.0215  0.0215  0.0213  0.0218  0.0218  0.0221  0.0214  0.0221  0.0213  0.0214  0.0212  0.0211
   -1.6349    0.3844    7.0000   -7.6148  -15.0244   -7.4746
   -9.4684   -9.8212   11.6284   11.6488    9.6292  -12.8424
eta,q 0.97907 14.87477

---------------------------------------------------------------------
compute_vox2vox talsrcimg talsrcimg_to_711-2C_as_mni_average_305_t4 /opt/freesurfer/average/711-2C_as_mni_average_305
---------------------------------------------------------------------

freesurfer compute_vox2vox.c
Reading: talsrcimg.4dfp.ifh
Reading: talsrcimg_to_711-2C_as_mni_average_305_t4
Reading: /opt/freesurfer/average/711-2C_as_mni_average_305.4dfp.ifh
Writing: talsrcimg_to_711-2C_as_mni_average_305_t4_vox2vox.txt

start time Thu Mar 12 19:50:24 CET 2026
end		time Thu Mar 12 19:50:38 CET 2026

mpr2mni305 success

avi2talxfm orig_nu.mgz /opt/freesurfer/average/mni305.cor.mgz talsrcimg_to_711-2C_as_mni_average_305_t4_vox2vox.txt transforms/talairach.auto.xfm
avi2talxfm done
mv -f /out/sourcedata/freesurfer/sub-v2s1x29902_ses-1/mri/talsrcimg_to_711-2C_as_mni_average_305_t4_vox2vox.txt /out/sourcedata/freesurfer/sub-v2s1x29902_ses-1/mri/transforms/talsrcimg_to_711-2C_as_mni_average_305_t4_vox2vox.txt
lta_convert --src orig_nu.mgz --trg /opt/freesurfer/average/mni305.cor.mgz --inxfm transforms/talairach.auto.xfm --outlta transforms/talairach.auto.xfm.lta --subject fsaverage
7.3.2

--src: orig_nu.mgz src image (geometry).
--trg: /opt/freesurfer/average/mni305.cor.mgz trg image (geometry).
--inmni: transforms/talairach.auto.xfm input MNI/XFM transform.
--outlta: transforms/talairach.auto.xfm.lta output LTA.
--s: fsaverage subject name
 LTA read, type : 1
 1.05585   0.09545   0.13207   2.93391;
-0.12751   1.04908   0.14434  -34.47144;
-0.12701  -0.15687   1.13895   1.37749;
 0.00000   0.00000   0.00000   1.00000;
setting subject to fsaverage
Writing  LTA to file transforms/talairach.auto.xfm.lta...
lta_convert successful.
 
 
Started at Thu Mar 12 19:50:23 CET 2026
Ended   at Thu Mar 12 19:50:38 CET 2026
talairach_avi done
