/out/sourcedata/freesurfer/sub-v2s1x29911_ses-1/mri
/opt/freesurfer/bin/talairach_avi
--i orig_nu.mgz --xfm transforms/talairach.auto.xfm
talairach_avi 7.3.2
Linux dna086 5.14.0-427.37.1.el9_4.x86_64 #1 SMP PREEMPT_DYNAMIC Fri Sep 13 12:41:50 EDT 2024 x86_64 x86_64 x86_64 GNU/Linux
Thu Mar 12 20:14:09 CET 2026
mri_convert orig_nu.mgz talsrcimg.img 
reading from orig_nu.mgz...
TR=0.00, TE=0.00, TI=0.00, flip angle=0.00
i_ras = (-1, 0, 0)
j_ras = (0, 0, -1)
k_ras = (0, 1, 0)
writing to talsrcimg.img...
Analyze Output Matrix
-0.90000   0.00000   0.00000   124.48537;
 0.00000   0.00000   0.90000  -70.74804;
 0.00000  -0.90000   0.00000   147.98788;
 0.00000   0.00000   0.00000   1.00000;
--------------------
INFO: set hdr.hist.orient to -1
mpr2mni305 talsrcimg
Thu Mar 12 20:14:09 CET 2026
/opt/freesurfer/bin/mpr2mni305 talsrcimg
mpr2mni305 7.3.2
target=711-2C_as_mni_average_305

---------------------------------------------------------------------
analyzeto4dfp talsrcimg -O0 -y
---------------------------------------------------------------------

freesurfer ifh2hdr.c
Thu Mar 12 20:14:09 2026
Writing: talsrcimg.4dfp.hdr
freesurfer analyzeto4dfp.c
Reading: talsrcimg.hdr
header size 348 bytes
hdr.dime.datatype	offset=70	value=2
hdr.dime.bitpix		offset=72	value=8
hdr.hist.orient		offset=252	value=-1
dimensionality     4
dimensions       256       256       256         1
Reading: talsrcimg.img
Writing: talsrcimg.4dfp.img
Writing: talsrcimg.4dfp.ifh
ifh2hdr talsrcimg -r0to238
ori=2

---------------------------------------------------------------------
gauss_4dfp talsrcimg 1.1
---------------------------------------------------------------------

freesurfer gauss_4dfp.c
Reading: talsrcimg.4dfp.img
Writing: talsrcimg_g11.4dfp.img
image dimensions 256 256 256 padded to 288 288 288
processing volume 1freesurfer ifh2hdr.c
Thu Mar 12 20:14:11 2026
Writing: talsrcimg_g11.4dfp.hdr

Writing: talsrcimg_g11.4dfp.ifh
including: talsrcimg.4dfp.img.rec in talsrcimg_g11.4dfp.img.rec

---------------------------------------------------------------------
imgreg_4dfp /opt/freesurfer/average/711-2C_as_mni_average_305 none talsrcimg_g11 none talsrcimg_to_711-2C_as_mni_average_305_t4 4355
---------------------------------------------------------------------

freesurfer imgreg_4dfp.c
/opt/freesurfer/average/711-2C_as_mni_average_305.4dfp.img
       256       256       256         1
  1.000000  1.000000  1.000000
orientation T byte_order littleendian
Reading image: /opt/freesurfer/average/711-2C_as_mni_average_305.4dfp.img
dimensions:      256       256       256
mmppix:       1.0000   -1.0000   -1.0000
center:     128.0000 -129.0000 -129.0000
talsrcimg_g11.4dfp.img
       256       256       256         1
  0.900000  0.900000  0.900000
orientation T byte_order littleendian
Reading image: talsrcimg_g11.4dfp.img
dimensions:      256       256       256
mmppix:       0.9000   -0.9000   -0.9000
center:     115.2000 -116.1000 -116.1000
t4_read: open error in t4_sub.f l:  41 t4_file(1:l)talsrcimg_to_711-2C_as_mni_average_305_t4 
t4_read: transform initialized to I4
rotation matrix determinant  1.000000
image alignment mode   4355 decimal     1103 hex
   -7.5000  -45.0000  -45.0000 6646.4570   18.7472
    0.0000  -45.0000  -45.0000 6673.1025   18.7633
    7.5000  -45.0000  -45.0000 6320.7344   18.7507
   -7.5000  -37.5000  -45.0000 7067.3027   19.9343
    0.0000  -37.5000  -45.0000 7099.4395   19.9565
    7.5000  -37.5000  -45.0000 6729.5020   19.9483
   -7.5000  -30.0000  -45.0000 7489.5439   20.5723
    0.0000  -30.0000  -45.0000 7528.6465   20.6126
    7.5000  -30.0000  -45.0000 7133.9131   20.6124
   -7.5000  -22.5000  -45.0000 8001.4917   20.5723
    0.0000  -22.5000  -45.0000 8042.3042   20.6280
    7.5000  -22.5000  -45.0000 7607.4150   20.6313
   -7.5000  -15.0000  -45.0000 8450.7949   20.5550
    0.0000  -15.0000  -45.0000 8506.5947   20.6089
    7.5000  -15.0000  -45.0000 8035.2822   20.6094
   -7.5000   -7.5000  -45.0000 8520.0156   20.5449
    0.0000   -7.5000  -45.0000 8568.5029   20.5799
    7.5000   -7.5000  -45.0000 8085.8784   20.5722
   -7.5000    0.0000  -45.0000 8596.0752   20.5516
    0.0000    0.0000  -45.0000 8629.5684   20.5692
    7.5000    0.0000  -45.0000 8127.2490   20.5554
   -7.5000    7.5000  -45.0000 8229.9922   20.5628
    0.0000    7.5000  -45.0000 8246.6885   20.5857
    7.5000    7.5000  -45.0000 7782.3418   20.5772
   -7.5000   15.0000  -45.0000 7942.3716   20.5723
    0.0000   15.0000  -45.0000 7932.8726   20.6126
    7.5000   15.0000  -45.0000 7491.2661   20.6124
   -7.5000   22.5000  -45.0000 7249.8691   20.2956
    0.0000   22.5000  -45.0000 7247.8916   20.3505
    7.5000   22.5000  -45.0000 6841.5508   20.3537
   -7.5000   30.0000  -45.0000 6605.1436   19.7409
    0.0000   30.0000  -45.0000 6598.6191   19.7926
    7.5000   30.0000  -45.0000 6236.4912   19.7931
   -7.5000   37.5000  -45.0000 5956.3574   19.3112
    0.0000   37.5000  -45.0000 5965.0747   19.3403
    7.5000   37.5000  -45.0000 5633.8594   19.3261
   -7.5000   45.0000  -45.0000 5339.2065   19.1536
    0.0000   45.0000  -45.0000 5331.7744   19.1705
    7.5000   45.0000  -45.0000 5048.1152   19.1656
   -7.5000  -45.0000  -37.5000 7171.7900   19.6427
    0.0000  -45.0000  -37.5000 7219.7900   19.6691
    7.5000  -45.0000  -37.5000 6829.0229   19.6502
   -7.5000  -37.5000  -37.5000 7608.9053   20.8872
    0.0000  -37.5000  -37.5000 7654.2329   20.9251
    7.5000  -37.5000  -37.5000 7268.8096   20.9139
   -7.5000  -30.0000  -37.5000 8056.4761   21.5096
    0.0000  -30.0000  -37.5000 8122.1147   21.5661
    7.5000  -30.0000  -37.5000 7687.6421   21.5651
   -7.5000  -22.5000  -37.5000 8599.1465   21.5069
    0.0000  -22.5000  -37.5000 8666.3711   21.5738
    7.5000  -22.5000  -37.5000 8178.3457   21.5763
   -7.5000  -15.0000  -37.5000 9078.5410   21.4999
    0.0000  -15.0000  -37.5000 9158.1338   21.5591
    7.5000  -15.0000  -37.5000 8630.5303   21.5560
   -7.5000   -7.5000  -37.5000 9154.8135   21.4996
    0.0000   -7.5000  -37.5000 9223.1514   21.5400
    7.5000   -7.5000  -37.5000 8689.1348   21.5257
   -7.5000    0.0000  -37.5000 9225.3291   21.5058
    0.0000    0.0000  -37.5000 9284.8730   21.5347
    7.5000    0.0000  -37.5000 8747.6328   21.5141
   -7.5000    7.5000  -37.5000 8809.3662   21.5078
    0.0000    7.5000  -37.5000 8844.1191   21.5468
    7.5000    7.5000  -37.5000 8334.8467   21.5353
   -7.5000   15.0000  -37.5000 8481.2441   21.5086
    0.0000   15.0000  -37.5000 8480.2363   21.5651
    7.5000   15.0000  -37.5000 8008.9038   21.5641
   -7.5000   22.5000  -37.5000 7705.7261   21.2194
    0.0000   22.5000  -37.5000 7698.6567   21.2853
    7.5000   22.5000  -37.5000 7278.1899   21.2878
   -7.5000   30.0000  -37.5000 7014.3071   20.6629
    0.0000   30.0000  -37.5000 7010.7788   20.7198
    7.5000   30.0000  -37.5000 6621.9487   20.7168
   -7.5000   37.5000  -37.5000 6320.1680   20.2245
    0.0000   37.5000  -37.5000 6319.4170   20.2587
    7.5000   37.5000  -37.5000 5979.2998   20.2383
   -7.5000   45.0000  -37.5000 5646.2690   20.0330
    0.0000   45.0000  -37.5000 5635.6704   20.0585
    7.5000   45.0000  -37.5000 5348.5601   20.0487
   -7.5000  -45.0000  -30.0000 7739.6362   20.6640
    0.0000  -45.0000  -30.0000 7787.8701   20.6996
    7.5000  -45.0000  -30.0000 7385.6782   20.6769
   -7.5000  -37.5000  -30.0000 8206.8447   21.9715
    0.0000  -37.5000  -30.0000 8253.9033   22.0151
    7.5000  -37.5000  -30.0000 7831.9033   21.9965
   -7.5000  -30.0000  -30.0000 8699.1016   22.5898
    0.0000  -30.0000  -30.0000 8760.0332   22.6497
    7.5000  -30.0000  -30.0000 8282.7207   22.6406
   -7.5000  -22.5000  -30.0000 9271.2236   22.5922
    0.0000  -22.5000  -30.0000 9366.3750   22.6637
    7.5000  -22.5000  -30.0000 8819.5234   22.6621
   -7.5000  -15.0000  -30.0000 9756.5850   22.5943
    0.0000  -15.0000  -30.0000 9871.6191   22.6615
    7.5000  -15.0000  -30.0000 9292.1865   22.6589
   -7.5000   -7.5000  -30.0000 9840.2344   22.5989
    0.0000   -7.5000  -30.0000 9952.7207   22.6503
    7.5000   -7.5000  -30.0000 9368.9307   22.6354
   -7.5000    0.0000  -30.0000 9903.5684   22.6005
    0.0000    0.0000  -30.000010012.9619   22.6395
    7.5000    0.0000  -30.0000 9400.0000   22.6146
   -7.5000    7.5000  -30.0000 9430.5010   22.5901
    0.0000    7.5000  -30.0000 9493.6680   22.6349
    7.5000    7.5000  -30.0000 8924.6680   22.6158
   -7.5000   15.0000  -30.0000 9065.6670   22.5867
    0.0000   15.0000  -30.0000 9101.7510   22.6466
    7.5000   15.0000  -30.0000 8579.0117   22.6375
   -7.5000   22.5000  -30.0000 8222.9834   22.2911
    0.0000   22.5000  -30.0000 8223.3721   22.3617
    7.5000   22.5000  -30.0000 7768.1851   22.3601
   -7.5000   30.0000  -30.0000 7450.2896   21.7309
    0.0000   30.0000  -30.0000 7445.3887   21.7955
    7.5000   30.0000  -30.0000 7047.6494   21.7930
   -7.5000   37.5000  -30.0000 6694.9951   21.2935
    0.0000   37.5000  -30.0000 6685.3154   21.3382
    7.5000   37.5000  -30.0000 6339.1484   21.3174
   -7.5000   45.0000  -30.0000 6006.9204   21.0898
    0.0000   45.0000  -30.0000 5974.2603   21.1250
    7.5000   45.0000  -30.0000 5686.9819   21.1122
   -7.5000  -45.0000  -22.5000 8302.0801   21.5851
    0.0000  -45.0000  -22.5000 8345.3535   21.6214
    7.5000  -45.0000  -22.5000 7923.6743   21.6001
   -7.5000  -37.5000  -22.5000 8804.8096   22.9623
    0.0000  -37.5000  -22.5000 8851.3770   22.9966
    7.5000  -37.5000  -22.5000 8401.6621   22.9721
   -7.5000  -30.0000  -22.5000 9332.7910   23.5842
    0.0000  -30.0000  -22.5000 9391.7812   23.6318
    7.5000  -30.0000  -22.5000 8895.5361   23.6141
   -7.5000  -22.5000  -22.5000 9917.5654   23.5915
    0.0000  -22.5000  -22.500010036.6113   23.6576
    7.5000  -22.5000  -22.5000 9448.8857   23.6535
   -7.5000  -15.0000  -22.500010396.9668   23.5918
    0.0000  -15.0000  -22.500010541.3135   23.6646
    7.5000  -15.0000  -22.5000 9948.0088   23.6676
   -7.5000   -7.5000  -22.500010495.3467   23.5938
    0.0000   -7.5000  -22.500010630.1045   23.6536
    7.5000   -7.5000  -22.5000 9996.6904   23.6459
   -7.5000    0.0000  -22.500010555.9121   23.5945
    0.0000    0.0000  -22.500010670.9053   23.6341
    7.5000    0.0000  -22.500010006.9365   23.6108
   -7.5000    7.5000  -22.500010019.0156   23.5794
    0.0000    7.5000  -22.500010092.2246   23.6147
    7.5000    7.5000  -22.5000 9465.0791   23.5895
   -7.5000   15.0000  -22.5000 9613.1709   23.5786
    0.0000   15.0000  -22.5000 9680.5264   23.6261
    7.5000   15.0000  -22.5000 9082.6465   23.6084
   -7.5000   22.5000  -22.5000 8721.9473   23.2793
    0.0000   22.5000  -22.5000 8759.5947   23.3446
    7.5000   22.5000  -22.5000 8243.3193   23.3406
   -7.5000   30.0000  -22.5000 7870.1245   22.7075
    0.0000   30.0000  -22.5000 7885.1504   22.7774
    7.5000   30.0000  -22.5000 7460.0039   22.7805
   -7.5000   37.5000  -22.5000 7045.4399   22.2659
    0.0000   37.5000  -22.5000 7036.2871   22.3187
    7.5000   37.5000  -22.5000 6684.6689   22.3047
   -7.5000   45.0000  -22.5000 6324.1270   22.0766
    0.0000   45.0000  -22.5000 6297.8452   22.1151
    7.5000   45.0000  -22.5000 5999.3994   22.1038
   -7.5000  -45.0000  -15.0000 8827.6631   22.3581
    0.0000  -45.0000  -15.0000 8861.4854   22.3855
    7.5000  -45.0000  -15.0000 8418.9512   22.3699
   -7.5000  -37.5000  -15.0000 9360.8105   23.7934
    0.0000  -37.5000  -15.0000 9413.4229   23.8131
    7.5000  -37.5000  -15.0000 8934.3828   23.7907
   -7.5000  -30.0000  -15.0000 9929.8184   24.4222
    0.0000  -30.0000  -15.000010003.0605   24.4559
    7.5000  -30.0000  -15.0000 9473.4404   24.4398
   -7.5000  -22.5000  -15.000010512.7988   24.4277
    0.0000  -22.5000  -15.000010646.7002   24.4872
    7.5000  -22.5000  -15.000010041.1016   24.4872
   -7.5000  -15.0000  -15.000010999.3193   24.4153
    0.0000  -15.0000  -15.000011143.3145   24.4877
    7.5000  -15.0000  -15.000010520.9697   24.4979
   -7.5000   -7.5000  -15.000011100.1621   24.4095
    0.0000   -7.5000  -15.000011217.0684   24.4672
    7.5000   -7.5000  -15.000010556.4990   24.4678
   -7.5000    0.0000  -15.000011141.2842   24.4157
    0.0000    0.0000  -15.000011225.3223   24.4455
    7.5000    0.0000  -15.000010560.8672   24.4285
   -7.5000    7.5000  -15.000010511.3594   24.4091
    0.0000    7.5000  -15.000010590.8115   24.4293
    7.5000    7.5000  -15.0000 9937.8232   24.4063
   -7.5000   15.0000  -15.000010104.6729   24.4147
    0.0000   15.0000  -15.000010186.5518   24.4484
    7.5000   15.0000  -15.0000 9555.3018   24.4323
   -7.5000   22.5000  -15.0000 9153.8594   24.1081
    0.0000   22.5000  -15.0000 9242.7490   24.1668
    7.5000   22.5000  -15.0000 8683.1260   24.1669
   -7.5000   30.0000  -15.0000 8270.4795   23.5179
    0.0000   30.0000  -15.0000 8329.1875   23.5876
    7.5000   30.0000  -15.0000 7863.4624   23.5974
   -7.5000   37.5000  -15.0000 7399.1611   23.0686
    0.0000   37.5000  -15.0000 7409.4058   23.1192
    7.5000   37.5000  -15.0000 7023.5005   23.1126
   -7.5000   45.0000  -15.0000 6608.5063   22.9025
    0.0000   45.0000  -15.0000 6606.0439   22.9340
    7.5000   45.0000  -15.0000 6278.0278   22.9273
   -7.5000  -45.0000   -7.5000 9044.8408   22.3253
    0.0000  -45.0000   -7.5000 9063.9961   22.3438
    7.5000  -45.0000   -7.5000 8637.3594   22.3310
   -7.5000  -37.5000   -7.5000 9614.1006   23.7690
    0.0000  -37.5000   -7.5000 9642.7861   23.7846
    7.5000  -37.5000   -7.5000 9200.6406   23.7691
   -7.5000  -30.0000   -7.500010200.5195   24.4047
    0.0000  -30.0000   -7.500010282.0918   24.4379
    7.5000  -30.0000   -7.5000 9771.5967   24.4293
   -7.5000  -22.5000   -7.500010716.1494   24.4085
    0.0000  -22.5000   -7.500010832.6816   24.4667
    7.5000  -22.5000   -7.500010300.5723   24.4692
   -7.5000  -15.0000   -7.500011180.4551   24.3863
    0.0000  -15.0000   -7.500011298.0518   24.4531
    7.5000  -15.0000   -7.500010746.5771   24.4605
   -7.5000   -7.5000   -7.500011292.8623   24.3720
    0.0000   -7.5000   -7.500011355.0977   24.4200
    7.5000   -7.5000   -7.500010775.3867   24.4191
   -7.5000    0.0000   -7.500011320.5205   24.3798
    0.0000    0.0000   -7.500011353.0352   24.4001
    7.5000    0.0000   -7.500010773.4414   24.3861
   -7.5000    7.5000   -7.500010664.8418   24.3841
    0.0000    7.5000   -7.500010712.0488   24.4001
    7.5000    7.5000   -7.500010131.0215   24.3842
   -7.5000   15.0000   -7.500010259.8271   24.3972
    0.0000   15.0000   -7.500010329.3594   24.4304
    7.5000   15.0000   -7.5000 9731.3086   24.4218
   -7.5000   22.5000   -7.5000 9332.0527   24.0892
    0.0000   22.5000   -7.5000 9413.2861   24.1467
    7.5000   22.5000   -7.5000 8860.5449   24.1491
   -7.5000   30.0000   -7.5000 8445.0059   23.4897
    0.0000   30.0000   -7.5000 8499.0381   23.5538
    7.5000   30.0000   -7.5000 8009.7964   23.5611
   -7.5000   37.5000   -7.5000 7536.5444   23.0303
    0.0000   37.5000   -7.5000 7555.5435   23.0713
    7.5000   37.5000   -7.5000 7131.0059   23.0626
   -7.5000   45.0000   -7.5000 6683.6387   22.8648
    0.0000   45.0000   -7.5000 6683.8384   22.8867
    7.5000   45.0000   -7.5000 6328.0771   22.8821
   -7.5000  -45.0000    0.0000 9105.3584   22.8373
    0.0000  -45.0000    0.0000 9112.4639   22.8570
    7.5000  -45.0000    0.0000 8680.5566   22.8410
   -7.5000  -37.5000    0.0000 9701.0732   24.3067
    0.0000  -37.5000    0.0000 9744.4443   24.3343
    7.5000  -37.5000    0.0000 9256.7500   24.3235
   -7.5000  -30.0000    0.000010256.7080   24.9398
    0.0000  -30.0000    0.000010261.0830   24.9890
    7.5000  -30.0000    0.0000 9814.0732   24.9879
   -7.5000  -22.5000    0.000010711.2256   24.9397
    0.0000  -22.5000    0.000010716.4863   25.0071
    7.5000  -22.5000    0.000010361.5215   25.0103
   -7.5000  -15.0000    0.000011170.6045   24.9185
    0.0000  -15.0000    0.000011194.3525   24.9835
    7.5000  -15.0000    0.000010796.0332   24.9833
   -7.5000   -7.5000    0.000011302.2100   24.9062
    0.0000   -7.5000    0.000011293.4697   24.9484
    7.5000   -7.5000    0.000010839.8945   24.9383
   -7.5000    0.0000    0.000011369.7344   24.9143
    0.0000    0.0000    0.000011330.8135   24.9358
    7.5000    0.0000    0.000010835.0752   24.9183
   -7.5000    7.5000    0.000010732.3359   24.9193
    0.0000    7.5000    0.000010705.1035   24.9475
    7.5000    7.5000    0.000010172.2168   24.9365
   -7.5000   15.0000    0.000010304.6211   24.9310
    0.0000   15.0000    0.000010307.2354   24.9801
    7.5000   15.0000    0.0000 9735.6191   24.9791
   -7.5000   22.5000    0.0000 9365.7393   24.6169
    0.0000   22.5000    0.0000 9398.5312   24.6834
    7.5000   22.5000    0.0000 8850.7100   24.6866
   -7.5000   30.0000    0.0000 8471.1445   24.0162
    0.0000   30.0000    0.0000 8499.5869   24.0788
    7.5000   30.0000    0.0000 8009.8066   24.0786
   -7.5000   37.5000    0.0000 7562.3286   23.5618
    0.0000   37.5000    0.0000 7546.0063   23.5971
    7.5000   37.5000    0.0000 7136.7090   23.5792
   -7.5000   45.0000    0.0000 6707.9932   23.4036
    0.0000   45.0000    0.0000 6682.0078   23.4243
    7.5000   45.0000    0.0000 6335.6953   23.4176
   -7.5000  -45.0000    7.5000 8792.9600   22.8501
    0.0000  -45.0000    7.5000 8808.8340   22.8807
    7.5000  -45.0000    7.5000 8390.6113   22.8589
   -7.5000  -37.5000    7.5000 9284.8770   24.3102
    0.0000  -37.5000    7.5000 9260.2559   24.3543
    7.5000  -37.5000    7.5000 8844.5127   24.3414
   -7.5000  -30.0000    7.5000 9794.4707   24.9324
    0.0000  -30.0000    7.5000 9659.3984   24.9979
    7.5000  -30.0000    7.5000 9308.5977   24.9971
   -7.5000  -22.5000    7.500010345.6514   24.9292
    0.0000  -22.5000    7.500010202.4102   25.0068
    7.5000  -22.5000    7.5000 9901.8984   25.0101
   -7.5000  -15.0000    7.500010843.5508   24.9211
    0.0000  -15.0000    7.500010741.9180   24.9898
    7.5000  -15.0000    7.500010397.2734   24.9866
   -7.5000   -7.5000    7.500010904.8604   24.9210
    0.0000   -7.5000    7.500010844.0967   24.9678
    7.5000   -7.5000    7.500010418.6680   24.9513
   -7.5000    0.0000    7.500010914.9150   24.9283
    0.0000    0.0000    7.500010855.3506   24.9616
    7.5000    0.0000    7.500010385.0293   24.9378
   -7.5000    7.5000    7.500010254.7080   24.9228
    0.0000    7.5000    7.500010225.2588   24.9680
    7.5000    7.5000    7.5000 9732.2646   24.9548
   -7.5000   15.0000    7.5000 9860.3643   24.9236
    0.0000   15.0000    7.5000 9843.7422   24.9891
    7.5000   15.0000    7.5000 9331.2861   24.9883
   -7.5000   22.5000    7.5000 8974.0371   24.6066
    0.0000   22.5000    7.5000 8978.6543   24.6832
    7.5000   22.5000    7.5000 8514.8906   24.6864
   -7.5000   30.0000    7.5000 8145.9204   24.0185
    0.0000   30.0000    7.5000 8137.9663   24.0847
    7.5000   30.0000    7.5000 7702.6694   24.0816
   -7.5000   37.5000    7.5000 7268.7905   23.5781
    0.0000   37.5000    7.5000 7253.1641   23.6180
    7.5000   37.5000    7.5000 6851.6226   23.5943
   -7.5000   45.0000    7.5000 6434.7324   23.4157
    0.0000   45.0000    7.5000 6422.4224   23.4455
    7.5000   45.0000    7.5000 6081.0322   23.4341
   -7.5000  -45.0000   15.0000 8666.4971   23.1324
    0.0000  -45.0000   15.0000 8725.1992   23.1729
    7.5000  -45.0000   15.0000 8262.8584   23.1482
   -7.5000  -37.5000   15.0000 9129.4043   24.5981
    0.0000  -37.5000   15.0000 9157.4502   24.6477
    7.5000  -37.5000   15.0000 8687.6670   24.6282
   -7.5000  -30.0000   15.0000 9657.1045   25.2226
    0.0000  -30.0000   15.0000 9592.3184   25.2908
    7.5000  -30.0000   15.0000 9136.3145   25.2824
   -7.5000  -22.5000   15.000010277.0801   25.2258
    0.0000  -22.5000   15.000010219.5898   25.3070
    7.5000  -22.5000   15.0000 9742.6611   25.3072
   -7.5000  -15.0000   15.000010810.2520   25.2292
    0.0000  -15.0000   15.000010775.4980   25.3054
    7.5000  -15.0000   15.000010279.2324   25.3041
   -7.5000   -7.5000   15.000010850.5771   25.2349
    0.0000   -7.5000   15.000010815.1123   25.2932
    7.5000   -7.5000   15.000010314.6338   25.2776
   -7.5000    0.0000   15.000010795.6396   25.2362
    0.0000    0.0000   15.000010757.2881   25.2804
    7.5000    0.0000   15.000010261.8379   25.2535
   -7.5000    7.5000   15.000010085.0527   25.2179
    0.0000    7.5000   15.000010069.9199   25.2689
    7.5000    7.5000   15.0000 9582.7373   25.2489
   -7.5000   15.0000   15.0000 9679.1963   25.2137
    0.0000   15.0000   15.0000 9676.0547   25.2819
    7.5000   15.0000   15.0000 9181.2041   25.2735
   -7.5000   22.5000   15.0000 8817.2158   24.8993
    0.0000   22.5000   15.0000 8802.7148   24.9795
    7.5000   22.5000   15.0000 8355.1787   24.9796
   -7.5000   30.0000   15.0000 8003.9238   24.3159
    0.0000   30.0000   15.0000 7980.1055   24.3893
    7.5000   30.0000   15.0000 7574.4194   24.3880
   -7.5000   37.5000   15.0000 7179.5908   23.8816
    0.0000   37.5000   15.0000 7118.0259   23.9325
    7.5000   37.5000   15.0000 6747.6709   23.9100
   -7.5000   45.0000   15.0000 6354.7290   23.7205
    0.0000   45.0000   15.0000 6311.6104   23.7607
    7.5000   45.0000   15.0000 5982.3560   23.7474
   -7.5000  -45.0000   22.5000 8093.2061   23.5909
    0.0000  -45.0000   22.5000 8187.1807   23.6364
    7.5000  -45.0000   22.5000 7714.5664   23.6178
   -7.5000  -37.5000   22.5000 8536.4092   25.0804
    0.0000  -37.5000   22.5000 8587.0078   25.1239
    7.5000  -37.5000   22.5000 8105.1489   25.1024
   -7.5000  -30.0000   22.5000 9015.5557   25.7162
    0.0000  -30.0000   22.5000 9018.8203   25.7755
    7.5000  -30.0000   22.5000 8553.1650   25.7627
   -7.5000  -22.5000   22.5000 9588.7949   25.7240
    0.0000  -22.5000   22.5000 9589.4531   25.8052
    7.5000  -22.5000   22.5000 9116.5498   25.8081
   -7.5000  -15.0000   22.500010130.3486   25.7288
    0.0000  -15.0000   22.500010129.8926   25.8175
    7.5000  -15.0000   22.5000 9623.3096   25.8282
   -7.5000   -7.5000   22.500010192.0371   25.7354
    0.0000   -7.5000   22.500010172.8467   25.8087
    7.5000   -7.5000   22.5000 9672.6416   25.8064
   -7.5000    0.0000   22.500010158.4102   25.7364
    0.0000    0.0000   22.500010116.2344   25.7861
    7.5000    0.0000   22.5000 9613.7012   25.7657
   -7.5000    7.5000   22.5000 9450.0615   25.7125
    0.0000    7.5000   22.5000 9417.6992   25.7571
    7.5000    7.5000   22.5000 8957.5869   25.7350
   -7.5000   15.0000   22.5000 9054.0938   25.7072
    0.0000   15.0000   22.5000 9043.2920   25.7664
    7.5000   15.0000   22.5000 8581.7070   25.7536
   -7.5000   22.5000   22.5000 8222.1846   25.3911
    0.0000   22.5000   22.5000 8222.5195   25.4712
    7.5000   22.5000   22.5000 7797.5557   25.4741
   -7.5000   30.0000   22.5000 7426.7324   24.7982
    0.0000   30.0000   22.5000 7426.3032   24.8835
    7.5000   30.0000   22.5000 7059.5942   24.8939
   -7.5000   37.5000   22.5000 6677.1128   24.3616
    0.0000   37.5000   22.5000 6640.3203   24.4269
    7.5000   37.5000   22.5000 6310.3467   24.4172
   -7.5000   45.0000   22.5000 5931.7944   24.2154
    0.0000   45.0000   22.5000 5881.4829   24.2640
    7.5000   45.0000   22.5000 5598.5288   24.2569
   -7.5000  -45.0000   30.0000 7522.7080   24.0887
    0.0000  -45.0000   30.0000 7611.1440   24.1166
    7.5000  -45.0000   30.0000 7185.5581   24.0957
   -7.5000  -37.5000   30.0000 7922.2886   25.6353
    0.0000  -37.5000   30.0000 8002.4565   25.6553
    7.5000  -37.5000   30.0000 7548.5054   25.6264
   -7.5000  -30.0000   30.0000 8358.2402   26.2910
    0.0000  -30.0000   30.0000 8406.5869   26.3287
    7.5000  -30.0000   30.0000 7956.5757   26.3078
   -7.5000  -22.5000   30.0000 8866.0010   26.2868
    0.0000  -22.5000   30.0000 8895.7432   26.3548
    7.5000  -22.5000   30.0000 8451.2012   26.3532
   -7.5000  -15.0000   30.0000 9371.6084   26.2752
    0.0000  -15.0000   30.0000 9393.3320   26.3567
    7.5000  -15.0000   30.0000 8946.7451   26.3669
   -7.5000   -7.5000   30.0000 9465.5293   26.2794
    0.0000   -7.5000   30.0000 9466.4277   26.3422
    7.5000   -7.5000   30.0000 9020.1543   26.3409
   -7.5000    0.0000   30.0000 9434.4209   26.2956
    0.0000    0.0000   30.0000 9413.7373   26.3260
    7.5000    0.0000   30.0000 8959.2666   26.3032
   -7.5000    7.5000   30.0000 8781.2627   26.2857
    0.0000    7.5000   30.0000 8771.4287   26.3063
    7.5000    7.5000   30.0000 8341.1240   26.2766
   -7.5000   15.0000   30.0000 8412.0576   26.2816
    0.0000   15.0000   30.0000 8382.8877   26.3193
    7.5000   15.0000   30.0000 7973.0771   26.2984
   -7.5000   22.5000   30.0000 7626.9214   25.9443
    0.0000   22.5000   30.0000 7612.3926   26.0114
    7.5000   22.5000   30.0000 7235.9175   26.0099
   -7.5000   30.0000   30.0000 6883.3789   25.3367
    0.0000   30.0000   30.0000 6884.1011   25.4151
    7.5000   30.0000   30.0000 6547.5820   25.4250
   -7.5000   37.5000   30.0000 6181.2344   24.9057
    0.0000   37.5000   30.0000 6166.8462   24.9607
    7.5000   37.5000   30.0000 5841.1689   24.9512
   -7.5000   45.0000   30.0000 5476.5000   24.8073
    0.0000   45.0000   30.0000 5465.3945   24.8399
    7.5000   45.0000   30.0000 5189.8203   24.8289
   -7.5000  -45.0000   37.5000 7019.5947   24.4599
    0.0000  -45.0000   37.5000 7097.0103   24.4607
    7.5000  -45.0000   37.5000 6701.6982   24.4079
   -7.5000  -37.5000   37.5000 7370.8359   26.0563
    0.0000  -37.5000   37.5000 7440.9824   26.0534
    7.5000  -37.5000   37.5000 7015.5176   25.9968
   -7.5000  -30.0000   37.5000 7758.5054   26.7167
    0.0000  -30.0000   37.5000 7814.6895   26.7370
    7.5000  -30.0000   37.5000 7377.4575   26.6894
   -7.5000  -22.5000   37.5000 8212.0879   26.7034
    0.0000  -22.5000   37.5000 8245.8916   26.7550
    7.5000  -22.5000   37.5000 7809.8442   26.7204
   -7.5000  -15.0000   37.5000 8692.0352   26.6705
    0.0000  -15.0000   37.5000 8720.1445   26.7309
    7.5000  -15.0000   37.5000 8268.0811   26.7004
   -7.5000   -7.5000   37.5000 8797.1553   26.6642
    0.0000   -7.5000   37.5000 8799.8936   26.6996
    7.5000   -7.5000   37.5000 8367.0859   26.6578
   -7.5000    0.0000   37.5000 8759.0566   26.6906
    0.0000    0.0000   37.5000 8766.2266   26.6914
    7.5000    0.0000   37.5000 8325.9365   26.6339
   -7.5000    7.5000   37.5000 8158.0024   26.7010
    0.0000    7.5000   37.5000 8156.7573   26.6980
    7.5000    7.5000   37.5000 7742.1377   26.6400
   -7.5000   15.0000   37.5000 7796.7642   26.7070
    0.0000   15.0000   37.5000 7769.4404   26.7272
    7.5000   15.0000   37.5000 7378.2622   26.6797
   -7.5000   22.5000   37.5000 7081.8677   26.3509
    0.0000   22.5000   37.5000 7070.8208   26.4018
    7.5000   22.5000   37.5000 6714.0112   26.3677
   -7.5000   30.0000   37.5000 6410.4668   25.7174
    0.0000   30.0000   37.5000 6401.2681   25.7755
    7.5000   30.0000   37.5000 6079.3169   25.7462
   -7.5000   37.5000   37.5000 5745.5889   25.2791
    0.0000   37.5000   37.5000 5728.0254   25.3072
    7.5000   37.5000   37.5000 5433.9741   25.2577
   -7.5000   45.0000   37.5000 5095.8774   25.2140
    0.0000   45.0000   37.5000 5074.7432   25.2174
    7.5000   45.0000   37.5000 4817.6216   25.1715
   -7.5000  -45.0000   45.0000 6515.0977   24.8390
    0.0000  -45.0000   45.0000 6571.0210   24.8749
    7.5000  -45.0000   45.0000 6224.7979   24.8564
   -7.5000  -37.5000   45.0000 6822.0200   26.4776
    0.0000  -37.5000   45.0000 6891.4521   26.5268
    7.5000  -37.5000   45.0000 6521.9795   26.5171
   -7.5000  -30.0000   45.0000 7179.6309   27.1432
    0.0000  -30.0000   45.0000 7233.2773   27.2230
    7.5000  -30.0000   45.0000 6856.8149   27.2256
   -7.5000  -22.5000   45.0000 7601.0513   27.1377
    0.0000  -22.5000   45.0000 7629.8330   27.2406
    7.5000  -22.5000   45.0000 7247.8359   27.2460
   -7.5000  -15.0000   45.0000 8022.3955   27.0922
    0.0000  -15.0000   45.0000 8056.4336   27.1890
    7.5000  -15.0000   45.0000 7643.3174   27.1879
   -7.5000   -7.5000   45.0000 8109.9570   27.0648
    0.0000   -7.5000   45.0000 8140.8223   27.1302
    7.5000   -7.5000   45.0000 7720.6035   27.1172
   -7.5000    0.0000   45.0000 8085.9497   27.0809
    0.0000    0.0000   45.0000 8100.4531   27.1201
    7.5000    0.0000   45.0000 7695.2578   27.1000
   -7.5000    7.5000   45.0000 7527.2612   27.1066
    0.0000    7.5000   45.0000 7525.3486   27.1570
    7.5000    7.5000   45.0000 7167.4922   27.1471
   -7.5000   15.0000   45.0000 7192.2485   27.1331
    0.0000   15.0000   45.0000 7195.4263   27.2128
    7.5000   15.0000   45.0000 6835.7402   27.2154
   -7.5000   22.5000   45.0000 6538.6294   26.7759
    0.0000   22.5000   45.0000 6538.2900   26.8775
    7.5000   22.5000   45.0000 6220.7051   26.8828
   -7.5000   30.0000   45.0000 5925.3086   26.1210
    0.0000   30.0000   45.0000 5914.5635   26.2143
    7.5000   30.0000   45.0000 5628.9688   26.2132
   -7.5000   37.5000   45.0000 5321.4976   25.6649
    0.0000   37.5000   45.0000 5303.6260   25.7214
    7.5000   37.5000   45.0000 5040.5293   25.6985
   -7.5000   45.0000   45.0000 4725.8784   25.6052
    0.0000   45.0000   45.0000 4700.7651   25.6435
    7.5000   45.0000   45.0000 4484.7231   25.6366

---------------------------------------------------------------------
imgreg_4dfp /opt/freesurfer/average/711-2C_as_mni_average_305 /opt/freesurfer/average/711-2B_as_mni_average_305_mask talsrcimg_g11 none talsrcimg_to_711-2C_as_mni_average_305_t4 4355
---------------------------------------------------------------------

freesurfer imgreg_4dfp.c
/opt/freesurfer/average/711-2C_as_mni_average_305.4dfp.img
       256       256       256         1
  1.000000  1.000000  1.000000
orientation T byte_order littleendian
Reading image: /opt/freesurfer/average/711-2C_as_mni_average_305.4dfp.img
dimensions:      256       256       256
mmppix:       1.0000   -1.0000   -1.0000
center:     128.0000 -129.0000 -129.0000
/opt/freesurfer/average/711-2B_as_mni_average_305_mask.4dfp.img
       256       256       256         1
  1.000000  1.000000  1.000000
orientation T byte_order littleendian
Reading mask: /opt/freesurfer/average/711-2B_as_mni_average_305_mask.4dfp.img (2306576 pixels)
talsrcimg_g11.4dfp.img
       256       256       256         1
  0.900000  0.900000  0.900000
orientation T byte_order littleendian
Reading image: talsrcimg_g11.4dfp.img
dimensions:      256       256       256
mmppix:       0.9000   -0.9000   -0.9000
center:     115.2000 -116.1000 -116.1000
rotation matrix determinant  1.000000
image alignment mode   4355 decimal     1103 hex
  -15.0000  -45.0000  -45.0000 2049.9912   20.7209
   -7.5000  -45.0000  -45.0000 2084.7852   20.4299
    0.0000  -45.0000  -45.0000 2084.9690   20.3834
  -15.0000  -37.5000  -45.0000 2113.9080   19.5978
   -7.5000  -37.5000  -45.0000 2148.7410   19.2942
    0.0000  -37.5000  -45.0000 2150.8225   19.2950
  -15.0000  -30.0000  -45.0000 2158.5181   18.7503
   -7.5000  -30.0000  -45.0000 2189.4534   18.4398
    0.0000  -30.0000  -45.0000 2186.7229   18.3778
  -15.0000  -22.5000  -45.0000 2170.3201   18.2145
   -7.5000  -22.5000  -45.0000 2198.8088   17.9318
    0.0000  -22.5000  -45.0000 2202.4341   17.8351
  -15.0000  -15.0000  -45.0000 2166.6470   18.0761
   -7.5000  -15.0000  -45.0000 2199.2275   17.7647
    0.0000  -15.0000  -45.0000 2205.0813   17.6738
  -15.0000   -7.5000  -45.0000 2141.8672   18.3193
   -7.5000   -7.5000  -45.0000 2172.4675   18.0049
    0.0000   -7.5000  -45.0000 2180.2747   17.8811
  -15.0000    0.0000  -45.0000 2106.8259   18.9197
   -7.5000    0.0000  -45.0000 2147.3877   18.5470
    0.0000    0.0000  -45.0000 2153.4714   18.3886
  -15.0000    7.5000  -45.0000 2063.6182   19.9394
   -7.5000    7.5000  -45.0000 2099.6467   19.4864
    0.0000    7.5000  -45.0000 2105.4983   19.3309
  -15.0000   15.0000  -45.0000 1994.9305   21.4625
   -7.5000   15.0000  -45.0000 2026.3164   20.9051
    0.0000   15.0000  -45.0000 2035.7395   20.7826
  -15.0000   22.5000  -45.0000 1908.2177   23.5261
   -7.5000   22.5000  -45.0000 1943.3867   22.9041
    0.0000   22.5000  -45.0000 1948.0129   22.7855
  -15.0000   30.0000  -45.0000 1803.7201   26.2158
   -7.5000   30.0000  -45.0000 1838.0398   25.5265
    0.0000   30.0000  -45.0000 1843.5133   25.4401
  -15.0000   37.5000  -45.0000 1666.3472   29.5507
   -7.5000   37.5000  -45.0000 1698.8932   28.6944
    0.0000   37.5000  -45.0000 1703.9611   28.5594
  -15.0000   45.0000  -45.0000 1502.4312   33.5492
   -7.5000   45.0000  -45.0000 1530.3448   32.6361
    0.0000   45.0000  -45.0000 1528.9255   32.4431
  -15.0000  -45.0000  -37.5000 2206.1960   20.2665
   -7.5000  -45.0000  -37.5000 2245.8516   19.9271
    0.0000  -45.0000  -37.5000 2247.9653   19.9289
  -15.0000  -37.5000  -37.5000 2275.7275   19.0855
   -7.5000  -37.5000  -37.5000 2308.9033   18.7906
    0.0000  -37.5000  -37.5000 2313.2563   18.8120
  -15.0000  -30.0000  -37.5000 2324.4941   18.2665
   -7.5000  -30.0000  -37.5000 2354.5330   17.9417
    0.0000  -30.0000  -37.5000 2360.8606   17.9485
  -15.0000  -22.5000  -37.5000 2344.8269   17.7729
   -7.5000  -22.5000  -37.5000 2375.8262   17.4783
    0.0000  -22.5000  -37.5000 2382.8928   17.3964
  -15.0000  -15.0000  -37.5000 2347.4211   17.6891
   -7.5000  -15.0000  -37.5000 2385.0808   17.3512
    0.0000  -15.0000  -37.5000 2391.7437   17.2804
  -15.0000   -7.5000  -37.5000 2322.7163   17.9573
   -7.5000   -7.5000  -37.5000 2365.7056   17.6318
    0.0000   -7.5000  -37.5000 2371.4597   17.5052
  -15.0000    0.0000  -37.5000 2285.7815   18.5346
   -7.5000    0.0000  -37.5000 2332.6216   18.2066
    0.0000    0.0000  -37.5000 2338.7180   18.0384
  -15.0000    7.5000  -37.5000 2230.5652   19.5829
   -7.5000    7.5000  -37.5000 2279.4380   19.1610
    0.0000    7.5000  -37.5000 2286.7244   19.0108
  -15.0000   15.0000  -37.5000 2153.9893   21.0948
   -7.5000   15.0000  -37.5000 2199.6948   20.5975
    0.0000   15.0000  -37.5000 2207.6025   20.4521
  -15.0000   22.5000  -37.5000 2058.5315   23.1045
   -7.5000   22.5000  -37.5000 2099.4175   22.5503
    0.0000   22.5000  -37.5000 2103.9216   22.4106
  -15.0000   30.0000  -37.5000 1944.5909   25.7992
   -7.5000   30.0000  -37.5000 1981.4259   25.1484
    0.0000   30.0000  -37.5000 1987.0142   25.0183
  -15.0000   37.5000  -37.5000 1792.2627   29.1529
   -7.5000   37.5000  -37.5000 1829.4561   28.3607
    0.0000   37.5000  -37.5000 1838.2081   28.1679
  -15.0000   45.0000  -37.5000 1616.3827   33.0698
   -7.5000   45.0000  -37.5000 1642.1647   32.1827
    0.0000   45.0000  -37.5000 1644.1171   31.9604
  -15.0000  -45.0000  -30.0000 2337.5388   19.7151
   -7.5000  -45.0000  -30.0000 2380.1694   19.3335
    0.0000  -45.0000  -30.0000 2383.2087   19.3167
  -15.0000  -37.5000  -30.0000 2412.9846   18.5140
   -7.5000  -37.5000  -30.0000 2453.5505   18.1440
    0.0000  -37.5000  -30.0000 2458.2856   18.1547
  -15.0000  -30.0000  -30.0000 2473.7102   17.6949
   -7.5000  -30.0000  -30.0000 2508.5493   17.3418
    0.0000  -30.0000  -30.0000 2516.9451   17.3663
  -15.0000  -22.5000  -30.0000 2502.9124   17.2359
   -7.5000  -22.5000  -30.0000 2541.5598   16.9041
    0.0000  -22.5000  -30.0000 2549.0503   16.8937
  -15.0000  -15.0000  -30.0000 2509.1509   17.1471
   -7.5000  -15.0000  -30.0000 2551.3330   16.7755
    0.0000  -15.0000  -30.0000 2564.0518   16.7390
  -15.0000   -7.5000  -30.0000 2483.7605   17.4220
   -7.5000   -7.5000  -30.0000 2539.8660   17.0633
    0.0000   -7.5000  -30.0000 2552.0781   16.9740
  -15.0000    0.0000  -30.0000 2444.0098   18.0036
   -7.5000    0.0000  -30.0000 2504.5374   17.6649
    0.0000    0.0000  -30.0000 2519.8792   17.5480
  -15.0000    7.5000  -30.0000 2379.4092   19.0689
   -7.5000    7.5000  -30.0000 2441.8516   18.6577
    0.0000    7.5000  -30.0000 2454.6487   18.5252
  -15.0000   15.0000  -30.0000 2289.8745   20.5653
   -7.5000   15.0000  -30.0000 2348.2224   20.1037
    0.0000   15.0000  -30.0000 2359.0613   19.9742
  -15.0000   22.5000  -30.0000 2183.4480   22.5754
   -7.5000   22.5000  -30.0000 2233.8921   22.0757
    0.0000   22.5000  -30.0000 2239.6714   21.8956
  -15.0000   30.0000  -30.0000 2058.1243   25.2210
   -7.5000   30.0000  -30.0000 2100.2161   24.6532
    0.0000   30.0000  -30.0000 2107.8613   24.4616
  -15.0000   37.5000  -30.0000 1896.7388   28.4616
   -7.5000   37.5000  -30.0000 1933.7356   27.7784
    0.0000   37.5000  -30.0000 1944.4424   27.5158
  -15.0000   45.0000  -30.0000 1712.7504   32.3367
   -7.5000   45.0000  -30.0000 1744.7885   31.5380
    0.0000   45.0000  -30.0000 1748.6428   31.3130
  -15.0000  -45.0000  -22.5000 2445.3235   19.0986
   -7.5000  -45.0000  -22.5000 2491.1785   18.6288
    0.0000  -45.0000  -22.5000 2497.6431   18.5876
  -15.0000  -37.5000  -22.5000 2535.0632   17.9279
   -7.5000  -37.5000  -22.5000 2580.8157   17.4908
    0.0000  -37.5000  -22.5000 2587.6299   17.4545
  -15.0000  -30.0000  -22.5000 2598.5205   17.0928
   -7.5000  -30.0000  -22.5000 2645.8938   16.6748
    0.0000  -30.0000  -22.5000 2655.2961   16.6741
  -15.0000  -22.5000  -22.5000 2634.1721   16.5781
   -7.5000  -22.5000  -22.5000 2687.5239   16.2252
    0.0000  -22.5000  -22.5000 2699.2119   16.2535
  -15.0000  -15.0000  -22.5000 2646.9875   16.4869
   -7.5000  -15.0000  -22.5000 2696.4246   16.0955
    0.0000  -15.0000  -22.5000 2716.5701   16.1016
  -15.0000   -7.5000  -22.5000 2629.3530   16.7721
   -7.5000   -7.5000  -22.5000 2690.5967   16.3798
    0.0000   -7.5000  -22.5000 2708.7769   16.3380
  -15.0000    0.0000  -22.5000 2586.7839   17.4216
   -7.5000    0.0000  -22.5000 2652.5767   17.0018
    0.0000    0.0000  -22.5000 2674.4976   16.9244
  -15.0000    7.5000  -22.5000 2514.5701   18.4967
   -7.5000    7.5000  -22.5000 2580.5098   18.0283
    0.0000    7.5000  -22.5000 2595.0496   17.9199
  -15.0000   15.0000  -22.5000 2410.1604   19.9687
   -7.5000   15.0000  -22.5000 2468.5784   19.4644
    0.0000   15.0000  -22.5000 2482.0371   19.3607
  -15.0000   22.5000  -22.5000 2291.1003   21.9753
   -7.5000   22.5000  -22.5000 2340.2373   21.4240
    0.0000   22.5000  -22.5000 2352.2012   21.3219
  -15.0000   30.0000  -22.5000 2148.2485   24.5803
   -7.5000   30.0000  -22.5000 2194.2549   24.0101
    0.0000   30.0000  -22.5000 2206.0825   23.8478
  -15.0000   37.5000  -22.5000 1982.9272   27.7833
   -7.5000   37.5000  -22.5000 2019.8761   27.1483
    0.0000   37.5000  -22.5000 2025.9055   26.9449
  -15.0000   45.0000  -22.5000 1785.6722   31.5022
   -7.5000   45.0000  -22.5000 1817.8076   30.7695
    0.0000   45.0000  -22.5000 1824.9941   30.5093
  -15.0000  -45.0000  -15.0000 2526.3018   18.5101
   -7.5000  -45.0000  -15.0000 2566.5864   17.9152
    0.0000  -45.0000  -15.0000 2582.5623   17.8024
  -15.0000  -37.5000  -15.0000 2617.3774   17.3036
   -7.5000  -37.5000  -15.0000 2668.3103   16.7572
    0.0000  -37.5000  -15.0000 2685.1035   16.6850
  -15.0000  -30.0000  -15.0000 2689.1069   16.4490
   -7.5000  -30.0000  -15.0000 2747.1562   15.9788
    0.0000  -30.0000  -15.0000 2763.3569   15.9359
  -15.0000  -22.5000  -15.0000 2735.6306   15.9530
   -7.5000  -22.5000  -15.0000 2798.1790   15.4742
    0.0000  -22.5000  -15.0000 2818.6995   15.5079
  -15.0000  -15.0000  -15.0000 2756.3157   15.8307
   -7.5000  -15.0000  -15.0000 2817.8215   15.3508
    0.0000  -15.0000  -15.0000 2840.0801   15.3510
  -15.0000   -7.5000  -15.0000 2744.6104   16.1145
   -7.5000   -7.5000  -15.0000 2815.1140   15.6254
    0.0000   -7.5000  -15.0000 2839.6658   15.6108
  -15.0000    0.0000  -15.0000 2701.3357   16.7670
   -7.5000    0.0000  -15.0000 2768.7827   16.2702
    0.0000    0.0000  -15.0000 2787.8391   16.2084
  -15.0000    7.5000  -15.0000 2612.2178   17.8535
   -7.5000    7.5000  -15.0000 2673.8145   17.3637
    0.0000    7.5000  -15.0000 2691.3884   17.2801
  -15.0000   15.0000  -15.0000 2497.3223   19.4078
   -7.5000   15.0000  -15.0000 2555.4680   18.9002
    0.0000   15.0000  -15.0000 2567.4092   18.7883
  -15.0000   22.5000  -15.0000 2362.9746   21.4211
   -7.5000   22.5000  -15.0000 2413.8108   20.8593
    0.0000   22.5000  -15.0000 2431.7363   20.7475
  -15.0000   30.0000  -15.0000 2214.8086   23.9516
   -7.5000   30.0000  -15.0000 2260.5173   23.3406
    0.0000   30.0000  -15.0000 2275.0581   23.2154
  -15.0000   37.5000  -15.0000 2041.3690   27.0425
   -7.5000   37.5000  -15.0000 2075.2524   26.4292
    0.0000   37.5000  -15.0000 2084.1223   26.2114
  -15.0000   45.0000  -15.0000 1838.0352   30.6237
   -7.5000   45.0000  -15.0000 1865.2920   29.8446
    0.0000   45.0000  -15.0000 1873.9229   29.5151
  -15.0000  -45.0000   -7.5000 2560.3650   17.9349
   -7.5000  -45.0000   -7.5000 2601.7627   17.1544
    0.0000  -45.0000   -7.5000 2618.5586   17.0198
  -15.0000  -37.5000   -7.5000 2663.6431   16.7097
   -7.5000  -37.5000   -7.5000 2715.9121   15.9840
    0.0000  -37.5000   -7.5000 2734.8013   15.8536
  -15.0000  -30.0000   -7.5000 2744.8586   15.8677
   -7.5000  -30.0000   -7.5000 2806.0266   15.2345
    0.0000  -30.0000   -7.5000 2827.0576   15.1386
  -15.0000  -22.5000   -7.5000 2795.7217   15.3360
   -7.5000  -22.5000   -7.5000 2869.1140   14.7124
    0.0000  -22.5000   -7.5000 2897.8010   14.7055
  -15.0000  -15.0000   -7.5000 2824.1030   15.1913
   -7.5000  -15.0000   -7.5000 2889.5037   14.5461
    0.0000  -15.0000   -7.5000 2924.4438   14.5345
  -15.0000   -7.5000   -7.5000 2811.3569   15.4833
   -7.5000   -7.5000   -7.5000 2888.4092   14.8877
    0.0000   -7.5000   -7.5000 2914.1284   14.8310
  -15.0000    0.0000   -7.5000 2756.6069   16.1824
   -7.5000    0.0000   -7.5000 2827.4021   15.5996
    0.0000    0.0000   -7.5000 2849.7522   15.5324
  -15.0000    7.5000   -7.5000 2662.7083   17.3085
   -7.5000    7.5000   -7.5000 2718.9731   16.7315
    0.0000    7.5000   -7.5000 2739.7727   16.6737
  -15.0000   15.0000   -7.5000 2538.0652   18.8702
   -7.5000   15.0000   -7.5000 2592.3169   18.2581
    0.0000   15.0000   -7.5000 2609.1777   18.1994
  -15.0000   22.5000   -7.5000 2393.4683   20.8241
   -7.5000   22.5000   -7.5000 2449.4028   20.1806
    0.0000   22.5000   -7.5000 2462.0989   20.1178
  -15.0000   30.0000   -7.5000 2240.7261   23.2761
   -7.5000   30.0000   -7.5000 2291.4617   22.6233
    0.0000   30.0000   -7.5000 2304.1653   22.5441
  -15.0000   37.5000   -7.5000 2061.2725   26.1899
   -7.5000   37.5000   -7.5000 2098.9805   25.4652
    0.0000   37.5000   -7.5000 2109.8022   25.2845
  -15.0000   45.0000   -7.5000 1853.7059   29.4882
   -7.5000   45.0000   -7.5000 1884.7603   28.6799
    0.0000   45.0000   -7.5000 1891.2545   28.4845
  -15.0000  -45.0000    0.0000 2580.0439   17.6662
   -7.5000  -45.0000    0.0000 2638.7937   16.8854
    0.0000  -45.0000    0.0000 2651.9165   16.6257
  -15.0000  -37.5000    0.0000 2697.5940   16.4427
   -7.5000  -37.5000    0.0000 2759.1052   15.6452
    0.0000  -37.5000    0.0000 2769.8950   15.4265
  -15.0000  -30.0000    0.0000 2783.2612   15.5954
   -7.5000  -30.0000    0.0000 2850.5789   14.8688
    0.0000  -30.0000    0.0000 2871.1201   14.6828
  -15.0000  -22.5000    0.0000 2845.8105   15.1195
   -7.5000  -22.5000    0.0000 2924.4697   14.2871
    0.0000  -22.5000    0.0000 2964.6665   14.1801
  -15.0000  -15.0000    0.0000 2872.3914   14.9425
   -7.5000  -15.0000    0.0000 2954.0498   14.1488
    0.0000  -15.0000    0.0000 2990.3008   13.9604
  -15.0000   -7.5000    0.0000 2856.2341   15.2501
   -7.5000   -7.5000    0.0000 2943.0408   14.6191
    0.0000   -7.5000    0.0000 2966.3975   14.4714
  -15.0000    0.0000    0.0000 2791.9043   16.0287
   -7.5000    0.0000    0.0000 2874.5171   15.4779
    0.0000    0.0000    0.0000 2894.5994   15.3590
  -15.0000    7.5000    0.0000 2693.3977   17.1195
   -7.5000    7.5000    0.0000 2759.5151   16.6004
    0.0000    7.5000    0.0000 2779.9177   16.4855
  -15.0000   15.0000    0.0000 2561.1704   18.6436
   -7.5000   15.0000    0.0000 2620.4263   18.0769
    0.0000   15.0000    0.0000 2640.1807   17.9811
  -15.0000   22.5000    0.0000 2415.7434   20.5903
   -7.5000   22.5000    0.0000 2474.8145   19.9975
    0.0000   22.5000    0.0000 2488.6492   19.8953
  -15.0000   30.0000    0.0000 2261.0200   23.0225
   -7.5000   30.0000    0.0000 2311.5681   22.3815
    0.0000   30.0000    0.0000 2321.4751   22.2176
  -15.0000   37.5000    0.0000 2078.0239   25.8565
   -7.5000   37.5000    0.0000 2117.2710   25.1423
    0.0000   37.5000    0.0000 2122.7627   24.9544
  -15.0000   45.0000    0.0000 1867.0886   29.1603
   -7.5000   45.0000    0.0000 1901.4636   28.3360
    0.0000   45.0000    0.0000 1910.4788   28.0900
  -15.0000  -45.0000    7.5000 2593.3398   17.6427
   -7.5000  -45.0000    7.5000 2648.8076   16.8713
    0.0000  -45.0000    7.5000 2667.3250   16.5294
  -15.0000  -37.5000    7.5000 2699.7563   16.3320
   -7.5000  -37.5000    7.5000 2762.0652   15.5989
    0.0000  -37.5000    7.5000 2774.4351   15.2529
  -15.0000  -30.0000    7.5000 2786.2144   15.4576
   -7.5000  -30.0000    7.5000 2851.4556   14.6991
    0.0000  -30.0000    7.5000 2864.2122   14.3732
  -15.0000  -22.5000    7.5000 2846.1917   15.0297
   -7.5000  -22.5000    7.5000 2928.6196   14.1788
    0.0000  -22.5000    7.5000 2952.4302   13.8668
  -15.0000  -15.0000    7.5000 2871.9741   14.9358
   -7.5000  -15.0000    7.5000 2960.0718   14.1707
    0.0000  -15.0000    7.5000 2989.5940   13.9248
  -15.0000   -7.5000    7.5000 2854.5205   15.1907
   -7.5000   -7.5000    7.5000 2941.0605   14.5393
    0.0000   -7.5000    7.5000 2962.2673   14.3962
  -15.0000    0.0000    7.5000 2786.6541   15.9327
   -7.5000    0.0000    7.5000 2860.5837   15.3884
    0.0000    0.0000    7.5000 2884.9402   15.2807
  -15.0000    7.5000    7.5000 2687.7493   17.0682
   -7.5000    7.5000    7.5000 2750.4980   16.5418
    0.0000    7.5000    7.5000 2772.1467   16.4667
  -15.0000   15.0000    7.5000 2559.4136   18.5780
   -7.5000   15.0000    7.5000 2616.6023   17.9937
    0.0000   15.0000    7.5000 2637.3804   17.9317
  -15.0000   22.5000    7.5000 2411.2268   20.5079
   -7.5000   22.5000    7.5000 2469.5952   19.8527
    0.0000   22.5000    7.5000 2484.5559   19.7929
  -15.0000   30.0000    7.5000 2263.2070   22.9230
   -7.5000   30.0000    7.5000 2307.8335   22.2247
    0.0000   30.0000    7.5000 2313.3740   22.1178
  -15.0000   37.5000    7.5000 2071.9092   25.7557
   -7.5000   37.5000    7.5000 2111.4258   25.0462
    0.0000   37.5000    7.5000 2121.9653   24.8200
  -15.0000   45.0000    7.5000 1863.6190   29.0796
   -7.5000   45.0000    7.5000 1898.3656   28.2608
    0.0000   45.0000    7.5000 1909.7532   27.9402
  -15.0000  -45.0000   15.0000 2583.0852   17.9167
   -7.5000  -45.0000   15.0000 2641.2002   17.0901
    0.0000  -45.0000   15.0000 2669.7524   16.8473
  -15.0000  -37.5000   15.0000 2694.8977   16.6755
   -7.5000  -37.5000   15.0000 2752.0271   15.8938
    0.0000  -37.5000   15.0000 2777.2136   15.6400
  -15.0000  -30.0000   15.0000 2773.6870   15.8280
   -7.5000  -30.0000   15.0000 2840.8840   15.0839
    0.0000  -30.0000   15.0000 2856.5063   14.7622
  -15.0000  -22.5000   15.0000 2827.6829   15.3848
   -7.5000  -22.5000   15.0000 2910.8916   14.6346
    0.0000  -22.5000   15.0000 2934.1309   14.3872
  -15.0000  -15.0000   15.0000 2847.3848   15.3208
   -7.5000  -15.0000   15.0000 2924.3088   14.6246
    0.0000  -15.0000   15.0000 2953.2227   14.4578
  -15.0000   -7.5000   15.0000 2823.6238   15.5782
   -7.5000   -7.5000   15.0000 2895.3381   14.9612
    0.0000   -7.5000   15.0000 2919.5107   14.8472
  -15.0000    0.0000   15.0000 2753.9399   16.2639
   -7.5000    0.0000   15.0000 2818.3413   15.7269
    0.0000    0.0000   15.0000 2837.7776   15.6309
  -15.0000    7.5000   15.0000 2651.9070   17.3276
   -7.5000    7.5000   15.0000 2712.4812   16.7831
    0.0000    7.5000   15.0000 2728.2405   16.7251
  -15.0000   15.0000   15.0000 2529.3679   18.7225
   -7.5000   15.0000   15.0000 2585.2942   18.1243
    0.0000   15.0000   15.0000 2602.7432   18.0858
  -15.0000   22.5000   15.0000 2394.3113   20.5757
   -7.5000   22.5000   15.0000 2445.0476   19.9019
    0.0000   22.5000   15.0000 2455.5969   19.8291
  -15.0000   30.0000   15.0000 2243.3611   22.9797
   -7.5000   30.0000   15.0000 2287.6895   22.3027
    0.0000   30.0000   15.0000 2295.2827   22.1640
  -15.0000   37.5000   15.0000 2051.9802   25.8806
   -7.5000   37.5000   15.0000 2096.6804   25.1698
    0.0000   37.5000   15.0000 2105.7866   24.9185
  -15.0000   45.0000   15.0000 1844.8948   29.2008
   -7.5000   45.0000   15.0000 1882.1603   28.3081
    0.0000   45.0000   15.0000 1897.2253   28.0326
  -15.0000  -45.0000   22.5000 2559.1956   18.4515
   -7.5000  -45.0000   22.5000 2616.6899   17.6266
    0.0000  -45.0000   22.5000 2651.4453   17.4856
  -15.0000  -37.5000   22.5000 2664.2981   17.2495
   -7.5000  -37.5000   22.5000 2726.6870   16.4723
    0.0000  -37.5000   22.5000 2751.6479   16.2569
  -15.0000  -30.0000   22.5000 2738.3455   16.4480
   -7.5000  -30.0000   22.5000 2808.0842   15.7090
    0.0000  -30.0000   22.5000 2832.2271   15.4456
  -15.0000  -22.5000   22.5000 2783.9661   16.0014
   -7.5000  -22.5000   22.5000 2864.7830   15.2978
    0.0000  -22.5000   22.5000 2885.4814   15.1182
  -15.0000  -15.0000   22.5000 2794.9255   15.9556
   -7.5000  -15.0000   22.5000 2865.6941   15.3343
    0.0000  -15.0000   22.5000 2892.4167   15.1579
  -15.0000   -7.5000   22.5000 2761.2666   16.2016
   -7.5000   -7.5000   22.5000 2828.8499   15.6485
    0.0000   -7.5000   22.5000 2848.5366   15.4970
  -15.0000    0.0000   22.5000 2695.0452   16.8691
   -7.5000    0.0000   22.5000 2757.9624   16.3333
    0.0000    0.0000   22.5000 2772.9919   16.2336
  -15.0000    7.5000   22.5000 2602.0947   17.8586
   -7.5000    7.5000   22.5000 2653.3010   17.3479
    0.0000    7.5000   22.5000 2671.0850   17.2786
  -15.0000   15.0000   22.5000 2485.4136   19.1919
   -7.5000   15.0000   22.5000 2535.7498   18.6357
    0.0000   15.0000   22.5000 2552.9607   18.5496
  -15.0000   22.5000   22.5000 2356.9150   20.9788
   -7.5000   22.5000   22.5000 2402.4561   20.3091
    0.0000   22.5000   22.5000 2415.1846   20.2131
  -15.0000   30.0000   22.5000 2202.3545   23.3256
   -7.5000   30.0000   22.5000 2247.8745   22.6171
    0.0000   30.0000   22.5000 2257.7932   22.4760
  -15.0000   37.5000   22.5000 2019.8287   26.2373
   -7.5000   37.5000   22.5000 2066.3843   25.4423
    0.0000   37.5000   22.5000 2081.5305   25.2106
  -15.0000   45.0000   22.5000 1824.5876   29.5619
   -7.5000   45.0000   22.5000 1862.8359   28.7387
    0.0000   45.0000   22.5000 1872.3831   28.3891
  -15.0000  -45.0000   30.0000 2516.4172   19.2072
   -7.5000  -45.0000   30.0000 2578.0466   18.3760
    0.0000  -45.0000   30.0000 2609.2581   18.2205
  -15.0000  -37.5000   30.0000 2621.0452   18.0361
   -7.5000  -37.5000   30.0000 2681.2551   17.2423
    0.0000  -37.5000   30.0000 2711.3247   17.0610
  -15.0000  -30.0000   30.0000 2690.3547   17.2548
   -7.5000  -30.0000   30.0000 2754.4736   16.5127
    0.0000  -30.0000   30.0000 2779.9463   16.3332
  -15.0000  -22.5000   30.0000 2723.3181   16.8488
   -7.5000  -22.5000   30.0000 2793.2241   16.1704
    0.0000  -22.5000   30.0000 2810.5095   16.0316
  -15.0000  -15.0000   30.0000 2728.1567   16.7864
   -7.5000  -15.0000   30.0000 2792.0896   16.1670
    0.0000  -15.0000   30.0000 2817.2861   16.0054
  -15.0000   -7.5000   30.0000 2692.2236   17.0281
   -7.5000   -7.5000   30.0000 2752.1365   16.4727
    0.0000   -7.5000   30.0000 2773.9604   16.3043
  -15.0000    0.0000   30.0000 2627.6543   17.6629
   -7.5000    0.0000   30.0000 2682.6851   17.1343
    0.0000    0.0000   30.0000 2697.6123   17.0206
  -15.0000    7.5000   30.0000 2535.7561   18.6574
   -7.5000    7.5000   30.0000 2585.9817   18.1133
    0.0000    7.5000   30.0000 2604.9541   18.0206
  -15.0000   15.0000   30.0000 2424.3706   19.9294
   -7.5000   15.0000   30.0000 2472.9717   19.3527
    0.0000   15.0000   30.0000 2486.1389   19.2693
  -15.0000   22.5000   30.0000 2294.3723   21.6698
   -7.5000   22.5000   30.0000 2336.4966   21.0193
    0.0000   22.5000   30.0000 2354.5369   20.8936
  -15.0000   30.0000   30.0000 2148.7671   23.9789
   -7.5000   30.0000   30.0000 2191.6038   23.2156
    0.0000   30.0000   30.0000 2208.1379   23.1077
  -15.0000   37.5000   30.0000 1983.3804   26.8872
   -7.5000   37.5000   30.0000 2026.0188   26.0949
    0.0000   37.5000   30.0000 2033.9888   25.8719
  -15.0000   45.0000   30.0000 1790.8290   30.2697
   -7.5000   45.0000   30.0000 1827.4230   29.4120
    0.0000   45.0000   30.0000 1834.4124   29.0730
  -15.0000  -45.0000   37.5000 2461.5251   20.1044
   -7.5000  -45.0000   37.5000 2518.6934   19.3117
    0.0000  -45.0000   37.5000 2549.6038   19.1774
  -15.0000  -37.5000   37.5000 2561.2195   18.9563
   -7.5000  -37.5000   37.5000 2613.6775   18.2028
    0.0000  -37.5000   37.5000 2644.0615   18.0543
  -15.0000  -30.0000   37.5000 2624.7517   18.2274
   -7.5000  -30.0000   37.5000 2673.6494   17.4979
    0.0000  -30.0000   37.5000 2697.4199   17.3778
  -15.0000  -22.5000   37.5000 2649.0715   17.7993
   -7.5000  -22.5000   37.5000 2701.6108   17.1605
    0.0000  -22.5000   37.5000 2718.0085   17.0314
  -15.0000  -15.0000   37.5000 2653.6643   17.7420
   -7.5000  -15.0000   37.5000 2701.6084   17.1254
    0.0000  -15.0000   37.5000 2725.2478   16.9914
  -15.0000   -7.5000   37.5000 2615.0386   17.9737
   -7.5000   -7.5000   37.5000 2666.8477   17.4321
    0.0000   -7.5000   37.5000 2683.1162   17.2853
  -15.0000    0.0000   37.5000 2549.4197   18.6078
   -7.5000    0.0000   37.5000 2596.2095   18.0797
    0.0000    0.0000   37.5000 2613.5703   17.9483
  -15.0000    7.5000   37.5000 2460.4512   19.6000
   -7.5000    7.5000   37.5000 2506.0488   19.0606
    0.0000    7.5000   37.5000 2523.2202   18.9039
  -15.0000   15.0000   37.5000 2350.9014   20.8867
   -7.5000   15.0000   37.5000 2392.8418   20.3174
    0.0000   15.0000   37.5000 2404.2075   20.2146
  -15.0000   22.5000   37.5000 2222.7505   22.6843
   -7.5000   22.5000   37.5000 2266.3425   22.0309
    0.0000   22.5000   37.5000 2281.8577   21.9084
  -15.0000   30.0000   37.5000 2089.3872   25.0464
   -7.5000   30.0000   37.5000 2128.9885   24.3076
    0.0000   30.0000   37.5000 2142.5518   24.1431
  -15.0000   37.5000   37.5000 1928.8903   27.9744
   -7.5000   37.5000   37.5000 1962.2950   27.1164
    0.0000   37.5000   37.5000 1971.8959   26.8760
  -15.0000   45.0000   37.5000 1741.8772   31.4374
   -7.5000   45.0000   37.5000 1778.6649   30.4586
    0.0000   45.0000   37.5000 1788.7321   30.1085
  -15.0000  -45.0000   45.0000 2378.1709   21.1203
   -7.5000  -45.0000   45.0000 2425.4028   20.3741
    0.0000  -45.0000   45.0000 2457.1050   20.2430
  -15.0000  -37.5000   45.0000 2466.0862   19.9760
   -7.5000  -37.5000   45.0000 2511.9182   19.2809
    0.0000  -37.5000   45.0000 2544.9106   19.1653
  -15.0000  -30.0000   45.0000 2522.3521   19.2422
   -7.5000  -30.0000   45.0000 2567.5037   18.5629
    0.0000  -30.0000   45.0000 2591.6465   18.4877
  -15.0000  -22.5000   45.0000 2544.4968   18.7923
   -7.5000  -22.5000   45.0000 2587.9248   18.2100
    0.0000  -22.5000   45.0000 2606.0208   18.0841
  -15.0000  -15.0000   45.0000 2540.2405   18.7144
   -7.5000  -15.0000   45.0000 2580.1453   18.1336
    0.0000  -15.0000   45.0000 2603.4309   18.0540
  -15.0000   -7.5000   45.0000 2507.7437   19.0038
   -7.5000   -7.5000   45.0000 2544.6433   18.4758
    0.0000   -7.5000   45.0000 2565.9043   18.3466
  -15.0000    0.0000   45.0000 2440.0869   19.6823
   -7.5000    0.0000   45.0000 2478.4053   19.1295
    0.0000    0.0000   45.0000 2492.8726   19.0488
  -15.0000    7.5000   45.0000 2352.5288   20.6621
   -7.5000    7.5000   45.0000 2395.5264   20.0764
    0.0000    7.5000   45.0000 2401.4004   19.9505
  -15.0000   15.0000   45.0000 2249.1116   22.0058
   -7.5000   15.0000   45.0000 2284.8867   21.4738
    0.0000   15.0000   45.0000 2297.1838   21.3606
  -15.0000   22.5000   45.0000 2131.5825   23.8480
   -7.5000   22.5000   45.0000 2165.1809   23.2080
    0.0000   22.5000   45.0000 2178.1133   23.0949
  -15.0000   30.0000   45.0000 1998.3254   26.3422
   -7.5000   30.0000   45.0000 2037.3561   25.5724
    0.0000   30.0000   45.0000 2048.9194   25.3595
  -15.0000   37.5000   45.0000 1845.6545   29.2697
   -7.5000   37.5000   45.0000 1879.7822   28.4809
    0.0000   37.5000   45.0000 1893.8010   28.1687
  -15.0000   45.0000   45.0000 1676.1034   32.6740
   -7.5000   45.0000   45.0000 1703.0289   31.8365
    0.0000   45.0000   45.0000 1708.5410   31.4765

---------------------------------------------------------------------
imgreg_4dfp /opt/freesurfer/average/711-2C_as_mni_average_305 /opt/freesurfer/average/711-2B_as_mni_average_305_mask talsrcimg_g11 none talsrcimg_to_711-2C_as_mni_average_305_t4 1283
---------------------------------------------------------------------

freesurfer imgreg_4dfp.c
/opt/freesurfer/average/711-2C_as_mni_average_305.4dfp.img
       256       256       256         1
  1.000000  1.000000  1.000000
orientation T byte_order littleendian
Reading image: /opt/freesurfer/average/711-2C_as_mni_average_305.4dfp.img
dimensions:      256       256       256
mmppix:       1.0000   -1.0000   -1.0000
center:     128.0000 -129.0000 -129.0000
/opt/freesurfer/average/711-2B_as_mni_average_305_mask.4dfp.img
       256       256       256         1
  1.000000  1.000000  1.000000
orientation T byte_order littleendian
Reading mask: /opt/freesurfer/average/711-2B_as_mni_average_305_mask.4dfp.img (2306576 pixels)
talsrcimg_g11.4dfp.img
       256       256       256         1
  0.900000  0.900000  0.900000
orientation T byte_order littleendian
Reading image: talsrcimg_g11.4dfp.img
dimensions:      256       256       256
mmppix:       0.9000   -0.9000   -0.9000
center:     115.2000 -116.1000 -116.1000
rotation matrix determinant  1.000000
fimgreg.f
image alignment mode   1283 decimal      503 hex
parameters
    0.0000  -15.0000    0.0000    0.0000    0.0000    0.0000
eta,q 0.93963 13.90393
niter,ni,del,rscale     5    3   12.0000    1.2000
parameter  2 -0.754319 -> -0.500000 qaram    1.1500
parameter  4 -0.817513 -> -0.500000 qaram    1.1500
parameters
   -0.7353  -11.5500    1.9627    3.4500   -1.3955    1.0494
eta,q 0.94314 14.09835
  0.0746  0.0655  0.0713  0.0678  0.0612  0.0619
  0.0689  0.0646  0.0662  0.0655  0.0585  0.0598
  0.0640  0.0646  0.0639  0.0632  0.0571  0.0581
  0.0629  0.0626  0.0619  0.0603  0.0572  0.0570
  0.0674  0.0618  0.0603  0.0575  0.0594  0.0570
  0.0741  0.0618  0.0610  0.0574  0.0633  0.0580
  0.0807  0.0627  0.0638  0.0588  0.0669  0.0595
niter,ni,del,rscale     6    3   12.0000    1.2000
parameter  4 -0.756133 -> -0.500000 qaram    1.3225
parameters
   -0.5876  -14.1694    2.2498    7.4175   -1.5614    1.9897
eta,q 0.94725 13.85915
  0.0695  0.0595  0.0640  0.0660  0.0601  0.0590
  0.0640  0.0566  0.0600  0.0625  0.0570  0.0571
  0.0594  0.0557  0.0581  0.0588  0.0546  0.0550
  0.0569  0.0567  0.0558  0.0556  0.0531  0.0532
  0.0573  0.0609  0.0562  0.0538  0.0539  0.0528
  0.0627  0.0671  0.0592  0.0529  0.0572  0.0543
  0.0691  0.0747  0.0630  0.0540  0.0614  0.0570
niter,ni,del,rscale     6    3   12.0000    1.2000
parameters
   -0.4944  -15.8427    2.3498    8.4975   -1.4546    1.5872
eta,q 0.94883 13.74792
  0.0683  0.0602  0.0572  0.0635  0.0574  0.0558
  0.0605  0.0534  0.0533  0.0588  0.0547  0.0536
  0.0552  0.0515  0.0527  0.0535  0.0527  0.0519
  0.0527  0.0527  0.0515  0.0514  0.0511  0.0511
  0.0545  0.0579  0.0509  0.0514  0.0514  0.0519
  0.0607  0.0629  0.0527  0.0545  0.0540  0.0544
  0.0671  0.0693  0.0576  0.0588  0.0576  0.0575
niter,ni,del,rscale     5    3   12.0000    1.2000
parameters
   -0.4601  -16.4056    2.5295    8.9476   -1.3499    1.2283
eta,q 0.94905 13.72317
  0.0652  0.0628  0.0578  0.0622  0.0568  0.0556
  0.0581  0.0557  0.0538  0.0566  0.0543  0.0531
  0.0538  0.0511  0.0526  0.0518  0.0525  0.0516
  0.0512  0.0512  0.0511  0.0510  0.0510  0.0510
  0.0524  0.0537  0.0511  0.0519  0.0511  0.0516
  0.0585  0.0599  0.0532  0.0553  0.0536  0.0540
  0.0650  0.0660  0.0576  0.0596  0.0571  0.0569
niter,ni,del,rscale     4    3   12.0000    1.2000
parameters
   -0.5021  -16.6545    2.5941    9.1839   -1.2924    1.0453
eta,q 0.94908 13.71406
  0.0640  0.0637  0.0578  0.0618  0.0566  0.0559
  0.0573  0.0565  0.0540  0.0558  0.0541  0.0533
  0.0536  0.0509  0.0525  0.0514  0.0525  0.0516
  0.0509  0.0510  0.0510  0.0509  0.0509  0.0509
  0.0519  0.0527  0.0513  0.0521  0.0511  0.0516
  0.0581  0.0583  0.0539  0.0555  0.0535  0.0537
  0.0645  0.0650  0.0579  0.0599  0.0571  0.0566
niter,ni,del,rscale     3    3   12.0000    1.2000
parameters
   -0.5440  -16.7828    2.6264    9.3181   -1.2440    0.9521
eta,q 0.94903 13.70990
  0.0636  0.0642  0.0580  0.0616  0.0565  0.0560
  0.0571  0.0568  0.0542  0.0554  0.0541  0.0534
  0.0536  0.0510  0.0525  0.0513  0.0525  0.0517
  0.0509  0.0510  0.0510  0.0510  0.0510  0.0510
  0.0517  0.0525  0.0516  0.0523  0.0511  0.0516
  0.0579  0.0578  0.0542  0.0557  0.0535  0.0536
  0.0643  0.0647  0.0580  0.0600  0.0571  0.0564
niter,ni,del,rscale     2    3   12.0000    1.2000
parameters
   -0.5675  -16.8494    2.6440    9.3877   -1.2186    0.9016
eta,q 0.94899 13.70742
  0.0636  0.0645  0.0581  0.0614  0.0565  0.0561
  0.0571  0.0569  0.0543  0.0552  0.0541  0.0535
  0.0536  0.0510  0.0525  0.0511  0.0525  0.0517
  0.0510  0.0510  0.0510  0.0510  0.0510  0.0510
  0.0516  0.0524  0.0517  0.0524  0.0511  0.0516
  0.0577  0.0575  0.0544  0.0557  0.0535  0.0536
  0.0641  0.0645  0.0581  0.0601  0.0572  0.0564
registration optimization eta report
parameter search radius
    6.0000    6.9000    6.0000    7.9350    6.0000    6.0000
100000*second partial in parameter space
       35.       29.       19.       16.       16.       14.
  0.0636  0.0645  0.0581  0.0614  0.0565  0.0561
  0.0571  0.0569  0.0543  0.0552  0.0541  0.0535
  0.0536  0.0510  0.0525  0.0511  0.0525  0.0517
  0.0510  0.0510  0.0510  0.0510  0.0510  0.0510
  0.0516  0.0524  0.0517  0.0524  0.0511  0.0516
  0.0577  0.0575  0.0544  0.0557  0.0535  0.0536
  0.0641  0.0645  0.0581  0.0601  0.0572  0.0564
   -0.5675  -16.8494    2.6440    9.3877   -1.2186    0.9016
eta,q 0.94899 13.70742

---------------------------------------------------------------------
imgreg_4dfp /opt/freesurfer/average/711-2C_as_mni_average_305 /opt/freesurfer/average/711-2B_as_mni_average_305_mask talsrcimg_g11 none talsrcimg_to_711-2C_as_mni_average_305_t4 3335
---------------------------------------------------------------------

freesurfer imgreg_4dfp.c
/opt/freesurfer/average/711-2C_as_mni_average_305.4dfp.img
       256       256       256         1
  1.000000  1.000000  1.000000
orientation T byte_order littleendian
Reading image: /opt/freesurfer/average/711-2C_as_mni_average_305.4dfp.img
dimensions:      256       256       256
mmppix:       1.0000   -1.0000   -1.0000
center:     128.0000 -129.0000 -129.0000
/opt/freesurfer/average/711-2B_as_mni_average_305_mask.4dfp.img
       256       256       256         1
  1.000000  1.000000  1.000000
orientation T byte_order littleendian
Reading mask: /opt/freesurfer/average/711-2B_as_mni_average_305_mask.4dfp.img (2306576 pixels)
talsrcimg_g11.4dfp.img
       256       256       256         1
  0.900000  0.900000  0.900000
orientation T byte_order littleendian
Reading image: talsrcimg_g11.4dfp.img
dimensions:      256       256       256
mmppix:       0.9000   -0.9000   -0.9000
center:     115.2000 -116.1000 -116.1000
fimgreg.f
image alignment mode   3335 decimal      D07 hex
parameters
   -0.5675  -16.8494    2.6440   -0.0350   -1.3460   -1.3616
   -1.2056    2.3546    1.5732  -16.2764   -2.1267   16.3077
eta,q 0.95060 13.70836
niter,ni,del,rscale     5    3    5.0000    1.2000
parameter  3 -0.594007 -> -0.500000 qaram    1.1500
parameter  4  4.741194 ->  0.500000 qaram    1.1500
parameter  5  3.161620 ->  0.500000 qaram    1.1500
parameter  6  1.432216 ->  0.500000 qaram    1.1500
parameters
   -0.5569  -16.4700    4.0240   -4.1750   -5.4860   -5.5016
   -1.0943    3.8111    1.4882  -15.7694   -0.2673   14.1398
eta,q 0.96760 13.15160
  0.0516  0.0512  0.0523  0.0392  0.0357  0.0326  0.0355  0.0396  0.0343  0.0366  0.0356  0.0331
  0.0504  0.0504  0.0510  0.0419  0.0376  0.0328  0.0343  0.0368  0.0335  0.0348  0.0343  0.0326
  0.0496  0.0498  0.0500  0.0453  0.0400  0.0344  0.0334  0.0345  0.0329  0.0334  0.0333  0.0324
  0.0494  0.0494  0.0493  0.0489  0.0428  0.0382  0.0331  0.0331  0.0327  0.0327  0.0327  0.0325
  0.0496  0.0493  0.0489  0.0526  0.0457  0.0428  0.0333  0.0328  0.0329  0.0330  0.0325  0.0330
  0.0504  0.0496  0.0489  0.0566  0.0488  0.0468  0.0341  0.0340  0.0335  0.0342  0.0329  0.0338
  0.0516  0.0504  0.0491  0.0607  0.0524  0.0506  0.0354  0.0361  0.0344  0.0357  0.0337  0.0349
niter,ni,del,rscale     7    3    5.0000    1.2000
parameter  4  1.248592 ->  0.500000 qaram    1.3225
parameter  5  1.452649 ->  0.500000 qaram    1.3225
parameters
   -0.8594  -17.3221    3.8555   -8.9360  -10.2470   -7.6006
   -1.1560    3.5254    1.0656  -17.1793   -0.2216   14.6625
eta,q 0.97535 12.87483
  0.0351  0.0331  0.0350  0.0265  0.0232  0.0276  0.0281  0.0301  0.0266  0.0270  0.0263  0.0263
  0.0335  0.0323  0.0332  0.0271  0.0240  0.0263  0.0264  0.0272  0.0256  0.0253  0.0254  0.0254
  0.0325  0.0320  0.0322  0.0290  0.0255  0.0251  0.0253  0.0254  0.0251  0.0247  0.0248  0.0249
  0.0324  0.0324  0.0320  0.0320  0.0275  0.0243  0.0249  0.0249  0.0249  0.0249  0.0247  0.0247
  0.0332  0.0332  0.0326  0.0361  0.0303  0.0257  0.0253  0.0257  0.0251  0.0258  0.0248  0.0248
  0.0347  0.0346  0.0338  0.0408  0.0336  0.0306  0.0265  0.0279  0.0259  0.0273  0.0254  0.0252
  0.0369  0.0362  0.0357  0.0456  0.0368  0.0359  0.0283  0.0309  0.0271  0.0292  0.0262  0.0259
niter,ni,del,rscale     7    3    5.0000    1.2000
parameters
   -0.7471  -17.3811    3.7721  -11.9571  -13.2984   -7.3839
   -1.0405    3.3885    1.1044  -18.1195   -0.1267   15.4730
eta,q 0.97684 12.72635
  0.0288  0.0270  0.0269  0.0268  0.0260  0.0277  0.0266  0.0283  0.0252  0.0259  0.0246  0.0252
  0.0267  0.0256  0.0256  0.0252  0.0242  0.0260  0.0249  0.0255  0.0242  0.0240  0.0238  0.0243
  0.0252  0.0248  0.0248  0.0242  0.0234  0.0248  0.0238  0.0238  0.0236  0.0232  0.0233  0.0236
  0.0246  0.0246  0.0246  0.0246  0.0242  0.0234  0.0233  0.0233  0.0233  0.0233  0.0232  0.0232
  0.0250  0.0250  0.0250  0.0266  0.0260  0.0224  0.0236  0.0240  0.0235  0.0241  0.0233  0.0233
  0.0261  0.0259  0.0258  0.0300  0.0282  0.0242  0.0247  0.0258  0.0242  0.0255  0.0238  0.0238
  0.0281  0.0272  0.0272  0.0348  0.0316  0.0289  0.0264  0.0286  0.0252  0.0272  0.0245  0.0245
niter,ni,del,rscale     6    3    5.0000    1.2000
parameters
   -0.6715  -17.0303    3.8511  -12.0788  -13.9545   -7.6063
   -1.1213    3.4200    0.9199  -18.0934    0.0462   15.5161
eta,q 0.97680 12.68123
  0.0270  0.0266  0.0256  0.0277  0.0272  0.0272  0.0263  0.0284  0.0250  0.0268  0.0246  0.0249
  0.0250  0.0249  0.0243  0.0257  0.0252  0.0257  0.0247  0.0256  0.0240  0.0246  0.0238  0.0240
  0.0237  0.0237  0.0234  0.0241  0.0236  0.0244  0.0236  0.0238  0.0234  0.0234  0.0234  0.0234
  0.0232  0.0232  0.0231  0.0231  0.0231  0.0231  0.0232  0.0232  0.0232  0.0232  0.0232  0.0232
  0.0235  0.0232  0.0233  0.0235  0.0242  0.0223  0.0236  0.0238  0.0234  0.0237  0.0233  0.0234
  0.0247  0.0239  0.0241  0.0252  0.0261  0.0247  0.0247  0.0255  0.0241  0.0249  0.0238  0.0240
  0.0266  0.0251  0.0254  0.0287  0.0284  0.0295  0.0265  0.0283  0.0252  0.0264  0.0244  0.0248
niter,ni,del,rscale     5    3    5.0000    1.2000
parameters
   -0.6363  -16.9125    3.9111  -11.9475  -14.1139   -7.6576
   -1.0996    3.4250    0.7944  -18.0186    0.1424   15.4568
eta,q 0.97679 12.67272
  0.0269  0.0261  0.0255  0.0278  0.0277  0.0273  0.0264  0.0283  0.0250  0.0268  0.0246  0.0249
  0.0249  0.0245  0.0243  0.0259  0.0255  0.0257  0.0247  0.0255  0.0240  0.0246  0.0238  0.0240
  0.0237  0.0236  0.0235  0.0243  0.0238  0.0245  0.0236  0.0238  0.0234  0.0234  0.0234  0.0234
  0.0232  0.0232  0.0232  0.0232  0.0232  0.0232  0.0232  0.0232  0.0232  0.0232  0.0232  0.0232
  0.0236  0.0234  0.0234  0.0234  0.0240  0.0223  0.0236  0.0238  0.0234  0.0237  0.0234  0.0234
  0.0248  0.0242  0.0241  0.0251  0.0257  0.0244  0.0247  0.0255  0.0241  0.0248  0.0238  0.0241
  0.0267  0.0255  0.0254  0.0283  0.0280  0.0291  0.0264  0.0283  0.0251  0.0263  0.0245  0.0249
niter,ni,del,rscale     4    3    5.0000    1.2000
parameters
   -0.6324  -16.8856    3.9255  -11.8982  -14.1389   -7.6604
   -1.0687    3.4112    0.7442  -17.9777    0.1830   15.4211
eta,q 0.97679 12.67184
  0.0268  0.0258  0.0254  0.0278  0.0278  0.0274  0.0264  0.0283  0.0250  0.0267  0.0245  0.0249
  0.0249  0.0244  0.0242  0.0259  0.0256  0.0258  0.0247  0.0255  0.0240  0.0245  0.0238  0.0240
  0.0236  0.0235  0.0235  0.0243  0.0239  0.0245  0.0236  0.0238  0.0234  0.0234  0.0233  0.0234
  0.0232  0.0232  0.0232  0.0232  0.0232  0.0232  0.0232  0.0232  0.0232  0.0232  0.0232  0.0232
  0.0236  0.0235  0.0234  0.0235  0.0240  0.0223  0.0236  0.0238  0.0234  0.0237  0.0234  0.0234
  0.0248  0.0244  0.0242  0.0251  0.0257  0.0243  0.0247  0.0256  0.0240  0.0248  0.0238  0.0241
  0.0268  0.0257  0.0254  0.0284  0.0278  0.0290  0.0264  0.0283  0.0251  0.0263  0.0245  0.0249
niter,ni,del,rscale     3    3    5.0000    1.2000
parameters
   -0.6352  -16.8778    3.9243  -11.8853  -14.1393   -7.6583
   -1.0591    3.4027    0.7238  -17.9596    0.2010   15.4059
eta,q 0.97679 12.67191
  0.0268  0.0258  0.0254  0.0278  0.0278  0.0274  0.0264  0.0283  0.0250  0.0267  0.0245  0.0249
  0.0248  0.0244  0.0242  0.0259  0.0257  0.0258  0.0247  0.0255  0.0240  0.0245  0.0238  0.0240
  0.0236  0.0235  0.0235  0.0242  0.0239  0.0245  0.0236  0.0238  0.0234  0.0234  0.0233  0.0234
  0.0232  0.0232  0.0232  0.0232  0.0232  0.0232  0.0232  0.0232  0.0232  0.0232  0.0232  0.0232
  0.0236  0.0235  0.0234  0.0235  0.0240  0.0223  0.0236  0.0238  0.0234  0.0237  0.0234  0.0234
  0.0248  0.0244  0.0242  0.0252  0.0257  0.0243  0.0247  0.0255  0.0240  0.0249  0.0238  0.0241
  0.0268  0.0257  0.0254  0.0284  0.0278  0.0290  0.0264  0.0283  0.0251  0.0263  0.0245  0.0249
registration optimization eta report
parameter search radius
    2.4000    2.4000    2.7600    9.5220    9.5220    8.2800
    7.2000    7.2000    7.2000    7.2000    7.2000    7.2000
100000*second partial in parameter space
       62.       44.       29.        5.        5.        8.
        6.       10.        4.        6.        3.        3.
  0.0268  0.0258  0.0254  0.0278  0.0278  0.0274  0.0264  0.0283  0.0250  0.0267  0.0245  0.0249
  0.0248  0.0244  0.0242  0.0259  0.0257  0.0258  0.0247  0.0255  0.0240  0.0245  0.0238  0.0240
  0.0236  0.0235  0.0235  0.0242  0.0239  0.0245  0.0236  0.0238  0.0234  0.0234  0.0233  0.0234
  0.0232  0.0232  0.0232  0.0232  0.0232  0.0232  0.0232  0.0232  0.0232  0.0232  0.0232  0.0232
  0.0236  0.0235  0.0234  0.0235  0.0240  0.0223  0.0236  0.0238  0.0234  0.0237  0.0234  0.0234
  0.0248  0.0244  0.0242  0.0252  0.0257  0.0243  0.0247  0.0255  0.0240  0.0249  0.0238  0.0241
  0.0268  0.0257  0.0254  0.0284  0.0278  0.0290  0.0264  0.0283  0.0251  0.0263  0.0245  0.0249
   -0.6352  -16.8778    3.9243  -11.8853  -14.1393   -7.6583
   -1.0591    3.4027    0.7238  -17.9596    0.2010   15.4059
eta,q 0.97679 12.67191

---------------------------------------------------------------------
imgreg_4dfp /opt/freesurfer/average/711-2C_as_mni_average_305 /opt/freesurfer/average/711-2B_as_mni_average_305_mask talsrcimg_g11 none talsrcimg_to_711-2C_as_mni_average_305_t4 2311
---------------------------------------------------------------------

freesurfer imgreg_4dfp.c
/opt/freesurfer/average/711-2C_as_mni_average_305.4dfp.img
       256       256       256         1
  1.000000  1.000000  1.000000
orientation T byte_order littleendian
Reading image: /opt/freesurfer/average/711-2C_as_mni_average_305.4dfp.img
dimensions:      256       256       256
mmppix:       1.0000   -1.0000   -1.0000
center:     128.0000 -129.0000 -129.0000
/opt/freesurfer/average/711-2B_as_mni_average_305_mask.4dfp.img
       256       256       256         1
  1.000000  1.000000  1.000000
orientation T byte_order littleendian
Reading mask: /opt/freesurfer/average/711-2B_as_mni_average_305_mask.4dfp.img (2306576 pixels)
talsrcimg_g11.4dfp.img
       256       256       256         1
  0.900000  0.900000  0.900000
orientation T byte_order littleendian
Reading image: talsrcimg_g11.4dfp.img
dimensions:      256       256       256
mmppix:       0.9000   -0.9000   -0.9000
center:     115.2000 -116.1000 -116.1000
fimgreg.f
image alignment mode   2311 decimal      907 hex
parameters
   -0.6352  -16.8778    3.9243  -11.8853  -14.1393   -7.6583
   -1.0591    3.4027    0.7238  -17.9596    0.2010   15.4059
eta,q 0.97679 12.67190
niter,ni,del,rscale     5    3    5.0000    0.8000
parameters
   -0.6338  -16.8988    3.9388  -11.0442  -14.3224   -5.5257
   -0.9730    3.4239    0.9247  -18.0722    0.2174   14.5580
eta,q 0.97771 12.71939
  0.0248  0.0243  0.0240  0.0250  0.0246  0.0254  0.0240  0.0255  0.0233  0.0242  0.0232  0.0230
  0.0239  0.0237  0.0235  0.0243  0.0238  0.0246  0.0231  0.0238  0.0228  0.0230  0.0227  0.0225
  0.0234  0.0233  0.0233  0.0236  0.0233  0.0239  0.0225  0.0227  0.0225  0.0224  0.0224  0.0223
  0.0232  0.0232  0.0232  0.0232  0.0231  0.0231  0.0223  0.0223  0.0223  0.0223  0.0223  0.0223
  0.0234  0.0234  0.0233  0.0232  0.0234  0.0224  0.0225  0.0227  0.0224  0.0227  0.0224  0.0226
  0.0239  0.0238  0.0235  0.0235  0.0240  0.0224  0.0230  0.0237  0.0227  0.0233  0.0227  0.0230
  0.0248  0.0244  0.0239  0.0242  0.0248  0.0235  0.0239  0.0254  0.0232  0.0242  0.0231  0.0236
niter,ni,del,rscale     4    3    5.0000    0.7000
parameters
   -0.7064  -17.0554    4.0310  -11.2745  -14.3596   -5.7900
   -0.9794    3.3490    1.0431  -18.2237    0.0745   14.8190
eta,q 0.97769 12.71739
  0.0235  0.0231  0.0233  0.0234  0.0236  0.0242  0.0235  0.0245  0.0231  0.0237  0.0229  0.0232
  0.0228  0.0226  0.0228  0.0228  0.0229  0.0235  0.0229  0.0233  0.0227  0.0229  0.0226  0.0228
  0.0224  0.0223  0.0224  0.0224  0.0224  0.0228  0.0225  0.0226  0.0224  0.0224  0.0224  0.0225
  0.0223  0.0223  0.0223  0.0223  0.0223  0.0223  0.0223  0.0223  0.0223  0.0223  0.0223  0.0223
  0.0225  0.0225  0.0223  0.0225  0.0224  0.0223  0.0225  0.0226  0.0224  0.0226  0.0224  0.0224
  0.0230  0.0229  0.0226  0.0229  0.0229  0.0234  0.0229  0.0234  0.0226  0.0231  0.0226  0.0226
  0.0238  0.0235  0.0231  0.0237  0.0237  0.0255  0.0236  0.0247  0.0230  0.0238  0.0230  0.0230
niter,ni,del,rscale     3    3    5.0000    0.6000
parameters
   -0.7180  -17.0600    4.0376  -11.2062  -14.3778   -5.6468
   -1.0013    3.3686    1.1197  -18.3122    0.0437   14.8045
eta,q 0.97773 12.71974
  0.0233  0.0230  0.0230  0.0233  0.0233  0.0240  0.0232  0.0240  0.0228  0.0233  0.0227  0.0229
  0.0227  0.0226  0.0226  0.0228  0.0228  0.0234  0.0227  0.0231  0.0225  0.0227  0.0225  0.0225
  0.0224  0.0224  0.0224  0.0224  0.0224  0.0228  0.0224  0.0225  0.0224  0.0224  0.0223  0.0223
  0.0223  0.0223  0.0223  0.0223  0.0223  0.0223  0.0223  0.0223  0.0223  0.0223  0.0223  0.0223
  0.0224  0.0224  0.0224  0.0224  0.0224  0.0222  0.0224  0.0225  0.0223  0.0224  0.0223  0.0223
  0.0228  0.0227  0.0226  0.0227  0.0228  0.0228  0.0227  0.0231  0.0225  0.0228  0.0225  0.0226
  0.0233  0.0230  0.0230  0.0232  0.0234  0.0242  0.0232  0.0240  0.0228  0.0234  0.0227  0.0229
niter,ni,del,rscale     2    3    5.0000    0.5000
parameters
   -0.7209  -17.0875    4.0661  -11.2258  -14.3706   -5.4288
   -1.0091    3.3868    1.1929  -18.3518    0.0145   14.7256
eta,q 0.97778 12.72249
  0.0230  0.0228  0.0228  0.0229  0.0230  0.0237  0.0229  0.0235  0.0226  0.0230  0.0225  0.0226
  0.0226  0.0225  0.0225  0.0226  0.0226  0.0232  0.0225  0.0228  0.0224  0.0225  0.0224  0.0224
  0.0223  0.0223  0.0223  0.0223  0.0224  0.0226  0.0223  0.0224  0.0223  0.0223  0.0222  0.0223
  0.0223  0.0223  0.0223  0.0223  0.0223  0.0223  0.0222  0.0222  0.0222  0.0222  0.0222  0.0222
  0.0223  0.0223  0.0223  0.0223  0.0224  0.0222  0.0223  0.0224  0.0222  0.0223  0.0223  0.0223
  0.0226  0.0225  0.0225  0.0226  0.0226  0.0226  0.0225  0.0228  0.0224  0.0226  0.0224  0.0224
  0.0230  0.0228  0.0227  0.0230  0.0230  0.0236  0.0229  0.0235  0.0226  0.0230  0.0226  0.0227
niter,ni,del,rscale     1    3    5.0000    0.4000
parameters
   -0.7214  -17.1088    4.0844  -11.2796  -14.3737   -5.2288
   -1.0157    3.3962    1.2553  -18.3633   -0.0247   14.6429
eta,q 0.97781 12.72390
  0.0227  0.0225  0.0226  0.0226  0.0227  0.0233  0.0226  0.0230  0.0224  0.0227  0.0224  0.0225
  0.0224  0.0224  0.0224  0.0224  0.0224  0.0228  0.0224  0.0226  0.0223  0.0224  0.0223  0.0223
  0.0223  0.0223  0.0223  0.0223  0.0223  0.0225  0.0222  0.0223  0.0222  0.0222  0.0222  0.0222
  0.0222  0.0222  0.0222  0.0222  0.0222  0.0222  0.0222  0.0222  0.0222  0.0222  0.0222  0.0222
  0.0223  0.0223  0.0222  0.0223  0.0223  0.0222  0.0222  0.0223  0.0222  0.0223  0.0222  0.0222
  0.0224  0.0224  0.0224  0.0224  0.0224  0.0225  0.0224  0.0226  0.0223  0.0224  0.0223  0.0223
  0.0227  0.0226  0.0225  0.0227  0.0227  0.0231  0.0226  0.0230  0.0224  0.0227  0.0224  0.0225
registration optimization eta report
parameter search radius
    0.8000    0.8000    0.8000    2.4000    2.4000    2.4000
    2.4000    2.4000    2.4000    2.4000    2.4000    2.4000
100000*second partial in parameter space
       71.       53.       51.        8.        9.       17.
        7.       14.        4.        9.        4.        5.
  0.0227  0.0225  0.0226  0.0226  0.0227  0.0233  0.0226  0.0230  0.0224  0.0227  0.0224  0.0225
  0.0224  0.0224  0.0224  0.0224  0.0224  0.0228  0.0224  0.0226  0.0223  0.0224  0.0223  0.0223
  0.0223  0.0223  0.0223  0.0223  0.0223  0.0225  0.0222  0.0223  0.0222  0.0222  0.0222  0.0222
  0.0222  0.0222  0.0222  0.0222  0.0222  0.0222  0.0222  0.0222  0.0222  0.0222  0.0222  0.0222
  0.0223  0.0223  0.0222  0.0223  0.0223  0.0222  0.0222  0.0223  0.0222  0.0223  0.0222  0.0222
  0.0224  0.0224  0.0224  0.0224  0.0224  0.0225  0.0224  0.0226  0.0223  0.0224  0.0223  0.0223
  0.0227  0.0226  0.0225  0.0227  0.0227  0.0231  0.0226  0.0230  0.0224  0.0227  0.0224  0.0225
   -0.7214  -17.1088    4.0844  -11.2796  -14.3737   -5.2288
   -1.0157    3.3962    1.2553  -18.3633   -0.0247   14.6429
eta,q 0.97781 12.72390

---------------------------------------------------------------------
imgreg_4dfp /opt/freesurfer/average/711-2C_as_mni_average_305 /opt/freesurfer/average/711-2B_as_mni_average_305_mask talsrcimg_g11 none talsrcimg_to_711-2C_as_mni_average_305_t4 2311
---------------------------------------------------------------------

freesurfer imgreg_4dfp.c
/opt/freesurfer/average/711-2C_as_mni_average_305.4dfp.img
       256       256       256         1
  1.000000  1.000000  1.000000
orientation T byte_order littleendian
Reading image: /opt/freesurfer/average/711-2C_as_mni_average_305.4dfp.img
dimensions:      256       256       256
mmppix:       1.0000   -1.0000   -1.0000
center:     128.0000 -129.0000 -129.0000
/opt/freesurfer/average/711-2B_as_mni_average_305_mask.4dfp.img
       256       256       256         1
  1.000000  1.000000  1.000000
orientation T byte_order littleendian
Reading mask: /opt/freesurfer/average/711-2B_as_mni_average_305_mask.4dfp.img (2306576 pixels)
talsrcimg_g11.4dfp.img
       256       256       256         1
  0.900000  0.900000  0.900000
orientation T byte_order littleendian
Reading image: talsrcimg_g11.4dfp.img
dimensions:      256       256       256
mmppix:       0.9000   -0.9000   -0.9000
center:     115.2000 -116.1000 -116.1000
fimgreg.f
image alignment mode   2311 decimal      907 hex
parameters
   -0.7214  -17.1088    4.0844  -11.2796  -14.3737   -5.2288
   -1.0157    3.3962    1.2553  -18.3633   -0.0247   14.6429
eta,q 0.97781 12.72390
niter,ni,del,rscale     5    3    5.0000    0.8000
parameters
   -0.7218  -17.1201    4.0554  -11.4327  -14.4359   -5.9073
   -1.0637    3.3925    1.1139  -18.2914   -0.0075   14.9875
eta,q 0.97765 12.71336
  0.0240  0.0235  0.0234  0.0238  0.0239  0.0244  0.0239  0.0252  0.0232  0.0244  0.0231  0.0235
  0.0230  0.0228  0.0228  0.0229  0.0230  0.0236  0.0231  0.0237  0.0227  0.0232  0.0227  0.0229
  0.0224  0.0223  0.0223  0.0224  0.0224  0.0228  0.0225  0.0227  0.0225  0.0225  0.0224  0.0225
  0.0222  0.0222  0.0222  0.0222  0.0222  0.0222  0.0224  0.0224  0.0224  0.0224  0.0224  0.0224
  0.0224  0.0223  0.0223  0.0224  0.0224  0.0226  0.0225  0.0227  0.0225  0.0226  0.0225  0.0224
  0.0230  0.0228  0.0228  0.0230  0.0230  0.0243  0.0231  0.0237  0.0228  0.0232  0.0227  0.0227
  0.0240  0.0235  0.0236  0.0240  0.0240  0.0270  0.0240  0.0252  0.0233  0.0241  0.0231  0.0232
niter,ni,del,rscale     4    3    5.0000    0.7000
parameters
   -0.7021  -17.0486    4.0267  -11.2161  -14.4101   -5.9120
   -1.0283    3.4043    1.0830  -18.3271    0.0314   14.9448
eta,q 0.97766 12.71524
  0.0237  0.0234  0.0232  0.0237  0.0237  0.0244  0.0236  0.0246  0.0230  0.0238  0.0230  0.0231
  0.0230  0.0229  0.0227  0.0230  0.0230  0.0237  0.0229  0.0234  0.0227  0.0229  0.0226  0.0227
  0.0225  0.0225  0.0224  0.0226  0.0225  0.0230  0.0225  0.0226  0.0224  0.0225  0.0224  0.0224
  0.0224  0.0223  0.0223  0.0223  0.0223  0.0223  0.0223  0.0223  0.0223  0.0223  0.0223  0.0223
  0.0225  0.0224  0.0224  0.0224  0.0225  0.0222  0.0225  0.0226  0.0224  0.0226  0.0224  0.0224
  0.0229  0.0227  0.0228  0.0228  0.0230  0.0231  0.0229  0.0234  0.0227  0.0230  0.0226  0.0227
  0.0237  0.0232  0.0233  0.0235  0.0237  0.0250  0.0235  0.0246  0.0231  0.0238  0.0229  0.0231
niter,ni,del,rscale     3    3    5.0000    0.6000
parameters
   -0.7083  -17.0633    4.0471  -11.1755  -14.3993   -5.6697
   -1.0089    3.3900    1.1242  -18.3469    0.0269   14.8391
eta,q 0.97772 12.71936
  0.0233  0.0230  0.0230  0.0233  0.0234  0.0241  0.0232  0.0240  0.0228  0.0234  0.0227  0.0228
  0.0228  0.0227  0.0227  0.0228  0.0228  0.0235  0.0227  0.0230  0.0225  0.0227  0.0225  0.0225
  0.0224  0.0224  0.0224  0.0225  0.0225  0.0229  0.0224  0.0225  0.0223  0.0224  0.0223  0.0223
  0.0223  0.0223  0.0223  0.0223  0.0223  0.0223  0.0223  0.0223  0.0223  0.0223  0.0223  0.0223
  0.0225  0.0224  0.0224  0.0224  0.0225  0.0222  0.0224  0.0225  0.0223  0.0224  0.0223  0.0224
  0.0228  0.0227  0.0226  0.0228  0.0228  0.0227  0.0227  0.0231  0.0225  0.0228  0.0225  0.0226
  0.0234  0.0231  0.0230  0.0233  0.0234  0.0241  0.0232  0.0240  0.0228  0.0234  0.0227  0.0229
niter,ni,del,rscale     2    3    5.0000    0.5000
parameters
   -0.7174  -17.0892    4.0733  -11.2159  -14.3890   -5.4345
   -1.0120    3.3910    1.1883  -18.3681   -0.0006   14.7424
eta,q 0.97778 12.72205
  0.0230  0.0228  0.0228  0.0229  0.0230  0.0237  0.0229  0.0235  0.0226  0.0230  0.0226  0.0226
  0.0226  0.0225  0.0225  0.0226  0.0226  0.0232  0.0225  0.0228  0.0224  0.0226  0.0224  0.0224
  0.0223  0.0223  0.0223  0.0223  0.0224  0.0226  0.0223  0.0224  0.0223  0.0223  0.0222  0.0223
  0.0223  0.0223  0.0223  0.0223  0.0223  0.0223  0.0222  0.0222  0.0222  0.0222  0.0222  0.0222
  0.0224  0.0223  0.0223  0.0224  0.0224  0.0222  0.0223  0.0224  0.0223  0.0223  0.0223  0.0223
  0.0226  0.0225  0.0225  0.0226  0.0226  0.0226  0.0225  0.0228  0.0224  0.0226  0.0224  0.0224
  0.0230  0.0228  0.0227  0.0230  0.0230  0.0236  0.0229  0.0235  0.0226  0.0230  0.0226  0.0227
niter,ni,del,rscale     1    3    5.0000    0.4000
parameters
   -0.7203  -17.1098    4.0894  -11.2751  -14.3869   -5.2316
   -1.0240    3.4009    1.2548  -18.3699   -0.0266   14.6500
eta,q 0.97781 12.72353
  0.0227  0.0225  0.0226  0.0226  0.0227  0.0233  0.0226  0.0230  0.0224  0.0227  0.0224  0.0225
  0.0224  0.0224  0.0224  0.0224  0.0224  0.0228  0.0224  0.0226  0.0223  0.0224  0.0223  0.0223
  0.0223  0.0223  0.0223  0.0223  0.0223  0.0225  0.0222  0.0223  0.0222  0.0222  0.0222  0.0222
  0.0222  0.0222  0.0222  0.0222  0.0222  0.0222  0.0222  0.0222  0.0222  0.0222  0.0222  0.0222
  0.0223  0.0223  0.0222  0.0223  0.0223  0.0222  0.0222  0.0223  0.0222  0.0223  0.0222  0.0222
  0.0224  0.0224  0.0224  0.0224  0.0224  0.0225  0.0224  0.0226  0.0223  0.0224  0.0223  0.0223
  0.0227  0.0226  0.0225  0.0227  0.0227  0.0231  0.0226  0.0230  0.0224  0.0227  0.0224  0.0225
registration optimization eta report
parameter search radius
    0.8000    0.8000    0.8000    2.4000    2.4000    2.4000
    2.4000    2.4000    2.4000    2.4000    2.4000    2.4000
100000*second partial in parameter space
       71.       53.       51.        8.        8.       17.
        7.       14.        4.        9.        4.        5.
  0.0227  0.0225  0.0226  0.0226  0.0227  0.0233  0.0226  0.0230  0.0224  0.0227  0.0224  0.0225
  0.0224  0.0224  0.0224  0.0224  0.0224  0.0228  0.0224  0.0226  0.0223  0.0224  0.0223  0.0223
  0.0223  0.0223  0.0223  0.0223  0.0223  0.0225  0.0222  0.0223  0.0222  0.0222  0.0222  0.0222
  0.0222  0.0222  0.0222  0.0222  0.0222  0.0222  0.0222  0.0222  0.0222  0.0222  0.0222  0.0222
  0.0223  0.0223  0.0222  0.0223  0.0223  0.0222  0.0222  0.0223  0.0222  0.0223  0.0222  0.0222
  0.0224  0.0224  0.0224  0.0224  0.0224  0.0225  0.0224  0.0226  0.0223  0.0224  0.0223  0.0223
  0.0227  0.0226  0.0225  0.0227  0.0227  0.0231  0.0226  0.0230  0.0224  0.0227  0.0224  0.0225
   -0.7203  -17.1098    4.0894  -11.2751  -14.3869   -5.2316
   -1.0240    3.4009    1.2548  -18.3699   -0.0266   14.6500
eta,q 0.97781 12.72353

---------------------------------------------------------------------
compute_vox2vox talsrcimg talsrcimg_to_711-2C_as_mni_average_305_t4 /opt/freesurfer/average/711-2C_as_mni_average_305
---------------------------------------------------------------------

freesurfer compute_vox2vox.c
Reading: talsrcimg.4dfp.ifh
Reading: talsrcimg_to_711-2C_as_mni_average_305_t4
Reading: /opt/freesurfer/average/711-2C_as_mni_average_305.4dfp.ifh
Writing: talsrcimg_to_711-2C_as_mni_average_305_t4_vox2vox.txt

start time Thu Mar 12 20:14:09 CET 2026
end		time Thu Mar 12 20:14:22 CET 2026

mpr2mni305 success

avi2talxfm orig_nu.mgz /opt/freesurfer/average/mni305.cor.mgz talsrcimg_to_711-2C_as_mni_average_305_t4_vox2vox.txt transforms/talairach.auto.xfm
avi2talxfm done
mv -f /out/sourcedata/freesurfer/sub-v2s1x29911_ses-1/mri/talsrcimg_to_711-2C_as_mni_average_305_t4_vox2vox.txt /out/sourcedata/freesurfer/sub-v2s1x29911_ses-1/mri/transforms/talsrcimg_to_711-2C_as_mni_average_305_t4_vox2vox.txt
lta_convert --src orig_nu.mgz --trg /opt/freesurfer/average/mni305.cor.mgz --inxfm transforms/talairach.auto.xfm --outlta transforms/talairach.auto.xfm.lta --subject fsaverage
7.3.2

--src: orig_nu.mgz src image (geometry).
--trg: /opt/freesurfer/average/mni305.cor.mgz trg image (geometry).
--inmni: transforms/talairach.auto.xfm input MNI/XFM transform.
--outlta: transforms/talairach.auto.xfm.lta output LTA.
--s: fsaverage subject name
 LTA read, type : 1
 1.12679  -0.03661   0.01974  -7.15169;
 0.00278   1.02124  -0.17472  -48.01152;
-0.01592   0.21966   1.13027  -27.24384;
 0.00000   0.00000   0.00000   1.00000;
setting subject to fsaverage
Writing  LTA to file transforms/talairach.auto.xfm.lta...
lta_convert successful.
 
 
Started at Thu Mar 12 20:14:09 CET 2026
Ended   at Thu Mar 12 20:14:23 CET 2026
talairach_avi done
