/out/sourcedata/freesurfer/sub-v2s1x29876_ses-1/mri
/opt/freesurfer/bin/talairach_avi
--i orig_nu.mgz --xfm transforms/talairach.auto.xfm
talairach_avi 7.3.2
Linux dna013 5.14.0-427.37.1.el9_4.x86_64 #1 SMP PREEMPT_DYNAMIC Fri Sep 13 12:41:50 EDT 2024 x86_64 x86_64 x86_64 GNU/Linux
Wed Mar 11 20:09:15 CET 2026
mri_convert orig_nu.mgz talsrcimg.img 
reading from orig_nu.mgz...
TR=0.00, TE=0.00, TI=0.00, flip angle=0.00
i_ras = (-1, 0, 0)
j_ras = (0, 0, -1)
k_ras = (0, 1, 0)
writing to talsrcimg.img...
Analyze Output Matrix
-0.90000   0.00000   0.00000   124.36836;
 0.00000   0.00000   0.90000  -82.71365;
 0.00000  -0.90000   0.00000   145.73051;
 0.00000   0.00000   0.00000   1.00000;
--------------------
INFO: set hdr.hist.orient to -1
mpr2mni305 talsrcimg
Wed Mar 11 20:09:16 CET 2026
/opt/freesurfer/bin/mpr2mni305 talsrcimg
mpr2mni305 7.3.2
target=711-2C_as_mni_average_305

---------------------------------------------------------------------
analyzeto4dfp talsrcimg -O0 -y
---------------------------------------------------------------------

freesurfer ifh2hdr.c
Wed Mar 11 20:09:16 2026
Writing: talsrcimg.4dfp.hdr
freesurfer analyzeto4dfp.c
Reading: talsrcimg.hdr
header size 348 bytes
hdr.dime.datatype	offset=70	value=2
hdr.dime.bitpix		offset=72	value=8
hdr.hist.orient		offset=252	value=-1
dimensionality     4
dimensions       256       256       256         1
Reading: talsrcimg.img
Writing: talsrcimg.4dfp.img
Writing: talsrcimg.4dfp.ifh
ifh2hdr talsrcimg -r0to247
ori=2

---------------------------------------------------------------------
gauss_4dfp talsrcimg 1.1
---------------------------------------------------------------------

freesurfer gauss_4dfp.c
Reading: talsrcimg.4dfp.img
Writing: talsrcimg_g11.4dfp.img
image dimensions 256 256 256 padded to 288 288 288
processing volume 1freesurfer ifh2hdr.c
Wed Mar 11 20:09:17 2026
Writing: talsrcimg_g11.4dfp.hdr

Writing: talsrcimg_g11.4dfp.ifh
including: talsrcimg.4dfp.img.rec in talsrcimg_g11.4dfp.img.rec

---------------------------------------------------------------------
imgreg_4dfp /opt/freesurfer/average/711-2C_as_mni_average_305 none talsrcimg_g11 none talsrcimg_to_711-2C_as_mni_average_305_t4 4355
---------------------------------------------------------------------

freesurfer imgreg_4dfp.c
/opt/freesurfer/average/711-2C_as_mni_average_305.4dfp.img
       256       256       256         1
  1.000000  1.000000  1.000000
orientation T byte_order littleendian
Reading image: /opt/freesurfer/average/711-2C_as_mni_average_305.4dfp.img
dimensions:      256       256       256
mmppix:       1.0000   -1.0000   -1.0000
center:     128.0000 -129.0000 -129.0000
talsrcimg_g11.4dfp.img
       256       256       256         1
  0.900000  0.900000  0.900000
orientation T byte_order littleendian
Reading image: talsrcimg_g11.4dfp.img
dimensions:      256       256       256
mmppix:       0.9000   -0.9000   -0.9000
center:     115.2000 -116.1000 -116.1000
t4_read: open error in t4_sub.f l:  41 t4_file(1:l)talsrcimg_to_711-2C_as_mni_average_305_t4 
t4_read: transform initialized to I4
rotation matrix determinant  1.000000
image alignment mode   4355 decimal     1103 hex
   -7.5000  -45.0000  -45.0000 5884.6318   17.7323
    0.0000  -45.0000  -45.0000 6002.2402   17.7356
    7.5000  -45.0000  -45.0000 5738.1587   17.7413
   -7.5000  -37.5000  -45.0000 6346.5225   18.8362
    0.0000  -37.5000  -45.0000 6477.6553   18.8479
    7.5000  -37.5000  -45.0000 6196.4043   18.8489
   -7.5000  -30.0000  -45.0000 6777.2314   19.4145
    0.0000  -30.0000  -45.0000 6913.8394   19.4186
    7.5000  -30.0000  -45.0000 6614.1870   19.4141
   -7.5000  -22.5000  -45.0000 7283.5337   19.4058
    0.0000  -22.5000  -45.0000 7430.7402   19.3922
    7.5000  -22.5000  -45.0000 7107.1777   19.3847
   -7.5000  -15.0000  -45.0000 7742.2705   19.4089
    0.0000  -15.0000  -45.0000 7912.4346   19.3884
    7.5000  -15.0000  -45.0000 7568.1196   19.3868
   -7.5000   -7.5000  -45.0000 7847.4731   19.4252
    0.0000   -7.5000  -45.0000 8011.4478   19.4132
    7.5000   -7.5000  -45.0000 7662.9517   19.4190
   -7.5000    0.0000  -45.0000 7895.0298   19.4392
    0.0000    0.0000  -45.0000 8054.6401   19.4428
    7.5000    0.0000  -45.0000 7703.0581   19.4491
   -7.5000    7.5000  -45.0000 7593.5083   19.4301
    0.0000    7.5000  -45.0000 7755.1392   19.4421
    7.5000    7.5000  -45.0000 7420.6777   19.4432
   -7.5000   15.0000  -45.0000 7599.6426   19.4145
    0.0000   15.0000  -45.0000 7740.2153   19.4186
    7.5000   15.0000  -45.0000 7393.9106   19.4141
   -7.5000   22.5000  -45.0000 7029.5913   19.1448
    0.0000   22.5000  -45.0000 7172.9326   19.1313
    7.5000   22.5000  -45.0000 6813.2749   19.1239
   -7.5000   30.0000  -45.0000 6437.7842   18.6371
    0.0000   30.0000  -45.0000 6573.2373   18.6174
    7.5000   30.0000  -45.0000 6253.6313   18.6159
   -7.5000   37.5000  -45.0000 5894.0088   18.0522
    0.0000   37.5000  -45.0000 6017.5391   18.0411
    7.5000   37.5000  -45.0000 5724.3232   18.0465
   -7.5000   45.0000  -45.0000 5367.0493   17.6245
    0.0000   45.0000  -45.0000 5475.4844   17.6331
    7.5000   45.0000  -45.0000 5210.3711   17.6420
   -7.5000  -45.0000  -37.5000 6411.4707   18.5076
    0.0000  -45.0000  -37.5000 6536.7114   18.5282
    7.5000  -45.0000  -37.5000 6271.0806   18.5573
   -7.5000  -37.5000  -37.5000 6892.1431   19.6661
    0.0000  -37.5000  -37.5000 7044.2808   19.6948
    7.5000  -37.5000  -37.5000 6742.4966   19.7274
   -7.5000  -30.0000  -37.5000 7368.2446   20.2394
    0.0000  -30.0000  -37.5000 7513.4688   20.2576
    7.5000  -30.0000  -37.5000 7194.4561   20.2845
   -7.5000  -22.5000  -37.5000 7889.5259   20.2375
    0.0000  -22.5000  -37.5000 8061.2007   20.2373
    7.5000  -22.5000  -37.5000 7707.0239   20.2554
   -7.5000  -15.0000  -37.5000 8339.9678   20.2452
    0.0000  -15.0000  -37.5000 8541.4443   20.2402
    7.5000  -15.0000  -37.5000 8177.7363   20.2586
   -7.5000   -7.5000  -37.5000 8426.6250   20.2579
    0.0000   -7.5000  -37.5000 8614.4395   20.2631
    7.5000   -7.5000  -37.5000 8244.0977   20.2878
   -7.5000    0.0000  -37.5000 8474.2637   20.2632
    0.0000    0.0000  -37.5000 8655.9775   20.2858
    7.5000    0.0000  -37.5000 8297.0117   20.3177
   -7.5000    7.5000  -37.5000 8167.5225   20.2504
    0.0000    7.5000  -37.5000 8342.1104   20.2800
    7.5000    7.5000  -37.5000 7994.5059   20.3136
   -7.5000   15.0000  -37.5000 8147.1958   20.2385
    0.0000   15.0000  -37.5000 8316.0469   20.2566
    7.5000   15.0000  -37.5000 7950.0591   20.2835
   -7.5000   22.5000  -37.5000 7483.5674   19.9669
    0.0000   22.5000  -37.5000 7662.2681   19.9667
    7.5000   22.5000  -37.5000 7310.4253   19.9846
   -7.5000   30.0000  -37.5000 6839.2256   19.4540
    0.0000   30.0000  -37.5000 7012.3813   19.4492
    7.5000   30.0000  -37.5000 6692.8472   19.4669
   -7.5000   37.5000  -37.5000 6241.5107   18.8414
    0.0000   37.5000  -37.5000 6395.7456   18.8462
    7.5000   37.5000  -37.5000 6096.1523   18.8692
   -7.5000   45.0000  -37.5000 5663.2920   18.3637
    0.0000   45.0000  -37.5000 5789.3730   18.3889
    7.5000   45.0000  -37.5000 5521.3613   18.4198
   -7.5000  -45.0000  -30.0000 6987.3838   19.4137
    0.0000  -45.0000  -30.0000 7140.6143   19.4434
    7.5000  -45.0000  -30.0000 6840.1787   19.4895
   -7.5000  -37.5000  -30.0000 7495.0552   20.6364
    0.0000  -37.5000  -30.0000 7677.3496   20.6694
    7.5000  -37.5000  -30.0000 7356.6792   20.7196
   -7.5000  -30.0000  -30.0000 8002.7593   21.2128
    0.0000  -30.0000  -30.0000 8189.2559   21.2334
    7.5000  -30.0000  -30.0000 7847.2822   21.2762
   -7.5000  -22.5000  -30.0000 8562.5215   21.2160
    0.0000  -22.5000  -30.0000 8775.7949   21.2221
    7.5000  -22.5000  -30.0000 8402.6816   21.2554
   -7.5000  -15.0000  -30.0000 9043.7979   21.2285
    0.0000  -15.0000  -30.0000 9273.6826   21.2336
    7.5000  -15.0000  -30.0000 8885.5791   21.2660
   -7.5000   -7.5000  -30.0000 9115.8027   21.2375
    0.0000   -7.5000  -30.0000 9339.8457   21.2544
    7.5000   -7.5000  -30.0000 8954.9385   21.2940
   -7.5000    0.0000  -30.0000 9136.9150   21.2332
    0.0000    0.0000  -30.0000 9355.9902   21.2657
    7.5000    0.0000  -30.0000 8993.9502   21.3162
   -7.5000    7.5000  -30.0000 8786.0488   21.2174
    0.0000    7.5000  -30.0000 8998.4570   21.2514
    7.5000    7.5000  -30.0000 8635.8525   21.3030
   -7.5000   15.0000  -30.0000 8741.4521   21.2098
    0.0000   15.0000  -30.0000 8954.4414   21.2305
    7.5000   15.0000  -30.0000 8561.5791   21.2733
   -7.5000   22.5000  -30.0000 8014.9971   20.9333
    0.0000   22.5000  -30.0000 8211.8369   20.9393
    7.5000   22.5000  -30.0000 7851.8008   20.9722
   -7.5000   30.0000  -30.0000 7311.9121   20.4138
    0.0000   30.0000  -30.0000 7499.0879   20.4187
    7.5000   30.0000  -30.0000 7177.5732   20.4498
   -7.5000   37.5000  -30.0000 6649.9717   19.7823
    0.0000   37.5000  -30.0000 6809.6157   19.7980
    7.5000   37.5000  -30.0000 6517.2124   19.8350
   -7.5000   45.0000  -30.0000 6003.2319   19.2659
    0.0000   45.0000  -30.0000 6147.3999   19.2987
    7.5000   45.0000  -30.0000 5876.1846   19.3470
   -7.5000  -45.0000  -22.5000 7516.2559   20.2267
    0.0000  -45.0000  -22.5000 7702.8457   20.2476
    7.5000  -45.0000  -22.5000 7411.9062   20.2831
   -7.5000  -37.5000  -22.5000 8067.1064   21.5183
    0.0000  -37.5000  -22.5000 8267.5371   21.5368
    7.5000  -37.5000  -22.5000 7957.6943   21.5667
   -7.5000  -30.0000  -22.5000 8614.3750   22.0943
    0.0000  -30.0000  -22.5000 8814.2900   22.1009
    7.5000  -30.0000  -22.5000 8474.7422   22.1216
   -7.5000  -22.5000  -22.5000 9213.1562   22.0920
    0.0000  -22.5000  -22.5000 9439.1797   22.0886
    7.5000  -22.5000  -22.5000 9053.9570   22.1074
   -7.5000  -15.0000  -22.5000 9719.4648   22.1023
    0.0000  -15.0000  -22.5000 9956.5762   22.1001
    7.5000  -15.0000  -22.5000 9557.1230   22.1242
   -7.5000   -7.5000  -22.5000 9780.7402   22.1117
    0.0000   -7.5000  -22.500010032.8193   22.1221
    7.5000   -7.5000  -22.5000 9669.3154   22.1552
   -7.5000    0.0000  -22.5000 9810.0273   22.1098
    0.0000    0.0000  -22.500010061.4219   22.1326
    7.5000    0.0000  -22.5000 9701.6758   22.1715
   -7.5000    7.5000  -22.5000 9394.3555   22.0966
    0.0000    7.5000  -22.5000 9635.1826   22.1156
    7.5000    7.5000  -22.5000 9257.6074   22.1463
   -7.5000   15.0000  -22.5000 9318.5928   22.0890
    0.0000   15.0000  -22.5000 9558.2080   22.0956
    7.5000   15.0000  -22.5000 9143.5264   22.1163
   -7.5000   22.5000  -22.5000 8543.6729   21.7997
    0.0000   22.5000  -22.5000 8766.7256   21.7964
    7.5000   22.5000  -22.5000 8398.5811   21.8149
   -7.5000   30.0000  -22.5000 7785.1484   21.2696
    0.0000   30.0000  -22.5000 7985.3252   21.2675
    7.5000   30.0000  -22.5000 7662.1196   21.2907
   -7.5000   37.5000  -22.5000 7046.3042   20.6280
    0.0000   37.5000  -22.5000 7211.6519   20.6377
    7.5000   37.5000  -22.5000 6912.4155   20.6686
   -7.5000   45.0000  -22.5000 6320.0312   20.1065
    0.0000   45.0000  -22.5000 6465.0464   20.1299
    7.5000   45.0000  -22.5000 6181.7734   20.1696
   -7.5000  -45.0000  -15.0000 8028.8389   20.9587
    0.0000  -45.0000  -15.0000 8228.6367   20.9591
    7.5000  -45.0000  -15.0000 7935.9551   20.9660
   -7.5000  -37.5000  -15.0000 8605.6748   22.3056
    0.0000  -37.5000  -15.0000 8809.3652   22.3033
    7.5000  -37.5000  -15.0000 8490.9121   22.2929
   -7.5000  -30.0000  -15.0000 9205.0723   22.8766
    0.0000  -30.0000  -15.0000 9398.5635   22.8644
    7.5000  -30.0000  -15.0000 9037.3281   22.8443
   -7.5000  -22.5000  -15.0000 9816.3496   22.8580
    0.0000  -22.5000  -15.000010047.8906   22.8362
    7.5000  -22.5000  -15.0000 9640.1309   22.8223
   -7.5000  -15.0000  -15.000010358.9072   22.8570
    0.0000  -15.0000  -15.000010565.3467   22.8344
    7.5000  -15.0000  -15.000010157.0791   22.8341
   -7.5000   -7.5000  -15.000010422.6484   22.8719
    0.0000   -7.5000  -15.000010654.9385   22.8608
    7.5000   -7.5000  -15.000010271.6230   22.8713
   -7.5000    0.0000  -15.000010443.8301   22.8877
    0.0000    0.0000  -15.000010708.3857   22.8882
    7.5000    0.0000  -15.000010330.9961   22.8957
   -7.5000    7.5000  -15.0000 9987.9902   22.8828
    0.0000    7.5000  -15.000010248.8877   22.8804
    7.5000    7.5000  -15.0000 9857.4678   22.8698
   -7.5000   15.0000  -15.0000 9858.4443   22.8695
    0.0000   15.0000  -15.000010117.8057   22.8573
    7.5000   15.0000  -15.0000 9698.1729   22.8372
   -7.5000   22.5000  -15.0000 9040.6885   22.5591
    0.0000   22.5000  -15.0000 9279.1855   22.5375
    7.5000   22.5000  -15.0000 8892.4355   22.5237
   -7.5000   30.0000  -15.0000 8218.4922   22.0124
    0.0000   30.0000  -15.0000 8429.6533   21.9907
    7.5000   30.0000  -15.0000 8082.9370   21.9903
   -7.5000   37.5000  -15.0000 7416.0034   21.3698
    0.0000   37.5000  -15.0000 7585.7910   21.3594
    7.5000   37.5000  -15.0000 7272.8940   21.3692
   -7.5000   45.0000  -15.0000 6643.2974   20.8690
    0.0000   45.0000  -15.0000 6780.8682   20.8732
    7.5000   45.0000  -15.0000 6492.9043   20.8860
   -7.5000  -45.0000   -7.5000 8314.7002   20.9830
    0.0000  -45.0000   -7.5000 8506.9961   20.9746
    7.5000  -45.0000   -7.5000 8171.9482   20.9668
   -7.5000  -37.5000   -7.5000 8897.1221   22.3319
    0.0000  -37.5000   -7.5000 9094.4092   22.3266
    7.5000  -37.5000   -7.5000 8731.5801   22.3025
   -7.5000  -30.0000   -7.5000 9500.2041   22.8983
    0.0000  -30.0000   -7.5000 9717.5195   22.8848
    7.5000  -30.0000   -7.5000 9308.7197   22.8523
   -7.5000  -22.5000   -7.500010100.1240   22.8741
    0.0000  -22.5000   -7.500010339.2529   22.8457
    7.5000  -22.5000   -7.5000 9896.8438   22.8181
   -7.5000  -15.0000   -7.500010653.0840   22.8681
    0.0000  -15.0000   -7.500010834.2422   22.8344
    7.5000  -15.0000   -7.500010378.6484   22.8202
   -7.5000   -7.5000   -7.500010695.8936   22.8878
    0.0000   -7.5000   -7.500010922.6553   22.8642
    7.5000   -7.5000   -7.500010502.3477   22.8605
   -7.5000    0.0000   -7.500010702.3926   22.9142
    0.0000    0.0000   -7.500010967.6064   22.9050
    7.5000    0.0000   -7.500010575.1650   22.8965
   -7.5000    7.5000   -7.500010212.1318   22.9098
    0.0000    7.5000   -7.500010480.6182   22.9044
    7.5000    7.5000   -7.500010088.7939   22.8796
   -7.5000   15.0000   -7.500010045.4912   22.8912
    0.0000   15.0000   -7.500010294.5596   22.8777
    7.5000   15.0000   -7.5000 9873.2393   22.8453
   -7.5000   22.5000   -7.5000 9215.3047   22.5749
    0.0000   22.5000   -7.5000 9447.4473   22.5469
    7.5000   22.5000   -7.5000 9064.0859   22.5196
   -7.5000   30.0000   -7.5000 8381.8477   22.0231
    0.0000   30.0000   -7.5000 8582.7773   21.9907
    7.5000   30.0000   -7.5000 8237.7422   21.9770
   -7.5000   37.5000   -7.5000 7548.0356   21.3846
    0.0000   37.5000   -7.5000 7711.5527   21.3626
    7.5000   37.5000   -7.5000 7394.0537   21.3591
   -7.5000   45.0000   -7.5000 6771.3574   20.9010
    0.0000   45.0000   -7.5000 6894.1973   20.8981
    7.5000   45.0000   -7.5000 6605.8330   20.8959
   -7.5000  -45.0000    0.0000 8431.9033   21.5205
    0.0000  -45.0000    0.0000 8597.4561   21.5238
    7.5000  -45.0000    0.0000 8251.4297   21.5276
   -7.5000  -37.5000    0.0000 9034.1445   22.8857
    0.0000  -37.5000    0.0000 9202.1406   22.8990
    7.5000  -37.5000    0.0000 8824.6826   22.8972
   -7.5000  -30.0000    0.0000 9651.3906   23.4513
    0.0000  -30.0000    0.0000 9858.1475   23.4550
    7.5000  -30.0000    0.0000 9449.3271   23.4470
   -7.5000  -22.5000    0.000010296.1553   23.4363
    0.0000  -22.5000    0.000010480.5176   23.4184
    7.5000  -22.5000    0.000010040.8672   23.4071
   -7.5000  -15.0000    0.000010841.1084   23.4364
    0.0000  -15.0000    0.000010931.7715   23.4103
    7.5000  -15.0000    0.000010471.9639   23.4058
   -7.5000   -7.5000    0.000010887.3018   23.4567
    0.0000   -7.5000    0.000011042.8350   23.4411
    7.5000   -7.5000    0.000010589.5811   23.4450
   -7.5000    0.0000    0.000010875.9766   23.4779
    0.0000    0.0000    0.000011090.0068   23.4815
    7.5000    0.0000    0.000010631.5371   23.4857
   -7.5000    7.5000    0.000010349.0264   23.4624
    0.0000    7.5000    0.000010553.8652   23.4760
    7.5000    7.5000    0.000010108.4893   23.4742
   -7.5000   15.0000    0.000010113.1025   23.4430
    0.0000   15.0000    0.000010293.9395   23.4467
    7.5000   15.0000    0.0000 9849.3115   23.4387
   -7.5000   22.5000    0.0000 9273.0283   23.1330
    0.0000   22.5000    0.0000 9447.7334   23.1154
    7.5000   22.5000    0.0000 9040.1973   23.1042
   -7.5000   30.0000    0.0000 8428.7793   22.5841
    0.0000   30.0000    0.0000 8581.9287   22.5589
    7.5000   30.0000    0.0000 8236.3545   22.5546
   -7.5000   37.5000    0.0000 7596.4805   21.9424
    0.0000   37.5000    0.0000 7728.9624   21.9278
    7.5000   37.5000    0.0000 7411.6953   21.9315
   -7.5000   45.0000    0.0000 6813.2407   21.4608
    0.0000   45.0000    0.0000 6924.8696   21.4705
    7.5000   45.0000    0.0000 6636.1572   21.4781
   -7.5000  -45.0000    7.5000 8201.2842   21.5098
    0.0000  -45.0000    7.5000 8323.0703   21.5336
    7.5000  -45.0000    7.5000 7985.0444   21.5676
   -7.5000  -37.5000    7.5000 8777.2627   22.8681
    0.0000  -37.5000    7.5000 8881.5977   22.9015
    7.5000  -37.5000    7.5000 8505.5938   22.9394
   -7.5000  -30.0000    7.5000 9364.9033   23.4389
    0.0000  -30.0000    7.5000 9505.0986   23.4598
    7.5000  -30.0000    7.5000 9083.8193   23.4910
   -7.5000  -22.5000    7.500010012.8369   23.4363
    0.0000  -22.5000    7.500010046.4404   23.4360
    7.5000  -22.5000    7.5000 9598.3203   23.4571
   -7.5000  -15.0000    7.500010538.6543   23.4450
    0.0000  -15.0000    7.500010458.4502   23.4391
    7.5000  -15.0000    7.5000 9988.5537   23.4606
   -7.5000   -7.5000    7.500010573.5039   23.4597
    0.0000   -7.5000    7.500010550.5742   23.4657
    7.5000   -7.5000    7.500010076.3447   23.4945
   -7.5000    0.0000    7.500010569.5186   23.4662
    0.0000    0.0000    7.500010590.5000   23.4923
    7.5000    0.0000    7.500010107.2832   23.5293
   -7.5000    7.5000    7.500010040.5244   23.4444
    0.0000    7.5000    7.500010083.6445   23.4786
    7.5000    7.5000    7.5000 9618.4961   23.5175
   -7.5000   15.0000    7.5000 9762.8125   23.4306
    0.0000   15.0000    7.5000 9826.8311   23.4515
    7.5000   15.0000    7.5000 9357.2402   23.4827
   -7.5000   22.5000    7.5000 8951.7412   23.1329
    0.0000   22.5000    7.5000 9044.5869   23.1327
    7.5000   22.5000    7.5000 8641.1318   23.1535
   -7.5000   30.0000    7.5000 8183.8467   22.5923
    0.0000   30.0000    7.5000 8276.3105   22.5867
    7.5000   30.0000    7.5000 7932.9937   22.6074
   -7.5000   37.5000    7.5000 7400.6943   21.9452
    0.0000   37.5000    7.5000 7473.5610   21.9508
    7.5000   37.5000    7.5000 7161.0513   21.9777
   -7.5000   45.0000    7.5000 6626.6973   21.4447
    0.0000   45.0000    7.5000 6685.4990   21.4740
    7.5000   45.0000    7.5000 6404.4307   21.5102
   -7.5000  -45.0000   15.0000 8179.4307   21.4937
    0.0000  -45.0000   15.0000 8299.1719   21.5266
    7.5000  -45.0000   15.0000 7948.7139   21.5777
   -7.5000  -37.5000   15.0000 8737.0684   22.8502
    0.0000  -37.5000   15.0000 8837.8623   22.8868
    7.5000  -37.5000   15.0000 8454.1562   22.9425
   -7.5000  -30.0000   15.0000 9329.8203   23.4260
    0.0000  -30.0000   15.0000 9399.9600   23.4488
    7.5000  -30.0000   15.0000 8992.8418   23.4961
   -7.5000  -22.5000   15.000010014.6562   23.4297
    0.0000  -22.5000   15.0000 9972.8984   23.4364
    7.5000  -22.5000   15.0000 9540.6396   23.4732
   -7.5000  -15.0000   15.000010611.5703   23.4436
    0.0000  -15.0000   15.000010499.8115   23.4492
    7.5000  -15.0000   15.000010064.0635   23.4849
   -7.5000   -7.5000   15.000010718.7607   23.4534
    0.0000   -7.5000   15.000010594.3193   23.4720
    7.5000   -7.5000   15.000010189.5654   23.5159
   -7.5000    0.0000   15.000010706.4238   23.4487
    0.0000    0.0000   15.000010617.1191   23.4845
    7.5000    0.0000   15.000010194.9990   23.5403
   -7.5000    7.5000   15.000010141.1113   23.4261
    0.0000    7.5000   15.000010079.9785   23.4636
    7.5000    7.5000   15.0000 9658.6865   23.5206
   -7.5000   15.0000   15.0000 9809.4199   23.4178
    0.0000   15.0000   15.0000 9828.7178   23.4405
    7.5000   15.0000   15.0000 9354.6172   23.4878
   -7.5000   22.5000   15.0000 8975.3477   23.1265
    0.0000   22.5000   15.0000 9053.6758   23.1331
    7.5000   22.5000   15.0000 8598.7861   23.1694
   -7.5000   30.0000   15.0000 8196.6787   22.5909
    0.0000   30.0000   15.0000 8284.4980   22.5963
    7.5000   30.0000   15.0000 7886.4937   22.6308
   -7.5000   37.5000   15.0000 7406.8481   21.9393
    0.0000   37.5000   15.0000 7484.3960   21.9567
    7.5000   37.5000   15.0000 7121.8350   21.9978
   -7.5000   45.0000   15.0000 6614.4478   21.4207
    0.0000   45.0000   15.0000 6672.7773   21.4572
    7.5000   45.0000   15.0000 6352.2539   21.5109
   -7.5000  -45.0000   22.5000 7719.3164   21.6253
    0.0000  -45.0000   22.5000 7830.5039   21.6484
    7.5000  -45.0000   22.5000 7514.4380   21.6853
   -7.5000  -37.5000   22.5000 8227.4854   22.9952
    0.0000  -37.5000   22.5000 8329.9170   23.0160
    7.5000  -37.5000   22.5000 7987.6699   23.0466
   -7.5000  -30.0000   22.5000 8782.9473   23.5745
    0.0000  -30.0000   22.5000 8852.1348   23.5823
    7.5000  -30.0000   22.5000 8467.1562   23.6028
   -7.5000  -22.5000   22.5000 9418.3838   23.5721
    0.0000  -22.5000   22.5000 9467.5059   23.5687
    7.5000  -22.5000   22.5000 9039.0703   23.5872
   -7.5000  -15.0000   22.500010011.4873   23.5838
    0.0000  -15.0000   22.500010108.4443   23.5815
    7.5000  -15.0000   22.5000 9616.0928   23.6057
   -7.5000   -7.5000   22.500010138.8975   23.5945
    0.0000   -7.5000   22.500010267.9336   23.6059
    7.5000   -7.5000   22.5000 9763.0645   23.6398
   -7.5000    0.0000   22.500010157.8760   23.5922
    0.0000    0.0000   22.500010289.2217   23.6175
    7.5000    0.0000   22.5000 9776.8213   23.6577
   -7.5000    7.5000   22.5000 9621.0625   23.5747
    0.0000    7.5000   22.5000 9681.3379   23.5960
    7.5000    7.5000   22.5000 9227.0586   23.6274
   -7.5000   15.0000   22.5000 9278.4580   23.5661
    0.0000   15.0000   22.5000 9315.3418   23.5739
    7.5000   15.0000   22.5000 8879.9121   23.5945
   -7.5000   22.5000   22.5000 8499.2744   23.2670
    0.0000   22.5000   22.5000 8531.1748   23.2637
    7.5000   22.5000   22.5000 8150.4863   23.2819
   -7.5000   30.0000   22.5000 7750.1694   22.7261
    0.0000   30.0000   22.5000 7781.4443   22.7239
    7.5000   30.0000   22.5000 7442.5049   22.7472
   -7.5000   37.5000   22.5000 6989.2915   22.0713
    0.0000   37.5000   22.5000 7017.6880   22.0819
    7.5000   37.5000   22.5000 6701.3740   22.1137
   -7.5000   45.0000   22.5000 6236.5273   21.5499
    0.0000   45.0000   22.5000 6257.2979   21.5757
    7.5000   45.0000   22.5000 5968.6479   21.6172
   -7.5000  -45.0000   30.0000 7197.9985   21.7916
    0.0000  -45.0000   30.0000 7338.4019   21.7913
    7.5000  -45.0000   30.0000 7065.2207   21.8004
   -7.5000  -37.5000   30.0000 7653.3457   23.1945
    0.0000  -37.5000   30.0000 7804.6836   23.1907
    7.5000  -37.5000   30.0000 7505.1431   23.1817
   -7.5000  -30.0000   30.0000 8177.0977   23.7777
    0.0000  -30.0000   30.0000 8317.4072   23.7637
    7.5000  -30.0000   30.0000 7970.5112   23.7446
   -7.5000  -22.5000   30.0000 8770.3555   23.7573
    0.0000  -22.5000   30.0000 8907.8398   23.7339
    7.5000  -22.5000   30.0000 8533.6250   23.7216
   -7.5000  -15.0000   30.0000 9320.7295   23.7550
    0.0000  -15.0000   30.0000 9481.0732   23.7314
    7.5000  -15.0000   30.0000 9067.7549   23.7334
   -7.5000   -7.5000   30.0000 9438.4385   23.7707
    0.0000   -7.5000   30.0000 9589.7744   23.7588
    7.5000   -7.5000   30.0000 9167.2236   23.7721
   -7.5000    0.0000   30.0000 9473.6445   23.7883
    0.0000    0.0000   30.0000 9612.2568   23.7879
    7.5000    0.0000   30.0000 9185.5254   23.7978
   -7.5000    7.5000   30.0000 8997.6377   23.7831
    0.0000    7.5000   30.0000 9099.6367   23.7791
    7.5000    7.5000   30.0000 8705.2627   23.7699
   -7.5000   15.0000   30.0000 8655.0771   23.7693
    0.0000   15.0000   30.0000 8728.5654   23.7552
    7.5000   15.0000   30.0000 8342.5791   23.7361
   -7.5000   22.5000   30.0000 7918.4014   23.4477
    0.0000   22.5000   30.0000 7991.2500   23.4247
    7.5000   22.5000   30.0000 7646.8740   23.4125
   -7.5000   30.0000   30.0000 7204.9478   22.9016
    0.0000   30.0000   30.0000 7267.1069   22.8788
    7.5000   30.0000   30.0000 6953.9204   22.8807
   -7.5000   37.5000   30.0000 6504.4072   22.2570
    0.0000   37.5000   30.0000 6539.7939   22.2459
    7.5000   37.5000   30.0000 6250.0010   22.2583
   -7.5000   45.0000   30.0000 5800.9741   21.7666
    0.0000   45.0000   30.0000 5814.2642   21.7702
    7.5000   45.0000   30.0000 5560.4536   21.7857
   -7.5000  -45.0000   37.5000 6701.0615   21.9174
    0.0000  -45.0000   37.5000 6858.1392   21.9088
    7.5000  -45.0000   37.5000 6628.3687   21.9091
   -7.5000  -37.5000   37.5000 7122.8022   23.3344
    0.0000  -37.5000   37.5000 7283.2095   23.3291
    7.5000  -37.5000   37.5000 7030.8970   23.3133
   -7.5000  -30.0000   37.5000 7600.0405   23.9034
    0.0000  -30.0000   37.5000 7736.1909   23.8888
    7.5000  -30.0000   37.5000 7473.0342   23.8649
   -7.5000  -22.5000   37.5000 8133.6772   23.8795
    0.0000  -22.5000   37.5000 8267.3760   23.8483
    7.5000  -22.5000   37.5000 7967.1318   23.8293
   -7.5000  -15.0000   37.5000 8638.5166   23.8719
    0.0000  -15.0000   37.5000 8774.1621   23.8348
    7.5000  -15.0000   37.5000 8437.6582   23.8291
   -7.5000   -7.5000   37.5000 8729.1611   23.8901
    0.0000   -7.5000   37.5000 8839.9678   23.8646
    7.5000   -7.5000   37.5000 8503.9385   23.8696
   -7.5000    0.0000   37.5000 8774.5049   23.9165
    0.0000    0.0000   37.5000 8867.9473   23.9071
    7.5000    0.0000   37.5000 8518.2734   23.9074
   -7.5000    7.5000   37.5000 8368.8047   23.9117
    0.0000    7.5000   37.5000 8446.6992   23.9063
    7.5000    7.5000   37.5000 8110.4502   23.8901
   -7.5000   15.0000   37.5000 8047.8716   23.8947
    0.0000   15.0000   37.5000 8132.0254   23.8801
    7.5000   15.0000   37.5000 7793.9448   23.8562
   -7.5000   22.5000   37.5000 7358.1504   23.5643
    0.0000   22.5000   37.5000 7456.8223   23.5335
    7.5000   22.5000   37.5000 7148.6392   23.5147
   -7.5000   30.0000   37.5000 6684.3623   23.0141
    0.0000   30.0000   37.5000 6778.5215   22.9783
    7.5000   30.0000   37.5000 6490.7466   22.9728
   -7.5000   37.5000   37.5000 6037.7939   22.3692
    0.0000   37.5000   37.5000 6115.4189   22.3452
    7.5000   37.5000   37.5000 5835.1079   22.3499
   -7.5000   45.0000   37.5000 5390.4434   21.8948
    0.0000   45.0000   37.5000 5440.0713   21.8923
    7.5000   45.0000   37.5000 5191.6714   21.8987
   -7.5000  -45.0000   45.0000 6206.7271   22.2136
    0.0000  -45.0000   45.0000 6364.2124   22.2268
    7.5000  -45.0000   45.0000 6155.4712   22.2420
   -7.5000  -37.5000   45.0000 6583.9277   23.6307
    0.0000  -37.5000   45.0000 6750.3242   23.6533
    7.5000  -37.5000   45.0000 6535.1035   23.6647
   -7.5000  -30.0000   45.0000 7017.2046   24.1791
    0.0000  -30.0000   45.0000 7170.6294   24.1877
    7.5000  -30.0000   45.0000 6939.6460   24.1929
   -7.5000  -22.5000   45.0000 7506.6538   24.1712
    0.0000  -22.5000   45.0000 7667.0581   24.1541
    7.5000  -22.5000   45.0000 7393.7856   24.1542
   -7.5000  -15.0000   45.0000 7967.1816   24.1799
    0.0000  -15.0000   45.0000 8104.3052   24.1557
    7.5000  -15.0000   45.0000 7796.3682   24.1613
   -7.5000   -7.5000   45.0000 8039.3350   24.2033
    0.0000   -7.5000   45.0000 8154.5190   24.1945
    7.5000   -7.5000   45.0000 7829.4170   24.2091
   -7.5000    0.0000   45.0000 8089.2905   24.2188
    0.0000    0.0000   45.0000 8175.5786   24.2333
    7.5000    0.0000   45.0000 7848.0664   24.2498
   -7.5000    7.5000   45.0000 7736.1357   24.1921
    0.0000    7.5000   45.0000 7820.1992   24.2152
    7.5000    7.5000   45.0000 7510.2471   24.2269
   -7.5000   15.0000   45.0000 7465.5210   24.1701
    0.0000   15.0000   45.0000 7545.8799   24.1786
    7.5000   15.0000   45.0000 7215.4062   24.1838
   -7.5000   22.5000   45.0000 6823.0415   23.8489
    0.0000   22.5000   45.0000 6909.5835   23.8321
    7.5000   22.5000   45.0000 6605.4771   23.8322
   -7.5000   30.0000   45.0000 6220.3081   23.3087
    0.0000   30.0000   45.0000 6293.3301   23.2854
    7.5000   30.0000   45.0000 6014.9775   23.2908
   -7.5000   37.5000   45.0000 5616.1865   22.6564
    0.0000   37.5000   45.0000 5674.3013   22.6481
    7.5000   37.5000   45.0000 5412.8364   22.6618
   -7.5000   45.0000   45.0000 4997.6807   22.1401
    0.0000   45.0000   45.0000 5043.1699   22.1601
    7.5000   45.0000   45.0000 4818.5679   22.1797

---------------------------------------------------------------------
imgreg_4dfp /opt/freesurfer/average/711-2C_as_mni_average_305 /opt/freesurfer/average/711-2B_as_mni_average_305_mask talsrcimg_g11 none talsrcimg_to_711-2C_as_mni_average_305_t4 4355
---------------------------------------------------------------------

freesurfer imgreg_4dfp.c
/opt/freesurfer/average/711-2C_as_mni_average_305.4dfp.img
       256       256       256         1
  1.000000  1.000000  1.000000
orientation T byte_order littleendian
Reading image: /opt/freesurfer/average/711-2C_as_mni_average_305.4dfp.img
dimensions:      256       256       256
mmppix:       1.0000   -1.0000   -1.0000
center:     128.0000 -129.0000 -129.0000
/opt/freesurfer/average/711-2B_as_mni_average_305_mask.4dfp.img
       256       256       256         1
  1.000000  1.000000  1.000000
orientation T byte_order littleendian
Reading mask: /opt/freesurfer/average/711-2B_as_mni_average_305_mask.4dfp.img (2306576 pixels)
talsrcimg_g11.4dfp.img
       256       256       256         1
  0.900000  0.900000  0.900000
orientation T byte_order littleendian
Reading image: talsrcimg_g11.4dfp.img
dimensions:      256       256       256
mmppix:       0.9000   -0.9000   -0.9000
center:     115.2000 -116.1000 -116.1000
rotation matrix determinant  1.000000
image alignment mode   4355 decimal     1103 hex
   -7.5000  -45.0000  -45.0000 1897.6125   20.9945
    0.0000  -45.0000  -45.0000 1920.8175   20.7441
    7.5000  -45.0000  -45.0000 1911.6185   20.7664
   -7.5000  -37.5000  -45.0000 1980.9601   19.4512
    0.0000  -37.5000  -45.0000 2002.7976   19.2493
    7.5000  -37.5000  -45.0000 1999.4331   19.2504
   -7.5000  -30.0000  -45.0000 2021.8269   18.3354
    0.0000  -30.0000  -45.0000 2049.1670   18.1102
    7.5000  -30.0000  -45.0000 2046.3472   18.0788
   -7.5000  -22.5000  -45.0000 2056.6516   17.5195
    0.0000  -22.5000  -45.0000 2081.5039   17.2382
    7.5000  -22.5000  -45.0000 2077.7061   17.2271
   -7.5000  -15.0000  -45.0000 2072.7454   17.1910
    0.0000  -15.0000  -45.0000 2098.3992   16.8459
    7.5000  -15.0000  -45.0000 2096.5283   16.8639
   -7.5000   -7.5000  -45.0000 2071.6389   17.2358
    0.0000   -7.5000  -45.0000 2099.8093   16.8972
    7.5000   -7.5000  -45.0000 2096.1543   16.8894
   -7.5000    0.0000  -45.0000 2053.0359   17.6587
    0.0000    0.0000  -45.0000 2081.5286   17.2806
    7.5000    0.0000  -45.0000 2077.9165   17.2746
   -7.5000    7.5000  -45.0000 2014.2000   18.4207
    0.0000    7.5000  -45.0000 2045.9771   18.0326
    7.5000    7.5000  -45.0000 2045.1438   18.0167
   -7.5000   15.0000  -45.0000 1963.1776   19.5643
    0.0000   15.0000  -45.0000 1992.8024   19.1199
    7.5000   15.0000  -45.0000 1988.8475   19.1273
   -7.5000   22.5000  -45.0000 1887.2178   21.1383
    0.0000   22.5000  -45.0000 1919.4159   20.6467
    7.5000   22.5000  -45.0000 1909.7264   20.6958
   -7.5000   30.0000  -45.0000 1794.5679   23.2016
    0.0000   30.0000  -45.0000 1824.6113   22.7079
    7.5000   30.0000  -45.0000 1816.2852   22.7337
   -7.5000   37.5000  -45.0000 1671.4963   25.7444
    0.0000   37.5000  -45.0000 1697.1511   25.2860
    7.5000   37.5000  -45.0000 1688.4456   25.3859
   -7.5000   45.0000  -45.0000 1519.9003   28.9441
    0.0000   45.0000  -45.0000 1541.1659   28.4495
    7.5000   45.0000  -45.0000 1535.0667   28.5778
   -7.5000  -45.0000  -37.5000 2058.5713   20.4735
    0.0000  -45.0000  -37.5000 2080.9167   20.2169
    7.5000  -45.0000  -37.5000 2080.9666   20.2583
   -7.5000  -37.5000  -37.5000 2143.1497   18.9354
    0.0000  -37.5000  -37.5000 2169.8882   18.7198
    7.5000  -37.5000  -37.5000 2167.2727   18.7385
   -7.5000  -30.0000  -37.5000 2197.6177   17.8822
    0.0000  -30.0000  -37.5000 2225.5518   17.6247
    7.5000  -30.0000  -37.5000 2218.4775   17.6334
   -7.5000  -22.5000  -37.5000 2232.2385   17.1182
    0.0000  -22.5000  -37.5000 2258.5383   16.8508
    7.5000  -22.5000  -37.5000 2251.1753   16.8664
   -7.5000  -15.0000  -37.5000 2247.5327   16.7478
    0.0000  -15.0000  -37.5000 2275.9761   16.4912
    7.5000  -15.0000  -37.5000 2271.0261   16.5171
   -7.5000   -7.5000  -37.5000 2242.6350   16.7792
    0.0000   -7.5000  -37.5000 2270.2358   16.4795
    7.5000   -7.5000  -37.5000 2265.7915   16.5063
   -7.5000    0.0000  -37.5000 2222.8262   17.1747
    0.0000    0.0000  -37.5000 2255.9199   16.8466
    7.5000    0.0000  -37.5000 2248.9299   16.8668
   -7.5000    7.5000  -37.5000 2187.3157   17.9102
    0.0000    7.5000  -37.5000 2222.0073   17.5691
    7.5000    7.5000  -37.5000 2217.1045   17.6140
   -7.5000   15.0000  -37.5000 2125.1279   19.1048
    0.0000   15.0000  -37.5000 2157.8066   18.7213
    7.5000   15.0000  -37.5000 2153.0791   18.7664
   -7.5000   22.5000  -37.5000 2040.1045   20.6625
    0.0000   22.5000  -37.5000 2073.1440   20.1976
    7.5000   22.5000  -37.5000 2065.6760   20.2674
   -7.5000   30.0000  -37.5000 1937.9559   22.7456
    0.0000   30.0000  -37.5000 1971.7889   22.2302
    7.5000   30.0000  -37.5000 1963.8832   22.2544
   -7.5000   37.5000  -37.5000 1802.4174   25.3198
    0.0000   37.5000  -37.5000 1831.7732   24.7866
    7.5000   37.5000  -37.5000 1822.8289   24.8155
   -7.5000   45.0000  -37.5000 1634.4214   28.3973
    0.0000   45.0000  -37.5000 1660.6086   27.8613
    7.5000   45.0000  -37.5000 1654.6681   27.9646
   -7.5000  -45.0000  -30.0000 2196.2493   19.8063
    0.0000  -45.0000  -30.0000 2226.9893   19.5172
    7.5000  -45.0000  -30.0000 2219.0508   19.5724
   -7.5000  -37.5000  -30.0000 2289.9460   18.2982
    0.0000  -37.5000  -30.0000 2322.7495   18.0379
    7.5000  -37.5000  -30.0000 2316.6665   18.0506
   -7.5000  -30.0000  -30.0000 2352.0366   17.2489
    0.0000  -30.0000  -30.0000 2382.7908   16.9846
    7.5000  -30.0000  -30.0000 2375.0935   17.0112
   -7.5000  -22.5000  -30.0000 2394.7454   16.5610
    0.0000  -22.5000  -30.0000 2428.4080   16.3134
    7.5000  -22.5000  -30.0000 2415.9814   16.3408
   -7.5000  -15.0000  -30.0000 2415.8403   16.2118
    0.0000  -15.0000  -30.0000 2447.3962   15.9717
    7.5000  -15.0000  -30.0000 2440.6638   16.0087
   -7.5000   -7.5000  -30.0000 2413.1309   16.2782
    0.0000   -7.5000  -30.0000 2447.9539   15.9712
    7.5000   -7.5000  -30.0000 2436.5095   16.0065
   -7.5000    0.0000  -30.0000 2388.5381   16.6409
    0.0000    0.0000  -30.0000 2430.8635   16.3004
    7.5000    0.0000  -30.0000 2422.2100   16.3321
   -7.5000    7.5000  -30.0000 2348.2502   17.3834
    0.0000    7.5000  -30.0000 2391.5859   17.0323
    7.5000    7.5000  -30.0000 2382.6272   17.0375
   -7.5000   15.0000  -30.0000 2277.4336   18.5305
    0.0000   15.0000  -30.0000 2320.8149   18.1420
    7.5000   15.0000  -30.0000 2306.7419   18.1776
   -7.5000   22.5000  -30.0000 2185.0547   20.0374
    0.0000   22.5000  -30.0000 2221.1611   19.6422
    7.5000   22.5000  -30.0000 2209.4131   19.6569
   -7.5000   30.0000  -30.0000 2070.8979   22.0728
    0.0000   30.0000  -30.0000 2105.3315   21.6010
    7.5000   30.0000  -30.0000 2094.8921   21.6341
   -7.5000   37.5000  -30.0000 1923.2244   24.5633
    0.0000   37.5000  -30.0000 1954.0387   24.0626
    7.5000   37.5000  -30.0000 1944.3048   24.0655
   -7.5000   45.0000  -30.0000 1741.2692   27.5316
    0.0000   45.0000  -30.0000 1774.1565   27.0449
    7.5000   45.0000  -30.0000 1763.8336   27.0317
   -7.5000  -45.0000  -22.5000 2307.1414   18.9809
    0.0000  -45.0000  -22.5000 2345.1567   18.7044
    7.5000  -45.0000  -22.5000 2338.5154   18.7220
   -7.5000  -37.5000  -22.5000 2413.8552   17.5587
    0.0000  -37.5000  -22.5000 2446.2952   17.2431
    7.5000  -37.5000  -22.5000 2441.2705   17.2827
   -7.5000  -30.0000  -22.5000 2481.0703   16.5298
    0.0000  -30.0000  -22.5000 2513.4663   16.2262
    7.5000  -30.0000  -22.5000 2508.1526   16.2621
   -7.5000  -22.5000  -22.5000 2538.1069   15.8817
    0.0000  -22.5000  -22.5000 2570.7383   15.5774
    7.5000  -22.5000  -22.5000 2563.2478   15.6191
   -7.5000  -15.0000  -22.5000 2567.2805   15.5611
    0.0000  -15.0000  -22.5000 2606.1382   15.2468
    7.5000  -15.0000  -22.5000 2593.0735   15.2786
   -7.5000   -7.5000  -22.5000 2566.6260   15.6264
    0.0000   -7.5000  -22.5000 2609.9749   15.3078
    7.5000   -7.5000  -22.5000 2602.7363   15.3108
   -7.5000    0.0000  -22.5000 2539.7583   16.0258
    0.0000    0.0000  -22.5000 2589.3962   15.6663
    7.5000    0.0000  -22.5000 2585.5510   15.6684
   -7.5000    7.5000  -22.5000 2489.2842   16.7506
    0.0000    7.5000  -22.5000 2540.1741   16.3788
    7.5000    7.5000  -22.5000 2534.9753   16.3849
   -7.5000   15.0000  -22.5000 2410.0330   17.8341
    0.0000   15.0000  -22.5000 2459.8779   17.4409
    7.5000   15.0000  -22.5000 2452.2000   17.4552
   -7.5000   22.5000  -22.5000 2307.6448   19.2791
    0.0000   22.5000  -22.5000 2350.1750   18.8721
    7.5000   22.5000  -22.5000 2345.5579   18.8881
   -7.5000   30.0000  -22.5000 2182.8809   21.2538
    0.0000   30.0000  -22.5000 2220.1116   20.7850
    7.5000   30.0000  -22.5000 2214.9912   20.8179
   -7.5000   37.5000  -22.5000 2025.0499   23.6441
    0.0000   37.5000  -22.5000 2051.0046   23.1800
    7.5000   37.5000  -22.5000 2046.8818   23.1891
   -7.5000   45.0000  -22.5000 1829.7885   26.4640
    0.0000   45.0000  -22.5000 1858.8533   25.9776
    7.5000   45.0000  -22.5000 1852.5247   25.9767
   -7.5000  -45.0000  -15.0000 2394.2830   18.2564
    0.0000  -45.0000  -15.0000 2430.0066   17.8794
    7.5000  -45.0000  -15.0000 2426.3706   17.9100
   -7.5000  -37.5000  -15.0000 2505.1580   16.8013
    0.0000  -37.5000  -15.0000 2542.2422   16.4592
    7.5000  -37.5000  -15.0000 2536.8672   16.4812
   -7.5000  -30.0000  -15.0000 2586.5942   15.8226
    0.0000  -30.0000  -15.0000 2620.9116   15.4421
    7.5000  -30.0000  -15.0000 2614.1714   15.4371
   -7.5000  -22.5000  -15.0000 2645.7017   15.1767
    0.0000  -22.5000  -15.0000 2686.7400   14.7902
    7.5000  -22.5000  -15.0000 2678.1602   14.7892
   -7.5000  -15.0000  -15.0000 2682.0603   14.8225
    0.0000  -15.0000  -15.0000 2728.9951   14.4277
    7.5000  -15.0000  -15.0000 2723.6370   14.4623
   -7.5000   -7.5000  -15.0000 2688.0178   14.8881
    0.0000   -7.5000  -15.0000 2740.8884   14.5424
    7.5000   -7.5000  -15.0000 2738.6479   14.5481
   -7.5000    0.0000  -15.0000 2663.4092   15.3257
    0.0000    0.0000  -15.0000 2721.8474   14.9809
    7.5000    0.0000  -15.0000 2723.7056   14.9654
   -7.5000    7.5000  -15.0000 2608.2424   16.0741
    0.0000    7.5000  -15.0000 2665.1677   15.6830
    7.5000    7.5000  -15.0000 2663.2615   15.6731
   -7.5000   15.0000  -15.0000 2516.3950   17.1273
    0.0000   15.0000  -15.0000 2567.3972   16.6872
    7.5000   15.0000  -15.0000 2567.5247   16.6839
   -7.5000   22.5000  -15.0000 2401.0471   18.5600
    0.0000   22.5000  -15.0000 2445.9299   18.1014
    7.5000   22.5000  -15.0000 2439.9827   18.0949
   -7.5000   30.0000  -15.0000 2269.2878   20.4344
    0.0000   30.0000  -15.0000 2308.3567   19.9468
    7.5000   30.0000  -15.0000 2299.4341   19.9382
   -7.5000   37.5000  -15.0000 2099.5029   22.7139
    0.0000   37.5000  -15.0000 2131.6155   22.2408
    7.5000   37.5000  -15.0000 2125.3035   22.2003
   -7.5000   45.0000  -15.0000 1895.7977   25.4206
    0.0000   45.0000  -15.0000 1925.2252   24.9404
    7.5000   45.0000  -15.0000 1919.4011   24.8769
   -7.5000  -45.0000   -7.5000 2434.4512   17.6087
    0.0000  -45.0000   -7.5000 2470.7029   17.1442
    7.5000  -45.0000   -7.5000 2471.4744   17.1049
   -7.5000  -37.5000   -7.5000 2551.8523   16.1470
    0.0000  -37.5000   -7.5000 2592.8955   15.7091
    7.5000  -37.5000   -7.5000 2593.5193   15.6748
   -7.5000  -30.0000   -7.5000 2647.8308   15.0890
    0.0000  -30.0000   -7.5000 2689.8845   14.6891
    7.5000  -30.0000   -7.5000 2687.1062   14.6428
   -7.5000  -22.5000   -7.5000 2714.7622   14.4124
    0.0000  -22.5000   -7.5000 2769.3176   14.0413
    7.5000  -22.5000   -7.5000 2763.6582   13.9783
   -7.5000  -15.0000   -7.5000 2759.7461   14.0608
    0.0000  -15.0000   -7.5000 2819.8140   13.6289
    7.5000  -15.0000   -7.5000 2817.0273   13.6516
   -7.5000   -7.5000   -7.5000 2773.4058   14.1098
    0.0000   -7.5000   -7.5000 2836.9453   13.7392
    7.5000   -7.5000   -7.5000 2839.8228   13.7443
   -7.5000    0.0000   -7.5000 2745.4602   14.5778
    0.0000    0.0000   -7.5000 2810.6682   14.2056
    7.5000    0.0000   -7.5000 2812.0500   14.2056
   -7.5000    7.5000   -7.5000 2684.7229   15.3018
    0.0000    7.5000   -7.5000 2744.2449   14.9111
    7.5000    7.5000   -7.5000 2741.1160   14.8855
   -7.5000   15.0000   -7.5000 2583.8826   16.3255
    0.0000   15.0000   -7.5000 2634.7327   15.8994
    7.5000   15.0000   -7.5000 2632.2339   15.9003
   -7.5000   22.5000   -7.5000 2457.8440   17.7333
    0.0000   22.5000   -7.5000 2505.1941   17.2918
    7.5000   22.5000   -7.5000 2498.1514   17.2881
   -7.5000   30.0000   -7.5000 2316.1956   19.5902
    0.0000   30.0000   -7.5000 2361.4976   19.1310
    7.5000   30.0000   -7.5000 2353.7734   19.1160
   -7.5000   37.5000   -7.5000 2134.8853   21.8049
    0.0000   37.5000   -7.5000 2175.2988   21.3362
    7.5000   37.5000   -7.5000 2166.9712   21.3071
   -7.5000   45.0000   -7.5000 1925.7429   24.3857
    0.0000   45.0000   -7.5000 1959.6541   23.9509
    7.5000   45.0000   -7.5000 1955.5586   23.9290
   -7.5000  -45.0000    0.0000 2464.6572   17.2902
    0.0000  -45.0000    0.0000 2504.8411   16.7207
    7.5000  -45.0000    0.0000 2503.2781   16.6478
   -7.5000  -37.5000    0.0000 2591.1294   15.7794
    0.0000  -37.5000    0.0000 2635.7004   15.2806
    7.5000  -37.5000    0.0000 2633.7097   15.2200
   -7.5000  -30.0000    0.0000 2694.0125   14.6742
    0.0000  -30.0000    0.0000 2745.8442   14.2141
    7.5000  -30.0000    0.0000 2745.5833   14.1634
   -7.5000  -22.5000    0.0000 2780.5032   13.9760
    0.0000  -22.5000    0.0000 2846.4009   13.5350
    7.5000  -22.5000    0.0000 2843.9795   13.4803
   -7.5000  -15.0000    0.0000 2839.0229   13.6171
    0.0000  -15.0000    0.0000 2913.2061   13.1018
    7.5000  -15.0000    0.0000 2908.2761   13.1201
   -7.5000   -7.5000    0.0000 2858.0562   13.6785
    0.0000   -7.5000    0.0000 2931.8713   13.2166
    7.5000   -7.5000    0.0000 2935.2856   13.2162
   -7.5000    0.0000    0.0000 2816.1809   14.1210
    0.0000    0.0000    0.0000 2892.3655   13.7147
    7.5000    0.0000    0.0000 2892.3569   13.6881
   -7.5000    7.5000    0.0000 2742.8872   14.8327
    0.0000    7.5000    0.0000 2809.6230   14.4063
    7.5000    7.5000    0.0000 2804.7400   14.3978
   -7.5000   15.0000    0.0000 2633.1243   15.8691
    0.0000   15.0000    0.0000 2691.3850   15.4460
    7.5000   15.0000    0.0000 2686.3713   15.4359
   -7.5000   22.5000    0.0000 2501.7529   17.3084
    0.0000   22.5000    0.0000 2552.1521   16.8713
    7.5000   22.5000    0.0000 2545.4910   16.8714
   -7.5000   30.0000    0.0000 2351.9954   19.1139
    0.0000   30.0000    0.0000 2398.2686   18.6672
    7.5000   30.0000    0.0000 2393.0508   18.6755
   -7.5000   37.5000    0.0000 2167.8032   21.2548
    0.0000   37.5000    0.0000 2208.2917   20.8247
    7.5000   37.5000    0.0000 2202.6614   20.8772
   -7.5000   45.0000    0.0000 1957.7247   23.7635
    0.0000   45.0000    0.0000 1991.6866   23.3185
    7.5000   45.0000    0.0000 1986.6495   23.3839
   -7.5000  -45.0000    7.5000 2477.6548   17.0598
    0.0000  -45.0000    7.5000 2514.2700   16.4026
    7.5000  -45.0000    7.5000 2515.4517   16.3234
   -7.5000  -37.5000    7.5000 2602.5322   15.5621
    0.0000  -37.5000    7.5000 2645.2378   14.9559
    7.5000  -37.5000    7.5000 2646.4836   14.8751
   -7.5000  -30.0000    7.5000 2712.7024   14.4306
    0.0000  -30.0000    7.5000 2768.2551   13.8621
    7.5000  -30.0000    7.5000 2765.6250   13.7953
   -7.5000  -22.5000    7.5000 2811.8879   13.6920
    0.0000  -22.5000    7.5000 2882.7571   13.1291
    7.5000  -22.5000    7.5000 2877.9062   13.0674
   -7.5000  -15.0000    7.5000 2879.8591   13.3105
    0.0000  -15.0000    7.5000 2963.6250   12.6516
    7.5000  -15.0000    7.5000 2954.3477   12.6636
   -7.5000   -7.5000    7.5000 2896.9280   13.3278
    0.0000   -7.5000    7.5000 2983.7026   12.7126
    7.5000   -7.5000    7.5000 2980.8230   12.6985
   -7.5000    0.0000    7.5000 2850.1252   13.7609
    0.0000    0.0000    7.5000 2921.9360   13.2643
    7.5000    0.0000    7.5000 2923.1086   13.2423
   -7.5000    7.5000    7.5000 2766.7861   14.4782
    0.0000    7.5000    7.5000 2829.3284   13.9901
    7.5000    7.5000    7.5000 2827.9653   14.0001
   -7.5000   15.0000    7.5000 2651.5442   15.5549
    0.0000   15.0000    7.5000 2705.3762   15.0664
    7.5000   15.0000    7.5000 2702.6709   15.0779
   -7.5000   22.5000    7.5000 2515.5190   16.9856
    0.0000   22.5000    7.5000 2561.9624   16.4804
    7.5000   22.5000    7.5000 2559.5493   16.5135
   -7.5000   30.0000    7.5000 2364.8018   18.8182
    0.0000   30.0000    7.5000 2406.9641   18.2761
    7.5000   30.0000    7.5000 2406.3381   18.3367
   -7.5000   37.5000    7.5000 2182.4504   20.9720
    0.0000   37.5000    7.5000 2216.6296   20.4079
    7.5000   37.5000    7.5000 2213.9167   20.4940
   -7.5000   45.0000    7.5000 1969.2059   23.3491
    0.0000   45.0000    7.5000 1999.5598   22.8464
    7.5000   45.0000    7.5000 1992.1096   22.9514
   -7.5000  -45.0000   15.0000 2473.1436   17.0765
    0.0000  -45.0000   15.0000 2512.9707   16.4020
    7.5000  -45.0000   15.0000 2517.6721   16.2783
   -7.5000  -37.5000   15.0000 2597.9011   15.6103
    0.0000  -37.5000   15.0000 2643.3818   14.9416
    7.5000  -37.5000   15.0000 2648.9832   14.8196
   -7.5000  -30.0000   15.0000 2711.4414   14.4887
    0.0000  -30.0000   15.0000 2769.1936   13.8345
    7.5000  -30.0000   15.0000 2775.8613   13.7328
   -7.5000  -22.5000   15.0000 2821.2397   13.7263
    0.0000  -22.5000   15.0000 2882.3782   13.0673
    7.5000  -22.5000   15.0000 2891.8267   13.0033
   -7.5000  -15.0000   15.0000 2883.5334   13.3534
    0.0000  -15.0000   15.0000 2959.9819   12.7148
    7.5000  -15.0000   15.0000 2965.4001   12.6773
   -7.5000   -7.5000   15.0000 2903.0674   13.3726
    0.0000   -7.5000   15.0000 2983.8394   12.8148
    7.5000   -7.5000   15.0000 2993.9519   12.7944
   -7.5000    0.0000   15.0000 2849.2705   13.7490
    0.0000    0.0000   15.0000 2926.4128   13.2669
    7.5000    0.0000   15.0000 2933.1316   13.2640
   -7.5000    7.5000   15.0000 2759.5312   14.4388
    0.0000    7.5000   15.0000 2819.1711   13.9688
    7.5000    7.5000   15.0000 2823.2654   13.9593
   -7.5000   15.0000   15.0000 2640.8921   15.4955
    0.0000   15.0000   15.0000 2696.8418   15.0168
    7.5000   15.0000   15.0000 2694.1282   15.0019
   -7.5000   22.5000   15.0000 2505.8340   16.9202
    0.0000   22.5000   15.0000 2555.2234   16.4217
    7.5000   22.5000   15.0000 2549.5588   16.3915
   -7.5000   30.0000   15.0000 2354.0010   18.7316
    0.0000   30.0000   15.0000 2398.3647   18.2173
    7.5000   30.0000   15.0000 2394.1045   18.1850
   -7.5000   37.5000   15.0000 2169.2551   20.8465
    0.0000   37.5000   15.0000 2206.8093   20.3325
    7.5000   37.5000   15.0000 2203.2285   20.3191
   -7.5000   45.0000   15.0000 1961.6073   23.2290
    0.0000   45.0000   15.0000 1991.3721   22.7351
    7.5000   45.0000   15.0000 1986.4303   22.7117
   -7.5000  -45.0000   22.5000 2459.9263   17.3127
    0.0000  -45.0000   22.5000 2499.0688   16.6052
    7.5000  -45.0000   22.5000 2508.6313   16.5059
   -7.5000  -37.5000   22.5000 2580.2153   15.9184
    0.0000  -37.5000   22.5000 2630.7859   15.2135
    7.5000  -37.5000   22.5000 2639.8264   15.1012
   -7.5000  -30.0000   22.5000 2693.3755   14.8245
    0.0000  -30.0000   22.5000 2751.4541   14.1705
    7.5000  -30.0000   22.5000 2759.5083   14.0470
   -7.5000  -22.5000   22.5000 2793.4326   14.0805
    0.0000  -22.5000   22.5000 2860.8218   13.4590
    7.5000  -22.5000   22.5000 2863.4111   13.3189
   -7.5000  -15.0000   22.5000 2849.5659   13.7649
    0.0000  -15.0000   22.5000 2925.3074   13.2232
    7.5000  -15.0000   22.5000 2924.0391   13.1238
   -7.5000   -7.5000   22.5000 2855.8450   13.7867
    0.0000   -7.5000   22.5000 2931.6838   13.3589
    7.5000   -7.5000   22.5000 2935.4343   13.2340
   -7.5000    0.0000   22.5000 2803.4929   14.1231
    0.0000    0.0000   22.5000 2877.5747   13.7312
    7.5000    0.0000   22.5000 2880.6064   13.6266
   -7.5000    7.5000   22.5000 2714.2729   14.7843
    0.0000    7.5000   22.5000 2772.7859   14.3605
    7.5000    7.5000   22.5000 2774.8015   14.2740
   -7.5000   15.0000   22.5000 2601.3948   15.7979
    0.0000   15.0000   22.5000 2652.7332   15.3027
    7.5000   15.0000   22.5000 2650.5503   15.2777
   -7.5000   22.5000   22.5000 2472.4546   17.1806
    0.0000   22.5000   22.5000 2518.1973   16.6305
    7.5000   22.5000   22.5000 2518.0115   16.6306
   -7.5000   30.0000   22.5000 2326.6318   18.9289
    0.0000   30.0000   22.5000 2366.9626   18.3648
    7.5000   30.0000   22.5000 2365.0027   18.3780
   -7.5000   37.5000   22.5000 2143.2173   21.0050
    0.0000   37.5000   22.5000 2183.7695   20.4384
    7.5000   37.5000   22.5000 2181.9771   20.4531
   -7.5000   45.0000   22.5000 1940.0349   23.3841
    0.0000   45.0000   22.5000 1973.2887   22.8055
    7.5000   45.0000   22.5000 1969.8752   22.8635
   -7.5000  -45.0000   30.0000 2429.5955   17.8501
    0.0000  -45.0000   30.0000 2475.1304   17.1153
    7.5000  -45.0000   30.0000 2493.8970   17.0254
   -7.5000  -37.5000   30.0000 2544.4331   16.4507
    0.0000  -37.5000   30.0000 2601.1516   15.8029
    7.5000  -37.5000   30.0000 2616.1863   15.7260
   -7.5000  -30.0000   30.0000 2651.6150   15.4012
    0.0000  -30.0000   30.0000 2714.6936   14.7956
    7.5000  -30.0000   30.0000 2724.8235   14.7055
   -7.5000  -22.5000   30.0000 2738.3796   14.7002
    0.0000  -22.5000   30.0000 2802.6045   14.1245
    7.5000  -22.5000   30.0000 2811.0647   14.0410
   -7.5000  -15.0000   30.0000 2786.3308   14.3831
    0.0000  -15.0000   30.0000 2854.4272   13.8839
    7.5000  -15.0000   30.0000 2854.4348   13.8305
   -7.5000   -7.5000   30.0000 2782.1890   14.4408
    0.0000   -7.5000   30.0000 2846.6067   13.9724
    7.5000   -7.5000   30.0000 2847.9548   13.9113
   -7.5000    0.0000   30.0000 2727.6824   14.7624
    0.0000    0.0000   30.0000 2789.1980   14.3537
    7.5000    0.0000   30.0000 2794.7219   14.2793
   -7.5000    7.5000   30.0000 2640.4033   15.4156
    0.0000    7.5000   30.0000 2691.9072   14.9849
    7.5000    7.5000   30.0000 2695.3164   14.8970
   -7.5000   15.0000   30.0000 2534.3901   16.3702
    0.0000   15.0000   30.0000 2579.9907   15.9103
    7.5000   15.0000   30.0000 2584.7527   15.8633
   -7.5000   22.5000   30.0000 2414.2952   17.6626
    0.0000   22.5000   30.0000 2453.6475   17.1791
    7.5000   22.5000   30.0000 2461.6653   17.1611
   -7.5000   30.0000   30.0000 2277.4238   19.3208
    0.0000   30.0000   30.0000 2311.3481   18.7919
    7.5000   30.0000   30.0000 2310.9543   18.8016
   -7.5000   37.5000   30.0000 2104.5415   21.3743
    0.0000   37.5000   30.0000 2141.6423   20.8208
    7.5000   37.5000   30.0000 2136.2983   20.8117
   -7.5000   45.0000   30.0000 1907.6071   23.8223
    0.0000   45.0000   30.0000 1941.7542   23.2385
    7.5000   45.0000   30.0000 1938.9473   23.2392
   -7.5000  -45.0000   37.5000 2382.7742   18.5583
    0.0000  -45.0000   37.5000 2432.8281   17.9415
    7.5000  -45.0000   37.5000 2450.1636   17.9134
   -7.5000  -37.5000   37.5000 2492.2722   17.2222
    0.0000  -37.5000   37.5000 2553.5874   16.6129
    7.5000  -37.5000   37.5000 2571.6897   16.5785
   -7.5000  -30.0000   37.5000 2589.8252   16.1944
    0.0000  -30.0000   37.5000 2654.2402   15.5975
    7.5000  -30.0000   37.5000 2675.0681   15.5671
   -7.5000  -22.5000   37.5000 2664.4873   15.4868
    0.0000  -22.5000   37.5000 2725.9912   14.9634
    7.5000  -22.5000   37.5000 2739.5696   14.9319
   -7.5000  -15.0000   37.5000 2704.3225   15.1980
    0.0000  -15.0000   37.5000 2758.5679   14.7287
    7.5000  -15.0000   37.5000 2763.9922   14.6891
   -7.5000   -7.5000   37.5000 2688.7434   15.2482
    0.0000   -7.5000   37.5000 2737.8977   14.7883
    7.5000   -7.5000   37.5000 2744.8616   14.7272
   -7.5000    0.0000   37.5000 2634.5234   15.5984
    0.0000    0.0000   37.5000 2680.3201   15.1616
    7.5000    0.0000   37.5000 2686.2512   15.0991
   -7.5000    7.5000   37.5000 2554.5767   16.2215
    0.0000    7.5000   37.5000 2595.1360   15.7856
    7.5000    7.5000   37.5000 2600.7549   15.7052
   -7.5000   15.0000   37.5000 2453.5330   17.1625
    0.0000   15.0000   37.5000 2494.9285   16.6950
    7.5000   15.0000   37.5000 2496.8706   16.6399
   -7.5000   22.5000   37.5000 2342.0349   18.4617
    0.0000   22.5000   37.5000 2378.2524   17.9779
    7.5000   22.5000   37.5000 2380.1372   17.9441
   -7.5000   30.0000   37.5000 2211.0796   20.1461
    0.0000   30.0000   37.5000 2245.1453   19.6017
    7.5000   30.0000   37.5000 2242.8396   19.5638
   -7.5000   37.5000   37.5000 2051.7202   22.1792
    0.0000   37.5000   37.5000 2086.7246   21.5911
    7.5000   37.5000   37.5000 2081.6655   21.5797
   -7.5000   45.0000   37.5000 1866.3271   24.6207
    0.0000   45.0000   37.5000 1894.1191   23.9747
    7.5000   45.0000   37.5000 1892.4453   23.9745
   -7.5000  -45.0000   45.0000 2304.8440   19.4769
    0.0000  -45.0000   45.0000 2359.6123   18.9174
    7.5000  -45.0000   45.0000 2370.4358   18.8707
   -7.5000  -37.5000   45.0000 2406.6184   18.1008
    0.0000  -37.5000   45.0000 2470.6145   17.5456
    7.5000  -37.5000   45.0000 2487.3989   17.5212
   -7.5000  -30.0000   45.0000 2496.8232   17.0332
    0.0000  -30.0000   45.0000 2559.9683   16.5408
    7.5000  -30.0000   45.0000 2579.0085   16.5123
   -7.5000  -22.5000   45.0000 2563.8601   16.3767
    0.0000  -22.5000   45.0000 2620.6128   15.9187
    7.5000  -22.5000   45.0000 2630.4058   15.8805
   -7.5000  -15.0000   45.0000 2591.4805   16.1327
    0.0000  -15.0000   45.0000 2635.8723   15.7095
    7.5000  -15.0000   45.0000 2641.8481   15.6446
   -7.5000   -7.5000   45.0000 2569.4194   16.1892
    0.0000   -7.5000   45.0000 2611.5376   15.7558
    7.5000   -7.5000   45.0000 2614.0461   15.6811
   -7.5000    0.0000   45.0000 2519.1975   16.5336
    0.0000    0.0000   45.0000 2553.0127   16.1363
    7.5000    0.0000   45.0000 2556.6265   16.0503
   -7.5000    7.5000   45.0000 2445.2795   17.1341
    0.0000    7.5000   45.0000 2480.7878   16.7149
    7.5000    7.5000   45.0000 2485.6162   16.6362
   -7.5000   15.0000   45.0000 2356.2244   18.0820
    0.0000   15.0000   45.0000 2388.6152   17.6285
    7.5000   15.0000   45.0000 2385.4871   17.5705
   -7.5000   22.5000   45.0000 2242.5364   19.3501
    0.0000   22.5000   45.0000 2276.5483   18.8593
    7.5000   22.5000   45.0000 2271.4944   18.8331
   -7.5000   30.0000   45.0000 2121.4038   21.0676
    0.0000   30.0000   45.0000 2152.6895   20.5469
    7.5000   30.0000   45.0000 2148.0015   20.5155
   -7.5000   37.5000   45.0000 1970.3713   23.1754
    0.0000   37.5000   45.0000 1999.7899   22.5846
    7.5000   37.5000   45.0000 1993.3590   22.5583
   -7.5000   45.0000   45.0000 1789.7776   25.6430
    0.0000   45.0000   45.0000 1815.1389   24.9977
    7.5000   45.0000   45.0000 1815.8378   24.9313

---------------------------------------------------------------------
imgreg_4dfp /opt/freesurfer/average/711-2C_as_mni_average_305 /opt/freesurfer/average/711-2B_as_mni_average_305_mask talsrcimg_g11 none talsrcimg_to_711-2C_as_mni_average_305_t4 1283
---------------------------------------------------------------------

freesurfer imgreg_4dfp.c
/opt/freesurfer/average/711-2C_as_mni_average_305.4dfp.img
       256       256       256         1
  1.000000  1.000000  1.000000
orientation T byte_order littleendian
Reading image: /opt/freesurfer/average/711-2C_as_mni_average_305.4dfp.img
dimensions:      256       256       256
mmppix:       1.0000   -1.0000   -1.0000
center:     128.0000 -129.0000 -129.0000
/opt/freesurfer/average/711-2B_as_mni_average_305_mask.4dfp.img
       256       256       256         1
  1.000000  1.000000  1.000000
orientation T byte_order littleendian
Reading mask: /opt/freesurfer/average/711-2B_as_mni_average_305_mask.4dfp.img (2306576 pixels)
talsrcimg_g11.4dfp.img
       256       256       256         1
  0.900000  0.900000  0.900000
orientation T byte_order littleendian
Reading image: talsrcimg_g11.4dfp.img
dimensions:      256       256       256
mmppix:       0.9000   -0.9000   -0.9000
center:     115.2000 -116.1000 -116.1000
rotation matrix determinant  1.000000
fimgreg.f
image alignment mode   1283 decimal      503 hex
parameters
    7.5000   -7.5000   15.0000    0.0000    0.0000    0.0000
eta,q 0.93862 12.75581
niter,ni,del,rscale     5    3   12.0000    1.2000
parameter  1  0.603467 ->  0.500000 qaram    1.1500
parameter  6 -0.793431 -> -0.500000 qaram    1.1500
parameters
    4.0500   -8.3796   12.5818   -1.2253   -1.1615    3.4500
eta,q 0.94307 12.42499
  0.0610  0.0678  0.0619  0.0631  0.0610  0.0651
  0.0613  0.0639  0.0608  0.0600  0.0593  0.0631
  0.0611  0.0617  0.0599  0.0588  0.0590  0.0611
  0.0626  0.0614  0.0614  0.0598  0.0590  0.0591
  0.0671  0.0630  0.0634  0.0615  0.0598  0.0575
  0.0743  0.0673  0.0653  0.0633  0.0612  0.0570
  0.0817  0.0738  0.0708  0.0662  0.0631  0.0580
niter,ni,del,rscale     6    3   12.0000    1.2000
parameters
    4.7147   -8.4579   11.7994   -1.4336   -2.0556    3.0715
eta,q 0.94277 12.39056
  0.0679  0.0673  0.0602  0.0635  0.0614  0.0632
  0.0620  0.0625  0.0597  0.0604  0.0588  0.0606
  0.0584  0.0572  0.0592  0.0572  0.0573  0.0582
  0.0569  0.0570  0.0569  0.0575  0.0574  0.0572
  0.0576  0.0587  0.0581  0.0590  0.0592  0.0584
  0.0583  0.0622  0.0608  0.0609  0.0617  0.0612
  0.0650  0.0678  0.0631  0.0640  0.0632  0.0650
niter,ni,del,rscale     5    3   12.0000    1.2000
parameters
    4.9368   -8.4749   11.9194   -1.6274   -2.1440    3.0547
eta,q 0.94302 12.39687
  0.0675  0.0684  0.0608  0.0632  0.0625  0.0635
  0.0624  0.0635  0.0593  0.0603  0.0595  0.0608
  0.0576  0.0578  0.0595  0.0569  0.0576  0.0583
  0.0572  0.0573  0.0573  0.0571  0.0570  0.0570
  0.0582  0.0591  0.0567  0.0588  0.0580  0.0579
  0.0595  0.0628  0.0585  0.0606  0.0604  0.0604
  0.0671  0.0686  0.0618  0.0636  0.0622  0.0640
niter,ni,del,rscale     4    3   12.0000    1.2000
parameters
    4.9410   -8.3985   11.8958   -1.7230   -2.1733    3.0621
eta,q 0.94303 12.39812
  0.0667  0.0684  0.0605  0.0634  0.0626  0.0636
  0.0616  0.0636  0.0591  0.0606  0.0595  0.0608
  0.0572  0.0579  0.0593  0.0571  0.0577  0.0583
  0.0570  0.0570  0.0570  0.0571  0.0570  0.0570
  0.0579  0.0588  0.0566  0.0587  0.0579  0.0579
  0.0597  0.0624  0.0586  0.0605  0.0603  0.0604
  0.0676  0.0680  0.0619  0.0635  0.0621  0.0640
niter,ni,del,rscale     3    3   12.0000    1.2000
parameters
    4.9535   -8.3576   11.8696   -1.7746   -2.2022    3.0658
eta,q 0.94301 12.39834
  0.0667  0.0683  0.0605  0.0635  0.0626  0.0636
  0.0616  0.0636  0.0590  0.0607  0.0596  0.0609
  0.0571  0.0579  0.0592  0.0572  0.0577  0.0583
  0.0570  0.0570  0.0570  0.0570  0.0570  0.0570
  0.0579  0.0589  0.0565  0.0587  0.0579  0.0579
  0.0597  0.0625  0.0585  0.0605  0.0603  0.0604
  0.0676  0.0682  0.0619  0.0635  0.0622  0.0640
registration optimization eta report
parameter search radius
    6.9000    6.0000    6.0000    6.0000    6.0000    6.9000
100000*second partial in parameter space
       22.       31.       11.       18.       15.       14.
  0.0667  0.0683  0.0605  0.0635  0.0626  0.0636
  0.0616  0.0636  0.0590  0.0607  0.0596  0.0609
  0.0571  0.0579  0.0592  0.0572  0.0577  0.0583
  0.0570  0.0570  0.0570  0.0570  0.0570  0.0570
  0.0579  0.0589  0.0565  0.0587  0.0579  0.0579
  0.0597  0.0625  0.0585  0.0605  0.0603  0.0604
  0.0676  0.0682  0.0619  0.0635  0.0622  0.0640
    4.9535   -8.3576   11.8696   -1.7746   -2.2022    3.0658
eta,q 0.94301 12.39834

---------------------------------------------------------------------
imgreg_4dfp /opt/freesurfer/average/711-2C_as_mni_average_305 /opt/freesurfer/average/711-2B_as_mni_average_305_mask talsrcimg_g11 none talsrcimg_to_711-2C_as_mni_average_305_t4 3335
---------------------------------------------------------------------

freesurfer imgreg_4dfp.c
/opt/freesurfer/average/711-2C_as_mni_average_305.4dfp.img
       256       256       256         1
  1.000000  1.000000  1.000000
orientation T byte_order littleendian
Reading image: /opt/freesurfer/average/711-2C_as_mni_average_305.4dfp.img
dimensions:      256       256       256
mmppix:       1.0000   -1.0000   -1.0000
center:     128.0000 -129.0000 -129.0000
/opt/freesurfer/average/711-2B_as_mni_average_305_mask.4dfp.img
       256       256       256         1
  1.000000  1.000000  1.000000
orientation T byte_order littleendian
Reading mask: /opt/freesurfer/average/711-2B_as_mni_average_305_mask.4dfp.img (2306576 pixels)
talsrcimg_g11.4dfp.img
       256       256       256         1
  0.900000  0.900000  0.900000
orientation T byte_order littleendian
Reading image: talsrcimg_g11.4dfp.img
dimensions:      256       256       256
mmppix:       0.9000   -0.9000   -0.9000
center:     115.2000 -116.1000 -116.1000
fimgreg.f
image alignment mode   3335 decimal      D07 hex
parameters
    4.9535   -8.3576   11.8696   -0.2169   -0.1974   -0.1218
   -5.4645    3.6697    5.3443    3.2977   -3.8427   -3.0944
eta,q 0.94503 12.53031
niter,ni,del,rscale     5    3    5.0000    1.2000
parameter  3  1.486301 ->  0.500000 qaram    1.1500
parameter  4  3.890348 ->  0.500000 qaram    1.1500
parameter  5  2.536916 ->  0.500000 qaram    1.1500
parameter  6  4.812733 ->  0.500000 qaram    1.1500
parameter 10  0.700420 ->  0.500000 qaram    1.1500
parameter 12  1.461383 ->  0.500000 qaram    1.1500
parameters
    4.9399   -8.3815   10.4896   -4.3569   -4.3374   -4.2618
   -6.5156    4.4387    3.5404   -0.8423   -2.6086   -7.2344
eta,q 0.96554 11.61155
  0.0565  0.0568  0.0545  0.0440  0.0400  0.0343  0.0392  0.0418  0.0386  0.0365  0.0377  0.0339
  0.0558  0.0558  0.0544  0.0470  0.0422  0.0369  0.0382  0.0396  0.0379  0.0361  0.0370  0.0343
  0.0552  0.0551  0.0546  0.0507  0.0450  0.0396  0.0377  0.0382  0.0376  0.0364  0.0364  0.0350
  0.0550  0.0550  0.0550  0.0544  0.0480  0.0429  0.0377  0.0376  0.0376  0.0375  0.0361  0.0360
  0.0551  0.0552  0.0553  0.0586  0.0514  0.0463  0.0381  0.0379  0.0382  0.0393  0.0360  0.0373
  0.0557  0.0558  0.0556  0.0633  0.0555  0.0495  0.0391  0.0387  0.0392  0.0413  0.0364  0.0387
  0.0567  0.0568  0.0560  0.0680  0.0599  0.0535  0.0403  0.0403  0.0405  0.0440  0.0369  0.0403
niter,ni,del,rscale     7    3    5.0000    1.2000
parameter  4  1.145077 ->  0.500000 qaram    1.3225
parameter  5  1.064319 ->  0.500000 qaram    1.3225
parameter  6  0.501347 ->  0.500000 qaram    1.3225
parameters
    4.7560   -8.2378   10.1643   -9.1179   -9.0984   -9.0228
   -5.7817    4.0407    3.9988    1.3710   -4.1378  -10.6194
eta,q 0.97551 11.25731
  0.0369  0.0370  0.0359  0.0287  0.0256  0.0264  0.0284  0.0292  0.0275  0.0300  0.0257  0.0250
  0.0355  0.0357  0.0349  0.0289  0.0262  0.0255  0.0269  0.0270  0.0263  0.0279  0.0250  0.0246
  0.0347  0.0348  0.0345  0.0308  0.0274  0.0251  0.0258  0.0256  0.0256  0.0264  0.0247  0.0245
  0.0345  0.0344  0.0344  0.0344  0.0293  0.0265  0.0253  0.0253  0.0253  0.0252  0.0248  0.0247
  0.0349  0.0346  0.0347  0.0392  0.0321  0.0291  0.0254  0.0259  0.0254  0.0248  0.0253  0.0252
  0.0361  0.0353  0.0354  0.0444  0.0357  0.0340  0.0261  0.0276  0.0260  0.0253  0.0259  0.0261
  0.0379  0.0365  0.0369  0.0498  0.0397  0.0392  0.0273  0.0302  0.0270  0.0269  0.0268  0.0272
niter,ni,del,rscale     7    3    5.0000    1.2000
parameters
    4.9130   -8.1925    9.1265  -11.7920  -12.0563   -9.1009
   -6.0088    4.4771    4.5742    1.7486   -5.3685  -13.0539
eta,q 0.97606 11.08762
  0.0282  0.0269  0.0251  0.0266  0.0259  0.0287  0.0263  0.0285  0.0260  0.0275  0.0248  0.0245
  0.0264  0.0255  0.0244  0.0255  0.0247  0.0269  0.0251  0.0262  0.0251  0.0257  0.0242  0.0241
  0.0251  0.0247  0.0242  0.0246  0.0241  0.0254  0.0243  0.0246  0.0244  0.0246  0.0240  0.0239
  0.0245  0.0245  0.0245  0.0242  0.0245  0.0241  0.0241  0.0241  0.0241  0.0241  0.0241  0.0240
  0.0247  0.0248  0.0253  0.0256  0.0256  0.0236  0.0245  0.0244  0.0242  0.0243  0.0244  0.0244
  0.0257  0.0255  0.0267  0.0294  0.0278  0.0263  0.0253  0.0254  0.0247  0.0252  0.0248  0.0251
  0.0275  0.0266  0.0285  0.0344  0.0311  0.0301  0.0265  0.0276  0.0255  0.0270  0.0254  0.0260
niter,ni,del,rscale     6    3    5.0000    1.2000
parameters
    5.1186   -8.0094    9.1346  -12.1324  -12.2875   -9.0351
   -6.1690    4.6583    4.8596    1.9827   -5.8060  -13.2914
eta,q 0.97604 11.06721
  0.0271  0.0265  0.0258  0.0274  0.0273  0.0287  0.0262  0.0281  0.0257  0.0272  0.0250  0.0251
  0.0255  0.0251  0.0247  0.0259  0.0257  0.0269  0.0250  0.0259  0.0248  0.0254  0.0243  0.0244
  0.0245  0.0242  0.0241  0.0248  0.0245  0.0252  0.0242  0.0244  0.0242  0.0243  0.0240  0.0241
  0.0239  0.0239  0.0239  0.0239  0.0240  0.0240  0.0240  0.0240  0.0240  0.0240  0.0240  0.0240
  0.0240  0.0241  0.0241  0.0236  0.0245  0.0235  0.0243  0.0244  0.0241  0.0243  0.0242  0.0241
  0.0248  0.0247  0.0247  0.0253  0.0256  0.0260  0.0252  0.0256  0.0246  0.0251  0.0246  0.0245
  0.0263  0.0257  0.0258  0.0291  0.0279  0.0297  0.0264  0.0277  0.0255  0.0269  0.0251  0.0253
niter,ni,del,rscale     5    3    5.0000    1.2000
parameters
    5.1495   -7.9593    9.1228  -12.1308  -12.2973   -9.0526
   -6.2314    4.7199    4.9698    2.0341   -5.8797  -13.3582
eta,q 0.97603 11.06643
  0.0267  0.0262  0.0258  0.0275  0.0274  0.0287  0.0263  0.0280  0.0256  0.0271  0.0251  0.0252
  0.0253  0.0249  0.0248  0.0260  0.0258  0.0269  0.0250  0.0258  0.0247  0.0253  0.0244  0.0245
  0.0243  0.0242  0.0241  0.0249  0.0246  0.0252  0.0242  0.0243  0.0242  0.0242  0.0240  0.0241
  0.0240  0.0240  0.0240  0.0240  0.0240  0.0240  0.0240  0.0240  0.0240  0.0240  0.0240  0.0240
  0.0242  0.0242  0.0242  0.0236  0.0244  0.0235  0.0243  0.0245  0.0241  0.0243  0.0242  0.0241
  0.0251  0.0249  0.0248  0.0250  0.0255  0.0261  0.0251  0.0257  0.0247  0.0252  0.0245  0.0245
  0.0267  0.0259  0.0259  0.0286  0.0277  0.0298  0.0263  0.0278  0.0256  0.0270  0.0251  0.0252
niter,ni,del,rscale     4    3    5.0000    1.2000
parameters
    5.1529   -7.9515    9.1134  -12.1281  -12.2970   -9.0574
   -6.2502    4.7311    4.9873    2.0446   -5.8947  -13.3784
eta,q 0.97602 11.06665
  0.0267  0.0261  0.0258  0.0276  0.0274  0.0287  0.0263  0.0279  0.0256  0.0270  0.0252  0.0252
  0.0252  0.0249  0.0248  0.0260  0.0258  0.0269  0.0251  0.0257  0.0247  0.0253  0.0244  0.0245
  0.0243  0.0241  0.0242  0.0249  0.0246  0.0252  0.0243  0.0243  0.0242  0.0242  0.0240  0.0241
  0.0240  0.0240  0.0240  0.0240  0.0240  0.0240  0.0240  0.0240  0.0240  0.0240  0.0240  0.0240
  0.0242  0.0243  0.0242  0.0236  0.0244  0.0235  0.0243  0.0245  0.0241  0.0243  0.0242  0.0241
  0.0251  0.0249  0.0248  0.0251  0.0255  0.0261  0.0251  0.0257  0.0247  0.0252  0.0245  0.0245
  0.0267  0.0260  0.0259  0.0286  0.0277  0.0298  0.0263  0.0279  0.0256  0.0270  0.0250  0.0252
registration optimization eta report
parameter search radius
    2.4000    2.4000    2.7600    9.5220    9.5220    9.5220
    7.2000    7.2000    7.2000    8.2800    7.2000    8.2800
100000*second partial in parameter space
       47.       36.       25.        5.        4.        6.
        4.        8.        3.        5.        2.        2.
  0.0267  0.0261  0.0258  0.0276  0.0274  0.0287  0.0263  0.0279  0.0256  0.0270  0.0252  0.0252
  0.0252  0.0249  0.0248  0.0260  0.0258  0.0269  0.0251  0.0257  0.0247  0.0253  0.0244  0.0245
  0.0243  0.0241  0.0242  0.0249  0.0246  0.0252  0.0243  0.0243  0.0242  0.0242  0.0240  0.0241
  0.0240  0.0240  0.0240  0.0240  0.0240  0.0240  0.0240  0.0240  0.0240  0.0240  0.0240  0.0240
  0.0242  0.0243  0.0242  0.0236  0.0244  0.0235  0.0243  0.0245  0.0241  0.0243  0.0242  0.0241
  0.0251  0.0249  0.0248  0.0251  0.0255  0.0261  0.0251  0.0257  0.0247  0.0252  0.0245  0.0245
  0.0267  0.0260  0.0259  0.0286  0.0277  0.0298  0.0263  0.0279  0.0256  0.0270  0.0250  0.0252
    5.1529   -7.9515    9.1134  -12.1281  -12.2970   -9.0574
   -6.2502    4.7311    4.9873    2.0446   -5.8947  -13.3784
eta,q 0.97602 11.06665

---------------------------------------------------------------------
imgreg_4dfp /opt/freesurfer/average/711-2C_as_mni_average_305 /opt/freesurfer/average/711-2B_as_mni_average_305_mask talsrcimg_g11 none talsrcimg_to_711-2C_as_mni_average_305_t4 2311
---------------------------------------------------------------------

freesurfer imgreg_4dfp.c
/opt/freesurfer/average/711-2C_as_mni_average_305.4dfp.img
       256       256       256         1
  1.000000  1.000000  1.000000
orientation T byte_order littleendian
Reading image: /opt/freesurfer/average/711-2C_as_mni_average_305.4dfp.img
dimensions:      256       256       256
mmppix:       1.0000   -1.0000   -1.0000
center:     128.0000 -129.0000 -129.0000
/opt/freesurfer/average/711-2B_as_mni_average_305_mask.4dfp.img
       256       256       256         1
  1.000000  1.000000  1.000000
orientation T byte_order littleendian
Reading mask: /opt/freesurfer/average/711-2B_as_mni_average_305_mask.4dfp.img (2306576 pixels)
talsrcimg_g11.4dfp.img
       256       256       256         1
  0.900000  0.900000  0.900000
orientation T byte_order littleendian
Reading image: talsrcimg_g11.4dfp.img
dimensions:      256       256       256
mmppix:       0.9000   -0.9000   -0.9000
center:     115.2000 -116.1000 -116.1000
fimgreg.f
image alignment mode   2311 decimal      907 hex
parameters
    5.1529   -7.9515    9.1134  -12.1281  -12.2970   -9.0574
   -6.2502    4.7311    4.9873    2.0446   -5.8947  -13.3784
eta,q 0.97602 11.06664
niter,ni,del,rscale     5    3    5.0000    0.8000
parameters
    5.1873   -8.0122    9.1249   -9.7963  -12.2273   -8.0091
   -6.2674    5.0731    4.9319    2.3756   -5.1674  -12.3022
eta,q 0.97682 11.17706
  0.0252  0.0249  0.0246  0.0254  0.0247  0.0256  0.0246  0.0260  0.0241  0.0245  0.0243  0.0239
  0.0246  0.0243  0.0242  0.0249  0.0241  0.0248  0.0238  0.0247  0.0236  0.0238  0.0238  0.0235
  0.0241  0.0240  0.0240  0.0244  0.0237  0.0241  0.0234  0.0237  0.0233  0.0234  0.0234  0.0233
  0.0240  0.0240  0.0240  0.0240  0.0235  0.0235  0.0233  0.0233  0.0232  0.0232  0.0232  0.0232
  0.0241  0.0241  0.0240  0.0236  0.0237  0.0232  0.0234  0.0234  0.0233  0.0233  0.0233  0.0232
  0.0245  0.0245  0.0242  0.0236  0.0241  0.0234  0.0239  0.0242  0.0236  0.0236  0.0234  0.0233
  0.0252  0.0250  0.0246  0.0241  0.0246  0.0246  0.0246  0.0254  0.0241  0.0242  0.0238  0.0235
niter,ni,del,rscale     4    3    5.0000    0.7000
parameters
    4.9991   -8.0741    9.0377  -10.2053  -11.9457   -7.7005
   -6.0000    4.9805    4.9187    2.2714   -4.8811  -12.3771
eta,q 0.97691 11.18439
  0.0241  0.0239  0.0237  0.0242  0.0242  0.0250  0.0242  0.0251  0.0237  0.0240  0.0238  0.0234
  0.0235  0.0234  0.0234  0.0238  0.0237  0.0243  0.0236  0.0240  0.0234  0.0235  0.0234  0.0232
  0.0232  0.0232  0.0232  0.0234  0.0234  0.0237  0.0233  0.0233  0.0232  0.0232  0.0232  0.0231
  0.0232  0.0232  0.0232  0.0232  0.0232  0.0232  0.0231  0.0231  0.0231  0.0231  0.0231  0.0231
  0.0234  0.0233  0.0233  0.0233  0.0233  0.0230  0.0232  0.0234  0.0232  0.0232  0.0232  0.0231
  0.0240  0.0236  0.0235  0.0240  0.0235  0.0236  0.0235  0.0241  0.0234  0.0235  0.0233  0.0232
  0.0248  0.0240  0.0239  0.0250  0.0240  0.0249  0.0240  0.0253  0.0238  0.0241  0.0236  0.0235
niter,ni,del,rscale     3    3    5.0000    0.6000
parameters
    4.9885   -8.1127    8.9875  -10.1997  -11.9030   -7.4819
   -5.9855    4.9746    4.8948    2.2384   -4.7295  -12.3756
eta,q 0.97696 11.19076
  0.0240  0.0237  0.0236  0.0240  0.0238  0.0246  0.0238  0.0247  0.0235  0.0237  0.0236  0.0233
  0.0235  0.0233  0.0233  0.0237  0.0234  0.0240  0.0234  0.0238  0.0233  0.0234  0.0233  0.0232
  0.0232  0.0231  0.0231  0.0233  0.0232  0.0235  0.0231  0.0232  0.0231  0.0231  0.0231  0.0231
  0.0231  0.0231  0.0231  0.0231  0.0231  0.0231  0.0230  0.0230  0.0230  0.0230  0.0230  0.0230
  0.0232  0.0232  0.0232  0.0231  0.0232  0.0230  0.0231  0.0232  0.0231  0.0231  0.0231  0.0231
  0.0235  0.0234  0.0233  0.0235  0.0234  0.0235  0.0234  0.0238  0.0233  0.0234  0.0232  0.0232
  0.0240  0.0237  0.0237  0.0242  0.0238  0.0246  0.0238  0.0247  0.0235  0.0238  0.0235  0.0233
niter,ni,del,rscale     2    3    5.0000    0.5000
parameters
    4.9757   -8.1235    8.9860  -10.1324  -11.9133   -7.2872
   -5.9591    4.9828    4.8714    2.2211   -4.6246  -12.3840
eta,q 0.97700 11.19507
  0.0237  0.0235  0.0234  0.0238  0.0236  0.0242  0.0235  0.0242  0.0233  0.0235  0.0234  0.0232
  0.0233  0.0232  0.0232  0.0235  0.0233  0.0238  0.0232  0.0236  0.0231  0.0232  0.0232  0.0231
  0.0231  0.0231  0.0231  0.0232  0.0231  0.0234  0.0231  0.0231  0.0230  0.0231  0.0230  0.0230
  0.0230  0.0230  0.0230  0.0230  0.0230  0.0230  0.0230  0.0230  0.0230  0.0230  0.0230  0.0230
  0.0231  0.0231  0.0231  0.0231  0.0231  0.0230  0.0231  0.0231  0.0230  0.0231  0.0230  0.0230
  0.0233  0.0232  0.0232  0.0233  0.0233  0.0234  0.0232  0.0235  0.0232  0.0232  0.0231  0.0231
  0.0237  0.0235  0.0234  0.0238  0.0236  0.0241  0.0235  0.0242  0.0234  0.0235  0.0233  0.0232
niter,ni,del,rscale     1    3    5.0000    0.4000
parameters
    4.9657   -8.1366    8.9876  -10.0698  -11.9240   -7.1237
   -5.9415    4.9837    4.8643    2.2046   -4.5402  -12.3987
eta,q 0.97702 11.19862
  0.0234  0.0233  0.0233  0.0235  0.0234  0.0239  0.0233  0.0238  0.0232  0.0233  0.0232  0.0231
  0.0232  0.0231  0.0231  0.0233  0.0232  0.0235  0.0231  0.0233  0.0231  0.0231  0.0231  0.0230
  0.0230  0.0230  0.0230  0.0231  0.0230  0.0232  0.0230  0.0231  0.0230  0.0230  0.0230  0.0230
  0.0230  0.0230  0.0230  0.0230  0.0230  0.0230  0.0230  0.0230  0.0230  0.0230  0.0230  0.0230
  0.0231  0.0230  0.0230  0.0230  0.0230  0.0230  0.0230  0.0231  0.0230  0.0230  0.0230  0.0230
  0.0232  0.0231  0.0231  0.0232  0.0232  0.0232  0.0231  0.0233  0.0231  0.0231  0.0231  0.0230
  0.0234  0.0233  0.0233  0.0235  0.0234  0.0238  0.0233  0.0238  0.0232  0.0233  0.0232  0.0231
registration optimization eta report
parameter search radius
    0.8000    0.8000    0.8000    2.4000    2.4000    2.4000
    2.4000    2.4000    2.4000    2.4000    2.4000    2.4000
100000*second partial in parameter space
       67.       42.       41.        9.        6.       14.
        6.       14.        4.        6.        4.        2.
  0.0234  0.0233  0.0233  0.0235  0.0234  0.0239  0.0233  0.0238  0.0232  0.0233  0.0232  0.0231
  0.0232  0.0231  0.0231  0.0233  0.0232  0.0235  0.0231  0.0233  0.0231  0.0231  0.0231  0.0230
  0.0230  0.0230  0.0230  0.0231  0.0230  0.0232  0.0230  0.0231  0.0230  0.0230  0.0230  0.0230
  0.0230  0.0230  0.0230  0.0230  0.0230  0.0230  0.0230  0.0230  0.0230  0.0230  0.0230  0.0230
  0.0231  0.0230  0.0230  0.0230  0.0230  0.0230  0.0230  0.0231  0.0230  0.0230  0.0230  0.0230
  0.0232  0.0231  0.0231  0.0232  0.0232  0.0232  0.0231  0.0233  0.0231  0.0231  0.0231  0.0230
  0.0234  0.0233  0.0233  0.0235  0.0234  0.0238  0.0233  0.0238  0.0232  0.0233  0.0232  0.0231
    4.9657   -8.1366    8.9876  -10.0698  -11.9240   -7.1237
   -5.9415    4.9837    4.8643    2.2046   -4.5402  -12.3987
eta,q 0.97702 11.19862

---------------------------------------------------------------------
imgreg_4dfp /opt/freesurfer/average/711-2C_as_mni_average_305 /opt/freesurfer/average/711-2B_as_mni_average_305_mask talsrcimg_g11 none talsrcimg_to_711-2C_as_mni_average_305_t4 2311
---------------------------------------------------------------------

freesurfer imgreg_4dfp.c
/opt/freesurfer/average/711-2C_as_mni_average_305.4dfp.img
       256       256       256         1
  1.000000  1.000000  1.000000
orientation T byte_order littleendian
Reading image: /opt/freesurfer/average/711-2C_as_mni_average_305.4dfp.img
dimensions:      256       256       256
mmppix:       1.0000   -1.0000   -1.0000
center:     128.0000 -129.0000 -129.0000
/opt/freesurfer/average/711-2B_as_mni_average_305_mask.4dfp.img
       256       256       256         1
  1.000000  1.000000  1.000000
orientation T byte_order littleendian
Reading mask: /opt/freesurfer/average/711-2B_as_mni_average_305_mask.4dfp.img (2306576 pixels)
talsrcimg_g11.4dfp.img
       256       256       256         1
  0.900000  0.900000  0.900000
orientation T byte_order littleendian
Reading image: talsrcimg_g11.4dfp.img
dimensions:      256       256       256
mmppix:       0.9000   -0.9000   -0.9000
center:     115.2000 -116.1000 -116.1000
fimgreg.f
image alignment mode   2311 decimal      907 hex
parameters
    4.9657   -8.1366    8.9876  -10.0698  -11.9240   -7.1237
   -5.9415    4.9837    4.8643    2.2046   -4.5402  -12.3987
eta,q 0.97702 11.19862
niter,ni,del,rscale     5    3    5.0000    0.8000
parameters
    4.9392   -8.0830    8.9690  -10.6377  -11.8568   -7.6591
   -5.9479    4.8099    4.7894    2.2462   -4.7112  -12.5793
eta,q 0.97686 11.17649
  0.0246  0.0241  0.0240  0.0242  0.0242  0.0249  0.0244  0.0255  0.0240  0.0244  0.0239  0.0236
  0.0237  0.0235  0.0234  0.0237  0.0236  0.0243  0.0237  0.0243  0.0235  0.0237  0.0234  0.0233
  0.0232  0.0231  0.0231  0.0232  0.0232  0.0236  0.0233  0.0234  0.0232  0.0233  0.0232  0.0232
  0.0230  0.0230  0.0230  0.0230  0.0230  0.0230  0.0231  0.0231  0.0231  0.0232  0.0231  0.0231
  0.0232  0.0231  0.0231  0.0232  0.0232  0.0233  0.0233  0.0235  0.0232  0.0233  0.0233  0.0232
  0.0238  0.0234  0.0235  0.0240  0.0236  0.0246  0.0237  0.0245  0.0235  0.0237  0.0236  0.0234
  0.0247  0.0240  0.0241  0.0254  0.0242  0.0267  0.0244  0.0259  0.0240  0.0244  0.0240  0.0237
niter,ni,del,rscale     4    3    5.0000    0.7000
parameters
    4.9861   -8.0917    8.9506  -10.3953  -11.8716   -7.6410
   -5.9986    4.8831    4.8508    2.2759   -4.7350  -12.5335
eta,q 0.97690 11.18383
  0.0244  0.0239  0.0238  0.0244  0.0240  0.0248  0.0241  0.0252  0.0238  0.0240  0.0237  0.0235
  0.0237  0.0235  0.0234  0.0239  0.0236  0.0242  0.0235  0.0241  0.0234  0.0235  0.0234  0.0233
  0.0233  0.0232  0.0232  0.0235  0.0232  0.0236  0.0232  0.0234  0.0232  0.0232  0.0232  0.0231
  0.0231  0.0231  0.0231  0.0231  0.0231  0.0231  0.0231  0.0231  0.0231  0.0231  0.0231  0.0231
  0.0232  0.0232  0.0232  0.0231  0.0232  0.0230  0.0232  0.0233  0.0232  0.0232  0.0232  0.0231
  0.0236  0.0235  0.0235  0.0235  0.0236  0.0238  0.0236  0.0240  0.0234  0.0235  0.0234  0.0232
  0.0243  0.0239  0.0239  0.0243  0.0240  0.0253  0.0241  0.0251  0.0237  0.0240  0.0237  0.0235
niter,ni,del,rscale     3    3    5.0000    0.6000
parameters
    4.9815   -8.1021    8.9615  -10.2307  -11.8901   -7.4699
   -5.9892    4.9386    4.8608    2.2625   -4.6732  -12.4397
eta,q 0.97696 11.19072
  0.0240  0.0237  0.0236  0.0241  0.0238  0.0245  0.0238  0.0247  0.0235  0.0237  0.0236  0.0233
  0.0235  0.0233  0.0233  0.0237  0.0234  0.0240  0.0234  0.0238  0.0233  0.0234  0.0233  0.0232
  0.0232  0.0231  0.0232  0.0233  0.0232  0.0235  0.0231  0.0233  0.0231  0.0231  0.0231  0.0231
  0.0231  0.0231  0.0231  0.0231  0.0231  0.0231  0.0230  0.0230  0.0230  0.0230  0.0230  0.0230
  0.0232  0.0232  0.0232  0.0231  0.0232  0.0230  0.0231  0.0232  0.0231  0.0231  0.0231  0.0231
  0.0235  0.0234  0.0233  0.0234  0.0234  0.0235  0.0234  0.0238  0.0233  0.0234  0.0233  0.0231
  0.0240  0.0237  0.0236  0.0241  0.0238  0.0246  0.0238  0.0246  0.0235  0.0238  0.0235  0.0233
niter,ni,del,rscale     2    3    5.0000    0.5000
parameters
    4.9706   -8.1156    8.9772  -10.1338  -11.9129   -7.2843
   -5.9528    4.9681    4.8458    2.2334   -4.5956  -12.3784
eta,q 0.97700 11.19513
  0.0237  0.0235  0.0234  0.0238  0.0235  0.0242  0.0235  0.0242  0.0233  0.0235  0.0234  0.0232
  0.0233  0.0232  0.0232  0.0235  0.0233  0.0238  0.0232  0.0236  0.0231  0.0232  0.0232  0.0231
  0.0231  0.0231  0.0231  0.0232  0.0231  0.0233  0.0231  0.0232  0.0230  0.0231  0.0230  0.0230
  0.0230  0.0230  0.0230  0.0230  0.0230  0.0230  0.0230  0.0230  0.0230  0.0230  0.0230  0.0230
  0.0231  0.0231  0.0231  0.0231  0.0231  0.0230  0.0231  0.0231  0.0230  0.0231  0.0230  0.0230
  0.0233  0.0232  0.0232  0.0233  0.0233  0.0234  0.0232  0.0235  0.0232  0.0232  0.0232  0.0231
  0.0237  0.0235  0.0234  0.0238  0.0236  0.0241  0.0235  0.0242  0.0233  0.0235  0.0233  0.0232
niter,ni,del,rscale     1    3    5.0000    0.4000
parameters
    4.9622   -8.1327    8.9836  -10.0698  -11.9306   -7.1222
   -5.9351    4.9764    4.8295    2.1969   -4.5140  -12.4022
eta,q 0.97702 11.19813
  0.0234  0.0233  0.0233  0.0235  0.0233  0.0239  0.0233  0.0238  0.0232  0.0233  0.0232  0.0231
  0.0232  0.0231  0.0231  0.0233  0.0232  0.0235  0.0231  0.0233  0.0231  0.0231  0.0231  0.0230
  0.0231  0.0230  0.0230  0.0231  0.0230  0.0232  0.0230  0.0231  0.0230  0.0230  0.0230  0.0230
  0.0230  0.0230  0.0230  0.0230  0.0230  0.0230  0.0230  0.0230  0.0230  0.0230  0.0230  0.0230
  0.0230  0.0230  0.0230  0.0230  0.0230  0.0230  0.0230  0.0231  0.0230  0.0230  0.0230  0.0230
  0.0232  0.0231  0.0231  0.0232  0.0232  0.0232  0.0231  0.0233  0.0231  0.0231  0.0231  0.0230
  0.0234  0.0233  0.0233  0.0235  0.0234  0.0238  0.0233  0.0238  0.0232  0.0233  0.0232  0.0231
registration optimization eta report
parameter search radius
    0.8000    0.8000    0.8000    2.4000    2.4000    2.4000
    2.4000    2.4000    2.4000    2.4000    2.4000    2.4000
100000*second partial in parameter space
       67.       42.       41.        9.        6.       14.
        6.       14.        4.        6.        4.        2.
  0.0234  0.0233  0.0233  0.0235  0.0233  0.0239  0.0233  0.0238  0.0232  0.0233  0.0232  0.0231
  0.0232  0.0231  0.0231  0.0233  0.0232  0.0235  0.0231  0.0233  0.0231  0.0231  0.0231  0.0230
  0.0231  0.0230  0.0230  0.0231  0.0230  0.0232  0.0230  0.0231  0.0230  0.0230  0.0230  0.0230
  0.0230  0.0230  0.0230  0.0230  0.0230  0.0230  0.0230  0.0230  0.0230  0.0230  0.0230  0.0230
  0.0230  0.0230  0.0230  0.0230  0.0230  0.0230  0.0230  0.0231  0.0230  0.0230  0.0230  0.0230
  0.0232  0.0231  0.0231  0.0232  0.0232  0.0232  0.0231  0.0233  0.0231  0.0231  0.0231  0.0230
  0.0234  0.0233  0.0233  0.0235  0.0234  0.0238  0.0233  0.0238  0.0232  0.0233  0.0232  0.0231
    4.9622   -8.1327    8.9836  -10.0698  -11.9306   -7.1222
   -5.9351    4.9764    4.8295    2.1969   -4.5140  -12.4022
eta,q 0.97702 11.19813

---------------------------------------------------------------------
compute_vox2vox talsrcimg talsrcimg_to_711-2C_as_mni_average_305_t4 /opt/freesurfer/average/711-2C_as_mni_average_305
---------------------------------------------------------------------

freesurfer compute_vox2vox.c
Reading: talsrcimg.4dfp.ifh
Reading: talsrcimg_to_711-2C_as_mni_average_305_t4
Reading: /opt/freesurfer/average/711-2C_as_mni_average_305.4dfp.ifh
Writing: talsrcimg_to_711-2C_as_mni_average_305_t4_vox2vox.txt

start time Wed Mar 11 20:09:16 CET 2026
end		time Wed Mar 11 20:10:41 CET 2026

mpr2mni305 success

avi2talxfm orig_nu.mgz /opt/freesurfer/average/mni305.cor.mgz talsrcimg_to_711-2C_as_mni_average_305_t4_vox2vox.txt transforms/talairach.auto.xfm
avi2talxfm done
mv -f /out/sourcedata/freesurfer/sub-v2s1x29876_ses-1/mri/talsrcimg_to_711-2C_as_mni_average_305_t4_vox2vox.txt /out/sourcedata/freesurfer/sub-v2s1x29876_ses-1/mri/transforms/talsrcimg_to_711-2C_as_mni_average_305_t4_vox2vox.txt
lta_convert --src orig_nu.mgz --trg /opt/freesurfer/average/mni305.cor.mgz --inxfm transforms/talairach.auto.xfm --outlta transforms/talairach.auto.xfm.lta --subject fsaverage
7.3.2

--src: orig_nu.mgz src image (geometry).
--trg: /opt/freesurfer/average/mni305.cor.mgz trg image (geometry).
--inmni: transforms/talairach.auto.xfm input MNI/XFM transform.
--outlta: transforms/talairach.auto.xfm.lta output LTA.
--s: fsaverage subject name
 LTA read, type : 1
 1.10538  -0.06079   0.06593  -13.52156;
 0.04548   1.07061   0.15383  -49.30685;
-0.06175  -0.02337   1.12802  -22.46362;
 0.00000   0.00000   0.00000   1.00000;
setting subject to fsaverage
Writing  LTA to file transforms/talairach.auto.xfm.lta...
lta_convert successful.
 
 
Started at Wed Mar 11 20:09:15 CET 2026
Ended   at Wed Mar 11 20:10:41 CET 2026
talairach_avi done
