status file for recon-all
Thu Mar 12 22:02:51 CET 2026
#@# Tessellate lh Thu Mar 12 22:02:51 CET 2026
#@# Smooth1 lh Thu Mar 12 22:02:55 CET 2026
#@# Inflation1 lh Thu Mar 12 22:02:58 CET 2026
#@# QSphere lh Thu Mar 12 22:04:06 CET 2026
#@# Fix Topology lh Thu Mar 12 22:05:31 CET 2026
#@# Smooth2 lh Thu Mar 12 22:12:36 CET 2026
#@# Inflation2 lh Thu Mar 12 22:12:40 CET 2026
#@# Curv .H and .K lh Thu Mar 12 22:13:05 CET 2026
#@# Sphere lh Thu Mar 12 22:13:59 CET 2026
#@# Surf Reg lh Thu Mar 12 22:17:08 CET 2026
#@# Jacobian white lh Thu Mar 12 22:21:34 CET 2026
#@# AvgCurv lh Thu Mar 12 22:21:35 CET 2026
#@# Cortical Parc lh Thu Mar 12 22:21:36 CET 2026
#@# white curv lh Thu Mar 12 22:28:54 CET 2026
#@# white area lh Thu Mar 12 22:28:56 CET 2026
#@# pial curv lh Thu Mar 12 22:28:57 CET 2026
#@# pial area lh Thu Mar 12 22:28:59 CET 2026
#@# thickness lh Thu Mar 12 22:29:00 CET 2026
#@# area and vertex vol lh Thu Mar 12 22:29:35 CET 2026
#@# Curvature Stats lh Thu Mar 12 22:29:37 CET 2026
#@# Cortical Parc 2 lh Thu Mar 12 22:29:39 CET 2026
#@# Cortical Parc 3 lh Thu Mar 12 22:29:55 CET 2026
#@# WM/GM Contrast lh Thu Mar 12 22:30:07 CET 2026
recon-all -s sub-v2s1x29912_ses-1 finished without error at Thu Mar 12 22:30:10 CET 2026



#New# invocation of recon-all 



status file for recon-all
Thu Mar 12 23:13:17 CET 2026
#@# white curv lh Thu Mar 12 23:13:17 CET 2026
#@# white area lh Thu Mar 12 23:13:17 CET 2026
#@# pial curv lh Thu Mar 12 23:13:17 CET 2026
#@# pial area lh Thu Mar 12 23:13:17 CET 2026
#@# thickness lh Thu Mar 12 23:13:17 CET 2026
#@# area and vertex vol lh Thu Mar 12 23:13:17 CET 2026
#@# Parcellation Stats lh Thu Mar 12 23:13:17 CET 2026
#@# Parcellation Stats 2 lh Thu Mar 12 23:13:40 CET 2026
#@# Parcellation Stats 3 lh Thu Mar 12 23:13:52 CET 2026
#@# BA_exvivo Labels lh Thu Mar 12 23:14:04 CET 2026
recon-all -s sub-v2s1x29912_ses-1 finished without error at Thu Mar 12 23:17:10 CET 2026
