status file for recon-all
Thu Mar 12 20:12:46 CET 2026
#@# MotionCor Thu Mar 12 20:12:48 CET 2026
#@# Talairach Thu Mar 12 20:12:56 CET 2026
#@# Talairach Failure Detection Thu Mar 12 20:17:23 CET 2026
#@# Nu Intensity Correction Thu Mar 12 20:17:23 CET 2026
#@# Intensity Normalization Thu Mar 12 20:20:39 CET 2026
recon-all -s sub-v2s1x29912_ses-1 finished without error at Thu Mar 12 20:21:59 CET 2026



#New# invocation of recon-all 



status file for recon-all
Thu Mar 12 20:29:16 CET 2026
#@# EM Registration Thu Mar 12 20:29:16 CET 2026
recon-all -s sub-v2s1x29912_ses-1 finished without error at Thu Mar 12 20:31:12 CET 2026



#New# invocation of recon-all 



status file for recon-all
Thu Mar 12 20:31:16 CET 2026
#@# CA Normalize Thu Mar 12 20:31:16 CET 2026
#@# CA Reg Thu Mar 12 20:32:34 CET 2026
#@# SubCort Seg Thu Mar 12 21:24:09 CET 2026
#@# CC Seg Thu Mar 12 21:55:56 CET 2026
#@# Merge ASeg Thu Mar 12 21:57:24 CET 2026
#@# Intensity Normalization2 Thu Mar 12 21:57:24 CET 2026
#@# Mask BFS Thu Mar 12 21:59:34 CET 2026
#@# WM Segmentation Thu Mar 12 21:59:35 CET 2026
#@# Fill Thu Mar 12 22:01:37 CET 2026
recon-all -s sub-v2s1x29912_ses-1 finished without error at Thu Mar 12 22:02:44 CET 2026



#New# invocation of recon-all 



status file for recon-all
Thu Mar 12 23:07:43 CET 2026
#@# white curv lh Thu Mar 12 23:07:43 CET 2026
#@# white area lh Thu Mar 12 23:07:43 CET 2026
#@# pial curv lh Thu Mar 12 23:07:43 CET 2026
#@# pial area lh Thu Mar 12 23:07:43 CET 2026
#@# thickness lh Thu Mar 12 23:07:43 CET 2026
#@# area and vertex vol lh Thu Mar 12 23:07:43 CET 2026
#@# white curv rh Thu Mar 12 23:07:43 CET 2026
#@# white area rh Thu Mar 12 23:07:43 CET 2026
#@# pial curv rh Thu Mar 12 23:07:43 CET 2026
#@# pial area rh Thu Mar 12 23:07:43 CET 2026
#@# thickness rh Thu Mar 12 23:07:43 CET 2026
#@# area and vertex vol rh Thu Mar 12 23:07:43 CET 2026
#@# Cortical ribbon mask Thu Mar 12 23:07:43 CET 2026
recon-all -s sub-v2s1x29912_ses-1 finished without error at Thu Mar 12 23:13:13 CET 2026



#New# invocation of recon-all 



status file for recon-all
Thu Mar 12 23:21:13 CET 2026
#@# white curv lh Thu Mar 12 23:21:13 CET 2026
#@# white area lh Thu Mar 12 23:21:13 CET 2026
#@# pial curv lh Thu Mar 12 23:21:13 CET 2026
#@# pial area lh Thu Mar 12 23:21:13 CET 2026
#@# thickness lh Thu Mar 12 23:21:13 CET 2026
#@# area and vertex vol lh Thu Mar 12 23:21:13 CET 2026
#@# white curv rh Thu Mar 12 23:21:13 CET 2026
#@# white area rh Thu Mar 12 23:21:13 CET 2026
#@# pial curv rh Thu Mar 12 23:21:13 CET 2026
#@# pial area rh Thu Mar 12 23:21:13 CET 2026
#@# thickness rh Thu Mar 12 23:21:13 CET 2026
#@# area and vertex vol rh Thu Mar 12 23:21:13 CET 2026
#@# Curvature Stats lh Thu Mar 12 23:21:13 CET 2026
#@# Curvature Stats rh Thu Mar 12 23:21:16 CET 2026
#@# Relabel Hypointensities Thu Mar 12 23:21:19 CET 2026
#@# APas-to-ASeg Thu Mar 12 23:21:38 CET 2026
#@# AParc-to-ASeg aparc Thu Mar 12 23:21:48 CET 2026
#@# AParc-to-ASeg aparc.a2009s Thu Mar 12 23:22:51 CET 2026
#@# AParc-to-ASeg aparc.DKTatlas Thu Mar 12 23:23:53 CET 2026
#@# WMParc Thu Mar 12 23:24:56 CET 2026
#@# ASeg Stats Thu Mar 12 23:29:06 CET 2026
recon-all -s sub-v2s1x29912_ses-1 finished without error at Thu Mar 12 23:29:46 CET 2026
