status file for recon-all
Wed Mar 11 22:10:30 CET 2026
#@# Tessellate lh Wed Mar 11 22:10:30 CET 2026
#@# Smooth1 lh Wed Mar 11 22:10:34 CET 2026
#@# Inflation1 lh Wed Mar 11 22:10:37 CET 2026
#@# QSphere lh Wed Mar 11 22:11:49 CET 2026
#@# Fix Topology lh Wed Mar 11 22:13:00 CET 2026
#@# Smooth2 lh Wed Mar 11 22:20:37 CET 2026
#@# Inflation2 lh Wed Mar 11 22:20:41 CET 2026
#@# Curv .H and .K lh Wed Mar 11 22:22:01 CET 2026
#@# Sphere lh Wed Mar 11 22:23:04 CET 2026
#@# Surf Reg lh Wed Mar 11 22:26:01 CET 2026
#@# Jacobian white lh Wed Mar 11 22:32:12 CET 2026
#@# AvgCurv lh Wed Mar 11 22:32:13 CET 2026
#@# Cortical Parc lh Wed Mar 11 22:32:14 CET 2026
#@# white curv lh Wed Mar 11 22:40:17 CET 2026
#@# white area lh Wed Mar 11 22:40:20 CET 2026
#@# pial curv lh Wed Mar 11 22:40:21 CET 2026
#@# pial area lh Wed Mar 11 22:40:23 CET 2026
#@# thickness lh Wed Mar 11 22:40:24 CET 2026
#@# area and vertex vol lh Wed Mar 11 22:41:05 CET 2026
#@# Curvature Stats lh Wed Mar 11 22:41:07 CET 2026
#@# Cortical Parc 2 lh Wed Mar 11 22:41:10 CET 2026
#@# Cortical Parc 3 lh Wed Mar 11 22:41:28 CET 2026
#@# WM/GM Contrast lh Wed Mar 11 22:41:40 CET 2026
recon-all -s sub-v2s1x29884_ses-1 finished without error at Wed Mar 11 22:41:44 CET 2026



#New# invocation of recon-all 



status file for recon-all
Wed Mar 11 23:27:17 CET 2026
#@# white curv lh Wed Mar 11 23:27:17 CET 2026
#@# white area lh Wed Mar 11 23:27:17 CET 2026
#@# pial curv lh Wed Mar 11 23:27:17 CET 2026
#@# pial area lh Wed Mar 11 23:27:17 CET 2026
#@# thickness lh Wed Mar 11 23:27:17 CET 2026
#@# area and vertex vol lh Wed Mar 11 23:27:17 CET 2026
#@# Parcellation Stats lh Wed Mar 11 23:27:17 CET 2026
#@# Parcellation Stats 2 lh Wed Mar 11 23:27:46 CET 2026
#@# Parcellation Stats 3 lh Wed Mar 11 23:28:01 CET 2026
#@# BA_exvivo Labels lh Wed Mar 11 23:28:15 CET 2026
recon-all -s sub-v2s1x29884_ses-1 finished without error at Wed Mar 11 23:31:22 CET 2026
