status file for recon-all
Wed Mar 11 22:41:46 CET 2026
#@# Tessellate rh Wed Mar 11 22:41:46 CET 2026
#@# Smooth1 rh Wed Mar 11 22:41:50 CET 2026
#@# Inflation1 rh Wed Mar 11 22:41:54 CET 2026
#@# QSphere rh Wed Mar 11 22:43:09 CET 2026
#@# Fix Topology rh Wed Mar 11 22:44:47 CET 2026
#@# Smooth2 rh Wed Mar 11 22:52:33 CET 2026
#@# Inflation2 rh Wed Mar 11 22:52:37 CET 2026
#@# Curv .H and .K rh Wed Mar 11 22:53:18 CET 2026
#@# Sphere rh Wed Mar 11 22:54:19 CET 2026
#@# Surf Reg rh Wed Mar 11 22:57:30 CET 2026
#@# Jacobian white rh Wed Mar 11 23:04:43 CET 2026
#@# AvgCurv rh Wed Mar 11 23:04:44 CET 2026
#@# Cortical Parc rh Wed Mar 11 23:04:45 CET 2026
#@# white curv rh Wed Mar 11 23:12:29 CET 2026
#@# white area rh Wed Mar 11 23:12:32 CET 2026
#@# pial curv rh Wed Mar 11 23:12:32 CET 2026
#@# pial area rh Wed Mar 11 23:12:35 CET 2026
#@# thickness rh Wed Mar 11 23:12:35 CET 2026
#@# area and vertex vol rh Wed Mar 11 23:13:15 CET 2026
#@# Curvature Stats rh Wed Mar 11 23:13:16 CET 2026
#@# Cortical Parc 2 rh Wed Mar 11 23:13:19 CET 2026
#@# Cortical Parc 3 rh Wed Mar 11 23:13:36 CET 2026
#@# WM/GM Contrast rh Wed Mar 11 23:13:50 CET 2026
recon-all -s sub-v2s1x29884_ses-1 finished without error at Wed Mar 11 23:13:53 CET 2026



#New# invocation of recon-all 



status file for recon-all
Wed Mar 11 23:31:25 CET 2026
#@# white curv rh Wed Mar 11 23:31:25 CET 2026
#@# white area rh Wed Mar 11 23:31:25 CET 2026
#@# pial curv rh Wed Mar 11 23:31:25 CET 2026
#@# pial area rh Wed Mar 11 23:31:25 CET 2026
#@# thickness rh Wed Mar 11 23:31:25 CET 2026
#@# area and vertex vol rh Wed Mar 11 23:31:25 CET 2026
#@# Parcellation Stats rh Wed Mar 11 23:31:25 CET 2026
#@# Parcellation Stats 2 rh Wed Mar 11 23:31:53 CET 2026
#@# Parcellation Stats 3 rh Wed Mar 11 23:32:09 CET 2026
#@# BA_exvivo Labels rh Wed Mar 11 23:32:23 CET 2026
recon-all -s sub-v2s1x29884_ses-1 finished without error at Wed Mar 11 23:35:28 CET 2026
