status file for recon-all
Wed Mar 11 20:17:19 CET 2026
#@# MotionCor Wed Mar 11 20:17:21 CET 2026
#@# Talairach Wed Mar 11 20:17:29 CET 2026
#@# Talairach Failure Detection Wed Mar 11 20:21:51 CET 2026
#@# Nu Intensity Correction Wed Mar 11 20:21:51 CET 2026
#@# Intensity Normalization Wed Mar 11 20:25:07 CET 2026
recon-all -s sub-v2s1x29884_ses-1 finished without error at Wed Mar 11 20:26:34 CET 2026



#New# invocation of recon-all 



status file for recon-all
Wed Mar 11 20:34:02 CET 2026
#@# EM Registration Wed Mar 11 20:34:02 CET 2026
recon-all -s sub-v2s1x29884_ses-1 finished without error at Wed Mar 11 20:36:07 CET 2026



#New# invocation of recon-all 



status file for recon-all
Wed Mar 11 20:36:12 CET 2026
#@# CA Normalize Wed Mar 11 20:36:12 CET 2026
#@# CA Reg Wed Mar 11 20:37:31 CET 2026
#@# SubCort Seg Wed Mar 11 21:29:05 CET 2026
#@# CC Seg Wed Mar 11 22:04:23 CET 2026
#@# Merge ASeg Wed Mar 11 22:04:58 CET 2026
#@# Intensity Normalization2 Wed Mar 11 22:04:58 CET 2026
#@# Mask BFS Wed Mar 11 22:07:11 CET 2026
#@# WM Segmentation Wed Mar 11 22:07:12 CET 2026
#@# Fill Wed Mar 11 22:09:22 CET 2026
recon-all -s sub-v2s1x29884_ses-1 finished without error at Wed Mar 11 22:10:25 CET 2026



#New# invocation of recon-all 



status file for recon-all
Wed Mar 11 23:13:56 CET 2026
#@# white curv lh Wed Mar 11 23:13:56 CET 2026
#@# white area lh Wed Mar 11 23:13:56 CET 2026
#@# pial curv lh Wed Mar 11 23:13:56 CET 2026
#@# pial area lh Wed Mar 11 23:13:56 CET 2026
#@# thickness lh Wed Mar 11 23:13:56 CET 2026
#@# area and vertex vol lh Wed Mar 11 23:13:56 CET 2026
#@# white curv rh Wed Mar 11 23:13:56 CET 2026
#@# white area rh Wed Mar 11 23:13:57 CET 2026
#@# pial curv rh Wed Mar 11 23:13:57 CET 2026
#@# pial area rh Wed Mar 11 23:13:57 CET 2026
#@# thickness rh Wed Mar 11 23:13:57 CET 2026
#@# area and vertex vol rh Wed Mar 11 23:13:57 CET 2026
#@# Cortical ribbon mask Wed Mar 11 23:13:57 CET 2026
recon-all -s sub-v2s1x29884_ses-1 finished without error at Wed Mar 11 23:27:13 CET 2026



#New# invocation of recon-all 



status file for recon-all
Wed Mar 11 23:35:33 CET 2026
#@# white curv lh Wed Mar 11 23:35:33 CET 2026
#@# white area lh Wed Mar 11 23:35:33 CET 2026
#@# pial curv lh Wed Mar 11 23:35:33 CET 2026
#@# pial area lh Wed Mar 11 23:35:33 CET 2026
#@# thickness lh Wed Mar 11 23:35:33 CET 2026
#@# area and vertex vol lh Wed Mar 11 23:35:33 CET 2026
#@# white curv rh Wed Mar 11 23:35:33 CET 2026
#@# white area rh Wed Mar 11 23:35:33 CET 2026
#@# pial curv rh Wed Mar 11 23:35:33 CET 2026
#@# pial area rh Wed Mar 11 23:35:33 CET 2026
#@# thickness rh Wed Mar 11 23:35:33 CET 2026
#@# area and vertex vol rh Wed Mar 11 23:35:33 CET 2026
#@# Curvature Stats lh Wed Mar 11 23:35:33 CET 2026
#@# Curvature Stats rh Wed Mar 11 23:35:36 CET 2026
#@# Relabel Hypointensities Wed Mar 11 23:35:39 CET 2026
#@# APas-to-ASeg Wed Mar 11 23:35:59 CET 2026
#@# AParc-to-ASeg aparc Wed Mar 11 23:36:09 CET 2026
#@# AParc-to-ASeg aparc.a2009s Wed Mar 11 23:37:13 CET 2026
#@# AParc-to-ASeg aparc.DKTatlas Wed Mar 11 23:38:17 CET 2026
#@# WMParc Wed Mar 11 23:39:27 CET 2026
#@# ASeg Stats Wed Mar 11 23:43:10 CET 2026
recon-all -s sub-v2s1x29884_ses-1 finished without error at Wed Mar 11 23:43:47 CET 2026
