status file for recon-all
Wed Mar 11 21:04:22 CET 2026
#@# Tessellate lh Wed Mar 11 21:04:22 CET 2026
#@# Smooth1 lh Wed Mar 11 21:04:26 CET 2026
#@# Inflation1 lh Wed Mar 11 21:04:29 CET 2026
#@# QSphere lh Wed Mar 11 21:06:01 CET 2026
#@# Fix Topology lh Wed Mar 11 21:07:31 CET 2026
#@# Smooth2 lh Wed Mar 11 21:13:02 CET 2026
#@# Inflation2 lh Wed Mar 11 21:13:06 CET 2026
#@# Curv .H and .K lh Wed Mar 11 21:13:35 CET 2026
#@# Sphere lh Wed Mar 11 21:14:26 CET 2026
#@# Surf Reg lh Wed Mar 11 21:18:31 CET 2026
#@# Jacobian white lh Wed Mar 11 21:24:04 CET 2026
#@# AvgCurv lh Wed Mar 11 21:24:05 CET 2026
#@# Cortical Parc lh Wed Mar 11 21:24:06 CET 2026
#@# white curv lh Wed Mar 11 21:31:51 CET 2026
#@# white area lh Wed Mar 11 21:31:53 CET 2026
#@# pial curv lh Wed Mar 11 21:31:54 CET 2026
#@# pial area lh Wed Mar 11 21:31:56 CET 2026
#@# thickness lh Wed Mar 11 21:31:57 CET 2026
#@# area and vertex vol lh Wed Mar 11 21:32:26 CET 2026
#@# Curvature Stats lh Wed Mar 11 21:32:28 CET 2026
#@# Cortical Parc 2 lh Wed Mar 11 21:32:31 CET 2026
#@# Cortical Parc 3 lh Wed Mar 11 21:32:45 CET 2026
#@# WM/GM Contrast lh Wed Mar 11 21:32:55 CET 2026
recon-all -s sub-v2s1x29872_ses-1 finished without error at Wed Mar 11 21:32:59 CET 2026



#New# invocation of recon-all 



status file for recon-all
Wed Mar 11 22:08:19 CET 2026
#@# white curv lh Wed Mar 11 22:08:19 CET 2026
#@# white area lh Wed Mar 11 22:08:19 CET 2026
#@# pial curv lh Wed Mar 11 22:08:19 CET 2026
#@# pial area lh Wed Mar 11 22:08:19 CET 2026
#@# thickness lh Wed Mar 11 22:08:19 CET 2026
#@# area and vertex vol lh Wed Mar 11 22:08:19 CET 2026
#@# Parcellation Stats lh Wed Mar 11 22:08:19 CET 2026
#@# Parcellation Stats 2 lh Wed Mar 11 22:08:45 CET 2026
#@# Parcellation Stats 3 lh Wed Mar 11 22:08:58 CET 2026
#@# BA_exvivo Labels lh Wed Mar 11 22:09:10 CET 2026
recon-all -s sub-v2s1x29872_ses-1 finished without error at Wed Mar 11 22:12:00 CET 2026
