status file for recon-all
Wed Mar 11 19:31:01 CET 2026
#@# MotionCor Wed Mar 11 19:31:03 CET 2026
#@# Talairach Wed Mar 11 19:31:08 CET 2026
#@# Talairach Failure Detection Wed Mar 11 19:33:59 CET 2026
#@# Nu Intensity Correction Wed Mar 11 19:33:59 CET 2026
#@# Intensity Normalization Wed Mar 11 19:36:46 CET 2026
recon-all -s sub-v2s1x29872_ses-1 finished without error at Wed Mar 11 19:37:47 CET 2026



#New# invocation of recon-all 



status file for recon-all
Wed Mar 11 19:44:00 CET 2026
#@# EM Registration Wed Mar 11 19:44:00 CET 2026
recon-all -s sub-v2s1x29872_ses-1 finished without error at Wed Mar 11 19:45:53 CET 2026



#New# invocation of recon-all 



status file for recon-all
Wed Mar 11 19:45:57 CET 2026
#@# CA Normalize Wed Mar 11 19:45:57 CET 2026
#@# CA Reg Wed Mar 11 19:46:50 CET 2026
#@# SubCort Seg Wed Mar 11 20:30:22 CET 2026
#@# CC Seg Wed Mar 11 20:59:50 CET 2026
#@# Merge ASeg Wed Mar 11 21:00:10 CET 2026
#@# Intensity Normalization2 Wed Mar 11 21:00:10 CET 2026
#@# Mask BFS Wed Mar 11 21:01:41 CET 2026
#@# WM Segmentation Wed Mar 11 21:01:41 CET 2026
#@# Fill Wed Mar 11 21:03:37 CET 2026
recon-all -s sub-v2s1x29872_ses-1 finished without error at Wed Mar 11 21:04:17 CET 2026



#New# invocation of recon-all 



status file for recon-all
Wed Mar 11 22:00:20 CET 2026
#@# white curv lh Wed Mar 11 22:00:20 CET 2026
#@# white area lh Wed Mar 11 22:00:20 CET 2026
#@# pial curv lh Wed Mar 11 22:00:20 CET 2026
#@# pial area lh Wed Mar 11 22:00:20 CET 2026
#@# thickness lh Wed Mar 11 22:00:20 CET 2026
#@# area and vertex vol lh Wed Mar 11 22:00:20 CET 2026
#@# white curv rh Wed Mar 11 22:00:20 CET 2026
#@# white area rh Wed Mar 11 22:00:20 CET 2026
#@# pial curv rh Wed Mar 11 22:00:20 CET 2026
#@# pial area rh Wed Mar 11 22:00:20 CET 2026
#@# thickness rh Wed Mar 11 22:00:20 CET 2026
#@# area and vertex vol rh Wed Mar 11 22:00:20 CET 2026
#@# Cortical ribbon mask Wed Mar 11 22:00:20 CET 2026
recon-all -s sub-v2s1x29872_ses-1 finished without error at Wed Mar 11 22:08:15 CET 2026



#New# invocation of recon-all 



status file for recon-all
Wed Mar 11 22:15:50 CET 2026
#@# white curv lh Wed Mar 11 22:15:50 CET 2026
#@# white area lh Wed Mar 11 22:15:50 CET 2026
#@# pial curv lh Wed Mar 11 22:15:50 CET 2026
#@# pial area lh Wed Mar 11 22:15:50 CET 2026
#@# thickness lh Wed Mar 11 22:15:50 CET 2026
#@# area and vertex vol lh Wed Mar 11 22:15:50 CET 2026
#@# white curv rh Wed Mar 11 22:15:50 CET 2026
#@# white area rh Wed Mar 11 22:15:50 CET 2026
#@# pial curv rh Wed Mar 11 22:15:50 CET 2026
#@# pial area rh Wed Mar 11 22:15:50 CET 2026
#@# thickness rh Wed Mar 11 22:15:50 CET 2026
#@# area and vertex vol rh Wed Mar 11 22:15:50 CET 2026
#@# Curvature Stats lh Wed Mar 11 22:15:50 CET 2026
#@# Curvature Stats rh Wed Mar 11 22:15:53 CET 2026
#@# Relabel Hypointensities Wed Mar 11 22:15:56 CET 2026
#@# APas-to-ASeg Wed Mar 11 22:16:12 CET 2026
#@# AParc-to-ASeg aparc Wed Mar 11 22:16:20 CET 2026
#@# AParc-to-ASeg aparc.a2009s Wed Mar 11 22:17:07 CET 2026
#@# AParc-to-ASeg aparc.DKTatlas Wed Mar 11 22:17:58 CET 2026
#@# WMParc Wed Mar 11 22:18:41 CET 2026
#@# ASeg Stats Wed Mar 11 22:20:41 CET 2026
recon-all -s sub-v2s1x29872_ses-1 finished without error at Wed Mar 11 22:21:01 CET 2026
