/out/sourcedata/freesurfer/sub-v2s1x29886_ses-1/mri
/opt/freesurfer/bin/talairach_avi
--i orig_nu.mgz --xfm transforms/talairach.auto.xfm
talairach_avi 7.3.2
Linux dna006 5.14.0-427.37.1.el9_4.x86_64 #1 SMP PREEMPT_DYNAMIC Fri Sep 13 12:41:50 EDT 2024 x86_64 x86_64 x86_64 GNU/Linux
Wed Mar 11 20:22:10 CET 2026
mri_convert orig_nu.mgz talsrcimg.img 
reading from orig_nu.mgz...
TR=0.00, TE=0.00, TI=0.00, flip angle=0.00
i_ras = (-1, 0, 0)
j_ras = (0, 0, -1)
k_ras = (0, 1, 0)
writing to talsrcimg.img...
Analyze Output Matrix
-0.90000   0.00000   0.00000   124.48842;
 0.00000   0.00000   0.90000  -80.70927;
 0.00000  -0.90000   0.00000   167.48701;
 0.00000   0.00000   0.00000   1.00000;
--------------------
INFO: set hdr.hist.orient to -1
mpr2mni305 talsrcimg
Wed Mar 11 20:22:10 CET 2026
/opt/freesurfer/bin/mpr2mni305 talsrcimg
mpr2mni305 7.3.2
target=711-2C_as_mni_average_305

---------------------------------------------------------------------
analyzeto4dfp talsrcimg -O0 -y
---------------------------------------------------------------------

freesurfer ifh2hdr.c
Wed Mar 11 20:22:11 2026
Writing: talsrcimg.4dfp.hdr
freesurfer analyzeto4dfp.c
Reading: talsrcimg.hdr
header size 348 bytes
hdr.dime.datatype	offset=70	value=2
hdr.dime.bitpix		offset=72	value=8
hdr.hist.orient		offset=252	value=-1
dimensionality     4
dimensions       256       256       256         1
Reading: talsrcimg.img
Writing: talsrcimg.4dfp.img
Writing: talsrcimg.4dfp.ifh
ifh2hdr talsrcimg -r0to237
ori=2

---------------------------------------------------------------------
gauss_4dfp talsrcimg 1.1
---------------------------------------------------------------------

freesurfer gauss_4dfp.c
Reading: talsrcimg.4dfp.img
Writing: talsrcimg_g11.4dfp.img
image dimensions 256 256 256 padded to 288 288 288
processing volume 1freesurfer ifh2hdr.c
Wed Mar 11 20:22:12 2026
Writing: talsrcimg_g11.4dfp.hdr

Writing: talsrcimg_g11.4dfp.ifh
including: talsrcimg.4dfp.img.rec in talsrcimg_g11.4dfp.img.rec

---------------------------------------------------------------------
imgreg_4dfp /opt/freesurfer/average/711-2C_as_mni_average_305 none talsrcimg_g11 none talsrcimg_to_711-2C_as_mni_average_305_t4 4355
---------------------------------------------------------------------

freesurfer imgreg_4dfp.c
/opt/freesurfer/average/711-2C_as_mni_average_305.4dfp.img
       256       256       256         1
  1.000000  1.000000  1.000000
orientation T byte_order littleendian
Reading image: /opt/freesurfer/average/711-2C_as_mni_average_305.4dfp.img
dimensions:      256       256       256
mmppix:       1.0000   -1.0000   -1.0000
center:     128.0000 -129.0000 -129.0000
talsrcimg_g11.4dfp.img
       256       256       256         1
  0.900000  0.900000  0.900000
orientation T byte_order littleendian
Reading image: talsrcimg_g11.4dfp.img
dimensions:      256       256       256
mmppix:       0.9000   -0.9000   -0.9000
center:     115.2000 -116.1000 -116.1000
t4_read: open error in t4_sub.f l:  41 t4_file(1:l)talsrcimg_to_711-2C_as_mni_average_305_t4 
t4_read: transform initialized to I4
rotation matrix determinant  1.000000
image alignment mode   4355 decimal     1103 hex
   -7.5000  -45.0000  -45.0000 6494.2144   16.8201
    0.0000  -45.0000  -45.0000 6573.9243   16.8557
    7.5000  -45.0000  -45.0000 6293.4648   16.8620
   -7.5000  -37.5000  -45.0000 6843.2109   17.8757
    0.0000  -37.5000  -45.0000 6917.8164   17.9016
    7.5000  -37.5000  -45.0000 6614.5640   17.8938
   -7.5000  -30.0000  -45.0000 7179.6836   18.4214
    0.0000  -30.0000  -45.0000 7272.3564   18.4473
    7.5000  -30.0000  -45.0000 6963.6914   18.4450
   -7.5000  -22.5000  -45.0000 7668.4600   18.4050
    0.0000  -22.5000  -45.0000 7783.7686   18.4415
    7.5000  -22.5000  -45.0000 7442.9175   18.4603
   -7.5000  -15.0000  -45.0000 8176.8145   18.4096
    0.0000  -15.0000  -45.0000 8274.3545   18.4553
    7.5000  -15.0000  -45.0000 7900.0020   18.4870
   -7.5000   -7.5000  -45.0000 8245.6572   18.4242
    0.0000   -7.5000  -45.0000 8318.9980   18.4715
    7.5000   -7.5000  -45.0000 7938.5459   18.4978
   -7.5000    0.0000  -45.0000 8262.4199   18.4392
    0.0000    0.0000  -45.0000 8348.5381   18.4782
    7.5000    0.0000  -45.0000 7939.8984   18.4851
   -7.5000    7.5000  -45.0000 7812.5781   18.4393
    0.0000    7.5000  -45.0000 7906.1577   18.4659
    7.5000    7.5000  -45.0000 7498.4863   18.4579
   -7.5000   15.0000  -45.0000 7485.7803   18.4214
    0.0000   15.0000  -45.0000 7595.1201   18.4473
    7.5000   15.0000  -45.0000 7208.2993   18.4450
   -7.5000   22.5000  -45.0000 6820.6665   18.1619
    0.0000   22.5000  -45.0000 6902.2871   18.1980
    7.5000   22.5000  -45.0000 6563.3789   18.2166
   -7.5000   30.0000  -45.0000 6284.9839   17.8599
    0.0000   30.0000  -45.0000 6344.1919   17.9038
    7.5000   30.0000  -45.0000 6029.4443   17.9351
   -7.5000   37.5000  -45.0000 5779.9390   17.6859
    0.0000   37.5000  -45.0000 5832.3911   17.7322
    7.5000   37.5000  -45.0000 5524.9121   17.7527
   -7.5000   45.0000  -45.0000 5252.0879   17.7192
    0.0000   45.0000  -45.0000 5293.6328   17.7608
    7.5000   45.0000  -45.0000 5006.4141   17.7690
   -7.5000  -45.0000  -37.5000 7007.7808   17.5641
    0.0000  -45.0000  -37.5000 7106.9380   17.5904
    7.5000  -45.0000  -37.5000 6812.7603   17.5904
   -7.5000  -37.5000  -37.5000 7374.8945   18.6744
    0.0000  -37.5000  -37.5000 7467.0635   18.6962
    7.5000  -37.5000  -37.5000 7147.3555   18.6865
   -7.5000  -30.0000  -37.5000 7757.6475   19.2023
    0.0000  -30.0000  -37.5000 7856.3774   19.2219
    7.5000  -30.0000  -37.5000 7517.8794   19.2177
   -7.5000  -22.5000  -37.5000 8275.4883   19.1762
    0.0000  -22.5000  -37.5000 8387.5117   19.1983
    7.5000  -22.5000  -37.5000 8009.8140   19.2105
   -7.5000  -15.0000  -37.5000 8801.5137   19.1813
    0.0000  -15.0000  -37.5000 8918.2686   19.2075
    7.5000  -15.0000  -37.5000 8499.3408   19.2272
   -7.5000   -7.5000  -37.5000 8841.9160   19.2048
    0.0000   -7.5000  -37.5000 8962.0859   19.2346
    7.5000   -7.5000  -37.5000 8541.9805   19.2486
   -7.5000    0.0000  -37.5000 8844.5615   19.2302
    0.0000    0.0000  -37.5000 8976.9990   19.2591
    7.5000    0.0000  -37.5000 8536.1104   19.2591
   -7.5000    7.5000  -37.5000 8374.7383   19.2292
    0.0000    7.5000  -37.5000 8483.9355   19.2517
    7.5000    7.5000  -37.5000 8065.0073   19.2417
   -7.5000   15.0000  -37.5000 8005.3369   19.2014
    0.0000   15.0000  -37.5000 8117.5649   19.2210
    7.5000   15.0000  -37.5000 7716.3735   19.2168
   -7.5000   22.5000  -37.5000 7270.4917   18.9243
    0.0000   22.5000  -37.5000 7358.9307   18.9462
    7.5000   22.5000  -37.5000 7002.0889   18.9583
   -7.5000   30.0000  -37.5000 6678.5889   18.6168
    0.0000   30.0000  -37.5000 6735.8169   18.6409
    7.5000   30.0000  -37.5000 6409.7124   18.6591
   -7.5000   37.5000  -37.5000 6127.2046   18.4405
    0.0000   37.5000  -37.5000 6178.4756   18.4708
    7.5000   37.5000  -37.5000 5860.9878   18.4796
   -7.5000   45.0000  -37.5000 5573.3052   18.4647
    0.0000   45.0000  -37.5000 5613.6914   18.4956
    7.5000   45.0000  -37.5000 5312.4180   18.4979
   -7.5000  -45.0000  -30.0000 7500.0088   18.1930
    0.0000  -45.0000  -30.0000 7618.0249   18.2114
    7.5000  -45.0000  -30.0000 7301.6460   18.2071
   -7.5000  -37.5000  -30.0000 7885.0898   19.3588
    0.0000  -37.5000  -30.0000 8007.8340   19.3781
    7.5000  -37.5000  -30.0000 7669.3169   19.3653
   -7.5000  -30.0000  -30.0000 8323.3750   19.8958
    0.0000  -30.0000  -30.0000 8442.0918   19.9164
    7.5000  -30.0000  -30.0000 8074.2485   19.9074
   -7.5000  -22.5000  -30.0000 8868.2305   19.8813
    0.0000  -22.5000  -30.0000 9003.4834   19.9018
    7.5000  -22.5000  -30.0000 8584.5898   19.9046
   -7.5000  -15.0000  -30.0000 9389.1143   19.8786
    0.0000  -15.0000  -30.0000 9541.7725   19.8970
    7.5000  -15.0000  -30.0000 9077.0312   19.9048
   -7.5000   -7.5000  -30.0000 9396.6172   19.8839
    0.0000   -7.5000  -30.0000 9554.1719   19.9026
    7.5000   -7.5000  -30.0000 9108.2305   19.9074
   -7.5000    0.0000  -30.0000 9374.7705   19.8981
    0.0000    0.0000  -30.0000 9533.3740   19.9182
    7.5000    0.0000  -30.0000 9081.5410   19.9135
   -7.5000    7.5000  -30.0000 8894.2812   19.9038
    0.0000    7.5000  -30.0000 9040.4639   19.9237
    7.5000    7.5000  -30.0000 8595.9463   19.9105
   -7.5000   15.0000  -30.0000 8511.2227   19.8931
    0.0000   15.0000  -30.0000 8644.6201   19.9137
    7.5000   15.0000  -30.0000 8220.0029   19.9046
   -7.5000   22.5000  -30.0000 7735.2603   19.6214
    0.0000   22.5000  -30.0000 7817.2476   19.6416
    7.5000   22.5000  -30.0000 7440.8696   19.6445
   -7.5000   30.0000  -30.0000 7071.7949   19.3052
    0.0000   30.0000  -30.0000 7133.4502   19.3223
    7.5000   30.0000  -30.0000 6784.0962   19.3282
   -7.5000   37.5000  -30.0000 6448.0225   19.1088
    0.0000   37.5000  -30.0000 6503.4780   19.1295
    7.5000   37.5000  -30.0000 6172.6763   19.1305
   -7.5000   45.0000  -30.0000 5835.6660   19.1147
    0.0000   45.0000  -30.0000 5886.2202   19.1348
    7.5000   45.0000  -30.0000 5578.9370   19.1324
   -7.5000  -45.0000  -22.5000 8083.5791   18.9744
    0.0000  -45.0000  -22.5000 8215.3027   18.9926
    7.5000  -45.0000  -22.5000 7877.7979   18.9897
   -7.5000  -37.5000  -22.5000 8506.1631   20.2132
    0.0000  -37.5000  -22.5000 8646.6201   20.2328
    7.5000  -37.5000  -22.5000 8278.9854   20.2182
   -7.5000  -30.0000  -22.5000 8980.5742   20.7772
    0.0000  -30.0000  -22.5000 9125.2207   20.8047
    7.5000  -30.0000  -22.5000 8729.4160   20.7918
   -7.5000  -22.5000  -22.5000 9559.1934   20.7809
    0.0000  -22.5000  -22.5000 9735.8682   20.8142
    7.5000  -22.5000  -22.5000 9263.2158   20.8125
   -7.5000  -15.0000  -22.500010114.5605   20.7670
    0.0000  -15.0000  -22.500010294.1133   20.7967
    7.5000  -15.0000  -22.5000 9781.9824   20.8024
   -7.5000   -7.5000  -22.500010124.0820   20.7446
    0.0000   -7.5000  -22.500010308.1055   20.7691
    7.5000   -7.5000  -22.5000 9819.3379   20.7753
   -7.5000    0.0000  -22.500010055.5195   20.7409
    0.0000    0.0000  -22.500010238.9072   20.7608
    7.5000    0.0000  -22.5000 9761.4912   20.7576
   -7.5000    7.5000  -22.5000 9534.2412   20.7564
    0.0000    7.5000  -22.5000 9706.8047   20.7765
    7.5000    7.5000  -22.5000 9234.6855   20.7615
   -7.5000   15.0000  -22.5000 9136.3184   20.7722
    0.0000   15.0000  -22.5000 9280.2217   20.7997
    7.5000   15.0000  -22.5000 8836.6543   20.7868
   -7.5000   22.5000  -22.5000 8303.5469   20.5117
    0.0000   22.5000  -22.5000 8396.2090   20.5446
    7.5000   22.5000  -22.5000 7996.6313   20.5431
   -7.5000   30.0000  -22.5000 7567.1543   20.1859
    0.0000   30.0000  -22.5000 7629.4595   20.2156
    7.5000   30.0000  -22.5000 7265.0195   20.2201
   -7.5000   37.5000  -22.5000 6864.7222   19.9640
    0.0000   37.5000  -22.5000 6916.6289   19.9908
    7.5000   37.5000  -22.5000 6572.4023   19.9940
   -7.5000   45.0000  -22.5000 6194.8662   19.9669
    0.0000   45.0000  -22.5000 6240.3633   19.9851
    7.5000   45.0000  -22.5000 5917.4321   19.9833
   -7.5000  -45.0000  -15.0000 8671.3301   19.6428
    0.0000  -45.0000  -15.0000 8813.5430   19.6709
    7.5000  -45.0000  -15.0000 8446.7939   19.6740
   -7.5000  -37.5000  -15.0000 9133.9307   20.9263
    0.0000  -37.5000  -15.0000 9298.7949   20.9487
    7.5000  -37.5000  -15.0000 8880.0635   20.9343
   -7.5000  -30.0000  -15.0000 9628.7510   21.4970
    0.0000  -30.0000  -15.0000 9804.1064   21.5291
    7.5000  -30.0000  -15.0000 9355.8818   21.5165
   -7.5000  -22.5000  -15.000010251.8486   21.5043
    0.0000  -22.5000  -15.000010450.8828   21.5516
    7.5000  -22.5000  -15.0000 9929.8252   21.5566
   -7.5000  -15.0000  -15.000010855.0020   21.4867
    0.0000  -15.0000  -15.000011063.6758   21.5371
    7.5000  -15.0000  -15.000010520.3008   21.5564
   -7.5000   -7.5000  -15.000010881.8457   21.4582
    0.0000   -7.5000  -15.000011101.0859   21.5020
    7.5000   -7.5000  -15.000010570.0225   21.5220
   -7.5000    0.0000  -15.000010773.0850   21.4506
    0.0000    0.0000  -15.000010993.4639   21.4814
    7.5000    0.0000  -15.000010450.4053   21.4848
   -7.5000    7.5000  -15.000010206.4590   21.4678
    0.0000    7.5000  -15.000010401.3770   21.4908
    7.5000    7.5000  -15.0000 9882.3096   21.4760
   -7.5000   15.0000  -15.0000 9774.3936   21.4903
    0.0000   15.0000  -15.0000 9954.4736   21.5225
    7.5000   15.0000  -15.0000 9476.2256   21.5098
   -7.5000   22.5000  -15.0000 8856.0723   21.2290
    0.0000   22.5000  -15.0000 8991.3945   21.2759
    7.5000   22.5000  -15.0000 8566.6445   21.2809
   -7.5000   30.0000  -15.0000 8073.0239   20.9037
    0.0000   30.0000  -15.0000 8173.3521   20.9546
    7.5000   30.0000  -15.0000 7782.3701   20.9738
   -7.5000   37.5000  -15.0000 7286.6924   20.6833
    0.0000   37.5000  -15.0000 7361.0684   20.7281
    7.5000   37.5000  -15.0000 7000.3804   20.7440
   -7.5000   45.0000  -15.0000 6552.7334   20.6953
    0.0000   45.0000  -15.0000 6607.8657   20.7250
    7.5000   45.0000  -15.0000 6283.1362   20.7283
   -7.5000  -45.0000   -7.5000 8963.8799   19.6152
    0.0000  -45.0000   -7.5000 9108.8604   19.6525
    7.5000  -45.0000   -7.5000 8698.9766   19.6597
   -7.5000  -37.5000   -7.5000 9488.0879   20.8888
    0.0000  -37.5000   -7.5000 9659.7500   20.9148
    7.5000  -37.5000   -7.5000 9204.4004   20.9028
   -7.5000  -30.0000   -7.500010009.2754   21.4423
    0.0000  -30.0000   -7.500010173.9521   21.4740
    7.5000  -30.0000   -7.5000 9690.5674   21.4660
   -7.5000  -22.5000   -7.500010635.2305   21.4388
    0.0000  -22.5000   -7.500010805.4189   21.4879
    7.5000  -22.5000   -7.500010254.0117   21.5030
   -7.5000  -15.0000   -7.500011262.7939   21.4288
    0.0000  -15.0000   -7.500011456.7676   21.4875
    7.5000  -15.0000   -7.500010855.2979   21.5197
   -7.5000   -7.5000   -7.500011277.2354   21.4178
    0.0000   -7.5000   -7.500011520.4961   21.4734
    7.5000   -7.5000   -7.500010909.8154   21.5030
   -7.5000    0.0000   -7.500011139.2881   21.4205
    0.0000    0.0000   -7.500011359.4053   21.4613
    7.5000    0.0000   -7.500010787.1709   21.4691
   -7.5000    7.5000   -7.500010525.4492   21.4293
    0.0000    7.5000   -7.500010707.2979   21.4561
    7.5000    7.5000   -7.500010171.8535   21.4437
   -7.5000   15.0000   -7.500010092.4258   21.4357
    0.0000   15.0000   -7.500010282.2832   21.4673
    7.5000   15.0000   -7.5000 9785.7627   21.4594
   -7.5000   22.5000   -7.5000 9142.2539   21.1639
    0.0000   22.5000   -7.5000 9318.8662   21.2126
    7.5000   22.5000   -7.5000 8854.2295   21.2275
   -7.5000   30.0000   -7.5000 8332.0977   20.8465
    0.0000   30.0000   -7.5000 8485.5703   20.9047
    7.5000   30.0000   -7.5000 8046.6792   20.9374
   -7.5000   37.5000   -7.5000 7502.0146   20.6471
    0.0000   37.5000   -7.5000 7613.0483   20.7019
    7.5000   37.5000   -7.5000 7225.6406   20.7258
   -7.5000   45.0000   -7.5000 6731.0713   20.6656
    0.0000   45.0000   -7.5000 6814.6924   20.7076
    7.5000   45.0000   -7.5000 6465.0142   20.7150
   -7.5000  -45.0000    0.0000 9081.7197   20.0738
    0.0000  -45.0000    0.0000 9209.1240   20.1123
    7.5000  -45.0000    0.0000 8752.2549   20.1176
   -7.5000  -37.5000    0.0000 9638.2949   21.3553
    0.0000  -37.5000    0.0000 9802.5801   21.3823
    7.5000  -37.5000    0.0000 9314.6973   21.3719
   -7.5000  -30.0000    0.000010253.2217   21.8801
    0.0000  -30.0000    0.000010401.8691   21.9068
    7.5000  -30.0000    0.0000 9878.7539   21.9031
   -7.5000  -22.5000    0.000010904.3828   21.8596
    0.0000  -22.5000    0.000011006.3057   21.8984
    7.5000  -22.5000    0.000010396.2100   21.9184
   -7.5000  -15.0000    0.000011502.0186   21.8635
    0.0000  -15.0000    0.000011608.0244   21.9130
    7.5000  -15.0000    0.000010971.1455   21.9471
   -7.5000   -7.5000    0.000011483.3613   21.8805
    0.0000   -7.5000    0.000011645.1045   21.9320
    7.5000   -7.5000    0.000011030.2646   21.9595
   -7.5000    0.0000    0.000011303.6123   21.8997
    0.0000    0.0000    0.000011488.5977   21.9417
    7.5000    0.0000    0.000010903.5557   21.9474
   -7.5000    7.5000    0.000010660.8262   21.8934
    0.0000    7.5000    0.000010842.7158   21.9211
    7.5000    7.5000    0.000010276.7666   21.9105
   -7.5000   15.0000    0.000010250.9902   21.8723
    0.0000   15.0000    0.000010447.3730   21.8991
    7.5000   15.0000    0.0000 9898.0967   21.8953
   -7.5000   22.5000    0.0000 9301.3174   21.5818
    0.0000   22.5000    0.0000 9478.4619   21.6203
    7.5000   22.5000    0.0000 8958.0625   21.6400
   -7.5000   30.0000    0.0000 8487.1016   21.2788
    0.0000   30.0000    0.0000 8641.3418   21.3264
    7.5000   30.0000    0.0000 8165.2891   21.3602
   -7.5000   37.5000    0.0000 7654.7266   21.1202
    0.0000   37.5000    0.0000 7760.9966   21.1709
    7.5000   37.5000    0.0000 7335.4502   21.1919
   -7.5000   45.0000    0.0000 6832.7173   21.1724
    0.0000   45.0000    0.0000 6916.4604   21.2176
    7.5000   45.0000    0.0000 6541.9619   21.2246
   -7.5000  -45.0000    7.5000 8825.7363   20.0893
    0.0000  -45.0000    7.5000 8952.8594   20.1183
    7.5000  -45.0000    7.5000 8495.7900   20.1174
   -7.5000  -37.5000    7.5000 9434.8320   21.3687
    0.0000  -37.5000    7.5000 9589.5869   21.3924
    7.5000  -37.5000    7.5000 9093.3877   21.3804
   -7.5000  -30.0000    7.500010138.5703   21.8841
    0.0000  -30.0000    7.500010390.5205   21.9052
    7.5000  -30.0000    7.5000 9771.1377   21.8998
   -7.5000  -22.5000    7.500010920.1914   21.8566
    0.0000  -22.5000    7.500011041.5742   21.8808
    7.5000  -22.5000    7.500010394.1162   21.8939
   -7.5000  -15.0000    7.500011461.6309   21.8637
    0.0000  -15.0000    7.500011498.0889   21.8927
    7.5000  -15.0000    7.500010911.7021   21.9144
   -7.5000   -7.5000    7.500011428.7090   21.8899
    0.0000   -7.5000    7.500011522.8574   21.9229
    7.5000   -7.5000    7.500010917.4424   21.9379
   -7.5000    0.0000    7.500011202.5967   21.9166
    0.0000    0.0000    7.500011368.5430   21.9482
    7.5000    0.0000    7.500010771.1045   21.9472
   -7.5000    7.5000    7.500010491.9424   21.9072
    0.0000    7.5000    7.500010670.4297   21.9315
    7.5000    7.5000    7.500010093.0098   21.9192
   -7.5000   15.0000    7.500010046.9688   21.8764
    0.0000   15.0000    7.500010233.9395   21.8974
    7.5000   15.0000    7.5000 9677.1816   21.8920
   -7.5000   22.5000    7.5000 9096.5830   21.5786
    0.0000   22.5000    7.5000 9271.9922   21.6026
    7.5000   22.5000    7.5000 8756.6309   21.6156
   -7.5000   30.0000    7.5000 8271.1191   21.2764
    0.0000   30.0000    7.5000 8445.2520   21.3030
    7.5000   30.0000    7.5000 7955.9844   21.3231
   -7.5000   37.5000    7.5000 7461.3887   21.1283
    0.0000   37.5000    7.5000 7606.5493   21.1619
    7.5000   37.5000    7.5000 7160.3599   21.1712
   -7.5000   45.0000    7.5000 6676.7441   21.1944
    0.0000   45.0000    7.5000 6784.5405   21.2285
    7.5000   45.0000    7.5000 6405.6865   21.2301
   -7.5000  -45.0000   15.0000 8833.1084   20.2026
    0.0000  -45.0000   15.0000 8886.6523   20.2230
    7.5000  -45.0000   15.0000 8488.7432   20.2181
   -7.5000  -37.5000   15.0000 9464.4971   21.4998
    0.0000  -37.5000   15.0000 9583.8984   21.5215
    7.5000  -37.5000   15.0000 9117.8076   21.5072
   -7.5000  -30.0000   15.000010148.5508   22.0380
    0.0000  -30.0000   15.000010379.5137   22.0611
    7.5000  -30.0000   15.0000 9823.0566   22.0509
   -7.5000  -22.5000   15.000010823.1553   22.0224
    0.0000  -22.5000   15.000011024.4482   22.0452
    7.5000  -22.5000   15.000010533.2246   22.0481
   -7.5000  -15.0000   15.000011378.6445   22.0195
    0.0000  -15.0000   15.000011548.2480   22.0398
    7.5000  -15.0000   15.000011066.1855   22.0482
   -7.5000   -7.5000   15.000011361.5215   22.0248
    0.0000   -7.5000   15.000011523.5195   22.0454
    7.5000   -7.5000   15.000010978.7793   22.0506
   -7.5000    0.0000   15.000011131.9922   22.0401
    0.0000    0.0000   15.000011309.1279   22.0624
    7.5000    0.0000   15.000010762.4990   22.0571
   -7.5000    7.5000   15.000010414.8652   22.0416
    0.0000    7.5000   15.000010553.8037   22.0639
    7.5000    7.5000   15.000010026.2588   22.0492
   -7.5000   15.0000   15.0000 9998.4355   22.0302
    0.0000   15.0000   15.000010104.8809   22.0533
    7.5000   15.0000   15.0000 9614.7744   22.0431
   -7.5000   22.5000   15.0000 9087.6045   21.7423
    0.0000   22.5000   15.0000 9209.0586   21.7649
    7.5000   22.5000   15.0000 8735.4375   21.7678
   -7.5000   30.0000   15.0000 8282.0527   21.4287
    0.0000   30.0000   15.0000 8421.6777   21.4476
    7.5000   30.0000   15.0000 7978.7285   21.4539
   -7.5000   37.5000   15.0000 7494.9194   21.2567
    0.0000   37.5000   15.0000 7622.6143   21.2797
    7.5000   37.5000   15.0000 7198.3540   21.2805
   -7.5000   45.0000   15.0000 6716.9321   21.3180
    0.0000   45.0000   15.0000 6829.9771   21.3404
    7.5000   45.0000   15.0000 6446.3394   21.3376
   -7.5000  -45.0000   22.5000 8409.3223   20.4836
    0.0000  -45.0000   22.5000 8472.9873   20.5035
    7.5000  -45.0000   22.5000 8090.7139   20.5009
   -7.5000  -37.5000   22.5000 8987.8164   21.8120
    0.0000  -37.5000   22.5000 9107.8047   21.8332
    7.5000  -37.5000   22.5000 8654.8584   21.8173
   -7.5000  -30.0000   22.5000 9529.6660   22.3865
    0.0000  -30.0000   22.5000 9701.9434   22.4163
    7.5000  -30.0000   22.5000 9234.0557   22.4019
   -7.5000  -22.5000   22.500010121.4180   22.3897
    0.0000  -22.5000   22.500010249.5332   22.4258
    7.5000  -22.5000   22.5000 9810.2539   22.4238
   -7.5000  -15.0000   22.500010698.0898   22.3740
    0.0000  -15.0000   22.500010831.0439   22.4064
    7.5000  -15.0000   22.500010373.2285   22.4129
   -7.5000   -7.5000   22.500010747.0410   22.3500
    0.0000   -7.5000   22.500010926.0645   22.3768
    7.5000   -7.5000   22.500010419.2373   22.3843
   -7.5000    0.0000   22.500010555.3525   22.3467
    0.0000    0.0000   22.500010736.4512   22.3684
    7.5000    0.0000   22.500010229.9443   22.3656
   -7.5000    7.5000   22.5000 9859.1074   22.3616
    0.0000    7.5000   22.5000 9988.0166   22.3834
    7.5000    7.5000   22.5000 9506.9463   22.3672
   -7.5000   15.0000   22.5000 9466.6914   22.3786
    0.0000   15.0000   22.5000 9580.5742   22.4083
    7.5000   15.0000   22.5000 9117.7920   22.3940
   -7.5000   22.5000   22.5000 8599.4121   22.1047
    0.0000   22.5000   22.5000 8705.8057   22.1405
    7.5000   22.5000   22.5000 8287.3604   22.1386
   -7.5000   30.0000   22.5000 7837.3652   21.7786
    0.0000   30.0000   22.5000 7934.0791   21.8110
    7.5000   30.0000   22.5000 7558.7822   21.8161
   -7.5000   37.5000   22.5000 7087.5308   21.5743
    0.0000   37.5000   22.5000 7179.9673   21.6038
    7.5000   37.5000   22.5000 6824.0347   21.6079
   -7.5000   45.0000   22.5000 6377.4536   21.6244
    0.0000   45.0000   22.5000 6459.8589   21.6444
    7.5000   45.0000   22.5000 6115.4590   21.6430
   -7.5000  -45.0000   30.0000 7885.0146   20.8508
    0.0000  -45.0000   30.0000 7960.7114   20.8827
    7.5000  -45.0000   30.0000 7592.0034   20.8862
   -7.5000  -37.5000   30.0000 8357.7939   22.2152
    0.0000  -37.5000   30.0000 8448.4385   22.2407
    7.5000  -37.5000   30.0000 8055.8169   22.2249
   -7.5000  -30.0000   30.0000 8848.1592   22.8122
    0.0000  -30.0000   30.0000 8920.2588   22.8484
    7.5000  -30.0000   30.0000 8541.2275   22.8344
   -7.5000  -22.5000   30.0000 9438.7930   22.8210
    0.0000  -22.5000   30.0000 9466.8691   22.8741
    7.5000  -22.5000   30.0000 9086.7422   22.8793
   -7.5000  -15.0000   30.000010033.8936   22.8022
    0.0000  -15.0000   30.000010063.9375   22.8588
    7.5000  -15.0000   30.0000 9639.2393   22.8796
   -7.5000   -7.5000   30.000010115.1494   22.7705
    0.0000   -7.5000   30.000010163.5518   22.8198
    7.5000   -7.5000   30.0000 9720.0049   22.8416
   -7.5000    0.0000   30.0000 9976.2607   22.7612
    0.0000    0.0000   30.000010046.2646   22.7961
    7.5000    0.0000   30.0000 9603.9346   22.7999
   -7.5000    7.5000   30.0000 9278.9180   22.7789
    0.0000    7.5000   30.0000 9354.6602   22.8050
    7.5000    7.5000   30.0000 8930.0498   22.7889
   -7.5000   15.0000   30.0000 8893.8311   22.8041
    0.0000   15.0000   30.0000 8986.0312   22.8403
    7.5000   15.0000   30.0000 8566.6035   22.8262
   -7.5000   22.5000   30.0000 8068.6870   22.5283
    0.0000   22.5000   30.0000 8165.7920   22.5807
    7.5000   22.5000   30.0000 7788.5859   22.5859
   -7.5000   30.0000   30.0000 7332.7964   22.2115
    0.0000   30.0000   30.0000 7409.9561   22.2687
    7.5000   30.0000   30.0000 7070.0386   22.2895
   -7.5000   37.5000   30.0000 6599.4028   22.0065
    0.0000   37.5000   30.0000 6676.1650   22.0571
    7.5000   37.5000   30.0000 6359.4937   22.0744
   -7.5000   45.0000   30.0000 5963.4121   22.0447
    0.0000   45.0000   30.0000 6027.3237   22.0786
    7.5000   45.0000   30.0000 5729.8789   22.0821
   -7.5000  -45.0000   37.5000 7365.1313   21.1539
    0.0000  -45.0000   37.5000 7443.3867   21.1967
    7.5000  -45.0000   37.5000 7098.9683   21.2013
   -7.5000  -37.5000   37.5000 7771.2842   22.5356
    0.0000  -37.5000   37.5000 7862.3203   22.5684
    7.5000  -37.5000   37.5000 7499.4556   22.5528
   -7.5000  -30.0000   37.5000 8234.4375   23.1042
    0.0000  -30.0000   37.5000 8287.5645   23.1449
    7.5000  -30.0000   37.5000 7939.4541   23.1341
   -7.5000  -22.5000   37.5000 8783.0264   23.0947
    0.0000  -22.5000   37.5000 8801.5322   23.1541
    7.5000  -22.5000   37.5000 8420.4844   23.1683
   -7.5000  -15.0000   37.5000 9314.5537   23.0824
    0.0000  -15.0000   37.5000 9339.8994   23.1498
    7.5000  -15.0000   37.5000 8934.9473   23.1821
   -7.5000   -7.5000   37.5000 9426.8643   23.0743
    0.0000   -7.5000   37.5000 9451.7500   23.1366
    7.5000   -7.5000   37.5000 9032.1543   23.1653
   -7.5000    0.0000   37.5000 9336.4805   23.0833
    0.0000    0.0000   37.5000 9375.8799   23.1300
    7.5000    0.0000   37.5000 8952.8164   23.1351
   -7.5000    7.5000   37.5000 8694.7490   23.0931
    0.0000    7.5000   37.5000 8733.9072   23.1267
    7.5000    7.5000   37.5000 8356.9365   23.1107
   -7.5000   15.0000   37.5000 8352.6006   23.0958
    0.0000   15.0000   37.5000 8409.5762   23.1364
    7.5000   15.0000   37.5000 8032.6455   23.1256
   -7.5000   22.5000   37.5000 7582.5122   22.7917
    0.0000   22.5000   37.5000 7637.2812   22.8503
    7.5000   22.5000   37.5000 7302.4741   22.8644
   -7.5000   30.0000   37.5000 6857.9316   22.4428
    0.0000   30.0000   37.5000 6910.5195   22.5093
    7.5000   30.0000   37.5000 6603.6812   22.5420
   -7.5000   37.5000   37.5000 6138.1831   22.2227
    0.0000   37.5000   37.5000 6196.0518   22.2837
    7.5000   37.5000   37.5000 5901.6274   22.3061
   -7.5000   45.0000   37.5000 5527.5137   22.2518
    0.0000   45.0000   37.5000 5572.7754   22.2997
    7.5000   45.0000   37.5000 5307.1992   22.3050
   -7.5000  -45.0000   45.0000 6835.4072   21.4981
    0.0000  -45.0000   45.0000 6927.0317   21.5272
    7.5000  -45.0000   45.0000 6606.7129   21.5278
   -7.5000  -37.5000   45.0000 7217.7319   22.8901
    0.0000  -37.5000   45.0000 7300.2715   22.9098
    7.5000  -37.5000   45.0000 6959.7505   22.8966
   -7.5000  -30.0000   45.0000 7626.2861   23.4222
    0.0000  -30.0000   45.0000 7685.6846   23.4428
    7.5000  -30.0000   45.0000 7342.1470   23.4393
   -7.5000  -22.5000   45.0000 8110.3857   23.4017
    0.0000  -22.5000   45.0000 8149.4131   23.4331
    7.5000  -22.5000   45.0000 7771.3569   23.4546
   -7.5000  -15.0000   45.0000 8590.4512   23.4036
    0.0000  -15.0000   45.0000 8611.6992   23.4422
    7.5000  -15.0000   45.0000 8219.4932   23.4755
   -7.5000   -7.5000   45.0000 8697.4561   23.4184
    0.0000   -7.5000   45.0000 8716.2021   23.4577
    7.5000   -7.5000   45.0000 8322.3369   23.4812
   -7.5000    0.0000   45.0000 8646.3643   23.4388
    0.0000    0.0000   45.0000 8684.3232   23.4705
    7.5000    0.0000   45.0000 8285.2354   23.4711
   -7.5000    7.5000   45.0000 8047.0327   23.4339
    0.0000    7.5000   45.0000 8084.4116   23.4541
    7.5000    7.5000   45.0000 7723.2378   23.4406
   -7.5000   15.0000   45.0000 7729.8101   23.4134
    0.0000   15.0000   45.0000 7770.4917   23.4340
    7.5000   15.0000   45.0000 7414.1738   23.4305
   -7.5000   22.5000   45.0000 7023.1929   23.0902
    0.0000   22.5000   45.0000 7083.5518   23.1212
    7.5000   22.5000   45.0000 6751.5132   23.1424
   -7.5000   30.0000   45.0000 6352.5386   22.7173
    0.0000   30.0000   45.0000 6407.0371   22.7533
    7.5000   30.0000   45.0000 6097.5488   22.7857
   -7.5000   37.5000   45.0000 5699.7920   22.4835
    0.0000   37.5000   45.0000 5743.6543   22.5211
    7.5000   37.5000   45.0000 5460.1973   22.5370
   -7.5000   45.0000   45.0000 5126.2080   22.5073
    0.0000   45.0000   45.0000 5160.9023   22.5400
    7.5000   45.0000   45.0000 4894.7095   22.5426

---------------------------------------------------------------------
imgreg_4dfp /opt/freesurfer/average/711-2C_as_mni_average_305 /opt/freesurfer/average/711-2B_as_mni_average_305_mask talsrcimg_g11 none talsrcimg_to_711-2C_as_mni_average_305_t4 4355
---------------------------------------------------------------------

freesurfer imgreg_4dfp.c
/opt/freesurfer/average/711-2C_as_mni_average_305.4dfp.img
       256       256       256         1
  1.000000  1.000000  1.000000
orientation T byte_order littleendian
Reading image: /opt/freesurfer/average/711-2C_as_mni_average_305.4dfp.img
dimensions:      256       256       256
mmppix:       1.0000   -1.0000   -1.0000
center:     128.0000 -129.0000 -129.0000
/opt/freesurfer/average/711-2B_as_mni_average_305_mask.4dfp.img
       256       256       256         1
  1.000000  1.000000  1.000000
orientation T byte_order littleendian
Reading mask: /opt/freesurfer/average/711-2B_as_mni_average_305_mask.4dfp.img (2306576 pixels)
talsrcimg_g11.4dfp.img
       256       256       256         1
  0.900000  0.900000  0.900000
orientation T byte_order littleendian
Reading image: talsrcimg_g11.4dfp.img
dimensions:      256       256       256
mmppix:       0.9000   -0.9000   -0.9000
center:     115.2000 -116.1000 -116.1000
rotation matrix determinant  1.000000
image alignment mode   4355 decimal     1103 hex
   -7.5000  -52.5000  -45.0000 2045.5656   20.5826
    0.0000  -52.5000  -45.0000 2061.5574   20.3274
    7.5000  -52.5000  -45.0000 2060.8037   20.4079
   -7.5000  -45.0000  -45.0000 2119.2351   19.4458
    0.0000  -45.0000  -45.0000 2138.7803   19.2403
    7.5000  -45.0000  -45.0000 2134.5396   19.3268
   -7.5000  -37.5000  -45.0000 2152.5105   18.5371
    0.0000  -37.5000  -45.0000 2172.5962   18.3020
    7.5000  -37.5000  -45.0000 2168.1848   18.3503
   -7.5000  -30.0000  -45.0000 2162.4341   17.8662
    0.0000  -30.0000  -45.0000 2185.7192   17.6773
    7.5000  -30.0000  -45.0000 2181.8533   17.7315
   -7.5000  -22.5000  -45.0000 2168.9541   17.6850
    0.0000  -22.5000  -45.0000 2190.0044   17.4116
    7.5000  -22.5000  -45.0000 2186.0369   17.4835
   -7.5000  -15.0000  -45.0000 2167.2576   17.7926
    0.0000  -15.0000  -45.0000 2189.1228   17.5616
    7.5000  -15.0000  -45.0000 2180.2539   17.6392
   -7.5000   -7.5000  -45.0000 2151.7366   18.3032
    0.0000   -7.5000  -45.0000 2172.0159   18.0823
    7.5000   -7.5000  -45.0000 2160.3311   18.1606
   -7.5000    0.0000  -45.0000 2117.5989   19.0842
    0.0000    0.0000  -45.0000 2136.9717   18.8606
    7.5000    0.0000  -45.0000 2122.7661   18.9406
   -7.5000    7.5000  -45.0000 2062.1221   20.1386
    0.0000    7.5000  -45.0000 2080.2415   19.8790
    7.5000    7.5000  -45.0000 2065.4844   19.9445
   -7.5000   15.0000  -45.0000 1988.6150   21.6036
    0.0000   15.0000  -45.0000 2008.8514   21.2707
    7.5000   15.0000  -45.0000 1993.6375   21.3593
   -7.5000   22.5000  -45.0000 1897.3298   23.5791
    0.0000   22.5000  -45.0000 1917.8285   23.2603
    7.5000   22.5000  -45.0000 1906.8035   23.4079
   -7.5000   30.0000  -45.0000 1795.9967   26.3036
    0.0000   30.0000  -45.0000 1813.2245   25.9640
    7.5000   30.0000  -45.0000 1800.5768   26.1610
   -7.5000   37.5000  -45.0000 1669.0869   29.7190
    0.0000   37.5000  -45.0000 1683.5784   29.3495
    7.5000   37.5000  -45.0000 1672.8206   29.5639
   -7.5000  -52.5000  -37.5000 2201.6960   20.2757
    0.0000  -52.5000  -37.5000 2220.9580   20.0301
    7.5000  -52.5000  -37.5000 2221.8740   20.1334
   -7.5000  -45.0000  -37.5000 2285.5405   19.1437
    0.0000  -45.0000  -37.5000 2308.4595   18.9285
    7.5000  -45.0000  -37.5000 2305.9407   19.0132
   -7.5000  -37.5000  -37.5000 2323.2776   18.2075
    0.0000  -37.5000  -37.5000 2350.1003   18.0175
    7.5000  -37.5000  -37.5000 2344.7158   18.0823
   -7.5000  -30.0000  -37.5000 2342.0261   17.6002
    0.0000  -30.0000  -37.5000 2364.5581   17.3876
    7.5000  -30.0000  -37.5000 2356.0574   17.4369
   -7.5000  -22.5000  -37.5000 2350.6250   17.3410
    0.0000  -22.5000  -37.5000 2371.1824   17.1046
    7.5000  -22.5000  -37.5000 2362.7400   17.1525
   -7.5000  -15.0000  -37.5000 2349.3123   17.4367
    0.0000  -15.0000  -37.5000 2373.3420   17.1856
    7.5000  -15.0000  -37.5000 2361.9399   17.2491
   -7.5000   -7.5000  -37.5000 2327.3696   17.8564
    0.0000   -7.5000  -37.5000 2353.3479   17.6182
    7.5000   -7.5000  -37.5000 2340.5144   17.6994
   -7.5000    0.0000  -37.5000 2291.0000   18.6194
    0.0000    0.0000  -37.5000 2319.0728   18.3856
    7.5000    0.0000  -37.5000 2300.8757   18.4280
   -7.5000    7.5000  -37.5000 2236.8899   19.6893
    0.0000    7.5000  -37.5000 2254.4980   19.4531
    7.5000    7.5000  -37.5000 2238.8376   19.4805
   -7.5000   15.0000  -37.5000 2155.1326   21.1416
    0.0000   15.0000  -37.5000 2173.8137   20.8568
    7.5000   15.0000  -37.5000 2160.7163   20.9531
   -7.5000   22.5000  -37.5000 2054.6143   23.0302
    0.0000   22.5000  -37.5000 2076.7859   22.7344
    7.5000   22.5000  -37.5000 2061.2458   22.8868
   -7.5000   30.0000  -37.5000 1940.3531   25.6406
    0.0000   30.0000  -37.5000 1957.7158   25.3348
    7.5000   30.0000  -37.5000 1940.7164   25.4874
   -7.5000   37.5000  -37.5000 1799.8839   28.8414
    0.0000   37.5000  -37.5000 1815.4219   28.5432
    7.5000   37.5000  -37.5000 1800.9503   28.7450
   -7.5000  -52.5000  -30.0000 2340.5276   19.9436
    0.0000  -52.5000  -30.0000 2368.3323   19.7189
    7.5000  -52.5000  -30.0000 2365.1807   19.7911
   -7.5000  -45.0000  -30.0000 2430.6345   18.7324
    0.0000  -45.0000  -30.0000 2463.9067   18.5205
    7.5000  -45.0000  -30.0000 2460.2832   18.5790
   -7.5000  -37.5000  -30.0000 2481.7915   17.8001
    0.0000  -37.5000  -30.0000 2512.4995   17.5622
    7.5000  -37.5000  -30.0000 2506.4167   17.6202
   -7.5000  -30.0000  -30.0000 2512.1951   17.1817
    0.0000  -30.0000  -30.0000 2540.4260   16.9761
    7.5000  -30.0000  -30.0000 2529.2070   17.0538
   -7.5000  -22.5000  -30.0000 2522.7158   16.8987
    0.0000  -22.5000  -30.0000 2545.3062   16.7006
    7.5000  -22.5000  -30.0000 2532.6240   16.7489
   -7.5000  -15.0000  -30.0000 2517.6523   16.9616
    0.0000  -15.0000  -30.0000 2542.5811   16.7347
    7.5000  -15.0000  -30.0000 2525.6487   16.7941
   -7.5000   -7.5000  -30.0000 2489.2061   17.3327
    0.0000   -7.5000  -30.0000 2517.7092   17.1016
    7.5000   -7.5000  -30.0000 2505.4272   17.2056
   -7.5000    0.0000  -30.0000 2453.3743   18.0197
    0.0000    0.0000  -30.0000 2484.6702   17.8047
    7.5000    0.0000  -30.0000 2468.3809   17.9084
   -7.5000    7.5000  -30.0000 2396.9229   19.0592
    0.0000    7.5000  -30.0000 2423.8779   18.8505
    7.5000    7.5000  -30.0000 2406.9404   18.9351
   -7.5000   15.0000  -30.0000 2304.3552   20.5053
    0.0000   15.0000  -30.0000 2331.7720   20.2865
    7.5000   15.0000  -30.0000 2316.2336   20.3808
   -7.5000   22.5000  -30.0000 2195.3855   22.4032
    0.0000   22.5000  -30.0000 2218.9695   22.1294
    7.5000   22.5000  -30.0000 2205.5527   22.2834
   -7.5000   30.0000  -30.0000 2073.0713   24.8722
    0.0000   30.0000  -30.0000 2090.7048   24.5869
    7.5000   30.0000  -30.0000 2077.5764   24.7566
   -7.5000   37.5000  -30.0000 1917.8180   27.8930
    0.0000   37.5000  -30.0000 1936.6254   27.5869
    7.5000   37.5000  -30.0000 1926.0085   27.8102
   -7.5000  -52.5000  -22.5000 2449.6125   19.3818
    0.0000  -52.5000  -22.5000 2479.9790   19.1524
    7.5000  -52.5000  -22.5000 2478.2542   19.2258
   -7.5000  -45.0000  -22.5000 2554.7297   18.1740
    0.0000  -45.0000  -22.5000 2584.4180   18.0105
    7.5000  -45.0000  -22.5000 2580.3499   18.0198
   -7.5000  -37.5000  -22.5000 2609.8533   17.2470
    0.0000  -37.5000  -22.5000 2638.4373   17.0131
    7.5000  -37.5000  -22.5000 2635.9866   17.0350
   -7.5000  -30.0000  -22.5000 2650.5496   16.5792
    0.0000  -30.0000  -22.5000 2678.2566   16.3782
    7.5000  -30.0000  -22.5000 2670.4304   16.4238
   -7.5000  -22.5000  -22.5000 2668.5083   16.2513
    0.0000  -22.5000  -22.5000 2694.8132   16.0898
    7.5000  -22.5000  -22.5000 2679.4048   16.1396
   -7.5000  -15.0000  -22.5000 2665.0029   16.2790
    0.0000  -15.0000  -22.5000 2694.6116   16.1207
    7.5000  -15.0000  -22.5000 2675.4072   16.2209
   -7.5000   -7.5000  -22.5000 2641.4241   16.6467
    0.0000   -7.5000  -22.5000 2669.6909   16.4295
    7.5000   -7.5000  -22.5000 2655.4431   16.5583
   -7.5000    0.0000  -22.5000 2601.2583   17.3050
    0.0000    0.0000  -22.5000 2632.3479   17.0662
    7.5000    0.0000  -22.5000 2614.1165   17.1959
   -7.5000    7.5000  -22.5000 2539.7346   18.3220
    0.0000    7.5000  -22.5000 2569.7102   18.0909
    7.5000    7.5000  -22.5000 2549.7378   18.1906
   -7.5000   15.0000  -22.5000 2439.0491   19.7332
    0.0000   15.0000  -22.5000 2467.0801   19.4868
    7.5000   15.0000  -22.5000 2453.2742   19.5905
   -7.5000   22.5000  -22.5000 2323.2524   21.5760
    0.0000   22.5000  -22.5000 2346.6772   21.3309
    7.5000   22.5000  -22.5000 2333.3828   21.4631
   -7.5000   30.0000  -22.5000 2187.5439   23.9244
    0.0000   30.0000  -22.5000 2207.3025   23.6863
    7.5000   30.0000  -22.5000 2191.5735   23.8346
   -7.5000   37.5000  -22.5000 2024.0936   26.8434
    0.0000   37.5000  -22.5000 2040.8657   26.6223
    7.5000   37.5000  -22.5000 2024.2354   26.7576
   -7.5000  -52.5000  -15.0000 2528.3503   18.7780
    0.0000  -52.5000  -15.0000 2557.4346   18.4888
    7.5000  -52.5000  -15.0000 2554.7700   18.5264
   -7.5000  -45.0000  -15.0000 2642.5229   17.5564
    0.0000  -45.0000  -15.0000 2673.0564   17.3243
    7.5000  -45.0000  -15.0000 2672.0007   17.3623
   -7.5000  -37.5000  -15.0000 2705.9219   16.5517
    0.0000  -37.5000  -15.0000 2741.1074   16.3628
    7.5000  -37.5000  -15.0000 2731.6831   16.3509
   -7.5000  -30.0000  -15.0000 2747.1135   15.8420
    0.0000  -30.0000  -15.0000 2780.9802   15.6457
    7.5000  -30.0000  -15.0000 2772.2896   15.6712
   -7.5000  -22.5000  -15.0000 2775.8816   15.4310
    0.0000  -22.5000  -15.0000 2813.7087   15.2767
    7.5000  -22.5000  -15.0000 2794.8733   15.3254
   -7.5000  -15.0000  -15.0000 2783.6814   15.5075
    0.0000  -15.0000  -15.0000 2817.3665   15.3474
    7.5000  -15.0000  -15.0000 2797.6697   15.4481
   -7.5000   -7.5000  -15.0000 2768.8740   15.8948
    0.0000   -7.5000  -15.0000 2798.2659   15.6871
    7.5000   -7.5000  -15.0000 2782.7849   15.8093
   -7.5000    0.0000  -15.0000 2724.3513   16.5138
    0.0000    0.0000  -15.0000 2753.1370   16.2777
    7.5000    0.0000  -15.0000 2732.6772   16.3922
   -7.5000    7.5000  -15.0000 2651.9670   17.4356
    0.0000    7.5000  -15.0000 2684.7188   17.2195
    7.5000    7.5000  -15.0000 2660.8579   17.3179
   -7.5000   15.0000  -15.0000 2548.9653   18.8249
    0.0000   15.0000  -15.0000 2578.1116   18.5948
    7.5000   15.0000  -15.0000 2560.0190   18.7146
   -7.5000   22.5000  -15.0000 2419.4895   20.6412
    0.0000   22.5000  -15.0000 2449.3101   20.4295
    7.5000   22.5000  -15.0000 2431.5000   20.5483
   -7.5000   30.0000  -15.0000 2278.0288   22.9449
    0.0000   30.0000  -15.0000 2300.5281   22.7655
    7.5000   30.0000  -15.0000 2282.9907   22.9022
   -7.5000   37.5000  -15.0000 2099.9207   25.7828
    0.0000   37.5000  -15.0000 2117.6426   25.5547
    7.5000   37.5000  -15.0000 2098.5688   25.7084
   -7.5000  -52.5000   -7.5000 2555.1538   18.1075
    0.0000  -52.5000   -7.5000 2591.9802   17.7628
    7.5000  -52.5000   -7.5000 2587.9507   17.8025
   -7.5000  -45.0000   -7.5000 2678.4958   16.8947
    0.0000  -45.0000   -7.5000 2716.8350   16.5810
    7.5000  -45.0000   -7.5000 2711.3599   16.6083
   -7.5000  -37.5000   -7.5000 2760.0330   15.8605
    0.0000  -37.5000   -7.5000 2798.0637   15.6098
    7.5000  -37.5000   -7.5000 2786.2312   15.6260
   -7.5000  -30.0000   -7.5000 2810.4072   15.0791
    0.0000  -30.0000   -7.5000 2845.1931   14.8600
    7.5000  -30.0000   -7.5000 2834.0291   14.8679
   -7.5000  -22.5000   -7.5000 2850.3906   14.6088
    0.0000  -22.5000   -7.5000 2888.7896   14.3641
    7.5000  -22.5000   -7.5000 2865.1370   14.4059
   -7.5000  -15.0000   -7.5000 2864.2258   14.6755
    0.0000  -15.0000   -7.5000 2897.2144   14.4283
    7.5000  -15.0000   -7.5000 2874.7458   14.5296
   -7.5000   -7.5000   -7.5000 2846.8459   15.0348
    0.0000   -7.5000   -7.5000 2882.5337   14.8088
    7.5000   -7.5000   -7.5000 2861.2881   14.8913
   -7.5000    0.0000   -7.5000 2799.4883   15.6223
    0.0000    0.0000   -7.5000 2828.6340   15.4128
    7.5000    0.0000   -7.5000 2808.7793   15.4980
   -7.5000    7.5000   -7.5000 2719.1899   16.5635
    0.0000    7.5000   -7.5000 2743.1699   16.3075
    7.5000    7.5000   -7.5000 2721.6536   16.4205
   -7.5000   15.0000   -7.5000 2610.6536   17.8751
    0.0000   15.0000   -7.5000 2637.4573   17.6376
    7.5000   15.0000   -7.5000 2616.8396   17.7539
   -7.5000   22.5000   -7.5000 2475.3345   19.6633
    0.0000   22.5000   -7.5000 2506.8472   19.4224
    7.5000   22.5000   -7.5000 2488.0503   19.5708
   -7.5000   30.0000   -7.5000 2325.4553   21.9266
    0.0000   30.0000   -7.5000 2356.1577   21.7036
    7.5000   30.0000   -7.5000 2337.6340   21.9254
   -7.5000   37.5000   -7.5000 2142.3989   24.6372
    0.0000   37.5000   -7.5000 2163.4524   24.4462
    7.5000   37.5000   -7.5000 2149.7734   24.6468
   -7.5000  -52.5000    0.0000 2575.5229   17.8817
    0.0000  -52.5000    0.0000 2611.9814   17.4917
    7.5000  -52.5000    0.0000 2605.4951   17.4644
   -7.5000  -45.0000    0.0000 2705.7703   16.6116
    0.0000  -45.0000    0.0000 2742.4106   16.2390
    7.5000  -45.0000    0.0000 2732.9265   16.1999
   -7.5000  -37.5000    0.0000 2799.7578   15.4941
    0.0000  -37.5000    0.0000 2839.6907   15.1841
    7.5000  -37.5000    0.0000 2826.0254   15.1760
   -7.5000  -30.0000    0.0000 2867.0171   14.6720
    0.0000  -30.0000    0.0000 2906.1711   14.4252
    7.5000  -30.0000    0.0000 2892.2253   14.4190
   -7.5000  -22.5000    0.0000 2913.5950   14.1785
    0.0000  -22.5000    0.0000 2954.6587   13.8302
    7.5000  -22.5000    0.0000 2926.1724   13.8810
   -7.5000  -15.0000    0.0000 2935.1521   14.1729
    0.0000  -15.0000    0.0000 2968.2690   13.8224
    7.5000  -15.0000    0.0000 2938.2009   13.9024
   -7.5000   -7.5000    0.0000 2914.6416   14.5120
    0.0000   -7.5000    0.0000 2947.3105   14.2256
    7.5000   -7.5000    0.0000 2920.4690   14.2996
   -7.5000    0.0000    0.0000 2863.6213   15.1393
    0.0000    0.0000    0.0000 2890.5662   14.8230
    7.5000    0.0000    0.0000 2866.7891   14.9508
   -7.5000    7.5000    0.0000 2777.8169   16.0684
    0.0000    7.5000    0.0000 2802.6772   15.7230
    7.5000    7.5000    0.0000 2776.6560   15.8817
   -7.5000   15.0000    0.0000 2662.6812   17.4346
    0.0000   15.0000    0.0000 2685.8506   17.0896
    7.5000   15.0000    0.0000 2662.5327   17.2477
   -7.5000   22.5000    0.0000 2527.0576   19.2317
    0.0000   22.5000    0.0000 2552.0071   18.9008
    7.5000   22.5000    0.0000 2531.7087   19.0570
   -7.5000   30.0000    0.0000 2375.7344   21.4404
    0.0000   30.0000    0.0000 2398.1348   21.1724
    7.5000   30.0000    0.0000 2380.7473   21.3075
   -7.5000   37.5000    0.0000 2190.7607   24.1392
    0.0000   37.5000    0.0000 2208.1372   23.8618
    7.5000   37.5000    0.0000 2188.0510   24.0081
   -7.5000  -52.5000    7.5000 2569.7507   17.7546
    0.0000  -52.5000    7.5000 2601.7236   17.2965
    7.5000  -52.5000    7.5000 2594.1392   17.2575
   -7.5000  -45.0000    7.5000 2705.3687   16.3893
    0.0000  -45.0000    7.5000 2735.3110   16.0016
    7.5000  -45.0000    7.5000 2725.2471   15.9651
   -7.5000  -37.5000    7.5000 2809.9199   15.2485
    0.0000  -37.5000    7.5000 2845.5686   14.9343
    7.5000  -37.5000    7.5000 2831.0737   14.8955
   -7.5000  -30.0000    7.5000 2894.5972   14.4690
    0.0000  -30.0000    7.5000 2929.5415   14.1974
    7.5000  -30.0000    7.5000 2915.6050   14.1408
   -7.5000  -22.5000    7.5000 2959.9702   14.0336
    0.0000  -22.5000    7.5000 3007.0212   13.7354
    7.5000  -22.5000    7.5000 2974.5852   13.7543
   -7.5000  -15.0000    7.5000 2969.3818   13.9206
    0.0000  -15.0000    7.5000 3017.5227   13.5312
    7.5000  -15.0000    7.5000 2980.3369   13.6569
   -7.5000   -7.5000    7.5000 2948.4348   14.1426
    0.0000   -7.5000    7.5000 2986.2627   13.7882
    7.5000   -7.5000    7.5000 2949.9216   13.9496
   -7.5000    0.0000    7.5000 2890.7126   14.7689
    0.0000    0.0000    7.5000 2918.8611   14.4327
    7.5000    0.0000    7.5000 2893.7849   14.5749
   -7.5000    7.5000    7.5000 2800.9641   15.7556
    0.0000    7.5000    7.5000 2825.5896   15.4396
    7.5000    7.5000    7.5000 2804.4321   15.5786
   -7.5000   15.0000    7.5000 2685.5288   17.1345
    0.0000   15.0000    7.5000 2706.8562   16.8197
    7.5000   15.0000    7.5000 2685.5505   16.9591
   -7.5000   22.5000    7.5000 2546.7910   18.8453
    0.0000   22.5000    7.5000 2570.8403   18.5888
    7.5000   22.5000    7.5000 2549.4199   18.7070
   -7.5000   30.0000    7.5000 2397.4802   21.0114
    0.0000   30.0000    7.5000 2420.6367   20.8008
    7.5000   30.0000    7.5000 2395.5938   20.9124
   -7.5000   37.5000    7.5000 2212.0830   23.6545
    0.0000   37.5000    7.5000 2230.3708   23.4174
    7.5000   37.5000    7.5000 2206.7881   23.5204
   -7.5000  -52.5000   15.0000 2545.7290   17.8402
    0.0000  -52.5000   15.0000 2570.9431   17.2772
    7.5000  -52.5000   15.0000 2564.6145   17.2889
   -7.5000  -45.0000   15.0000 2681.1299   16.4715
    0.0000  -45.0000   15.0000 2701.8665   15.9891
    7.5000  -45.0000   15.0000 2699.1133   16.0170
   -7.5000  -37.5000   15.0000 2793.9080   15.3507
    0.0000  -37.5000   15.0000 2816.4890   14.9333
    7.5000  -37.5000   15.0000 2812.0200   14.9968
   -7.5000  -30.0000   15.0000 2890.5288   14.5518
    0.0000  -30.0000   15.0000 2916.0774   14.2221
    7.5000  -30.0000   15.0000 2905.3518   14.2903
   -7.5000  -22.5000   15.0000 2948.2502   13.9559
    0.0000  -22.5000   15.0000 3001.0356   13.7475
    7.5000  -22.5000   15.0000 2964.7644   13.8431
   -7.5000  -15.0000   15.0000 2955.6160   13.7913
    0.0000  -15.0000   15.0000 3004.6492   13.4564
    7.5000  -15.0000   15.0000 2975.1584   13.7331
   -7.5000   -7.5000   15.0000 2936.4395   14.0473
    0.0000   -7.5000   15.0000 2973.2456   13.6861
    7.5000   -7.5000   15.0000 2939.8916   13.9323
   -7.5000    0.0000   15.0000 2873.0305   14.6701
    0.0000    0.0000   15.0000 2900.6902   14.3430
    7.5000    0.0000   15.0000 2882.7476   14.4916
   -7.5000    7.5000   15.0000 2791.4062   15.6454
    0.0000    7.5000   15.0000 2810.0854   15.3011
    7.5000    7.5000   15.0000 2794.0039   15.4496
   -7.5000   15.0000   15.0000 2678.6267   16.9997
    0.0000   15.0000   15.0000 2695.5046   16.6842
    7.5000   15.0000   15.0000 2679.1587   16.8275
   -7.5000   22.5000   15.0000 2544.9185   18.7380
    0.0000   22.5000   15.0000 2568.5376   18.4599
    7.5000   22.5000   15.0000 2544.9771   18.6096
   -7.5000   30.0000   15.0000 2396.5657   20.9359
    0.0000   30.0000   15.0000 2419.3699   20.6772
    7.5000   30.0000   15.0000 2397.6816   20.8127
   -7.5000   37.5000   15.0000 2210.1602   23.5119
    0.0000   37.5000   15.0000 2227.5195   23.3546
    7.5000   37.5000   15.0000 2212.8867   23.4290
   -7.5000  -52.5000   22.5000 2517.0291   18.2877
    0.0000  -52.5000   22.5000 2537.5637   17.6750
    7.5000  -52.5000   22.5000 2530.2246   17.7811
   -7.5000  -45.0000   22.5000 2657.7571   16.9418
    0.0000  -45.0000   22.5000 2672.8066   16.4164
    7.5000  -45.0000   22.5000 2669.4744   16.5436
   -7.5000  -37.5000   22.5000 2771.7620   15.7560
    0.0000  -37.5000   22.5000 2785.8564   15.3220
    7.5000  -37.5000   22.5000 2776.8152   15.4466
   -7.5000  -30.0000   22.5000 2863.5996   14.8498
    0.0000  -30.0000   22.5000 2885.4861   14.5251
    7.5000  -30.0000   22.5000 2869.4128   14.6254
   -7.5000  -22.5000   22.5000 2922.4087   14.2137
    0.0000  -22.5000   22.5000 2951.9597   13.9089
    7.5000  -22.5000   22.5000 2931.0718   14.1537
   -7.5000  -15.0000   22.5000 2941.3889   14.0889
    0.0000  -15.0000   22.5000 2981.2095   13.7961
    7.5000  -15.0000   22.5000 2954.0435   14.0470
   -7.5000   -7.5000   22.5000 2927.4570   14.3794
    0.0000   -7.5000   22.5000 2966.8296   14.1709
    7.5000   -7.5000   22.5000 2933.8376   14.3392
   -7.5000    0.0000   22.5000 2855.0779   15.0452
    0.0000    0.0000   22.5000 2889.3245   14.8295
    7.5000    0.0000   22.5000 2860.5811   14.9211
   -7.5000    7.5000   22.5000 2770.5354   15.9722
    0.0000    7.5000   22.5000 2789.6641   15.7467
    7.5000    7.5000   22.5000 2767.1965   15.8343
   -7.5000   15.0000   22.5000 2657.2712   17.2723
    0.0000   15.0000   22.5000 2680.5532   17.0110
    7.5000   15.0000   22.5000 2658.9536   17.1119
   -7.5000   22.5000   22.5000 2525.2119   18.9813
    0.0000   22.5000   22.5000 2547.1624   18.7190
    7.5000   22.5000   22.5000 2524.8628   18.8289
   -7.5000   30.0000   22.5000 2374.0317   21.0868
    0.0000   30.0000   22.5000 2390.6040   20.8430
    7.5000   30.0000   22.5000 2372.2983   20.9337
   -7.5000   37.5000   22.5000 2183.4082   23.5723
    0.0000   37.5000   22.5000 2201.8557   23.3522
    7.5000   37.5000   22.5000 2183.6479   23.4261
   -7.5000  -52.5000   30.0000 2484.1140   18.8933
    0.0000  -52.5000   30.0000 2502.4338   18.3665
    7.5000  -52.5000   30.0000 2502.0879   18.5782
   -7.5000  -45.0000   30.0000 2625.5117   17.5228
    0.0000  -45.0000   30.0000 2642.2810   17.0273
    7.5000  -45.0000   30.0000 2639.0867   17.1886
   -7.5000  -37.5000   30.0000 2733.0525   16.2870
    0.0000  -37.5000   30.0000 2750.7852   15.8593
    7.5000  -37.5000   30.0000 2742.9219   16.0011
   -7.5000  -30.0000   30.0000 2819.4346   15.3596
    0.0000  -30.0000   30.0000 2841.3108   14.9774
    7.5000  -30.0000   30.0000 2825.5076   15.1375
   -7.5000  -22.5000   30.0000 2885.5374   14.7898
    0.0000  -22.5000   30.0000 2903.1196   14.4009
    7.5000  -22.5000   30.0000 2884.7722   14.6400
   -7.5000  -15.0000   30.0000 2916.9482   14.6738
    0.0000  -15.0000   30.0000 2939.3376   14.3862
    7.5000  -15.0000   30.0000 2919.3621   14.5869
   -7.5000   -7.5000   30.0000 2896.3606   15.0120
    0.0000   -7.5000   30.0000 2928.3464   14.8009
    7.5000   -7.5000   30.0000 2898.2666   14.9468
   -7.5000    0.0000   30.0000 2828.7017   15.6977
    0.0000    0.0000   30.0000 2858.0884   15.4647
    7.5000    0.0000   30.0000 2826.2837   15.5607
   -7.5000    7.5000   30.0000 2735.8870   16.6232
    0.0000    7.5000   30.0000 2753.7671   16.3793
    7.5000    7.5000   30.0000 2731.0120   16.4695
   -7.5000   15.0000   30.0000 2621.2322   17.8465
    0.0000   15.0000   30.0000 2641.1108   17.6470
    7.5000   15.0000   30.0000 2621.1611   17.7397
   -7.5000   22.5000   30.0000 2489.1851   19.5023
    0.0000   22.5000   30.0000 2509.9382   19.3039
    7.5000   22.5000   30.0000 2491.7061   19.3850
   -7.5000   30.0000   30.0000 2338.3655   21.5469
    0.0000   30.0000   30.0000 2352.1313   21.3472
    7.5000   30.0000   30.0000 2338.6609   21.4685
   -7.5000   37.5000   30.0000 2152.2881   24.0482
    0.0000   37.5000   30.0000 2169.5676   23.7921
    7.5000   37.5000   30.0000 2152.3545   23.8926
   -7.5000  -52.5000   37.5000 2433.8892   19.6286
    0.0000  -52.5000   37.5000 2456.6570   19.0847
    7.5000  -52.5000   37.5000 2451.3704   19.2995
   -7.5000  -45.0000   37.5000 2575.2812   18.1896
    0.0000  -45.0000   37.5000 2599.9871   17.7363
    7.5000  -45.0000   37.5000 2591.0110   17.8747
   -7.5000  -37.5000   37.5000 2679.6345   16.8779
    0.0000  -37.5000   37.5000 2700.6260   16.4858
    7.5000  -37.5000   37.5000 2691.6721   16.6303
   -7.5000  -30.0000   37.5000 2763.6045   16.0021
    0.0000  -30.0000   37.5000 2784.3279   15.5740
    7.5000  -30.0000   37.5000 2772.0623   15.7807
   -7.5000  -22.5000   37.5000 2822.2576   15.4866
    0.0000  -22.5000   37.5000 2841.4370   15.1139
    7.5000  -22.5000   37.5000 2816.4370   15.2758
   -7.5000  -15.0000   37.5000 2847.4028   15.4005
    0.0000  -15.0000   37.5000 2866.8887   15.0710
    7.5000  -15.0000   37.5000 2846.9224   15.2413
   -7.5000   -7.5000   37.5000 2827.0754   15.7558
    0.0000   -7.5000   37.5000 2846.6392   15.4761
    7.5000   -7.5000   37.5000 2823.0222   15.6209
   -7.5000    0.0000   37.5000 2762.5723   16.4430
    0.0000    0.0000   37.5000 2784.6975   16.1803
    7.5000    0.0000   37.5000 2755.1951   16.2840
   -7.5000    7.5000   37.5000 2672.3206   17.3380
    0.0000    7.5000   37.5000 2689.5752   17.1081
    7.5000    7.5000   37.5000 2669.9480   17.1885
   -7.5000   15.0000   37.5000 2563.9995   18.5629
    0.0000   15.0000   37.5000 2582.5586   18.3487
    7.5000   15.0000   37.5000 2565.8213   18.4543
   -7.5000   22.5000   37.5000 2429.5767   20.2268
    0.0000   22.5000   37.5000 2444.5920   20.0346
    7.5000   22.5000   37.5000 2437.3638   20.1088
   -7.5000   30.0000   37.5000 2284.0356   22.2241
    0.0000   30.0000   37.5000 2294.4368   22.0726
    7.5000   30.0000   37.5000 2284.9087   22.1989
   -7.5000   37.5000   37.5000 2110.3997   24.6010
    0.0000   37.5000   37.5000 2129.7734   24.4634
    7.5000   37.5000   37.5000 2103.7202   24.6863
   -7.5000  -52.5000   45.0000 2351.3062   20.3437
    0.0000  -52.5000   45.0000 2383.7578   19.9466
    7.5000  -52.5000   45.0000 2372.9958   20.0752
   -7.5000  -45.0000   45.0000 2488.1965   18.8334
    0.0000  -45.0000   45.0000 2516.7578   18.4637
    7.5000  -45.0000   45.0000 2503.3184   18.5999
   -7.5000  -37.5000   45.0000 2590.7339   17.5735
    0.0000  -37.5000   45.0000 2614.9463   17.1889
    7.5000  -37.5000   45.0000 2600.8901   17.3301
   -7.5000  -30.0000   45.0000 2665.6333   16.7219
    0.0000  -30.0000   45.0000 2689.5105   16.3377
    7.5000  -30.0000   45.0000 2669.7412   16.5064
   -7.5000  -22.5000   45.0000 2714.2664   16.2339
    0.0000  -22.5000   45.0000 2733.8096   15.9308
    7.5000  -22.5000   45.0000 2706.5806   16.0279
   -7.5000  -15.0000   45.0000 2728.7158   16.1964
    0.0000  -15.0000   45.0000 2746.6128   15.8923
    7.5000  -15.0000   45.0000 2723.7471   16.0076
   -7.5000   -7.5000   45.0000 2708.7129   16.5625
    0.0000   -7.5000   45.0000 2724.6191   16.2624
    7.5000   -7.5000   45.0000 2700.6611   16.3841
   -7.5000    0.0000   45.0000 2655.3335   17.1493
    0.0000    0.0000   45.0000 2676.2258   16.8880
    7.5000    0.0000   45.0000 2645.0898   17.0232
   -7.5000    7.5000   45.0000 2566.0400   18.0316
    0.0000    7.5000   45.0000 2585.6697   17.7842
    7.5000    7.5000   45.0000 2565.9519   17.9113
   -7.5000   15.0000   45.0000 2463.8689   19.2062
    0.0000   15.0000   45.0000 2478.7710   19.0203
    7.5000   15.0000   45.0000 2462.5208   19.1449
   -7.5000   22.5000   45.0000 2337.4973   20.9108
    0.0000   22.5000   45.0000 2356.5891   20.7741
    7.5000   22.5000   45.0000 2339.8347   20.8947
   -7.5000   30.0000   45.0000 2201.7979   23.0320
    0.0000   30.0000   45.0000 2217.0901   22.8394
    7.5000   30.0000   45.0000 2193.0886   22.9918
   -7.5000   37.5000   45.0000 2047.0775   25.4863
    0.0000   37.5000   45.0000 2057.2556   25.3193
    7.5000   37.5000   45.0000 2031.2391   25.4737

---------------------------------------------------------------------
imgreg_4dfp /opt/freesurfer/average/711-2C_as_mni_average_305 /opt/freesurfer/average/711-2B_as_mni_average_305_mask talsrcimg_g11 none talsrcimg_to_711-2C_as_mni_average_305_t4 1283
---------------------------------------------------------------------

freesurfer imgreg_4dfp.c
/opt/freesurfer/average/711-2C_as_mni_average_305.4dfp.img
       256       256       256         1
  1.000000  1.000000  1.000000
orientation T byte_order littleendian
Reading image: /opt/freesurfer/average/711-2C_as_mni_average_305.4dfp.img
dimensions:      256       256       256
mmppix:       1.0000   -1.0000   -1.0000
center:     128.0000 -129.0000 -129.0000
/opt/freesurfer/average/711-2B_as_mni_average_305_mask.4dfp.img
       256       256       256         1
  1.000000  1.000000  1.000000
orientation T byte_order littleendian
Reading mask: /opt/freesurfer/average/711-2B_as_mni_average_305_mask.4dfp.img (2306576 pixels)
talsrcimg_g11.4dfp.img
       256       256       256         1
  0.900000  0.900000  0.900000
orientation T byte_order littleendian
Reading image: talsrcimg_g11.4dfp.img
dimensions:      256       256       256
mmppix:       0.9000   -0.9000   -0.9000
center:     115.2000 -116.1000 -116.1000
rotation matrix determinant  1.000000
fimgreg.f
image alignment mode   1283 decimal      503 hex
parameters
    0.0000  -15.0000    7.5000    0.0000    0.0000    0.0000
eta,q 0.94745 13.51550
niter,ni,del,rscale     5    3   12.0000    1.2000
parameter  2  0.906554 ->  0.500000 qaram    1.1500
parameter  3 -0.538431 -> -0.500000 qaram    1.1500
parameter  4  2.650036 ->  0.500000 qaram    1.1500
parameter  5 -0.708423 -> -0.500000 qaram    1.1500
parameters
   -0.6851  -18.4500   10.9500   -3.4500    3.4500    1.4792
eta,q 0.95622 13.64307
  0.0647  0.0548  0.0700  0.0453  0.0574  0.0495
  0.0578  0.0537  0.0655  0.0464  0.0540  0.0477
  0.0556  0.0552  0.0594  0.0480  0.0504  0.0463
  0.0574  0.0564  0.0539  0.0500  0.0468  0.0446
  0.0602  0.0572  0.0500  0.0525  0.0447  0.0437
  0.0624  0.0592  0.0505  0.0540  0.0449  0.0444
  0.0658  0.0613  0.0546  0.0571  0.0455  0.0470
niter,ni,del,rscale     7    3   12.0000    1.2000
parameter  4  0.715369 ->  0.500000 qaram    1.3225
parameters
    0.3785  -16.9131   10.3545   -7.4175    2.7010    1.9263
eta,q 0.96139 13.70265
  0.0625  0.0664  0.0587  0.0417  0.0468  0.0459
  0.0573  0.0560  0.0515  0.0386  0.0422  0.0428
  0.0491  0.0468  0.0451  0.0404  0.0393  0.0402
  0.0438  0.0431  0.0432  0.0431  0.0387  0.0387
  0.0436  0.0433  0.0479  0.0461  0.0407  0.0389
  0.0479  0.0453  0.0563  0.0503  0.0451  0.0409
  0.0548  0.0523  0.0639  0.0538  0.0514  0.0446
niter,ni,del,rscale     7    3   12.0000    1.2000
parameters
    0.5907  -15.5954   10.0842   -7.2354    2.6140    2.0229
eta,q 0.96119 13.64455
  0.0584  0.0655  0.0566  0.0528  0.0476  0.0454
  0.0499  0.0565  0.0491  0.0457  0.0426  0.0421
  0.0413  0.0450  0.0417  0.0390  0.0397  0.0396
  0.0386  0.0386  0.0387  0.0387  0.0388  0.0388
  0.0408  0.0398  0.0434  0.0413  0.0398  0.0395
  0.0470  0.0449  0.0510  0.0454  0.0430  0.0417
  0.0564  0.0521  0.0591  0.0504  0.0480  0.0451
niter,ni,del,rscale     6    3   12.0000    1.2000
parameters
    0.6377  -15.3014   10.1013   -7.2652    2.6081    2.0332
eta,q 0.96095 13.62906
  0.0564  0.0606  0.0580  0.0526  0.0478  0.0454
  0.0481  0.0497  0.0505  0.0447  0.0428  0.0421
  0.0405  0.0403  0.0429  0.0389  0.0399  0.0397
  0.0388  0.0388  0.0391  0.0391  0.0391  0.0391
  0.0412  0.0421  0.0430  0.0417  0.0400  0.0397
  0.0469  0.0493  0.0501  0.0460  0.0429  0.0420
  0.0561  0.0552  0.0580  0.0511  0.0478  0.0454
niter,ni,del,rscale     5    3   12.0000    1.2000
parameters
    0.6408  -15.2103   10.1128   -7.2837    2.6143    2.0341
eta,q 0.96089 13.62474
  0.0560  0.0594  0.0580  0.0527  0.0479  0.0455
  0.0479  0.0482  0.0505  0.0448  0.0429  0.0422
  0.0406  0.0396  0.0429  0.0390  0.0400  0.0398
  0.0391  0.0391  0.0391  0.0391  0.0391  0.0391
  0.0414  0.0429  0.0431  0.0417  0.0401  0.0398
  0.0470  0.0503  0.0502  0.0460  0.0429  0.0421
  0.0563  0.0554  0.0579  0.0511  0.0478  0.0455
niter,ni,del,rscale     4    3   12.0000    1.2000
parameters
    0.6408  -15.1807   10.1170   -7.2903    2.6166    2.0341
eta,q 0.96087 13.62331
  0.0559  0.0590  0.0579  0.0527  0.0479  0.0455
  0.0479  0.0478  0.0505  0.0448  0.0429  0.0422
  0.0407  0.0395  0.0428  0.0390  0.0400  0.0398
  0.0391  0.0391  0.0391  0.0391  0.0391  0.0391
  0.0414  0.0431  0.0432  0.0416  0.0401  0.0398
  0.0470  0.0506  0.0502  0.0460  0.0430  0.0421
  0.0563  0.0554  0.0579  0.0511  0.0478  0.0455
registration optimization eta report
parameter search radius
    6.0000    6.9000    6.9000    7.9350    6.9000    6.0000
100000*second partial in parameter space
       47.       38.       37.       21.       18.       18.
  0.0559  0.0590  0.0579  0.0527  0.0479  0.0455
  0.0479  0.0478  0.0505  0.0448  0.0429  0.0422
  0.0407  0.0395  0.0428  0.0390  0.0400  0.0398
  0.0391  0.0391  0.0391  0.0391  0.0391  0.0391
  0.0414  0.0431  0.0432  0.0416  0.0401  0.0398
  0.0470  0.0506  0.0502  0.0460  0.0430  0.0421
  0.0563  0.0554  0.0579  0.0511  0.0478  0.0455
    0.6408  -15.1807   10.1170   -7.2903    2.6166    2.0341
eta,q 0.96087 13.62331

---------------------------------------------------------------------
imgreg_4dfp /opt/freesurfer/average/711-2C_as_mni_average_305 /opt/freesurfer/average/711-2B_as_mni_average_305_mask talsrcimg_g11 none talsrcimg_to_711-2C_as_mni_average_305_t4 3335
---------------------------------------------------------------------

freesurfer imgreg_4dfp.c
/opt/freesurfer/average/711-2C_as_mni_average_305.4dfp.img
       256       256       256         1
  1.000000  1.000000  1.000000
orientation T byte_order littleendian
Reading image: /opt/freesurfer/average/711-2C_as_mni_average_305.4dfp.img
dimensions:      256       256       256
mmppix:       1.0000   -1.0000   -1.0000
center:     128.0000 -129.0000 -129.0000
/opt/freesurfer/average/711-2B_as_mni_average_305_mask.4dfp.img
       256       256       256         1
  1.000000  1.000000  1.000000
orientation T byte_order littleendian
Reading mask: /opt/freesurfer/average/711-2B_as_mni_average_305_mask.4dfp.img (2306576 pixels)
talsrcimg_g11.4dfp.img
       256       256       256         1
  0.900000  0.900000  0.900000
orientation T byte_order littleendian
Reading image: talsrcimg_g11.4dfp.img
dimensions:      256       256       256
mmppix:       0.9000   -0.9000   -0.9000
center:     115.2000 -116.1000 -116.1000
fimgreg.f
image alignment mode   3335 decimal      D07 hex
parameters
    0.6408  -15.1807   10.1170   -0.1672   -0.8503   -0.9118
   -2.9418   -4.9760    3.5458   12.5209    4.5653  -12.6764
eta,q 0.96032 13.56371
niter,ni,del,rscale     5    3    5.0000    1.2000
parameter  4  2.375528 ->  0.500000 qaram    1.1500
parameter  5  2.648418 ->  0.500000 qaram    1.1500
parameter  6  0.521207 ->  0.500000 qaram    1.1500
parameters
    0.4413  -15.4119   10.0731   -4.3072   -4.9903   -5.0518
   -3.2890   -5.1517    4.4772   11.1612    3.1403  -12.1037
eta,q 0.97544 13.64984
  0.0421  0.0412  0.0427  0.0301  0.0240  0.0264  0.0281  0.0316  0.0278  0.0275  0.0260  0.0263
  0.0406  0.0402  0.0411  0.0317  0.0254  0.0251  0.0262  0.0278  0.0264  0.0259  0.0250  0.0253
  0.0399  0.0397  0.0401  0.0350  0.0283  0.0244  0.0251  0.0253  0.0253  0.0249  0.0246  0.0248
  0.0397  0.0397  0.0396  0.0396  0.0324  0.0260  0.0248  0.0248  0.0247  0.0247  0.0247  0.0246
  0.0402  0.0400  0.0400  0.0446  0.0369  0.0317  0.0254  0.0259  0.0247  0.0257  0.0252  0.0247
  0.0413  0.0408  0.0412  0.0496  0.0409  0.0403  0.0268  0.0285  0.0254  0.0281  0.0262  0.0251
  0.0430  0.0419  0.0431  0.0544  0.0448  0.0476  0.0287  0.0320  0.0267  0.0313  0.0275  0.0258
niter,ni,del,rscale     7    3    5.0000    1.2000
parameter  5  0.504095 ->  0.500000 qaram    1.3225
parameters
    0.6173  -14.8808    9.9663   -6.9457   -9.7513   -5.1143
   -4.4376   -4.7053    4.9244   10.5070    3.7890  -15.2710
eta,q 0.97666 13.42653
  0.0293  0.0286  0.0260  0.0266  0.0247  0.0277  0.0254  0.0285  0.0256  0.0255  0.0244  0.0236
  0.0269  0.0267  0.0251  0.0256  0.0238  0.0263  0.0242  0.0255  0.0246  0.0244  0.0239  0.0234
  0.0253  0.0253  0.0246  0.0246  0.0236  0.0251  0.0236  0.0240  0.0239  0.0237  0.0237  0.0233
  0.0246  0.0245  0.0244  0.0244  0.0245  0.0236  0.0237  0.0236  0.0236  0.0236  0.0235  0.0235
  0.0248  0.0244  0.0246  0.0265  0.0269  0.0224  0.0243  0.0238  0.0237  0.0240  0.0235  0.0239
  0.0261  0.0250  0.0253  0.0304  0.0304  0.0239  0.0253  0.0249  0.0243  0.0249  0.0237  0.0243
  0.0281  0.0261  0.0264  0.0355  0.0340  0.0305  0.0268  0.0273  0.0252  0.0264  0.0242  0.0249
niter,ni,del,rscale     7    3    5.0000    1.2000
parameters
    0.7003  -14.0669   10.1094   -6.9138  -10.7492   -5.2842
   -4.0659   -4.9260    4.9881   11.1755    3.1795  -16.5891
eta,q 0.97670 13.38127
  0.0263  0.0272  0.0243  0.0266  0.0273  0.0271  0.0264  0.0270  0.0253  0.0260  0.0240  0.0239
  0.0247  0.0255  0.0237  0.0254  0.0254  0.0256  0.0247  0.0246  0.0242  0.0243  0.0236  0.0234
  0.0237  0.0242  0.0233  0.0242  0.0239  0.0244  0.0236  0.0235  0.0235  0.0234  0.0234  0.0233
  0.0233  0.0233  0.0231  0.0230  0.0230  0.0232  0.0233  0.0233  0.0233  0.0233  0.0233  0.0233
  0.0236  0.0230  0.0231  0.0227  0.0238  0.0223  0.0236  0.0237  0.0235  0.0235  0.0234  0.0235
  0.0244  0.0233  0.0234  0.0243  0.0265  0.0238  0.0244  0.0251  0.0241  0.0240  0.0237  0.0239
  0.0259  0.0241  0.0241  0.0277  0.0304  0.0297  0.0257  0.0275  0.0252  0.0249  0.0243  0.0244
niter,ni,del,rscale     6    3    5.0000    1.2000
parameters
    0.6413  -13.7924    9.9575   -6.6920  -11.1034   -5.3267
   -4.0364   -4.9160    5.1200   11.7015    2.8576  -16.8475
eta,q 0.97664 13.37738
  0.0258  0.0259  0.0242  0.0269  0.0278  0.0273  0.0263  0.0275  0.0252  0.0258  0.0242  0.0242
  0.0244  0.0245  0.0237  0.0257  0.0259  0.0257  0.0246  0.0250  0.0241  0.0241  0.0237  0.0236
  0.0236  0.0236  0.0234  0.0245  0.0243  0.0245  0.0236  0.0236  0.0235  0.0233  0.0234  0.0234
  0.0233  0.0233  0.0233  0.0233  0.0232  0.0233  0.0233  0.0233  0.0233  0.0233  0.0234  0.0234
  0.0236  0.0234  0.0234  0.0228  0.0234  0.0223  0.0237  0.0237  0.0235  0.0236  0.0234  0.0235
  0.0246  0.0239  0.0238  0.0244  0.0257  0.0238  0.0246  0.0251  0.0241  0.0240  0.0238  0.0238
  0.0261  0.0249  0.0245  0.0276  0.0295  0.0295  0.0261  0.0274  0.0251  0.0248  0.0244  0.0243
niter,ni,del,rscale     5    3    5.0000    1.2000
parameters
    0.6270  -13.6798    9.8981   -6.5986  -11.2119   -5.3442
   -4.0801   -4.8982    5.1532   11.8845    2.7620  -16.8974
eta,q 0.97663 13.37634
  0.0260  0.0254  0.0243  0.0269  0.0279  0.0274  0.0262  0.0276  0.0251  0.0255  0.0243  0.0243
  0.0245  0.0242  0.0238  0.0257  0.0260  0.0258  0.0246  0.0250  0.0241  0.0239  0.0237  0.0237
  0.0237  0.0236  0.0235  0.0246  0.0245  0.0246  0.0236  0.0237  0.0235  0.0233  0.0235  0.0234
  0.0234  0.0234  0.0234  0.0234  0.0233  0.0234  0.0234  0.0234  0.0234  0.0234  0.0234  0.0234
  0.0236  0.0235  0.0234  0.0230  0.0233  0.0223  0.0238  0.0238  0.0235  0.0236  0.0234  0.0235
  0.0246  0.0240  0.0238  0.0246  0.0254  0.0238  0.0247  0.0251  0.0241  0.0240  0.0238  0.0238
  0.0261  0.0250  0.0244  0.0279  0.0291  0.0295  0.0262  0.0274  0.0251  0.0250  0.0243  0.0242
niter,ni,del,rscale     4    3    5.0000    1.2000
parameters
    0.6262  -13.6457    9.8809   -6.5709  -11.2447   -5.3531
   -4.0993   -4.8886    5.1575   11.9255    2.7361  -16.9075
eta,q 0.97662 13.37567
  0.0261  0.0252  0.0243  0.0269  0.0280  0.0274  0.0262  0.0276  0.0251  0.0253  0.0243  0.0243
  0.0246  0.0242  0.0238  0.0257  0.0261  0.0258  0.0246  0.0250  0.0241  0.0239  0.0238  0.0237
  0.0237  0.0236  0.0235  0.0246  0.0245  0.0246  0.0236  0.0237  0.0235  0.0233  0.0235  0.0234
  0.0234  0.0234  0.0234  0.0234  0.0234  0.0234  0.0234  0.0234  0.0234  0.0234  0.0234  0.0234
  0.0237  0.0235  0.0234  0.0230  0.0233  0.0224  0.0238  0.0238  0.0235  0.0236  0.0235  0.0235
  0.0246  0.0241  0.0238  0.0247  0.0253  0.0238  0.0247  0.0252  0.0241  0.0241  0.0238  0.0238
  0.0261  0.0251  0.0244  0.0280  0.0290  0.0295  0.0262  0.0274  0.0251  0.0250  0.0243  0.0243
niter,ni,del,rscale     3    3    5.0000    1.2000
parameters
    0.6283  -13.6387    9.8810   -6.5637  -11.2530   -5.3541
   -4.1047   -4.8844    5.1527   11.9248    2.7311  -16.9106
eta,q 0.97662 13.37530
  0.0261  0.0252  0.0244  0.0269  0.0280  0.0274  0.0262  0.0276  0.0251  0.0253  0.0243  0.0244
  0.0246  0.0241  0.0238  0.0257  0.0261  0.0258  0.0246  0.0250  0.0241  0.0238  0.0238  0.0237
  0.0237  0.0235  0.0235  0.0246  0.0245  0.0246  0.0236  0.0237  0.0235  0.0233  0.0235  0.0234
  0.0234  0.0234  0.0234  0.0234  0.0234  0.0234  0.0234  0.0234  0.0234  0.0234  0.0234  0.0234
  0.0237  0.0236  0.0234  0.0230  0.0233  0.0224  0.0238  0.0238  0.0235  0.0236  0.0235  0.0235
  0.0246  0.0241  0.0238  0.0247  0.0253  0.0238  0.0247  0.0252  0.0241  0.0241  0.0238  0.0238
  0.0261  0.0252  0.0244  0.0281  0.0289  0.0295  0.0261  0.0274  0.0251  0.0250  0.0243  0.0243
registration optimization eta report
parameter search radius
    2.4000    2.4000    2.4000    8.2800    9.5220    8.2800
    7.2000    7.2000    7.2000    7.2000    7.2000    7.2000
100000*second partial in parameter space
       48.       31.       18.        6.        6.        8.
        5.        8.        3.        4.        2.        2.
  0.0261  0.0252  0.0244  0.0269  0.0280  0.0274  0.0262  0.0276  0.0251  0.0253  0.0243  0.0244
  0.0246  0.0241  0.0238  0.0257  0.0261  0.0258  0.0246  0.0250  0.0241  0.0238  0.0238  0.0237
  0.0237  0.0235  0.0235  0.0246  0.0245  0.0246  0.0236  0.0237  0.0235  0.0233  0.0235  0.0234
  0.0234  0.0234  0.0234  0.0234  0.0234  0.0234  0.0234  0.0234  0.0234  0.0234  0.0234  0.0234
  0.0237  0.0236  0.0234  0.0230  0.0233  0.0224  0.0238  0.0238  0.0235  0.0236  0.0235  0.0235
  0.0246  0.0241  0.0238  0.0247  0.0253  0.0238  0.0247  0.0252  0.0241  0.0241  0.0238  0.0238
  0.0261  0.0252  0.0244  0.0281  0.0289  0.0295  0.0261  0.0274  0.0251  0.0250  0.0243  0.0243
    0.6283  -13.6387    9.8810   -6.5637  -11.2530   -5.3541
   -4.1047   -4.8844    5.1527   11.9248    2.7311  -16.9106
eta,q 0.97662 13.37530

---------------------------------------------------------------------
imgreg_4dfp /opt/freesurfer/average/711-2C_as_mni_average_305 /opt/freesurfer/average/711-2B_as_mni_average_305_mask talsrcimg_g11 none talsrcimg_to_711-2C_as_mni_average_305_t4 2311
---------------------------------------------------------------------

freesurfer imgreg_4dfp.c
/opt/freesurfer/average/711-2C_as_mni_average_305.4dfp.img
       256       256       256         1
  1.000000  1.000000  1.000000
orientation T byte_order littleendian
Reading image: /opt/freesurfer/average/711-2C_as_mni_average_305.4dfp.img
dimensions:      256       256       256
mmppix:       1.0000   -1.0000   -1.0000
center:     128.0000 -129.0000 -129.0000
/opt/freesurfer/average/711-2B_as_mni_average_305_mask.4dfp.img
       256       256       256         1
  1.000000  1.000000  1.000000
orientation T byte_order littleendian
Reading mask: /opt/freesurfer/average/711-2B_as_mni_average_305_mask.4dfp.img (2306576 pixels)
talsrcimg_g11.4dfp.img
       256       256       256         1
  0.900000  0.900000  0.900000
orientation T byte_order littleendian
Reading image: talsrcimg_g11.4dfp.img
dimensions:      256       256       256
mmppix:       0.9000   -0.9000   -0.9000
center:     115.2000 -116.1000 -116.1000
fimgreg.f
image alignment mode   2311 decimal      907 hex
parameters
    0.6283  -13.6387    9.8810   -6.5637  -11.2530   -5.3541
   -4.1047   -4.8844    5.1527   11.9248    2.7311  -16.9106
eta,q 0.97662 13.37529
niter,ni,del,rscale     5    3    5.0000    0.8000
parameters
    0.6432  -13.6482    9.9504   -4.9678  -10.4919   -3.4499
   -4.0526   -4.9366    5.0124   12.7743    2.5041  -15.3079
eta,q 0.97789 13.50502
  0.0246  0.0241  0.0238  0.0255  0.0248  0.0250  0.0240  0.0255  0.0232  0.0238  0.0232  0.0232
  0.0239  0.0237  0.0236  0.0248  0.0240  0.0243  0.0230  0.0237  0.0226  0.0229  0.0226  0.0227
  0.0235  0.0234  0.0235  0.0241  0.0234  0.0236  0.0224  0.0225  0.0223  0.0224  0.0223  0.0224
  0.0234  0.0234  0.0234  0.0234  0.0229  0.0228  0.0222  0.0222  0.0222  0.0222  0.0222  0.0222
  0.0235  0.0235  0.0234  0.0229  0.0228  0.0222  0.0224  0.0227  0.0223  0.0222  0.0224  0.0221
  0.0239  0.0237  0.0235  0.0231  0.0232  0.0223  0.0230  0.0239  0.0227  0.0224  0.0228  0.0222
  0.0246  0.0241  0.0238  0.0241  0.0241  0.0234  0.0239  0.0255  0.0233  0.0229  0.0234  0.0224
niter,ni,del,rscale     4    3    5.0000    0.7000
parameters
    0.5946  -13.9431    9.9134   -5.4370   -9.8211   -3.4683
   -4.1477   -4.9148    5.0861   11.8613    2.5282  -14.8887
eta,q 0.97804 13.51546
  0.0235  0.0225  0.0228  0.0237  0.0236  0.0241  0.0233  0.0248  0.0228  0.0225  0.0228  0.0225
  0.0227  0.0222  0.0224  0.0230  0.0230  0.0234  0.0225  0.0232  0.0224  0.0221  0.0223  0.0222
  0.0222  0.0221  0.0221  0.0224  0.0225  0.0226  0.0221  0.0223  0.0221  0.0220  0.0221  0.0220
  0.0221  0.0221  0.0221  0.0221  0.0221  0.0220  0.0220  0.0220  0.0220  0.0220  0.0220  0.0220
  0.0223  0.0223  0.0222  0.0224  0.0220  0.0219  0.0222  0.0224  0.0221  0.0222  0.0221  0.0220
  0.0228  0.0226  0.0224  0.0234  0.0223  0.0227  0.0227  0.0233  0.0223  0.0226  0.0223  0.0221
  0.0237  0.0231  0.0228  0.0249  0.0230  0.0249  0.0233  0.0246  0.0227  0.0232  0.0228  0.0223
niter,ni,del,rscale     3    3    5.0000    0.6000
parameters
    0.6341  -14.1287    9.9485   -5.4558   -9.5984   -3.1598
   -4.2223   -4.8802    5.1306   11.7242    2.5857  -14.6023
eta,q 0.97816 13.53020
  0.0231  0.0224  0.0225  0.0234  0.0230  0.0237  0.0228  0.0240  0.0225  0.0226  0.0225  0.0222
  0.0225  0.0221  0.0222  0.0228  0.0226  0.0230  0.0223  0.0228  0.0222  0.0221  0.0221  0.0220
  0.0221  0.0220  0.0220  0.0223  0.0222  0.0224  0.0219  0.0221  0.0219  0.0219  0.0219  0.0219
  0.0220  0.0220  0.0219  0.0219  0.0219  0.0219  0.0219  0.0218  0.0219  0.0218  0.0218  0.0218
  0.0221  0.0221  0.0220  0.0220  0.0219  0.0218  0.0220  0.0221  0.0219  0.0220  0.0219  0.0219
  0.0224  0.0224  0.0222  0.0226  0.0223  0.0222  0.0223  0.0228  0.0221  0.0222  0.0221  0.0220
  0.0229  0.0228  0.0224  0.0237  0.0229  0.0235  0.0229  0.0239  0.0225  0.0226  0.0225  0.0221
niter,ni,del,rscale     2    3    5.0000    0.5000
parameters
    0.6499  -14.2030    9.9396   -5.4819   -9.4615   -2.9458
   -4.2392   -4.8924    5.1336   11.6528    2.6660  -14.4209
eta,q 0.97821 13.53751
  0.0226  0.0222  0.0222  0.0229  0.0227  0.0232  0.0225  0.0234  0.0223  0.0223  0.0223  0.0221
  0.0222  0.0220  0.0220  0.0224  0.0223  0.0227  0.0221  0.0225  0.0220  0.0220  0.0220  0.0219
  0.0219  0.0219  0.0219  0.0220  0.0220  0.0222  0.0219  0.0219  0.0218  0.0218  0.0219  0.0218
  0.0218  0.0218  0.0218  0.0218  0.0218  0.0218  0.0218  0.0218  0.0218  0.0218  0.0218  0.0218
  0.0219  0.0219  0.0219  0.0219  0.0219  0.0218  0.0219  0.0220  0.0218  0.0219  0.0218  0.0218
  0.0222  0.0221  0.0220  0.0223  0.0221  0.0221  0.0221  0.0225  0.0220  0.0221  0.0220  0.0219
  0.0226  0.0224  0.0222  0.0231  0.0226  0.0231  0.0225  0.0233  0.0223  0.0224  0.0222  0.0220
niter,ni,del,rscale     1    3    5.0000    0.4000
parameters
    0.6558  -14.2486    9.9402   -5.4851   -9.3527   -2.7776
   -4.2343   -4.9233    5.1352   11.6256    2.7625  -14.2905
eta,q 0.97825 13.54335
  0.0223  0.0221  0.0220  0.0226  0.0223  0.0227  0.0222  0.0228  0.0221  0.0222  0.0221  0.0219
  0.0220  0.0219  0.0219  0.0222  0.0221  0.0223  0.0220  0.0222  0.0219  0.0219  0.0219  0.0218
  0.0218  0.0218  0.0218  0.0219  0.0219  0.0220  0.0218  0.0219  0.0218  0.0218  0.0218  0.0218
  0.0218  0.0218  0.0218  0.0218  0.0218  0.0218  0.0218  0.0218  0.0218  0.0218  0.0218  0.0218
  0.0218  0.0218  0.0218  0.0218  0.0218  0.0218  0.0218  0.0219  0.0218  0.0218  0.0218  0.0218
  0.0220  0.0220  0.0219  0.0221  0.0220  0.0220  0.0220  0.0223  0.0219  0.0219  0.0219  0.0218
  0.0223  0.0221  0.0220  0.0226  0.0223  0.0226  0.0222  0.0228  0.0221  0.0222  0.0221  0.0219
registration optimization eta report
parameter search radius
    0.8000    0.8000    0.8000    2.4000    2.4000    2.4000
    2.4000    2.4000    2.4000    2.4000    2.4000    2.4000
100000*second partial in parameter space
       78.       49.       40.       14.        9.       16.
        8.       18.        6.        7.        6.        3.
  0.0223  0.0221  0.0220  0.0226  0.0223  0.0227  0.0222  0.0228  0.0221  0.0222  0.0221  0.0219
  0.0220  0.0219  0.0219  0.0222  0.0221  0.0223  0.0220  0.0222  0.0219  0.0219  0.0219  0.0218
  0.0218  0.0218  0.0218  0.0219  0.0219  0.0220  0.0218  0.0219  0.0218  0.0218  0.0218  0.0218
  0.0218  0.0218  0.0218  0.0218  0.0218  0.0218  0.0218  0.0218  0.0218  0.0218  0.0218  0.0218
  0.0218  0.0218  0.0218  0.0218  0.0218  0.0218  0.0218  0.0219  0.0218  0.0218  0.0218  0.0218
  0.0220  0.0220  0.0219  0.0221  0.0220  0.0220  0.0220  0.0223  0.0219  0.0219  0.0219  0.0218
  0.0223  0.0221  0.0220  0.0226  0.0223  0.0226  0.0222  0.0228  0.0221  0.0222  0.0221  0.0219
    0.6558  -14.2486    9.9402   -5.4851   -9.3527   -2.7776
   -4.2343   -4.9233    5.1352   11.6256    2.7625  -14.2905
eta,q 0.97825 13.54335

---------------------------------------------------------------------
imgreg_4dfp /opt/freesurfer/average/711-2C_as_mni_average_305 /opt/freesurfer/average/711-2B_as_mni_average_305_mask talsrcimg_g11 none talsrcimg_to_711-2C_as_mni_average_305_t4 2311
---------------------------------------------------------------------

freesurfer imgreg_4dfp.c
/opt/freesurfer/average/711-2C_as_mni_average_305.4dfp.img
       256       256       256         1
  1.000000  1.000000  1.000000
orientation T byte_order littleendian
Reading image: /opt/freesurfer/average/711-2C_as_mni_average_305.4dfp.img
dimensions:      256       256       256
mmppix:       1.0000   -1.0000   -1.0000
center:     128.0000 -129.0000 -129.0000
/opt/freesurfer/average/711-2B_as_mni_average_305_mask.4dfp.img
       256       256       256         1
  1.000000  1.000000  1.000000
orientation T byte_order littleendian
Reading mask: /opt/freesurfer/average/711-2B_as_mni_average_305_mask.4dfp.img (2306576 pixels)
talsrcimg_g11.4dfp.img
       256       256       256         1
  0.900000  0.900000  0.900000
orientation T byte_order littleendian
Reading image: talsrcimg_g11.4dfp.img
dimensions:      256       256       256
mmppix:       0.9000   -0.9000   -0.9000
center:     115.2000 -116.1000 -116.1000
fimgreg.f
image alignment mode   2311 decimal      907 hex
parameters
    0.6558  -14.2486    9.9402   -5.4851   -9.3527   -2.7776
   -4.2343   -4.9233    5.1352   11.6256    2.7625  -14.2905
eta,q 0.97825 13.54335
niter,ni,del,rscale     5    3    5.0000    0.8000
parameters
    0.6434  -14.2749    9.9701   -6.0590   -9.6421   -3.4021
   -4.2642   -4.8747    5.1343   11.3835    2.7063  -14.8807
eta,q 0.97800 13.51357
  0.0237  0.0230  0.0229  0.0237  0.0234  0.0241  0.0236  0.0253  0.0231  0.0232  0.0229  0.0224
  0.0226  0.0223  0.0222  0.0229  0.0227  0.0233  0.0227  0.0234  0.0225  0.0225  0.0224  0.0221
  0.0220  0.0219  0.0219  0.0221  0.0221  0.0224  0.0222  0.0223  0.0221  0.0221  0.0221  0.0220
  0.0218  0.0218  0.0218  0.0218  0.0218  0.0218  0.0220  0.0220  0.0220  0.0220  0.0220  0.0220
  0.0220  0.0219  0.0219  0.0221  0.0220  0.0220  0.0222  0.0225  0.0221  0.0222  0.0221  0.0221
  0.0227  0.0224  0.0222  0.0234  0.0228  0.0237  0.0227  0.0235  0.0225  0.0227  0.0224  0.0223
  0.0238  0.0231  0.0228  0.0254  0.0241  0.0271  0.0236  0.0250  0.0231  0.0234  0.0229  0.0226
niter,ni,del,rscale     4    3    5.0000    0.7000
parameters
    0.6726  -14.1486    9.9198   -5.7357   -9.7239   -3.3641
   -4.2226   -4.8889    5.1396   11.6415    2.6443  -14.8868
eta,q 0.97806 13.51835
  0.0233  0.0231  0.0226  0.0239  0.0233  0.0239  0.0233  0.0245  0.0228  0.0231  0.0227  0.0224
  0.0226  0.0225  0.0223  0.0232  0.0227  0.0233  0.0225  0.0230  0.0223  0.0224  0.0223  0.0221
  0.0222  0.0222  0.0221  0.0225  0.0222  0.0225  0.0221  0.0222  0.0220  0.0220  0.0220  0.0220
  0.0220  0.0220  0.0220  0.0220  0.0219  0.0219  0.0219  0.0219  0.0219  0.0219  0.0219  0.0219
  0.0221  0.0221  0.0221  0.0219  0.0220  0.0218  0.0221  0.0223  0.0220  0.0220  0.0220  0.0220
  0.0225  0.0223  0.0223  0.0225  0.0226  0.0226  0.0225  0.0232  0.0223  0.0223  0.0223  0.0221
  0.0233  0.0227  0.0227  0.0237  0.0236  0.0245  0.0232  0.0245  0.0228  0.0228  0.0227  0.0224
niter,ni,del,rscale     3    3    5.0000    0.6000
parameters
    0.6594  -14.1530    9.9279   -5.5501   -9.6084   -3.1554
   -4.2261   -4.9009    5.1305   11.7012    2.6421  -14.6557
eta,q 0.97815 13.52911
  0.0229  0.0226  0.0225  0.0235  0.0230  0.0236  0.0228  0.0240  0.0225  0.0227  0.0225  0.0222
  0.0224  0.0222  0.0222  0.0229  0.0225  0.0230  0.0223  0.0228  0.0221  0.0222  0.0221  0.0220
  0.0220  0.0220  0.0220  0.0223  0.0221  0.0224  0.0220  0.0220  0.0219  0.0219  0.0219  0.0219
  0.0219  0.0219  0.0219  0.0219  0.0219  0.0219  0.0218  0.0218  0.0218  0.0218  0.0219  0.0218
  0.0221  0.0220  0.0220  0.0219  0.0219  0.0218  0.0220  0.0221  0.0219  0.0219  0.0219  0.0219
  0.0224  0.0222  0.0222  0.0224  0.0223  0.0223  0.0223  0.0229  0.0221  0.0222  0.0221  0.0220
  0.0230  0.0226  0.0224  0.0234  0.0230  0.0237  0.0228  0.0239  0.0225  0.0226  0.0225  0.0221
niter,ni,del,rscale     2    3    5.0000    0.5000
parameters
    0.6519  -14.1992    9.9291   -5.4974   -9.4698   -2.9461
   -4.2278   -4.9124    5.1327   11.6668    2.7026  -14.4556
eta,q 0.97821 13.53730
  0.0226  0.0223  0.0222  0.0230  0.0227  0.0232  0.0225  0.0234  0.0223  0.0224  0.0223  0.0221
  0.0222  0.0220  0.0220  0.0225  0.0223  0.0227  0.0221  0.0225  0.0220  0.0220  0.0220  0.0219
  0.0219  0.0219  0.0219  0.0221  0.0220  0.0222  0.0219  0.0219  0.0218  0.0218  0.0219  0.0218
  0.0218  0.0218  0.0219  0.0218  0.0218  0.0218  0.0218  0.0218  0.0218  0.0218  0.0218  0.0218
  0.0219  0.0219  0.0219  0.0219  0.0219  0.0218  0.0219  0.0220  0.0218  0.0219  0.0218  0.0218
  0.0222  0.0221  0.0220  0.0223  0.0221  0.0221  0.0221  0.0225  0.0220  0.0221  0.0220  0.0219
  0.0226  0.0223  0.0222  0.0230  0.0226  0.0231  0.0225  0.0233  0.0223  0.0224  0.0222  0.0220
niter,ni,del,rscale     1    3    5.0000    0.4000
parameters
    0.6530  -14.2418    9.9323   -5.4918   -9.3560   -2.7793
   -4.2291   -4.9383    5.1379   11.6407    2.7701  -14.3175
eta,q 0.97824 13.54321
  0.0223  0.0221  0.0220  0.0226  0.0223  0.0227  0.0222  0.0228  0.0221  0.0222  0.0221  0.0219
  0.0220  0.0219  0.0219  0.0222  0.0221  0.0223  0.0220  0.0222  0.0219  0.0219  0.0219  0.0218
  0.0218  0.0218  0.0218  0.0219  0.0219  0.0220  0.0218  0.0219  0.0218  0.0218  0.0218  0.0218
  0.0218  0.0218  0.0218  0.0218  0.0218  0.0218  0.0218  0.0218  0.0218  0.0218  0.0218  0.0218
  0.0218  0.0218  0.0218  0.0218  0.0218  0.0218  0.0218  0.0219  0.0218  0.0218  0.0218  0.0218
  0.0220  0.0220  0.0219  0.0221  0.0220  0.0220  0.0220  0.0223  0.0219  0.0219  0.0219  0.0218
  0.0223  0.0221  0.0220  0.0226  0.0223  0.0226  0.0222  0.0228  0.0221  0.0222  0.0221  0.0219
registration optimization eta report
parameter search radius
    0.8000    0.8000    0.8000    2.4000    2.4000    2.4000
    2.4000    2.4000    2.4000    2.4000    2.4000    2.4000
100000*second partial in parameter space
       77.       49.       39.       14.        9.       16.
        8.       18.        5.        7.        5.        3.
  0.0223  0.0221  0.0220  0.0226  0.0223  0.0227  0.0222  0.0228  0.0221  0.0222  0.0221  0.0219
  0.0220  0.0219  0.0219  0.0222  0.0221  0.0223  0.0220  0.0222  0.0219  0.0219  0.0219  0.0218
  0.0218  0.0218  0.0218  0.0219  0.0219  0.0220  0.0218  0.0219  0.0218  0.0218  0.0218  0.0218
  0.0218  0.0218  0.0218  0.0218  0.0218  0.0218  0.0218  0.0218  0.0218  0.0218  0.0218  0.0218
  0.0218  0.0218  0.0218  0.0218  0.0218  0.0218  0.0218  0.0219  0.0218  0.0218  0.0218  0.0218
  0.0220  0.0220  0.0219  0.0221  0.0220  0.0220  0.0220  0.0223  0.0219  0.0219  0.0219  0.0218
  0.0223  0.0221  0.0220  0.0226  0.0223  0.0226  0.0222  0.0228  0.0221  0.0222  0.0221  0.0219
    0.6530  -14.2418    9.9323   -5.4918   -9.3560   -2.7793
   -4.2291   -4.9383    5.1379   11.6407    2.7701  -14.3175
eta,q 0.97824 13.54321

---------------------------------------------------------------------
compute_vox2vox talsrcimg talsrcimg_to_711-2C_as_mni_average_305_t4 /opt/freesurfer/average/711-2C_as_mni_average_305
---------------------------------------------------------------------

freesurfer compute_vox2vox.c
Reading: talsrcimg.4dfp.ifh
Reading: talsrcimg_to_711-2C_as_mni_average_305_t4
Reading: /opt/freesurfer/average/711-2C_as_mni_average_305.4dfp.ifh
Writing: talsrcimg_to_711-2C_as_mni_average_305_t4_vox2vox.txt

start time Wed Mar 11 20:22:10 CET 2026
end		time Wed Mar 11 20:23:36 CET 2026

mpr2mni305 success

avi2talxfm orig_nu.mgz /opt/freesurfer/average/mni305.cor.mgz talsrcimg_to_711-2C_as_mni_average_305_t4_vox2vox.txt transforms/talairach.auto.xfm
avi2talxfm done
mv -f /out/sourcedata/freesurfer/sub-v2s1x29886_ses-1/mri/talsrcimg_to_711-2C_as_mni_average_305_t4_vox2vox.txt /out/sourcedata/freesurfer/sub-v2s1x29886_ses-1/mri/transforms/talsrcimg_to_711-2C_as_mni_average_305_t4_vox2vox.txt
lta_convert --src orig_nu.mgz --trg /opt/freesurfer/average/mni305.cor.mgz --inxfm transforms/talairach.auto.xfm --outlta transforms/talairach.auto.xfm.lta --subject fsaverage
7.3.2

--src: orig_nu.mgz src image (geometry).
--trg: /opt/freesurfer/average/mni305.cor.mgz trg image (geometry).
--inmni: transforms/talairach.auto.xfm input MNI/XFM transform.
--outlta: transforms/talairach.auto.xfm.lta output LTA.
--s: fsaverage subject name
 LTA read, type : 1
 1.05367   0.04675   0.05654  -13.70378;
-0.03810   1.00780   0.15741  -51.27218;
-0.05483  -0.13207   1.07980  -33.74628;
 0.00000   0.00000   0.00000   1.00000;
setting subject to fsaverage
Writing  LTA to file transforms/talairach.auto.xfm.lta...
lta_convert successful.
 
 
Started at Wed Mar 11 20:22:10 CET 2026
Ended   at Wed Mar 11 20:23:36 CET 2026
talairach_avi done
