/out/sourcedata/freesurfer/sub-v2s1x29916_ses-1/mri
/opt/freesurfer/bin/talairach_avi
--i orig_nu.mgz --xfm transforms/talairach.auto.xfm
talairach_avi 7.3.2
Linux dna060 5.14.0-427.37.1.el9_4.x86_64 #1 SMP PREEMPT_DYNAMIC Fri Sep 13 12:41:50 EDT 2024 x86_64 x86_64 x86_64 GNU/Linux
Thu Mar 12 20:42:20 CET 2026
mri_convert orig_nu.mgz talsrcimg.img 
reading from orig_nu.mgz...
TR=0.00, TE=0.00, TI=0.00, flip angle=0.00
i_ras = (-1, 0, 0)
j_ras = (0, 0, -1)
k_ras = (0, 1, 0)
writing to talsrcimg.img...
Analyze Output Matrix
-0.90000   0.00000   0.00000   127.38123;
 0.00000   0.00000   0.90000  -86.69975;
 0.00000  -0.90000   0.00000   141.39490;
 0.00000   0.00000   0.00000   1.00000;
--------------------
INFO: set hdr.hist.orient to -1
mpr2mni305 talsrcimg
Thu Mar 12 20:42:20 CET 2026
/opt/freesurfer/bin/mpr2mni305 talsrcimg
mpr2mni305 7.3.2
target=711-2C_as_mni_average_305

---------------------------------------------------------------------
analyzeto4dfp talsrcimg -O0 -y
---------------------------------------------------------------------

freesurfer ifh2hdr.c
Thu Mar 12 20:42:21 2026
Writing: talsrcimg.4dfp.hdr
freesurfer analyzeto4dfp.c
Reading: talsrcimg.hdr
header size 348 bytes
hdr.dime.datatype	offset=70	value=2
hdr.dime.bitpix		offset=72	value=8
hdr.hist.orient		offset=252	value=-1
dimensionality     4
dimensions       256       256       256         1
Reading: talsrcimg.img
Writing: talsrcimg.4dfp.img
Writing: talsrcimg.4dfp.ifh
ifh2hdr talsrcimg -r0to245
ori=2

---------------------------------------------------------------------
gauss_4dfp talsrcimg 1.1
---------------------------------------------------------------------

freesurfer gauss_4dfp.c
Reading: talsrcimg.4dfp.img
Writing: talsrcimg_g11.4dfp.img
image dimensions 256 256 256 padded to 288 288 288
processing volume 1freesurfer ifh2hdr.c
Thu Mar 12 20:42:22 2026
Writing: talsrcimg_g11.4dfp.hdr

Writing: talsrcimg_g11.4dfp.ifh
including: talsrcimg.4dfp.img.rec in talsrcimg_g11.4dfp.img.rec

---------------------------------------------------------------------
imgreg_4dfp /opt/freesurfer/average/711-2C_as_mni_average_305 none talsrcimg_g11 none talsrcimg_to_711-2C_as_mni_average_305_t4 4355
---------------------------------------------------------------------

freesurfer imgreg_4dfp.c
/opt/freesurfer/average/711-2C_as_mni_average_305.4dfp.img
       256       256       256         1
  1.000000  1.000000  1.000000
orientation T byte_order littleendian
Reading image: /opt/freesurfer/average/711-2C_as_mni_average_305.4dfp.img
dimensions:      256       256       256
mmppix:       1.0000   -1.0000   -1.0000
center:     128.0000 -129.0000 -129.0000
talsrcimg_g11.4dfp.img
       256       256       256         1
  0.900000  0.900000  0.900000
orientation T byte_order littleendian
Reading image: talsrcimg_g11.4dfp.img
dimensions:      256       256       256
mmppix:       0.9000   -0.9000   -0.9000
center:     115.2000 -116.1000 -116.1000
t4_read: open error in t4_sub.f l:  41 t4_file(1:l)talsrcimg_to_711-2C_as_mni_average_305_t4 
t4_read: transform initialized to I4
rotation matrix determinant  1.000000
image alignment mode   4355 decimal     1103 hex
   -7.5000  -45.0000  -45.0000 5665.1719   18.6115
    0.0000  -45.0000  -45.0000 5693.8149   18.5800
    7.5000  -45.0000  -45.0000 5417.6475   18.6185
   -7.5000  -37.5000  -45.0000 6142.2744   19.8029
    0.0000  -37.5000  -45.0000 6179.7500   19.7718
    7.5000  -37.5000  -45.0000 5873.0000   19.8193
   -7.5000  -30.0000  -45.0000 6588.0493   20.4536
    0.0000  -30.0000  -45.0000 6625.8071   20.4267
    7.5000  -30.0000  -45.0000 6303.8525   20.4803
   -7.5000  -22.5000  -45.0000 7073.9126   20.4594
    0.0000  -22.5000  -45.0000 7113.8022   20.4350
    7.5000  -22.5000  -45.0000 6765.7104   20.4867
   -7.5000  -15.0000  -45.0000 7529.5679   20.4358
    0.0000  -15.0000  -45.0000 7565.9751   20.4089
    7.5000  -15.0000  -45.0000 7189.6738   20.4564
   -7.5000   -7.5000  -45.0000 7649.3530   20.4080
    0.0000   -7.5000  -45.0000 7694.9429   20.3765
    7.5000   -7.5000  -45.0000 7301.1973   20.4197
   -7.5000    0.0000  -45.0000 7725.2329   20.4024
    0.0000    0.0000  -45.0000 7784.4824   20.3679
    7.5000    0.0000  -45.0000 7386.7861   20.4101
   -7.5000    7.5000  -45.0000 7459.5210   20.4272
    0.0000    7.5000  -45.0000 7525.9229   20.3952
    7.5000    7.5000  -45.0000 7157.4829   20.4442
   -7.5000   15.0000  -45.0000 7452.9932   20.4536
    0.0000   15.0000  -45.0000 7503.1499   20.4266
    7.5000   15.0000  -45.0000 7140.2256   20.4803
   -7.5000   22.5000  -45.0000 6969.8921   20.1842
    0.0000   22.5000  -45.0000 7014.6172   20.1601
    7.5000   22.5000  -45.0000 6672.7964   20.2111
   -7.5000   30.0000  -45.0000 6383.5728   19.6232
    0.0000   30.0000  -45.0000 6414.0923   19.5974
    7.5000   30.0000  -45.0000 6080.0684   19.6429
   -7.5000   37.5000  -45.0000 5812.3262   18.9655
    0.0000   37.5000  -45.0000 5861.7764   18.9363
    7.5000   37.5000  -45.0000 5544.1777   18.9764
   -7.5000   45.0000  -45.0000 5292.8452   18.4065
    0.0000   45.0000  -45.0000 5334.2104   18.3733
    7.5000   45.0000  -45.0000 5056.5513   18.4092
   -7.5000  -45.0000  -37.5000 6179.8511   19.4490
    0.0000  -45.0000  -37.5000 6222.6758   19.4063
    7.5000  -45.0000  -37.5000 5914.8320   19.4438
   -7.5000  -37.5000  -37.5000 6681.5493   20.6886
    0.0000  -37.5000  -37.5000 6733.3511   20.6496
    7.5000  -37.5000  -37.5000 6390.4229   20.6961
   -7.5000  -30.0000  -37.5000 7153.7124   21.3076
    0.0000  -30.0000  -37.5000 7219.3901   21.2748
    7.5000  -30.0000  -37.5000 6871.4170   21.3306
   -7.5000  -22.5000  -37.5000 7672.5112   21.2993
    0.0000  -22.5000  -37.5000 7759.2466   21.2675
    7.5000  -22.5000  -37.5000 7376.7441   21.3258
   -7.5000  -15.0000  -37.5000 8128.0796   21.2898
    0.0000  -15.0000  -37.5000 8224.4287   21.2518
    7.5000  -15.0000  -37.5000 7799.1147   21.3072
   -7.5000   -7.5000  -37.5000 8229.7842   21.2875
    0.0000   -7.5000  -37.5000 8321.9316   21.2425
    7.5000   -7.5000  -37.5000 7898.2661   21.2895
   -7.5000    0.0000  -37.5000 8319.1445   21.2933
    0.0000    0.0000  -37.5000 8389.9062   21.2466
    7.5000    0.0000  -37.5000 7979.1992   21.2877
   -7.5000    7.5000  -37.5000 8033.2812   21.3032
    0.0000    7.5000  -37.5000 8104.8687   21.2631
    7.5000    7.5000  -37.5000 7711.5947   21.3110
   -7.5000   15.0000  -37.5000 8018.2788   21.3066
    0.0000   15.0000  -37.5000 8085.6211   21.2738
    7.5000   15.0000  -37.5000 7697.0537   21.3296
   -7.5000   22.5000  -37.5000 7488.5249   21.0145
    0.0000   22.5000  -37.5000 7563.1045   20.9832
    7.5000   22.5000  -37.5000 7178.1782   21.0407
   -7.5000   30.0000  -37.5000 6822.8970   20.4578
    0.0000   30.0000  -37.5000 6879.4419   20.4213
    7.5000   30.0000  -37.5000 6516.5210   20.4745
   -7.5000   37.5000  -37.5000 6190.5000   19.7990
    0.0000   37.5000  -37.5000 6247.8477   19.7572
    7.5000   37.5000  -37.5000 5909.9033   19.8008
   -7.5000   45.0000  -37.5000 5623.9409   19.2026
    0.0000   45.0000  -37.5000 5680.4946   19.1608
    7.5000   45.0000  -37.5000 5367.6577   19.1968
   -7.5000  -45.0000  -30.0000 6735.5806   20.3961
    0.0000  -45.0000  -30.0000 6783.9990   20.3507
    7.5000  -45.0000  -30.0000 6453.1729   20.3692
   -7.5000  -37.5000  -30.0000 7264.6709   21.7090
    0.0000  -37.5000  -30.0000 7324.2793   21.6655
    7.5000  -37.5000  -30.0000 6960.2393   21.6836
   -7.5000  -30.0000  -30.0000 7774.3638   22.3148
    0.0000  -30.0000  -30.0000 7852.9580   22.2735
    7.5000  -30.0000  -30.0000 7465.3594   22.2980
   -7.5000  -22.5000  -30.0000 8342.5547   22.2861
    0.0000  -22.5000  -30.0000 8434.3691   22.2438
    7.5000  -22.5000  -30.0000 7997.5317   22.2788
   -7.5000  -15.0000  -30.0000 8841.2754   22.2730
    0.0000  -15.0000  -30.0000 8941.0947   22.2270
    7.5000  -15.0000  -30.0000 8464.9736   22.2676
   -7.5000   -7.5000  -30.0000 8926.1094   22.2844
    0.0000   -7.5000  -30.0000 9029.1123   22.2349
    7.5000   -7.5000  -30.0000 8576.9951   22.2675
   -7.5000    0.0000  -30.0000 8992.8896   22.3070
    0.0000    0.0000  -30.0000 9085.1270   22.2575
    7.5000    0.0000  -30.0000 8643.9268   22.2777
   -7.5000    7.5000  -30.0000 8657.8506   22.3201
    0.0000    7.5000  -30.0000 8753.3496   22.2755
    7.5000    7.5000  -30.0000 8334.9707   22.2940
   -7.5000   15.0000  -30.0000 8634.2490   22.3118
    0.0000   15.0000  -30.0000 8718.4307   22.2705
    7.5000   15.0000  -30.0000 8280.1953   22.2949
   -7.5000   22.5000  -30.0000 8044.6411   21.9891
    0.0000   22.5000  -30.0000 8143.8101   21.9474
    7.5000   22.5000  -30.0000 7717.7305   21.9819
   -7.5000   30.0000  -30.0000 7310.7222   21.4182
    0.0000   30.0000  -30.0000 7392.3086   21.3739
    7.5000   30.0000  -30.0000 7012.3398   21.4130
   -7.5000   37.5000  -30.0000 6601.0591   20.7575
    0.0000   37.5000  -30.0000 6676.6655   20.7113
    7.5000   37.5000  -30.0000 6328.4570   20.7417
   -7.5000   45.0000  -30.0000 5981.1172   20.1470
    0.0000   45.0000  -30.0000 6044.1689   20.1044
    7.5000   45.0000  -30.0000 5715.3008   20.1210
   -7.5000  -45.0000  -22.5000 7280.6904   21.2723
    0.0000  -45.0000  -22.5000 7339.9053   21.2327
    7.5000  -45.0000  -22.5000 6983.6582   21.2306
   -7.5000  -37.5000  -22.5000 7841.6392   22.6722
    0.0000  -37.5000  -22.5000 7914.4229   22.6298
    7.5000  -37.5000  -22.5000 7521.9258   22.6174
   -7.5000  -30.0000  -22.5000 8402.8096   23.2871
    0.0000  -30.0000  -22.5000 8500.7842   23.2423
    7.5000  -30.0000  -22.5000 8059.1743   23.2311
   -7.5000  -22.5000  -22.5000 9006.7461   23.2500
    0.0000  -22.5000  -22.5000 9097.4834   23.2041
    7.5000  -22.5000  -22.5000 8617.6660   23.2081
   -7.5000  -15.0000  -22.5000 9517.9053   23.2203
    0.0000  -15.0000  -22.5000 9641.0840   23.1761
    7.5000  -15.0000  -22.5000 9122.3535   23.1928
   -7.5000   -7.5000  -22.5000 9623.4707   23.2221
    0.0000   -7.5000  -22.5000 9758.1211   23.1794
    7.5000   -7.5000  -22.5000 9262.6602   23.1917
   -7.5000    0.0000  -22.5000 9682.0840   23.2521
    0.0000    0.0000  -22.5000 9824.2803   23.2089
    7.5000    0.0000  -22.5000 9312.8936   23.2066
   -7.5000    7.5000  -22.5000 9283.2480   23.2815
    0.0000    7.5000  -22.5000 9434.1309   23.2379
    7.5000    7.5000  -22.5000 8936.0781   23.2252
   -7.5000   15.0000  -22.5000 9219.4990   23.2815
    0.0000   15.0000  -22.5000 9363.1670   23.2367
    7.5000   15.0000  -22.5000 8856.1016   23.2255
   -7.5000   22.5000  -22.5000 8583.2139   22.9423
    0.0000   22.5000  -22.5000 8726.1543   22.8971
    7.5000   22.5000  -22.5000 8254.8955   22.9010
   -7.5000   30.0000  -22.5000 7804.1953   22.3455
    0.0000   30.0000  -22.5000 7915.6079   22.3030
    7.5000   30.0000  -22.5000 7495.3237   22.3191
   -7.5000   37.5000  -22.5000 7025.9189   21.6639
    0.0000   37.5000  -22.5000 7130.9067   21.6240
    7.5000   37.5000  -22.5000 6772.9404   21.6355
   -7.5000   45.0000  -22.5000 6328.7065   21.0559
    0.0000   45.0000  -22.5000 6392.0103   21.0183
    7.5000   45.0000  -22.5000 6056.9365   21.0127
   -7.5000  -45.0000  -15.0000 7825.0386   22.0146
    0.0000  -45.0000  -15.0000 7902.1240   21.9823
    7.5000  -45.0000  -15.0000 7516.8970   21.9794
   -7.5000  -37.5000  -15.0000 8400.9014   23.4714
    0.0000  -37.5000  -15.0000 8487.7080   23.4328
    7.5000  -37.5000  -15.0000 8085.4409   23.4204
   -7.5000  -30.0000  -15.0000 9011.2920   24.1069
    0.0000  -30.0000  -15.0000 9120.4053   24.0641
    7.5000  -30.0000  -15.0000 8670.7510   24.0510
   -7.5000  -22.5000  -15.0000 9657.9775   24.0846
    0.0000  -22.5000  -15.0000 9768.7568   24.0417
    7.5000  -22.5000  -15.0000 9266.7002   24.0395
   -7.5000  -15.0000  -15.000010191.6484   24.0435
    0.0000  -15.0000  -15.000010350.0410   24.0054
    7.5000  -15.0000  -15.0000 9813.2959   24.0135
   -7.5000   -7.5000  -15.000010300.8291   24.0217
    0.0000   -7.5000  -15.000010490.4111   23.9877
    7.5000   -7.5000  -15.0000 9948.9199   23.9946
   -7.5000    0.0000  -15.000010367.8643   24.0401
    0.0000    0.0000  -15.000010570.2695   24.0048
    7.5000    0.0000  -15.000010012.7734   24.0017
   -7.5000    7.5000  -15.0000 9943.0029   24.0788
    0.0000    7.5000  -15.000010150.5840   24.0391
    7.5000    7.5000  -15.0000 9610.4814   24.0265
   -7.5000   15.0000  -15.0000 9819.6523   24.0994
    0.0000   15.0000  -15.000010025.9980   24.0566
    7.5000   15.0000  -15.0000 9459.6895   24.0436
   -7.5000   22.5000  -15.0000 9134.2207   23.7696
    0.0000   22.5000  -15.0000 9347.3682   23.7273
    7.5000   22.5000  -15.0000 8803.2158   23.7250
   -7.5000   30.0000  -15.0000 8291.3711   23.1551
    0.0000   30.0000  -15.0000 8481.5557   23.1183
    7.5000   30.0000  -15.0000 8000.6279   23.1262
   -7.5000   37.5000  -15.0000 7455.3521   22.4440
    0.0000   37.5000  -15.0000 7621.4009   22.4123
    7.5000   37.5000  -15.0000 7208.4355   22.4188
   -7.5000   45.0000  -15.0000 6674.6714   21.8286
    0.0000   45.0000  -15.0000 6795.8398   21.7955
    7.5000   45.0000  -15.0000 6425.6436   21.7876
   -7.5000  -45.0000   -7.5000 8130.3672   21.9884
    0.0000  -45.0000   -7.5000 8253.4619   21.9578
    7.5000  -45.0000   -7.5000 7863.0327   21.9769
   -7.5000  -37.5000   -7.5000 8738.2148   23.4380
    0.0000  -37.5000   -7.5000 8850.1328   23.4034
    7.5000  -37.5000   -7.5000 8435.9893   23.4236
   -7.5000  -30.0000   -7.5000 9368.3838   24.0868
    0.0000  -30.0000   -7.5000 9516.2031   24.0513
    7.5000  -30.0000   -7.5000 9055.0908   24.0732
   -7.5000  -22.5000   -7.500010011.6191   24.0879
    0.0000  -22.5000   -7.500010207.7832   24.0530
    7.5000  -22.5000   -7.5000 9703.4834   24.0765
   -7.5000  -15.0000   -7.500010527.4502   24.0505
    0.0000  -15.0000   -7.500010770.7783   24.0173
    7.5000  -15.0000   -7.500010252.4141   24.0421
   -7.5000   -7.5000   -7.500010632.4561   24.0127
    0.0000   -7.5000   -7.500010892.3398   23.9808
    7.5000   -7.5000   -7.500010379.6240   24.0044
   -7.5000    0.0000   -7.500010707.9775   24.0115
    0.0000    0.0000   -7.500010979.6123   23.9781
    7.5000    0.0000   -7.500010423.2637   23.9989
   -7.5000    7.5000   -7.500010277.5127   24.0445
    0.0000    7.5000   -7.500010528.1621   24.0090
    7.5000    7.5000   -7.500010007.4404   24.0297
   -7.5000   15.0000   -7.500010099.4141   24.0794
    0.0000   15.0000   -7.500010350.1270   24.0439
    7.5000   15.0000   -7.5000 9802.7881   24.0658
   -7.5000   22.5000   -7.5000 9390.7207   23.7728
    0.0000   22.5000   -7.5000 9636.7646   23.7384
    7.5000   22.5000   -7.5000 9101.0488   23.7616
   -7.5000   30.0000   -7.5000 8526.2773   23.1618
    0.0000   30.0000   -7.5000 8747.3721   23.1298
    7.5000   30.0000   -7.5000 8271.4834   23.1537
   -7.5000   37.5000   -7.5000 7664.2114   22.4356
    0.0000   37.5000   -7.5000 7865.5068   22.4059
    7.5000   37.5000   -7.5000 7455.7485   22.4279
   -7.5000   45.0000   -7.5000 6852.8877   21.8041
    0.0000   45.0000   -7.5000 6999.6631   21.7709
    7.5000   45.0000   -7.5000 6627.7627   21.7852
   -7.5000  -45.0000    0.0000 8283.8838   22.5201
    0.0000  -45.0000    0.0000 8411.9609   22.4805
    7.5000  -45.0000    0.0000 8025.3916   22.5253
   -7.5000  -37.5000    0.0000 8906.1289   23.9800
    0.0000  -37.5000    0.0000 9032.0352   23.9420
    7.5000  -37.5000    0.0000 8606.4297   23.9987
   -7.5000  -30.0000    0.0000 9572.0977   24.6229
    0.0000  -30.0000    0.0000 9778.9004   24.5907
    7.5000  -30.0000    0.0000 9280.5225   24.6551
   -7.5000  -22.5000    0.000010211.5586   24.6325
    0.0000  -22.5000    0.000010509.7900   24.6027
    7.5000  -22.5000    0.000010031.0361   24.6641
   -7.5000  -15.0000    0.000010679.4980   24.6083
    0.0000  -15.0000    0.000010985.7686   24.5741
    7.5000  -15.0000    0.000010552.1553   24.6293
   -7.5000   -7.5000    0.000010769.3574   24.5768
    0.0000   -7.5000    0.000011060.9346   24.5364
    7.5000   -7.5000    0.000010596.8965   24.5860
   -7.5000    0.0000    0.000010858.4102   24.5677
    0.0000    0.0000    0.000011151.0947   24.5246
    7.5000    0.0000    0.000010656.5996   24.5735
   -7.5000    7.5000    0.000010411.4043   24.5843
    0.0000    7.5000    0.000010701.1621   24.5453
    7.5000    7.5000    0.000010229.5117   24.6035
   -7.5000   15.0000    0.000010186.6074   24.6142
    0.0000   15.0000    0.000010480.5967   24.5820
    7.5000   15.0000    0.0000 9976.2344   24.6464
   -7.5000   22.5000    0.0000 9455.7754   24.3137
    0.0000   22.5000    0.0000 9734.9551   24.2843
    7.5000   22.5000    0.0000 9233.6777   24.3449
   -7.5000   30.0000    0.0000 8601.3223   23.7134
    0.0000   30.0000    0.0000 8831.9736   23.6803
    7.5000   30.0000    0.0000 8389.3613   23.7335
   -7.5000   37.5000    0.0000 7752.3691   22.9902
    0.0000   37.5000    0.0000 7944.6196   22.9524
    7.5000   37.5000    0.0000 7554.9038   22.9988
   -7.5000   45.0000    0.0000 6922.9624   22.3473
    0.0000   45.0000    0.0000 7093.7817   22.3055
    7.5000   45.0000    0.0000 6743.4624   22.3475
   -7.5000  -45.0000    7.5000 8092.4043   22.5372
    0.0000  -45.0000    7.5000 8197.3418   22.4876
    7.5000  -45.0000    7.5000 7829.1030   22.5304
   -7.5000  -37.5000    7.5000 8672.4463   23.9856
    0.0000  -37.5000    7.5000 8804.8623   23.9401
    7.5000  -37.5000    7.5000 8403.8633   23.9933
   -7.5000  -30.0000    7.5000 9337.3564   24.6034
    0.0000  -30.0000    7.5000 9548.0400   24.5650
    7.5000  -30.0000    7.5000 9068.2900   24.6287
   -7.5000  -22.5000    7.5000 9990.2393   24.5944
    0.0000  -22.5000    7.500010158.2412   24.5574
    7.5000  -22.5000    7.5000 9725.0137   24.6241
   -7.5000  -15.0000    7.500010402.3926   24.5835
    0.0000  -15.0000    7.500010512.1230   24.5395
    7.5000  -15.0000    7.500010143.5537   24.6028
   -7.5000   -7.5000    7.500010476.0137   24.5804
    0.0000   -7.5000    7.500010578.9004   24.5283
    7.5000   -7.5000    7.500010188.1426   24.5819
   -7.5000    0.0000    7.500010550.2002   24.5864
    0.0000    0.0000    7.500010743.1924   24.5323
    7.5000    0.0000    7.500010322.9863   24.5790
   -7.5000    7.5000    7.500010102.3643   24.5901
    0.0000    7.5000    7.500010318.9082   24.5434
    7.5000    7.5000    7.5000 9907.1768   24.5979
   -7.5000   15.0000    7.5000 9867.1865   24.5947
    0.0000   15.0000    7.500010102.4961   24.5563
    7.5000   15.0000    7.5000 9677.8223   24.6200
   -7.5000   22.5000    7.5000 9135.1025   24.2761
    0.0000   22.5000    7.5000 9373.8066   24.2396
    7.5000   22.5000    7.5000 8942.4346   24.3054
   -7.5000   30.0000    7.5000 8334.5859   23.6894
    0.0000   30.0000    7.5000 8557.3242   23.6470
    7.5000   30.0000    7.5000 8139.6470   23.7080
   -7.5000   37.5000    7.5000 7525.0767   22.9936
    0.0000   37.5000    7.5000 7730.4131   22.9448
    7.5000   37.5000    7.5000 7338.6606   22.9950
   -7.5000   45.0000    7.5000 6734.9648   22.3578
    0.0000   45.0000    7.5000 6914.3706   22.3089
    7.5000   45.0000    7.5000 6554.0483   22.3503
   -7.5000  -45.0000   15.0000 8153.3975   22.5721
    0.0000  -45.0000   15.0000 8254.1348   22.5219
    7.5000  -45.0000   15.0000 7844.3657   22.5424
   -7.5000  -37.5000   15.0000 8723.4600   24.0280
    0.0000  -37.5000   15.0000 8840.4180   23.9799
    7.5000  -37.5000   15.0000 8376.1494   23.9999
   -7.5000  -30.0000   15.0000 9371.3975   24.6330
    0.0000  -30.0000   15.0000 9468.5820   24.5874
    7.5000  -30.0000   15.0000 8944.8955   24.6144
   -7.5000  -22.5000   15.000010065.2637   24.6014
    0.0000  -22.5000   15.000010012.4023   24.5546
    7.5000  -22.5000   15.0000 9545.2676   24.5932
   -7.5000  -15.0000   15.000010540.4492   24.5870
    0.0000  -15.0000   15.000010414.5244   24.5361
    7.5000  -15.0000   15.000010099.3350   24.5811
   -7.5000   -7.5000   15.000010581.1768   24.5996
    0.0000   -7.5000   15.000010531.4482   24.5448
    7.5000   -7.5000   15.000010255.9492   24.5809
   -7.5000    0.0000   15.000010642.6182   24.6245
    0.0000    0.0000   15.000010699.4072   24.5698
    7.5000    0.0000   15.000010354.4033   24.5921
   -7.5000    7.5000   15.000010214.1484   24.6336
    0.0000    7.5000   15.000010317.3633   24.5842
    7.5000    7.5000   15.0000 9919.3828   24.6047
   -7.5000   15.0000   15.0000 9964.2559   24.6243
    0.0000   15.0000   15.000010100.4727   24.5787
    7.5000   15.0000   15.0000 9642.3691   24.6057
   -7.5000   22.5000   15.0000 9174.9248   24.2830
    0.0000   22.5000   15.0000 9351.3398   24.2368
    7.5000   22.5000   15.0000 8863.5938   24.2749
   -7.5000   30.0000   15.0000 8377.4512   23.6928
    0.0000   30.0000   15.0000 8557.1562   23.6438
    7.5000   30.0000   15.0000 8096.0356   23.6871
   -7.5000   37.5000   15.0000 7561.4834   23.0115
    0.0000   37.5000   15.0000 7733.2124   22.9603
    7.5000   37.5000   15.0000 7321.1372   22.9940
   -7.5000   45.0000   15.0000 6760.8091   22.3912
    0.0000   45.0000   15.0000 6910.4946   22.3437
    7.5000   45.0000   15.0000 6533.3325   22.3623
   -7.5000  -45.0000   22.5000 7719.5942   22.6309
    0.0000  -45.0000   22.5000 7846.5669   22.5888
    7.5000  -45.0000   22.5000 7418.1147   22.5858
   -7.5000  -37.5000   22.5000 8260.7344   24.1100
    0.0000  -37.5000   22.5000 8357.8457   24.0645
    7.5000  -37.5000   22.5000 7895.9614   24.0505
   -7.5000  -30.0000   22.5000 8860.1914   24.7262
    0.0000  -30.0000   22.5000 8896.6328   24.6782
    7.5000  -30.0000   22.5000 8418.9551   24.6653
   -7.5000  -22.5000   22.5000 9548.7734   24.6865
    0.0000  -22.5000   22.5000 9452.4883   24.6373
    7.5000  -22.5000   22.5000 9003.6270   24.6405
   -7.5000  -15.0000   22.500010159.2109   24.6546
    0.0000  -15.0000   22.500010048.2100   24.6074
    7.5000  -15.0000   22.5000 9602.4932   24.6242
   -7.5000   -7.5000   22.500010293.1387   24.6564
    0.0000   -7.5000   22.500010263.1826   24.6109
    7.5000   -7.5000   22.5000 9793.4238   24.6232
   -7.5000    0.0000   22.500010317.6113   24.6887
    0.0000    0.0000   22.500010338.6416   24.6427
    7.5000    0.0000   22.5000 9848.6602   24.6395
   -7.5000    7.5000   22.5000 9815.4150   24.7176
    0.0000    7.5000   22.5000 9885.3154   24.6710
    7.5000    7.5000   22.5000 9405.7949   24.6566
   -7.5000   15.0000   22.5000 9502.9922   24.7175
    0.0000   15.0000   22.5000 9595.0898   24.6695
    7.5000   15.0000   22.5000 9114.9805   24.6566
   -7.5000   22.5000   22.5000 8719.8271   24.3670
    0.0000   22.5000   22.5000 8830.5381   24.3184
    7.5000   22.5000   22.5000 8362.0488   24.3216
   -7.5000   30.0000   22.5000 7949.1558   23.7579
    0.0000   30.0000   22.5000 8072.2275   23.7124
    7.5000   30.0000   22.5000 7637.3999   23.7286
   -7.5000   37.5000   22.5000 7182.6079   23.0647
    0.0000   37.5000   22.5000 7304.6655   23.0221
    7.5000   37.5000   22.5000 6898.2427   23.0336
   -7.5000   45.0000   22.5000 6427.1689   22.4547
    0.0000   45.0000   22.5000 6526.0703   22.4145
    7.5000   45.0000   22.5000 6142.1724   22.4077
   -7.5000  -45.0000   30.0000 7273.1328   22.6810
    0.0000  -45.0000   30.0000 7381.3599   22.6491
    7.5000  -45.0000   30.0000 6999.9663   22.6468
   -7.5000  -37.5000   30.0000 7770.9746   24.1861
    0.0000  -37.5000   30.0000 7876.3804   24.1470
    7.5000  -37.5000   30.0000 7449.5620   24.1343
   -7.5000  -30.0000   30.0000 8357.9746   24.8313
    0.0000  -30.0000   30.0000 8419.2637   24.7872
    7.5000  -30.0000   30.0000 7917.9082   24.7736
   -7.5000  -22.5000   30.0000 8989.6406   24.8074
    0.0000  -22.5000   30.0000 9028.9326   24.7631
    7.5000  -22.5000   30.0000 8478.4541   24.7610
   -7.5000  -15.0000   30.0000 9528.1631   24.7626
    0.0000  -15.0000   30.0000 9625.2266   24.7240
    7.5000  -15.0000   30.0000 9009.9453   24.7332
   -7.5000   -7.5000   30.0000 9672.0088   24.7386
    0.0000   -7.5000   30.0000 9792.5576   24.7051
    7.5000   -7.5000   30.0000 9135.6387   24.7133
   -7.5000    0.0000   30.0000 9734.5869   24.7585
    0.0000    0.0000   30.0000 9851.8477   24.7237
    7.5000    0.0000   30.0000 9196.9570   24.7211
   -7.5000    7.5000   30.0000 9284.1807   24.7998
    0.0000    7.5000   30.0000 9400.1602   24.7597
    7.5000    7.5000   30.0000 8821.4268   24.7467
   -7.5000   15.0000   30.0000 8956.2734   24.8224
    0.0000   15.0000   30.0000 9054.5439   24.7784
    7.5000   15.0000   30.0000 8541.7178   24.7648
   -7.5000   22.5000   30.0000 8202.7588   24.4842
    0.0000   22.5000   30.0000 8290.8057   24.4405
    7.5000   22.5000   30.0000 7835.0073   24.4384
   -7.5000   30.0000   30.0000 7465.4121   23.8729
    0.0000   30.0000   30.0000 7531.1807   23.8357
    7.5000   30.0000   30.0000 7124.5654   23.8446
   -7.5000   37.5000   30.0000 6739.1484   23.1633
    0.0000   37.5000   30.0000 6810.5435   23.1319
    7.5000   37.5000   30.0000 6429.1528   23.1396
   -7.5000   45.0000   30.0000 6029.8350   22.5563
    0.0000   45.0000   30.0000 6061.9150   22.5235
    7.5000   45.0000   30.0000 5728.6177   22.5158
   -7.5000  -45.0000   37.5000 6809.7534   22.7042
    0.0000  -45.0000   37.5000 6939.9058   22.6763
    7.5000  -45.0000   37.5000 6574.9829   22.6984
   -7.5000  -37.5000   37.5000 7284.3276   24.2069
    0.0000  -37.5000   37.5000 7390.5981   24.1747
    7.5000  -37.5000   37.5000 6998.4268   24.1990
   -7.5000  -30.0000   37.5000 7810.9956   24.8497
    0.0000  -30.0000   37.5000 7881.1001   24.8160
    7.5000  -30.0000   37.5000 7451.1958   24.8431
   -7.5000  -22.5000   37.5000 8363.6230   24.8508
    0.0000  -22.5000   37.5000 8422.6963   24.8175
    7.5000  -22.5000   37.5000 7969.1943   24.8464
   -7.5000  -15.0000   37.5000 8845.9531   24.8134
    0.0000  -15.0000   37.5000 8923.2578   24.7824
    7.5000  -15.0000   37.5000 8441.7607   24.8120
   -7.5000   -7.5000   37.5000 8959.1914   24.7753
    0.0000   -7.5000   37.5000 9042.1641   24.7463
    7.5000   -7.5000   37.5000 8540.7363   24.7738
   -7.5000    0.0000   37.5000 9032.3174   24.7743
    0.0000    0.0000   37.5000 9107.2090   24.7439
    7.5000    0.0000   37.5000 8600.2656   24.7680
   -7.5000    7.5000   37.5000 8675.1797   24.8058
    0.0000    7.5000   37.5000 8735.9355   24.7728
    7.5000    7.5000   37.5000 8263.5264   24.7977
   -7.5000   15.0000   37.5000 8393.2930   24.8406
    0.0000   15.0000   37.5000 8464.4727   24.8069
    7.5000   15.0000   37.5000 8009.6001   24.8340
   -7.5000   22.5000   37.5000 7681.5981   24.5228
    0.0000   22.5000   37.5000 7734.6963   24.4899
    7.5000   22.5000   37.5000 7322.7026   24.5184
   -7.5000   30.0000   37.5000 6975.3867   23.9217
    0.0000   30.0000   37.5000 7023.4619   23.8919
    7.5000   30.0000   37.5000 6654.3560   23.9204
   -7.5000   37.5000   37.5000 6279.4331   23.1980
    0.0000   37.5000   37.5000 6332.2534   23.1708
    7.5000   37.5000   37.5000 5995.0430   23.1966
   -7.5000   45.0000   37.5000 5602.1899   22.5721
    0.0000   45.0000   37.5000 5627.6528   22.5413
    7.5000   45.0000   37.5000 5336.1567   22.5584
   -7.5000  -45.0000   45.0000 6327.0903   22.9242
    0.0000  -45.0000   45.0000 6427.2935   22.8984
    7.5000  -45.0000   45.0000 6140.6206   22.9455
   -7.5000  -37.5000   45.0000 6743.1538   24.4216
    0.0000  -37.5000   45.0000 6834.2710   24.3966
    7.5000  -37.5000   45.0000 6527.2109   24.4586
   -7.5000  -30.0000   45.0000 7202.8413   25.0337
    0.0000  -30.0000   45.0000 7275.5356   25.0139
    7.5000  -30.0000   45.0000 6943.1367   25.0867
   -7.5000  -22.5000   45.0000 7705.1802   25.0419
    0.0000  -22.5000   45.0000 7774.0415   25.0253
    7.5000  -22.5000   45.0000 7409.0586   25.0956
   -7.5000  -15.0000   45.0000 8159.3955   25.0242
    0.0000  -15.0000   45.0000 8233.5820   25.0050
    7.5000  -15.0000   45.0000 7838.5518   25.0666
   -7.5000   -7.5000   45.0000 8257.4141   25.0001
    0.0000   -7.5000   45.0000 8305.5527   24.9757
    7.5000   -7.5000   45.0000 7884.8799   25.0288
   -7.5000    0.0000   45.0000 8316.6172   24.9928
    0.0000    0.0000   45.0000 8355.0156   24.9647
    7.5000    0.0000   45.0000 7931.7012   25.0161
   -7.5000    7.5000   45.0000 7994.4199   25.0018
    0.0000    7.5000   45.0000 8052.5601   24.9762
    7.5000    7.5000   45.0000 7655.7588   25.0396
   -7.5000   15.0000   45.0000 7776.2910   25.0243
    0.0000   15.0000   45.0000 7845.3091   25.0045
    7.5000   15.0000   45.0000 7464.1279   25.0773
   -7.5000   22.5000   45.0000 7104.2290   24.7080
    0.0000   22.5000   45.0000 7170.1094   24.6917
    7.5000   22.5000   45.0000 6814.7847   24.7610
   -7.5000   30.0000   45.0000 6461.5063   24.1226
    0.0000   30.0000   45.0000 6520.8843   24.1041
    7.5000   30.0000   45.0000 6199.2153   24.1635
   -7.5000   37.5000   45.0000 5844.0581   23.4022
    0.0000   37.5000   45.0000 5872.0845   23.3793
    7.5000   37.5000   45.0000 5571.7998   23.4290
   -7.5000   45.0000   45.0000 5197.4844   22.7256
    0.0000   45.0000   45.0000 5202.6323   22.6975
    7.5000   45.0000   45.0000 4949.6733   22.7417

---------------------------------------------------------------------
imgreg_4dfp /opt/freesurfer/average/711-2C_as_mni_average_305 /opt/freesurfer/average/711-2B_as_mni_average_305_mask talsrcimg_g11 none talsrcimg_to_711-2C_as_mni_average_305_t4 4355
---------------------------------------------------------------------

freesurfer imgreg_4dfp.c
/opt/freesurfer/average/711-2C_as_mni_average_305.4dfp.img
       256       256       256         1
  1.000000  1.000000  1.000000
orientation T byte_order littleendian
Reading image: /opt/freesurfer/average/711-2C_as_mni_average_305.4dfp.img
dimensions:      256       256       256
mmppix:       1.0000   -1.0000   -1.0000
center:     128.0000 -129.0000 -129.0000
/opt/freesurfer/average/711-2B_as_mni_average_305_mask.4dfp.img
       256       256       256         1
  1.000000  1.000000  1.000000
orientation T byte_order littleendian
Reading mask: /opt/freesurfer/average/711-2B_as_mni_average_305_mask.4dfp.img (2306576 pixels)
talsrcimg_g11.4dfp.img
       256       256       256         1
  0.900000  0.900000  0.900000
orientation T byte_order littleendian
Reading image: talsrcimg_g11.4dfp.img
dimensions:      256       256       256
mmppix:       0.9000   -0.9000   -0.9000
center:     115.2000 -116.1000 -116.1000
rotation matrix determinant  1.000000
image alignment mode   4355 decimal     1103 hex
   -7.5000  -45.0000  -45.0000 1872.4286   23.6298
    0.0000  -45.0000  -45.0000 1876.6272   23.5139
    7.5000  -45.0000  -45.0000 1858.9376   23.7340
   -7.5000  -37.5000  -45.0000 1957.2260   21.8578
    0.0000  -37.5000  -45.0000 1962.4792   21.7929
    7.5000  -37.5000  -45.0000 1948.0294   21.9925
   -7.5000  -30.0000  -45.0000 2007.9484   20.5646
    0.0000  -30.0000  -45.0000 2010.8599   20.4853
    7.5000  -30.0000  -45.0000 1996.3857   20.6836
   -7.5000  -22.5000  -45.0000 2036.4105   19.6045
    0.0000  -22.5000  -45.0000 2034.7445   19.5502
    7.5000  -22.5000  -45.0000 2020.3551   19.8075
   -7.5000  -15.0000  -45.0000 2052.1987   19.1595
    0.0000  -15.0000  -45.0000 2045.2686   19.0598
    7.5000  -15.0000  -45.0000 2031.6274   19.3501
   -7.5000   -7.5000  -45.0000 2048.5718   19.1193
    0.0000   -7.5000  -45.0000 2046.5251   19.0108
    7.5000   -7.5000  -45.0000 2026.5638   19.3339
   -7.5000    0.0000  -45.0000 2032.4788   19.5481
    0.0000    0.0000  -45.0000 2033.1445   19.4419
    7.5000    0.0000  -45.0000 2012.3127   19.7925
   -7.5000    7.5000  -45.0000 1999.9709   20.3807
    0.0000    7.5000  -45.0000 2007.0336   20.2755
    7.5000    7.5000  -45.0000 1985.4241   20.6264
   -7.5000   15.0000  -45.0000 1956.9814   21.6161
    0.0000   15.0000  -45.0000 1963.0925   21.4842
    7.5000   15.0000  -45.0000 1940.4558   21.8478
   -7.5000   22.5000  -45.0000 1890.7963   23.3502
    0.0000   22.5000  -45.0000 1892.8406   23.2207
    7.5000   22.5000  -45.0000 1866.8921   23.6553
   -7.5000   30.0000  -45.0000 1807.1060   25.7206
    0.0000   30.0000  -45.0000 1805.5361   25.5466
    7.5000   30.0000  -45.0000 1778.6249   26.0044
   -7.5000   37.5000  -45.0000 1683.3969   28.5455
    0.0000   37.5000  -45.0000 1686.7800   28.3711
    7.5000   37.5000  -45.0000 1662.0125   28.8990
   -7.5000   45.0000  -45.0000 1528.6858   31.8266
    0.0000   45.0000  -45.0000 1530.6345   31.6925
    7.5000   45.0000  -45.0000 1513.0573   32.2836
   -7.5000  -45.0000  -37.5000 2033.6122   22.9562
    0.0000  -45.0000  -37.5000 2040.3561   22.9156
    7.5000  -45.0000  -37.5000 2018.8884   23.1288
   -7.5000  -37.5000  -37.5000 2126.9951   21.2664
    0.0000  -37.5000  -37.5000 2133.7698   21.2366
    7.5000  -37.5000  -37.5000 2110.8950   21.3756
   -7.5000  -30.0000  -37.5000 2175.3018   20.0030
    0.0000  -30.0000  -37.5000 2183.4866   19.9895
    7.5000  -30.0000  -37.5000 2168.9780   20.0971
   -7.5000  -22.5000  -37.5000 2205.5884   19.1237
    0.0000  -22.5000  -37.5000 2211.3110   19.0848
    7.5000  -22.5000  -37.5000 2194.1526   19.2142
   -7.5000  -15.0000  -37.5000 2217.4783   18.6543
    0.0000  -15.0000  -37.5000 2221.4915   18.5795
    7.5000  -15.0000  -37.5000 2199.6104   18.7993
   -7.5000   -7.5000  -37.5000 2215.6462   18.5849
    0.0000   -7.5000  -37.5000 2222.2505   18.5360
    7.5000   -7.5000  -37.5000 2196.8208   18.7584
   -7.5000    0.0000  -37.5000 2203.9023   18.9876
    0.0000    0.0000  -37.5000 2205.2148   18.8857
    7.5000    0.0000  -37.5000 2179.2263   19.1704
   -7.5000    7.5000  -37.5000 2175.1860   19.7723
    0.0000    7.5000  -37.5000 2176.8008   19.6820
    7.5000    7.5000  -37.5000 2148.9944   19.9605
   -7.5000   15.0000  -37.5000 2125.7119   21.0168
    0.0000   15.0000  -37.5000 2128.3704   20.8967
    7.5000   15.0000  -37.5000 2104.0400   21.1870
   -7.5000   22.5000  -37.5000 2049.4910   22.7806
    0.0000   22.5000  -37.5000 2050.5037   22.6556
    7.5000   22.5000  -37.5000 2025.5674   22.9668
   -7.5000   30.0000  -37.5000 1954.4038   25.0869
    0.0000   30.0000  -37.5000 1956.5829   24.8935
    7.5000   30.0000  -37.5000 1930.9253   25.2504
   -7.5000   37.5000  -37.5000 1819.8868   27.8667
    0.0000   37.5000  -37.5000 1820.9675   27.6305
    7.5000   37.5000  -37.5000 1794.6233   28.0204
   -7.5000   45.0000  -37.5000 1653.3818   31.2409
    0.0000   45.0000  -37.5000 1656.4022   30.9824
    7.5000   45.0000  -37.5000 1629.9603   31.4044
   -7.5000  -45.0000  -30.0000 2182.1670   22.2063
    0.0000  -45.0000  -30.0000 2184.0483   22.2261
    7.5000  -45.0000  -30.0000 2163.5632   22.3655
   -7.5000  -37.5000  -30.0000 2278.8125   20.5334
    0.0000  -37.5000  -30.0000 2282.1414   20.5866
    7.5000  -37.5000  -30.0000 2258.9663   20.6780
   -7.5000  -30.0000  -30.0000 2334.6001   19.3400
    0.0000  -30.0000  -30.0000 2335.2717   19.3673
    7.5000  -30.0000  -30.0000 2316.8838   19.3932
   -7.5000  -22.5000  -30.0000 2368.9822   18.5389
    0.0000  -22.5000  -30.0000 2366.7954   18.5359
    7.5000  -22.5000  -30.0000 2344.2939   18.5739
   -7.5000  -15.0000  -30.0000 2388.6895   18.0545
    0.0000  -15.0000  -30.0000 2387.9343   18.0209
    7.5000  -15.0000  -30.0000 2362.5017   18.1527
   -7.5000   -7.5000  -30.0000 2390.3079   18.0397
    0.0000   -7.5000  -30.0000 2390.1726   17.9831
    7.5000   -7.5000  -30.0000 2365.8762   18.1426
   -7.5000    0.0000  -30.0000 2376.4468   18.4182
    0.0000    0.0000  -30.0000 2374.0596   18.3517
    7.5000    0.0000  -30.0000 2349.9429   18.5134
   -7.5000    7.5000  -30.0000 2339.3123   19.1793
    0.0000    7.5000  -30.0000 2339.3923   19.0831
    7.5000    7.5000  -30.0000 2313.8718   19.2857
   -7.5000   15.0000  -30.0000 2280.9766   20.4446
    0.0000   15.0000  -30.0000 2279.6545   20.2952
    7.5000   15.0000  -30.0000 2255.5479   20.4735
   -7.5000   22.5000  -30.0000 2192.1282   22.1424
    0.0000   22.5000  -30.0000 2196.8489   21.9781
    7.5000   22.5000  -30.0000 2171.8694   22.1763
   -7.5000   30.0000  -30.0000 2089.9717   24.3658
    0.0000   30.0000  -30.0000 2090.3354   24.1784
    7.5000   30.0000  -30.0000 2066.6130   24.4227
   -7.5000   37.5000  -30.0000 1938.4669   27.0684
    0.0000   37.5000  -30.0000 1942.8243   26.8603
    7.5000   37.5000  -30.0000 1917.2617   27.1541
   -7.5000   45.0000  -30.0000 1765.4705   30.3175
    0.0000   45.0000  -30.0000 1770.0178   29.9972
    7.5000   45.0000  -30.0000 1744.5417   30.2880
   -7.5000  -45.0000  -22.5000 2297.4333   21.3630
    0.0000  -45.0000  -22.5000 2302.5967   21.3541
    7.5000  -45.0000  -22.5000 2281.2507   21.4339
   -7.5000  -37.5000  -22.5000 2402.4795   19.6898
    0.0000  -37.5000  -22.5000 2405.9858   19.7081
    7.5000  -37.5000  -22.5000 2382.4263   19.7868
   -7.5000  -30.0000  -22.5000 2473.0842   18.5068
    0.0000  -30.0000  -22.5000 2477.4858   18.5303
    7.5000  -30.0000  -22.5000 2450.6011   18.5681
   -7.5000  -22.5000  -22.5000 2513.0029   17.7586
    0.0000  -22.5000  -22.5000 2513.7983   17.7318
    7.5000  -22.5000  -22.5000 2487.6450   17.7492
   -7.5000  -15.0000  -22.5000 2539.8325   17.3065
    0.0000  -15.0000  -22.5000 2537.6377   17.2524
    7.5000  -15.0000  -22.5000 2511.5723   17.3494
   -7.5000   -7.5000  -22.5000 2552.5996   17.2944
    0.0000   -7.5000  -22.5000 2551.3657   17.1955
    7.5000   -7.5000  -22.5000 2524.6990   17.3214
   -7.5000    0.0000  -22.5000 2537.1956   17.7345
    0.0000    0.0000  -22.5000 2537.5347   17.5961
    7.5000    0.0000  -22.5000 2504.3025   17.7465
   -7.5000    7.5000  -22.5000 2489.9019   18.5115
    0.0000    7.5000  -22.5000 2492.5095   18.3836
    7.5000    7.5000  -22.5000 2460.3472   18.4658
   -7.5000   15.0000  -22.5000 2424.3538   19.7325
    0.0000   15.0000  -22.5000 2428.2729   19.5725
    7.5000   15.0000  -22.5000 2395.0735   19.6792
   -7.5000   22.5000  -22.5000 2330.4788   21.3390
    0.0000   22.5000  -22.5000 2333.0520   21.1686
    7.5000   22.5000  -22.5000 2302.0735   21.2924
   -7.5000   30.0000  -22.5000 2212.2419   23.4892
    0.0000   30.0000  -22.5000 2214.5193   23.2752
    7.5000   30.0000  -22.5000 2184.3154   23.4231
   -7.5000   37.5000  -22.5000 2045.6543   26.0616
    0.0000   37.5000  -22.5000 2053.3413   25.8545
    7.5000   37.5000  -22.5000 2026.4559   26.0632
   -7.5000   45.0000  -22.5000 1860.5763   29.1261
    0.0000   45.0000  -22.5000 1864.5337   28.9056
    7.5000   45.0000  -22.5000 1842.1288   29.0998
   -7.5000  -45.0000  -15.0000 2385.7361   20.3421
    0.0000  -45.0000  -15.0000 2394.7942   20.2887
    7.5000  -45.0000  -15.0000 2371.3054   20.3933
   -7.5000  -37.5000  -15.0000 2495.1067   18.7165
    0.0000  -37.5000  -15.0000 2502.0908   18.6908
    7.5000  -37.5000  -15.0000 2479.9619   18.8252
   -7.5000  -30.0000  -15.0000 2576.7446   17.5655
    0.0000  -30.0000  -15.0000 2586.2427   17.5524
    7.5000  -30.0000  -15.0000 2560.3452   17.6168
   -7.5000  -22.5000  -15.0000 2634.7629   16.8092
    0.0000  -22.5000  -15.0000 2633.4492   16.7319
    7.5000  -22.5000  -15.0000 2607.2673   16.8078
   -7.5000  -15.0000  -15.0000 2666.7388   16.3527
    0.0000  -15.0000  -15.0000 2662.7166   16.2896
    7.5000  -15.0000  -15.0000 2641.7134   16.4168
   -7.5000   -7.5000  -15.0000 2682.6223   16.3545
    0.0000   -7.5000  -15.0000 2682.9236   16.2755
    7.5000   -7.5000  -15.0000 2659.4021   16.4105
   -7.5000    0.0000  -15.0000 2668.3459   16.8327
    0.0000    0.0000  -15.0000 2674.3704   16.7359
    7.5000    0.0000  -15.0000 2637.7925   16.8340
   -7.5000    7.5000  -15.0000 2618.6306   17.6376
    0.0000    7.5000  -15.0000 2632.0359   17.5067
    7.5000    7.5000  -15.0000 2596.5632   17.5688
   -7.5000   15.0000  -15.0000 2537.6992   18.7889
    0.0000   15.0000  -15.0000 2552.6028   18.6284
    7.5000   15.0000  -15.0000 2516.5881   18.6961
   -7.5000   22.5000  -15.0000 2429.2244   20.3546
    0.0000   22.5000  -15.0000 2439.6902   20.1896
    7.5000   22.5000  -15.0000 2407.4670   20.2798
   -7.5000   30.0000  -15.0000 2301.5288   22.4118
    0.0000   30.0000  -15.0000 2312.8254   22.2333
    7.5000   30.0000  -15.0000 2279.1240   22.4022
   -7.5000   37.5000  -15.0000 2128.9453   24.8494
    0.0000   37.5000  -15.0000 2138.9646   24.7217
    7.5000   37.5000  -15.0000 2112.6951   24.8678
   -7.5000   45.0000  -15.0000 1929.2268   27.7380
    0.0000   45.0000  -15.0000 1937.1140   27.5617
    7.5000   45.0000  -15.0000 1916.7891   27.7395
   -7.5000  -45.0000   -7.5000 2432.2666   19.2805
    0.0000  -45.0000   -7.5000 2445.6843   19.2128
    7.5000  -45.0000   -7.5000 2422.5635   19.4250
   -7.5000  -37.5000   -7.5000 2551.4292   17.7428
    0.0000  -37.5000   -7.5000 2563.4385   17.6763
    7.5000  -37.5000   -7.5000 2535.9768   17.8557
   -7.5000  -30.0000   -7.5000 2644.6094   16.6068
    0.0000  -30.0000   -7.5000 2659.7778   16.5265
    7.5000  -30.0000   -7.5000 2631.2578   16.6814
   -7.5000  -22.5000   -7.5000 2713.9209   15.8211
    0.0000  -22.5000   -7.5000 2726.6682   15.7542
    7.5000  -22.5000   -7.5000 2694.4905   15.8685
   -7.5000  -15.0000   -7.5000 2755.1741   15.3099
    0.0000  -15.0000   -7.5000 2763.8196   15.2784
    7.5000  -15.0000   -7.5000 2736.7971   15.4114
   -7.5000   -7.5000   -7.5000 2773.1814   15.3419
    0.0000   -7.5000   -7.5000 2786.5752   15.2786
    7.5000   -7.5000   -7.5000 2759.9246   15.3986
   -7.5000    0.0000   -7.5000 2755.4873   15.8067
    0.0000    0.0000   -7.5000 2774.9761   15.7442
    7.5000    0.0000   -7.5000 2738.6902   15.8123
   -7.5000    7.5000   -7.5000 2702.8198   16.5955
    0.0000    7.5000   -7.5000 2719.6531   16.4384
    7.5000    7.5000   -7.5000 2690.1001   16.5577
   -7.5000   15.0000   -7.5000 2614.9346   17.7308
    0.0000   15.0000   -7.5000 2630.1401   17.5458
    7.5000   15.0000   -7.5000 2602.3215   17.6597
   -7.5000   22.5000   -7.5000 2494.6790   19.2575
    0.0000   22.5000   -7.5000 2505.3975   19.0754
    7.5000   22.5000   -7.5000 2479.5261   19.2198
   -7.5000   30.0000   -7.5000 2352.5771   21.2631
    0.0000   30.0000   -7.5000 2366.0718   21.0994
    7.5000   30.0000   -7.5000 2342.0420   21.2200
   -7.5000   37.5000   -7.5000 2174.6440   23.6070
    0.0000   37.5000   -7.5000 2185.9409   23.4571
    7.5000   37.5000   -7.5000 2167.3669   23.5811
   -7.5000   45.0000   -7.5000 1964.9634   26.3204
    0.0000   45.0000   -7.5000 1976.4023   26.2029
    7.5000   45.0000   -7.5000 1959.7196   26.3902
   -7.5000  -45.0000    0.0000 2469.6863   18.6963
    0.0000  -45.0000    0.0000 2481.3257   18.4770
    7.5000  -45.0000    0.0000 2461.2263   18.7200
   -7.5000  -37.5000    0.0000 2599.4751   17.1642
    0.0000  -37.5000    0.0000 2610.0469   16.9563
    7.5000  -37.5000    0.0000 2586.5996   17.1613
   -7.5000  -30.0000    0.0000 2704.6855   15.9714
    0.0000  -30.0000    0.0000 2722.5798   15.8469
    7.5000  -30.0000    0.0000 2695.9072   16.0353
   -7.5000  -22.5000    0.0000 2788.7761   15.1663
    0.0000  -22.5000    0.0000 2812.6926   15.0789
    7.5000  -22.5000    0.0000 2778.5791   15.2359
   -7.5000  -15.0000    0.0000 2839.6975   14.6114
    0.0000  -15.0000    0.0000 2864.9336   14.5808
    7.5000  -15.0000    0.0000 2831.0955   14.7290
   -7.5000   -7.5000    0.0000 2862.7026   14.5942
    0.0000   -7.5000    0.0000 2889.8608   14.5127
    7.5000   -7.5000    0.0000 2860.0173   14.6591
   -7.5000    0.0000    0.0000 2837.4116   15.1112
    0.0000    0.0000    0.0000 2861.1812   14.9519
    7.5000    0.0000    0.0000 2838.2903   15.0507
   -7.5000    7.5000    0.0000 2773.5657   15.9032
    0.0000    7.5000    0.0000 2790.5076   15.7093
    7.5000    7.5000    0.0000 2768.3501   15.8312
   -7.5000   15.0000    0.0000 2671.8533   17.0144
    0.0000   15.0000    0.0000 2687.6460   16.8214
    7.5000   15.0000    0.0000 2667.1162   16.9783
   -7.5000   22.5000    0.0000 2545.1597   18.5806
    0.0000   22.5000    0.0000 2556.5837   18.3566
    7.5000   22.5000    0.0000 2537.1960   18.5487
   -7.5000   30.0000    0.0000 2398.3406   20.5465
    0.0000   30.0000    0.0000 2408.8977   20.3185
    7.5000   30.0000    0.0000 2392.1975   20.5204
   -7.5000   37.5000    0.0000 2215.3501   22.8448
    0.0000   37.5000    0.0000 2221.5732   22.6588
    7.5000   37.5000    0.0000 2209.2095   22.8879
   -7.5000   45.0000    0.0000 2001.2267   25.5455
    0.0000   45.0000    0.0000 2011.3748   25.2773
    7.5000   45.0000    0.0000 1995.4591   25.5581
   -7.5000  -45.0000    7.5000 2486.9194   18.3246
    0.0000  -45.0000    7.5000 2491.9260   17.9581
    7.5000  -45.0000    7.5000 2470.7366   18.1290
   -7.5000  -37.5000    7.5000 2611.8733   16.7420
    0.0000  -37.5000    7.5000 2621.9126   16.4192
    7.5000  -37.5000    7.5000 2605.2581   16.6261
   -7.5000  -30.0000    7.5000 2728.7188   15.5618
    0.0000  -30.0000    7.5000 2743.1084   15.2614
    7.5000  -30.0000    7.5000 2726.6743   15.4739
   -7.5000  -22.5000    7.5000 2827.8210   14.6925
    0.0000  -22.5000    7.5000 2847.4167   14.4537
    7.5000  -22.5000    7.5000 2824.2275   14.6667
   -7.5000  -15.0000    7.5000 2895.1199   14.0980
    0.0000  -15.0000    7.5000 2922.7266   13.8464
    7.5000  -15.0000    7.5000 2888.3635   14.1299
   -7.5000   -7.5000    7.5000 2923.1404   14.0691
    0.0000   -7.5000    7.5000 2945.2434   13.7462
    7.5000   -7.5000    7.5000 2912.0554   14.0291
   -7.5000    0.0000    7.5000 2885.1348   14.6175
    0.0000    0.0000    7.5000 2912.0415   14.3217
    7.5000    0.0000    7.5000 2894.6716   14.5293
   -7.5000    7.5000    7.5000 2806.8176   15.4181
    0.0000    7.5000    7.5000 2825.2666   15.1903
    7.5000    7.5000    7.5000 2808.7285   15.4089
   -7.5000   15.0000    7.5000 2702.3274   16.5368
    0.0000   15.0000    7.5000 2715.4192   16.3159
    7.5000   15.0000    7.5000 2701.6589   16.5399
   -7.5000   22.5000    7.5000 2568.8682   18.0179
    0.0000   22.5000    7.5000 2578.8645   17.8335
    7.5000   22.5000    7.5000 2565.9021   18.0706
   -7.5000   30.0000    7.5000 2421.0227   19.9619
    0.0000   30.0000    7.5000 2427.9048   19.7858
    7.5000   30.0000    7.5000 2412.7708   20.0547
   -7.5000   37.5000    7.5000 2236.0945   22.2703
    0.0000   37.5000    7.5000 2241.7725   22.0915
    7.5000   37.5000    7.5000 2227.9751   22.4059
   -7.5000   45.0000    7.5000 2024.6189   24.8727
    0.0000   45.0000    7.5000 2029.2515   24.7511
    7.5000   45.0000    7.5000 2011.4983   25.0512
   -7.5000  -45.0000   15.0000 2486.7500   18.3569
    0.0000  -45.0000   15.0000 2489.1562   17.8036
    7.5000  -45.0000   15.0000 2467.7166   17.9115
   -7.5000  -37.5000   15.0000 2613.5918   16.7392
    0.0000  -37.5000   15.0000 2621.2249   16.2513
    7.5000  -37.5000   15.0000 2597.5789   16.3653
   -7.5000  -30.0000   15.0000 2734.9929   15.5154
    0.0000  -30.0000   15.0000 2741.4070   15.0423
    7.5000  -30.0000   15.0000 2721.0422   15.1818
   -7.5000  -22.5000   15.0000 2838.3982   14.6181
    0.0000  -22.5000   15.0000 2847.6267   14.1474
    7.5000  -22.5000   15.0000 2819.0728   14.3467
   -7.5000  -15.0000   15.0000 2917.6497   14.0506
    0.0000  -15.0000   15.0000 2925.4910   13.5298
    7.5000  -15.0000   15.0000 2896.3389   13.8387
   -7.5000   -7.5000   15.0000 2946.7703   13.9420
    0.0000   -7.5000   15.0000 2962.0789   13.5205
    7.5000   -7.5000   15.0000 2936.6917   13.9515
   -7.5000    0.0000   15.0000 2908.4932   14.4264
    0.0000    0.0000   15.0000 2927.9031   14.1072
    7.5000    0.0000   15.0000 2905.5205   14.4420
   -7.5000    7.5000   15.0000 2825.4583   15.3090
    0.0000    7.5000   15.0000 2835.3416   15.0442
    7.5000    7.5000   15.0000 2814.3640   15.2856
   -7.5000   15.0000   15.0000 2710.9634   16.4462
    0.0000   15.0000   15.0000 2720.1558   16.1699
    7.5000   15.0000   15.0000 2701.4697   16.3961
   -7.5000   22.5000   15.0000 2572.3140   17.9199
    0.0000   22.5000   15.0000 2579.8430   17.6799
    7.5000   22.5000   15.0000 2561.0510   17.9041
   -7.5000   30.0000   15.0000 2423.2229   19.8123
    0.0000   30.0000   15.0000 2433.6355   19.5765
    7.5000   30.0000   15.0000 2416.0181   19.8119
   -7.5000   37.5000   15.0000 2238.5244   22.0213
    0.0000   37.5000   15.0000 2245.6414   21.8244
    7.5000   37.5000   15.0000 2230.9980   22.1051
   -7.5000   45.0000   15.0000 2029.1333   24.6007
    0.0000   45.0000   15.0000 2030.7660   24.4182
    7.5000   45.0000   15.0000 2009.3772   24.6929
   -7.5000  -45.0000   22.5000 2461.6299   18.4673
    0.0000  -45.0000   22.5000 2474.2698   17.9442
    7.5000  -45.0000   22.5000 2446.6963   17.9312
   -7.5000  -37.5000   22.5000 2590.6316   16.8694
    0.0000  -37.5000   22.5000 2603.5720   16.3633
    7.5000  -37.5000   22.5000 2575.6589   16.4085
   -7.5000  -30.0000   22.5000 2710.8025   15.7025
    0.0000  -30.0000   22.5000 2723.1379   15.1811
    7.5000  -30.0000   22.5000 2703.8193   15.2770
   -7.5000  -22.5000   22.5000 2814.7905   14.8794
    0.0000  -22.5000   22.5000 2826.9939   14.3060
    7.5000  -22.5000   22.5000 2800.9441   14.4626
   -7.5000  -15.0000   22.5000 2895.6689   14.4272
    0.0000  -15.0000   22.5000 2911.3428   13.9000
    7.5000  -15.0000   22.5000 2880.5837   14.0991
   -7.5000   -7.5000   22.5000 2917.0698   14.3993
    0.0000   -7.5000   22.5000 2947.0244   14.0108
    7.5000   -7.5000   22.5000 2909.5413   14.1958
   -7.5000    0.0000   22.5000 2876.3811   14.7374
    0.0000    0.0000   22.5000 2907.0991   14.4918
    7.5000    0.0000   22.5000 2871.3535   14.6216
   -7.5000    7.5000   22.5000 2793.0398   15.4299
    0.0000    7.5000   22.5000 2817.5264   15.2599
    7.5000    7.5000   22.5000 2787.3303   15.3874
   -7.5000   15.0000   22.5000 2677.9421   16.5080
    0.0000   15.0000   22.5000 2695.7351   16.3276
    7.5000   15.0000   22.5000 2669.9949   16.4738
   -7.5000   22.5000   22.5000 2543.5203   17.9546
    0.0000   22.5000   22.5000 2556.4448   17.7678
    7.5000   22.5000   22.5000 2536.0881   17.9312
   -7.5000   30.0000   22.5000 2404.6716   19.7961
    0.0000   30.0000   22.5000 2414.0171   19.6620
    7.5000   30.0000   22.5000 2397.0139   19.8401
   -7.5000   37.5000   22.5000 2225.3518   22.0543
    0.0000   37.5000   22.5000 2232.4126   21.9461
    7.5000   37.5000   22.5000 2215.4546   22.1097
   -7.5000   45.0000   22.5000 2015.1785   24.7102
    0.0000   45.0000   22.5000 2021.6937   24.5729
    7.5000   45.0000   22.5000 1998.1918   24.6790
   -7.5000  -45.0000   30.0000 2433.5723   18.9931
    0.0000  -45.0000   30.0000 2453.3926   18.3869
    7.5000  -45.0000   30.0000 2435.8596   18.3755
   -7.5000  -37.5000   30.0000 2563.0645   17.4599
    0.0000  -37.5000   30.0000 2582.9229   16.8994
    7.5000  -37.5000   30.0000 2565.6960   16.9019
   -7.5000  -30.0000   30.0000 2677.7666   16.3154
    0.0000  -30.0000   30.0000 2697.8752   15.7746
    7.5000  -30.0000   30.0000 2677.3823   15.7377
   -7.5000  -22.5000   30.0000 2769.7383   15.5242
    0.0000  -22.5000   30.0000 2795.2261   14.9761
    7.5000  -22.5000   30.0000 2769.7051   15.0292
   -7.5000  -15.0000   30.0000 2834.2678   15.0530
    0.0000  -15.0000   30.0000 2861.2222   14.6522
    7.5000  -15.0000   30.0000 2831.0042   14.7042
   -7.5000   -7.5000   30.0000 2849.4089   15.0030
    0.0000   -7.5000   30.0000 2880.0520   14.7054
    7.5000   -7.5000   30.0000 2848.7063   14.7211
   -7.5000    0.0000   30.0000 2813.7942   15.3506
    0.0000    0.0000   30.0000 2839.3877   15.1034
    7.5000    0.0000   30.0000 2814.9207   15.1451
   -7.5000    7.5000   30.0000 2731.2412   16.0660
    0.0000    7.5000   30.0000 2754.2305   15.8582
    7.5000    7.5000   30.0000 2731.8589   15.9130
   -7.5000   15.0000   30.0000 2625.0073   17.0954
    0.0000   15.0000   30.0000 2640.7317   16.9009
    7.5000   15.0000   30.0000 2619.9617   16.9855
   -7.5000   22.5000   30.0000 2500.5872   18.4009
    0.0000   22.5000   30.0000 2514.0977   18.2099
    7.5000   22.5000   30.0000 2498.6892   18.4052
   -7.5000   30.0000   30.0000 2364.6902   20.1612
    0.0000   30.0000   30.0000 2369.9216   19.9801
    7.5000   30.0000   30.0000 2358.7087   20.2412
   -7.5000   37.5000   30.0000 2188.0232   22.3814
    0.0000   37.5000   30.0000 2197.5688   22.1612
    7.5000   37.5000   30.0000 2181.2173   22.4023
   -7.5000   45.0000   30.0000 1986.8475   24.9465
    0.0000   45.0000   30.0000 1999.4540   24.7345
    7.5000   45.0000   30.0000 1982.1785   24.9409
   -7.5000  -45.0000   37.5000 2390.3374   19.8856
    0.0000  -45.0000   37.5000 2416.8733   19.2399
    7.5000  -45.0000   37.5000 2405.0505   19.2539
   -7.5000  -37.5000   37.5000 2513.9863   18.3424
    0.0000  -37.5000   37.5000 2543.8542   17.7450
    7.5000  -37.5000   37.5000 2531.9688   17.7511
   -7.5000  -30.0000   37.5000 2621.7710   17.2008
    0.0000  -30.0000   37.5000 2652.1506   16.5839
    7.5000  -30.0000   37.5000 2640.0933   16.6270
   -7.5000  -22.5000   37.5000 2703.9727   16.3837
    0.0000  -22.5000   37.5000 2735.8831   15.8195
    7.5000  -22.5000   37.5000 2717.0239   15.8985
   -7.5000  -15.0000   37.5000 2755.8970   15.9136
    0.0000  -15.0000   37.5000 2780.6738   15.4787
    7.5000  -15.0000   37.5000 2762.9133   15.5598
   -7.5000   -7.5000   37.5000 2764.7710   15.8524
    0.0000   -7.5000   37.5000 2787.1943   15.4733
    7.5000   -7.5000   37.5000 2767.7422   15.5444
   -7.5000    0.0000   37.5000 2725.6104   16.2163
    0.0000    0.0000   37.5000 2746.3469   15.8877
    7.5000    0.0000   37.5000 2732.5491   15.9409
   -7.5000    7.5000   37.5000 2652.6948   16.9049
    0.0000    7.5000   37.5000 2668.4556   16.6394
    7.5000    7.5000   37.5000 2654.4980   16.7129
   -7.5000   15.0000   37.5000 2549.6824   17.9079
    0.0000   15.0000   37.5000 2568.9460   17.6587
    7.5000   15.0000   37.5000 2550.5959   17.7446
   -7.5000   22.5000   37.5000 2435.8787   19.2220
    0.0000   22.5000   37.5000 2447.6460   18.9874
    7.5000   22.5000   37.5000 2429.9241   19.1204
   -7.5000   30.0000   37.5000 2303.9390   20.9598
    0.0000   30.0000   37.5000 2312.2214   20.7528
    7.5000   30.0000   37.5000 2297.5139   20.8865
   -7.5000   37.5000   37.5000 2136.7847   23.0187
    0.0000   37.5000   37.5000 2147.3259   22.8615
    7.5000   37.5000   37.5000 2132.3147   22.9899
   -7.5000   45.0000   37.5000 1946.9785   25.5447
    0.0000   45.0000   37.5000 1955.5168   25.3505
    7.5000   45.0000   37.5000 1940.3135   25.5371
   -7.5000  -45.0000   45.0000 2316.6306   20.8298
    0.0000  -45.0000   45.0000 2344.6304   20.1523
    7.5000  -45.0000   45.0000 2343.0425   20.2267
   -7.5000  -37.5000   45.0000 2429.1694   19.2562
    0.0000  -37.5000   45.0000 2463.3323   18.5959
    7.5000  -37.5000   45.0000 2463.7505   18.7355
   -7.5000  -30.0000   45.0000 2531.2168   18.1015
    0.0000  -30.0000   45.0000 2566.0061   17.4897
    7.5000  -30.0000   45.0000 2561.6243   17.6385
   -7.5000  -22.5000   45.0000 2603.8252   17.3035
    0.0000  -22.5000   45.0000 2631.2183   16.7842
    7.5000  -22.5000   45.0000 2621.3633   16.8765
   -7.5000  -15.0000   45.0000 2644.2888   16.8727
    0.0000  -15.0000   45.0000 2665.7441   16.4247
    7.5000  -15.0000   45.0000 2653.7112   16.4987
   -7.5000   -7.5000   45.0000 2643.8965   16.8292
    0.0000   -7.5000   45.0000 2657.4636   16.4135
    7.5000   -7.5000   45.0000 2642.9546   16.4526
   -7.5000    0.0000   45.0000 2606.7083   17.1369
    0.0000    0.0000   45.0000 2620.9514   16.7715
    7.5000    0.0000   45.0000 2612.2832   16.8045
   -7.5000    7.5000   45.0000 2539.8206   17.8386
    0.0000    7.5000   45.0000 2554.9502   17.5310
    7.5000    7.5000   45.0000 2547.5674   17.5824
   -7.5000   15.0000   45.0000 2446.9070   18.8320
    0.0000   15.0000   45.0000 2464.3955   18.5368
    7.5000   15.0000   45.0000 2455.5737   18.6236
   -7.5000   22.5000   45.0000 2334.9392   20.1337
    0.0000   22.5000   45.0000 2352.1919   19.8665
    7.5000   22.5000   45.0000 2338.8757   20.0189
   -7.5000   30.0000   45.0000 2209.4163   21.8820
    0.0000   30.0000   45.0000 2221.5867   21.6553
    7.5000   30.0000   45.0000 2211.0420   21.8388
   -7.5000   37.5000   45.0000 2057.2422   23.9784
    0.0000   37.5000   45.0000 2067.9780   23.7781
    7.5000   37.5000   45.0000 2051.5664   23.9361
   -7.5000   45.0000   45.0000 1871.4773   26.4366
    0.0000   45.0000   45.0000 1875.5303   26.2308
    7.5000   45.0000   45.0000 1866.3593   26.4180

---------------------------------------------------------------------
imgreg_4dfp /opt/freesurfer/average/711-2C_as_mni_average_305 /opt/freesurfer/average/711-2B_as_mni_average_305_mask talsrcimg_g11 none talsrcimg_to_711-2C_as_mni_average_305_t4 1283
---------------------------------------------------------------------

freesurfer imgreg_4dfp.c
/opt/freesurfer/average/711-2C_as_mni_average_305.4dfp.img
       256       256       256         1
  1.000000  1.000000  1.000000
orientation T byte_order littleendian
Reading image: /opt/freesurfer/average/711-2C_as_mni_average_305.4dfp.img
dimensions:      256       256       256
mmppix:       1.0000   -1.0000   -1.0000
center:     128.0000 -129.0000 -129.0000
/opt/freesurfer/average/711-2B_as_mni_average_305_mask.4dfp.img
       256       256       256         1
  1.000000  1.000000  1.000000
orientation T byte_order littleendian
Reading mask: /opt/freesurfer/average/711-2B_as_mni_average_305_mask.4dfp.img (2306576 pixels)
talsrcimg_g11.4dfp.img
       256       256       256         1
  0.900000  0.900000  0.900000
orientation T byte_order littleendian
Reading image: talsrcimg_g11.4dfp.img
dimensions:      256       256       256
mmppix:       0.9000   -0.9000   -0.9000
center:     115.2000 -116.1000 -116.1000
rotation matrix determinant  1.000000
fimgreg.f
image alignment mode   1283 decimal      503 hex
parameters
    0.0000   -7.5000   15.0000    0.0000    0.0000    0.0000
eta,q 0.93224 13.51103
niter,ni,del,rscale     5    3   12.0000    1.2000
parameter  5  0.767044 ->  0.500000 qaram    1.1500
parameter  6 -0.669289 -> -0.500000 qaram    1.1500
parameters
   -0.2896   -7.5584   14.9973   -0.4075   -3.4500    3.4500
eta,q 0.93717 13.44943
  0.0761  0.0728  0.0726  0.0702  0.0647  0.0701
  0.0700  0.0693  0.0709  0.0671  0.0635  0.0675
  0.0660  0.0674  0.0685  0.0660  0.0645  0.0652
  0.0664  0.0662  0.0662  0.0662  0.0662  0.0636
  0.0686  0.0652  0.0676  0.0667  0.0677  0.0629
  0.0719  0.0685  0.0706  0.0682  0.0700  0.0628
  0.0770  0.0745  0.0731  0.0713  0.0728  0.0627
niter,ni,del,rscale     6    3   12.0000    1.2000
parameters
    1.1456   -7.2515   15.1107   -1.0145   -5.2026    4.5057
eta,q 0.93934 13.49387
  0.0781  0.0730  0.0705  0.0669  0.0653  0.0680
  0.0722  0.0676  0.0693  0.0641  0.0616  0.0655
  0.0658  0.0640  0.0656  0.0620  0.0606  0.0628
  0.0628  0.0627  0.0627  0.0626  0.0624  0.0609
  0.0630  0.0633  0.0641  0.0635  0.0641  0.0607
  0.0652  0.0664  0.0681  0.0655  0.0664  0.0625
  0.0685  0.0711  0.0710  0.0690  0.0694  0.0654
niter,ni,del,rscale     5    3   12.0000    1.2000
parameters
    1.9041   -6.9821   15.2464   -1.1797   -5.5962    4.7451
eta,q 0.93960 13.50609
  0.0764  0.0719  0.0674  0.0665  0.0682  0.0680
  0.0701  0.0669  0.0669  0.0636  0.0637  0.0646
  0.0639  0.0621  0.0642  0.0606  0.0604  0.0615
  0.0607  0.0609  0.0609  0.0608  0.0607  0.0603
  0.0627  0.0625  0.0617  0.0621  0.0632  0.0615
  0.0664  0.0656  0.0654  0.0637  0.0659  0.0639
  0.0700  0.0699  0.0684  0.0669  0.0684  0.0670
niter,ni,del,rscale     4    3   12.0000    1.2000
parameters
    2.1867   -6.8672   15.2190   -1.2755   -5.8664    4.6925
eta,q 0.93944 13.51183
  0.0748  0.0714  0.0665  0.0667  0.0686  0.0677
  0.0680  0.0663  0.0661  0.0638  0.0642  0.0642
  0.0620  0.0616  0.0639  0.0608  0.0609  0.0613
  0.0604  0.0607  0.0608  0.0608  0.0607  0.0606
  0.0642  0.0628  0.0615  0.0622  0.0632  0.0620
  0.0677  0.0658  0.0651  0.0638  0.0659  0.0645
  0.0708  0.0702  0.0682  0.0668  0.0686  0.0676
niter,ni,del,rscale     3    3   12.0000    1.2000
parameters
    2.3067   -6.8398   15.1798   -1.3183   -6.0011    4.6111
eta,q 0.93933 13.51275
  0.0741  0.0712  0.0662  0.0669  0.0689  0.0678
  0.0672  0.0661  0.0659  0.0639  0.0647  0.0642
  0.0615  0.0614  0.0639  0.0608  0.0611  0.0613
  0.0606  0.0607  0.0607  0.0608  0.0607  0.0607
  0.0648  0.0629  0.0614  0.0623  0.0631  0.0622
  0.0682  0.0660  0.0649  0.0639  0.0656  0.0647
  0.0709  0.0705  0.0678  0.0667  0.0685  0.0676
niter,ni,del,rscale     2    3   12.0000    1.2000
parameters
    2.3644   -6.8412   15.1423   -1.3208   -6.0663    4.5535
eta,q 0.93927 13.51222
  0.0738  0.0711  0.0660  0.0670  0.0690  0.0679
  0.0670  0.0661  0.0657  0.0640  0.0649  0.0642
  0.0614  0.0614  0.0638  0.0608  0.0613  0.0614
  0.0607  0.0608  0.0608  0.0608  0.0608  0.0607
  0.0650  0.0630  0.0613  0.0623  0.0630  0.0622
  0.0684  0.0661  0.0649  0.0639  0.0655  0.0647
  0.0710  0.0706  0.0676  0.0666  0.0684  0.0676
registration optimization eta report
parameter search radius
    6.0000    6.0000    6.0000    6.0000    6.9000    6.9000
100000*second partial in parameter space
       30.       28.       15.       16.       16.       14.
  0.0738  0.0711  0.0660  0.0670  0.0690  0.0679
  0.0670  0.0661  0.0657  0.0640  0.0649  0.0642
  0.0614  0.0614  0.0638  0.0608  0.0613  0.0614
  0.0607  0.0608  0.0608  0.0608  0.0608  0.0607
  0.0650  0.0630  0.0613  0.0623  0.0630  0.0622
  0.0684  0.0661  0.0649  0.0639  0.0655  0.0647
  0.0710  0.0706  0.0676  0.0666  0.0684  0.0676
    2.3644   -6.8412   15.1423   -1.3208   -6.0663    4.5535
eta,q 0.93927 13.51222

---------------------------------------------------------------------
imgreg_4dfp /opt/freesurfer/average/711-2C_as_mni_average_305 /opt/freesurfer/average/711-2B_as_mni_average_305_mask talsrcimg_g11 none talsrcimg_to_711-2C_as_mni_average_305_t4 3335
---------------------------------------------------------------------

freesurfer imgreg_4dfp.c
/opt/freesurfer/average/711-2C_as_mni_average_305.4dfp.img
       256       256       256         1
  1.000000  1.000000  1.000000
orientation T byte_order littleendian
Reading image: /opt/freesurfer/average/711-2C_as_mni_average_305.4dfp.img
dimensions:      256       256       256
mmppix:       1.0000   -1.0000   -1.0000
center:     128.0000 -129.0000 -129.0000
/opt/freesurfer/average/711-2B_as_mni_average_305_mask.4dfp.img
       256       256       256         1
  1.000000  1.000000  1.000000
orientation T byte_order littleendian
Reading mask: /opt/freesurfer/average/711-2B_as_mni_average_305_mask.4dfp.img (2306576 pixels)
talsrcimg_g11.4dfp.img
       256       256       256         1
  0.900000  0.900000  0.900000
orientation T byte_order littleendian
Reading image: talsrcimg_g11.4dfp.img
dimensions:      256       256       256
mmppix:       0.9000   -0.9000   -0.9000
center:     115.2000 -116.1000 -116.1000
fimgreg.f
image alignment mode   3335 decimal      D07 hex
parameters
    2.3644   -6.8412   15.1423   -0.8738   -0.3615   -0.5864
   -8.1797   10.3487    7.8945    3.1366  -10.5679   -2.2922
eta,q 0.93867 13.48877
niter,ni,del,rscale     5    3    5.0000    1.2000
parameter  4  7.144920 ->  0.500000 qaram    1.1500
parameter  5  3.070812 ->  0.500000 qaram    1.1500
parameter  6  2.498326 ->  0.500000 qaram    1.1500
parameter 11 -0.740383 -> -0.500000 qaram    1.1500
parameters
    2.4728   -5.6499   15.9337   -5.0138   -4.5015   -4.7264
   -6.8676   12.2751    5.3863    2.8138   -6.4279   -4.5084
eta,q 0.95847 13.00279
  0.0630  0.0644  0.0614  0.0502  0.0448  0.0405  0.0462  0.0485  0.0434  0.0458  0.0449  0.0423
  0.0622  0.0630  0.0612  0.0536  0.0474  0.0422  0.0446  0.0463  0.0425  0.0441  0.0439  0.0417
  0.0617  0.0620  0.0611  0.0572  0.0507  0.0450  0.0434  0.0442  0.0423  0.0428  0.0430  0.0415
  0.0613  0.0613  0.0610  0.0608  0.0546  0.0482  0.0428  0.0427  0.0426  0.0423  0.0423  0.0417
  0.0614  0.0610  0.0608  0.0652  0.0585  0.0511  0.0427  0.0427  0.0434  0.0429  0.0419  0.0422
  0.0620  0.0610  0.0608  0.0696  0.0629  0.0550  0.0433  0.0433  0.0448  0.0445  0.0417  0.0431
  0.0629  0.0613  0.0611  0.0734  0.0679  0.0592  0.0444  0.0447  0.0465  0.0466  0.0418  0.0444
niter,ni,del,rscale     7    3    5.0000    1.2000
parameter  3  0.778467 ->  0.500000 qaram    1.1500
parameter  4  1.304258 ->  0.500000 qaram    1.3225
parameter  5  1.276325 ->  0.500000 qaram    1.3225
parameter  6  1.084410 ->  0.500000 qaram    1.3225
parameter 12  1.287972 ->  0.500000 qaram    1.1500
parameters
    2.6055   -5.6845   14.5537   -9.7748   -9.2625   -9.4874
   -6.2423   10.8928    5.3773    1.3103   -8.4000   -8.6484
eta,q 0.97193 12.51686
  0.0447  0.0438  0.0409  0.0342  0.0308  0.0282  0.0322  0.0325  0.0313  0.0303  0.0302  0.0279
  0.0431  0.0426  0.0407  0.0352  0.0318  0.0288  0.0307  0.0304  0.0301  0.0295  0.0292  0.0280
  0.0420  0.0418  0.0409  0.0374  0.0333  0.0306  0.0297  0.0292  0.0293  0.0291  0.0288  0.0283
  0.0415  0.0415  0.0415  0.0407  0.0357  0.0322  0.0292  0.0292  0.0291  0.0291  0.0290  0.0288
  0.0417  0.0418  0.0425  0.0455  0.0391  0.0357  0.0294  0.0306  0.0294  0.0295  0.0297  0.0294
  0.0426  0.0426  0.0436  0.0508  0.0430  0.0407  0.0301  0.0332  0.0301  0.0306  0.0306  0.0301
  0.0442  0.0440  0.0448  0.0562  0.0474  0.0445  0.0313  0.0362  0.0313  0.0325  0.0320  0.0310
niter,ni,del,rscale     7    3    5.0000    1.2000
parameter  3  1.373015 ->  0.500000 qaram    1.3225
parameter  5  0.534254 ->  0.500000 qaram    1.5209
parameters
    2.2037   -6.8036   12.9667  -12.3720  -14.7377  -11.5440
   -6.6200   11.3241    6.7707    1.5732   -9.9268   -9.6757
eta,q 0.97688 12.32959
  0.0303  0.0281  0.0239  0.0270  0.0246  0.0276  0.0253  0.0281  0.0258  0.0266  0.0243  0.0244
  0.0288  0.0276  0.0243  0.0257  0.0233  0.0256  0.0242  0.0257  0.0246  0.0250  0.0234  0.0236
  0.0280  0.0275  0.0255  0.0248  0.0232  0.0238  0.0235  0.0240  0.0237  0.0238  0.0231  0.0232
  0.0281  0.0280  0.0275  0.0245  0.0247  0.0231  0.0233  0.0233  0.0233  0.0232  0.0232  0.0231
  0.0289  0.0289  0.0300  0.0258  0.0273  0.0253  0.0237  0.0236  0.0233  0.0235  0.0237  0.0234
  0.0303  0.0303  0.0328  0.0296  0.0306  0.0295  0.0245  0.0248  0.0236  0.0245  0.0243  0.0241
  0.0324  0.0320  0.0356  0.0354  0.0345  0.0351  0.0257  0.0272  0.0244  0.0262  0.0253  0.0253
niter,ni,del,rscale     7    3    5.0000    1.2000
parameters
    2.3372   -5.8031   11.9928  -10.9381  -14.2018  -12.6716
   -7.3352   11.6973    6.7615    2.8431  -10.1136  -10.8050
eta,q 0.97794 12.38744
  0.0259  0.0275  0.0239  0.0265  0.0284  0.0273  0.0243  0.0274  0.0241  0.0264  0.0239  0.0233
  0.0244  0.0256  0.0228  0.0249  0.0258  0.0252  0.0231  0.0249  0.0231  0.0243  0.0227  0.0226
  0.0235  0.0241  0.0224  0.0235  0.0235  0.0234  0.0224  0.0231  0.0224  0.0230  0.0221  0.0222
  0.0231  0.0231  0.0227  0.0224  0.0220  0.0219  0.0223  0.0223  0.0222  0.0222  0.0221  0.0221
  0.0233  0.0227  0.0237  0.0218  0.0225  0.0226  0.0228  0.0226  0.0224  0.0221  0.0224  0.0224
  0.0241  0.0228  0.0254  0.0224  0.0247  0.0264  0.0238  0.0241  0.0231  0.0229  0.0230  0.0231
  0.0254  0.0235  0.0279  0.0254  0.0277  0.0325  0.0252  0.0265  0.0241  0.0243  0.0239  0.0244
niter,ni,del,rscale     6    3    5.0000    1.2000
parameters
    2.3273   -5.5586   11.7090  -10.8654  -13.9823  -12.9505
   -7.3458   11.7348    6.7872    3.4625  -10.1090  -11.1430
eta,q 0.97795 12.39579
  0.0248  0.0250  0.0244  0.0258  0.0280  0.0278  0.0246  0.0269  0.0239  0.0257  0.0240  0.0236
  0.0233  0.0235  0.0230  0.0243  0.0255  0.0256  0.0232  0.0244  0.0229  0.0238  0.0228  0.0228
  0.0224  0.0225  0.0222  0.0230  0.0233  0.0237  0.0224  0.0228  0.0223  0.0226  0.0222  0.0223
  0.0221  0.0221  0.0220  0.0220  0.0220  0.0220  0.0221  0.0221  0.0221  0.0221  0.0220  0.0220
  0.0224  0.0222  0.0225  0.0217  0.0227  0.0219  0.0224  0.0226  0.0223  0.0222  0.0224  0.0222
  0.0233  0.0228  0.0237  0.0231  0.0248  0.0245  0.0233  0.0243  0.0229  0.0231  0.0230  0.0229
  0.0248  0.0240  0.0255  0.0269  0.0280  0.0305  0.0246  0.0268  0.0239  0.0246  0.0238  0.0240
niter,ni,del,rscale     5    3    5.0000    1.2000
parameters
    2.3150   -5.4553   11.5776  -10.8287  -13.9951  -13.0351
   -7.3537   11.7227    6.8166    3.7144  -10.1044  -11.2422
eta,q 0.97794 12.39618
  0.0248  0.0247  0.0246  0.0258  0.0278  0.0279  0.0246  0.0268  0.0238  0.0253  0.0240  0.0237
  0.0233  0.0233  0.0232  0.0243  0.0254  0.0257  0.0232  0.0244  0.0229  0.0235  0.0229  0.0228
  0.0224  0.0224  0.0223  0.0231  0.0232  0.0238  0.0223  0.0227  0.0223  0.0225  0.0222  0.0223
  0.0220  0.0220  0.0220  0.0220  0.0220  0.0220  0.0221  0.0221  0.0221  0.0221  0.0221  0.0221
  0.0224  0.0223  0.0224  0.0217  0.0228  0.0218  0.0224  0.0226  0.0223  0.0223  0.0224  0.0222
  0.0233  0.0230  0.0235  0.0231  0.0250  0.0242  0.0233  0.0244  0.0229  0.0233  0.0230  0.0228
  0.0249  0.0243  0.0251  0.0269  0.0283  0.0300  0.0246  0.0269  0.0238  0.0249  0.0238  0.0239
niter,ni,del,rscale     4    3    5.0000    1.2000
parameters
    2.3031   -5.3952   11.5278  -10.8043  -14.0319  -13.0805
   -7.3594   11.7101    6.8283    3.8245  -10.0991  -11.3039
eta,q 0.97793 12.39490
  0.0249  0.0246  0.0248  0.0258  0.0278  0.0279  0.0246  0.0268  0.0238  0.0252  0.0240  0.0237
  0.0233  0.0232  0.0233  0.0243  0.0254  0.0258  0.0232  0.0244  0.0229  0.0235  0.0229  0.0228
  0.0224  0.0224  0.0223  0.0231  0.0232  0.0238  0.0223  0.0227  0.0223  0.0225  0.0222  0.0223
  0.0221  0.0221  0.0221  0.0221  0.0220  0.0221  0.0221  0.0221  0.0221  0.0221  0.0221  0.0221
  0.0224  0.0223  0.0224  0.0217  0.0229  0.0218  0.0224  0.0227  0.0223  0.0224  0.0224  0.0222
  0.0234  0.0231  0.0234  0.0232  0.0250  0.0241  0.0233  0.0244  0.0229  0.0234  0.0230  0.0228
  0.0249  0.0243  0.0249  0.0270  0.0283  0.0299  0.0246  0.0269  0.0238  0.0250  0.0238  0.0238
niter,ni,del,rscale     3    3    5.0000    1.2000
parameters
    2.2980   -5.3640   11.5044  -10.7854  -14.0543  -13.0995
   -7.3683   11.7044    6.8314    3.8841  -10.0974  -11.3281
eta,q 0.97792 12.39459
  0.0249  0.0245  0.0248  0.0258  0.0278  0.0280  0.0246  0.0268  0.0238  0.0251  0.0240  0.0237
  0.0234  0.0232  0.0233  0.0243  0.0254  0.0258  0.0232  0.0244  0.0229  0.0234  0.0229  0.0229
  0.0224  0.0224  0.0224  0.0231  0.0232  0.0238  0.0224  0.0227  0.0223  0.0225  0.0222  0.0223
  0.0221  0.0221  0.0221  0.0221  0.0221  0.0221  0.0221  0.0221  0.0221  0.0221  0.0221  0.0221
  0.0224  0.0223  0.0224  0.0217  0.0229  0.0218  0.0224  0.0227  0.0223  0.0224  0.0224  0.0222
  0.0234  0.0231  0.0233  0.0232  0.0250  0.0241  0.0233  0.0244  0.0229  0.0234  0.0230  0.0228
  0.0249  0.0244  0.0249  0.0270  0.0283  0.0298  0.0246  0.0269  0.0238  0.0250  0.0238  0.0238
niter,ni,del,rscale     2    3    5.0000    1.2000
parameters
    2.2952   -5.3466   11.4906  -10.7798  -14.0638  -13.1124
   -7.3685   11.6988    6.8355    3.9176  -10.0957  -11.3449
eta,q 0.97792 12.39423
  0.0249  0.0245  0.0248  0.0258  0.0278  0.0280  0.0246  0.0268  0.0238  0.0251  0.0240  0.0237
  0.0234  0.0232  0.0233  0.0243  0.0254  0.0258  0.0232  0.0244  0.0229  0.0234  0.0229  0.0229
  0.0224  0.0224  0.0224  0.0231  0.0232  0.0238  0.0224  0.0227  0.0223  0.0225  0.0222  0.0223
  0.0221  0.0221  0.0221  0.0221  0.0221  0.0221  0.0221  0.0221  0.0221  0.0221  0.0221  0.0221
  0.0224  0.0223  0.0224  0.0218  0.0229  0.0219  0.0224  0.0227  0.0223  0.0224  0.0224  0.0222
  0.0234  0.0231  0.0233  0.0232  0.0250  0.0241  0.0233  0.0244  0.0229  0.0234  0.0230  0.0228
  0.0249  0.0244  0.0249  0.0270  0.0282  0.0298  0.0246  0.0269  0.0238  0.0250  0.0238  0.0238
registration optimization eta report
parameter search radius
    2.4000    2.4000    3.1740    9.5220   10.9503    9.5220
    7.2000    7.2000    7.2000    7.2000    8.2800    8.2800
100000*second partial in parameter space
       49.       41.       27.        5.        5.        8.
        5.        9.        3.        6.        3.        2.
  0.0249  0.0245  0.0248  0.0258  0.0278  0.0280  0.0246  0.0268  0.0238  0.0251  0.0240  0.0237
  0.0234  0.0232  0.0233  0.0243  0.0254  0.0258  0.0232  0.0244  0.0229  0.0234  0.0229  0.0229
  0.0224  0.0224  0.0224  0.0231  0.0232  0.0238  0.0224  0.0227  0.0223  0.0225  0.0222  0.0223
  0.0221  0.0221  0.0221  0.0221  0.0221  0.0221  0.0221  0.0221  0.0221  0.0221  0.0221  0.0221
  0.0224  0.0223  0.0224  0.0218  0.0229  0.0219  0.0224  0.0227  0.0223  0.0224  0.0224  0.0222
  0.0234  0.0231  0.0233  0.0232  0.0250  0.0241  0.0233  0.0244  0.0229  0.0234  0.0230  0.0228
  0.0249  0.0244  0.0249  0.0270  0.0282  0.0298  0.0246  0.0269  0.0238  0.0250  0.0238  0.0238
    2.2952   -5.3466   11.4906  -10.7798  -14.0638  -13.1124
   -7.3685   11.6988    6.8355    3.9176  -10.0957  -11.3449
eta,q 0.97792 12.39423

---------------------------------------------------------------------
imgreg_4dfp /opt/freesurfer/average/711-2C_as_mni_average_305 /opt/freesurfer/average/711-2B_as_mni_average_305_mask talsrcimg_g11 none talsrcimg_to_711-2C_as_mni_average_305_t4 2311
---------------------------------------------------------------------

freesurfer imgreg_4dfp.c
/opt/freesurfer/average/711-2C_as_mni_average_305.4dfp.img
       256       256       256         1
  1.000000  1.000000  1.000000
orientation T byte_order littleendian
Reading image: /opt/freesurfer/average/711-2C_as_mni_average_305.4dfp.img
dimensions:      256       256       256
mmppix:       1.0000   -1.0000   -1.0000
center:     128.0000 -129.0000 -129.0000
/opt/freesurfer/average/711-2B_as_mni_average_305_mask.4dfp.img
       256       256       256         1
  1.000000  1.000000  1.000000
orientation T byte_order littleendian
Reading mask: /opt/freesurfer/average/711-2B_as_mni_average_305_mask.4dfp.img (2306576 pixels)
talsrcimg_g11.4dfp.img
       256       256       256         1
  0.900000  0.900000  0.900000
orientation T byte_order littleendian
Reading image: talsrcimg_g11.4dfp.img
dimensions:      256       256       256
mmppix:       0.9000   -0.9000   -0.9000
center:     115.2000 -116.1000 -116.1000
fimgreg.f
image alignment mode   2311 decimal      907 hex
parameters
    2.2952   -5.3466   11.4906  -10.7798  -14.0638  -13.1124
   -7.3685   11.6988    6.8355    3.9176  -10.0957  -11.3449
eta,q 0.97792 12.39424
niter,ni,del,rscale     5    3    5.0000    0.8000
parameters
    2.2947   -5.3402   11.4904   -8.3951  -14.0416  -12.2515
   -7.5704   11.6756    6.5443    4.2096  -10.1386  -10.6699
eta,q 0.97847 12.49394
  0.0234  0.0232  0.0228  0.0237  0.0234  0.0243  0.0228  0.0245  0.0224  0.0233  0.0225  0.0225
  0.0227  0.0226  0.0224  0.0231  0.0225  0.0233  0.0221  0.0229  0.0219  0.0224  0.0220  0.0221
  0.0222  0.0222  0.0222  0.0226  0.0219  0.0224  0.0217  0.0219  0.0217  0.0218  0.0216  0.0217
  0.0221  0.0221  0.0221  0.0221  0.0217  0.0217  0.0216  0.0216  0.0216  0.0216  0.0216  0.0216
  0.0222  0.0222  0.0222  0.0218  0.0219  0.0216  0.0218  0.0219  0.0217  0.0217  0.0217  0.0216
  0.0227  0.0226  0.0224  0.0218  0.0225  0.0221  0.0223  0.0230  0.0221  0.0222  0.0220  0.0217
  0.0234  0.0232  0.0228  0.0222  0.0234  0.0231  0.0230  0.0245  0.0227  0.0229  0.0225  0.0221
niter,ni,del,rscale     4    3    5.0000    0.7000
parameters
    2.2633   -5.5096   11.7860   -8.9849  -14.0022  -11.8784
   -7.3881   11.6305    6.6778    3.6166  -10.1790  -10.6420
eta,q 0.97856 12.47992
  0.0227  0.0222  0.0226  0.0223  0.0228  0.0236  0.0226  0.0238  0.0223  0.0224  0.0222  0.0220
  0.0220  0.0218  0.0221  0.0219  0.0221  0.0228  0.0220  0.0225  0.0218  0.0218  0.0217  0.0217
  0.0216  0.0216  0.0217  0.0216  0.0217  0.0220  0.0216  0.0217  0.0216  0.0215  0.0215  0.0215
  0.0215  0.0215  0.0215  0.0215  0.0215  0.0215  0.0215  0.0215  0.0215  0.0215  0.0214  0.0214
  0.0217  0.0217  0.0215  0.0216  0.0216  0.0216  0.0216  0.0218  0.0215  0.0217  0.0215  0.0215
  0.0221  0.0221  0.0216  0.0222  0.0221  0.0221  0.0219  0.0226  0.0218  0.0223  0.0218  0.0217
  0.0228  0.0227  0.0220  0.0234  0.0228  0.0232  0.0224  0.0238  0.0222  0.0231  0.0222  0.0220
niter,ni,del,rscale     3    3    5.0000    0.6000
parameters
    2.2407   -5.6273   11.8751   -9.0882  -13.9794  -11.6629
   -7.4341   11.6541    6.7136    3.4352  -10.2488  -10.5758
eta,q 0.97859 12.48175
  0.0222  0.0220  0.0221  0.0222  0.0225  0.0231  0.0221  0.0232  0.0220  0.0223  0.0220  0.0219
  0.0218  0.0217  0.0218  0.0218  0.0219  0.0224  0.0217  0.0222  0.0217  0.0218  0.0216  0.0216
  0.0215  0.0215  0.0215  0.0216  0.0216  0.0217  0.0215  0.0216  0.0215  0.0215  0.0215  0.0215
  0.0214  0.0214  0.0214  0.0214  0.0214  0.0214  0.0214  0.0214  0.0214  0.0214  0.0214  0.0214
  0.0215  0.0216  0.0215  0.0215  0.0215  0.0215  0.0215  0.0216  0.0215  0.0216  0.0215  0.0215
  0.0218  0.0218  0.0216  0.0218  0.0219  0.0220  0.0218  0.0222  0.0217  0.0219  0.0217  0.0216
  0.0223  0.0223  0.0219  0.0224  0.0224  0.0228  0.0222  0.0232  0.0220  0.0225  0.0220  0.0218
niter,ni,del,rscale     2    3    5.0000    0.5000
parameters
    2.2457   -5.6799   11.9049   -9.0891  -13.9796  -11.5759
   -7.4540   11.6881    6.7298    3.3752  -10.2970  -10.5147
eta,q 0.97859 12.48387
  0.0220  0.0219  0.0219  0.0220  0.0221  0.0226  0.0219  0.0227  0.0218  0.0221  0.0218  0.0217
  0.0217  0.0216  0.0216  0.0217  0.0218  0.0220  0.0216  0.0220  0.0216  0.0217  0.0216  0.0216
  0.0215  0.0215  0.0215  0.0215  0.0215  0.0216  0.0215  0.0216  0.0215  0.0215  0.0214  0.0214
  0.0214  0.0214  0.0214  0.0214  0.0214  0.0214  0.0214  0.0214  0.0214  0.0214  0.0214  0.0214
  0.0215  0.0215  0.0214  0.0214  0.0215  0.0215  0.0215  0.0215  0.0215  0.0215  0.0215  0.0214
  0.0217  0.0217  0.0216  0.0216  0.0217  0.0219  0.0217  0.0219  0.0216  0.0217  0.0216  0.0215
  0.0220  0.0220  0.0218  0.0220  0.0222  0.0225  0.0219  0.0226  0.0218  0.0221  0.0218  0.0217
niter,ni,del,rscale     1    3    5.0000    0.4000
parameters
    2.2507   -5.6959   11.9179   -9.0247  -13.9911  -11.5626
   -7.4633   11.7030    6.7378    3.3686  -10.3337  -10.4839
eta,q 0.97859 12.48593
  0.0218  0.0217  0.0217  0.0218  0.0219  0.0222  0.0217  0.0222  0.0217  0.0218  0.0217  0.0216
  0.0216  0.0215  0.0215  0.0216  0.0216  0.0218  0.0216  0.0218  0.0215  0.0216  0.0215  0.0215
  0.0214  0.0214  0.0214  0.0215  0.0215  0.0215  0.0214  0.0215  0.0214  0.0215  0.0214  0.0214
  0.0214  0.0214  0.0214  0.0214  0.0214  0.0214  0.0214  0.0214  0.0214  0.0214  0.0214  0.0214
  0.0214  0.0214  0.0214  0.0214  0.0215  0.0215  0.0214  0.0215  0.0214  0.0215  0.0214  0.0214
  0.0216  0.0216  0.0215  0.0215  0.0216  0.0218  0.0216  0.0218  0.0215  0.0216  0.0215  0.0215
  0.0218  0.0217  0.0217  0.0218  0.0219  0.0222  0.0217  0.0222  0.0217  0.0219  0.0217  0.0216
registration optimization eta report
parameter search radius
    0.8000    0.8000    0.8000    2.4000    2.4000    2.4000
    2.4000    2.4000    2.4000    2.4000    2.4000    2.4000
100000*second partial in parameter space
       59.       50.       43.        6.        8.       14.
        6.       14.        5.        8.        5.        4.
  0.0218  0.0217  0.0217  0.0218  0.0219  0.0222  0.0217  0.0222  0.0217  0.0218  0.0217  0.0216
  0.0216  0.0215  0.0215  0.0216  0.0216  0.0218  0.0216  0.0218  0.0215  0.0216  0.0215  0.0215
  0.0214  0.0214  0.0214  0.0215  0.0215  0.0215  0.0214  0.0215  0.0214  0.0215  0.0214  0.0214
  0.0214  0.0214  0.0214  0.0214  0.0214  0.0214  0.0214  0.0214  0.0214  0.0214  0.0214  0.0214
  0.0214  0.0214  0.0214  0.0214  0.0215  0.0215  0.0214  0.0215  0.0214  0.0215  0.0214  0.0214
  0.0216  0.0216  0.0215  0.0215  0.0216  0.0218  0.0216  0.0218  0.0215  0.0216  0.0215  0.0215
  0.0218  0.0217  0.0217  0.0218  0.0219  0.0222  0.0217  0.0222  0.0217  0.0219  0.0217  0.0216
    2.2507   -5.6959   11.9179   -9.0247  -13.9911  -11.5626
   -7.4633   11.7030    6.7378    3.3686  -10.3337  -10.4839
eta,q 0.97859 12.48593

---------------------------------------------------------------------
imgreg_4dfp /opt/freesurfer/average/711-2C_as_mni_average_305 /opt/freesurfer/average/711-2B_as_mni_average_305_mask talsrcimg_g11 none talsrcimg_to_711-2C_as_mni_average_305_t4 2311
---------------------------------------------------------------------

freesurfer imgreg_4dfp.c
/opt/freesurfer/average/711-2C_as_mni_average_305.4dfp.img
       256       256       256         1
  1.000000  1.000000  1.000000
orientation T byte_order littleendian
Reading image: /opt/freesurfer/average/711-2C_as_mni_average_305.4dfp.img
dimensions:      256       256       256
mmppix:       1.0000   -1.0000   -1.0000
center:     128.0000 -129.0000 -129.0000
/opt/freesurfer/average/711-2B_as_mni_average_305_mask.4dfp.img
       256       256       256         1
  1.000000  1.000000  1.000000
orientation T byte_order littleendian
Reading mask: /opt/freesurfer/average/711-2B_as_mni_average_305_mask.4dfp.img (2306576 pixels)
talsrcimg_g11.4dfp.img
       256       256       256         1
  0.900000  0.900000  0.900000
orientation T byte_order littleendian
Reading image: talsrcimg_g11.4dfp.img
dimensions:      256       256       256
mmppix:       0.9000   -0.9000   -0.9000
center:     115.2000 -116.1000 -116.1000
fimgreg.f
image alignment mode   2311 decimal      907 hex
parameters
    2.2507   -5.6959   11.9179   -9.0247  -13.9911  -11.5626
   -7.4633   11.7030    6.7378    3.3686  -10.3337  -10.4839
eta,q 0.97859 12.48592
niter,ni,del,rscale     5    3    5.0000    0.8000
parameters
    2.2663   -5.7135   11.9182   -9.5825  -13.9504  -11.6598
   -7.4018   11.7286    6.7432    3.2540  -10.2518  -10.6237
eta,q 0.97856 12.46815
  0.0230  0.0226  0.0225  0.0225  0.0232  0.0238  0.0227  0.0244  0.0224  0.0230  0.0225  0.0221
  0.0221  0.0220  0.0219  0.0220  0.0223  0.0228  0.0220  0.0228  0.0219  0.0222  0.0219  0.0218
  0.0216  0.0215  0.0215  0.0216  0.0217  0.0219  0.0216  0.0218  0.0216  0.0216  0.0215  0.0215
  0.0214  0.0214  0.0214  0.0214  0.0214  0.0214  0.0214  0.0214  0.0214  0.0214  0.0214  0.0214
  0.0216  0.0216  0.0215  0.0216  0.0216  0.0217  0.0216  0.0218  0.0215  0.0217  0.0216  0.0215
  0.0221  0.0220  0.0219  0.0222  0.0222  0.0226  0.0220  0.0228  0.0219  0.0223  0.0219  0.0218
  0.0229  0.0227  0.0225  0.0236  0.0232  0.0243  0.0227  0.0243  0.0224  0.0232  0.0223  0.0222
niter,ni,del,rscale     4    3    5.0000    0.7000
parameters
    2.2598   -5.6845   11.8878   -9.3998  -13.9412  -11.6025
   -7.4254   11.7161    6.6934    3.3302  -10.2621  -10.6041
eta,q 0.97857 12.47533
  0.0226  0.0224  0.0222  0.0225  0.0228  0.0234  0.0224  0.0237  0.0222  0.0227  0.0222  0.0220
  0.0219  0.0219  0.0218  0.0220  0.0221  0.0226  0.0219  0.0225  0.0218  0.0221  0.0217  0.0217
  0.0216  0.0216  0.0215  0.0217  0.0216  0.0218  0.0215  0.0217  0.0215  0.0216  0.0215  0.0215
  0.0214  0.0214  0.0214  0.0214  0.0214  0.0214  0.0214  0.0214  0.0214  0.0214  0.0214  0.0214
  0.0216  0.0215  0.0215  0.0214  0.0216  0.0216  0.0216  0.0217  0.0215  0.0216  0.0215  0.0215
  0.0220  0.0218  0.0218  0.0217  0.0221  0.0223  0.0219  0.0225  0.0218  0.0220  0.0218  0.0217
  0.0226  0.0224  0.0223  0.0225  0.0228  0.0235  0.0224  0.0238  0.0222  0.0227  0.0222  0.0220
niter,ni,del,rscale     3    3    5.0000    0.6000
parameters
    2.2546   -5.6880   11.8969   -9.2735  -13.9576  -11.5570
   -7.4258   11.7073    6.7142    3.3423  -10.2744  -10.5504
eta,q 0.97859 12.47937
  0.0223  0.0221  0.0220  0.0222  0.0225  0.0230  0.0222  0.0232  0.0220  0.0224  0.0220  0.0219
  0.0218  0.0217  0.0217  0.0219  0.0219  0.0223  0.0217  0.0222  0.0217  0.0219  0.0217  0.0216
  0.0215  0.0215  0.0215  0.0216  0.0215  0.0217  0.0215  0.0216  0.0215  0.0215  0.0215  0.0215
  0.0214  0.0214  0.0214  0.0214  0.0214  0.0214  0.0214  0.0214  0.0214  0.0214  0.0214  0.0214
  0.0215  0.0215  0.0215  0.0214  0.0215  0.0216  0.0215  0.0216  0.0215  0.0215  0.0215  0.0215
  0.0218  0.0217  0.0217  0.0217  0.0219  0.0221  0.0218  0.0222  0.0217  0.0218  0.0217  0.0216
  0.0223  0.0221  0.0220  0.0222  0.0225  0.0230  0.0221  0.0232  0.0220  0.0224  0.0220  0.0218
niter,ni,del,rscale     2    3    5.0000    0.5000
parameters
    2.2525   -5.6986   11.9081   -9.1564  -13.9674  -11.5390
   -7.4444   11.7048    6.7243    3.3478  -10.3108  -10.5178
eta,q 0.97859 12.48317
  0.0220  0.0219  0.0218  0.0220  0.0221  0.0226  0.0219  0.0227  0.0218  0.0221  0.0218  0.0217
  0.0217  0.0216  0.0216  0.0217  0.0218  0.0220  0.0216  0.0220  0.0216  0.0217  0.0216  0.0216
  0.0215  0.0215  0.0215  0.0215  0.0215  0.0216  0.0215  0.0215  0.0215  0.0215  0.0214  0.0214
  0.0214  0.0214  0.0214  0.0214  0.0214  0.0214  0.0214  0.0214  0.0214  0.0214  0.0214  0.0214
  0.0215  0.0215  0.0215  0.0214  0.0215  0.0215  0.0215  0.0215  0.0215  0.0215  0.0215  0.0214
  0.0217  0.0216  0.0216  0.0216  0.0218  0.0219  0.0216  0.0220  0.0216  0.0217  0.0216  0.0215
  0.0220  0.0219  0.0218  0.0220  0.0222  0.0226  0.0219  0.0227  0.0218  0.0221  0.0218  0.0217
niter,ni,del,rscale     1    3    5.0000    0.4000
parameters
    2.2494   -5.7029   11.9195   -9.0544  -13.9842  -11.5502
   -7.4536   11.7102    6.7467    3.3610  -10.3478  -10.4751
eta,q 0.97860 12.48572
  0.0218  0.0217  0.0217  0.0218  0.0219  0.0222  0.0217  0.0222  0.0217  0.0219  0.0217  0.0216
  0.0216  0.0216  0.0215  0.0216  0.0216  0.0218  0.0216  0.0218  0.0215  0.0216  0.0215  0.0215
  0.0214  0.0214  0.0214  0.0215  0.0215  0.0215  0.0214  0.0215  0.0214  0.0215  0.0214  0.0214
  0.0214  0.0214  0.0214  0.0214  0.0214  0.0214  0.0214  0.0214  0.0214  0.0214  0.0214  0.0214
  0.0214  0.0214  0.0214  0.0214  0.0215  0.0215  0.0214  0.0215  0.0214  0.0215  0.0214  0.0214
  0.0216  0.0216  0.0215  0.0215  0.0216  0.0218  0.0216  0.0218  0.0215  0.0216  0.0215  0.0215
  0.0218  0.0217  0.0217  0.0218  0.0219  0.0222  0.0217  0.0222  0.0217  0.0218  0.0217  0.0216
registration optimization eta report
parameter search radius
    0.8000    0.8000    0.8000    2.4000    2.4000    2.4000
    2.4000    2.4000    2.4000    2.4000    2.4000    2.4000
100000*second partial in parameter space
       58.       51.       42.        6.        8.       13.
        6.       14.        5.        8.        5.        4.
  0.0218  0.0217  0.0217  0.0218  0.0219  0.0222  0.0217  0.0222  0.0217  0.0219  0.0217  0.0216
  0.0216  0.0216  0.0215  0.0216  0.0216  0.0218  0.0216  0.0218  0.0215  0.0216  0.0215  0.0215
  0.0214  0.0214  0.0214  0.0215  0.0215  0.0215  0.0214  0.0215  0.0214  0.0215  0.0214  0.0214
  0.0214  0.0214  0.0214  0.0214  0.0214  0.0214  0.0214  0.0214  0.0214  0.0214  0.0214  0.0214
  0.0214  0.0214  0.0214  0.0214  0.0215  0.0215  0.0214  0.0215  0.0214  0.0215  0.0214  0.0214
  0.0216  0.0216  0.0215  0.0215  0.0216  0.0218  0.0216  0.0218  0.0215  0.0216  0.0215  0.0215
  0.0218  0.0217  0.0217  0.0218  0.0219  0.0222  0.0217  0.0222  0.0217  0.0218  0.0217  0.0216
    2.2494   -5.7029   11.9195   -9.0544  -13.9842  -11.5502
   -7.4536   11.7102    6.7467    3.3610  -10.3478  -10.4751
eta,q 0.97860 12.48572

---------------------------------------------------------------------
compute_vox2vox talsrcimg talsrcimg_to_711-2C_as_mni_average_305_t4 /opt/freesurfer/average/711-2C_as_mni_average_305
---------------------------------------------------------------------

freesurfer compute_vox2vox.c
Reading: talsrcimg.4dfp.ifh
Reading: talsrcimg_to_711-2C_as_mni_average_305_t4
Reading: /opt/freesurfer/average/711-2C_as_mni_average_305.4dfp.ifh
Writing: talsrcimg_to_711-2C_as_mni_average_305_t4_vox2vox.txt

start time Thu Mar 12 20:42:20 CET 2026
end		time Thu Mar 12 20:43:52 CET 2026

mpr2mni305 success

avi2talxfm orig_nu.mgz /opt/freesurfer/average/mni305.cor.mgz talsrcimg_to_711-2C_as_mni_average_305_t4_vox2vox.txt transforms/talairach.auto.xfm
avi2talxfm done
mv -f /out/sourcedata/freesurfer/sub-v2s1x29916_ses-1/mri/talsrcimg_to_711-2C_as_mni_average_305_t4_vox2vox.txt /out/sourcedata/freesurfer/sub-v2s1x29916_ses-1/mri/transforms/talsrcimg_to_711-2C_as_mni_average_305_t4_vox2vox.txt
lta_convert --src orig_nu.mgz --trg /opt/freesurfer/average/mni305.cor.mgz --inxfm transforms/talairach.auto.xfm --outlta transforms/talairach.auto.xfm.lta --subject fsaverage
7.3.2

--src: orig_nu.mgz src image (geometry).
--trg: /opt/freesurfer/average/mni305.cor.mgz trg image (geometry).
--inmni: transforms/talairach.auto.xfm input MNI/XFM transform.
--outlta: transforms/talairach.auto.xfm.lta output LTA.
--s: fsaverage subject name
 LTA read, type : 1
 1.07739  -0.14551   0.07564  -10.17798;
 0.11550   1.10978   0.14516  -50.26377;
-0.08902  -0.03195   1.15097  -20.05399;
 0.00000   0.00000   0.00000   1.00000;
setting subject to fsaverage
Writing  LTA to file transforms/talairach.auto.xfm.lta...
lta_convert successful.
 
 
Started at Thu Mar 12 20:42:20 CET 2026
Ended   at Thu Mar 12 20:43:52 CET 2026
talairach_avi done
