status file for recon-all
Thu Mar 12 22:58:11 CET 2026
#@# Tessellate rh Thu Mar 12 22:58:11 CET 2026
#@# Smooth1 rh Thu Mar 12 22:58:14 CET 2026
#@# Inflation1 rh Thu Mar 12 22:58:17 CET 2026
#@# QSphere rh Thu Mar 12 22:59:33 CET 2026
#@# Fix Topology rh Thu Mar 12 23:00:50 CET 2026
#@# Smooth2 rh Thu Mar 12 23:09:22 CET 2026
#@# Inflation2 rh Thu Mar 12 23:09:25 CET 2026
#@# Curv .H and .K rh Thu Mar 12 23:10:43 CET 2026
#@# Sphere rh Thu Mar 12 23:11:36 CET 2026
#@# Surf Reg rh Thu Mar 12 23:15:43 CET 2026
#@# Jacobian white rh Thu Mar 12 23:21:32 CET 2026
#@# AvgCurv rh Thu Mar 12 23:21:33 CET 2026
#@# Cortical Parc rh Thu Mar 12 23:21:34 CET 2026
#@# white curv rh Thu Mar 12 23:29:40 CET 2026
#@# white area rh Thu Mar 12 23:29:42 CET 2026
#@# pial curv rh Thu Mar 12 23:29:43 CET 2026
#@# pial area rh Thu Mar 12 23:29:45 CET 2026
#@# thickness rh Thu Mar 12 23:29:46 CET 2026
#@# area and vertex vol rh Thu Mar 12 23:30:20 CET 2026
#@# Curvature Stats rh Thu Mar 12 23:30:22 CET 2026
#@# Cortical Parc 2 rh Thu Mar 12 23:30:25 CET 2026
#@# Cortical Parc 3 rh Thu Mar 12 23:30:42 CET 2026
#@# WM/GM Contrast rh Thu Mar 12 23:30:53 CET 2026
recon-all -s sub-v2s1x29915_ses-1 finished without error at Thu Mar 12 23:30:57 CET 2026



#New# invocation of recon-all 



status file for recon-all
Thu Mar 12 23:45:59 CET 2026
#@# white curv rh Thu Mar 12 23:45:59 CET 2026
#@# white area rh Thu Mar 12 23:45:59 CET 2026
#@# pial curv rh Thu Mar 12 23:45:59 CET 2026
#@# pial area rh Thu Mar 12 23:46:00 CET 2026
#@# thickness rh Thu Mar 12 23:46:00 CET 2026
#@# area and vertex vol rh Thu Mar 12 23:46:00 CET 2026
#@# Parcellation Stats rh Thu Mar 12 23:46:00 CET 2026
#@# Parcellation Stats 2 rh Thu Mar 12 23:46:25 CET 2026
#@# Parcellation Stats 3 rh Thu Mar 12 23:46:37 CET 2026
#@# BA_exvivo Labels rh Thu Mar 12 23:46:49 CET 2026
recon-all -s sub-v2s1x29915_ses-1 finished without error at Thu Mar 12 23:49:54 CET 2026
