status file for recon-all
Thu Mar 12 22:23:02 CET 2026
#@# Tessellate lh Thu Mar 12 22:23:02 CET 2026
#@# Smooth1 lh Thu Mar 12 22:23:06 CET 2026
#@# Inflation1 lh Thu Mar 12 22:23:09 CET 2026
#@# QSphere lh Thu Mar 12 22:24:23 CET 2026
#@# Fix Topology lh Thu Mar 12 22:25:34 CET 2026
#@# Smooth2 lh Thu Mar 12 22:35:43 CET 2026
#@# Inflation2 lh Thu Mar 12 22:35:46 CET 2026
#@# Curv .H and .K lh Thu Mar 12 22:36:57 CET 2026
#@# Sphere lh Thu Mar 12 22:37:52 CET 2026
#@# Surf Reg lh Thu Mar 12 22:43:00 CET 2026
#@# Jacobian white lh Thu Mar 12 22:49:12 CET 2026
#@# AvgCurv lh Thu Mar 12 22:49:14 CET 2026
#@# Cortical Parc lh Thu Mar 12 22:49:15 CET 2026
#@# white curv lh Thu Mar 12 22:56:54 CET 2026
#@# white area lh Thu Mar 12 22:56:56 CET 2026
#@# pial curv lh Thu Mar 12 22:56:57 CET 2026
#@# pial area lh Thu Mar 12 22:56:59 CET 2026
#@# thickness lh Thu Mar 12 22:57:00 CET 2026
#@# area and vertex vol lh Thu Mar 12 22:57:33 CET 2026
#@# Curvature Stats lh Thu Mar 12 22:57:35 CET 2026
#@# Cortical Parc 2 lh Thu Mar 12 22:57:38 CET 2026
#@# Cortical Parc 3 lh Thu Mar 12 22:57:54 CET 2026
#@# WM/GM Contrast lh Thu Mar 12 22:58:06 CET 2026
recon-all -s sub-v2s1x29915_ses-1 finished without error at Thu Mar 12 22:58:09 CET 2026



#New# invocation of recon-all 



status file for recon-all
Thu Mar 12 23:42:03 CET 2026
#@# white curv lh Thu Mar 12 23:42:03 CET 2026
#@# white area lh Thu Mar 12 23:42:03 CET 2026
#@# pial curv lh Thu Mar 12 23:42:03 CET 2026
#@# pial area lh Thu Mar 12 23:42:03 CET 2026
#@# thickness lh Thu Mar 12 23:42:03 CET 2026
#@# area and vertex vol lh Thu Mar 12 23:42:03 CET 2026
#@# Parcellation Stats lh Thu Mar 12 23:42:03 CET 2026
#@# Parcellation Stats 2 lh Thu Mar 12 23:42:26 CET 2026
#@# Parcellation Stats 3 lh Thu Mar 12 23:42:38 CET 2026
#@# BA_exvivo Labels lh Thu Mar 12 23:42:49 CET 2026
recon-all -s sub-v2s1x29915_ses-1 finished without error at Thu Mar 12 23:45:56 CET 2026
