status file for recon-all
Thu Mar 12 21:11:54 CET 2026
#@# Tessellate lh Thu Mar 12 21:11:54 CET 2026
#@# Smooth1 lh Thu Mar 12 21:11:58 CET 2026
#@# Inflation1 lh Thu Mar 12 21:12:01 CET 2026
#@# QSphere lh Thu Mar 12 21:13:14 CET 2026
#@# Fix Topology lh Thu Mar 12 21:14:21 CET 2026
#@# Smooth2 lh Thu Mar 12 21:24:52 CET 2026
#@# Inflation2 lh Thu Mar 12 21:24:55 CET 2026
#@# Curv .H and .K lh Thu Mar 12 21:26:04 CET 2026
#@# Sphere lh Thu Mar 12 21:27:02 CET 2026
#@# Surf Reg lh Thu Mar 12 21:29:39 CET 2026
#@# Jacobian white lh Thu Mar 12 21:35:11 CET 2026
#@# AvgCurv lh Thu Mar 12 21:35:12 CET 2026
#@# Cortical Parc lh Thu Mar 12 21:35:13 CET 2026
#@# white curv lh Thu Mar 12 21:43:11 CET 2026
#@# white area lh Thu Mar 12 21:43:13 CET 2026
#@# pial curv lh Thu Mar 12 21:43:14 CET 2026
#@# pial area lh Thu Mar 12 21:43:16 CET 2026
#@# thickness lh Thu Mar 12 21:43:16 CET 2026
#@# area and vertex vol lh Thu Mar 12 21:43:53 CET 2026
#@# Curvature Stats lh Thu Mar 12 21:43:55 CET 2026
#@# Cortical Parc 2 lh Thu Mar 12 21:43:58 CET 2026
#@# Cortical Parc 3 lh Thu Mar 12 21:44:13 CET 2026
#@# WM/GM Contrast lh Thu Mar 12 21:44:24 CET 2026
recon-all -s sub-v2s1x29891_ses-1 finished without error at Thu Mar 12 21:44:27 CET 2026



#New# invocation of recon-all 



status file for recon-all
Thu Mar 12 22:21:06 CET 2026
#@# white curv lh Thu Mar 12 22:21:06 CET 2026
#@# white area lh Thu Mar 12 22:21:06 CET 2026
#@# pial curv lh Thu Mar 12 22:21:06 CET 2026
#@# pial area lh Thu Mar 12 22:21:06 CET 2026
#@# thickness lh Thu Mar 12 22:21:06 CET 2026
#@# area and vertex vol lh Thu Mar 12 22:21:06 CET 2026
#@# Parcellation Stats lh Thu Mar 12 22:21:06 CET 2026
#@# Parcellation Stats 2 lh Thu Mar 12 22:21:31 CET 2026
#@# Parcellation Stats 3 lh Thu Mar 12 22:21:44 CET 2026
#@# BA_exvivo Labels lh Thu Mar 12 22:21:57 CET 2026
recon-all -s sub-v2s1x29891_ses-1 finished without error at Thu Mar 12 22:24:49 CET 2026
