/out/sourcedata/freesurfer/sub-v2s1x29885_ses-1/mri
/opt/freesurfer/bin/talairach_avi
--i orig_nu.mgz --xfm transforms/talairach.auto.xfm
talairach_avi 7.3.2
Linux dna063 5.14.0-427.37.1.el9_4.x86_64 #1 SMP PREEMPT_DYNAMIC Fri Sep 13 12:41:50 EDT 2024 x86_64 x86_64 x86_64 GNU/Linux
Wed Mar 11 20:21:34 CET 2026
mri_convert orig_nu.mgz talsrcimg.img 
reading from orig_nu.mgz...
TR=0.00, TE=0.00, TI=0.00, flip angle=0.00
i_ras = (-1, 0, 0)
j_ras = (0, 0, -1)
k_ras = (0, 1, 0)
writing to talsrcimg.img...
Analyze Output Matrix
-0.90000   0.00000   0.00000   129.79819;
 0.00000   0.00000   0.90000  -85.35902;
 0.00000  -0.90000   0.00000   151.97186;
 0.00000   0.00000   0.00000   1.00000;
--------------------
INFO: set hdr.hist.orient to -1
mpr2mni305 talsrcimg
Wed Mar 11 20:21:35 CET 2026
/opt/freesurfer/bin/mpr2mni305 talsrcimg
mpr2mni305 7.3.2
target=711-2C_as_mni_average_305

---------------------------------------------------------------------
analyzeto4dfp talsrcimg -O0 -y
---------------------------------------------------------------------

freesurfer ifh2hdr.c
Wed Mar 11 20:21:35 2026
Writing: talsrcimg.4dfp.hdr
freesurfer analyzeto4dfp.c
Reading: talsrcimg.hdr
header size 348 bytes
hdr.dime.datatype	offset=70	value=2
hdr.dime.bitpix		offset=72	value=8
hdr.hist.orient		offset=252	value=-1
dimensionality     4
dimensions       256       256       256         1
Reading: talsrcimg.img
Writing: talsrcimg.4dfp.img
Writing: talsrcimg.4dfp.ifh
ifh2hdr talsrcimg -r0to229
ori=2

---------------------------------------------------------------------
gauss_4dfp talsrcimg 1.1
---------------------------------------------------------------------

freesurfer gauss_4dfp.c
Reading: talsrcimg.4dfp.img
Writing: talsrcimg_g11.4dfp.img
image dimensions 256 256 256 padded to 288 288 288
processing volume 1freesurfer ifh2hdr.c
Wed Mar 11 20:21:37 2026
Writing: talsrcimg_g11.4dfp.hdr

Writing: talsrcimg_g11.4dfp.ifh
including: talsrcimg.4dfp.img.rec in talsrcimg_g11.4dfp.img.rec

---------------------------------------------------------------------
imgreg_4dfp /opt/freesurfer/average/711-2C_as_mni_average_305 none talsrcimg_g11 none talsrcimg_to_711-2C_as_mni_average_305_t4 4355
---------------------------------------------------------------------

freesurfer imgreg_4dfp.c
/opt/freesurfer/average/711-2C_as_mni_average_305.4dfp.img
       256       256       256         1
  1.000000  1.000000  1.000000
orientation T byte_order littleendian
Reading image: /opt/freesurfer/average/711-2C_as_mni_average_305.4dfp.img
dimensions:      256       256       256
mmppix:       1.0000   -1.0000   -1.0000
center:     128.0000 -129.0000 -129.0000
talsrcimg_g11.4dfp.img
       256       256       256         1
  0.900000  0.900000  0.900000
orientation T byte_order littleendian
Reading image: talsrcimg_g11.4dfp.img
dimensions:      256       256       256
mmppix:       0.9000   -0.9000   -0.9000
center:     115.2000 -116.1000 -116.1000
t4_read: open error in t4_sub.f l:  41 t4_file(1:l)talsrcimg_to_711-2C_as_mni_average_305_t4 
t4_read: transform initialized to I4
rotation matrix determinant  1.000000
image alignment mode   4355 decimal     1103 hex
   -7.5000  -45.0000  -45.0000 5923.1831   17.6268
    0.0000  -45.0000  -45.0000 5910.2275   17.6352
    7.5000  -45.0000  -45.0000 5556.9429   17.6135
   -7.5000  -37.5000  -45.0000 6350.3447   18.7466
    0.0000  -37.5000  -45.0000 6331.7393   18.7557
    7.5000  -37.5000  -45.0000 5960.9590   18.7317
   -7.5000  -30.0000  -45.0000 6783.6675   19.3194
    0.0000  -30.0000  -45.0000 6770.3599   19.3274
    7.5000  -30.0000  -45.0000 6379.6953   19.2915
   -7.5000  -22.5000  -45.0000 7312.1753   19.2804
    0.0000  -22.5000  -45.0000 7294.6284   19.2881
    7.5000  -22.5000  -45.0000 6866.4512   19.2415
   -7.5000  -15.0000  -45.0000 7814.7695   19.2619
    0.0000  -15.0000  -45.0000 7781.1621   19.2703
    7.5000  -15.0000  -45.0000 7330.9155   19.2231
   -7.5000   -7.5000  -45.0000 7921.0059   19.2828
    0.0000   -7.5000  -45.0000 7886.3726   19.2913
    7.5000   -7.5000  -45.0000 7432.8613   19.2546
   -7.5000    0.0000  -45.0000 8003.7954   19.3216
    0.0000    0.0000  -45.0000 7990.3921   19.3308
    7.5000    0.0000  -45.0000 7518.8916   19.3070
   -7.5000    7.5000  -45.0000 7758.7305   19.3377
    0.0000    7.5000  -45.0000 7755.5063   19.3470
    7.5000    7.5000  -45.0000 7305.6079   19.3222
   -7.5000   15.0000  -45.0000 7674.0981   19.3194
    0.0000   15.0000  -45.0000 7633.6143   19.3274
    7.5000   15.0000  -45.0000 7204.1616   19.2915
   -7.5000   22.5000  -45.0000 7090.7031   19.0210
    0.0000   22.5000  -45.0000 7059.7998   19.0287
    7.5000   22.5000  -45.0000 6666.7446   18.9827
   -7.5000   30.0000  -45.0000 6535.7988   18.4959
    0.0000   30.0000  -45.0000 6518.8086   18.5041
    7.5000   30.0000  -45.0000 6143.0654   18.4587
   -7.5000   37.5000  -45.0000 5984.4580   17.9203
    0.0000   37.5000  -45.0000 5973.6816   17.9283
    7.5000   37.5000  -45.0000 5622.7925   17.8942
   -7.5000   45.0000  -45.0000 5447.3501   17.6165
    0.0000   45.0000  -45.0000 5434.3765   17.6247
    7.5000   45.0000  -45.0000 5119.0132   17.6017
   -7.5000  -45.0000  -37.5000 6435.8970   18.3074
    0.0000  -45.0000  -37.5000 6416.7329   18.2959
    7.5000  -45.0000  -37.5000 6048.8877   18.2763
   -7.5000  -37.5000  -37.5000 6892.9272   19.4819
    0.0000  -37.5000  -37.5000 6879.7954   19.4692
    7.5000  -37.5000  -37.5000 6492.8306   19.4436
   -7.5000  -30.0000  -37.5000 7365.8252   20.0476
    0.0000  -30.0000  -37.5000 7346.3740   20.0386
    7.5000  -30.0000  -37.5000 6940.7500   19.9981
   -7.5000  -22.5000  -37.5000 7926.4858   20.0091
    0.0000  -22.5000  -37.5000 7891.0806   20.0076
    7.5000  -22.5000  -37.5000 7443.6025   19.9578
   -7.5000  -15.0000  -37.5000 8472.9639   19.9858
    0.0000  -15.0000  -37.5000 8419.6553   19.9858
    7.5000  -15.0000  -37.5000 7941.7881   19.9399
   -7.5000   -7.5000  -37.5000 8581.7363   20.0031
    0.0000   -7.5000  -37.5000 8533.9531   19.9965
    7.5000   -7.5000  -37.5000 8035.6885   19.9637
   -7.5000    0.0000  -37.5000 8670.4756   20.0421
    0.0000    0.0000  -37.5000 8634.0400   20.0295
    7.5000    0.0000  -37.5000 8110.4229   20.0081
   -7.5000    7.5000  -37.5000 8410.4385   20.0608
    0.0000    7.5000  -37.5000 8376.5801   20.0477
    7.5000    7.5000  -37.5000 7883.6909   20.0212
   -7.5000   15.0000  -37.5000 8293.9121   20.0467
    0.0000   15.0000  -37.5000 8228.1064   20.0376
    7.5000   15.0000  -37.5000 7754.4800   19.9972
   -7.5000   22.5000  -37.5000 7644.8584   19.7416
    0.0000   22.5000  -37.5000 7583.5845   19.7401
    7.5000   22.5000  -37.5000 7144.2593   19.6910
   -7.5000   30.0000  -37.5000 7024.4863   19.2047
    0.0000   30.0000  -37.5000 6971.1807   19.2048
    7.5000   30.0000  -37.5000 6563.1299   19.1606
   -7.5000   37.5000  -37.5000 6398.4951   18.6049
    0.0000   37.5000  -37.5000 6362.8608   18.5988
    7.5000   37.5000  -37.5000 5993.1992   18.5683
   -7.5000   45.0000  -37.5000 5793.7637   18.2640
    0.0000   45.0000  -37.5000 5765.1543   18.2502
    7.5000   45.0000  -37.5000 5437.3203   18.2292
   -7.5000  -45.0000  -30.0000 6954.9644   18.9892
    0.0000  -45.0000  -30.0000 6927.7666   18.9625
    7.5000  -45.0000  -30.0000 6520.7095   18.9314
   -7.5000  -37.5000  -30.0000 7431.3862   20.2016
    0.0000  -37.5000  -30.0000 7401.6733   20.1695
    7.5000  -37.5000  -30.0000 6981.3394   20.1313
   -7.5000  -30.0000  -30.0000 7931.9434   20.7426
    0.0000  -30.0000  -30.0000 7895.0957   20.7186
    7.5000  -30.0000  -30.0000 7464.5903   20.6677
   -7.5000  -22.5000  -30.0000 8533.1699   20.6976
    0.0000  -22.5000  -30.0000 8503.5068   20.6902
    7.5000  -22.5000  -30.0000 8020.0132   20.6325
   -7.5000  -15.0000  -30.0000 9123.3906   20.6872
    0.0000  -15.0000  -30.0000 9091.9395   20.6846
    7.5000  -15.0000  -30.0000 8541.5508   20.6321
   -7.5000   -7.5000  -30.0000 9238.4814   20.7226
    0.0000   -7.5000  -30.0000 9187.0752   20.7081
    7.5000   -7.5000  -30.0000 8633.6934   20.6666
   -7.5000    0.0000  -30.0000 9317.6738   20.7670
    0.0000    0.0000  -30.0000 9264.3730   20.7377
    7.5000    0.0000  -30.0000 8705.5010   20.7038
   -7.5000    7.5000  -30.0000 9043.0928   20.7704
    0.0000    7.5000  -30.0000 8984.8643   20.7373
    7.5000    7.5000  -30.0000 8437.4883   20.6980
   -7.5000   15.0000  -30.0000 8870.9443   20.7398
    0.0000   15.0000  -30.0000 8813.8730   20.7157
    7.5000   15.0000  -30.0000 8271.2393   20.6649
   -7.5000   22.5000  -30.0000 8147.3945   20.4218
    0.0000   22.5000  -30.0000 8094.3911   20.4145
    7.5000   22.5000  -30.0000 7623.8330   20.3576
   -7.5000   30.0000  -30.0000 7460.6489   19.8932
    0.0000   30.0000  -30.0000 7412.0127   19.8907
    7.5000   30.0000  -30.0000 6987.1162   19.8402
   -7.5000   37.5000  -30.0000 6783.3232   19.3032
    0.0000   37.5000  -30.0000 6749.3467   19.2896
    7.5000   37.5000  -30.0000 6348.5591   19.2510
   -7.5000   45.0000  -30.0000 6133.5010   18.9487
    0.0000   45.0000  -30.0000 6109.9468   18.9185
    7.5000   45.0000  -30.0000 5759.7939   18.8850
   -7.5000  -45.0000  -22.5000 7487.2993   19.7256
    0.0000  -45.0000  -22.5000 7474.0483   19.7011
    7.5000  -45.0000  -22.5000 7026.0278   19.6529
   -7.5000  -37.5000  -22.5000 7981.1167   20.9735
    0.0000  -37.5000  -22.5000 7953.9302   20.9417
    7.5000  -37.5000  -22.5000 7505.0664   20.8891
   -7.5000  -30.0000  -22.5000 8526.9316   21.4864
    0.0000  -30.0000  -22.5000 8512.0811   21.4632
    7.5000  -30.0000  -22.5000 8031.0181   21.4007
   -7.5000  -22.5000  -22.5000 9185.0078   21.4357
    0.0000  -22.5000  -22.5000 9192.3105   21.4307
    7.5000  -22.5000  -22.5000 8651.9648   21.3605
   -7.5000  -15.0000  -22.5000 9831.4170   21.4499
    0.0000  -15.0000  -22.5000 9823.6768   21.4516
    7.5000  -15.0000  -22.5000 9211.0107   21.3833
   -7.5000   -7.5000  -22.5000 9946.2412   21.5122
    0.0000   -7.5000  -22.5000 9925.3848   21.5025
    7.5000   -7.5000  -22.5000 9294.1748   21.4425
   -7.5000    0.0000  -22.500010011.4189   21.5600
    0.0000    0.0000  -22.5000 9979.5088   21.5332
    7.5000    0.0000  -22.5000 9352.0420   21.4806
   -7.5000    7.5000  -22.5000 9690.1299   21.5372
    0.0000    7.5000  -22.5000 9663.7773   21.5045
    7.5000    7.5000  -22.5000 9053.0225   21.4505
   -7.5000   15.0000  -22.5000 9485.8887   21.4813
    0.0000   15.0000  -22.5000 9442.2412   21.4580
    7.5000   15.0000  -22.5000 8850.4561   21.3956
   -7.5000   22.5000  -22.5000 8710.5557   21.1520
    0.0000   22.5000  -22.5000 8674.3652   21.1472
    7.5000   22.5000  -22.5000 8155.4790   21.0779
   -7.5000   30.0000  -22.5000 7949.3262   20.6418
    0.0000   30.0000  -22.5000 7922.2534   20.6434
    7.5000   30.0000  -22.5000 7468.7959   20.5777
   -7.5000   37.5000  -22.5000 7181.9277   20.0692
    0.0000   37.5000  -22.5000 7175.8032   20.0601
    7.5000   37.5000  -22.5000 6762.4717   20.0041
   -7.5000   45.0000  -22.5000 6485.5957   19.7205
    0.0000   45.0000  -22.5000 6466.2251   19.6931
    7.5000   45.0000  -22.5000 6110.0620   19.6412
   -7.5000  -45.0000  -15.0000 8020.1274   20.3962
    0.0000  -45.0000  -15.0000 8023.4321   20.3935
    7.5000  -45.0000  -15.0000 7568.0889   20.3384
   -7.5000  -37.5000  -15.0000 8564.7959   21.6766
    0.0000  -37.5000  -15.0000 8571.1670   21.6701
    7.5000  -37.5000  -15.0000 8086.9995   21.6155
   -7.5000  -30.0000  -15.0000 9162.9658   22.1786
    0.0000  -30.0000  -15.0000 9179.3379   22.1763
    7.5000  -30.0000  -15.0000 8653.0596   22.1146
   -7.5000  -22.5000  -15.0000 9861.0713   22.1268
    0.0000  -22.5000  -15.0000 9899.5430   22.1337
    7.5000  -22.5000  -15.0000 9309.6182   22.0617
   -7.5000  -15.0000  -15.000010552.2422   22.1516
    0.0000  -15.0000  -15.000010583.6191   22.1627
    7.5000  -15.0000  -15.0000 9923.6123   22.0868
   -7.5000   -7.5000  -15.000010670.1475   22.2233
    0.0000   -7.5000  -15.000010717.1064   22.2294
    7.5000   -7.5000  -15.000010010.6816   22.1590
   -7.5000    0.0000  -15.000010732.6074   22.2713
    0.0000    0.0000  -15.000010763.5742   22.2683
    7.5000    0.0000  -15.000010057.3047   22.2082
   -7.5000    7.5000  -15.000010342.4053   22.2375
    0.0000    7.5000  -15.000010384.8213   22.2308
    7.5000    7.5000  -15.0000 9705.0352   22.1748
   -7.5000   15.0000  -15.000010072.1016   22.1718
    0.0000   15.0000  -15.000010081.4541   22.1695
    7.5000   15.0000  -15.0000 9438.0234   22.1078
   -7.5000   22.5000  -15.0000 9274.9814   21.8374
    0.0000   22.5000  -15.0000 9270.1465   21.8442
    7.5000   22.5000  -15.0000 8708.4385   21.7731
   -7.5000   30.0000  -15.0000 8481.1670   21.3331
    0.0000   30.0000  -15.0000 8489.8701   21.3438
    7.5000   30.0000  -15.0000 7992.5107   21.2707
   -7.5000   37.5000  -15.0000 7618.9795   20.7643
    0.0000   37.5000  -15.0000 7639.1626   20.7699
    7.5000   37.5000  -15.0000 7217.6445   20.7042
   -7.5000   45.0000  -15.0000 6836.4614   20.4238
    0.0000   45.0000  -15.0000 6849.7046   20.4199
    7.5000   45.0000  -15.0000 6478.1079   20.3610
   -7.5000  -45.0000   -7.5000 8330.9590   20.3488
    0.0000  -45.0000   -7.5000 8348.3818   20.3606
    7.5000  -45.0000   -7.5000 7902.5483   20.3154
   -7.5000  -37.5000   -7.5000 8925.0381   21.6376
    0.0000  -37.5000   -7.5000 8947.8477   21.6495
    7.5000  -37.5000   -7.5000 8460.5244   21.6055
   -7.5000  -30.0000   -7.5000 9575.2012   22.1540
    0.0000  -30.0000   -7.5000 9615.3271   22.1659
    7.5000  -30.0000   -7.5000 9074.0244   22.1139
   -7.5000  -22.5000   -7.500010305.1816   22.1090
    0.0000  -22.5000   -7.500010357.9062   22.1221
    7.5000  -22.5000   -7.5000 9749.7529   22.0587
   -7.5000  -15.0000   -7.500010932.2939   22.1221
    0.0000  -15.0000   -7.500011038.9365   22.1366
    7.5000  -15.0000   -7.500010367.3545   22.0684
   -7.5000   -7.5000   -7.500011020.0742   22.1768
    0.0000   -7.5000   -7.500011143.6465   22.1909
    7.5000   -7.5000   -7.500010461.5273   22.1291
   -7.5000    0.0000   -7.500011075.5059   22.2195
    0.0000    0.0000   -7.500011178.5605   22.2324
    7.5000    0.0000   -7.500010495.9150   22.1831
   -7.5000    7.5000   -7.500010673.4668   22.1975
    0.0000    7.5000   -7.500010747.6035   22.2097
    7.5000    7.5000   -7.500010089.9473   22.1646
   -7.5000   15.0000   -7.500010364.5381   22.1472
    0.0000   15.0000   -7.500010417.0605   22.1591
    7.5000   15.0000   -7.5000 9771.3291   22.1071
   -7.5000   22.5000   -7.5000 9546.6514   21.8198
    0.0000   22.5000   -7.5000 9595.4268   21.8327
    7.5000   22.5000   -7.5000 8994.7842   21.7702
   -7.5000   30.0000   -7.5000 8767.4014   21.3047
    0.0000   30.0000   -7.5000 8820.3184   21.3186
    7.5000   30.0000   -7.5000 8265.0166   21.2530
   -7.5000   37.5000   -7.5000 7864.6880   20.7209
    0.0000   37.5000   -7.5000 7928.0825   20.7341
    7.5000   37.5000   -7.5000 7462.2725   20.6763
   -7.5000   45.0000   -7.5000 7015.4233   20.3766
    0.0000   45.0000   -7.5000 7056.9038   20.3886
    7.5000   45.0000   -7.5000 6651.3096   20.3409
   -7.5000  -45.0000    0.0000 8504.1562   20.8232
    0.0000  -45.0000    0.0000 8514.8496   20.8313
    7.5000  -45.0000    0.0000 8101.2437   20.8037
   -7.5000  -37.5000    0.0000 9136.2480   22.1566
    0.0000  -37.5000    0.0000 9148.9580   22.1659
    7.5000  -37.5000    0.0000 8667.4248   22.1359
   -7.5000  -30.0000    0.0000 9863.0898   22.6968
    0.0000  -30.0000    0.0000 9884.8926   22.7056
    7.5000  -30.0000    0.0000 9324.0312   22.6619
   -7.5000  -22.5000    0.000010591.4814   22.6566
    0.0000  -22.5000    0.000010651.8057   22.6653
    7.5000  -22.5000    0.000010035.7051   22.6092
   -7.5000  -15.0000    0.000011143.9150   22.6457
    0.0000  -15.0000    0.000011292.3809   22.6545
    7.5000  -15.0000    0.000010666.6719   22.5975
   -7.5000   -7.5000    0.000011188.9854   22.6749
    0.0000   -7.5000    0.000011335.4902   22.6832
    7.5000   -7.5000    0.000010748.9619   22.6382
   -7.5000    0.0000    0.000011229.7490   22.7150
    0.0000    0.0000    0.000011339.9570   22.7239
    7.5000    0.0000    0.000010743.1172   22.6938
   -7.5000    7.5000    0.000010805.9297   22.7150
    0.0000    7.5000    0.000010898.4746   22.7245
    7.5000    7.5000    0.000010292.5322   22.6937
   -7.5000   15.0000    0.000010481.9082   22.6888
    0.0000   15.0000    0.000010555.0361   22.6976
    7.5000   15.0000    0.0000 9929.0283   22.6539
   -7.5000   22.5000    0.0000 9666.7432   22.3634
    0.0000   22.5000    0.0000 9746.3975   22.3720
    7.5000   22.5000    0.0000 9126.1992   22.3166
   -7.5000   30.0000    0.0000 8914.6123   21.8221
    0.0000   30.0000    0.0000 8987.5225   21.8306
    7.5000   30.0000    0.0000 8403.5273   21.7757
   -7.5000   37.5000    0.0000 8037.4604   21.2117
    0.0000   37.5000    0.0000 8089.8306   21.2194
    7.5000   37.5000    0.0000 7592.0093   21.1773
   -7.5000   45.0000    0.0000 7131.0713   20.8684
    0.0000   45.0000    0.0000 7150.7334   20.8763
    7.5000   45.0000    0.0000 6734.7881   20.8472
   -7.5000  -45.0000    7.5000 8334.5820   20.8443
    0.0000  -45.0000    7.5000 8346.4365   20.8321
    7.5000  -45.0000    7.5000 7942.7461   20.8103
   -7.5000  -37.5000    7.5000 8985.3613   22.1900
    0.0000  -37.5000    7.5000 8976.9336   22.1769
    7.5000  -37.5000    7.5000 8525.2549   22.1486
   -7.5000  -30.0000    7.5000 9755.8232   22.7398
    0.0000  -30.0000    7.5000 9772.2598   22.7307
    7.5000  -30.0000    7.5000 9212.9541   22.6864
   -7.5000  -22.5000    7.500010455.8730   22.6974
    0.0000  -22.5000    7.500010614.4424   22.6964
    7.5000  -22.5000    7.5000 9966.7002   22.6416
   -7.5000  -15.0000    7.500010958.8369   22.6737
    0.0000  -15.0000    7.500011191.1006   22.6740
    7.5000  -15.0000    7.500010573.4287   22.6233
   -7.5000   -7.5000    7.500010969.7344   22.6948
    0.0000   -7.5000    7.500011155.1816   22.6879
    7.5000   -7.5000    7.500010598.8350   22.6514
   -7.5000    0.0000    7.500011027.1406   22.7380
    0.0000    0.0000    7.500011125.0781   22.7247
    7.5000    0.0000    7.500010579.7295   22.7009
   -7.5000    7.5000    7.500010623.2266   22.7492
    0.0000    7.5000    7.500010661.8916   22.7358
    7.5000    7.5000    7.500010127.3633   22.7067
   -7.5000   15.0000    7.500010306.5947   22.7318
    0.0000   15.0000    7.500010314.8213   22.7227
    7.5000   15.0000    7.5000 9757.9541   22.6784
   -7.5000   22.5000    7.5000 9519.1621   22.4036
    0.0000   22.5000    7.5000 9524.0312   22.4026
    7.5000   22.5000    7.5000 8972.6211   22.3486
   -7.5000   30.0000    7.5000 8801.9277   21.8491
    0.0000   30.0000    7.5000 8811.6982   21.8494
    7.5000   30.0000    7.5000 8270.6533   21.8005
   -7.5000   37.5000    7.5000 7941.6558   21.2303
    0.0000   37.5000    7.5000 7954.3301   21.2238
    7.5000   37.5000    7.5000 7449.9868   21.1897
   -7.5000   45.0000    7.5000 7043.0400   20.8866
    0.0000   45.0000    7.5000 7040.7280   20.8718
    7.5000   45.0000    7.5000 6598.0264   20.8483
   -7.5000  -45.0000   15.0000 8344.3867   20.9085
    0.0000  -45.0000   15.0000 8363.4512   20.8790
    7.5000  -45.0000   15.0000 7959.9521   20.8448
   -7.5000  -37.5000   15.0000 8998.3584   22.2456
    0.0000  -37.5000   15.0000 9010.2939   22.2104
    7.5000  -37.5000   15.0000 8569.4082   22.1683
   -7.5000  -30.0000   15.0000 9825.3711   22.7810
    0.0000  -30.0000   15.0000 9853.5273   22.7548
    7.5000  -30.0000   15.0000 9275.5576   22.6989
   -7.5000  -22.5000   15.000010612.9023   22.7325
    0.0000  -22.5000   15.000010648.9863   22.7244
    7.5000  -22.5000   15.0000 9993.5518   22.6611
   -7.5000  -15.0000   15.000011092.5732   22.7217
    0.0000  -15.0000   15.000011153.8730   22.7186
    7.5000  -15.0000   15.000010553.7725   22.6610
   -7.5000   -7.5000   15.000011118.0850   22.7603
    0.0000   -7.5000   15.000011143.5879   22.7440
    7.5000   -7.5000   15.000010596.8350   22.6986
   -7.5000    0.0000   15.000011202.7871   22.8081
    0.0000    0.0000   15.000011148.8662   22.7759
    7.5000    0.0000   15.000010609.4502   22.7386
   -7.5000    7.5000   15.000010784.2432   22.8062
    0.0000    7.5000   15.000010686.1562   22.7701
    7.5000    7.5000   15.000010161.3027   22.7269
   -7.5000   15.0000   15.000010429.3018   22.7729
    0.0000   15.0000   15.000010339.6621   22.7467
    7.5000   15.0000   15.0000 9816.4092   22.6909
   -7.5000   22.5000   15.0000 9616.7637   22.4383
    0.0000   22.5000   15.0000 9536.8438   22.4303
    7.5000   22.5000   15.0000 9026.2764   22.3678
   -7.5000   30.0000   15.0000 8863.9541   21.8953
    0.0000   30.0000   15.0000 8817.7324   21.8924
    7.5000   30.0000   15.0000 8309.0801   21.8368
   -7.5000   37.5000   15.0000 7998.7290   21.2915
    0.0000   37.5000   15.0000 7973.7324   21.2763
    7.5000   37.5000   15.0000 7501.5991   21.2337
   -7.5000   45.0000   15.0000 7090.9365   20.9506
    0.0000   45.0000   15.0000 7051.3667   20.9171
    7.5000   45.0000   15.0000 6620.9937   20.8802
   -7.5000  -45.0000   22.5000 7991.2368   21.0477
    0.0000  -45.0000   22.5000 8027.6284   21.0222
    7.5000  -45.0000   22.5000 7609.2026   20.9708
   -7.5000  -37.5000   22.5000 8574.5537   22.3695
    0.0000  -37.5000   22.5000 8601.0293   22.3361
    7.5000  -37.5000   22.5000 8137.7817   22.2801
   -7.5000  -30.0000   22.5000 9322.3672   22.8817
    0.0000  -30.0000   22.5000 9285.2080   22.8571
    7.5000  -30.0000   22.5000 8728.7930   22.7906
   -7.5000  -22.5000   22.500010127.0537   22.8272
    0.0000  -22.5000   22.5000 9956.8125   22.8220
    7.5000  -22.5000   22.5000 9360.5439   22.7469
   -7.5000  -15.0000   22.500010709.4756   22.8422
    0.0000  -15.0000   22.500010437.7266   22.8441
    7.5000  -15.0000   22.5000 9902.2578   22.7709
   -7.5000   -7.5000   22.500010737.0215   22.9086
    0.0000   -7.5000   22.500010509.1904   22.8989
    7.5000   -7.5000   22.500010000.4268   22.8347
   -7.5000    0.0000   22.500010730.0527   22.9599
    0.0000    0.0000   22.500010561.7090   22.9322
    7.5000    0.0000   22.500010040.1826   22.8760
   -7.5000    7.5000   22.500010259.8965   22.9333
    0.0000    7.5000   22.500010122.4150   22.8990
    7.5000    7.5000   22.5000 9610.7715   22.8415
   -7.5000   15.0000   22.5000 9889.0957   22.8736
    0.0000   15.0000   22.5000 9774.0557   22.8490
    7.5000   15.0000   22.5000 9274.8857   22.7825
   -7.5000   22.5000   22.5000 9114.6055   22.5318
    0.0000   22.5000   22.5000 9030.4902   22.5266
    7.5000   22.5000   22.5000 8558.8398   22.4525
   -7.5000   30.0000   22.5000 8419.1191   22.0114
    0.0000   30.0000   22.5000 8357.9551   22.0133
    7.5000   30.0000   22.5000 7911.4907   21.9428
   -7.5000   37.5000   22.5000 7607.7637   21.4302
    0.0000   37.5000   22.5000 7556.5410   21.4211
    7.5000   37.5000   22.5000 7152.7793   21.3610
   -7.5000   45.0000   22.5000 6749.9956   21.0946
    0.0000   45.0000   22.5000 6691.0054   21.0659
    7.5000   45.0000   22.5000 6321.9731   21.0104
   -7.5000  -45.0000   30.0000 7547.9082   21.2299
    0.0000  -45.0000   30.0000 7577.6919   21.2267
    7.5000  -45.0000   30.0000 7167.6768   21.1661
   -7.5000  -37.5000   30.0000 8075.2471   22.5646
    0.0000  -37.5000   30.0000 8090.9365   22.5583
    7.5000  -37.5000   30.0000 7659.4277   22.4986
   -7.5000  -30.0000   30.0000 8712.0625   23.0750
    0.0000  -30.0000   30.0000 8684.8271   23.0733
    7.5000  -30.0000   30.0000 8182.0820   23.0059
   -7.5000  -22.5000   30.0000 9426.2549   23.0180
    0.0000  -22.5000   30.0000 9312.3818   23.0255
    7.5000  -22.5000   30.0000 8766.4785   22.9465
   -7.5000  -15.0000   30.0000 9997.0273   23.0431
    0.0000  -15.0000   30.0000 9856.4004   23.0542
    7.5000  -15.0000   30.0000 9312.7559   22.9706
   -7.5000   -7.5000   30.000010078.7598   23.1199
    0.0000   -7.5000   30.0000 9964.7275   23.1253
    7.5000   -7.5000   30.0000 9427.0410   23.0478
   -7.5000    0.0000   30.000010122.9385   23.1729
    0.0000    0.0000   30.0000 9987.8242   23.1693
    7.5000    0.0000   30.0000 9485.9795   23.1032
   -7.5000    7.5000   30.0000 9659.8848   23.1372
    0.0000    7.5000   30.0000 9523.9658   23.1307
    7.5000    7.5000   30.0000 9057.8135   23.0695
   -7.5000   15.0000   30.0000 9294.5771   23.0668
    0.0000   15.0000   30.0000 9183.9170   23.0651
    7.5000   15.0000   30.0000 8725.7686   22.9977
   -7.5000   22.5000   30.0000 8549.1133   22.7181
    0.0000   22.5000   30.0000 8465.2051   22.7255
    7.5000   22.5000   30.0000 8023.7168   22.6475
   -7.5000   30.0000   30.0000 7869.0513   22.2152
    0.0000   30.0000   30.0000 7796.1641   22.2259
    7.5000   30.0000   30.0000 7382.8960   22.1453
   -7.5000   37.5000   30.0000 7113.7964   21.6482
    0.0000   37.5000   30.0000 7048.8784   21.6533
    7.5000   37.5000   30.0000 6677.9072   21.5807
   -7.5000   45.0000   30.0000 6334.7534   21.3293
    0.0000   45.0000   30.0000 6272.4219   21.3247
    7.5000   45.0000   30.0000 5930.7139   21.2599
   -7.5000  -45.0000   37.5000 7064.3145   21.3356
    0.0000  -45.0000   37.5000 7136.0068   21.3458
    7.5000  -45.0000   37.5000 6746.1562   21.2947
   -7.5000  -37.5000   37.5000 7532.8408   22.7011
    0.0000  -37.5000   37.5000 7604.5283   22.7104
    7.5000  -37.5000   37.5000 7197.7114   22.6593
   -7.5000  -30.0000   37.5000 8089.0059   23.2196
    0.0000  -30.0000   37.5000 8149.6880   23.2278
    7.5000  -30.0000   37.5000 7682.5283   23.1663
   -7.5000  -22.5000   37.5000 8708.3193   23.1653
    0.0000  -22.5000   37.5000 8744.7441   23.1748
    7.5000  -22.5000   37.5000 8251.0146   23.1005
   -7.5000  -15.0000   37.5000 9237.8584   23.1697
    0.0000  -15.0000   37.5000 9267.1865   23.1818
    7.5000  -15.0000   37.5000 8763.2314   23.1035
   -7.5000   -7.5000   37.5000 9364.5273   23.2264
    0.0000   -7.5000   37.5000 9385.4062   23.2390
    7.5000   -7.5000   37.5000 8885.0068   23.1691
   -7.5000    0.0000   37.5000 9427.2158   23.2793
    0.0000    0.0000   37.5000 9438.0518   23.2905
    7.5000    0.0000   37.5000 8957.8223   23.2347
   -7.5000    7.5000   37.5000 9001.0068   23.2628
    0.0000    7.5000   37.5000 8980.6875   23.2723
    7.5000    7.5000   37.5000 8524.4951   23.2199
   -7.5000   15.0000   37.5000 8681.8535   23.2112
    0.0000   15.0000   37.5000 8667.3701   23.2194
    7.5000   15.0000   37.5000 8217.2393   23.1578
   -7.5000   22.5000   37.5000 7991.6914   22.8595
    0.0000   22.5000   37.5000 7967.7744   22.8689
    7.5000   22.5000   37.5000 7543.1558   22.7956
   -7.5000   30.0000   37.5000 7331.4956   22.3371
    0.0000   30.0000   37.5000 7292.2368   22.3488
    7.5000   30.0000   37.5000 6910.4238   22.2733
   -7.5000   37.5000   37.5000 6613.2661   21.7482
    0.0000   37.5000   37.5000 6576.7197   21.7600
    7.5000   37.5000   37.5000 6241.3892   21.6946
   -7.5000   45.0000   37.5000 5903.2964   21.4348
    0.0000   45.0000   37.5000 5861.5952   21.4452
    7.5000   45.0000   37.5000 5559.5688   21.3911
   -7.5000  -45.0000   45.0000 6585.0894   21.5143
    0.0000  -45.0000   45.0000 6646.8677   21.5131
    7.5000  -45.0000   45.0000 6303.1982   21.4715
   -7.5000  -37.5000   45.0000 7010.0488   22.9196
    0.0000  -37.5000   45.0000 7070.2734   22.9194
    7.5000  -37.5000   45.0000 6706.0215   22.8730
   -7.5000  -30.0000   45.0000 7514.7847   23.4497
    0.0000  -30.0000   45.0000 7571.1338   23.4459
    7.5000  -30.0000   45.0000 7163.1299   23.3835
   -7.5000  -22.5000   45.0000 8064.2388   23.4015
    0.0000  -22.5000   45.0000 8117.3101   23.3947
    7.5000  -22.5000   45.0000 7692.3765   23.3192
   -7.5000  -15.0000   45.0000 8554.0049   23.3771
    0.0000  -15.0000   45.0000 8599.7881   23.3704
    7.5000  -15.0000   45.0000 8174.7417   23.2951
   -7.5000   -7.5000   45.0000 8664.3916   23.4037
    0.0000   -7.5000   45.0000 8713.7334   23.3987
    7.5000   -7.5000   45.0000 8288.4248   23.3372
   -7.5000    0.0000   45.0000 8743.1270   23.4539
    0.0000    0.0000   45.0000 8774.2861   23.4527
    7.5000    0.0000   45.0000 8355.9971   23.4073
   -7.5000    7.5000   45.0000 8354.4941   23.4641
    0.0000    7.5000   45.0000 8350.3809   23.4639
    7.5000    7.5000   45.0000 7946.0610   23.4164
   -7.5000   15.0000   45.0000 8073.0830   23.4409
    0.0000   15.0000   45.0000 8066.6914   23.4371
    7.5000   15.0000   45.0000 7665.2368   23.3747
   -7.5000   22.5000   45.0000 7439.1895   23.0895
    0.0000   22.5000   45.0000 7417.5957   23.0828
    7.5000   22.5000   45.0000 7035.9106   23.0083
   -7.5000   30.0000   45.0000 6809.2178   22.5348
    0.0000   30.0000   45.0000 6792.9688   22.5283
    7.5000   30.0000   45.0000 6432.6045   22.4557
   -7.5000   37.5000   45.0000 6141.1104   21.9085
    0.0000   37.5000   45.0000 6118.8237   21.9039
    7.5000   37.5000   45.0000 5788.9883   21.8463
   -7.5000   45.0000   45.0000 5489.5591   21.5918
    0.0000   45.0000   45.0000 5466.5942   21.5902
    7.5000   45.0000   45.0000 5167.9263   21.5464

---------------------------------------------------------------------
imgreg_4dfp /opt/freesurfer/average/711-2C_as_mni_average_305 /opt/freesurfer/average/711-2B_as_mni_average_305_mask talsrcimg_g11 none talsrcimg_to_711-2C_as_mni_average_305_t4 4355
---------------------------------------------------------------------

freesurfer imgreg_4dfp.c
/opt/freesurfer/average/711-2C_as_mni_average_305.4dfp.img
       256       256       256         1
  1.000000  1.000000  1.000000
orientation T byte_order littleendian
Reading image: /opt/freesurfer/average/711-2C_as_mni_average_305.4dfp.img
dimensions:      256       256       256
mmppix:       1.0000   -1.0000   -1.0000
center:     128.0000 -129.0000 -129.0000
/opt/freesurfer/average/711-2B_as_mni_average_305_mask.4dfp.img
       256       256       256         1
  1.000000  1.000000  1.000000
orientation T byte_order littleendian
Reading mask: /opt/freesurfer/average/711-2B_as_mni_average_305_mask.4dfp.img (2306576 pixels)
talsrcimg_g11.4dfp.img
       256       256       256         1
  0.900000  0.900000  0.900000
orientation T byte_order littleendian
Reading image: talsrcimg_g11.4dfp.img
dimensions:      256       256       256
mmppix:       0.9000   -0.9000   -0.9000
center:     115.2000 -116.1000 -116.1000
rotation matrix determinant  1.000000
image alignment mode   4355 decimal     1103 hex
   -7.5000  -45.0000  -45.0000 1952.6124   22.4708
    0.0000  -45.0000  -45.0000 1936.1742   22.5510
    7.5000  -45.0000  -45.0000 1908.6819   22.9506
   -7.5000  -37.5000  -45.0000 2022.2037   20.9906
    0.0000  -37.5000  -45.0000 2008.2673   21.0549
    7.5000  -37.5000  -45.0000 1979.9985   21.4425
   -7.5000  -30.0000  -45.0000 2066.6819   19.7838
    0.0000  -30.0000  -45.0000 2054.3901   19.7847
    7.5000  -30.0000  -45.0000 2028.7268   20.1879
   -7.5000  -22.5000  -45.0000 2096.2664   18.9737
    0.0000  -22.5000  -45.0000 2082.5725   18.9991
    7.5000  -22.5000  -45.0000 2053.6631   19.4082
   -7.5000  -15.0000  -45.0000 2096.7429   18.6185
    0.0000  -15.0000  -45.0000 2080.0337   18.6592
    7.5000  -15.0000  -45.0000 2055.6858   19.1334
   -7.5000   -7.5000  -45.0000 2077.0273   18.6495
    0.0000   -7.5000  -45.0000 2061.1389   18.7316
    7.5000   -7.5000  -45.0000 2033.9993   19.1878
   -7.5000    0.0000  -45.0000 2053.1873   18.9617
    0.0000    0.0000  -45.0000 2043.8582   19.0302
    7.5000    0.0000  -45.0000 2010.0769   19.5411
   -7.5000    7.5000  -45.0000 2017.4607   19.6562
    0.0000    7.5000  -45.0000 2007.4885   19.7249
    7.5000    7.5000  -45.0000 1979.3430   20.3103
   -7.5000   15.0000  -45.0000 1974.0344   20.8261
    0.0000   15.0000  -45.0000 1959.2111   20.8930
    7.5000   15.0000  -45.0000 1931.6713   21.5211
   -7.5000   22.5000  -45.0000 1903.2684   22.4709
    0.0000   22.5000  -45.0000 1893.1832   22.5650
    7.5000   22.5000  -45.0000 1865.2191   23.1795
   -7.5000   30.0000  -45.0000 1819.0675   24.5352
    0.0000   30.0000  -45.0000 1811.0071   24.6932
    7.5000   30.0000  -45.0000 1779.8455   25.3315
   -7.5000   37.5000  -45.0000 1699.1863   27.2048
    0.0000   37.5000  -45.0000 1695.7134   27.3939
    7.5000   37.5000  -45.0000 1664.2017   28.1408
   -7.5000   45.0000  -45.0000 1556.5894   30.3623
    0.0000   45.0000  -45.0000 1551.2151   30.5265
    7.5000   45.0000  -45.0000 1527.6488   31.3289
   -7.5000  -45.0000  -37.5000 2119.6169   21.9163
    0.0000  -45.0000  -37.5000 2101.6909   21.9670
    7.5000  -45.0000  -37.5000 2072.7134   22.3956
   -7.5000  -37.5000  -37.5000 2192.0715   20.5187
    0.0000  -37.5000  -37.5000 2176.5286   20.5111
    7.5000  -37.5000  -37.5000 2147.9644   20.9199
   -7.5000  -30.0000  -37.5000 2245.3528   19.3176
    0.0000  -30.0000  -37.5000 2228.9099   19.3152
    7.5000  -30.0000  -37.5000 2200.8308   19.6755
   -7.5000  -22.5000  -37.5000 2276.9128   18.5149
    0.0000  -22.5000  -37.5000 2258.6194   18.4839
    7.5000  -22.5000  -37.5000 2229.6887   18.8588
   -7.5000  -15.0000  -37.5000 2283.1135   18.2247
    0.0000  -15.0000  -37.5000 2263.1624   18.1912
    7.5000  -15.0000  -37.5000 2233.6501   18.5786
   -7.5000   -7.5000  -37.5000 2258.5469   18.2756
    0.0000   -7.5000  -37.5000 2244.7734   18.2541
    7.5000   -7.5000  -37.5000 2216.0115   18.6295
   -7.5000    0.0000  -37.5000 2236.3354   18.5301
    0.0000    0.0000  -37.5000 2226.7380   18.4981
    7.5000    0.0000  -37.5000 2188.2622   18.9452
   -7.5000    7.5000  -37.5000 2202.6074   19.1484
    0.0000    7.5000  -37.5000 2190.1187   19.1376
    7.5000    7.5000  -37.5000 2156.1709   19.6772
   -7.5000   15.0000  -37.5000 2148.6426   20.2638
    0.0000   15.0000  -37.5000 2135.2073   20.2605
    7.5000   15.0000  -37.5000 2101.1804   20.8221
   -7.5000   22.5000  -37.5000 2077.0293   21.8579
    0.0000   22.5000  -37.5000 2064.1995   21.8710
    7.5000   22.5000  -37.5000 2026.5298   22.4504
   -7.5000   30.0000  -37.5000 1983.8668   23.9176
    0.0000   30.0000  -37.5000 1972.2823   23.9729
    7.5000   30.0000  -37.5000 1933.0872   24.5814
   -7.5000   37.5000  -37.5000 1850.3018   26.4886
    0.0000   37.5000  -37.5000 1845.5394   26.5240
    7.5000   37.5000  -37.5000 1808.3553   27.2538
   -7.5000   45.0000  -37.5000 1686.8937   29.5336
    0.0000   45.0000  -37.5000 1682.4323   29.6353
    7.5000   45.0000  -37.5000 1654.6964   30.4870
   -7.5000  -45.0000  -30.0000 2273.3235   21.3167
    0.0000  -45.0000  -30.0000 2254.1687   21.2653
    7.5000  -45.0000  -30.0000 2214.5454   21.7387
   -7.5000  -37.5000  -30.0000 2350.9277   19.9448
    0.0000  -37.5000  -30.0000 2332.4956   19.9271
    7.5000  -37.5000  -30.0000 2292.2556   20.2882
   -7.5000  -30.0000  -30.0000 2405.0654   18.7234
    0.0000  -30.0000  -30.0000 2384.1785   18.7232
    7.5000  -30.0000  -30.0000 2347.7720   19.0544
   -7.5000  -22.5000  -30.0000 2439.0076   17.9447
    0.0000  -22.5000  -30.0000 2421.0923   17.9038
    7.5000  -22.5000  -30.0000 2387.3110   18.2837
   -7.5000  -15.0000  -30.0000 2451.9199   17.6766
    0.0000  -15.0000  -30.0000 2440.1243   17.6245
    7.5000  -15.0000  -30.0000 2398.2778   17.9617
   -7.5000   -7.5000  -30.0000 2434.6770   17.6977
    0.0000   -7.5000  -30.0000 2420.0625   17.6716
    7.5000   -7.5000  -30.0000 2382.3464   17.9579
   -7.5000    0.0000  -30.0000 2413.3113   17.9490
    0.0000    0.0000  -30.0000 2401.0496   17.8828
    7.5000    0.0000  -30.0000 2359.4253   18.2680
   -7.5000    7.5000  -30.0000 2376.0364   18.5762
    0.0000    7.5000  -30.0000 2360.9561   18.5062
    7.5000    7.5000  -30.0000 2319.0010   18.9272
   -7.5000   15.0000  -30.0000 2314.7297   19.6456
    0.0000   15.0000  -30.0000 2306.0334   19.5731
    7.5000   15.0000  -30.0000 2259.4375   20.0123
   -7.5000   22.5000  -30.0000 2236.9590   21.1515
    0.0000   22.5000  -30.0000 2227.0479   21.1372
    7.5000   22.5000  -30.0000 2179.6414   21.6494
   -7.5000   30.0000  -30.0000 2130.9937   23.1966
    0.0000   30.0000  -30.0000 2118.7754   23.1766
    7.5000   30.0000  -30.0000 2078.8904   23.6899
   -7.5000   37.5000  -30.0000 1989.9211   25.7067
    0.0000   37.5000  -30.0000 1983.3684   25.6536
    7.5000   37.5000  -30.0000 1938.2438   26.2404
   -7.5000   45.0000  -30.0000 1811.1456   28.6704
    0.0000   45.0000  -30.0000 1806.1100   28.6775
    7.5000   45.0000  -30.0000 1771.2539   29.3508
   -7.5000  -45.0000  -22.5000 2396.1318   20.5629
    0.0000  -45.0000  -22.5000 2378.9092   20.5423
    7.5000  -45.0000  -22.5000 2332.8845   20.9776
   -7.5000  -37.5000  -22.5000 2475.6655   19.1129
    0.0000  -37.5000  -22.5000 2457.8730   19.1238
    7.5000  -37.5000  -22.5000 2416.0425   19.4701
   -7.5000  -30.0000  -22.5000 2532.7993   17.9428
    0.0000  -30.0000  -22.5000 2517.7124   17.9443
    7.5000  -30.0000  -22.5000 2477.6809   18.2938
   -7.5000  -22.5000  -22.5000 2577.8435   17.1705
    0.0000  -22.5000  -22.5000 2569.4910   17.2198
    7.5000  -22.5000  -22.5000 2527.3774   17.5184
   -7.5000  -15.0000  -22.5000 2604.8789   16.8761
    0.0000  -15.0000  -22.5000 2593.9592   16.8882
    7.5000  -15.0000  -22.5000 2546.6082   17.1804
   -7.5000   -7.5000  -22.5000 2591.7598   16.8981
    0.0000   -7.5000  -22.5000 2583.3796   16.8701
    7.5000   -7.5000  -22.5000 2537.1467   17.1421
   -7.5000    0.0000  -22.5000 2570.6592   17.1636
    0.0000    0.0000  -22.5000 2561.3452   17.1008
    7.5000    0.0000  -22.5000 2515.3467   17.4255
   -7.5000    7.5000  -22.5000 2532.6179   17.7883
    0.0000    7.5000  -22.5000 2521.9592   17.7219
    7.5000    7.5000  -22.5000 2471.4028   18.0952
   -7.5000   15.0000  -22.5000 2467.1274   18.8018
    0.0000   15.0000  -22.5000 2457.2346   18.7247
    7.5000   15.0000  -22.5000 2402.4854   19.0915
   -7.5000   22.5000  -22.5000 2377.2820   20.2501
    0.0000   22.5000  -22.5000 2367.6377   20.2151
    7.5000   22.5000  -22.5000 2314.0256   20.6070
   -7.5000   30.0000  -22.5000 2257.9041   22.2779
    0.0000   30.0000  -22.5000 2250.7566   22.2426
    7.5000   30.0000  -22.5000 2202.0872   22.7007
   -7.5000   37.5000  -22.5000 2103.1331   24.7015
    0.0000   37.5000  -22.5000 2099.5273   24.6816
    7.5000   37.5000  -22.5000 2052.4622   25.2652
   -7.5000   45.0000  -22.5000 1920.1687   27.5857
    0.0000   45.0000  -22.5000 1909.9481   27.4948
    7.5000   45.0000  -22.5000 1873.7821   28.1444
   -7.5000  -45.0000  -15.0000 2475.6873   19.6071
    0.0000  -45.0000  -15.0000 2462.5830   19.6581
    7.5000  -45.0000  -15.0000 2419.9800   20.1000
   -7.5000  -37.5000  -15.0000 2569.7349   18.1961
    0.0000  -37.5000  -15.0000 2554.6025   18.2177
    7.5000  -37.5000  -15.0000 2511.8333   18.6278
   -7.5000  -30.0000  -15.0000 2634.9692   17.0107
    0.0000  -30.0000  -15.0000 2624.5195   17.0593
    7.5000  -30.0000  -15.0000 2582.5969   17.4065
   -7.5000  -22.5000  -15.0000 2689.1213   16.2548
    0.0000  -22.5000  -15.0000 2682.7102   16.3043
    7.5000  -22.5000  -15.0000 2637.0601   16.6100
   -7.5000  -15.0000  -15.0000 2725.3481   15.9186
    0.0000  -15.0000  -15.0000 2715.0447   15.9476
    7.5000  -15.0000  -15.0000 2668.6008   16.2446
   -7.5000   -7.5000  -15.0000 2722.7354   15.9161
    0.0000   -7.5000  -15.0000 2715.7896   15.9400
    7.5000   -7.5000  -15.0000 2670.1350   16.2102
   -7.5000    0.0000  -15.0000 2706.3743   16.1705
    0.0000    0.0000  -15.0000 2698.6184   16.1692
    7.5000    0.0000  -15.0000 2645.8027   16.5018
   -7.5000    7.5000  -15.0000 2657.2498   16.7874
    0.0000    7.5000  -15.0000 2657.7417   16.7945
    7.5000    7.5000  -15.0000 2600.7812   17.1488
   -7.5000   15.0000  -15.0000 2581.2227   17.7615
    0.0000   15.0000  -15.0000 2582.2021   17.7485
    7.5000   15.0000  -15.0000 2526.0784   18.1124
   -7.5000   22.5000  -15.0000 2485.1541   19.1710
    0.0000   22.5000  -15.0000 2480.3245   19.1295
    7.5000   22.5000  -15.0000 2430.3003   19.5312
   -7.5000   30.0000  -15.0000 2361.9316   21.1378
    0.0000   30.0000  -15.0000 2356.8013   21.0742
    7.5000   30.0000  -15.0000 2311.7371   21.5566
   -7.5000   37.5000  -15.0000 2189.0388   23.5559
    0.0000   37.5000  -15.0000 2185.1777   23.4647
    7.5000   37.5000  -15.0000 2148.5518   24.0526
   -7.5000   45.0000  -15.0000 1990.1526   26.2831
    0.0000   45.0000  -15.0000 1988.3605   26.1671
    7.5000   45.0000  -15.0000 1953.8428   26.7911
   -7.5000  -45.0000   -7.5000 2512.3337   18.5931
    0.0000  -45.0000   -7.5000 2505.4038   18.6078
    7.5000  -45.0000   -7.5000 2467.9404   19.1115
   -7.5000  -37.5000   -7.5000 2620.2036   17.1700
    0.0000  -37.5000   -7.5000 2613.2961   17.2156
    7.5000  -37.5000   -7.5000 2570.5681   17.6242
   -7.5000  -30.0000   -7.5000 2705.5774   16.0214
    0.0000  -30.0000   -7.5000 2699.2339   16.0792
    7.5000  -30.0000   -7.5000 2653.0156   16.4659
   -7.5000  -22.5000   -7.5000 2771.2827   15.2565
    0.0000  -22.5000   -7.5000 2762.5493   15.3100
    7.5000  -22.5000   -7.5000 2711.4810   15.6891
   -7.5000  -15.0000   -7.5000 2806.7681   14.8730
    0.0000  -15.0000   -7.5000 2802.3215   14.9267
    7.5000  -15.0000   -7.5000 2751.0344   15.2724
   -7.5000   -7.5000   -7.5000 2812.6335   14.8546
    0.0000   -7.5000   -7.5000 2809.4524   14.9164
    7.5000   -7.5000   -7.5000 2760.5933   15.2589
   -7.5000    0.0000   -7.5000 2795.8884   15.0713
    0.0000    0.0000   -7.5000 2796.6062   15.1118
    7.5000    0.0000   -7.5000 2742.9666   15.5038
   -7.5000    7.5000   -7.5000 2738.9546   15.7040
    0.0000    7.5000   -7.5000 2743.7495   15.7238
    7.5000    7.5000   -7.5000 2693.7883   16.1234
   -7.5000   15.0000   -7.5000 2653.3821   16.6695
    0.0000   15.0000   -7.5000 2657.5459   16.6609
    7.5000   15.0000   -7.5000 2613.0701   17.0778
   -7.5000   22.5000   -7.5000 2547.1946   18.0873
    0.0000   22.5000   -7.5000 2549.2188   18.0683
    7.5000   22.5000   -7.5000 2504.9102   18.5082
   -7.5000   30.0000   -7.5000 2422.0530   19.9785
    0.0000   30.0000   -7.5000 2420.8516   19.9532
    7.5000   30.0000   -7.5000 2372.5178   20.4422
   -7.5000   37.5000   -7.5000 2240.2234   22.3024
    0.0000   37.5000   -7.5000 2239.0256   22.2568
    7.5000   37.5000   -7.5000 2201.6475   22.7840
   -7.5000   45.0000   -7.5000 2033.8015   24.8552
    0.0000   45.0000   -7.5000 2031.6080   24.7859
    7.5000   45.0000   -7.5000 2000.1952   25.3918
   -7.5000  -45.0000    0.0000 2548.3105   17.9592
    0.0000  -45.0000    0.0000 2542.7717   17.9126
    7.5000  -45.0000    0.0000 2513.8594   18.5374
   -7.5000  -37.5000    0.0000 2664.2976   16.5386
    0.0000  -37.5000    0.0000 2662.5413   16.5337
    7.5000  -37.5000    0.0000 2620.8008   17.0328
   -7.5000  -30.0000    0.0000 2766.6130   15.3988
    0.0000  -30.0000    0.0000 2764.8455   15.4600
    7.5000  -30.0000    0.0000 2711.7498   15.8511
   -7.5000  -22.5000    0.0000 2847.5662   14.5725
    0.0000  -22.5000    0.0000 2841.0244   14.6478
    7.5000  -22.5000    0.0000 2778.4507   15.0254
   -7.5000  -15.0000    0.0000 2892.6785   14.1169
    0.0000  -15.0000    0.0000 2888.9465   14.2165
    7.5000  -15.0000    0.0000 2828.9207   14.6413
   -7.5000   -7.5000    0.0000 2901.9688   14.0843
    0.0000   -7.5000    0.0000 2904.0977   14.1964
    7.5000   -7.5000    0.0000 2848.7703   14.6431
   -7.5000    0.0000    0.0000 2879.1387   14.3438
    0.0000    0.0000    0.0000 2885.5679   14.4094
    7.5000    0.0000    0.0000 2828.1162   14.8659
   -7.5000    7.5000    0.0000 2810.8772   14.9815
    0.0000    7.5000    0.0000 2821.7410   15.0158
    7.5000    7.5000    0.0000 2771.9248   15.4435
   -7.5000   15.0000    0.0000 2720.4048   16.0157
    0.0000   15.0000    0.0000 2725.0813   16.0562
    7.5000   15.0000    0.0000 2680.5352   16.4603
   -7.5000   22.5000    0.0000 2605.0981   17.4631
    0.0000   22.5000    0.0000 2608.6770   17.4899
    7.5000   22.5000    0.0000 2562.9768   17.9145
   -7.5000   30.0000    0.0000 2474.9089   19.3150
    0.0000   30.0000    0.0000 2475.6924   19.3429
    7.5000   30.0000    0.0000 2429.3057   19.7847
   -7.5000   37.5000    0.0000 2293.5669   21.5407
    0.0000   37.5000    0.0000 2288.6953   21.5484
    7.5000   37.5000    0.0000 2251.2949   22.0560
   -7.5000   45.0000    0.0000 2073.0430   23.9993
    0.0000   45.0000    0.0000 2068.2749   23.9736
    7.5000   45.0000    0.0000 2039.7317   24.6061
   -7.5000  -45.0000    7.5000 2566.2292   17.4934
    0.0000  -45.0000    7.5000 2562.2493   17.4538
    7.5000  -45.0000    7.5000 2528.6765   18.0847
   -7.5000  -37.5000    7.5000 2683.8894   16.0859
    0.0000  -37.5000    7.5000 2682.8047   16.0265
    7.5000  -37.5000    7.5000 2641.9202   16.5799
   -7.5000  -30.0000    7.5000 2797.3677   14.9494
    0.0000  -30.0000    7.5000 2797.4001   14.9210
    7.5000  -30.0000    7.5000 2751.5779   15.3885
   -7.5000  -22.5000    7.5000 2890.3191   14.0777
    0.0000  -22.5000    7.5000 2890.4895   14.1501
    7.5000  -22.5000    7.5000 2827.7126   14.5555
   -7.5000  -15.0000    7.5000 2950.5217   13.5105
    0.0000  -15.0000    7.5000 2960.9180   13.7180
    7.5000  -15.0000    7.5000 2883.7778   14.1621
   -7.5000   -7.5000    7.5000 2961.3066   13.4653
    0.0000   -7.5000    7.5000 2977.0864   13.6879
    7.5000   -7.5000    7.5000 2900.5388   14.1508
   -7.5000    0.0000    7.5000 2936.2544   13.8625
    0.0000    0.0000    7.5000 2943.0083   13.9324
    7.5000    0.0000    7.5000 2877.4395   14.3777
   -7.5000    7.5000    7.5000 2865.8628   14.5458
    0.0000    7.5000    7.5000 2871.2375   14.5633
    7.5000    7.5000    7.5000 2817.3218   14.9903
   -7.5000   15.0000    7.5000 2765.6567   15.5798
    0.0000   15.0000    7.5000 2767.3591   15.6229
    7.5000   15.0000    7.5000 2719.1804   16.0330
   -7.5000   22.5000    7.5000 2642.4294   17.0387
    0.0000   22.5000    7.5000 2642.8992   17.0697
    7.5000   22.5000    7.5000 2596.4785   17.4772
   -7.5000   30.0000    7.5000 2507.1008   18.8939
    0.0000   30.0000    7.5000 2507.3940   18.9482
    7.5000   30.0000    7.5000 2460.3093   19.3601
   -7.5000   37.5000    7.5000 2319.8616   21.0549
    0.0000   37.5000    7.5000 2318.1760   21.1232
    7.5000   37.5000    7.5000 2274.7910   21.6167
   -7.5000   45.0000    7.5000 2096.6951   23.4881
    0.0000   45.0000    7.5000 2096.8059   23.5296
    7.5000   45.0000    7.5000 2058.8848   24.1206
   -7.5000  -45.0000   15.0000 2566.8333   17.3806
    0.0000  -45.0000   15.0000 2569.2097   17.2624
    7.5000  -45.0000   15.0000 2535.5674   17.8841
   -7.5000  -37.5000   15.0000 2684.3481   15.9173
    0.0000  -37.5000   15.0000 2684.7078   15.8230
    7.5000  -37.5000   15.0000 2655.2209   16.4054
   -7.5000  -30.0000   15.0000 2794.6060   14.7609
    0.0000  -30.0000   15.0000 2801.1616   14.6692
    7.5000  -30.0000   15.0000 2768.1150   15.1749
   -7.5000  -22.5000   15.0000 2897.4133   13.9513
    0.0000  -22.5000   15.0000 2909.4412   13.8515
    7.5000  -22.5000   15.0000 2854.0547   14.3104
   -7.5000  -15.0000   15.0000 2974.6245   13.4343
    0.0000  -15.0000   15.0000 2990.9146   13.3920
    7.5000  -15.0000   15.0000 2914.6843   13.8958
   -7.5000   -7.5000   15.0000 2998.1707   13.3934
    0.0000   -7.5000   15.0000 3005.2131   13.3270
    7.5000   -7.5000   15.0000 2924.8049   13.8795
   -7.5000    0.0000   15.0000 2958.4827   13.8262
    0.0000    0.0000   15.0000 2960.5020   13.7207
    7.5000    0.0000   15.0000 2894.6477   14.1744
   -7.5000    7.5000   15.0000 2884.2815   14.5076
    0.0000    7.5000   15.0000 2889.0449   14.4265
    7.5000    7.5000   15.0000 2832.6914   14.8256
   -7.5000   15.0000   15.0000 2777.6248   15.5305
    0.0000   15.0000   15.0000 2786.9971   15.4895
    7.5000   15.0000   15.0000 2739.7905   15.8640
   -7.5000   22.5000   15.0000 2649.3604   16.9223
    0.0000   22.5000   15.0000 2656.4375   16.9091
    7.5000   22.5000   15.0000 2614.2832   17.2993
   -7.5000   30.0000   15.0000 2509.4019   18.7574
    0.0000   30.0000   15.0000 2513.6553   18.7587
    7.5000   30.0000   15.0000 2470.8086   19.1581
   -7.5000   37.5000   15.0000 2322.2227   20.9158
    0.0000   37.5000   15.0000 2324.3008   20.8829
    7.5000   37.5000   15.0000 2287.0464   21.4005
   -7.5000   45.0000   15.0000 2104.8762   23.2970
    0.0000   45.0000   15.0000 2101.7878   23.2890
    7.5000   45.0000   15.0000 2069.5771   23.9039
   -7.5000  -45.0000   22.5000 2566.4351   17.5594
    0.0000  -45.0000   22.5000 2580.7478   17.4173
    7.5000  -45.0000   22.5000 2547.0574   17.9078
   -7.5000  -37.5000   22.5000 2680.0947   16.1432
    0.0000  -37.5000   22.5000 2693.6987   15.9424
    7.5000  -37.5000   22.5000 2659.1443   16.3867
   -7.5000  -30.0000   22.5000 2785.3513   15.0191
    0.0000  -30.0000   22.5000 2796.4338   14.7594
    7.5000  -30.0000   22.5000 2764.6660   15.1568
   -7.5000  -22.5000   22.5000 2878.8870   14.1965
    0.0000  -22.5000   22.5000 2890.5918   13.8945
    7.5000  -22.5000   22.5000 2847.5342   14.2886
   -7.5000  -15.0000   22.5000 2955.5276   13.7126
    0.0000  -15.0000   22.5000 2954.9775   13.3447
    7.5000  -15.0000   22.5000 2899.7058   13.8241
   -7.5000   -7.5000   22.5000 2973.4026   13.7137
    0.0000   -7.5000   22.5000 2971.6211   13.4185
    7.5000   -7.5000   22.5000 2913.3767   13.8854
   -7.5000    0.0000   22.5000 2935.5488   14.0727
    0.0000    0.0000   22.5000 2937.1221   13.8868
    7.5000    0.0000   22.5000 2885.1670   14.2732
   -7.5000    7.5000   22.5000 2863.0249   14.7130
    0.0000    7.5000   22.5000 2867.6526   14.5957
    7.5000    7.5000   22.5000 2825.1060   14.9634
   -7.5000   15.0000   22.5000 2762.9807   15.7050
    0.0000   15.0000   22.5000 2770.2712   15.6374
    7.5000   15.0000   22.5000 2730.5286   15.9860
   -7.5000   22.5000   22.5000 2639.1797   17.0190
    0.0000   22.5000   22.5000 2648.9771   16.9971
    7.5000   22.5000   22.5000 2611.0544   17.3348
   -7.5000   30.0000   22.5000 2500.7373   18.7547
    0.0000   30.0000   22.5000 2508.4475   18.7852
    7.5000   30.0000   22.5000 2473.8542   19.1315
   -7.5000   37.5000   22.5000 2312.6074   20.9140
    0.0000   37.5000   22.5000 2314.6167   20.9473
    7.5000   37.5000   22.5000 2287.4790   21.3335
   -7.5000   45.0000   22.5000 2090.9897   23.3574
    0.0000   45.0000   22.5000 2087.9692   23.2765
    7.5000   45.0000   22.5000 2064.2612   23.8237
   -7.5000  -45.0000   30.0000 2548.2241   18.0452
    0.0000  -45.0000   30.0000 2562.1338   17.8239
    7.5000  -45.0000   30.0000 2530.6826   18.1886
   -7.5000  -37.5000   30.0000 2659.0305   16.6066
    0.0000  -37.5000   30.0000 2676.4509   16.3972
    7.5000  -37.5000   30.0000 2646.0586   16.7235
   -7.5000  -30.0000   30.0000 2761.5740   15.4345
    0.0000  -30.0000   30.0000 2779.6274   15.1972
    7.5000  -30.0000   30.0000 2749.9927   15.5195
   -7.5000  -22.5000   30.0000 2852.1433   14.5897
    0.0000  -22.5000   30.0000 2868.7832   14.2820
    7.5000  -22.5000   30.0000 2830.9492   14.6084
   -7.5000  -15.0000   30.0000 2912.2927   14.1709
    0.0000  -15.0000   30.0000 2929.7593   13.8325
    7.5000  -15.0000   30.0000 2888.0833   14.1892
   -7.5000   -7.5000   30.0000 2919.2637   14.1751
    0.0000   -7.5000   30.0000 2937.0623   13.9474
    7.5000   -7.5000   30.0000 2893.5178   14.2856
   -7.5000    0.0000   30.0000 2881.3447   14.5519
    0.0000    0.0000   30.0000 2891.2742   14.3608
    7.5000    0.0000   30.0000 2857.5896   14.6968
   -7.5000    7.5000   30.0000 2813.8899   15.1973
    0.0000    7.5000   30.0000 2820.8457   15.0223
    7.5000    7.5000   30.0000 2794.5117   15.3691
   -7.5000   15.0000   30.0000 2717.4705   16.1497
    0.0000   15.0000   30.0000 2725.8708   16.0190
    7.5000   15.0000   30.0000 2697.9487   16.3623
   -7.5000   22.5000   30.0000 2603.0703   17.3950
    0.0000   22.5000   30.0000 2610.1426   17.3162
    7.5000   22.5000   30.0000 2580.9912   17.6401
   -7.5000   30.0000   30.0000 2471.1772   19.0730
    0.0000   30.0000   30.0000 2477.2214   19.0160
    7.5000   30.0000   30.0000 2449.4614   19.3441
   -7.5000   37.5000   30.0000 2286.5237   21.1932
    0.0000   37.5000   30.0000 2293.8630   21.1563
    7.5000   37.5000   30.0000 2266.3223   21.4999
   -7.5000   45.0000   30.0000 2069.6553   23.6084
    0.0000   45.0000   30.0000 2077.1404   23.5439
    7.5000   45.0000   30.0000 2052.3967   23.9714
   -7.5000  -45.0000   37.5000 2513.3457   18.6941
    0.0000  -45.0000   37.5000 2536.7378   18.5281
    7.5000  -45.0000   37.5000 2505.8445   18.7717
   -7.5000  -37.5000   37.5000 2626.7725   17.2218
    0.0000  -37.5000   37.5000 2653.4626   17.0675
    7.5000  -37.5000   37.5000 2622.8440   17.2900
   -7.5000  -30.0000   37.5000 2723.7766   16.0216
    0.0000  -30.0000   37.5000 2749.1023   15.8536
    7.5000  -30.0000   37.5000 2719.3774   16.0631
   -7.5000  -22.5000   37.5000 2807.1096   15.1825
    0.0000  -22.5000   37.5000 2836.7571   14.9868
    7.5000  -22.5000   37.5000 2802.9971   15.2196
   -7.5000  -15.0000   37.5000 2855.5806   14.7767
    0.0000  -15.0000   37.5000 2883.6025   14.5875
    7.5000  -15.0000   37.5000 2848.4106   14.8550
   -7.5000   -7.5000   37.5000 2859.2705   14.8333
    0.0000   -7.5000   37.5000 2883.3875   14.6808
    7.5000   -7.5000   37.5000 2848.8083   14.9386
   -7.5000    0.0000   37.5000 2817.7456   15.1848
    0.0000    0.0000   37.5000 2836.8611   15.0539
    7.5000    0.0000   37.5000 2812.3503   15.3069
   -7.5000    7.5000   37.5000 2750.2466   15.8575
    0.0000    7.5000   37.5000 2766.9167   15.7294
    7.5000    7.5000   37.5000 2745.9944   15.9955
   -7.5000   15.0000   37.5000 2659.9656   16.8116
    0.0000   15.0000   37.5000 2678.6147   16.7154
    7.5000   15.0000   37.5000 2650.1777   16.9649
   -7.5000   22.5000   37.5000 2549.3538   18.0529
    0.0000   22.5000   37.5000 2564.2900   17.9473
    7.5000   22.5000   37.5000 2536.6267   18.2078
   -7.5000   30.0000   37.5000 2416.1450   19.6640
    0.0000   30.0000   37.5000 2426.2341   19.5670
    7.5000   30.0000   37.5000 2405.5493   19.8690
   -7.5000   37.5000   37.5000 2235.3752   21.7010
    0.0000   37.5000   37.5000 2249.0273   21.6151
    7.5000   37.5000   37.5000 2230.0300   21.9797
   -7.5000   45.0000   37.5000 2033.0109   24.0707
    0.0000   45.0000   37.5000 2047.3143   23.9420
    7.5000   45.0000   37.5000 2025.9346   24.4316
   -7.5000  -45.0000   45.0000 2448.9980   19.4497
    0.0000  -45.0000   45.0000 2474.9856   19.2687
    7.5000  -45.0000   45.0000 2450.7200   19.4562
   -7.5000  -37.5000   45.0000 2554.9805   17.9300
    0.0000  -37.5000   45.0000 2583.1934   17.7764
    7.5000  -37.5000   45.0000 2558.0222   17.9820
   -7.5000  -30.0000   45.0000 2645.3677   16.7762
    0.0000  -30.0000   45.0000 2679.6741   16.6273
    7.5000  -30.0000   45.0000 2650.1111   16.8190
   -7.5000  -22.5000   45.0000 2718.7207   15.9478
    0.0000  -22.5000   45.0000 2751.8171   15.8168
    7.5000  -22.5000   45.0000 2723.6855   16.0441
   -7.5000  -15.0000   45.0000 2764.0081   15.5423
    0.0000  -15.0000   45.0000 2791.1814   15.4462
    7.5000  -15.0000   45.0000 2764.3940   15.6723
   -7.5000   -7.5000   45.0000 2757.9912   15.6048
    0.0000   -7.5000   45.0000 2788.1536   15.4789
    7.5000   -7.5000   45.0000 2759.2976   15.7087
   -7.5000    0.0000   45.0000 2717.3137   15.9743
    0.0000    0.0000   45.0000 2740.6238   15.8303
    7.5000    0.0000   45.0000 2718.0361   16.0726
   -7.5000    7.5000   45.0000 2654.9644   16.6339
    0.0000    7.5000   45.0000 2672.5410   16.5143
    7.5000    7.5000   45.0000 2650.3745   16.7896
   -7.5000   15.0000   45.0000 2568.2905   17.5401
    0.0000   15.0000   45.0000 2589.5637   17.4363
    7.5000   15.0000   45.0000 2562.6672   17.7198
   -7.5000   22.5000   45.0000 2459.6211   18.7970
    0.0000   22.5000   45.0000 2476.2173   18.6838
    7.5000   22.5000   45.0000 2450.7329   18.9586
   -7.5000   30.0000   45.0000 2328.2927   20.4128
    0.0000   30.0000   45.0000 2345.8135   20.3160
    7.5000   30.0000   45.0000 2324.0759   20.5813
   -7.5000   37.5000   45.0000 2154.5127   22.3646
    0.0000   37.5000   45.0000 2172.6987   22.3136
    7.5000   37.5000   45.0000 2155.5115   22.6445
   -7.5000   45.0000   45.0000 1969.6953   24.7384
    0.0000   45.0000   45.0000 1979.3148   24.6297
    7.5000   45.0000   45.0000 1964.1809   25.0555

---------------------------------------------------------------------
imgreg_4dfp /opt/freesurfer/average/711-2C_as_mni_average_305 /opt/freesurfer/average/711-2B_as_mni_average_305_mask talsrcimg_g11 none talsrcimg_to_711-2C_as_mni_average_305_t4 1283
---------------------------------------------------------------------

freesurfer imgreg_4dfp.c
/opt/freesurfer/average/711-2C_as_mni_average_305.4dfp.img
       256       256       256         1
  1.000000  1.000000  1.000000
orientation T byte_order littleendian
Reading image: /opt/freesurfer/average/711-2C_as_mni_average_305.4dfp.img
dimensions:      256       256       256
mmppix:       1.0000   -1.0000   -1.0000
center:     128.0000 -129.0000 -129.0000
/opt/freesurfer/average/711-2B_as_mni_average_305_mask.4dfp.img
       256       256       256         1
  1.000000  1.000000  1.000000
orientation T byte_order littleendian
Reading mask: /opt/freesurfer/average/711-2B_as_mni_average_305_mask.4dfp.img (2306576 pixels)
talsrcimg_g11.4dfp.img
       256       256       256         1
  0.900000  0.900000  0.900000
orientation T byte_order littleendian
Reading image: talsrcimg_g11.4dfp.img
dimensions:      256       256       256
mmppix:       0.9000   -0.9000   -0.9000
center:     115.2000 -116.1000 -116.1000
rotation matrix determinant  1.000000
fimgreg.f
image alignment mode   1283 decimal      503 hex
parameters
    0.0000   -7.5000   15.0000    0.0000    0.0000    0.0000
eta,q 0.94267 13.24421
niter,ni,del,rscale     5    3   12.0000    1.2000
parameter  6  0.548113 ->  0.500000 qaram    1.1500
parameters
   -2.6874   -7.4312   13.4703    2.3319   -2.8695   -3.4500
eta,q 0.94900 13.09372
  0.0593  0.0640  0.0591  0.0626  0.0530  0.0516
  0.0551  0.0587  0.0562  0.0596  0.0522  0.0510
  0.0539  0.0540  0.0537  0.0559  0.0520  0.0512
  0.0564  0.0541  0.0541  0.0535  0.0529  0.0520
  0.0631  0.0561  0.0575  0.0528  0.0552  0.0535
  0.0709  0.0592  0.0633  0.0534  0.0589  0.0558
  0.0771  0.0623  0.0659  0.0552  0.0638  0.0592
niter,ni,del,rscale     5    3   12.0000    1.2000
parameters
   -2.4380   -9.5547   13.5176    3.9300   -2.6605   -3.3624
eta,q 0.95032 13.03877
  0.0645  0.0536  0.0593  0.0592  0.0557  0.0549
  0.0585  0.0493  0.0552  0.0540  0.0528  0.0518
  0.0542  0.0489  0.0518  0.0498  0.0509  0.0500
  0.0510  0.0507  0.0489  0.0488  0.0497  0.0497
  0.0504  0.0538  0.0499  0.0500  0.0497  0.0504
  0.0554  0.0580  0.0545  0.0508  0.0518  0.0520
  0.0643  0.0632  0.0599  0.0511  0.0555  0.0543
niter,ni,del,rscale     4    3   12.0000    1.2000
parameters
   -2.1920  -10.5078   13.5396    5.0691   -3.2729   -2.9487
eta,q 0.95065 13.02811
  0.0640  0.0550  0.0585  0.0574  0.0540  0.0550
  0.0584  0.0497  0.0545  0.0518  0.0514  0.0521
  0.0529  0.0483  0.0517  0.0488  0.0500  0.0502
  0.0497  0.0495  0.0488  0.0488  0.0493  0.0494
  0.0496  0.0512  0.0494  0.0496  0.0500  0.0498
  0.0546  0.0541  0.0536  0.0504  0.0528  0.0513
  0.0640  0.0588  0.0596  0.0513  0.0570  0.0538
niter,ni,del,rscale     3    3   12.0000    1.2000
parameters
   -1.8780  -11.1038   13.4644    5.6791   -3.7036   -2.5927
eta,q 0.95103 13.03251
  0.0637  0.0561  0.0576  0.0561  0.0538  0.0548
  0.0573  0.0494  0.0540  0.0506  0.0511  0.0519
  0.0520  0.0477  0.0513  0.0483  0.0496  0.0498
  0.0494  0.0492  0.0486  0.0487  0.0489  0.0490
  0.0491  0.0510  0.0491  0.0495  0.0493  0.0494
  0.0537  0.0532  0.0533  0.0507  0.0519  0.0510
  0.0625  0.0575  0.0596  0.0520  0.0561  0.0538
niter,ni,del,rscale     2    3   12.0000    1.2000
parameters
   -1.6639  -11.3401   13.3990    5.8962   -3.9254   -2.3901
eta,q 0.95118 13.03859
  0.0626  0.0574  0.0576  0.0552  0.0540  0.0545
  0.0557  0.0502  0.0540  0.0500  0.0510  0.0516
  0.0510  0.0479  0.0513  0.0483  0.0495  0.0496
  0.0490  0.0488  0.0486  0.0487  0.0488  0.0488
  0.0488  0.0508  0.0488  0.0497  0.0489  0.0494
  0.0536  0.0528  0.0532  0.0510  0.0512  0.0510
  0.0617  0.0567  0.0596  0.0528  0.0554  0.0540
niter,ni,del,rscale     1    3   12.0000    1.2000
parameters
   -1.5569  -11.4155   13.3433    5.9680   -4.0326   -2.2932
eta,q 0.95120 13.04305
  0.0619  0.0580  0.0576  0.0549  0.0541  0.0544
  0.0549  0.0506  0.0541  0.0498  0.0510  0.0514
  0.0506  0.0481  0.0514  0.0483  0.0495  0.0495
  0.0488  0.0487  0.0487  0.0487  0.0488  0.0488
  0.0489  0.0507  0.0488  0.0498  0.0488  0.0494
  0.0538  0.0527  0.0532  0.0512  0.0509  0.0511
  0.0617  0.0564  0.0597  0.0531  0.0551  0.0541
registration optimization eta report
parameter search radius
    6.0000    6.0000    6.0000    6.0000    6.0000    6.9000
100000*second partial in parameter space
       37.       24.       27.       15.       17.       11.
  0.0619  0.0580  0.0576  0.0549  0.0541  0.0544
  0.0549  0.0506  0.0541  0.0498  0.0510  0.0514
  0.0506  0.0481  0.0514  0.0483  0.0495  0.0495
  0.0488  0.0487  0.0487  0.0487  0.0488  0.0488
  0.0489  0.0507  0.0488  0.0498  0.0488  0.0494
  0.0538  0.0527  0.0532  0.0512  0.0509  0.0511
  0.0617  0.0564  0.0597  0.0531  0.0551  0.0541
   -1.5569  -11.4155   13.3433    5.9680   -4.0326   -2.2932
eta,q 0.95120 13.04305

---------------------------------------------------------------------
imgreg_4dfp /opt/freesurfer/average/711-2C_as_mni_average_305 /opt/freesurfer/average/711-2B_as_mni_average_305_mask talsrcimg_g11 none talsrcimg_to_711-2C_as_mni_average_305_t4 3335
---------------------------------------------------------------------

freesurfer imgreg_4dfp.c
/opt/freesurfer/average/711-2C_as_mni_average_305.4dfp.img
       256       256       256         1
  1.000000  1.000000  1.000000
orientation T byte_order littleendian
Reading image: /opt/freesurfer/average/711-2C_as_mni_average_305.4dfp.img
dimensions:      256       256       256
mmppix:       1.0000   -1.0000   -1.0000
center:     128.0000 -129.0000 -129.0000
/opt/freesurfer/average/711-2B_as_mni_average_305_mask.4dfp.img
       256       256       256         1
  1.000000  1.000000  1.000000
orientation T byte_order littleendian
Reading mask: /opt/freesurfer/average/711-2B_as_mni_average_305_mask.4dfp.img (2306576 pixels)
talsrcimg_g11.4dfp.img
       256       256       256         1
  0.900000  0.900000  0.900000
orientation T byte_order littleendian
Reading image: talsrcimg_g11.4dfp.img
dimensions:      256       256       256
mmppix:       0.9000   -0.9000   -0.9000
center:     115.2000 -116.1000 -116.1000
fimgreg.f
image alignment mode   3335 decimal      D07 hex
parameters
   -1.5569  -11.4155   13.3433   -0.3275   -0.6509   -0.7882
    4.7103    6.5727   -3.9915  -10.6689   -7.0324   10.3716
eta,q 0.95363 13.10141
niter,ni,del,rscale     5    3    5.0000    1.2000
parameter  4  2.264638 ->  0.500000 qaram    1.1500
parameter  5  1.780079 ->  0.500000 qaram    1.1500
parameter  6  1.021262 ->  0.500000 qaram    1.1500
parameter  8 -0.735978 -> -0.500000 qaram    1.1500
parameter 11 -1.006635 -> -0.500000 qaram    1.1500
parameters
   -1.8115  -10.7526   13.7719   -4.4675   -4.7909   -4.9282
    5.7514   10.7127   -3.5953   -7.8596   -2.8924   10.5842
eta,q 0.96945 12.93783
  0.0485  0.0493  0.0487  0.0392  0.0371  0.0344  0.0380  0.0419  0.0347  0.0373  0.0381  0.0326
  0.0471  0.0480  0.0474  0.0408  0.0383  0.0350  0.0367  0.0392  0.0338  0.0356  0.0361  0.0316
  0.0464  0.0469  0.0465  0.0429  0.0397  0.0360  0.0357  0.0370  0.0332  0.0340  0.0342  0.0309
  0.0464  0.0463  0.0461  0.0461  0.0413  0.0387  0.0352  0.0351  0.0329  0.0329  0.0324  0.0306
  0.0469  0.0461  0.0461  0.0496  0.0437  0.0424  0.0351  0.0335  0.0330  0.0324  0.0311  0.0307
  0.0479  0.0465  0.0465  0.0529  0.0464  0.0474  0.0357  0.0329  0.0335  0.0326  0.0305  0.0314
  0.0495  0.0472  0.0473  0.0569  0.0492  0.0517  0.0368  0.0339  0.0344  0.0337  0.0306  0.0324
niter,ni,del,rscale     7    3    5.0000    1.2000
parameter  4  0.594719 ->  0.500000 qaram    1.3225
parameter  5  1.105658 ->  0.500000 qaram    1.3225
parameters
   -2.2925  -10.8086   14.5049   -9.2285   -9.5519   -5.9695
    5.3954    8.4578   -4.3125   -6.7627   -1.1393   13.2478
eta,q 0.97457 12.84268
  0.0332  0.0326  0.0352  0.0291  0.0257  0.0309  0.0288  0.0295  0.0273  0.0291  0.0287  0.0281
  0.0313  0.0312  0.0329  0.0284  0.0259  0.0291  0.0276  0.0266  0.0265  0.0276  0.0270  0.0271
  0.0304  0.0305  0.0313  0.0284  0.0268  0.0276  0.0268  0.0258  0.0260  0.0266  0.0261  0.0263
  0.0306  0.0303  0.0303  0.0300  0.0283  0.0260  0.0266  0.0266  0.0259  0.0259  0.0257  0.0257
  0.0317  0.0307  0.0300  0.0337  0.0303  0.0261  0.0269  0.0284  0.0262  0.0257  0.0257  0.0254
  0.0337  0.0315  0.0305  0.0386  0.0328  0.0304  0.0278  0.0316  0.0270  0.0263  0.0261  0.0256
  0.0364  0.0327  0.0315  0.0442  0.0353  0.0367  0.0293  0.0360  0.0280  0.0278  0.0267  0.0262
niter,ni,del,rscale     7    3    5.0000    1.2000
parameters
   -2.0220  -10.6967   14.3426  -10.0267  -11.9051   -6.1587
    5.4290    8.3460   -4.8303   -6.7992   -0.6616   13.6158
eta,q 0.97465 12.74040
  0.0294  0.0282  0.0270  0.0299  0.0280  0.0304  0.0280  0.0315  0.0270  0.0281  0.0272  0.0269
  0.0275  0.0268  0.0260  0.0279  0.0264  0.0286  0.0266  0.0276  0.0260  0.0267  0.0260  0.0261
  0.0261  0.0258  0.0255  0.0264  0.0254  0.0269  0.0257  0.0257  0.0255  0.0258  0.0255  0.0256
  0.0254  0.0254  0.0254  0.0253  0.0256  0.0253  0.0254  0.0254  0.0254  0.0254  0.0254  0.0254
  0.0255  0.0256  0.0257  0.0255  0.0271  0.0245  0.0257  0.0261  0.0257  0.0256  0.0255  0.0254
  0.0263  0.0264  0.0264  0.0282  0.0294  0.0272  0.0265  0.0281  0.0264  0.0266  0.0259  0.0258
  0.0280  0.0277  0.0275  0.0332  0.0321  0.0331  0.0280  0.0316  0.0274  0.0283  0.0267  0.0266
niter,ni,del,rscale     6    3    5.0000    1.2000
parameters
   -1.9730  -10.2979   14.3271   -9.6415  -12.5388   -6.3650
    5.5774    8.3073   -5.0543   -6.1350   -0.4399   13.2950
eta,q 0.97474 12.71443
  0.0284  0.0286  0.0270  0.0303  0.0288  0.0301  0.0279  0.0315  0.0270  0.0284  0.0269  0.0265
  0.0268  0.0270  0.0260  0.0282  0.0270  0.0284  0.0266  0.0276  0.0261  0.0269  0.0259  0.0258
  0.0258  0.0259  0.0255  0.0265  0.0257  0.0268  0.0257  0.0257  0.0255  0.0258  0.0254  0.0254
  0.0253  0.0253  0.0253  0.0253  0.0252  0.0252  0.0253  0.0253  0.0253  0.0253  0.0253  0.0253
  0.0256  0.0254  0.0255  0.0248  0.0259  0.0245  0.0255  0.0260  0.0256  0.0254  0.0254  0.0254
  0.0266  0.0259  0.0261  0.0265  0.0277  0.0270  0.0264  0.0280  0.0262  0.0261  0.0259  0.0259
  0.0283  0.0270  0.0270  0.0307  0.0300  0.0328  0.0278  0.0314  0.0272  0.0275  0.0267  0.0268
niter,ni,del,rscale     5    3    5.0000    1.2000
parameters
   -1.9735   -9.9857   14.1676   -9.5310  -12.9227   -6.4170
    5.6104    8.3487   -5.1522   -5.3061   -0.2411   12.9073
eta,q 0.97480 12.69367
  0.0282  0.0282  0.0267  0.0301  0.0290  0.0301  0.0278  0.0316  0.0269  0.0283  0.0269  0.0264
  0.0266  0.0267  0.0258  0.0280  0.0271  0.0283  0.0265  0.0277  0.0260  0.0268  0.0258  0.0257
  0.0256  0.0257  0.0253  0.0264  0.0258  0.0268  0.0256  0.0256  0.0254  0.0258  0.0253  0.0253
  0.0253  0.0253  0.0252  0.0252  0.0252  0.0252  0.0252  0.0252  0.0252  0.0252  0.0252  0.0252
  0.0256  0.0253  0.0255  0.0248  0.0257  0.0244  0.0255  0.0258  0.0255  0.0253  0.0254  0.0254
  0.0266  0.0259  0.0261  0.0268  0.0275  0.0267  0.0264  0.0278  0.0261  0.0260  0.0258  0.0259
  0.0283  0.0270  0.0271  0.0311  0.0298  0.0322  0.0278  0.0312  0.0270  0.0272  0.0266  0.0268
niter,ni,del,rscale     4    3    5.0000    1.2000
parameters
   -1.9622   -9.6534   13.9776   -9.5217  -13.3696   -6.4662
    5.5888    8.4159   -5.2447   -4.3253   -0.0658   12.4277
eta,q 0.97484 12.66611
  0.0282  0.0281  0.0266  0.0299  0.0288  0.0299  0.0277  0.0315  0.0268  0.0283  0.0268  0.0264
  0.0266  0.0266  0.0257  0.0279  0.0270  0.0282  0.0264  0.0276  0.0259  0.0268  0.0258  0.0257
  0.0256  0.0257  0.0252  0.0263  0.0257  0.0267  0.0255  0.0256  0.0254  0.0257  0.0253  0.0253
  0.0252  0.0252  0.0252  0.0251  0.0251  0.0252  0.0252  0.0252  0.0252  0.0252  0.0252  0.0252
  0.0255  0.0253  0.0254  0.0248  0.0257  0.0244  0.0255  0.0258  0.0254  0.0252  0.0253  0.0254
  0.0265  0.0258  0.0261  0.0268  0.0274  0.0267  0.0263  0.0277  0.0260  0.0258  0.0258  0.0259
  0.0282  0.0268  0.0271  0.0311  0.0297  0.0319  0.0278  0.0311  0.0269  0.0270  0.0266  0.0268
niter,ni,del,rscale     3    3    5.0000    1.2000
parameters
   -1.9394   -9.2315   13.7516   -9.5552  -13.9897   -6.5596
    5.5443    8.5042   -5.2991   -3.0824    0.0553   11.8779
eta,q 0.97492 12.62495
  0.0281  0.0280  0.0264  0.0297  0.0286  0.0296  0.0276  0.0313  0.0267  0.0283  0.0267  0.0262
  0.0265  0.0266  0.0256  0.0278  0.0268  0.0280  0.0263  0.0275  0.0259  0.0267  0.0257  0.0256
  0.0255  0.0256  0.0252  0.0262  0.0256  0.0266  0.0255  0.0256  0.0253  0.0257  0.0252  0.0252
  0.0252  0.0252  0.0251  0.0251  0.0251  0.0251  0.0252  0.0252  0.0252  0.0252  0.0251  0.0251
  0.0254  0.0251  0.0254  0.0247  0.0257  0.0243  0.0254  0.0257  0.0254  0.0251  0.0252  0.0253
  0.0264  0.0256  0.0261  0.0267  0.0274  0.0268  0.0263  0.0275  0.0259  0.0255  0.0257  0.0258
  0.0281  0.0265  0.0270  0.0310  0.0297  0.0316  0.0277  0.0309  0.0268  0.0267  0.0265  0.0267
niter,ni,del,rscale     2    3    5.0000    1.2000
parameters
   -1.9067   -8.6756   13.4541   -9.6014  -14.8068   -6.7731
    5.4627    8.6339   -5.1691   -1.6266    0.0094   11.2682
eta,q 0.97508 12.56544
  0.0280  0.0281  0.0262  0.0295  0.0283  0.0292  0.0274  0.0310  0.0267  0.0283  0.0264  0.0260
  0.0265  0.0266  0.0254  0.0276  0.0266  0.0277  0.0262  0.0274  0.0258  0.0267  0.0255  0.0254
  0.0255  0.0257  0.0250  0.0260  0.0254  0.0264  0.0253  0.0255  0.0253  0.0256  0.0250  0.0250
  0.0251  0.0251  0.0249  0.0249  0.0249  0.0249  0.0251  0.0251  0.0251  0.0251  0.0249  0.0249
  0.0253  0.0249  0.0253  0.0246  0.0256  0.0242  0.0253  0.0255  0.0252  0.0249  0.0251  0.0251
  0.0263  0.0253  0.0260  0.0265  0.0275  0.0268  0.0262  0.0273  0.0258  0.0253  0.0256  0.0257
  0.0279  0.0262  0.0270  0.0308  0.0298  0.0313  0.0276  0.0305  0.0266  0.0265  0.0263  0.0265
niter,ni,del,rscale     1    3    5.0000    1.2000
parameters
   -1.8640   -8.0829   13.1232   -9.5616  -15.5472   -7.0761
    5.3083    8.8211   -4.9003   -0.4072   -0.1088   10.7036
eta,q 0.97523 12.50704
  0.0278  0.0281  0.0259  0.0292  0.0283  0.0287  0.0272  0.0308  0.0268  0.0282  0.0262  0.0258
  0.0263  0.0266  0.0251  0.0273  0.0265  0.0273  0.0260  0.0272  0.0258  0.0265  0.0253  0.0252
  0.0253  0.0256  0.0248  0.0258  0.0252  0.0261  0.0252  0.0253  0.0252  0.0254  0.0248  0.0249
  0.0249  0.0249  0.0247  0.0247  0.0247  0.0247  0.0249  0.0249  0.0249  0.0249  0.0248  0.0248
  0.0252  0.0247  0.0251  0.0243  0.0254  0.0241  0.0252  0.0253  0.0250  0.0248  0.0250  0.0250
  0.0261  0.0251  0.0257  0.0262  0.0273  0.0266  0.0260  0.0270  0.0256  0.0253  0.0254  0.0255
  0.0277  0.0261  0.0268  0.0303  0.0298  0.0310  0.0274  0.0302  0.0265  0.0265  0.0262  0.0262
registration optimization eta report
parameter search radius
    2.4000    2.4000    2.4000    9.5220    9.5220    8.2800
    7.2000    8.2800    7.2000    7.2000    8.2800    7.2000
100000*second partial in parameter space
       49.       38.       27.        6.        5.        8.
        5.        8.        3.        5.        2.        2.
  0.0278  0.0281  0.0259  0.0292  0.0283  0.0287  0.0272  0.0308  0.0268  0.0282  0.0262  0.0258
  0.0263  0.0266  0.0251  0.0273  0.0265  0.0273  0.0260  0.0272  0.0258  0.0265  0.0253  0.0252
  0.0253  0.0256  0.0248  0.0258  0.0252  0.0261  0.0252  0.0253  0.0252  0.0254  0.0248  0.0249
  0.0249  0.0249  0.0247  0.0247  0.0247  0.0247  0.0249  0.0249  0.0249  0.0249  0.0248  0.0248
  0.0252  0.0247  0.0251  0.0243  0.0254  0.0241  0.0252  0.0253  0.0250  0.0248  0.0250  0.0250
  0.0261  0.0251  0.0257  0.0262  0.0273  0.0266  0.0260  0.0270  0.0256  0.0253  0.0254  0.0255
  0.0277  0.0261  0.0268  0.0303  0.0298  0.0310  0.0274  0.0302  0.0265  0.0265  0.0262  0.0262
   -1.8640   -8.0829   13.1232   -9.5616  -15.5472   -7.0761
    5.3083    8.8211   -4.9003   -0.4072   -0.1088   10.7036
eta,q 0.97523 12.50704

---------------------------------------------------------------------
imgreg_4dfp /opt/freesurfer/average/711-2C_as_mni_average_305 /opt/freesurfer/average/711-2B_as_mni_average_305_mask talsrcimg_g11 none talsrcimg_to_711-2C_as_mni_average_305_t4 2311
---------------------------------------------------------------------

freesurfer imgreg_4dfp.c
/opt/freesurfer/average/711-2C_as_mni_average_305.4dfp.img
       256       256       256         1
  1.000000  1.000000  1.000000
orientation T byte_order littleendian
Reading image: /opt/freesurfer/average/711-2C_as_mni_average_305.4dfp.img
dimensions:      256       256       256
mmppix:       1.0000   -1.0000   -1.0000
center:     128.0000 -129.0000 -129.0000
/opt/freesurfer/average/711-2B_as_mni_average_305_mask.4dfp.img
       256       256       256         1
  1.000000  1.000000  1.000000
orientation T byte_order littleendian
Reading mask: /opt/freesurfer/average/711-2B_as_mni_average_305_mask.4dfp.img (2306576 pixels)
talsrcimg_g11.4dfp.img
       256       256       256         1
  0.900000  0.900000  0.900000
orientation T byte_order littleendian
Reading image: talsrcimg_g11.4dfp.img
dimensions:      256       256       256
mmppix:       0.9000   -0.9000   -0.9000
center:     115.2000 -116.1000 -116.1000
fimgreg.f
image alignment mode   2311 decimal      907 hex
parameters
   -1.8640   -8.0829   13.1232   -9.5616  -15.5472   -7.0761
    5.3083    8.8211   -4.9003   -0.4072   -0.1088   10.7036
eta,q 0.97523 12.50704
niter,ni,del,rscale     5    3    5.0000    0.8000
parameters
   -1.7809   -7.6453   12.8930   -7.4664  -15.7650   -6.1229
    4.9793    9.2873   -4.8250    0.3127    0.0581    9.5635
eta,q 0.97625 12.56823
  0.0261  0.0264  0.0251  0.0265  0.0254  0.0265  0.0250  0.0274  0.0248  0.0256  0.0247  0.0241
  0.0254  0.0256  0.0248  0.0258  0.0248  0.0258  0.0243  0.0255  0.0242  0.0247  0.0242  0.0239
  0.0250  0.0251  0.0247  0.0252  0.0244  0.0251  0.0239  0.0243  0.0239  0.0241  0.0239  0.0238
  0.0248  0.0248  0.0247  0.0247  0.0242  0.0242  0.0238  0.0238  0.0238  0.0238  0.0238  0.0238
  0.0249  0.0247  0.0248  0.0243  0.0244  0.0237  0.0240  0.0240  0.0239  0.0238  0.0239  0.0240
  0.0252  0.0249  0.0251  0.0243  0.0249  0.0241  0.0245  0.0248  0.0242  0.0241  0.0241  0.0243
  0.0259  0.0253  0.0255  0.0249  0.0258  0.0257  0.0254  0.0262  0.0247  0.0248  0.0245  0.0249
niter,ni,del,rscale     4    3    5.0000    0.7000
parameters
   -1.8559   -7.6047   12.9510   -7.7955  -15.7500   -5.6070
    4.8878    9.1916   -4.7644    0.6152    0.0994    8.9667
eta,q 0.97641 12.57018
  0.0249  0.0247  0.0245  0.0249  0.0248  0.0259  0.0246  0.0258  0.0243  0.0249  0.0243  0.0240
  0.0242  0.0242  0.0241  0.0244  0.0243  0.0253  0.0240  0.0245  0.0239  0.0242  0.0239  0.0237
  0.0239  0.0239  0.0238  0.0240  0.0240  0.0245  0.0237  0.0238  0.0237  0.0238  0.0236  0.0236
  0.0237  0.0237  0.0237  0.0237  0.0238  0.0238  0.0236  0.0236  0.0236  0.0236  0.0236  0.0236
  0.0239  0.0238  0.0238  0.0239  0.0238  0.0235  0.0237  0.0239  0.0237  0.0237  0.0237  0.0237
  0.0244  0.0241  0.0240  0.0245  0.0242  0.0240  0.0241  0.0247  0.0239  0.0240  0.0239  0.0239
  0.0252  0.0246  0.0244  0.0257  0.0249  0.0256  0.0247  0.0260  0.0243  0.0246  0.0242  0.0243
niter,ni,del,rscale     3    3    5.0000    0.6000
parameters
   -1.8602   -7.6178   13.0378   -7.7614  -15.7592   -5.2688
    4.8478    9.1841   -4.7594    0.7154    0.0995    8.6173
eta,q 0.97651 12.57774
  0.0245  0.0242  0.0242  0.0246  0.0244  0.0254  0.0242  0.0253  0.0240  0.0244  0.0240  0.0238
  0.0240  0.0239  0.0239  0.0242  0.0240  0.0248  0.0238  0.0243  0.0237  0.0239  0.0237  0.0236
  0.0237  0.0237  0.0237  0.0238  0.0237  0.0241  0.0236  0.0237  0.0236  0.0236  0.0235  0.0235
  0.0236  0.0236  0.0236  0.0236  0.0236  0.0236  0.0235  0.0235  0.0235  0.0235  0.0235  0.0235
  0.0237  0.0237  0.0236  0.0236  0.0236  0.0235  0.0236  0.0237  0.0236  0.0236  0.0236  0.0236
  0.0240  0.0239  0.0238  0.0240  0.0239  0.0239  0.0238  0.0243  0.0237  0.0238  0.0237  0.0237
  0.0245  0.0243  0.0241  0.0248  0.0245  0.0252  0.0243  0.0253  0.0240  0.0243  0.0240  0.0240
niter,ni,del,rscale     2    3    5.0000    0.5000
parameters
   -1.8713   -7.6432   13.1159   -7.6727  -15.7598   -4.9915
    4.8292    9.1787   -4.7459    0.7335    0.1061    8.3569
eta,q 0.97657 12.58565
  0.0241  0.0239  0.0240  0.0243  0.0241  0.0250  0.0240  0.0247  0.0238  0.0241  0.0238  0.0237
  0.0238  0.0237  0.0237  0.0240  0.0238  0.0244  0.0237  0.0240  0.0236  0.0237  0.0236  0.0235
  0.0236  0.0235  0.0236  0.0237  0.0236  0.0238  0.0235  0.0236  0.0235  0.0235  0.0235  0.0235
  0.0235  0.0235  0.0235  0.0235  0.0235  0.0235  0.0234  0.0234  0.0234  0.0234  0.0234  0.0234
  0.0236  0.0236  0.0235  0.0235  0.0235  0.0234  0.0235  0.0236  0.0235  0.0235  0.0235  0.0235
  0.0238  0.0237  0.0236  0.0238  0.0237  0.0238  0.0237  0.0240  0.0236  0.0237  0.0236  0.0236
  0.0242  0.0240  0.0238  0.0243  0.0241  0.0247  0.0240  0.0247  0.0238  0.0240  0.0238  0.0238
niter,ni,del,rscale     1    3    5.0000    0.4000
parameters
   -1.8877   -7.6778   13.1931   -7.5906  -15.7766   -4.7636
    4.8110    9.1624   -4.7305    0.7252    0.1070    8.1531
eta,q 0.97660 12.59252
  0.0238  0.0237  0.0238  0.0240  0.0238  0.0245  0.0237  0.0243  0.0236  0.0238  0.0236  0.0236
  0.0236  0.0235  0.0236  0.0237  0.0236  0.0241  0.0236  0.0238  0.0235  0.0236  0.0235  0.0235
  0.0235  0.0235  0.0235  0.0235  0.0235  0.0237  0.0234  0.0235  0.0234  0.0234  0.0234  0.0234
  0.0234  0.0234  0.0234  0.0234  0.0234  0.0234  0.0234  0.0234  0.0234  0.0234  0.0234  0.0234
  0.0235  0.0235  0.0234  0.0234  0.0235  0.0234  0.0234  0.0235  0.0234  0.0234  0.0234  0.0234
  0.0236  0.0236  0.0235  0.0236  0.0236  0.0237  0.0236  0.0238  0.0235  0.0236  0.0235  0.0235
  0.0239  0.0238  0.0237  0.0240  0.0238  0.0243  0.0238  0.0243  0.0236  0.0238  0.0236  0.0236
registration optimization eta report
parameter search radius
    0.8000    0.8000    0.8000    2.4000    2.4000    2.4000
    2.4000    2.4000    2.4000    2.4000    2.4000    2.4000
100000*second partial in parameter space
       68.       46.       44.       10.        7.       17.
        6.       15.        4.        7.        4.        3.
  0.0238  0.0237  0.0238  0.0240  0.0238  0.0245  0.0237  0.0243  0.0236  0.0238  0.0236  0.0236
  0.0236  0.0235  0.0236  0.0237  0.0236  0.0241  0.0236  0.0238  0.0235  0.0236  0.0235  0.0235
  0.0235  0.0235  0.0235  0.0235  0.0235  0.0237  0.0234  0.0235  0.0234  0.0234  0.0234  0.0234
  0.0234  0.0234  0.0234  0.0234  0.0234  0.0234  0.0234  0.0234  0.0234  0.0234  0.0234  0.0234
  0.0235  0.0235  0.0234  0.0234  0.0235  0.0234  0.0234  0.0235  0.0234  0.0234  0.0234  0.0234
  0.0236  0.0236  0.0235  0.0236  0.0236  0.0237  0.0236  0.0238  0.0235  0.0236  0.0235  0.0235
  0.0239  0.0238  0.0237  0.0240  0.0238  0.0243  0.0238  0.0243  0.0236  0.0238  0.0236  0.0236
   -1.8877   -7.6778   13.1931   -7.5906  -15.7766   -4.7636
    4.8110    9.1624   -4.7305    0.7252    0.1070    8.1531
eta,q 0.97660 12.59252

---------------------------------------------------------------------
imgreg_4dfp /opt/freesurfer/average/711-2C_as_mni_average_305 /opt/freesurfer/average/711-2B_as_mni_average_305_mask talsrcimg_g11 none talsrcimg_to_711-2C_as_mni_average_305_t4 2311
---------------------------------------------------------------------

freesurfer imgreg_4dfp.c
/opt/freesurfer/average/711-2C_as_mni_average_305.4dfp.img
       256       256       256         1
  1.000000  1.000000  1.000000
orientation T byte_order littleendian
Reading image: /opt/freesurfer/average/711-2C_as_mni_average_305.4dfp.img
dimensions:      256       256       256
mmppix:       1.0000   -1.0000   -1.0000
center:     128.0000 -129.0000 -129.0000
/opt/freesurfer/average/711-2B_as_mni_average_305_mask.4dfp.img
       256       256       256         1
  1.000000  1.000000  1.000000
orientation T byte_order littleendian
Reading mask: /opt/freesurfer/average/711-2B_as_mni_average_305_mask.4dfp.img (2306576 pixels)
talsrcimg_g11.4dfp.img
       256       256       256         1
  0.900000  0.900000  0.900000
orientation T byte_order littleendian
Reading image: talsrcimg_g11.4dfp.img
dimensions:      256       256       256
mmppix:       0.9000   -0.9000   -0.9000
center:     115.2000 -116.1000 -116.1000
fimgreg.f
image alignment mode   2311 decimal      907 hex
parameters
   -1.8877   -7.6778   13.1931   -7.5906  -15.7766   -4.7636
    4.8110    9.1624   -4.7305    0.7252    0.1070    8.1531
eta,q 0.97660 12.59252
niter,ni,del,rscale     5    3    5.0000    0.8000
parameters
   -1.9379   -7.7088   13.2686   -8.2145  -16.0254   -5.2000
    4.9634    9.0388   -4.7114    0.6346    0.1394    8.5688
eta,q 0.97643 12.56277
  0.0250  0.0245  0.0246  0.0248  0.0248  0.0259  0.0249  0.0262  0.0245  0.0249  0.0243  0.0244
  0.0241  0.0239  0.0240  0.0242  0.0241  0.0250  0.0242  0.0246  0.0240  0.0242  0.0239  0.0240
  0.0236  0.0235  0.0236  0.0237  0.0237  0.0241  0.0238  0.0238  0.0237  0.0237  0.0236  0.0237
  0.0234  0.0234  0.0234  0.0234  0.0235  0.0235  0.0236  0.0236  0.0236  0.0236  0.0236  0.0236
  0.0236  0.0236  0.0235  0.0236  0.0236  0.0237  0.0237  0.0239  0.0237  0.0237  0.0237  0.0236
  0.0242  0.0240  0.0238  0.0246  0.0242  0.0252  0.0241  0.0249  0.0240  0.0242  0.0239  0.0238
  0.0253  0.0246  0.0244  0.0263  0.0252  0.0278  0.0248  0.0264  0.0245  0.0251  0.0243  0.0242
niter,ni,del,rscale     4    3    5.0000    0.7000
parameters
   -1.8754   -7.6278   13.1526   -7.9937  -15.9391   -5.2960
    4.9102    9.1254   -4.7401    0.7069    0.1114    8.6016
eta,q 0.97646 12.56604
  0.0248  0.0245  0.0242  0.0249  0.0246  0.0256  0.0245  0.0258  0.0242  0.0247  0.0241  0.0241
  0.0242  0.0240  0.0238  0.0244  0.0241  0.0249  0.0240  0.0245  0.0239  0.0241  0.0238  0.0238
  0.0238  0.0237  0.0236  0.0239  0.0237  0.0241  0.0236  0.0238  0.0236  0.0237  0.0236  0.0236
  0.0236  0.0236  0.0236  0.0236  0.0235  0.0235  0.0235  0.0235  0.0235  0.0235  0.0235  0.0235
  0.0236  0.0236  0.0237  0.0235  0.0236  0.0235  0.0236  0.0238  0.0236  0.0236  0.0236  0.0236
  0.0240  0.0239  0.0240  0.0239  0.0239  0.0245  0.0240  0.0245  0.0239  0.0240  0.0238  0.0238
  0.0247  0.0243  0.0245  0.0249  0.0247  0.0265  0.0246  0.0256  0.0243  0.0246  0.0241  0.0241
niter,ni,del,rscale     3    3    5.0000    0.6000
parameters
   -1.8652   -7.6143   13.1159   -7.8088  -15.8605   -5.1606
    4.8622    9.1701   -4.7525    0.7525    0.1044    8.4703
eta,q 0.97653 12.57517
  0.0244  0.0242  0.0241  0.0246  0.0244  0.0253  0.0242  0.0253  0.0240  0.0243  0.0240  0.0239
  0.0240  0.0238  0.0238  0.0242  0.0240  0.0247  0.0238  0.0243  0.0237  0.0239  0.0237  0.0236
  0.0236  0.0236  0.0236  0.0238  0.0237  0.0240  0.0236  0.0237  0.0235  0.0236  0.0235  0.0235
  0.0235  0.0235  0.0235  0.0235  0.0235  0.0235  0.0235  0.0235  0.0235  0.0235  0.0235  0.0235
  0.0236  0.0236  0.0236  0.0235  0.0235  0.0235  0.0236  0.0237  0.0235  0.0236  0.0235  0.0235
  0.0239  0.0238  0.0238  0.0238  0.0238  0.0241  0.0238  0.0242  0.0237  0.0238  0.0237  0.0237
  0.0244  0.0242  0.0242  0.0246  0.0244  0.0255  0.0243  0.0252  0.0240  0.0243  0.0239  0.0239
niter,ni,del,rscale     2    3    5.0000    0.5000
parameters
   -1.8725   -7.6373   13.1430   -7.6842  -15.8077   -4.9527
    4.8263    9.1761   -4.7441    0.7561    0.1120    8.3032
eta,q 0.97657 12.58428
  0.0241  0.0239  0.0239  0.0243  0.0241  0.0249  0.0240  0.0247  0.0238  0.0240  0.0238  0.0237
  0.0238  0.0237  0.0237  0.0239  0.0238  0.0244  0.0237  0.0240  0.0236  0.0237  0.0236  0.0235
  0.0235  0.0235  0.0235  0.0237  0.0236  0.0238  0.0235  0.0236  0.0235  0.0235  0.0235  0.0235
  0.0235  0.0235  0.0235  0.0235  0.0235  0.0235  0.0234  0.0234  0.0234  0.0234  0.0234  0.0234
  0.0235  0.0235  0.0235  0.0235  0.0235  0.0235  0.0235  0.0236  0.0235  0.0235  0.0235  0.0235
  0.0238  0.0237  0.0236  0.0237  0.0237  0.0239  0.0237  0.0240  0.0236  0.0237  0.0236  0.0236
  0.0241  0.0240  0.0239  0.0243  0.0241  0.0248  0.0240  0.0247  0.0238  0.0240  0.0238  0.0238
niter,ni,del,rscale     1    3    5.0000    0.4000
parameters
   -1.8864   -7.6710   13.2006   -7.5955  -15.7920   -4.7540
    4.8124    9.1605   -4.7343    0.7431    0.1276    8.1290
eta,q 0.97660 12.59173
  0.0238  0.0237  0.0237  0.0240  0.0238  0.0245  0.0237  0.0243  0.0236  0.0238  0.0236  0.0236
  0.0236  0.0235  0.0236  0.0237  0.0236  0.0240  0.0235  0.0238  0.0235  0.0236  0.0235  0.0235
  0.0235  0.0235  0.0235  0.0235  0.0235  0.0236  0.0234  0.0235  0.0234  0.0235  0.0234  0.0234
  0.0234  0.0234  0.0234  0.0234  0.0234  0.0234  0.0234  0.0234  0.0234  0.0234  0.0234  0.0234
  0.0235  0.0235  0.0234  0.0234  0.0234  0.0234  0.0234  0.0235  0.0234  0.0234  0.0234  0.0234
  0.0236  0.0236  0.0235  0.0236  0.0236  0.0237  0.0236  0.0238  0.0235  0.0236  0.0235  0.0235
  0.0239  0.0238  0.0237  0.0240  0.0238  0.0243  0.0238  0.0243  0.0236  0.0238  0.0236  0.0236
registration optimization eta report
parameter search radius
    0.8000    0.8000    0.8000    2.4000    2.4000    2.4000
    2.4000    2.4000    2.4000    2.4000    2.4000    2.4000
100000*second partial in parameter space
       68.       46.       43.       10.        7.       17.
        6.       15.        4.        7.        4.        3.
  0.0238  0.0237  0.0237  0.0240  0.0238  0.0245  0.0237  0.0243  0.0236  0.0238  0.0236  0.0236
  0.0236  0.0235  0.0236  0.0237  0.0236  0.0240  0.0235  0.0238  0.0235  0.0236  0.0235  0.0235
  0.0235  0.0235  0.0235  0.0235  0.0235  0.0236  0.0234  0.0235  0.0234  0.0235  0.0234  0.0234
  0.0234  0.0234  0.0234  0.0234  0.0234  0.0234  0.0234  0.0234  0.0234  0.0234  0.0234  0.0234
  0.0235  0.0235  0.0234  0.0234  0.0234  0.0234  0.0234  0.0235  0.0234  0.0234  0.0234  0.0234
  0.0236  0.0236  0.0235  0.0236  0.0236  0.0237  0.0236  0.0238  0.0235  0.0236  0.0235  0.0235
  0.0239  0.0238  0.0237  0.0240  0.0238  0.0243  0.0238  0.0243  0.0236  0.0238  0.0236  0.0236
   -1.8864   -7.6710   13.2006   -7.5955  -15.7920   -4.7540
    4.8124    9.1605   -4.7343    0.7431    0.1276    8.1290
eta,q 0.97660 12.59173

---------------------------------------------------------------------
compute_vox2vox talsrcimg talsrcimg_to_711-2C_as_mni_average_305_t4 /opt/freesurfer/average/711-2C_as_mni_average_305
---------------------------------------------------------------------

freesurfer compute_vox2vox.c
Reading: talsrcimg.4dfp.ifh
Reading: talsrcimg_to_711-2C_as_mni_average_305_t4
Reading: /opt/freesurfer/average/711-2C_as_mni_average_305.4dfp.ifh
Writing: talsrcimg_to_711-2C_as_mni_average_305_t4_vox2vox.txt

start time Wed Mar 11 20:21:35 CET 2026
end		time Wed Mar 11 20:23:00 CET 2026

mpr2mni305 success

avi2talxfm orig_nu.mgz /opt/freesurfer/average/mni305.cor.mgz talsrcimg_to_711-2C_as_mni_average_305_t4_vox2vox.txt transforms/talairach.auto.xfm
avi2talxfm done
mv -f /out/sourcedata/freesurfer/sub-v2s1x29885_ses-1/mri/talsrcimg_to_711-2C_as_mni_average_305_t4_vox2vox.txt /out/sourcedata/freesurfer/sub-v2s1x29885_ses-1/mri/transforms/talsrcimg_to_711-2C_as_mni_average_305_t4_vox2vox.txt
lta_convert --src orig_nu.mgz --trg /opt/freesurfer/average/mni305.cor.mgz --inxfm transforms/talairach.auto.xfm --outlta transforms/talairach.auto.xfm.lta --subject fsaverage
7.3.2

--src: orig_nu.mgz src image (geometry).
--trg: /opt/freesurfer/average/mni305.cor.mgz trg image (geometry).
--inmni: transforms/talairach.auto.xfm input MNI/XFM transform.
--outlta: transforms/talairach.auto.xfm.lta output LTA.
--s: fsaverage subject name
 LTA read, type : 1
 1.07969  -0.10344  -0.05172  -6.84245;
-0.00663   1.05134  -0.10111  -43.32159;
 0.06076  -0.01509   1.18552  -33.50063;
 0.00000   0.00000   0.00000   1.00000;
setting subject to fsaverage
Writing  LTA to file transforms/talairach.auto.xfm.lta...
lta_convert successful.
 
 
Started at Wed Mar 11 20:21:34 CET 2026
Ended   at Wed Mar 11 20:23:01 CET 2026
talairach_avi done
