status file for recon-all
Thu Mar 12 22:21:24 CET 2026
#@# Tessellate rh Thu Mar 12 22:21:24 CET 2026
#@# Smooth1 rh Thu Mar 12 22:21:27 CET 2026
#@# Inflation1 rh Thu Mar 12 22:21:30 CET 2026
#@# QSphere rh Thu Mar 12 22:22:38 CET 2026
#@# Fix Topology rh Thu Mar 12 22:23:53 CET 2026
#@# Smooth2 rh Thu Mar 12 22:35:30 CET 2026
#@# Inflation2 rh Thu Mar 12 22:35:33 CET 2026
#@# Curv .H and .K rh Thu Mar 12 22:36:49 CET 2026
#@# Sphere rh Thu Mar 12 22:37:38 CET 2026
#@# Surf Reg rh Thu Mar 12 22:45:03 CET 2026
#@# Jacobian white rh Thu Mar 12 22:52:32 CET 2026
#@# AvgCurv rh Thu Mar 12 22:52:33 CET 2026
#@# Cortical Parc rh Thu Mar 12 22:52:34 CET 2026
#@# white curv rh Thu Mar 12 22:59:47 CET 2026
#@# white area rh Thu Mar 12 22:59:49 CET 2026
#@# pial curv rh Thu Mar 12 22:59:50 CET 2026
#@# pial area rh Thu Mar 12 22:59:51 CET 2026
#@# thickness rh Thu Mar 12 22:59:52 CET 2026
#@# area and vertex vol rh Thu Mar 12 23:00:23 CET 2026
#@# Curvature Stats rh Thu Mar 12 23:00:24 CET 2026
#@# Cortical Parc 2 rh Thu Mar 12 23:00:27 CET 2026
#@# Cortical Parc 3 rh Thu Mar 12 23:00:41 CET 2026
#@# WM/GM Contrast rh Thu Mar 12 23:00:52 CET 2026
recon-all -s sub-v2s1x29894_ses-1 finished without error at Thu Mar 12 23:00:55 CET 2026



#New# invocation of recon-all 



status file for recon-all
Thu Mar 12 23:11:02 CET 2026
#@# white curv rh Thu Mar 12 23:11:02 CET 2026
#@# white area rh Thu Mar 12 23:11:02 CET 2026
#@# pial curv rh Thu Mar 12 23:11:02 CET 2026
#@# pial area rh Thu Mar 12 23:11:02 CET 2026
#@# thickness rh Thu Mar 12 23:11:02 CET 2026
#@# area and vertex vol rh Thu Mar 12 23:11:02 CET 2026
#@# Parcellation Stats rh Thu Mar 12 23:11:02 CET 2026
#@# Parcellation Stats 2 rh Thu Mar 12 23:11:22 CET 2026
#@# Parcellation Stats 3 rh Thu Mar 12 23:11:33 CET 2026
#@# BA_exvivo Labels rh Thu Mar 12 23:11:43 CET 2026
recon-all -s sub-v2s1x29894_ses-1 finished without error at Thu Mar 12 23:14:41 CET 2026
