status file for recon-all
Thu Mar 12 21:34:51 CET 2026
#@# Tessellate lh Thu Mar 12 21:34:51 CET 2026
#@# Smooth1 lh Thu Mar 12 21:34:55 CET 2026
#@# Inflation1 lh Thu Mar 12 21:34:58 CET 2026
#@# QSphere lh Thu Mar 12 21:36:16 CET 2026
#@# Fix Topology lh Thu Mar 12 21:37:34 CET 2026
#@# Smooth2 lh Thu Mar 12 21:56:50 CET 2026
#@# Inflation2 lh Thu Mar 12 21:56:53 CET 2026
#@# Curv .H and .K lh Thu Mar 12 21:58:05 CET 2026
#@# Sphere lh Thu Mar 12 21:58:53 CET 2026
#@# Surf Reg lh Thu Mar 12 22:05:46 CET 2026
#@# Jacobian white lh Thu Mar 12 22:13:27 CET 2026
#@# AvgCurv lh Thu Mar 12 22:13:28 CET 2026
#@# Cortical Parc lh Thu Mar 12 22:13:28 CET 2026
#@# white curv lh Thu Mar 12 22:20:15 CET 2026
#@# white area lh Thu Mar 12 22:20:16 CET 2026
#@# pial curv lh Thu Mar 12 22:20:17 CET 2026
#@# pial area lh Thu Mar 12 22:20:19 CET 2026
#@# thickness lh Thu Mar 12 22:20:20 CET 2026
#@# area and vertex vol lh Thu Mar 12 22:20:51 CET 2026
#@# Curvature Stats lh Thu Mar 12 22:20:53 CET 2026
#@# Cortical Parc 2 lh Thu Mar 12 22:20:56 CET 2026
#@# Cortical Parc 3 lh Thu Mar 12 22:21:09 CET 2026
#@# WM/GM Contrast lh Thu Mar 12 22:21:19 CET 2026
recon-all -s sub-v2s1x29894_ses-1 finished without error at Thu Mar 12 22:21:23 CET 2026



#New# invocation of recon-all 



status file for recon-all
Thu Mar 12 23:07:18 CET 2026
#@# white curv lh Thu Mar 12 23:07:18 CET 2026
#@# white area lh Thu Mar 12 23:07:18 CET 2026
#@# pial curv lh Thu Mar 12 23:07:18 CET 2026
#@# pial area lh Thu Mar 12 23:07:18 CET 2026
#@# thickness lh Thu Mar 12 23:07:18 CET 2026
#@# area and vertex vol lh Thu Mar 12 23:07:18 CET 2026
#@# Parcellation Stats lh Thu Mar 12 23:07:18 CET 2026
#@# Parcellation Stats 2 lh Thu Mar 12 23:07:39 CET 2026
#@# Parcellation Stats 3 lh Thu Mar 12 23:07:50 CET 2026
#@# BA_exvivo Labels lh Thu Mar 12 23:08:00 CET 2026
recon-all -s sub-v2s1x29894_ses-1 finished without error at Thu Mar 12 23:11:01 CET 2026
