/out/sourcedata/freesurfer/sub-v2s1x29917_ses-1/mri
/opt/freesurfer/bin/talairach_avi
--i orig_nu.mgz --xfm transforms/talairach.auto.xfm
talairach_avi 7.3.2
Linux dna010 5.14.0-427.37.1.el9_4.x86_64 #1 SMP PREEMPT_DYNAMIC Fri Sep 13 12:41:50 EDT 2024 x86_64 x86_64 x86_64 GNU/Linux
Thu Mar 12 20:43:57 CET 2026
mri_convert orig_nu.mgz talsrcimg.img 
reading from orig_nu.mgz...
TR=0.00, TE=0.00, TI=0.00, flip angle=0.00
i_ras = (-1, 0, 0)
j_ras = (0, 0, -1)
k_ras = (0, 1, 0)
writing to talsrcimg.img...
Analyze Output Matrix
-0.90000   0.00000   0.00000   119.17364;
 0.00000   0.00000   0.90000  -76.06100;
 0.00000  -0.90000   0.00000   153.29987;
 0.00000   0.00000   0.00000   1.00000;
--------------------
INFO: set hdr.hist.orient to -1
mpr2mni305 talsrcimg
Thu Mar 12 20:43:58 CET 2026
/opt/freesurfer/bin/mpr2mni305 talsrcimg
mpr2mni305 7.3.2
target=711-2C_as_mni_average_305

---------------------------------------------------------------------
analyzeto4dfp talsrcimg -O0 -y
---------------------------------------------------------------------

freesurfer ifh2hdr.c
Thu Mar 12 20:43:58 2026
Writing: talsrcimg.4dfp.hdr
freesurfer analyzeto4dfp.c
Reading: talsrcimg.hdr
header size 348 bytes
hdr.dime.datatype	offset=70	value=2
hdr.dime.bitpix		offset=72	value=8
hdr.hist.orient		offset=252	value=-1
dimensionality     4
dimensions       256       256       256         1
Reading: talsrcimg.img
Writing: talsrcimg.4dfp.img
Writing: talsrcimg.4dfp.ifh
ifh2hdr talsrcimg -r0to239
ori=2

---------------------------------------------------------------------
gauss_4dfp talsrcimg 1.1
---------------------------------------------------------------------

freesurfer gauss_4dfp.c
Reading: talsrcimg.4dfp.img
Writing: talsrcimg_g11.4dfp.img
image dimensions 256 256 256 padded to 288 288 288
processing volume 1freesurfer ifh2hdr.c
Thu Mar 12 20:44:00 2026
Writing: talsrcimg_g11.4dfp.hdr

Writing: talsrcimg_g11.4dfp.ifh
including: talsrcimg.4dfp.img.rec in talsrcimg_g11.4dfp.img.rec

---------------------------------------------------------------------
imgreg_4dfp /opt/freesurfer/average/711-2C_as_mni_average_305 none talsrcimg_g11 none talsrcimg_to_711-2C_as_mni_average_305_t4 4355
---------------------------------------------------------------------

freesurfer imgreg_4dfp.c
/opt/freesurfer/average/711-2C_as_mni_average_305.4dfp.img
       256       256       256         1
  1.000000  1.000000  1.000000
orientation T byte_order littleendian
Reading image: /opt/freesurfer/average/711-2C_as_mni_average_305.4dfp.img
dimensions:      256       256       256
mmppix:       1.0000   -1.0000   -1.0000
center:     128.0000 -129.0000 -129.0000
talsrcimg_g11.4dfp.img
       256       256       256         1
  0.900000  0.900000  0.900000
orientation T byte_order littleendian
Reading image: talsrcimg_g11.4dfp.img
dimensions:      256       256       256
mmppix:       0.9000   -0.9000   -0.9000
center:     115.2000 -116.1000 -116.1000
t4_read: open error in t4_sub.f l:  41 t4_file(1:l)talsrcimg_to_711-2C_as_mni_average_305_t4 
t4_read: transform initialized to I4
rotation matrix determinant  1.000000
image alignment mode   4355 decimal     1103 hex
   -7.5000  -45.0000  -45.0000 5612.8584   25.3098
    0.0000  -45.0000  -45.0000 5669.8452   25.3153
    7.5000  -45.0000  -45.0000 5379.3774   25.3748
   -7.5000  -37.5000  -45.0000 5978.5518   26.9080
    0.0000  -37.5000  -45.0000 6037.1377   26.9054
    7.5000  -37.5000  -45.0000 5714.8384   26.9615
   -7.5000  -30.0000  -45.0000 6296.7412   27.6379
    0.0000  -30.0000  -45.0000 6358.3799   27.6418
    7.5000  -30.0000  -45.0000 6022.6440   27.6934
   -7.5000  -22.5000  -45.0000 6690.4268   27.5020
    0.0000  -22.5000  -45.0000 6758.5200   27.5191
    7.5000  -22.5000  -45.0000 6399.6553   27.5713
   -7.5000  -15.0000  -45.0000 7066.5537   27.4923
    0.0000  -15.0000  -45.0000 7143.2656   27.5200
    7.5000  -15.0000  -45.0000 6784.4053   27.5802
   -7.5000   -7.5000  -45.0000 7093.6045   27.6063
    0.0000   -7.5000  -45.0000 7159.4902   27.6299
    7.5000   -7.5000  -45.0000 6800.4150   27.6962
   -7.5000    0.0000  -45.0000 7062.8247   27.7462
    0.0000    0.0000  -45.0000 7123.6338   27.7522
    7.5000    0.0000  -45.0000 6766.2734   27.8174
   -7.5000    7.5000  -45.0000 6792.1279   27.7563
    0.0000    7.5000  -45.0000 6863.2256   27.7536
    7.5000    7.5000  -45.0000 6513.1807   27.8115
   -7.5000   15.0000  -45.0000 6765.7139   27.6379
    0.0000   15.0000  -45.0000 6821.6665   27.6418
    7.5000   15.0000  -45.0000 6463.7744   27.6934
   -7.5000   22.5000  -45.0000 6141.0439   27.1321
    0.0000   22.5000  -45.0000 6177.4492   27.1489
    7.5000   22.5000  -45.0000 5842.8682   27.2004
   -7.5000   30.0000  -45.0000 5542.7861   26.3991
    0.0000   30.0000  -45.0000 5580.3662   26.4257
    7.5000   30.0000  -45.0000 5271.2812   26.4835
   -7.5000   37.5000  -45.0000 5001.1875   25.6549
    0.0000   37.5000  -45.0000 5027.9761   25.6768
    7.5000   37.5000  -45.0000 4756.7690   25.7385
   -7.5000   45.0000  -45.0000 4468.2402   25.1326
    0.0000   45.0000  -45.0000 4487.9360   25.1373
    7.5000   45.0000  -45.0000 4253.6997   25.1957
   -7.5000  -45.0000  -37.5000 6079.9980   26.2885
    0.0000  -45.0000  -37.5000 6132.4019   26.3262
    7.5000  -45.0000  -37.5000 5829.8125   26.4153
   -7.5000  -37.5000  -37.5000 6465.3389   27.9478
    0.0000  -37.5000  -37.5000 6533.5605   27.9855
    7.5000  -37.5000  -37.5000 6193.4072   28.0852
   -7.5000  -30.0000  -37.5000 6813.0205   28.6466
    0.0000  -30.0000  -37.5000 6886.9507   28.6942
    7.5000  -30.0000  -37.5000 6521.8042   28.7983
   -7.5000  -22.5000  -37.5000 7220.1680   28.5086
    0.0000  -22.5000  -37.5000 7294.4170   28.5669
    7.5000  -22.5000  -37.5000 6922.4756   28.6702
   -7.5000  -15.0000  -37.5000 7587.4741   28.5112
    0.0000  -15.0000  -37.5000 7656.1650   28.5761
    7.5000  -15.0000  -37.5000 7283.1333   28.6766
   -7.5000   -7.5000  -37.5000 7619.4067   28.6388
    0.0000   -7.5000  -37.5000 7677.8291   28.6964
    7.5000   -7.5000  -37.5000 7297.6460   28.7926
   -7.5000    0.0000  -37.5000 7597.2646   28.7823
    0.0000    0.0000  -37.5000 7667.0259   28.8236
    7.5000    0.0000  -37.5000 7285.7539   28.9211
   -7.5000    7.5000  -37.5000 7298.3213   28.7781
    0.0000    7.5000  -37.5000 7362.9307   28.8170
    7.5000    7.5000  -37.5000 7007.3247   28.9197
   -7.5000   15.0000  -37.5000 7228.6572   28.6453
    0.0000   15.0000  -37.5000 7277.8359   28.6929
    7.5000   15.0000  -37.5000 6905.6533   28.7970
   -7.5000   22.5000  -37.5000 6542.1455   28.1274
    0.0000   22.5000  -37.5000 6568.8613   28.1849
    7.5000   22.5000  -37.5000 6226.1963   28.2868
   -7.5000   30.0000  -37.5000 5888.7563   27.3970
    0.0000   30.0000  -37.5000 5937.9458   27.4594
    7.5000   30.0000  -37.5000 5620.5757   27.5559
   -7.5000   37.5000  -37.5000 5289.3770   26.6361
    0.0000   37.5000  -37.5000 5328.8462   26.6897
    7.5000   37.5000  -37.5000 5049.7261   26.7792
   -7.5000   45.0000  -37.5000 4732.6157   26.0599
    0.0000   45.0000  -37.5000 4771.5210   26.0959
    7.5000   45.0000  -37.5000 4518.6689   26.1833
   -7.5000  -45.0000  -30.0000 6645.2051   27.7255
    0.0000  -45.0000  -30.0000 6696.6157   27.7652
    7.5000  -45.0000  -30.0000 6377.8818   27.8497
   -7.5000  -37.5000  -30.0000 7045.6787   29.4765
    0.0000  -37.5000  -30.0000 7111.9531   29.5302
    7.5000  -37.5000  -30.0000 6763.8306   29.6360
   -7.5000  -30.0000  -30.0000 7439.0532   30.1555
    0.0000  -30.0000  -30.0000 7495.4277   30.2226
    7.5000  -30.0000  -30.0000 7133.3467   30.3391
   -7.5000  -22.5000  -30.0000 7879.7026   30.0031
    0.0000  -22.5000  -30.0000 7934.0596   30.0708
    7.5000  -22.5000  -30.0000 7566.1753   30.1835
   -7.5000  -15.0000  -30.0000 8286.5381   30.0170
    0.0000  -15.0000  -30.0000 8341.3203   30.0756
    7.5000  -15.0000  -30.0000 7967.1611   30.1738
   -7.5000   -7.5000  -30.0000 8299.1738   30.1669
    0.0000   -7.5000  -30.0000 8350.0693   30.2148
    7.5000   -7.5000  -30.0000 7954.2505   30.3012
   -7.5000    0.0000  -30.0000 8249.2266   30.3241
    0.0000    0.0000  -30.0000 8327.0127   30.3675
    7.5000    0.0000  -30.0000 7922.6782   30.4600
   -7.5000    7.5000  -30.0000 7917.5381   30.3064
    0.0000    7.5000  -30.0000 7976.5020   30.3616
    7.5000    7.5000  -30.0000 7593.2285   30.4704
   -7.5000   15.0000  -30.0000 7814.7388   30.1514
    0.0000   15.0000  -30.0000 7879.0625   30.2185
    7.5000   15.0000  -30.0000 7468.9575   30.3349
   -7.5000   22.5000  -30.0000 7063.8398   29.6033
    0.0000   22.5000  -30.0000 7111.9292   29.6700
    7.5000   22.5000  -30.0000 6733.2793   29.7813
   -7.5000   30.0000  -30.0000 6367.4639   28.8649
    0.0000   30.0000  -30.0000 6414.5620   28.9213
    7.5000   30.0000  -30.0000 6063.8838   29.0157
   -7.5000   37.5000  -30.0000 5699.7803   28.0998
    0.0000   37.5000  -30.0000 5728.8086   28.1444
    7.5000   37.5000  -30.0000 5422.8545   28.2249
   -7.5000   45.0000  -30.0000 5069.0488   27.4941
    0.0000   45.0000  -30.0000 5100.2773   27.5327
    7.5000   45.0000  -30.0000 4828.4819   27.6161
   -7.5000  -45.0000  -22.5000 7215.6577   29.0449
    0.0000  -45.0000  -22.5000 7270.0815   29.0504
    7.5000  -45.0000  -22.5000 6920.9316   29.0967
   -7.5000  -37.5000  -22.5000 7623.7905   30.9015
    0.0000  -37.5000  -22.5000 7693.4692   30.9312
    7.5000  -37.5000  -22.5000 7319.5088   30.9956
   -7.5000  -30.0000  -22.5000 8039.8809   31.5737
    0.0000  -30.0000  -22.5000 8105.4629   31.6183
    7.5000  -30.0000  -22.5000 7727.0142   31.6902
   -7.5000  -22.5000  -22.5000 8521.7314   31.4040
    0.0000  -22.5000  -22.5000 8583.0371   31.4376
    7.5000  -22.5000  -22.5000 8195.7129   31.5032
   -7.5000  -15.0000  -22.5000 8969.3584   31.4141
    0.0000  -15.0000  -22.5000 9024.5703   31.4224
    7.5000  -15.0000  -22.5000 8631.5938   31.4721
   -7.5000   -7.5000  -22.5000 8989.6924   31.5763
    0.0000   -7.5000  -22.5000 9045.2559   31.5725
    7.5000   -7.5000  -22.5000 8644.0674   31.6137
   -7.5000    0.0000  -22.5000 8926.8350   31.7491
    0.0000    0.0000  -22.5000 8990.8262   31.7550
    7.5000    0.0000  -22.5000 8572.2783   31.8057
   -7.5000    7.5000  -22.5000 8540.5117   31.7320
    0.0000    7.5000  -22.5000 8590.1289   31.7624
    7.5000    7.5000  -22.5000 8177.8506   31.8285
   -7.5000   15.0000  -22.5000 8414.0684   31.5661
    0.0000   15.0000  -22.5000 8462.3037   31.6107
    7.5000   15.0000  -22.5000 8037.7964   31.6826
   -7.5000   22.5000  -22.5000 7592.8677   30.9885
    0.0000   22.5000  -22.5000 7649.2134   31.0217
    7.5000   22.5000  -22.5000 7228.5825   31.0864
   -7.5000   30.0000  -22.5000 6855.1870   30.2306
    0.0000   30.0000  -22.5000 6898.2065   30.2386
    7.5000   30.0000  -22.5000 6500.7231   30.2864
   -7.5000   37.5000  -22.5000 6089.3643   29.4574
    0.0000   37.5000  -22.5000 6126.3574   29.4538
    7.5000   37.5000  -22.5000 5786.3276   29.4923
   -7.5000   45.0000  -22.5000 5391.0352   28.8563
    0.0000   45.0000  -22.5000 5436.1963   28.8626
    7.5000   45.0000  -22.5000 5130.2852   28.9087
   -7.5000  -45.0000  -15.0000 7782.4883   30.0606
    0.0000  -45.0000  -15.0000 7846.1016   30.0321
    7.5000  -45.0000  -15.0000 7459.5366   30.0512
   -7.5000  -37.5000  -15.0000 8180.5078   31.9922
    0.0000  -37.5000  -15.0000 8264.3906   31.9808
    7.5000  -37.5000  -15.0000 7861.4858   32.0011
   -7.5000  -30.0000  -15.0000 8604.4062   32.6717
    0.0000  -30.0000  -15.0000 8676.8662   32.6722
    7.5000  -30.0000  -15.0000 8279.7344   32.6878
   -7.5000  -22.5000  -15.0000 9117.0967   32.4963
    0.0000  -22.5000  -15.0000 9158.6426   32.4879
    7.5000  -22.5000  -15.0000 8763.2881   32.4981
   -7.5000  -15.0000  -15.0000 9586.9648   32.4946
    0.0000  -15.0000  -15.0000 9641.5840   32.4636
    7.5000  -15.0000  -15.0000 9240.0273   32.4712
   -7.5000   -7.5000  -15.0000 9620.9492   32.6507
    0.0000   -7.5000  -15.0000 9676.8711   32.6106
    7.5000   -7.5000  -15.0000 9253.5557   32.6231
   -7.5000    0.0000  -15.0000 9565.4238   32.8274
    0.0000    0.0000  -15.0000 9622.9727   32.7963
    7.5000    0.0000  -15.0000 9165.8711   32.8172
   -7.5000    7.5000  -15.0000 9120.2637   32.8200
    0.0000    7.5000  -15.0000 9157.7842   32.8083
    7.5000    7.5000  -15.0000 8710.5918   32.8292
   -7.5000   15.0000  -15.0000 8964.5234   32.6616
    0.0000   15.0000  -15.0000 8954.0986   32.6621
    7.5000   15.0000  -15.0000 8510.2822   32.6777
   -7.5000   22.5000  -15.0000 8089.4238   32.0712
    0.0000   22.5000  -15.0000 8078.0815   32.0629
    7.5000   22.5000  -15.0000 7644.7314   32.0730
   -7.5000   30.0000  -15.0000 7286.4434   31.2939
    0.0000   30.0000  -15.0000 7298.2998   31.2640
    7.5000   30.0000  -15.0000 6904.1509   31.2714
   -7.5000   37.5000  -15.0000 6473.9761   30.5062
    0.0000   37.5000  -15.0000 6507.7773   30.4687
    7.5000   37.5000  -15.0000 6145.3682   30.4804
   -7.5000   45.0000  -15.0000 5719.4253   29.9154
    0.0000   45.0000  -15.0000 5763.9414   29.8886
    7.5000   45.0000  -15.0000 5438.2134   29.9080
   -7.5000  -45.0000   -7.5000 8056.7759   29.9242
    0.0000  -45.0000   -7.5000 8129.7944   29.8968
    7.5000  -45.0000   -7.5000 7747.6616   29.9258
   -7.5000  -37.5000   -7.5000 8432.7402   31.8547
    0.0000  -37.5000   -7.5000 8501.5225   31.8268
    7.5000  -37.5000   -7.5000 8132.5869   31.8465
   -7.5000  -30.0000   -7.5000 8857.7812   32.5458
    0.0000  -30.0000   -7.5000 8896.8223   32.5264
    7.5000  -30.0000   -7.5000 8550.2764   32.5355
   -7.5000  -22.5000   -7.5000 9388.7490   32.3806
    0.0000  -22.5000   -7.5000 9407.6982   32.3658
    7.5000  -22.5000   -7.5000 9058.1816   32.3734
   -7.5000  -15.0000   -7.5000 9889.3154   32.3714
    0.0000  -15.0000   -7.5000 9925.9600   32.3534
    7.5000  -15.0000   -7.5000 9543.3848   32.3701
   -7.5000   -7.5000   -7.5000 9929.0293   32.5116
    0.0000   -7.5000   -7.5000 9971.0488   32.4880
    7.5000   -7.5000   -7.5000 9565.1025   32.5166
   -7.5000    0.0000   -7.5000 9855.4365   32.6784
    0.0000    0.0000   -7.5000 9899.9854   32.6485
    7.5000    0.0000   -7.5000 9461.6240   32.6802
   -7.5000    7.5000   -7.5000 9354.7139   32.6790
    0.0000    7.5000   -7.5000 9388.3428   32.6504
    7.5000    7.5000   -7.5000 8958.3545   32.6706
   -7.5000   15.0000   -7.5000 9132.5547   32.5358
    0.0000   15.0000   -7.5000 9113.9854   32.5163
    7.5000   15.0000   -7.5000 8700.1816   32.5255
   -7.5000   22.5000   -7.5000 8260.4844   31.9571
    0.0000   22.5000   -7.5000 8216.5762   31.9425
    7.5000   22.5000   -7.5000 7826.3721   31.9500
   -7.5000   30.0000   -7.5000 7450.3354   31.1752
    0.0000   30.0000   -7.5000 7424.9189   31.1579
    7.5000   30.0000   -7.5000 7074.7803   31.1740
   -7.5000   37.5000   -7.5000 6630.5308   30.3762
    0.0000   37.5000   -7.5000 6629.7427   30.3542
    7.5000   37.5000   -7.5000 6295.7954   30.3809
   -7.5000   45.0000   -7.5000 5850.5444   29.7845
    0.0000   45.0000   -7.5000 5869.8809   29.7580
    7.5000   45.0000   -7.5000 5556.8516   29.7868
   -7.5000  -45.0000    0.0000 8184.5200   30.5292
    0.0000  -45.0000    0.0000 8262.1816   30.5360
    7.5000  -45.0000    0.0000 7882.3760   30.6061
   -7.5000  -37.5000    0.0000 8571.5195   32.4860
    0.0000  -37.5000    0.0000 8627.1846   32.4836
    7.5000  -37.5000    0.0000 8268.8711   32.5497
   -7.5000  -30.0000    0.0000 8994.2451   33.1760
    0.0000  -30.0000    0.0000 9039.7266   33.1816
    7.5000  -30.0000    0.0000 8687.6660   33.2419
   -7.5000  -22.5000    0.0000 9532.6406   33.0162
    0.0000  -22.5000    0.0000 9554.5820   33.0375
    7.5000  -22.5000    0.0000 9197.3887   33.0985
   -7.5000  -15.0000    0.000010052.1475   33.0062
    0.0000  -15.0000    0.000010065.8662   33.0397
    7.5000  -15.0000    0.0000 9688.7285   33.1101
   -7.5000   -7.5000    0.000010094.2480   33.1416
    0.0000   -7.5000    0.000010089.6699   33.1698
    7.5000   -7.5000    0.0000 9707.7275   33.2475
   -7.5000    0.0000    0.000010001.4971   33.3061
    0.0000    0.0000    0.000010002.0527   33.3136
    7.5000    0.0000    0.0000 9610.2168   33.3900
   -7.5000    7.5000    0.0000 9461.8418   33.3047
    0.0000    7.5000    0.0000 9454.3213   33.3022
    7.5000    7.5000    0.0000 9079.6748   33.3700
   -7.5000   15.0000    0.0000 9144.7969   33.1643
    0.0000   15.0000    0.0000 9091.8564   33.1699
    7.5000   15.0000    0.0000 8737.7627   33.2301
   -7.5000   22.5000    0.0000 8264.8750   32.5889
    0.0000   22.5000    0.0000 8219.1855   32.6100
    7.5000   22.5000    0.0000 7868.3911   32.6702
   -7.5000   30.0000    0.0000 7447.3311   31.8058
    0.0000   30.0000    0.0000 7423.6973   31.8381
    7.5000   30.0000    0.0000 7100.7256   31.9060
   -7.5000   37.5000    0.0000 6638.8394   31.0019
    0.0000   37.5000    0.0000 6647.9746   31.0283
    7.5000   37.5000    0.0000 6342.1758   31.1010
   -7.5000   45.0000    0.0000 5859.6621   30.4146
    0.0000   45.0000    0.0000 5879.0654   30.4204
    7.5000   45.0000    0.0000 5589.8486   30.4894
   -7.5000  -45.0000    7.5000 8043.7368   30.5359
    0.0000  -45.0000    7.5000 8112.9805   30.5796
    7.5000  -45.0000    7.5000 7741.2007   30.6828
   -7.5000  -37.5000    7.5000 8336.8594   32.4799
    0.0000  -37.5000    7.5000 8394.0107   32.5236
    7.5000  -37.5000    7.5000 8035.2148   32.6391
   -7.5000  -30.0000    7.5000 8644.1934   33.1568
    0.0000  -30.0000    7.5000 8617.9990   33.2117
    7.5000  -30.0000    7.5000 8324.6533   33.3318
   -7.5000  -22.5000    7.5000 9112.9062   32.9974
    0.0000  -22.5000    7.5000 9075.4893   33.0648
    7.5000  -22.5000    7.5000 8754.7812   33.1839
   -7.5000  -15.0000    7.5000 9611.3770   33.0004
    0.0000  -15.0000    7.5000 9586.2461   33.0754
    7.5000  -15.0000    7.5000 9236.0703   33.1913
   -7.5000   -7.5000    7.5000 9674.2881   33.1477
    0.0000   -7.5000    7.5000 9642.2012   33.2142
    7.5000   -7.5000    7.5000 9292.7012   33.3252
   -7.5000    0.0000    7.5000 9577.4502   33.3135
    0.0000    0.0000    7.5000 9536.5410   33.3611
    7.5000    0.0000    7.5000 9205.9004   33.4737
   -7.5000    7.5000    7.5000 9080.0898   33.2984
    0.0000    7.5000    7.5000 9026.2695   33.3432
    7.5000    7.5000    7.5000 8712.8711   33.4617
   -7.5000   15.0000    7.5000 8737.0176   33.1451
    0.0000   15.0000    7.5000 8645.6445   33.1999
    7.5000   15.0000    7.5000 8366.3936   33.3200
   -7.5000   22.5000    7.5000 7923.0620   32.5704
    0.0000   22.5000    7.5000 7845.5869   32.6369
    7.5000   22.5000    7.5000 7582.4155   32.7544
   -7.5000   30.0000    7.5000 7165.1987   31.8002
    0.0000   30.0000    7.5000 7116.0918   31.8724
    7.5000   30.0000    7.5000 6855.5869   31.9842
   -7.5000   37.5000    7.5000 6412.4644   31.0076
    0.0000   37.5000    7.5000 6393.7280   31.0698
    7.5000   37.5000    7.5000 6123.1138   31.1737
   -7.5000   45.0000    7.5000 5672.9956   30.4151
    0.0000   45.0000    7.5000 5677.6362   30.4570
    7.5000   45.0000    7.5000 5401.2075   30.5587
   -7.5000  -45.0000   15.0000 8123.4683   30.6803
    0.0000  -45.0000   15.0000 8203.2021   30.7242
    7.5000  -45.0000   15.0000 7815.9927   30.8177
   -7.5000  -37.5000   15.0000 8379.9307   32.6221
    0.0000  -37.5000   15.0000 8407.8105   32.6815
    7.5000  -37.5000   15.0000 8064.5225   32.7985
   -7.5000  -30.0000   15.0000 8613.5215   33.2849
    0.0000  -30.0000   15.0000 8613.6602   33.3589
    7.5000  -30.0000   15.0000 8290.9014   33.4874
   -7.5000  -22.5000   15.0000 9086.0000   33.1167
    0.0000  -22.5000   15.0000 9120.2100   33.1913
    7.5000  -22.5000   15.0000 8738.8252   33.3157
   -7.5000  -15.0000   15.0000 9634.5283   33.1320
    0.0000  -15.0000   15.0000 9686.9844   33.1966
    7.5000  -15.0000   15.0000 9240.8350   33.3050
   -7.5000   -7.5000   15.0000 9710.8232   33.2975
    0.0000   -7.5000   15.0000 9747.6729   33.3503
    7.5000   -7.5000   15.0000 9344.0947   33.4456
   -7.5000    0.0000   15.0000 9616.2119   33.4709
    0.0000    0.0000   15.0000 9606.8193   33.5188
    7.5000    0.0000   15.0000 9251.4131   33.6209
   -7.5000    7.5000   15.0000 9101.1367   33.4442
    0.0000    7.5000   15.0000 9065.9912   33.5051
    7.5000    7.5000   15.0000 8766.2881   33.6250
   -7.5000   15.0000   15.0000 8716.9082   33.2731
    0.0000   15.0000   15.0000 8645.6484   33.3471
    7.5000   15.0000   15.0000 8368.6387   33.4755
   -7.5000   22.5000   15.0000 7908.6572   32.6881
    0.0000   22.5000   15.0000 7820.9634   32.7618
    7.5000   22.5000   15.0000 7568.2114   32.8846
   -7.5000   30.0000   15.0000 7145.7231   31.9270
    0.0000   30.0000   15.0000 7064.1436   31.9893
    7.5000   30.0000   15.0000 6825.8760   32.0937
   -7.5000   37.5000   15.0000 6385.1792   31.1478
    0.0000   37.5000   15.0000 6330.0376   31.1972
    7.5000   37.5000   15.0000 6097.4663   31.2863
   -7.5000   45.0000   15.0000 5651.2051   30.5534
    0.0000   45.0000   15.0000 5627.9946   30.5963
    7.5000   45.0000   15.0000 5383.2749   30.6888
   -7.5000  -45.0000   22.5000 7764.1660   30.8411
    0.0000  -45.0000   22.5000 7836.1201   30.8469
    7.5000  -45.0000   22.5000 7453.9443   30.8960
   -7.5000  -37.5000   22.5000 8035.4233   32.7979
    0.0000  -37.5000   22.5000 8066.9243   32.8294
    7.5000  -37.5000   22.5000 7701.3042   32.8976
   -7.5000  -30.0000   22.5000 8305.5742   33.4604
    0.0000  -30.0000   22.5000 8323.3857   33.5077
    7.5000  -30.0000   22.5000 7979.1230   33.5838
   -7.5000  -22.5000   22.5000 8723.8652   33.2804
    0.0000  -22.5000   22.5000 8773.4033   33.3160
    7.5000  -22.5000   22.5000 8397.8916   33.3855
   -7.5000  -15.0000   22.5000 9174.9795   33.2910
    0.0000  -15.0000   22.5000 9224.6133   33.2999
    7.5000  -15.0000   22.5000 8847.7148   33.3525
   -7.5000   -7.5000   22.5000 9241.4805   33.4631
    0.0000   -7.5000   22.5000 9274.2090   33.4591
    7.5000   -7.5000   22.5000 8941.0078   33.5028
   -7.5000    0.0000   22.5000 9220.3301   33.6464
    0.0000    0.0000   22.5000 9222.3223   33.6527
    7.5000    0.0000   22.5000 8900.0039   33.7063
   -7.5000    7.5000   22.5000 8753.2490   33.6244
    0.0000    7.5000   22.5000 8742.7676   33.6567
    7.5000    7.5000   22.5000 8446.7227   33.7267
   -7.5000   15.0000   22.5000 8365.1953   33.4485
    0.0000   15.0000   22.5000 8310.9941   33.4958
    7.5000   15.0000   22.5000 8017.5166   33.5719
   -7.5000   22.5000   22.5000 7557.2173   32.8497
    0.0000   22.5000   22.5000 7458.3428   32.8849
    7.5000   22.5000   22.5000 7202.4766   32.9535
   -7.5000   30.0000   22.5000 6803.0752   32.0803
    0.0000   30.0000   22.5000 6724.0781   32.0888
    7.5000   30.0000   22.5000 6477.1392   32.1395
   -7.5000   37.5000   22.5000 6046.3315   31.3027
    0.0000   37.5000   22.5000 5973.6846   31.2989
    7.5000   37.5000   22.5000 5761.7441   31.3398
   -7.5000   45.0000   22.5000 5316.8882   30.7143
    0.0000   45.0000   22.5000 5281.2217   30.7210
    7.5000   45.0000   22.5000 5079.5986   30.7700
   -7.5000  -45.0000   30.0000 7349.2290   30.6339
    0.0000  -45.0000   30.0000 7412.2886   30.6047
    7.5000  -45.0000   30.0000 7071.3550   30.6244
   -7.5000  -37.5000   30.0000 7630.1226   32.6044
    0.0000  -37.5000   30.0000 7655.4438   32.5926
    7.5000  -37.5000   30.0000 7332.4126   32.6137
   -7.5000  -30.0000   30.0000 7968.8257   33.2819
    0.0000  -30.0000   30.0000 7981.8271   33.2823
    7.5000  -30.0000   30.0000 7669.2837   33.2986
   -7.5000  -22.5000   30.0000 8414.3770   33.1029
    0.0000  -22.5000   30.0000 8426.9482   33.0942
    7.5000  -22.5000   30.0000 8116.3354   33.1049
   -7.5000  -15.0000   30.0000 8812.6133   33.1011
    0.0000  -15.0000   30.0000 8814.5859   33.0694
    7.5000  -15.0000   30.0000 8511.6133   33.0774
   -7.5000   -7.5000   30.0000 8845.6934   33.2605
    0.0000   -7.5000   30.0000 8846.3525   33.2194
    7.5000   -7.5000   30.0000 8536.9160   33.2323
   -7.5000    0.0000   30.0000 8826.8027   33.4408
    0.0000    0.0000   30.0000 8829.1924   33.4090
    7.5000    0.0000   30.0000 8492.0332   33.4304
   -7.5000    7.5000   30.0000 8361.2598   33.4317
    0.0000    7.5000   30.0000 8356.8174   33.4197
    7.5000    7.5000   30.0000 8028.8931   33.4412
   -7.5000   15.0000   30.0000 7944.4102   33.2700
    0.0000   15.0000   30.0000 7926.8911   33.2704
    7.5000   15.0000   30.0000 7611.1235   33.2867
   -7.5000   22.5000   30.0000 7135.4619   32.6716
    0.0000   22.5000   30.0000 7075.3579   32.6630
    7.5000   22.5000   30.0000 6822.5088   32.6736
   -7.5000   30.0000   30.0000 6416.1577   31.9119
    0.0000   30.0000   30.0000 6360.2080   31.8813
    7.5000   30.0000   30.0000 6120.0840   31.8890
   -7.5000   37.5000   30.0000 5695.4912   31.1424
    0.0000   37.5000   30.0000 5658.8936   31.1039
    7.5000   37.5000   30.0000 5435.1987   31.1160
   -7.5000   45.0000   30.0000 4988.2441   30.5751
    0.0000   45.0000   30.0000 4972.4624   30.5476
    7.5000   45.0000   30.0000 4764.4248   30.5676
   -7.5000  -45.0000   37.5000 6902.1113   30.2272
    0.0000  -45.0000   37.5000 6965.7378   30.1992
    7.5000  -45.0000   37.5000 6646.2139   30.2288
   -7.5000  -37.5000   37.5000 7196.0542   32.1856
    0.0000  -37.5000   37.5000 7262.8247   32.1575
    7.5000  -37.5000   37.5000 6916.9697   32.1779
   -7.5000  -30.0000   37.5000 7562.5894   32.8469
    0.0000  -30.0000   37.5000 7652.0405   32.8275
    7.5000  -30.0000   37.5000 7271.8955   32.8373
   -7.5000  -22.5000   37.5000 8016.9771   32.6783
    0.0000  -22.5000   37.5000 8099.4478   32.6634
    7.5000  -22.5000   37.5000 7698.8364   32.6715
   -7.5000  -15.0000   37.5000 8386.5420   32.6698
    0.0000  -15.0000   37.5000 8444.5283   32.6514
    7.5000  -15.0000   37.5000 8053.1582   32.6685
   -7.5000   -7.5000   37.5000 8361.3604   32.8140
    0.0000   -7.5000   37.5000 8381.1533   32.7898
    7.5000   -7.5000   37.5000 8013.2627   32.8189
   -7.5000    0.0000   37.5000 8304.9180   32.9843
    0.0000    0.0000   37.5000 8299.5215   32.9538
    7.5000    0.0000   37.5000 7958.0005   32.9860
   -7.5000    7.5000   37.5000 7882.9189   32.9819
    0.0000    7.5000   37.5000 7862.2485   32.9531
    7.5000    7.5000   37.5000 7542.2646   32.9740
   -7.5000   15.0000   37.5000 7472.5127   32.8349
    0.0000   15.0000   37.5000 7426.8140   32.8155
    7.5000   15.0000   37.5000 7133.2402   32.8254
   -7.5000   22.5000   37.5000 6713.7915   32.2469
    0.0000   22.5000   37.5000 6661.7026   32.2322
    7.5000   22.5000   37.5000 6414.7915   32.2402
   -7.5000   30.0000   37.5000 6032.5581   31.4959
    0.0000   30.0000   37.5000 5986.6274   31.4781
    7.5000   30.0000   37.5000 5762.4453   31.4946
   -7.5000   37.5000   37.5000 5357.1816   30.7247
    0.0000   37.5000   37.5000 5317.4629   30.7021
    7.5000   37.5000   37.5000 5105.3613   30.7293
   -7.5000   45.0000   37.5000 4687.4575   30.1616
    0.0000   45.0000   37.5000 4669.9639   30.1345
    7.5000   45.0000   37.5000 4456.9536   30.1639
   -7.5000  -45.0000   45.0000 6432.3018   30.0575
    0.0000  -45.0000   45.0000 6506.1719   30.0744
    7.5000  -45.0000   45.0000 6201.0640   30.1558
   -7.5000  -37.5000   45.0000 6717.1528   32.0090
    0.0000  -37.5000   45.0000 6790.0669   32.0180
    7.5000  -37.5000   45.0000 6466.1724   32.0956
   -7.5000  -30.0000   45.0000 7069.9292   32.6332
    0.0000  -30.0000   45.0000 7155.7266   32.6508
    7.5000  -30.0000   45.0000 6804.7212   32.7224
   -7.5000  -22.5000   45.0000 7487.3452   32.4643
    0.0000  -22.5000   45.0000 7579.3857   32.4969
    7.5000  -22.5000   45.0000 7200.5034   32.5695
   -7.5000  -15.0000   45.0000 7829.8799   32.4540
    0.0000  -15.0000   45.0000 7894.8550   32.4978
    7.5000  -15.0000   45.0000 7521.2891   32.5802
   -7.5000   -7.5000   45.0000 7791.4229   32.5972
    0.0000   -7.5000   45.0000 7834.4824   32.6356
    7.5000   -7.5000   45.0000 7467.1118   32.7257
   -7.5000    0.0000   45.0000 7723.5742   32.7710
    0.0000    0.0000   45.0000 7768.1021   32.7893
    7.5000    0.0000   45.0000 7412.1113   32.8781
   -7.5000    7.5000   45.0000 7355.3711   32.7694
    0.0000    7.5000   45.0000 7368.4946   32.7787
    7.5000    7.5000   45.0000 7036.4033   32.8581
   -7.5000   15.0000   45.0000 6971.2607   32.6210
    0.0000   15.0000   45.0000 6954.4487   32.6386
    7.5000   15.0000   45.0000 6647.9272   32.7102
   -7.5000   22.5000   45.0000 6271.7500   32.0315
    0.0000   22.5000   45.0000 6258.4565   32.0637
    7.5000   22.5000   45.0000 6002.0410   32.1353
   -7.5000   30.0000   45.0000 5634.4087   31.2847
    0.0000   30.0000   45.0000 5616.7471   31.3269
    7.5000   30.0000   45.0000 5393.0049   31.4064
   -7.5000   37.5000   45.0000 4990.2847   30.5136
    0.0000   37.5000   45.0000 4974.9902   30.5496
    7.5000   37.5000   45.0000 4777.0610   30.6340
   -7.5000   45.0000   45.0000 4367.1055   29.9531
    0.0000   45.0000   45.0000 4361.5039   29.9689
    7.5000   45.0000   45.0000 4172.6401   30.0492

---------------------------------------------------------------------
imgreg_4dfp /opt/freesurfer/average/711-2C_as_mni_average_305 /opt/freesurfer/average/711-2B_as_mni_average_305_mask talsrcimg_g11 none talsrcimg_to_711-2C_as_mni_average_305_t4 4355
---------------------------------------------------------------------

freesurfer imgreg_4dfp.c
/opt/freesurfer/average/711-2C_as_mni_average_305.4dfp.img
       256       256       256         1
  1.000000  1.000000  1.000000
orientation T byte_order littleendian
Reading image: /opt/freesurfer/average/711-2C_as_mni_average_305.4dfp.img
dimensions:      256       256       256
mmppix:       1.0000   -1.0000   -1.0000
center:     128.0000 -129.0000 -129.0000
/opt/freesurfer/average/711-2B_as_mni_average_305_mask.4dfp.img
       256       256       256         1
  1.000000  1.000000  1.000000
orientation T byte_order littleendian
Reading mask: /opt/freesurfer/average/711-2B_as_mni_average_305_mask.4dfp.img (2306576 pixels)
talsrcimg_g11.4dfp.img
       256       256       256         1
  0.900000  0.900000  0.900000
orientation T byte_order littleendian
Reading image: talsrcimg_g11.4dfp.img
dimensions:      256       256       256
mmppix:       0.9000   -0.9000   -0.9000
center:     115.2000 -116.1000 -116.1000
rotation matrix determinant  1.000000
image alignment mode   4355 decimal     1103 hex
  -15.0000  -52.5000  -45.0000 1689.2622   30.5991
   -7.5000  -52.5000  -45.0000 1717.0737   29.8310
    0.0000  -52.5000  -45.0000 1728.3857   29.6797
  -15.0000  -45.0000  -45.0000 1770.8828   28.6570
   -7.5000  -45.0000  -45.0000 1802.1122   28.0081
    0.0000  -45.0000  -45.0000 1814.0616   27.8372
  -15.0000  -37.5000  -45.0000 1837.5880   27.0600
   -7.5000  -37.5000  -45.0000 1865.6324   26.4570
    0.0000  -37.5000  -45.0000 1878.1445   26.2676
  -15.0000  -30.0000  -45.0000 1863.9595   25.9332
   -7.5000  -30.0000  -45.0000 1891.9036   25.3083
    0.0000  -30.0000  -45.0000 1907.3729   25.1427
  -15.0000  -22.5000  -45.0000 1878.2961   25.2220
   -7.5000  -22.5000  -45.0000 1908.6434   24.6020
    0.0000  -22.5000  -45.0000 1925.9482   24.4506
  -15.0000  -15.0000  -45.0000 1876.1306   25.2796
   -7.5000  -15.0000  -45.0000 1907.2610   24.5653
    0.0000  -15.0000  -45.0000 1929.5825   24.4499
  -15.0000   -7.5000  -45.0000 1852.7495   26.0431
   -7.5000   -7.5000  -45.0000 1885.9760   25.2173
    0.0000   -7.5000  -45.0000 1904.5554   25.1166
  -15.0000    0.0000  -45.0000 1813.1907   27.4539
   -7.5000    0.0000  -45.0000 1841.2755   26.5178
    0.0000    0.0000  -45.0000 1858.0020   26.3800
  -15.0000    7.5000  -45.0000 1755.4803   29.4402
   -7.5000    7.5000  -45.0000 1786.6401   28.4711
    0.0000    7.5000  -45.0000 1802.7463   28.3653
  -15.0000   15.0000  -45.0000 1677.3599   32.2016
   -7.5000   15.0000  -45.0000 1714.3608   31.2296
    0.0000   15.0000  -45.0000 1729.5605   31.1423
  -15.0000   22.5000  -45.0000 1588.6516   35.8555
   -7.5000   22.5000  -45.0000 1624.3547   34.8524
    0.0000   22.5000  -45.0000 1637.3715   34.6839
  -15.0000   30.0000  -45.0000 1482.3660   40.7299
   -7.5000   30.0000  -45.0000 1513.9784   39.5806
    0.0000   30.0000  -45.0000 1525.9242   39.3272
  -15.0000   37.5000  -45.0000 1358.4333   47.1066
   -7.5000   37.5000  -45.0000 1389.2681   45.8054
    0.0000   37.5000  -45.0000 1397.6394   45.3146
  -15.0000  -52.5000  -37.5000 1838.6517   29.6514
   -7.5000  -52.5000  -37.5000 1866.4272   28.9092
    0.0000  -52.5000  -37.5000 1875.8059   28.7073
  -15.0000  -45.0000  -37.5000 1929.1775   27.7745
   -7.5000  -45.0000  -37.5000 1965.4181   27.0652
    0.0000  -45.0000  -37.5000 1973.6948   26.8853
  -15.0000  -37.5000  -37.5000 1999.4088   26.1963
   -7.5000  -37.5000  -37.5000 2036.1320   25.4945
    0.0000  -37.5000  -37.5000 2049.3687   25.3298
  -15.0000  -30.0000  -37.5000 2029.6353   25.1186
   -7.5000  -30.0000  -37.5000 2067.3010   24.4636
    0.0000  -30.0000  -37.5000 2084.4922   24.2899
  -15.0000  -22.5000  -37.5000 2042.9711   24.5448
   -7.5000  -22.5000  -37.5000 2082.7178   23.8662
    0.0000  -22.5000  -37.5000 2099.5674   23.7250
  -15.0000  -15.0000  -37.5000 2039.3615   24.6591
   -7.5000  -15.0000  -37.5000 2073.2532   23.9658
    0.0000  -15.0000  -37.5000 2091.5212   23.7779
  -15.0000   -7.5000  -37.5000 2009.3064   25.3818
   -7.5000   -7.5000  -37.5000 2044.1149   24.6364
    0.0000   -7.5000  -37.5000 2062.2432   24.5061
  -15.0000    0.0000  -37.5000 1962.3312   26.6389
   -7.5000    0.0000  -37.5000 1999.2251   25.8031
    0.0000    0.0000  -37.5000 2017.0887   25.6701
  -15.0000    7.5000  -37.5000 1898.7318   28.5433
   -7.5000    7.5000  -37.5000 1938.3185   27.5857
    0.0000    7.5000  -37.5000 1955.0870   27.4128
  -15.0000   15.0000  -37.5000 1814.6718   31.1587
   -7.5000   15.0000  -37.5000 1853.1777   30.1314
    0.0000   15.0000  -37.5000 1871.2517   29.9686
  -15.0000   22.5000  -37.5000 1713.0095   34.6227
   -7.5000   22.5000  -37.5000 1753.8923   33.5009
    0.0000   22.5000  -37.5000 1767.6497   33.3543
  -15.0000   30.0000  -37.5000 1600.9396   39.2618
   -7.5000   30.0000  -37.5000 1634.4027   38.1101
    0.0000   30.0000  -37.5000 1651.2771   37.9533
  -15.0000   37.5000  -37.5000 1469.3612   45.2864
   -7.5000   37.5000  -37.5000 1500.6140   44.1243
    0.0000   37.5000  -37.5000 1508.7190   43.8786
  -15.0000  -52.5000  -30.0000 1971.4791   28.6065
   -7.5000  -52.5000  -30.0000 2002.8448   27.8985
    0.0000  -52.5000  -30.0000 2013.5914   27.5935
  -15.0000  -45.0000  -30.0000 2066.1960   26.7966
   -7.5000  -45.0000  -30.0000 2104.4067   26.0552
    0.0000  -45.0000  -30.0000 2121.0566   25.8347
  -15.0000  -37.5000  -30.0000 2135.8655   25.1384
   -7.5000  -37.5000  -30.0000 2183.2542   24.4622
    0.0000  -37.5000  -30.0000 2197.7817   24.3128
  -15.0000  -30.0000  -30.0000 2178.7947   24.0324
   -7.5000  -30.0000  -30.0000 2222.6082   23.4190
    0.0000  -30.0000  -30.0000 2237.4773   23.2692
  -15.0000  -22.5000  -30.0000 2198.5703   23.6113
   -7.5000  -22.5000  -30.0000 2243.4866   22.9648
    0.0000  -22.5000  -30.0000 2261.5613   22.8154
  -15.0000  -15.0000  -30.0000 2195.2393   23.8061
   -7.5000  -15.0000  -30.0000 2236.8699   23.1468
    0.0000  -15.0000  -30.0000 2255.8767   22.9350
  -15.0000   -7.5000  -30.0000 2157.1294   24.4989
   -7.5000   -7.5000  -30.0000 2200.2776   23.8308
    0.0000   -7.5000  -30.0000 2217.2322   23.6349
  -15.0000    0.0000  -30.0000 2102.9868   25.6679
   -7.5000    0.0000  -30.0000 2142.6477   24.9022
    0.0000    0.0000  -30.0000 2165.0662   24.6811
  -15.0000    7.5000  -30.0000 2033.8945   27.4763
   -7.5000    7.5000  -30.0000 2079.9121   26.5823
    0.0000    7.5000  -30.0000 2099.8098   26.3577
  -15.0000   15.0000  -30.0000 1946.0970   29.9675
   -7.5000   15.0000  -30.0000 1987.2576   28.9772
    0.0000   15.0000  -30.0000 2007.9323   28.8030
  -15.0000   22.5000  -30.0000 1833.2540   33.3559
   -7.5000   22.5000  -30.0000 1874.0892   32.1969
    0.0000   22.5000  -30.0000 1893.7773   32.0391
  -15.0000   30.0000  -30.0000 1715.9819   37.8348
   -7.5000   30.0000  -30.0000 1750.0389   36.5946
    0.0000   30.0000  -30.0000 1769.8906   36.3576
  -15.0000   37.5000  -30.0000 1572.3950   43.5102
   -7.5000   37.5000  -30.0000 1603.1626   42.2822
    0.0000   37.5000  -30.0000 1614.9641   42.0801
  -15.0000  -52.5000  -22.5000 2086.0757   27.4034
   -7.5000  -52.5000  -22.5000 2122.9277   26.6500
    0.0000  -52.5000  -22.5000 2131.1479   26.2918
  -15.0000  -45.0000  -22.5000 2186.3433   25.5956
   -7.5000  -45.0000  -22.5000 2229.5076   24.8942
    0.0000  -45.0000  -22.5000 2243.2698   24.5787
  -15.0000  -37.5000  -22.5000 2266.2080   23.9773
   -7.5000  -37.5000  -22.5000 2315.7834   23.3284
    0.0000  -37.5000  -22.5000 2330.9487   23.1381
  -15.0000  -30.0000  -22.5000 2316.2720   22.8736
   -7.5000  -30.0000  -22.5000 2363.0330   22.2630
    0.0000  -30.0000  -22.5000 2379.5312   22.1057
  -15.0000  -22.5000  -22.5000 2338.7012   22.4958
   -7.5000  -22.5000  -22.5000 2387.3118   21.8196
    0.0000  -22.5000  -22.5000 2408.9824   21.6568
  -15.0000  -15.0000  -22.5000 2335.6460   22.6937
   -7.5000  -15.0000  -22.5000 2392.7029   22.0167
    0.0000  -15.0000  -22.5000 2411.0239   21.7838
  -15.0000   -7.5000  -22.5000 2302.9763   23.4484
   -7.5000   -7.5000  -22.5000 2356.0852   22.7628
    0.0000   -7.5000  -22.5000 2374.4902   22.5243
  -15.0000    0.0000  -22.5000 2238.9956   24.6114
   -7.5000    0.0000  -22.5000 2289.5618   23.8812
    0.0000    0.0000  -22.5000 2311.9788   23.5946
  -15.0000    7.5000  -22.5000 2161.0842   26.2798
   -7.5000    7.5000  -22.5000 2213.4651   25.5266
    0.0000    7.5000  -22.5000 2234.3889   25.1873
  -15.0000   15.0000  -22.5000 2061.8140   28.6600
   -7.5000   15.0000  -22.5000 2111.0847   27.7885
    0.0000   15.0000  -22.5000 2131.4238   27.4509
  -15.0000   22.5000  -22.5000 1947.4926   31.8034
   -7.5000   22.5000  -22.5000 1987.2000   30.8338
    0.0000   22.5000  -22.5000 2007.3324   30.5374
  -15.0000   30.0000  -22.5000 1816.2446   36.0561
   -7.5000   30.0000  -22.5000 1854.9305   34.9463
    0.0000   30.0000  -22.5000 1872.4495   34.6645
  -15.0000   37.5000  -22.5000 1664.5972   41.4534
   -7.5000   37.5000  -22.5000 1695.8020   40.3204
    0.0000   37.5000  -22.5000 1708.9690   40.0392
  -15.0000  -52.5000  -15.0000 2177.0786   26.0623
   -7.5000  -52.5000  -15.0000 2216.7751   25.2909
    0.0000  -52.5000  -15.0000 2223.9985   24.9098
  -15.0000  -45.0000  -15.0000 2280.0757   24.3241
   -7.5000  -45.0000  -15.0000 2335.8572   23.5773
    0.0000  -45.0000  -15.0000 2348.6240   23.2142
  -15.0000  -37.5000  -15.0000 2371.5632   22.7189
   -7.5000  -37.5000  -15.0000 2426.4695   22.0482
    0.0000  -37.5000  -15.0000 2447.5249   21.8182
  -15.0000  -30.0000  -15.0000 2435.9014   21.6659
   -7.5000  -30.0000  -15.0000 2482.9133   21.0197
    0.0000  -30.0000  -15.0000 2503.4031   20.8175
  -15.0000  -22.5000  -15.0000 2466.6682   21.2526
   -7.5000  -22.5000  -15.0000 2512.1233   20.5524
    0.0000  -22.5000  -15.0000 2538.2561   20.3690
  -15.0000  -15.0000  -15.0000 2466.2915   21.4761
   -7.5000  -15.0000  -15.0000 2520.5691   20.7834
    0.0000  -15.0000  -15.0000 2546.4470   20.5100
  -15.0000   -7.5000  -15.0000 2426.9277   22.1815
   -7.5000   -7.5000  -15.0000 2489.3894   21.4969
    0.0000   -7.5000  -15.0000 2513.3972   21.2100
  -15.0000    0.0000  -15.0000 2360.4497   23.3130
   -7.5000    0.0000  -15.0000 2423.4885   22.6450
    0.0000    0.0000  -15.0000 2448.8965   22.3078
  -15.0000    7.5000  -15.0000 2271.5063   24.9297
   -7.5000    7.5000  -15.0000 2330.3098   24.1863
    0.0000    7.5000  -15.0000 2356.5803   23.8582
  -15.0000   15.0000  -15.0000 2158.2588   27.1681
   -7.5000   15.0000  -15.0000 2214.6035   26.3343
    0.0000   15.0000  -15.0000 2233.2998   26.0228
  -15.0000   22.5000  -15.0000 2034.8569   30.1732
   -7.5000   22.5000  -15.0000 2078.9690   29.2508
    0.0000   22.5000  -15.0000 2096.0515   28.9251
  -15.0000   30.0000  -15.0000 1899.4545   34.1223
   -7.5000   30.0000  -15.0000 1934.3467   33.0621
    0.0000   30.0000  -15.0000 1954.7579   32.7262
  -15.0000   37.5000  -15.0000 1743.4121   39.2444
   -7.5000   37.5000  -15.0000 1769.8330   38.0169
    0.0000   37.5000  -15.0000 1787.2800   37.7451
  -15.0000  -52.5000   -7.5000 2228.5559   24.6798
   -7.5000  -52.5000   -7.5000 2275.3010   23.7613
    0.0000  -52.5000   -7.5000 2284.4375   23.4592
  -15.0000  -45.0000   -7.5000 2345.7761   22.9892
   -7.5000  -45.0000   -7.5000 2399.6023   22.1550
    0.0000  -45.0000   -7.5000 2411.6516   21.7841
  -15.0000  -37.5000   -7.5000 2447.1033   21.4779
   -7.5000  -37.5000   -7.5000 2497.4944   20.6795
    0.0000  -37.5000   -7.5000 2515.5129   20.3684
  -15.0000  -30.0000   -7.5000 2512.5938   20.4214
   -7.5000  -30.0000   -7.5000 2567.0042   19.6829
    0.0000  -30.0000   -7.5000 2588.8765   19.3794
  -15.0000  -22.5000   -7.5000 2556.5449   19.9808
   -7.5000  -22.5000   -7.5000 2607.1597   19.2695
    0.0000  -22.5000   -7.5000 2638.7937   18.9603
  -15.0000  -15.0000   -7.5000 2562.1260   20.1397
   -7.5000  -15.0000   -7.5000 2621.1399   19.5076
    0.0000  -15.0000   -7.5000 2655.6465   19.2193
  -15.0000   -7.5000   -7.5000 2522.9832   20.7766
   -7.5000   -7.5000   -7.5000 2588.9045   20.1767
    0.0000   -7.5000   -7.5000 2619.3062   19.8747
  -15.0000    0.0000   -7.5000 2443.7695   21.9240
   -7.5000    0.0000   -7.5000 2515.4519   21.2443
    0.0000    0.0000   -7.5000 2545.5991   20.9354
  -15.0000    7.5000   -7.5000 2343.8442   23.4774
   -7.5000    7.5000   -7.5000 2411.6042   22.7507
    0.0000    7.5000   -7.5000 2442.1467   22.4174
  -15.0000   15.0000   -7.5000 2223.7817   25.5621
   -7.5000   15.0000   -7.5000 2287.5544   24.7922
    0.0000   15.0000   -7.5000 2309.5349   24.4781
  -15.0000   22.5000   -7.5000 2091.5039   28.3701
   -7.5000   22.5000   -7.5000 2140.4841   27.5374
    0.0000   22.5000   -7.5000 2158.5271   27.2003
  -15.0000   30.0000   -7.5000 1953.4615   32.0910
   -7.5000   30.0000   -7.5000 1991.5739   31.1338
    0.0000   30.0000   -7.5000 2006.8118   30.7663
  -15.0000   37.5000   -7.5000 1792.4783   36.7623
   -7.5000   37.5000   -7.5000 1820.4164   35.6742
    0.0000   37.5000   -7.5000 1837.0907   35.3252
  -15.0000  -52.5000    0.0000 2272.7500   23.8410
   -7.5000  -52.5000    0.0000 2321.0945   22.8609
    0.0000  -52.5000    0.0000 2330.4177   22.5354
  -15.0000  -45.0000    0.0000 2396.1121   22.1392
   -7.5000  -45.0000    0.0000 2453.1230   21.2236
    0.0000  -45.0000    0.0000 2465.8865   20.8823
  -15.0000  -37.5000    0.0000 2503.5959   20.6277
   -7.5000  -37.5000    0.0000 2560.6692   19.7500
    0.0000  -37.5000    0.0000 2579.3743   19.3831
  -15.0000  -30.0000    0.0000 2583.1533   19.5508
   -7.5000  -30.0000    0.0000 2647.6562   18.6943
    0.0000  -30.0000    0.0000 2669.0132   18.3370
  -15.0000  -22.5000    0.0000 2638.4609   19.0301
   -7.5000  -22.5000    0.0000 2707.6328   18.3184
    0.0000  -22.5000    0.0000 2740.4360   17.9483
  -15.0000  -15.0000    0.0000 2643.9854   19.1585
   -7.5000  -15.0000    0.0000 2724.9509   18.4882
    0.0000  -15.0000    0.0000 2767.6018   18.2094
  -15.0000   -7.5000    0.0000 2606.9126   19.8030
   -7.5000   -7.5000    0.0000 2686.4016   19.1789
    0.0000   -7.5000    0.0000 2724.4309   18.9007
  -15.0000    0.0000    0.0000 2522.5439   20.9113
   -7.5000    0.0000    0.0000 2600.2246   20.2553
    0.0000    0.0000    0.0000 2632.1545   19.9743
  -15.0000    7.5000    0.0000 2417.0276   22.4370
   -7.5000    7.5000    0.0000 2487.5935   21.7096
    0.0000    7.5000    0.0000 2515.0532   21.3995
  -15.0000   15.0000    0.0000 2289.2507   24.4353
   -7.5000   15.0000    0.0000 2352.8079   23.6929
    0.0000   15.0000    0.0000 2373.8977   23.3620
  -15.0000   22.5000    0.0000 2143.7935   27.0947
   -7.5000   22.5000    0.0000 2196.9639   26.3061
    0.0000   22.5000    0.0000 2217.8484   26.0171
  -15.0000   30.0000    0.0000 1994.7574   30.6024
   -7.5000   30.0000    0.0000 2035.6974   29.7726
    0.0000   30.0000    0.0000 2055.0737   29.4761
  -15.0000   37.5000    0.0000 1829.0566   35.0867
   -7.5000   37.5000    0.0000 1863.2966   34.0278
    0.0000   37.5000    0.0000 1876.6725   33.6853
  -15.0000  -52.5000    7.5000 2291.9099   23.2279
   -7.5000  -52.5000    7.5000 2337.9583   22.1301
    0.0000  -52.5000    7.5000 2354.7556   21.8570
  -15.0000  -45.0000    7.5000 2415.4607   21.5255
   -7.5000  -45.0000    7.5000 2468.7454   20.4974
    0.0000  -45.0000    7.5000 2487.7986   20.1627
  -15.0000  -37.5000    7.5000 2524.7571   19.9315
   -7.5000  -37.5000    7.5000 2585.4446   18.9753
    0.0000  -37.5000    7.5000 2608.2329   18.6217
  -15.0000  -30.0000    7.5000 2617.9255   18.7831
   -7.5000  -30.0000    7.5000 2687.8152   17.8239
    0.0000  -30.0000    7.5000 2710.4597   17.4939
  -15.0000  -22.5000    7.5000 2683.2634   18.2212
   -7.5000  -22.5000    7.5000 2754.5649   17.3605
    0.0000  -22.5000    7.5000 2783.5359   17.0260
  -15.0000  -15.0000    7.5000 2685.4910   18.3065
   -7.5000  -15.0000    7.5000 2770.6216   17.5375
    0.0000  -15.0000    7.5000 2809.2581   17.1956
  -15.0000   -7.5000    7.5000 2648.9043   18.8907
   -7.5000   -7.5000    7.5000 2734.6694   18.1775
    0.0000   -7.5000    7.5000 2770.9797   17.9565
  -15.0000    0.0000    7.5000 2562.5806   19.9263
   -7.5000    0.0000    7.5000 2640.4224   19.2899
    0.0000    0.0000    7.5000 2671.9304   19.0498
  -15.0000    7.5000    7.5000 2453.8572   21.3944
   -7.5000    7.5000    7.5000 2525.5388   20.6905
    0.0000    7.5000    7.5000 2553.5920   20.4538
  -15.0000   15.0000    7.5000 2321.0396   23.3960
   -7.5000   15.0000    7.5000 2383.2739   22.6875
    0.0000   15.0000    7.5000 2409.4568   22.4334
  -15.0000   22.5000    7.5000 2177.8831   26.0740
   -7.5000   22.5000    7.5000 2226.3682   25.3518
    0.0000   22.5000    7.5000 2248.1511   25.0569
  -15.0000   30.0000    7.5000 2023.2627   29.5055
   -7.5000   30.0000    7.5000 2065.2363   28.7011
    0.0000   30.0000    7.5000 2085.3411   28.4575
  -15.0000   37.5000    7.5000 1846.9221   33.7113
   -7.5000   37.5000    7.5000 1883.7479   32.7524
    0.0000   37.5000    7.5000 1899.0574   32.5348
  -15.0000  -52.5000   15.0000 2290.9978   22.9902
   -7.5000  -52.5000   15.0000 2335.7183   21.7354
    0.0000  -52.5000   15.0000 2360.4585   21.4968
  -15.0000  -45.0000   15.0000 2418.8416   21.3243
   -7.5000  -45.0000   15.0000 2472.8108   20.1276
    0.0000  -45.0000   15.0000 2498.0669   19.8617
  -15.0000  -37.5000   15.0000 2529.5977   19.7512
   -7.5000  -37.5000   15.0000 2596.5081   18.6568
    0.0000  -37.5000   15.0000 2624.8489   18.3925
  -15.0000  -30.0000   15.0000 2638.3281   18.5684
   -7.5000  -30.0000   15.0000 2711.7070   17.4410
    0.0000  -30.0000   15.0000 2743.3625   17.1700
  -15.0000  -22.5000   15.0000 2713.8784   17.9557
   -7.5000  -22.5000   15.0000 2794.3176   16.9439
    0.0000  -22.5000   15.0000 2832.7839   16.6769
  -15.0000  -15.0000   15.0000 2727.9082   17.9569
   -7.5000  -15.0000   15.0000 2823.0603   17.1619
    0.0000  -15.0000   15.0000 2866.9526   16.9608
  -15.0000   -7.5000   15.0000 2693.6885   18.5427
   -7.5000   -7.5000   15.0000 2787.8750   17.8080
    0.0000   -7.5000   15.0000 2833.9954   17.6250
  -15.0000    0.0000   15.0000 2603.0378   19.5773
   -7.5000    0.0000   15.0000 2680.0452   18.8696
    0.0000    0.0000   15.0000 2718.5449   18.6812
  -15.0000    7.5000   15.0000 2481.8345   21.0317
   -7.5000    7.5000   15.0000 2550.3254   20.2464
    0.0000    7.5000   15.0000 2579.6670   20.0418
  -15.0000   15.0000   15.0000 2341.9668   23.0421
   -7.5000   15.0000   15.0000 2403.4260   22.1717
    0.0000   15.0000   15.0000 2426.6670   21.9609
  -15.0000   22.5000   15.0000 2190.0952   25.5594
   -7.5000   22.5000   15.0000 2241.6633   24.6562
    0.0000   22.5000   15.0000 2263.8110   24.4392
  -15.0000   30.0000   15.0000 2031.0237   28.8733
   -7.5000   30.0000   15.0000 2071.7148   27.9072
    0.0000   30.0000   15.0000 2093.4260   27.6627
  -15.0000   37.5000   15.0000 1854.3684   32.9807
   -7.5000   37.5000   15.0000 1891.4452   31.9455
    0.0000   37.5000   15.0000 1906.1189   31.7432
  -15.0000  -52.5000   22.5000 2286.5786   23.0058
   -7.5000  -52.5000   22.5000 2336.9001   21.8505
    0.0000  -52.5000   22.5000 2366.6709   21.5382
  -15.0000  -45.0000   22.5000 2407.5542   21.3687
   -7.5000  -45.0000   22.5000 2470.7471   20.2330
    0.0000  -45.0000   22.5000 2503.2146   19.9295
  -15.0000  -37.5000   22.5000 2519.0862   19.8657
   -7.5000  -37.5000   22.5000 2592.8884   18.7660
    0.0000  -37.5000   22.5000 2628.3057   18.5083
  -15.0000  -30.0000   22.5000 2623.7627   18.7292
   -7.5000  -30.0000   22.5000 2708.5115   17.6153
    0.0000  -30.0000   22.5000 2743.0344   17.3532
  -15.0000  -22.5000   22.5000 2705.7708   18.1246
   -7.5000  -22.5000   22.5000 2794.0762   17.0266
    0.0000  -22.5000   22.5000 2833.6353   16.8149
  -15.0000  -15.0000   22.5000 2729.4658   18.0924
   -7.5000  -15.0000   22.5000 2822.1140   17.1148
    0.0000  -15.0000   22.5000 2858.0513   16.8753
  -15.0000   -7.5000   22.5000 2695.8486   18.6982
   -7.5000   -7.5000   22.5000 2787.4863   17.8105
    0.0000   -7.5000   22.5000 2822.2866   17.5359
  -15.0000    0.0000   22.5000 2603.4912   19.7340
   -7.5000    0.0000   22.5000 2689.2373   18.9517
    0.0000    0.0000   22.5000 2722.2336   18.6672
  -15.0000    7.5000   22.5000 2482.6865   21.1373
   -7.5000    7.5000   22.5000 2556.7930   20.3837
    0.0000    7.5000   22.5000 2588.9341   20.1039
  -15.0000   15.0000   22.5000 2344.7129   23.0117
   -7.5000   15.0000   22.5000 2407.0012   22.2307
    0.0000   15.0000   22.5000 2430.3008   21.8863
  -15.0000   22.5000   22.5000 2192.5508   25.4724
   -7.5000   22.5000   22.5000 2247.4546   24.6113
    0.0000   22.5000   22.5000 2263.0637   24.2553
  -15.0000   30.0000   22.5000 2031.4318   28.6976
   -7.5000   30.0000   22.5000 2075.0542   27.7612
    0.0000   30.0000   22.5000 2097.4219   27.3229
  -15.0000   37.5000   22.5000 1849.2566   32.6997
   -7.5000   37.5000   22.5000 1886.9603   31.6697
    0.0000   37.5000   22.5000 1905.7850   31.2662
  -15.0000  -52.5000   30.0000 2266.8105   23.4736
   -7.5000  -52.5000   30.0000 2319.6162   22.2713
    0.0000  -52.5000   30.0000 2355.7786   21.9715
  -15.0000  -45.0000   30.0000 2384.1001   21.7793
   -7.5000  -45.0000   30.0000 2453.4846   20.6667
    0.0000  -45.0000   30.0000 2491.5242   20.3332
  -15.0000  -37.5000   30.0000 2497.2666   20.3437
   -7.5000  -37.5000   30.0000 2570.9802   19.1959
    0.0000  -37.5000   30.0000 2610.2795   18.8371
  -15.0000  -30.0000   30.0000 2599.3147   19.2232
   -7.5000  -30.0000   30.0000 2676.6729   18.1112
    0.0000  -30.0000   30.0000 2712.1484   17.8198
  -15.0000  -22.5000   30.0000 2669.3638   18.6105
   -7.5000  -22.5000   30.0000 2749.5308   17.6134
    0.0000  -22.5000   30.0000 2785.3569   17.3251
  -15.0000  -15.0000   30.0000 2684.5566   18.5535
   -7.5000  -15.0000   30.0000 2769.4788   17.6498
    0.0000  -15.0000   30.0000 2802.3564   17.3102
  -15.0000   -7.5000   30.0000 2653.8413   19.1078
   -7.5000   -7.5000   30.0000 2738.2598   18.2014
    0.0000   -7.5000   30.0000 2768.0239   17.8510
  -15.0000    0.0000   30.0000 2569.3293   20.0573
   -7.5000    0.0000   30.0000 2646.6782   19.2161
    0.0000    0.0000   30.0000 2677.1223   18.8583
  -15.0000    7.5000   30.0000 2452.1182   21.3939
   -7.5000    7.5000   30.0000 2518.4331   20.5761
    0.0000    7.5000   30.0000 2551.6165   20.2535
  -15.0000   15.0000   30.0000 2319.4614   23.2332
   -7.5000   15.0000   30.0000 2379.1169   22.3650
    0.0000   15.0000   30.0000 2408.0876   22.0566
  -15.0000   22.5000   30.0000 2172.8896   25.7276
   -7.5000   22.5000   30.0000 2218.3804   24.7506
    0.0000   22.5000   30.0000 2238.6775   24.4059
  -15.0000   30.0000   30.0000 2011.4374   28.8959
   -7.5000   30.0000   30.0000 2058.8938   27.7717
    0.0000   30.0000   30.0000 2077.2534   27.3860
  -15.0000   37.5000   30.0000 1833.5867   32.8237
   -7.5000   37.5000   30.0000 1877.2369   31.5892
    0.0000   37.5000   30.0000 1895.5111   31.2438
  -15.0000  -52.5000   37.5000 2224.1414   24.0507
   -7.5000  -52.5000   37.5000 2279.6553   22.9315
    0.0000  -52.5000   37.5000 2314.5630   22.5801
  -15.0000  -45.0000   37.5000 2345.7080   22.4862
   -7.5000  -45.0000   37.5000 2412.5972   21.3519
    0.0000  -45.0000   37.5000 2450.1882   21.0088
  -15.0000  -37.5000   37.5000 2448.9065   21.0433
   -7.5000  -37.5000   37.5000 2522.9775   19.9855
    0.0000  -37.5000   37.5000 2566.3789   19.7231
  -15.0000  -30.0000   37.5000 2546.9619   19.9508
   -7.5000  -30.0000   37.5000 2619.3447   18.9864
    0.0000  -30.0000   37.5000 2657.1118   18.8300
  -15.0000  -22.5000   37.5000 2603.1941   19.4409
   -7.5000  -22.5000   37.5000 2669.8157   18.5249
    0.0000  -22.5000   37.5000 2709.4756   18.3502
  -15.0000  -15.0000   37.5000 2614.0837   19.4068
   -7.5000  -15.0000   37.5000 2675.1155   18.5002
    0.0000  -15.0000   37.5000 2706.7158   18.2472
  -15.0000   -7.5000   37.5000 2577.3315   19.8086
   -7.5000   -7.5000   37.5000 2637.8713   18.9053
    0.0000   -7.5000   37.5000 2663.0742   18.5865
  -15.0000    0.0000   37.5000 2503.5967   20.6172
   -7.5000    0.0000   37.5000 2562.6572   19.7546
    0.0000    0.0000   37.5000 2585.1680   19.3855
  -15.0000    7.5000   37.5000 2397.0188   21.9041
   -7.5000    7.5000   37.5000 2453.1536   21.0390
    0.0000    7.5000   37.5000 2477.3613   20.6400
  -15.0000   15.0000   37.5000 2270.4670   23.7197
   -7.5000   15.0000   37.5000 2327.1826   22.8163
    0.0000   15.0000   37.5000 2346.8052   22.3978
  -15.0000   22.5000   37.5000 2132.6423   26.1932
   -7.5000   22.5000   37.5000 2180.7666   25.2637
    0.0000   22.5000   37.5000 2199.8101   24.7834
  -15.0000   30.0000   37.5000 1982.2585   29.3089
   -7.5000   30.0000   37.5000 2031.2692   28.2767
    0.0000   30.0000   37.5000 2049.8113   27.8001
  -15.0000   37.5000   37.5000 1810.5991   33.2237
   -7.5000   37.5000   37.5000 1854.3297   32.0321
    0.0000   37.5000   37.5000 1870.0802   31.6229
  -15.0000  -52.5000   45.0000 2150.1196   24.9833
   -7.5000  -52.5000   45.0000 2206.5066   23.9179
    0.0000  -52.5000   45.0000 2238.4165   23.5384
  -15.0000  -45.0000   45.0000 2267.2817   23.3655
   -7.5000  -45.0000   45.0000 2332.1997   22.3842
    0.0000  -45.0000   45.0000 2368.8237   22.0812
  -15.0000  -37.5000   45.0000 2367.8752   21.9593
   -7.5000  -37.5000   45.0000 2435.3098   21.0667
    0.0000  -37.5000   45.0000 2474.3899   20.8323
  -15.0000  -30.0000   45.0000 2451.4602   20.9384
   -7.5000  -30.0000   45.0000 2514.7266   20.0874
    0.0000  -30.0000   45.0000 2552.4182   19.8983
  -15.0000  -22.5000   45.0000 2497.6699   20.3725
   -7.5000  -22.5000   45.0000 2556.0037   19.5631
    0.0000  -22.5000   45.0000 2594.3054   19.3753
  -15.0000  -15.0000   45.0000 2500.4695   20.3589
   -7.5000  -15.0000   45.0000 2553.9883   19.5051
    0.0000  -15.0000   45.0000 2583.6707   19.2693
  -15.0000   -7.5000   45.0000 2460.4478   20.7044
   -7.5000   -7.5000   45.0000 2511.9314   19.8430
    0.0000   -7.5000   45.0000 2537.3521   19.6014
  -15.0000    0.0000   45.0000 2390.9277   21.4419
   -7.5000    0.0000   45.0000 2437.9133   20.6193
    0.0000    0.0000   45.0000 2467.0286   20.3196
  -15.0000    7.5000   45.0000 2301.4434   22.6624
   -7.5000    7.5000   45.0000 2345.6309   21.8042
    0.0000    7.5000   45.0000 2367.5259   21.4808
  -15.0000   15.0000   45.0000 2191.7942   24.4086
   -7.5000   15.0000   45.0000 2236.5603   23.4562
    0.0000   15.0000   45.0000 2249.6423   23.0732
  -15.0000   22.5000   45.0000 2064.5825   26.8022
   -7.5000   22.5000   45.0000 2109.1821   25.7898
    0.0000   22.5000   45.0000 2124.7581   25.3384
  -15.0000   30.0000   45.0000 1929.0874   29.9138
   -7.5000   30.0000   45.0000 1967.0200   28.8470
    0.0000   30.0000   45.0000 1980.4580   28.4118
  -15.0000   37.5000   45.0000 1759.3409   33.8263
   -7.5000   37.5000   45.0000 1796.7567   32.6592
    0.0000   37.5000   45.0000 1811.1379   32.1791

---------------------------------------------------------------------
imgreg_4dfp /opt/freesurfer/average/711-2C_as_mni_average_305 /opt/freesurfer/average/711-2B_as_mni_average_305_mask talsrcimg_g11 none talsrcimg_to_711-2C_as_mni_average_305_t4 1283
---------------------------------------------------------------------

freesurfer imgreg_4dfp.c
/opt/freesurfer/average/711-2C_as_mni_average_305.4dfp.img
       256       256       256         1
  1.000000  1.000000  1.000000
orientation T byte_order littleendian
Reading image: /opt/freesurfer/average/711-2C_as_mni_average_305.4dfp.img
dimensions:      256       256       256
mmppix:       1.0000   -1.0000   -1.0000
center:     128.0000 -129.0000 -129.0000
/opt/freesurfer/average/711-2B_as_mni_average_305_mask.4dfp.img
       256       256       256         1
  1.000000  1.000000  1.000000
orientation T byte_order littleendian
Reading mask: /opt/freesurfer/average/711-2B_as_mni_average_305_mask.4dfp.img (2306576 pixels)
talsrcimg_g11.4dfp.img
       256       256       256         1
  0.900000  0.900000  0.900000
orientation T byte_order littleendian
Reading image: talsrcimg_g11.4dfp.img
dimensions:      256       256       256
mmppix:       0.9000   -0.9000   -0.9000
center:     115.2000 -116.1000 -116.1000
rotation matrix determinant  1.000000
fimgreg.f
image alignment mode   1283 decimal      503 hex
parameters
    0.0000  -15.0000   15.0000    0.0000    0.0000    0.0000
eta,q 0.90128 16.95985
niter,ni,del,rscale     5    3   12.0000    1.2000
parameter  4 -0.625694 ->  0.500000 qaram    1.1500
parameter  5  0.695526 ->  0.500000 qaram    1.1500
parameters
    0.1203  -15.9823   16.3404   -3.4500   -3.4500   -0.2462
eta,q 0.90970 16.55037
  0.1092  0.0983  0.1192  0.0903  0.0911  0.0949
  0.1027  0.0939  0.1086  0.0914  0.0902  0.0929
  0.0989  0.0945  0.0982  0.0937  0.0907  0.0913
  0.0959  0.0958  0.0953  0.0952  0.0920  0.0902
  0.0962  0.0960  0.0954  0.0949  0.0944  0.0906
  0.1015  0.0967  0.0982  0.0941  0.0971  0.0928
  0.1092  0.1000  0.1041  0.0955  0.1001  0.0966
niter,ni,del,rscale     6    3   12.0000    1.2000
parameters
    0.9706  -14.9916   16.4411   -3.8578   -3.4597   -0.6152
eta,q 0.91006 16.66517
  0.1106  0.1079  0.1078  0.0961  0.0979  0.0953
  0.1025  0.0972  0.0941  0.0902  0.0935  0.0927
  0.0947  0.0914  0.0888  0.0875  0.0903  0.0909
  0.0903  0.0900  0.0902  0.0904  0.0898  0.0898
  0.0908  0.0910  0.0924  0.0935  0.0910  0.0904
  0.0951  0.0938  0.0974  0.0943  0.0938  0.0933
  0.1027  0.0973  0.1027  0.0929  0.0975  0.0977
niter,ni,del,rscale     5    3   12.0000    1.2000
parameters
    1.0774  -14.8096   16.3876   -3.9063   -3.5412   -0.7408
eta,q 0.91001 16.69217
  0.1069  0.1033  0.1064  0.0968  0.0978  0.0958
  0.0988  0.0938  0.0931  0.0910  0.0934  0.0930
  0.0924  0.0899  0.0884  0.0874  0.0903  0.0911
  0.0899  0.0899  0.0901  0.0900  0.0900  0.0899
  0.0920  0.0920  0.0924  0.0929  0.0912  0.0902
  0.0979  0.0952  0.0978  0.0943  0.0940  0.0928
  0.1059  0.0995  0.1028  0.0930  0.0977  0.0970
niter,ni,del,rscale     4    3   12.0000    1.2000
parameters
    1.1093  -14.8061   16.3686   -3.8823   -3.5790   -0.7940
eta,q 0.91000 16.69715
  0.1065  0.1023  0.1068  0.0969  0.0979  0.0959
  0.0985  0.0932  0.0932  0.0912  0.0935  0.0931
  0.0922  0.0897  0.0883  0.0874  0.0904  0.0911
  0.0900  0.0900  0.0900  0.0900  0.0900  0.0900
  0.0922  0.0921  0.0924  0.0928  0.0912  0.0902
  0.0981  0.0956  0.0976  0.0943  0.0939  0.0927
  0.1062  0.0998  0.1028  0.0929  0.0976  0.0968
registration optimization eta report
parameter search radius
    6.0000    6.0000    6.0000    6.9000    6.9000    6.0000
100000*second partial in parameter space
       45.       31.       43.       11.       16.       18.
  0.1065  0.1023  0.1068  0.0969  0.0979  0.0959
  0.0985  0.0932  0.0932  0.0912  0.0935  0.0931
  0.0922  0.0897  0.0883  0.0874  0.0904  0.0911
  0.0900  0.0900  0.0900  0.0900  0.0900  0.0900
  0.0922  0.0921  0.0924  0.0928  0.0912  0.0902
  0.0981  0.0956  0.0976  0.0943  0.0939  0.0927
  0.1062  0.0998  0.1028  0.0929  0.0976  0.0968
    1.1093  -14.8061   16.3686   -3.8823   -3.5790   -0.7940
eta,q 0.91000 16.69715

---------------------------------------------------------------------
imgreg_4dfp /opt/freesurfer/average/711-2C_as_mni_average_305 /opt/freesurfer/average/711-2B_as_mni_average_305_mask talsrcimg_g11 none talsrcimg_to_711-2C_as_mni_average_305_t4 3335
---------------------------------------------------------------------

freesurfer imgreg_4dfp.c
/opt/freesurfer/average/711-2C_as_mni_average_305.4dfp.img
       256       256       256         1
  1.000000  1.000000  1.000000
orientation T byte_order littleendian
Reading image: /opt/freesurfer/average/711-2C_as_mni_average_305.4dfp.img
dimensions:      256       256       256
mmppix:       1.0000   -1.0000   -1.0000
center:     128.0000 -129.0000 -129.0000
/opt/freesurfer/average/711-2B_as_mni_average_305_mask.4dfp.img
       256       256       256         1
  1.000000  1.000000  1.000000
orientation T byte_order littleendian
Reading mask: /opt/freesurfer/average/711-2B_as_mni_average_305_mask.4dfp.img (2306576 pixels)
talsrcimg_g11.4dfp.img
       256       256       256         1
  0.900000  0.900000  0.900000
orientation T byte_order littleendian
Reading image: talsrcimg_g11.4dfp.img
dimensions:      256       256       256
mmppix:       0.9000   -0.9000   -0.9000
center:     115.2000 -116.1000 -116.1000
fimgreg.f
image alignment mode   3335 decimal      D07 hex
parameters
    1.1093  -14.8061   16.3686   -0.2046   -0.2332   -0.4241
    0.9599    6.3213   -1.3830    6.6838   -6.2424   -6.7576
eta,q 0.90248 16.88982
niter,ni,del,rscale     5    3    5.0000    1.2000
parameter  2 -0.838872 -> -0.500000 qaram    1.1500
parameter  4  3.716259 ->  0.500000 qaram    1.1500
parameter  5  4.247101 ->  0.500000 qaram    1.1500
parameter  6  1.262563 ->  0.500000 qaram    1.1500
parameter 11 -0.726791 -> -0.500000 qaram    1.1500
parameter 12 -2.047868 -> -0.500000 qaram    1.1500
parameters
    0.9665  -13.4261   17.1427   -4.3446   -4.3732   -4.5641
    0.7930    4.8134   -3.2114    3.3608   -2.1024   -2.6176
eta,q 0.92652 15.19371
  0.0990  0.1000  0.0980  0.0842  0.0753  0.0734  0.0763  0.0764  0.0757  0.0752  0.0762  0.0775
  0.0980  0.0990  0.0971  0.0880  0.0794  0.0747  0.0757  0.0756  0.0752  0.0748  0.0756  0.0765
  0.0975  0.0982  0.0968  0.0921  0.0838  0.0771  0.0753  0.0751  0.0750  0.0749  0.0752  0.0755
  0.0975  0.0975  0.0967  0.0966  0.0891  0.0806  0.0751  0.0751  0.0751  0.0750  0.0749  0.0747
  0.0978  0.0970  0.0966  0.1016  0.0950  0.0842  0.0753  0.0757  0.0754  0.0758  0.0747  0.0739
  0.0984  0.0967  0.0966  0.1070  0.1008  0.0898  0.0758  0.0768  0.0760  0.0772  0.0747  0.0733
  0.0993  0.0969  0.0969  0.1129  0.1068  0.0962  0.0765  0.0784  0.0770  0.0790  0.0746  0.0730
niter,ni,del,rscale     7    3    5.0000    1.2000
parameter  4  3.355078 ->  0.500000 qaram    1.3225
parameter  5  3.184230 ->  0.500000 qaram    1.3225
parameter  6  4.465359 ->  0.500000 qaram    1.3225
parameters
    1.1568  -12.3822   16.2494   -9.1056   -9.1342   -9.3251
    0.0903    5.1356   -3.7828    0.0545   -2.3043   -2.2444
eta,q 0.94831 13.87950
  0.0753  0.0760  0.0735  0.0610  0.0525  0.0480  0.0540  0.0548  0.0540  0.0526  0.0527  0.0532
  0.0745  0.0748  0.0730  0.0645  0.0564  0.0513  0.0531  0.0535  0.0531  0.0518  0.0521  0.0524
  0.0738  0.0741  0.0727  0.0687  0.0607  0.0554  0.0526  0.0526  0.0526  0.0518  0.0518  0.0519
  0.0735  0.0735  0.0729  0.0727  0.0657  0.0575  0.0525  0.0525  0.0525  0.0525  0.0517  0.0517
  0.0735  0.0730  0.0737  0.0774  0.0716  0.0610  0.0528  0.0525  0.0528  0.0534  0.0517  0.0519
  0.0740  0.0730  0.0746  0.0827  0.0775  0.0654  0.0535  0.0531  0.0535  0.0551  0.0521  0.0523
  0.0749  0.0739  0.0753  0.0886  0.0841  0.0702  0.0546  0.0544  0.0545  0.0574  0.0528  0.0529
niter,ni,del,rscale     7    3    5.0000    1.2000
parameter  3  0.774965 ->  0.500000 qaram    1.1500
parameter  4  1.797083 ->  0.500000 qaram    1.5209
parameter  5  1.427450 ->  0.500000 qaram    1.5209
parameter  6  3.764459 ->  0.500000 qaram    1.5209
parameters
    1.4321  -12.0730   14.8694  -14.5807  -14.6093  -14.8002
    1.3526    4.9702   -3.4082    1.2219   -4.2045   -0.9678
eta,q 0.97135 13.26581
  0.0539  0.0545  0.0513  0.0415  0.0356  0.0264  0.0327  0.0339  0.0319  0.0332  0.0304  0.0310
  0.0527  0.0533  0.0511  0.0432  0.0373  0.0281  0.0311  0.0314  0.0304  0.0313  0.0292  0.0299
  0.0520  0.0524  0.0511  0.0465  0.0400  0.0329  0.0299  0.0297  0.0295  0.0299  0.0287  0.0291
  0.0517  0.0517  0.0516  0.0510  0.0440  0.0379  0.0292  0.0291  0.0291  0.0291  0.0289  0.0287
  0.0517  0.0516  0.0522  0.0560  0.0493  0.0439  0.0291  0.0297  0.0293  0.0290  0.0297  0.0287
  0.0522  0.0523  0.0528  0.0615  0.0551  0.0486  0.0297  0.0316  0.0301  0.0298  0.0310  0.0291
  0.0531  0.0538  0.0534  0.0677  0.0619  0.0535  0.0310  0.0344  0.0313  0.0313  0.0326  0.0300
niter,ni,del,rscale     7    3    5.0000    1.2000
parameter  3  0.909030 ->  0.500000 qaram    1.3225
parameters
    1.2233  -12.9295   13.2824  -18.4631  -19.8256  -19.1271
    1.6624    5.4061   -3.4549    0.6430   -6.2182   -0.6232
eta,q 0.97620 12.94701
  0.0316  0.0300  0.0261  0.0281  0.0255  0.0270  0.0266  0.0276  0.0256  0.0260  0.0244  0.0252
  0.0298  0.0286  0.0255  0.0262  0.0237  0.0252  0.0253  0.0258  0.0247  0.0246  0.0240  0.0245
  0.0288  0.0282  0.0262  0.0249  0.0234  0.0237  0.0244  0.0245  0.0241  0.0240  0.0238  0.0240
  0.0287  0.0286  0.0282  0.0256  0.0249  0.0233  0.0239  0.0239  0.0239  0.0239  0.0239  0.0238
  0.0293  0.0298  0.0311  0.0287  0.0281  0.0296  0.0241  0.0241  0.0241  0.0244  0.0242  0.0239
  0.0307  0.0315  0.0342  0.0341  0.0332  0.0373  0.0250  0.0251  0.0247  0.0253  0.0247  0.0243
  0.0327  0.0338  0.0370  0.0401  0.0387  0.0450  0.0263  0.0270  0.0256  0.0266  0.0255  0.0250
niter,ni,del,rscale     7    3    5.0000    1.2000
parameters
    1.4262  -12.8781   13.7203  -17.4512  -19.8738  -20.4393
    1.5314    5.4833   -3.0405    0.5979   -6.0575   -0.0691
eta,q 0.97604 12.94286
  0.0268  0.0270  0.0267  0.0291  0.0290  0.0292  0.0265  0.0274  0.0260  0.0263  0.0252  0.0253
  0.0253  0.0251  0.0254  0.0270  0.0265  0.0270  0.0252  0.0256  0.0249  0.0249  0.0245  0.0246
  0.0243  0.0240  0.0244  0.0252  0.0244  0.0251  0.0243  0.0244  0.0243  0.0241  0.0241  0.0242
  0.0238  0.0238  0.0238  0.0237  0.0234  0.0234  0.0240  0.0240  0.0240  0.0240  0.0240  0.0240
  0.0239  0.0242  0.0237  0.0232  0.0238  0.0230  0.0243  0.0243  0.0241  0.0243  0.0241  0.0240
  0.0247  0.0252  0.0242  0.0247  0.0258  0.0285  0.0252  0.0255  0.0246  0.0251  0.0244  0.0244
  0.0260  0.0265  0.0257  0.0284  0.0299  0.0360  0.0267  0.0274  0.0256  0.0262  0.0251  0.0250
niter,ni,del,rscale     6    3    5.0000    1.2000
parameters
    1.4581  -12.9453   13.9737  -17.4272  -19.9459  -20.7504
    1.4944    5.4589   -3.0315    0.4396   -6.0933    0.2350
eta,q 0.97595 12.93558
  0.0267  0.0269  0.0263  0.0289  0.0295  0.0301  0.0266  0.0274  0.0259  0.0264  0.0251  0.0253
  0.0253  0.0251  0.0252  0.0270  0.0270  0.0278  0.0253  0.0256  0.0249  0.0250  0.0245  0.0246
  0.0243  0.0241  0.0244  0.0253  0.0249  0.0257  0.0244  0.0245  0.0243  0.0242  0.0242  0.0242
  0.0240  0.0240  0.0239  0.0239  0.0239  0.0239  0.0241  0.0241  0.0241  0.0241  0.0241  0.0241
  0.0242  0.0245  0.0240  0.0239  0.0244  0.0229  0.0244  0.0244  0.0243  0.0244  0.0242  0.0241
  0.0251  0.0255  0.0245  0.0260  0.0263  0.0260  0.0253  0.0256  0.0249  0.0252  0.0245  0.0245
  0.0266  0.0269  0.0258  0.0299  0.0303  0.0337  0.0267  0.0275  0.0259  0.0264  0.0252  0.0252
niter,ni,del,rscale     5    3    5.0000    1.2000
parameters
    1.4746  -12.9825   14.0303  -17.4190  -19.9670  -20.8181
    1.4958    5.4485   -3.0090    0.3782   -6.1106    0.3669
eta,q 0.97593 12.93420
  0.0268  0.0271  0.0261  0.0290  0.0296  0.0303  0.0266  0.0274  0.0259  0.0265  0.0252  0.0253
  0.0253  0.0253  0.0251  0.0271  0.0271  0.0280  0.0253  0.0257  0.0249  0.0250  0.0245  0.0246
  0.0244  0.0242  0.0244  0.0254  0.0251  0.0259  0.0244  0.0245  0.0243  0.0242  0.0242  0.0242
  0.0241  0.0241  0.0240  0.0240  0.0240  0.0240  0.0241  0.0241  0.0241  0.0241  0.0241  0.0241
  0.0243  0.0245  0.0241  0.0240  0.0245  0.0229  0.0244  0.0244  0.0243  0.0244  0.0242  0.0242
  0.0252  0.0256  0.0248  0.0261  0.0264  0.0256  0.0253  0.0256  0.0249  0.0252  0.0245  0.0246
  0.0267  0.0270  0.0262  0.0300  0.0304  0.0332  0.0267  0.0275  0.0259  0.0264  0.0252  0.0252
niter,ni,del,rscale     4    3    5.0000    1.2000
parameters
    1.4769  -12.9984   14.0470  -17.4120  -19.9714  -20.8406
    1.4945    5.4444   -2.9941    0.3515   -6.1137    0.4143
eta,q 0.97593 12.93404
  0.0268  0.0271  0.0261  0.0290  0.0297  0.0303  0.0266  0.0274  0.0259  0.0265  0.0252  0.0252
  0.0253  0.0253  0.0250  0.0271  0.0272  0.0280  0.0253  0.0257  0.0249  0.0251  0.0245  0.0246
  0.0244  0.0243  0.0244  0.0254  0.0251  0.0259  0.0244  0.0245  0.0243  0.0243  0.0242  0.0242
  0.0241  0.0241  0.0241  0.0241  0.0241  0.0241  0.0241  0.0241  0.0241  0.0241  0.0241  0.0241
  0.0244  0.0246  0.0242  0.0240  0.0245  0.0229  0.0244  0.0244  0.0243  0.0244  0.0242  0.0242
  0.0253  0.0256  0.0248  0.0262  0.0264  0.0255  0.0253  0.0256  0.0249  0.0252  0.0245  0.0246
  0.0268  0.0270  0.0262  0.0300  0.0304  0.0331  0.0267  0.0275  0.0259  0.0264  0.0252  0.0252
registration optimization eta report
parameter search radius
    2.4000    2.7600    3.1740   10.9503   10.9503   10.9503
    7.2000    7.2000    7.2000    7.2000    8.2800    8.2800
100000*second partial in parameter space
       47.       39.       21.        4.        5.        7.
        5.        6.        4.        5.        2.        2.
  0.0268  0.0271  0.0261  0.0290  0.0297  0.0303  0.0266  0.0274  0.0259  0.0265  0.0252  0.0252
  0.0253  0.0253  0.0250  0.0271  0.0272  0.0280  0.0253  0.0257  0.0249  0.0251  0.0245  0.0246
  0.0244  0.0243  0.0244  0.0254  0.0251  0.0259  0.0244  0.0245  0.0243  0.0243  0.0242  0.0242
  0.0241  0.0241  0.0241  0.0241  0.0241  0.0241  0.0241  0.0241  0.0241  0.0241  0.0241  0.0241
  0.0244  0.0246  0.0242  0.0240  0.0245  0.0229  0.0244  0.0244  0.0243  0.0244  0.0242  0.0242
  0.0253  0.0256  0.0248  0.0262  0.0264  0.0255  0.0253  0.0256  0.0249  0.0252  0.0245  0.0246
  0.0268  0.0270  0.0262  0.0300  0.0304  0.0331  0.0267  0.0275  0.0259  0.0264  0.0252  0.0252
    1.4769  -12.9984   14.0470  -17.4120  -19.9714  -20.8406
    1.4945    5.4444   -2.9941    0.3515   -6.1137    0.4143
eta,q 0.97593 12.93404

---------------------------------------------------------------------
imgreg_4dfp /opt/freesurfer/average/711-2C_as_mni_average_305 /opt/freesurfer/average/711-2B_as_mni_average_305_mask talsrcimg_g11 none talsrcimg_to_711-2C_as_mni_average_305_t4 2311
---------------------------------------------------------------------

freesurfer imgreg_4dfp.c
/opt/freesurfer/average/711-2C_as_mni_average_305.4dfp.img
       256       256       256         1
  1.000000  1.000000  1.000000
orientation T byte_order littleendian
Reading image: /opt/freesurfer/average/711-2C_as_mni_average_305.4dfp.img
dimensions:      256       256       256
mmppix:       1.0000   -1.0000   -1.0000
center:     128.0000 -129.0000 -129.0000
/opt/freesurfer/average/711-2B_as_mni_average_305_mask.4dfp.img
       256       256       256         1
  1.000000  1.000000  1.000000
orientation T byte_order littleendian
Reading mask: /opt/freesurfer/average/711-2B_as_mni_average_305_mask.4dfp.img (2306576 pixels)
talsrcimg_g11.4dfp.img
       256       256       256         1
  0.900000  0.900000  0.900000
orientation T byte_order littleendian
Reading image: talsrcimg_g11.4dfp.img
dimensions:      256       256       256
mmppix:       0.9000   -0.9000   -0.9000
center:     115.2000 -116.1000 -116.1000
fimgreg.f
image alignment mode   2311 decimal      907 hex
parameters
    1.4769  -12.9984   14.0470  -17.4120  -19.9714  -20.8406
    1.4945    5.4444   -2.9941    0.3515   -6.1137    0.4143
eta,q 0.97593 12.93404
niter,ni,del,rscale     5    3    5.0000    0.8000
parameter  6 -0.919052 -> -0.500000 qaram    1.1500
parameters
    1.4865  -13.1242   14.2589  -15.6445  -19.7133  -18.0806
    1.4366    5.4613   -2.9890    0.3637   -6.3088    0.5945
eta,q 0.97727 13.05021
  0.0253  0.0250  0.0246  0.0259  0.0252  0.0264  0.0240  0.0248  0.0237  0.0242  0.0234  0.0234
  0.0246  0.0244  0.0244  0.0252  0.0245  0.0255  0.0233  0.0237  0.0232  0.0234  0.0230  0.0230
  0.0242  0.0241  0.0242  0.0246  0.0240  0.0246  0.0229  0.0230  0.0228  0.0229  0.0228  0.0228
  0.0241  0.0241  0.0241  0.0240  0.0238  0.0238  0.0227  0.0227  0.0227  0.0227  0.0227  0.0227
  0.0242  0.0243  0.0241  0.0238  0.0239  0.0230  0.0229  0.0230  0.0228  0.0229  0.0229  0.0228
  0.0246  0.0247  0.0242  0.0239  0.0243  0.0227  0.0233  0.0236  0.0232  0.0234  0.0231  0.0230
  0.0253  0.0252  0.0244  0.0244  0.0249  0.0231  0.0241  0.0248  0.0237  0.0242  0.0235  0.0233
niter,ni,del,rscale     5    3    5.0000    0.8000
parameters
    1.3435  -13.2382   13.7929  -15.8666  -19.5432  -18.4787
    1.5040    5.5071   -2.9371    0.3607   -6.2785    0.7241
eta,q 0.97725 13.05442
  0.0239  0.0238  0.0231  0.0241  0.0242  0.0252  0.0241  0.0248  0.0238  0.0242  0.0234  0.0233
  0.0232  0.0231  0.0228  0.0234  0.0234  0.0243  0.0234  0.0237  0.0232  0.0234  0.0230  0.0230
  0.0228  0.0228  0.0226  0.0228  0.0228  0.0234  0.0229  0.0230  0.0229  0.0229  0.0228  0.0228
  0.0227  0.0227  0.0227  0.0226  0.0226  0.0226  0.0227  0.0227  0.0227  0.0227  0.0227  0.0227
  0.0230  0.0229  0.0230  0.0228  0.0228  0.0226  0.0229  0.0229  0.0228  0.0229  0.0228  0.0228
  0.0236  0.0234  0.0236  0.0235  0.0232  0.0239  0.0233  0.0236  0.0232  0.0234  0.0230  0.0230
  0.0245  0.0241  0.0245  0.0245  0.0240  0.0274  0.0240  0.0247  0.0237  0.0242  0.0233  0.0233
niter,ni,del,rscale     4    3    5.0000    0.7000
parameters
    1.3458  -13.2319   13.8769  -15.7956  -19.5565  -18.1921
    1.5190    5.5201   -2.9201    0.3318   -6.3379    0.7043
eta,q 0.97734 13.05969
  0.0239  0.0237  0.0235  0.0240  0.0238  0.0251  0.0236  0.0242  0.0234  0.0238  0.0231  0.0231
  0.0232  0.0232  0.0231  0.0234  0.0232  0.0242  0.0231  0.0234  0.0230  0.0232  0.0229  0.0229
  0.0229  0.0228  0.0229  0.0230  0.0229  0.0234  0.0228  0.0228  0.0227  0.0228  0.0227  0.0227
  0.0227  0.0227  0.0227  0.0227  0.0227  0.0227  0.0227  0.0227  0.0227  0.0227  0.0227  0.0227
  0.0229  0.0229  0.0228  0.0228  0.0229  0.0225  0.0228  0.0228  0.0227  0.0228  0.0227  0.0227
  0.0232  0.0232  0.0230  0.0233  0.0232  0.0231  0.0231  0.0233  0.0230  0.0232  0.0229  0.0229
  0.0239  0.0237  0.0234  0.0240  0.0239  0.0252  0.0236  0.0242  0.0234  0.0238  0.0232  0.0231
niter,ni,del,rscale     3    3    5.0000    0.6000
parameters
    1.3313  -13.2566   13.8194  -15.7483  -19.5651  -17.8510
    1.5280    5.5679   -2.8822    0.3544   -6.3441    0.6190
eta,q 0.97743 13.06691
  0.0235  0.0233  0.0231  0.0236  0.0235  0.0246  0.0233  0.0238  0.0232  0.0235  0.0230  0.0229
  0.0230  0.0229  0.0229  0.0232  0.0230  0.0239  0.0229  0.0231  0.0228  0.0230  0.0227  0.0227
  0.0227  0.0227  0.0227  0.0228  0.0228  0.0232  0.0227  0.0227  0.0226  0.0227  0.0226  0.0226
  0.0227  0.0227  0.0227  0.0227  0.0227  0.0227  0.0226  0.0226  0.0226  0.0226  0.0226  0.0226
  0.0228  0.0228  0.0227  0.0227  0.0227  0.0225  0.0227  0.0227  0.0226  0.0227  0.0226  0.0226
  0.0230  0.0230  0.0229  0.0231  0.0230  0.0230  0.0229  0.0231  0.0228  0.0230  0.0228  0.0227
  0.0235  0.0234  0.0233  0.0236  0.0235  0.0244  0.0233  0.0238  0.0231  0.0234  0.0230  0.0230
niter,ni,del,rscale     2    3    5.0000    0.5000
parameters
    1.3178  -13.2667   13.7333  -15.7362  -19.5607  -17.5132
    1.5486    5.6300   -2.8566    0.3825   -6.2944    0.4797
eta,q 0.97748 13.07305
  0.0231  0.0231  0.0229  0.0233  0.0232  0.0241  0.0230  0.0234  0.0229  0.0232  0.0228  0.0228
  0.0228  0.0228  0.0227  0.0229  0.0229  0.0235  0.0228  0.0229  0.0227  0.0228  0.0226  0.0226
  0.0226  0.0226  0.0226  0.0227  0.0226  0.0229  0.0226  0.0226  0.0226  0.0226  0.0225  0.0225
  0.0226  0.0226  0.0226  0.0226  0.0226  0.0226  0.0225  0.0225  0.0225  0.0225  0.0225  0.0225
  0.0226  0.0226  0.0226  0.0227  0.0226  0.0225  0.0226  0.0226  0.0226  0.0226  0.0225  0.0226
  0.0228  0.0228  0.0228  0.0229  0.0228  0.0228  0.0227  0.0229  0.0227  0.0228  0.0226  0.0227
  0.0232  0.0231  0.0231  0.0233  0.0232  0.0238  0.0230  0.0234  0.0229  0.0231  0.0228  0.0228
niter,ni,del,rscale     1    3    5.0000    0.4000
parameters
    1.2992  -13.2724   13.6382  -15.7414  -19.5498  -17.1967
    1.5829    5.6907   -2.8214    0.4181   -6.2196    0.3609
eta,q 0.97753 13.07856
  0.0229  0.0228  0.0227  0.0230  0.0229  0.0236  0.0228  0.0231  0.0227  0.0229  0.0227  0.0226
  0.0227  0.0226  0.0226  0.0227  0.0227  0.0231  0.0226  0.0227  0.0226  0.0227  0.0226  0.0225
  0.0226  0.0225  0.0225  0.0226  0.0226  0.0227  0.0225  0.0225  0.0225  0.0225  0.0225  0.0225
  0.0225  0.0225  0.0225  0.0225  0.0225  0.0225  0.0225  0.0225  0.0225  0.0225  0.0225  0.0225
  0.0226  0.0226  0.0226  0.0226  0.0226  0.0225  0.0225  0.0225  0.0225  0.0225  0.0225  0.0225
  0.0227  0.0227  0.0227  0.0227  0.0227  0.0227  0.0226  0.0227  0.0226  0.0227  0.0226  0.0226
  0.0229  0.0228  0.0229  0.0230  0.0229  0.0233  0.0228  0.0230  0.0227  0.0229  0.0226  0.0227
registration optimization eta report
parameter search radius
    0.8000    0.8000    0.8000    2.4000    2.4000    2.7600
    2.4000    2.4000    2.4000    2.4000    2.4000    2.4000
100000*second partial in parameter space
       59.       51.       43.        8.        7.       12.
        6.       10.        5.        7.        3.        3.
  0.0229  0.0228  0.0227  0.0230  0.0229  0.0236  0.0228  0.0231  0.0227  0.0229  0.0227  0.0226
  0.0227  0.0226  0.0226  0.0227  0.0227  0.0231  0.0226  0.0227  0.0226  0.0227  0.0226  0.0225
  0.0226  0.0225  0.0225  0.0226  0.0226  0.0227  0.0225  0.0225  0.0225  0.0225  0.0225  0.0225
  0.0225  0.0225  0.0225  0.0225  0.0225  0.0225  0.0225  0.0225  0.0225  0.0225  0.0225  0.0225
  0.0226  0.0226  0.0226  0.0226  0.0226  0.0225  0.0225  0.0225  0.0225  0.0225  0.0225  0.0225
  0.0227  0.0227  0.0227  0.0227  0.0227  0.0227  0.0226  0.0227  0.0226  0.0227  0.0226  0.0226
  0.0229  0.0228  0.0229  0.0230  0.0229  0.0233  0.0228  0.0230  0.0227  0.0229  0.0226  0.0227
    1.2992  -13.2724   13.6382  -15.7414  -19.5498  -17.1967
    1.5829    5.6907   -2.8214    0.4181   -6.2196    0.3609
eta,q 0.97753 13.07856

---------------------------------------------------------------------
imgreg_4dfp /opt/freesurfer/average/711-2C_as_mni_average_305 /opt/freesurfer/average/711-2B_as_mni_average_305_mask talsrcimg_g11 none talsrcimg_to_711-2C_as_mni_average_305_t4 2311
---------------------------------------------------------------------

freesurfer imgreg_4dfp.c
/opt/freesurfer/average/711-2C_as_mni_average_305.4dfp.img
       256       256       256         1
  1.000000  1.000000  1.000000
orientation T byte_order littleendian
Reading image: /opt/freesurfer/average/711-2C_as_mni_average_305.4dfp.img
dimensions:      256       256       256
mmppix:       1.0000   -1.0000   -1.0000
center:     128.0000 -129.0000 -129.0000
/opt/freesurfer/average/711-2B_as_mni_average_305_mask.4dfp.img
       256       256       256         1
  1.000000  1.000000  1.000000
orientation T byte_order littleendian
Reading mask: /opt/freesurfer/average/711-2B_as_mni_average_305_mask.4dfp.img (2306576 pixels)
talsrcimg_g11.4dfp.img
       256       256       256         1
  0.900000  0.900000  0.900000
orientation T byte_order littleendian
Reading image: talsrcimg_g11.4dfp.img
dimensions:      256       256       256
mmppix:       0.9000   -0.9000   -0.9000
center:     115.2000 -116.1000 -116.1000
fimgreg.f
image alignment mode   2311 decimal      907 hex
parameters
    1.2992  -13.2724   13.6382  -15.7414  -19.5498  -17.1967
    1.5829    5.6907   -2.8214    0.4181   -6.2196    0.3609
eta,q 0.97753 13.07856
niter,ni,del,rscale     5    3    5.0000    0.8000
parameters
    1.2933  -13.2247   13.4809  -15.9930  -19.4749  -17.8561
    1.5447    5.5954   -2.9010    0.4904   -6.1760    0.3109
eta,q 0.97738 13.06761
  0.0240  0.0238  0.0234  0.0240  0.0240  0.0245  0.0239  0.0246  0.0236  0.0241  0.0233  0.0232
  0.0231  0.0231  0.0229  0.0232  0.0232  0.0237  0.0232  0.0235  0.0230  0.0233  0.0229  0.0229
  0.0226  0.0226  0.0225  0.0227  0.0227  0.0229  0.0228  0.0228  0.0227  0.0228  0.0227  0.0227
  0.0225  0.0225  0.0225  0.0225  0.0225  0.0225  0.0226  0.0226  0.0226  0.0226  0.0226  0.0226
  0.0227  0.0226  0.0226  0.0227  0.0226  0.0226  0.0228  0.0229  0.0227  0.0228  0.0227  0.0227
  0.0232  0.0230  0.0231  0.0234  0.0231  0.0240  0.0232  0.0236  0.0231  0.0233  0.0229  0.0229
  0.0240  0.0236  0.0239  0.0244  0.0239  0.0273  0.0239  0.0248  0.0236  0.0240  0.0232  0.0233
niter,ni,del,rscale     4    3    5.0000    0.7000
parameters
    1.3160  -13.2013   13.6813  -15.8662  -19.4913  -17.7554
    1.5375    5.5736   -2.9189    0.4675   -6.2464    0.3746
eta,q 0.97743 13.06935
  0.0238  0.0236  0.0235  0.0239  0.0237  0.0245  0.0236  0.0242  0.0233  0.0237  0.0231  0.0231
  0.0231  0.0230  0.0231  0.0233  0.0231  0.0238  0.0230  0.0233  0.0229  0.0231  0.0228  0.0228
  0.0228  0.0227  0.0228  0.0228  0.0227  0.0231  0.0227  0.0227  0.0227  0.0227  0.0226  0.0226
  0.0226  0.0226  0.0226  0.0226  0.0226  0.0226  0.0226  0.0226  0.0226  0.0226  0.0226  0.0226
  0.0227  0.0227  0.0226  0.0227  0.0227  0.0225  0.0227  0.0227  0.0226  0.0227  0.0226  0.0226
  0.0231  0.0230  0.0228  0.0231  0.0231  0.0231  0.0230  0.0233  0.0229  0.0231  0.0228  0.0228
  0.0237  0.0235  0.0232  0.0239  0.0237  0.0248  0.0236  0.0242  0.0233  0.0237  0.0231  0.0231
niter,ni,del,rscale     3    3    5.0000    0.6000
parameters
    1.3097  -13.2314   13.6730  -15.8055  -19.5187  -17.5065
    1.5464    5.6181   -2.8841    0.4481   -6.2531    0.3736
eta,q 0.97749 13.07374
  0.0234  0.0232  0.0231  0.0236  0.0234  0.0241  0.0233  0.0238  0.0231  0.0234  0.0229  0.0229
  0.0229  0.0228  0.0228  0.0231  0.0229  0.0235  0.0229  0.0231  0.0228  0.0229  0.0227  0.0227
  0.0227  0.0226  0.0226  0.0227  0.0227  0.0229  0.0226  0.0227  0.0226  0.0226  0.0225  0.0226
  0.0226  0.0226  0.0226  0.0226  0.0226  0.0226  0.0225  0.0225  0.0225  0.0225  0.0225  0.0225
  0.0227  0.0227  0.0226  0.0227  0.0227  0.0225  0.0226  0.0226  0.0226  0.0226  0.0226  0.0226
  0.0229  0.0229  0.0228  0.0230  0.0230  0.0229  0.0228  0.0230  0.0228  0.0229  0.0227  0.0227
  0.0234  0.0233  0.0232  0.0235  0.0234  0.0241  0.0233  0.0237  0.0231  0.0234  0.0229  0.0229
niter,ni,del,rscale     2    3    5.0000    0.5000
parameters
    1.2987  -13.2485   13.6169  -15.7870  -19.5249  -17.2472
    1.5758    5.6669   -2.8471    0.4510   -6.1970    0.2926
eta,q 0.97753 13.07793
  0.0231  0.0230  0.0229  0.0232  0.0231  0.0237  0.0230  0.0234  0.0229  0.0231  0.0228  0.0227
  0.0228  0.0227  0.0227  0.0229  0.0228  0.0232  0.0227  0.0229  0.0227  0.0228  0.0226  0.0226
  0.0226  0.0226  0.0226  0.0226  0.0226  0.0228  0.0225  0.0226  0.0225  0.0225  0.0225  0.0225
  0.0225  0.0225  0.0225  0.0225  0.0225  0.0225  0.0225  0.0225  0.0225  0.0225  0.0225  0.0225
  0.0226  0.0226  0.0226  0.0226  0.0226  0.0225  0.0225  0.0226  0.0225  0.0226  0.0225  0.0225
  0.0228  0.0228  0.0227  0.0228  0.0228  0.0227  0.0227  0.0229  0.0226  0.0228  0.0226  0.0226
  0.0231  0.0230  0.0230  0.0232  0.0231  0.0235  0.0230  0.0233  0.0229  0.0231  0.0227  0.0228
niter,ni,del,rscale     1    3    5.0000    0.4000
parameters
    1.2876  -13.2596   13.5431  -15.7854  -19.5360  -16.9977
    1.6081    5.7204   -2.8219    0.4620   -6.1215    0.2006
eta,q 0.97755 13.08120
  0.0228  0.0228  0.0227  0.0229  0.0229  0.0233  0.0228  0.0231  0.0227  0.0229  0.0227  0.0226
  0.0226  0.0226  0.0226  0.0227  0.0227  0.0229  0.0226  0.0227  0.0226  0.0226  0.0225  0.0225
  0.0225  0.0225  0.0225  0.0225  0.0225  0.0227  0.0225  0.0225  0.0225  0.0225  0.0225  0.0225
  0.0225  0.0225  0.0225  0.0225  0.0225  0.0225  0.0224  0.0224  0.0224  0.0224  0.0224  0.0224
  0.0225  0.0225  0.0225  0.0225  0.0225  0.0224  0.0225  0.0225  0.0225  0.0225  0.0225  0.0225
  0.0227  0.0226  0.0226  0.0227  0.0227  0.0226  0.0226  0.0227  0.0226  0.0226  0.0225  0.0225
  0.0229  0.0228  0.0228  0.0230  0.0229  0.0231  0.0228  0.0230  0.0227  0.0229  0.0226  0.0227
registration optimization eta report
parameter search radius
    0.8000    0.8000    0.8000    2.4000    2.4000    2.4000
    2.4000    2.4000    2.4000    2.4000    2.4000    2.4000
100000*second partial in parameter space
       60.       50.       43.        8.        7.       13.
        6.       10.        5.        7.        3.        3.
  0.0228  0.0228  0.0227  0.0229  0.0229  0.0233  0.0228  0.0231  0.0227  0.0229  0.0227  0.0226
  0.0226  0.0226  0.0226  0.0227  0.0227  0.0229  0.0226  0.0227  0.0226  0.0226  0.0225  0.0225
  0.0225  0.0225  0.0225  0.0225  0.0225  0.0227  0.0225  0.0225  0.0225  0.0225  0.0225  0.0225
  0.0225  0.0225  0.0225  0.0225  0.0225  0.0225  0.0224  0.0224  0.0224  0.0224  0.0224  0.0224
  0.0225  0.0225  0.0225  0.0225  0.0225  0.0224  0.0225  0.0225  0.0225  0.0225  0.0225  0.0225
  0.0227  0.0226  0.0226  0.0227  0.0227  0.0226  0.0226  0.0227  0.0226  0.0226  0.0225  0.0225
  0.0229  0.0228  0.0228  0.0230  0.0229  0.0231  0.0228  0.0230  0.0227  0.0229  0.0226  0.0227
    1.2876  -13.2596   13.5431  -15.7854  -19.5360  -16.9977
    1.6081    5.7204   -2.8219    0.4620   -6.1215    0.2006
eta,q 0.97755 13.08120

---------------------------------------------------------------------
compute_vox2vox talsrcimg talsrcimg_to_711-2C_as_mni_average_305_t4 /opt/freesurfer/average/711-2C_as_mni_average_305
---------------------------------------------------------------------

freesurfer compute_vox2vox.c
Reading: talsrcimg.4dfp.ifh
Reading: talsrcimg_to_711-2C_as_mni_average_305_t4
Reading: /opt/freesurfer/average/711-2C_as_mni_average_305.4dfp.ifh
Writing: talsrcimg_to_711-2C_as_mni_average_305_t4_vox2vox.txt

start time Thu Mar 12 20:43:58 CET 2026
end		time Thu Mar 12 20:45:29 CET 2026

mpr2mni305 success

avi2talxfm orig_nu.mgz /opt/freesurfer/average/mni305.cor.mgz talsrcimg_to_711-2C_as_mni_average_305_t4_vox2vox.txt transforms/talairach.auto.xfm
avi2talxfm done
mv -f /out/sourcedata/freesurfer/sub-v2s1x29917_ses-1/mri/talsrcimg_to_711-2C_as_mni_average_305_t4_vox2vox.txt /out/sourcedata/freesurfer/sub-v2s1x29917_ses-1/mri/transforms/talsrcimg_to_711-2C_as_mni_average_305_t4_vox2vox.txt
lta_convert --src orig_nu.mgz --trg /opt/freesurfer/average/mni305.cor.mgz --inxfm transforms/talairach.auto.xfm --outlta transforms/talairach.auto.xfm.lta --subject fsaverage
7.3.2

--src: orig_nu.mgz src image (geometry).
--trg: /opt/freesurfer/average/mni305.cor.mgz trg image (geometry).
--inmni: transforms/talairach.auto.xfm input MNI/XFM transform.
--outlta: transforms/talairach.auto.xfm.lta output LTA.
--s: fsaverage subject name
 LTA read, type : 1
 1.18075  -0.08125  -0.02340  -0.30920;
 0.08698   1.19882  -0.00473  -64.42246;
 0.04091  -0.00973   1.24200  -29.39946;
 0.00000   0.00000   0.00000   1.00000;
setting subject to fsaverage
Writing  LTA to file transforms/talairach.auto.xfm.lta...
lta_convert successful.
 
 
Started at Thu Mar 12 20:43:57 CET 2026
Ended   at Thu Mar 12 20:45:29 CET 2026
talairach_avi done
