/out/sourcedata/freesurfer/sub-v2s1x29883_ses-1/mri
/opt/freesurfer/bin/talairach_avi
--i orig_nu.mgz --xfm transforms/talairach.auto.xfm
talairach_avi 7.3.2
Linux dna017 5.14.0-427.37.1.el9_4.x86_64 #1 SMP PREEMPT_DYNAMIC Fri Sep 13 12:41:50 EDT 2024 x86_64 x86_64 x86_64 GNU/Linux
Wed Mar 11 20:20:38 CET 2026
mri_convert orig_nu.mgz talsrcimg.img 
reading from orig_nu.mgz...
TR=0.00, TE=0.00, TI=0.00, flip angle=0.00
i_ras = (-1, 0, 0)
j_ras = (0, 0, -1)
k_ras = (0, 1, 0)
writing to talsrcimg.img...
Analyze Output Matrix
-0.90000   0.00000   0.00000   121.91518;
 0.00000   0.00000   0.90000  -85.37222;
 0.00000  -0.90000   0.00000   142.92310;
 0.00000   0.00000   0.00000   1.00000;
--------------------
INFO: set hdr.hist.orient to -1
mpr2mni305 talsrcimg
Wed Mar 11 20:20:39 CET 2026
/opt/freesurfer/bin/mpr2mni305 talsrcimg
mpr2mni305 7.3.2
target=711-2C_as_mni_average_305

---------------------------------------------------------------------
analyzeto4dfp talsrcimg -O0 -y
---------------------------------------------------------------------

freesurfer ifh2hdr.c
Wed Mar 11 20:20:39 2026
Writing: talsrcimg.4dfp.hdr
freesurfer analyzeto4dfp.c
Reading: talsrcimg.hdr
header size 348 bytes
hdr.dime.datatype	offset=70	value=2
hdr.dime.bitpix		offset=72	value=8
hdr.hist.orient		offset=252	value=-1
dimensionality     4
dimensions       256       256       256         1
Reading: talsrcimg.img
Writing: talsrcimg.4dfp.img
Writing: talsrcimg.4dfp.ifh
ifh2hdr talsrcimg -r0to244
ori=2

---------------------------------------------------------------------
gauss_4dfp talsrcimg 1.1
---------------------------------------------------------------------

freesurfer gauss_4dfp.c
Reading: talsrcimg.4dfp.img
Writing: talsrcimg_g11.4dfp.img
image dimensions 256 256 256 padded to 288 288 288
processing volume 1freesurfer ifh2hdr.c
Wed Mar 11 20:20:41 2026
Writing: talsrcimg_g11.4dfp.hdr

Writing: talsrcimg_g11.4dfp.ifh
including: talsrcimg.4dfp.img.rec in talsrcimg_g11.4dfp.img.rec

---------------------------------------------------------------------
imgreg_4dfp /opt/freesurfer/average/711-2C_as_mni_average_305 none talsrcimg_g11 none talsrcimg_to_711-2C_as_mni_average_305_t4 4355
---------------------------------------------------------------------

freesurfer imgreg_4dfp.c
/opt/freesurfer/average/711-2C_as_mni_average_305.4dfp.img
       256       256       256         1
  1.000000  1.000000  1.000000
orientation T byte_order littleendian
Reading image: /opt/freesurfer/average/711-2C_as_mni_average_305.4dfp.img
dimensions:      256       256       256
mmppix:       1.0000   -1.0000   -1.0000
center:     128.0000 -129.0000 -129.0000
talsrcimg_g11.4dfp.img
       256       256       256         1
  0.900000  0.900000  0.900000
orientation T byte_order littleendian
Reading image: talsrcimg_g11.4dfp.img
dimensions:      256       256       256
mmppix:       0.9000   -0.9000   -0.9000
center:     115.2000 -116.1000 -116.1000
t4_read: open error in t4_sub.f l:  41 t4_file(1:l)talsrcimg_to_711-2C_as_mni_average_305_t4 
t4_read: transform initialized to I4
rotation matrix determinant  1.000000
image alignment mode   4355 decimal     1103 hex
   -7.5000  -45.0000  -45.0000 6118.1436   15.3424
    0.0000  -45.0000  -45.0000 6112.6895   15.3459
    7.5000  -45.0000  -45.0000 5765.5518   15.3185
   -7.5000  -37.5000  -45.0000 6658.7163   16.3007
    0.0000  -37.5000  -45.0000 6650.4946   16.3044
    7.5000  -37.5000  -45.0000 6267.1865   16.2800
   -7.5000  -30.0000  -45.0000 7217.3496   16.8696
    0.0000  -30.0000  -45.0000 7205.5498   16.8743
    7.5000  -30.0000  -45.0000 6789.6592   16.8525
   -7.5000  -22.5000  -45.0000 7795.8472   16.9141
    0.0000  -22.5000  -45.0000 7788.8950   16.9207
    7.5000  -22.5000  -45.0000 7338.2544   16.8970
   -7.5000  -15.0000  -45.0000 8347.2617   16.8945
    0.0000  -15.0000  -45.0000 8350.2217   16.9029
    7.5000  -15.0000  -45.0000 7849.4458   16.8744
   -7.5000   -7.5000  -45.0000 8557.8076   16.8353
    0.0000   -7.5000  -45.0000 8539.0674   16.8417
    7.5000   -7.5000  -45.0000 8011.9121   16.8105
   -7.5000    0.0000  -45.0000 8680.7402   16.7935
    0.0000    0.0000  -45.0000 8649.8730   16.7972
    7.5000    0.0000  -45.0000 8138.6992   16.7671
   -7.5000    7.5000  -45.0000 8411.4717   16.8142
    0.0000    7.5000  -45.0000 8398.9912   16.8181
    7.5000    7.5000  -45.0000 7905.9512   16.7928
   -7.5000   15.0000  -45.0000 8403.2676   16.8696
    0.0000   15.0000  -45.0000 8390.0488   16.8743
    7.5000   15.0000  -45.0000 7874.0166   16.8525
   -7.5000   22.5000  -45.0000 8009.2124   16.6866
    0.0000   22.5000  -45.0000 7986.3477   16.6931
    7.5000   22.5000  -45.0000 7481.6113   16.6697
   -7.5000   30.0000  -45.0000 7383.2056   16.2227
    0.0000   30.0000  -45.0000 7341.6572   16.2308
    7.5000   30.0000  -45.0000 6891.0000   16.2034
   -7.5000   37.5000  -45.0000 6747.3965   15.6452
    0.0000   37.5000  -45.0000 6709.0127   15.6512
    7.5000   37.5000  -45.0000 6303.1367   15.6223
   -7.5000   45.0000  -45.0000 6126.0708   15.0333
    0.0000   45.0000  -45.0000 6093.2256   15.0367
    7.5000   45.0000  -45.0000 5729.1089   15.0097
   -7.5000  -45.0000  -37.5000 6648.7710   16.2076
    0.0000  -45.0000  -37.5000 6637.6611   16.1997
    7.5000  -45.0000  -37.5000 6262.7417   16.1846
   -7.5000  -37.5000  -37.5000 7230.2241   17.2176
    0.0000  -37.5000  -37.5000 7212.6475   17.2137
    7.5000  -37.5000  -37.5000 6786.9414   17.2031
   -7.5000  -30.0000  -37.5000 7814.0991   17.7812
    0.0000  -30.0000  -37.5000 7805.1055   17.7817
    7.5000  -30.0000  -37.5000 7340.0977   17.7738
   -7.5000  -22.5000  -37.5000 8430.2656   17.8292
    0.0000  -22.5000  -37.5000 8428.1367   17.8320
    7.5000  -22.5000  -37.5000 7934.6982   17.8212
   -7.5000  -15.0000  -37.5000 9048.8613   17.8202
    0.0000  -15.0000  -37.5000 9050.6162   17.8199
    7.5000  -15.0000  -37.5000 8490.5010   17.8034
   -7.5000   -7.5000  -37.5000 9265.5664   17.7659
    0.0000   -7.5000  -37.5000 9251.3506   17.7592
    7.5000   -7.5000  -37.5000 8659.0850   17.7402
   -7.5000    0.0000  -37.5000 9392.8818   17.7180
    0.0000    0.0000  -37.5000 9379.9658   17.7092
    7.5000    0.0000  -37.5000 8777.3838   17.6926
   -7.5000    7.5000  -37.5000 9089.7998   17.7288
    0.0000    7.5000  -37.5000 9078.3174   17.7248
    7.5000    7.5000  -37.5000 8511.0020   17.7138
   -7.5000   15.0000  -37.5000 9063.7637   17.7803
    0.0000   15.0000  -37.5000 9040.7646   17.7808
    7.5000   15.0000  -37.5000 8466.4287   17.7730
   -7.5000   22.5000  -37.5000 8612.2432   17.5908
    0.0000   22.5000  -37.5000 8586.9062   17.5935
    7.5000   22.5000  -37.5000 8033.6084   17.5830
   -7.5000   30.0000  -37.5000 7911.6128   17.1238
    0.0000   30.0000  -37.5000 7878.4517   17.1235
    7.5000   30.0000  -37.5000 7400.2295   17.1076
   -7.5000   37.5000  -37.5000 7220.0869   16.5236
    0.0000   37.5000  -37.5000 7176.5317   16.5173
    7.5000   37.5000  -37.5000 6753.3647   16.4997
   -7.5000   45.0000  -37.5000 6538.1118   15.8609
    0.0000   45.0000  -37.5000 6495.8926   15.8531
    7.5000   45.0000  -37.5000 6108.5107   15.8382
   -7.5000  -45.0000  -30.0000 7135.3882   17.0285
    0.0000  -45.0000  -30.0000 7148.7422   17.0095
    7.5000  -45.0000  -30.0000 6743.2524   17.0082
   -7.5000  -37.5000  -30.0000 7752.8296   18.0933
    0.0000  -37.5000  -30.0000 7759.9258   18.0782
    7.5000  -37.5000  -30.0000 7296.3799   18.0801
   -7.5000  -30.0000  -30.0000 8381.1104   18.6559
    0.0000  -30.0000  -30.0000 8384.5918   18.6470
    7.5000  -30.0000  -30.0000 7880.4585   18.6522
   -7.5000  -22.5000  -30.0000 9059.2842   18.7047
    0.0000  -22.5000  -30.0000 9055.1514   18.6995
    7.5000  -22.5000  -30.0000 8515.9512   18.7044
   -7.5000  -15.0000  -30.0000 9722.2012   18.6979
    0.0000  -15.0000  -30.0000 9725.5088   18.6873
    7.5000  -15.0000  -30.0000 9114.9990   18.6886
   -7.5000   -7.5000  -30.0000 9937.5146   18.6455
    0.0000   -7.5000  -30.0000 9937.9990   18.6267
    7.5000   -7.5000  -30.0000 9289.2871   18.6251
   -7.5000    0.0000  -30.000010069.4619   18.5961
    0.0000    0.0000  -30.000010080.3535   18.5751
    7.5000    0.0000  -30.0000 9416.5068   18.5736
   -7.5000    7.5000  -30.0000 9761.6611   18.6023
    0.0000    7.5000  -30.0000 9765.9990   18.5868
    7.5000    7.5000  -30.0000 9126.0527   18.5887
   -7.5000   15.0000  -30.0000 9697.7920   18.6534
    0.0000   15.0000  -30.0000 9689.5420   18.6444
    7.5000   15.0000  -30.0000 9038.8184   18.6497
   -7.5000   22.5000  -30.0000 9211.2881   18.4555
    0.0000   22.5000  -30.0000 9170.2725   18.4503
    7.5000   22.5000  -30.0000 8551.7256   18.4552
   -7.5000   30.0000  -30.0000 8452.7188   17.9803
    0.0000   30.0000  -30.0000 8420.0273   17.9701
    7.5000   30.0000  -30.0000 7882.5020   17.9713
   -7.5000   37.5000  -30.0000 7688.3784   17.3679
    0.0000   37.5000  -30.0000 7660.2363   17.3503
    7.5000   37.5000  -30.0000 7190.7358   17.3488
   -7.5000   45.0000  -30.0000 6925.9688   16.6735
    0.0000   45.0000  -30.0000 6902.9731   16.6547
    7.5000   45.0000  -30.0000 6485.4990   16.6533
   -7.5000  -45.0000  -22.5000 7637.9990   17.7417
    0.0000  -45.0000  -22.5000 7648.8208   17.7210
    7.5000  -45.0000  -22.5000 7201.5234   17.7215
   -7.5000  -37.5000  -22.5000 8271.9619   18.8661
    0.0000  -37.5000  -22.5000 8268.8145   18.8464
    7.5000  -37.5000  -22.5000 7775.4829   18.8471
   -7.5000  -30.0000  -22.5000 8949.8467   19.4307
    0.0000  -30.0000  -22.5000 8941.2588   19.4154
    7.5000  -30.0000  -22.5000 8409.3008   19.4206
   -7.5000  -22.5000  -22.5000 9677.3799   19.4770
    0.0000  -22.5000  -22.5000 9663.0293   19.4651
    7.5000  -22.5000  -22.5000 9082.4727   19.4741
   -7.5000  -15.0000  -22.500010359.6777   19.4631
    0.0000  -15.0000  -22.500010359.8936   19.4479
    7.5000  -15.0000  -22.5000 9716.5527   19.4560
   -7.5000   -7.5000  -22.500010553.6211   19.4090
    0.0000   -7.5000  -22.500010570.2080   19.3882
    7.5000   -7.5000  -22.5000 9902.7676   19.3926
   -7.5000    0.0000  -22.500010689.8604   19.3638
    0.0000    0.0000  -22.500010722.3018   19.3411
    7.5000    0.0000  -22.500010018.2246   19.3415
   -7.5000    7.5000  -22.500010371.5303   19.3727
    0.0000    7.5000  -22.500010400.3916   19.3524
    7.5000    7.5000  -22.5000 9699.7100   19.3532
   -7.5000   15.0000  -22.500010262.1533   19.4261
    0.0000   15.0000  -22.500010279.8408   19.4107
    7.5000   15.0000  -22.5000 9579.6982   19.4159
   -7.5000   22.5000  -22.5000 9716.6055   19.2192
    0.0000   22.5000  -22.5000 9708.6016   19.2076
    7.5000   22.5000  -22.5000 9032.7432   19.2165
   -7.5000   30.0000  -22.5000 8923.6787   18.7299
    0.0000   30.0000  -22.5000 8922.6650   18.7152
    7.5000   30.0000  -22.5000 8333.9375   18.7230
   -7.5000   37.5000  -22.5000 8124.9849   18.1065
    0.0000   37.5000  -22.5000 8128.3218   18.0872
    7.5000   37.5000  -22.5000 7604.5376   18.0913
   -7.5000   45.0000  -22.5000 7296.9248   17.4038
    0.0000   45.0000  -22.5000 7296.8823   17.3834
    7.5000   45.0000  -22.5000 6838.7495   17.3838
   -7.5000  -45.0000  -15.0000 8116.9736   18.3649
    0.0000  -45.0000  -15.0000 8124.1709   18.3564
    7.5000  -45.0000  -15.0000 7661.7852   18.3433
   -7.5000  -37.5000  -15.0000 8766.3760   19.5368
    0.0000  -37.5000  -15.0000 8763.3262   19.5260
    7.5000  -37.5000  -15.0000 8263.6943   19.5125
   -7.5000  -30.0000  -15.0000 9496.8379   20.1065
    0.0000  -30.0000  -15.0000 9486.6221   20.0966
    7.5000  -30.0000  -15.0000 8956.7148   20.0885
   -7.5000  -22.5000  -15.000010278.7412   20.1499
    0.0000  -22.5000  -15.000010261.7178   20.1429
    7.5000  -22.5000  -15.0000 9669.3018   20.1392
   -7.5000  -15.0000  -15.000010980.7891   20.1246
    0.0000  -15.0000  -15.000010958.4473   20.1188
    7.5000  -15.0000  -15.000010325.1719   20.1144
   -7.5000   -7.5000  -15.000011140.4834   20.0639
    0.0000   -7.5000  -15.000011159.6104   20.0570
    7.5000   -7.5000  -15.000010486.8154   20.0481
   -7.5000    0.0000  -15.000011264.9834   20.0246
    0.0000    0.0000  -15.000011304.9688   20.0152
    7.5000    0.0000  -15.000010602.6357   20.0008
   -7.5000    7.5000  -15.000010900.1543   20.0419
    0.0000    7.5000  -15.000010961.6670   20.0309
    7.5000    7.5000  -15.000010248.4150   20.0170
   -7.5000   15.0000  -15.000010756.8379   20.1003
    0.0000   15.0000  -15.000010808.9072   20.0904
    7.5000   15.0000  -15.000010092.0898   20.0823
   -7.5000   22.5000  -15.000010143.7461   19.8863
    0.0000   22.5000  -15.000010170.2051   19.8795
    7.5000   22.5000  -15.0000 9487.6602   19.8758
   -7.5000   30.0000  -15.0000 9328.3779   19.3810
    0.0000   30.0000  -15.0000 9367.4238   19.3754
    7.5000   30.0000  -15.0000 8756.3047   19.3712
   -7.5000   37.5000  -15.0000 8515.2061   18.7461
    0.0000   37.5000  -15.0000 8546.4863   18.7396
    7.5000   37.5000  -15.0000 7980.4927   18.7313
   -7.5000   45.0000  -15.0000 7639.7456   18.0415
    0.0000   45.0000  -15.0000 7664.3325   18.0331
    7.5000   45.0000  -15.0000 7168.1357   18.0201
   -7.5000  -45.0000   -7.5000 8325.2402   18.3735
    0.0000  -45.0000   -7.5000 8325.5996   18.3778
    7.5000  -45.0000   -7.5000 7871.6543   18.3490
   -7.5000  -37.5000   -7.5000 8987.5742   19.5513
    0.0000  -37.5000   -7.5000 8965.7754   19.5526
    7.5000  -37.5000   -7.5000 8492.1035   19.5247
   -7.5000  -30.0000   -7.5000 9721.6455   20.1277
    0.0000  -30.0000   -7.5000 9696.3008   20.1283
    7.5000  -30.0000   -7.5000 9180.4893   20.1049
   -7.5000  -22.5000   -7.500010555.6768   20.1744
    0.0000  -22.5000   -7.500010515.9697   20.1780
    7.5000  -22.5000   -7.5000 9951.1846   20.1561
   -7.5000  -15.0000   -7.500011284.1191   20.1441
    0.0000  -15.0000   -7.500011254.7061   20.1520
    7.5000  -15.0000   -7.500010641.8193   20.1273
   -7.5000   -7.5000   -7.500011393.6299   20.0753
    0.0000   -7.5000   -7.500011400.8096   20.0834
    7.5000   -7.5000   -7.500010796.6133   20.0548
   -7.5000    0.0000   -7.500011507.2529   20.0340
    0.0000    0.0000   -7.500011547.2451   20.0385
    7.5000    0.0000   -7.500010925.3945   20.0070
   -7.5000    7.5000   -7.500011133.8682   20.0568
    0.0000    7.5000   -7.500011178.4248   20.0581
    7.5000    7.5000   -7.500010542.6260   20.0295
   -7.5000   15.0000   -7.500010950.6924   20.1215
    0.0000   15.0000   -7.500010970.0020   20.1221
    7.5000   15.0000   -7.500010345.6514   20.0987
   -7.5000   22.5000   -7.500010267.0420   19.9105
    0.0000   22.5000   -7.500010271.5918   19.9140
    7.5000   22.5000   -7.5000 9649.3662   19.8924
   -7.5000   30.0000   -7.5000 9446.8828   19.3997
    0.0000   30.0000   -7.5000 9476.2441   19.4073
    7.5000   30.0000   -7.5000 8898.3281   19.3836
   -7.5000   37.5000   -7.5000 8640.7891   18.7568
    0.0000   37.5000   -7.5000 8671.3809   18.7643
    7.5000   37.5000   -7.5000 8121.8696   18.7376
   -7.5000   45.0000   -7.5000 7774.6377   18.0500
    0.0000   45.0000   -7.5000 7798.2476   18.0541
    7.5000   45.0000   -7.5000 7290.2905   18.0257
   -7.5000  -45.0000    0.0000 8373.2881   18.8454
    0.0000  -45.0000    0.0000 8363.3945   18.8499
    7.5000  -45.0000    0.0000 7898.3975   18.8165
   -7.5000  -37.5000    0.0000 9015.7285   20.0407
    0.0000  -37.5000    0.0000 8978.0430   20.0456
    7.5000  -37.5000    0.0000 8496.2285   20.0157
   -7.5000  -30.0000    0.0000 9732.1211   20.6195
    0.0000  -30.0000    0.0000 9688.8848   20.6255
    7.5000  -30.0000    0.0000 9183.2773   20.5990
   -7.5000  -22.5000    0.000010573.9756   20.6738
    0.0000  -22.5000    0.000010501.0273   20.6821
    7.5000  -22.5000    0.0000 9960.0811   20.6533
   -7.5000  -15.0000    0.000011264.5996   20.6507
    0.0000  -15.0000    0.000011217.7041   20.6611
    7.5000  -15.0000    0.000010680.4336   20.6265
   -7.5000   -7.5000    0.000011248.7949   20.5792
    0.0000   -7.5000    0.000011272.1514   20.5871
    7.5000   -7.5000    0.000010807.7666   20.5494
   -7.5000    0.0000    0.000011391.0322   20.5282
    0.0000    0.0000    0.000011459.1475   20.5329
    7.5000    0.0000    0.000010935.9775   20.4964
   -7.5000    7.5000    0.000011056.8145   20.5453
    0.0000    7.5000    0.000011111.2734   20.5504
    7.5000    7.5000    0.000010560.7578   20.5196
   -7.5000   15.0000    0.000010888.1738   20.6122
    0.0000   15.0000    0.000010897.2910   20.6182
    7.5000   15.0000    0.000010339.8848   20.5917
   -7.5000   22.5000    0.000010195.4971   20.4063
    0.0000   22.5000    0.000010164.0820   20.4144
    7.5000   22.5000    0.0000 9599.1738   20.3860
   -7.5000   30.0000    0.0000 9364.9336   19.8997
    0.0000   30.0000    0.0000 9363.2939   19.9096
    7.5000   30.0000    0.0000 8837.5400   19.8763
   -7.5000   37.5000    0.0000 8589.8350   19.2505
    0.0000   37.5000    0.0000 8580.8525   19.2579
    7.5000   37.5000    0.0000 8087.5801   19.2227
   -7.5000   45.0000    0.0000 7734.2144   18.5308
    0.0000   45.0000    0.0000 7723.3193   18.5352
    7.5000   45.0000    0.0000 7282.4321   18.5022
   -7.5000  -45.0000    7.5000 8063.2271   18.8682
    0.0000  -45.0000    7.5000 8050.3604   18.8591
    7.5000  -45.0000    7.5000 7591.1504   18.8417
   -7.5000  -37.5000    7.5000 8665.2432   20.0545
    0.0000  -37.5000    7.5000 8630.8545   20.0500
    7.5000  -37.5000    7.5000 8175.8071   20.0378
   -7.5000  -30.0000    7.5000 9342.1289   20.6267
    0.0000  -30.0000    7.5000 9298.1963   20.6274
    7.5000  -30.0000    7.5000 8841.0283   20.6184
   -7.5000  -22.5000    7.500010141.0869   20.6824
    0.0000  -22.5000    7.500010073.1514   20.6857
    7.5000  -22.5000    7.5000 9573.9023   20.6734
   -7.5000  -15.0000    7.500010795.0811   20.6717
    0.0000  -15.0000    7.500010745.1172   20.6715
    7.5000  -15.0000    7.500010246.5264   20.6525
   -7.5000   -7.5000    7.500010827.6699   20.6085
    0.0000   -7.5000    7.500010839.3496   20.6008
    7.5000   -7.5000    7.500010414.4990   20.5790
   -7.5000    0.0000    7.500010966.2197   20.5529
    0.0000    0.0000    7.500010999.2568   20.5429
    7.5000    0.0000    7.500010523.8154   20.5238
   -7.5000    7.5000    7.500010645.1240   20.5594
    0.0000    7.5000    7.500010660.5000   20.5549
    7.5000    7.5000    7.500010150.9004   20.5423
   -7.5000   15.0000    7.500010481.1562   20.6194
    0.0000   15.0000    7.500010450.2979   20.6201
    7.5000   15.0000    7.5000 9932.8262   20.6111
   -7.5000   22.5000    7.5000 9768.0713   20.4147
    0.0000   22.5000    7.5000 9694.4453   20.4180
    7.5000   22.5000    7.5000 9206.0732   20.4058
   -7.5000   30.0000    7.5000 8984.9902   19.9199
    0.0000   30.0000    7.5000 8924.3877   19.9197
    7.5000   30.0000    7.5000 8463.5840   19.9014
   -7.5000   37.5000    7.5000 8231.8496   19.2780
    0.0000   37.5000    7.5000 8175.4419   19.2708
    7.5000   37.5000    7.5000 7738.7974   19.2504
   -7.5000   45.0000    7.5000 7397.4058   18.5532
    0.0000   45.0000    7.5000 7349.2920   18.5441
    7.5000   45.0000    7.5000 6953.5532   18.5269
   -7.5000  -45.0000   15.0000 7970.7744   18.9337
    0.0000  -45.0000   15.0000 7989.5918   18.9129
    7.5000  -45.0000   15.0000 7513.2383   18.9117
   -7.5000  -37.5000   15.0000 8580.7441   20.1215
    0.0000  -37.5000   15.0000 8585.5654   20.1051
    7.5000  -37.5000   15.0000 8085.2075   20.1074
   -7.5000  -30.0000   15.0000 9288.6484   20.6931
    0.0000  -30.0000   15.0000 9264.7910   20.6836
    7.5000  -30.0000   15.0000 8726.8154   20.6896
   -7.5000  -22.5000   15.000010079.2793   20.7469
    0.0000  -22.5000   15.000010017.1777   20.7414
    7.5000  -22.5000   15.0000 9426.2129   20.7471
   -7.5000  -15.0000   15.000010759.8008   20.7379
    0.0000  -15.0000   15.000010655.4062   20.7264
    7.5000  -15.0000   15.000010057.0098   20.7280
   -7.5000   -7.5000   15.000010938.9043   20.6788
    0.0000   -7.5000   15.000010815.0869   20.6581
    7.5000   -7.5000   15.000010242.1318   20.6566
   -7.5000    0.0000   15.000011059.6035   20.6242
    0.0000    0.0000   15.000010960.8232   20.6013
    7.5000    0.0000   15.000010361.3721   20.5999
   -7.5000    7.5000   15.000010632.3027   20.6281
    0.0000    7.5000   15.000010567.5332   20.6113
    7.5000    7.5000   15.0000 9995.5039   20.6137
   -7.5000   15.0000   15.000010400.4805   20.6857
    0.0000   15.0000   15.000010347.4189   20.6763
    7.5000   15.0000   15.0000 9791.0098   20.6823
   -7.5000   22.5000   15.0000 9613.2783   20.4784
    0.0000   22.5000   15.0000 9568.1934   20.4729
    7.5000   22.5000   15.0000 9054.3965   20.4785
   -7.5000   30.0000   15.0000 8826.7725   19.9837
    0.0000   30.0000   15.0000 8799.1094   19.9726
    7.5000   30.0000   15.0000 8329.9668   19.9741
   -7.5000   37.5000   15.0000 8086.9810   19.3437
    0.0000   37.5000   15.0000 8052.7715   19.3244
    7.5000   37.5000   15.0000 7615.9644   19.3229
   -7.5000   45.0000   15.0000 7254.9355   18.6175
    0.0000   45.0000   15.0000 7222.6597   18.5968
    7.5000   45.0000   15.0000 6840.4922   18.5955
   -7.5000  -45.0000   22.5000 7472.4785   19.2353
    0.0000  -45.0000   22.5000 7482.7314   19.2136
    7.5000  -45.0000   22.5000 7032.9868   19.2160
   -7.5000  -37.5000   22.5000 8060.2754   20.4480
    0.0000  -37.5000   22.5000 8059.7793   20.4273
    7.5000  -37.5000   22.5000 7566.2705   20.4303
   -7.5000  -30.0000   22.5000 8713.5879   21.0301
    0.0000  -30.0000   22.5000 8702.8818   21.0139
    7.5000  -30.0000   22.5000 8161.7217   21.0223
   -7.5000  -22.5000   22.5000 9431.8320   21.0789
    0.0000  -22.5000   22.5000 9384.0195   21.0665
    7.5000  -22.5000   22.5000 8812.9385   21.0789
   -7.5000  -15.0000   22.500010039.0684   21.0604
    0.0000  -15.0000   22.5000 9957.1816   21.0443
    7.5000  -15.0000   22.5000 9395.5791   21.0553
   -7.5000   -7.5000   22.500010207.7197   20.9998
    0.0000   -7.5000   22.500010121.1943   20.9779
    7.5000   -7.5000   22.5000 9578.9238   20.9846
   -7.5000    0.0000   22.500010361.8213   20.9522
    0.0000    0.0000   22.500010255.2734   20.9284
    7.5000    0.0000   22.5000 9699.9199   20.9309
   -7.5000    7.5000   22.500010024.7393   20.9628
    0.0000    7.5000   22.5000 9914.2578   20.9417
    7.5000    7.5000   22.5000 9368.4668   20.9447
   -7.5000   15.0000   22.5000 9838.6289   21.0226
    0.0000   15.0000   22.5000 9741.6689   21.0065
    7.5000   15.0000   22.5000 9204.5977   21.0148
   -7.5000   22.5000   22.5000 9074.6084   20.8061
    0.0000   22.5000   22.5000 8982.3203   20.7938
    7.5000   22.5000   22.5000 8517.8438   20.8061
   -7.5000   30.0000   22.5000 8337.9395   20.2945
    0.0000   30.0000   22.5000 8277.3584   20.2789
    7.5000   30.0000   22.5000 7844.0303   20.2895
   -7.5000   37.5000   22.5000 7600.3857   19.6440
    0.0000   37.5000   22.5000 7558.6211   19.6236
    7.5000   37.5000   22.5000 7145.5381   19.6298
   -7.5000   45.0000   22.5000 6804.1069   18.9134
    0.0000   45.0000   22.5000 6777.8633   18.8920
    7.5000   45.0000   22.5000 6413.4531   18.8942
   -7.5000  -45.0000   30.0000 6942.0581   19.6212
    0.0000  -45.0000   30.0000 6964.9907   19.6146
    7.5000  -45.0000   30.0000 6533.4966   19.5976
   -7.5000  -37.5000   30.0000 7490.6836   20.8855
    0.0000  -37.5000   30.0000 7509.0659   20.8760
    7.5000  -37.5000   30.0000 7039.0186   20.8580
   -7.5000  -30.0000   30.0000 8087.8135   21.4895
    0.0000  -30.0000   30.0000 8098.2896   21.4814
    7.5000  -30.0000   30.0000 7597.9023   21.4692
   -7.5000  -22.5000   30.0000 8718.7236   21.5272
    0.0000  -22.5000   30.0000 8713.1455   21.5233
    7.5000  -22.5000   30.0000 8187.3867   21.5161
   -7.5000  -15.0000   30.0000 9284.3086   21.4865
    0.0000  -15.0000   30.0000 9251.1309   21.4845
    7.5000  -15.0000   30.0000 8727.9404   21.4765
   -7.5000   -7.5000   30.0000 9441.9346   21.4178
    0.0000   -7.5000   30.0000 9400.1045   21.4143
    7.5000   -7.5000   30.0000 8883.2432   21.4018
   -7.5000    0.0000   30.0000 9577.7207   21.3847
    0.0000    0.0000   30.0000 9513.3838   21.3774
    7.5000    0.0000   30.0000 8994.9531   21.3587
   -7.5000    7.5000   30.0000 9271.9258   21.4150
    0.0000    7.5000   30.0000 9204.8975   21.4052
    7.5000    7.5000   30.0000 8691.5625   21.3868
   -7.5000   15.0000   30.0000 9144.1318   21.4818
    0.0000   15.0000   30.0000 9075.8564   21.4738
    7.5000   15.0000   30.0000 8572.6602   21.4616
   -7.5000   22.5000   30.0000 8445.0576   21.2467
    0.0000   22.5000   30.0000 8387.9326   21.2429
    7.5000   22.5000   30.0000 7921.8477   21.2357
   -7.5000   30.0000   30.0000 7768.2832   20.7145
    0.0000   30.0000   30.0000 7734.5137   20.7126
    7.5000   30.0000   30.0000 7289.9419   20.7049
   -7.5000   37.5000   30.0000 7072.5693   20.0539
    0.0000   37.5000   30.0000 7049.5415   20.0506
    7.5000   37.5000   30.0000 6632.9141   20.0389
   -7.5000   45.0000   30.0000 6344.0405   19.3301
    0.0000   45.0000   30.0000 6317.4756   19.3235
    7.5000   45.0000   30.0000 5951.4121   19.3066
   -7.5000  -45.0000   37.5000 6448.6167   19.9752
    0.0000  -45.0000   37.5000 6474.8940   19.9766
    7.5000  -45.0000   37.5000 6076.8198   19.9355
   -7.5000  -37.5000   37.5000 6963.8945   21.2746
    0.0000  -37.5000   37.5000 6985.8584   21.2737
    7.5000  -37.5000   37.5000 6551.9375   21.2352
   -7.5000  -30.0000   37.5000 7509.8408   21.8824
    0.0000  -30.0000   37.5000 7524.1675   21.8821
    7.5000  -30.0000   37.5000 7057.9751   21.8508
   -7.5000  -22.5000   37.5000 8083.3379   21.9195
    0.0000  -22.5000   37.5000 8091.8462   21.9225
    7.5000  -22.5000   37.5000 7596.3047   21.8928
   -7.5000  -15.0000   37.5000 8602.8975   21.8691
    0.0000  -15.0000   37.5000 8598.1807   21.8757
    7.5000  -15.0000   37.5000 8105.0640   21.8404
   -7.5000   -7.5000   37.5000 8732.4658   21.7924
    0.0000   -7.5000   37.5000 8726.3672   21.7980
    7.5000   -7.5000   37.5000 8232.0840   21.7565
   -7.5000    0.0000   37.5000 8854.6230   21.7609
    0.0000    0.0000   37.5000 8829.1641   21.7623
    7.5000    0.0000   37.5000 8326.9482   21.7174
   -7.5000    7.5000   37.5000 8578.3057   21.8004
    0.0000    7.5000   37.5000 8540.4531   21.7995
    7.5000    7.5000   37.5000 8054.2837   21.7601
   -7.5000   15.0000   37.5000 8497.2627   21.8744
    0.0000   15.0000   37.5000 8462.4463   21.8741
    7.5000   15.0000   37.5000 7984.1895   21.8429
   -7.5000   22.5000   37.5000 7847.6802   21.6302
    0.0000   22.5000   37.5000 7814.4072   21.6331
    7.5000   22.5000   37.5000 7364.7842   21.6038
   -7.5000   30.0000   37.5000 7223.5952   21.0833
    0.0000   30.0000   37.5000 7197.9536   21.0896
    7.5000   30.0000   37.5000 6786.7017   21.0556
   -7.5000   37.5000   37.5000 6590.1250   20.4049
    0.0000   37.5000   37.5000 6561.0122   20.4101
    7.5000   37.5000   37.5000 6183.8843   20.3712
   -7.5000   45.0000   37.5000 5927.9204   19.6675
    0.0000   45.0000   37.5000 5891.2822   19.6688
    7.5000   45.0000   37.5000 5554.6440   19.6282
   -7.5000  -45.0000   45.0000 5956.5107   20.4299
    0.0000  -45.0000   45.0000 5991.2207   20.4117
    7.5000  -45.0000   45.0000 5634.9102   20.3819
   -7.5000  -37.5000   45.0000 6440.4966   21.7540
    0.0000  -37.5000   45.0000 6466.7104   21.7375
    7.5000  -37.5000   45.0000 6082.0605   21.7139
   -7.5000  -30.0000   45.0000 6940.3281   22.3506
    0.0000  -30.0000   45.0000 6958.2866   22.3390
    7.5000  -30.0000   45.0000 6540.0942   22.3220
   -7.5000  -22.5000   45.0000 7454.1743   22.3884
    0.0000  -22.5000   45.0000 7469.9302   22.3817
    7.5000  -22.5000   45.0000 7022.5439   22.3626
   -7.5000  -15.0000   45.0000 7930.5410   22.3443
    0.0000  -15.0000   45.0000 7944.2739   22.3377
    7.5000  -15.0000   45.0000 7480.6802   22.3101
   -7.5000   -7.5000   45.0000 8055.1997   22.2706
    0.0000   -7.5000   45.0000 8051.1113   22.2568
    7.5000   -7.5000   45.0000 7589.9912   22.2235
   -7.5000    0.0000   45.0000 8163.5923   22.2352
    0.0000    0.0000   45.0000 8145.2505   22.2152
    7.5000    0.0000   45.0000 7680.9946   22.1827
   -7.5000    7.5000   45.0000 7889.7886   22.2703
    0.0000    7.5000   45.0000 7866.6367   22.2533
    7.5000    7.5000   45.0000 7426.7178   22.2292
   -7.5000   15.0000   45.0000 7820.7065   22.3422
    0.0000   15.0000   45.0000 7819.2271   22.3307
    7.5000   15.0000   45.0000 7376.4409   22.3137
   -7.5000   22.5000   45.0000 7229.7505   22.0899
    0.0000   22.5000   45.0000 7224.0879   22.0833
    7.5000   22.5000   45.0000 6823.3242   22.0644
   -7.5000   30.0000   45.0000 6674.0464   21.5392
    0.0000   30.0000   45.0000 6659.5532   21.5329
    7.5000   30.0000   45.0000 6300.4961   21.5063
   -7.5000   37.5000   45.0000 6097.0825   20.8471
    0.0000   37.5000   45.0000 6075.4736   20.8342
    7.5000   37.5000   45.0000 5739.7646   20.8030
   -7.5000   45.0000   45.0000 5508.6899   20.0834
    0.0000   45.0000   45.0000 5478.8188   20.0653
    7.5000   45.0000   45.0000 5177.5059   20.0359

---------------------------------------------------------------------
imgreg_4dfp /opt/freesurfer/average/711-2C_as_mni_average_305 /opt/freesurfer/average/711-2B_as_mni_average_305_mask talsrcimg_g11 none talsrcimg_to_711-2C_as_mni_average_305_t4 4355
---------------------------------------------------------------------

freesurfer imgreg_4dfp.c
/opt/freesurfer/average/711-2C_as_mni_average_305.4dfp.img
       256       256       256         1
  1.000000  1.000000  1.000000
orientation T byte_order littleendian
Reading image: /opt/freesurfer/average/711-2C_as_mni_average_305.4dfp.img
dimensions:      256       256       256
mmppix:       1.0000   -1.0000   -1.0000
center:     128.0000 -129.0000 -129.0000
/opt/freesurfer/average/711-2B_as_mni_average_305_mask.4dfp.img
       256       256       256         1
  1.000000  1.000000  1.000000
orientation T byte_order littleendian
Reading mask: /opt/freesurfer/average/711-2B_as_mni_average_305_mask.4dfp.img (2306576 pixels)
talsrcimg_g11.4dfp.img
       256       256       256         1
  0.900000  0.900000  0.900000
orientation T byte_order littleendian
Reading image: talsrcimg_g11.4dfp.img
dimensions:      256       256       256
mmppix:       0.9000   -0.9000   -0.9000
center:     115.2000 -116.1000 -116.1000
rotation matrix determinant  1.000000
image alignment mode   4355 decimal     1103 hex
   -7.5000  -45.0000  -52.5000 1832.2504   18.5921
    0.0000  -45.0000  -52.5000 1826.4436   18.7025
    7.5000  -45.0000  -52.5000 1799.5614   19.0170
   -7.5000  -37.5000  -52.5000 1920.3761   17.1694
    0.0000  -37.5000  -52.5000 1912.5582   17.2974
    7.5000  -37.5000  -52.5000 1886.2141   17.5413
   -7.5000  -30.0000  -52.5000 1978.4827   16.1301
    0.0000  -30.0000  -52.5000 1969.5486   16.2293
    7.5000  -30.0000  -52.5000 1944.0919   16.4744
   -7.5000  -22.5000  -52.5000 2006.3617   15.3904
    0.0000  -22.5000  -52.5000 1998.3533   15.4520
    7.5000  -22.5000  -52.5000 1974.0942   15.7069
   -7.5000  -15.0000  -52.5000 2015.3405   14.8384
    0.0000  -15.0000  -52.5000 2009.4120   14.9096
    7.5000  -15.0000  -52.5000 1984.3043   15.1633
   -7.5000   -7.5000  -52.5000 2023.0344   14.5452
    0.0000   -7.5000  -52.5000 2015.6868   14.6234
    7.5000   -7.5000  -52.5000 1987.9935   14.9336
   -7.5000    0.0000  -52.5000 2010.6820   14.6022
    0.0000    0.0000  -52.5000 1999.2671   14.6852
    7.5000    0.0000  -52.5000 1970.2415   15.0651
   -7.5000    7.5000  -52.5000 1986.8976   14.9991
    0.0000    7.5000  -52.5000 1975.6326   15.0968
    7.5000    7.5000  -52.5000 1947.0167   15.5199
   -7.5000   15.0000  -52.5000 1950.8341   15.7387
    0.0000   15.0000  -52.5000 1940.3047   15.8571
    7.5000   15.0000  -52.5000 1909.5098   16.2924
   -7.5000   22.5000  -52.5000 1902.9382   16.7947
    0.0000   22.5000  -52.5000 1888.9817   16.8971
    7.5000   22.5000  -52.5000 1859.1708   17.3511
   -7.5000   30.0000  -52.5000 1831.5164   18.1322
    0.0000   30.0000  -52.5000 1815.0524   18.2444
    7.5000   30.0000  -52.5000 1785.8246   18.7368
   -7.5000   37.5000  -52.5000 1726.1938   19.7335
    0.0000   37.5000  -52.5000 1710.2281   19.8755
    7.5000   37.5000  -52.5000 1681.7223   20.4350
   -7.5000   45.0000  -52.5000 1584.9768   21.6196
    0.0000   45.0000  -52.5000 1575.3896   21.7631
    7.5000   45.0000  -52.5000 1545.7595   22.3986
   -7.5000  -45.0000  -45.0000 1996.7029   18.5121
    0.0000  -45.0000  -45.0000 1992.7356   18.5962
    7.5000  -45.0000  -45.0000 1965.2371   18.9177
   -7.5000  -37.5000  -45.0000 2092.1040   17.0705
    0.0000  -37.5000  -45.0000 2083.2971   17.1448
    7.5000  -37.5000  -45.0000 2055.0725   17.4297
   -7.5000  -30.0000  -45.0000 2157.2266   16.0156
    0.0000  -30.0000  -45.0000 2149.8381   16.1149
    7.5000  -30.0000  -45.0000 2121.3582   16.3486
   -7.5000  -22.5000  -45.0000 2187.1353   15.2376
    0.0000  -22.5000  -45.0000 2176.0403   15.3299
    7.5000  -22.5000  -45.0000 2149.7549   15.5478
   -7.5000  -15.0000  -45.0000 2206.0828   14.6871
    0.0000  -15.0000  -45.0000 2197.9988   14.7419
    7.5000  -15.0000  -45.0000 2167.4878   14.9861
   -7.5000   -7.5000  -45.0000 2210.9404   14.3975
    0.0000   -7.5000  -45.0000 2199.8909   14.4493
    7.5000   -7.5000  -45.0000 2169.7136   14.7478
   -7.5000    0.0000  -45.0000 2196.6255   14.4395
    0.0000    0.0000  -45.0000 2185.7488   14.5125
    7.5000    0.0000  -45.0000 2158.2307   14.8471
   -7.5000    7.5000  -45.0000 2174.7615   14.7999
    0.0000    7.5000  -45.0000 2166.9314   14.8924
    7.5000    7.5000  -45.0000 2138.1042   15.2771
   -7.5000   15.0000  -45.0000 2139.2820   15.5321
    0.0000   15.0000  -45.0000 2131.1653   15.6071
    7.5000   15.0000  -45.0000 2097.4163   16.0265
   -7.5000   22.5000  -45.0000 2080.3857   16.5859
    0.0000   22.5000  -45.0000 2069.2178   16.6377
    7.5000   22.5000  -45.0000 2036.4495   17.0676
   -7.5000   30.0000  -45.0000 2001.2737   17.9189
    0.0000   30.0000  -45.0000 1991.6984   17.9947
    7.5000   30.0000  -45.0000 1956.2634   18.4706
   -7.5000   37.5000  -45.0000 1885.8683   19.5073
    0.0000   37.5000  -45.0000 1877.1984   19.5978
    7.5000   37.5000  -45.0000 1838.3228   20.1286
   -7.5000   45.0000  -45.0000 1729.8782   21.3597
    0.0000   45.0000  -45.0000 1722.0791   21.4561
    7.5000   45.0000  -45.0000 1687.1783   22.0262
   -7.5000  -45.0000  -37.5000 2150.0498   18.2891
    0.0000  -45.0000  -37.5000 2142.1086   18.3394
    7.5000  -45.0000  -37.5000 2113.6287   18.6602
   -7.5000  -37.5000  -37.5000 2252.0286   16.8018
    0.0000  -37.5000  -37.5000 2240.8965   16.8711
    7.5000  -37.5000  -37.5000 2208.4780   17.1414
   -7.5000  -30.0000  -37.5000 2319.5198   15.7059
    0.0000  -30.0000  -37.5000 2309.0149   15.7667
    7.5000  -30.0000  -37.5000 2274.7124   15.9979
   -7.5000  -22.5000  -37.5000 2349.1177   14.9320
    0.0000  -22.5000  -37.5000 2339.6970   15.0004
    7.5000  -22.5000  -37.5000 2309.3574   15.2381
   -7.5000  -15.0000  -37.5000 2379.9800   14.3574
    0.0000  -15.0000  -37.5000 2372.1880   14.4192
    7.5000  -15.0000  -37.5000 2335.1855   14.7002
   -7.5000   -7.5000  -37.5000 2393.1646   14.0862
    0.0000   -7.5000  -37.5000 2381.4229   14.1264
    7.5000   -7.5000  -37.5000 2345.9805   14.4321
   -7.5000    0.0000  -37.5000 2386.9663   14.1375
    0.0000    0.0000  -37.5000 2373.8313   14.1784
    7.5000    0.0000  -37.5000 2338.2004   14.5207
   -7.5000    7.5000  -37.5000 2362.1716   14.5157
    0.0000    7.5000  -37.5000 2349.4229   14.5611
    7.5000    7.5000  -37.5000 2311.8777   14.9400
   -7.5000   15.0000  -37.5000 2323.6218   15.2133
    0.0000   15.0000  -37.5000 2310.6384   15.2453
    7.5000   15.0000  -37.5000 2269.9844   15.6539
   -7.5000   22.5000  -37.5000 2252.8958   16.2266
    0.0000   22.5000  -37.5000 2242.2666   16.2545
    7.5000   22.5000  -37.5000 2201.4275   16.7075
   -7.5000   30.0000  -37.5000 2165.4241   17.5547
    0.0000   30.0000  -37.5000 2155.1724   17.5950
    7.5000   30.0000  -37.5000 2114.3074   18.0822
   -7.5000   37.5000  -37.5000 2038.6367   19.1745
    0.0000   37.5000  -37.5000 2028.4081   19.2099
    7.5000   37.5000  -37.5000 1986.4851   19.7255
   -7.5000   45.0000  -37.5000 1872.7527   21.0344
    0.0000   45.0000  -37.5000 1859.8800   21.0660
    7.5000   45.0000  -37.5000 1824.2228   21.6366
   -7.5000  -45.0000  -30.0000 2277.4900   17.9276
    0.0000  -45.0000  -30.0000 2272.8845   17.9587
    7.5000  -45.0000  -30.0000 2240.0090   18.3321
   -7.5000  -37.5000  -30.0000 2386.4111   16.4726
    0.0000  -37.5000  -30.0000 2379.9912   16.5175
    7.5000  -37.5000  -30.0000 2337.8401   16.8061
   -7.5000  -30.0000  -30.0000 2457.5146   15.2879
    0.0000  -30.0000  -30.0000 2450.7107   15.3601
    7.5000  -30.0000  -30.0000 2412.0483   15.6043
   -7.5000  -22.5000  -30.0000 2498.5427   14.4866
    0.0000  -22.5000  -30.0000 2491.3208   14.5672
    7.5000  -22.5000  -30.0000 2456.4968   14.8255
   -7.5000  -15.0000  -30.0000 2538.2979   13.9270
    0.0000  -15.0000  -30.0000 2528.8416   14.0065
    7.5000  -15.0000  -30.0000 2491.9270   14.3031
   -7.5000   -7.5000  -30.0000 2563.9475   13.6592
    0.0000   -7.5000  -30.0000 2551.8789   13.7152
    7.5000   -7.5000  -30.0000 2509.7393   14.0110
   -7.5000    0.0000  -30.0000 2562.8660   13.7083
    0.0000    0.0000  -30.0000 2548.9514   13.7456
    7.5000    0.0000  -30.0000 2506.9753   14.0513
   -7.5000    7.5000  -30.0000 2539.3467   14.0860
    0.0000    7.5000  -30.0000 2524.4700   14.1279
    7.5000    7.5000  -30.0000 2477.2646   14.4554
   -7.5000   15.0000  -30.0000 2492.9189   14.7523
    0.0000   15.0000  -30.0000 2480.2539   14.7871
    7.5000   15.0000  -30.0000 2426.9944   15.1612
   -7.5000   22.5000  -30.0000 2414.9136   15.7396
    0.0000   22.5000  -30.0000 2402.0015   15.7627
    7.5000   22.5000  -30.0000 2350.1213   16.1901
   -7.5000   30.0000  -30.0000 2315.9807   17.0570
    0.0000   30.0000  -30.0000 2304.9868   17.1142
    7.5000   30.0000  -30.0000 2253.4478   17.5700
   -7.5000   37.5000  -30.0000 2174.0156   18.6913
    0.0000   37.5000  -30.0000 2165.0725   18.7373
    7.5000   37.5000  -30.0000 2117.9758   19.2335
   -7.5000   45.0000  -30.0000 1992.3326   20.5291
    0.0000   45.0000  -30.0000 1986.4730   20.6050
    7.5000   45.0000  -30.0000 1944.4460   21.1366
   -7.5000  -45.0000  -22.5000 2379.9993   17.5060
    0.0000  -45.0000  -22.5000 2378.3274   17.4998
    7.5000  -45.0000  -22.5000 2337.0842   17.8925
   -7.5000  -37.5000  -22.5000 2493.3542   15.9974
    0.0000  -37.5000  -22.5000 2484.3142   16.0151
    7.5000  -37.5000  -22.5000 2442.9524   16.3393
   -7.5000  -30.0000  -22.5000 2578.7214   14.8072
    0.0000  -30.0000  -22.5000 2569.2512   14.8558
    7.5000  -30.0000  -22.5000 2527.9048   15.1622
   -7.5000  -22.5000  -22.5000 2631.6726   13.9685
    0.0000  -22.5000  -22.5000 2622.5076   14.0245
    7.5000  -22.5000  -22.5000 2583.4048   14.3222
   -7.5000  -15.0000  -22.5000 2679.3066   13.4040
    0.0000  -15.0000  -22.5000 2670.8015   13.4549
    7.5000  -15.0000  -22.5000 2630.8118   13.7410
   -7.5000   -7.5000  -22.5000 2710.5583   13.0982
    0.0000   -7.5000  -22.5000 2702.0696   13.1609
    7.5000   -7.5000  -22.5000 2658.5081   13.4560
   -7.5000    0.0000  -22.5000 2720.5217   13.1437
    0.0000    0.0000  -22.5000 2705.1165   13.1942
    7.5000    0.0000  -22.5000 2654.4353   13.4956
   -7.5000    7.5000  -22.5000 2699.3879   13.5389
    0.0000    7.5000  -22.5000 2683.0503   13.5574
    7.5000    7.5000  -22.5000 2626.6316   13.8885
   -7.5000   15.0000  -22.5000 2641.0681   14.1891
    0.0000   15.0000  -22.5000 2626.6665   14.2023
    7.5000   15.0000  -22.5000 2570.5012   14.5767
   -7.5000   22.5000  -22.5000 2551.2195   15.1263
    0.0000   22.5000  -22.5000 2538.3123   15.1538
    7.5000   22.5000  -22.5000 2482.3923   15.5741
   -7.5000   30.0000  -22.5000 2445.0999   16.4847
    0.0000   30.0000  -22.5000 2431.0996   16.4763
    7.5000   30.0000  -22.5000 2380.8564   16.9357
   -7.5000   37.5000  -22.5000 2292.0996   18.1107
    0.0000   37.5000  -22.5000 2283.3840   18.0988
    7.5000   37.5000  -22.5000 2237.8296   18.6275
   -7.5000   45.0000  -22.5000 2096.9297   19.9568
    0.0000   45.0000  -22.5000 2089.8767   19.9620
    7.5000   45.0000  -22.5000 2050.6235   20.5212
   -7.5000  -45.0000  -15.0000 2445.1792   17.0156
    0.0000  -45.0000  -15.0000 2447.8167   16.9848
    7.5000  -45.0000  -15.0000 2406.5527   17.4113
   -7.5000  -37.5000  -15.0000 2561.8794   15.4510
    0.0000  -37.5000  -15.0000 2560.2085   15.4433
    7.5000  -37.5000  -15.0000 2517.7703   15.8564
   -7.5000  -30.0000  -15.0000 2657.4946   14.2582
    0.0000  -30.0000  -15.0000 2654.2654   14.2686
    7.5000  -30.0000  -15.0000 2615.7229   14.6561
   -7.5000  -22.5000  -15.0000 2731.9431   13.4084
    0.0000  -22.5000  -15.0000 2724.6750   13.4343
    7.5000  -22.5000  -15.0000 2684.7339   13.7768
   -7.5000  -15.0000  -15.0000 2792.1599   12.7979
    0.0000  -15.0000  -15.0000 2786.2158   12.8379
    7.5000  -15.0000  -15.0000 2741.1223   13.1472
   -7.5000   -7.5000  -15.0000 2840.2048   12.4661
    0.0000   -7.5000  -15.0000 2830.5916   12.5275
    7.5000   -7.5000  -15.0000 2777.5645   12.8355
   -7.5000    0.0000  -15.0000 2850.0874   12.5003
    0.0000    0.0000  -15.0000 2839.0151   12.5522
    7.5000    0.0000  -15.0000 2779.5330   12.8697
   -7.5000    7.5000  -15.0000 2826.1382   12.8903
    0.0000    7.5000  -15.0000 2813.1592   12.9323
    7.5000    7.5000  -15.0000 2749.6477   13.2772
   -7.5000   15.0000  -15.0000 2756.8547   13.5558
    0.0000   15.0000  -15.0000 2744.2410   13.5738
    7.5000   15.0000  -15.0000 2686.6738   13.9361
   -7.5000   22.5000  -15.0000 2659.2727   14.5266
    0.0000   22.5000  -15.0000 2648.5781   14.5336
    7.5000   22.5000  -15.0000 2594.1011   14.9342
   -7.5000   30.0000  -15.0000 2538.5654   15.8759
    0.0000   30.0000  -15.0000 2527.7668   15.8928
    7.5000   30.0000  -15.0000 2476.2290   16.3370
   -7.5000   37.5000  -15.0000 2377.4492   17.4650
    0.0000   37.5000  -15.0000 2367.4832   17.4906
    7.5000   37.5000  -15.0000 2319.5283   17.9827
   -7.5000   45.0000  -15.0000 2171.9990   19.2750
    0.0000   45.0000  -15.0000 2164.2268   19.2947
    7.5000   45.0000  -15.0000 2126.1719   19.8185
   -7.5000  -45.0000   -7.5000 2467.2812   16.5077
    0.0000  -45.0000   -7.5000 2469.0713   16.4554
    7.5000  -45.0000   -7.5000 2433.0046   16.9312
   -7.5000  -37.5000   -7.5000 2588.7676   14.9071
    0.0000  -37.5000   -7.5000 2582.7720   14.8844
    7.5000  -37.5000   -7.5000 2547.5940   15.3590
   -7.5000  -30.0000   -7.5000 2695.1692   13.7125
    0.0000  -30.0000   -7.5000 2689.9138   13.6932
    7.5000  -30.0000   -7.5000 2651.7410   14.1443
   -7.5000  -22.5000   -7.5000 2782.1392   12.8248
    0.0000  -22.5000   -7.5000 2781.0803   12.8331
    7.5000  -22.5000   -7.5000 2733.5208   13.2374
   -7.5000  -15.0000   -7.5000 2866.9553   12.2055
    0.0000  -15.0000   -7.5000 2862.9167   12.2042
    7.5000  -15.0000   -7.5000 2808.9958   12.5945
   -7.5000   -7.5000   -7.5000 2929.3591   11.8089
    0.0000   -7.5000   -7.5000 2918.3804   11.8660
    7.5000   -7.5000   -7.5000 2856.6387   12.2587
   -7.5000    0.0000   -7.5000 2943.6128   11.8593
    0.0000    0.0000   -7.5000 2938.5334   11.9191
    7.5000    0.0000   -7.5000 2868.9600   12.3095
   -7.5000    7.5000   -7.5000 2908.8330   12.2603
    0.0000    7.5000   -7.5000 2901.4268   12.3118
    7.5000    7.5000   -7.5000 2832.1211   12.7002
   -7.5000   15.0000   -7.5000 2826.3145   12.9322
    0.0000   15.0000   -7.5000 2818.4768   12.9502
    7.5000   15.0000   -7.5000 2758.7185   13.3510
   -7.5000   22.5000   -7.5000 2717.3369   13.9373
    0.0000   22.5000   -7.5000 2709.7366   13.9697
    7.5000   22.5000   -7.5000 2654.2009   14.3733
   -7.5000   30.0000   -7.5000 2587.1406   15.2756
    0.0000   30.0000   -7.5000 2581.3821   15.3290
    7.5000   30.0000   -7.5000 2527.0940   15.7625
   -7.5000   37.5000   -7.5000 2420.7019   16.8093
    0.0000   37.5000   -7.5000 2411.8843   16.8822
    7.5000   37.5000   -7.5000 2362.1399   17.3442
   -7.5000   45.0000   -7.5000 2213.3735   18.5234
    0.0000   45.0000   -7.5000 2203.2549   18.6152
    7.5000   45.0000   -7.5000 2159.3923   19.1063
   -7.5000  -45.0000    0.0000 2481.2021   16.3720
    0.0000  -45.0000    0.0000 2481.9517   16.3169
    7.5000  -45.0000    0.0000 2447.3904   16.8386
   -7.5000  -37.5000    0.0000 2598.8789   14.7489
    0.0000  -37.5000    0.0000 2593.5854   14.6989
    7.5000  -37.5000    0.0000 2555.8555   15.2096
   -7.5000  -30.0000    0.0000 2706.7058   13.4889
    0.0000  -30.0000    0.0000 2702.2822   13.4551
    7.5000  -30.0000    0.0000 2660.5889   13.9802
   -7.5000  -22.5000    0.0000 2809.9651   12.5325
    0.0000  -22.5000    0.0000 2805.9868   12.5044
    7.5000  -22.5000    0.0000 2760.5576   13.0259
   -7.5000  -15.0000    0.0000 2916.0674   11.8843
    0.0000  -15.0000    0.0000 2915.1108   11.8591
    7.5000  -15.0000    0.0000 2858.1130   12.3752
   -7.5000   -7.5000    0.0000 2996.6685   11.4237
    0.0000   -7.5000    0.0000 2990.9944   11.5046
    7.5000   -7.5000    0.0000 2911.1824   12.0158
   -7.5000    0.0000    0.0000 3021.8750   11.4594
    0.0000    0.0000    0.0000 3023.8420   11.5473
    7.5000    0.0000    0.0000 2925.6731   12.0408
   -7.5000    7.5000    0.0000 2973.3765   11.9570
    0.0000    7.5000    0.0000 2975.0593   12.0292
    7.5000    7.5000    0.0000 2887.2891   12.4638
   -7.5000   15.0000    0.0000 2878.5076   12.6627
    0.0000   15.0000    0.0000 2875.0444   12.7307
    7.5000   15.0000    0.0000 2806.5811   13.1406
   -7.5000   22.5000    0.0000 2762.1062   13.6753
    0.0000   22.5000    0.0000 2754.4285   13.7487
    7.5000   22.5000    0.0000 2694.7468   14.1424
   -7.5000   30.0000    0.0000 2623.8442   14.9930
    0.0000   30.0000    0.0000 2615.8931   15.0680
    7.5000   30.0000    0.0000 2563.8770   15.4796
   -7.5000   37.5000    0.0000 2450.5234   16.5374
    0.0000   37.5000    0.0000 2441.7644   16.6013
    7.5000   37.5000    0.0000 2394.5671   17.0666
   -7.5000   45.0000    0.0000 2236.8828   18.2406
    0.0000   45.0000    0.0000 2228.3770   18.3020
    7.5000   45.0000    0.0000 2190.1072   18.8848
   -7.5000  -45.0000    7.5000 2472.5698   16.3936
    0.0000  -45.0000    7.5000 2476.8748   16.3224
    7.5000  -45.0000    7.5000 2439.0957   16.8579
   -7.5000  -37.5000    7.5000 2585.9080   14.7614
    0.0000  -37.5000    7.5000 2586.0730   14.6733
    7.5000  -37.5000    7.5000 2549.2507   15.2777
   -7.5000  -30.0000    7.5000 2694.3645   13.5015
    0.0000  -30.0000    7.5000 2695.4866   13.4149
    7.5000  -30.0000    7.5000 2657.3647   14.0255
   -7.5000  -22.5000    7.5000 2803.2227   12.5507
    0.0000  -22.5000    7.5000 2804.5132   12.4618
    7.5000  -22.5000    7.5000 2760.9893   13.0752
   -7.5000  -15.0000    7.5000 2914.6096   11.8826
    0.0000  -15.0000    7.5000 2919.0566   11.8203
    7.5000  -15.0000    7.5000 2862.9741   12.3705
   -7.5000   -7.5000    7.5000 3004.0364   11.4422
    0.0000   -7.5000    7.5000 3001.3870   11.4740
    7.5000   -7.5000    7.5000 2925.7534   12.0146
   -7.5000    0.0000    7.5000 3037.0703   11.4287
    0.0000    0.0000    7.5000 3035.8008   11.4903
    7.5000    0.0000    7.5000 2942.4871   12.0077
   -7.5000    7.5000    7.5000 2987.7705   11.9079
    0.0000    7.5000    7.5000 2988.1736   11.9571
    7.5000    7.5000    7.5000 2902.6848   12.4015
   -7.5000   15.0000    7.5000 2886.2954   12.6490
    0.0000   15.0000    7.5000 2880.0332   12.6868
    7.5000   15.0000    7.5000 2813.0342   13.1099
   -7.5000   22.5000    7.5000 2769.1343   13.6459
    0.0000   22.5000    7.5000 2757.3650   13.6837
    7.5000   22.5000    7.5000 2705.0261   14.1277
   -7.5000   30.0000    7.5000 2629.0974   14.9356
    0.0000   30.0000    7.5000 2617.6699   14.9671
    7.5000   30.0000    7.5000 2571.3108   15.4327
   -7.5000   37.5000    7.5000 2451.6829   16.4339
    0.0000   37.5000    7.5000 2441.3657   16.4517
    7.5000   37.5000    7.5000 2397.2703   16.9644
   -7.5000   45.0000    7.5000 2236.7952   18.0801
    0.0000   45.0000    7.5000 2230.7961   18.1261
    7.5000   45.0000    7.5000 2194.0386   18.6775
   -7.5000  -45.0000   15.0000 2450.7141   16.6090
    0.0000  -45.0000   15.0000 2464.3901   16.5473
    7.5000  -45.0000   15.0000 2426.4844   17.0652
   -7.5000  -37.5000   15.0000 2563.6858   15.0092
    0.0000  -37.5000   15.0000 2573.7383   14.9220
    7.5000  -37.5000   15.0000 2538.7439   15.4665
   -7.5000  -30.0000   15.0000 2674.6274   13.8005
    0.0000  -30.0000   15.0000 2682.7788   13.6981
    7.5000  -30.0000   15.0000 2644.1130   14.2227
   -7.5000  -22.5000   15.0000 2780.2026   12.8739
    0.0000  -22.5000   15.0000 2785.1748   12.7683
    7.5000  -22.5000   15.0000 2745.9260   13.2937
   -7.5000  -15.0000   15.0000 2883.3679   12.1858
    0.0000  -15.0000   15.0000 2888.6328   12.0810
    7.5000  -15.0000   15.0000 2837.4734   12.6031
   -7.5000   -7.5000   15.0000 2969.3318   11.7957
    0.0000   -7.5000   15.0000 2962.3079   11.7190
    7.5000   -7.5000   15.0000 2903.8589   12.2217
   -7.5000    0.0000   15.0000 2991.4055   11.8519
    0.0000    0.0000   15.0000 2985.6873   11.7914
    7.5000    0.0000   15.0000 2913.8403   12.2263
   -7.5000    7.5000   15.0000 2950.1848   12.2043
    0.0000    7.5000   15.0000 2948.1069   12.1951
    7.5000    7.5000   15.0000 2874.6387   12.5888
   -7.5000   15.0000   15.0000 2854.8474   12.8520
    0.0000   15.0000   15.0000 2849.7747   12.8698
    7.5000   15.0000   15.0000 2785.2212   13.2519
   -7.5000   22.5000   15.0000 2738.1765   13.7723
    0.0000   22.5000   15.0000 2733.1863   13.8165
    7.5000   22.5000   15.0000 2681.6404   14.2266
   -7.5000   30.0000   15.0000 2600.7332   15.0089
    0.0000   30.0000   15.0000 2597.4167   15.0809
    7.5000   30.0000   15.0000 2553.6641   15.5142
   -7.5000   37.5000   15.0000 2431.3669   16.4622
    0.0000   37.5000   15.0000 2424.3760   16.5230
    7.5000   37.5000   15.0000 2383.2236   17.0237
   -7.5000   45.0000   15.0000 2218.6958   18.1186
    0.0000   45.0000   15.0000 2213.6257   18.1854
    7.5000   45.0000   15.0000 2178.8101   18.6978
   -7.5000  -45.0000   22.5000 2416.5474   17.2259
    0.0000  -45.0000   22.5000 2429.7258   17.1230
    7.5000  -45.0000   22.5000 2394.5098   17.5592
   -7.5000  -37.5000   22.5000 2530.6226   15.6151
    0.0000  -37.5000   22.5000 2547.0620   15.5201
    7.5000  -37.5000   22.5000 2505.3196   15.9505
   -7.5000  -30.0000   22.5000 2640.1375   14.3685
    0.0000  -30.0000   22.5000 2653.9854   14.2876
    7.5000  -30.0000   22.5000 2610.8359   14.7210
   -7.5000  -22.5000   22.5000 2739.3384   13.4204
    0.0000  -22.5000   22.5000 2749.9258   13.3360
    7.5000  -22.5000   22.5000 2708.8269   13.7563
   -7.5000  -15.0000   22.5000 2833.5530   12.7241
    0.0000  -15.0000   22.5000 2839.4536   12.6027
    7.5000  -15.0000   22.5000 2790.7859   13.0675
   -7.5000   -7.5000   22.5000 2901.6543   12.3010
    0.0000   -7.5000   22.5000 2904.1182   12.2444
    7.5000   -7.5000   22.5000 2853.9001   12.6704
   -7.5000    0.0000   22.5000 2912.0869   12.3652
    0.0000    0.0000   22.5000 2912.1506   12.3015
    7.5000    0.0000   22.5000 2858.4871   12.6831
   -7.5000    7.5000   22.5000 2872.7095   12.7336
    0.0000    7.5000   22.5000 2873.2524   12.6584
    7.5000    7.5000   22.5000 2813.9055   13.0459
   -7.5000   15.0000   22.5000 2788.1123   13.3612
    0.0000   15.0000   22.5000 2787.0054   13.3007
    7.5000   15.0000   22.5000 2731.5283   13.6860
   -7.5000   22.5000   22.5000 2679.4575   14.2291
    0.0000   22.5000   22.5000 2677.1687   14.2163
    7.5000   22.5000   22.5000 2634.7070   14.6104
   -7.5000   30.0000   22.5000 2555.9336   15.3666
    0.0000   30.0000   22.5000 2555.1355   15.3765
    7.5000   30.0000   22.5000 2516.9521   15.8094
   -7.5000   37.5000   22.5000 2387.9641   16.7331
    0.0000   37.5000   22.5000 2388.2090   16.7277
    7.5000   37.5000   22.5000 2354.1479   17.2354
   -7.5000   45.0000   22.5000 2181.2256   18.3111
    0.0000   45.0000   22.5000 2180.0312   18.3148
    7.5000   45.0000   22.5000 2150.9661   18.8399
   -7.5000  -45.0000   30.0000 2368.9092   18.0250
    0.0000  -45.0000   30.0000 2385.9124   17.9179
    7.5000  -45.0000   30.0000 2352.0500   18.3242
   -7.5000  -37.5000   30.0000 2488.9639   16.3841
    0.0000  -37.5000   30.0000 2505.1904   16.2985
    7.5000  -37.5000   30.0000 2465.5361   16.6823
   -7.5000  -30.0000   30.0000 2596.0269   15.1046
    0.0000  -30.0000   30.0000 2609.6162   15.0385
    7.5000  -30.0000   30.0000 2568.9221   15.4454
   -7.5000  -22.5000   30.0000 2685.8965   14.1346
    0.0000  -22.5000   30.0000 2699.9866   14.0574
    7.5000  -22.5000   30.0000 2656.8381   14.4471
   -7.5000  -15.0000   30.0000 2769.7671   13.4224
    0.0000  -15.0000   30.0000 2778.8020   13.3557
    7.5000  -15.0000   30.0000 2731.8687   13.7409
   -7.5000   -7.5000   30.0000 2819.7000   13.0705
    0.0000   -7.5000   30.0000 2824.0930   13.0204
    7.5000   -7.5000   30.0000 2780.2180   13.3571
   -7.5000    0.0000   30.0000 2820.1929   13.1145
    0.0000    0.0000   30.0000 2821.0806   13.0423
    7.5000    0.0000   30.0000 2781.5024   13.3644
   -7.5000    7.5000   30.0000 2783.3064   13.4268
    0.0000    7.5000   30.0000 2786.4163   13.3859
    7.5000    7.5000   30.0000 2741.0581   13.7036
   -7.5000   15.0000   30.0000 2708.1838   13.9974
    0.0000   15.0000   30.0000 2708.0889   13.9609
    7.5000   15.0000   30.0000 2663.0300   14.3206
   -7.5000   22.5000   30.0000 2607.7278   14.8461
    0.0000   22.5000   30.0000 2607.2268   14.8357
    7.5000   22.5000   30.0000 2568.7168   15.2326
   -7.5000   30.0000   30.0000 2490.8962   15.9674
    0.0000   30.0000   30.0000 2490.6570   15.9957
    7.5000   30.0000   30.0000 2453.3623   16.3721
   -7.5000   37.5000   30.0000 2333.2014   17.2540
    0.0000   37.5000   30.0000 2332.8640   17.2949
    7.5000   37.5000   30.0000 2296.5449   17.7417
   -7.5000   45.0000   30.0000 2136.8582   18.8172
    0.0000   45.0000   30.0000 2133.1458   18.8398
    7.5000   45.0000   30.0000 2101.9465   19.3450
   -7.5000  -45.0000   37.5000 2315.1689   19.0528
    0.0000  -45.0000   37.5000 2332.0151   18.9910
    7.5000  -45.0000   37.5000 2299.6196   19.3440
   -7.5000  -37.5000   37.5000 2438.3950   17.3803
    0.0000  -37.5000   37.5000 2452.9619   17.3237
    7.5000  -37.5000   37.5000 2417.1213   17.6746
   -7.5000  -30.0000   37.5000 2537.1399   16.0757
    0.0000  -30.0000   37.5000 2550.7302   16.0237
    7.5000  -30.0000   37.5000 2511.9316   16.3758
   -7.5000  -22.5000   37.5000 2618.5955   15.0600
    0.0000  -22.5000   37.5000 2632.8782   15.0160
    7.5000  -22.5000   37.5000 2590.2463   15.3686
   -7.5000  -15.0000   37.5000 2692.6077   14.3608
    0.0000  -15.0000   37.5000 2700.3083   14.3099
    7.5000  -15.0000   37.5000 2660.4395   14.6214
   -7.5000   -7.5000   37.5000 2726.8943   14.0286
    0.0000   -7.5000   37.5000 2731.6765   13.9853
    7.5000   -7.5000   37.5000 2692.5442   14.2645
   -7.5000    0.0000   37.5000 2723.9038   14.0392
    0.0000    0.0000   37.5000 2725.3367   13.9887
    7.5000    0.0000   37.5000 2688.7949   14.2473
   -7.5000    7.5000   37.5000 2683.4897   14.3623
    0.0000    7.5000   37.5000 2687.8872   14.3204
    7.5000    7.5000   37.5000 2651.4287   14.5772
   -7.5000   15.0000   37.5000 2619.4673   14.8824
    0.0000   15.0000   37.5000 2621.5330   14.8572
    7.5000   15.0000   37.5000 2583.9814   15.1483
   -7.5000   22.5000   37.5000 2527.4141   15.7165
    0.0000   22.5000   37.5000 2527.5713   15.7091
    7.5000   22.5000   37.5000 2490.9973   16.0482
   -7.5000   30.0000   37.5000 2415.3374   16.7866
    0.0000   30.0000   37.5000 2414.2734   16.8258
    7.5000   30.0000   37.5000 2384.2979   17.1774
   -7.5000   37.5000   37.5000 2264.7737   18.1206
    0.0000   37.5000   37.5000 2262.9678   18.1525
    7.5000   37.5000   37.5000 2235.4189   18.5292
   -7.5000   45.0000   37.5000 2077.7832   19.6740
    0.0000   45.0000   37.5000 2074.9290   19.6973
    7.5000   45.0000   37.5000 2049.0696   20.1318

---------------------------------------------------------------------
imgreg_4dfp /opt/freesurfer/average/711-2C_as_mni_average_305 /opt/freesurfer/average/711-2B_as_mni_average_305_mask talsrcimg_g11 none talsrcimg_to_711-2C_as_mni_average_305_t4 1283
---------------------------------------------------------------------

freesurfer imgreg_4dfp.c
/opt/freesurfer/average/711-2C_as_mni_average_305.4dfp.img
       256       256       256         1
  1.000000  1.000000  1.000000
orientation T byte_order littleendian
Reading image: /opt/freesurfer/average/711-2C_as_mni_average_305.4dfp.img
dimensions:      256       256       256
mmppix:       1.0000   -1.0000   -1.0000
center:     128.0000 -129.0000 -129.0000
/opt/freesurfer/average/711-2B_as_mni_average_305_mask.4dfp.img
       256       256       256         1
  1.000000  1.000000  1.000000
orientation T byte_order littleendian
Reading mask: /opt/freesurfer/average/711-2B_as_mni_average_305_mask.4dfp.img (2306576 pixels)
talsrcimg_g11.4dfp.img
       256       256       256         1
  0.900000  0.900000  0.900000
orientation T byte_order littleendian
Reading image: talsrcimg_g11.4dfp.img
dimensions:      256       256       256
mmppix:       0.9000   -0.9000   -0.9000
center:     115.2000 -116.1000 -116.1000
rotation matrix determinant  1.000000
fimgreg.f
image alignment mode   1283 decimal      503 hex
parameters
   -7.5000    0.0000    7.5000    0.0000    0.0000    0.0000
eta,q 0.95375 11.40510
niter,ni,del,rscale     5    3   12.0000    1.2000
parameter  1 -0.670482 -> -0.500000 qaram    1.1500
parameters
   -4.0500   -0.4374    5.6483   -1.5924   -2.3377    1.5592
eta,q 0.95634 11.15305
  0.0677  0.0527  0.0463  0.0472  0.0463  0.0502
  0.0605  0.0471  0.0464  0.0452  0.0446  0.0476
  0.0538  0.0453  0.0458  0.0450  0.0441  0.0453
  0.0488  0.0449  0.0449  0.0458  0.0451  0.0440
  0.0458  0.0463  0.0459  0.0468  0.0471  0.0436
  0.0449  0.0494  0.0492  0.0477  0.0494  0.0442
  0.0464  0.0549  0.0544  0.0488  0.0526  0.0462
niter,ni,del,rscale     5    3   12.0000    1.2000
parameters
   -3.0645    0.4601    4.9725   -1.8477   -2.6625    1.6598
eta,q 0.95645 11.15171
  0.0614  0.0580  0.0452  0.0487  0.0486  0.0487
  0.0532  0.0495  0.0431  0.0448  0.0460  0.0459
  0.0467  0.0449  0.0438  0.0433  0.0441  0.0443
  0.0437  0.0434  0.0431  0.0437  0.0436  0.0436
  0.0438  0.0431  0.0421  0.0447  0.0444  0.0439
  0.0473  0.0451  0.0439  0.0467  0.0468  0.0454
  0.0539  0.0509  0.0480  0.0483  0.0498  0.0487
niter,ni,del,rscale     4    3   12.0000    1.2000
parameters
   -3.0587    0.4743    5.0901   -1.8780   -2.6794    1.6883
eta,q 0.95654 11.15120
  0.0576  0.0548  0.0463  0.0490  0.0489  0.0485
  0.0505  0.0476  0.0431  0.0451  0.0463  0.0458
  0.0450  0.0445  0.0433  0.0433  0.0443  0.0442
  0.0436  0.0436  0.0435  0.0435  0.0435  0.0435
  0.0449  0.0440  0.0420  0.0445  0.0440  0.0438
  0.0499  0.0477  0.0429  0.0463  0.0463  0.0454
  0.0579  0.0547  0.0465  0.0480  0.0491  0.0487
niter,ni,del,rscale     3    3   12.0000    1.2000
parameters
   -3.0311    0.4918    5.0335   -1.8735   -2.6919    1.6843
eta,q 0.95651 11.15194
  0.0575  0.0548  0.0460  0.0491  0.0489  0.0485
  0.0504  0.0476  0.0430  0.0452  0.0464  0.0458
  0.0449  0.0445  0.0434  0.0434  0.0443  0.0442
  0.0435  0.0435  0.0435  0.0435  0.0435  0.0435
  0.0447  0.0440  0.0419  0.0445  0.0440  0.0438
  0.0497  0.0477  0.0431  0.0463  0.0463  0.0454
  0.0577  0.0547  0.0467  0.0480  0.0492  0.0488
registration optimization eta report
parameter search radius
    6.9000    6.0000    6.0000    6.0000    6.0000    6.0000
100000*second partial in parameter space
       30.       32.       10.       14.       15.       14.
  0.0575  0.0548  0.0460  0.0491  0.0489  0.0485
  0.0504  0.0476  0.0430  0.0452  0.0464  0.0458
  0.0449  0.0445  0.0434  0.0434  0.0443  0.0442
  0.0435  0.0435  0.0435  0.0435  0.0435  0.0435
  0.0447  0.0440  0.0419  0.0445  0.0440  0.0438
  0.0497  0.0477  0.0431  0.0463  0.0463  0.0454
  0.0577  0.0547  0.0467  0.0480  0.0492  0.0488
   -3.0311    0.4918    5.0335   -1.8735   -2.6919    1.6843
eta,q 0.95651 11.15194

---------------------------------------------------------------------
imgreg_4dfp /opt/freesurfer/average/711-2C_as_mni_average_305 /opt/freesurfer/average/711-2B_as_mni_average_305_mask talsrcimg_g11 none talsrcimg_to_711-2C_as_mni_average_305_t4 3335
---------------------------------------------------------------------

freesurfer imgreg_4dfp.c
/opt/freesurfer/average/711-2C_as_mni_average_305.4dfp.img
       256       256       256         1
  1.000000  1.000000  1.000000
orientation T byte_order littleendian
Reading image: /opt/freesurfer/average/711-2C_as_mni_average_305.4dfp.img
dimensions:      256       256       256
mmppix:       1.0000   -1.0000   -1.0000
center:     128.0000 -129.0000 -129.0000
/opt/freesurfer/average/711-2B_as_mni_average_305_mask.4dfp.img
       256       256       256         1
  1.000000  1.000000  1.000000
orientation T byte_order littleendian
Reading mask: /opt/freesurfer/average/711-2B_as_mni_average_305_mask.4dfp.img (2306576 pixels)
talsrcimg_g11.4dfp.img
       256       256       256         1
  0.900000  0.900000  0.900000
orientation T byte_order littleendian
Reading image: talsrcimg_g11.4dfp.img
dimensions:      256       256       256
mmppix:       0.9000   -0.9000   -0.9000
center:     115.2000 -116.1000 -116.1000
fimgreg.f
image alignment mode   3335 decimal      D07 hex
parameters
   -3.0311    0.4918    5.0335   -0.1535   -0.1011   -0.1637
   -3.0911    4.5958    2.9360    3.4059   -4.6965   -3.2657
eta,q 0.96047 11.27257
niter,ni,del,rscale     5    3    5.0000    1.2000
parameter  4  1.863193 ->  0.500000 qaram    1.1500
parameter  5  1.581473 ->  0.500000 qaram    1.1500
parameter  6  1.745624 ->  0.500000 qaram    1.1500
parameter 12 -1.155496 -> -0.500000 qaram    1.1500
parameters
   -3.2276    0.2071    4.9490   -4.2935   -4.2411   -4.3037
   -3.8941    5.0490    1.7513    2.9799   -4.0832    0.8743
eta,q 0.97432 10.79947
  0.0419  0.0409  0.0405  0.0332  0.0303  0.0253  0.0289  0.0326  0.0280  0.0291  0.0287  0.0294
  0.0405  0.0401  0.0399  0.0345  0.0314  0.0262  0.0275  0.0297  0.0271  0.0279  0.0277  0.0284
  0.0396  0.0397  0.0395  0.0366  0.0329  0.0284  0.0268  0.0275  0.0267  0.0271  0.0269  0.0275
  0.0395  0.0395  0.0395  0.0395  0.0350  0.0318  0.0266  0.0266  0.0266  0.0266  0.0266  0.0266
  0.0401  0.0398  0.0397  0.0432  0.0378  0.0353  0.0272  0.0272  0.0271  0.0269  0.0268  0.0260
  0.0412  0.0406  0.0401  0.0471  0.0408  0.0391  0.0284  0.0288  0.0281  0.0282  0.0273  0.0256
  0.0426  0.0420  0.0405  0.0509  0.0442  0.0432  0.0301  0.0313  0.0293  0.0300  0.0281  0.0256
niter,ni,del,rscale     7    3    5.0000    1.2000
parameter  5  0.513458 ->  0.500000 qaram    1.3225
parameters
   -2.8595    0.1328    4.4287   -7.8975   -9.0021   -7.9139
   -3.3483    5.1901    2.7112    1.2358   -5.1786    3.3715
eta,q 0.97718 10.49815
  0.0304  0.0277  0.0266  0.0263  0.0244  0.0248  0.0259  0.0279  0.0250  0.0244  0.0238  0.0248
  0.0281  0.0265  0.0259  0.0250  0.0239  0.0237  0.0245  0.0255  0.0241  0.0234  0.0232  0.0238
  0.0265  0.0258  0.0256  0.0245  0.0240  0.0230  0.0235  0.0238  0.0235  0.0230  0.0229  0.0232
  0.0257  0.0256  0.0256  0.0255  0.0245  0.0238  0.0231  0.0231  0.0231  0.0231  0.0229  0.0229
  0.0257  0.0259  0.0260  0.0278  0.0259  0.0266  0.0233  0.0235  0.0232  0.0238  0.0232  0.0228
  0.0266  0.0267  0.0269  0.0313  0.0282  0.0302  0.0240  0.0251  0.0236  0.0250  0.0238  0.0230
  0.0282  0.0280  0.0282  0.0355  0.0311  0.0345  0.0251  0.0276  0.0242  0.0264  0.0246  0.0233
niter,ni,del,rscale     7    3    5.0000    1.2000
parameters
   -2.8992   -0.1261    3.3147   -6.6133   -8.3787   -9.5154
   -3.4882    5.4118    2.5642    0.9966   -4.7566    4.3672
eta,q 0.97759 10.52375
  0.0258  0.0243  0.0230  0.0270  0.0260  0.0255  0.0249  0.0275  0.0240  0.0248  0.0239  0.0239
  0.0242  0.0234  0.0225  0.0253  0.0240  0.0242  0.0235  0.0251  0.0231  0.0234  0.0231  0.0231
  0.0232  0.0229  0.0224  0.0237  0.0226  0.0229  0.0227  0.0233  0.0226  0.0226  0.0226  0.0226
  0.0228  0.0228  0.0228  0.0224  0.0221  0.0221  0.0224  0.0224  0.0224  0.0224  0.0224  0.0224
  0.0232  0.0232  0.0235  0.0220  0.0223  0.0233  0.0228  0.0228  0.0226  0.0228  0.0225  0.0225
  0.0243  0.0240  0.0246  0.0230  0.0232  0.0267  0.0237  0.0245  0.0232  0.0237  0.0229  0.0228
  0.0261  0.0251  0.0259  0.0254  0.0252  0.0307  0.0251  0.0271  0.0241  0.0250  0.0236  0.0233
niter,ni,del,rscale     6    3    5.0000    1.2000
parameters
   -2.9044   -0.2113    3.3149   -6.2722   -8.2901  -10.0101
   -3.4457    5.3879    2.4574    0.7707   -4.5717    4.6931
eta,q 0.97749 10.52338
  0.0257  0.0242  0.0240  0.0266  0.0259  0.0263  0.0251  0.0272  0.0241  0.0249  0.0239  0.0238
  0.0239  0.0232  0.0231  0.0250  0.0239  0.0248  0.0237  0.0249  0.0232  0.0234  0.0231  0.0231
  0.0228  0.0226  0.0226  0.0235  0.0227  0.0235  0.0228  0.0232  0.0227  0.0227  0.0227  0.0226
  0.0224  0.0224  0.0224  0.0224  0.0223  0.0223  0.0225  0.0225  0.0225  0.0225  0.0225  0.0225
  0.0228  0.0227  0.0226  0.0224  0.0227  0.0222  0.0228  0.0230  0.0227  0.0228  0.0226  0.0226
  0.0239  0.0234  0.0231  0.0237  0.0237  0.0248  0.0237  0.0248  0.0233  0.0238  0.0230  0.0230
  0.0258  0.0245  0.0239  0.0267  0.0259  0.0286  0.0250  0.0274  0.0242  0.0251  0.0238  0.0236
niter,ni,del,rscale     5    3    5.0000    1.2000
parameters
   -2.9052   -0.2330    3.3238   -6.1708   -8.2776  -10.1435
   -3.4211    5.3743    2.4268    0.7042   -4.5085    4.7862
eta,q 0.97747 10.52290
  0.0258  0.0244  0.0240  0.0265  0.0260  0.0265  0.0252  0.0273  0.0242  0.0250  0.0239  0.0238
  0.0240  0.0234  0.0232  0.0249  0.0240  0.0251  0.0237  0.0249  0.0232  0.0235  0.0231  0.0231
  0.0229  0.0227  0.0227  0.0235  0.0229  0.0237  0.0228  0.0232  0.0227  0.0228  0.0227  0.0227
  0.0225  0.0225  0.0225  0.0225  0.0225  0.0225  0.0225  0.0225  0.0225  0.0225  0.0225  0.0225
  0.0229  0.0227  0.0227  0.0226  0.0229  0.0221  0.0228  0.0230  0.0227  0.0228  0.0227  0.0227
  0.0240  0.0234  0.0232  0.0240  0.0239  0.0242  0.0237  0.0248  0.0233  0.0237  0.0231  0.0231
  0.0258  0.0245  0.0240  0.0271  0.0261  0.0280  0.0251  0.0275  0.0242  0.0250  0.0238  0.0236
niter,ni,del,rscale     4    3    5.0000    1.2000
parameters
   -2.9058   -0.2374    3.3283   -6.1460   -8.2788  -10.1714
   -3.4100    5.3666    2.4125    0.6898   -4.4826    4.8034
eta,q 0.97746 10.52267
  0.0258  0.0245  0.0240  0.0265  0.0260  0.0266  0.0251  0.0273  0.0242  0.0250  0.0239  0.0237
  0.0241  0.0234  0.0232  0.0249  0.0241  0.0251  0.0237  0.0249  0.0233  0.0236  0.0231  0.0230
  0.0229  0.0228  0.0227  0.0235  0.0229  0.0237  0.0228  0.0232  0.0227  0.0228  0.0227  0.0227
  0.0225  0.0225  0.0225  0.0225  0.0225  0.0225  0.0225  0.0225  0.0225  0.0225  0.0225  0.0225
  0.0229  0.0228  0.0227  0.0227  0.0229  0.0221  0.0228  0.0230  0.0227  0.0228  0.0227  0.0227
  0.0241  0.0234  0.0232  0.0241  0.0240  0.0241  0.0237  0.0248  0.0233  0.0237  0.0231  0.0231
  0.0258  0.0245  0.0240  0.0272  0.0261  0.0279  0.0251  0.0274  0.0242  0.0250  0.0239  0.0237
registration optimization eta report
parameter search radius
    2.4000    2.4000    2.4000    8.2800    9.5220    8.2800
    7.2000    7.2000    7.2000    7.2000    7.2000    8.2800
100000*second partial in parameter space
       57.       34.       25.        6.        4.        7.
        5.        9.        3.        5.        3.        2.
  0.0258  0.0245  0.0240  0.0265  0.0260  0.0266  0.0251  0.0273  0.0242  0.0250  0.0239  0.0237
  0.0241  0.0234  0.0232  0.0249  0.0241  0.0251  0.0237  0.0249  0.0233  0.0236  0.0231  0.0230
  0.0229  0.0228  0.0227  0.0235  0.0229  0.0237  0.0228  0.0232  0.0227  0.0228  0.0227  0.0227
  0.0225  0.0225  0.0225  0.0225  0.0225  0.0225  0.0225  0.0225  0.0225  0.0225  0.0225  0.0225
  0.0229  0.0228  0.0227  0.0227  0.0229  0.0221  0.0228  0.0230  0.0227  0.0228  0.0227  0.0227
  0.0241  0.0234  0.0232  0.0241  0.0240  0.0241  0.0237  0.0248  0.0233  0.0237  0.0231  0.0231
  0.0258  0.0245  0.0240  0.0272  0.0261  0.0279  0.0251  0.0274  0.0242  0.0250  0.0239  0.0237
   -2.9058   -0.2374    3.3283   -6.1460   -8.2788  -10.1714
   -3.4100    5.3666    2.4125    0.6898   -4.4826    4.8034
eta,q 0.97746 10.52267

---------------------------------------------------------------------
imgreg_4dfp /opt/freesurfer/average/711-2C_as_mni_average_305 /opt/freesurfer/average/711-2B_as_mni_average_305_mask talsrcimg_g11 none talsrcimg_to_711-2C_as_mni_average_305_t4 2311
---------------------------------------------------------------------

freesurfer imgreg_4dfp.c
/opt/freesurfer/average/711-2C_as_mni_average_305.4dfp.img
       256       256       256         1
  1.000000  1.000000  1.000000
orientation T byte_order littleendian
Reading image: /opt/freesurfer/average/711-2C_as_mni_average_305.4dfp.img
dimensions:      256       256       256
mmppix:       1.0000   -1.0000   -1.0000
center:     128.0000 -129.0000 -129.0000
/opt/freesurfer/average/711-2B_as_mni_average_305_mask.4dfp.img
       256       256       256         1
  1.000000  1.000000  1.000000
orientation T byte_order littleendian
Reading mask: /opt/freesurfer/average/711-2B_as_mni_average_305_mask.4dfp.img (2306576 pixels)
talsrcimg_g11.4dfp.img
       256       256       256         1
  0.900000  0.900000  0.900000
orientation T byte_order littleendian
Reading image: talsrcimg_g11.4dfp.img
dimensions:      256       256       256
mmppix:       0.9000   -0.9000   -0.9000
center:     115.2000 -116.1000 -116.1000
fimgreg.f
image alignment mode   2311 decimal      907 hex
parameters
   -2.9058   -0.2374    3.3283   -6.1460   -8.2788  -10.1714
   -3.4100    5.3666    2.4125    0.6898   -4.4826    4.8034
eta,q 0.97746 10.52267
niter,ni,del,rscale     5    3    5.0000    0.8000
parameters
   -2.9072   -0.2459    3.3200   -5.2656   -8.4781   -9.0009
   -3.4831    5.3749    2.1736    0.8631   -4.5623    3.9949
eta,q 0.97788 10.55659
  0.0241  0.0234  0.0232  0.0245  0.0233  0.0247  0.0234  0.0250  0.0228  0.0233  0.0229  0.0224
  0.0232  0.0229  0.0228  0.0237  0.0228  0.0238  0.0227  0.0235  0.0224  0.0227  0.0225  0.0222
  0.0227  0.0226  0.0226  0.0230  0.0225  0.0231  0.0223  0.0225  0.0222  0.0223  0.0222  0.0221
  0.0225  0.0225  0.0225  0.0225  0.0224  0.0224  0.0221  0.0221  0.0221  0.0221  0.0221  0.0221
  0.0227  0.0226  0.0226  0.0225  0.0226  0.0221  0.0223  0.0225  0.0222  0.0222  0.0222  0.0222
  0.0232  0.0229  0.0228  0.0228  0.0229  0.0223  0.0227  0.0235  0.0225  0.0225  0.0225  0.0224
  0.0241  0.0234  0.0232  0.0236  0.0234  0.0235  0.0234  0.0250  0.0230  0.0231  0.0230  0.0227
niter,ni,del,rscale     4    3    5.0000    0.7000
parameters
   -2.9100   -0.2388    3.4445   -5.4389   -8.5722   -8.8209
   -3.4360    5.3915    2.1862    0.9454   -4.6459    3.9137
eta,q 0.97793 10.55375
  0.0234  0.0228  0.0228  0.0234  0.0228  0.0238  0.0231  0.0243  0.0227  0.0229  0.0226  0.0224
  0.0227  0.0224  0.0225  0.0227  0.0224  0.0231  0.0225  0.0231  0.0223  0.0225  0.0223  0.0222
  0.0222  0.0222  0.0222  0.0223  0.0222  0.0225  0.0222  0.0224  0.0221  0.0222  0.0221  0.0221
  0.0221  0.0221  0.0221  0.0221  0.0221  0.0221  0.0221  0.0221  0.0221  0.0221  0.0221  0.0221
  0.0223  0.0222  0.0221  0.0223  0.0222  0.0220  0.0222  0.0223  0.0221  0.0221  0.0221  0.0221
  0.0227  0.0224  0.0223  0.0228  0.0224  0.0226  0.0225  0.0231  0.0223  0.0224  0.0224  0.0222
  0.0234  0.0228  0.0226  0.0237  0.0228  0.0239  0.0230  0.0243  0.0226  0.0229  0.0227  0.0224
niter,ni,del,rscale     3    3    5.0000    0.6000
parameters
   -2.9130   -0.2298    3.4391   -5.4289   -8.6039   -8.6282
   -3.4489    5.4062    2.1969    1.0339   -4.6788    3.7491
eta,q 0.97797 10.55650
  0.0230  0.0226  0.0225  0.0231  0.0226  0.0234  0.0227  0.0237  0.0225  0.0227  0.0225  0.0222
  0.0225  0.0223  0.0223  0.0226  0.0223  0.0229  0.0223  0.0228  0.0222  0.0223  0.0222  0.0221
  0.0222  0.0221  0.0221  0.0222  0.0221  0.0224  0.0221  0.0223  0.0221  0.0221  0.0221  0.0220
  0.0221  0.0221  0.0221  0.0221  0.0221  0.0221  0.0220  0.0220  0.0220  0.0220  0.0220  0.0220
  0.0222  0.0221  0.0221  0.0222  0.0221  0.0220  0.0221  0.0222  0.0221  0.0221  0.0221  0.0221
  0.0225  0.0223  0.0223  0.0225  0.0223  0.0224  0.0224  0.0228  0.0222  0.0223  0.0222  0.0222
  0.0230  0.0226  0.0225  0.0231  0.0226  0.0234  0.0227  0.0237  0.0225  0.0226  0.0225  0.0223
niter,ni,del,rscale     2    3    5.0000    0.5000
parameters
   -2.9161   -0.2187    3.4545   -5.4473   -8.6359   -8.4223
   -3.4515    5.4124    2.2036    1.1207   -4.7199    3.5796
eta,q 0.97800 10.55882
  0.0227  0.0224  0.0224  0.0228  0.0224  0.0231  0.0225  0.0232  0.0223  0.0225  0.0223  0.0221
  0.0223  0.0222  0.0222  0.0224  0.0222  0.0226  0.0222  0.0226  0.0221  0.0222  0.0221  0.0221
  0.0221  0.0221  0.0221  0.0221  0.0221  0.0223  0.0221  0.0222  0.0220  0.0221  0.0220  0.0220
  0.0220  0.0220  0.0220  0.0220  0.0220  0.0220  0.0220  0.0220  0.0220  0.0220  0.0220  0.0220
  0.0221  0.0221  0.0221  0.0221  0.0221  0.0220  0.0221  0.0221  0.0220  0.0220  0.0220  0.0220
  0.0223  0.0222  0.0222  0.0224  0.0222  0.0223  0.0222  0.0226  0.0221  0.0222  0.0222  0.0221
  0.0227  0.0224  0.0224  0.0228  0.0224  0.0230  0.0225  0.0232  0.0223  0.0224  0.0223  0.0222
niter,ni,del,rscale     1    3    5.0000    0.4000
parameters
   -2.9198   -0.2093    3.4623   -5.4879   -8.6753   -8.2395
   -3.4717    5.4247    2.2198    1.2098   -4.7558    3.4077
eta,q 0.97802 10.56010
  0.0224  0.0222  0.0222  0.0225  0.0222  0.0227  0.0223  0.0228  0.0222  0.0223  0.0222  0.0221
  0.0222  0.0221  0.0221  0.0222  0.0221  0.0224  0.0221  0.0224  0.0221  0.0221  0.0221  0.0220
  0.0220  0.0220  0.0220  0.0221  0.0220  0.0222  0.0220  0.0221  0.0220  0.0220  0.0220  0.0220
  0.0220  0.0220  0.0220  0.0220  0.0220  0.0220  0.0220  0.0220  0.0220  0.0220  0.0220  0.0220
  0.0221  0.0220  0.0220  0.0221  0.0220  0.0220  0.0220  0.0221  0.0220  0.0220  0.0220  0.0220
  0.0222  0.0221  0.0221  0.0222  0.0221  0.0222  0.0221  0.0223  0.0221  0.0221  0.0221  0.0220
  0.0224  0.0222  0.0222  0.0225  0.0222  0.0226  0.0223  0.0228  0.0222  0.0223  0.0222  0.0221
registration optimization eta report
parameter search radius
    0.8000    0.8000    0.8000    2.4000    2.4000    2.4000
    2.4000    2.4000    2.4000    2.4000    2.4000    2.4000
100000*second partial in parameter space
       66.       36.       34.        9.        4.       12.
        5.       14.        3.        5.        4.        2.
  0.0224  0.0222  0.0222  0.0225  0.0222  0.0227  0.0223  0.0228  0.0222  0.0223  0.0222  0.0221
  0.0222  0.0221  0.0221  0.0222  0.0221  0.0224  0.0221  0.0224  0.0221  0.0221  0.0221  0.0220
  0.0220  0.0220  0.0220  0.0221  0.0220  0.0222  0.0220  0.0221  0.0220  0.0220  0.0220  0.0220
  0.0220  0.0220  0.0220  0.0220  0.0220  0.0220  0.0220  0.0220  0.0220  0.0220  0.0220  0.0220
  0.0221  0.0220  0.0220  0.0221  0.0220  0.0220  0.0220  0.0221  0.0220  0.0220  0.0220  0.0220
  0.0222  0.0221  0.0221  0.0222  0.0221  0.0222  0.0221  0.0223  0.0221  0.0221  0.0221  0.0220
  0.0224  0.0222  0.0222  0.0225  0.0222  0.0226  0.0223  0.0228  0.0222  0.0223  0.0222  0.0221
   -2.9198   -0.2093    3.4623   -5.4879   -8.6753   -8.2395
   -3.4717    5.4247    2.2198    1.2098   -4.7558    3.4077
eta,q 0.97802 10.56010

---------------------------------------------------------------------
imgreg_4dfp /opt/freesurfer/average/711-2C_as_mni_average_305 /opt/freesurfer/average/711-2B_as_mni_average_305_mask talsrcimg_g11 none talsrcimg_to_711-2C_as_mni_average_305_t4 2311
---------------------------------------------------------------------

freesurfer imgreg_4dfp.c
/opt/freesurfer/average/711-2C_as_mni_average_305.4dfp.img
       256       256       256         1
  1.000000  1.000000  1.000000
orientation T byte_order littleendian
Reading image: /opt/freesurfer/average/711-2C_as_mni_average_305.4dfp.img
dimensions:      256       256       256
mmppix:       1.0000   -1.0000   -1.0000
center:     128.0000 -129.0000 -129.0000
/opt/freesurfer/average/711-2B_as_mni_average_305_mask.4dfp.img
       256       256       256         1
  1.000000  1.000000  1.000000
orientation T byte_order littleendian
Reading mask: /opt/freesurfer/average/711-2B_as_mni_average_305_mask.4dfp.img (2306576 pixels)
talsrcimg_g11.4dfp.img
       256       256       256         1
  0.900000  0.900000  0.900000
orientation T byte_order littleendian
Reading image: talsrcimg_g11.4dfp.img
dimensions:      256       256       256
mmppix:       0.9000   -0.9000   -0.9000
center:     115.2000 -116.1000 -116.1000
fimgreg.f
image alignment mode   2311 decimal      907 hex
parameters
   -2.9198   -0.2093    3.4623   -5.4879   -8.6753   -8.2395
   -3.4717    5.4247    2.2198    1.2098   -4.7558    3.4077
eta,q 0.97802 10.56010
niter,ni,del,rscale     5    3    5.0000    0.8000
parameters
   -2.8987   -0.1969    3.4838   -5.7512   -8.5489   -8.7689
   -3.4476    5.4252    2.2560    0.9900   -4.7201    3.9086
eta,q 0.97793 10.54952
  0.0237  0.0229  0.0229  0.0236  0.0229  0.0238  0.0233  0.0248  0.0228  0.0231  0.0228  0.0226
  0.0227  0.0224  0.0224  0.0228  0.0224  0.0230  0.0226  0.0234  0.0224  0.0225  0.0224  0.0223
  0.0222  0.0221  0.0221  0.0222  0.0221  0.0224  0.0222  0.0224  0.0222  0.0222  0.0222  0.0221
  0.0220  0.0220  0.0220  0.0220  0.0220  0.0220  0.0221  0.0221  0.0221  0.0221  0.0221  0.0221
  0.0222  0.0221  0.0221  0.0222  0.0221  0.0222  0.0222  0.0224  0.0222  0.0222  0.0222  0.0221
  0.0227  0.0224  0.0224  0.0229  0.0224  0.0234  0.0226  0.0233  0.0224  0.0226  0.0224  0.0222
  0.0236  0.0229  0.0229  0.0241  0.0228  0.0254  0.0233  0.0248  0.0228  0.0233  0.0228  0.0224
niter,ni,del,rscale     4    3    5.0000    0.7000
parameters
   -2.9037   -0.2266    3.4201   -5.5342   -8.5449   -8.7865
   -3.4542    5.4310    2.2195    0.9684   -4.6882    3.8874
eta,q 0.97793 10.55368
  0.0233  0.0227  0.0226  0.0235  0.0227  0.0237  0.0230  0.0243  0.0226  0.0229  0.0227  0.0224
  0.0226  0.0224  0.0223  0.0228  0.0224  0.0230  0.0225  0.0231  0.0223  0.0224  0.0223  0.0222
  0.0222  0.0221  0.0221  0.0223  0.0221  0.0225  0.0222  0.0223  0.0221  0.0222  0.0221  0.0221
  0.0221  0.0221  0.0221  0.0221  0.0221  0.0221  0.0221  0.0221  0.0221  0.0221  0.0221  0.0221
  0.0222  0.0222  0.0222  0.0222  0.0221  0.0220  0.0222  0.0223  0.0221  0.0221  0.0221  0.0221
  0.0227  0.0224  0.0224  0.0226  0.0224  0.0227  0.0225  0.0231  0.0223  0.0224  0.0223  0.0222
  0.0233  0.0228  0.0227  0.0233  0.0227  0.0241  0.0230  0.0243  0.0227  0.0229  0.0227  0.0224
niter,ni,del,rscale     3    3    5.0000    0.6000
parameters
   -2.9066   -0.2298    3.4349   -5.4566   -8.5920   -8.6176
   -3.4539    5.4224    2.1915    1.0363   -4.6964    3.7303
eta,q 0.97796 10.55662
  0.0230  0.0226  0.0225  0.0231  0.0225  0.0234  0.0227  0.0237  0.0225  0.0227  0.0225  0.0222
  0.0225  0.0223  0.0223  0.0226  0.0223  0.0229  0.0223  0.0228  0.0222  0.0223  0.0222  0.0221
  0.0222  0.0221  0.0221  0.0222  0.0221  0.0224  0.0221  0.0222  0.0221  0.0221  0.0221  0.0220
  0.0221  0.0221  0.0221  0.0221  0.0221  0.0221  0.0220  0.0220  0.0220  0.0220  0.0220  0.0220
  0.0222  0.0221  0.0221  0.0222  0.0221  0.0220  0.0221  0.0222  0.0221  0.0221  0.0221  0.0221
  0.0225  0.0223  0.0223  0.0225  0.0223  0.0224  0.0223  0.0228  0.0222  0.0223  0.0222  0.0222
  0.0230  0.0226  0.0225  0.0231  0.0226  0.0234  0.0227  0.0238  0.0225  0.0226  0.0225  0.0223
niter,ni,del,rscale     2    3    5.0000    0.5000
parameters
   -2.9138   -0.2171    3.4446   -5.4602   -8.6396   -8.4241
   -3.4503    5.4195    2.2008    1.1201   -4.7347    3.5539
eta,q 0.97800 10.55841
  0.0227  0.0224  0.0224  0.0228  0.0224  0.0231  0.0225  0.0232  0.0223  0.0224  0.0223  0.0221
  0.0223  0.0222  0.0222  0.0224  0.0222  0.0226  0.0222  0.0226  0.0221  0.0222  0.0221  0.0221
  0.0221  0.0221  0.0221  0.0221  0.0221  0.0223  0.0221  0.0221  0.0220  0.0221  0.0220  0.0220
  0.0220  0.0220  0.0220  0.0220  0.0220  0.0220  0.0220  0.0220  0.0220  0.0220  0.0220  0.0220
  0.0221  0.0221  0.0221  0.0221  0.0221  0.0220  0.0221  0.0221  0.0220  0.0220  0.0220  0.0220
  0.0223  0.0222  0.0222  0.0224  0.0222  0.0223  0.0222  0.0226  0.0221  0.0222  0.0222  0.0221
  0.0227  0.0224  0.0224  0.0228  0.0224  0.0230  0.0225  0.0232  0.0223  0.0224  0.0223  0.0222
niter,ni,del,rscale     1    3    5.0000    0.4000
parameters
   -2.9161   -0.2136    3.4572   -5.4961   -8.6623   -8.2377
   -3.4604    5.4316    2.2079    1.1994   -4.7607    3.4259
eta,q 0.97802 10.56038
  0.0224  0.0222  0.0222  0.0225  0.0222  0.0227  0.0223  0.0228  0.0222  0.0223  0.0222  0.0221
  0.0222  0.0221  0.0221  0.0222  0.0221  0.0224  0.0221  0.0224  0.0221  0.0221  0.0221  0.0220
  0.0220  0.0220  0.0220  0.0221  0.0220  0.0222  0.0220  0.0221  0.0220  0.0220  0.0220  0.0220
  0.0220  0.0220  0.0220  0.0220  0.0220  0.0220  0.0220  0.0220  0.0220  0.0220  0.0220  0.0220
  0.0220  0.0220  0.0220  0.0221  0.0220  0.0220  0.0220  0.0221  0.0220  0.0220  0.0220  0.0220
  0.0222  0.0221  0.0221  0.0222  0.0221  0.0222  0.0221  0.0223  0.0221  0.0221  0.0221  0.0220
  0.0224  0.0222  0.0222  0.0225  0.0222  0.0226  0.0223  0.0228  0.0222  0.0223  0.0222  0.0221
registration optimization eta report
parameter search radius
    0.8000    0.8000    0.8000    2.4000    2.4000    2.4000
    2.4000    2.4000    2.4000    2.4000    2.4000    2.4000
100000*second partial in parameter space
       66.       36.       34.        8.        4.       12.
        5.       14.        3.        5.        4.        2.
  0.0224  0.0222  0.0222  0.0225  0.0222  0.0227  0.0223  0.0228  0.0222  0.0223  0.0222  0.0221
  0.0222  0.0221  0.0221  0.0222  0.0221  0.0224  0.0221  0.0224  0.0221  0.0221  0.0221  0.0220
  0.0220  0.0220  0.0220  0.0221  0.0220  0.0222  0.0220  0.0221  0.0220  0.0220  0.0220  0.0220
  0.0220  0.0220  0.0220  0.0220  0.0220  0.0220  0.0220  0.0220  0.0220  0.0220  0.0220  0.0220
  0.0220  0.0220  0.0220  0.0221  0.0220  0.0220  0.0220  0.0221  0.0220  0.0220  0.0220  0.0220
  0.0222  0.0221  0.0221  0.0222  0.0221  0.0222  0.0221  0.0223  0.0221  0.0221  0.0221  0.0220
  0.0224  0.0222  0.0222  0.0225  0.0222  0.0226  0.0223  0.0228  0.0222  0.0223  0.0222  0.0221
   -2.9161   -0.2136    3.4572   -5.4961   -8.6623   -8.2377
   -3.4604    5.4316    2.2079    1.1994   -4.7607    3.4259
eta,q 0.97802 10.56038

---------------------------------------------------------------------
compute_vox2vox talsrcimg talsrcimg_to_711-2C_as_mni_average_305_t4 /opt/freesurfer/average/711-2C_as_mni_average_305
---------------------------------------------------------------------

freesurfer compute_vox2vox.c
Reading: talsrcimg.4dfp.ifh
Reading: talsrcimg_to_711-2C_as_mni_average_305_t4
Reading: /opt/freesurfer/average/711-2C_as_mni_average_305.4dfp.ifh
Writing: talsrcimg_to_711-2C_as_mni_average_305_t4_vox2vox.txt

start time Wed Mar 11 20:20:39 CET 2026
end		time Wed Mar 11 20:22:04 CET 2026

mpr2mni305 success

avi2talxfm orig_nu.mgz /opt/freesurfer/average/mni305.cor.mgz talsrcimg_to_711-2C_as_mni_average_305_t4_vox2vox.txt transforms/talairach.auto.xfm
avi2talxfm done
mv -f /out/sourcedata/freesurfer/sub-v2s1x29883_ses-1/mri/talsrcimg_to_711-2C_as_mni_average_305_t4_vox2vox.txt /out/sourcedata/freesurfer/sub-v2s1x29883_ses-1/mri/transforms/talsrcimg_to_711-2C_as_mni_average_305_t4_vox2vox.txt
lta_convert --src orig_nu.mgz --trg /opt/freesurfer/average/mni305.cor.mgz --inxfm transforms/talairach.auto.xfm --outlta transforms/talairach.auto.xfm.lta --subject fsaverage
7.3.2

--src: orig_nu.mgz src image (geometry).
--trg: /opt/freesurfer/average/mni305.cor.mgz trg image (geometry).
--inmni: transforms/talairach.auto.xfm input MNI/XFM transform.
--outlta: transforms/talairach.auto.xfm.lta output LTA.
--s: fsaverage subject name
 LTA read, type : 1
 1.05400  -0.06294   0.04229  -2.08609;
 0.05566   1.08698  -0.03866  -36.31269;
-0.02621  -0.01275   1.09432  -28.61909;
 0.00000   0.00000   0.00000   1.00000;
setting subject to fsaverage
Writing  LTA to file transforms/talairach.auto.xfm.lta...
lta_convert successful.
 
 
Started at Wed Mar 11 20:20:38 CET 2026
Ended   at Wed Mar 11 20:22:04 CET 2026
talairach_avi done
