status file for recon-all
Thu Mar 12 21:35:17 CET 2026
#@# Tessellate lh Thu Mar 12 21:35:17 CET 2026
#@# Smooth1 lh Thu Mar 12 21:35:21 CET 2026
#@# Inflation1 lh Thu Mar 12 21:35:24 CET 2026
#@# QSphere lh Thu Mar 12 21:36:28 CET 2026
#@# Fix Topology lh Thu Mar 12 21:37:37 CET 2026
#@# Smooth2 lh Thu Mar 12 21:45:18 CET 2026
#@# Inflation2 lh Thu Mar 12 21:45:22 CET 2026
#@# Curv .H and .K lh Thu Mar 12 21:45:50 CET 2026
#@# Sphere lh Thu Mar 12 21:46:49 CET 2026
#@# Surf Reg lh Thu Mar 12 21:49:24 CET 2026
#@# Jacobian white lh Thu Mar 12 21:53:54 CET 2026
#@# AvgCurv lh Thu Mar 12 21:53:55 CET 2026
#@# Cortical Parc lh Thu Mar 12 21:53:55 CET 2026
#@# white curv lh Thu Mar 12 22:01:34 CET 2026
#@# white area lh Thu Mar 12 22:01:36 CET 2026
#@# pial curv lh Thu Mar 12 22:01:37 CET 2026
#@# pial area lh Thu Mar 12 22:01:39 CET 2026
#@# thickness lh Thu Mar 12 22:01:40 CET 2026
#@# area and vertex vol lh Thu Mar 12 22:02:17 CET 2026
#@# Curvature Stats lh Thu Mar 12 22:02:19 CET 2026
#@# Cortical Parc 2 lh Thu Mar 12 22:02:22 CET 2026
#@# Cortical Parc 3 lh Thu Mar 12 22:02:38 CET 2026
#@# WM/GM Contrast lh Thu Mar 12 22:02:50 CET 2026
recon-all -s sub-v2s1x29904_ses-1 finished without error at Thu Mar 12 22:02:53 CET 2026



#New# invocation of recon-all 



status file for recon-all
Thu Mar 12 22:36:48 CET 2026
#@# white curv lh Thu Mar 12 22:36:48 CET 2026
#@# white area lh Thu Mar 12 22:36:48 CET 2026
#@# pial curv lh Thu Mar 12 22:36:48 CET 2026
#@# pial area lh Thu Mar 12 22:36:48 CET 2026
#@# thickness lh Thu Mar 12 22:36:48 CET 2026
#@# area and vertex vol lh Thu Mar 12 22:36:48 CET 2026
#@# Parcellation Stats lh Thu Mar 12 22:36:48 CET 2026
#@# Parcellation Stats 2 lh Thu Mar 12 22:37:14 CET 2026
#@# Parcellation Stats 3 lh Thu Mar 12 22:37:28 CET 2026
#@# BA_exvivo Labels lh Thu Mar 12 22:37:41 CET 2026
recon-all -s sub-v2s1x29904_ses-1 finished without error at Thu Mar 12 22:40:39 CET 2026
