status file for recon-all
Thu Mar 12 19:51:11 CET 2026
#@# MotionCor Thu Mar 12 19:51:13 CET 2026
#@# Talairach Thu Mar 12 19:51:21 CET 2026
#@# Talairach Failure Detection Thu Mar 12 19:55:45 CET 2026
#@# Nu Intensity Correction Thu Mar 12 19:55:45 CET 2026
#@# Intensity Normalization Thu Mar 12 19:59:01 CET 2026
recon-all -s sub-v2s1x29904_ses-1 finished without error at Thu Mar 12 20:00:35 CET 2026



#New# invocation of recon-all 



status file for recon-all
Thu Mar 12 20:07:53 CET 2026
#@# EM Registration Thu Mar 12 20:07:53 CET 2026
recon-all -s sub-v2s1x29904_ses-1 finished without error at Thu Mar 12 20:09:47 CET 2026



#New# invocation of recon-all 



status file for recon-all
Thu Mar 12 20:09:49 CET 2026
#@# CA Normalize Thu Mar 12 20:09:49 CET 2026
#@# CA Reg Thu Mar 12 20:11:09 CET 2026
#@# SubCort Seg Thu Mar 12 20:55:43 CET 2026
#@# CC Seg Thu Mar 12 21:28:34 CET 2026
#@# Merge ASeg Thu Mar 12 21:29:50 CET 2026
#@# Intensity Normalization2 Thu Mar 12 21:29:50 CET 2026
#@# Mask BFS Thu Mar 12 21:32:03 CET 2026
#@# WM Segmentation Thu Mar 12 21:32:04 CET 2026
#@# Fill Thu Mar 12 21:34:08 CET 2026
recon-all -s sub-v2s1x29904_ses-1 finished without error at Thu Mar 12 21:35:12 CET 2026



#New# invocation of recon-all 



status file for recon-all
Thu Mar 12 22:28:58 CET 2026
#@# white curv lh Thu Mar 12 22:28:58 CET 2026
#@# white area lh Thu Mar 12 22:28:58 CET 2026
#@# pial curv lh Thu Mar 12 22:28:58 CET 2026
#@# pial area lh Thu Mar 12 22:28:58 CET 2026
#@# thickness lh Thu Mar 12 22:28:58 CET 2026
#@# area and vertex vol lh Thu Mar 12 22:28:58 CET 2026
#@# white curv rh Thu Mar 12 22:28:58 CET 2026
#@# white area rh Thu Mar 12 22:28:58 CET 2026
#@# pial curv rh Thu Mar 12 22:28:58 CET 2026
#@# pial area rh Thu Mar 12 22:28:58 CET 2026
#@# thickness rh Thu Mar 12 22:28:58 CET 2026
#@# area and vertex vol rh Thu Mar 12 22:28:58 CET 2026
#@# Cortical ribbon mask Thu Mar 12 22:28:58 CET 2026
recon-all -s sub-v2s1x29904_ses-1 finished without error at Thu Mar 12 22:36:42 CET 2026



#New# invocation of recon-all 



status file for recon-all
Thu Mar 12 22:44:32 CET 2026
#@# white curv lh Thu Mar 12 22:44:32 CET 2026
#@# white area lh Thu Mar 12 22:44:32 CET 2026
#@# pial curv lh Thu Mar 12 22:44:32 CET 2026
#@# pial area lh Thu Mar 12 22:44:32 CET 2026
#@# thickness lh Thu Mar 12 22:44:32 CET 2026
#@# area and vertex vol lh Thu Mar 12 22:44:32 CET 2026
#@# white curv rh Thu Mar 12 22:44:32 CET 2026
#@# white area rh Thu Mar 12 22:44:32 CET 2026
#@# pial curv rh Thu Mar 12 22:44:32 CET 2026
#@# pial area rh Thu Mar 12 22:44:32 CET 2026
#@# thickness rh Thu Mar 12 22:44:32 CET 2026
#@# area and vertex vol rh Thu Mar 12 22:44:32 CET 2026
#@# Curvature Stats lh Thu Mar 12 22:44:32 CET 2026
#@# Curvature Stats rh Thu Mar 12 22:44:36 CET 2026
#@# Relabel Hypointensities Thu Mar 12 22:44:39 CET 2026
#@# APas-to-ASeg Thu Mar 12 22:44:58 CET 2026
#@# AParc-to-ASeg aparc Thu Mar 12 22:45:08 CET 2026
#@# AParc-to-ASeg aparc.a2009s Thu Mar 12 22:46:12 CET 2026
#@# AParc-to-ASeg aparc.DKTatlas Thu Mar 12 22:47:16 CET 2026
#@# WMParc Thu Mar 12 22:48:22 CET 2026
#@# ASeg Stats Thu Mar 12 22:52:12 CET 2026
recon-all -s sub-v2s1x29904_ses-1 finished without error at Thu Mar 12 22:52:52 CET 2026
