status file for recon-all
Wed Mar 11 18:22:19 CET 2026
#@# MotionCor Wed Mar 11 18:22:21 CET 2026
#@# Talairach Wed Mar 11 18:22:29 CET 2026
#@# Talairach Failure Detection Wed Mar 11 18:26:52 CET 2026
#@# Nu Intensity Correction Wed Mar 11 18:26:52 CET 2026
#@# Intensity Normalization Wed Mar 11 18:30:08 CET 2026
recon-all -s sub-v2s1x29867_ses-1 finished without error at Wed Mar 11 18:31:34 CET 2026



#New# invocation of recon-all 



status file for recon-all
Wed Mar 11 18:38:40 CET 2026
#@# EM Registration Wed Mar 11 18:38:40 CET 2026
recon-all -s sub-v2s1x29867_ses-1 finished without error at Wed Mar 11 18:41:09 CET 2026



#New# invocation of recon-all 



status file for recon-all
Wed Mar 11 18:41:10 CET 2026
#@# CA Normalize Wed Mar 11 18:41:10 CET 2026
#@# CA Reg Wed Mar 11 18:42:30 CET 2026
#@# SubCort Seg Wed Mar 11 19:30:39 CET 2026
#@# CC Seg Wed Mar 11 20:01:05 CET 2026
#@# Merge ASeg Wed Mar 11 20:01:45 CET 2026
#@# Intensity Normalization2 Wed Mar 11 20:01:45 CET 2026
#@# Mask BFS Wed Mar 11 20:03:59 CET 2026
#@# WM Segmentation Wed Mar 11 20:03:59 CET 2026
#@# Fill Wed Mar 11 20:06:02 CET 2026
recon-all -s sub-v2s1x29867_ses-1 finished without error at Wed Mar 11 20:07:02 CET 2026



#New# invocation of recon-all 



status file for recon-all
Wed Mar 11 20:55:21 CET 2026
#@# white curv lh Wed Mar 11 20:55:21 CET 2026
#@# white area lh Wed Mar 11 20:55:21 CET 2026
#@# pial curv lh Wed Mar 11 20:55:21 CET 2026
#@# pial area lh Wed Mar 11 20:55:21 CET 2026
#@# thickness lh Wed Mar 11 20:55:21 CET 2026
#@# area and vertex vol lh Wed Mar 11 20:55:21 CET 2026
#@# white curv rh Wed Mar 11 20:55:21 CET 2026
#@# white area rh Wed Mar 11 20:55:21 CET 2026
#@# pial curv rh Wed Mar 11 20:55:21 CET 2026
#@# pial area rh Wed Mar 11 20:55:21 CET 2026
#@# thickness rh Wed Mar 11 20:55:21 CET 2026
#@# area and vertex vol rh Wed Mar 11 20:55:21 CET 2026
#@# Cortical ribbon mask Wed Mar 11 20:55:21 CET 2026
recon-all -s sub-v2s1x29867_ses-1 finished without error at Wed Mar 11 21:00:16 CET 2026



#New# invocation of recon-all 



status file for recon-all
Wed Mar 11 21:06:55 CET 2026
#@# white curv lh Wed Mar 11 21:06:55 CET 2026
#@# white area lh Wed Mar 11 21:06:55 CET 2026
#@# pial curv lh Wed Mar 11 21:06:55 CET 2026
#@# pial area lh Wed Mar 11 21:06:55 CET 2026
#@# thickness lh Wed Mar 11 21:06:55 CET 2026
#@# area and vertex vol lh Wed Mar 11 21:06:55 CET 2026
#@# white curv rh Wed Mar 11 21:06:55 CET 2026
#@# white area rh Wed Mar 11 21:06:55 CET 2026
#@# pial curv rh Wed Mar 11 21:06:55 CET 2026
#@# pial area rh Wed Mar 11 21:06:55 CET 2026
#@# thickness rh Wed Mar 11 21:06:55 CET 2026
#@# area and vertex vol rh Wed Mar 11 21:06:55 CET 2026
#@# Curvature Stats lh Wed Mar 11 21:06:55 CET 2026
#@# Curvature Stats rh Wed Mar 11 21:06:58 CET 2026
#@# Relabel Hypointensities Wed Mar 11 21:07:00 CET 2026
#@# APas-to-ASeg Wed Mar 11 21:07:17 CET 2026
#@# AParc-to-ASeg aparc Wed Mar 11 21:07:25 CET 2026
#@# AParc-to-ASeg aparc.a2009s Wed Mar 11 21:08:18 CET 2026
#@# AParc-to-ASeg aparc.DKTatlas Wed Mar 11 21:09:16 CET 2026
#@# WMParc Wed Mar 11 21:10:11 CET 2026
#@# ASeg Stats Wed Mar 11 21:14:23 CET 2026
recon-all -s sub-v2s1x29867_ses-1 finished without error at Wed Mar 11 21:15:04 CET 2026
