/out/sourcedata/freesurfer/sub-v2s1x29906_ses-1/mri
/opt/freesurfer/bin/talairach_avi
--i orig_nu.mgz --xfm transforms/talairach.auto.xfm
talairach_avi 7.3.2
Linux dna079 5.14.0-427.37.1.el9_4.x86_64 #1 SMP PREEMPT_DYNAMIC Fri Sep 13 12:41:50 EDT 2024 x86_64 x86_64 x86_64 GNU/Linux
Thu Mar 12 19:54:44 CET 2026
mri_convert orig_nu.mgz talsrcimg.img 
reading from orig_nu.mgz...
TR=0.00, TE=0.00, TI=0.00, flip angle=0.00
i_ras = (-1, 0, 0)
j_ras = (0, 0, -1)
k_ras = (0, 1, 0)
writing to talsrcimg.img...
Analyze Output Matrix
-0.90000   0.00000   0.00000   115.89128;
 0.00000   0.00000   0.90000  -80.01823;
 0.00000  -0.90000   0.00000   159.60626;
 0.00000   0.00000   0.00000   1.00000;
--------------------
INFO: set hdr.hist.orient to -1
mpr2mni305 talsrcimg
Thu Mar 12 19:54:45 CET 2026
/opt/freesurfer/bin/mpr2mni305 talsrcimg
mpr2mni305 7.3.2
target=711-2C_as_mni_average_305

---------------------------------------------------------------------
analyzeto4dfp talsrcimg -O0 -y
---------------------------------------------------------------------

freesurfer ifh2hdr.c
Thu Mar 12 19:54:45 2026
Writing: talsrcimg.4dfp.hdr
freesurfer analyzeto4dfp.c
Reading: talsrcimg.hdr
header size 348 bytes
hdr.dime.datatype	offset=70	value=2
hdr.dime.bitpix		offset=72	value=8
hdr.hist.orient		offset=252	value=-1
dimensionality     4
dimensions       256       256       256         1
Reading: talsrcimg.img
Writing: talsrcimg.4dfp.img
Writing: talsrcimg.4dfp.ifh
ifh2hdr talsrcimg -r0to244
ori=2

---------------------------------------------------------------------
gauss_4dfp talsrcimg 1.1
---------------------------------------------------------------------

freesurfer gauss_4dfp.c
Reading: talsrcimg.4dfp.img
Writing: talsrcimg_g11.4dfp.img
image dimensions 256 256 256 padded to 288 288 288
processing volume 1freesurfer ifh2hdr.c
Thu Mar 12 19:54:46 2026
Writing: talsrcimg_g11.4dfp.hdr

Writing: talsrcimg_g11.4dfp.ifh
including: talsrcimg.4dfp.img.rec in talsrcimg_g11.4dfp.img.rec

---------------------------------------------------------------------
imgreg_4dfp /opt/freesurfer/average/711-2C_as_mni_average_305 none talsrcimg_g11 none talsrcimg_to_711-2C_as_mni_average_305_t4 4355
---------------------------------------------------------------------

freesurfer imgreg_4dfp.c
/opt/freesurfer/average/711-2C_as_mni_average_305.4dfp.img
       256       256       256         1
  1.000000  1.000000  1.000000
orientation T byte_order littleendian
Reading image: /opt/freesurfer/average/711-2C_as_mni_average_305.4dfp.img
dimensions:      256       256       256
mmppix:       1.0000   -1.0000   -1.0000
center:     128.0000 -129.0000 -129.0000
talsrcimg_g11.4dfp.img
       256       256       256         1
  0.900000  0.900000  0.900000
orientation T byte_order littleendian
Reading image: talsrcimg_g11.4dfp.img
dimensions:      256       256       256
mmppix:       0.9000   -0.9000   -0.9000
center:     115.2000 -116.1000 -116.1000
t4_read: open error in t4_sub.f l:  41 t4_file(1:l)talsrcimg_to_711-2C_as_mni_average_305_t4 
t4_read: transform initialized to I4
rotation matrix determinant  1.000000
image alignment mode   4355 decimal     1103 hex
   -7.5000  -45.0000  -45.0000 6126.4414   16.6595
    0.0000  -45.0000  -45.0000 6180.6714   16.6436
    7.5000  -45.0000  -45.0000 5886.5264   16.6292
   -7.5000  -37.5000  -45.0000 6499.7202   17.6848
    0.0000  -37.5000  -45.0000 6553.6152   17.6695
    7.5000  -37.5000  -45.0000 6242.6011   17.6578
   -7.5000  -30.0000  -45.0000 6872.0801   18.2316
    0.0000  -30.0000  -45.0000 6909.7397   18.2227
    7.5000  -30.0000  -45.0000 6580.2480   18.2193
   -7.5000  -22.5000  -45.0000 7345.5986   18.2466
    0.0000  -22.5000  -45.0000 7366.3223   18.2411
    7.5000  -22.5000  -45.0000 7024.3149   18.2407
   -7.5000  -15.0000  -45.0000 7781.8477   18.2668
    0.0000  -15.0000  -45.0000 7800.0176   18.2613
    7.5000  -15.0000  -45.0000 7428.0566   18.2542
   -7.5000   -7.5000  -45.0000 7889.4873   18.2719
    0.0000   -7.5000  -45.0000 7899.8325   18.2618
    7.5000   -7.5000  -45.0000 7511.3848   18.2486
   -7.5000    0.0000  -45.0000 7956.9146   18.2632
    0.0000    0.0000  -45.0000 7976.6938   18.2456
    7.5000    0.0000  -45.0000 7575.1797   18.2298
   -7.5000    7.5000  -45.0000 7585.1685   18.2423
    0.0000    7.5000  -45.0000 7568.2637   18.2265
    7.5000    7.5000  -45.0000 7214.7100   18.2145
   -7.5000   15.0000  -45.0000 7362.0122   18.2316
    0.0000   15.0000  -45.0000 7350.3784   18.2227
    7.5000   15.0000  -45.0000 6999.4385   18.2193
   -7.5000   22.5000  -45.0000 6740.7896   18.0012
    0.0000   22.5000  -45.0000 6743.4038   17.9957
    7.5000   22.5000  -45.0000 6409.4888   17.9954
   -7.5000   30.0000  -45.0000 6183.7046   17.5607
    0.0000   30.0000  -45.0000 6179.6753   17.5555
    7.5000   30.0000  -45.0000 5862.3945   17.5481
   -7.5000   37.5000  -45.0000 5643.5771   17.2095
    0.0000   37.5000  -45.0000 5623.8452   17.2008
    7.5000   37.5000  -45.0000 5342.2168   17.1934
   -7.5000   45.0000  -45.0000 5112.5264   17.1381
    0.0000   45.0000  -45.0000 5102.2705   17.1176
    7.5000   45.0000  -45.0000 4843.8203   17.0982
   -7.5000  -45.0000  -37.5000 6689.5801   17.3321
    0.0000  -45.0000  -37.5000 6763.5190   17.3087
    7.5000  -45.0000  -37.5000 6443.1719   17.2996
   -7.5000  -37.5000  -37.5000 7091.0898   18.4165
    0.0000  -37.5000  -37.5000 7159.7925   18.3940
    7.5000  -37.5000  -37.5000 6811.9170   18.3850
   -7.5000  -30.0000  -37.5000 7493.1289   18.9628
    0.0000  -30.0000  -37.5000 7554.6958   18.9424
    7.5000  -30.0000  -37.5000 7189.1191   18.9411
   -7.5000  -22.5000  -37.5000 7980.9272   18.9741
    0.0000  -22.5000  -37.5000 8040.7310   18.9540
    7.5000  -22.5000  -37.5000 7637.4966   18.9593
   -7.5000  -15.0000  -37.5000 8428.9541   18.9815
    0.0000  -15.0000  -37.5000 8477.0254   18.9619
    7.5000  -15.0000  -37.5000 8063.3306   18.9646
   -7.5000   -7.5000  -37.5000 8537.8750   18.9818
    0.0000   -7.5000  -37.5000 8574.2168   18.9596
    7.5000   -7.5000  -37.5000 8146.8721   18.9557
   -7.5000    0.0000  -37.5000 8612.7979   18.9762
    0.0000    0.0000  -37.5000 8636.3994   18.9506
    7.5000    0.0000  -37.5000 8216.6309   18.9407
   -7.5000    7.5000  -37.5000 8184.3213   18.9636
    0.0000    7.5000  -37.5000 8184.9810   18.9406
    7.5000    7.5000  -37.5000 7806.6943   18.9312
   -7.5000   15.0000  -37.5000 7905.8169   18.9619
    0.0000   15.0000  -37.5000 7905.4395   18.9415
    7.5000   15.0000  -37.5000 7530.9897   18.9402
   -7.5000   22.5000  -37.5000 7213.7461   18.7204
    0.0000   22.5000  -37.5000 7228.9810   18.7005
    7.5000   22.5000  -37.5000 6893.0439   18.7058
   -7.5000   30.0000  -37.5000 6604.7607   18.2607
    0.0000   30.0000  -37.5000 6606.8818   18.2423
    7.5000   30.0000  -37.5000 6282.5376   18.2448
   -7.5000   37.5000  -37.5000 5991.9385   17.8905
    0.0000   37.5000  -37.5000 5982.9756   17.8703
    7.5000   37.5000  -37.5000 5704.5991   17.8716
   -7.5000   45.0000  -37.5000 5438.1396   17.7973
    0.0000   45.0000  -37.5000 5409.0044   17.7679
    7.5000   45.0000  -37.5000 5145.3281   17.7542
   -7.5000  -45.0000  -30.0000 7257.7925   18.0149
    0.0000  -45.0000  -30.0000 7346.7090   17.9894
    7.5000  -45.0000  -30.0000 7003.5557   17.9795
   -7.5000  -37.5000  -30.0000 7672.0684   19.1506
    0.0000  -37.5000  -30.0000 7759.5967   19.1292
    7.5000  -37.5000  -30.0000 7390.6904   19.1193
   -7.5000  -30.0000  -30.0000 8117.6548   19.6938
    0.0000  -30.0000  -30.0000 8192.7412   19.6755
    7.5000  -30.0000  -30.0000 7797.6675   19.6741
   -7.5000  -22.5000  -30.0000 8633.2881   19.7048
    0.0000  -22.5000  -30.0000 8716.6748   19.6869
    7.5000  -22.5000  -30.0000 8266.5645   19.6931
   -7.5000  -15.0000  -30.0000 9125.0752   19.7110
    0.0000  -15.0000  -30.0000 9192.3301   19.6897
    7.5000  -15.0000  -30.0000 8722.0420   19.6930
   -7.5000   -7.5000  -30.0000 9207.1807   19.7108
    0.0000   -7.5000  -30.0000 9271.1914   19.6839
    7.5000   -7.5000  -30.0000 8796.1123   19.6798
   -7.5000    0.0000  -30.0000 9255.8633   19.7033
    0.0000    0.0000  -30.0000 9319.9248   19.6755
    7.5000    0.0000  -30.0000 8848.2832   19.6646
   -7.5000    7.5000  -30.0000 8772.3154   19.6898
    0.0000    7.5000  -30.0000 8826.4844   19.6677
    7.5000    7.5000  -30.0000 8391.2686   19.6575
   -7.5000   15.0000  -30.0000 8451.1279   19.6911
    0.0000   15.0000  -30.0000 8483.0391   19.6728
    7.5000   15.0000  -30.0000 8085.3486   19.6714
   -7.5000   22.5000  -30.0000 7707.5146   19.4422
    0.0000   22.5000  -30.0000 7734.2520   19.4246
    7.5000   22.5000  -30.0000 7383.1680   19.4306
   -7.5000   30.0000  -30.0000 7028.8486   18.9772
    0.0000   30.0000  -30.0000 7053.3311   18.9573
    7.5000   30.0000  -30.0000 6698.8257   18.9607
   -7.5000   37.5000  -30.0000 6356.2134   18.6024
    0.0000   37.5000  -30.0000 6359.3423   18.5785
    7.5000   37.5000  -30.0000 6060.0381   18.5790
   -7.5000   45.0000  -30.0000 5754.5854   18.4990
    0.0000   45.0000  -30.0000 5733.0938   18.4677
    7.5000   45.0000  -30.0000 5445.9766   18.4553
   -7.5000  -45.0000  -22.5000 7841.7300   18.7156
    0.0000  -45.0000  -22.5000 7927.0161   18.6945
    7.5000  -45.0000  -22.5000 7558.7856   18.6769
   -7.5000  -37.5000  -22.5000 8285.2471   19.8969
    0.0000  -37.5000  -22.5000 8373.1709   19.8816
    7.5000  -37.5000  -22.5000 7970.4834   19.8659
   -7.5000  -30.0000  -22.5000 8767.7402   20.4240
    0.0000  -30.0000  -22.5000 8850.1484   20.4171
    7.5000  -30.0000  -22.5000 8403.9482   20.4109
   -7.5000  -22.5000  -22.5000 9338.3691   20.4316
    0.0000  -22.5000  -22.5000 9453.0576   20.4287
    7.5000  -22.5000  -22.5000 8940.3623   20.4284
   -7.5000  -15.0000  -22.5000 9867.4316   20.4508
    0.0000  -15.0000  -22.5000 9963.4170   20.4403
    7.5000  -15.0000  -22.5000 9423.2637   20.4343
   -7.5000   -7.5000  -22.5000 9905.9580   20.4632
    0.0000   -7.5000  -22.500010000.6846   20.4424
    7.5000   -7.5000  -22.5000 9481.7119   20.4283
   -7.5000    0.0000  -22.5000 9900.5977   20.4580
    0.0000    0.0000  -22.500010025.5117   20.4349
    7.5000    0.0000  -22.5000 9505.8350   20.4157
   -7.5000    7.5000  -22.5000 9383.6787   20.4317
    0.0000    7.5000  -22.5000 9480.4785   20.4159
    7.5000    7.5000  -22.5000 8993.8496   20.3998
   -7.5000   15.0000  -22.5000 9019.1895   20.4191
    0.0000   15.0000  -22.5000 9104.3740   20.4122
    7.5000   15.0000  -22.5000 8654.0664   20.4060
   -7.5000   22.5000  -22.5000 8203.2344   20.1613
    0.0000   22.5000  -22.5000 8274.1807   20.1584
    7.5000   22.5000  -22.5000 7879.0645   20.1581
   -7.5000   30.0000  -22.5000 7463.8081   19.7046
    0.0000   30.0000  -22.5000 7494.0479   19.6951
    7.5000   30.0000  -22.5000 7127.0825   19.6892
   -7.5000   37.5000  -22.5000 6723.0703   19.3382
    0.0000   37.5000  -22.5000 6724.6221   19.3211
    7.5000   37.5000  -22.5000 6402.6929   19.3118
   -7.5000   45.0000  -22.5000 6058.5552   19.2457
    0.0000   45.0000  -22.5000 6043.2222   19.2206
    7.5000   45.0000  -22.5000 5764.4722   19.2024
   -7.5000  -45.0000  -15.0000 8424.9746   19.3768
    0.0000  -45.0000  -15.0000 8515.0488   19.3619
    7.5000  -45.0000  -15.0000 8097.4517   19.3378
   -7.5000  -37.5000  -15.0000 8904.6191   20.5908
    0.0000  -37.5000  -15.0000 9006.7188   20.5815
    7.5000  -37.5000  -15.0000 8558.8691   20.5608
   -7.5000  -30.0000  -15.0000 9426.1279   21.1031
    0.0000  -30.0000  -15.0000 9528.6133   21.1070
    7.5000  -30.0000  -15.0000 9027.1260   21.0962
   -7.5000  -22.5000  -15.000010032.6289   21.1079
    0.0000  -22.5000  -15.000010158.6865   21.1189
    7.5000  -22.5000  -15.0000 9578.1572   21.1116
   -7.5000  -15.0000  -15.000010556.4111   21.1391
    0.0000  -15.0000  -15.000010678.5723   21.1416
    7.5000  -15.0000  -15.000010086.4473   21.1255
   -7.5000   -7.5000  -15.000010580.2900   21.1616
    0.0000   -7.5000  -15.000010733.0146   21.1516
    7.5000   -7.5000  -15.000010161.6895   21.1279
   -7.5000    0.0000  -15.000010564.6855   21.1602
    0.0000    0.0000  -15.000010728.0566   21.1439
    7.5000    0.0000  -15.000010164.1357   21.1175
   -7.5000    7.5000  -15.000010015.8779   21.1237
    0.0000    7.5000  -15.000010140.1338   21.1141
    7.5000    7.5000  -15.0000 9600.0771   21.0928
   -7.5000   15.0000  -15.0000 9611.3467   21.0966
    0.0000   15.0000  -15.0000 9734.6904   21.1005
    7.5000   15.0000  -15.0000 9205.4551   21.0897
   -7.5000   22.5000  -15.0000 8719.7031   20.8318
    0.0000   22.5000  -15.0000 8805.7236   20.8427
    7.5000   22.5000  -15.0000 8344.2070   20.8355
   -7.5000   30.0000  -15.0000 7898.0400   20.3826
    0.0000   30.0000  -15.0000 7947.5166   20.3855
    7.5000   30.0000  -15.0000 7529.4482   20.3692
   -7.5000   37.5000  -15.0000 7085.9263   20.0265
    0.0000   37.5000  -15.0000 7087.3970   20.0201
    7.5000   37.5000  -15.0000 6744.2388   20.0019
   -7.5000   45.0000  -15.0000 6370.3535   19.9493
    0.0000   45.0000  -15.0000 6351.6489   19.9319
    7.5000   45.0000  -15.0000 6060.7095   19.9062
   -7.5000  -45.0000   -7.5000 8796.2100   19.3853
    0.0000  -45.0000   -7.5000 8882.8828   19.3703
    7.5000  -45.0000   -7.5000 8426.0830   19.3467
   -7.5000  -37.5000   -7.5000 9307.7422   20.6031
    0.0000  -37.5000   -7.5000 9408.5117   20.5919
    7.5000  -37.5000   -7.5000 8906.5879   20.5724
   -7.5000  -30.0000   -7.5000 9825.4492   21.1187
    0.0000  -30.0000   -7.5000 9917.3867   21.1204
    7.5000  -30.0000   -7.5000 9373.9229   21.1100
   -7.5000  -22.5000   -7.500010418.3809   21.1266
    0.0000  -22.5000   -7.500010529.8945   21.1349
    7.5000  -22.5000   -7.5000 9911.5645   21.1260
   -7.5000  -15.0000   -7.500010889.4102   21.1554
    0.0000  -15.0000   -7.500011017.9258   21.1579
    7.5000  -15.0000   -7.500010426.7168   21.1392
   -7.5000   -7.5000   -7.500010917.8057   21.1718
    0.0000   -7.5000   -7.500011092.0342   21.1640
    7.5000   -7.5000   -7.500010490.2969   21.1390
   -7.5000    0.0000   -7.500010932.6709   21.1694
    0.0000    0.0000   -7.500011083.9141   21.1530
    7.5000    0.0000   -7.500010485.4561   21.1273
   -7.5000    7.5000   -7.500010357.2656   21.1363
    0.0000    7.5000   -7.500010470.2305   21.1248
    7.5000    7.5000   -7.5000 9885.8711   21.1048
   -7.5000   15.0000   -7.5000 9905.7041   21.1122
    0.0000   15.0000   -7.500010020.4463   21.1138
    7.5000   15.0000   -7.5000 9466.5537   21.1035
   -7.5000   22.5000   -7.5000 8998.2627   20.8503
    0.0000   22.5000   -7.5000 9085.5459   20.8584
    7.5000   22.5000   -7.5000 8572.5186   20.8497
   -7.5000   30.0000   -7.5000 8112.1782   20.3972
    0.0000   30.0000   -7.5000 8172.0859   20.3998
    7.5000   30.0000   -7.5000 7725.9912   20.3807
   -7.5000   37.5000   -7.5000 7252.4976   20.0367
    0.0000   37.5000   -7.5000 7269.1074   20.0316
    7.5000   37.5000   -7.5000 6909.6348   20.0128
   -7.5000   45.0000   -7.5000 6502.2603   19.9580
    0.0000   45.0000   -7.5000 6496.9092   19.9399
    7.5000   45.0000   -7.5000 6194.4067   19.9125
   -7.5000  -45.0000    0.0000 8986.9062   19.8798
    0.0000  -45.0000    0.0000 9037.3008   19.8585
    7.5000  -45.0000    0.0000 8580.7891   19.8411
   -7.5000  -37.5000    0.0000 9526.6982   21.1292
    0.0000  -37.5000    0.0000 9572.5449   21.1090
    7.5000  -37.5000    0.0000 9090.0830   21.0946
   -7.5000  -30.0000    0.000010089.9121   21.6584
    0.0000  -30.0000    0.000010136.9590   21.6458
    7.5000  -30.0000    0.0000 9596.9805   21.6402
   -7.5000  -22.5000    0.000010652.0381   21.6719
    0.0000  -22.5000    0.000010712.8711   21.6628
    7.5000  -22.5000    0.000010136.3154   21.6602
   -7.5000  -15.0000    0.000011077.2188   21.6894
    0.0000  -15.0000    0.000011161.9941   21.6795
    7.5000  -15.0000    0.000010618.8066   21.6694
   -7.5000   -7.5000    0.000011104.0332   21.6938
    0.0000   -7.5000    0.000011202.1426   21.6785
    7.5000   -7.5000    0.000010639.6182   21.6618
   -7.5000    0.0000    0.000011100.1123   21.6880
    0.0000    0.0000    0.000011173.3760   21.6647
    7.5000    0.0000    0.000010586.0117   21.6457
   -7.5000    7.5000    0.000010471.6445   21.6616
    0.0000    7.5000    0.000010542.8770   21.6410
    7.5000    7.5000    0.0000 9962.8867   21.6262
   -7.5000   15.0000    0.000010014.8125   21.6507
    0.0000   15.0000    0.000010097.6240   21.6382
    7.5000   15.0000    0.0000 9548.7559   21.6325
   -7.5000   22.5000    0.0000 9118.9053   21.3914
    0.0000   22.5000    0.0000 9184.2725   21.3824
    7.5000   22.5000    0.0000 8668.2383   21.3799
   -7.5000   30.0000    0.0000 8216.8262   20.9239
    0.0000   30.0000    0.0000 8266.3691   20.9146
    7.5000   30.0000    0.0000 7817.5903   20.9040
   -7.5000   37.5000    0.0000 7336.3418   20.5583
    0.0000   37.5000    0.0000 7350.2207   20.5448
    7.5000   37.5000    0.0000 6992.7446   20.5347
   -7.5000   45.0000    0.0000 6542.4131   20.4916
    0.0000   45.0000    0.0000 6553.5864   20.4649
    7.5000   45.0000    0.0000 6250.7085   20.4416
   -7.5000  -45.0000    7.5000 8797.3135   19.8801
    0.0000  -45.0000    7.5000 8802.5654   19.8532
    7.5000  -45.0000    7.5000 8355.4336   19.8425
   -7.5000  -37.5000    7.5000 9358.0879   21.1368
    0.0000  -37.5000    7.5000 9362.5439   21.1113
    7.5000  -37.5000    7.5000 8857.6504   21.1011
   -7.5000  -30.0000    7.5000 9949.3447   21.6779
    0.0000  -30.0000    7.5000 9972.2930   21.6551
    7.5000  -30.0000    7.5000 9437.5283   21.6538
   -7.5000  -22.5000    7.500010449.9248   21.6917
    0.0000  -22.5000    7.500010444.0615   21.6690
    7.5000  -22.5000    7.5000 9969.5342   21.6750
   -7.5000  -15.0000    7.500010842.6094   21.6982
    0.0000  -15.0000    7.500010835.6455   21.6756
    7.5000  -15.0000    7.500010362.8662   21.6780
   -7.5000   -7.5000    7.500010879.6650   21.6957
    0.0000   -7.5000    7.500010868.0967   21.6700
    7.5000   -7.5000    7.500010372.1572   21.6649
   -7.5000    0.0000    7.500010865.4062   21.6883
    0.0000    0.0000    7.500010826.1426   21.6589
    7.5000    0.0000    7.500010311.3477   21.6473
   -7.5000    7.5000    7.500010207.6094   21.6695
    0.0000    7.5000    7.500010179.6729   21.6434
    7.5000    7.5000    7.5000 9703.5918   21.6328
   -7.5000   15.0000    7.5000 9786.9990   21.6703
    0.0000   15.0000    7.5000 9792.9453   21.6474
    7.5000   15.0000    7.5000 9320.5400   21.6462
   -7.5000   22.5000    7.5000 8921.2188   21.4110
    0.0000   22.5000    7.5000 8948.6641   21.3886
    7.5000   22.5000    7.5000 8477.1855   21.3945
   -7.5000   30.0000    7.5000 8046.0991   20.9328
    0.0000   30.0000    7.5000 8073.9224   20.9115
    7.5000   30.0000    7.5000 7661.0693   20.9138
   -7.5000   37.5000    7.5000 7184.3418   20.5625
    0.0000   37.5000    7.5000 7190.1514   20.5389
    7.5000   37.5000    7.5000 6851.1792   20.5396
   -7.5000   45.0000    7.5000 6404.7573   20.4978
    0.0000   45.0000    7.5000 6393.1011   20.4639
    7.5000   45.0000    7.5000 6108.4614   20.4479
   -7.5000  -45.0000   15.0000 8814.7959   19.8752
    0.0000  -45.0000   15.0000 8802.3809   19.8471
    7.5000  -45.0000   15.0000 8355.6025   19.8357
   -7.5000  -37.5000   15.0000 9385.7578   21.1313
    0.0000  -37.5000   15.0000 9333.2559   21.1075
    7.5000  -37.5000   15.0000 8850.0400   21.0963
   -7.5000  -30.0000   15.0000 9935.6240   21.6731
    0.0000  -30.0000   15.0000 9870.0693   21.6528
    7.5000  -30.0000   15.0000 9410.1699   21.6512
   -7.5000  -22.5000   15.000010499.4717   21.6850
    0.0000  -22.5000   15.000010382.4521   21.6651
    7.5000  -22.5000   15.000010009.5508   21.6716
   -7.5000  -15.0000   15.000010984.7549   21.6915
    0.0000  -15.0000   15.000010816.5225   21.6677
    7.5000  -15.0000   15.000010469.8584   21.6710
   -7.5000   -7.5000   15.000011027.6963   21.6911
    0.0000   -7.5000   15.000010883.3613   21.6612
    7.5000   -7.5000   15.000010489.4863   21.6563
   -7.5000    0.0000   15.000010974.9395   21.6829
    0.0000    0.0000   15.000010841.0781   21.6523
    7.5000    0.0000   15.000010414.7783   21.6399
   -7.5000    7.5000   15.000010281.8037   21.6638
    0.0000    7.5000   15.000010182.8291   21.6394
    7.5000    7.5000   15.0000 9758.9785   21.6280
   -7.5000   15.0000   15.0000 9826.4717   21.6655
    0.0000   15.0000   15.0000 9808.6338   21.6452
    7.5000   15.0000   15.0000 9347.6670   21.6435
   -7.5000   22.5000   15.0000 8967.9805   21.4044
    0.0000   22.5000   15.0000 8982.7734   21.3847
    7.5000   22.5000   15.0000 8518.1133   21.3912
   -7.5000   30.0000   15.0000 8109.8726   20.9275
    0.0000   30.0000   15.0000 8137.6938   20.9053
    7.5000   30.0000   15.0000 7704.3159   20.9088
   -7.5000   37.5000   15.0000 7216.3462   20.5576
    0.0000   37.5000   15.0000 7235.0386   20.5309
    7.5000   37.5000   15.0000 6870.1704   20.5311
   -7.5000   45.0000   15.0000 6420.3066   20.4930
    0.0000   45.0000   15.0000 6414.0210   20.4583
    7.5000   45.0000   15.0000 6108.6602   20.4442
   -7.5000  -45.0000   22.5000 8386.1533   19.9756
    0.0000  -45.0000   22.5000 8362.8271   19.9540
    7.5000  -45.0000   22.5000 7956.6733   19.9368
   -7.5000  -37.5000   22.5000 8855.1787   21.2272
    0.0000  -37.5000   22.5000 8812.4590   21.2118
    7.5000  -37.5000   22.5000 8388.5908   21.1967
   -7.5000  -30.0000   22.5000 9361.7471   21.7562
    0.0000  -30.0000   22.5000 9293.7607   21.7499
    7.5000  -30.0000   22.5000 8878.7754   21.7450
   -7.5000  -22.5000   22.5000 9946.0459   21.7638
    0.0000  -22.5000   22.5000 9874.1660   21.7620
    7.5000  -22.5000   22.5000 9463.6270   21.7633
   -7.5000  -15.0000   22.500010496.4434   21.7841
    0.0000  -15.0000   22.500010422.6797   21.7743
    7.5000  -15.0000   22.5000 9962.9609   21.7693
   -7.5000   -7.5000   22.500010523.8535   21.7976
    0.0000   -7.5000   22.500010483.0918   21.7766
    7.5000   -7.5000   22.500010002.5010   21.7632
   -7.5000    0.0000   22.500010411.6025   21.7925
    0.0000    0.0000   22.500010362.3779   21.7689
    7.5000    0.0000   22.5000 9891.5195   21.7501
   -7.5000    7.5000   22.5000 9717.1426   21.7622
    0.0000    7.5000   22.5000 9679.7051   21.7464
    7.5000    7.5000   22.5000 9242.9189   21.7309
   -7.5000   15.0000   22.5000 9302.5264   21.7485
    0.0000   15.0000   22.5000 9273.2305   21.7422
    7.5000   15.0000   22.5000 8855.2666   21.7373
   -7.5000   22.5000   22.5000 8518.3877   21.4821
    0.0000   22.5000   22.5000 8481.2246   21.4804
    7.5000   22.5000   22.5000 8097.5571   21.4816
   -7.5000   30.0000   22.5000 7701.4819   21.0178
    0.0000   30.0000   22.5000 7659.7661   21.0091
    7.5000   30.0000   22.5000 7324.1021   21.0042
   -7.5000   37.5000   22.5000 6857.6519   20.6569
    0.0000   37.5000   22.5000 6828.4932   20.6398
    7.5000   37.5000   22.5000 6505.7314   20.6314
   -7.5000   45.0000   22.5000 6086.0942   20.5956
    0.0000   45.0000   22.5000 6060.5010   20.5697
    7.5000   45.0000   22.5000 5789.8379   20.5518
   -7.5000  -45.0000   30.0000 7857.1943   20.0799
    0.0000  -45.0000   30.0000 7916.9780   20.0623
    7.5000  -45.0000   30.0000 7521.1904   20.0395
   -7.5000  -37.5000   30.0000 8298.3066   21.3381
    0.0000  -37.5000   30.0000 8329.1895   21.3270
    7.5000  -37.5000   30.0000 7910.0210   21.3080
   -7.5000  -30.0000   30.0000 8762.5332   21.8599
    0.0000  -30.0000   30.0000 8778.1963   21.8634
    7.5000  -30.0000   30.0000 8353.9775   21.8549
   -7.5000  -22.5000   30.0000 9324.3926   21.8670
    0.0000  -22.5000   30.0000 9324.4111   21.8781
    7.5000  -22.5000   30.0000 8877.6621   21.8731
   -7.5000  -15.0000   30.0000 9860.5107   21.9007
    0.0000  -15.0000   30.0000 9830.6162   21.9022
    7.5000  -15.0000   30.0000 9347.4785   21.8878
   -7.5000   -7.5000   30.0000 9897.0635   21.9233
    0.0000   -7.5000   30.0000 9875.2715   21.9109
    7.5000   -7.5000   30.0000 9393.8877   21.8886
   -7.5000    0.0000   30.0000 9793.8428   21.9197
    0.0000    0.0000   30.0000 9772.3828   21.9005
    7.5000    0.0000   30.0000 9312.1143   21.8756
   -7.5000    7.5000   30.0000 9113.5312   21.8796
    0.0000    7.5000   30.0000 9113.2754   21.8681
    7.5000    7.5000   30.0000 8688.5889   21.8487
   -7.5000   15.0000   30.0000 8701.4531   21.8521
    0.0000   15.0000   30.0000 8708.9766   21.8556
    7.5000   15.0000   30.0000 8284.1436   21.8472
   -7.5000   22.5000   30.0000 7945.8047   21.5821
    0.0000   22.5000   30.0000 7933.7393   21.5930
    7.5000   22.5000   30.0000 7549.3027   21.5881
   -7.5000   30.0000   30.0000 7158.1084   21.1399
    0.0000   30.0000   30.0000 7145.8579   21.1418
    7.5000   30.0000   30.0000 6821.3145   21.1271
   -7.5000   37.5000   30.0000 6395.8237   20.7966
    0.0000   37.5000   30.0000 6371.4004   20.7881
    7.5000   37.5000   30.0000 6086.8755   20.7714
   -7.5000   45.0000   30.0000 5679.6753   20.7501
    0.0000   45.0000   30.0000 5652.0723   20.7295
    7.5000   45.0000   30.0000 5407.7603   20.7051
   -7.5000  -45.0000   37.5000 7375.5664   20.1737
    0.0000  -45.0000   37.5000 7445.2153   20.1572
    7.5000  -45.0000   37.5000 7075.0342   20.1382
   -7.5000  -37.5000   37.5000 7770.6089   21.4412
    0.0000  -37.5000   37.5000 7828.4971   21.4288
    7.5000  -37.5000   37.5000 7435.4351   21.4155
   -7.5000  -30.0000   37.5000 8200.5420   21.9541
    0.0000  -30.0000   37.5000 8236.8994   21.9552
    7.5000  -30.0000   37.5000 7827.0156   21.9523
   -7.5000  -22.5000   37.5000 8714.6240   21.9687
    0.0000  -22.5000   37.5000 8730.2910   21.9765
    7.5000  -22.5000   37.5000 8297.0205   21.9746
   -7.5000  -15.0000   37.5000 9210.0537   22.0052
    0.0000  -15.0000   37.5000 9202.3740   22.0068
    7.5000  -15.0000   37.5000 8736.8154   21.9932
   -7.5000   -7.5000   37.5000 9270.8545   22.0223
    0.0000   -7.5000   37.5000 9251.2783   22.0132
    7.5000   -7.5000   37.5000 8801.7002   21.9925
   -7.5000    0.0000   37.5000 9187.4053   22.0137
    0.0000    0.0000   37.5000 9176.4355   21.9957
    7.5000    0.0000   37.5000 8735.7197   21.9750
   -7.5000    7.5000   37.5000 8541.1426   21.9717
    0.0000    7.5000   37.5000 8555.6660   21.9589
    7.5000    7.5000   37.5000 8151.9204   21.9453
   -7.5000   15.0000   37.5000 8161.7080   21.9461
    0.0000   15.0000   37.5000 8176.7681   21.9472
    7.5000   15.0000   37.5000 7783.2695   21.9443
   -7.5000   22.5000   37.5000 7450.6968   21.6787
    0.0000   22.5000   37.5000 7439.9805   21.6864
    7.5000   22.5000   37.5000 7085.1040   21.6845
   -7.5000   30.0000   37.5000 6678.5811   21.2401
    0.0000   30.0000   37.5000 6679.5308   21.2418
    7.5000   30.0000   37.5000 6349.3872   21.2276
   -7.5000   37.5000   37.5000 5964.7368   20.8986
    0.0000   37.5000   37.5000 5953.1973   20.8924
    7.5000   37.5000   37.5000 5673.5669   20.8782
   -7.5000   45.0000   37.5000 5286.3335   20.8500
    0.0000   45.0000   37.5000 5269.6719   20.8301
    7.5000   45.0000   37.5000 5028.0220   20.8069
   -7.5000  -45.0000   45.0000 6893.6372   20.3644
    0.0000  -45.0000   45.0000 6972.3989   20.3321
    7.5000  -45.0000   45.0000 6604.6343   20.3149
   -7.5000  -37.5000   45.0000 7237.5127   21.6542
    0.0000  -37.5000   45.0000 7309.6201   21.6237
    7.5000  -37.5000   45.0000 6929.0273   21.6107
   -7.5000  -30.0000   45.0000 7627.2334   22.1631
    0.0000  -30.0000   45.0000 7676.7451   22.1424
    7.5000  -30.0000   45.0000 7279.0815   22.1406
   -7.5000  -22.5000   45.0000 8099.1704   22.1820
    0.0000  -22.5000   45.0000 8126.2817   22.1655
    7.5000  -22.5000   45.0000 7698.6729   22.1680
   -7.5000  -15.0000   45.0000 8555.5303   22.2066
    0.0000  -15.0000   45.0000 8561.3027   22.1881
    7.5000  -15.0000   45.0000 8122.1572   22.1816
   -7.5000   -7.5000   45.0000 8610.8701   22.2127
    0.0000   -7.5000   45.0000 8617.2861   22.1865
    7.5000   -7.5000   45.0000 8185.0820   22.1714
   -7.5000    0.0000   45.0000 8552.0576   22.2027
    0.0000    0.0000   45.0000 8537.6846   22.1675
    7.5000    0.0000   45.0000 8118.0703   22.1488
   -7.5000    7.5000   45.0000 7955.5557   22.1686
    0.0000    7.5000   45.0000 7958.2114   22.1374
    7.5000    7.5000   45.0000 7564.4507   22.1241
   -7.5000   15.0000   45.0000 7597.2534   22.1548
    0.0000   15.0000   45.0000 7607.3311   22.1341
    7.5000   15.0000   45.0000 7228.6230   22.1324
   -7.5000   22.5000   45.0000 6919.9429   21.8862
    0.0000   22.5000   45.0000 6919.9824   21.8700
    7.5000   22.5000   45.0000 6572.9346   21.8724
   -7.5000   30.0000   45.0000 6214.1431   21.4324
    0.0000   30.0000   45.0000 6210.8115   21.4147
    7.5000   30.0000   45.0000 5905.9800   21.4076
   -7.5000   37.5000   45.0000 5556.4116   21.0870
    0.0000   37.5000   45.0000 5549.6821   21.0632
    7.5000   37.5000   45.0000 5275.6216   21.0552
   -7.5000   45.0000   45.0000 4918.7495   21.0292
    0.0000   45.0000   45.0000 4905.2573   20.9897
    7.5000   45.0000   45.0000 4671.8652   20.9669

---------------------------------------------------------------------
imgreg_4dfp /opt/freesurfer/average/711-2C_as_mni_average_305 /opt/freesurfer/average/711-2B_as_mni_average_305_mask talsrcimg_g11 none talsrcimg_to_711-2C_as_mni_average_305_t4 4355
---------------------------------------------------------------------

freesurfer imgreg_4dfp.c
/opt/freesurfer/average/711-2C_as_mni_average_305.4dfp.img
       256       256       256         1
  1.000000  1.000000  1.000000
orientation T byte_order littleendian
Reading image: /opt/freesurfer/average/711-2C_as_mni_average_305.4dfp.img
dimensions:      256       256       256
mmppix:       1.0000   -1.0000   -1.0000
center:     128.0000 -129.0000 -129.0000
/opt/freesurfer/average/711-2B_as_mni_average_305_mask.4dfp.img
       256       256       256         1
  1.000000  1.000000  1.000000
orientation T byte_order littleendian
Reading mask: /opt/freesurfer/average/711-2B_as_mni_average_305_mask.4dfp.img (2306576 pixels)
talsrcimg_g11.4dfp.img
       256       256       256         1
  0.900000  0.900000  0.900000
orientation T byte_order littleendian
Reading image: talsrcimg_g11.4dfp.img
dimensions:      256       256       256
mmppix:       0.9000   -0.9000   -0.9000
center:     115.2000 -116.1000 -116.1000
rotation matrix determinant  1.000000
image alignment mode   4355 decimal     1103 hex
   -7.5000  -52.5000  -45.0000 1859.2839   20.8237
    0.0000  -52.5000  -45.0000 1875.9590   20.6840
    7.5000  -52.5000  -45.0000 1861.8309   20.9193
   -7.5000  -45.0000  -45.0000 1958.6305   19.4994
    0.0000  -45.0000  -45.0000 1973.2843   19.3740
    7.5000  -45.0000  -45.0000 1958.7766   19.5692
   -7.5000  -37.5000  -45.0000 2018.0342   18.3634
    0.0000  -37.5000  -45.0000 2032.8263   18.2663
    7.5000  -37.5000  -45.0000 2018.3726   18.4558
   -7.5000  -30.0000  -45.0000 2053.7444   17.5834
    0.0000  -30.0000  -45.0000 2060.3728   17.4295
    7.5000  -30.0000  -45.0000 2050.7483   17.6473
   -7.5000  -22.5000  -45.0000 2070.9729   17.1169
    0.0000  -22.5000  -45.0000 2075.8142   16.9020
    7.5000  -22.5000  -45.0000 2064.9473   17.1637
   -7.5000  -15.0000  -45.0000 2071.2646   17.0407
    0.0000  -15.0000  -45.0000 2074.0452   16.8800
    7.5000  -15.0000  -45.0000 2058.1113   17.1038
   -7.5000   -7.5000  -45.0000 2055.2244   17.3224
    0.0000   -7.5000  -45.0000 2057.7112   17.1160
    7.5000   -7.5000  -45.0000 2038.6356   17.3792
   -7.5000    0.0000  -45.0000 2021.0873   17.8995
    0.0000    0.0000  -45.0000 2029.5742   17.6992
    7.5000    0.0000  -45.0000 2006.4199   17.9499
   -7.5000    7.5000  -45.0000 1978.3689   18.8591
    0.0000    7.5000  -45.0000 1981.5089   18.6527
    7.5000    7.5000  -45.0000 1960.8414   18.9529
   -7.5000   15.0000  -45.0000 1915.5657   20.3155
    0.0000   15.0000  -45.0000 1923.5574   20.1024
    7.5000   15.0000  -45.0000 1899.7335   20.4489
   -7.5000   22.5000  -45.0000 1832.8302   22.2266
    0.0000   22.5000  -45.0000 1841.0801   22.0729
    7.5000   22.5000  -45.0000 1815.4554   22.4728
   -7.5000   30.0000  -45.0000 1737.3264   24.7304
    0.0000   30.0000  -45.0000 1740.6223   24.5312
    7.5000   30.0000  -45.0000 1710.6619   24.9155
   -7.5000   37.5000  -45.0000 1614.4642   27.7682
    0.0000   37.5000  -45.0000 1615.3043   27.6170
    7.5000   37.5000  -45.0000 1591.0184   27.9501
   -7.5000  -52.5000  -37.5000 2020.0985   20.1777
    0.0000  -52.5000  -37.5000 2037.1089   19.9668
    7.5000  -52.5000  -37.5000 2023.3107   20.2079
   -7.5000  -45.0000  -37.5000 2127.2954   18.9345
    0.0000  -45.0000  -37.5000 2145.3940   18.8051
    7.5000  -45.0000  -37.5000 2129.2246   19.0179
   -7.5000  -37.5000  -37.5000 2195.5461   17.8609
    0.0000  -37.5000  -37.5000 2210.5601   17.7491
    7.5000  -37.5000  -37.5000 2188.9199   17.9311
   -7.5000  -30.0000  -37.5000 2233.4712   17.0682
    0.0000  -30.0000  -37.5000 2245.5835   16.9460
    7.5000  -30.0000  -37.5000 2226.7542   17.1399
   -7.5000  -22.5000  -37.5000 2250.3408   16.6457
    0.0000  -22.5000  -37.5000 2259.8093   16.4804
    7.5000  -22.5000  -37.5000 2239.8054   16.7369
   -7.5000  -15.0000  -37.5000 2245.6055   16.5685
    0.0000  -15.0000  -37.5000 2256.2549   16.4168
    7.5000  -15.0000  -37.5000 2231.0989   16.6453
   -7.5000   -7.5000  -37.5000 2230.3088   16.8209
    0.0000   -7.5000  -37.5000 2236.2539   16.6357
    7.5000   -7.5000  -37.5000 2210.6589   16.8884
   -7.5000    0.0000  -37.5000 2198.4993   17.3832
    0.0000    0.0000  -37.5000 2205.8279   17.1757
    7.5000    0.0000  -37.5000 2181.4724   17.4528
   -7.5000    7.5000  -37.5000 2150.6055   18.3170
    0.0000    7.5000  -37.5000 2154.3425   18.1019
    7.5000    7.5000  -37.5000 2131.3037   18.4334
   -7.5000   15.0000  -37.5000 2077.1277   19.7083
    0.0000   15.0000  -37.5000 2084.6609   19.4944
    7.5000   15.0000  -37.5000 2060.5029   19.8953
   -7.5000   22.5000  -37.5000 1988.6295   21.6207
    0.0000   22.5000  -37.5000 1993.8018   21.3762
    7.5000   22.5000  -37.5000 1968.4803   21.7899
   -7.5000   30.0000  -37.5000 1884.5306   24.0480
    0.0000   30.0000  -37.5000 1887.4821   23.7888
    7.5000   30.0000  -37.5000 1854.7449   24.2166
   -7.5000   37.5000  -37.5000 1747.3484   26.9959
    0.0000   37.5000  -37.5000 1750.9121   26.8296
    7.5000   37.5000  -37.5000 1727.6785   27.1808
   -7.5000  -52.5000  -30.0000 2162.4163   19.4725
    0.0000  -52.5000  -30.0000 2184.4392   19.2620
    7.5000  -52.5000  -30.0000 2168.4358   19.4851
   -7.5000  -45.0000  -30.0000 2274.8303   18.2224
    0.0000  -45.0000  -30.0000 2300.7468   18.0997
    7.5000  -45.0000  -30.0000 2280.0500   18.2929
   -7.5000  -37.5000  -30.0000 2349.2349   17.1952
    0.0000  -37.5000  -30.0000 2366.5684   17.0527
    7.5000  -37.5000  -30.0000 2344.1707   17.2348
   -7.5000  -30.0000  -30.0000 2396.4258   16.4353
    0.0000  -30.0000  -30.0000 2412.4629   16.3091
    7.5000  -30.0000  -30.0000 2387.9414   16.4785
   -7.5000  -22.5000  -30.0000 2416.9102   16.0453
    0.0000  -22.5000  -30.0000 2430.8335   15.9058
    7.5000  -22.5000  -30.0000 2406.6006   16.0603
   -7.5000  -15.0000  -30.0000 2420.5901   15.9985
    0.0000  -15.0000  -30.0000 2433.5471   15.8254
    7.5000  -15.0000  -30.0000 2404.8167   16.0174
   -7.5000   -7.5000  -30.0000 2403.0376   16.2144
    0.0000   -7.5000  -30.0000 2414.9473   16.0621
    7.5000   -7.5000  -30.0000 2386.1477   16.2861
   -7.5000    0.0000  -30.0000 2369.2097   16.7789
    0.0000    0.0000  -30.0000 2381.8511   16.6027
    7.5000    0.0000  -30.0000 2349.3403   16.8178
   -7.5000    7.5000  -30.0000 2311.7573   17.7071
    0.0000    7.5000  -30.0000 2324.6648   17.5227
    7.5000    7.5000  -30.0000 2292.5837   17.7997
   -7.5000   15.0000  -30.0000 2232.3672   19.0537
    0.0000   15.0000  -30.0000 2242.1543   18.8692
    7.5000   15.0000  -30.0000 2211.7688   19.2328
   -7.5000   22.5000  -30.0000 2134.1309   20.8738
    0.0000   22.5000  -30.0000 2136.8967   20.6492
    7.5000   22.5000  -30.0000 2108.9441   21.0442
   -7.5000   30.0000  -30.0000 2015.5143   23.2174
    0.0000   30.0000  -30.0000 2023.7689   22.9818
    7.5000   30.0000  -30.0000 1987.2793   23.3779
   -7.5000   37.5000  -30.0000 1868.3495   26.0419
    0.0000   37.5000  -30.0000 1876.1320   25.8578
    7.5000   37.5000  -30.0000 1848.4828   26.2191
   -7.5000  -52.5000  -22.5000 2279.1726   18.6242
    0.0000  -52.5000  -22.5000 2303.9448   18.4627
    7.5000  -52.5000  -22.5000 2285.8835   18.6070
   -7.5000  -45.0000  -22.5000 2400.7056   17.4428
    0.0000  -45.0000  -22.5000 2423.9041   17.3090
    7.5000  -45.0000  -22.5000 2405.7373   17.4314
   -7.5000  -37.5000  -22.5000 2479.6182   16.4061
    0.0000  -37.5000  -22.5000 2496.7844   16.2827
    7.5000  -37.5000  -22.5000 2476.0779   16.4301
   -7.5000  -30.0000  -22.5000 2539.6101   15.6858
    0.0000  -30.0000  -22.5000 2556.2517   15.5826
    7.5000  -30.0000  -22.5000 2525.3232   15.7144
   -7.5000  -22.5000  -22.5000 2573.5874   15.3182
    0.0000  -22.5000  -22.5000 2588.3289   15.1966
    7.5000  -22.5000  -22.5000 2559.2954   15.3051
   -7.5000  -15.0000  -22.5000 2586.9622   15.2772
    0.0000  -15.0000  -22.5000 2602.1682   15.1312
    7.5000  -15.0000  -22.5000 2567.4688   15.2692
   -7.5000   -7.5000  -22.5000 2567.7163   15.5044
    0.0000   -7.5000  -22.5000 2580.9585   15.3703
    7.5000   -7.5000  -22.5000 2544.8762   15.5254
   -7.5000    0.0000  -22.5000 2522.0764   16.0835
    0.0000    0.0000  -22.5000 2541.3567   15.9408
    7.5000    0.0000  -22.5000 2504.4697   16.1412
   -7.5000    7.5000  -22.5000 2456.8071   16.9846
    0.0000    7.5000  -22.5000 2476.4619   16.8512
    7.5000    7.5000  -22.5000 2439.2871   17.0968
   -7.5000   15.0000  -22.5000 2370.9414   18.2705
    0.0000   15.0000  -22.5000 2384.1282   18.1103
    7.5000   15.0000  -22.5000 2348.7776   18.4207
   -7.5000   22.5000  -22.5000 2260.6838   20.0171
    0.0000   22.5000  -22.5000 2275.0918   19.8186
    7.5000   22.5000  -22.5000 2233.8818   20.1844
   -7.5000   30.0000  -22.5000 2131.9111   22.3593
    0.0000   30.0000  -22.5000 2138.5703   22.0982
    7.5000   30.0000  -22.5000 2105.5178   22.4667
   -7.5000   37.5000  -22.5000 1971.9167   25.1218
    0.0000   37.5000  -22.5000 1976.1359   24.8081
    7.5000   37.5000  -22.5000 1944.6588   25.2364
   -7.5000  -52.5000  -15.0000 2362.7061   17.8049
    0.0000  -52.5000  -15.0000 2390.3069   17.5882
    7.5000  -52.5000  -15.0000 2373.1577   17.7576
   -7.5000  -45.0000  -15.0000 2493.9346   16.5884
    0.0000  -45.0000  -15.0000 2520.5396   16.4325
    7.5000  -45.0000  -15.0000 2498.2285   16.5461
   -7.5000  -37.5000  -15.0000 2585.0403   15.5897
    0.0000  -37.5000  -15.0000 2606.0142   15.4768
    7.5000  -37.5000  -15.0000 2583.4375   15.5712
   -7.5000  -30.0000  -15.0000 2651.6858   14.8911
    0.0000  -30.0000  -15.0000 2671.7688   14.7841
    7.5000  -30.0000  -15.0000 2641.0496   14.9169
   -7.5000  -22.5000  -15.0000 2696.3318   14.5208
    0.0000  -22.5000  -15.0000 2714.7363   14.4379
    7.5000  -22.5000  -15.0000 2678.8484   14.5353
   -7.5000  -15.0000  -15.0000 2714.2021   14.4623
    0.0000  -15.0000  -15.0000 2731.9153   14.3487
    7.5000  -15.0000  -15.0000 2696.2207   14.4781
   -7.5000   -7.5000  -15.0000 2696.6160   14.6998
    0.0000   -7.5000  -15.0000 2720.0027   14.5843
    7.5000   -7.5000  -15.0000 2679.7812   14.7324
   -7.5000    0.0000  -15.0000 2651.1646   15.2777
    0.0000    0.0000  -15.0000 2674.8196   15.1614
    7.5000    0.0000  -15.0000 2633.7166   15.3455
   -7.5000    7.5000  -15.0000 2578.7239   16.2130
    0.0000    7.5000  -15.0000 2599.0811   16.0777
    7.5000    7.5000  -15.0000 2557.9065   16.2831
   -7.5000   15.0000  -15.0000 2478.6250   17.4633
    0.0000   15.0000  -15.0000 2496.7708   17.3087
    7.5000   15.0000  -15.0000 2454.9434   17.5553
   -7.5000   22.5000  -15.0000 2354.7581   19.1526
    0.0000   22.5000  -15.0000 2369.2256   18.9670
    7.5000   22.5000  -15.0000 2328.8555   19.2804
   -7.5000   30.0000  -15.0000 2216.4832   21.3877
    0.0000   30.0000  -15.0000 2227.6982   21.1716
    7.5000   30.0000  -15.0000 2191.0151   21.4971
   -7.5000   37.5000  -15.0000 2041.4285   24.0271
    0.0000   37.5000  -15.0000 2046.6598   23.8194
    7.5000   37.5000  -15.0000 2016.9764   24.1654
   -7.5000  -52.5000   -7.5000 2409.2271   16.9569
    0.0000  -52.5000   -7.5000 2437.8376   16.7203
    7.5000  -52.5000   -7.5000 2422.5664   16.8432
   -7.5000  -45.0000   -7.5000 2555.6423   15.7338
    0.0000  -45.0000   -7.5000 2577.6843   15.5261
    7.5000  -45.0000   -7.5000 2557.5505   15.6682
   -7.5000  -37.5000   -7.5000 2654.2900   14.7356
    0.0000  -37.5000   -7.5000 2679.4807   14.5631
    7.5000  -37.5000   -7.5000 2651.5493   14.7189
   -7.5000  -30.0000   -7.5000 2731.4028   14.0393
    0.0000  -30.0000   -7.5000 2753.7612   13.9203
    7.5000  -30.0000   -7.5000 2718.0454   14.0593
   -7.5000  -22.5000   -7.5000 2779.7273   13.6544
    0.0000  -22.5000   -7.5000 2802.6917   13.5763
    7.5000  -22.5000   -7.5000 2762.5002   13.7060
   -7.5000  -15.0000   -7.5000 2799.2136   13.5953
    0.0000  -15.0000   -7.5000 2822.9006   13.5046
    7.5000  -15.0000   -7.5000 2785.7449   13.6360
   -7.5000   -7.5000   -7.5000 2787.3979   13.8273
    0.0000   -7.5000   -7.5000 2817.6582   13.7122
    7.5000   -7.5000   -7.5000 2772.5461   13.8644
   -7.5000    0.0000   -7.5000 2741.4763   14.4115
    0.0000    0.0000   -7.5000 2765.3926   14.2942
    7.5000    0.0000   -7.5000 2719.8523   14.4515
   -7.5000    7.5000   -7.5000 2660.7229   15.3333
    0.0000    7.5000   -7.5000 2678.5005   15.1958
    7.5000    7.5000   -7.5000 2634.5508   15.3618
   -7.5000   15.0000   -7.5000 2547.2783   16.5873
    0.0000   15.0000   -7.5000 2562.8628   16.4385
    7.5000   15.0000   -7.5000 2519.9663   16.6233
   -7.5000   22.5000   -7.5000 2411.0234   18.2688
    0.0000   22.5000   -7.5000 2424.6145   18.0882
    7.5000   22.5000   -7.5000 2383.6191   18.3003
   -7.5000   30.0000   -7.5000 2261.3320   20.4047
    0.0000   30.0000   -7.5000 2274.6257   20.2288
    7.5000   30.0000   -7.5000 2240.9226   20.4738
   -7.5000   37.5000   -7.5000 2080.3608   22.9104
    0.0000   37.5000   -7.5000 2086.3701   22.7425
    7.5000   37.5000   -7.5000 2055.5386   23.0384
   -7.5000  -52.5000    0.0000 2458.7744   16.4196
    0.0000  -52.5000    0.0000 2486.4492   16.0976
    7.5000  -52.5000    0.0000 2463.2312   16.2785
   -7.5000  -45.0000    0.0000 2602.3682   15.1816
    0.0000  -45.0000    0.0000 2627.8328   14.8909
    7.5000  -45.0000    0.0000 2604.4036   15.0809
   -7.5000  -37.5000    0.0000 2712.4880   14.1645
    0.0000  -37.5000    0.0000 2741.4817   13.9453
    7.5000  -37.5000    0.0000 2714.1902   14.1338
   -7.5000  -30.0000    0.0000 2805.8867   13.4740
    0.0000  -30.0000    0.0000 2831.5315   13.3094
    7.5000  -30.0000    0.0000 2792.4814   13.4951
   -7.5000  -22.5000    0.0000 2866.9629   13.0654
    0.0000  -22.5000    0.0000 2894.9458   12.9283
    7.5000  -22.5000    0.0000 2846.5349   13.1346
   -7.5000  -15.0000    0.0000 2891.8879   12.9840
    0.0000  -15.0000    0.0000 2921.7065   12.8481
    7.5000  -15.0000    0.0000 2878.1453   13.0328
   -7.5000   -7.5000    0.0000 2877.2522   13.2060
    0.0000   -7.5000    0.0000 2906.4880   13.0820
    7.5000   -7.5000    0.0000 2859.5061   13.2539
   -7.5000    0.0000    0.0000 2822.3770   13.8101
    0.0000    0.0000    0.0000 2842.6145   13.6599
    7.5000    0.0000    0.0000 2796.3049   13.8196
   -7.5000    7.5000    0.0000 2723.4922   14.7672
    0.0000    7.5000    0.0000 2741.8025   14.6225
    7.5000    7.5000    0.0000 2697.6987   14.7390
   -7.5000   15.0000    0.0000 2600.5659   16.0507
    0.0000   15.0000    0.0000 2614.1980   15.8869
    7.5000   15.0000    0.0000 2575.3396   16.0385
   -7.5000   22.5000    0.0000 2459.0938   17.7209
    0.0000   22.5000    0.0000 2473.5623   17.5325
    7.5000   22.5000    0.0000 2433.7998   17.7118
   -7.5000   30.0000    0.0000 2305.4304   19.8016
    0.0000   30.0000    0.0000 2314.3010   19.6034
    7.5000   30.0000    0.0000 2278.4980   19.8505
   -7.5000   37.5000    0.0000 2117.0667   22.2363
    0.0000   37.5000    0.0000 2123.1846   22.0322
    7.5000   37.5000    0.0000 2093.7393   22.3926
   -7.5000  -52.5000    7.5000 2489.4451   16.0022
    0.0000  -52.5000    7.5000 2511.7314   15.6147
    7.5000  -52.5000    7.5000 2490.1187   15.8429
   -7.5000  -45.0000    7.5000 2631.7407   14.7371
    0.0000  -45.0000    7.5000 2658.6116   14.3880
    7.5000  -45.0000    7.5000 2631.3848   14.5980
   -7.5000  -37.5000    7.5000 2749.7329   13.7337
    0.0000  -37.5000    7.5000 2784.0210   13.4084
    7.5000  -37.5000    7.5000 2748.9763   13.6224
   -7.5000  -30.0000    7.5000 2847.1067   13.0590
    0.0000  -30.0000    7.5000 2878.9360   12.8131
    7.5000  -30.0000    7.5000 2842.0212   13.0154
   -7.5000  -22.5000    7.5000 2924.6033   12.6645
    0.0000  -22.5000    7.5000 2967.1843   12.4373
    7.5000  -22.5000    7.5000 2906.9670   12.6917
   -7.5000  -15.0000    7.5000 2957.3916   12.4617
    0.0000  -15.0000    7.5000 2995.7007   12.2381
    7.5000  -15.0000    7.5000 2940.2661   12.5255
   -7.5000   -7.5000    7.5000 2936.1555   12.7679
    0.0000   -7.5000    7.5000 2963.1689   12.5651
    7.5000   -7.5000    7.5000 2917.4844   12.7650
   -7.5000    0.0000    7.5000 2868.5378   13.4061
    0.0000    0.0000    7.5000 2889.5969   13.2018
    7.5000    0.0000    7.5000 2845.9473   13.3637
   -7.5000    7.5000    7.5000 2756.9587   14.3649
    0.0000    7.5000    7.5000 2774.5867   14.1386
    7.5000    7.5000    7.5000 2737.9961   14.3099
   -7.5000   15.0000    7.5000 2626.8472   15.6346
    0.0000   15.0000    7.5000 2638.2029   15.3998
    7.5000   15.0000    7.5000 2604.1941   15.6000
   -7.5000   22.5000    7.5000 2476.2422   17.3023
    0.0000   22.5000    7.5000 2493.2161   17.0435
    7.5000   22.5000    7.5000 2451.4263   17.2947
   -7.5000   30.0000    7.5000 2318.9082   19.3547
    0.0000   30.0000    7.5000 2331.5837   19.0880
    7.5000   30.0000    7.5000 2296.8621   19.4264
   -7.5000   37.5000    7.5000 2130.1536   21.7546
    0.0000   37.5000    7.5000 2137.9084   21.4734
    7.5000   37.5000    7.5000 2109.7446   21.9427
   -7.5000  -52.5000   15.0000 2492.2754   15.8323
    0.0000  -52.5000   15.0000 2519.8489   15.3816
    7.5000  -52.5000   15.0000 2500.0405   15.6177
   -7.5000  -45.0000   15.0000 2642.1311   14.5804
    0.0000  -45.0000   15.0000 2671.0945   14.1421
    7.5000  -45.0000   15.0000 2640.8472   14.3847
   -7.5000  -37.5000   15.0000 2772.4419   13.5581
    0.0000  -37.5000   15.0000 2797.1226   13.1375
    7.5000  -37.5000   15.0000 2765.0127   13.3888
   -7.5000  -30.0000   15.0000 2869.0276   12.8729
    0.0000  -30.0000   15.0000 2900.4956   12.4963
    7.5000  -30.0000   15.0000 2865.8079   12.7619
   -7.5000  -22.5000   15.0000 2947.5530   12.4596
    0.0000  -22.5000   15.0000 2991.9766   12.1328
    7.5000  -22.5000   15.0000 2935.1670   12.4561
   -7.5000  -15.0000   15.0000 2984.6064   12.4252
    0.0000  -15.0000   15.0000 3021.6079   12.0563
    7.5000  -15.0000   15.0000 2965.1155   12.4486
   -7.5000   -7.5000   15.0000 2958.5049   12.7076
    0.0000   -7.5000   15.0000 2987.5186   12.4182
    7.5000   -7.5000   15.0000 2936.9092   12.6923
   -7.5000    0.0000   15.0000 2876.2937   13.3063
    0.0000    0.0000   15.0000 2899.5935   13.0613
    7.5000    0.0000   15.0000 2862.4595   13.2667
   -7.5000    7.5000   15.0000 2758.4639   14.2083
    0.0000    7.5000   15.0000 2777.2170   13.9794
    7.5000    7.5000   15.0000 2745.8826   14.1727
   -7.5000   15.0000   15.0000 2618.7261   15.4538
    0.0000   15.0000   15.0000 2641.3777   15.2465
    7.5000   15.0000   15.0000 2602.5574   15.4313
   -7.5000   22.5000   15.0000 2471.0508   17.0843
    0.0000   22.5000   15.0000 2490.1218   16.8746
    7.5000   22.5000   15.0000 2450.5264   17.0983
   -7.5000   30.0000   15.0000 2317.1472   19.1667
    0.0000   30.0000   15.0000 2329.1345   18.9739
    7.5000   30.0000   15.0000 2297.3350   19.2734
   -7.5000   37.5000   15.0000 2121.7383   21.5585
    0.0000   37.5000   15.0000 2129.1633   21.3817
    7.5000   37.5000   15.0000 2105.1670   21.7254
   -7.5000  -52.5000   22.5000 2492.8970   15.8973
    0.0000  -52.5000   22.5000 2523.1267   15.4303
    7.5000  -52.5000   22.5000 2504.2979   15.6683
   -7.5000  -45.0000   22.5000 2644.5107   14.6780
    0.0000  -45.0000   22.5000 2673.7227   14.2013
    7.5000  -45.0000   22.5000 2645.2236   14.4308
   -7.5000  -37.5000   22.5000 2766.0793   13.6415
    0.0000  -37.5000   22.5000 2795.3479   13.2268
    7.5000  -37.5000   22.5000 2762.4287   13.4541
   -7.5000  -30.0000   22.5000 2857.8298   12.9635
    0.0000  -30.0000   22.5000 2887.8850   12.5952
    7.5000  -30.0000   22.5000 2854.4185   12.8449
   -7.5000  -22.5000   22.5000 2926.7593   12.5852
    0.0000  -22.5000   22.5000 2963.1992   12.2570
    7.5000  -22.5000   22.5000 2916.0859   12.5574
   -7.5000  -15.0000   22.5000 2956.7407   12.5868
    0.0000  -15.0000   22.5000 2985.5588   12.3474
    7.5000  -15.0000   22.5000 2935.1812   12.5503
   -7.5000   -7.5000   22.5000 2924.3774   12.9242
    0.0000   -7.5000   22.5000 2947.4189   12.7282
    7.5000   -7.5000   22.5000 2901.8003   12.8672
   -7.5000    0.0000   22.5000 2843.9487   13.4833
    0.0000    0.0000   22.5000 2861.7148   13.3289
    7.5000    0.0000   22.5000 2824.5137   13.4703
   -7.5000    7.5000   22.5000 2731.8845   14.3713
    0.0000    7.5000   22.5000 2748.3132   14.1877
    7.5000    7.5000   22.5000 2714.4810   14.3792
   -7.5000   15.0000   22.5000 2598.0757   15.5693
    0.0000   15.0000   22.5000 2615.0173   15.3626
    7.5000   15.0000   22.5000 2582.7471   15.5774
   -7.5000   22.5000   22.5000 2456.8804   17.1432
    0.0000   22.5000   22.5000 2469.9263   16.9123
    7.5000   22.5000   22.5000 2439.3840   17.1946
   -7.5000   30.0000   22.5000 2295.2883   19.1883
    0.0000   30.0000   22.5000 2303.1692   18.9456
    7.5000   30.0000   22.5000 2279.0532   19.2795
   -7.5000   37.5000   22.5000 2106.8340   21.6598
    0.0000   37.5000   22.5000 2112.7751   21.3759
    7.5000   37.5000   22.5000 2087.7344   21.7908
   -7.5000  -52.5000   30.0000 2482.1956   16.1782
    0.0000  -52.5000   30.0000 2516.5352   15.7768
    7.5000  -52.5000   30.0000 2491.5083   15.9735
   -7.5000  -45.0000   30.0000 2629.5347   14.9596
    0.0000  -45.0000   30.0000 2662.2693   14.6262
    7.5000  -45.0000   30.0000 2631.3237   14.8214
   -7.5000  -37.5000   30.0000 2748.2788   13.9942
    0.0000  -37.5000   30.0000 2771.2678   13.6870
    7.5000  -37.5000   30.0000 2737.8721   13.8692
   -7.5000  -30.0000   30.0000 2834.0359   13.3250
    0.0000  -30.0000   30.0000 2858.1519   12.9985
    7.5000  -30.0000   30.0000 2824.8499   13.2250
   -7.5000  -22.5000   30.0000 2891.8604   12.9727
    0.0000  -22.5000   30.0000 2912.0520   12.7022
    7.5000  -22.5000   30.0000 2873.7410   12.9072
   -7.5000  -15.0000   30.0000 2904.9417   13.0459
    0.0000  -15.0000   30.0000 2924.8022   12.7779
    7.5000  -15.0000   30.0000 2880.4675   12.9568
   -7.5000   -7.5000   30.0000 2864.7512   13.3877
    0.0000   -7.5000   30.0000 2881.6770   13.1618
    7.5000   -7.5000   30.0000 2841.0554   13.2749
   -7.5000    0.0000   30.0000 2781.3230   13.9424
    0.0000    0.0000   30.0000 2797.8936   13.7556
    7.5000    0.0000   30.0000 2761.0957   13.8855
   -7.5000    7.5000   30.0000 2674.6387   14.7770
    0.0000    7.5000   30.0000 2694.5022   14.6351
    7.5000    7.5000   30.0000 2660.9292   14.7922
   -7.5000   15.0000   30.0000 2551.2205   15.9121
    0.0000   15.0000   30.0000 2568.3208   15.7680
    7.5000   15.0000   30.0000 2535.4312   15.9587
   -7.5000   22.5000   30.0000 2421.4844   17.4007
    0.0000   22.5000   30.0000 2431.7454   17.2162
    7.5000   22.5000   30.0000 2401.5095   17.4900
   -7.5000   30.0000   30.0000 2261.1001   19.4422
    0.0000   30.0000   30.0000 2270.5950   19.2291
    7.5000   30.0000   30.0000 2248.8538   19.5447
   -7.5000   37.5000   30.0000 2078.2710   21.9436
    0.0000   37.5000   30.0000 2086.9382   21.6625
    7.5000   37.5000   30.0000 2063.7490   22.0378
   -7.5000  -52.5000   37.5000 2461.2388   16.6975
    0.0000  -52.5000   37.5000 2491.7019   16.4203
    7.5000  -52.5000   37.5000 2465.1042   16.5928
   -7.5000  -45.0000   37.5000 2603.2778   15.5329
    0.0000  -45.0000   37.5000 2632.9155   15.2477
    7.5000  -45.0000   37.5000 2604.6311   15.4120
   -7.5000  -37.5000   37.5000 2709.0129   14.5819
    0.0000  -37.5000   37.5000 2736.1638   14.3047
    7.5000  -37.5000   37.5000 2705.3884   14.4569
   -7.5000  -30.0000   37.5000 2785.5581   13.9113
    0.0000  -30.0000   37.5000 2810.0422   13.6415
    7.5000  -30.0000   37.5000 2777.0022   13.8134
   -7.5000  -22.5000   37.5000 2832.3374   13.5929
    0.0000  -22.5000   37.5000 2847.3840   13.3610
    7.5000  -22.5000   37.5000 2810.4954   13.4979
   -7.5000  -15.0000   37.5000 2834.6978   13.6477
    0.0000  -15.0000   37.5000 2849.9988   13.4076
    7.5000  -15.0000   37.5000 2808.6172   13.5668
   -7.5000   -7.5000   37.5000 2788.1321   14.0073
    0.0000   -7.5000   37.5000 2804.2034   13.7660
    7.5000   -7.5000   37.5000 2769.4270   13.8931
   -7.5000    0.0000   37.5000 2710.2273   14.5669
    0.0000    0.0000   37.5000 2724.5425   14.3703
    7.5000    0.0000   37.5000 2694.4958   14.4928
   -7.5000    7.5000   37.5000 2609.3567   15.3917
    0.0000    7.5000   37.5000 2628.5107   15.2248
    7.5000    7.5000   37.5000 2597.2512   15.3625
   -7.5000   15.0000   37.5000 2493.7417   16.5394
    0.0000   15.0000   37.5000 2511.5312   16.3541
    7.5000   15.0000   37.5000 2479.0122   16.5490
   -7.5000   22.5000   37.5000 2362.9136   18.0016
    0.0000   22.5000   37.5000 2373.4980   17.8227
    7.5000   22.5000   37.5000 2347.3289   18.0686
   -7.5000   30.0000   37.5000 2209.0625   19.9747
    0.0000   30.0000   37.5000 2222.6570   19.7608
    7.5000   30.0000   37.5000 2192.2297   20.1017
   -7.5000   37.5000   37.5000 2040.0099   22.4465
    0.0000   37.5000   37.5000 2046.1189   22.1921
    7.5000   37.5000   37.5000 2020.8533   22.5628
   -7.5000  -52.5000   45.0000 2402.5583   17.3515
    0.0000  -52.5000   45.0000 2428.1680   17.1031
    7.5000  -52.5000   45.0000 2405.9038   17.2641
   -7.5000  -45.0000   45.0000 2538.3555   16.2149
    0.0000  -45.0000   45.0000 2567.6528   15.9782
    7.5000  -45.0000   45.0000 2536.1145   16.0901
   -7.5000  -37.5000   45.0000 2630.7017   15.2543
    0.0000  -37.5000   45.0000 2659.6025   15.0326
    7.5000  -37.5000   45.0000 2624.6675   15.1730
   -7.5000  -30.0000   45.0000 2695.6968   14.6419
    0.0000  -30.0000   45.0000 2716.9390   14.4181
    7.5000  -30.0000   45.0000 2679.0110   14.5554
   -7.5000  -22.5000   45.0000 2727.4844   14.3462
    0.0000  -22.5000   45.0000 2742.3079   14.1452
    7.5000  -22.5000   45.0000 2705.6392   14.2396
   -7.5000  -15.0000   45.0000 2726.5491   14.3920
    0.0000  -15.0000   45.0000 2743.3669   14.1453
    7.5000  -15.0000   45.0000 2706.5139   14.2795
   -7.5000   -7.5000   45.0000 2681.0063   14.7297
    0.0000   -7.5000   45.0000 2696.4175   14.4762
    7.5000   -7.5000   45.0000 2665.7598   14.5972
   -7.5000    0.0000   45.0000 2609.3508   15.3016
    0.0000    0.0000   45.0000 2620.5581   15.0940
    7.5000    0.0000   45.0000 2588.1257   15.2197
   -7.5000    7.5000   45.0000 2513.9097   16.1264
    0.0000    7.5000   45.0000 2527.3152   15.9387
    7.5000    7.5000   45.0000 2493.7141   16.0745
   -7.5000   15.0000   45.0000 2400.9075   17.2049
    0.0000   15.0000   45.0000 2417.3081   17.0401
    7.5000   15.0000   45.0000 2385.6389   17.2170
   -7.5000   22.5000   45.0000 2269.5071   18.7104
    0.0000   22.5000   45.0000 2284.9780   18.5270
    7.5000   22.5000   45.0000 2255.2839   18.7641
   -7.5000   30.0000   45.0000 2131.3789   20.7257
    0.0000   30.0000   45.0000 2142.6333   20.4918
    7.5000   30.0000   45.0000 2119.4897   20.8122
   -7.5000   37.5000   45.0000 1969.5767   23.1658
    0.0000   37.5000   45.0000 1973.3629   22.9247
    7.5000   37.5000   45.0000 1952.0712   23.2674

---------------------------------------------------------------------
imgreg_4dfp /opt/freesurfer/average/711-2C_as_mni_average_305 /opt/freesurfer/average/711-2B_as_mni_average_305_mask talsrcimg_g11 none talsrcimg_to_711-2C_as_mni_average_305_t4 1283
---------------------------------------------------------------------

freesurfer imgreg_4dfp.c
/opt/freesurfer/average/711-2C_as_mni_average_305.4dfp.img
       256       256       256         1
  1.000000  1.000000  1.000000
orientation T byte_order littleendian
Reading image: /opt/freesurfer/average/711-2C_as_mni_average_305.4dfp.img
dimensions:      256       256       256
mmppix:       1.0000   -1.0000   -1.0000
center:     128.0000 -129.0000 -129.0000
/opt/freesurfer/average/711-2B_as_mni_average_305_mask.4dfp.img
       256       256       256         1
  1.000000  1.000000  1.000000
orientation T byte_order littleendian
Reading mask: /opt/freesurfer/average/711-2B_as_mni_average_305_mask.4dfp.img (2306576 pixels)
talsrcimg_g11.4dfp.img
       256       256       256         1
  0.900000  0.900000  0.900000
orientation T byte_order littleendian
Reading image: talsrcimg_g11.4dfp.img
dimensions:      256       256       256
mmppix:       0.9000   -0.9000   -0.9000
center:     115.2000 -116.1000 -116.1000
rotation matrix determinant  1.000000
fimgreg.f
image alignment mode   1283 decimal      503 hex
parameters
    0.0000  -15.0000   15.0000    0.0000    0.0000    0.0000
eta,q 0.94969 12.02249
niter,ni,del,rscale     5    3   12.0000    1.2000
parameter  4 -0.689303 -> -0.500000 qaram    1.1500
parameter  6 -1.260850 -> -0.500000 qaram    1.1500
parameters
   -0.7415  -14.7780   14.0798    3.4500    2.9328    3.4500
eta,q 0.95117 11.92029
  0.0599  0.0607  0.0582  0.0605  0.0600  0.0584
  0.0562  0.0569  0.0555  0.0580  0.0569  0.0556
  0.0542  0.0542  0.0544  0.0557  0.0542  0.0530
  0.0531  0.0533  0.0533  0.0538  0.0517  0.0510
  0.0543  0.0545  0.0546  0.0522  0.0507  0.0496
  0.0582  0.0564  0.0587  0.0518  0.0514  0.0486
  0.0660  0.0594  0.0624  0.0529  0.0521  0.0479
niter,ni,del,rscale     6    3   12.0000    1.2000
parameters
   -0.5857  -16.1579   14.0645    5.0901    2.3361    6.2501
eta,q 0.95458 11.86182
  0.0583  0.0539  0.0550  0.0575  0.0512  0.0548
  0.0536  0.0480  0.0499  0.0548  0.0480  0.0512
  0.0499  0.0461  0.0473  0.0501  0.0462  0.0483
  0.0488  0.0488  0.0466  0.0466  0.0466  0.0463
  0.0488  0.0516  0.0467  0.0471  0.0482  0.0454
  0.0513  0.0547  0.0503  0.0491  0.0498  0.0458
  0.0586  0.0599  0.0551  0.0516  0.0526  0.0474
niter,ni,del,rscale     5    3   12.0000    1.2000
parameters
   -0.0627  -16.9610   14.1191    5.6791    2.1654    6.0019
eta,q 0.95528 11.85364
  0.0572  0.0547  0.0538  0.0562  0.0505  0.0501
  0.0521  0.0469  0.0487  0.0502  0.0476  0.0470
  0.0480  0.0440  0.0453  0.0448  0.0453  0.0452
  0.0454  0.0452  0.0444  0.0444  0.0447  0.0447
  0.0456  0.0482  0.0454  0.0462  0.0459  0.0454
  0.0485  0.0531  0.0483  0.0487  0.0480  0.0476
  0.0548  0.0592  0.0535  0.0517  0.0511  0.0510
niter,ni,del,rscale     4    3   12.0000    1.2000
parameters
    0.0299  -17.2077   14.1376    5.9054    2.1895    5.9167
eta,q 0.95534 11.85741
  0.0558  0.0566  0.0538  0.0552  0.0507  0.0504
  0.0511  0.0485  0.0489  0.0488  0.0478  0.0472
  0.0467  0.0444  0.0454  0.0443  0.0453  0.0453
  0.0447  0.0447  0.0445  0.0445  0.0446  0.0447
  0.0456  0.0471  0.0458  0.0466  0.0457  0.0452
  0.0491  0.0510  0.0486  0.0491  0.0476  0.0474
  0.0564  0.0572  0.0537  0.0523  0.0505  0.0507
niter,ni,del,rscale     3    3   12.0000    1.2000
parameters
    0.0434  -17.3074   14.1458    5.9864    2.2103    5.8795
eta,q 0.95535 11.85859
  0.0556  0.0571  0.0539  0.0548  0.0507  0.0504
  0.0509  0.0490  0.0490  0.0483  0.0478  0.0472
  0.0465  0.0446  0.0455  0.0441  0.0453  0.0453
  0.0447  0.0447  0.0446  0.0446  0.0446  0.0446
  0.0457  0.0469  0.0459  0.0468  0.0457  0.0452
  0.0494  0.0505  0.0488  0.0493  0.0476  0.0474
  0.0568  0.0566  0.0538  0.0526  0.0505  0.0506
niter,ni,del,rscale     2    3   12.0000    1.2000
parameters
    0.0422  -17.3449   14.1493    6.0157    2.2220    5.8653
eta,q 0.95536 11.85904
  0.0556  0.0573  0.0539  0.0547  0.0507  0.0505
  0.0509  0.0492  0.0491  0.0481  0.0477  0.0472
  0.0465  0.0446  0.0455  0.0441  0.0453  0.0453
  0.0446  0.0446  0.0446  0.0446  0.0446  0.0446
  0.0457  0.0469  0.0460  0.0468  0.0457  0.0452
  0.0494  0.0503  0.0489  0.0494  0.0476  0.0473
  0.0568  0.0563  0.0539  0.0527  0.0505  0.0506
registration optimization eta report
parameter search radius
    6.0000    6.0000    6.0000    6.9000    6.0000    6.9000
100000*second partial in parameter space
       32.       34.       26.       19.       16.       12.
  0.0556  0.0573  0.0539  0.0547  0.0507  0.0505
  0.0509  0.0492  0.0491  0.0481  0.0477  0.0472
  0.0465  0.0446  0.0455  0.0441  0.0453  0.0453
  0.0446  0.0446  0.0446  0.0446  0.0446  0.0446
  0.0457  0.0469  0.0460  0.0468  0.0457  0.0452
  0.0494  0.0503  0.0489  0.0494  0.0476  0.0473
  0.0568  0.0563  0.0539  0.0527  0.0505  0.0506
    0.0422  -17.3449   14.1493    6.0157    2.2220    5.8653
eta,q 0.95536 11.85904

---------------------------------------------------------------------
imgreg_4dfp /opt/freesurfer/average/711-2C_as_mni_average_305 /opt/freesurfer/average/711-2B_as_mni_average_305_mask talsrcimg_g11 none talsrcimg_to_711-2C_as_mni_average_305_t4 3335
---------------------------------------------------------------------

freesurfer imgreg_4dfp.c
/opt/freesurfer/average/711-2C_as_mni_average_305.4dfp.img
       256       256       256         1
  1.000000  1.000000  1.000000
orientation T byte_order littleendian
Reading image: /opt/freesurfer/average/711-2C_as_mni_average_305.4dfp.img
dimensions:      256       256       256
mmppix:       1.0000   -1.0000   -1.0000
center:     128.0000 -129.0000 -129.0000
/opt/freesurfer/average/711-2B_as_mni_average_305_mask.4dfp.img
       256       256       256         1
  1.000000  1.000000  1.000000
orientation T byte_order littleendian
Reading mask: /opt/freesurfer/average/711-2B_as_mni_average_305_mask.4dfp.img (2306576 pixels)
talsrcimg_g11.4dfp.img
       256       256       256         1
  0.900000  0.900000  0.900000
orientation T byte_order littleendian
Reading image: talsrcimg_g11.4dfp.img
dimensions:      256       256       256
mmppix:       0.9000   -0.9000   -0.9000
center:     115.2000 -116.1000 -116.1000
fimgreg.f
image alignment mode   3335 decimal      D07 hex
parameters
    0.0422  -17.3449   14.1493   -0.5983   -1.1128   -0.6255
  -10.5670   -2.7646   10.2114  -10.8193    3.8771   10.4722
eta,q 0.95773 11.90087
niter,ni,del,rscale     5    3    5.0000    1.2000
parameter  4  4.457126 ->  0.500000 qaram    1.1500
parameter  5  2.799394 ->  0.500000 qaram    1.1500
parameter  6  0.751804 ->  0.500000 qaram    1.1500
parameter 12  0.919767 ->  0.500000 qaram    1.1500
parameters
   -0.2999  -17.0476   14.7882   -4.7383   -5.2528   -4.7655
   -9.8579   -2.0117    7.8778  -11.8186    1.9205    6.3322
eta,q 0.97272 11.38029
  0.0439  0.0444  0.0448  0.0312  0.0284  0.0292  0.0319  0.0347  0.0294  0.0313  0.0291  0.0272
  0.0430  0.0434  0.0437  0.0342  0.0302  0.0288  0.0304  0.0319  0.0287  0.0295  0.0285  0.0272
  0.0424  0.0427  0.0427  0.0380  0.0324  0.0289  0.0293  0.0297  0.0284  0.0285  0.0282  0.0276
  0.0423  0.0423  0.0422  0.0420  0.0352  0.0307  0.0287  0.0287  0.0287  0.0284  0.0284  0.0282
  0.0427  0.0422  0.0420  0.0465  0.0384  0.0347  0.0289  0.0290  0.0294  0.0293  0.0288  0.0291
  0.0438  0.0427  0.0423  0.0511  0.0415  0.0387  0.0296  0.0304  0.0305  0.0311  0.0296  0.0303
  0.0454  0.0437  0.0430  0.0558  0.0450  0.0421  0.0309  0.0328  0.0320  0.0334  0.0308  0.0317
niter,ni,del,rscale     7    3    5.0000    1.2000
parameter  4  0.836051 ->  0.500000 qaram    1.3225
parameter  5  0.501527 ->  0.500000 qaram    1.3225
parameters
   -0.4488  -17.4114   14.4036   -9.4993  -10.0138   -4.5532
   -8.7249   -2.1408    9.3651  -11.7375    2.4553    6.1488
eta,q 0.97773 11.15018
  0.0303  0.0292  0.0284  0.0239  0.0237  0.0267  0.0261  0.0272  0.0247  0.0257  0.0237  0.0238
  0.0285  0.0278  0.0275  0.0235  0.0227  0.0253  0.0243  0.0247  0.0237  0.0239  0.0230  0.0230
  0.0275  0.0272  0.0271  0.0245  0.0226  0.0240  0.0231  0.0230  0.0229  0.0227  0.0225  0.0225
  0.0273  0.0273  0.0271  0.0271  0.0236  0.0226  0.0225  0.0224  0.0224  0.0223  0.0223  0.0223
  0.0278  0.0279  0.0276  0.0308  0.0257  0.0214  0.0225  0.0230  0.0223  0.0226  0.0224  0.0224
  0.0291  0.0290  0.0284  0.0354  0.0286  0.0232  0.0232  0.0248  0.0226  0.0237  0.0227  0.0230
  0.0311  0.0305  0.0295  0.0406  0.0319  0.0281  0.0244  0.0276  0.0234  0.0256  0.0234  0.0241
niter,ni,del,rscale     7    3    5.0000    1.2000
parameters
   -0.5535  -16.7292   14.9170  -11.6218  -10.3810   -3.9381
   -8.9769   -2.2152    9.7509  -11.6501    2.1882    5.1918
eta,q 0.97819 11.07804
  0.0256  0.0263  0.0242  0.0251  0.0259  0.0262  0.0243  0.0263  0.0237  0.0250  0.0228  0.0231
  0.0237  0.0245  0.0231  0.0237  0.0243  0.0248  0.0229  0.0239  0.0228  0.0232  0.0223  0.0223
  0.0226  0.0231  0.0224  0.0224  0.0230  0.0234  0.0221  0.0223  0.0222  0.0222  0.0219  0.0219
  0.0223  0.0223  0.0220  0.0220  0.0221  0.0222  0.0219  0.0219  0.0219  0.0218  0.0218  0.0218
  0.0228  0.0220  0.0220  0.0234  0.0226  0.0209  0.0222  0.0224  0.0219  0.0222  0.0220  0.0221
  0.0241  0.0225  0.0223  0.0267  0.0244  0.0223  0.0232  0.0239  0.0225  0.0232  0.0224  0.0228
  0.0262  0.0234  0.0229  0.0313  0.0270  0.0266  0.0246  0.0266  0.0234  0.0247  0.0230  0.0238
niter,ni,del,rscale     6    3    5.0000    1.2000
parameters
   -0.5045  -16.7100   14.9789  -12.0249  -10.3574   -3.7446
   -9.1002   -2.1906    9.9374  -11.5446    1.9425    4.9962
eta,q 0.97820 11.07005
  0.0252  0.0244  0.0234  0.0260  0.0260  0.0260  0.0243  0.0263  0.0235  0.0250  0.0228  0.0233
  0.0234  0.0230  0.0225  0.0244  0.0242  0.0245  0.0229  0.0238  0.0227  0.0232  0.0222  0.0225
  0.0223  0.0221  0.0220  0.0230  0.0229  0.0232  0.0221  0.0222  0.0221  0.0221  0.0219  0.0220
  0.0218  0.0218  0.0218  0.0218  0.0219  0.0219  0.0218  0.0218  0.0218  0.0218  0.0218  0.0218
  0.0221  0.0221  0.0220  0.0219  0.0222  0.0209  0.0221  0.0223  0.0219  0.0222  0.0220  0.0220
  0.0232  0.0230  0.0224  0.0241  0.0239  0.0229  0.0230  0.0238  0.0225  0.0232  0.0223  0.0226
  0.0250  0.0243  0.0232  0.0279  0.0264  0.0271  0.0244  0.0263  0.0234  0.0247  0.0229  0.0235
niter,ni,del,rscale     5    3    5.0000    1.2000
parameters
   -0.4726  -16.7151   14.9527  -12.0688  -10.3344   -3.7194
   -9.1493   -2.1459   10.0230  -11.5101    1.8765    4.9888
eta,q 0.97821 11.07117
  0.0251  0.0244  0.0233  0.0262  0.0259  0.0259  0.0243  0.0264  0.0234  0.0249  0.0228  0.0234
  0.0234  0.0229  0.0225  0.0245  0.0242  0.0244  0.0229  0.0238  0.0226  0.0231  0.0222  0.0226
  0.0222  0.0221  0.0219  0.0230  0.0228  0.0231  0.0221  0.0222  0.0220  0.0221  0.0219  0.0220
  0.0218  0.0218  0.0218  0.0218  0.0218  0.0218  0.0218  0.0218  0.0218  0.0218  0.0218  0.0218
  0.0221  0.0221  0.0220  0.0217  0.0221  0.0209  0.0221  0.0223  0.0219  0.0222  0.0219  0.0220
  0.0232  0.0230  0.0225  0.0236  0.0238  0.0232  0.0230  0.0237  0.0225  0.0232  0.0223  0.0225
  0.0250  0.0243  0.0234  0.0273  0.0263  0.0274  0.0244  0.0262  0.0234  0.0247  0.0228  0.0234
niter,ni,del,rscale     4    3    5.0000    1.2000
parameters
   -0.4629  -16.7134   14.9419  -12.0753  -10.3293   -3.7223
   -9.1684   -2.1287   10.0474  -11.4991    1.8585    4.9877
eta,q 0.97821 11.07142
  0.0251  0.0244  0.0234  0.0262  0.0259  0.0259  0.0243  0.0263  0.0234  0.0249  0.0229  0.0234
  0.0233  0.0229  0.0225  0.0245  0.0241  0.0244  0.0229  0.0238  0.0226  0.0231  0.0222  0.0226
  0.0222  0.0221  0.0219  0.0230  0.0228  0.0231  0.0221  0.0222  0.0220  0.0221  0.0219  0.0220
  0.0218  0.0218  0.0218  0.0218  0.0218  0.0218  0.0218  0.0218  0.0218  0.0218  0.0218  0.0218
  0.0221  0.0221  0.0220  0.0217  0.0221  0.0209  0.0221  0.0223  0.0219  0.0222  0.0219  0.0220
  0.0232  0.0230  0.0225  0.0236  0.0238  0.0232  0.0230  0.0238  0.0225  0.0232  0.0223  0.0225
  0.0251  0.0243  0.0234  0.0272  0.0263  0.0274  0.0243  0.0263  0.0235  0.0248  0.0228  0.0234
registration optimization eta report
parameter search radius
    2.4000    2.4000    2.4000    9.5220    9.5220    8.2800
    7.2000    7.2000    7.2000    7.2000    7.2000    8.2800
100000*second partial in parameter space
       57.       44.       28.        5.        5.        7.
        5.        9.        3.        6.        2.        2.
  0.0251  0.0244  0.0234  0.0262  0.0259  0.0259  0.0243  0.0263  0.0234  0.0249  0.0229  0.0234
  0.0233  0.0229  0.0225  0.0245  0.0241  0.0244  0.0229  0.0238  0.0226  0.0231  0.0222  0.0226
  0.0222  0.0221  0.0219  0.0230  0.0228  0.0231  0.0221  0.0222  0.0220  0.0221  0.0219  0.0220
  0.0218  0.0218  0.0218  0.0218  0.0218  0.0218  0.0218  0.0218  0.0218  0.0218  0.0218  0.0218
  0.0221  0.0221  0.0220  0.0217  0.0221  0.0209  0.0221  0.0223  0.0219  0.0222  0.0219  0.0220
  0.0232  0.0230  0.0225  0.0236  0.0238  0.0232  0.0230  0.0238  0.0225  0.0232  0.0223  0.0225
  0.0251  0.0243  0.0234  0.0272  0.0263  0.0274  0.0243  0.0263  0.0235  0.0248  0.0228  0.0234
   -0.4629  -16.7134   14.9419  -12.0753  -10.3293   -3.7223
   -9.1684   -2.1287   10.0474  -11.4991    1.8585    4.9877
eta,q 0.97821 11.07142

---------------------------------------------------------------------
imgreg_4dfp /opt/freesurfer/average/711-2C_as_mni_average_305 /opt/freesurfer/average/711-2B_as_mni_average_305_mask talsrcimg_g11 none talsrcimg_to_711-2C_as_mni_average_305_t4 2311
---------------------------------------------------------------------

freesurfer imgreg_4dfp.c
/opt/freesurfer/average/711-2C_as_mni_average_305.4dfp.img
       256       256       256         1
  1.000000  1.000000  1.000000
orientation T byte_order littleendian
Reading image: /opt/freesurfer/average/711-2C_as_mni_average_305.4dfp.img
dimensions:      256       256       256
mmppix:       1.0000   -1.0000   -1.0000
center:     128.0000 -129.0000 -129.0000
/opt/freesurfer/average/711-2B_as_mni_average_305_mask.4dfp.img
       256       256       256         1
  1.000000  1.000000  1.000000
orientation T byte_order littleendian
Reading mask: /opt/freesurfer/average/711-2B_as_mni_average_305_mask.4dfp.img (2306576 pixels)
talsrcimg_g11.4dfp.img
       256       256       256         1
  0.900000  0.900000  0.900000
orientation T byte_order littleendian
Reading image: talsrcimg_g11.4dfp.img
dimensions:      256       256       256
mmppix:       0.9000   -0.9000   -0.9000
center:     115.2000 -116.1000 -116.1000
fimgreg.f
image alignment mode   2311 decimal      907 hex
parameters
   -0.4629  -16.7134   14.9419  -12.0753  -10.3293   -3.7223
   -9.1684   -2.1287   10.0474  -11.4991    1.8585    4.9877
eta,q 0.97821 11.07142
niter,ni,del,rscale     5    3    5.0000    0.8000
parameters
   -0.4402  -16.7338   14.9377  -10.5180   -9.7809   -2.2970
   -9.0512   -1.8810    9.7780  -11.3993    2.3195    4.6443
eta,q 0.97921 11.16540
  0.0233  0.0229  0.0225  0.0238  0.0232  0.0238  0.0223  0.0239  0.0217  0.0228  0.0218  0.0215
  0.0225  0.0223  0.0221  0.0230  0.0226  0.0230  0.0215  0.0224  0.0212  0.0217  0.0213  0.0211
  0.0220  0.0219  0.0219  0.0223  0.0220  0.0223  0.0210  0.0213  0.0209  0.0210  0.0210  0.0209
  0.0218  0.0218  0.0218  0.0218  0.0215  0.0215  0.0208  0.0208  0.0208  0.0208  0.0208  0.0208
  0.0219  0.0219  0.0219  0.0215  0.0215  0.0208  0.0210  0.0210  0.0209  0.0210  0.0209  0.0210
  0.0224  0.0224  0.0221  0.0217  0.0219  0.0210  0.0214  0.0219  0.0213  0.0216  0.0211  0.0213
  0.0232  0.0230  0.0225  0.0224  0.0228  0.0225  0.0222  0.0234  0.0219  0.0226  0.0215  0.0217
niter,ni,del,rscale     4    3    5.0000    0.7000
parameters
   -0.5607  -16.8274   14.7199  -10.8055   -9.5791   -2.2931
   -8.9488   -2.0559    9.7196  -11.3512    2.4820    4.6811
eta,q 0.97926 11.17031
  0.0219  0.0217  0.0214  0.0221  0.0222  0.0229  0.0219  0.0229  0.0215  0.0223  0.0214  0.0214
  0.0212  0.0212  0.0210  0.0214  0.0216  0.0222  0.0213  0.0217  0.0211  0.0215  0.0211  0.0211
  0.0209  0.0209  0.0208  0.0209  0.0211  0.0214  0.0209  0.0210  0.0208  0.0209  0.0208  0.0208
  0.0208  0.0208  0.0208  0.0208  0.0208  0.0207  0.0207  0.0207  0.0207  0.0207  0.0207  0.0207
  0.0210  0.0210  0.0210  0.0210  0.0208  0.0206  0.0209  0.0211  0.0208  0.0209  0.0208  0.0208
  0.0216  0.0214  0.0214  0.0216  0.0213  0.0216  0.0212  0.0219  0.0211  0.0215  0.0210  0.0210
  0.0224  0.0220  0.0219  0.0227  0.0221  0.0236  0.0218  0.0233  0.0215  0.0222  0.0213  0.0214
niter,ni,del,rscale     3    3    5.0000    0.6000
parameters
   -0.5754  -16.8341   14.6925  -10.7601   -9.4807   -2.0857
   -8.9308   -2.0731    9.6724  -11.3644    2.5195    4.5868
eta,q 0.97933 11.17688
  0.0217  0.0215  0.0214  0.0219  0.0219  0.0226  0.0215  0.0225  0.0212  0.0219  0.0212  0.0212
  0.0212  0.0211  0.0210  0.0214  0.0214  0.0220  0.0210  0.0215  0.0209  0.0212  0.0209  0.0209
  0.0208  0.0208  0.0208  0.0209  0.0210  0.0213  0.0208  0.0209  0.0207  0.0208  0.0207  0.0207
  0.0207  0.0207  0.0207  0.0207  0.0207  0.0207  0.0207  0.0207  0.0207  0.0207  0.0207  0.0207
  0.0209  0.0208  0.0208  0.0208  0.0208  0.0206  0.0208  0.0209  0.0207  0.0208  0.0207  0.0207
  0.0212  0.0211  0.0211  0.0212  0.0212  0.0212  0.0210  0.0215  0.0209  0.0213  0.0209  0.0209
  0.0218  0.0216  0.0214  0.0219  0.0219  0.0227  0.0215  0.0225  0.0213  0.0219  0.0212  0.0212
niter,ni,del,rscale     2    3    5.0000    0.5000
parameters
   -0.5875  -16.8437   14.7052  -10.7532   -9.4304   -1.8695
   -8.9089   -2.0698    9.6655  -11.3685    2.5116    4.5073
eta,q 0.97938 11.18076
  0.0214  0.0212  0.0212  0.0215  0.0215  0.0222  0.0212  0.0219  0.0210  0.0215  0.0210  0.0210
  0.0210  0.0209  0.0209  0.0211  0.0211  0.0217  0.0209  0.0212  0.0208  0.0210  0.0208  0.0208
  0.0207  0.0207  0.0207  0.0208  0.0208  0.0211  0.0207  0.0208  0.0207  0.0207  0.0207  0.0207
  0.0207  0.0207  0.0207  0.0207  0.0207  0.0207  0.0206  0.0206  0.0206  0.0206  0.0206  0.0206
  0.0208  0.0207  0.0207  0.0207  0.0207  0.0206  0.0207  0.0208  0.0207  0.0207  0.0207  0.0207
  0.0210  0.0209  0.0209  0.0210  0.0210  0.0211  0.0209  0.0212  0.0208  0.0210  0.0208  0.0208
  0.0214  0.0213  0.0211  0.0215  0.0215  0.0221  0.0212  0.0220  0.0210  0.0215  0.0210  0.0210
niter,ni,del,rscale     1    3    5.0000    0.4000
parameters
   -0.5973  -16.8567   14.7200  -10.7740   -9.3901   -1.6957
   -8.8931   -2.0519    9.6785  -11.3859    2.4896    4.4336
eta,q 0.97941 11.18281
  0.0211  0.0210  0.0210  0.0212  0.0212  0.0218  0.0210  0.0215  0.0209  0.0212  0.0208  0.0208
  0.0208  0.0208  0.0208  0.0209  0.0209  0.0213  0.0208  0.0210  0.0207  0.0209  0.0207  0.0207
  0.0207  0.0207  0.0207  0.0207  0.0207  0.0209  0.0206  0.0207  0.0206  0.0207  0.0206  0.0206
  0.0206  0.0206  0.0206  0.0206  0.0206  0.0206  0.0206  0.0206  0.0206  0.0206  0.0206  0.0206
  0.0207  0.0207  0.0207  0.0207  0.0207  0.0206  0.0206  0.0207  0.0206  0.0207  0.0206  0.0206
  0.0208  0.0208  0.0208  0.0209  0.0209  0.0209  0.0208  0.0210  0.0207  0.0209  0.0207  0.0207
  0.0211  0.0210  0.0209  0.0212  0.0212  0.0216  0.0210  0.0215  0.0209  0.0212  0.0208  0.0209
registration optimization eta report
parameter search radius
    0.8000    0.8000    0.8000    2.4000    2.4000    2.4000
    2.4000    2.4000    2.4000    2.4000    2.4000    2.4000
100000*second partial in parameter space
       73.       59.       51.       10.       10.       18.
        7.       15.        5.       10.        4.        4.
  0.0211  0.0210  0.0210  0.0212  0.0212  0.0218  0.0210  0.0215  0.0209  0.0212  0.0208  0.0208
  0.0208  0.0208  0.0208  0.0209  0.0209  0.0213  0.0208  0.0210  0.0207  0.0209  0.0207  0.0207
  0.0207  0.0207  0.0207  0.0207  0.0207  0.0209  0.0206  0.0207  0.0206  0.0207  0.0206  0.0206
  0.0206  0.0206  0.0206  0.0206  0.0206  0.0206  0.0206  0.0206  0.0206  0.0206  0.0206  0.0206
  0.0207  0.0207  0.0207  0.0207  0.0207  0.0206  0.0206  0.0207  0.0206  0.0207  0.0206  0.0206
  0.0208  0.0208  0.0208  0.0209  0.0209  0.0209  0.0208  0.0210  0.0207  0.0209  0.0207  0.0207
  0.0211  0.0210  0.0209  0.0212  0.0212  0.0216  0.0210  0.0215  0.0209  0.0212  0.0208  0.0209
   -0.5973  -16.8567   14.7200  -10.7740   -9.3901   -1.6957
   -8.8931   -2.0519    9.6785  -11.3859    2.4896    4.4336
eta,q 0.97941 11.18281

---------------------------------------------------------------------
imgreg_4dfp /opt/freesurfer/average/711-2C_as_mni_average_305 /opt/freesurfer/average/711-2B_as_mni_average_305_mask talsrcimg_g11 none talsrcimg_to_711-2C_as_mni_average_305_t4 2311
---------------------------------------------------------------------

freesurfer imgreg_4dfp.c
/opt/freesurfer/average/711-2C_as_mni_average_305.4dfp.img
       256       256       256         1
  1.000000  1.000000  1.000000
orientation T byte_order littleendian
Reading image: /opt/freesurfer/average/711-2C_as_mni_average_305.4dfp.img
dimensions:      256       256       256
mmppix:       1.0000   -1.0000   -1.0000
center:     128.0000 -129.0000 -129.0000
/opt/freesurfer/average/711-2B_as_mni_average_305_mask.4dfp.img
       256       256       256         1
  1.000000  1.000000  1.000000
orientation T byte_order littleendian
Reading mask: /opt/freesurfer/average/711-2B_as_mni_average_305_mask.4dfp.img (2306576 pixels)
talsrcimg_g11.4dfp.img
       256       256       256         1
  0.900000  0.900000  0.900000
orientation T byte_order littleendian
Reading image: talsrcimg_g11.4dfp.img
dimensions:      256       256       256
mmppix:       0.9000   -0.9000   -0.9000
center:     115.2000 -116.1000 -116.1000
fimgreg.f
image alignment mode   2311 decimal      907 hex
parameters
   -0.5973  -16.8567   14.7200  -10.7740   -9.3901   -1.6957
   -8.8931   -2.0519    9.6785  -11.3859    2.4896    4.4336
eta,q 0.97941 11.18281
niter,ni,del,rscale     5    3    5.0000    0.8000
parameters
   -0.5839  -16.8648   14.7256  -11.1542   -9.6639   -2.3108
   -8.9101   -2.1464    9.7347  -11.3357    2.5439    4.7417
eta,q 0.97921 11.16029
  0.0225  0.0220  0.0219  0.0223  0.0222  0.0230  0.0222  0.0235  0.0217  0.0228  0.0216  0.0217
  0.0214  0.0213  0.0212  0.0215  0.0215  0.0222  0.0214  0.0221  0.0213  0.0217  0.0212  0.0213
  0.0208  0.0208  0.0208  0.0208  0.0209  0.0213  0.0209  0.0211  0.0209  0.0210  0.0209  0.0209
  0.0206  0.0206  0.0206  0.0206  0.0206  0.0206  0.0208  0.0208  0.0208  0.0208  0.0208  0.0208
  0.0208  0.0208  0.0207  0.0209  0.0209  0.0210  0.0210  0.0212  0.0209  0.0210  0.0209  0.0209
  0.0214  0.0213  0.0212  0.0217  0.0216  0.0228  0.0214  0.0222  0.0212  0.0217  0.0211  0.0211
  0.0224  0.0221  0.0219  0.0231  0.0227  0.0256  0.0222  0.0238  0.0217  0.0227  0.0215  0.0215
niter,ni,del,rscale     4    3    5.0000    0.7000
parameters
   -0.5650  -16.8329   14.6871  -10.8545   -9.5662   -2.3007
   -8.9412   -2.1126    9.6856  -11.3728    2.5522    4.7047
eta,q 0.97925 11.16973
  0.0222  0.0219  0.0216  0.0224  0.0222  0.0230  0.0218  0.0231  0.0215  0.0223  0.0214  0.0214
  0.0214  0.0213  0.0212  0.0217  0.0216  0.0223  0.0212  0.0219  0.0211  0.0214  0.0210  0.0210
  0.0209  0.0209  0.0209  0.0211  0.0211  0.0214  0.0209  0.0211  0.0208  0.0209  0.0208  0.0208
  0.0208  0.0208  0.0208  0.0208  0.0208  0.0208  0.0207  0.0208  0.0207  0.0207  0.0207  0.0207
  0.0209  0.0209  0.0209  0.0208  0.0208  0.0207  0.0209  0.0210  0.0208  0.0210  0.0208  0.0208
  0.0214  0.0212  0.0212  0.0212  0.0214  0.0216  0.0213  0.0218  0.0211  0.0215  0.0210  0.0211
  0.0221  0.0218  0.0217  0.0221  0.0222  0.0236  0.0219  0.0230  0.0215  0.0223  0.0214  0.0214
niter,ni,del,rscale     3    3    5.0000    0.6000
parameters
   -0.5804  -16.8342   14.6888  -10.7637   -9.4842   -2.0862
   -8.9254   -2.0936    9.6550  -11.3679    2.5432    4.5976
eta,q 0.97933 11.17667
  0.0217  0.0216  0.0214  0.0219  0.0219  0.0227  0.0215  0.0225  0.0212  0.0219  0.0212  0.0212
  0.0212  0.0211  0.0210  0.0214  0.0214  0.0220  0.0211  0.0215  0.0209  0.0212  0.0209  0.0209
  0.0208  0.0208  0.0208  0.0210  0.0210  0.0213  0.0208  0.0209  0.0207  0.0208  0.0207  0.0207
  0.0207  0.0208  0.0208  0.0208  0.0207  0.0207  0.0207  0.0207  0.0207  0.0207  0.0207  0.0207
  0.0209  0.0208  0.0208  0.0208  0.0208  0.0206  0.0208  0.0209  0.0207  0.0208  0.0207  0.0207
  0.0212  0.0211  0.0210  0.0212  0.0212  0.0212  0.0211  0.0215  0.0209  0.0212  0.0209  0.0209
  0.0218  0.0216  0.0214  0.0219  0.0219  0.0227  0.0215  0.0225  0.0213  0.0219  0.0212  0.0212
niter,ni,del,rscale     2    3    5.0000    0.5000
parameters
   -0.5911  -16.8433   14.7026  -10.7539   -9.4336   -1.8722
   -8.9024   -2.0794    9.6466  -11.3733    2.5171    4.5141
eta,q 0.97938 11.18048
  0.0214  0.0212  0.0212  0.0215  0.0215  0.0222  0.0212  0.0219  0.0210  0.0215  0.0210  0.0210
  0.0210  0.0209  0.0209  0.0211  0.0211  0.0216  0.0209  0.0212  0.0208  0.0210  0.0208  0.0208
  0.0207  0.0207  0.0207  0.0208  0.0208  0.0211  0.0207  0.0208  0.0207  0.0207  0.0207  0.0207
  0.0207  0.0207  0.0207  0.0207  0.0207  0.0207  0.0206  0.0206  0.0206  0.0206  0.0206  0.0206
  0.0208  0.0207  0.0207  0.0207  0.0207  0.0206  0.0207  0.0208  0.0207  0.0207  0.0207  0.0207
  0.0210  0.0209  0.0209  0.0210  0.0210  0.0211  0.0209  0.0212  0.0208  0.0210  0.0208  0.0208
  0.0214  0.0213  0.0211  0.0215  0.0215  0.0221  0.0212  0.0219  0.0210  0.0215  0.0210  0.0210
niter,ni,del,rscale     1    3    5.0000    0.4000
parameters
   -0.5977  -16.8562   14.7211  -10.7716   -9.3890   -1.6928
   -8.8893   -2.0540    9.6759  -11.3870    2.4757    4.4308
eta,q 0.97941 11.18283
  0.0211  0.0210  0.0210  0.0212  0.0212  0.0218  0.0210  0.0215  0.0209  0.0212  0.0208  0.0208
  0.0208  0.0208  0.0208  0.0209  0.0209  0.0213  0.0208  0.0210  0.0207  0.0209  0.0207  0.0207
  0.0207  0.0207  0.0207  0.0207  0.0207  0.0209  0.0206  0.0207  0.0206  0.0207  0.0206  0.0206
  0.0206  0.0206  0.0206  0.0206  0.0206  0.0206  0.0206  0.0206  0.0206  0.0206  0.0206  0.0206
  0.0207  0.0207  0.0207  0.0207  0.0207  0.0206  0.0206  0.0207  0.0206  0.0207  0.0206  0.0206
  0.0208  0.0208  0.0208  0.0209  0.0209  0.0209  0.0208  0.0210  0.0207  0.0209  0.0207  0.0207
  0.0211  0.0210  0.0209  0.0212  0.0212  0.0216  0.0210  0.0215  0.0209  0.0212  0.0208  0.0209
registration optimization eta report
parameter search radius
    0.8000    0.8000    0.8000    2.4000    2.4000    2.4000
    2.4000    2.4000    2.4000    2.4000    2.4000    2.4000
100000*second partial in parameter space
       73.       59.       51.       10.       10.       18.
        7.       15.        5.       10.        4.        4.
  0.0211  0.0210  0.0210  0.0212  0.0212  0.0218  0.0210  0.0215  0.0209  0.0212  0.0208  0.0208
  0.0208  0.0208  0.0208  0.0209  0.0209  0.0213  0.0208  0.0210  0.0207  0.0209  0.0207  0.0207
  0.0207  0.0207  0.0207  0.0207  0.0207  0.0209  0.0206  0.0207  0.0206  0.0207  0.0206  0.0206
  0.0206  0.0206  0.0206  0.0206  0.0206  0.0206  0.0206  0.0206  0.0206  0.0206  0.0206  0.0206
  0.0207  0.0207  0.0207  0.0207  0.0207  0.0206  0.0206  0.0207  0.0206  0.0207  0.0206  0.0206
  0.0208  0.0208  0.0208  0.0209  0.0209  0.0209  0.0208  0.0210  0.0207  0.0209  0.0207  0.0207
  0.0211  0.0210  0.0209  0.0212  0.0212  0.0216  0.0210  0.0215  0.0209  0.0212  0.0208  0.0209
   -0.5977  -16.8562   14.7211  -10.7716   -9.3890   -1.6928
   -8.8893   -2.0540    9.6759  -11.3870    2.4757    4.4308
eta,q 0.97941 11.18283

---------------------------------------------------------------------
compute_vox2vox talsrcimg talsrcimg_to_711-2C_as_mni_average_305_t4 /opt/freesurfer/average/711-2C_as_mni_average_305
---------------------------------------------------------------------

freesurfer compute_vox2vox.c
Reading: talsrcimg.4dfp.ifh
Reading: talsrcimg_to_711-2C_as_mni_average_305_t4
Reading: /opt/freesurfer/average/711-2C_as_mni_average_305.4dfp.ifh
Writing: talsrcimg_to_711-2C_as_mni_average_305_t4_vox2vox.txt

start time Thu Mar 12 19:54:45 CET 2026
end		time Thu Mar 12 19:54:58 CET 2026

mpr2mni305 success

avi2talxfm orig_nu.mgz /opt/freesurfer/average/mni305.cor.mgz talsrcimg_to_711-2C_as_mni_average_305_t4_vox2vox.txt transforms/talairach.auto.xfm
avi2talxfm done
mv -f /out/sourcedata/freesurfer/sub-v2s1x29906_ses-1/mri/talsrcimg_to_711-2C_as_mni_average_305_t4_vox2vox.txt /out/sourcedata/freesurfer/sub-v2s1x29906_ses-1/mri/transforms/talsrcimg_to_711-2C_as_mni_average_305_t4_vox2vox.txt
lta_convert --src orig_nu.mgz --trg /opt/freesurfer/average/mni305.cor.mgz --inxfm transforms/talairach.auto.xfm --outlta transforms/talairach.auto.xfm.lta --subject fsaverage
7.3.2

--src: orig_nu.mgz src image (geometry).
--trg: /opt/freesurfer/average/mni305.cor.mgz trg image (geometry).
--inmni: transforms/talairach.auto.xfm input MNI/XFM transform.
--outlta: transforms/talairach.auto.xfm.lta output LTA.
--s: fsaverage subject name
 LTA read, type : 1
 1.10813   0.03554   0.10697  -3.73099;
-0.02245   1.01077  -0.05163  -50.08257;
-0.12115   0.12323   1.08571  -35.18127;
 0.00000   0.00000   0.00000   1.00000;
setting subject to fsaverage
Writing  LTA to file transforms/talairach.auto.xfm.lta...
lta_convert successful.
 
 
Started at Thu Mar 12 19:54:44 CET 2026
Ended   at Thu Mar 12 19:54:58 CET 2026
talairach_avi done
