/out/sourcedata/freesurfer/sub-v2s1x29892_ses-1/mri
/opt/freesurfer/bin/talairach_avi
--i orig_nu.mgz --xfm transforms/talairach.auto.xfm
talairach_avi 7.3.2
Linux dna030 5.14.0-427.37.1.el9_4.x86_64 #1 SMP PREEMPT_DYNAMIC Fri Sep 13 12:41:50 EDT 2024 x86_64 x86_64 x86_64 GNU/Linux
Thu Mar 12 19:37:17 CET 2026
mri_convert orig_nu.mgz talsrcimg.img 
reading from orig_nu.mgz...
TR=0.00, TE=0.00, TI=0.00, flip angle=0.00
i_ras = (-1, 0, 0)
j_ras = (0, 0, -1)
k_ras = (0, 1, 0)
writing to talsrcimg.img...
Analyze Output Matrix
-0.90000   0.00000   0.00000   114.52421;
 0.00000   0.00000   0.90000  -92.66862;
 0.00000  -0.90000   0.00000   108.10040;
 0.00000   0.00000   0.00000   1.00000;
--------------------
INFO: set hdr.hist.orient to -1
mpr2mni305 talsrcimg
Thu Mar 12 19:37:18 CET 2026
/opt/freesurfer/bin/mpr2mni305 talsrcimg
mpr2mni305 7.3.2
target=711-2C_as_mni_average_305

---------------------------------------------------------------------
analyzeto4dfp talsrcimg -O0 -y
---------------------------------------------------------------------

freesurfer ifh2hdr.c
Thu Mar 12 19:37:18 2026
Writing: talsrcimg.4dfp.hdr
freesurfer analyzeto4dfp.c
Reading: talsrcimg.hdr
header size 348 bytes
hdr.dime.datatype	offset=70	value=2
hdr.dime.bitpix		offset=72	value=8
hdr.hist.orient		offset=252	value=-1
dimensionality     4
dimensions       256       256       256         1
Reading: talsrcimg.img
Writing: talsrcimg.4dfp.img
Writing: talsrcimg.4dfp.ifh
ifh2hdr talsrcimg -r0to245
ori=2

---------------------------------------------------------------------
gauss_4dfp talsrcimg 1.1
---------------------------------------------------------------------

freesurfer gauss_4dfp.c
Reading: talsrcimg.4dfp.img
Writing: talsrcimg_g11.4dfp.img
image dimensions 256 256 256 padded to 288 288 288
processing volume 1freesurfer ifh2hdr.c
Thu Mar 12 19:37:20 2026
Writing: talsrcimg_g11.4dfp.hdr

Writing: talsrcimg_g11.4dfp.ifh
including: talsrcimg.4dfp.img.rec in talsrcimg_g11.4dfp.img.rec

---------------------------------------------------------------------
imgreg_4dfp /opt/freesurfer/average/711-2C_as_mni_average_305 none talsrcimg_g11 none talsrcimg_to_711-2C_as_mni_average_305_t4 4355
---------------------------------------------------------------------

freesurfer imgreg_4dfp.c
/opt/freesurfer/average/711-2C_as_mni_average_305.4dfp.img
       256       256       256         1
  1.000000  1.000000  1.000000
orientation T byte_order littleendian
Reading image: /opt/freesurfer/average/711-2C_as_mni_average_305.4dfp.img
dimensions:      256       256       256
mmppix:       1.0000   -1.0000   -1.0000
center:     128.0000 -129.0000 -129.0000
talsrcimg_g11.4dfp.img
       256       256       256         1
  0.900000  0.900000  0.900000
orientation T byte_order littleendian
Reading image: talsrcimg_g11.4dfp.img
dimensions:      256       256       256
mmppix:       0.9000   -0.9000   -0.9000
center:     115.2000 -116.1000 -116.1000
t4_read: open error in t4_sub.f l:  41 t4_file(1:l)talsrcimg_to_711-2C_as_mni_average_305_t4 
t4_read: transform initialized to I4
rotation matrix determinant  1.000000
image alignment mode   4355 decimal     1103 hex
   -7.5000  -45.0000  -45.0000 5546.3145   18.9730
    0.0000  -45.0000  -45.0000 5555.6240   18.9966
    7.5000  -45.0000  -45.0000 5312.6392   18.9733
   -7.5000  -37.5000  -45.0000 5965.6846   20.1987
    0.0000  -37.5000  -45.0000 5989.8008   20.2241
    7.5000  -37.5000  -45.0000 5723.6904   20.2074
   -7.5000  -30.0000  -45.0000 6412.3652   20.8510
    0.0000  -30.0000  -45.0000 6423.4316   20.8744
    7.5000  -30.0000  -45.0000 6145.1338   20.8490
   -7.5000  -22.5000  -45.0000 6890.5151   20.8299
    0.0000  -22.5000  -45.0000 6902.7983   20.8494
    7.5000  -22.5000  -45.0000 6587.5918   20.8061
   -7.5000  -15.0000  -45.0000 7348.0732   20.7911
    0.0000  -15.0000  -45.0000 7343.8018   20.8098
    7.5000  -15.0000  -45.0000 7030.7656   20.7578
   -7.5000   -7.5000  -45.0000 7481.1895   20.7747
    0.0000   -7.5000  -45.0000 7473.5498   20.7965
    7.5000   -7.5000  -45.0000 7148.3447   20.7531
   -7.5000    0.0000  -45.0000 7583.3281   20.7963
    0.0000    0.0000  -45.0000 7565.3140   20.8222
    7.5000    0.0000  -45.0000 7229.2793   20.7966
   -7.5000    7.5000  -45.0000 7338.4038   20.8355
    0.0000    7.5000  -45.0000 7307.2271   20.8617
    7.5000    7.5000  -45.0000 6980.2954   20.8445
   -7.5000   15.0000  -45.0000 7295.3423   20.8510
    0.0000   15.0000  -45.0000 7243.9419   20.8744
    7.5000   15.0000  -45.0000 6923.8525   20.8490
   -7.5000   22.5000  -45.0000 6833.4438   20.5497
    0.0000   22.5000  -45.0000 6762.4482   20.5689
    7.5000   22.5000  -45.0000 6465.2656   20.5262
   -7.5000   30.0000  -45.0000 6275.1821   19.9643
    0.0000   30.0000  -45.0000 6212.3447   19.9823
    7.5000   30.0000  -45.0000 5942.2910   19.9323
   -7.5000   37.5000  -45.0000 5738.0273   19.3068
    0.0000   37.5000  -45.0000 5688.7485   19.3271
    7.5000   37.5000  -45.0000 5455.2764   19.2868
   -7.5000   45.0000  -45.0000 5212.3472   18.8152
    0.0000   45.0000  -45.0000 5184.4717   18.8352
    7.5000   45.0000  -45.0000 4956.6582   18.8115
   -7.5000  -45.0000  -37.5000 6034.8066   19.7654
    0.0000  -45.0000  -37.5000 6070.6113   19.7869
    7.5000  -45.0000  -37.5000 5812.9688   19.7883
   -7.5000  -37.5000  -37.5000 6488.7988   21.0354
    0.0000  -37.5000  -37.5000 6531.2935   21.0516
    7.5000  -37.5000  -37.5000 6272.1021   21.0617
   -7.5000  -30.0000  -37.5000 6964.3350   21.6785
    0.0000  -30.0000  -37.5000 6994.1836   21.6880
    7.5000  -30.0000  -37.5000 6723.1162   21.6864
   -7.5000  -22.5000  -37.5000 7482.4805   21.6731
    0.0000  -22.5000  -37.5000 7515.2744   21.6819
    7.5000  -22.5000  -37.5000 7196.2007   21.6576
   -7.5000  -15.0000  -37.5000 7977.0732   21.6487
    0.0000  -15.0000  -37.5000 7975.5063   21.6646
    7.5000  -15.0000  -37.5000 7642.5757   21.6307
   -7.5000   -7.5000  -37.5000 8095.4800   21.6318
    0.0000   -7.5000  -37.5000 8090.4927   21.6544
    7.5000   -7.5000  -37.5000 7740.7046   21.6330
   -7.5000    0.0000  -37.5000 8182.1104   21.6373
    0.0000    0.0000  -37.5000 8159.6313   21.6608
    7.5000    0.0000  -37.5000 7807.3081   21.6623
   -7.5000    7.5000  -37.5000 7892.7256   21.6604
    0.0000    7.5000  -37.5000 7876.4668   21.6771
    7.5000    7.5000  -37.5000 7534.4194   21.6875
   -7.5000   15.0000  -37.5000 7831.6592   21.6775
    0.0000   15.0000  -37.5000 7806.2397   21.6870
    7.5000   15.0000  -37.5000 7476.0371   21.6854
   -7.5000   22.5000  -37.5000 7326.1069   21.3834
    0.0000   22.5000  -37.5000 7279.5864   21.3920
    7.5000   22.5000  -37.5000 6968.9341   21.3680
   -7.5000   30.0000  -37.5000 6701.8022   20.8027
    0.0000   30.0000  -37.5000 6652.4414   20.8179
    7.5000   30.0000  -37.5000 6380.9146   20.7854
   -7.5000   37.5000  -37.5000 6100.4995   20.1198
    0.0000   37.5000  -37.5000 6062.2339   20.1409
    7.5000   37.5000  -37.5000 5814.1216   20.1210
   -7.5000   45.0000  -37.5000 5524.0474   19.5717
    0.0000   45.0000  -37.5000 5491.3901   19.5907
    7.5000   45.0000  -37.5000 5272.3647   19.5911
   -7.5000  -45.0000  -30.0000 6545.7246   20.5281
    0.0000  -45.0000  -30.0000 6601.8042   20.5562
    7.5000  -45.0000  -30.0000 6331.1797   20.5605
   -7.5000  -37.5000  -30.0000 7012.4258   21.8388
    0.0000  -37.5000  -30.0000 7095.7837   21.8605
    7.5000  -37.5000  -30.0000 6785.3335   21.8666
   -7.5000  -30.0000  -30.0000 7526.0513   22.4640
    0.0000  -30.0000  -30.0000 7598.4004   22.4751
    7.5000  -30.0000  -30.0000 7258.5791   22.4677
   -7.5000  -22.5000  -30.0000 8082.1250   22.4651
    0.0000  -22.5000  -30.0000 8151.7466   22.4725
    7.5000  -22.5000  -30.0000 7787.5752   22.4463
   -7.5000  -15.0000  -30.0000 8609.9902   22.4576
    0.0000  -15.0000  -30.0000 8664.6455   22.4737
    7.5000  -15.0000  -30.0000 8264.4395   22.4439
   -7.5000   -7.5000  -30.0000 8708.2910   22.4494
    0.0000   -7.5000  -30.0000 8760.9326   22.4766
    7.5000   -7.5000  -30.0000 8346.7129   22.4625
   -7.5000    0.0000  -30.0000 8769.1709   22.4489
    0.0000    0.0000  -30.0000 8790.3926   22.4796
    7.5000    0.0000  -30.0000 8398.3926   22.4842
   -7.5000    7.5000  -30.0000 8454.8994   22.4536
    0.0000    7.5000  -30.0000 8479.6641   22.4759
    7.5000    7.5000  -30.0000 8104.9180   22.4822
   -7.5000   15.0000  -30.0000 8381.3516   22.4609
    0.0000   15.0000  -30.0000 8396.2344   22.4720
    7.5000   15.0000  -30.0000 8035.9189   22.4646
   -7.5000   22.5000  -30.0000 7812.0205   22.1657
    0.0000   22.5000  -30.0000 7811.5718   22.1730
    7.5000   22.5000  -30.0000 7468.9937   22.1472
   -7.5000   30.0000  -30.0000 7114.7935   21.5957
    0.0000   30.0000  -30.0000 7118.9893   21.6111
    7.5000   30.0000  -30.0000 6815.4341   21.5825
   -7.5000   37.5000  -30.0000 6450.1333   20.9118
    0.0000   37.5000  -30.0000 6441.9336   20.9371
    7.5000   37.5000  -30.0000 6177.7642   20.9240
   -7.5000   45.0000  -30.0000 5819.5352   20.3338
    0.0000   45.0000  -30.0000 5799.8032   20.3600
    7.5000   45.0000  -30.0000 5569.6699   20.3633
   -7.5000  -45.0000  -22.5000 7104.2148   21.4570
    0.0000  -45.0000  -22.5000 7172.8833   21.4974
    7.5000  -45.0000  -22.5000 6862.7090   21.4812
   -7.5000  -37.5000  -22.5000 7607.6465   22.8442
    0.0000  -37.5000  -22.5000 7694.8496   22.8811
    7.5000  -37.5000  -22.5000 7342.1582   22.8551
   -7.5000  -30.0000  -22.5000 8155.9697   23.4623
    0.0000  -30.0000  -22.5000 8253.8145   23.4878
    7.5000  -30.0000  -22.5000 7858.3438   23.4476
   -7.5000  -22.5000  -22.5000 8766.1221   23.4516
    0.0000  -22.5000  -22.5000 8869.7061   23.4687
    7.5000  -22.5000  -22.5000 8438.1416   23.4188
   -7.5000  -15.0000  -22.5000 9325.9707   23.4408
    0.0000  -15.0000  -22.5000 9451.3760   23.4640
    7.5000  -15.0000  -22.5000 8941.6406   23.4203
   -7.5000   -7.5000  -22.5000 9441.9541   23.4391
    0.0000   -7.5000  -22.5000 9543.3330   23.4759
    7.5000   -7.5000  -22.5000 9039.5879   23.4492
   -7.5000    0.0000  -22.5000 9487.6006   23.4512
    0.0000    0.0000  -22.5000 9552.3799   23.4954
    7.5000    0.0000  -22.5000 9076.8770   23.4777
   -7.5000    7.5000  -22.5000 9114.3760   23.4581
    0.0000    7.5000  -22.5000 9182.3691   23.4960
    7.5000    7.5000  -22.5000 8716.0771   23.4693
   -7.5000   15.0000  -22.5000 9008.2598   23.4566
    0.0000   15.0000  -22.5000 9061.2383   23.4822
    7.5000   15.0000  -22.5000 8620.9092   23.4420
   -7.5000   22.5000  -22.5000 8389.5176   23.1413
    0.0000   22.5000  -22.5000 8434.1260   23.1581
    7.5000   22.5000  -22.5000 8027.6035   23.1089
   -7.5000   30.0000  -22.5000 7649.4453   22.5577
    0.0000   30.0000  -22.5000 7670.9297   22.5800
    7.5000   30.0000  -22.5000 7321.9146   22.5379
   -7.5000   37.5000  -22.5000 6891.1577   21.8669
    0.0000   37.5000  -22.5000 6909.3735   21.9012
    7.5000   37.5000  -22.5000 6600.7515   21.8763
   -7.5000   45.0000  -22.5000 6206.0210   21.2929
    0.0000   45.0000  -22.5000 6204.4961   21.3307
    7.5000   45.0000  -22.5000 5932.2222   21.3140
   -7.5000  -45.0000  -15.0000 7661.4209   22.2407
    0.0000  -45.0000  -15.0000 7751.1416   22.2872
    7.5000  -45.0000  -15.0000 7383.5747   22.2437
   -7.5000  -37.5000  -15.0000 8206.5830   23.6976
    0.0000  -37.5000  -15.0000 8297.7314   23.7455
    7.5000  -37.5000  -15.0000 7900.8887   23.6894
   -7.5000  -30.0000  -15.0000 8801.5400   24.3199
    0.0000  -30.0000  -15.0000 8908.8193   24.3605
    7.5000  -30.0000  -15.0000 8463.0439   24.2930
   -7.5000  -22.5000  -15.0000 9478.2422   24.2920
    0.0000  -22.5000  -15.0000 9588.7715   24.3227
    7.5000  -22.5000  -15.0000 9096.6631   24.2508
   -7.5000  -15.0000  -15.000010087.6270   24.2606
    0.0000  -15.0000  -15.000010201.7773   24.2924
    7.5000  -15.0000  -15.0000 9626.2451   24.2278
   -7.5000   -7.5000  -15.000010185.9121   24.2549
    0.0000   -7.5000  -15.000010281.1318   24.2973
    7.5000   -7.5000  -15.0000 9716.2314   24.2460
   -7.5000    0.0000  -15.000010199.0654   24.2842
    0.0000    0.0000  -15.000010310.3711   24.3350
    7.5000    0.0000  -15.0000 9751.9346   24.2875
   -7.5000    7.5000  -15.0000 9773.1338   24.3108
    0.0000    7.5000  -15.0000 9891.6943   24.3599
    7.5000    7.5000  -15.0000 9364.1172   24.3024
   -7.5000   15.0000  -15.0000 9646.5898   24.3124
    0.0000   15.0000  -15.0000 9738.9336   24.3530
    7.5000   15.0000  -15.0000 9232.8213   24.2855
   -7.5000   22.5000  -15.0000 8972.9766   23.9743
    0.0000   22.5000  -15.0000 9063.3369   24.0045
    7.5000   22.5000  -15.0000 8587.3193   23.9336
   -7.5000   30.0000  -15.0000 8184.9819   23.3642
    0.0000   30.0000  -15.0000 8251.1670   23.3948
    7.5000   30.0000  -15.0000 7828.0161   23.3326
   -7.5000   37.5000  -15.0000 7354.4453   22.6626
    0.0000   37.5000  -15.0000 7395.3638   22.7021
    7.5000   37.5000  -15.0000 7030.1860   22.6542
   -7.5000   45.0000  -15.0000 6585.8960   22.1046
    0.0000   45.0000  -15.0000 6583.6748   22.1469
    7.5000   45.0000  -15.0000 6277.6279   22.1033
   -7.5000  -45.0000   -7.5000 7999.7446   22.1881
    0.0000  -45.0000   -7.5000 8079.6206   22.2259
    7.5000  -45.0000   -7.5000 7685.2944   22.1790
   -7.5000  -37.5000   -7.5000 8557.7246   23.6577
    0.0000  -37.5000   -7.5000 8646.6328   23.7002
    7.5000  -37.5000   -7.5000 8221.7627   23.6494
   -7.5000  -30.0000   -7.5000 9184.0146   24.2877
    0.0000  -30.0000   -7.5000 9291.5801   24.3280
    7.5000  -30.0000   -7.5000 8810.5967   24.2682
   -7.5000  -22.5000   -7.5000 9865.7363   24.2518
    0.0000  -22.5000   -7.5000 9987.6992   24.2843
    7.5000  -22.5000   -7.5000 9452.3506   24.2152
   -7.5000  -15.0000   -7.500010461.9531   24.2033
    0.0000  -15.0000   -7.500010541.7500   24.2330
    7.5000  -15.0000   -7.5000 9975.3662   24.1632
   -7.5000   -7.5000   -7.500010537.7822   24.1899
    0.0000   -7.5000   -7.500010624.3916   24.2246
    7.5000   -7.5000   -7.500010060.3428   24.1643
   -7.5000    0.0000   -7.500010551.2246   24.2268
    0.0000    0.0000   -7.500010687.6494   24.2681
    7.5000    0.0000   -7.500010121.1729   24.2169
   -7.5000    7.5000   -7.500010125.4004   24.2699
    0.0000    7.5000   -7.500010273.0850   24.3135
    7.5000    7.5000   -7.5000 9713.6309   24.2614
   -7.5000   15.0000   -7.5000 9968.5312   24.2802
    0.0000   15.0000   -7.500010089.3877   24.3205
    7.5000   15.0000   -7.5000 9531.5586   24.2607
   -7.5000   22.5000   -7.5000 9247.2510   23.9346
    0.0000   22.5000   -7.5000 9344.8037   23.9666
    7.5000   22.5000   -7.5000 8815.3545   23.8984
   -7.5000   30.0000   -7.5000 8424.5234   23.3089
    0.0000   30.0000   -7.5000 8510.6514   23.3376
    7.5000   30.0000   -7.5000 8036.9922   23.2704
   -7.5000   37.5000   -7.5000 7574.3247   22.6018
    0.0000   37.5000   -7.5000 7638.5415   22.6342
    7.5000   37.5000   -7.5000 7212.0908   22.5779
   -7.5000   45.0000   -7.5000 6761.1421   22.0535
    0.0000   45.0000   -7.5000 6780.7295   22.0865
    7.5000   45.0000   -7.5000 6422.3291   22.0396
   -7.5000  -45.0000    0.0000 8143.8047   22.6557
    0.0000  -45.0000    0.0000 8214.7891   22.6808
    7.5000  -45.0000    0.0000 7825.2017   22.6569
   -7.5000  -37.5000    0.0000 8736.2148   24.1469
    0.0000  -37.5000    0.0000 8798.4482   24.1730
    7.5000  -37.5000    0.0000 8374.5381   24.1564
   -7.5000  -30.0000    0.0000 9413.1387   24.7852
    0.0000  -30.0000    0.0000 9482.9160   24.8091
    7.5000  -30.0000    0.0000 8987.4209   24.7820
   -7.5000  -22.5000    0.000010071.9482   24.7584
    0.0000  -22.5000    0.000010173.8848   24.7795
    7.5000  -22.5000    0.0000 9624.6621   24.7316
   -7.5000  -15.0000    0.000010611.0488   24.7076
    0.0000  -15.0000    0.000010656.9951   24.7292
    7.5000  -15.0000    0.000010139.1406   24.6718
   -7.5000   -7.5000    0.000010657.0898   24.6855
    0.0000   -7.5000    0.000010735.0928   24.7101
    7.5000   -7.5000    0.000010204.2412   24.6635
   -7.5000    0.0000    0.000010691.2656   24.7129
    0.0000    0.0000    0.000010816.6797   24.7404
    7.5000    0.0000    0.000010268.8281   24.7143
   -7.5000    7.5000    0.000010267.3545   24.7554
    0.0000    7.5000    0.000010382.6289   24.7821
    7.5000    7.5000    0.0000 9834.0381   24.7651
   -7.5000   15.0000    0.000010074.6396   24.7764
    0.0000   15.0000    0.000010169.0869   24.8004
    7.5000   15.0000    0.0000 9641.8818   24.7733
   -7.5000   22.5000    0.0000 9328.1406   24.4379
    0.0000   22.5000    0.0000 9390.9824   24.4588
    7.5000   22.5000    0.0000 8881.5059   24.4115
   -7.5000   30.0000    0.0000 8491.8809   23.8090
    0.0000   30.0000    0.0000 8551.7080   23.8298
    7.5000   30.0000    0.0000 8086.0972   23.7746
   -7.5000   37.5000    0.0000 7647.3496   23.0925
    0.0000   37.5000    0.0000 7702.0737   23.1155
    7.5000   37.5000    0.0000 7269.2368   23.0719
   -7.5000   45.0000    0.0000 6798.8262   22.5390
    0.0000   45.0000    0.0000 6834.9189   22.5600
    7.5000   45.0000    0.0000 6478.6157   22.5356
   -7.5000  -45.0000    7.5000 7980.4639   22.6313
    0.0000  -45.0000    7.5000 8046.8389   22.6540
    7.5000  -45.0000    7.5000 7662.8872   22.6559
   -7.5000  -37.5000    7.5000 8594.8750   24.0985
    0.0000  -37.5000    7.5000 8621.5342   24.1153
    7.5000  -37.5000    7.5000 8186.3232   24.1270
   -7.5000  -30.0000    7.5000 9291.0869   24.7353
    0.0000  -30.0000    7.5000 9384.4805   24.7447
    7.5000  -30.0000    7.5000 8829.8438   24.7433
   -7.5000  -22.5000    7.5000 9934.4375   24.7299
    0.0000  -22.5000    7.500010046.2715   24.7388
    7.5000  -22.5000    7.5000 9521.2891   24.7119
   -7.5000  -15.0000    7.500010332.5801   24.7013
    0.0000  -15.0000    7.500010382.3662   24.7180
    7.5000  -15.0000    7.5000 9967.3047   24.6804
   -7.5000   -7.5000    7.500010397.6953   24.6806
    0.0000   -7.5000    7.500010456.1807   24.7047
    7.5000   -7.5000    7.5000 9991.3574   24.6810
   -7.5000    0.0000    7.500010484.7051   24.6862
    0.0000    0.0000    7.500010551.2666   24.7111
    7.5000    0.0000    7.500010044.5479   24.7131
   -7.5000    7.5000    7.500010086.4336   24.7058
    0.0000    7.5000    7.500010114.7021   24.7230
    7.5000    7.5000    7.5000 9602.5107   24.7350
   -7.5000   15.0000    7.5000 9851.7920   24.7266
    0.0000   15.0000    7.5000 9870.0635   24.7360
    7.5000   15.0000    7.5000 9403.5850   24.7346
   -7.5000   22.5000    7.5000 9097.3574   24.4099
    0.0000   22.5000    7.5000 9101.0596   24.4186
    7.5000   22.5000    7.5000 8655.0137   24.3921
   -7.5000   30.0000    7.5000 8291.9727   23.8030
    0.0000   30.0000    7.5000 8330.0576   23.8191
    7.5000   30.0000    7.5000 7896.6450   23.7828
   -7.5000   37.5000    7.5000 7490.2886   23.0880
    0.0000   37.5000    7.5000 7517.9868   23.1104
    7.5000   37.5000    7.5000 7121.5747   23.0884
   -7.5000   45.0000    7.5000 6667.4946   22.5133
    0.0000   45.0000    7.5000 6699.2075   22.5333
    7.5000   45.0000    7.5000 6367.4521   22.5342
   -7.5000  -45.0000   15.0000 8069.2915   22.6964
    0.0000  -45.0000   15.0000 8057.5127   22.7273
    7.5000  -45.0000   15.0000 7700.9199   22.7321
   -7.5000  -37.5000   15.0000 8687.1611   24.1490
    0.0000  -37.5000   15.0000 8640.2607   24.1728
    7.5000  -37.5000   15.0000 8212.2041   24.1795
   -7.5000  -30.0000   15.0000 9390.4404   24.7747
    0.0000  -30.0000   15.0000 9389.3643   24.7868
    7.5000  -30.0000   15.0000 8871.0137   24.7786
   -7.5000  -22.5000   15.0000 9991.2373   24.7759
    0.0000  -22.5000   15.0000 9916.4834   24.7839
    7.5000  -22.5000   15.0000 9551.4248   24.7551
   -7.5000  -15.0000   15.000010340.0117   24.7672
    0.0000  -15.0000   15.000010197.6416   24.7849
    7.5000  -15.0000   15.0000 9958.4951   24.7522
   -7.5000   -7.5000   15.000010396.0449   24.7579
    0.0000   -7.5000   15.000010263.6592   24.7878
    7.5000   -7.5000   15.0000 9971.4873   24.7723
   -7.5000    0.0000   15.000010518.4951   24.7573
    0.0000    0.0000   15.000010386.9209   24.7910
    7.5000    0.0000   15.000010035.8447   24.7961
   -7.5000    7.5000   15.000010154.9814   24.7575
    0.0000    7.5000   15.000010006.2588   24.7819
    7.5000    7.5000   15.0000 9637.1133   24.7888
   -7.5000   15.0000   15.0000 9956.1113   24.7659
    0.0000   15.0000   15.0000 9812.3818   24.7780
    7.5000   15.0000   15.0000 9456.9131   24.7698
   -7.5000   22.5000   15.0000 9187.1973   24.4553
    0.0000   22.5000   15.0000 9110.2998   24.4631
    7.5000   22.5000   15.0000 8716.9707   24.4347
   -7.5000   30.0000   15.0000 8371.3506   23.8665
    0.0000   30.0000   15.0000 8367.5801   23.8835
    7.5000   30.0000   15.0000 7971.2871   23.8520
   -7.5000   37.5000   15.0000 7555.1743   23.1602
    0.0000   37.5000   15.0000 7555.5024   23.1882
    7.5000   37.5000   15.0000 7191.8643   23.1738
   -7.5000   45.0000   15.0000 6740.7935   22.5768
    0.0000   45.0000   15.0000 6757.8950   22.6057
    7.5000   45.0000   15.0000 6424.5293   22.6094
   -7.5000  -45.0000   22.5000 7700.2891   22.8084
    0.0000  -45.0000   22.5000 7701.5830   22.8516
    7.5000  -45.0000   22.5000 7318.2554   22.8344
   -7.5000  -37.5000   22.5000 8271.6299   24.2722
    0.0000  -37.5000   22.5000 8239.8730   24.3117
    7.5000  -37.5000   22.5000 7800.6958   24.2841
   -7.5000  -30.0000   22.5000 8874.8184   24.8911
    0.0000  -30.0000   22.5000 8782.2529   24.9183
    7.5000  -30.0000   22.5000 8343.5312   24.8756
   -7.5000  -22.5000   22.5000 9490.3975   24.8798
    0.0000  -22.5000   22.5000 9327.4404   24.8977
    7.5000  -22.5000   22.5000 8959.1299   24.8446
   -7.5000  -15.0000   22.500010066.7148   24.8683
    0.0000  -15.0000   22.5000 9814.0137   24.8927
    7.5000  -15.0000   22.5000 9535.8564   24.8461
   -7.5000   -7.5000   22.500010208.6504   24.8665
    0.0000   -7.5000   22.5000 9956.4209   24.9055
    7.5000   -7.5000   22.5000 9692.7266   24.8770
   -7.5000    0.0000   22.500010272.6523   24.8794
    0.0000    0.0000   22.500010056.6719   24.9265
    7.5000    0.0000   22.5000 9768.7295   24.9077
   -7.5000    7.5000   22.5000 9788.9717   24.8839
    0.0000    7.5000   22.5000 9648.6211   24.9243
    7.5000    7.5000   22.5000 9329.1689   24.8960
   -7.5000   15.0000   22.5000 9516.4736   24.8823
    0.0000   15.0000   22.5000 9439.4600   24.9095
    7.5000   15.0000   22.5000 9086.2725   24.8668
   -7.5000   22.5000   22.5000 8728.8232   24.5578
    0.0000   22.5000   22.5000 8730.8643   24.5754
    7.5000   22.5000   22.5000 8333.3350   24.5230
   -7.5000   30.0000   22.5000 7942.6733   23.9638
    0.0000   30.0000   22.5000 7982.8569   23.9874
    7.5000   30.0000   22.5000 7581.2827   23.9424
   -7.5000   37.5000   22.5000 7170.0078   23.2618
    0.0000   37.5000   22.5000 7196.7974   23.2983
    7.5000   37.5000   22.5000 6827.8252   23.2717
   -7.5000   45.0000   22.5000 6429.6763   22.6885
    0.0000   45.0000   22.5000 6456.7485   22.7290
    7.5000   45.0000   22.5000 6114.1416   22.7112
   -7.5000  -45.0000   30.0000 7268.8447   22.9510
    0.0000  -45.0000   30.0000 7292.2437   22.9995
    7.5000  -45.0000   30.0000 6925.7930   22.9542
   -7.5000  -37.5000   30.0000 7766.9512   24.4561
    0.0000  -37.5000   30.0000 7769.4199   24.5063
    7.5000  -37.5000   30.0000 7377.8267   24.4482
   -7.5000  -30.0000   30.0000 8307.1709   25.0872
    0.0000  -30.0000   30.0000 8267.0215   25.1299
    7.5000  -30.0000   30.0000 7876.9941   25.0602
   -7.5000  -22.5000   30.0000 8935.5088   25.0582
    0.0000  -22.5000   30.0000 8859.9805   25.0904
    7.5000  -22.5000   30.0000 8471.4844   25.0160
   -7.5000  -15.0000   30.0000 9536.6572   25.0256
    0.0000  -15.0000   30.0000 9493.7227   25.0586
    7.5000  -15.0000   30.0000 9051.8027   24.9916
   -7.5000   -7.5000   30.0000 9686.3662   25.0197
    0.0000   -7.5000   30.0000 9678.9355   25.0638
    7.5000   -7.5000   30.0000 9204.5898   25.0102
   -7.5000    0.0000   30.0000 9728.6816   25.0502
    0.0000    0.0000   30.0000 9722.7422   25.1031
    7.5000    0.0000   30.0000 9242.2002   25.0537
   -7.5000    7.5000   30.0000 9226.4658   25.0766
    0.0000    7.5000   30.0000 9226.0420   25.1281
    7.5000    7.5000   30.0000 8797.0127   25.0686
   -7.5000   15.0000   30.0000 8944.3164   25.0783
    0.0000   15.0000   30.0000 8945.8457   25.1209
    7.5000   15.0000   30.0000 8544.8291   25.0513
   -7.5000   22.5000   30.0000 8184.8828   24.7317
    0.0000   22.5000   30.0000 8204.4443   24.7635
    7.5000   22.5000   30.0000 7822.7437   24.6901
   -7.5000   30.0000   30.0000 7467.9219   24.1265
    0.0000   30.0000   30.0000 7469.8242   24.1583
    7.5000   30.0000   30.0000 7098.1772   24.0937
   -7.5000   37.5000   30.0000 6730.9810   23.4271
    0.0000   37.5000   30.0000 6716.3379   23.4684
    7.5000   37.5000   30.0000 6384.0991   23.4182
   -7.5000   45.0000   30.0000 6031.6636   22.8799
    0.0000   45.0000   30.0000 6014.8843   22.9242
    7.5000   45.0000   30.0000 5733.2446   22.8786
   -7.5000  -45.0000   37.5000 6796.1196   22.9559
    0.0000  -45.0000   37.5000 6885.5610   22.9962
    7.5000  -45.0000   37.5000 6539.3164   22.9453
   -7.5000  -37.5000   37.5000 7244.9282   24.4864
    0.0000  -37.5000   37.5000 7355.8838   24.5318
    7.5000  -37.5000   37.5000 6971.4395   24.4768
   -7.5000  -30.0000   37.5000 7735.8174   25.1157
    0.0000  -30.0000   37.5000 7838.2417   25.1589
    7.5000  -30.0000   37.5000 7426.5806   25.0946
   -7.5000  -22.5000   37.5000 8294.8477   25.0797
    0.0000  -22.5000   37.5000 8380.2178   25.1148
    7.5000  -22.5000   37.5000 7936.1318   25.0407
   -7.5000  -15.0000   37.5000 8841.2471   25.0265
    0.0000  -15.0000   37.5000 8910.7627   25.0585
    7.5000  -15.0000   37.5000 8428.4424   24.9839
   -7.5000   -7.5000   37.5000 8991.8857   25.0089
    0.0000   -7.5000   37.5000 9035.5020   25.0461
    7.5000   -7.5000   37.5000 8544.2578   24.9813
   -7.5000    0.0000   37.5000 9070.2090   25.0460
    0.0000    0.0000   37.5000 9080.9072   25.0900
    7.5000    0.0000   37.5000 8593.8984   25.0345
   -7.5000    7.5000   37.5000 8647.4170   25.0922
    0.0000    7.5000   37.5000 8644.6270   25.1387
    7.5000    7.5000   37.5000 8189.7090   25.0824
   -7.5000   15.0000   37.5000 8404.8926   25.1066
    0.0000   15.0000   37.5000 8419.7627   25.1497
    7.5000   15.0000   37.5000 7983.3833   25.0855
   -7.5000   22.5000   37.5000 7696.3887   24.7487
    0.0000   22.5000   37.5000 7712.1909   24.7832
    7.5000   22.5000   37.5000 7305.5654   24.7102
   -7.5000   30.0000   37.5000 7000.2485   24.1272
    0.0000   30.0000   37.5000 7010.5815   24.1581
    7.5000   30.0000   37.5000 6636.0405   24.0862
   -7.5000   37.5000   37.5000 6317.3066   23.4173
    0.0000   37.5000   37.5000 6328.7310   23.4521
    7.5000   37.5000   37.5000 5985.1392   23.3915
   -7.5000   45.0000   37.5000 5640.0635   22.8795
    0.0000   45.0000   37.5000 5653.9185   22.9148
    7.5000   45.0000   37.5000 5358.9756   22.8638
   -7.5000  -45.0000   45.0000 6332.1055   23.1225
    0.0000  -45.0000   45.0000 6405.8896   23.1463
    7.5000  -45.0000   45.0000 6096.3867   23.1267
   -7.5000  -37.5000   45.0000 6754.9482   24.6593
    0.0000  -37.5000   45.0000 6817.4404   24.6841
    7.5000  -37.5000   45.0000 6490.4814   24.6727
   -7.5000  -30.0000   45.0000 7200.8511   25.2717
    0.0000  -30.0000   45.0000 7252.5894   25.2938
    7.5000  -30.0000   45.0000 6895.5752   25.2716
   -7.5000  -22.5000   45.0000 7707.1968   25.2438
    0.0000  -22.5000   45.0000 7741.9644   25.2622
    7.5000  -22.5000   45.0000 7361.4702   25.2178
   -7.5000  -15.0000   45.0000 8198.8936   25.1961
    0.0000  -15.0000   45.0000 8208.6787   25.2149
    7.5000  -15.0000   45.0000 7802.8994   25.1605
   -7.5000   -7.5000   45.0000 8322.2969   25.1773
    0.0000   -7.5000   45.0000 8313.0557   25.1999
    7.5000   -7.5000   45.0000 7915.4668   25.1569
   -7.5000    0.0000   45.0000 8411.4727   25.2060
    0.0000    0.0000   45.0000 8382.3184   25.2320
    7.5000    0.0000   45.0000 7981.3901   25.2105
   -7.5000    7.5000   45.0000 8046.3667   25.2451
    0.0000    7.5000   45.0000 8030.4458   25.2705
    7.5000    7.5000   45.0000 7636.4629   25.2588
   -7.5000   15.0000   45.0000 7837.9038   25.2622
    0.0000   15.0000   45.0000 7819.4790   25.2844
    7.5000   15.0000   45.0000 7443.9478   25.2622
   -7.5000   22.5000   45.0000 7190.8765   24.9072
    0.0000   22.5000   45.0000 7175.0625   24.9254
    7.5000   22.5000   45.0000 6813.3770   24.8816
   -7.5000   30.0000   45.0000 6538.9800   24.2882
    0.0000   30.0000   45.0000 6539.4038   24.3064
    7.5000   30.0000   45.0000 6193.4272   24.2540
   -7.5000   37.5000   45.0000 5914.6099   23.5688
    0.0000   37.5000   45.0000 5904.5645   23.5900
    7.5000   37.5000   45.0000 5584.1938   23.5498
   -7.5000   45.0000   45.0000 5291.4399   23.0159
    0.0000   45.0000   45.0000 5290.6499   23.0351
    7.5000   45.0000   45.0000 5009.1338   23.0150

---------------------------------------------------------------------
imgreg_4dfp /opt/freesurfer/average/711-2C_as_mni_average_305 /opt/freesurfer/average/711-2B_as_mni_average_305_mask talsrcimg_g11 none talsrcimg_to_711-2C_as_mni_average_305_t4 4355
---------------------------------------------------------------------

freesurfer imgreg_4dfp.c
/opt/freesurfer/average/711-2C_as_mni_average_305.4dfp.img
       256       256       256         1
  1.000000  1.000000  1.000000
orientation T byte_order littleendian
Reading image: /opt/freesurfer/average/711-2C_as_mni_average_305.4dfp.img
dimensions:      256       256       256
mmppix:       1.0000   -1.0000   -1.0000
center:     128.0000 -129.0000 -129.0000
/opt/freesurfer/average/711-2B_as_mni_average_305_mask.4dfp.img
       256       256       256         1
  1.000000  1.000000  1.000000
orientation T byte_order littleendian
Reading mask: /opt/freesurfer/average/711-2B_as_mni_average_305_mask.4dfp.img (2306576 pixels)
talsrcimg_g11.4dfp.img
       256       256       256         1
  0.900000  0.900000  0.900000
orientation T byte_order littleendian
Reading image: talsrcimg_g11.4dfp.img
dimensions:      256       256       256
mmppix:       0.9000   -0.9000   -0.9000
center:     115.2000 -116.1000 -116.1000
rotation matrix determinant  1.000000
image alignment mode   4355 decimal     1103 hex
   -7.5000  -45.0000  -45.0000 1823.0889   23.7703
    0.0000  -45.0000  -45.0000 1831.0203   23.6685
    7.5000  -45.0000  -45.0000 1821.9883   23.9455
   -7.5000  -37.5000  -45.0000 1900.4252   22.0756
    0.0000  -37.5000  -45.0000 1912.5765   21.9662
    7.5000  -37.5000  -45.0000 1897.0698   22.1920
   -7.5000  -30.0000  -45.0000 1951.8094   20.8807
    0.0000  -30.0000  -45.0000 1964.5120   20.7343
    7.5000  -30.0000  -45.0000 1953.7061   20.9061
   -7.5000  -22.5000  -45.0000 1981.3114   19.9581
    0.0000  -22.5000  -45.0000 1994.1793   19.7529
    7.5000  -22.5000  -45.0000 1977.7794   19.9506
   -7.5000  -15.0000  -45.0000 1997.0693   19.4174
    0.0000  -15.0000  -45.0000 2007.7032   19.1821
    7.5000  -15.0000  -45.0000 1991.4445   19.3849
   -7.5000   -7.5000  -45.0000 1999.3313   19.3450
    0.0000   -7.5000  -45.0000 2003.8151   19.0620
    7.5000   -7.5000  -45.0000 1987.5542   19.2915
   -7.5000    0.0000  -45.0000 1990.5011   19.8639
    0.0000    0.0000  -45.0000 1994.3170   19.5183
    7.5000    0.0000  -45.0000 1976.0677   19.7742
   -7.5000    7.5000  -45.0000 1961.9067   20.5955
    0.0000    7.5000  -45.0000 1962.3962   20.3487
    7.5000    7.5000  -45.0000 1943.8359   20.6469
   -7.5000   15.0000  -45.0000 1915.1171   21.7159
    0.0000   15.0000  -45.0000 1916.7424   21.4873
    7.5000   15.0000  -45.0000 1894.4124   21.7854
   -7.5000   22.5000  -45.0000 1847.9148   23.2533
    0.0000   22.5000  -45.0000 1850.2997   23.0577
    7.5000   22.5000  -45.0000 1821.7772   23.3893
   -7.5000   30.0000  -45.0000 1769.2041   25.4156
    0.0000   30.0000  -45.0000 1770.1075   25.2298
    7.5000   30.0000  -45.0000 1741.8666   25.5466
   -7.5000   37.5000  -45.0000 1658.4796   28.2396
    0.0000   37.5000  -45.0000 1657.2406   28.0896
    7.5000   37.5000  -45.0000 1635.0458   28.3182
   -7.5000   45.0000  -45.0000 1507.3287   31.7071
    0.0000   45.0000  -45.0000 1510.4673   31.5716
    7.5000   45.0000  -45.0000 1488.8523   31.8346
   -7.5000  -45.0000  -37.5000 1970.0594   23.2049
    0.0000  -45.0000  -37.5000 1987.6326   23.1013
    7.5000  -45.0000  -37.5000 1976.4119   23.3769
   -7.5000  -37.5000  -37.5000 2060.0493   21.5689
    0.0000  -37.5000  -37.5000 2076.3247   21.4631
    7.5000  -37.5000  -37.5000 2068.8176   21.7050
   -7.5000  -30.0000  -37.5000 2120.8152   20.3858
    0.0000  -30.0000  -37.5000 2133.7759   20.2482
    7.5000  -30.0000  -37.5000 2130.1216   20.4278
   -7.5000  -22.5000  -37.5000 2156.9905   19.4742
    0.0000  -22.5000  -37.5000 2162.2383   19.3307
    7.5000  -22.5000  -37.5000 2158.7100   19.5476
   -7.5000  -15.0000  -37.5000 2173.8933   19.0036
    0.0000  -15.0000  -37.5000 2175.6375   18.7940
    7.5000  -15.0000  -37.5000 2170.3064   19.0341
   -7.5000   -7.5000  -37.5000 2167.2827   18.9062
    0.0000   -7.5000  -37.5000 2172.9595   18.6978
    7.5000   -7.5000  -37.5000 2163.6860   18.8902
   -7.5000    0.0000  -37.5000 2157.1602   19.2171
    0.0000    0.0000  -37.5000 2159.5032   18.9302
    7.5000    0.0000  -37.5000 2144.9160   19.1709
   -7.5000    7.5000  -37.5000 2126.9033   19.8965
    0.0000    7.5000  -37.5000 2130.4646   19.5774
    7.5000    7.5000  -37.5000 2108.0415   19.8993
   -7.5000   15.0000  -37.5000 2078.9241   21.0289
    0.0000   15.0000  -37.5000 2083.3843   20.7358
    7.5000   15.0000  -37.5000 2058.2864   21.1277
   -7.5000   22.5000  -37.5000 2010.0275   22.7139
    0.0000   22.5000  -37.5000 2016.0103   22.4311
    7.5000   22.5000  -37.5000 1987.7654   22.8498
   -7.5000   30.0000  -37.5000 1918.9573   24.9546
    0.0000   30.0000  -37.5000 1925.1743   24.6803
    7.5000   30.0000  -37.5000 1897.8641   25.1067
   -7.5000   37.5000  -37.5000 1790.5048   27.7065
    0.0000   37.5000  -37.5000 1792.2684   27.4368
    7.5000   37.5000  -37.5000 1768.9893   27.8161
   -7.5000   45.0000  -37.5000 1630.4764   31.0712
    0.0000   45.0000  -37.5000 1632.6947   30.8422
    7.5000   45.0000  -37.5000 1613.0668   31.1830
   -7.5000  -45.0000  -30.0000 2116.3955   22.4414
    0.0000  -45.0000  -30.0000 2130.5237   22.3388
    7.5000  -45.0000  -30.0000 2124.3352   22.6355
   -7.5000  -37.5000  -30.0000 2208.5034   20.8350
    0.0000  -37.5000  -30.0000 2230.0806   20.7542
    7.5000  -37.5000  -30.0000 2217.3145   20.9880
   -7.5000  -30.0000  -30.0000 2279.1426   19.6807
    0.0000  -30.0000  -30.0000 2296.1030   19.5931
    7.5000  -30.0000  -30.0000 2282.4753   19.7667
   -7.5000  -22.5000  -30.0000 2318.1094   18.8273
    0.0000  -22.5000  -30.0000 2328.4263   18.7627
    7.5000  -22.5000  -30.0000 2315.9451   18.8921
   -7.5000  -15.0000  -30.0000 2340.3965   18.3586
    0.0000  -15.0000  -30.0000 2349.0310   18.2014
    7.5000  -15.0000  -30.0000 2336.2527   18.4040
   -7.5000   -7.5000  -30.0000 2337.6287   18.2816
    0.0000   -7.5000  -30.0000 2348.5774   18.0984
    7.5000   -7.5000  -30.0000 2329.5837   18.2663
   -7.5000    0.0000  -30.0000 2326.4851   18.5577
    0.0000    0.0000  -30.0000 2326.9351   18.3396
    7.5000    0.0000  -30.0000 2310.5461   18.5625
   -7.5000    7.5000  -30.0000 2296.2324   19.2228
    0.0000    7.5000  -30.0000 2298.0354   18.9678
    7.5000    7.5000  -30.0000 2277.9561   19.2437
   -7.5000   15.0000  -30.0000 2238.5039   20.3635
    0.0000   15.0000  -30.0000 2241.7104   20.0915
    7.5000   15.0000  -30.0000 2219.7593   20.4530
   -7.5000   22.5000  -30.0000 2155.4578   22.0516
    0.0000   22.5000  -30.0000 2159.1714   21.7457
    7.5000   22.5000  -30.0000 2136.0322   22.1126
   -7.5000   30.0000  -30.0000 2054.8438   24.3444
    0.0000   30.0000  -30.0000 2060.4121   24.0097
    7.5000   30.0000  -30.0000 2034.1685   24.3605
   -7.5000   37.5000  -30.0000 1920.8009   27.0289
    0.0000   37.5000  -30.0000 1918.3580   26.7669
    7.5000   37.5000  -30.0000 1896.1503   27.1423
   -7.5000   45.0000  -30.0000 1744.8060   30.1772
    0.0000   45.0000  -30.0000 1745.5477   29.8879
    7.5000   45.0000  -30.0000 1729.7167   30.3699
   -7.5000  -45.0000  -22.5000 2236.7446   21.5442
    0.0000  -45.0000  -22.5000 2251.3879   21.4567
    7.5000  -45.0000  -22.5000 2241.3066   21.6790
   -7.5000  -37.5000  -22.5000 2337.2937   19.9297
    0.0000  -37.5000  -22.5000 2360.3611   19.8848
    7.5000  -37.5000  -22.5000 2342.8169   20.0236
   -7.5000  -30.0000  -22.5000 2414.9382   18.7740
    0.0000  -30.0000  -22.5000 2432.8989   18.7401
    7.5000  -30.0000  -22.5000 2413.3882   18.8655
   -7.5000  -22.5000  -22.5000 2461.4968   17.9760
    0.0000  -22.5000  -22.5000 2476.8430   17.9216
    7.5000  -22.5000  -22.5000 2454.6396   17.9838
   -7.5000  -15.0000  -22.5000 2493.4744   17.4941
    0.0000  -15.0000  -22.5000 2505.9150   17.4043
    7.5000  -15.0000  -22.5000 2479.7463   17.4643
   -7.5000   -7.5000  -22.5000 2502.4343   17.4476
    0.0000   -7.5000  -22.5000 2515.9341   17.3266
    7.5000   -7.5000  -22.5000 2488.3418   17.4229
   -7.5000    0.0000  -22.5000 2487.3784   17.7553
    0.0000    0.0000  -22.5000 2495.3752   17.6234
    7.5000    0.0000  -22.5000 2467.4861   17.7618
   -7.5000    7.5000  -22.5000 2449.8481   18.4324
    0.0000    7.5000  -22.5000 2459.1707   18.2839
    7.5000    7.5000  -22.5000 2422.3657   18.4688
   -7.5000   15.0000  -22.5000 2382.2595   19.5509
    0.0000   15.0000  -22.5000 2388.1743   19.3704
    7.5000   15.0000  -22.5000 2354.1545   19.6073
   -7.5000   22.5000  -22.5000 2288.7529   21.1192
    0.0000   22.5000  -22.5000 2295.0874   20.9097
    7.5000   22.5000  -22.5000 2265.0918   21.1722
   -7.5000   30.0000  -22.5000 2179.2593   23.2687
    0.0000   30.0000  -22.5000 2180.9233   23.0457
    7.5000   30.0000  -22.5000 2152.2812   23.3224
   -7.5000   37.5000  -22.5000 2019.9047   25.8760
    0.0000   37.5000  -22.5000 2026.1244   25.6990
    7.5000   37.5000  -22.5000 2000.0858   25.9791
   -7.5000   45.0000  -22.5000 1835.6024   28.8707
    0.0000   45.0000  -22.5000 1848.0269   28.7149
    7.5000   45.0000  -22.5000 1824.6041   29.0994
   -7.5000  -45.0000  -15.0000 2326.9958   20.5073
    0.0000  -45.0000  -15.0000 2347.7952   20.4844
    7.5000  -45.0000  -15.0000 2330.8926   20.6042
   -7.5000  -37.5000  -15.0000 2441.3142   18.9886
    0.0000  -37.5000  -15.0000 2459.7454   18.9430
    7.5000  -37.5000  -15.0000 2443.7798   19.0253
   -7.5000  -30.0000  -15.0000 2522.7046   17.7800
    0.0000  -30.0000  -15.0000 2541.3567   17.7551
    7.5000  -30.0000  -15.0000 2519.4614   17.8204
   -7.5000  -22.5000  -15.0000 2581.6614   16.9668
    0.0000  -22.5000  -15.0000 2597.3413   16.9408
    7.5000  -22.5000  -15.0000 2570.9180   16.9796
   -7.5000  -15.0000  -15.0000 2626.5615   16.5253
    0.0000  -15.0000  -15.0000 2640.1812   16.4599
    7.5000  -15.0000  -15.0000 2607.0479   16.4669
   -7.5000   -7.5000  -15.0000 2642.4734   16.4937
    0.0000   -7.5000  -15.0000 2659.0017   16.3863
    7.5000   -7.5000  -15.0000 2621.5720   16.4294
   -7.5000    0.0000  -15.0000 2620.6907   16.8240
    0.0000    0.0000  -15.0000 2635.8174   16.7307
    7.5000    0.0000  -15.0000 2597.9373   16.8418
   -7.5000    7.5000  -15.0000 2574.7688   17.5257
    0.0000    7.5000  -15.0000 2591.2417   17.4579
    7.5000    7.5000  -15.0000 2552.4712   17.6048
   -7.5000   15.0000  -15.0000 2498.1401   18.5891
    0.0000   15.0000  -15.0000 2509.1621   18.4838
    7.5000   15.0000  -15.0000 2471.7944   18.6799
   -7.5000   22.5000  -15.0000 2396.2390   20.1016
    0.0000   22.5000  -15.0000 2404.0583   19.9088
    7.5000   22.5000  -15.0000 2371.7925   20.1505
   -7.5000   30.0000  -15.0000 2280.8098   22.1792
    0.0000   30.0000  -15.0000 2284.0945   21.9407
    7.5000   30.0000  -15.0000 2256.0950   22.2050
   -7.5000   37.5000  -15.0000 2112.6699   24.6755
    0.0000   37.5000  -15.0000 2113.0103   24.4060
    7.5000   37.5000  -15.0000 2091.7781   24.7526
   -7.5000   45.0000  -15.0000 1915.8604   27.5189
    0.0000   45.0000  -15.0000 1914.5487   27.2551
    7.5000   45.0000  -15.0000 1895.1829   27.6409
   -7.5000  -45.0000   -7.5000 2385.3623   19.5203
    0.0000  -45.0000   -7.5000 2403.4734   19.3896
    7.5000  -45.0000   -7.5000 2381.7129   19.5374
   -7.5000  -37.5000   -7.5000 2505.7568   17.9597
    0.0000  -37.5000   -7.5000 2522.9390   17.8834
    7.5000  -37.5000   -7.5000 2498.6006   17.9435
   -7.5000  -30.0000   -7.5000 2601.7354   16.7989
    0.0000  -30.0000   -7.5000 2618.6663   16.7484
    7.5000  -30.0000   -7.5000 2591.6824   16.8065
   -7.5000  -22.5000   -7.5000 2666.6877   15.9724
    0.0000  -22.5000   -7.5000 2683.0322   15.9226
    7.5000  -22.5000   -7.5000 2653.5703   15.9581
   -7.5000  -15.0000   -7.5000 2714.3691   15.4912
    0.0000  -15.0000   -7.5000 2730.2385   15.4234
    7.5000  -15.0000   -7.5000 2696.8137   15.4404
   -7.5000   -7.5000   -7.5000 2733.3901   15.4450
    0.0000   -7.5000   -7.5000 2751.7856   15.3359
    7.5000   -7.5000   -7.5000 2715.9263   15.4274
   -7.5000    0.0000   -7.5000 2709.6726   15.7852
    0.0000    0.0000   -7.5000 2732.4885   15.7279
    7.5000    0.0000   -7.5000 2695.1035   15.8155
   -7.5000    7.5000   -7.5000 2660.9924   16.5216
    0.0000    7.5000   -7.5000 2683.0098   16.4595
    7.5000    7.5000   -7.5000 2641.7700   16.5689
   -7.5000   15.0000   -7.5000 2579.6660   17.6148
    0.0000   15.0000   -7.5000 2595.5552   17.5165
    7.5000   15.0000   -7.5000 2552.1277   17.6770
   -7.5000   22.5000   -7.5000 2466.3801   19.0540
    0.0000   22.5000   -7.5000 2474.0886   18.9258
    7.5000   22.5000   -7.5000 2437.0061   19.0731
   -7.5000   30.0000   -7.5000 2336.6362   20.9957
    0.0000   30.0000   -7.5000 2343.6687   20.8027
    7.5000   30.0000   -7.5000 2311.1511   20.9905
   -7.5000   37.5000   -7.5000 2162.2688   23.3516
    0.0000   37.5000   -7.5000 2168.2566   23.1569
    7.5000   37.5000   -7.5000 2140.0723   23.3562
   -7.5000   45.0000   -7.5000 1954.5745   26.0689
    0.0000   45.0000   -7.5000 1954.7786   25.8396
    7.5000   45.0000   -7.5000 1931.5820   26.1305
   -7.5000  -45.0000    0.0000 2425.4827   18.9020
    0.0000  -45.0000    0.0000 2445.1541   18.6654
    7.5000  -45.0000    0.0000 2424.9070   18.7997
   -7.5000  -37.5000    0.0000 2558.3398   17.3558
    0.0000  -37.5000    0.0000 2575.8369   17.1407
    7.5000  -37.5000    0.0000 2552.7561   17.2689
   -7.5000  -30.0000    0.0000 2667.4397   16.1794
    0.0000  -30.0000    0.0000 2684.3010   16.0225
    7.5000  -30.0000    0.0000 2655.5076   16.1171
   -7.5000  -22.5000    0.0000 2740.2778   15.3300
    0.0000  -22.5000    0.0000 2766.1741   15.2195
    7.5000  -22.5000    0.0000 2731.9302   15.2906
   -7.5000  -15.0000    0.0000 2791.2153   14.7824
    0.0000  -15.0000    0.0000 2818.2498   14.6802
    7.5000  -15.0000    0.0000 2779.8352   14.7774
   -7.5000   -7.5000    0.0000 2816.3372   14.7195
    0.0000   -7.5000    0.0000 2842.5264   14.6111
    7.5000   -7.5000    0.0000 2799.0151   14.7292
   -7.5000    0.0000    0.0000 2796.0540   15.0767
    0.0000    0.0000    0.0000 2821.9712   14.9763
    7.5000    0.0000    0.0000 2780.4626   15.0718
   -7.5000    7.5000    0.0000 2742.3506   15.8267
    0.0000    7.5000    0.0000 2760.6011   15.6980
    7.5000    7.5000    0.0000 2721.9607   15.8175
   -7.5000   15.0000    0.0000 2646.3193   16.9427
    0.0000   15.0000    0.0000 2659.9116   16.8288
    7.5000   15.0000    0.0000 2621.6709   16.9506
   -7.5000   22.5000    0.0000 2523.5938   18.4054
    0.0000   22.5000    0.0000 2531.5461   18.3017
    7.5000   22.5000    0.0000 2496.2583   18.4107
   -7.5000   30.0000    0.0000 2385.9875   20.2756
    0.0000   30.0000    0.0000 2393.9775   20.1665
    7.5000   30.0000    0.0000 2356.8293   20.2570
   -7.5000   37.5000    0.0000 2204.9487   22.5705
    0.0000   37.5000    0.0000 2212.4768   22.4325
    7.5000   37.5000    0.0000 2178.4971   22.5591
   -7.5000   45.0000    0.0000 1992.1665   25.2550
    0.0000   45.0000    0.0000 2001.3032   25.0508
    7.5000   45.0000    0.0000 1970.2637   25.3237
   -7.5000  -45.0000    7.5000 2456.2375   18.4723
    0.0000  -45.0000    7.5000 2473.2288   18.1262
    7.5000  -45.0000    7.5000 2455.1863   18.3171
   -7.5000  -37.5000    7.5000 2585.0869   16.8901
    0.0000  -37.5000    7.5000 2603.0444   16.5816
    7.5000  -37.5000    7.5000 2580.3274   16.7589
   -7.5000  -30.0000    7.5000 2698.0396   15.7011
    0.0000  -30.0000    7.5000 2721.0723   15.4223
    7.5000  -30.0000    7.5000 2692.6455   15.6016
   -7.5000  -22.5000    7.5000 2787.3845   14.8348
    0.0000  -22.5000    7.5000 2821.2856   14.6277
    7.5000  -22.5000    7.5000 2788.0972   14.7877
   -7.5000  -15.0000    7.5000 2845.3574   14.1538
    0.0000  -15.0000    7.5000 2884.2832   13.9626
    7.5000  -15.0000    7.5000 2844.3010   14.2129
   -7.5000   -7.5000    7.5000 2874.6309   14.0582
    0.0000   -7.5000    7.5000 2908.5610   13.8908
    7.5000   -7.5000    7.5000 2858.2212   14.0939
   -7.5000    0.0000    7.5000 2846.5417   14.5364
    0.0000    0.0000    7.5000 2874.1594   14.3570
    7.5000    0.0000    7.5000 2838.4111   14.4779
   -7.5000    7.5000    7.5000 2792.6824   15.3082
    0.0000    7.5000    7.5000 2805.9751   15.1456
    7.5000    7.5000    7.5000 2766.9729   15.2523
   -7.5000   15.0000    7.5000 2690.7053   16.4190
    0.0000   15.0000    7.5000 2700.0830   16.2790
    7.5000   15.0000    7.5000 2667.6128   16.3835
   -7.5000   22.5000    7.5000 2559.8003   17.8824
    0.0000   22.5000    7.5000 2566.0923   17.7267
    7.5000   22.5000    7.5000 2535.4353   17.8542
   -7.5000   30.0000    7.5000 2414.5415   19.7728
    0.0000   30.0000    7.5000 2425.2900   19.6178
    7.5000   30.0000    7.5000 2390.7168   19.7979
   -7.5000   37.5000    7.5000 2231.3638   22.0398
    0.0000   37.5000    7.5000 2240.2732   21.8435
    7.5000   37.5000    7.5000 2211.2612   22.1006
   -7.5000   45.0000    7.5000 2014.7440   24.5668
    0.0000   45.0000    7.5000 2024.9037   24.3564
    7.5000   45.0000    7.5000 1998.7932   24.7576
   -7.5000  -45.0000   15.0000 2460.9482   18.3568
    0.0000  -45.0000   15.0000 2474.9014   17.8107
    7.5000  -45.0000   15.0000 2455.8342   18.0565
   -7.5000  -37.5000   15.0000 2590.5867   16.7954
    0.0000  -37.5000   15.0000 2601.2534   16.2745
    7.5000  -37.5000   15.0000 2581.3301   16.5481
   -7.5000  -30.0000   15.0000 2707.5945   15.6028
    0.0000  -30.0000   15.0000 2721.6577   15.1271
    7.5000  -30.0000   15.0000 2700.7480   15.3934
   -7.5000  -22.5000   15.0000 2804.1572   14.6206
    0.0000  -22.5000   15.0000 2826.0593   14.2530
    7.5000  -22.5000   15.0000 2802.9951   14.5136
   -7.5000  -15.0000   15.0000 2865.2246   13.8821
    0.0000  -15.0000   15.0000 2890.8401   13.4421
    7.5000  -15.0000   15.0000 2864.3940   13.8947
   -7.5000   -7.5000   15.0000 2903.3621   13.7467
    0.0000   -7.5000   15.0000 2922.9758   13.3354
    7.5000   -7.5000   15.0000 2886.6902   13.7681
   -7.5000    0.0000   15.0000 2881.0178   14.3207
    0.0000    0.0000   15.0000 2893.1287   13.9793
    7.5000    0.0000   15.0000 2865.0435   14.2504
   -7.5000    7.5000   15.0000 2818.5554   15.1600
    0.0000    7.5000   15.0000 2820.8567   14.8617
    7.5000    7.5000   15.0000 2790.5549   15.0692
   -7.5000   15.0000   15.0000 2710.7163   16.2385
    0.0000   15.0000   15.0000 2707.6428   15.9534
    7.5000   15.0000   15.0000 2687.5537   16.1755
   -7.5000   22.5000   15.0000 2574.4417   17.6598
    0.0000   22.5000   15.0000 2580.4333   17.3885
    7.5000   22.5000   15.0000 2551.7520   17.6483
   -7.5000   30.0000   15.0000 2428.9016   19.5622
    0.0000   30.0000   15.0000 2435.6445   19.2783
    7.5000   30.0000   15.0000 2410.7571   19.6020
   -7.5000   37.5000   15.0000 2246.6936   21.8092
    0.0000   37.5000   15.0000 2248.1169   21.5329
    7.5000   37.5000   15.0000 2229.7268   21.9665
   -7.5000   45.0000   15.0000 2023.0568   24.2681
    0.0000   45.0000   15.0000 2028.5585   24.0342
    7.5000   45.0000   15.0000 2007.8301   24.5164
   -7.5000  -45.0000   22.5000 2453.6375   18.5346
    0.0000  -45.0000   22.5000 2469.3003   17.9422
    7.5000  -45.0000   22.5000 2446.0896   18.1343
   -7.5000  -37.5000   22.5000 2587.7671   16.9913
    0.0000  -37.5000   22.5000 2602.4458   16.4375
    7.5000  -37.5000   22.5000 2572.8704   16.6390
   -7.5000  -30.0000   22.5000 2709.2351   15.7733
    0.0000  -30.0000   22.5000 2718.5374   15.2394
    7.5000  -30.0000   22.5000 2687.6223   15.4404
   -7.5000  -22.5000   22.5000 2801.7874   14.8047
    0.0000  -22.5000   22.5000 2802.6536   14.2384
    7.5000  -22.5000   22.5000 2777.1472   14.5596
   -7.5000  -15.0000   22.5000 2876.6501   14.2806
    0.0000  -15.0000   22.5000 2873.8987   13.7265
    7.5000  -15.0000   22.5000 2859.1934   14.1015
   -7.5000   -7.5000   22.5000 2917.9541   14.2383
    0.0000   -7.5000   22.5000 2925.4163   13.7664
    7.5000   -7.5000   22.5000 2898.5789   14.1389
   -7.5000    0.0000   22.5000 2885.8589   14.6222
    0.0000    0.0000   22.5000 2896.2632   14.2266
    7.5000    0.0000   22.5000 2870.5979   14.5607
   -7.5000    7.5000   22.5000 2809.1340   15.2969
    0.0000    7.5000   22.5000 2814.0027   15.0034
    7.5000    7.5000   22.5000 2786.7100   15.2421
   -7.5000   15.0000   22.5000 2698.8572   16.2908
    0.0000   15.0000   22.5000 2707.6062   16.0494
    7.5000   15.0000   22.5000 2679.8960   16.2384
   -7.5000   22.5000   22.5000 2564.7646   17.6857
    0.0000   22.5000   22.5000 2583.4226   17.4967
    7.5000   22.5000   22.5000 2546.1558   17.6663
   -7.5000   30.0000   22.5000 2420.4880   19.4931
    0.0000   30.0000   22.5000 2440.8911   19.3684
    7.5000   30.0000   22.5000 2403.3740   19.5528
   -7.5000   37.5000   22.5000 2232.1687   21.7451
    0.0000   37.5000   22.5000 2244.8035   21.6479
    7.5000   37.5000   22.5000 2213.6831   21.8843
   -7.5000   45.0000   22.5000 2017.4274   24.2627
    0.0000   45.0000   22.5000 2021.4204   24.1509
    7.5000   45.0000   22.5000 1996.6492   24.4526
   -7.5000  -45.0000   30.0000 2444.6333   18.9874
    0.0000  -45.0000   30.0000 2461.8169   18.4290
    7.5000  -45.0000   30.0000 2438.4578   18.5748
   -7.5000  -37.5000   30.0000 2577.5901   17.4637
    0.0000  -37.5000   30.0000 2593.2366   16.9948
    7.5000  -37.5000   30.0000 2560.1943   17.1169
   -7.5000  -30.0000   30.0000 2689.0872   16.2553
    0.0000  -30.0000   30.0000 2705.6331   15.8493
    7.5000  -30.0000   30.0000 2667.8567   15.9735
   -7.5000  -22.5000   30.0000 2787.0669   15.3709
    0.0000  -22.5000   30.0000 2793.2285   14.9267
    7.5000  -22.5000   30.0000 2757.4309   15.1891
   -7.5000  -15.0000   30.0000 2856.7915   14.8702
    0.0000  -15.0000   30.0000 2864.8303   14.5731
    7.5000  -15.0000   30.0000 2830.2600   14.7476
   -7.5000   -7.5000   30.0000 2881.5337   14.8425
    0.0000   -7.5000   30.0000 2897.4607   14.6032
    7.5000   -7.5000   30.0000 2855.7800   14.7485
   -7.5000    0.0000   30.0000 2843.8879   15.1813
    0.0000    0.0000   30.0000 2863.4397   14.9518
    7.5000    0.0000   30.0000 2821.3853   15.1091
   -7.5000    7.5000   30.0000 2765.1648   15.8223
    0.0000    7.5000   30.0000 2785.6765   15.6642
    7.5000    7.5000   30.0000 2747.3074   15.7802
   -7.5000   15.0000   30.0000 2661.9119   16.7744
    0.0000   15.0000   30.0000 2677.5520   16.6286
    7.5000   15.0000   30.0000 2643.4077   16.7623
   -7.5000   22.5000   30.0000 2533.1191   18.1111
    0.0000   22.5000   30.0000 2552.2925   17.9225
    7.5000   22.5000   30.0000 2521.7239   18.1036
   -7.5000   30.0000   30.0000 2397.1763   19.8803
    0.0000   30.0000   30.0000 2405.1035   19.6525
    7.5000   30.0000   30.0000 2376.0239   19.8639
   -7.5000   37.5000   30.0000 2210.4695   22.0219
    0.0000   37.5000   30.0000 2215.6223   21.8169
    7.5000   37.5000   30.0000 2190.2883   22.0424
   -7.5000   45.0000   30.0000 2002.7161   24.5048
    0.0000   45.0000   30.0000 2007.4279   24.2895
    7.5000   45.0000   30.0000 1984.5934   24.5899
   -7.5000  -45.0000   37.5000 2420.3630   19.6307
    0.0000  -45.0000   37.5000 2445.0896   19.2833
    7.5000  -45.0000   37.5000 2419.1638   19.4384
   -7.5000  -37.5000   37.5000 2546.4829   18.0528
    0.0000  -37.5000   37.5000 2574.6646   17.8226
    7.5000  -37.5000   37.5000 2541.4231   17.9518
   -7.5000  -30.0000   37.5000 2657.1238   16.8998
    0.0000  -30.0000   37.5000 2678.5710   16.6185
    7.5000  -30.0000   37.5000 2645.4966   16.7784
   -7.5000  -22.5000   37.5000 2736.6462   16.0358
    0.0000  -22.5000   37.5000 2755.1941   15.8144
    7.5000  -22.5000   37.5000 2716.9102   15.9221
   -7.5000  -15.0000   37.5000 2791.9912   15.5922
    0.0000  -15.0000   37.5000 2806.9143   15.3710
    7.5000  -15.0000   37.5000 2776.0884   15.4663
   -7.5000   -7.5000   37.5000 2803.9097   15.5768
    0.0000   -7.5000   37.5000 2823.2297   15.3472
    7.5000   -7.5000   37.5000 2784.6575   15.4284
   -7.5000    0.0000   37.5000 2769.7661   15.9006
    0.0000    0.0000   37.5000 2787.9426   15.6747
    7.5000    0.0000   37.5000 2749.2280   15.7800
   -7.5000    7.5000   37.5000 2696.2290   16.5546
    0.0000    7.5000   37.5000 2713.7148   16.3329
    7.5000    7.5000   37.5000 2674.1765   16.4447
   -7.5000   15.0000   37.5000 2596.3728   17.4881
    0.0000   15.0000   37.5000 2614.8662   17.3514
    7.5000   15.0000   37.5000 2579.6636   17.4277
   -7.5000   22.5000   37.5000 2474.6008   18.7446
    0.0000   22.5000   37.5000 2492.8772   18.6307
    7.5000   22.5000   37.5000 2460.8516   18.7245
   -7.5000   30.0000   37.5000 2337.4221   20.3784
    0.0000   30.0000   37.5000 2345.3547   20.2050
    7.5000   30.0000   37.5000 2320.4407   20.3615
   -7.5000   37.5000   37.5000 2167.8232   22.4550
    0.0000   37.5000   37.5000 2175.9036   22.2478
    7.5000   37.5000   37.5000 2149.6667   22.5029
   -7.5000   45.0000   37.5000 1968.5850   24.9735
    0.0000   45.0000   37.5000 1979.2048   24.6914
    7.5000   45.0000   37.5000 1957.5437   25.1047
   -7.5000  -45.0000   45.0000 2362.7058   20.2967
    0.0000  -45.0000   45.0000 2381.2688   20.0734
    7.5000  -45.0000   45.0000 2356.2654   20.2624
   -7.5000  -37.5000   45.0000 2485.4421   18.7759
    0.0000  -37.5000   45.0000 2501.0024   18.5203
    7.5000  -37.5000   45.0000 2472.7607   18.7098
   -7.5000  -30.0000   45.0000 2577.3936   17.6337
    0.0000  -30.0000   45.0000 2599.2173   17.3571
    7.5000  -30.0000   45.0000 2565.9622   17.5589
   -7.5000  -22.5000   45.0000 2641.3254   16.8090
    0.0000  -22.5000   45.0000 2659.3672   16.5649
    7.5000  -22.5000   45.0000 2627.1851   16.7121
   -7.5000  -15.0000   45.0000 2683.3159   16.4039
    0.0000  -15.0000   45.0000 2695.5859   16.1409
    7.5000  -15.0000   45.0000 2665.8484   16.2726
   -7.5000   -7.5000   45.0000 2684.7986   16.3746
    0.0000   -7.5000   45.0000 2699.5559   16.1232
    7.5000   -7.5000   45.0000 2674.6548   16.2139
   -7.5000    0.0000   45.0000 2654.5205   16.6546
    0.0000    0.0000   45.0000 2670.1050   16.4094
    7.5000    0.0000   45.0000 2640.6206   16.5382
   -7.5000    7.5000   45.0000 2589.7532   17.2780
    0.0000    7.5000   45.0000 2603.1379   17.0615
    7.5000    7.5000   45.0000 2568.8896   17.1969
   -7.5000   15.0000   45.0000 2493.3218   18.2030
    0.0000   15.0000   45.0000 2501.1392   18.0060
    7.5000   15.0000   45.0000 2471.9788   18.1208
   -7.5000   22.5000   45.0000 2380.2224   19.4710
    0.0000   22.5000   45.0000 2388.6143   19.3044
    7.5000   22.5000   45.0000 2358.7957   19.4123
   -7.5000   30.0000   45.0000 2246.8662   21.1409
    0.0000   30.0000   45.0000 2257.5635   20.9406
    7.5000   30.0000   45.0000 2228.6870   21.0738
   -7.5000   37.5000   45.0000 2093.8386   23.1857
    0.0000   37.5000   45.0000 2099.3162   22.9548
    7.5000   37.5000   45.0000 2075.0681   23.1634
   -7.5000   45.0000   45.0000 1907.4237   25.6856
    0.0000   45.0000   45.0000 1908.5807   25.4294
    7.5000   45.0000   45.0000 1893.5377   25.7371

---------------------------------------------------------------------
imgreg_4dfp /opt/freesurfer/average/711-2C_as_mni_average_305 /opt/freesurfer/average/711-2B_as_mni_average_305_mask talsrcimg_g11 none talsrcimg_to_711-2C_as_mni_average_305_t4 1283
---------------------------------------------------------------------

freesurfer imgreg_4dfp.c
/opt/freesurfer/average/711-2C_as_mni_average_305.4dfp.img
       256       256       256         1
  1.000000  1.000000  1.000000
orientation T byte_order littleendian
Reading image: /opt/freesurfer/average/711-2C_as_mni_average_305.4dfp.img
dimensions:      256       256       256
mmppix:       1.0000   -1.0000   -1.0000
center:     128.0000 -129.0000 -129.0000
/opt/freesurfer/average/711-2B_as_mni_average_305_mask.4dfp.img
       256       256       256         1
  1.000000  1.000000  1.000000
orientation T byte_order littleendian
Reading mask: /opt/freesurfer/average/711-2B_as_mni_average_305_mask.4dfp.img (2306576 pixels)
talsrcimg_g11.4dfp.img
       256       256       256         1
  0.900000  0.900000  0.900000
orientation T byte_order littleendian
Reading image: talsrcimg_g11.4dfp.img
dimensions:      256       256       256
mmppix:       0.9000   -0.9000   -0.9000
center:     115.2000 -116.1000 -116.1000
rotation matrix determinant  1.000000
fimgreg.f
image alignment mode   1283 decimal      503 hex
parameters
    0.0000   -7.5000   22.5000    0.0000    0.0000    0.0000
eta,q 0.91932 13.69018
niter,ni,del,rscale     5    3   12.0000    1.2000
parameter  1  0.672289 ->  0.500000 qaram    1.1500
parameter  6-19.231873 -> -0.500000 qaram    1.1500
parameters
   -3.4500   -6.5886   20.7657    0.1877   -1.7856    3.4500
eta,q 0.92514 13.57103
  0.0820  0.0904  0.0856  0.0822  0.0800  0.0848
  0.0822  0.0849  0.0823  0.0805  0.0794  0.0837
  0.0835  0.0834  0.0788  0.0799  0.0792  0.0819
  0.0816  0.0830  0.0830  0.0790  0.0790  0.0791
  0.0843  0.0832  0.0860  0.0787  0.0798  0.0765
  0.0872  0.0835  0.0869  0.0798  0.0813  0.0744
  0.0885  0.0862  0.0900  0.0824  0.0831  0.0738
niter,ni,del,rscale     6    3   12.0000    1.2000
parameter  6 -0.508608 -> -0.500000 qaram    1.3225
parameters
   -2.2468   -6.9187   20.8978    0.2314   -0.4182    7.4175
eta,q 0.92601 13.48057
  0.0955  0.0856  0.0816  0.0819  0.0817  0.0852
  0.0821  0.0804  0.0833  0.0794  0.0795  0.0820
  0.0753  0.0775  0.0800  0.0768  0.0779  0.0791
  0.0749  0.0765  0.0765  0.0765  0.0765  0.0764
  0.0778  0.0787  0.0787  0.0779  0.0768  0.0743
  0.0801  0.0829  0.0812  0.0794  0.0781  0.0742
  0.0814  0.0867  0.0829  0.0813  0.0784  0.0769
niter,ni,del,rscale     6    3   12.0000    1.2000
parameter  3  2.507157 -> -0.500000 qaram    1.1500
parameters
   -0.9853   -6.8301   24.3478    0.2190    1.3131    6.9827
eta,q 0.92499 13.88875
  0.0862  0.0901  0.0774  0.0838  0.0790  0.0844
  0.0787  0.0838  0.0827  0.0815  0.0783  0.0814
  0.0729  0.0778  0.0816  0.0777  0.0789  0.0771
  0.0740  0.0760  0.0761  0.0763  0.0763  0.0749
  0.0773  0.0794  0.0757  0.0783  0.0751  0.0770
  0.0770  0.0845  0.0763  0.0810  0.0768  0.0821
  0.0773  0.0881  0.0771  0.0840  0.0779  0.0876
niter,ni,del,rscale     6    3   12.0000    1.2000
parameters
   -1.6804   -6.2668   23.0250   -0.0603    0.5106    6.5876
eta,q 0.92342 13.71799
  0.0809  0.0916  0.0825  0.0831  0.0770  0.0847
  0.0777  0.0837  0.0787  0.0798  0.0768  0.0814
  0.0782  0.0763  0.0765  0.0769  0.0768  0.0780
  0.0750  0.0756  0.0760  0.0766  0.0764  0.0765
  0.0789  0.0768  0.0764  0.0780  0.0767  0.0780
  0.0798  0.0801  0.0849  0.0809  0.0773  0.0819
  0.0823  0.0859  0.0932  0.0840  0.0770  0.0872
niter,ni,del,rscale     5    3   12.0000    1.2000
parameter  5 -0.872574 -> -0.500000 qaram    1.1500
parameters
   -0.8214   -6.4328   22.1242   -0.1937    3.9606    7.9358
eta,q 0.92421 13.69402
  0.0853  0.0881  0.0788  0.0841  0.0783  0.0865
  0.0766  0.0803  0.0822  0.0804  0.0761  0.0830
  0.0772  0.0752  0.0773  0.0766  0.0755  0.0785
  0.0766  0.0761  0.0759  0.0760  0.0760  0.0759
  0.0771  0.0783  0.0751  0.0778  0.0763  0.0764
  0.0791  0.0823  0.0786  0.0809  0.0757  0.0786
  0.0792  0.0878  0.0885  0.0844  0.0747  0.0818
niter,ni,del,rscale     5    3   12.0000    1.2000
parameter  3  0.596278 ->  0.500000 qaram    1.3225
parameters
   -0.8414   -6.6894   18.1567   -0.7783    4.9358    7.7107
eta,q 0.92347 13.25188
  0.0793  0.0873  0.0741  0.0842  0.0822  0.0864
  0.0780  0.0794  0.0775  0.0802  0.0825  0.0818
  0.0769  0.0747  0.0757  0.0772  0.0801  0.0772
  0.0758  0.0758  0.0755  0.0776  0.0771  0.0767
  0.0750  0.0794  0.0771  0.0806  0.0767  0.0796
  0.0762  0.0828  0.0766  0.0834  0.0785  0.0832
  0.0812  0.0864  0.0818  0.0849  0.0820  0.0863
niter,ni,del,rscale     5    3   12.0000    1.2000
parameters
   -0.6983   -6.5032   18.5938   -0.7694    5.2411    7.8001
eta,q 0.92383 13.27601
  0.0825  0.0897  0.0785  0.0839  0.0816  0.0864
  0.0799  0.0824  0.0761  0.0799  0.0815  0.0818
  0.0786  0.0776  0.0753  0.0768  0.0782  0.0769
  0.0765  0.0765  0.0765  0.0762  0.0762  0.0761
  0.0768  0.0783  0.0741  0.0782  0.0767  0.0786
  0.0780  0.0830  0.0766  0.0807  0.0792  0.0820
  0.0836  0.0869  0.0776  0.0828  0.0821  0.0850
niter,ni,del,rscale     4    3   12.0000    1.2000
parameters
   -0.8072   -6.5046   18.9871   -0.8250    5.3689    7.9249
eta,q 0.92435 13.31175
  0.0810  0.0884  0.0785  0.0829  0.0803  0.0861
  0.0797  0.0807  0.0761  0.0789  0.0806  0.0812
  0.0777  0.0765  0.0763  0.0761  0.0775  0.0763
  0.0762  0.0761  0.0761  0.0756  0.0756  0.0756
  0.0769  0.0783  0.0740  0.0774  0.0760  0.0781
  0.0772  0.0831  0.0770  0.0800  0.0786  0.0814
  0.0836  0.0861  0.0778  0.0820  0.0816  0.0844
niter,ni,del,rscale     3    3   12.0000    1.2000
parameters
   -0.8167   -6.5466   19.0719   -0.8537    5.4093    7.9856
eta,q 0.92446 13.32000
  0.0803  0.0876  0.0784  0.0826  0.0801  0.0858
  0.0794  0.0796  0.0760  0.0787  0.0803  0.0809
  0.0771  0.0756  0.0767  0.0760  0.0773  0.0761
  0.0756  0.0756  0.0756  0.0755  0.0755  0.0755
  0.0767  0.0780  0.0741  0.0772  0.0759  0.0781
  0.0764  0.0827  0.0773  0.0797  0.0786  0.0814
  0.0825  0.0852  0.0782  0.0818  0.0815  0.0844
niter,ni,del,rscale     2    3   12.0000    1.2000
parameters
   -0.8400   -6.5514   19.0917   -0.8612    5.4230    8.0038
eta,q 0.92450 13.32234
  0.0801  0.0877  0.0783  0.0826  0.0801  0.0857
  0.0794  0.0796  0.0761  0.0787  0.0803  0.0808
  0.0769  0.0755  0.0769  0.0760  0.0773  0.0759
  0.0755  0.0755  0.0755  0.0755  0.0755  0.0755
  0.0767  0.0779  0.0742  0.0771  0.0759  0.0781
  0.0763  0.0825  0.0773  0.0797  0.0786  0.0815
  0.0824  0.0850  0.0784  0.0817  0.0815  0.0844
registration optimization eta report
parameter search radius
    6.9000    6.0000    7.9350    6.0000    6.9000    7.9350
100000*second partial in parameter space
       11.       30.        5.       18.       10.       15.
  0.0801  0.0877  0.0783  0.0826  0.0801  0.0857
  0.0794  0.0796  0.0761  0.0787  0.0803  0.0808
  0.0769  0.0755  0.0769  0.0760  0.0773  0.0759
  0.0755  0.0755  0.0755  0.0755  0.0755  0.0755
  0.0767  0.0779  0.0742  0.0771  0.0759  0.0781
  0.0763  0.0825  0.0773  0.0797  0.0786  0.0815
  0.0824  0.0850  0.0784  0.0817  0.0815  0.0844
   -0.8400   -6.5514   19.0917   -0.8612    5.4230    8.0038
eta,q 0.92450 13.32234

---------------------------------------------------------------------
imgreg_4dfp /opt/freesurfer/average/711-2C_as_mni_average_305 /opt/freesurfer/average/711-2B_as_mni_average_305_mask talsrcimg_g11 none talsrcimg_to_711-2C_as_mni_average_305_t4 3335
---------------------------------------------------------------------

freesurfer imgreg_4dfp.c
/opt/freesurfer/average/711-2C_as_mni_average_305.4dfp.img
       256       256       256         1
  1.000000  1.000000  1.000000
orientation T byte_order littleendian
Reading image: /opt/freesurfer/average/711-2C_as_mni_average_305.4dfp.img
dimensions:      256       256       256
mmppix:       1.0000   -1.0000   -1.0000
center:     128.0000 -129.0000 -129.0000
/opt/freesurfer/average/711-2B_as_mni_average_305_mask.4dfp.img
       256       256       256         1
  1.000000  1.000000  1.000000
orientation T byte_order littleendian
Reading mask: /opt/freesurfer/average/711-2B_as_mni_average_305_mask.4dfp.img (2306576 pixels)
talsrcimg_g11.4dfp.img
       256       256       256         1
  0.900000  0.900000  0.900000
orientation T byte_order littleendian
Reading image: talsrcimg_g11.4dfp.img
dimensions:      256       256       256
mmppix:       0.9000   -0.9000   -0.9000
center:     115.2000 -116.1000 -116.1000
fimgreg.f
image alignment mode   3335 decimal      D07 hex
parameters
   -0.8400   -6.5514   19.0917   -1.4174   -0.9655   -0.4588
  -13.7816   -9.5670   13.8616    0.1727    9.4509   -1.4964
eta,q 0.92364 13.41035
niter,ni,del,rscale     5    3    5.0000    1.2000
parameter  3  0.383209 -> -0.500000 qaram    1.1500
parameter  4-15.959805 ->  0.500000 qaram    1.1500
parameter  5  3.648882 ->  0.500000 qaram    1.1500
parameter  6  3.113698 ->  0.500000 qaram    1.1500
parameter  8 -1.237901 -> -0.500000 qaram    1.1500
parameter  9  0.838104 ->  0.500000 qaram    1.1500
parameter 11  0.584100 ->  0.500000 qaram    1.1500
parameters
   -0.6655   -6.3177   20.4717   -5.5574   -5.1055   -4.5988
  -13.1818   -5.4270    9.7216   -0.7351    5.3109   -0.9082
eta,q 0.94743 12.92497
  0.0773  0.0783  0.0761  0.0629  0.0580  0.0541  0.0589  0.0641  0.0531  0.0563  0.0528  0.0542
  0.0769  0.0772  0.0763  0.0671  0.0612  0.0561  0.0578  0.0615  0.0531  0.0543  0.0526  0.0535
  0.0765  0.0766  0.0765  0.0715  0.0646  0.0591  0.0572  0.0589  0.0535  0.0531  0.0526  0.0529
  0.0764  0.0764  0.0764  0.0755  0.0684  0.0621  0.0569  0.0569  0.0543  0.0532  0.0530  0.0526
  0.0764  0.0765  0.0759  0.0796  0.0727  0.0664  0.0571  0.0553  0.0555  0.0541  0.0536  0.0527
  0.0767  0.0769  0.0754  0.0835  0.0774  0.0715  0.0575  0.0541  0.0572  0.0558  0.0545  0.0531
  0.0771  0.0776  0.0751  0.0875  0.0822  0.0740  0.0583  0.0539  0.0592  0.0582  0.0556  0.0538
niter,ni,del,rscale     7    3    5.0000    1.2000
parameter  3  0.671472 ->  0.500000 qaram    1.3225
parameter  4  5.721871 ->  0.500000 qaram    1.3225
parameter  5  1.486136 ->  0.500000 qaram    1.3225
parameter  6  0.923236 ->  0.500000 qaram    1.3225
parameter 12  0.581485 ->  0.500000 qaram    1.1500
parameters
   -1.4510   -6.5106   18.8847  -10.3184   -9.8665   -9.3598
   -9.8004   -3.7922   10.2167   -2.3975    4.4482   -5.0482
eta,q 0.96801 12.53825
  0.0534  0.0543  0.0520  0.0378  0.0360  0.0331  0.0386  0.0448  0.0357  0.0340  0.0350  0.0322
  0.0526  0.0532  0.0516  0.0406  0.0373  0.0332  0.0365  0.0404  0.0341  0.0328  0.0334  0.0320
  0.0523  0.0525  0.0516  0.0457  0.0393  0.0352  0.0347  0.0359  0.0329  0.0323  0.0325  0.0321
  0.0526  0.0523  0.0523  0.0515  0.0418  0.0378  0.0336  0.0330  0.0325  0.0325  0.0323  0.0323
  0.0534  0.0527  0.0535  0.0576  0.0453  0.0434  0.0330  0.0327  0.0327  0.0331  0.0330  0.0326
  0.0546  0.0537  0.0547  0.0628  0.0493  0.0509  0.0331  0.0351  0.0335  0.0346  0.0344  0.0331
  0.0562  0.0551  0.0557  0.0680  0.0539  0.0568  0.0338  0.0389  0.0351  0.0368  0.0363  0.0338
niter,ni,del,rscale     7    3    5.0000    1.2000
parameter  2  0.861437 ->  0.500000 qaram    1.1500
parameter  3  1.180334 ->  0.500000 qaram    1.5209
parameter  5  0.902912 ->  0.500000 qaram    1.5209
parameters
   -0.9884   -7.8906   17.0596  -15.0038  -15.3417  -11.2746
   -9.7048   -3.1019   12.0295   -3.8832    5.3652   -5.8981
eta,q 0.97753 12.33727
  0.0379  0.0306  0.0264  0.0275  0.0232  0.0265  0.0257  0.0305  0.0265  0.0248  0.0243  0.0241
  0.0351  0.0304  0.0268  0.0264  0.0224  0.0248  0.0241  0.0261  0.0249  0.0234  0.0234  0.0232
  0.0330  0.0309  0.0282  0.0258  0.0233  0.0233  0.0232  0.0236  0.0236  0.0226  0.0228  0.0226
  0.0320  0.0319  0.0305  0.0271  0.0260  0.0224  0.0229  0.0229  0.0228  0.0227  0.0225  0.0225
  0.0320  0.0333  0.0338  0.0315  0.0295  0.0232  0.0232  0.0231  0.0227  0.0237  0.0225  0.0228
  0.0329  0.0351  0.0375  0.0377  0.0331  0.0275  0.0241  0.0248  0.0232  0.0254  0.0228  0.0237
  0.0346  0.0371  0.0412  0.0447  0.0369  0.0359  0.0254  0.0281  0.0244  0.0276  0.0237  0.0251
niter,ni,del,rscale     7    3    5.0000    1.2000
parameters
   -0.6597   -7.8039   15.6418  -15.1839  -16.2670  -11.8588
  -10.2628   -3.0583   12.2372   -3.4574    5.7975   -6.0448
eta,q 0.97779 12.28607
  0.0263  0.0265  0.0232  0.0263  0.0278  0.0269  0.0244  0.0292  0.0247  0.0257  0.0239  0.0239
  0.0244  0.0244  0.0221  0.0245  0.0252  0.0250  0.0231  0.0252  0.0234  0.0238  0.0231  0.0231
  0.0231  0.0230  0.0218  0.0231  0.0231  0.0234  0.0224  0.0228  0.0225  0.0227  0.0225  0.0224
  0.0225  0.0224  0.0224  0.0218  0.0219  0.0221  0.0223  0.0222  0.0222  0.0222  0.0222  0.0222
  0.0225  0.0228  0.0238  0.0215  0.0230  0.0215  0.0228  0.0229  0.0225  0.0225  0.0223  0.0224
  0.0233  0.0240  0.0259  0.0237  0.0267  0.0236  0.0237  0.0252  0.0233  0.0235  0.0227  0.0231
  0.0246  0.0261  0.0289  0.0280  0.0306  0.0312  0.0250  0.0290  0.0245  0.0249  0.0237  0.0242
niter,ni,del,rscale     6    3    5.0000    1.2000
parameters
   -0.5702   -7.6054   15.6806  -14.9950  -16.4264  -11.8764
  -10.3161   -3.0742   12.1847   -3.3225    5.8073   -6.2662
eta,q 0.97782 12.28356
  0.0255  0.0261  0.0257  0.0266  0.0285  0.0273  0.0247  0.0291  0.0245  0.0253  0.0238  0.0239
  0.0237  0.0241  0.0238  0.0249  0.0259  0.0253  0.0233  0.0251  0.0232  0.0236  0.0229  0.0230
  0.0226  0.0228  0.0226  0.0234  0.0237  0.0236  0.0224  0.0228  0.0224  0.0225  0.0224  0.0224
  0.0222  0.0222  0.0222  0.0222  0.0221  0.0222  0.0222  0.0222  0.0222  0.0222  0.0222  0.0222
  0.0225  0.0224  0.0226  0.0217  0.0225  0.0214  0.0225  0.0229  0.0225  0.0226  0.0223  0.0224
  0.0234  0.0234  0.0237  0.0235  0.0258  0.0227  0.0234  0.0252  0.0233  0.0236  0.0228  0.0230
  0.0250  0.0252  0.0255  0.0275  0.0296  0.0298  0.0247  0.0291  0.0246  0.0250  0.0239  0.0242
niter,ni,del,rscale     5    3    5.0000    1.2000
parameters
   -0.5652   -7.5638   15.6889  -14.9910  -16.4606  -11.8517
  -10.3161   -3.0793   12.1877   -3.2621    5.7990   -6.3289
eta,q 0.97782 12.28276
  0.0253  0.0256  0.0256  0.0265  0.0286  0.0273  0.0247  0.0291  0.0245  0.0253  0.0238  0.0240
  0.0236  0.0238  0.0237  0.0248  0.0260  0.0253  0.0233  0.0251  0.0232  0.0235  0.0229  0.0231
  0.0225  0.0226  0.0226  0.0234  0.0238  0.0236  0.0224  0.0228  0.0224  0.0225  0.0224  0.0224
  0.0222  0.0222  0.0222  0.0222  0.0222  0.0222  0.0222  0.0222  0.0222  0.0222  0.0222  0.0222
  0.0225  0.0225  0.0226  0.0218  0.0225  0.0214  0.0225  0.0229  0.0224  0.0226  0.0223  0.0224
  0.0235  0.0236  0.0237  0.0237  0.0256  0.0227  0.0234  0.0252  0.0233  0.0236  0.0228  0.0230
  0.0252  0.0255  0.0256  0.0278  0.0294  0.0297  0.0246  0.0291  0.0245  0.0250  0.0239  0.0241
niter,ni,del,rscale     4    3    5.0000    1.2000
parameters
   -0.5659   -7.5520   15.6892  -14.9940  -16.4687  -11.8502
  -10.3179   -3.0845   12.1951   -3.2496    5.7929   -6.3479
eta,q 0.97782 12.28227
  0.0253  0.0256  0.0256  0.0265  0.0286  0.0273  0.0247  0.0291  0.0245  0.0252  0.0238  0.0240
  0.0236  0.0237  0.0237  0.0248  0.0260  0.0253  0.0233  0.0251  0.0232  0.0235  0.0230  0.0231
  0.0225  0.0226  0.0226  0.0234  0.0238  0.0236  0.0224  0.0228  0.0224  0.0225  0.0224  0.0224
  0.0222  0.0222  0.0222  0.0222  0.0222  0.0222  0.0222  0.0222  0.0222  0.0222  0.0222  0.0222
  0.0225  0.0226  0.0226  0.0218  0.0224  0.0214  0.0225  0.0229  0.0224  0.0226  0.0223  0.0224
  0.0235  0.0237  0.0237  0.0237  0.0256  0.0227  0.0234  0.0252  0.0233  0.0236  0.0228  0.0230
  0.0253  0.0255  0.0256  0.0278  0.0294  0.0297  0.0246  0.0291  0.0245  0.0251  0.0239  0.0241
registration optimization eta report
parameter search radius
    2.4000    2.7600    3.6501    9.5220   10.9503    9.5220
    7.2000    8.2800    8.2800    7.2000    8.2800    8.2800
100000*second partial in parameter space
       53.       44.       26.        6.        6.        7.
        5.       10.        3.        6.        2.        3.
  0.0253  0.0256  0.0256  0.0265  0.0286  0.0273  0.0247  0.0291  0.0245  0.0252  0.0238  0.0240
  0.0236  0.0237  0.0237  0.0248  0.0260  0.0253  0.0233  0.0251  0.0232  0.0235  0.0230  0.0231
  0.0225  0.0226  0.0226  0.0234  0.0238  0.0236  0.0224  0.0228  0.0224  0.0225  0.0224  0.0224
  0.0222  0.0222  0.0222  0.0222  0.0222  0.0222  0.0222  0.0222  0.0222  0.0222  0.0222  0.0222
  0.0225  0.0226  0.0226  0.0218  0.0224  0.0214  0.0225  0.0229  0.0224  0.0226  0.0223  0.0224
  0.0235  0.0237  0.0237  0.0237  0.0256  0.0227  0.0234  0.0252  0.0233  0.0236  0.0228  0.0230
  0.0253  0.0255  0.0256  0.0278  0.0294  0.0297  0.0246  0.0291  0.0245  0.0251  0.0239  0.0241
   -0.5659   -7.5520   15.6892  -14.9940  -16.4687  -11.8502
  -10.3179   -3.0845   12.1951   -3.2496    5.7929   -6.3479
eta,q 0.97782 12.28227

---------------------------------------------------------------------
imgreg_4dfp /opt/freesurfer/average/711-2C_as_mni_average_305 /opt/freesurfer/average/711-2B_as_mni_average_305_mask talsrcimg_g11 none talsrcimg_to_711-2C_as_mni_average_305_t4 2311
---------------------------------------------------------------------

freesurfer imgreg_4dfp.c
/opt/freesurfer/average/711-2C_as_mni_average_305.4dfp.img
       256       256       256         1
  1.000000  1.000000  1.000000
orientation T byte_order littleendian
Reading image: /opt/freesurfer/average/711-2C_as_mni_average_305.4dfp.img
dimensions:      256       256       256
mmppix:       1.0000   -1.0000   -1.0000
center:     128.0000 -129.0000 -129.0000
/opt/freesurfer/average/711-2B_as_mni_average_305_mask.4dfp.img
       256       256       256         1
  1.000000  1.000000  1.000000
orientation T byte_order littleendian
Reading mask: /opt/freesurfer/average/711-2B_as_mni_average_305_mask.4dfp.img (2306576 pixels)
talsrcimg_g11.4dfp.img
       256       256       256         1
  0.900000  0.900000  0.900000
orientation T byte_order littleendian
Reading image: talsrcimg_g11.4dfp.img
dimensions:      256       256       256
mmppix:       0.9000   -0.9000   -0.9000
center:     115.2000 -116.1000 -116.1000
fimgreg.f
image alignment mode   2311 decimal      907 hex
parameters
   -0.5659   -7.5520   15.6892  -14.9940  -16.4687  -11.8502
  -10.3179   -3.0845   12.1951   -3.2496    5.7929   -6.3479
eta,q 0.97782 12.28227
niter,ni,del,rscale     5    3    5.0000    0.8000
parameters
   -0.5627   -7.5457   15.6775  -12.9111  -15.5484  -10.1535
  -10.0768   -3.1787   12.0359   -3.1322    5.6156   -6.2428
eta,q 0.97882 12.45156
  0.0236  0.0233  0.0229  0.0241  0.0239  0.0239  0.0228  0.0249  0.0222  0.0230  0.0222  0.0220
  0.0228  0.0227  0.0225  0.0234  0.0231  0.0230  0.0219  0.0228  0.0216  0.0220  0.0216  0.0216
  0.0223  0.0223  0.0223  0.0228  0.0223  0.0221  0.0214  0.0215  0.0213  0.0214  0.0213  0.0213
  0.0222  0.0222  0.0222  0.0222  0.0217  0.0215  0.0212  0.0212  0.0212  0.0212  0.0212  0.0212
  0.0223  0.0223  0.0223  0.0218  0.0215  0.0212  0.0213  0.0218  0.0213  0.0214  0.0213  0.0212
  0.0228  0.0227  0.0225  0.0218  0.0219  0.0213  0.0217  0.0231  0.0217  0.0220  0.0217  0.0215
  0.0235  0.0233  0.0229  0.0225  0.0229  0.0221  0.0225  0.0251  0.0223  0.0228  0.0224  0.0220
niter,ni,del,rscale     4    3    5.0000    0.7000
parameters
   -0.5951   -7.6518   15.8910  -13.6316  -15.5426   -9.7779
  -10.0530   -3.2417   12.2184   -3.2093    5.6035   -6.1221
eta,q 0.97889 12.44359
  0.0226  0.0221  0.0222  0.0223  0.0227  0.0228  0.0222  0.0239  0.0220  0.0224  0.0219  0.0218
  0.0218  0.0216  0.0217  0.0217  0.0220  0.0221  0.0216  0.0223  0.0215  0.0217  0.0215  0.0214
  0.0213  0.0212  0.0213  0.0213  0.0215  0.0215  0.0212  0.0214  0.0212  0.0212  0.0212  0.0212
  0.0212  0.0212  0.0212  0.0211  0.0212  0.0212  0.0211  0.0211  0.0211  0.0211  0.0211  0.0211
  0.0213  0.0213  0.0212  0.0215  0.0212  0.0211  0.0212  0.0215  0.0212  0.0213  0.0212  0.0212
  0.0219  0.0218  0.0214  0.0224  0.0218  0.0215  0.0216  0.0225  0.0214  0.0218  0.0215  0.0214
  0.0228  0.0224  0.0217  0.0238  0.0229  0.0225  0.0222  0.0240  0.0219  0.0225  0.0219  0.0217
niter,ni,del,rscale     3    3    5.0000    0.6000
parameters
   -0.5964   -7.6825   15.8345  -13.7462  -15.4285   -9.6145
  -10.0993   -3.2712   12.2370   -3.2326    5.6198   -6.1458
eta,q 0.97891 12.45080
  0.0222  0.0219  0.0216  0.0223  0.0224  0.0223  0.0219  0.0233  0.0217  0.0221  0.0217  0.0216
  0.0216  0.0214  0.0213  0.0218  0.0218  0.0218  0.0214  0.0220  0.0214  0.0215  0.0214  0.0213
  0.0212  0.0212  0.0211  0.0213  0.0214  0.0214  0.0212  0.0213  0.0212  0.0212  0.0212  0.0211
  0.0211  0.0211  0.0211  0.0211  0.0211  0.0211  0.0211  0.0211  0.0211  0.0211  0.0211  0.0211
  0.0212  0.0212  0.0212  0.0212  0.0212  0.0211  0.0212  0.0214  0.0211  0.0212  0.0212  0.0211
  0.0216  0.0215  0.0214  0.0217  0.0216  0.0214  0.0215  0.0222  0.0213  0.0216  0.0214  0.0213
  0.0222  0.0220  0.0217  0.0226  0.0223  0.0223  0.0219  0.0233  0.0217  0.0221  0.0217  0.0216
niter,ni,del,rscale     2    3    5.0000    0.5000
parameters
   -0.5918   -7.6911   15.8121  -13.7182  -15.3247   -9.5050
  -10.0950   -3.3018   12.2431   -3.2273    5.6274   -6.1678
eta,q 0.97893 12.45914
  0.0218  0.0216  0.0215  0.0220  0.0220  0.0219  0.0216  0.0227  0.0215  0.0218  0.0215  0.0214
  0.0214  0.0213  0.0212  0.0216  0.0216  0.0215  0.0213  0.0218  0.0213  0.0214  0.0213  0.0212
  0.0212  0.0212  0.0211  0.0213  0.0213  0.0212  0.0211  0.0212  0.0211  0.0212  0.0211  0.0211
  0.0211  0.0211  0.0211  0.0211  0.0211  0.0211  0.0211  0.0211  0.0211  0.0211  0.0211  0.0211
  0.0212  0.0212  0.0211  0.0211  0.0211  0.0211  0.0211  0.0213  0.0211  0.0212  0.0211  0.0211
  0.0214  0.0214  0.0213  0.0215  0.0214  0.0213  0.0213  0.0218  0.0213  0.0214  0.0213  0.0212
  0.0218  0.0217  0.0215  0.0221  0.0220  0.0219  0.0216  0.0227  0.0215  0.0218  0.0215  0.0214
niter,ni,del,rscale     1    3    5.0000    0.4000
parameters
   -0.5910   -7.6979   15.8110  -13.6763  -15.2505   -9.4146
  -10.1007   -3.3337   12.2615   -3.2277    5.6385   -6.1961
eta,q 0.97894 12.46592
  0.0216  0.0214  0.0213  0.0217  0.0217  0.0216  0.0214  0.0221  0.0213  0.0216  0.0214  0.0213
  0.0213  0.0212  0.0212  0.0214  0.0214  0.0214  0.0212  0.0215  0.0212  0.0213  0.0212  0.0211
  0.0211  0.0211  0.0211  0.0212  0.0212  0.0212  0.0211  0.0212  0.0211  0.0211  0.0211  0.0211
  0.0211  0.0211  0.0211  0.0211  0.0211  0.0211  0.0211  0.0211  0.0211  0.0211  0.0211  0.0211
  0.0211  0.0211  0.0211  0.0211  0.0211  0.0211  0.0211  0.0212  0.0211  0.0211  0.0211  0.0211
  0.0213  0.0212  0.0212  0.0213  0.0213  0.0213  0.0212  0.0216  0.0212  0.0213  0.0212  0.0212
  0.0216  0.0214  0.0213  0.0217  0.0217  0.0216  0.0214  0.0221  0.0213  0.0215  0.0214  0.0213
registration optimization eta report
parameter search radius
    0.8000    0.8000    0.8000    2.4000    2.4000    2.4000
    2.4000    2.4000    2.4000    2.4000    2.4000    2.4000
100000*second partial in parameter space
       76.       58.       40.       11.       10.        9.
        6.       18.        5.        8.        5.        4.
  0.0216  0.0214  0.0213  0.0217  0.0217  0.0216  0.0214  0.0221  0.0213  0.0216  0.0214  0.0213
  0.0213  0.0212  0.0212  0.0214  0.0214  0.0214  0.0212  0.0215  0.0212  0.0213  0.0212  0.0211
  0.0211  0.0211  0.0211  0.0212  0.0212  0.0212  0.0211  0.0212  0.0211  0.0211  0.0211  0.0211
  0.0211  0.0211  0.0211  0.0211  0.0211  0.0211  0.0211  0.0211  0.0211  0.0211  0.0211  0.0211
  0.0211  0.0211  0.0211  0.0211  0.0211  0.0211  0.0211  0.0212  0.0211  0.0211  0.0211  0.0211
  0.0213  0.0212  0.0212  0.0213  0.0213  0.0213  0.0212  0.0216  0.0212  0.0213  0.0212  0.0212
  0.0216  0.0214  0.0213  0.0217  0.0217  0.0216  0.0214  0.0221  0.0213  0.0215  0.0214  0.0213
   -0.5910   -7.6979   15.8110  -13.6763  -15.2505   -9.4146
  -10.1007   -3.3337   12.2615   -3.2277    5.6385   -6.1961
eta,q 0.97894 12.46592

---------------------------------------------------------------------
imgreg_4dfp /opt/freesurfer/average/711-2C_as_mni_average_305 /opt/freesurfer/average/711-2B_as_mni_average_305_mask talsrcimg_g11 none talsrcimg_to_711-2C_as_mni_average_305_t4 2311
---------------------------------------------------------------------

freesurfer imgreg_4dfp.c
/opt/freesurfer/average/711-2C_as_mni_average_305.4dfp.img
       256       256       256         1
  1.000000  1.000000  1.000000
orientation T byte_order littleendian
Reading image: /opt/freesurfer/average/711-2C_as_mni_average_305.4dfp.img
dimensions:      256       256       256
mmppix:       1.0000   -1.0000   -1.0000
center:     128.0000 -129.0000 -129.0000
/opt/freesurfer/average/711-2B_as_mni_average_305_mask.4dfp.img
       256       256       256         1
  1.000000  1.000000  1.000000
orientation T byte_order littleendian
Reading mask: /opt/freesurfer/average/711-2B_as_mni_average_305_mask.4dfp.img (2306576 pixels)
talsrcimg_g11.4dfp.img
       256       256       256         1
  0.900000  0.900000  0.900000
orientation T byte_order littleendian
Reading image: talsrcimg_g11.4dfp.img
dimensions:      256       256       256
mmppix:       0.9000   -0.9000   -0.9000
center:     115.2000 -116.1000 -116.1000
fimgreg.f
image alignment mode   2311 decimal      907 hex
parameters
   -0.5910   -7.6979   15.8110  -13.6762  -15.2505   -9.4146
  -10.1007   -3.3337   12.2615   -3.2277    5.6385   -6.1961
eta,q 0.97894 12.46592
niter,ni,del,rscale     5    3    5.0000    0.8000
parameters
   -0.6204   -7.7167   15.8378  -14.1623  -15.6200   -9.8702
  -10.1414   -3.2498   12.2762   -3.2316    5.6647   -6.0970
eta,q 0.97880 12.42342
  0.0229  0.0225  0.0221  0.0228  0.0229  0.0228  0.0225  0.0248  0.0222  0.0229  0.0222  0.0220
  0.0219  0.0217  0.0215  0.0220  0.0220  0.0221  0.0218  0.0228  0.0217  0.0220  0.0216  0.0216
  0.0213  0.0212  0.0212  0.0214  0.0214  0.0215  0.0213  0.0216  0.0213  0.0214  0.0213  0.0213
  0.0211  0.0211  0.0211  0.0211  0.0211  0.0211  0.0212  0.0212  0.0212  0.0212  0.0212  0.0212
  0.0213  0.0212  0.0212  0.0214  0.0213  0.0212  0.0214  0.0216  0.0213  0.0214  0.0213  0.0213
  0.0220  0.0217  0.0215  0.0224  0.0223  0.0220  0.0218  0.0227  0.0216  0.0220  0.0216  0.0215
  0.0231  0.0226  0.0220  0.0241  0.0238  0.0245  0.0225  0.0245  0.0222  0.0229  0.0221  0.0220
niter,ni,del,rscale     4    3    5.0000    0.7000
parameters
   -0.5884   -7.6767   15.7688  -13.8850  -15.5063   -9.7827
  -10.1256   -3.2439   12.2530   -3.2260    5.6528   -6.1621
eta,q 0.97888 12.43898
  0.0226  0.0223  0.0218  0.0229  0.0228  0.0227  0.0222  0.0240  0.0219  0.0225  0.0219  0.0217
  0.0219  0.0217  0.0215  0.0222  0.0220  0.0220  0.0216  0.0224  0.0215  0.0217  0.0215  0.0214
  0.0214  0.0213  0.0212  0.0216  0.0215  0.0215  0.0212  0.0214  0.0212  0.0213  0.0212  0.0212
  0.0212  0.0212  0.0212  0.0212  0.0212  0.0211  0.0211  0.0211  0.0211  0.0211  0.0211  0.0211
  0.0213  0.0213  0.0213  0.0212  0.0212  0.0211  0.0213  0.0215  0.0212  0.0213  0.0212  0.0212
  0.0218  0.0216  0.0216  0.0217  0.0217  0.0216  0.0216  0.0225  0.0215  0.0218  0.0215  0.0214
  0.0225  0.0222  0.0220  0.0227  0.0228  0.0228  0.0222  0.0239  0.0219  0.0225  0.0219  0.0218
niter,ni,del,rscale     3    3    5.0000    0.6000
parameters
   -0.5810   -7.6768   15.7882  -13.7867  -15.4119   -9.6259
  -10.1151   -3.2675   12.2497   -3.2188    5.6456   -6.1734
eta,q 0.97891 12.45024
  0.0222  0.0219  0.0217  0.0224  0.0224  0.0223  0.0219  0.0233  0.0217  0.0221  0.0217  0.0216
  0.0216  0.0215  0.0214  0.0219  0.0218  0.0218  0.0214  0.0220  0.0214  0.0216  0.0214  0.0213
  0.0213  0.0212  0.0212  0.0214  0.0214  0.0214  0.0212  0.0213  0.0212  0.0212  0.0212  0.0211
  0.0211  0.0211  0.0211  0.0211  0.0211  0.0211  0.0211  0.0211  0.0211  0.0211  0.0211  0.0211
  0.0212  0.0212  0.0212  0.0212  0.0212  0.0211  0.0212  0.0214  0.0211  0.0212  0.0212  0.0211
  0.0216  0.0215  0.0214  0.0216  0.0216  0.0214  0.0215  0.0221  0.0213  0.0216  0.0214  0.0213
  0.0222  0.0219  0.0217  0.0225  0.0224  0.0223  0.0219  0.0233  0.0217  0.0221  0.0217  0.0216
niter,ni,del,rscale     2    3    5.0000    0.5000
parameters
   -0.5848   -7.6870   15.8023  -13.7203  -15.3284   -9.5034
  -10.1024   -3.3025   12.2354   -3.2156    5.6359   -6.1769
eta,q 0.97893 12.45914
  0.0218  0.0216  0.0215  0.0220  0.0220  0.0219  0.0216  0.0227  0.0215  0.0218  0.0215  0.0214
  0.0214  0.0213  0.0213  0.0216  0.0216  0.0215  0.0213  0.0218  0.0213  0.0214  0.0213  0.0212
  0.0212  0.0212  0.0211  0.0213  0.0213  0.0212  0.0211  0.0212  0.0211  0.0211  0.0211  0.0211
  0.0211  0.0211  0.0211  0.0211  0.0211  0.0211  0.0211  0.0211  0.0211  0.0211  0.0211  0.0211
  0.0212  0.0212  0.0211  0.0211  0.0211  0.0211  0.0211  0.0213  0.0211  0.0212  0.0211  0.0211
  0.0214  0.0214  0.0213  0.0214  0.0214  0.0213  0.0213  0.0218  0.0213  0.0214  0.0213  0.0212
  0.0218  0.0217  0.0215  0.0221  0.0220  0.0219  0.0216  0.0227  0.0215  0.0218  0.0215  0.0214
niter,ni,del,rscale     1    3    5.0000    0.4000
parameters
   -0.5898   -7.6973   15.8127  -13.6751  -15.2502   -9.4124
  -10.0955   -3.3317   12.2538   -3.2257    5.6413   -6.1994
eta,q 0.97894 12.46593
  0.0216  0.0214  0.0213  0.0217  0.0217  0.0216  0.0214  0.0221  0.0213  0.0216  0.0214  0.0213
  0.0213  0.0212  0.0212  0.0214  0.0214  0.0214  0.0212  0.0215  0.0212  0.0213  0.0212  0.0212
  0.0211  0.0211  0.0211  0.0212  0.0212  0.0212  0.0211  0.0212  0.0211  0.0211  0.0211  0.0211
  0.0211  0.0211  0.0211  0.0211  0.0211  0.0211  0.0211  0.0211  0.0211  0.0211  0.0211  0.0211
  0.0211  0.0211  0.0211  0.0211  0.0211  0.0211  0.0211  0.0212  0.0211  0.0211  0.0211  0.0211
  0.0213  0.0212  0.0212  0.0213  0.0213  0.0213  0.0212  0.0216  0.0212  0.0213  0.0212  0.0212
  0.0216  0.0215  0.0213  0.0217  0.0217  0.0216  0.0214  0.0221  0.0213  0.0216  0.0214  0.0213
registration optimization eta report
parameter search radius
    0.8000    0.8000    0.8000    2.4000    2.4000    2.4000
    2.4000    2.4000    2.4000    2.4000    2.4000    2.4000
100000*second partial in parameter space
       77.       58.       40.       11.       10.        9.
        6.       18.        5.        8.        5.        4.
  0.0216  0.0214  0.0213  0.0217  0.0217  0.0216  0.0214  0.0221  0.0213  0.0216  0.0214  0.0213
  0.0213  0.0212  0.0212  0.0214  0.0214  0.0214  0.0212  0.0215  0.0212  0.0213  0.0212  0.0212
  0.0211  0.0211  0.0211  0.0212  0.0212  0.0212  0.0211  0.0212  0.0211  0.0211  0.0211  0.0211
  0.0211  0.0211  0.0211  0.0211  0.0211  0.0211  0.0211  0.0211  0.0211  0.0211  0.0211  0.0211
  0.0211  0.0211  0.0211  0.0211  0.0211  0.0211  0.0211  0.0212  0.0211  0.0211  0.0211  0.0211
  0.0213  0.0212  0.0212  0.0213  0.0213  0.0213  0.0212  0.0216  0.0212  0.0213  0.0212  0.0212
  0.0216  0.0215  0.0213  0.0217  0.0217  0.0216  0.0214  0.0221  0.0213  0.0216  0.0214  0.0213
   -0.5898   -7.6973   15.8127  -13.6751  -15.2502   -9.4124
  -10.0955   -3.3317   12.2538   -3.2257    5.6413   -6.1994
eta,q 0.97894 12.46593

---------------------------------------------------------------------
compute_vox2vox talsrcimg talsrcimg_to_711-2C_as_mni_average_305_t4 /opt/freesurfer/average/711-2C_as_mni_average_305
---------------------------------------------------------------------

freesurfer compute_vox2vox.c
Reading: talsrcimg.4dfp.ifh
Reading: talsrcimg_to_711-2C_as_mni_average_305_t4
Reading: /opt/freesurfer/average/711-2C_as_mni_average_305.4dfp.ifh
Writing: talsrcimg_to_711-2C_as_mni_average_305_t4_vox2vox.txt

start time Thu Mar 12 19:37:18 CET 2026
end		time Thu Mar 12 19:38:51 CET 2026

mpr2mni305 success

avi2talxfm orig_nu.mgz /opt/freesurfer/average/mni305.cor.mgz talsrcimg_to_711-2C_as_mni_average_305_t4_vox2vox.txt transforms/talairach.auto.xfm
avi2talxfm done
mv -f /out/sourcedata/freesurfer/sub-v2s1x29892_ses-1/mri/talsrcimg_to_711-2C_as_mni_average_305_t4_vox2vox.txt /out/sourcedata/freesurfer/sub-v2s1x29892_ses-1/mri/transforms/talsrcimg_to_711-2C_as_mni_average_305_t4_vox2vox.txt
lta_convert --src orig_nu.mgz --trg /opt/freesurfer/average/mni305.cor.mgz --inxfm transforms/talairach.auto.xfm --outlta transforms/talairach.auto.xfm.lta --subject fsaverage
7.3.2

--src: orig_nu.mgz src image (geometry).
--trg: /opt/freesurfer/average/mni305.cor.mgz trg image (geometry).
--inmni: transforms/talairach.auto.xfm input MNI/XFM transform.
--outlta: transforms/talairach.auto.xfm.lta output LTA.
--s: fsaverage subject name
 LTA read, type : 1
 1.13567   0.04671   0.13870   2.84572;
-0.08218   1.10341   0.07092  -42.37372;
-0.16733   0.03524   1.16259   16.53530;
 0.00000   0.00000   0.00000   1.00000;
setting subject to fsaverage
Writing  LTA to file transforms/talairach.auto.xfm.lta...
lta_convert successful.
 
 
Started at Thu Mar 12 19:37:17 CET 2026
Ended   at Thu Mar 12 19:38:51 CET 2026
talairach_avi done
