/out/sourcedata/freesurfer/sub-v2s1x29913_ses-1/mri
/opt/freesurfer/bin/talairach_avi
--i orig_nu.mgz --xfm transforms/talairach.auto.xfm
talairach_avi 7.3.2
Linux dna035 5.14.0-427.37.1.el9_4.x86_64 #1 SMP PREEMPT_DYNAMIC Fri Sep 13 12:41:50 EDT 2024 x86_64 x86_64 x86_64 GNU/Linux
Thu Mar 12 20:16:13 CET 2026
mri_convert orig_nu.mgz talsrcimg.img 
reading from orig_nu.mgz...
TR=0.00, TE=0.00, TI=0.00, flip angle=0.00
i_ras = (-1, 0, 0)
j_ras = (0, 0, -1)
k_ras = (0, 1, 0)
writing to talsrcimg.img...
Analyze Output Matrix
-0.90000   0.00000   0.00000   107.19135;
 0.00000   0.00000   0.90000  -92.01112;
 0.00000  -0.90000   0.00000   170.56142;
 0.00000   0.00000   0.00000   1.00000;
--------------------
INFO: set hdr.hist.orient to -1
mpr2mni305 talsrcimg
Thu Mar 12 20:16:14 CET 2026
/opt/freesurfer/bin/mpr2mni305 talsrcimg
mpr2mni305 7.3.2
target=711-2C_as_mni_average_305

---------------------------------------------------------------------
analyzeto4dfp talsrcimg -O0 -y
---------------------------------------------------------------------

freesurfer ifh2hdr.c
Thu Mar 12 20:16:14 2026
Writing: talsrcimg.4dfp.hdr
freesurfer analyzeto4dfp.c
Reading: talsrcimg.hdr
header size 348 bytes
hdr.dime.datatype	offset=70	value=2
hdr.dime.bitpix		offset=72	value=8
hdr.hist.orient		offset=252	value=-1
dimensionality     4
dimensions       256       256       256         1
Reading: talsrcimg.img
Writing: talsrcimg.4dfp.img
Writing: talsrcimg.4dfp.ifh
ifh2hdr talsrcimg -r0to255
ori=2

---------------------------------------------------------------------
gauss_4dfp talsrcimg 1.1
---------------------------------------------------------------------

freesurfer gauss_4dfp.c
Reading: talsrcimg.4dfp.img
Writing: talsrcimg_g11.4dfp.img
image dimensions 256 256 256 padded to 288 288 288
processing volume 1freesurfer ifh2hdr.c
Thu Mar 12 20:16:16 2026
Writing: talsrcimg_g11.4dfp.hdr

Writing: talsrcimg_g11.4dfp.ifh
including: talsrcimg.4dfp.img.rec in talsrcimg_g11.4dfp.img.rec

---------------------------------------------------------------------
imgreg_4dfp /opt/freesurfer/average/711-2C_as_mni_average_305 none talsrcimg_g11 none talsrcimg_to_711-2C_as_mni_average_305_t4 4355
---------------------------------------------------------------------

freesurfer imgreg_4dfp.c
/opt/freesurfer/average/711-2C_as_mni_average_305.4dfp.img
       256       256       256         1
  1.000000  1.000000  1.000000
orientation T byte_order littleendian
Reading image: /opt/freesurfer/average/711-2C_as_mni_average_305.4dfp.img
dimensions:      256       256       256
mmppix:       1.0000   -1.0000   -1.0000
center:     128.0000 -129.0000 -129.0000
talsrcimg_g11.4dfp.img
       256       256       256         1
  0.900000  0.900000  0.900000
orientation T byte_order littleendian
Reading image: talsrcimg_g11.4dfp.img
dimensions:      256       256       256
mmppix:       0.9000   -0.9000   -0.9000
center:     115.2000 -116.1000 -116.1000
t4_read: open error in t4_sub.f l:  41 t4_file(1:l)talsrcimg_to_711-2C_as_mni_average_305_t4 
t4_read: transform initialized to I4
rotation matrix determinant  1.000000
image alignment mode   4355 decimal     1103 hex
   -7.5000  -45.0000  -45.0000 5175.6875   15.4245
    0.0000  -45.0000  -45.0000 5208.3887   15.4282
    7.5000  -45.0000  -45.0000 4976.4834   15.4004
   -7.5000  -37.5000  -45.0000 5639.0620   16.2956
    0.0000  -37.5000  -45.0000 5679.2407   16.3000
    7.5000  -37.5000  -45.0000 5437.3379   16.2743
   -7.5000  -30.0000  -45.0000 6142.8857   16.8354
    0.0000  -30.0000  -45.0000 6190.2974   16.8317
    7.5000  -30.0000  -45.0000 5923.0752   16.7985
   -7.5000  -22.5000  -45.0000 6729.4731   16.8451
    0.0000  -22.5000  -45.0000 6778.3047   16.8329
    7.5000  -22.5000  -45.0000 6476.0713   16.7919
   -7.5000  -15.0000  -45.0000 7262.4404   16.8196
    0.0000  -15.0000  -45.0000 7326.5801   16.8070
    7.5000  -15.0000  -45.0000 6978.6250   16.7643
   -7.5000   -7.5000  -45.0000 7441.3936   16.7871
    0.0000   -7.5000  -45.0000 7498.5908   16.7815
    7.5000   -7.5000  -45.0000 7145.1587   16.7424
   -7.5000    0.0000  -45.0000 7540.0239   16.7729
    0.0000    0.0000  -45.0000 7601.3408   16.7768
    7.5000    0.0000  -45.0000 7242.7129   16.7466
   -7.5000    7.5000  -45.0000 7321.8403   16.7988
    0.0000    7.5000  -45.0000 7388.1187   16.8034
    7.5000    7.5000  -45.0000 7044.0029   16.7769
   -7.5000   15.0000  -45.0000 7396.1963   16.8350
    0.0000   15.0000  -45.0000 7445.7329   16.8313
    7.5000   15.0000  -45.0000 7115.6685   16.7980
   -7.5000   22.5000  -45.0000 7050.3086   16.6185
    0.0000   22.5000  -45.0000 7080.9058   16.6064
    7.5000   22.5000  -45.0000 6778.4404   16.5660
   -7.5000   30.0000  -45.0000 6583.1211   16.1508
    0.0000   30.0000  -45.0000 6590.9150   16.1387
    7.5000   30.0000  -45.0000 6299.3442   16.0977
   -7.5000   37.5000  -45.0000 6094.0083   15.6006
    0.0000   37.5000  -45.0000 6113.2749   15.5954
    7.5000   37.5000  -45.0000 5834.7822   15.5590
   -7.5000   45.0000  -45.0000 5595.6567   15.0803
    0.0000   45.0000  -45.0000 5614.4609   15.0813
    7.5000   45.0000  -45.0000 5354.9658   15.0520
   -7.5000  -45.0000  -37.5000 5667.3457   15.9942
    0.0000  -45.0000  -37.5000 5711.8633   16.0035
    7.5000  -45.0000  -37.5000 5453.7798   15.9815
   -7.5000  -37.5000  -37.5000 6181.4028   16.9072
    0.0000  -37.5000  -37.5000 6233.8301   16.9196
    7.5000  -37.5000  -37.5000 5958.2188   16.9012
   -7.5000  -30.0000  -37.5000 6727.6416   17.4441
    0.0000  -30.0000  -37.5000 6781.0947   17.4525
    7.5000  -30.0000  -37.5000 6481.4414   17.4271
   -7.5000  -22.5000  -37.5000 7349.5156   17.4608
    0.0000  -22.5000  -37.5000 7397.9082   17.4639
    7.5000  -22.5000  -37.5000 7067.2231   17.4284
   -7.5000  -15.0000  -37.5000 7927.1182   17.4353
    0.0000  -15.0000  -37.5000 7981.4849   17.4373
    7.5000  -15.0000  -37.5000 7613.6318   17.3974
   -7.5000   -7.5000  -37.5000 8091.5161   17.3958
    0.0000   -7.5000  -37.5000 8150.2202   17.3999
    7.5000   -7.5000  -37.5000 7779.0479   17.3645
   -7.5000    0.0000  -37.5000 8176.1533   17.3730
    0.0000    0.0000  -37.5000 8237.5508   17.3830
    7.5000    0.0000  -37.5000 7862.3789   17.3591
   -7.5000    7.5000  -37.5000 7928.6172   17.3989
    0.0000    7.5000  -37.5000 7990.2876   17.4116
    7.5000    7.5000  -37.5000 7625.6890   17.3927
   -7.5000   15.0000  -37.5000 7996.8154   17.4429
    0.0000   15.0000  -37.5000 8051.4360   17.4512
    7.5000   15.0000  -37.5000 7692.4229   17.4258
   -7.5000   22.5000  -37.5000 7591.4097   17.2273
    0.0000   22.5000  -37.5000 7633.8159   17.2304
    7.5000   22.5000  -37.5000 7302.8799   17.1954
   -7.5000   30.0000  -37.5000 7069.0127   16.7539
    0.0000   30.0000  -37.5000 7090.7036   16.7558
    7.5000   30.0000  -37.5000 6777.2646   16.7175
   -7.5000   37.5000  -37.5000 6531.4941   16.1794
    0.0000   37.5000  -37.5000 6560.0654   16.1832
    7.5000   37.5000  -37.5000 6260.8081   16.1503
   -7.5000   45.0000  -37.5000 5981.9849   15.6179
    0.0000   45.0000  -37.5000 6006.2222   15.6235
    7.5000   45.0000  -37.5000 5733.0205   15.5995
   -7.5000  -45.0000  -30.0000 6191.9287   16.5847
    0.0000  -45.0000  -30.0000 6227.5625   16.5906
    7.5000  -45.0000  -30.0000 5962.4868   16.5699
   -7.5000  -37.5000  -30.0000 6741.6807   17.5345
    0.0000  -37.5000  -30.0000 6787.0962   17.5438
    7.5000  -37.5000  -30.0000 6497.5723   17.5259
   -7.5000  -30.0000  -30.0000 7328.4126   18.0643
    0.0000  -30.0000  -30.0000 7385.4839   18.0734
    7.5000  -30.0000  -30.0000 7062.5190   18.0490
   -7.5000  -22.5000  -30.0000 7992.6362   18.0875
    0.0000  -22.5000  -30.0000 8046.4775   18.0959
    7.5000  -22.5000  -30.0000 7682.4824   18.0607
   -7.5000  -15.0000  -30.0000 8602.2900   18.0667
    0.0000  -15.0000  -30.0000 8666.3594   18.0739
    7.5000  -15.0000  -30.0000 8251.6738   18.0351
   -7.5000   -7.5000  -30.0000 8762.4688   18.0249
    0.0000   -7.5000  -30.0000 8834.1914   18.0298
    7.5000   -7.5000  -30.0000 8405.9053   17.9971
   -7.5000    0.0000  -30.0000 8849.4746   17.9972
    0.0000    0.0000  -30.0000 8926.5908   18.0036
    7.5000    0.0000  -30.0000 8493.9365   17.9812
   -7.5000    7.5000  -30.0000 8563.7969   18.0173
    0.0000    7.5000  -30.0000 8639.3730   18.0268
    7.5000    7.5000  -30.0000 8231.5605   18.0085
   -7.5000   15.0000  -30.0000 8616.4023   18.0614
    0.0000   15.0000  -30.0000 8696.1992   18.0705
    7.5000   15.0000  -30.0000 8293.7695   18.0461
   -7.5000   22.5000  -30.0000 8139.3472   17.8464
    0.0000   22.5000  -30.0000 8196.2393   17.8547
    7.5000   22.5000  -30.0000 7830.5820   17.8200
   -7.5000   30.0000  -30.0000 7553.0830   17.3733
    0.0000   30.0000  -30.0000 7584.7930   17.3803
    7.5000   30.0000  -30.0000 7257.8613   17.3429
   -7.5000   37.5000  -30.0000 6957.6704   16.7898
    0.0000   37.5000  -30.0000 6996.8921   16.7943
    7.5000   37.5000  -30.0000 6688.9731   16.7639
   -7.5000   45.0000  -30.0000 6361.1104   16.2021
    0.0000   45.0000  -30.0000 6389.2036   16.2046
    7.5000   45.0000  -30.0000 6114.6016   16.1820
   -7.5000  -45.0000  -22.5000 6716.8384   17.0882
    0.0000  -45.0000  -22.5000 6759.5811   17.0914
    7.5000  -45.0000  -22.5000 6452.9854   17.0695
   -7.5000  -37.5000  -22.5000 7294.6406   18.0718
    0.0000  -37.5000  -22.5000 7333.4956   18.0761
    7.5000  -37.5000  -22.5000 7011.8154   18.0536
   -7.5000  -30.0000  -22.5000 7922.1978   18.5870
    0.0000  -30.0000  -22.5000 7968.4756   18.5903
    7.5000  -30.0000  -22.5000 7617.1284   18.5617
   -7.5000  -22.5000  -22.5000 8616.1768   18.6095
    0.0000  -22.5000  -22.5000 8670.0029   18.6134
    7.5000  -22.5000  -22.5000 8280.9004   18.5772
   -7.5000  -15.0000  -22.5000 9260.1182   18.5946
    0.0000  -15.0000  -22.5000 9329.7246   18.5994
    7.5000  -15.0000  -22.5000 8890.0635   18.5643
   -7.5000   -7.5000  -22.5000 9434.8467   18.5587
    0.0000   -7.5000  -22.5000 9528.7822   18.5622
    7.5000   -7.5000  -22.5000 9046.6074   18.5332
   -7.5000    0.0000  -22.5000 9516.8184   18.5342
    0.0000    0.0000  -22.5000 9607.5713   18.5378
    7.5000    0.0000  -22.5000 9126.5684   18.5141
   -7.5000    7.5000  -22.5000 9181.5889   18.5465
    0.0000    7.5000  -22.5000 9269.7412   18.5508
    7.5000    7.5000  -22.5000 8828.6436   18.5278
   -7.5000   15.0000  -22.5000 9215.3115   18.5821
    0.0000   15.0000  -22.5000 9312.8438   18.5854
    7.5000   15.0000  -22.5000 8873.6895   18.5568
   -7.5000   22.5000  -22.5000 8693.8135   18.3633
    0.0000   22.5000  -22.5000 8753.3633   18.3671
    7.5000   22.5000  -22.5000 8346.8340   18.3314
   -7.5000   30.0000  -22.5000 8032.1914   17.8941
    0.0000   30.0000  -22.5000 8084.9287   17.8987
    7.5000   30.0000  -22.5000 7719.0664   17.8649
   -7.5000   37.5000  -22.5000 7356.7656   17.3134
    0.0000   37.5000  -22.5000 7404.4785   17.3166
    7.5000   37.5000  -22.5000 7079.6123   17.2896
   -7.5000   45.0000  -22.5000 6709.9243   16.7237
    0.0000   45.0000  -22.5000 6742.8926   16.7247
    7.5000   45.0000  -22.5000 6450.6060   16.7016
   -7.5000  -45.0000  -15.0000 7297.4829   17.6719
    0.0000  -45.0000  -15.0000 7362.5654   17.6752
    7.5000  -45.0000  -15.0000 7011.4858   17.6493
   -7.5000  -37.5000  -15.0000 7903.6206   18.6880
    0.0000  -37.5000  -15.0000 7977.1636   18.6898
    7.5000  -37.5000  -15.0000 7596.4004   18.6606
   -7.5000  -30.0000  -15.0000 8584.7715   19.1933
    0.0000  -30.0000  -15.0000 8665.2197   19.1894
    7.5000  -30.0000  -15.0000 8256.8271   19.1527
   -7.5000  -22.5000  -15.0000 9327.6094   19.2061
    0.0000  -22.5000  -15.0000 9401.6592   19.1993
    7.5000  -22.5000  -15.0000 8963.8730   19.1578
   -7.5000  -15.0000  -15.000010008.0908   19.1903
    0.0000  -15.0000  -15.000010091.6221   19.1860
    7.5000  -15.0000  -15.0000 9613.2139   19.1497
   -7.5000   -7.5000  -15.000010182.0928   19.1629
    0.0000   -7.5000  -15.000010302.1182   19.1627
    7.5000   -7.5000  -15.0000 9778.5566   19.1322
   -7.5000    0.0000  -15.000010261.9990   19.1491
    0.0000    0.0000  -15.000010366.5088   19.1527
    7.5000    0.0000  -15.0000 9856.9932   19.1247
   -7.5000    7.5000  -15.0000 9903.3848   19.1602
    0.0000    7.5000  -15.000010012.3184   19.1620
    7.5000    7.5000  -15.0000 9525.9844   19.1321
   -7.5000   15.0000  -15.0000 9923.1650   19.1869
    0.0000   15.0000  -15.000010037.1904   19.1830
    7.5000   15.0000  -15.0000 9545.8428   19.1463
   -7.5000   22.5000  -15.0000 9333.0732   18.9548
    0.0000   22.5000  -15.0000 9419.4111   18.9482
    7.5000   22.5000  -15.0000 8962.5947   18.9073
   -7.5000   30.0000  -15.0000 8617.5488   18.4812
    0.0000   30.0000  -15.0000 8689.1338   18.4771
    7.5000   30.0000  -15.0000 8265.0791   18.4421
   -7.5000   37.5000  -15.0000 7870.6411   17.9043
    0.0000   37.5000  -15.0000 7919.0664   17.9042
    7.5000   37.5000  -15.0000 7538.1035   17.8757
   -7.5000   45.0000  -15.0000 7124.0381   17.3211
    0.0000   45.0000  -15.0000 7156.0859   17.3231
    7.5000   45.0000  -15.0000 6836.4600   17.2965
   -7.5000  -45.0000   -7.5000 7697.3623   17.6845
    0.0000  -45.0000   -7.5000 7767.9941   17.6910
    7.5000  -45.0000   -7.5000 7397.6348   17.6622
   -7.5000  -37.5000   -7.5000 8315.8779   18.7069
    0.0000  -37.5000   -7.5000 8390.9395   18.7123
    7.5000  -37.5000   -7.5000 7991.8105   18.6808
   -7.5000  -30.0000   -7.5000 9025.7031   19.2125
    0.0000  -30.0000   -7.5000 9108.3291   19.2088
    7.5000  -30.0000   -7.5000 8669.7412   19.1690
   -7.5000  -22.5000   -7.5000 9793.6582   19.2182
    0.0000  -22.5000   -7.5000 9879.3867   19.2067
    7.5000  -22.5000   -7.5000 9391.7363   19.1624
   -7.5000  -15.0000   -7.500010468.2012   19.1967
    0.0000  -15.0000   -7.500010573.9023   19.1867
    7.5000  -15.0000   -7.500010051.1113   19.1468
   -7.5000   -7.5000   -7.500010640.6084   19.1711
    0.0000   -7.5000   -7.500010766.2041   19.1693
    7.5000   -7.5000   -7.500010215.7451   19.1342
   -7.5000    0.0000   -7.500010717.3779   19.1633
    0.0000    0.0000   -7.500010824.6777   19.1702
    7.5000    0.0000   -7.500010285.7090   19.1389
   -7.5000    7.5000   -7.500010349.2285   19.1796
    0.0000    7.5000   -7.500010469.5029   19.1851
    7.5000    7.5000   -7.5000 9937.2646   19.1528
   -7.5000   15.0000   -7.500010347.9355   19.2061
    0.0000   15.0000   -7.500010463.3936   19.2024
    7.5000   15.0000   -7.5000 9926.9102   19.1626
   -7.5000   22.5000   -7.5000 9691.7148   18.9668
    0.0000   22.5000   -7.5000 9783.0205   18.9554
    7.5000   22.5000   -7.5000 9284.1357   18.9117
   -7.5000   30.0000   -7.5000 8944.7783   18.4873
    0.0000   30.0000   -7.5000 9030.2217   18.4778
    7.5000   30.0000   -7.5000 8553.9033   18.4393
   -7.5000   37.5000   -7.5000 8165.5059   17.9120
    0.0000   37.5000   -7.5000 8224.7969   17.9104
    7.5000   37.5000   -7.5000 7801.4731   17.8776
   -7.5000   45.0000   -7.5000 7373.5469   17.3357
    0.0000   45.0000   -7.5000 7412.0889   17.3407
    7.5000   45.0000   -7.5000 7057.0479   17.3108
   -7.5000  -45.0000    0.0000 7956.6680   18.1537
    0.0000  -45.0000    0.0000 8000.5190   18.1648
    7.5000  -45.0000    0.0000 7623.6445   18.1353
   -7.5000  -37.5000    0.0000 8583.9131   19.2020
    0.0000  -37.5000    0.0000 8633.1279   19.2145
    7.5000  -37.5000    0.0000 8234.5029   19.1861
   -7.5000  -30.0000    0.0000 9299.8838   19.7199
    0.0000  -30.0000    0.0000 9370.1572   19.7231
    7.5000  -30.0000    0.0000 8922.4355   19.6866
   -7.5000  -22.5000    0.000010081.4053   19.7285
    0.0000  -22.5000    0.000010169.5527   19.7219
    7.5000  -22.5000    0.0000 9676.4473   19.6778
   -7.5000  -15.0000    0.000010764.7148   19.7005
    0.0000  -15.0000    0.000010893.1621   19.6934
    7.5000  -15.0000    0.000010344.2998   19.6488
   -7.5000   -7.5000    0.000010900.3115   19.6664
    0.0000   -7.5000    0.000011021.7861   19.6673
    7.5000   -7.5000    0.000010476.8135   19.6267
   -7.5000    0.0000    0.000010958.2461   19.6524
    0.0000    0.0000    0.000011085.9492   19.6642
    7.5000    0.0000    0.000010528.1768   19.6322
   -7.5000    7.5000    0.000010569.3691   19.6742
    0.0000    7.5000    0.000010696.3047   19.6869
    7.5000    7.5000    0.000010146.4971   19.6579
   -7.5000   15.0000    0.000010549.3096   19.7125
    0.0000   15.0000    0.000010657.6016   19.7156
    7.5000   15.0000    0.000010096.4307   19.6792
   -7.5000   22.5000    0.0000 9850.4121   19.4732
    0.0000   22.5000    0.0000 9942.3330   19.4666
    7.5000   22.5000    0.0000 9418.6084   19.4231
   -7.5000   30.0000    0.0000 9094.2148   18.9840
    0.0000   30.0000    0.0000 9193.2090   18.9772
    7.5000   30.0000    0.0000 8683.5498   18.9342
   -7.5000   37.5000    0.0000 8306.0186   18.3968
    0.0000   37.5000    0.0000 8388.3828   18.3976
    7.5000   37.5000    0.0000 7947.0317   18.3596
   -7.5000   45.0000    0.0000 7502.6304   17.8140
    0.0000   45.0000    0.0000 7555.7588   17.8220
    7.5000   45.0000    0.0000 7191.0889   17.7906
   -7.5000  -45.0000    7.5000 7845.8940   18.1632
    0.0000  -45.0000    7.5000 7886.7202   18.1744
    7.5000  -45.0000    7.5000 7505.3276   18.1499
   -7.5000  -37.5000    7.5000 8454.0762   19.2118
    0.0000  -37.5000    7.5000 8493.7520   19.2266
    7.5000  -37.5000    7.5000 8099.4868   19.2058
   -7.5000  -30.0000    7.5000 9169.8887   19.7393
    0.0000  -30.0000    7.5000 9199.9170   19.7495
    7.5000  -30.0000    7.5000 8780.9092   19.7212
   -7.5000  -22.5000    7.5000 9946.1172   19.7576
    0.0000  -22.5000    7.5000 9966.1816   19.7620
    7.5000  -22.5000    7.5000 9521.8750   19.7224
   -7.5000  -15.0000    7.500010653.6494   19.7302
    0.0000  -15.0000    7.500010702.8242   19.7332
    7.5000  -15.0000    7.500010197.9531   19.6888
   -7.5000   -7.5000    7.500010739.9951   19.6874
    0.0000   -7.5000    7.500010780.6631   19.6928
    7.5000   -7.5000    7.500010287.5479   19.6535
   -7.5000    0.0000    7.500010751.2783   19.6624
    0.0000    0.0000    7.500010797.9434   19.6745
    7.5000    0.0000    7.500010315.7939   19.6478
   -7.5000    7.5000    7.500010349.2100   19.6843
    0.0000    7.5000    7.500010410.1543   19.6993
    7.5000    7.5000    7.5000 9924.4170   19.6780
   -7.5000   15.0000    7.500010314.3936   19.7319
    0.0000   15.0000    7.500010357.6562   19.7421
    7.5000   15.0000    7.5000 9858.1846   19.7137
   -7.5000   22.5000    7.5000 9618.5117   19.5019
    0.0000   22.5000    7.5000 9664.6494   19.5062
    7.5000   22.5000    7.5000 9176.9541   19.4671
   -7.5000   30.0000    7.5000 8877.5938   19.0127
    0.0000   30.0000    7.5000 8935.3701   19.0156
    7.5000   30.0000    7.5000 8464.7207   18.9728
   -7.5000   37.5000    7.5000 8131.8228   18.4164
    0.0000   37.5000    7.5000 8184.6914   18.4214
    7.5000   37.5000    7.5000 7755.4961   18.3847
   -7.5000   45.0000    7.5000 7351.7480   17.8226
    0.0000   45.0000    7.5000 7401.1323   17.8298
    7.5000   45.0000    7.5000 7039.4727   17.8027
   -7.5000  -45.0000   15.0000 7938.1621   18.1502
    0.0000  -45.0000   15.0000 7981.5532   18.1574
    7.5000  -45.0000   15.0000 7597.0400   18.1358
   -7.5000  -37.5000   15.0000 8550.0898   19.1925
    0.0000  -37.5000   15.0000 8579.0889   19.2033
    7.5000  -37.5000   15.0000 8198.7637   19.1846
   -7.5000  -30.0000   15.0000 9266.0938   19.7189
    0.0000  -30.0000   15.0000 9277.9834   19.7293
    7.5000  -30.0000   15.0000 8879.7949   19.7037
   -7.5000  -22.5000   15.000010057.6924   19.7442
    0.0000  -22.5000   15.000010075.8467   19.7540
    7.5000  -22.5000   15.0000 9632.6650   19.7169
   -7.5000  -15.0000   15.000010782.9141   19.7228
    0.0000  -15.0000   15.000010780.1035   19.7315
    7.5000  -15.0000   15.000010308.5908   19.6906
   -7.5000   -7.5000   15.000010910.0615   19.6782
    0.0000   -7.5000   15.000010841.4951   19.6845
    7.5000   -7.5000   15.000010410.3076   19.6501
   -7.5000    0.0000   15.000010911.0977   19.6480
    0.0000    0.0000   15.000010835.4043   19.6558
    7.5000    0.0000   15.000010422.4727   19.6323
   -7.5000    7.5000   15.000010482.2842   19.6644
    0.0000    7.5000   15.000010457.8330   19.6754
    7.5000    7.5000   15.000010049.5762   19.6563
   -7.5000   15.0000   15.000010418.0586   19.7114
    0.0000   15.0000   15.000010401.0293   19.7219
    7.5000   15.0000   15.0000 9982.6582   19.6963
   -7.5000   22.5000   15.0000 9711.4883   19.4887
    0.0000   22.5000   15.0000 9720.4707   19.4983
    7.5000   22.5000   15.0000 9284.9697   19.4618
   -7.5000   30.0000   15.0000 8971.1221   19.0055
    0.0000   30.0000   15.0000 9010.0801   19.0138
    7.5000   30.0000   15.0000 8567.9492   18.9745
   -7.5000   37.5000   15.0000 8212.7295   18.4078
    0.0000   37.5000   15.0000 8248.4971   18.4136
    7.5000   37.5000   15.0000 7831.2339   18.3815
   -7.5000   45.0000   15.0000 7422.1157   17.8075
    0.0000   45.0000   15.0000 7461.3555   17.8110
    7.5000   45.0000   15.0000 7102.4668   17.7872
   -7.5000  -45.0000   22.5000 7598.4282   18.1353
    0.0000  -45.0000   22.5000 7662.9800   18.1387
    7.5000  -45.0000   22.5000 7283.5278   18.1155
   -7.5000  -37.5000   22.5000 8202.4580   19.1707
    0.0000  -37.5000   22.5000 8241.7334   19.1751
    7.5000  -37.5000   22.5000 7852.4170   19.1514
   -7.5000  -30.0000   22.5000 8871.4648   19.6875
    0.0000  -30.0000   22.5000 8863.0244   19.6908
    7.5000  -30.0000   22.5000 8481.7471   19.6606
   -7.5000  -22.5000   22.5000 9579.9365   19.7115
    0.0000  -22.5000   22.5000 9527.1309   19.7154
    7.5000  -22.5000   22.5000 9176.1250   19.6771
   -7.5000  -15.0000   22.500010210.5254   19.6957
    0.0000  -15.0000   22.500010129.6953   19.7007
    7.5000  -15.0000   22.5000 9792.0830   19.6635
   -7.5000   -7.5000   22.500010390.0391   19.6575
    0.0000   -7.5000   22.500010271.9893   19.6611
    7.5000   -7.5000   22.5000 9947.3066   19.6305
   -7.5000    0.0000   22.500010474.1035   19.6314
    0.0000    0.0000   22.500010374.1377   19.6351
    7.5000    0.0000   22.500010027.5518   19.6101
   -7.5000    7.5000   22.500010067.8867   19.6422
    0.0000    7.5000   22.500010010.9189   19.6466
    7.5000    7.5000   22.5000 9652.5957   19.6223
   -7.5000   15.0000   22.5000 9996.4346   19.6800
    0.0000   15.0000   22.5000 9962.2588   19.6834
    7.5000   15.0000   22.5000 9576.9131   19.6531
   -7.5000   22.5000   22.5000 9285.4453   19.4564
    0.0000   22.5000   22.5000 9280.3828   19.4602
    7.5000   22.5000   22.5000 8903.5254   19.4225
   -7.5000   30.0000   22.5000 8571.5635   18.9793
    0.0000   30.0000   22.5000 8594.6660   18.9842
    7.5000   30.0000   22.5000 8223.1143   18.9484
   -7.5000   37.5000   22.5000 7854.8999   18.3885
    0.0000   37.5000   22.5000 7878.5210   18.3918
    7.5000   37.5000   22.5000 7516.0044   18.3632
   -7.5000   45.0000   22.5000 7097.0771   17.7909
    0.0000   45.0000   22.5000 7129.2124   17.7920
    7.5000   45.0000   22.5000 6792.4443   17.7675
   -7.5000  -45.0000   30.0000 7217.9282   18.1717
    0.0000  -45.0000   30.0000 7285.1631   18.1746
    7.5000  -45.0000   30.0000 6933.8853   18.1475
   -7.5000  -37.5000   30.0000 7761.0034   19.2164
    0.0000  -37.5000   30.0000 7819.7529   19.2178
    7.5000  -37.5000   30.0000 7464.3730   19.1872
   -7.5000  -30.0000   30.0000 8349.1992   19.7281
    0.0000  -30.0000   30.0000 8399.2021   19.7236
    7.5000  -30.0000   30.0000 8042.3096   19.6851
   -7.5000  -22.5000   30.0000 9001.4707   19.7423
    0.0000  -22.5000   30.0000 9056.3096   19.7347
    7.5000  -22.5000   30.0000 8691.6797   19.6913
   -7.5000  -15.0000   30.0000 9623.1611   19.7261
    0.0000  -15.0000   30.0000 9670.8516   19.7209
    7.5000  -15.0000   30.0000 9291.1260   19.6828
   -7.5000   -7.5000   30.0000 9809.3906   19.6968
    0.0000   -7.5000   30.0000 9853.9463   19.6960
    7.5000   -7.5000   30.0000 9448.1113   19.6640
   -7.5000    0.0000   30.0000 9906.2139   19.6817
    0.0000    0.0000   30.0000 9947.0127   19.6848
    7.5000    0.0000   30.0000 9532.9307   19.6555
   -7.5000    7.5000   30.0000 9518.1445   19.6922
    0.0000    7.5000   30.0000 9550.8682   19.6936
    7.5000    7.5000   30.0000 9160.8984   19.6623
   -7.5000   15.0000   30.0000 9407.1787   19.7206
    0.0000   15.0000   30.0000 9432.7666   19.7161
    7.5000   15.0000   30.0000 9029.6016   19.6777
   -7.5000   22.5000   30.0000 8728.7666   19.4850
    0.0000   22.5000   30.0000 8750.9756   19.4775
    7.5000   22.5000   30.0000 8371.9229   19.4347
   -7.5000   30.0000   30.0000 8060.8857   19.0174
    0.0000   30.0000   30.0000 8090.9683   19.0124
    7.5000   30.0000   30.0000 7741.1108   18.9756
   -7.5000   37.5000   30.0000 7384.9209   18.4425
    0.0000   37.5000   30.0000 7394.9663   18.4418
    7.5000   37.5000   30.0000 7093.8369   18.4118
   -7.5000   45.0000   30.0000 6686.3657   17.8623
    0.0000   45.0000   30.0000 6703.0869   17.8639
    7.5000   45.0000   30.0000 6415.3418   17.8360
   -7.5000  -45.0000   37.5000 6804.7480   18.1953
    0.0000  -45.0000   37.5000 6877.9009   18.2018
    7.5000  -45.0000   37.5000 6526.3228   18.1701
   -7.5000  -37.5000   37.5000 7300.1860   19.2486
    0.0000  -37.5000   37.5000 7389.0342   19.2541
    7.5000  -37.5000   37.5000 7020.8838   19.2198
   -7.5000  -30.0000   37.5000 7846.7690   19.7503
    0.0000  -30.0000   37.5000 7932.9863   19.7460
    7.5000  -30.0000   37.5000 7549.6646   19.7031
   -7.5000  -22.5000   37.5000 8463.3145   19.7589
    0.0000  -22.5000   37.5000 8543.1436   19.7461
    7.5000  -22.5000   37.5000 8139.1313   19.6984
   -7.5000  -15.0000   37.5000 9060.5879   19.7370
    0.0000  -15.0000   37.5000 9133.1973   19.7255
    7.5000  -15.0000   37.5000 8698.6650   19.6823
   -7.5000   -7.5000   37.5000 9223.6230   19.7079
    0.0000   -7.5000   37.5000 9297.6699   19.7051
    7.5000   -7.5000   37.5000 8858.0664   19.6669
   -7.5000    0.0000   37.5000 9324.6279   19.6969
    0.0000    0.0000   37.5000 9382.6162   19.7037
    7.5000    0.0000   37.5000 8957.5947   19.6694
   -7.5000    7.5000   37.5000 8987.0508   19.7127
    0.0000    7.5000   37.5000 9026.8652   19.7184
    7.5000    7.5000   37.5000 8632.1318   19.6832
   -7.5000   15.0000   37.5000 8880.0967   19.7426
    0.0000   15.0000   37.5000 8905.7842   19.7383
    7.5000   15.0000   37.5000 8530.9092   19.6954
   -7.5000   22.5000   37.5000 8217.6709   19.4981
    0.0000   22.5000   37.5000 8256.8037   19.4854
    7.5000   22.5000   37.5000 7891.8008   19.4384
   -7.5000   30.0000   37.5000 7599.3242   19.0277
    0.0000   30.0000   37.5000 7627.4497   19.0167
    7.5000   30.0000   37.5000 7279.8618   18.9750
   -7.5000   37.5000   37.5000 6941.5547   18.4532
    0.0000   37.5000   37.5000 6963.7314   18.4506
    7.5000   37.5000   37.5000 6650.1577   18.4148
   -7.5000   45.0000   37.5000 6272.2100   17.8774
    0.0000   45.0000   37.5000 6287.4443   17.8822
    7.5000   45.0000   37.5000 6013.7007   17.8494
   -7.5000  -45.0000   45.0000 6380.5859   18.2248
    0.0000  -45.0000   45.0000 6449.1489   18.2459
    7.5000  -45.0000   45.0000 6122.2495   18.2215
   -7.5000  -37.5000   45.0000 6842.5522   19.2796
    0.0000  -37.5000   45.0000 6907.1235   19.3031
    7.5000  -37.5000   45.0000 6567.5645   19.2799
   -7.5000  -30.0000   45.0000 7349.1519   19.7759
    0.0000  -30.0000   45.0000 7415.9502   19.7895
    7.5000  -30.0000   45.0000 7049.1450   19.7574
   -7.5000  -22.5000   45.0000 7932.0361   19.7926
    0.0000  -22.5000   45.0000 7991.8755   19.7951
    7.5000  -22.5000   45.0000 7588.2837   19.7549
   -7.5000  -15.0000   45.0000 8466.5566   19.7692
    0.0000  -15.0000   45.0000 8523.9268   19.7707
    7.5000  -15.0000   45.0000 8098.9399   19.7300
   -7.5000   -7.5000   45.0000 8620.8887   19.7312
    0.0000   -7.5000   45.0000 8662.5703   19.7414
    7.5000   -7.5000   45.0000 8243.0830   19.7053
   -7.5000    0.0000   45.0000 8716.2139   19.7076
    0.0000    0.0000   45.0000 8750.6963   19.7302
    7.5000    0.0000   45.0000 8341.3828   19.7036
   -7.5000    7.5000   45.0000 8409.5039   19.7252
    0.0000    7.5000   45.0000 8436.5498   19.7491
    7.5000    7.5000   45.0000 8049.0688   19.7254
   -7.5000   15.0000   45.0000 8307.9033   19.7680
    0.0000   15.0000   45.0000 8329.4434   19.7816
    7.5000   15.0000   45.0000 7949.1084   19.7495
   -7.5000   22.5000   45.0000 7689.1011   19.5287
    0.0000   22.5000   45.0000 7712.4995   19.5312
    7.5000   22.5000   45.0000 7367.2349   19.4915
   -7.5000   30.0000   45.0000 7105.5547   19.0569
    0.0000   30.0000   45.0000 7114.2510   19.0584
    7.5000   30.0000   45.0000 6809.8599   19.0191
   -7.5000   37.5000   45.0000 6488.5161   18.4701
    0.0000   37.5000   45.0000 6510.1841   18.4796
    7.5000   37.5000   45.0000 6217.4697   18.4459
   -7.5000   45.0000   45.0000 5847.3301   17.8797
    0.0000   45.0000   45.0000 5873.9595   17.8974
    7.5000   45.0000   45.0000 5605.5249   17.8707

---------------------------------------------------------------------
imgreg_4dfp /opt/freesurfer/average/711-2C_as_mni_average_305 /opt/freesurfer/average/711-2B_as_mni_average_305_mask talsrcimg_g11 none talsrcimg_to_711-2C_as_mni_average_305_t4 4355
---------------------------------------------------------------------

freesurfer imgreg_4dfp.c
/opt/freesurfer/average/711-2C_as_mni_average_305.4dfp.img
       256       256       256         1
  1.000000  1.000000  1.000000
orientation T byte_order littleendian
Reading image: /opt/freesurfer/average/711-2C_as_mni_average_305.4dfp.img
dimensions:      256       256       256
mmppix:       1.0000   -1.0000   -1.0000
center:     128.0000 -129.0000 -129.0000
/opt/freesurfer/average/711-2B_as_mni_average_305_mask.4dfp.img
       256       256       256         1
  1.000000  1.000000  1.000000
orientation T byte_order littleendian
Reading mask: /opt/freesurfer/average/711-2B_as_mni_average_305_mask.4dfp.img (2306576 pixels)
talsrcimg_g11.4dfp.img
       256       256       256         1
  0.900000  0.900000  0.900000
orientation T byte_order littleendian
Reading image: talsrcimg_g11.4dfp.img
dimensions:      256       256       256
mmppix:       0.9000   -0.9000   -0.9000
center:     115.2000 -116.1000 -116.1000
rotation matrix determinant  1.000000
image alignment mode   4355 decimal     1103 hex
   -7.5000  -45.0000  -45.0000 1746.5623   21.9237
    0.0000  -45.0000  -45.0000 1749.8911   21.6951
    7.5000  -45.0000  -45.0000 1746.4039   21.9238
   -7.5000  -37.5000  -45.0000 1832.8772   20.0580
    0.0000  -37.5000  -45.0000 1842.4938   19.8538
    7.5000  -37.5000  -45.0000 1839.4552   19.9998
   -7.5000  -30.0000  -45.0000 1902.1577   18.6088
    0.0000  -30.0000  -45.0000 1915.6260   18.4261
    7.5000  -30.0000  -45.0000 1913.3778   18.5750
   -7.5000  -22.5000  -45.0000 1954.0405   17.5263
    0.0000  -22.5000  -45.0000 1965.4897   17.3573
    7.5000  -22.5000  -45.0000 1961.6970   17.4628
   -7.5000  -15.0000  -45.0000 1985.2853   16.7399
    0.0000  -15.0000  -45.0000 2000.7292   16.5477
    7.5000  -15.0000  -45.0000 1990.1650   16.6865
   -7.5000   -7.5000  -45.0000 2000.5892   16.2590
    0.0000   -7.5000  -45.0000 2017.8348   16.0365
    7.5000   -7.5000  -45.0000 2004.4259   16.1874
   -7.5000    0.0000  -45.0000 1998.7023   16.1651
    0.0000    0.0000  -45.0000 2016.1672   15.9232
    7.5000    0.0000  -45.0000 2002.2074   16.1022
   -7.5000    7.5000  -45.0000 1979.6879   16.4097
    0.0000    7.5000  -45.0000 2000.6869   16.1653
    7.5000    7.5000  -45.0000 1988.5454   16.3720
   -7.5000   15.0000  -45.0000 1950.5332   17.0037
    0.0000   15.0000  -45.0000 1968.8958   16.7420
    7.5000   15.0000  -45.0000 1961.1661   16.9463
   -7.5000   22.5000  -45.0000 1906.9524   17.9557
    0.0000   22.5000  -45.0000 1928.8096   17.6681
    7.5000   22.5000  -45.0000 1917.0170   17.8714
   -7.5000   30.0000  -45.0000 1854.4308   19.3678
    0.0000   30.0000  -45.0000 1871.7985   19.0923
    7.5000   30.0000  -45.0000 1857.5273   19.2653
   -7.5000   37.5000  -45.0000 1761.2263   21.1481
    0.0000   37.5000  -45.0000 1776.2998   20.8873
    7.5000   37.5000  -45.0000 1763.3462   21.0548
   -7.5000   45.0000  -45.0000 1630.4369   23.0723
    0.0000   45.0000  -45.0000 1643.3149   22.9226
    7.5000   45.0000  -45.0000 1628.6708   23.0694
   -7.5000  -45.0000  -37.5000 1900.0087   21.2557
    0.0000  -45.0000  -37.5000 1911.4636   21.0776
    7.5000  -45.0000  -37.5000 1899.9565   21.3144
   -7.5000  -37.5000  -37.5000 2000.3695   19.4580
    0.0000  -37.5000  -37.5000 2014.6228   19.2792
    7.5000  -37.5000  -37.5000 2003.1943   19.4900
   -7.5000  -30.0000  -37.5000 2074.8982   18.0815
    0.0000  -30.0000  -37.5000 2087.2251   17.9323
    7.5000  -30.0000  -37.5000 2079.8242   18.0652
   -7.5000  -22.5000  -37.5000 2127.0972   16.9967
    0.0000  -22.5000  -37.5000 2140.7534   16.8487
    7.5000  -22.5000  -37.5000 2133.5437   16.9871
   -7.5000  -15.0000  -37.5000 2165.9495   16.2235
    0.0000  -15.0000  -37.5000 2179.3560   16.0633
    7.5000  -15.0000  -37.5000 2170.5056   16.2115
   -7.5000   -7.5000  -37.5000 2179.6670   15.8019
    0.0000   -7.5000  -37.5000 2193.6562   15.6211
    7.5000   -7.5000  -37.5000 2182.7351   15.7745
   -7.5000    0.0000  -37.5000 2168.9392   15.7283
    0.0000    0.0000  -37.5000 2186.6951   15.5394
    7.5000    0.0000  -37.5000 2177.1394   15.7046
   -7.5000    7.5000  -37.5000 2150.9001   15.9601
    0.0000    7.5000  -37.5000 2168.6929   15.7464
    7.5000    7.5000  -37.5000 2160.1868   15.9686
   -7.5000   15.0000  -37.5000 2122.5288   16.5393
    0.0000   15.0000  -37.5000 2143.6907   16.2909
    7.5000   15.0000  -37.5000 2130.0071   16.5385
   -7.5000   22.5000  -37.5000 2082.2239   17.4797
    0.0000   22.5000  -37.5000 2102.4897   17.1979
    7.5000   22.5000  -37.5000 2084.1841   17.4588
   -7.5000   30.0000  -37.5000 2017.9369   18.9037
    0.0000   30.0000  -37.5000 2038.5072   18.6030
    7.5000   30.0000  -37.5000 2021.2075   18.8925
   -7.5000   37.5000  -37.5000 1912.6951   20.6589
    0.0000   37.5000  -37.5000 1932.1464   20.3262
    7.5000   37.5000  -37.5000 1915.6915   20.5861
   -7.5000   45.0000  -37.5000 1765.5344   22.5706
    0.0000   45.0000  -37.5000 1783.9541   22.2930
    7.5000   45.0000  -37.5000 1766.9474   22.5321
   -7.5000  -45.0000  -30.0000 2034.8239   20.4775
    0.0000  -45.0000  -30.0000 2046.6302   20.3012
    7.5000  -45.0000  -30.0000 2034.6630   20.5946
   -7.5000  -37.5000  -30.0000 2146.7319   18.6734
    0.0000  -37.5000  -30.0000 2158.6956   18.5567
    7.5000  -37.5000  -30.0000 2148.3770   18.7754
   -7.5000  -30.0000  -30.0000 2223.8752   17.3360
    0.0000  -30.0000  -30.0000 2239.6799   17.2167
    7.5000  -30.0000  -30.0000 2230.2439   17.3643
   -7.5000  -22.5000  -30.0000 2278.7993   16.3205
    0.0000  -22.5000  -30.0000 2298.6282   16.2298
    7.5000  -22.5000  -30.0000 2284.8577   16.3477
   -7.5000  -15.0000  -30.0000 2325.0840   15.5907
    0.0000  -15.0000  -30.0000 2343.0657   15.4382
    7.5000  -15.0000  -30.0000 2327.2820   15.5839
   -7.5000   -7.5000  -30.0000 2343.1177   15.1875
    0.0000   -7.5000  -30.0000 2361.8210   15.0284
    7.5000   -7.5000  -30.0000 2345.8169   15.1784
   -7.5000    0.0000  -30.0000 2339.7178   15.1181
    0.0000    0.0000  -30.0000 2359.4978   14.9561
    7.5000    0.0000  -30.0000 2347.9502   15.1024
   -7.5000    7.5000  -30.0000 2319.8889   15.3621
    0.0000    7.5000  -30.0000 2341.5298   15.2108
    7.5000    7.5000  -30.0000 2332.0999   15.4103
   -7.5000   15.0000  -30.0000 2288.7446   15.9498
    0.0000   15.0000  -30.0000 2315.1558   15.7467
    7.5000   15.0000  -30.0000 2300.9985   15.9711
   -7.5000   22.5000  -30.0000 2236.8362   16.9053
    0.0000   22.5000  -30.0000 2261.1616   16.6814
    7.5000   22.5000  -30.0000 2247.0059   16.9142
   -7.5000   30.0000  -30.0000 2164.1008   18.3219
    0.0000   30.0000  -30.0000 2186.3386   18.0557
    7.5000   30.0000  -30.0000 2170.1777   18.3258
   -7.5000   37.5000  -30.0000 2048.0212   20.0168
    0.0000   37.5000  -30.0000 2069.7576   19.7327
    7.5000   37.5000  -30.0000 2050.6523   19.9931
   -7.5000   45.0000  -30.0000 1892.0022   21.9054
    0.0000   45.0000  -30.0000 1910.5237   21.6356
    7.5000   45.0000  -30.0000 1895.1748   21.8606
   -7.5000  -45.0000  -22.5000 2153.2693   19.4359
    0.0000  -45.0000  -22.5000 2167.7380   19.2608
    7.5000  -45.0000  -22.5000 2152.2715   19.5264
   -7.5000  -37.5000  -22.5000 2267.8652   17.7354
    0.0000  -37.5000  -22.5000 2282.2954   17.6386
    7.5000  -37.5000  -22.5000 2271.4131   17.8079
   -7.5000  -30.0000  -22.5000 2351.7837   16.4325
    0.0000  -30.0000  -22.5000 2370.2883   16.3399
    7.5000  -30.0000  -22.5000 2359.5300   16.4630
   -7.5000  -22.5000  -22.5000 2415.5710   15.4783
    0.0000  -22.5000  -22.5000 2434.4695   15.3606
    7.5000  -22.5000  -22.5000 2419.8127   15.4855
   -7.5000  -15.0000  -22.5000 2464.7683   14.7784
    0.0000  -15.0000  -22.5000 2486.0637   14.6912
    7.5000  -15.0000  -22.5000 2469.4805   14.7994
   -7.5000   -7.5000  -22.5000 2494.1140   14.4065
    0.0000   -7.5000  -22.5000 2517.2720   14.2670
    7.5000   -7.5000  -22.5000 2498.2256   14.3939
   -7.5000    0.0000  -22.5000 2499.1143   14.3483
    0.0000    0.0000  -22.5000 2523.7083   14.2036
    7.5000    0.0000  -22.5000 2504.1033   14.3382
   -7.5000    7.5000  -22.5000 2481.0469   14.6172
    0.0000    7.5000  -22.5000 2506.9978   14.4790
    7.5000    7.5000  -22.5000 2491.4673   14.6457
   -7.5000   15.0000  -22.5000 2443.1538   15.1993
    0.0000   15.0000  -22.5000 2474.0083   15.0372
    7.5000   15.0000  -22.5000 2455.8008   15.2216
   -7.5000   22.5000  -22.5000 2385.0537   16.1715
    0.0000   22.5000  -22.5000 2412.5413   15.9906
    7.5000   22.5000  -22.5000 2394.3005   16.1863
   -7.5000   30.0000  -22.5000 2296.1587   17.5160
    0.0000   30.0000  -22.5000 2320.3958   17.3241
    7.5000   30.0000  -22.5000 2300.5544   17.5714
   -7.5000   37.5000  -22.5000 2165.9888   19.1637
    0.0000   37.5000  -22.5000 2187.7378   18.9542
    7.5000   37.5000  -22.5000 2168.0498   19.2005
   -7.5000   45.0000  -22.5000 1999.4949   21.0029
    0.0000   45.0000  -22.5000 2021.2513   20.7744
    7.5000   45.0000  -22.5000 2002.4102   21.0129
   -7.5000  -45.0000  -15.0000 2239.5405   18.3553
    0.0000  -45.0000  -15.0000 2256.9502   18.1845
    7.5000  -45.0000  -15.0000 2242.4106   18.3891
   -7.5000  -37.5000  -15.0000 2359.4971   16.6968
    0.0000  -37.5000  -15.0000 2381.0974   16.5816
    7.5000  -37.5000  -15.0000 2366.7952   16.7107
   -7.5000  -30.0000  -15.0000 2455.7292   15.4586
    0.0000  -30.0000  -15.0000 2479.3779   15.3533
    7.5000  -30.0000  -15.0000 2465.2058   15.4680
   -7.5000  -22.5000  -15.0000 2525.6055   14.5381
    0.0000  -22.5000  -15.0000 2548.3728   14.4341
    7.5000  -22.5000  -15.0000 2531.7073   14.5368
   -7.5000  -15.0000  -15.0000 2583.3953   13.8912
    0.0000  -15.0000  -15.0000 2607.8040   13.7888
    7.5000  -15.0000  -15.0000 2588.8682   13.8921
   -7.5000   -7.5000  -15.0000 2622.9971   13.5355
    0.0000   -7.5000  -15.0000 2646.1399   13.4348
    7.5000   -7.5000  -15.0000 2629.2725   13.5432
   -7.5000    0.0000  -15.0000 2635.8110   13.4948
    0.0000    0.0000  -15.0000 2663.5632   13.3666
    7.5000    0.0000  -15.0000 2643.0598   13.4939
   -7.5000    7.5000  -15.0000 2620.3679   13.7592
    0.0000    7.5000  -15.0000 2655.1238   13.6366
    7.5000    7.5000  -15.0000 2631.7302   13.7862
   -7.5000   15.0000  -15.0000 2579.1562   14.3377
    0.0000   15.0000  -15.0000 2615.3950   14.2055
    7.5000   15.0000  -15.0000 2589.5090   14.3766
   -7.5000   22.5000  -15.0000 2505.5718   15.3092
    0.0000   22.5000  -15.0000 2534.7136   15.1439
    7.5000   22.5000  -15.0000 2513.7930   15.3041
   -7.5000   30.0000  -15.0000 2402.8474   16.6116
    0.0000   30.0000  -15.0000 2428.1465   16.4165
    7.5000   30.0000  -15.0000 2407.9612   16.6229
   -7.5000   37.5000  -15.0000 2260.9441   18.2196
    0.0000   37.5000  -15.0000 2282.2280   17.9756
    7.5000   37.5000  -15.0000 2262.4871   18.2306
   -7.5000   45.0000  -15.0000 2082.5779   20.0507
    0.0000   45.0000  -15.0000 2099.9565   19.7938
    7.5000   45.0000  -15.0000 2081.7710   20.0730
   -7.5000  -45.0000   -7.5000 2302.7578   17.3056
    0.0000  -45.0000   -7.5000 2319.1431   17.1167
    7.5000  -45.0000   -7.5000 2305.5510   17.2854
   -7.5000  -37.5000   -7.5000 2425.5459   15.6907
    0.0000  -37.5000   -7.5000 2442.3191   15.5281
    7.5000  -37.5000   -7.5000 2431.6555   15.6733
   -7.5000  -30.0000   -7.5000 2525.7175   14.4757
    0.0000  -30.0000   -7.5000 2549.3203   14.3411
    7.5000  -30.0000   -7.5000 2533.9487   14.4760
   -7.5000  -22.5000   -7.5000 2606.3711   13.6039
    0.0000  -22.5000   -7.5000 2630.4424   13.4758
    7.5000  -22.5000   -7.5000 2610.5945   13.5909
   -7.5000  -15.0000   -7.5000 2670.4734   12.9878
    0.0000  -15.0000   -7.5000 2697.8442   12.8568
    7.5000  -15.0000   -7.5000 2674.4651   12.9811
   -7.5000   -7.5000   -7.5000 2721.1189   12.6399
    0.0000   -7.5000   -7.5000 2748.8850   12.5485
    7.5000   -7.5000   -7.5000 2727.3516   12.6403
   -7.5000    0.0000   -7.5000 2736.6541   12.6117
    0.0000    0.0000   -7.5000 2771.1379   12.4984
    7.5000    0.0000   -7.5000 2745.1636   12.6261
   -7.5000    7.5000   -7.5000 2726.3264   12.8879
    0.0000    7.5000   -7.5000 2763.9236   12.7840
    7.5000    7.5000   -7.5000 2735.0151   12.9117
   -7.5000   15.0000   -7.5000 2678.5974   13.4867
    0.0000   15.0000   -7.5000 2713.7244   13.3588
    7.5000   15.0000   -7.5000 2683.9316   13.4816
   -7.5000   22.5000   -7.5000 2590.2539   14.3939
    0.0000   22.5000   -7.5000 2620.1245   14.2389
    7.5000   22.5000   -7.5000 2592.6355   14.3639
   -7.5000   30.0000   -7.5000 2474.8420   15.6407
    0.0000   30.0000   -7.5000 2502.6636   15.4535
    7.5000   30.0000   -7.5000 2476.9351   15.5722
   -7.5000   37.5000   -7.5000 2320.3081   17.1978
    0.0000   37.5000   -7.5000 2346.8784   16.9774
    7.5000   37.5000   -7.5000 2321.2485   17.1271
   -7.5000   45.0000   -7.5000 2132.6599   18.9777
    0.0000   45.0000   -7.5000 2151.4495   18.7417
    7.5000   45.0000   -7.5000 2132.5027   18.9426
   -7.5000  -45.0000    0.0000 2366.7881   16.6527
    0.0000  -45.0000    0.0000 2381.3430   16.4250
    7.5000  -45.0000    0.0000 2362.5649   16.6330
   -7.5000  -37.5000    0.0000 2487.8818   15.0363
    0.0000  -37.5000    0.0000 2504.3005   14.8250
    7.5000  -37.5000    0.0000 2490.8809   15.0139
   -7.5000  -30.0000    0.0000 2591.0237   13.8413
    0.0000  -30.0000    0.0000 2615.8613   13.6698
    7.5000  -30.0000    0.0000 2598.3979   13.8229
   -7.5000  -22.5000    0.0000 2680.5796   12.9740
    0.0000  -22.5000    0.0000 2708.7869   12.8265
    7.5000  -22.5000    0.0000 2686.6204   12.9781
   -7.5000  -15.0000    0.0000 2760.5535   12.3522
    0.0000  -15.0000    0.0000 2792.9248   12.2293
    7.5000  -15.0000    0.0000 2762.8535   12.3773
   -7.5000   -7.5000    0.0000 2815.5474   12.0309
    0.0000   -7.5000    0.0000 2852.6482   11.9304
    7.5000   -7.5000    0.0000 2823.4839   12.0469
   -7.5000    0.0000    0.0000 2838.7483   12.0019
    0.0000    0.0000    0.0000 2880.3745   11.8915
    7.5000    0.0000    0.0000 2845.9646   12.0265
   -7.5000    7.5000    0.0000 2828.4141   12.2782
    0.0000    7.5000    0.0000 2866.8049   12.1916
    7.5000    7.5000    0.0000 2831.8770   12.3137
   -7.5000   15.0000    0.0000 2770.5212   12.8832
    0.0000   15.0000    0.0000 2802.9011   12.7667
    7.5000   15.0000    0.0000 2770.7930   12.8897
   -7.5000   22.5000    0.0000 2667.0991   13.8153
    0.0000   22.5000    0.0000 2695.0437   13.6720
    7.5000   22.5000    0.0000 2667.6465   13.7634
   -7.5000   30.0000    0.0000 2540.4277   15.0621
    0.0000   30.0000    0.0000 2569.2649   14.8773
    7.5000   30.0000    0.0000 2539.8821   14.9613
   -7.5000   37.5000    0.0000 2373.8032   16.5844
    0.0000   37.5000    0.0000 2403.0129   16.3770
    7.5000   37.5000    0.0000 2377.4775   16.4735
   -7.5000   45.0000    0.0000 2177.9294   18.2797
    0.0000   45.0000    0.0000 2199.9399   18.0830
    7.5000   45.0000    0.0000 2180.4619   18.2169
   -7.5000  -45.0000    7.5000 2403.6655   16.0912
    0.0000  -45.0000    7.5000 2421.5359   15.8372
    7.5000  -45.0000    7.5000 2401.4619   16.1176
   -7.5000  -37.5000    7.5000 2525.2034   14.5177
    0.0000  -37.5000    7.5000 2546.3547   14.2789
    7.5000  -37.5000    7.5000 2529.2808   14.5361
   -7.5000  -30.0000    7.5000 2637.1216   13.3289
    0.0000  -30.0000    7.5000 2664.7844   13.0963
    7.5000  -30.0000    7.5000 2643.1038   13.3407
   -7.5000  -22.5000    7.5000 2734.8125   12.4620
    0.0000  -22.5000    7.5000 2764.9153   12.2696
    7.5000  -22.5000    7.5000 2737.8181   12.4734
   -7.5000  -15.0000    7.5000 2826.9578   11.8896
    0.0000  -15.0000    7.5000 2863.0222   11.7131
    7.5000  -15.0000    7.5000 2825.3147   11.9180
   -7.5000   -7.5000    7.5000 2889.1499   11.5562
    0.0000   -7.5000    7.5000 2935.9700   11.4032
    7.5000   -7.5000    7.5000 2891.6824   11.5838
   -7.5000    0.0000    7.5000 2917.3755   11.5003
    0.0000    0.0000    7.5000 2963.8113   11.3657
    7.5000    0.0000    7.5000 2920.1958   11.5309
   -7.5000    7.5000    7.5000 2896.8257   11.7890
    0.0000    7.5000    7.5000 2938.0833   11.6840
    7.5000    7.5000    7.5000 2902.4915   11.8147
   -7.5000   15.0000    7.5000 2826.3586   12.4366
    0.0000   15.0000    7.5000 2861.8079   12.3174
    7.5000   15.0000    7.5000 2829.4521   12.4338
   -7.5000   22.5000    7.5000 2713.4685   13.3692
    0.0000   22.5000    7.5000 2744.3936   13.2145
    7.5000   22.5000    7.5000 2715.1182   13.3200
   -7.5000   30.0000    7.5000 2579.5820   14.6044
    0.0000   30.0000    7.5000 2606.8840   14.4112
    7.5000   30.0000    7.5000 2578.5764   14.5116
   -7.5000   37.5000    7.5000 2408.5396   16.0937
    0.0000   37.5000    7.5000 2433.8315   15.8647
    7.5000   37.5000    7.5000 2408.2534   15.9914
   -7.5000   45.0000    7.5000 2202.7212   17.7414
    0.0000   45.0000    7.5000 2227.7725   17.4904
    7.5000   45.0000    7.5000 2207.5212   17.6851
   -7.5000  -45.0000   15.0000 2428.3247   15.7947
    0.0000  -45.0000   15.0000 2450.3623   15.5076
    7.5000  -45.0000   15.0000 2425.5413   15.7958
   -7.5000  -37.5000   15.0000 2551.9795   14.1808
    0.0000  -37.5000   15.0000 2574.3767   13.9242
    7.5000  -37.5000   15.0000 2553.7322   14.2181
   -7.5000  -30.0000   15.0000 2671.0334   12.9926
    0.0000  -30.0000   15.0000 2694.3362   12.7438
    7.5000  -30.0000   15.0000 2672.6873   13.0135
   -7.5000  -22.5000   15.0000 2767.2603   12.1332
    0.0000  -22.5000   15.0000 2798.4885   11.8816
    7.5000  -22.5000   15.0000 2772.8752   12.1313
   -7.5000  -15.0000   15.0000 2865.7122   11.5938
    0.0000  -15.0000   15.0000 2905.0891   11.3511
    7.5000  -15.0000   15.0000 2860.5811   11.5925
   -7.5000   -7.5000   15.0000 2934.6606   11.3239
    0.0000   -7.5000   15.0000 2984.5654   11.0951
    7.5000   -7.5000   15.0000 2930.6274   11.2980
   -7.5000    0.0000   15.0000 2961.2625   11.2738
    0.0000    0.0000   15.0000 3005.7109   11.0073
    7.5000    0.0000   15.0000 2960.4773   11.2286
   -7.5000    7.5000   15.0000 2933.5369   11.5865
    0.0000    7.5000   15.0000 2975.2878   11.3942
    7.5000    7.5000   15.0000 2939.6367   11.5413
   -7.5000   15.0000   15.0000 2848.0327   12.2710
    0.0000   15.0000   15.0000 2887.1873   12.1119
    7.5000   15.0000   15.0000 2855.8174   12.2257
   -7.5000   22.5000   15.0000 2733.5642   13.1794
    0.0000   22.5000   15.0000 2768.0583   13.0127
    7.5000   22.5000   15.0000 2736.1528   13.1148
   -7.5000   30.0000   15.0000 2594.8604   14.3800
    0.0000   30.0000   15.0000 2624.7271   14.2110
    7.5000   30.0000   15.0000 2595.7639   14.3030
   -7.5000   37.5000   15.0000 2418.6448   15.8032
    0.0000   37.5000   15.0000 2444.1279   15.6024
    7.5000   37.5000   15.0000 2418.9504   15.7303
   -7.5000   45.0000   15.0000 2212.1565   17.3713
    0.0000   45.0000   15.0000 2232.1169   17.1467
    7.5000   45.0000   15.0000 2213.8938   17.3600
   -7.5000  -45.0000   22.5000 2435.1274   15.6510
    0.0000  -45.0000   22.5000 2458.6575   15.3679
    7.5000  -45.0000   22.5000 2429.5444   15.6267
   -7.5000  -37.5000   22.5000 2568.5637   14.1213
    0.0000  -37.5000   22.5000 2590.0459   13.8260
    7.5000  -37.5000   22.5000 2561.2495   14.0944
   -7.5000  -30.0000   22.5000 2687.7651   12.9426
    0.0000  -30.0000   22.5000 2704.0215   12.6288
    7.5000  -30.0000   22.5000 2680.9661   12.9043
   -7.5000  -22.5000   22.5000 2785.1304   12.0719
    0.0000  -22.5000   22.5000 2805.0330   11.7420
    7.5000  -22.5000   22.5000 2781.4800   12.0249
   -7.5000  -15.0000   22.5000 2876.5217   11.4816
    0.0000  -15.0000   22.5000 2905.5796   11.1733
    7.5000  -15.0000   22.5000 2866.3743   11.4431
   -7.5000   -7.5000   22.5000 2938.2134   11.2093
    0.0000   -7.5000   22.5000 2971.3135   10.9046
    7.5000   -7.5000   22.5000 2925.2852   11.1972
   -7.5000    0.0000   22.5000 2951.7175   11.2762
    0.0000    0.0000   22.5000 2990.7600   11.0175
    7.5000    0.0000   22.5000 2949.9253   11.2439
   -7.5000    7.5000   22.5000 2916.7134   11.6357
    0.0000    7.5000   22.5000 2959.7471   11.4177
    7.5000    7.5000   22.5000 2924.5083   11.5683
   -7.5000   15.0000   22.5000 2836.9436   12.2944
    0.0000   15.0000   22.5000 2875.9360   12.0843
    7.5000   15.0000   22.5000 2844.6196   12.1981
   -7.5000   22.5000   22.5000 2722.0913   13.1765
    0.0000   22.5000   22.5000 2755.9265   12.9730
    7.5000   22.5000   22.5000 2726.5059   13.0612
   -7.5000   30.0000   22.5000 2585.6782   14.3129
    0.0000   30.0000   22.5000 2616.6248   14.1138
    7.5000   30.0000   22.5000 2591.0342   14.2155
   -7.5000   37.5000   22.5000 2415.1533   15.7204
    0.0000   37.5000   22.5000 2437.6558   15.4850
    7.5000   37.5000   22.5000 2415.1948   15.6193
   -7.5000   45.0000   22.5000 2207.2876   17.3038
    0.0000   45.0000   22.5000 2227.5061   17.0609
    7.5000   45.0000   22.5000 2203.8328   17.2313
   -7.5000  -45.0000   30.0000 2436.2366   15.7277
    0.0000  -45.0000   30.0000 2453.6172   15.4575
    7.5000  -45.0000   30.0000 2426.4243   15.7144
   -7.5000  -37.5000   30.0000 2576.3384   14.2266
    0.0000  -37.5000   30.0000 2596.1448   13.9579
    7.5000  -37.5000   30.0000 2567.3718   14.1995
   -7.5000  -30.0000   30.0000 2694.5857   13.0635
    0.0000  -30.0000   30.0000 2714.5627   12.7955
    7.5000  -30.0000   30.0000 2684.7139   13.0476
   -7.5000  -22.5000   30.0000 2791.9897   12.2452
    0.0000  -22.5000   30.0000 2818.8083   12.0046
    7.5000  -22.5000   30.0000 2780.5671   12.2453
   -7.5000  -15.0000   30.0000 2877.3972   11.7229
    0.0000  -15.0000   30.0000 2904.1846   11.4744
    7.5000  -15.0000   30.0000 2858.0859   11.7265
   -7.5000   -7.5000   30.0000 2923.7456   11.4807
    0.0000   -7.5000   30.0000 2949.3770   11.2831
    7.5000   -7.5000   30.0000 2900.9019   11.4824
   -7.5000    0.0000   30.0000 2919.8689   11.5584
    0.0000    0.0000   30.0000 2948.4185   11.3937
    7.5000    0.0000   30.0000 2904.8982   11.5281
   -7.5000    7.5000   30.0000 2873.6177   11.9108
    0.0000    7.5000   30.0000 2901.9812   11.7533
    7.5000    7.5000   30.0000 2871.3848   11.8517
   -7.5000   15.0000   30.0000 2795.5078   12.5319
    0.0000   15.0000   30.0000 2823.7991   12.3542
    7.5000   15.0000   30.0000 2791.8911   12.4557
   -7.5000   22.5000   30.0000 2687.3479   13.3615
    0.0000   22.5000   30.0000 2713.8984   13.1782
    7.5000   22.5000   30.0000 2684.9534   13.2867
   -7.5000   30.0000   30.0000 2556.3640   14.4457
    0.0000   30.0000   30.0000 2586.1514   14.2334
    7.5000   30.0000   30.0000 2558.4294   14.3697
   -7.5000   37.5000   30.0000 2388.2754   15.8020
    0.0000   37.5000   30.0000 2410.9856   15.5448
    7.5000   37.5000   30.0000 2386.5344   15.7398
   -7.5000   45.0000   30.0000 2182.2588   17.3820
    0.0000   45.0000   30.0000 2203.6294   17.1327
    7.5000   45.0000   30.0000 2181.4106   17.3585
   -7.5000  -45.0000   37.5000 2422.4436   16.1089
    0.0000  -45.0000   37.5000 2440.0396   15.9309
    7.5000  -45.0000   37.5000 2405.5945   16.1933
   -7.5000  -37.5000   37.5000 2561.0518   14.6311
    0.0000  -37.5000   37.5000 2580.4434   14.4734
    7.5000  -37.5000   37.5000 2547.1316   14.6915
   -7.5000  -30.0000   37.5000 2676.1897   13.4973
    0.0000  -30.0000   37.5000 2696.3530   13.3547
    7.5000  -30.0000   37.5000 2660.6196   13.5381
   -7.5000  -22.5000   37.5000 2771.7183   12.6974
    0.0000  -22.5000   37.5000 2792.2471   12.5307
    7.5000  -22.5000   37.5000 2754.4797   12.7315
   -7.5000  -15.0000   37.5000 2848.8384   12.1829
    0.0000  -15.0000   37.5000 2872.3975   12.0118
    7.5000  -15.0000   37.5000 2826.4585   12.2124
   -7.5000   -7.5000   37.5000 2875.6089   11.9745
    0.0000   -7.5000   37.5000 2897.5386   11.8226
    7.5000   -7.5000   37.5000 2854.9446   11.9850
   -7.5000    0.0000   37.5000 2860.9392   12.0470
    0.0000    0.0000   37.5000 2883.4189   11.8930
    7.5000    0.0000   37.5000 2848.8701   12.0243
   -7.5000    7.5000   37.5000 2809.7900   12.3968
    0.0000    7.5000   37.5000 2835.2717   12.2507
    7.5000    7.5000   37.5000 2804.0073   12.3535
   -7.5000   15.0000   37.5000 2732.4741   13.0029
    0.0000   15.0000   37.5000 2755.4666   12.8733
    7.5000   15.0000   37.5000 2724.8728   12.9553
   -7.5000   22.5000   37.5000 2626.9578   13.7931
    0.0000   22.5000   37.5000 2651.3525   13.6320
    7.5000   22.5000   37.5000 2621.5066   13.7359
   -7.5000   30.0000   37.5000 2506.0872   14.8270
    0.0000   30.0000   37.5000 2528.1189   14.6398
    7.5000   30.0000   37.5000 2501.2380   14.7496
   -7.5000   37.5000   37.5000 2343.1089   16.1421
    0.0000   37.5000   37.5000 2364.4109   15.9129
    7.5000   37.5000   37.5000 2343.4243   16.0488
   -7.5000   45.0000   37.5000 2144.1580   17.6752
    0.0000   45.0000   37.5000 2164.5503   17.4496
    7.5000   45.0000   37.5000 2142.3975   17.6307
   -7.5000  -45.0000   45.0000 2375.3762   16.5989
    0.0000  -45.0000   45.0000 2389.3518   16.5080
    7.5000  -45.0000   45.0000 2357.5083   16.7067
   -7.5000  -37.5000   45.0000 2508.4226   15.1316
    0.0000  -37.5000   45.0000 2524.1184   15.0379
    7.5000  -37.5000   45.0000 2491.0837   15.1987
   -7.5000  -30.0000   45.0000 2615.0146   14.0126
    0.0000  -30.0000   45.0000 2634.9492   13.9044
    7.5000  -30.0000   45.0000 2598.1003   14.0799
   -7.5000  -22.5000   45.0000 2705.8469   13.2500
    0.0000  -22.5000   45.0000 2724.6741   13.1225
    7.5000  -22.5000   45.0000 2684.4082   13.2771
   -7.5000  -15.0000   45.0000 2767.0022   12.7637
    0.0000  -15.0000   45.0000 2784.5425   12.6610
    7.5000  -15.0000   45.0000 2743.7502   12.7909
   -7.5000   -7.5000   45.0000 2786.7544   12.5671
    0.0000   -7.5000   45.0000 2802.8545   12.4347
    7.5000   -7.5000   45.0000 2763.3279   12.5813
   -7.5000    0.0000   45.0000 2764.2751   12.6181
    0.0000    0.0000   45.0000 2781.6902   12.4600
    7.5000    0.0000   45.0000 2745.6470   12.6147
   -7.5000    7.5000   45.0000 2710.6396   12.9577
    0.0000    7.5000   45.0000 2729.0212   12.8281
    7.5000    7.5000   45.0000 2696.0449   12.9669
   -7.5000   15.0000   45.0000 2632.8103   13.5524
    0.0000   15.0000   45.0000 2651.1177   13.4405
    7.5000   15.0000   45.0000 2621.6162   13.5388
   -7.5000   22.5000   45.0000 2531.6658   14.3222
    0.0000   22.5000   45.0000 2551.6746   14.1782
    7.5000   22.5000   45.0000 2524.6995   14.2879
   -7.5000   30.0000   45.0000 2416.9375   15.3077
    0.0000   30.0000   45.0000 2431.5847   15.1304
    7.5000   30.0000   45.0000 2409.4060   15.2680
   -7.5000   37.5000   45.0000 2260.6213   16.5954
    0.0000   37.5000   45.0000 2282.0437   16.4023
    7.5000   37.5000   45.0000 2254.0161   16.5662
   -7.5000   45.0000   45.0000 2071.0029   18.1289
    0.0000   45.0000   45.0000 2093.1184   17.9027
    7.5000   45.0000   45.0000 2068.4053   18.1219

---------------------------------------------------------------------
imgreg_4dfp /opt/freesurfer/average/711-2C_as_mni_average_305 /opt/freesurfer/average/711-2B_as_mni_average_305_mask talsrcimg_g11 none talsrcimg_to_711-2C_as_mni_average_305_t4 1283
---------------------------------------------------------------------

freesurfer imgreg_4dfp.c
/opt/freesurfer/average/711-2C_as_mni_average_305.4dfp.img
       256       256       256         1
  1.000000  1.000000  1.000000
orientation T byte_order littleendian
Reading image: /opt/freesurfer/average/711-2C_as_mni_average_305.4dfp.img
dimensions:      256       256       256
mmppix:       1.0000   -1.0000   -1.0000
center:     128.0000 -129.0000 -129.0000
/opt/freesurfer/average/711-2B_as_mni_average_305_mask.4dfp.img
       256       256       256         1
  1.000000  1.000000  1.000000
orientation T byte_order littleendian
Reading mask: /opt/freesurfer/average/711-2B_as_mni_average_305_mask.4dfp.img (2306576 pixels)
talsrcimg_g11.4dfp.img
       256       256       256         1
  0.900000  0.900000  0.900000
orientation T byte_order littleendian
Reading image: talsrcimg_g11.4dfp.img
dimensions:      256       256       256
mmppix:       0.9000   -0.9000   -0.9000
center:     115.2000 -116.1000 -116.1000
rotation matrix determinant  1.000000
fimgreg.f
image alignment mode   1283 decimal      503 hex
parameters
    0.0000    0.0000   15.0000    0.0000    0.0000    0.0000
eta,q 0.94428 10.94341
niter,ni,del,rscale     5    3   12.0000    1.2000
parameter  4 -1.229444 -> -0.500000 qaram    1.1500
parameter  5 -0.759123 -> -0.500000 qaram    1.1500
parameters
   -0.4973    0.2380   16.2077    3.4500    3.4500   -0.3883
eta,q 0.94696 10.97612
  0.0659  0.0654  0.0665  0.0677  0.0633  0.0562
  0.0603  0.0617  0.0617  0.0659  0.0596  0.0549
  0.0590  0.0599  0.0587  0.0629  0.0568  0.0535
  0.0596  0.0592  0.0592  0.0596  0.0552  0.0531
  0.0611  0.0595  0.0594  0.0564  0.0539  0.0538
  0.0629  0.0615  0.0593  0.0552  0.0529  0.0554
  0.0672  0.0642  0.0614  0.0565  0.0534  0.0573
niter,ni,del,rscale     6    3   12.0000    1.2000
parameters
   -0.9017   -0.7902   16.5083    6.0692    4.2261   -1.7266
eta,q 0.94757 10.94647
  0.0592  0.0587  0.0598  0.0625  0.0596  0.0538
  0.0570  0.0561  0.0556  0.0609  0.0569  0.0532
  0.0545  0.0532  0.0534  0.0568  0.0547  0.0526
  0.0530  0.0531  0.0527  0.0529  0.0528  0.0525
  0.0537  0.0560  0.0537  0.0526  0.0527  0.0534
  0.0572  0.0597  0.0545  0.0546  0.0543  0.0545
  0.0626  0.0636  0.0584  0.0554  0.0579  0.0555
niter,ni,del,rscale     5    3   12.0000    1.2000
parameter  4 -0.666677 -> -0.500000 qaram    1.3225
parameters
   -1.1086   -3.1391   16.7670   10.0367    3.9112   -0.6431
eta,q 0.94994 10.87086
  0.0596  0.0537  0.0607  0.0603  0.0556  0.0525
  0.0572  0.0520  0.0559  0.0582  0.0530  0.0512
  0.0541  0.0519  0.0529  0.0551  0.0514  0.0506
  0.0524  0.0525  0.0519  0.0520  0.0501  0.0502
  0.0533  0.0545  0.0535  0.0504  0.0507  0.0500
  0.0568  0.0578  0.0557  0.0502  0.0533  0.0503
  0.0619  0.0624  0.0586  0.0516  0.0573  0.0513
niter,ni,del,rscale     5    3   12.0000    1.2000
parameters
   -0.6819   -5.3859   17.0731   10.8921    4.0043   -0.6385
eta,q 0.95343 10.81928
  0.0595  0.0532  0.0557  0.0605  0.0534  0.0505
  0.0553  0.0474  0.0512  0.0557  0.0505  0.0486
  0.0525  0.0462  0.0476  0.0482  0.0486  0.0472
  0.0501  0.0496  0.0461  0.0462  0.0466  0.0466
  0.0492  0.0546  0.0483  0.0485  0.0463  0.0471
  0.0529  0.0578  0.0508  0.0518  0.0496  0.0484
  0.0582  0.0608  0.0533  0.0554  0.0542  0.0506
niter,ni,del,rscale     4    3   12.0000    1.2000
parameters
   -0.7105   -5.3181   17.3450   11.1630    4.0010   -0.7807
eta,q 0.95303 10.81532
  0.0568  0.0604  0.0560  0.0598  0.0534  0.0505
  0.0523  0.0526  0.0518  0.0533  0.0506  0.0488
  0.0490  0.0477  0.0478  0.0470  0.0490  0.0475
  0.0466  0.0466  0.0466  0.0468  0.0470  0.0470
  0.0472  0.0495  0.0491  0.0497  0.0467  0.0476
  0.0521  0.0540  0.0512  0.0531  0.0500  0.0488
  0.0579  0.0580  0.0538  0.0566  0.0546  0.0510
niter,ni,del,rscale     3    3   12.0000    1.2000
parameters
   -0.7924   -5.4297   17.4542   11.3060    4.0069   -0.8732
eta,q 0.95281 10.80804
  0.0568  0.0593  0.0558  0.0596  0.0536  0.0508
  0.0522  0.0520  0.0515  0.0528  0.0507  0.0490
  0.0493  0.0478  0.0477  0.0469  0.0492  0.0477
  0.0470  0.0470  0.0470  0.0471  0.0472  0.0472
  0.0476  0.0500  0.0497  0.0500  0.0469  0.0478
  0.0524  0.0544  0.0516  0.0535  0.0502  0.0490
  0.0582  0.0584  0.0542  0.0569  0.0546  0.0511
niter,ni,del,rscale     2    3   12.0000    1.2000
parameters
   -0.8376   -5.4931   17.4977   11.3772    4.0126   -0.9222
eta,q 0.95271 10.80501
  0.0570  0.0595  0.0558  0.0594  0.0537  0.0509
  0.0524  0.0522  0.0515  0.0526  0.0507  0.0491
  0.0495  0.0481  0.0477  0.0469  0.0492  0.0478
  0.0472  0.0472  0.0472  0.0472  0.0473  0.0473
  0.0476  0.0499  0.0499  0.0501  0.0470  0.0478
  0.0524  0.0543  0.0518  0.0536  0.0503  0.0491
  0.0581  0.0582  0.0545  0.0571  0.0547  0.0511
niter,ni,del,rscale     1    3   12.0000    1.2000
parameters
   -0.8579   -5.5240   17.5180   11.4121    4.0153   -0.9449
eta,q 0.95266 10.80375
  0.0572  0.0596  0.0558  0.0594  0.0537  0.0510
  0.0524  0.0523  0.0515  0.0525  0.0508  0.0492
  0.0496  0.0483  0.0477  0.0469  0.0493  0.0479
  0.0473  0.0473  0.0473  0.0473  0.0473  0.0473
  0.0477  0.0499  0.0500  0.0502  0.0471  0.0479
  0.0523  0.0542  0.0520  0.0537  0.0503  0.0491
  0.0581  0.0582  0.0546  0.0571  0.0547  0.0511
registration optimization eta report
parameter search radius
    6.0000    6.0000    6.0000    7.9350    6.9000    6.0000
100000*second partial in parameter space
       28.       31.       21.       17.       14.       10.
  0.0572  0.0596  0.0558  0.0594  0.0537  0.0510
  0.0524  0.0523  0.0515  0.0525  0.0508  0.0492
  0.0496  0.0483  0.0477  0.0469  0.0493  0.0479
  0.0473  0.0473  0.0473  0.0473  0.0473  0.0473
  0.0477  0.0499  0.0500  0.0502  0.0471  0.0479
  0.0523  0.0542  0.0520  0.0537  0.0503  0.0491
  0.0581  0.0582  0.0546  0.0571  0.0547  0.0511
   -0.8579   -5.5240   17.5180   11.4121    4.0153   -0.9449
eta,q 0.95266 10.80375

---------------------------------------------------------------------
imgreg_4dfp /opt/freesurfer/average/711-2C_as_mni_average_305 /opt/freesurfer/average/711-2B_as_mni_average_305_mask talsrcimg_g11 none talsrcimg_to_711-2C_as_mni_average_305_t4 3335
---------------------------------------------------------------------

freesurfer imgreg_4dfp.c
/opt/freesurfer/average/711-2C_as_mni_average_305.4dfp.img
       256       256       256         1
  1.000000  1.000000  1.000000
orientation T byte_order littleendian
Reading image: /opt/freesurfer/average/711-2C_as_mni_average_305.4dfp.img
dimensions:      256       256       256
mmppix:       1.0000   -1.0000   -1.0000
center:     128.0000 -129.0000 -129.0000
/opt/freesurfer/average/711-2B_as_mni_average_305_mask.4dfp.img
       256       256       256         1
  1.000000  1.000000  1.000000
orientation T byte_order littleendian
Reading mask: /opt/freesurfer/average/711-2B_as_mni_average_305_mask.4dfp.img (2306576 pixels)
talsrcimg_g11.4dfp.img
       256       256       256         1
  0.900000  0.900000  0.900000
orientation T byte_order littleendian
Reading image: talsrcimg_g11.4dfp.img
dimensions:      256       256       256
mmppix:       0.9000   -0.9000   -0.9000
center:     115.2000 -116.1000 -116.1000
fimgreg.f
image alignment mode   3335 decimal      D07 hex
parameters
   -0.8579   -5.5240   17.5180   -0.2590   -1.9675   -2.2177
    0.2312   -7.1892   -1.6451  -19.6705    7.0022   19.7379
eta,q 0.95520 10.77726
niter,ni,del,rscale     5    3    5.0000    1.2000
parameter  4  3.507073 ->  0.500000 qaram    1.1500
parameter  5  1.884716 ->  0.500000 qaram    1.1500
parameter  6  0.966863 ->  0.500000 qaram    1.1500
parameter 12  0.887476 ->  0.500000 qaram    1.1500
parameters
   -0.8761   -4.7588   17.5125   -4.3990   -6.1075   -6.3577
   -1.4118   -6.1804   -0.1124  -20.6081    4.3431   15.5979
eta,q 0.97056 10.25441
  0.0469  0.0476  0.0462  0.0342  0.0326  0.0313  0.0324  0.0365  0.0334  0.0333  0.0312  0.0293
  0.0459  0.0464  0.0452  0.0371  0.0339  0.0311  0.0315  0.0338  0.0323  0.0317  0.0307  0.0294
  0.0451  0.0454  0.0447  0.0407  0.0357  0.0320  0.0311  0.0319  0.0314  0.0309  0.0305  0.0298
  0.0448  0.0448  0.0446  0.0446  0.0381  0.0343  0.0312  0.0311  0.0309  0.0309  0.0308  0.0305
  0.0450  0.0446  0.0449  0.0489  0.0411  0.0377  0.0318  0.0311  0.0309  0.0316  0.0313  0.0317
  0.0458  0.0448  0.0454  0.0537  0.0443  0.0407  0.0329  0.0321  0.0312  0.0329  0.0323  0.0332
  0.0471  0.0455  0.0460  0.0585  0.0477  0.0447  0.0345  0.0341  0.0320  0.0349  0.0336  0.0350
niter,ni,del,rscale     7    3    5.0000    1.2000
parameter  4  0.851871 ->  0.500000 qaram    1.3225
parameters
   -0.9035   -4.7083   18.3325   -9.1600   -9.9275   -6.3376
   -0.9983   -5.5550    1.4197  -20.0641    4.5638   16.4206
eta,q 0.97539  9.97700
  0.0323  0.0318  0.0324  0.0259  0.0256  0.0294  0.0278  0.0305  0.0272  0.0273  0.0264  0.0263
  0.0307  0.0305  0.0310  0.0253  0.0250  0.0280  0.0263  0.0280  0.0260  0.0259  0.0255  0.0256
  0.0298  0.0297  0.0300  0.0263  0.0249  0.0264  0.0253  0.0260  0.0252  0.0249  0.0249  0.0250
  0.0294  0.0294  0.0294  0.0293  0.0254  0.0248  0.0248  0.0248  0.0247  0.0247  0.0247  0.0247
  0.0298  0.0297  0.0293  0.0334  0.0268  0.0242  0.0250  0.0251  0.0247  0.0248  0.0248  0.0246
  0.0308  0.0304  0.0294  0.0380  0.0290  0.0272  0.0259  0.0267  0.0250  0.0254  0.0253  0.0250
  0.0325  0.0315  0.0300  0.0434  0.0323  0.0305  0.0272  0.0290  0.0257  0.0266  0.0263  0.0260
niter,ni,del,rscale     7    3    5.0000    1.2000
parameters
   -1.0111   -4.4547   18.3959  -11.5689  -10.3618   -6.1083
   -1.1316   -5.7124    2.0606  -20.0563    4.8159   16.9700
eta,q 0.97532  9.89193
  0.0277  0.0270  0.0262  0.0276  0.0269  0.0292  0.0269  0.0288  0.0263  0.0268  0.0262  0.0263
  0.0260  0.0257  0.0253  0.0264  0.0260  0.0279  0.0257  0.0267  0.0255  0.0255  0.0254  0.0256
  0.0249  0.0249  0.0248  0.0251  0.0252  0.0265  0.0250  0.0252  0.0250  0.0249  0.0250  0.0250
  0.0246  0.0246  0.0246  0.0246  0.0249  0.0249  0.0247  0.0247  0.0247  0.0247  0.0247  0.0247
  0.0251  0.0247  0.0247  0.0262  0.0251  0.0240  0.0250  0.0253  0.0248  0.0249  0.0248  0.0247
  0.0264  0.0252  0.0252  0.0301  0.0260  0.0267  0.0258  0.0269  0.0252  0.0255  0.0252  0.0251
  0.0283  0.0261  0.0261  0.0349  0.0277  0.0300  0.0270  0.0292  0.0258  0.0267  0.0261  0.0261
niter,ni,del,rscale     6    3    5.0000    1.2000
parameters
   -1.1081   -4.3544   18.2636  -12.2786  -10.4897   -6.1818
   -1.1388   -5.9249    2.2243  -19.9444    4.7738   17.0539
eta,q 0.97505  9.85760
  0.0272  0.0267  0.0260  0.0284  0.0270  0.0290  0.0270  0.0287  0.0263  0.0270  0.0262  0.0264
  0.0258  0.0256  0.0252  0.0271  0.0261  0.0279  0.0259  0.0267  0.0256  0.0258  0.0255  0.0257
  0.0249  0.0249  0.0248  0.0259  0.0253  0.0265  0.0252  0.0254  0.0251  0.0251  0.0251  0.0252
  0.0247  0.0247  0.0247  0.0247  0.0249  0.0249  0.0250  0.0250  0.0249  0.0250  0.0250  0.0250
  0.0251  0.0249  0.0249  0.0247  0.0251  0.0243  0.0252  0.0255  0.0251  0.0251  0.0250  0.0250
  0.0261  0.0254  0.0254  0.0269  0.0259  0.0272  0.0259  0.0270  0.0255  0.0257  0.0255  0.0255
  0.0277  0.0263  0.0264  0.0312  0.0274  0.0305  0.0271  0.0292  0.0262  0.0269  0.0263  0.0265
niter,ni,del,rscale     5    3    5.0000    1.2000
parameters
   -1.1713   -4.2573   18.1696  -12.3958  -10.5585   -6.2698
   -1.0732   -6.0366    2.3637  -19.7689    4.6302   17.0043
eta,q 0.97495  9.84509
  0.0274  0.0269  0.0262  0.0287  0.0270  0.0290  0.0271  0.0288  0.0263  0.0271  0.0262  0.0264
  0.0260  0.0258  0.0254  0.0274  0.0262  0.0279  0.0260  0.0269  0.0256  0.0259  0.0256  0.0258
  0.0252  0.0252  0.0250  0.0262  0.0254  0.0266  0.0253  0.0255  0.0252  0.0252  0.0252  0.0253
  0.0249  0.0249  0.0250  0.0249  0.0250  0.0250  0.0250  0.0250  0.0250  0.0250  0.0250  0.0251
  0.0253  0.0251  0.0251  0.0246  0.0251  0.0243  0.0252  0.0256  0.0252  0.0252  0.0251  0.0251
  0.0262  0.0257  0.0256  0.0263  0.0259  0.0272  0.0259  0.0269  0.0256  0.0257  0.0256  0.0256
  0.0276  0.0265  0.0265  0.0303  0.0274  0.0306  0.0271  0.0291  0.0262  0.0269  0.0264  0.0267
niter,ni,del,rscale     4    3    5.0000    1.2000
parameters
   -1.2192   -4.1799   18.1234  -12.4269  -10.6255   -6.3170
   -1.0024   -6.1002    2.5509  -19.5998    4.4765   16.9277
eta,q 0.97491  9.83682
  0.0274  0.0269  0.0263  0.0287  0.0271  0.0290  0.0271  0.0288  0.0263  0.0270  0.0262  0.0264
  0.0261  0.0259  0.0255  0.0274  0.0262  0.0279  0.0261  0.0269  0.0257  0.0259  0.0256  0.0258
  0.0253  0.0252  0.0251  0.0262  0.0255  0.0266  0.0254  0.0255  0.0253  0.0253  0.0252  0.0253
  0.0251  0.0251  0.0250  0.0250  0.0251  0.0251  0.0251  0.0251  0.0251  0.0251  0.0251  0.0251
  0.0254  0.0252  0.0252  0.0246  0.0252  0.0243  0.0253  0.0256  0.0252  0.0252  0.0252  0.0251
  0.0262  0.0258  0.0256  0.0263  0.0260  0.0271  0.0260  0.0269  0.0256  0.0258  0.0256  0.0256
  0.0276  0.0266  0.0264  0.0301  0.0274  0.0305  0.0271  0.0290  0.0262  0.0269  0.0264  0.0267
niter,ni,del,rscale     3    3    5.0000    1.2000
parameters
   -1.2570   -4.1164   18.0947  -12.4514  -10.6926   -6.3409
   -0.9495   -6.1525    2.7448  -19.4473    4.3449   16.8803
eta,q 0.97488  9.82975
  0.0275  0.0269  0.0264  0.0287  0.0271  0.0291  0.0271  0.0288  0.0263  0.0270  0.0262  0.0264
  0.0262  0.0259  0.0256  0.0274  0.0262  0.0279  0.0261  0.0269  0.0257  0.0259  0.0256  0.0258
  0.0253  0.0253  0.0252  0.0263  0.0255  0.0267  0.0254  0.0256  0.0253  0.0253  0.0253  0.0254
  0.0251  0.0251  0.0251  0.0251  0.0251  0.0251  0.0251  0.0251  0.0251  0.0251  0.0251  0.0251
  0.0254  0.0253  0.0253  0.0247  0.0252  0.0243  0.0253  0.0256  0.0252  0.0253  0.0252  0.0251
  0.0262  0.0258  0.0257  0.0263  0.0260  0.0270  0.0260  0.0269  0.0256  0.0258  0.0256  0.0256
  0.0276  0.0267  0.0264  0.0301  0.0275  0.0305  0.0271  0.0290  0.0262  0.0269  0.0264  0.0267
niter,ni,del,rscale     2    3    5.0000    1.2000
parameters
   -1.2904   -4.0599   18.0790  -12.4784  -10.7710   -6.3561
   -0.9158   -6.1992    2.9358  -19.3069    4.2141   16.8397
eta,q 0.97485  9.82251
  0.0275  0.0269  0.0264  0.0287  0.0271  0.0290  0.0271  0.0288  0.0263  0.0270  0.0262  0.0265
  0.0262  0.0259  0.0256  0.0274  0.0263  0.0279  0.0261  0.0269  0.0257  0.0259  0.0256  0.0259
  0.0254  0.0253  0.0252  0.0263  0.0255  0.0267  0.0254  0.0256  0.0253  0.0253  0.0253  0.0254
  0.0251  0.0251  0.0251  0.0251  0.0251  0.0251  0.0251  0.0251  0.0251  0.0251  0.0251  0.0252
  0.0254  0.0253  0.0253  0.0247  0.0253  0.0243  0.0253  0.0256  0.0253  0.0253  0.0252  0.0252
  0.0263  0.0259  0.0257  0.0263  0.0260  0.0270  0.0260  0.0269  0.0256  0.0258  0.0256  0.0257
  0.0276  0.0267  0.0264  0.0301  0.0275  0.0305  0.0272  0.0290  0.0262  0.0269  0.0264  0.0267
niter,ni,del,rscale     1    3    5.0000    1.2000
parameters
   -1.3199   -4.0120   18.0624  -12.5008  -10.8431   -6.3764
   -0.8829   -6.2372    3.1024  -19.1763    4.0835   16.8057
eta,q 0.97483  9.81591
  0.0275  0.0269  0.0264  0.0287  0.0271  0.0290  0.0271  0.0288  0.0263  0.0270  0.0263  0.0265
  0.0262  0.0259  0.0256  0.0274  0.0263  0.0279  0.0261  0.0270  0.0257  0.0259  0.0257  0.0259
  0.0254  0.0253  0.0252  0.0263  0.0255  0.0267  0.0255  0.0256  0.0253  0.0253  0.0253  0.0254
  0.0251  0.0251  0.0252  0.0252  0.0252  0.0252  0.0252  0.0252  0.0252  0.0252  0.0252  0.0252
  0.0254  0.0253  0.0253  0.0247  0.0253  0.0243  0.0254  0.0256  0.0253  0.0253  0.0253  0.0252
  0.0263  0.0259  0.0257  0.0263  0.0260  0.0270  0.0260  0.0269  0.0257  0.0258  0.0257  0.0257
  0.0276  0.0267  0.0264  0.0301  0.0275  0.0305  0.0272  0.0290  0.0262  0.0269  0.0264  0.0267
registration optimization eta report
parameter search radius
    2.4000    2.4000    2.4000    9.5220    8.2800    8.2800
    7.2000    7.2000    7.2000    7.2000    7.2000    8.2800
100000*second partial in parameter space
       42.       29.       22.        5.        3.        7.
        4.        7.        2.        3.        2.        2.
  0.0275  0.0269  0.0264  0.0287  0.0271  0.0290  0.0271  0.0288  0.0263  0.0270  0.0263  0.0265
  0.0262  0.0259  0.0256  0.0274  0.0263  0.0279  0.0261  0.0270  0.0257  0.0259  0.0257  0.0259
  0.0254  0.0253  0.0252  0.0263  0.0255  0.0267  0.0255  0.0256  0.0253  0.0253  0.0253  0.0254
  0.0251  0.0251  0.0252  0.0252  0.0252  0.0252  0.0252  0.0252  0.0252  0.0252  0.0252  0.0252
  0.0254  0.0253  0.0253  0.0247  0.0253  0.0243  0.0254  0.0256  0.0253  0.0253  0.0253  0.0252
  0.0263  0.0259  0.0257  0.0263  0.0260  0.0270  0.0260  0.0269  0.0257  0.0258  0.0257  0.0257
  0.0276  0.0267  0.0264  0.0301  0.0275  0.0305  0.0272  0.0290  0.0262  0.0269  0.0264  0.0267
   -1.3199   -4.0120   18.0624  -12.5008  -10.8431   -6.3764
   -0.8829   -6.2372    3.1024  -19.1763    4.0835   16.8057
eta,q 0.97483  9.81591

---------------------------------------------------------------------
imgreg_4dfp /opt/freesurfer/average/711-2C_as_mni_average_305 /opt/freesurfer/average/711-2B_as_mni_average_305_mask talsrcimg_g11 none talsrcimg_to_711-2C_as_mni_average_305_t4 2311
---------------------------------------------------------------------

freesurfer imgreg_4dfp.c
/opt/freesurfer/average/711-2C_as_mni_average_305.4dfp.img
       256       256       256         1
  1.000000  1.000000  1.000000
orientation T byte_order littleendian
Reading image: /opt/freesurfer/average/711-2C_as_mni_average_305.4dfp.img
dimensions:      256       256       256
mmppix:       1.0000   -1.0000   -1.0000
center:     128.0000 -129.0000 -129.0000
/opt/freesurfer/average/711-2B_as_mni_average_305_mask.4dfp.img
       256       256       256         1
  1.000000  1.000000  1.000000
orientation T byte_order littleendian
Reading mask: /opt/freesurfer/average/711-2B_as_mni_average_305_mask.4dfp.img (2306576 pixels)
talsrcimg_g11.4dfp.img
       256       256       256         1
  0.900000  0.900000  0.900000
orientation T byte_order littleendian
Reading image: talsrcimg_g11.4dfp.img
dimensions:      256       256       256
mmppix:       0.9000   -0.9000   -0.9000
center:     115.2000 -116.1000 -116.1000
fimgreg.f
image alignment mode   2311 decimal      907 hex
parameters
   -1.3199   -4.0120   18.0624  -12.5008  -10.8431   -6.3764
   -0.8829   -6.2372    3.1024  -19.1763    4.0835   16.8057
eta,q 0.97483  9.81592
niter,ni,del,rscale     5    3    5.0000    0.8000
parameter  4 -0.508745 -> -0.500000 qaram    1.1500
parameters
   -1.3464   -4.0047   17.9795   -9.7408  -10.7427   -5.5283
   -1.4282   -6.0252    2.3150  -19.6989    4.4888   15.9529
eta,q 0.97570  9.92568
  0.0262  0.0259  0.0257  0.0269  0.0256  0.0273  0.0253  0.0272  0.0248  0.0250  0.0253  0.0247
  0.0256  0.0255  0.0253  0.0263  0.0251  0.0264  0.0247  0.0259  0.0245  0.0245  0.0248  0.0245
  0.0253  0.0253  0.0252  0.0257  0.0248  0.0255  0.0244  0.0248  0.0243  0.0243  0.0245  0.0243
  0.0252  0.0252  0.0252  0.0252  0.0247  0.0247  0.0244  0.0243  0.0243  0.0243  0.0243  0.0243
  0.0253  0.0253  0.0253  0.0248  0.0248  0.0242  0.0246  0.0246  0.0245  0.0245  0.0244  0.0244
  0.0257  0.0255  0.0254  0.0247  0.0250  0.0247  0.0251  0.0255  0.0248  0.0248  0.0246  0.0247
  0.0263  0.0259  0.0257  0.0253  0.0255  0.0265  0.0259  0.0268  0.0252  0.0254  0.0251  0.0252
niter,ni,del,rscale     5    3    5.0000    0.8000
parameters
   -1.1299   -4.1826   18.4768  -10.6174  -10.1234   -5.0216
   -1.3949   -5.7817    1.9700  -19.9820    4.9122   15.9748
eta,q 0.97608  9.94208
  0.0263  0.0249  0.0256  0.0258  0.0253  0.0271  0.0251  0.0268  0.0245  0.0248  0.0250  0.0245
  0.0253  0.0245  0.0250  0.0251  0.0248  0.0261  0.0245  0.0254  0.0242  0.0242  0.0245  0.0242
  0.0246  0.0243  0.0245  0.0244  0.0244  0.0252  0.0241  0.0244  0.0240  0.0240  0.0241  0.0240
  0.0243  0.0243  0.0243  0.0242  0.0242  0.0242  0.0240  0.0239  0.0239  0.0239  0.0239  0.0239
  0.0243  0.0244  0.0242  0.0246  0.0242  0.0237  0.0241  0.0242  0.0241  0.0241  0.0240  0.0240
  0.0247  0.0248  0.0243  0.0258  0.0244  0.0247  0.0245  0.0250  0.0243  0.0244  0.0242  0.0242
  0.0254  0.0252  0.0246  0.0279  0.0249  0.0267  0.0251  0.0263  0.0247  0.0250  0.0247  0.0246
niter,ni,del,rscale     4    3    5.0000    0.7000
parameters
   -1.0379   -4.3472   18.4683  -10.7033   -9.9285   -4.8447
   -1.4772   -5.7554    1.6974  -20.2285    5.0509   15.9428
eta,q 0.97617  9.95252
  0.0252  0.0244  0.0247  0.0256  0.0247  0.0264  0.0247  0.0261  0.0243  0.0245  0.0246  0.0243
  0.0246  0.0241  0.0243  0.0249  0.0243  0.0256  0.0242  0.0249  0.0240  0.0241  0.0242  0.0241
  0.0241  0.0239  0.0240  0.0243  0.0240  0.0247  0.0239  0.0241  0.0239  0.0239  0.0239  0.0239
  0.0239  0.0239  0.0239  0.0239  0.0239  0.0239  0.0238  0.0238  0.0238  0.0238  0.0238  0.0238
  0.0240  0.0240  0.0240  0.0240  0.0240  0.0238  0.0240  0.0241  0.0239  0.0239  0.0239  0.0239
  0.0243  0.0243  0.0243  0.0247  0.0242  0.0248  0.0243  0.0249  0.0241  0.0242  0.0241  0.0240
  0.0249  0.0247  0.0247  0.0260  0.0246  0.0266  0.0248  0.0260  0.0244  0.0247  0.0245  0.0244
niter,ni,del,rscale     3    3    5.0000    0.6000
parameters
   -0.9925   -4.3807   18.4622  -10.6000   -9.8285   -4.6902
   -1.4923   -5.7475    1.5773  -20.2898    5.0799   15.7478
eta,q 0.97623  9.96066
  0.0248  0.0243  0.0245  0.0253  0.0244  0.0259  0.0245  0.0255  0.0241  0.0243  0.0244  0.0241
  0.0243  0.0240  0.0241  0.0247  0.0241  0.0252  0.0241  0.0246  0.0239  0.0240  0.0240  0.0239
  0.0240  0.0239  0.0239  0.0241  0.0239  0.0245  0.0238  0.0240  0.0238  0.0238  0.0238  0.0238
  0.0238  0.0238  0.0238  0.0238  0.0238  0.0238  0.0238  0.0238  0.0238  0.0238  0.0238  0.0238
  0.0239  0.0239  0.0239  0.0239  0.0239  0.0238  0.0238  0.0240  0.0238  0.0238  0.0238  0.0238
  0.0242  0.0241  0.0241  0.0244  0.0240  0.0246  0.0241  0.0246  0.0240  0.0240  0.0240  0.0240
  0.0246  0.0243  0.0245  0.0253  0.0243  0.0260  0.0245  0.0255  0.0242  0.0243  0.0243  0.0242
niter,ni,del,rscale     2    3    5.0000    0.5000
parameters
   -0.9752   -4.3805   18.4691  -10.4928   -9.7633   -4.5088
   -1.4721   -5.7487    1.5204  -20.3103    5.0583   15.4901
eta,q 0.97629  9.96656
  0.0244  0.0241  0.0243  0.0249  0.0241  0.0255  0.0242  0.0250  0.0240  0.0241  0.0241  0.0239
  0.0241  0.0239  0.0240  0.0244  0.0239  0.0249  0.0240  0.0243  0.0238  0.0239  0.0239  0.0238
  0.0238  0.0238  0.0238  0.0240  0.0238  0.0242  0.0238  0.0239  0.0237  0.0237  0.0238  0.0237
  0.0238  0.0238  0.0238  0.0238  0.0238  0.0238  0.0237  0.0237  0.0237  0.0237  0.0237  0.0237
  0.0238  0.0238  0.0238  0.0238  0.0238  0.0237  0.0238  0.0239  0.0237  0.0238  0.0238  0.0238
  0.0240  0.0239  0.0240  0.0242  0.0239  0.0243  0.0239  0.0243  0.0239  0.0239  0.0239  0.0239
  0.0244  0.0241  0.0242  0.0248  0.0241  0.0254  0.0242  0.0250  0.0240  0.0241  0.0241  0.0240
niter,ni,del,rscale     1    3    5.0000    0.4000
parameters
   -0.9648   -4.3680   18.4739  -10.4320   -9.7046   -4.3351
   -1.4426   -5.7474    1.5139  -20.2868    5.0241   15.2313
eta,q 0.97631  9.97049
  0.0241  0.0239  0.0241  0.0245  0.0240  0.0250  0.0240  0.0245  0.0239  0.0239  0.0240  0.0238
  0.0239  0.0238  0.0239  0.0241  0.0238  0.0245  0.0238  0.0241  0.0238  0.0238  0.0238  0.0237
  0.0238  0.0237  0.0238  0.0238  0.0237  0.0240  0.0237  0.0238  0.0237  0.0237  0.0237  0.0237
  0.0237  0.0237  0.0237  0.0237  0.0237  0.0237  0.0237  0.0237  0.0237  0.0237  0.0237  0.0237
  0.0238  0.0237  0.0238  0.0238  0.0237  0.0237  0.0237  0.0238  0.0237  0.0237  0.0237  0.0237
  0.0239  0.0238  0.0239  0.0240  0.0238  0.0241  0.0238  0.0241  0.0238  0.0238  0.0238  0.0238
  0.0241  0.0239  0.0240  0.0244  0.0239  0.0249  0.0240  0.0245  0.0239  0.0239  0.0240  0.0239
registration optimization eta report
parameter search radius
    0.8000    0.8000    0.8000    2.7600    2.4000    2.4000
    2.4000    2.4000    2.4000    2.4000    2.4000    2.4000
100000*second partial in parameter space
       65.       34.       52.       10.        4.       21.
        6.       14.        3.        4.        5.        3.
  0.0241  0.0239  0.0241  0.0245  0.0240  0.0250  0.0240  0.0245  0.0239  0.0239  0.0240  0.0238
  0.0239  0.0238  0.0239  0.0241  0.0238  0.0245  0.0238  0.0241  0.0238  0.0238  0.0238  0.0237
  0.0238  0.0237  0.0238  0.0238  0.0237  0.0240  0.0237  0.0238  0.0237  0.0237  0.0237  0.0237
  0.0237  0.0237  0.0237  0.0237  0.0237  0.0237  0.0237  0.0237  0.0237  0.0237  0.0237  0.0237
  0.0238  0.0237  0.0238  0.0238  0.0237  0.0237  0.0237  0.0238  0.0237  0.0237  0.0237  0.0237
  0.0239  0.0238  0.0239  0.0240  0.0238  0.0241  0.0238  0.0241  0.0238  0.0238  0.0238  0.0238
  0.0241  0.0239  0.0240  0.0244  0.0239  0.0249  0.0240  0.0245  0.0239  0.0239  0.0240  0.0239
   -0.9648   -4.3680   18.4739  -10.4320   -9.7046   -4.3351
   -1.4426   -5.7474    1.5139  -20.2868    5.0241   15.2313
eta,q 0.97631  9.97049

---------------------------------------------------------------------
imgreg_4dfp /opt/freesurfer/average/711-2C_as_mni_average_305 /opt/freesurfer/average/711-2B_as_mni_average_305_mask talsrcimg_g11 none talsrcimg_to_711-2C_as_mni_average_305_t4 2311
---------------------------------------------------------------------

freesurfer imgreg_4dfp.c
/opt/freesurfer/average/711-2C_as_mni_average_305.4dfp.img
       256       256       256         1
  1.000000  1.000000  1.000000
orientation T byte_order littleendian
Reading image: /opt/freesurfer/average/711-2C_as_mni_average_305.4dfp.img
dimensions:      256       256       256
mmppix:       1.0000   -1.0000   -1.0000
center:     128.0000 -129.0000 -129.0000
/opt/freesurfer/average/711-2B_as_mni_average_305_mask.4dfp.img
       256       256       256         1
  1.000000  1.000000  1.000000
orientation T byte_order littleendian
Reading mask: /opt/freesurfer/average/711-2B_as_mni_average_305_mask.4dfp.img (2306576 pixels)
talsrcimg_g11.4dfp.img
       256       256       256         1
  0.900000  0.900000  0.900000
orientation T byte_order littleendian
Reading image: talsrcimg_g11.4dfp.img
dimensions:      256       256       256
mmppix:       0.9000   -0.9000   -0.9000
center:     115.2000 -116.1000 -116.1000
fimgreg.f
image alignment mode   2311 decimal      907 hex
parameters
   -0.9648   -4.3680   18.4739  -10.4320   -9.7046   -4.3351
   -1.4426   -5.7474    1.5139  -20.2868    5.0241   15.2313
eta,q 0.97631  9.97049
niter,ni,del,rscale     5    3    5.0000    0.8000
parameters
   -0.9575   -4.3199   18.4725  -10.8653   -9.7456   -4.7478
   -1.3438   -5.7204    1.6538  -20.0851    5.1158   15.6578
eta,q 0.97618  9.95462
  0.0253  0.0246  0.0250  0.0252  0.0246  0.0264  0.0251  0.0266  0.0246  0.0250  0.0248  0.0246
  0.0244  0.0241  0.0243  0.0246  0.0242  0.0255  0.0244  0.0252  0.0242  0.0243  0.0243  0.0242
  0.0239  0.0238  0.0238  0.0240  0.0238  0.0245  0.0240  0.0242  0.0239  0.0239  0.0240  0.0240
  0.0237  0.0237  0.0237  0.0237  0.0237  0.0237  0.0238  0.0238  0.0238  0.0238  0.0238  0.0238
  0.0239  0.0238  0.0238  0.0239  0.0238  0.0242  0.0239  0.0242  0.0239  0.0239  0.0239  0.0238
  0.0244  0.0240  0.0243  0.0248  0.0241  0.0259  0.0243  0.0251  0.0241  0.0242  0.0242  0.0240
  0.0253  0.0245  0.0250  0.0262  0.0247  0.0281  0.0250  0.0265  0.0245  0.0248  0.0248  0.0244
niter,ni,del,rscale     4    3    5.0000    0.7000
parameters
   -0.9843   -4.3466   18.4398  -10.6576   -9.8132   -4.7914
   -1.4511   -5.7588    1.6033  -20.2198    5.1108   15.7865
eta,q 0.97620  9.95843
  0.0249  0.0245  0.0247  0.0253  0.0245  0.0263  0.0247  0.0260  0.0243  0.0246  0.0246  0.0243
  0.0243  0.0241  0.0242  0.0247  0.0241  0.0254  0.0242  0.0248  0.0240  0.0241  0.0242  0.0241
  0.0239  0.0239  0.0239  0.0242  0.0239  0.0246  0.0239  0.0241  0.0239  0.0238  0.0239  0.0239
  0.0238  0.0238  0.0238  0.0238  0.0238  0.0238  0.0238  0.0238  0.0238  0.0238  0.0238  0.0238
  0.0240  0.0239  0.0239  0.0238  0.0239  0.0239  0.0239  0.0241  0.0239  0.0239  0.0239  0.0238
  0.0244  0.0241  0.0242  0.0243  0.0241  0.0250  0.0243  0.0249  0.0241  0.0242  0.0241  0.0240
  0.0250  0.0245  0.0248  0.0252  0.0246  0.0269  0.0248  0.0260  0.0244  0.0246  0.0246  0.0243
niter,ni,del,rscale     3    3    5.0000    0.6000
parameters
   -0.9832   -4.3739   18.4566  -10.4988   -9.8132   -4.6825
   -1.4746   -5.7556    1.5360  -20.2571    5.0866   15.6851
eta,q 0.97624  9.96373
  0.0247  0.0243  0.0245  0.0250  0.0243  0.0259  0.0245  0.0255  0.0242  0.0243  0.0243  0.0241
  0.0242  0.0240  0.0241  0.0245  0.0240  0.0252  0.0241  0.0246  0.0239  0.0240  0.0240  0.0239
  0.0239  0.0238  0.0239  0.0240  0.0239  0.0244  0.0238  0.0240  0.0238  0.0238  0.0238  0.0238
  0.0238  0.0238  0.0238  0.0238  0.0238  0.0238  0.0238  0.0238  0.0238  0.0238  0.0238  0.0238
  0.0239  0.0239  0.0239  0.0239  0.0238  0.0238  0.0238  0.0240  0.0238  0.0238  0.0238  0.0238
  0.0242  0.0240  0.0241  0.0242  0.0240  0.0246  0.0241  0.0246  0.0240  0.0240  0.0240  0.0239
  0.0247  0.0243  0.0245  0.0249  0.0243  0.0261  0.0245  0.0255  0.0242  0.0243  0.0244  0.0242
niter,ni,del,rscale     2    3    5.0000    0.5000
parameters
   -0.9754   -4.3783   18.4762  -10.4134   -9.7680   -4.5113
   -1.4662   -5.7506    1.5154  -20.2889    5.0426   15.4782
eta,q 0.97629  9.96837
  0.0244  0.0241  0.0243  0.0246  0.0241  0.0255  0.0242  0.0250  0.0240  0.0241  0.0241  0.0239
  0.0240  0.0239  0.0240  0.0242  0.0239  0.0249  0.0239  0.0243  0.0238  0.0239  0.0239  0.0238
  0.0238  0.0238  0.0238  0.0239  0.0238  0.0242  0.0238  0.0239  0.0237  0.0237  0.0238  0.0237
  0.0238  0.0238  0.0238  0.0238  0.0238  0.0238  0.0237  0.0237  0.0237  0.0237  0.0237  0.0237
  0.0238  0.0238  0.0238  0.0238  0.0238  0.0237  0.0238  0.0239  0.0237  0.0238  0.0238  0.0238
  0.0240  0.0239  0.0240  0.0241  0.0239  0.0243  0.0239  0.0243  0.0238  0.0239  0.0239  0.0239
  0.0244  0.0241  0.0242  0.0246  0.0241  0.0254  0.0242  0.0250  0.0240  0.0241  0.0242  0.0240
niter,ni,del,rscale     1    3    5.0000    0.4000
parameters
   -0.9676   -4.3671   18.4809  -10.3793   -9.7190   -4.3408
   -1.4356   -5.7431    1.5254  -20.2783    5.0090   15.2388
eta,q 0.97632  9.97125
  0.0241  0.0239  0.0241  0.0243  0.0240  0.0250  0.0240  0.0245  0.0239  0.0239  0.0240  0.0238
  0.0239  0.0238  0.0239  0.0240  0.0238  0.0245  0.0238  0.0241  0.0238  0.0238  0.0238  0.0237
  0.0238  0.0237  0.0238  0.0238  0.0237  0.0240  0.0237  0.0238  0.0237  0.0237  0.0237  0.0237
  0.0237  0.0237  0.0237  0.0237  0.0237  0.0237  0.0237  0.0237  0.0237  0.0237  0.0237  0.0237
  0.0238  0.0237  0.0238  0.0238  0.0237  0.0237  0.0237  0.0238  0.0237  0.0237  0.0237  0.0237
  0.0239  0.0238  0.0239  0.0240  0.0238  0.0241  0.0238  0.0241  0.0238  0.0238  0.0238  0.0238
  0.0241  0.0239  0.0240  0.0243  0.0239  0.0249  0.0240  0.0245  0.0239  0.0239  0.0240  0.0239
registration optimization eta report
parameter search radius
    0.8000    0.8000    0.8000    2.4000    2.4000    2.4000
    2.4000    2.4000    2.4000    2.4000    2.4000    2.4000
100000*second partial in parameter space
       64.       35.       52.       10.        4.       21.
        6.       14.        3.        4.        5.        3.
  0.0241  0.0239  0.0241  0.0243  0.0240  0.0250  0.0240  0.0245  0.0239  0.0239  0.0240  0.0238
  0.0239  0.0238  0.0239  0.0240  0.0238  0.0245  0.0238  0.0241  0.0238  0.0238  0.0238  0.0237
  0.0238  0.0237  0.0238  0.0238  0.0237  0.0240  0.0237  0.0238  0.0237  0.0237  0.0237  0.0237
  0.0237  0.0237  0.0237  0.0237  0.0237  0.0237  0.0237  0.0237  0.0237  0.0237  0.0237  0.0237
  0.0238  0.0237  0.0238  0.0238  0.0237  0.0237  0.0237  0.0238  0.0237  0.0237  0.0237  0.0237
  0.0239  0.0238  0.0239  0.0240  0.0238  0.0241  0.0238  0.0241  0.0238  0.0238  0.0238  0.0238
  0.0241  0.0239  0.0240  0.0243  0.0239  0.0249  0.0240  0.0245  0.0239  0.0239  0.0240  0.0239
   -0.9676   -4.3671   18.4809  -10.3793   -9.7190   -4.3408
   -1.4356   -5.7431    1.5254  -20.2783    5.0090   15.2388
eta,q 0.97632  9.97125

---------------------------------------------------------------------
compute_vox2vox talsrcimg talsrcimg_to_711-2C_as_mni_average_305_t4 /opt/freesurfer/average/711-2C_as_mni_average_305
---------------------------------------------------------------------

freesurfer compute_vox2vox.c
Reading: talsrcimg.4dfp.ifh
Reading: talsrcimg_to_711-2C_as_mni_average_305_t4
Reading: /opt/freesurfer/average/711-2C_as_mni_average_305.4dfp.ifh
Writing: talsrcimg_to_711-2C_as_mni_average_305_t4_vox2vox.txt

start time Thu Mar 12 20:16:14 CET 2026
end		time Thu Mar 12 20:17:39 CET 2026

mpr2mni305 success

avi2talxfm orig_nu.mgz /opt/freesurfer/average/mni305.cor.mgz talsrcimg_to_711-2C_as_mni_average_305_t4_vox2vox.txt transforms/talairach.auto.xfm
avi2talxfm done
mv -f /out/sourcedata/freesurfer/sub-v2s1x29913_ses-1/mri/talsrcimg_to_711-2C_as_mni_average_305_t4_vox2vox.txt /out/sourcedata/freesurfer/sub-v2s1x29913_ses-1/mri/transforms/talsrcimg_to_711-2C_as_mni_average_305_t4_vox2vox.txt
lta_convert --src orig_nu.mgz --trg /opt/freesurfer/average/mni305.cor.mgz --inxfm transforms/talairach.auto.xfm --outlta transforms/talairach.auto.xfm.lta --subject fsaverage
7.3.2

--src: orig_nu.mgz src image (geometry).
--trg: /opt/freesurfer/average/mni305.cor.mgz trg image (geometry).
--inmni: transforms/talairach.auto.xfm input MNI/XFM transform.
--outlta: transforms/talairach.auto.xfm.lta output LTA.
--s: fsaverage subject name
 LTA read, type : 1
 1.11190   0.06807   0.00619   7.83487;
-0.05332   1.00600  -0.17065  -34.89755;
-0.03076   0.22481   1.06922  -63.23341;
 0.00000   0.00000   0.00000   1.00000;
setting subject to fsaverage
Writing  LTA to file transforms/talairach.auto.xfm.lta...
lta_convert successful.
 
 
Started at Thu Mar 12 20:16:13 CET 2026
Ended   at Thu Mar 12 20:17:40 CET 2026
talairach_avi done
