/out/sourcedata/freesurfer/sub-v2s1x29910_ses-1/mri
/opt/freesurfer/bin/talairach_avi
--i orig_nu.mgz --xfm transforms/talairach.auto.xfm
talairach_avi 7.3.2
Linux dna054 5.14.0-427.37.1.el9_4.x86_64 #1 SMP PREEMPT_DYNAMIC Fri Sep 13 12:41:50 EDT 2024 x86_64 x86_64 x86_64 GNU/Linux
Thu Mar 12 20:14:04 CET 2026
mri_convert orig_nu.mgz talsrcimg.img 
reading from orig_nu.mgz...
TR=0.00, TE=0.00, TI=0.00, flip angle=0.00
i_ras = (-1, 0, 0)
j_ras = (0, 0, -1)
k_ras = (0, 1, 0)
writing to talsrcimg.img...
Analyze Output Matrix
-0.90000   0.00000   0.00000   124.13499;
 0.00000   0.00000   0.90000  -90.01957;
 0.00000  -0.90000   0.00000   145.31989;
 0.00000   0.00000   0.00000   1.00000;
--------------------
INFO: set hdr.hist.orient to -1
mpr2mni305 talsrcimg
Thu Mar 12 20:14:05 CET 2026
/opt/freesurfer/bin/mpr2mni305 talsrcimg
mpr2mni305 7.3.2
target=711-2C_as_mni_average_305

---------------------------------------------------------------------
analyzeto4dfp talsrcimg -O0 -y
---------------------------------------------------------------------

freesurfer ifh2hdr.c
Thu Mar 12 20:14:05 2026
Writing: talsrcimg.4dfp.hdr
freesurfer analyzeto4dfp.c
Reading: talsrcimg.hdr
header size 348 bytes
hdr.dime.datatype	offset=70	value=2
hdr.dime.bitpix		offset=72	value=8
hdr.hist.orient		offset=252	value=-1
dimensionality     4
dimensions       256       256       256         1
Reading: talsrcimg.img
Writing: talsrcimg.4dfp.img
Writing: talsrcimg.4dfp.ifh
ifh2hdr talsrcimg -r0to251
ori=2

---------------------------------------------------------------------
gauss_4dfp talsrcimg 1.1
---------------------------------------------------------------------

freesurfer gauss_4dfp.c
Reading: talsrcimg.4dfp.img
Writing: talsrcimg_g11.4dfp.img
image dimensions 256 256 256 padded to 288 288 288
processing volume 1freesurfer ifh2hdr.c
Thu Mar 12 20:14:07 2026
Writing: talsrcimg_g11.4dfp.hdr

Writing: talsrcimg_g11.4dfp.ifh
including: talsrcimg.4dfp.img.rec in talsrcimg_g11.4dfp.img.rec

---------------------------------------------------------------------
imgreg_4dfp /opt/freesurfer/average/711-2C_as_mni_average_305 none talsrcimg_g11 none talsrcimg_to_711-2C_as_mni_average_305_t4 4355
---------------------------------------------------------------------

freesurfer imgreg_4dfp.c
/opt/freesurfer/average/711-2C_as_mni_average_305.4dfp.img
       256       256       256         1
  1.000000  1.000000  1.000000
orientation T byte_order littleendian
Reading image: /opt/freesurfer/average/711-2C_as_mni_average_305.4dfp.img
dimensions:      256       256       256
mmppix:       1.0000   -1.0000   -1.0000
center:     128.0000 -129.0000 -129.0000
talsrcimg_g11.4dfp.img
       256       256       256         1
  0.900000  0.900000  0.900000
orientation T byte_order littleendian
Reading image: talsrcimg_g11.4dfp.img
dimensions:      256       256       256
mmppix:       0.9000   -0.9000   -0.9000
center:     115.2000 -116.1000 -116.1000
t4_read: open error in t4_sub.f l:  41 t4_file(1:l)talsrcimg_to_711-2C_as_mni_average_305_t4 
t4_read: transform initialized to I4
rotation matrix determinant  1.000000
image alignment mode   4355 decimal     1103 hex
   -7.5000  -45.0000  -45.0000 6061.6328   16.8638
    0.0000  -45.0000  -45.0000 6109.1460   16.8436
    7.5000  -45.0000  -45.0000 5827.7681   16.8169
   -7.5000  -37.5000  -45.0000 6483.4458   17.9232
    0.0000  -37.5000  -45.0000 6534.2588   17.9068
    7.5000  -37.5000  -45.0000 6245.5835   17.8816
   -7.5000  -30.0000  -45.0000 6864.2949   18.5282
    0.0000  -30.0000  -45.0000 6912.2261   18.5273
    7.5000  -30.0000  -45.0000 6620.8301   18.5029
   -7.5000  -22.5000  -45.0000 7324.7549   18.5755
    0.0000  -22.5000  -45.0000 7384.8770   18.5874
    7.5000  -22.5000  -45.0000 7056.4297   18.5625
   -7.5000  -15.0000  -45.0000 7775.2158   18.5705
    0.0000  -15.0000  -45.0000 7822.5269   18.5786
    7.5000  -15.0000  -45.0000 7473.3447   18.5542
   -7.5000   -7.5000  -45.0000 7860.6206   18.5263
    0.0000   -7.5000  -45.0000 7909.7222   18.5180
    7.5000   -7.5000  -45.0000 7543.4312   18.4910
   -7.5000    0.0000  -45.0000 7967.6245   18.4871
    0.0000    0.0000  -45.0000 8021.3682   18.4649
    7.5000    0.0000  -45.0000 7654.7554   18.4357
   -7.5000    7.5000  -45.0000 7665.8193   18.4882
    0.0000    7.5000  -45.0000 7700.0039   18.4714
    7.5000    7.5000  -45.0000 7373.6958   18.4454
   -7.5000   15.0000  -45.0000 7457.9653   18.5282
    0.0000   15.0000  -45.0000 7478.8198   18.5273
    7.5000   15.0000  -45.0000 7164.4858   18.5029
   -7.5000   22.5000  -45.0000 6841.0923   18.3256
    0.0000   22.5000  -45.0000 6852.6899   18.3373
    7.5000   22.5000  -45.0000 6567.2017   18.3128
   -7.5000   30.0000  -45.0000 6259.7349   17.8320
    0.0000   30.0000  -45.0000 6272.5254   17.8399
    7.5000   30.0000  -45.0000 5994.8628   17.8164
   -7.5000   37.5000  -45.0000 5685.2144   17.2470
    0.0000   37.5000  -45.0000 5697.6714   17.2396
    7.5000   37.5000  -45.0000 5448.6875   17.2147
   -7.5000   45.0000  -45.0000 5173.6240   17.2298
    0.0000   45.0000  -45.0000 5195.4243   17.2157
    7.5000   45.0000  -45.0000 4969.5234   17.1930
   -7.5000  -45.0000  -37.5000 6617.1455   17.5743
    0.0000  -45.0000  -37.5000 6701.1201   17.5682
    7.5000  -45.0000  -37.5000 6385.0283   17.5398
   -7.5000  -37.5000  -37.5000 7061.1689   18.6824
    0.0000  -37.5000  -37.5000 7138.4712   18.6775
    7.5000  -37.5000  -37.5000 6804.1987   18.6483
   -7.5000  -30.0000  -37.5000 7475.9272   19.2886
    0.0000  -30.0000  -37.5000 7542.7314   19.2932
    7.5000  -30.0000  -37.5000 7196.7500   19.2628
   -7.5000  -22.5000  -37.5000 7957.6958   19.3524
    0.0000  -22.5000  -37.5000 8026.9663   19.3666
    7.5000  -22.5000  -37.5000 7658.4678   19.3360
   -7.5000  -15.0000  -37.5000 8418.1963   19.3542
    0.0000  -15.0000  -37.5000 8477.8154   19.3681
    7.5000  -15.0000  -37.5000 8096.9692   19.3393
   -7.5000   -7.5000  -37.5000 8488.1504   19.2989
    0.0000   -7.5000  -37.5000 8564.4062   19.3026
    7.5000   -7.5000  -37.5000 8166.2480   19.2729
   -7.5000    0.0000  -37.5000 8614.8975   19.2415
    0.0000    0.0000  -37.5000 8686.4775   19.2347
    7.5000    0.0000  -37.5000 8288.6572   19.2037
   -7.5000    7.5000  -37.5000 8290.7666   19.2375
    0.0000    7.5000  -37.5000 8326.9492   19.2324
    7.5000    7.5000  -37.5000 7952.4238   19.2024
   -7.5000   15.0000  -37.5000 8045.1294   19.2877
    0.0000   15.0000  -37.5000 8062.5840   19.2923
    7.5000   15.0000  -37.5000 7707.9263   19.2619
   -7.5000   22.5000  -37.5000 7363.9316   19.0937
    0.0000   22.5000  -37.5000 7364.8359   19.1076
    7.5000   22.5000  -37.5000 7046.4009   19.0775
   -7.5000   30.0000  -37.5000 6725.5630   18.5979
    0.0000   30.0000  -37.5000 6735.1382   18.6112
    7.5000   30.0000  -37.5000 6425.9277   18.5835
   -7.5000   37.5000  -37.5000 6085.4087   17.9795
    0.0000   37.5000  -37.5000 6088.1143   17.9830
    7.5000   37.5000  -37.5000 5819.6138   17.9554
   -7.5000   45.0000  -37.5000 5523.3604   17.9186
    0.0000   45.0000  -37.5000 5535.5781   17.9217
    7.5000   45.0000  -37.5000 5298.5342   17.8986
   -7.5000  -45.0000  -30.0000 7172.7197   18.2881
    0.0000  -45.0000  -30.0000 7251.7393   18.2751
    7.5000  -45.0000  -30.0000 6922.9272   18.2454
   -7.5000  -37.5000  -30.0000 7629.6162   19.4417
    0.0000  -37.5000  -30.0000 7709.9126   19.4257
    7.5000  -37.5000  -30.0000 7359.9697   19.3927
   -7.5000  -30.0000  -30.0000 8075.9409   20.0477
    0.0000  -30.0000  -30.0000 8137.1973   20.0331
    7.5000  -30.0000  -30.0000 7768.8696   19.9995
   -7.5000  -22.5000  -30.0000 8595.8926   20.1257
    0.0000  -22.5000  -30.0000 8671.4307   20.1154
    7.5000  -22.5000  -30.0000 8263.0957   20.0840
   -7.5000  -15.0000  -30.0000 9066.8135   20.1389
    0.0000  -15.0000  -30.0000 9153.1006   20.1316
    7.5000  -15.0000  -30.0000 8715.0732   20.1027
   -7.5000   -7.5000  -30.0000 9148.9150   20.0773
    0.0000   -7.5000  -30.0000 9231.6504   20.0681
    7.5000   -7.5000  -30.0000 8778.4404   20.0384
   -7.5000    0.0000  -30.0000 9252.3545   20.0022
    0.0000    0.0000  -30.0000 9320.8311   19.9879
    7.5000    0.0000  -30.0000 8867.8525   19.9555
   -7.5000    7.5000  -30.0000 8877.7529   19.9890
    0.0000    7.5000  -30.0000 8921.9512   19.9725
    7.5000    7.5000  -30.0000 8497.0645   19.9387
   -7.5000   15.0000  -30.0000 8612.2354   20.0450
    0.0000   15.0000  -30.0000 8654.9570   20.0304
    7.5000   15.0000  -30.0000 8247.8350   19.9967
   -7.5000   22.5000  -30.0000 7862.2529   19.8575
    0.0000   22.5000  -30.0000 7894.6353   19.8473
    7.5000   22.5000  -30.0000 7521.2808   19.8164
   -7.5000   30.0000  -30.0000 7158.6699   19.3660
    0.0000   30.0000  -30.0000 7174.6074   19.3590
    7.5000   30.0000  -30.0000 6830.3413   19.3312
   -7.5000   37.5000  -30.0000 6449.6089   18.7321
    0.0000   37.5000  -30.0000 6472.8276   18.7233
    7.5000   37.5000  -30.0000 6173.0093   18.6956
   -7.5000   45.0000  -30.0000 5833.6919   18.6422
    0.0000   45.0000  -30.0000 5845.5205   18.6382
    7.5000   45.0000  -30.0000 5596.8301   18.6126
   -7.5000  -45.0000  -22.5000 7748.0645   19.1043
    0.0000  -45.0000  -22.5000 7827.0454   19.0687
    7.5000  -45.0000  -22.5000 7470.8379   19.0379
   -7.5000  -37.5000  -22.5000 8236.7305   20.3169
    0.0000  -37.5000  -22.5000 8321.5312   20.2763
    7.5000  -37.5000  -22.5000 7952.1401   20.2410
   -7.5000  -30.0000  -22.5000 8719.2451   20.9212
    0.0000  -30.0000  -22.5000 8803.6592   20.8786
    7.5000  -30.0000  -22.5000 8400.3828   20.8453
   -7.5000  -22.5000  -22.5000 9291.4219   21.0002
    0.0000  -22.5000  -22.5000 9388.4561   20.9593
    7.5000  -22.5000  -22.5000 8930.6904   20.9310
   -7.5000  -15.0000  -22.5000 9808.4941   21.0198
    0.0000  -15.0000  -22.5000 9911.4053   20.9824
    7.5000  -15.0000  -22.5000 9396.8652   20.9569
   -7.5000   -7.5000  -22.5000 9875.0303   20.9614
    0.0000   -7.5000  -22.5000 9979.4668   20.9251
    7.5000   -7.5000  -22.5000 9456.2080   20.8974
   -7.5000    0.0000  -22.5000 9951.6602   20.8829
    0.0000    0.0000  -22.500010042.8564   20.8440
    7.5000    0.0000  -22.5000 9524.5625   20.8103
   -7.5000    7.5000  -22.5000 9509.5781   20.8629
    0.0000    7.5000  -22.5000 9573.8799   20.8212
    7.5000    7.5000  -22.5000 9074.9395   20.7849
   -7.5000   15.0000  -22.5000 9245.2646   20.9162
    0.0000   15.0000  -22.5000 9293.9863   20.8736
    7.5000   15.0000  -22.5000 8798.1670   20.8403
   -7.5000   22.5000  -22.5000 8434.9756   20.7223
    0.0000   22.5000  -22.5000 8461.3213   20.6820
    7.5000   22.5000  -22.5000 8024.8198   20.6540
   -7.5000   30.0000  -22.5000 7651.2012   20.2279
    0.0000   30.0000  -22.5000 7661.5952   20.1919
    7.5000   30.0000  -22.5000 7282.6914   20.1674
   -7.5000   37.5000  -22.5000 6867.4321   19.5873
    0.0000   37.5000  -22.5000 6872.4819   19.5531
    7.5000   37.5000  -22.5000 6537.8750   19.5273
   -7.5000   45.0000  -22.5000 6201.6606   19.5066
    0.0000   45.0000  -22.5000 6202.8223   19.4768
    7.5000   45.0000  -22.5000 5920.5571   19.4476
   -7.5000  -45.0000  -15.0000 8326.3906   19.8201
    0.0000  -45.0000  -15.0000 8390.7100   19.7687
    7.5000  -45.0000  -15.0000 8008.1738   19.7376
   -7.5000  -37.5000  -15.0000 8851.8066   21.0826
    0.0000  -37.5000  -15.0000 8915.0537   21.0268
    7.5000  -37.5000  -15.0000 8523.7656   20.9917
   -7.5000  -30.0000  -15.0000 9383.0557   21.6794
    0.0000  -30.0000  -15.0000 9446.1113   21.6276
    7.5000  -30.0000  -15.0000 9013.7783   21.5962
   -7.5000  -22.5000  -15.0000 9990.8838   21.7425
    0.0000  -22.5000  -15.000010071.7080   21.6979
    7.5000  -22.5000  -15.0000 9578.3193   21.6728
   -7.5000  -15.0000  -15.000010539.5938   21.7533
    0.0000  -15.0000  -15.000010639.6836   21.7114
    7.5000  -15.0000  -15.000010071.0850   21.6903
   -7.5000   -7.5000  -15.000010613.3506   21.7045
    0.0000   -7.5000  -15.000010714.3047   21.6569
    7.5000   -7.5000  -15.000010139.3037   21.6320
   -7.5000    0.0000  -15.000010682.6191   21.6444
    0.0000    0.0000  -15.000010782.8965   21.5881
    7.5000    0.0000  -15.000010204.2881   21.5542
   -7.5000    7.5000  -15.000010168.5488   21.6282
    0.0000    7.5000  -15.000010227.3828   21.5709
    7.5000    7.5000  -15.0000 9680.6631   21.5349
   -7.5000   15.0000  -15.0000 9864.2949   21.6727
    0.0000   15.0000  -15.0000 9917.3994   21.6210
    7.5000   15.0000  -15.0000 9369.6729   21.5896
   -7.5000   22.5000  -15.0000 8980.6699   21.4581
    0.0000   22.5000  -15.0000 9017.7305   21.4141
    7.5000   22.5000  -15.0000 8525.7646   21.3893
   -7.5000   30.0000  -15.0000 8145.1431   20.9495
    0.0000   30.0000  -15.0000 8167.6343   20.9091
    7.5000   30.0000  -15.0000 7718.6353   20.8888
   -7.5000   37.5000  -15.0000 7287.7490   20.3140
    0.0000   37.5000  -15.0000 7282.1636   20.2693
    7.5000   37.5000  -15.0000 6909.5117   20.2463
   -7.5000   45.0000  -15.0000 6568.8662   20.2716
    0.0000   45.0000  -15.0000 6551.0444   20.2226
    7.5000   45.0000  -15.0000 6235.0493   20.1919
   -7.5000  -45.0000   -7.5000 8665.4971   19.7955
    0.0000  -45.0000   -7.5000 8726.5801   19.7500
    7.5000  -45.0000   -7.5000 8323.6055   19.7198
   -7.5000  -37.5000   -7.5000 9215.3193   21.0648
    0.0000  -37.5000   -7.5000 9269.0225   21.0185
    7.5000  -37.5000   -7.5000 8846.6357   20.9865
   -7.5000  -30.0000   -7.5000 9755.2402   21.6586
    0.0000  -30.0000   -7.5000 9813.6182   21.6252
    7.5000  -30.0000   -7.5000 9364.3154   21.5960
   -7.5000  -22.5000   -7.500010337.2793   21.7100
    0.0000  -22.5000   -7.500010421.5146   21.6905
    7.5000  -22.5000   -7.5000 9923.3389   21.6651
   -7.5000  -15.0000   -7.500010890.6816   21.7074
    0.0000  -15.0000   -7.500010973.3848   21.6879
    7.5000  -15.0000   -7.500010413.5850   21.6662
   -7.5000   -7.5000   -7.500010971.2178   21.6614
    0.0000   -7.5000   -7.500011068.4639   21.6273
    7.5000   -7.5000   -7.500010473.7090   21.6019
   -7.5000    0.0000   -7.500011031.6084   21.6175
    0.0000    0.0000   -7.500011132.6445   21.5678
    7.5000    0.0000   -7.500010541.3857   21.5348
   -7.5000    7.5000   -7.500010456.6006   21.6099
    0.0000    7.5000   -7.500010514.3555   21.5624
    7.5000    7.5000   -7.5000 9957.9756   21.5296
   -7.5000   15.0000   -7.500010116.5654   21.6520
    0.0000   15.0000   -7.500010187.6553   21.6185
    7.5000   15.0000   -7.5000 9624.7842   21.5893
   -7.5000   22.5000   -7.5000 9209.4922   21.4260
    0.0000   22.5000   -7.5000 9267.5928   21.4068
    7.5000   22.5000   -7.5000 8761.2080   21.3817
   -7.5000   30.0000   -7.5000 8360.9492   20.9053
    0.0000   30.0000   -7.5000 8400.0215   20.8865
    7.5000   30.0000   -7.5000 7933.5605   20.8656
   -7.5000   37.5000   -7.5000 7478.1387   20.2741
    0.0000   37.5000   -7.5000 7471.5205   20.2424
    7.5000   37.5000   -7.5000 7086.3901   20.2189
   -7.5000   45.0000   -7.5000 6717.4434   20.2528
    0.0000   45.0000   -7.5000 6712.6455   20.2101
    7.5000   45.0000   -7.5000 6376.4404   20.1817
   -7.5000  -45.0000    0.0000 8832.0049   20.2267
    0.0000  -45.0000    0.0000 8880.2461   20.2023
    7.5000  -45.0000    0.0000 8458.7441   20.1708
   -7.5000  -37.5000    0.0000 9385.0977   21.5182
    0.0000  -37.5000    0.0000 9420.7598   21.4973
    7.5000  -37.5000    0.0000 8986.9824   21.4661
   -7.5000  -30.0000    0.0000 9954.0244   22.1165
    0.0000  -30.0000    0.000010016.7979   22.1129
    7.5000  -30.0000    0.0000 9540.3154   22.0824
   -7.5000  -22.5000    0.000010538.3828   22.1725
    0.0000  -22.5000    0.000010580.5381   22.1843
    7.5000  -22.5000    0.000010089.0674   22.1542
   -7.5000  -15.0000    0.000011076.2090   22.1656
    0.0000  -15.0000    0.000011091.6914   22.1744
    7.5000  -15.0000    0.000010556.5322   22.1463
   -7.5000   -7.5000    0.000011115.1094   22.1128
    0.0000   -7.5000    0.000011166.2959   22.1029
    7.5000   -7.5000    0.000010604.9033   22.0723
   -7.5000    0.0000    0.000011152.6768   22.0664
    0.0000    0.0000    0.000011212.8809   22.0399
    7.5000    0.0000    0.000010653.0625   22.0054
   -7.5000    7.5000    0.000010505.1572   22.0605
    0.0000    7.5000    0.000010547.7695   22.0390
    7.5000    7.5000    0.000010004.7891   22.0070
   -7.5000   15.0000    0.000010139.9844   22.1086
    0.0000   15.0000    0.000010201.4697   22.1051
    7.5000   15.0000    0.0000 9656.7812   22.0746
   -7.5000   22.5000    0.0000 9267.3271   21.8856
    0.0000   22.5000    0.0000 9304.1426   21.8972
    7.5000   22.5000    0.0000 8813.5176   21.8675
   -7.5000   30.0000    0.0000 8423.1699   21.3595
    0.0000   30.0000    0.0000 8441.7686   21.3679
    7.5000   30.0000    0.0000 8005.3252   21.3408
   -7.5000   37.5000    0.0000 7541.8032   20.7206
    0.0000   37.5000    0.0000 7544.7158   20.7117
    7.5000   37.5000    0.0000 7178.2690   20.6832
   -7.5000   45.0000    0.0000 6753.5127   20.7158
    0.0000   45.0000    0.0000 6771.6465   20.6985
    7.5000   45.0000    0.0000 6442.6782   20.6716
   -7.5000  -45.0000    7.5000 8612.9805   20.1906
    0.0000  -45.0000    7.5000 8654.4346   20.1827
    7.5000  -45.0000    7.5000 8256.1367   20.1502
   -7.5000  -37.5000    7.5000 9153.8594   21.4745
    0.0000  -37.5000    7.5000 9195.6543   21.4682
    7.5000  -37.5000    7.5000 8779.7998   21.4346
   -7.5000  -30.0000    7.5000 9757.9365   22.0799
    0.0000  -30.0000    7.5000 9812.0977   22.0844
    7.5000  -30.0000    7.5000 9342.6699   22.0498
   -7.5000  -22.5000    7.500010341.2188   22.1518
    0.0000  -22.5000    7.500010333.4219   22.1670
    7.5000  -22.5000    7.5000 9899.3086   22.1327
   -7.5000  -15.0000    7.500010756.8301   22.1539
    0.0000  -15.0000    7.500010748.0986   22.1687
    7.5000  -15.0000    7.500010326.7051   22.1364
   -7.5000   -7.5000    7.500010773.4541   22.0917
    0.0000   -7.5000    7.500010775.2344   22.0949
    7.5000   -7.5000    7.500010339.2285   22.0613
   -7.5000    0.0000    7.500010797.5801   22.0270
    0.0000    0.0000    7.500010824.5254   22.0185
    7.5000    0.0000    7.500010369.8906   21.9830
   -7.5000    7.5000    7.500010159.0186   22.0156
    0.0000    7.5000    7.500010164.5693   22.0092
    7.5000    7.5000    7.5000 9728.4766   21.9748
   -7.5000   15.0000    7.5000 9803.8809   22.0721
    0.0000   15.0000    7.5000 9812.5146   22.0766
    7.5000   15.0000    7.5000 9376.4570   22.0420
   -7.5000   22.5000    7.5000 8998.2031   21.8651
    0.0000   22.5000    7.5000 8987.2480   21.8801
    7.5000   22.5000    7.5000 8562.7998   21.8462
   -7.5000   30.0000    7.5000 8197.8213   21.3482
    0.0000   30.0000    7.5000 8199.5215   21.3625
    7.5000   30.0000    7.5000 7781.7891   21.3313
   -7.5000   37.5000    7.5000 7354.5361   20.6996
    0.0000   37.5000    7.5000 7348.5459   20.7027
    7.5000   37.5000    7.5000 6976.6592   20.6713
   -7.5000   45.0000    7.5000 6591.1831   20.6743
    0.0000   45.0000    7.5000 6599.4902   20.6770
    7.5000   45.0000    7.5000 6279.4619   20.6502
   -7.5000  -45.0000   15.0000 8599.9668   20.2211
    0.0000  -45.0000   15.0000 8665.3145   20.2066
    7.5000  -45.0000   15.0000 8272.9590   20.1738
   -7.5000  -37.5000   15.0000 9145.3906   21.4991
    0.0000  -37.5000   15.0000 9189.3203   21.4814
    7.5000  -37.5000   15.0000 8796.7891   21.4450
   -7.5000  -30.0000   15.0000 9709.0273   22.1104
    0.0000  -30.0000   15.0000 9743.7402   22.0942
    7.5000  -30.0000   15.0000 9345.8320   22.0573
   -7.5000  -22.5000   15.000010263.1943   22.1966
    0.0000  -22.5000   15.000010209.5889   22.1850
    7.5000  -22.5000   15.0000 9894.8125   22.1505
   -7.5000  -15.0000   15.000010719.0068   22.2112
    0.0000  -15.0000   15.000010629.5664   22.2030
    7.5000  -15.0000   15.000010340.2666   22.1711
   -7.5000   -7.5000   15.000010754.1475   22.1433
    0.0000   -7.5000   15.000010668.3037   22.1330
    7.5000   -7.5000   15.000010363.4189   22.1002
   -7.5000    0.0000   15.000010795.1484   22.0604
    0.0000    0.0000   15.000010737.9844   22.0445
    7.5000    0.0000   15.000010399.8760   22.0087
   -7.5000    7.5000   15.000010156.1943   22.0409
    0.0000    7.5000   15.000010108.3037   22.0227
    7.5000    7.5000   15.0000 9753.0166   21.9854
   -7.5000   15.0000   15.0000 9813.7256   22.1026
    0.0000   15.0000   15.0000 9761.8213   22.0864
    7.5000   15.0000   15.0000 9382.2090   22.0495
   -7.5000   22.5000   15.0000 9026.6709   21.9093
    0.0000   22.5000   15.0000 8984.8203   21.8979
    7.5000   22.5000   15.0000 8601.7422   21.8638
   -7.5000   30.0000   15.0000 8225.9775   21.4034
    0.0000   30.0000   15.0000 8188.6411   21.3955
    7.5000   30.0000   15.0000 7826.5146   21.3647
   -7.5000   37.5000   15.0000 7372.8955   20.7476
    0.0000   37.5000   15.0000 7334.7158   20.7376
    7.5000   37.5000   15.0000 7001.4370   20.7069
   -7.5000   45.0000   15.0000 6614.6724   20.6994
    0.0000   45.0000   15.0000 6580.2568   20.6948
    7.5000   45.0000   15.0000 6281.2368   20.6664
   -7.5000  -45.0000   22.5000 8178.8623   20.3573
    0.0000  -45.0000   22.5000 8222.7256   20.3192
    7.5000  -45.0000   22.5000 7847.1089   20.2859
   -7.5000  -37.5000   22.5000 8669.6650   21.6397
    0.0000  -37.5000   22.5000 8704.8896   21.5962
    7.5000  -37.5000   22.5000 8340.9727   21.5581
   -7.5000  -30.0000   22.5000 9187.6689   22.2491
    0.0000  -30.0000   22.5000 9179.4463   22.2035
    7.5000  -30.0000   22.5000 8834.1338   22.1674
   -7.5000  -22.5000   22.5000 9756.0791   22.3329
    0.0000  -22.5000   22.5000 9678.9385   22.2889
    7.5000  -22.5000   22.5000 9369.2100   22.2581
   -7.5000  -15.0000   22.500010343.7070   22.3538
    0.0000  -15.0000   22.500010236.4297   22.3136
    7.5000  -15.0000   22.5000 9890.1875   22.2860
   -7.5000   -7.5000   22.500010468.8652   22.2921
    0.0000   -7.5000   22.500010346.8613   22.2532
    7.5000   -7.5000   22.5000 9991.2627   22.2232
   -7.5000    0.0000   22.500010436.9746   22.2089
    0.0000    0.0000   22.500010339.0010   22.1674
    7.5000    0.0000   22.500010003.3877   22.1311
   -7.5000    7.5000   22.5000 9737.2441   22.1850
    0.0000    7.5000   22.5000 9664.0645   22.1404
    7.5000    7.5000   22.5000 9316.3486   22.1014
   -7.5000   15.0000   22.5000 9342.7363   22.2413
    0.0000   15.0000   22.5000 9284.2031   22.1956
    7.5000   15.0000   22.5000 8928.5166   22.1596
   -7.5000   22.5000   22.5000 8572.4170   22.0438
    0.0000   22.5000   22.5000 8550.2080   22.0005
    7.5000   22.5000   22.5000 8178.5371   21.9700
   -7.5000   30.0000   22.5000 7774.7476   21.5408
    0.0000   30.0000   22.5000 7760.0957   21.5021
    7.5000   30.0000   22.5000 7415.6260   21.4755
   -7.5000   37.5000   22.5000 6944.6104   20.8877
    0.0000   37.5000   22.5000 6943.5093   20.8509
    7.5000   37.5000   22.5000 6631.0244   20.8229
   -7.5000   45.0000   22.5000 6237.8652   20.8384
    0.0000   45.0000   22.5000 6245.8428   20.8064
    7.5000   45.0000   22.5000 5959.6372   20.7748
   -7.5000  -45.0000   30.0000 7723.6729   20.4861
    0.0000  -45.0000   30.0000 7765.5947   20.4324
    7.5000  -45.0000   30.0000 7407.7778   20.4004
   -7.5000  -37.5000   30.0000 8178.9229   21.7912
    0.0000  -37.5000   30.0000 8234.1494   21.7332
    7.5000  -37.5000   30.0000 7867.2900   21.6976
   -7.5000  -30.0000   30.0000 8659.4268   22.3997
    0.0000  -30.0000   30.0000 8704.6377   22.3464
    7.5000  -30.0000   30.0000 8321.0537   22.3148
   -7.5000  -22.5000   30.0000 9213.0957   22.4680
    0.0000  -22.5000   30.0000 9226.5488   22.4225
    7.5000  -22.5000   30.0000 8818.5723   22.3970
   -7.5000  -15.0000   30.0000 9725.2158   22.4804
    0.0000  -15.0000   30.0000 9753.6904   22.4376
    7.5000  -15.0000   30.0000 9285.3896   22.4157
   -7.5000   -7.5000   30.0000 9842.5420   22.4282
    0.0000   -7.5000   30.0000 9879.1904   22.3791
    7.5000   -7.5000   30.0000 9388.1660   22.3531
   -7.5000    0.0000   30.0000 9876.6055   22.3631
    0.0000    0.0000   30.0000 9899.7041   22.3045
    7.5000    0.0000   30.0000 9436.1904   22.2696
   -7.5000    7.5000   30.0000 9190.4482   22.3442
    0.0000    7.5000   30.0000 9208.0195   22.2847
    7.5000    7.5000   30.0000 8777.7607   22.2481
   -7.5000   15.0000   30.0000 8814.2432   22.3918
    0.0000   15.0000   30.0000 8813.7266   22.3385
    7.5000   15.0000   30.0000 8398.3145   22.3069
   -7.5000   22.5000   30.0000 8067.1631   22.1753
    0.0000   22.5000   30.0000 8059.7861   22.1303
    7.5000   22.5000   30.0000 7694.0879   22.1052
   -7.5000   30.0000   30.0000 7282.7920   21.6727
    0.0000   30.0000   30.0000 7270.1040   21.6314
    7.5000   30.0000   30.0000 6950.8823   21.6104
   -7.5000   37.5000   30.0000 6493.3276   21.0365
    0.0000   37.5000   30.0000 6480.7573   20.9903
    7.5000   37.5000   30.0000 6199.5347   20.9662
   -7.5000   45.0000   30.0000 5811.8472   21.0251
    0.0000   45.0000   30.0000 5803.4443   20.9739
    7.5000   45.0000   30.0000 5559.9746   20.9422
   -7.5000  -45.0000   37.5000 7250.6377   20.5290
    0.0000  -45.0000   37.5000 7336.6636   20.4801
    7.5000  -45.0000   37.5000 6965.3906   20.4434
   -7.5000  -37.5000   37.5000 7678.3042   21.8494
    0.0000  -37.5000   37.5000 7763.1069   21.8000
    7.5000  -37.5000   37.5000 7393.5547   21.7626
   -7.5000  -30.0000   37.5000 8118.9775   22.4444
    0.0000  -30.0000   37.5000 8191.5156   22.4097
    7.5000  -30.0000   37.5000 7799.1196   22.3761
   -7.5000  -22.5000   37.5000 8620.8213   22.5036
    0.0000  -22.5000   37.5000 8658.7002   22.4844
    7.5000  -22.5000   37.5000 8257.2080   22.4544
   -7.5000  -15.0000   37.5000 9084.2930   22.5036
    0.0000  -15.0000   37.5000 9115.7129   22.4842
    7.5000  -15.0000   37.5000 8695.6016   22.4565
   -7.5000   -7.5000   37.5000 9176.2520   22.4526
    0.0000   -7.5000   37.5000 9205.4014   22.4166
    7.5000   -7.5000   37.5000 8783.9912   22.3842
   -7.5000    0.0000   37.5000 9246.7637   22.4014
    0.0000    0.0000   37.5000 9264.2031   22.3481
    7.5000    0.0000   37.5000 8859.7246   22.3081
   -7.5000    7.5000   37.5000 8609.4980   22.3900
    0.0000    7.5000   37.5000 8631.9385   22.3394
    7.5000    7.5000   37.5000 8250.4131   22.3010
   -7.5000   15.0000   37.5000 8272.2646   22.4362
    0.0000   15.0000   37.5000 8274.1621   22.4016
    7.5000   15.0000   37.5000 7899.0977   22.3679
   -7.5000   22.5000   37.5000 7573.6079   22.2065
    0.0000   22.5000   37.5000 7565.8174   22.1876
    7.5000   22.5000   37.5000 7218.3706   22.1580
   -7.5000   30.0000   37.5000 6818.4058   21.6950
    0.0000   30.0000   37.5000 6818.4604   21.6762
    7.5000   30.0000   37.5000 6504.3364   21.6495
   -7.5000   37.5000   37.5000 6059.8428   21.0597
    0.0000   37.5000   37.5000 6061.6895   21.0261
    7.5000   37.5000   37.5000 5781.7881   20.9960
   -7.5000   45.0000   37.5000 5416.2881   21.0777
    0.0000   45.0000   37.5000 5415.5923   21.0316
    7.5000   45.0000   37.5000 5174.0928   20.9966
   -7.5000  -45.0000   45.0000 6781.8013   20.6766
    0.0000  -45.0000   45.0000 6855.9385   20.6463
    7.5000  -45.0000   45.0000 6514.0386   20.6061
   -7.5000  -37.5000   45.0000 7162.2520   22.0155
    0.0000  -37.5000   45.0000 7244.8271   21.9891
    7.5000  -37.5000   45.0000 6883.1055   21.9492
   -7.5000  -30.0000   45.0000 7570.2114   22.6070
    0.0000  -30.0000   45.0000 7642.6094   22.5995
    7.5000  -30.0000   45.0000 7256.0532   22.5605
   -7.5000  -22.5000   45.0000 8016.7163   22.6753
    0.0000  -22.5000   45.0000 8081.1602   22.6842
    7.5000  -22.5000   45.0000 7674.3198   22.6455
   -7.5000  -15.0000   45.0000 8423.1309   22.6656
    0.0000  -15.0000   45.0000 8486.0518   22.6706
    7.5000  -15.0000   45.0000 8075.8916   22.6339
   -7.5000   -7.5000   45.0000 8490.4717   22.6000
    0.0000   -7.5000   45.0000 8548.0732   22.5844
    7.5000   -7.5000   45.0000 8147.3174   22.5447
   -7.5000    0.0000   45.0000 8588.7168   22.5432
    0.0000    0.0000   45.0000 8637.3506   22.5101
    7.5000    0.0000   45.0000 8236.8311   22.4663
   -7.5000    7.5000   45.0000 8013.2510   22.5385
    0.0000    7.5000   45.0000 8061.3228   22.5115
    7.5000    7.5000   45.0000 7690.3198   22.4706
   -7.5000   15.0000   45.0000 7696.6558   22.5985
    0.0000   15.0000   45.0000 7716.7173   22.5910
    7.5000   15.0000   45.0000 7372.8281   22.5520
   -7.5000   22.5000   45.0000 7052.8872   22.3730
    0.0000   22.5000   45.0000 7054.3335   22.3818
    7.5000   22.5000   45.0000 6731.3901   22.3436
   -7.5000   30.0000   45.0000 6362.7148   21.8490
    0.0000   30.0000   45.0000 6353.0146   21.8537
    7.5000   30.0000   45.0000 6056.5317   21.8184
   -7.5000   37.5000   45.0000 5659.4326   21.1860
    0.0000   37.5000   45.0000 5647.1475   21.1716
    7.5000   37.5000   45.0000 5390.3418   21.1346
   -7.5000   45.0000   45.0000 5036.0562   21.1744
    0.0000   45.0000   45.0000 5031.7627   21.1516
    7.5000   45.0000   45.0000 4817.9502   21.1165

---------------------------------------------------------------------
imgreg_4dfp /opt/freesurfer/average/711-2C_as_mni_average_305 /opt/freesurfer/average/711-2B_as_mni_average_305_mask talsrcimg_g11 none talsrcimg_to_711-2C_as_mni_average_305_t4 4355
---------------------------------------------------------------------

freesurfer imgreg_4dfp.c
/opt/freesurfer/average/711-2C_as_mni_average_305.4dfp.img
       256       256       256         1
  1.000000  1.000000  1.000000
orientation T byte_order littleendian
Reading image: /opt/freesurfer/average/711-2C_as_mni_average_305.4dfp.img
dimensions:      256       256       256
mmppix:       1.0000   -1.0000   -1.0000
center:     128.0000 -129.0000 -129.0000
/opt/freesurfer/average/711-2B_as_mni_average_305_mask.4dfp.img
       256       256       256         1
  1.000000  1.000000  1.000000
orientation T byte_order littleendian
Reading mask: /opt/freesurfer/average/711-2B_as_mni_average_305_mask.4dfp.img (2306576 pixels)
talsrcimg_g11.4dfp.img
       256       256       256         1
  0.900000  0.900000  0.900000
orientation T byte_order littleendian
Reading image: talsrcimg_g11.4dfp.img
dimensions:      256       256       256
mmppix:       0.9000   -0.9000   -0.9000
center:     115.2000 -116.1000 -116.1000
rotation matrix determinant  1.000000
image alignment mode   4355 decimal     1103 hex
   -7.5000  -45.0000  -45.0000 1955.7546   19.9097
    0.0000  -45.0000  -45.0000 1968.4332   19.7009
    7.5000  -45.0000  -45.0000 1955.6296   19.8503
   -7.5000  -37.5000  -45.0000 2014.3726   18.7235
    0.0000  -37.5000  -45.0000 2027.6409   18.5560
    7.5000  -37.5000  -45.0000 2017.7866   18.7141
   -7.5000  -30.0000  -45.0000 2042.6272   17.8989
    0.0000  -30.0000  -45.0000 2060.0361   17.7023
    7.5000  -30.0000  -45.0000 2049.8762   17.8420
   -7.5000  -22.5000  -45.0000 2056.8767   17.4017
    0.0000  -22.5000  -45.0000 2075.1250   17.1770
    7.5000  -22.5000  -45.0000 2064.3020   17.3476
   -7.5000  -15.0000  -45.0000 2059.4932   17.3028
    0.0000  -15.0000  -45.0000 2080.2009   17.0534
    7.5000  -15.0000  -45.0000 2063.8296   17.2324
   -7.5000   -7.5000  -45.0000 2046.8364   17.5672
    0.0000   -7.5000  -45.0000 2069.9448   17.2968
    7.5000   -7.5000  -45.0000 2055.4104   17.4960
   -7.5000    0.0000  -45.0000 2022.5757   18.2022
    0.0000    0.0000  -45.0000 2047.0510   17.9195
    7.5000    0.0000  -45.0000 2031.5098   18.1029
   -7.5000    7.5000  -45.0000 1982.9897   19.1315
    0.0000    7.5000  -45.0000 2004.0165   18.8692
    7.5000    7.5000  -45.0000 1990.0557   19.0368
   -7.5000   15.0000  -45.0000 1926.9791   20.3965
    0.0000   15.0000  -45.0000 1946.5067   20.1353
    7.5000   15.0000  -45.0000 1929.5560   20.3570
   -7.5000   22.5000  -45.0000 1852.4115   22.0496
    0.0000   22.5000  -45.0000 1873.1230   21.8403
    7.5000   22.5000  -45.0000 1856.9883   22.1053
   -7.5000   30.0000  -45.0000 1754.3916   24.3073
    0.0000   30.0000  -45.0000 1775.7950   24.0735
    7.5000   30.0000  -45.0000 1758.9076   24.3300
   -7.5000   37.5000  -45.0000 1631.5894   27.1334
    0.0000   37.5000  -45.0000 1647.7539   26.9268
    7.5000   37.5000  -45.0000 1636.2736   27.2300
   -7.5000   45.0000  -45.0000 1479.9160   30.9019
    0.0000   45.0000  -45.0000 1492.4674   30.5983
    7.5000   45.0000  -45.0000 1484.7842   30.8207
   -7.5000  -45.0000  -37.5000 2118.3877   19.3789
    0.0000  -45.0000  -37.5000 2140.2705   19.2141
    7.5000  -45.0000  -37.5000 2125.7546   19.3685
   -7.5000  -37.5000  -37.5000 2185.3228   18.2148
    0.0000  -37.5000  -37.5000 2201.0195   18.0766
    7.5000  -37.5000  -37.5000 2190.8018   18.2250
   -7.5000  -30.0000  -37.5000 2219.8555   17.3864
    0.0000  -30.0000  -37.5000 2234.4209   17.2263
    7.5000  -30.0000  -37.5000 2226.7808   17.3609
   -7.5000  -22.5000  -37.5000 2231.1594   16.9157
    0.0000  -22.5000  -37.5000 2249.3818   16.7532
    7.5000  -22.5000  -37.5000 2240.4353   16.8852
   -7.5000  -15.0000  -37.5000 2231.8953   16.7917
    0.0000  -15.0000  -37.5000 2250.1194   16.5658
    7.5000  -15.0000  -37.5000 2241.8455   16.7705
   -7.5000   -7.5000  -37.5000 2215.4641   17.0038
    0.0000   -7.5000  -37.5000 2234.8123   16.7695
    7.5000   -7.5000  -37.5000 2227.5579   16.9597
   -7.5000    0.0000  -37.5000 2193.3303   17.6018
    0.0000    0.0000  -37.5000 2218.6548   17.3370
    7.5000    0.0000  -37.5000 2203.7488   17.5283
   -7.5000    7.5000  -37.5000 2156.0127   18.5319
    0.0000    7.5000  -37.5000 2180.6133   18.2578
    7.5000    7.5000  -37.5000 2160.9556   18.4784
   -7.5000   15.0000  -37.5000 2090.7458   19.8552
    0.0000   15.0000  -37.5000 2113.5549   19.5780
    7.5000   15.0000  -37.5000 2094.9880   19.8427
   -7.5000   22.5000  -37.5000 2006.4404   21.5444
    0.0000   22.5000  -37.5000 2028.9274   21.2448
    7.5000   22.5000  -37.5000 2012.1639   21.5426
   -7.5000   30.0000  -37.5000 1899.6245   23.7427
    0.0000   30.0000  -37.5000 1924.3978   23.4150
    7.5000   30.0000  -37.5000 1902.4609   23.6974
   -7.5000   37.5000  -37.5000 1765.9680   26.4662
    0.0000   37.5000  -37.5000 1784.5043   26.1934
    7.5000   37.5000  -37.5000 1764.1840   26.4870
   -7.5000   45.0000  -37.5000 1601.2594   29.9351
    0.0000   45.0000  -37.5000 1615.7499   29.5879
    7.5000   45.0000  -37.5000 1600.6472   29.9219
   -7.5000  -45.0000  -30.0000 2266.0405   18.6953
    0.0000  -45.0000  -30.0000 2282.8250   18.5511
    7.5000  -45.0000  -30.0000 2273.7537   18.7436
   -7.5000  -37.5000  -30.0000 2337.6218   17.5587
    0.0000  -37.5000  -30.0000 2353.2012   17.4150
    7.5000  -37.5000  -30.0000 2346.8650   17.5658
   -7.5000  -30.0000  -30.0000 2379.5720   16.7579
    0.0000  -30.0000  -30.0000 2393.7109   16.6274
    7.5000  -30.0000  -30.0000 2385.1511   16.7600
   -7.5000  -22.5000  -30.0000 2399.9355   16.3050
    0.0000  -22.5000  -30.0000 2417.5984   16.1625
    7.5000  -22.5000  -30.0000 2407.7285   16.2971
   -7.5000  -15.0000  -30.0000 2402.3684   16.1895
    0.0000  -15.0000  -30.0000 2420.2646   16.0039
    7.5000  -15.0000  -30.0000 2411.3013   16.1881
   -7.5000   -7.5000  -30.0000 2386.7739   16.3715
    0.0000   -7.5000  -30.0000 2408.9287   16.1973
    7.5000   -7.5000  -30.0000 2397.7068   16.3708
   -7.5000    0.0000  -30.0000 2359.6509   16.9552
    0.0000    0.0000  -30.0000 2386.4297   16.7137
    7.5000    0.0000  -30.0000 2370.1946   16.9247
   -7.5000    7.5000  -30.0000 2315.5642   17.8920
    0.0000    7.5000  -30.0000 2341.5613   17.6198
    7.5000    7.5000  -30.0000 2323.0134   17.8278
   -7.5000   15.0000  -30.0000 2244.5596   19.2136
    0.0000   15.0000  -30.0000 2269.1118   18.9046
    7.5000   15.0000  -30.0000 2253.5066   19.1515
   -7.5000   22.5000  -30.0000 2148.3972   20.8808
    0.0000   22.5000  -30.0000 2174.9878   20.5664
    7.5000   22.5000  -30.0000 2156.9636   20.8574
   -7.5000   30.0000  -30.0000 2033.6921   23.0078
    0.0000   30.0000  -30.0000 2057.0271   22.7102
    7.5000   30.0000  -30.0000 2035.5072   22.9937
   -7.5000   37.5000  -30.0000 1885.0797   25.6658
    0.0000   37.5000  -30.0000 1907.9863   25.3803
    7.5000   37.5000  -30.0000 1888.1436   25.6179
   -7.5000   45.0000  -30.0000 1706.0020   28.9879
    0.0000   45.0000  -30.0000 1722.1571   28.6146
    7.5000   45.0000  -30.0000 1705.3074   28.9045
   -7.5000  -45.0000  -22.5000 2386.8848   17.9263
    0.0000  -45.0000  -22.5000 2406.5361   17.7457
    7.5000  -45.0000  -22.5000 2394.0735   17.9549
   -7.5000  -37.5000  -22.5000 2467.2874   16.7828
    0.0000  -37.5000  -22.5000 2489.8708   16.6406
    7.5000  -37.5000  -22.5000 2476.5215   16.7749
   -7.5000  -30.0000  -22.5000 2517.6582   16.0141
    0.0000  -30.0000  -22.5000 2539.8262   15.8560
    7.5000  -30.0000  -22.5000 2527.1292   15.9951
   -7.5000  -22.5000  -22.5000 2550.8606   15.5588
    0.0000  -22.5000  -22.5000 2577.0598   15.4271
    7.5000  -22.5000  -22.5000 2560.9758   15.5619
   -7.5000  -15.0000  -22.5000 2562.6687   15.4433
    0.0000  -15.0000  -22.5000 2587.9519   15.2944
    7.5000  -15.0000  -22.5000 2571.5100   15.4448
   -7.5000   -7.5000  -22.5000 2548.8701   15.6726
    0.0000   -7.5000  -22.5000 2581.9492   15.4971
    7.5000   -7.5000  -22.5000 2561.8516   15.6528
   -7.5000    0.0000  -22.5000 2515.3552   16.2478
    0.0000    0.0000  -22.5000 2547.6829   16.0454
    7.5000    0.0000  -22.5000 2524.3491   16.2342
   -7.5000    7.5000  -22.5000 2460.0278   17.1765
    0.0000    7.5000  -22.5000 2490.9124   16.9345
    7.5000    7.5000  -22.5000 2467.7283   17.1338
   -7.5000   15.0000  -22.5000 2385.0327   18.4021
    0.0000   15.0000  -22.5000 2413.1519   18.1368
    7.5000   15.0000  -22.5000 2390.4431   18.3630
   -7.5000   22.5000  -22.5000 2277.4988   20.0123
    0.0000   22.5000  -22.5000 2305.0737   19.7095
    7.5000   22.5000  -22.5000 2283.2500   19.9819
   -7.5000   30.0000  -22.5000 2150.0205   22.1345
    0.0000   30.0000  -22.5000 2168.9856   21.8232
    7.5000   30.0000  -22.5000 2153.7625   22.1111
   -7.5000   37.5000  -22.5000 1988.2029   24.6844
    0.0000   37.5000  -22.5000 2009.3613   24.3482
    7.5000   37.5000  -22.5000 1990.7584   24.6877
   -7.5000   45.0000  -22.5000 1800.0946   27.8655
    0.0000   45.0000  -22.5000 1820.5524   27.5000
    7.5000   45.0000  -22.5000 1800.0101   27.7613
   -7.5000  -45.0000  -15.0000 2484.6501   17.0874
    0.0000  -45.0000  -15.0000 2504.5884   16.8433
    7.5000  -45.0000  -15.0000 2489.7346   17.0510
   -7.5000  -37.5000  -15.0000 2572.0679   15.9681
    0.0000  -37.5000  -15.0000 2594.6260   15.8036
    7.5000  -37.5000  -15.0000 2581.6936   15.9620
   -7.5000  -30.0000  -15.0000 2631.4697   15.2001
    0.0000  -30.0000  -15.0000 2654.1807   15.0400
    7.5000  -30.0000  -15.0000 2638.9514   15.1718
   -7.5000  -22.5000  -15.0000 2677.0598   14.7286
    0.0000  -22.5000  -15.0000 2705.7849   14.5847
    7.5000  -22.5000  -15.0000 2680.2161   14.7233
   -7.5000  -15.0000  -15.0000 2697.6511   14.6095
    0.0000  -15.0000  -15.0000 2727.2886   14.4759
    7.5000  -15.0000  -15.0000 2703.0840   14.6065
   -7.5000   -7.5000  -15.0000 2688.2212   14.8698
    0.0000   -7.5000  -15.0000 2723.5503   14.7105
    7.5000   -7.5000  -15.0000 2695.4036   14.8413
   -7.5000    0.0000  -15.0000 2650.1335   15.4521
    0.0000    0.0000  -15.0000 2685.1040   15.2880
    7.5000    0.0000  -15.0000 2655.0791   15.4223
   -7.5000    7.5000  -15.0000 2583.1904   16.3344
    0.0000    7.5000  -15.0000 2614.3845   16.1279
    7.5000    7.5000  -15.0000 2587.8728   16.3083
   -7.5000   15.0000  -15.0000 2499.5637   17.5153
    0.0000   15.0000  -15.0000 2524.0664   17.2709
    7.5000   15.0000  -15.0000 2500.7329   17.4957
   -7.5000   22.5000  -15.0000 2385.5105   19.1039
    0.0000   22.5000  -15.0000 2408.0500   18.8121
    7.5000   22.5000  -15.0000 2382.7483   19.0620
   -7.5000   30.0000  -15.0000 2246.5703   21.1345
    0.0000   30.0000  -15.0000 2268.3713   20.7998
    7.5000   30.0000  -15.0000 2244.4583   21.1056
   -7.5000   37.5000  -15.0000 2073.8076   23.6083
    0.0000   37.5000  -15.0000 2091.1138   23.2409
    7.5000   37.5000  -15.0000 2071.0410   23.6146
   -7.5000   45.0000  -15.0000 1875.3762   26.5986
    0.0000   45.0000  -15.0000 1889.9335   26.1785
    7.5000   45.0000  -15.0000 1870.5503   26.5366
   -7.5000  -45.0000   -7.5000 2542.3408   16.1943
    0.0000  -45.0000   -7.5000 2565.5681   15.9390
    7.5000  -45.0000   -7.5000 2550.2197   16.1770
   -7.5000  -37.5000   -7.5000 2644.3494   15.0870
    0.0000  -37.5000   -7.5000 2666.7122   14.8646
    7.5000  -37.5000   -7.5000 2647.8926   15.0835
   -7.5000  -30.0000   -7.5000 2713.7163   14.3166
    0.0000  -30.0000   -7.5000 2737.5442   14.1729
    7.5000  -30.0000   -7.5000 2720.0024   14.3111
   -7.5000  -22.5000   -7.5000 2764.1277   13.8337
    0.0000  -22.5000   -7.5000 2791.3396   13.7160
    7.5000  -22.5000   -7.5000 2765.4543   13.8649
   -7.5000  -15.0000   -7.5000 2795.1479   13.6860
    0.0000  -15.0000   -7.5000 2827.4983   13.5617
    7.5000  -15.0000   -7.5000 2794.0891   13.6896
   -7.5000   -7.5000   -7.5000 2786.7649   13.9239
    0.0000   -7.5000   -7.5000 2824.7273   13.8110
    7.5000   -7.5000   -7.5000 2786.8357   13.9322
   -7.5000    0.0000   -7.5000 2744.4536   14.5028
    0.0000    0.0000   -7.5000 2782.5571   14.3826
    7.5000    0.0000   -7.5000 2743.4480   14.5066
   -7.5000    7.5000   -7.5000 2671.4312   15.3748
    0.0000    7.5000   -7.5000 2699.9197   15.2062
    7.5000    7.5000   -7.5000 2666.6501   15.3845
   -7.5000   15.0000   -7.5000 2575.3413   16.5384
    0.0000   15.0000   -7.5000 2600.2061   16.3500
    7.5000   15.0000   -7.5000 2570.3826   16.5486
   -7.5000   22.5000   -7.5000 2446.8035   18.1036
    0.0000   22.5000   -7.5000 2470.4419   17.9045
    7.5000   22.5000   -7.5000 2443.0916   18.0963
   -7.5000   30.0000   -7.5000 2305.3008   20.0781
    0.0000   30.0000   -7.5000 2327.8169   19.8370
    7.5000   30.0000   -7.5000 2300.5005   20.0390
   -7.5000   37.5000   -7.5000 2124.8115   22.4304
    0.0000   37.5000   -7.5000 2139.8821   22.1558
    7.5000   37.5000   -7.5000 2119.7737   22.3854
   -7.5000   45.0000   -7.5000 1916.7487   25.3128
    0.0000   45.0000   -7.5000 1935.8851   24.9269
    7.5000   45.0000   -7.5000 1913.4200   25.2184
   -7.5000  -45.0000    0.0000 2595.0022   15.5958
    0.0000  -45.0000    0.0000 2611.1619   15.3278
    7.5000  -45.0000    0.0000 2592.9758   15.6312
   -7.5000  -37.5000    0.0000 2705.7729   14.4636
    0.0000  -37.5000    0.0000 2726.9797   14.2302
    7.5000  -37.5000    0.0000 2704.7234   14.4876
   -7.5000  -30.0000    0.0000 2791.9478   13.7238
    0.0000  -30.0000    0.0000 2819.5657   13.5178
    7.5000  -30.0000    0.0000 2793.0891   13.7453
   -7.5000  -22.5000    0.0000 2851.7903   13.2388
    0.0000  -22.5000    0.0000 2886.0352   13.1023
    7.5000  -22.5000    0.0000 2848.5508   13.2850
   -7.5000  -15.0000    0.0000 2895.4661   13.0395
    0.0000  -15.0000    0.0000 2929.9302   12.8998
    7.5000  -15.0000    0.0000 2882.2893   13.0953
   -7.5000   -7.5000    0.0000 2884.2710   13.2765
    0.0000   -7.5000    0.0000 2921.2769   13.1602
    7.5000   -7.5000    0.0000 2874.5588   13.2989
   -7.5000    0.0000    0.0000 2832.1196   13.8351
    0.0000    0.0000    0.0000 2866.3508   13.7005
    7.5000    0.0000    0.0000 2827.0713   13.8546
   -7.5000    7.5000    0.0000 2748.0889   14.6959
    0.0000    7.5000    0.0000 2778.2349   14.5725
    7.5000    7.5000    0.0000 2739.8918   14.7181
   -7.5000   15.0000    0.0000 2633.4836   15.9179
    0.0000   15.0000    0.0000 2663.3274   15.7907
    7.5000   15.0000    0.0000 2629.5508   15.9044
   -7.5000   22.5000    0.0000 2498.5037   17.4560
    0.0000   22.5000    0.0000 2524.0520   17.3273
    7.5000   22.5000    0.0000 2494.2461   17.4651
   -7.5000   30.0000    0.0000 2351.2900   19.3955
    0.0000   30.0000    0.0000 2371.8606   19.2147
    7.5000   30.0000    0.0000 2347.5801   19.3837
   -7.5000   37.5000    0.0000 2163.6965   21.6979
    0.0000   37.5000    0.0000 2182.5776   21.4479
    7.5000   37.5000    0.0000 2166.5342   21.6838
   -7.5000   45.0000    0.0000 1949.9222   24.4352
    0.0000   45.0000    0.0000 1975.1008   24.1496
    7.5000   45.0000    0.0000 1955.2882   24.4373
   -7.5000  -45.0000    7.5000 2616.8047   15.1419
    0.0000  -45.0000    7.5000 2636.9924   14.8970
    7.5000  -45.0000    7.5000 2616.2000   15.2200
   -7.5000  -37.5000    7.5000 2734.4438   13.9879
    0.0000  -37.5000    7.5000 2761.3159   13.7595
    7.5000  -37.5000    7.5000 2737.7087   14.0747
   -7.5000  -30.0000    7.5000 2836.3433   13.2172
    0.0000  -30.0000    7.5000 2867.1604   12.9991
    7.5000  -30.0000    7.5000 2839.4373   13.2954
   -7.5000  -22.5000    7.5000 2914.0786   12.7531
    0.0000  -22.5000    7.5000 2953.0195   12.5767
    7.5000  -22.5000    7.5000 2909.7703   12.8454
   -7.5000  -15.0000    7.5000 2960.5142   12.5085
    0.0000  -15.0000    7.5000 3007.6182   12.3418
    7.5000  -15.0000    7.5000 2949.7732   12.6313
   -7.5000   -7.5000    7.5000 2947.9797   12.7209
    0.0000   -7.5000    7.5000 2983.4651   12.5830
    7.5000   -7.5000    7.5000 2938.2256   12.8151
   -7.5000    0.0000    7.5000 2879.8777   13.3024
    0.0000    0.0000    7.5000 2912.6570   13.1895
    7.5000    0.0000    7.5000 2873.6021   13.3620
   -7.5000    7.5000    7.5000 2788.6306   14.2108
    0.0000    7.5000    7.5000 2817.3477   14.1017
    7.5000    7.5000    7.5000 2783.1787   14.2344
   -7.5000   15.0000    7.5000 2668.1550   15.4434
    0.0000   15.0000    7.5000 2697.3831   15.3002
    7.5000   15.0000    7.5000 2665.8979   15.4388
   -7.5000   22.5000    7.5000 2528.1748   17.0004
    0.0000   22.5000    7.5000 2554.1421   16.8527
    7.5000   22.5000    7.5000 2523.3967   17.0090
   -7.5000   30.0000    7.5000 2372.8433   18.9223
    0.0000   30.0000    7.5000 2398.6943   18.7498
    7.5000   30.0000    7.5000 2369.6396   18.9503
   -7.5000   37.5000    7.5000 2187.4602   21.1354
    0.0000   37.5000    7.5000 2206.5706   20.9339
    7.5000   37.5000    7.5000 2187.5254   21.2181
   -7.5000   45.0000    7.5000 1972.4606   23.7752
    0.0000   45.0000    7.5000 1994.8735   23.5008
    7.5000   45.0000    7.5000 1976.1096   23.8313
   -7.5000  -45.0000   15.0000 2612.0210   14.9916
    0.0000  -45.0000   15.0000 2643.6792   14.7461
    7.5000  -45.0000   15.0000 2620.8394   15.0774
   -7.5000  -37.5000   15.0000 2739.2817   13.8224
    0.0000  -37.5000   15.0000 2771.3474   13.5649
    7.5000  -37.5000   15.0000 2746.4790   13.9037
   -7.5000  -30.0000   15.0000 2848.8030   13.0399
    0.0000  -30.0000   15.0000 2876.8379   12.7569
    7.5000  -30.0000   15.0000 2850.2468   13.1030
   -7.5000  -22.5000   15.0000 2927.0002   12.5201
    0.0000  -22.5000   15.0000 2964.5110   12.2506
    7.5000  -22.5000   15.0000 2924.5344   12.5936
   -7.5000  -15.0000   15.0000 2980.5740   12.3208
    0.0000  -15.0000   15.0000 3021.2678   12.0082
    7.5000  -15.0000   15.0000 2976.7075   12.4355
   -7.5000   -7.5000   15.0000 2968.3569   12.5447
    0.0000   -7.5000   15.0000 3001.5049   12.2887
    7.5000   -7.5000   15.0000 2965.3743   12.6372
   -7.5000    0.0000   15.0000 2892.4368   13.1576
    0.0000    0.0000   15.0000 2920.3022   12.9553
    7.5000    0.0000   15.0000 2891.8889   13.1823
   -7.5000    7.5000   15.0000 2790.8750   14.0733
    0.0000    7.5000   15.0000 2821.5444   13.8591
    7.5000    7.5000   15.0000 2792.2983   14.0459
   -7.5000   15.0000   15.0000 2672.2354   15.3030
    0.0000   15.0000   15.0000 2698.6338   15.0809
    7.5000   15.0000   15.0000 2666.7456   15.2489
   -7.5000   22.5000   15.0000 2537.4429   16.8844
    0.0000   22.5000   15.0000 2559.2339   16.6420
    7.5000   22.5000   15.0000 2528.3794   16.8353
   -7.5000   30.0000   15.0000 2383.7812   18.8006
    0.0000   30.0000   15.0000 2405.0981   18.5518
    7.5000   30.0000   15.0000 2376.6609   18.7972
   -7.5000   37.5000   15.0000 2195.7742   21.0258
    0.0000   37.5000   15.0000 2210.3618   20.7293
    7.5000   37.5000   15.0000 2188.5669   21.0484
   -7.5000   45.0000   15.0000 1979.2173   23.5538
    0.0000   45.0000   15.0000 1994.7759   23.1501
    7.5000   45.0000   15.0000 1974.9169   23.6020
   -7.5000  -45.0000   22.5000 2611.1355   15.1332
    0.0000  -45.0000   22.5000 2639.3491   14.8590
    7.5000  -45.0000   22.5000 2610.0671   15.1790
   -7.5000  -37.5000   22.5000 2736.8713   13.9981
    0.0000  -37.5000   22.5000 2764.9358   13.6858
    7.5000  -37.5000   22.5000 2736.3083   14.0133
   -7.5000  -30.0000   22.5000 2844.3369   13.2205
    0.0000  -30.0000   22.5000 2868.6672   12.9020
    7.5000  -30.0000   22.5000 2839.6323   13.2131
   -7.5000  -22.5000   22.5000 2918.9070   12.7505
    0.0000  -22.5000   22.5000 2944.5171   12.3895
    7.5000  -22.5000   22.5000 2911.9094   12.7806
   -7.5000  -15.0000   22.5000 2969.2903   12.5827
    0.0000  -15.0000   22.5000 2995.1384   12.2722
    7.5000  -15.0000   22.5000 2952.0427   12.6047
   -7.5000   -7.5000   22.5000 2956.0566   12.8544
    0.0000   -7.5000   22.5000 2985.6428   12.5640
    7.5000   -7.5000   22.5000 2941.8967   12.8361
   -7.5000    0.0000   22.5000 2871.0225   13.3977
    0.0000    0.0000   22.5000 2901.6189   13.1453
    7.5000    0.0000   22.5000 2870.2188   13.4102
   -7.5000    7.5000   22.5000 2770.6777   14.2523
    0.0000    7.5000   22.5000 2799.1548   13.9895
    7.5000    7.5000   22.5000 2771.6709   14.2252
   -7.5000   15.0000   22.5000 2651.8037   15.4323
    0.0000   15.0000   22.5000 2675.6824   15.1481
    7.5000   15.0000   22.5000 2650.7239   15.3484
   -7.5000   22.5000   22.5000 2521.8232   16.9411
    0.0000   22.5000   22.5000 2544.3149   16.6636
    7.5000   22.5000   22.5000 2513.0872   16.8649
   -7.5000   30.0000   22.5000 2369.2104   18.8148
    0.0000   30.0000   22.5000 2392.1772   18.5528
    7.5000   30.0000   22.5000 2362.0457   18.8152
   -7.5000   37.5000   22.5000 2177.1250   21.0512
    0.0000   37.5000   22.5000 2194.9944   20.7808
    7.5000   37.5000   22.5000 2173.9089   21.0330
   -7.5000   45.0000   22.5000 1964.2230   23.5796
    0.0000   45.0000   22.5000 1978.1525   23.3129
    7.5000   45.0000   22.5000 1960.3167   23.6199
   -7.5000  -45.0000   30.0000 2597.5000   15.6044
    0.0000  -45.0000   30.0000 2624.2551   15.2869
    7.5000  -45.0000   30.0000 2592.8403   15.5713
   -7.5000  -37.5000   30.0000 2719.6362   14.4911
    0.0000  -37.5000   30.0000 2746.3159   14.2345
    7.5000  -37.5000   30.0000 2710.9028   14.4720
   -7.5000  -30.0000   30.0000 2816.2878   13.7234
    0.0000  -30.0000   30.0000 2838.6970   13.4701
    7.5000  -30.0000   30.0000 2806.2058   13.7059
   -7.5000  -22.5000   30.0000 2884.4592   13.2489
    0.0000  -22.5000   30.0000 2909.8220   12.9685
    7.5000  -22.5000   30.0000 2871.3718   13.2263
   -7.5000  -15.0000   30.0000 2916.2095   13.0879
    0.0000  -15.0000   30.0000 2940.4844   12.8576
    7.5000  -15.0000   30.0000 2899.2698   13.0501
   -7.5000   -7.5000   30.0000 2900.6726   13.3016
    0.0000   -7.5000   30.0000 2928.4805   13.1024
    7.5000   -7.5000   30.0000 2886.9717   13.2731
   -7.5000    0.0000   30.0000 2820.4141   13.9087
    0.0000    0.0000   30.0000 2845.8003   13.7317
    7.5000    0.0000   30.0000 2818.9751   13.8878
   -7.5000    7.5000   30.0000 2724.1489   14.7583
    0.0000    7.5000   30.0000 2753.6458   14.5855
    7.5000    7.5000   30.0000 2721.3682   14.7089
   -7.5000   15.0000   30.0000 2607.5986   15.8873
    0.0000   15.0000   30.0000 2633.1663   15.6599
    7.5000   15.0000   30.0000 2603.3672   15.8013
   -7.5000   22.5000   30.0000 2480.5039   17.3299
    0.0000   22.5000   30.0000 2503.4055   17.0499
    7.5000   22.5000   30.0000 2477.8855   17.2447
   -7.5000   30.0000   30.0000 2333.5620   19.1479
    0.0000   30.0000   30.0000 2351.6677   18.8445
    7.5000   30.0000   30.0000 2331.1045   19.0789
   -7.5000   37.5000   30.0000 2149.4482   21.3597
    0.0000   37.5000   30.0000 2167.2539   21.0097
    7.5000   37.5000   30.0000 2145.7700   21.3042
   -7.5000   45.0000   30.0000 1939.9852   23.8805
    0.0000   45.0000   30.0000 1956.7531   23.5077
    7.5000   45.0000   30.0000 1935.0107   23.8853
   -7.5000  -45.0000   37.5000 2566.0752   16.2380
    0.0000  -45.0000   37.5000 2590.3987   16.0283
    7.5000  -45.0000   37.5000 2553.3591   16.2650
   -7.5000  -37.5000   37.5000 2681.9236   15.1517
    0.0000  -37.5000   37.5000 2707.3599   14.9202
    7.5000  -37.5000   37.5000 2673.4407   15.1548
   -7.5000  -30.0000   37.5000 2764.8506   14.3982
    0.0000  -30.0000   37.5000 2794.3660   14.1664
    7.5000  -30.0000   37.5000 2758.6350   14.3560
   -7.5000  -22.5000   37.5000 2822.4258   13.9324
    0.0000  -22.5000   37.5000 2846.2217   13.7073
    7.5000  -22.5000   37.5000 2810.9236   13.8783
   -7.5000  -15.0000   37.5000 2839.7529   13.7685
    0.0000  -15.0000   37.5000 2858.2104   13.5697
    7.5000  -15.0000   37.5000 2828.3621   13.7279
   -7.5000   -7.5000   37.5000 2814.9341   13.9600
    0.0000   -7.5000   37.5000 2834.6846   13.7503
    7.5000   -7.5000   37.5000 2805.2063   13.9251
   -7.5000    0.0000   37.5000 2746.1155   14.5356
    0.0000    0.0000   37.5000 2763.5979   14.3477
    7.5000    0.0000   37.5000 2740.1619   14.5156
   -7.5000    7.5000   37.5000 2652.3157   15.4125
    0.0000    7.5000   37.5000 2676.0669   15.2231
    7.5000    7.5000   37.5000 2649.6353   15.3870
   -7.5000   15.0000   37.5000 2541.0105   16.5325
    0.0000   15.0000   37.5000 2566.8223   16.3368
    7.5000   15.0000   37.5000 2541.3560   16.5080
   -7.5000   22.5000   37.5000 2418.3481   17.9667
    0.0000   22.5000   37.5000 2440.6375   17.7279
    7.5000   22.5000   37.5000 2418.9915   17.9030
   -7.5000   30.0000   37.5000 2276.6790   19.7047
    0.0000   30.0000   37.5000 2295.5161   19.4268
    7.5000   30.0000   37.5000 2274.9329   19.6648
   -7.5000   37.5000   37.5000 2102.9729   21.8459
    0.0000   37.5000   37.5000 2121.1819   21.5618
    7.5000   37.5000   37.5000 2098.4114   21.8683
   -7.5000   45.0000   37.5000 1903.2484   24.4735
    0.0000   45.0000   37.5000 1917.3380   24.0854
    7.5000   45.0000   37.5000 1902.3856   24.4519
   -7.5000  -45.0000   45.0000 2498.3726   16.9900
    0.0000  -45.0000   45.0000 2515.7571   16.7886
    7.5000  -45.0000   45.0000 2484.5410   16.9938
   -7.5000  -37.5000   45.0000 2599.4717   15.8700
    0.0000  -37.5000   45.0000 2625.5066   15.6821
    7.5000  -37.5000   45.0000 2591.8376   15.8512
   -7.5000  -30.0000   45.0000 2675.5583   15.1347
    0.0000  -30.0000   45.0000 2702.4136   14.9390
    7.5000  -30.0000   45.0000 2668.1169   15.0826
   -7.5000  -22.5000   45.0000 2716.2139   14.6712
    0.0000  -22.5000   45.0000 2735.5154   14.5168
    7.5000  -22.5000   45.0000 2706.0432   14.6377
   -7.5000  -15.0000   45.0000 2720.6704   14.5028
    0.0000  -15.0000   45.0000 2738.2937   14.3580
    7.5000  -15.0000   45.0000 2713.4890   14.4875
   -7.5000   -7.5000   45.0000 2694.6506   14.6583
    0.0000   -7.5000   45.0000 2710.8672   14.5005
    7.5000   -7.5000   45.0000 2688.9768   14.6594
   -7.5000    0.0000   45.0000 2639.0120   15.2011
    0.0000    0.0000   45.0000 2653.9700   15.0437
    7.5000    0.0000   45.0000 2629.4622   15.2171
   -7.5000    7.5000   45.0000 2549.4873   16.0792
    0.0000    7.5000   45.0000 2569.5618   15.9183
    7.5000    7.5000   45.0000 2548.0066   16.0947
   -7.5000   15.0000   45.0000 2446.0781   17.1954
    0.0000   15.0000   45.0000 2464.6694   17.0126
    7.5000   15.0000   45.0000 2445.8335   17.1702
   -7.5000   22.5000   45.0000 2330.3049   18.6384
    0.0000   22.5000   45.0000 2344.1797   18.4583
    7.5000   22.5000   45.0000 2324.6841   18.6044
   -7.5000   30.0000   45.0000 2192.3687   20.4504
    0.0000   30.0000   45.0000 2205.7698   20.1886
    7.5000   30.0000   45.0000 2185.9724   20.3916
   -7.5000   37.5000   45.0000 2028.2910   22.6126
    0.0000   37.5000   45.0000 2039.9225   22.3352
    7.5000   37.5000   45.0000 2024.0575   22.5957
   -7.5000   45.0000   45.0000 1834.2330   25.2030
    0.0000   45.0000   45.0000 1849.1938   24.8496
    7.5000   45.0000   45.0000 1838.5876   25.1583

---------------------------------------------------------------------
imgreg_4dfp /opt/freesurfer/average/711-2C_as_mni_average_305 /opt/freesurfer/average/711-2B_as_mni_average_305_mask talsrcimg_g11 none talsrcimg_to_711-2C_as_mni_average_305_t4 1283
---------------------------------------------------------------------

freesurfer imgreg_4dfp.c
/opt/freesurfer/average/711-2C_as_mni_average_305.4dfp.img
       256       256       256         1
  1.000000  1.000000  1.000000
orientation T byte_order littleendian
Reading image: /opt/freesurfer/average/711-2C_as_mni_average_305.4dfp.img
dimensions:      256       256       256
mmppix:       1.0000   -1.0000   -1.0000
center:     128.0000 -129.0000 -129.0000
/opt/freesurfer/average/711-2B_as_mni_average_305_mask.4dfp.img
       256       256       256         1
  1.000000  1.000000  1.000000
orientation T byte_order littleendian
Reading mask: /opt/freesurfer/average/711-2B_as_mni_average_305_mask.4dfp.img (2306576 pixels)
talsrcimg_g11.4dfp.img
       256       256       256         1
  0.900000  0.900000  0.900000
orientation T byte_order littleendian
Reading image: talsrcimg_g11.4dfp.img
dimensions:      256       256       256
mmppix:       0.9000   -0.9000   -0.9000
center:     115.2000 -116.1000 -116.1000
rotation matrix determinant  1.000000
fimgreg.f
image alignment mode   1283 decimal      503 hex
parameters
    0.0000  -15.0000   15.0000    0.0000    0.0000    0.0000
eta,q 0.94970 11.96764
niter,ni,del,rscale     5    3   12.0000    1.2000
parameter  5 -0.569786 -> -0.500000 qaram    1.1500
parameters
    0.1100  -12.7432   14.8477   -0.5496    3.4500   -0.8197
eta,q 0.94943 11.95718
  0.0621  0.0691  0.0553  0.0579  0.0609  0.0537
  0.0580  0.0659  0.0532  0.0530  0.0561  0.0521
  0.0547  0.0595  0.0518  0.0509  0.0527  0.0509
  0.0540  0.0540  0.0522  0.0520  0.0516  0.0506
  0.0548  0.0521  0.0548  0.0540  0.0512  0.0515
  0.0574  0.0538  0.0542  0.0562  0.0504  0.0536
  0.0615  0.0582  0.0540  0.0583  0.0505  0.0560
niter,ni,del,rscale     5    3   12.0000    1.2000
parameters
   -1.1724  -12.7397   16.7418   -1.0250    5.9078   -1.2139
eta,q 0.95137 11.98888
  0.0552  0.0622  0.0525  0.0569  0.0565  0.0541
  0.0514  0.0559  0.0512  0.0523  0.0547  0.0513
  0.0508  0.0513  0.0497  0.0500  0.0538  0.0493
  0.0506  0.0508  0.0508  0.0507  0.0504  0.0486
  0.0521  0.0533  0.0506  0.0528  0.0486  0.0496
  0.0564  0.0565  0.0494  0.0552  0.0502  0.0523
  0.0624  0.0611  0.0508  0.0571  0.0526  0.0559
niter,ni,del,rscale     4    3   12.0000    1.2000
parameters
   -2.0111  -12.4777   15.5398   -0.9346    6.1153   -1.0069
eta,q 0.95113 11.94016
  0.0555  0.0619  0.0505  0.0562  0.0549  0.0544
  0.0531  0.0555  0.0494  0.0522  0.0531  0.0522
  0.0492  0.0496  0.0492  0.0489  0.0511  0.0502
  0.0486  0.0482  0.0483  0.0489  0.0490  0.0489
  0.0515  0.0505  0.0482  0.0504  0.0499  0.0493
  0.0554  0.0544  0.0509  0.0525  0.0522  0.0511
  0.0612  0.0591  0.0563  0.0548  0.0549  0.0543
niter,ni,del,rscale     3    3   12.0000    1.2000
parameters
   -1.8237  -12.4956   15.5159   -0.9186    6.0458   -1.0618
eta,q 0.95102 11.94359
  0.0585  0.0610  0.0518  0.0560  0.0544  0.0541
  0.0545  0.0544  0.0500  0.0521  0.0529  0.0520
  0.0509  0.0494  0.0493  0.0490  0.0508  0.0500
  0.0489  0.0490  0.0489  0.0490  0.0490  0.0490
  0.0507  0.0517  0.0481  0.0504  0.0501  0.0495
  0.0533  0.0551  0.0488  0.0526  0.0524  0.0516
  0.0577  0.0600  0.0530  0.0550  0.0553  0.0548
niter,ni,del,rscale     2    3   12.0000    1.2000
parameters
   -1.8122  -12.5108   15.5226   -0.9192    6.0444   -1.0704
eta,q 0.95102 11.94332
  0.0580  0.0610  0.0518  0.0559  0.0544  0.0542
  0.0541  0.0545  0.0499  0.0521  0.0529  0.0520
  0.0505  0.0494  0.0493  0.0490  0.0508  0.0500
  0.0490  0.0490  0.0490  0.0490  0.0490  0.0490
  0.0509  0.0517  0.0481  0.0505  0.0500  0.0494
  0.0535  0.0551  0.0488  0.0527  0.0523  0.0515
  0.0582  0.0599  0.0529  0.0550  0.0551  0.0548
registration optimization eta report
parameter search radius
    6.0000    6.0000    6.0000    6.0000    6.9000    6.0000
100000*second partial in parameter space
       24.       31.       11.       18.       11.       15.
  0.0580  0.0610  0.0518  0.0559  0.0544  0.0542
  0.0541  0.0545  0.0499  0.0521  0.0529  0.0520
  0.0505  0.0494  0.0493  0.0490  0.0508  0.0500
  0.0490  0.0490  0.0490  0.0490  0.0490  0.0490
  0.0509  0.0517  0.0481  0.0505  0.0500  0.0494
  0.0535  0.0551  0.0488  0.0527  0.0523  0.0515
  0.0582  0.0599  0.0529  0.0550  0.0551  0.0548
   -1.8122  -12.5108   15.5226   -0.9192    6.0444   -1.0704
eta,q 0.95102 11.94332

---------------------------------------------------------------------
imgreg_4dfp /opt/freesurfer/average/711-2C_as_mni_average_305 /opt/freesurfer/average/711-2B_as_mni_average_305_mask talsrcimg_g11 none talsrcimg_to_711-2C_as_mni_average_305_t4 3335
---------------------------------------------------------------------

freesurfer imgreg_4dfp.c
/opt/freesurfer/average/711-2C_as_mni_average_305.4dfp.img
       256       256       256         1
  1.000000  1.000000  1.000000
orientation T byte_order littleendian
Reading image: /opt/freesurfer/average/711-2C_as_mni_average_305.4dfp.img
dimensions:      256       256       256
mmppix:       1.0000   -1.0000   -1.0000
center:     128.0000 -129.0000 -129.0000
/opt/freesurfer/average/711-2B_as_mni_average_305_mask.4dfp.img
       256       256       256         1
  1.000000  1.000000  1.000000
orientation T byte_order littleendian
Reading mask: /opt/freesurfer/average/711-2B_as_mni_average_305_mask.4dfp.img (2306576 pixels)
talsrcimg_g11.4dfp.img
       256       256       256         1
  0.900000  0.900000  0.900000
orientation T byte_order littleendian
Reading image: talsrcimg_g11.4dfp.img
dimensions:      256       256       256
mmppix:       0.9000   -0.9000   -0.9000
center:     115.2000 -116.1000 -116.1000
fimgreg.f
image alignment mode   3335 decimal      D07 hex
parameters
   -1.8122  -12.5108   15.5226   -0.5733   -0.0335   -0.5687
    2.0368  -10.4967   -1.8578    1.8007   10.5299   -1.5954
eta,q 0.95415 12.01146
niter,ni,del,rscale     5    3    5.0000    1.2000
parameter  4  4.252200 ->  0.500000 qaram    1.1500
parameter  5  1.499029 ->  0.500000 qaram    1.1500
parameter  6  3.198659 ->  0.500000 qaram    1.1500
parameter 10  0.515192 ->  0.500000 qaram    1.1500
parameter 12  0.633379 ->  0.500000 qaram    1.1500
parameters
   -1.9683  -12.0602   14.7468   -4.7133   -4.1735   -4.7087
    0.1212   -7.7448   -1.8508   -2.3393    7.9215   -5.7354
eta,q 0.97163 11.32615
  0.0475  0.0480  0.0460  0.0357  0.0348  0.0285  0.0315  0.0363  0.0318  0.0300  0.0295  0.0287
  0.0466  0.0469  0.0459  0.0386  0.0356  0.0298  0.0306  0.0335  0.0308  0.0293  0.0291  0.0284
  0.0460  0.0463  0.0457  0.0420  0.0371  0.0325  0.0303  0.0315  0.0302  0.0292  0.0290  0.0285
  0.0459  0.0459  0.0457  0.0457  0.0395  0.0360  0.0304  0.0303  0.0299  0.0299  0.0292  0.0290
  0.0461  0.0457  0.0460  0.0498  0.0423  0.0391  0.0311  0.0299  0.0302  0.0317  0.0296  0.0298
  0.0469  0.0460  0.0465  0.0540  0.0453  0.0424  0.0323  0.0302  0.0308  0.0341  0.0302  0.0309
  0.0480  0.0469  0.0472  0.0585  0.0489  0.0458  0.0338  0.0311  0.0318  0.0367  0.0310  0.0321
niter,ni,del,rscale     7    3    5.0000    1.2000
parameter  4  1.150979 ->  0.500000 qaram    1.3225
parameters
   -1.0709  -12.4569   13.8436   -9.4743   -7.5846   -8.4162
    1.3750   -7.3639   -1.7522   -1.3789    9.4214   -5.1431
eta,q 0.97859 11.14190
  0.0332  0.0296  0.0285  0.0219  0.0236  0.0231  0.0251  0.0270  0.0233  0.0260  0.0236  0.0230
  0.0311  0.0285  0.0277  0.0225  0.0225  0.0221  0.0235  0.0245  0.0224  0.0237  0.0227  0.0222
  0.0294  0.0279  0.0274  0.0243  0.0223  0.0217  0.0224  0.0227  0.0218  0.0222  0.0220  0.0216
  0.0284  0.0279  0.0278  0.0274  0.0229  0.0223  0.0217  0.0216  0.0216  0.0216  0.0215  0.0214
  0.0279  0.0285  0.0288  0.0317  0.0244  0.0249  0.0217  0.0219  0.0217  0.0216  0.0214  0.0215
  0.0282  0.0296  0.0301  0.0366  0.0271  0.0298  0.0223  0.0237  0.0223  0.0225  0.0218  0.0219
  0.0291  0.0312  0.0316  0.0419  0.0306  0.0346  0.0234  0.0263  0.0232  0.0244  0.0224  0.0226
niter,ni,del,rscale     7    3    5.0000    1.2000
parameters
   -1.3895  -11.8339   14.0348  -12.2821   -6.4435   -8.5421
    1.5018   -7.7209   -1.8310   -1.1419    9.8642   -5.2301
eta,q 0.97890 11.12466
  0.0241  0.0246  0.0230  0.0236  0.0251  0.0250  0.0236  0.0254  0.0228  0.0249  0.0224  0.0224
  0.0223  0.0230  0.0221  0.0223  0.0233  0.0235  0.0223  0.0231  0.0219  0.0229  0.0218  0.0217
  0.0214  0.0219  0.0214  0.0213  0.0219  0.0223  0.0214  0.0215  0.0213  0.0216  0.0213  0.0213
  0.0214  0.0213  0.0212  0.0212  0.0212  0.0211  0.0211  0.0212  0.0211  0.0211  0.0211  0.0211
  0.0222  0.0212  0.0213  0.0231  0.0211  0.0206  0.0214  0.0219  0.0213  0.0213  0.0212  0.0212
  0.0237  0.0215  0.0217  0.0266  0.0218  0.0224  0.0222  0.0237  0.0219  0.0225  0.0215  0.0217
  0.0258  0.0224  0.0225  0.0314  0.0236  0.0268  0.0234  0.0263  0.0229  0.0246  0.0222  0.0225
niter,ni,del,rscale     6    3    5.0000    1.2000
parameters
   -1.3966  -11.8996   13.7825  -13.0167   -6.3304   -8.5021
    1.5404   -7.7890   -1.8914   -1.1030   10.0762   -5.2879
eta,q 0.97875 11.11056
  0.0242  0.0232  0.0222  0.0248  0.0246  0.0251  0.0236  0.0257  0.0229  0.0248  0.0224  0.0225
  0.0225  0.0220  0.0215  0.0233  0.0229  0.0237  0.0223  0.0234  0.0220  0.0229  0.0218  0.0218
  0.0215  0.0213  0.0212  0.0221  0.0218  0.0224  0.0215  0.0217  0.0214  0.0217  0.0214  0.0214
  0.0211  0.0211  0.0211  0.0211  0.0213  0.0213  0.0213  0.0213  0.0213  0.0213  0.0213  0.0212
  0.0215  0.0214  0.0213  0.0213  0.0214  0.0205  0.0215  0.0219  0.0214  0.0215  0.0213  0.0214
  0.0225  0.0222  0.0219  0.0235  0.0225  0.0222  0.0223  0.0234  0.0220  0.0227  0.0217  0.0218
  0.0243  0.0234  0.0228  0.0273  0.0247  0.0266  0.0235  0.0259  0.0229  0.0249  0.0223  0.0226
niter,ni,del,rscale     5    3    5.0000    1.2000
parameters
   -1.3655  -11.9381   13.7259  -13.1130   -6.3045   -8.5151
    1.5611   -7.7961   -1.9117   -1.1122   10.1297   -5.2872
eta,q 0.97873 11.10833
  0.0243  0.0233  0.0225  0.0251  0.0246  0.0251  0.0236  0.0258  0.0229  0.0248  0.0223  0.0226
  0.0227  0.0221  0.0218  0.0236  0.0229  0.0237  0.0223  0.0235  0.0220  0.0229  0.0218  0.0219
  0.0216  0.0214  0.0214  0.0223  0.0217  0.0224  0.0215  0.0218  0.0215  0.0217  0.0214  0.0214
  0.0212  0.0212  0.0212  0.0212  0.0213  0.0213  0.0213  0.0213  0.0213  0.0213  0.0213  0.0213
  0.0215  0.0215  0.0214  0.0210  0.0214  0.0205  0.0215  0.0218  0.0215  0.0215  0.0213  0.0214
  0.0225  0.0223  0.0218  0.0228  0.0225  0.0222  0.0223  0.0234  0.0220  0.0228  0.0217  0.0218
  0.0242  0.0234  0.0226  0.0264  0.0248  0.0267  0.0236  0.0258  0.0229  0.0250  0.0224  0.0226
niter,ni,del,rscale     4    3    5.0000    1.2000
parameters
   -1.3585  -11.9438   13.7168  -13.1203   -6.3057   -8.5182
    1.5660   -7.7979   -1.9158   -1.1145   10.1332   -5.2844
eta,q 0.97872 11.10795
  0.0242  0.0234  0.0225  0.0252  0.0245  0.0251  0.0236  0.0258  0.0229  0.0248  0.0223  0.0226
  0.0226  0.0222  0.0219  0.0236  0.0229  0.0237  0.0223  0.0235  0.0220  0.0229  0.0218  0.0219
  0.0216  0.0215  0.0214  0.0224  0.0217  0.0224  0.0215  0.0218  0.0215  0.0217  0.0214  0.0214
  0.0213  0.0213  0.0213  0.0213  0.0213  0.0213  0.0213  0.0213  0.0213  0.0213  0.0213  0.0213
  0.0216  0.0215  0.0214  0.0210  0.0214  0.0205  0.0215  0.0218  0.0215  0.0215  0.0213  0.0214
  0.0226  0.0222  0.0218  0.0228  0.0225  0.0222  0.0223  0.0234  0.0220  0.0228  0.0217  0.0218
  0.0243  0.0234  0.0226  0.0263  0.0249  0.0267  0.0236  0.0258  0.0229  0.0250  0.0224  0.0226
registration optimization eta report
parameter search radius
    2.4000    2.4000    2.4000    9.5220    8.2800    8.2800
    7.2000    7.2000    7.2000    8.2800    7.2000    8.2800
100000*second partial in parameter space
       52.       37.       23.        5.        5.        7.
        4.        9.        3.        5.        2.        2.
  0.0242  0.0234  0.0225  0.0252  0.0245  0.0251  0.0236  0.0258  0.0229  0.0248  0.0223  0.0226
  0.0226  0.0222  0.0219  0.0236  0.0229  0.0237  0.0223  0.0235  0.0220  0.0229  0.0218  0.0219
  0.0216  0.0215  0.0214  0.0224  0.0217  0.0224  0.0215  0.0218  0.0215  0.0217  0.0214  0.0214
  0.0213  0.0213  0.0213  0.0213  0.0213  0.0213  0.0213  0.0213  0.0213  0.0213  0.0213  0.0213
  0.0216  0.0215  0.0214  0.0210  0.0214  0.0205  0.0215  0.0218  0.0215  0.0215  0.0213  0.0214
  0.0226  0.0222  0.0218  0.0228  0.0225  0.0222  0.0223  0.0234  0.0220  0.0228  0.0217  0.0218
  0.0243  0.0234  0.0226  0.0263  0.0249  0.0267  0.0236  0.0258  0.0229  0.0250  0.0224  0.0226
   -1.3585  -11.9438   13.7168  -13.1203   -6.3057   -8.5182
    1.5660   -7.7979   -1.9158   -1.1145   10.1332   -5.2844
eta,q 0.97872 11.10795

---------------------------------------------------------------------
imgreg_4dfp /opt/freesurfer/average/711-2C_as_mni_average_305 /opt/freesurfer/average/711-2B_as_mni_average_305_mask talsrcimg_g11 none talsrcimg_to_711-2C_as_mni_average_305_t4 2311
---------------------------------------------------------------------

freesurfer imgreg_4dfp.c
/opt/freesurfer/average/711-2C_as_mni_average_305.4dfp.img
       256       256       256         1
  1.000000  1.000000  1.000000
orientation T byte_order littleendian
Reading image: /opt/freesurfer/average/711-2C_as_mni_average_305.4dfp.img
dimensions:      256       256       256
mmppix:       1.0000   -1.0000   -1.0000
center:     128.0000 -129.0000 -129.0000
/opt/freesurfer/average/711-2B_as_mni_average_305_mask.4dfp.img
       256       256       256         1
  1.000000  1.000000  1.000000
orientation T byte_order littleendian
Reading mask: /opt/freesurfer/average/711-2B_as_mni_average_305_mask.4dfp.img (2306576 pixels)
talsrcimg_g11.4dfp.img
       256       256       256         1
  0.900000  0.900000  0.900000
orientation T byte_order littleendian
Reading image: talsrcimg_g11.4dfp.img
dimensions:      256       256       256
mmppix:       0.9000   -0.9000   -0.9000
center:     115.2000 -116.1000 -116.1000
fimgreg.f
image alignment mode   2311 decimal      907 hex
parameters
   -1.3585  -11.9438   13.7168  -13.1203   -6.3057   -8.5182
    1.5660   -7.7979   -1.9158   -1.1145   10.1332   -5.2844
eta,q 0.97873 11.10796
niter,ni,del,rscale     5    3    5.0000    0.8000
parameters
   -1.3345  -11.9662   13.7502  -11.2784   -6.1061   -7.2499
    1.4859   -7.7824   -2.0178   -0.6760   10.1133   -5.2279
eta,q 0.97944 11.18971
  0.0226  0.0222  0.0219  0.0230  0.0221  0.0231  0.0218  0.0236  0.0214  0.0222  0.0214  0.0212
  0.0219  0.0217  0.0215  0.0224  0.0215  0.0223  0.0211  0.0222  0.0209  0.0214  0.0210  0.0209
  0.0214  0.0214  0.0214  0.0218  0.0211  0.0216  0.0207  0.0211  0.0207  0.0209  0.0207  0.0206
  0.0213  0.0213  0.0213  0.0213  0.0209  0.0209  0.0206  0.0206  0.0206  0.0206  0.0206  0.0206
  0.0214  0.0214  0.0213  0.0210  0.0210  0.0205  0.0208  0.0210  0.0207  0.0206  0.0207  0.0206
  0.0218  0.0217  0.0215  0.0210  0.0213  0.0207  0.0212  0.0221  0.0210  0.0210  0.0210  0.0208
  0.0226  0.0223  0.0218  0.0216  0.0219  0.0219  0.0219  0.0237  0.0215  0.0218  0.0215  0.0212
niter,ni,del,rscale     4    3    5.0000    0.7000
parameters
   -1.4611  -11.8764   13.7802  -11.9046   -6.0415   -7.0706
    1.5572   -7.8201   -2.0264   -0.5251   10.1455   -5.1850
eta,q 0.97948 11.18433
  0.0217  0.0215  0.0213  0.0216  0.0215  0.0223  0.0215  0.0229  0.0212  0.0217  0.0212  0.0210
  0.0210  0.0210  0.0209  0.0211  0.0210  0.0216  0.0210  0.0217  0.0208  0.0211  0.0208  0.0207
  0.0206  0.0207  0.0206  0.0207  0.0207  0.0210  0.0206  0.0208  0.0206  0.0207  0.0206  0.0206
  0.0206  0.0206  0.0206  0.0206  0.0206  0.0206  0.0205  0.0205  0.0205  0.0205  0.0205  0.0205
  0.0208  0.0206  0.0206  0.0208  0.0206  0.0204  0.0206  0.0208  0.0206  0.0206  0.0206  0.0206
  0.0213  0.0208  0.0208  0.0215  0.0209  0.0210  0.0209  0.0217  0.0208  0.0209  0.0208  0.0207
  0.0221  0.0213  0.0212  0.0226  0.0215  0.0224  0.0214  0.0230  0.0212  0.0216  0.0212  0.0210
niter,ni,del,rscale     3    3    5.0000    0.6000
parameters
   -1.4510  -11.9083   13.7137  -11.9808   -5.9829   -6.8695
    1.5731   -7.8028   -2.0588   -0.4524   10.1730   -5.2581
eta,q 0.97953 11.18781
  0.0215  0.0211  0.0210  0.0215  0.0212  0.0220  0.0212  0.0224  0.0209  0.0213  0.0210  0.0208
  0.0210  0.0208  0.0207  0.0210  0.0208  0.0214  0.0208  0.0214  0.0207  0.0209  0.0207  0.0206
  0.0206  0.0206  0.0205  0.0207  0.0206  0.0209  0.0206  0.0207  0.0205  0.0206  0.0205  0.0205
  0.0205  0.0205  0.0205  0.0205  0.0205  0.0205  0.0205  0.0205  0.0205  0.0205  0.0205  0.0205
  0.0206  0.0206  0.0206  0.0206  0.0206  0.0204  0.0206  0.0207  0.0205  0.0205  0.0205  0.0205
  0.0209  0.0208  0.0208  0.0210  0.0208  0.0209  0.0208  0.0214  0.0207  0.0208  0.0207  0.0206
  0.0215  0.0211  0.0211  0.0217  0.0212  0.0220  0.0212  0.0224  0.0210  0.0213  0.0210  0.0209
niter,ni,del,rscale     2    3    5.0000    0.5000
parameters
   -1.4427  -11.9106   13.6947  -12.0015   -5.9813   -6.6814
    1.5891   -7.7800   -2.0661   -0.3649   10.1599   -5.3402
eta,q 0.97957 11.18978
  0.0212  0.0209  0.0208  0.0212  0.0209  0.0216  0.0209  0.0219  0.0208  0.0211  0.0208  0.0207
  0.0208  0.0207  0.0206  0.0209  0.0207  0.0211  0.0207  0.0211  0.0206  0.0208  0.0206  0.0205
  0.0206  0.0205  0.0205  0.0206  0.0205  0.0207  0.0205  0.0206  0.0205  0.0205  0.0205  0.0205
  0.0205  0.0205  0.0205  0.0205  0.0205  0.0205  0.0204  0.0204  0.0204  0.0204  0.0204  0.0204
  0.0205  0.0205  0.0205  0.0205  0.0205  0.0204  0.0205  0.0206  0.0205  0.0205  0.0205  0.0205
  0.0208  0.0207  0.0207  0.0208  0.0207  0.0207  0.0207  0.0211  0.0206  0.0207  0.0206  0.0206
  0.0211  0.0209  0.0208  0.0213  0.0209  0.0215  0.0209  0.0219  0.0208  0.0210  0.0208  0.0207
niter,ni,del,rscale     1    3    5.0000    0.4000
parameters
   -1.4411  -11.9068   13.6834  -12.0231   -5.9922   -6.5056
    1.6104   -7.7555   -2.0837   -0.2753   10.1350   -5.4354
eta,q 0.97959 11.19102
  0.0209  0.0207  0.0207  0.0209  0.0207  0.0212  0.0207  0.0214  0.0206  0.0208  0.0206  0.0206
  0.0206  0.0206  0.0205  0.0207  0.0206  0.0209  0.0206  0.0209  0.0205  0.0206  0.0205  0.0205
  0.0205  0.0205  0.0205  0.0205  0.0205  0.0206  0.0204  0.0205  0.0204  0.0205  0.0204  0.0204
  0.0204  0.0204  0.0204  0.0204  0.0204  0.0204  0.0204  0.0204  0.0204  0.0204  0.0204  0.0204
  0.0205  0.0205  0.0205  0.0205  0.0205  0.0204  0.0204  0.0205  0.0204  0.0204  0.0204  0.0204
  0.0206  0.0206  0.0205  0.0207  0.0206  0.0206  0.0205  0.0208  0.0205  0.0206  0.0205  0.0205
  0.0209  0.0207  0.0207  0.0210  0.0207  0.0211  0.0207  0.0214  0.0206  0.0208  0.0207  0.0206
registration optimization eta report
parameter search radius
    0.8000    0.8000    0.8000    2.4000    2.4000    2.4000
    2.4000    2.4000    2.4000    2.4000    2.4000    2.4000
100000*second partial in parameter space
       68.       43.       38.        9.        5.       13.
        6.       17.        4.        7.        4.        3.
  0.0209  0.0207  0.0207  0.0209  0.0207  0.0212  0.0207  0.0214  0.0206  0.0208  0.0206  0.0206
  0.0206  0.0206  0.0205  0.0207  0.0206  0.0209  0.0206  0.0209  0.0205  0.0206  0.0205  0.0205
  0.0205  0.0205  0.0205  0.0205  0.0205  0.0206  0.0204  0.0205  0.0204  0.0205  0.0204  0.0204
  0.0204  0.0204  0.0204  0.0204  0.0204  0.0204  0.0204  0.0204  0.0204  0.0204  0.0204  0.0204
  0.0205  0.0205  0.0205  0.0205  0.0205  0.0204  0.0204  0.0205  0.0204  0.0204  0.0204  0.0204
  0.0206  0.0206  0.0205  0.0207  0.0206  0.0206  0.0205  0.0208  0.0205  0.0206  0.0205  0.0205
  0.0209  0.0207  0.0207  0.0210  0.0207  0.0211  0.0207  0.0214  0.0206  0.0208  0.0207  0.0206
   -1.4411  -11.9068   13.6834  -12.0231   -5.9922   -6.5056
    1.6104   -7.7555   -2.0837   -0.2753   10.1350   -5.4354
eta,q 0.97959 11.19102

---------------------------------------------------------------------
imgreg_4dfp /opt/freesurfer/average/711-2C_as_mni_average_305 /opt/freesurfer/average/711-2B_as_mni_average_305_mask talsrcimg_g11 none talsrcimg_to_711-2C_as_mni_average_305_t4 2311
---------------------------------------------------------------------

freesurfer imgreg_4dfp.c
/opt/freesurfer/average/711-2C_as_mni_average_305.4dfp.img
       256       256       256         1
  1.000000  1.000000  1.000000
orientation T byte_order littleendian
Reading image: /opt/freesurfer/average/711-2C_as_mni_average_305.4dfp.img
dimensions:      256       256       256
mmppix:       1.0000   -1.0000   -1.0000
center:     128.0000 -129.0000 -129.0000
/opt/freesurfer/average/711-2B_as_mni_average_305_mask.4dfp.img
       256       256       256         1
  1.000000  1.000000  1.000000
orientation T byte_order littleendian
Reading mask: /opt/freesurfer/average/711-2B_as_mni_average_305_mask.4dfp.img (2306576 pixels)
talsrcimg_g11.4dfp.img
       256       256       256         1
  0.900000  0.900000  0.900000
orientation T byte_order littleendian
Reading image: talsrcimg_g11.4dfp.img
dimensions:      256       256       256
mmppix:       0.9000   -0.9000   -0.9000
center:     115.2000 -116.1000 -116.1000
fimgreg.f
image alignment mode   2311 decimal      907 hex
parameters
   -1.4411  -11.9068   13.6834  -12.0231   -5.9922   -6.5056
    1.6104   -7.7555   -2.0837   -0.2753   10.1350   -5.4354
eta,q 0.97959 11.19102
niter,ni,del,rscale     5    3    5.0000    0.8000
parameters
   -1.4418  -11.8935   13.7141  -12.4892   -6.1334   -7.0413
    1.6472   -7.8369   -1.9733   -0.4816   10.1988   -5.1865
eta,q 0.97944 11.16916
  0.0221  0.0215  0.0215  0.0218  0.0216  0.0224  0.0218  0.0234  0.0214  0.0219  0.0214  0.0212
  0.0212  0.0209  0.0209  0.0211  0.0210  0.0216  0.0211  0.0220  0.0210  0.0212  0.0210  0.0209
  0.0206  0.0205  0.0205  0.0206  0.0206  0.0209  0.0207  0.0209  0.0207  0.0207  0.0207  0.0207
  0.0204  0.0204  0.0204  0.0204  0.0204  0.0204  0.0206  0.0206  0.0206  0.0206  0.0206  0.0206
  0.0206  0.0205  0.0205  0.0207  0.0206  0.0206  0.0207  0.0210  0.0206  0.0207  0.0206  0.0206
  0.0212  0.0209  0.0209  0.0214  0.0210  0.0220  0.0211  0.0221  0.0209  0.0213  0.0209  0.0208
  0.0221  0.0215  0.0214  0.0227  0.0218  0.0243  0.0217  0.0237  0.0213  0.0222  0.0214  0.0211
niter,ni,del,rscale     4    3    5.0000    0.7000
parameters
   -1.4264  -11.9371   13.6671  -12.1396   -6.0198   -7.0362
    1.5893   -7.8281   -2.0295   -0.5186   10.2265   -5.1921
eta,q 0.97948 11.18093
  0.0218  0.0213  0.0212  0.0219  0.0215  0.0223  0.0214  0.0230  0.0211  0.0216  0.0212  0.0210
  0.0211  0.0209  0.0208  0.0214  0.0210  0.0216  0.0209  0.0218  0.0208  0.0210  0.0208  0.0207
  0.0207  0.0206  0.0206  0.0209  0.0206  0.0210  0.0206  0.0209  0.0206  0.0207  0.0206  0.0206
  0.0206  0.0206  0.0206  0.0206  0.0205  0.0205  0.0205  0.0205  0.0205  0.0205  0.0205  0.0205
  0.0207  0.0207  0.0207  0.0205  0.0206  0.0204  0.0206  0.0208  0.0206  0.0206  0.0206  0.0206
  0.0211  0.0210  0.0209  0.0209  0.0208  0.0212  0.0210  0.0217  0.0208  0.0210  0.0208  0.0207
  0.0218  0.0214  0.0213  0.0217  0.0214  0.0227  0.0215  0.0230  0.0212  0.0217  0.0212  0.0210
niter,ni,del,rscale     3    3    5.0000    0.6000
parameters
   -1.4348  -11.9211   13.6871  -12.0331   -5.9820   -6.8613
    1.5781   -7.8098   -2.0617   -0.4418   10.1938   -5.2748
eta,q 0.97953 11.18689
  0.0214  0.0211  0.0210  0.0215  0.0212  0.0220  0.0212  0.0224  0.0209  0.0213  0.0210  0.0208
  0.0209  0.0208  0.0207  0.0211  0.0208  0.0214  0.0208  0.0214  0.0207  0.0209  0.0207  0.0206
  0.0206  0.0206  0.0206  0.0207  0.0206  0.0209  0.0205  0.0207  0.0205  0.0206  0.0205  0.0205
  0.0205  0.0205  0.0205  0.0205  0.0205  0.0205  0.0205  0.0205  0.0205  0.0205  0.0205  0.0205
  0.0206  0.0206  0.0206  0.0206  0.0206  0.0204  0.0206  0.0207  0.0205  0.0205  0.0205  0.0205
  0.0209  0.0208  0.0207  0.0209  0.0208  0.0209  0.0208  0.0214  0.0207  0.0208  0.0207  0.0206
  0.0215  0.0211  0.0210  0.0215  0.0212  0.0220  0.0212  0.0224  0.0210  0.0213  0.0210  0.0209
niter,ni,del,rscale     2    3    5.0000    0.5000
parameters
   -1.4433  -11.9095   13.6856  -12.0145   -5.9731   -6.6785
    1.5907   -7.7847   -2.0757   -0.3542   10.1719   -5.3675
eta,q 0.97956 11.18987
  0.0211  0.0209  0.0208  0.0212  0.0209  0.0216  0.0209  0.0219  0.0208  0.0211  0.0208  0.0207
  0.0208  0.0207  0.0206  0.0209  0.0207  0.0211  0.0207  0.0211  0.0206  0.0208  0.0206  0.0205
  0.0205  0.0205  0.0205  0.0206  0.0205  0.0207  0.0205  0.0206  0.0205  0.0205  0.0205  0.0205
  0.0205  0.0205  0.0205  0.0205  0.0205  0.0205  0.0204  0.0204  0.0204  0.0204  0.0204  0.0204
  0.0205  0.0205  0.0205  0.0205  0.0205  0.0204  0.0205  0.0206  0.0205  0.0205  0.0205  0.0205
  0.0208  0.0206  0.0206  0.0208  0.0207  0.0207  0.0207  0.0211  0.0206  0.0207  0.0206  0.0206
  0.0212  0.0209  0.0208  0.0212  0.0209  0.0215  0.0209  0.0219  0.0208  0.0210  0.0208  0.0207
niter,ni,del,rscale     1    3    5.0000    0.4000
parameters
   -1.4409  -11.9035   13.6774  -12.0301   -5.9888   -6.5025
    1.6009   -7.7604   -2.0798   -0.2667   10.1408   -5.4635
eta,q 0.97959 11.19101
  0.0209  0.0207  0.0207  0.0209  0.0207  0.0212  0.0207  0.0214  0.0206  0.0208  0.0206  0.0206
  0.0206  0.0206  0.0205  0.0207  0.0206  0.0209  0.0206  0.0209  0.0205  0.0206  0.0205  0.0205
  0.0205  0.0205  0.0205  0.0205  0.0205  0.0206  0.0204  0.0205  0.0204  0.0205  0.0204  0.0204
  0.0204  0.0204  0.0204  0.0204  0.0204  0.0204  0.0204  0.0204  0.0204  0.0204  0.0204  0.0204
  0.0205  0.0205  0.0205  0.0205  0.0205  0.0204  0.0204  0.0205  0.0204  0.0204  0.0204  0.0204
  0.0206  0.0206  0.0205  0.0207  0.0206  0.0206  0.0206  0.0208  0.0205  0.0206  0.0205  0.0205
  0.0209  0.0207  0.0207  0.0210  0.0207  0.0211  0.0207  0.0214  0.0206  0.0208  0.0207  0.0206
registration optimization eta report
parameter search radius
    0.8000    0.8000    0.8000    2.4000    2.4000    2.4000
    2.4000    2.4000    2.4000    2.4000    2.4000    2.4000
100000*second partial in parameter space
       68.       43.       39.        9.        5.       13.
        6.       16.        4.        7.        4.        3.
  0.0209  0.0207  0.0207  0.0209  0.0207  0.0212  0.0207  0.0214  0.0206  0.0208  0.0206  0.0206
  0.0206  0.0206  0.0205  0.0207  0.0206  0.0209  0.0206  0.0209  0.0205  0.0206  0.0205  0.0205
  0.0205  0.0205  0.0205  0.0205  0.0205  0.0206  0.0204  0.0205  0.0204  0.0205  0.0204  0.0204
  0.0204  0.0204  0.0204  0.0204  0.0204  0.0204  0.0204  0.0204  0.0204  0.0204  0.0204  0.0204
  0.0205  0.0205  0.0205  0.0205  0.0205  0.0204  0.0204  0.0205  0.0204  0.0204  0.0204  0.0204
  0.0206  0.0206  0.0205  0.0207  0.0206  0.0206  0.0206  0.0208  0.0205  0.0206  0.0205  0.0205
  0.0209  0.0207  0.0207  0.0210  0.0207  0.0211  0.0207  0.0214  0.0206  0.0208  0.0207  0.0206
   -1.4409  -11.9035   13.6774  -12.0301   -5.9888   -6.5025
    1.6009   -7.7604   -2.0798   -0.2667   10.1408   -5.4635
eta,q 0.97959 11.19101

---------------------------------------------------------------------
compute_vox2vox talsrcimg talsrcimg_to_711-2C_as_mni_average_305_t4 /opt/freesurfer/average/711-2C_as_mni_average_305
---------------------------------------------------------------------

freesurfer compute_vox2vox.c
Reading: talsrcimg.4dfp.ifh
Reading: talsrcimg_to_711-2C_as_mni_average_305_t4
Reading: /opt/freesurfer/average/711-2C_as_mni_average_305.4dfp.ifh
Writing: talsrcimg_to_711-2C_as_mni_average_305_t4_vox2vox.txt

start time Thu Mar 12 20:14:05 CET 2026
end		time Thu Mar 12 20:15:34 CET 2026

mpr2mni305 success

avi2talxfm orig_nu.mgz /opt/freesurfer/average/mni305.cor.mgz talsrcimg_to_711-2C_as_mni_average_305_t4_vox2vox.txt transforms/talairach.auto.xfm
avi2talxfm done
mv -f /out/sourcedata/freesurfer/sub-v2s1x29910_ses-1/mri/talsrcimg_to_711-2C_as_mni_average_305_t4_vox2vox.txt /out/sourcedata/freesurfer/sub-v2s1x29910_ses-1/mri/transforms/talsrcimg_to_711-2C_as_mni_average_305_t4_vox2vox.txt
lta_convert --src orig_nu.mgz --trg /opt/freesurfer/average/mni305.cor.mgz --inxfm transforms/talairach.auto.xfm --outlta transforms/talairach.auto.xfm.lta --subject fsaverage
7.3.2

--src: orig_nu.mgz src image (geometry).
--trg: /opt/freesurfer/average/mni305.cor.mgz trg image (geometry).
--inmni: transforms/talairach.auto.xfm input MNI/XFM transform.
--outlta: transforms/talairach.auto.xfm.lta output LTA.
--s: fsaverage subject name
 LTA read, type : 1
 1.12566   0.09339  -0.01374  -10.81381;
-0.12066   1.05971   0.06364  -42.48460;
 0.02456   0.00507   1.06358  -18.77643;
 0.00000   0.00000   0.00000   1.00000;
setting subject to fsaverage
Writing  LTA to file transforms/talairach.auto.xfm.lta...
lta_convert successful.
 
 
Started at Thu Mar 12 20:14:04 CET 2026
Ended   at Thu Mar 12 20:15:34 CET 2026
talairach_avi done
