status file for recon-all
Wed Mar 11 22:51:15 CET 2026
#@# Tessellate rh Wed Mar 11 22:51:15 CET 2026
#@# Smooth1 rh Wed Mar 11 22:51:18 CET 2026
#@# Inflation1 rh Wed Mar 11 22:51:21 CET 2026
#@# QSphere rh Wed Mar 11 22:52:33 CET 2026
#@# Fix Topology rh Wed Mar 11 22:54:28 CET 2026
#@# Smooth2 rh Wed Mar 11 23:04:23 CET 2026
#@# Inflation2 rh Wed Mar 11 23:04:26 CET 2026
#@# Curv .H and .K rh Wed Mar 11 23:05:44 CET 2026
#@# Sphere rh Wed Mar 11 23:06:38 CET 2026
#@# Surf Reg rh Wed Mar 11 23:11:16 CET 2026
#@# Jacobian white rh Wed Mar 11 23:18:36 CET 2026
#@# AvgCurv rh Wed Mar 11 23:18:37 CET 2026
#@# Cortical Parc rh Wed Mar 11 23:18:38 CET 2026
#@# white curv rh Wed Mar 11 23:29:12 CET 2026
#@# white area rh Wed Mar 11 23:29:14 CET 2026
#@# pial curv rh Wed Mar 11 23:29:15 CET 2026
#@# pial area rh Wed Mar 11 23:29:17 CET 2026
#@# thickness rh Wed Mar 11 23:29:18 CET 2026
#@# area and vertex vol rh Wed Mar 11 23:29:52 CET 2026
#@# Curvature Stats rh Wed Mar 11 23:29:54 CET 2026
#@# Cortical Parc 2 rh Wed Mar 11 23:29:57 CET 2026
#@# Cortical Parc 3 rh Wed Mar 11 23:30:12 CET 2026
#@# WM/GM Contrast rh Wed Mar 11 23:30:24 CET 2026
recon-all -s sub-v2s1x29874_ses-1 finished without error at Wed Mar 11 23:30:27 CET 2026



#New# invocation of recon-all 



status file for recon-all
Wed Mar 11 23:41:03 CET 2026
#@# white curv rh Wed Mar 11 23:41:03 CET 2026
#@# white area rh Wed Mar 11 23:41:03 CET 2026
#@# pial curv rh Wed Mar 11 23:41:03 CET 2026
#@# pial area rh Wed Mar 11 23:41:03 CET 2026
#@# thickness rh Wed Mar 11 23:41:03 CET 2026
#@# area and vertex vol rh Wed Mar 11 23:41:03 CET 2026
#@# Parcellation Stats rh Wed Mar 11 23:41:03 CET 2026
#@# Parcellation Stats 2 rh Wed Mar 11 23:41:26 CET 2026
#@# Parcellation Stats 3 rh Wed Mar 11 23:41:39 CET 2026
#@# BA_exvivo Labels rh Wed Mar 11 23:41:50 CET 2026
recon-all -s sub-v2s1x29874_ses-1 finished without error at Wed Mar 11 23:44:52 CET 2026
