status file for recon-all
Wed Mar 11 20:02:37 CET 2026
#@# MotionCor Wed Mar 11 20:02:39 CET 2026
#@# Talairach Wed Mar 11 20:02:47 CET 2026
#@# Talairach Failure Detection Wed Mar 11 20:07:10 CET 2026
#@# Nu Intensity Correction Wed Mar 11 20:07:10 CET 2026
#@# Intensity Normalization Wed Mar 11 20:10:27 CET 2026
recon-all -s sub-v2s1x29874_ses-1 finished without error at Wed Mar 11 20:11:59 CET 2026



#New# invocation of recon-all 



status file for recon-all
Wed Mar 11 20:19:14 CET 2026
#@# EM Registration Wed Mar 11 20:19:14 CET 2026
recon-all -s sub-v2s1x29874_ses-1 finished without error at Wed Mar 11 20:20:53 CET 2026



#New# invocation of recon-all 



status file for recon-all
Wed Mar 11 20:20:54 CET 2026
#@# CA Normalize Wed Mar 11 20:20:54 CET 2026
#@# CA Reg Wed Mar 11 20:22:12 CET 2026
#@# SubCort Seg Wed Mar 11 21:12:08 CET 2026
#@# CC Seg Wed Mar 11 21:46:05 CET 2026
#@# Merge ASeg Wed Mar 11 21:46:57 CET 2026
#@# Intensity Normalization2 Wed Mar 11 21:46:57 CET 2026
#@# Mask BFS Wed Mar 11 21:49:07 CET 2026
#@# WM Segmentation Wed Mar 11 21:49:08 CET 2026
#@# Fill Wed Mar 11 21:51:24 CET 2026
recon-all -s sub-v2s1x29874_ses-1 finished without error at Wed Mar 11 21:52:26 CET 2026



#New# invocation of recon-all 



status file for recon-all
Wed Mar 11 23:30:32 CET 2026
#@# white curv lh Wed Mar 11 23:30:32 CET 2026
#@# white area lh Wed Mar 11 23:30:32 CET 2026
#@# pial curv lh Wed Mar 11 23:30:32 CET 2026
#@# pial area lh Wed Mar 11 23:30:32 CET 2026
#@# thickness lh Wed Mar 11 23:30:32 CET 2026
#@# area and vertex vol lh Wed Mar 11 23:30:32 CET 2026
#@# white curv rh Wed Mar 11 23:30:33 CET 2026
#@# white area rh Wed Mar 11 23:30:33 CET 2026
#@# pial curv rh Wed Mar 11 23:30:33 CET 2026
#@# pial area rh Wed Mar 11 23:30:33 CET 2026
#@# thickness rh Wed Mar 11 23:30:33 CET 2026
#@# area and vertex vol rh Wed Mar 11 23:30:33 CET 2026
#@# Cortical ribbon mask Wed Mar 11 23:30:33 CET 2026
recon-all -s sub-v2s1x29874_ses-1 finished without error at Wed Mar 11 23:37:06 CET 2026



#New# invocation of recon-all 



status file for recon-all
Wed Mar 11 23:44:59 CET 2026
#@# white curv lh Wed Mar 11 23:44:59 CET 2026
#@# white area lh Wed Mar 11 23:44:59 CET 2026
#@# pial curv lh Wed Mar 11 23:44:59 CET 2026
#@# pial area lh Wed Mar 11 23:44:59 CET 2026
#@# thickness lh Wed Mar 11 23:44:59 CET 2026
#@# area and vertex vol lh Wed Mar 11 23:44:59 CET 2026
#@# white curv rh Wed Mar 11 23:44:59 CET 2026
#@# white area rh Wed Mar 11 23:44:59 CET 2026
#@# pial curv rh Wed Mar 11 23:44:59 CET 2026
#@# pial area rh Wed Mar 11 23:44:59 CET 2026
#@# thickness rh Wed Mar 11 23:44:59 CET 2026
#@# area and vertex vol rh Wed Mar 11 23:44:59 CET 2026
#@# Curvature Stats lh Wed Mar 11 23:44:59 CET 2026
#@# Curvature Stats rh Wed Mar 11 23:45:02 CET 2026
#@# Relabel Hypointensities Wed Mar 11 23:45:05 CET 2026
#@# APas-to-ASeg Wed Mar 11 23:45:25 CET 2026
#@# AParc-to-ASeg aparc Wed Mar 11 23:45:35 CET 2026
#@# AParc-to-ASeg aparc.a2009s Wed Mar 11 23:46:27 CET 2026
#@# AParc-to-ASeg aparc.DKTatlas Wed Mar 11 23:47:21 CET 2026
#@# WMParc Wed Mar 11 23:48:17 CET 2026
#@# ASeg Stats Wed Mar 11 23:51:57 CET 2026
recon-all -s sub-v2s1x29874_ses-1 finished without error at Wed Mar 11 23:52:36 CET 2026
