status file for recon-all
Thu Mar 12 20:13:27 CET 2026
#@# MotionCor Thu Mar 12 20:13:29 CET 2026
#@# Talairach Thu Mar 12 20:13:37 CET 2026
#@# Talairach Failure Detection Thu Mar 12 20:18:01 CET 2026
#@# Nu Intensity Correction Thu Mar 12 20:18:02 CET 2026
#@# Intensity Normalization Thu Mar 12 20:21:18 CET 2026
recon-all -s sub-v2s1x29914_ses-1 finished without error at Thu Mar 12 20:22:45 CET 2026



#New# invocation of recon-all 



status file for recon-all
Thu Mar 12 20:30:09 CET 2026
#@# EM Registration Thu Mar 12 20:30:09 CET 2026
recon-all -s sub-v2s1x29914_ses-1 finished without error at Thu Mar 12 20:32:11 CET 2026



#New# invocation of recon-all 



status file for recon-all
Thu Mar 12 20:32:13 CET 2026
#@# CA Normalize Thu Mar 12 20:32:13 CET 2026
#@# CA Reg Thu Mar 12 20:33:31 CET 2026
#@# SubCort Seg Thu Mar 12 21:27:25 CET 2026
#@# CC Seg Thu Mar 12 22:05:47 CET 2026
#@# Merge ASeg Thu Mar 12 22:07:20 CET 2026
#@# Intensity Normalization2 Thu Mar 12 22:07:20 CET 2026
#@# Mask BFS Thu Mar 12 22:09:28 CET 2026
#@# WM Segmentation Thu Mar 12 22:09:28 CET 2026
#@# Fill Thu Mar 12 22:11:40 CET 2026
recon-all -s sub-v2s1x29914_ses-1 finished without error at Thu Mar 12 22:12:46 CET 2026



#New# invocation of recon-all 



status file for recon-all
Thu Mar 12 23:13:59 CET 2026
#@# white curv lh Thu Mar 12 23:14:00 CET 2026
#@# white area lh Thu Mar 12 23:14:00 CET 2026
#@# pial curv lh Thu Mar 12 23:14:00 CET 2026
#@# pial area lh Thu Mar 12 23:14:00 CET 2026
#@# thickness lh Thu Mar 12 23:14:00 CET 2026
#@# area and vertex vol lh Thu Mar 12 23:14:00 CET 2026
#@# white curv rh Thu Mar 12 23:14:00 CET 2026
#@# white area rh Thu Mar 12 23:14:00 CET 2026
#@# pial curv rh Thu Mar 12 23:14:00 CET 2026
#@# pial area rh Thu Mar 12 23:14:00 CET 2026
#@# thickness rh Thu Mar 12 23:14:00 CET 2026
#@# area and vertex vol rh Thu Mar 12 23:14:00 CET 2026
#@# Cortical ribbon mask Thu Mar 12 23:14:00 CET 2026
recon-all -s sub-v2s1x29914_ses-1 finished without error at Thu Mar 12 23:18:58 CET 2026



#New# invocation of recon-all 



status file for recon-all
Thu Mar 12 23:26:23 CET 2026
#@# white curv lh Thu Mar 12 23:26:23 CET 2026
#@# white area lh Thu Mar 12 23:26:24 CET 2026
#@# pial curv lh Thu Mar 12 23:26:24 CET 2026
#@# pial area lh Thu Mar 12 23:26:24 CET 2026
#@# thickness lh Thu Mar 12 23:26:24 CET 2026
#@# area and vertex vol lh Thu Mar 12 23:26:24 CET 2026
#@# white curv rh Thu Mar 12 23:26:24 CET 2026
#@# white area rh Thu Mar 12 23:26:24 CET 2026
#@# pial curv rh Thu Mar 12 23:26:24 CET 2026
#@# pial area rh Thu Mar 12 23:26:24 CET 2026
#@# thickness rh Thu Mar 12 23:26:24 CET 2026
#@# area and vertex vol rh Thu Mar 12 23:26:24 CET 2026
#@# Curvature Stats lh Thu Mar 12 23:26:24 CET 2026
#@# Curvature Stats rh Thu Mar 12 23:26:26 CET 2026
#@# Relabel Hypointensities Thu Mar 12 23:26:29 CET 2026
#@# APas-to-ASeg Thu Mar 12 23:26:48 CET 2026
#@# AParc-to-ASeg aparc Thu Mar 12 23:26:57 CET 2026
#@# AParc-to-ASeg aparc.a2009s Thu Mar 12 23:27:51 CET 2026
#@# AParc-to-ASeg aparc.DKTatlas Thu Mar 12 23:28:48 CET 2026
#@# WMParc Thu Mar 12 23:29:44 CET 2026
#@# ASeg Stats Thu Mar 12 23:33:54 CET 2026
recon-all -s sub-v2s1x29914_ses-1 finished without error at Thu Mar 12 23:34:35 CET 2026
