status file for recon-all
Thu Mar 12 22:44:11 CET 2026
#@# Tessellate rh Thu Mar 12 22:44:11 CET 2026
#@# Smooth1 rh Thu Mar 12 22:44:14 CET 2026
#@# Inflation1 rh Thu Mar 12 22:44:18 CET 2026
#@# QSphere rh Thu Mar 12 22:45:24 CET 2026
#@# Fix Topology rh Thu Mar 12 22:46:48 CET 2026
#@# Smooth2 rh Thu Mar 12 22:54:35 CET 2026
#@# Inflation2 rh Thu Mar 12 22:54:38 CET 2026
#@# Curv .H and .K rh Thu Mar 12 22:55:50 CET 2026
#@# Sphere rh Thu Mar 12 22:56:37 CET 2026
#@# Surf Reg rh Thu Mar 12 23:00:28 CET 2026
#@# Jacobian white rh Thu Mar 12 23:05:59 CET 2026
#@# AvgCurv rh Thu Mar 12 23:05:59 CET 2026
#@# Cortical Parc rh Thu Mar 12 23:06:00 CET 2026
#@# white curv rh Thu Mar 12 23:12:44 CET 2026
#@# white area rh Thu Mar 12 23:12:46 CET 2026
#@# pial curv rh Thu Mar 12 23:12:47 CET 2026
#@# pial area rh Thu Mar 12 23:12:49 CET 2026
#@# thickness rh Thu Mar 12 23:12:50 CET 2026
#@# area and vertex vol rh Thu Mar 12 23:13:22 CET 2026
#@# Curvature Stats rh Thu Mar 12 23:13:24 CET 2026
#@# Cortical Parc 2 rh Thu Mar 12 23:13:26 CET 2026
#@# Cortical Parc 3 rh Thu Mar 12 23:13:40 CET 2026
#@# WM/GM Contrast rh Thu Mar 12 23:13:51 CET 2026
recon-all -s sub-v2s1x29914_ses-1 finished without error at Thu Mar 12 23:13:54 CET 2026



#New# invocation of recon-all 



status file for recon-all
Thu Mar 12 23:22:51 CET 2026
#@# white curv rh Thu Mar 12 23:22:52 CET 2026
#@# white area rh Thu Mar 12 23:22:52 CET 2026
#@# pial curv rh Thu Mar 12 23:22:52 CET 2026
#@# pial area rh Thu Mar 12 23:22:52 CET 2026
#@# thickness rh Thu Mar 12 23:22:52 CET 2026
#@# area and vertex vol rh Thu Mar 12 23:22:52 CET 2026
#@# Parcellation Stats rh Thu Mar 12 23:22:52 CET 2026
#@# Parcellation Stats 2 rh Thu Mar 12 23:23:11 CET 2026
#@# Parcellation Stats 3 rh Thu Mar 12 23:23:21 CET 2026
#@# BA_exvivo Labels rh Thu Mar 12 23:23:31 CET 2026
recon-all -s sub-v2s1x29914_ses-1 finished without error at Thu Mar 12 23:26:20 CET 2026
