status file for recon-all
Thu Mar 12 22:12:49 CET 2026
#@# Tessellate lh Thu Mar 12 22:12:49 CET 2026
#@# Smooth1 lh Thu Mar 12 22:12:53 CET 2026
#@# Inflation1 lh Thu Mar 12 22:12:57 CET 2026
#@# QSphere lh Thu Mar 12 22:14:08 CET 2026
#@# Fix Topology lh Thu Mar 12 22:15:34 CET 2026
#@# Smooth2 lh Thu Mar 12 22:23:53 CET 2026
#@# Inflation2 lh Thu Mar 12 22:23:56 CET 2026
#@# Curv .H and .K lh Thu Mar 12 22:25:16 CET 2026
#@# Sphere lh Thu Mar 12 22:26:07 CET 2026
#@# Surf Reg lh Thu Mar 12 22:30:12 CET 2026
#@# Jacobian white lh Thu Mar 12 22:35:49 CET 2026
#@# AvgCurv lh Thu Mar 12 22:35:50 CET 2026
#@# Cortical Parc lh Thu Mar 12 22:35:51 CET 2026
#@# white curv lh Thu Mar 12 22:42:54 CET 2026
#@# white area lh Thu Mar 12 22:42:56 CET 2026
#@# pial curv lh Thu Mar 12 22:42:57 CET 2026
#@# pial area lh Thu Mar 12 22:42:59 CET 2026
#@# thickness lh Thu Mar 12 22:42:59 CET 2026
#@# area and vertex vol lh Thu Mar 12 22:43:33 CET 2026
#@# Curvature Stats lh Thu Mar 12 22:43:35 CET 2026
#@# Cortical Parc 2 lh Thu Mar 12 22:43:38 CET 2026
#@# Cortical Parc 3 lh Thu Mar 12 22:43:52 CET 2026
#@# WM/GM Contrast lh Thu Mar 12 22:44:04 CET 2026
recon-all -s sub-v2s1x29914_ses-1 finished without error at Thu Mar 12 22:44:08 CET 2026



#New# invocation of recon-all 



status file for recon-all
Thu Mar 12 23:19:03 CET 2026
#@# white curv lh Thu Mar 12 23:19:03 CET 2026
#@# white area lh Thu Mar 12 23:19:03 CET 2026
#@# pial curv lh Thu Mar 12 23:19:04 CET 2026
#@# pial area lh Thu Mar 12 23:19:04 CET 2026
#@# thickness lh Thu Mar 12 23:19:04 CET 2026
#@# area and vertex vol lh Thu Mar 12 23:19:04 CET 2026
#@# Parcellation Stats lh Thu Mar 12 23:19:04 CET 2026
#@# Parcellation Stats 2 lh Thu Mar 12 23:19:24 CET 2026
#@# Parcellation Stats 3 lh Thu Mar 12 23:19:36 CET 2026
#@# BA_exvivo Labels lh Thu Mar 12 23:19:47 CET 2026
recon-all -s sub-v2s1x29914_ses-1 finished without error at Thu Mar 12 23:22:49 CET 2026
