/out/sourcedata/freesurfer/sub-v2s1x29871_ses-1/mri
/opt/freesurfer/bin/talairach_avi
--i orig_nu.mgz --xfm transforms/talairach.auto.xfm
talairach_avi 7.3.2
Linux dna061 5.14.0-427.37.1.el9_4.x86_64 #1 SMP PREEMPT_DYNAMIC Fri Sep 13 12:41:50 EDT 2024 x86_64 x86_64 x86_64 GNU/Linux
Wed Mar 11 18:47:23 CET 2026
mri_convert orig_nu.mgz talsrcimg.img 
reading from orig_nu.mgz...
TR=0.00, TE=0.00, TI=0.00, flip angle=0.00
i_ras = (-1, 0, 0)
j_ras = (0, 0, -1)
k_ras = (0, 1, 0)
writing to talsrcimg.img...
Analyze Output Matrix
-0.90000   0.00000   0.00000   79.57397;
 0.00000   0.00000   0.90000  -118.64594;
 0.00000  -0.90000   0.00000   133.80423;
 0.00000   0.00000   0.00000   1.00000;
--------------------
INFO: set hdr.hist.orient to -1
mpr2mni305 talsrcimg
Wed Mar 11 18:47:24 CET 2026
/opt/freesurfer/bin/mpr2mni305 talsrcimg
mpr2mni305 7.3.2
target=711-2C_as_mni_average_305

---------------------------------------------------------------------
analyzeto4dfp talsrcimg -O0 -y
---------------------------------------------------------------------

freesurfer ifh2hdr.c
Wed Mar 11 18:47:24 2026
Writing: talsrcimg.4dfp.hdr
freesurfer analyzeto4dfp.c
Reading: talsrcimg.hdr
header size 348 bytes
hdr.dime.datatype	offset=70	value=2
hdr.dime.bitpix		offset=72	value=8
hdr.hist.orient		offset=252	value=-1
dimensionality     4
dimensions       256       256       256         1
Reading: talsrcimg.img
Writing: talsrcimg.4dfp.img
Writing: talsrcimg.4dfp.ifh
ifh2hdr talsrcimg -r0to231
ori=2

---------------------------------------------------------------------
gauss_4dfp talsrcimg 1.1
---------------------------------------------------------------------

freesurfer gauss_4dfp.c
Reading: talsrcimg.4dfp.img
Writing: talsrcimg_g11.4dfp.img
image dimensions 256 256 256 padded to 288 288 288
processing volume 1freesurfer ifh2hdr.c
Wed Mar 11 18:47:25 2026
Writing: talsrcimg_g11.4dfp.hdr

Writing: talsrcimg_g11.4dfp.ifh
including: talsrcimg.4dfp.img.rec in talsrcimg_g11.4dfp.img.rec

---------------------------------------------------------------------
imgreg_4dfp /opt/freesurfer/average/711-2C_as_mni_average_305 none talsrcimg_g11 none talsrcimg_to_711-2C_as_mni_average_305_t4 4355
---------------------------------------------------------------------

freesurfer imgreg_4dfp.c
/opt/freesurfer/average/711-2C_as_mni_average_305.4dfp.img
       256       256       256         1
  1.000000  1.000000  1.000000
orientation T byte_order littleendian
Reading image: /opt/freesurfer/average/711-2C_as_mni_average_305.4dfp.img
dimensions:      256       256       256
mmppix:       1.0000   -1.0000   -1.0000
center:     128.0000 -129.0000 -129.0000
talsrcimg_g11.4dfp.img
       256       256       256         1
  0.900000  0.900000  0.900000
orientation T byte_order littleendian
Reading image: talsrcimg_g11.4dfp.img
dimensions:      256       256       256
mmppix:       0.9000   -0.9000   -0.9000
center:     115.2000 -116.1000 -116.1000
t4_read: open error in t4_sub.f l:  41 t4_file(1:l)talsrcimg_to_711-2C_as_mni_average_305_t4 
t4_read: transform initialized to I4
rotation matrix determinant  1.000000
image alignment mode   4355 decimal     1103 hex
   -7.5000  -45.0000  -45.0000 5576.0977   20.1870
    0.0000  -45.0000  -45.0000 5587.1616   20.1529
    7.5000  -45.0000  -45.0000 5346.2046   20.0897
   -7.5000  -37.5000  -45.0000 6000.7705   21.4687
    0.0000  -37.5000  -45.0000 5994.9341   21.4200
    7.5000  -37.5000  -45.0000 5746.0068   21.3370
   -7.5000  -30.0000  -45.0000 6408.5488   22.1738
    0.0000  -30.0000  -45.0000 6396.0894   22.1168
    7.5000  -30.0000  -45.0000 6127.9600   22.0333
   -7.5000  -22.5000  -45.0000 6883.6802   22.1883
    0.0000  -22.5000  -45.0000 6880.5928   22.1405
    7.5000  -22.5000  -45.0000 6593.1553   22.0760
   -7.5000  -15.0000  -45.0000 7317.3213   22.1712
    0.0000  -15.0000  -45.0000 7337.9204   22.1366
    7.5000  -15.0000  -45.0000 7013.5557   22.0874
   -7.5000   -7.5000  -45.0000 7471.3521   22.1439
    0.0000   -7.5000  -45.0000 7484.0820   22.1126
    7.5000   -7.5000  -45.0000 7142.8003   22.0607
   -7.5000    0.0000  -45.0000 7471.1660   22.1298
    0.0000    0.0000  -45.0000 7498.8340   22.0924
    7.5000    0.0000  -45.0000 7162.9258   22.0231
   -7.5000    7.5000  -45.0000 7157.3462   22.1455
    0.0000    7.5000  -45.0000 7176.2432   22.0953
    7.5000    7.5000  -45.0000 6857.3179   22.0097
   -7.5000   15.0000  -45.0000 7090.2583   22.1738
    0.0000   15.0000  -45.0000 7087.5142   22.1168
    7.5000   15.0000  -45.0000 6778.0547   22.0333
   -7.5000   22.5000  -45.0000 6618.0791   21.8898
    0.0000   22.5000  -45.0000 6613.0029   21.8426
    7.5000   22.5000  -45.0000 6320.9023   21.7790
   -7.5000   30.0000  -45.0000 6105.0269   21.3033
    0.0000   30.0000  -45.0000 6096.5239   21.2699
    7.5000   30.0000  -45.0000 5835.8335   21.2226
   -7.5000   37.5000  -45.0000 5612.7148   20.7750
    0.0000   37.5000  -45.0000 5616.4438   20.7449
    7.5000   37.5000  -45.0000 5374.0527   20.6957
   -7.5000   45.0000  -45.0000 5124.2646   20.3264
    0.0000   45.0000  -45.0000 5124.9390   20.2912
    7.5000   45.0000  -45.0000 4907.7710   20.2243
   -7.5000  -45.0000  -37.5000 6049.1733   21.1075
    0.0000  -45.0000  -37.5000 6050.3672   21.0720
    7.5000  -45.0000  -37.5000 5783.2314   21.0230
   -7.5000  -37.5000  -37.5000 6514.9429   22.4759
    0.0000  -37.5000  -37.5000 6503.4702   22.4224
    7.5000  -37.5000  -37.5000 6205.6572   22.3437
   -7.5000  -30.0000  -37.5000 6962.9673   23.2019
    0.0000  -30.0000  -37.5000 6970.2646   23.1419
    7.5000  -30.0000  -37.5000 6632.0659   23.0548
   -7.5000  -22.5000  -37.5000 7455.5381   23.2328
    0.0000  -22.5000  -37.5000 7479.7300   23.1852
    7.5000  -22.5000  -37.5000 7130.5107   23.1173
   -7.5000  -15.0000  -37.5000 7927.8701   23.1988
    0.0000  -15.0000  -37.5000 7977.1963   23.1670
    7.5000  -15.0000  -37.5000 7596.0747   23.1237
   -7.5000   -7.5000  -37.5000 8076.0610   23.1384
    0.0000   -7.5000  -37.5000 8122.2539   23.1102
    7.5000   -7.5000  -37.5000 7726.0742   23.0742
   -7.5000    0.0000  -37.5000 8057.9800   23.1093
    0.0000    0.0000  -37.5000 8111.4482   23.0705
    7.5000    0.0000  -37.5000 7727.6309   23.0169
   -7.5000    7.5000  -37.5000 7680.3481   23.1437
    0.0000    7.5000  -37.5000 7715.0493   23.0886
    7.5000    7.5000  -37.5000 7374.6108   23.0076
   -7.5000   15.0000  -37.5000 7607.0854   23.2008
    0.0000   15.0000  -37.5000 7627.0669   23.1408
    7.5000   15.0000  -37.5000 7280.6797   23.0537
   -7.5000   22.5000  -37.5000 7110.6787   22.9222
    0.0000   22.5000  -37.5000 7127.8950   22.8753
    7.5000   22.5000  -37.5000 6787.4922   22.8083
   -7.5000   30.0000  -37.5000 6546.8027   22.3083
    0.0000   30.0000  -37.5000 6559.3433   22.2777
    7.5000   30.0000  -37.5000 6247.5391   22.2359
   -7.5000   37.5000  -37.5000 6011.5869   21.7319
    0.0000   37.5000  -37.5000 6007.2471   21.7044
    7.5000   37.5000  -37.5000 5721.6382   21.6697
   -7.5000   45.0000  -37.5000 5486.5806   21.2230
    0.0000   45.0000  -37.5000 5484.2188   21.1870
    7.5000   45.0000  -37.5000 5221.2417   21.1354
   -7.5000  -45.0000  -30.0000 6541.8496   22.1120
    0.0000  -45.0000  -30.0000 6569.8550   22.0745
    7.5000  -45.0000  -30.0000 6272.0923   22.0426
   -7.5000  -37.5000  -30.0000 7017.3818   23.5468
    0.0000  -37.5000  -30.0000 7049.1157   23.4888
    7.5000  -37.5000  -30.0000 6722.6426   23.4198
   -7.5000  -30.0000  -30.0000 7518.7866   24.2693
    0.0000  -30.0000  -30.0000 7556.6235   24.2063
    7.5000  -30.0000  -30.0000 7204.3125   24.1181
   -7.5000  -22.5000  -30.0000 8049.2769   24.3085
    0.0000  -22.5000  -30.0000 8115.6387   24.2607
    7.5000  -22.5000  -30.0000 7727.6191   24.1869
   -7.5000  -15.0000  -30.0000 8589.1084   24.2837
    0.0000  -15.0000  -30.0000 8684.8018   24.2529
    7.5000  -15.0000  -30.0000 8250.2090   24.2113
   -7.5000   -7.5000  -30.0000 8741.0225   24.2215
    0.0000   -7.5000  -30.0000 8824.9023   24.1938
    7.5000   -7.5000  -30.0000 8379.6279   24.1718
   -7.5000    0.0000  -30.0000 8718.2070   24.1840
    0.0000    0.0000  -30.0000 8811.7617   24.1430
    7.5000    0.0000  -30.0000 8380.4062   24.1081
   -7.5000    7.5000  -30.0000 8311.0889   24.2097
    0.0000    7.5000  -30.0000 8367.9541   24.1500
    7.5000    7.5000  -30.0000 7969.5254   24.0791
   -7.5000   15.0000  -30.0000 8221.2461   24.2660
    0.0000   15.0000  -30.0000 8264.0684   24.2030
    7.5000   15.0000  -30.0000 7856.9009   24.1148
   -7.5000   22.5000  -30.0000 7678.0059   23.9845
    0.0000   22.5000  -30.0000 7722.8994   23.9374
    7.5000   22.5000  -30.0000 7316.3032   23.8646
   -7.5000   30.0000  -30.0000 7044.7544   23.3702
    0.0000   30.0000  -30.0000 7093.5342   23.3405
    7.5000   30.0000  -30.0000 6725.3701   23.3004
   -7.5000   37.5000  -30.0000 6431.0410   22.7889
    0.0000   37.5000  -30.0000 6464.4927   22.7618
    7.5000   37.5000  -30.0000 6131.5503   22.7400
   -7.5000   45.0000  -30.0000 5853.5913   22.2501
    0.0000   45.0000  -30.0000 5853.6743   22.2137
    7.5000   45.0000  -30.0000 5560.0698   22.1806
   -7.5000  -45.0000  -22.5000 7062.6953   23.0713
    0.0000  -45.0000  -22.5000 7138.3184   23.0355
    7.5000  -45.0000  -22.5000 6796.8711   23.0069
   -7.5000  -37.5000  -22.5000 7541.5205   24.5483
    0.0000  -37.5000  -22.5000 7630.0283   24.4914
    7.5000  -37.5000  -22.5000 7244.3638   24.4293
   -7.5000  -30.0000  -22.5000 8067.2090   25.2334
    0.0000  -30.0000  -22.5000 8157.2998   25.1691
    7.5000  -30.0000  -22.5000 7739.5625   25.0855
   -7.5000  -22.5000  -22.5000 8644.0381   25.2644
    0.0000  -22.5000  -22.5000 8772.9863   25.2145
    7.5000  -22.5000  -22.5000 8293.7861   25.1402
   -7.5000  -15.0000  -22.5000 9225.0723   25.2737
    0.0000  -15.0000  -22.5000 9381.8887   25.2415
    7.5000  -15.0000  -22.5000 8866.5332   25.1960
   -7.5000   -7.5000  -22.5000 9362.6699   25.2495
    0.0000   -7.5000  -22.5000 9515.2334   25.2217
    7.5000   -7.5000  -22.5000 9003.6396   25.1975
   -7.5000    0.0000  -22.5000 9379.9678   25.2187
    0.0000    0.0000  -22.5000 9531.6221   25.1797
    7.5000    0.0000  -22.5000 9019.7031   25.1484
   -7.5000    7.5000  -22.5000 8925.9590   25.2080
    0.0000    7.5000  -22.5000 9069.6162   25.1496
    7.5000    7.5000  -22.5000 8578.1084   25.0858
   -7.5000   15.0000  -22.5000 8786.8184   25.2274
    0.0000   15.0000  -22.5000 8907.2725   25.1630
    7.5000   15.0000  -22.5000 8417.6973   25.0795
   -7.5000   22.5000  -22.5000 8186.6479   24.9301
    0.0000   22.5000  -22.5000 8289.8330   24.8809
    7.5000   22.5000  -22.5000 7817.9106   24.8075
   -7.5000   30.0000  -22.5000 7493.3667   24.3405
    0.0000   30.0000  -22.5000 7596.6479   24.3095
    7.5000   30.0000  -22.5000 7178.2153   24.2656
   -7.5000   37.5000  -22.5000 6833.0078   23.7898
    0.0000   37.5000  -22.5000 6929.5459   23.7630
    7.5000   37.5000  -22.5000 6546.6904   23.7396
   -7.5000   45.0000  -22.5000 6197.3228   23.2614
    0.0000   45.0000  -22.5000 6239.3589   23.2282
    7.5000   45.0000  -22.5000 5915.4126   23.1993
   -7.5000  -45.0000  -15.0000 7602.8008   23.8950
    0.0000  -45.0000  -15.0000 7697.6279   23.8592
    7.5000  -45.0000  -15.0000 7324.1279   23.8110
   -7.5000  -37.5000  -15.0000 8092.5356   25.4012
    0.0000  -37.5000  -15.0000 8214.5098   25.3444
    7.5000  -37.5000  -15.0000 7774.3291   25.2721
   -7.5000  -30.0000  -15.0000 8608.9482   26.0494
    0.0000  -30.0000  -15.0000 8764.2051   25.9807
    7.5000  -30.0000  -15.0000 8297.7695   25.8962
   -7.5000  -22.5000  -15.0000 9211.5420   26.0590
    0.0000  -22.5000  -15.0000 9409.3135   26.0022
    7.5000  -22.5000  -15.0000 8882.9258   25.9282
   -7.5000  -15.0000  -15.0000 9835.7998   26.0890
    0.0000  -15.0000  -15.000010037.6357   26.0500
    7.5000  -15.0000  -15.0000 9488.0039   25.9954
   -7.5000   -7.5000  -15.0000 9994.4492   26.1051
    0.0000   -7.5000  -15.000010212.7881   26.0725
    7.5000   -7.5000  -15.0000 9634.6279   26.0277
   -7.5000    0.0000  -15.000010025.1680   26.0938
    0.0000    0.0000  -15.000010267.0117   26.0547
    7.5000    0.0000  -15.0000 9679.5488   26.0020
   -7.5000    7.5000  -15.0000 9505.9668   26.0585
    0.0000    7.5000  -15.0000 9731.6777   26.0002
    7.5000    7.5000  -15.0000 9161.0547   25.9261
   -7.5000   15.0000  -15.0000 9315.8604   26.0414
    0.0000   15.0000  -15.0000 9505.2539   25.9727
    7.5000   15.0000  -15.0000 8964.1240   25.8882
   -7.5000   22.5000  -15.0000 8686.8750   25.7181
    0.0000   22.5000  -15.0000 8863.3916   25.6621
    7.5000   22.5000  -15.0000 8340.2227   25.5891
   -7.5000   30.0000  -15.0000 7974.2842   25.1424
    0.0000   30.0000  -15.0000 8133.6182   25.1047
    7.5000   30.0000  -15.0000 7651.8472   25.0521
   -7.5000   37.5000  -15.0000 7267.9136   24.6227
    0.0000   37.5000  -15.0000 7395.9316   24.5919
    7.5000   37.5000  -15.0000 6972.3735   24.5496
   -7.5000   45.0000  -15.0000 6569.6792   24.1218
    0.0000   45.0000  -15.0000 6643.2969   24.0878
    7.5000   45.0000  -15.0000 6272.5259   24.0379
   -7.5000  -45.0000   -7.5000 7930.5820   23.8809
    0.0000  -45.0000   -7.5000 8015.6982   23.8425
    7.5000  -45.0000   -7.5000 7617.1543   23.7727
   -7.5000  -37.5000   -7.5000 8405.4727   25.3963
    0.0000  -37.5000   -7.5000 8548.5791   25.3392
    7.5000  -37.5000   -7.5000 8099.5972   25.2497
   -7.5000  -30.0000   -7.5000 8908.7773   26.0496
    0.0000  -30.0000   -7.5000 9085.0801   25.9797
    7.5000  -30.0000   -7.5000 8621.2637   25.8873
   -7.5000  -22.5000   -7.5000 9522.7969   26.0518
    0.0000  -22.5000   -7.5000 9710.5088   25.9916
    7.5000  -22.5000   -7.5000 9220.9629   25.9156
   -7.5000  -15.0000   -7.500010135.3799   26.0680
    0.0000  -15.0000   -7.500010352.0449   26.0245
    7.5000  -15.0000   -7.5000 9824.8271   25.9635
   -7.5000   -7.5000   -7.500010294.1211   26.0815
    0.0000   -7.5000   -7.500010544.5166   26.0441
    7.5000   -7.5000   -7.5000 9978.8408   25.9822
   -7.5000    0.0000   -7.500010335.6211   26.0784
    0.0000    0.0000   -7.500010587.2432   26.0364
    7.5000    0.0000   -7.500010008.8193   25.9602
   -7.5000    7.5000   -7.5000 9804.2041   26.0535
    0.0000    7.5000   -7.500010028.0117   25.9949
    7.5000    7.5000   -7.5000 9458.7520   25.9031
   -7.5000   15.0000   -7.5000 9584.3232   26.0415
    0.0000   15.0000   -7.5000 9800.9023   25.9717
    7.5000   15.0000   -7.5000 9238.5234   25.8794
   -7.5000   22.5000   -7.5000 8918.8438   25.7110
    0.0000   22.5000   -7.5000 9127.3018   25.6516
    7.5000   22.5000   -7.5000 8586.5684   25.5766
   -7.5000   30.0000   -7.5000 8209.6064   25.1204
    0.0000   30.0000   -7.5000 8384.7012   25.0785
    7.5000   30.0000   -7.5000 7887.1562   25.0196
   -7.5000   37.5000   -7.5000 7473.6323   24.5939
    0.0000   37.5000   -7.5000 7625.5078   24.5583
    7.5000   37.5000   -7.5000 7169.3896   24.4999
   -7.5000   45.0000   -7.5000 6736.2832   24.1005
    0.0000   45.0000   -7.5000 6844.6338   24.0620
    7.5000   45.0000   -7.5000 6436.0386   23.9886
   -7.5000  -45.0000    0.0000 8073.0571   24.4613
    0.0000  -45.0000    0.0000 8171.3804   24.4212
    7.5000  -45.0000    0.0000 7762.4321   24.3460
   -7.5000  -37.5000    0.0000 8587.8779   26.0376
    0.0000  -37.5000    0.0000 8750.8896   25.9792
    7.5000  -37.5000    0.0000 8305.8066   25.8798
   -7.5000  -30.0000    0.0000 9092.6504   26.7324
    0.0000  -30.0000    0.0000 9283.2656   26.6634
    7.5000  -30.0000    0.0000 8824.8887   26.5638
   -7.5000  -22.5000    0.0000 9699.8896   26.7469
    0.0000  -22.5000    0.0000 9877.2256   26.6884
    7.5000  -22.5000    0.0000 9434.3281   26.6112
   -7.5000  -15.0000    0.000010291.8643   26.7279
    0.0000  -15.0000    0.000010479.0371   26.6860
    7.5000  -15.0000    0.000010000.6484   26.6273
   -7.5000   -7.5000    0.000010449.1758   26.6992
    0.0000   -7.5000    0.000010633.2871   26.6623
    7.5000   -7.5000    0.000010132.7969   26.6010
   -7.5000    0.0000    0.000010501.0986   26.6858
    0.0000    0.0000    0.000010674.6807   26.6420
    7.5000    0.0000    0.000010148.1904   26.5600
   -7.5000    7.5000    0.0000 9971.3809   26.6937
    0.0000    7.5000    0.000010149.4893   26.6339
    7.5000    7.5000    0.0000 9628.7900   26.5320
   -7.5000   15.0000    0.0000 9721.1074   26.7230
    0.0000   15.0000    0.0000 9909.4619   26.6540
    7.5000   15.0000    0.0000 9392.9580   26.5544
   -7.5000   22.5000    0.0000 9046.4561   26.4008
    0.0000   22.5000    0.0000 9225.1963   26.3430
    7.5000   22.5000    0.0000 8709.4639   26.2669
   -7.5000   30.0000    0.0000 8315.9287   25.7721
    0.0000   30.0000    0.0000 8482.9688   25.7316
    7.5000   30.0000    0.0000 7984.6855   25.6750
   -7.5000   37.5000    0.0000 7545.3628   25.2097
    0.0000   37.5000    0.0000 7683.9004   25.1741
    7.5000   37.5000    0.0000 7240.4961   25.1156
   -7.5000   45.0000    0.0000 6778.2661   24.7062
    0.0000   45.0000    0.0000 6869.4434   24.6648
    7.5000   45.0000    0.0000 6473.2090   24.5849
   -7.5000  -45.0000    7.5000 7878.3916   24.4586
    0.0000  -45.0000    7.5000 7965.3340   24.4176
    7.5000  -45.0000    7.5000 7576.0708   24.3617
   -7.5000  -37.5000    7.5000 8447.2373   26.0588
    0.0000  -37.5000    7.5000 8611.7734   25.9969
    7.5000  -37.5000    7.5000 8180.2036   25.9064
   -7.5000  -30.0000    7.5000 8978.0059   26.7900
    0.0000  -30.0000    7.5000 9172.0479   26.7209
    7.5000  -30.0000    7.5000 8749.7373   26.6210
   -7.5000  -22.5000    7.5000 9532.2393   26.8237
    0.0000  -22.5000    7.5000 9663.0146   26.7688
    7.5000  -22.5000    7.5000 9279.0801   26.6911
   -7.5000  -15.0000    7.500010028.8135   26.7833
    0.0000  -15.0000    7.500010019.0273   26.7466
    7.5000  -15.0000    7.5000 9666.0186   26.6973
   -7.5000   -7.5000    7.500010162.4521   26.7143
    0.0000   -7.5000    7.500010132.3047   26.6817
    7.5000   -7.5000    7.5000 9745.2246   26.6411
   -7.5000    0.0000    7.500010182.1699   26.6828
    0.0000    0.0000    7.500010182.9209   26.6381
    7.5000    0.0000    7.5000 9769.9189   26.5770
   -7.5000    7.5000    7.5000 9682.9062   26.7154
    0.0000    7.5000    7.5000 9720.9014   26.6521
    7.5000    7.5000    7.5000 9327.5840   26.5593
   -7.5000   15.0000    7.5000 9430.5898   26.7805
    0.0000   15.0000    7.5000 9527.9805   26.7114
    7.5000   15.0000    7.5000 9104.0342   26.6116
   -7.5000   22.5000    7.5000 8747.7334   26.4766
    0.0000   22.5000    7.5000 8841.4277   26.4224
    7.5000   22.5000    7.5000 8424.1045   26.3457
   -7.5000   30.0000    7.5000 8053.0972   25.8278
    0.0000   30.0000    7.5000 8146.7080   25.7923
    7.5000   30.0000    7.5000 7732.1968   25.7448
   -7.5000   37.5000    7.5000 7309.8862   25.2342
    0.0000   37.5000    7.5000 7391.3066   25.2022
    7.5000   37.5000    7.5000 7014.9272   25.1628
   -7.5000   45.0000    7.5000 6561.2554   24.7079
    0.0000   45.0000    7.5000 6625.5503   24.6662
    7.5000   45.0000    7.5000 6278.6240   24.6068
   -7.5000  -45.0000   15.0000 7887.7539   24.4707
    0.0000  -45.0000   15.0000 7955.3242   24.4292
    7.5000  -45.0000   15.0000 7599.3784   24.3939
   -7.5000  -37.5000   15.0000 8528.3428   26.0615
    0.0000  -37.5000   15.0000 8670.8242   25.9973
    7.5000  -37.5000   15.0000 8245.6113   25.9210
   -7.5000  -30.0000   15.0000 9138.8809   26.7898
    0.0000  -30.0000   15.0000 9336.2246   26.7202
    7.5000  -30.0000   15.0000 8912.7637   26.6229
   -7.5000  -22.5000   15.0000 9648.5283   26.8333
    0.0000  -22.5000   15.0000 9616.4180   26.7805
    7.5000  -22.5000   15.0000 9302.5322   26.6991
   -7.5000  -15.0000   15.000010022.3057   26.8063
    0.0000  -15.0000   15.0000 9818.7715   26.7723
    7.5000  -15.0000   15.0000 9571.2988   26.7263
   -7.5000   -7.5000   15.000010121.3984   26.7377
    0.0000   -7.5000   15.0000 9965.1299   26.7071
    7.5000   -7.5000   15.0000 9707.5986   26.6828
   -7.5000    0.0000   15.000010159.0635   26.6960
    0.0000    0.0000   15.000010075.1543   26.6507
    7.5000    0.0000   15.0000 9813.2451   26.6122
   -7.5000    7.5000   15.0000 9687.9033   26.7182
    0.0000    7.5000   15.0000 9675.2510   26.6524
    7.5000    7.5000   15.0000 9401.1855   26.5742
   -7.5000   15.0000   15.0000 9478.1377   26.7803
    0.0000   15.0000   15.0000 9492.9199   26.7108
    7.5000   15.0000   15.0000 9181.8467   26.6135
   -7.5000   22.5000   15.0000 8790.9619   26.4860
    0.0000   22.5000   15.0000 8795.1260   26.4339
    7.5000   22.5000   15.0000 8458.9756   26.3536
   -7.5000   30.0000   15.0000 8108.7446   25.8519
    0.0000   30.0000   15.0000 8127.4810   25.8190
    7.5000   30.0000   15.0000 7768.6934   25.7747
   -7.5000   37.5000   15.0000 7353.0811   25.2633
    0.0000   37.5000   15.0000 7375.9194   25.2332
    7.5000   37.5000   15.0000 7034.9199   25.2091
   -7.5000   45.0000   15.0000 6594.9331   24.7280
    0.0000   45.0000   15.0000 6622.5566   24.6876
    7.5000   45.0000   15.0000 6282.3193   24.6509
   -7.5000  -45.0000   22.5000 7451.0254   24.5023
    0.0000  -45.0000   22.5000 7495.4414   24.4644
    7.5000  -45.0000   22.5000 7168.8657   24.4340
   -7.5000  -37.5000   22.5000 8052.6328   26.0594
    0.0000  -37.5000   22.5000 8152.3296   25.9991
    7.5000  -37.5000   22.5000 7768.1401   25.9331
   -7.5000  -30.0000   22.5000 8678.0146   26.7462
    0.0000  -30.0000   22.5000 8850.0605   26.6781
    7.5000  -30.0000   22.5000 8412.4990   26.5895
   -7.5000  -22.5000   22.5000 9229.8066   26.7791
    0.0000  -22.5000   22.5000 9228.5576   26.7264
    7.5000  -22.5000   22.5000 8873.7539   26.6475
   -7.5000  -15.0000   22.5000 9595.9404   26.7890
    0.0000  -15.0000   22.5000 9441.2578   26.7550
    7.5000  -15.0000   22.5000 9224.0059   26.7067
   -7.5000   -7.5000   22.5000 9687.3340   26.7632
    0.0000   -7.5000   22.5000 9566.2715   26.7337
    7.5000   -7.5000   22.5000 9393.7246   26.7081
   -7.5000    0.0000   22.5000 9750.5430   26.7304
    0.0000    0.0000   22.5000 9650.1367   26.6891
    7.5000    0.0000   22.5000 9470.3242   26.6560
   -7.5000    7.5000   22.5000 9329.6484   26.7161
    0.0000    7.5000   22.5000 9286.1162   26.6542
    7.5000    7.5000   22.5000 9047.7686   26.5866
   -7.5000   15.0000   22.5000 9154.5879   26.7368
    0.0000   15.0000   22.5000 9149.4551   26.6686
    7.5000   15.0000   22.5000 8813.3311   26.5801
   -7.5000   22.5000   22.5000 8445.1611   26.4326
    0.0000   22.5000   22.5000 8444.2695   26.3805
    7.5000   22.5000   22.5000 8050.8848   26.3026
   -7.5000   30.0000   22.5000 7760.0249   25.8348
    0.0000   30.0000   22.5000 7784.2920   25.8020
    7.5000   30.0000   22.5000 7361.9785   25.7554
   -7.5000   37.5000   22.5000 7034.1963   25.2848
    0.0000   37.5000   22.5000 7040.1948   25.2564
    7.5000   37.5000   22.5000 6632.0186   25.2316
   -7.5000   45.0000   22.5000 6292.8364   24.7638
    0.0000   45.0000   22.5000 6307.4365   24.7285
    7.5000   45.0000   22.5000 5927.0771   24.6978
   -7.5000  -45.0000   30.0000 6976.2529   24.3760
    0.0000  -45.0000   30.0000 7041.5293   24.3394
    7.5000  -45.0000   30.0000 6737.5225   24.2898
   -7.5000  -37.5000   30.0000 7504.7373   25.9143
    0.0000  -37.5000   30.0000 7594.3604   25.8562
    7.5000  -37.5000   30.0000 7275.5566   25.7819
   -7.5000  -30.0000   30.0000 8079.7007   26.5639
    0.0000  -30.0000   30.0000 8175.8301   26.4936
    7.5000  -30.0000   30.0000 7826.4595   26.4068
   -7.5000  -22.5000   30.0000 8709.5371   26.5735
    0.0000  -22.5000   30.0000 8695.6670   26.5154
    7.5000  -22.5000   30.0000 8333.3408   26.4395
   -7.5000  -15.0000   30.0000 9251.3623   26.6040
    0.0000  -15.0000   30.0000 9236.0244   26.5641
    7.5000  -15.0000   30.0000 8850.0273   26.5081
   -7.5000   -7.5000   30.0000 9429.0527   26.6204
    0.0000   -7.5000   30.0000 9439.5010   26.5871
    7.5000   -7.5000   30.0000 9000.0215   26.5411
   -7.5000    0.0000   30.0000 9462.7285   26.6090
    0.0000    0.0000   30.0000 9474.7217   26.5690
    7.5000    0.0000   30.0000 8986.4287   26.5149
   -7.5000    7.5000   30.0000 8999.2266   26.5718
    0.0000    7.5000   30.0000 9002.0215   26.5122
    7.5000    7.5000   30.0000 8516.1953   26.4361
   -7.5000   15.0000   30.0000 8772.9912   26.5544
    0.0000   15.0000   30.0000 8790.6611   26.4842
    7.5000   15.0000   30.0000 8295.7119   26.3974
   -7.5000   22.5000   30.0000 8051.9580   26.2273
    0.0000   22.5000   30.0000 8076.3545   26.1700
    7.5000   22.5000   30.0000 7612.8916   26.0950
   -7.5000   30.0000   30.0000 7367.5791   25.6659
    0.0000   30.0000   30.0000 7379.9038   25.6275
    7.5000   30.0000   30.0000 6959.1104   25.5734
   -7.5000   37.5000   30.0000 6661.4224   25.1631
    0.0000   37.5000   30.0000 6659.8540   25.1316
    7.5000   37.5000   30.0000 6272.3726   25.0880
   -7.5000   45.0000   30.0000 5936.5078   24.6808
    0.0000   45.0000   30.0000 5942.5459   24.6459
    7.5000   45.0000   30.0000 5598.5967   24.5945
   -7.5000  -45.0000   37.5000 6568.5698   24.4030
    0.0000  -45.0000   37.5000 6624.2397   24.3648
    7.5000  -45.0000   37.5000 6338.5562   24.2943
   -7.5000  -37.5000   37.5000 7049.7720   25.9586
    0.0000  -37.5000   37.5000 7154.6377   25.9022
    7.5000  -37.5000   37.5000 6827.4502   25.8124
   -7.5000  -30.0000   37.5000 7584.1914   26.5959
    0.0000  -30.0000   37.5000 7677.0337   26.5273
    7.5000  -30.0000   37.5000 7302.2695   26.4349
   -7.5000  -22.5000   37.5000 8191.7539   26.5962
    0.0000  -22.5000   37.5000 8210.1758   26.5374
    7.5000  -22.5000   37.5000 7786.7812   26.4611
   -7.5000  -15.0000   37.5000 8733.4863   26.6134
    0.0000  -15.0000   37.5000 8771.9355   26.5705
    7.5000  -15.0000   37.5000 8293.9844   26.5085
   -7.5000   -7.5000   37.5000 8860.9248   26.6295
    0.0000   -7.5000   37.5000 8924.1182   26.5921
    7.5000   -7.5000   37.5000 8415.2520   26.5289
   -7.5000    0.0000   37.5000 8869.4434   26.6283
    0.0000    0.0000   37.5000 8953.0469   26.5866
    7.5000    0.0000   37.5000 8429.0127   26.5097
   -7.5000    7.5000   37.5000 8405.2832   26.6008
    0.0000    7.5000   37.5000 8477.3389   26.5430
    7.5000    7.5000   37.5000 7993.4102   26.4510
   -7.5000   15.0000   37.5000 8184.0269   26.5862
    0.0000   15.0000   37.5000 8257.3359   26.5177
    7.5000   15.0000   37.5000 7788.9717   26.4253
   -7.5000   22.5000   37.5000 7507.2432   26.2451
    0.0000   22.5000   37.5000 7572.7119   26.1871
    7.5000   22.5000   37.5000 7152.3911   26.1118
   -7.5000   30.0000   37.5000 6842.9019   25.6734
    0.0000   30.0000   37.5000 6879.6367   25.6320
    7.5000   30.0000   37.5000 6489.7095   25.5721
   -7.5000   37.5000   37.5000 6183.3359   25.1700
    0.0000   37.5000   37.5000 6218.3091   25.1343
    7.5000   37.5000   37.5000 5853.7012   25.0745
   -7.5000   45.0000   37.5000 5526.7778   24.7009
    0.0000   45.0000   37.5000 5557.0591   24.6625
    7.5000   45.0000   37.5000 5240.6416   24.5881
   -7.5000  -45.0000   45.0000 6182.6011   24.5715
    0.0000  -45.0000   45.0000 6256.9531   24.5286
    7.5000  -45.0000   45.0000 5937.3301   24.4526
   -7.5000  -37.5000   45.0000 6649.1846   26.1708
    0.0000  -37.5000   45.0000 6767.8062   26.1086
    7.5000  -37.5000   45.0000 6398.6274   26.0083
   -7.5000  -30.0000   45.0000 7119.3442   26.8267
    0.0000  -30.0000   45.0000 7214.6445   26.7537
    7.5000  -30.0000   45.0000 6831.0557   26.6529
   -7.5000  -22.5000   45.0000 7632.5254   26.8391
    0.0000  -22.5000   45.0000 7696.3613   26.7773
    7.5000  -22.5000   45.0000 7297.7900   26.6989
   -7.5000  -15.0000   45.0000 8095.6636   26.8240
    0.0000  -15.0000   45.0000 8159.0342   26.7795
    7.5000  -15.0000   45.0000 7755.0386   26.7193
   -7.5000   -7.5000   45.0000 8182.3013   26.8007
    0.0000   -7.5000   45.0000 8232.8994   26.7613
    7.5000   -7.5000   45.0000 7832.5918   26.6986
   -7.5000    0.0000   45.0000 8176.6831   26.7891
    0.0000    0.0000   45.0000 8231.6143   26.7423
    7.5000    0.0000   45.0000 7835.2690   26.6595
   -7.5000    7.5000   45.0000 7767.7759   26.7925
    0.0000    7.5000   45.0000 7794.6362   26.7288
    7.5000    7.5000   45.0000 7437.3481   26.6262
   -7.5000   15.0000   45.0000 7588.5488   26.8167
    0.0000   15.0000   45.0000 7633.0483   26.7436
    7.5000   15.0000   45.0000 7275.5234   26.6429
   -7.5000   22.5000   45.0000 6980.4478   26.4813
    0.0000   22.5000   45.0000 7018.2627   26.4203
    7.5000   22.5000   45.0000 6684.5073   26.3430
   -7.5000   30.0000   45.0000 6356.4756   25.8724
    0.0000   30.0000   45.0000 6357.9639   25.8295
    7.5000   30.0000   45.0000 6041.1104   25.7713
   -7.5000   37.5000   45.0000 5768.8916   25.3324
    0.0000   37.5000   45.0000 5776.1479   25.2942
    7.5000   37.5000   45.0000 5467.6982   25.2342
   -7.5000   45.0000   45.0000 5175.3325   24.8464
    0.0000   45.0000   45.0000 5169.1699   24.8019
    7.5000   45.0000   45.0000 4900.5122   24.7209

---------------------------------------------------------------------
imgreg_4dfp /opt/freesurfer/average/711-2C_as_mni_average_305 /opt/freesurfer/average/711-2B_as_mni_average_305_mask talsrcimg_g11 none talsrcimg_to_711-2C_as_mni_average_305_t4 4355
---------------------------------------------------------------------

freesurfer imgreg_4dfp.c
/opt/freesurfer/average/711-2C_as_mni_average_305.4dfp.img
       256       256       256         1
  1.000000  1.000000  1.000000
orientation T byte_order littleendian
Reading image: /opt/freesurfer/average/711-2C_as_mni_average_305.4dfp.img
dimensions:      256       256       256
mmppix:       1.0000   -1.0000   -1.0000
center:     128.0000 -129.0000 -129.0000
/opt/freesurfer/average/711-2B_as_mni_average_305_mask.4dfp.img
       256       256       256         1
  1.000000  1.000000  1.000000
orientation T byte_order littleendian
Reading mask: /opt/freesurfer/average/711-2B_as_mni_average_305_mask.4dfp.img (2306576 pixels)
talsrcimg_g11.4dfp.img
       256       256       256         1
  0.900000  0.900000  0.900000
orientation T byte_order littleendian
Reading image: talsrcimg_g11.4dfp.img
dimensions:      256       256       256
mmppix:       0.9000   -0.9000   -0.9000
center:     115.2000 -116.1000 -116.1000
rotation matrix determinant  1.000000
image alignment mode   4355 decimal     1103 hex
   -7.5000  -45.0000  -45.0000 1831.3278   24.5230
    0.0000  -45.0000  -45.0000 1834.1151   24.2489
    7.5000  -45.0000  -45.0000 1820.8951   24.5768
   -7.5000  -37.5000  -45.0000 1902.2607   22.8724
    0.0000  -37.5000  -45.0000 1903.4198   22.6539
    7.5000  -37.5000  -45.0000 1891.6396   22.8963
   -7.5000  -30.0000  -45.0000 1944.8154   21.8055
    0.0000  -30.0000  -45.0000 1943.7035   21.5665
    7.5000  -30.0000  -45.0000 1935.6259   21.7990
   -7.5000  -22.5000  -45.0000 1965.3193   21.1769
    0.0000  -22.5000  -45.0000 1972.4141   20.8913
    7.5000  -22.5000  -45.0000 1958.0725   21.1397
   -7.5000  -15.0000  -45.0000 1968.1438   20.9139
    0.0000  -15.0000  -45.0000 1975.1042   20.6885
    7.5000  -15.0000  -45.0000 1956.5791   20.9385
   -7.5000   -7.5000  -45.0000 1963.8062   21.1935
    0.0000   -7.5000  -45.0000 1967.2982   20.8995
    7.5000   -7.5000  -45.0000 1948.1040   21.1333
   -7.5000    0.0000  -45.0000 1929.2434   21.7935
    0.0000    0.0000  -45.0000 1935.5619   21.5398
    7.5000    0.0000  -45.0000 1919.3062   21.7531
   -7.5000    7.5000  -45.0000 1889.1608   22.9248
    0.0000    7.5000  -45.0000 1897.2263   22.6463
    7.5000    7.5000  -45.0000 1876.2826   22.8077
   -7.5000   15.0000  -45.0000 1837.1091   24.4698
    0.0000   15.0000  -45.0000 1842.3109   24.1258
    7.5000   15.0000  -45.0000 1824.5896   24.3220
   -7.5000   22.5000  -45.0000 1753.1744   26.3973
    0.0000   22.5000  -45.0000 1765.5948   26.0445
    7.5000   22.5000  -45.0000 1753.7275   26.4169
   -7.5000   30.0000  -45.0000 1659.0336   28.8616
    0.0000   30.0000  -45.0000 1673.5500   28.4666
    7.5000   30.0000  -45.0000 1666.6211   28.8710
   -7.5000   37.5000  -45.0000 1537.3832   31.9117
    0.0000   37.5000  -45.0000 1553.3994   31.5502
    7.5000   37.5000  -45.0000 1543.2345   31.9505
   -7.5000   45.0000  -45.0000 1399.1229   35.7869
    0.0000   45.0000  -45.0000 1413.8015   35.4122
    7.5000   45.0000  -45.0000 1402.8818   35.6762
   -7.5000  -45.0000  -37.5000 1990.1798   24.1381
    0.0000  -45.0000  -37.5000 1986.3777   23.8859
    7.5000  -45.0000  -37.5000 1970.4579   24.2529
   -7.5000  -37.5000  -37.5000 2074.1462   22.4331
    0.0000  -37.5000  -37.5000 2069.7764   22.2162
    7.5000  -37.5000  -37.5000 2048.0078   22.4937
   -7.5000  -30.0000  -37.5000 2113.9902   21.3239
    0.0000  -30.0000  -37.5000 2118.0020   21.1552
    7.5000  -30.0000  -37.5000 2093.9998   21.3466
   -7.5000  -22.5000  -37.5000 2141.5295   20.7733
    0.0000  -22.5000  -37.5000 2145.4053   20.5088
    7.5000  -22.5000  -37.5000 2122.3899   20.6920
   -7.5000  -15.0000  -37.5000 2140.4580   20.5504
    0.0000  -15.0000  -37.5000 2148.8018   20.3099
    7.5000  -15.0000  -37.5000 2127.9741   20.4783
   -7.5000   -7.5000  -37.5000 2138.7014   20.7388
    0.0000   -7.5000  -37.5000 2142.0740   20.4639
    7.5000   -7.5000  -37.5000 2121.2527   20.6346
   -7.5000    0.0000  -37.5000 2105.7910   21.2714
    0.0000    0.0000  -37.5000 2113.8960   21.0182
    7.5000    0.0000  -37.5000 2092.2485   21.1592
   -7.5000    7.5000  -37.5000 2057.2161   22.2630
    0.0000    7.5000  -37.5000 2067.8906   21.9986
    7.5000    7.5000  -37.5000 2053.7073   22.0992
   -7.5000   15.0000  -37.5000 1994.8552   23.7289
    0.0000   15.0000  -37.5000 2007.1918   23.3949
    7.5000   15.0000  -37.5000 1990.2168   23.5068
   -7.5000   22.5000  -37.5000 1904.4993   25.6623
    0.0000   22.5000  -37.5000 1916.8121   25.2709
    7.5000   22.5000  -37.5000 1900.0887   25.5134
   -7.5000   30.0000  -37.5000 1803.7159   28.0998
    0.0000   30.0000  -37.5000 1815.9508   27.7030
    7.5000   30.0000  -37.5000 1802.7494   27.9839
   -7.5000   37.5000  -37.5000 1675.8077   30.9996
    0.0000   37.5000  -37.5000 1682.9808   30.6408
    7.5000   37.5000  -37.5000 1672.1340   31.0057
   -7.5000   45.0000  -37.5000 1524.4637   34.5569
    0.0000   45.0000  -37.5000 1531.1785   34.2010
    7.5000   45.0000  -37.5000 1520.7297   34.5214
   -7.5000  -45.0000  -30.0000 2127.5339   23.4996
    0.0000  -45.0000  -30.0000 2132.5728   23.3726
    7.5000  -45.0000  -30.0000 2116.5225   23.6514
   -7.5000  -37.5000  -30.0000 2210.6348   21.8013
    0.0000  -37.5000  -30.0000 2214.7056   21.6506
    7.5000  -37.5000  -30.0000 2202.8167   21.8007
   -7.5000  -30.0000  -30.0000 2261.1472   20.6053
    0.0000  -30.0000  -30.0000 2263.4683   20.5256
    7.5000  -30.0000  -30.0000 2250.6008   20.5577
   -7.5000  -22.5000  -30.0000 2289.1829   20.0911
    0.0000  -22.5000  -30.0000 2291.7432   19.9094
    7.5000  -22.5000  -30.0000 2280.3323   19.9919
   -7.5000  -15.0000  -30.0000 2298.1370   19.9870
    0.0000  -15.0000  -30.0000 2309.4185   19.7938
    7.5000  -15.0000  -30.0000 2294.8425   19.8898
   -7.5000   -7.5000  -30.0000 2294.6934   20.0741
    0.0000   -7.5000  -30.0000 2303.2913   19.8797
    7.5000   -7.5000  -30.0000 2287.3171   19.9984
   -7.5000    0.0000  -30.0000 2261.0212   20.5097
    0.0000    0.0000  -30.0000 2279.1299   20.3037
    7.5000    0.0000  -30.0000 2257.8804   20.4006
   -7.5000    7.5000  -30.0000 2218.0601   21.3680
    0.0000    7.5000  -30.0000 2236.3755   21.1577
    7.5000    7.5000  -30.0000 2215.9207   21.2067
   -7.5000   15.0000  -30.0000 2151.2744   22.7286
    0.0000   15.0000  -30.0000 2165.7451   22.5042
    7.5000   15.0000  -30.0000 2144.1855   22.5261
   -7.5000   22.5000  -30.0000 2053.1995   24.6112
    0.0000   22.5000  -30.0000 2066.7639   24.3391
    7.5000   22.5000  -30.0000 2049.9609   24.5058
   -7.5000   30.0000  -30.0000 1944.7347   27.0152
    0.0000   30.0000  -30.0000 1956.5953   26.7210
    7.5000   30.0000  -30.0000 1943.0969   26.9041
   -7.5000   37.5000  -30.0000 1809.7483   29.9239
    0.0000   37.5000  -30.0000 1819.7041   29.5692
    7.5000   37.5000  -30.0000 1804.2106   29.8330
   -7.5000   45.0000  -30.0000 1645.5151   33.3396
    0.0000   45.0000  -30.0000 1650.4359   32.8532
    7.5000   45.0000  -30.0000 1636.8569   33.2622
   -7.5000  -45.0000  -22.5000 2245.5610   22.6711
    0.0000  -45.0000  -22.5000 2264.9451   22.6562
    7.5000  -45.0000  -22.5000 2245.4282   22.7927
   -7.5000  -37.5000  -22.5000 2334.0134   20.8655
    0.0000  -37.5000  -22.5000 2347.3806   20.8203
    7.5000  -37.5000  -22.5000 2332.2017   20.9081
   -7.5000  -30.0000  -22.5000 2393.7300   19.5803
    0.0000  -30.0000  -22.5000 2404.4558   19.5381
    7.5000  -30.0000  -22.5000 2386.8486   19.5733
   -7.5000  -22.5000  -22.5000 2427.2590   19.0229
    0.0000  -22.5000  -22.5000 2439.2791   18.9460
    7.5000  -22.5000  -22.5000 2416.2390   18.9363
   -7.5000  -15.0000  -22.5000 2445.9749   18.9536
    0.0000  -15.0000  -22.5000 2464.5852   18.8571
    7.5000  -15.0000  -22.5000 2440.7747   18.8428
   -7.5000   -7.5000  -22.5000 2432.7852   19.1291
    0.0000   -7.5000  -22.5000 2454.9893   18.9902
    7.5000   -7.5000  -22.5000 2430.5774   19.0563
   -7.5000    0.0000  -22.5000 2403.3489   19.6008
    0.0000    0.0000  -22.5000 2430.7307   19.4733
    7.5000    0.0000  -22.5000 2404.9307   19.5169
   -7.5000    7.5000  -22.5000 2357.9553   20.3865
    0.0000    7.5000  -22.5000 2385.8442   20.2306
    7.5000    7.5000  -22.5000 2365.0107   20.2726
   -7.5000   15.0000  -22.5000 2284.7563   21.6272
    0.0000   15.0000  -22.5000 2307.6697   21.4040
    7.5000   15.0000  -22.5000 2290.4985   21.4686
   -7.5000   22.5000  -22.5000 2180.3677   23.3847
    0.0000   22.5000  -22.5000 2200.1838   23.1469
    7.5000   22.5000  -22.5000 2183.9517   23.2283
   -7.5000   30.0000  -22.5000 2060.7039   25.6787
    0.0000   30.0000  -22.5000 2073.8142   25.4693
    7.5000   30.0000  -22.5000 2065.7463   25.5925
   -7.5000   37.5000  -22.5000 1920.6670   28.4723
    0.0000   37.5000  -22.5000 1939.0889   28.2129
    7.5000   37.5000  -22.5000 1927.5717   28.4430
   -7.5000   45.0000  -22.5000 1743.7577   31.7463
    0.0000   45.0000  -22.5000 1747.7114   31.4329
    7.5000   45.0000  -22.5000 1741.1853   31.7034
   -7.5000  -45.0000  -15.0000 2338.7305   21.7828
    0.0000  -45.0000  -15.0000 2357.8596   21.7789
    7.5000  -45.0000  -15.0000 2344.6191   21.7702
   -7.5000  -37.5000  -15.0000 2428.9507   19.8891
    0.0000  -37.5000  -15.0000 2446.3179   19.9026
    7.5000  -37.5000  -15.0000 2428.5569   19.8621
   -7.5000  -30.0000  -15.0000 2498.7271   18.5329
    0.0000  -30.0000  -15.0000 2518.9597   18.5473
    7.5000  -30.0000  -15.0000 2497.1472   18.5553
   -7.5000  -22.5000  -15.0000 2538.8359   17.8439
    0.0000  -22.5000  -15.0000 2564.9431   17.8799
    7.5000  -22.5000  -15.0000 2535.5911   17.8272
   -7.5000  -15.0000  -15.0000 2568.1372   17.7848
    0.0000  -15.0000  -15.0000 2594.8589   17.7496
    7.5000  -15.0000  -15.0000 2567.9077   17.7149
   -7.5000   -7.5000  -15.0000 2558.4714   18.0308
    0.0000   -7.5000  -15.0000 2589.5791   17.9516
    7.5000   -7.5000  -15.0000 2559.0271   17.9538
   -7.5000    0.0000  -15.0000 2525.7747   18.5459
    0.0000    0.0000  -15.0000 2562.5950   18.4179
    7.5000    0.0000  -15.0000 2535.6892   18.4503
   -7.5000    7.5000  -15.0000 2477.3032   19.3371
    0.0000    7.5000  -15.0000 2510.7385   19.1709
    7.5000    7.5000  -15.0000 2483.7351   19.1595
   -7.5000   15.0000  -15.0000 2404.2302   20.4994
    0.0000   15.0000  -15.0000 2431.5339   20.2767
    7.5000   15.0000  -15.0000 2412.0569   20.2842
   -7.5000   22.5000  -15.0000 2292.9104   22.0370
    0.0000   22.5000  -15.0000 2320.4236   21.8047
    7.5000   22.5000  -15.0000 2304.2615   21.8643
   -7.5000   30.0000  -15.0000 2155.9700   24.2180
    0.0000   30.0000  -15.0000 2179.2595   24.0356
    7.5000   30.0000  -15.0000 2165.2671   24.1001
   -7.5000   37.5000  -15.0000 2002.2604   26.8693
    0.0000   37.5000  -15.0000 2026.5298   26.7368
    7.5000   37.5000  -15.0000 2014.4037   26.8387
   -7.5000   45.0000  -15.0000 1820.2032   29.9788
    0.0000   45.0000  -15.0000 1831.4530   29.7213
    7.5000   45.0000  -15.0000 1821.7191   29.8876
   -7.5000  -45.0000   -7.5000 2396.3474   20.7913
    0.0000  -45.0000   -7.5000 2410.4407   20.6779
    7.5000  -45.0000   -7.5000 2390.2974   20.7406
   -7.5000  -37.5000   -7.5000 2488.0793   18.9457
    0.0000  -37.5000   -7.5000 2512.1079   18.9370
    7.5000  -37.5000   -7.5000 2488.3860   18.9046
   -7.5000  -30.0000   -7.5000 2565.6106   17.6012
    0.0000  -30.0000   -7.5000 2588.0928   17.5740
    7.5000  -30.0000   -7.5000 2568.6777   17.5609
   -7.5000  -22.5000   -7.5000 2617.0220   16.7986
    0.0000  -22.5000   -7.5000 2640.7629   16.7521
    7.5000  -22.5000   -7.5000 2618.4756   16.7557
   -7.5000  -15.0000   -7.5000 2651.6528   16.6167
    0.0000  -15.0000   -7.5000 2681.9045   16.5393
    7.5000  -15.0000   -7.5000 2655.7725   16.5663
   -7.5000   -7.5000   -7.5000 2648.7412   16.8468
    0.0000   -7.5000   -7.5000 2684.8318   16.7638
    7.5000   -7.5000   -7.5000 2655.4543   16.7590
   -7.5000    0.0000   -7.5000 2621.8713   17.3669
    0.0000    0.0000   -7.5000 2659.8496   17.2420
    7.5000    0.0000   -7.5000 2627.8252   17.2031
   -7.5000    7.5000   -7.5000 2569.6047   18.2112
    0.0000    7.5000   -7.5000 2602.6211   17.9983
    7.5000    7.5000   -7.5000 2572.6726   17.9670
   -7.5000   15.0000   -7.5000 2485.4688   19.3103
    0.0000   15.0000   -7.5000 2520.3674   19.0442
    7.5000   15.0000   -7.5000 2491.7581   19.0512
   -7.5000   22.5000   -7.5000 2366.7437   20.7456
    0.0000   22.5000   -7.5000 2402.1235   20.5007
    7.5000   22.5000   -7.5000 2383.1199   20.5518
   -7.5000   30.0000   -7.5000 2225.6533   22.7660
    0.0000   30.0000   -7.5000 2253.5718   22.5790
    7.5000   30.0000   -7.5000 2240.3013   22.6650
   -7.5000   37.5000   -7.5000 2059.2351   25.2821
    0.0000   37.5000   -7.5000 2082.1614   25.0968
    7.5000   37.5000   -7.5000 2071.7942   25.1651
   -7.5000   45.0000   -7.5000 1867.3441   28.2720
    0.0000   45.0000   -7.5000 1883.3156   27.9412
    7.5000   45.0000   -7.5000 1874.6935   28.0706
   -7.5000  -45.0000    0.0000 2443.9150   20.2795
    0.0000  -45.0000    0.0000 2455.7151   20.1281
    7.5000  -45.0000    0.0000 2435.1917   20.2569
   -7.5000  -37.5000    0.0000 2544.6558   18.4959
    0.0000  -37.5000    0.0000 2562.7188   18.3865
    7.5000  -37.5000    0.0000 2543.6108   18.4634
   -7.5000  -30.0000    0.0000 2627.7954   17.0971
    0.0000  -30.0000    0.0000 2654.5005   17.0122
    7.5000  -30.0000    0.0000 2632.1663   17.0709
   -7.5000  -22.5000    0.0000 2692.1238   16.1705
    0.0000  -22.5000    0.0000 2715.5220   15.9931
    7.5000  -22.5000    0.0000 2694.4177   16.1228
   -7.5000  -15.0000    0.0000 2734.9412   15.8397
    0.0000  -15.0000    0.0000 2763.5305   15.6598
    7.5000  -15.0000    0.0000 2735.3560   15.7654
   -7.5000   -7.5000    0.0000 2737.3145   15.9605
    0.0000   -7.5000    0.0000 2772.3616   15.8345
    7.5000   -7.5000    0.0000 2742.7944   15.8880
   -7.5000    0.0000    0.0000 2709.1335   16.4800
    0.0000    0.0000    0.0000 2747.1365   16.3069
    7.5000    0.0000    0.0000 2715.6587   16.3303
   -7.5000    7.5000    0.0000 2652.6545   17.3610
    0.0000    7.5000    0.0000 2693.0469   17.1079
    7.5000    7.5000    0.0000 2657.7148   17.1421
   -7.5000   15.0000    0.0000 2562.6111   18.5066
    0.0000   15.0000    0.0000 2593.0447   18.2137
    7.5000   15.0000    0.0000 2566.6423   18.2863
   -7.5000   22.5000    0.0000 2439.6396   19.9853
    0.0000   22.5000    0.0000 2465.9805   19.6954
    7.5000   22.5000    0.0000 2445.9771   19.7650
   -7.5000   30.0000    0.0000 2294.5720   21.9490
    0.0000   30.0000    0.0000 2322.2947   21.6991
    7.5000   30.0000    0.0000 2305.3225   21.7636
   -7.5000   37.5000    0.0000 2114.4688   24.3602
    0.0000   37.5000    0.0000 2138.2607   24.0614
    7.5000   37.5000    0.0000 2124.2937   24.1253
   -7.5000   45.0000    0.0000 1913.6450   27.2267
    0.0000   45.0000    0.0000 1926.3422   26.8560
    7.5000   45.0000    0.0000 1916.0930   26.9856
   -7.5000  -45.0000    7.5000 2467.4546   19.9837
    0.0000  -45.0000    7.5000 2476.5901   19.6939
    7.5000  -45.0000    7.5000 2464.6401   19.9190
   -7.5000  -37.5000    7.5000 2577.3274   18.2445
    0.0000  -37.5000    7.5000 2592.0686   17.9857
    7.5000  -37.5000    7.5000 2579.0046   18.1645
   -7.5000  -30.0000    7.5000 2664.9541   16.7849
    0.0000  -30.0000    7.5000 2689.4163   16.6090
    7.5000  -30.0000    7.5000 2674.5205   16.7339
   -7.5000  -22.5000    7.5000 2738.8206   15.7348
    0.0000  -22.5000    7.5000 2761.7749   15.3735
    7.5000  -22.5000    7.5000 2740.0850   15.6438
   -7.5000  -15.0000    7.5000 2783.2671   15.1794
    0.0000  -15.0000    7.5000 2813.9683   14.8227
    7.5000  -15.0000    7.5000 2787.0383   15.1172
   -7.5000   -7.5000    7.5000 2798.0718   15.2205
    0.0000   -7.5000    7.5000 2830.9783   14.8694
    7.5000   -7.5000    7.5000 2805.2427   15.1031
   -7.5000    0.0000    7.5000 2770.9460   15.7518
    0.0000    0.0000    7.5000 2803.2917   15.3741
    7.5000    0.0000    7.5000 2780.2136   15.5386
   -7.5000    7.5000    7.5000 2706.6274   16.6260
    0.0000    7.5000    7.5000 2736.4265   16.2945
    7.5000    7.5000    7.5000 2722.7366   16.3709
   -7.5000   15.0000    7.5000 2608.0325   17.8272
    0.0000   15.0000    7.5000 2638.1548   17.5437
    7.5000   15.0000    7.5000 2620.5232   17.6584
   -7.5000   22.5000    7.5000 2484.1958   19.3492
    0.0000   22.5000    7.5000 2507.3416   19.0756
    7.5000   22.5000    7.5000 2495.4380   19.2115
   -7.5000   30.0000    7.5000 2342.3289   21.2917
    0.0000   30.0000    7.5000 2365.2834   21.0349
    7.5000   30.0000    7.5000 2352.5728   21.2102
   -7.5000   37.5000    7.5000 2154.9434   23.6197
    0.0000   37.5000    7.5000 2173.9766   23.3569
    7.5000   37.5000    7.5000 2160.9873   23.5661
   -7.5000   45.0000    7.5000 1949.5225   26.3598
    0.0000   45.0000    7.5000 1959.6279   26.0430
    7.5000   45.0000    7.5000 1949.6902   26.2647
   -7.5000  -45.0000   15.0000 2460.3284   19.9095
    0.0000  -45.0000   15.0000 2479.6760   19.5407
    7.5000  -45.0000   15.0000 2470.6882   19.8413
   -7.5000  -37.5000   15.0000 2577.9744   18.1929
    0.0000  -37.5000   15.0000 2599.5779   17.8234
    7.5000  -37.5000   15.0000 2590.3247   18.0897
   -7.5000  -30.0000   15.0000 2680.6672   16.7637
    0.0000  -30.0000   15.0000 2703.9846   16.4079
    7.5000  -30.0000   15.0000 2694.1187   16.6615
   -7.5000  -22.5000   15.0000 2754.4321   15.5722
    0.0000  -22.5000   15.0000 2783.8506   15.1027
    7.5000  -22.5000   15.0000 2766.9182   15.4853
   -7.5000  -15.0000   15.0000 2804.2339   14.8245
    0.0000  -15.0000   15.0000 2822.9858   14.2155
    7.5000  -15.0000   15.0000 2810.0459   14.7030
   -7.5000   -7.5000   15.0000 2826.4690   14.8209
    0.0000   -7.5000   15.0000 2847.6313   14.2746
    7.5000   -7.5000   15.0000 2841.1321   14.6855
   -7.5000    0.0000   15.0000 2799.0081   15.3302
    0.0000    0.0000   15.0000 2822.8843   14.9054
    7.5000    0.0000   15.0000 2825.2146   15.2274
   -7.5000    7.5000   15.0000 2736.9998   16.2230
    0.0000    7.5000   15.0000 2767.7146   15.8552
    7.5000    7.5000   15.0000 2765.6292   16.1256
   -7.5000   15.0000   15.0000 2640.4412   17.5359
    0.0000   15.0000   15.0000 2665.3525   17.1598
    7.5000   15.0000   15.0000 2661.6985   17.4341
   -7.5000   22.5000   15.0000 2510.9834   19.1411
    0.0000   22.5000   15.0000 2532.0168   18.8139
    7.5000   22.5000   15.0000 2530.3931   19.0844
   -7.5000   30.0000   15.0000 2367.2432   21.0903
    0.0000   30.0000   15.0000 2390.1575   20.8409
    7.5000   30.0000   15.0000 2388.5073   21.1209
   -7.5000   37.5000   15.0000 2172.8125   23.3009
    0.0000   37.5000   15.0000 2192.0840   23.0821
    7.5000   37.5000   15.0000 2189.5920   23.4158
   -7.5000   45.0000   15.0000 1956.2687   25.7980
    0.0000   45.0000   15.0000 1968.3610   25.5484
    7.5000   45.0000   15.0000 1957.3616   25.9340
   -7.5000  -45.0000   22.5000 2437.0479   20.0593
    0.0000  -45.0000   22.5000 2459.2876   19.5451
    7.5000  -45.0000   22.5000 2444.9126   19.8118
   -7.5000  -37.5000   22.5000 2556.5129   18.3150
    0.0000  -37.5000   22.5000 2578.9324   17.8236
    7.5000  -37.5000   22.5000 2566.5549   18.0722
   -7.5000  -30.0000   22.5000 2662.9854   16.9067
    0.0000  -30.0000   22.5000 2689.9612   16.4729
    7.5000  -30.0000   22.5000 2675.7732   16.7016
   -7.5000  -22.5000   22.5000 2739.8430   15.7912
    0.0000  -22.5000   22.5000 2778.3464   15.2967
    7.5000  -22.5000   22.5000 2761.0889   15.6360
   -7.5000  -15.0000   22.5000 2789.2324   15.0092
    0.0000  -15.0000   22.5000 2815.7456   14.3756
    7.5000  -15.0000   22.5000 2813.9595   14.8213
   -7.5000   -7.5000   22.5000 2816.9363   14.9391
    0.0000   -7.5000   22.5000 2848.0408   14.3908
    7.5000   -7.5000   22.5000 2856.4927   14.8697
   -7.5000    0.0000   22.5000 2791.8262   15.3792
    0.0000    0.0000   22.5000 2821.5354   14.9723
    7.5000    0.0000   22.5000 2832.4131   15.3708
   -7.5000    7.5000   22.5000 2725.4980   16.2482
    0.0000    7.5000   22.5000 2762.6631   15.8581
    7.5000    7.5000   22.5000 2763.5247   16.1536
   -7.5000   15.0000   22.5000 2631.6782   17.4991
    0.0000   15.0000   22.5000 2666.6887   17.1304
    7.5000   15.0000   22.5000 2660.8333   17.3252
   -7.5000   22.5000   22.5000 2503.7476   19.1765
    0.0000   22.5000   22.5000 2532.5962   18.8764
    7.5000   22.5000   22.5000 2522.8794   18.9860
   -7.5000   30.0000   22.5000 2359.4836   21.1778
    0.0000   30.0000   22.5000 2390.8418   20.9584
    7.5000   30.0000   22.5000 2376.2183   21.0470
   -7.5000   37.5000   22.5000 2169.3701   23.4604
    0.0000   37.5000   22.5000 2193.8904   23.3161
    7.5000   37.5000   22.5000 2177.7161   23.3783
   -7.5000   45.0000   22.5000 1954.6927   25.9916
    0.0000   45.0000   22.5000 1975.8721   25.8340
    7.5000   45.0000   22.5000 1959.5786   25.8970
   -7.5000  -45.0000   30.0000 2404.9409   20.4549
    0.0000  -45.0000   30.0000 2431.3718   19.9222
    7.5000  -45.0000   30.0000 2410.8140   20.1199
   -7.5000  -37.5000   30.0000 2526.0994   18.7320
    0.0000  -37.5000   30.0000 2549.7017   18.1644
    7.5000  -37.5000   30.0000 2532.2048   18.3482
   -7.5000  -30.0000   30.0000 2622.2993   17.3760
    0.0000  -30.0000   30.0000 2654.9900   16.8353
    7.5000  -30.0000   30.0000 2643.5029   17.0537
   -7.5000  -22.5000   30.0000 2710.8184   16.4331
    0.0000  -22.5000   30.0000 2735.9304   15.7719
    7.5000  -22.5000   30.0000 2727.2795   16.0330
   -7.5000  -15.0000   30.0000 2776.4976   15.8596
    0.0000  -15.0000   30.0000 2805.9062   15.2595
    7.5000  -15.0000   30.0000 2801.9155   15.5110
   -7.5000   -7.5000   30.0000 2800.3240   15.7455
    0.0000   -7.5000   30.0000 2839.7485   15.3640
    7.5000   -7.5000   30.0000 2830.1436   15.5441
   -7.5000    0.0000   30.0000 2765.1638   16.0265
    0.0000    0.0000   30.0000 2809.8027   15.7295
    7.5000    0.0000   30.0000 2796.8892   15.8271
   -7.5000    7.5000   30.0000 2695.0981   16.7466
    0.0000    7.5000   30.0000 2736.4126   16.4223
    7.5000    7.5000   30.0000 2724.2983   16.4712
   -7.5000   15.0000   30.0000 2603.4443   17.8780
    0.0000   15.0000   30.0000 2644.7502   17.5460
    7.5000   15.0000   30.0000 2628.4233   17.5634
   -7.5000   22.5000   30.0000 2480.1357   19.5183
    0.0000   22.5000   30.0000 2515.5974   19.1944
    7.5000   22.5000   30.0000 2501.1489   19.1821
   -7.5000   30.0000   30.0000 2342.3074   21.5825
    0.0000   30.0000   30.0000 2366.9785   21.2899
    7.5000   30.0000   30.0000 2359.3286   21.2739
   -7.5000   37.5000   30.0000 2155.5405   24.0103
    0.0000   37.5000   30.0000 2176.8147   23.6973
    7.5000   37.5000   30.0000 2164.4163   23.7028
   -7.5000   45.0000   30.0000 1942.1294   26.5846
    0.0000   45.0000   30.0000 1963.7850   26.2738
    7.5000   45.0000   30.0000 1952.8282   26.3028
   -7.5000  -45.0000   37.5000 2362.1831   21.3519
    0.0000  -45.0000   37.5000 2386.0173   20.7191
    7.5000  -45.0000   37.5000 2373.1069   20.8975
   -7.5000  -37.5000   37.5000 2475.2290   19.6333
    0.0000  -37.5000   37.5000 2507.2820   19.0957
    7.5000  -37.5000   37.5000 2492.7715   19.2091
   -7.5000  -30.0000   37.5000 2567.2583   18.3232
    0.0000  -30.0000   37.5000 2606.7898   17.8637
    7.5000  -30.0000   37.5000 2588.7761   17.8926
   -7.5000  -22.5000   37.5000 2657.9167   17.4051
    0.0000  -22.5000   37.5000 2691.5208   16.8659
    7.5000  -22.5000   37.5000 2668.8857   16.9116
   -7.5000  -15.0000   37.5000 2724.8762   16.8891
    0.0000  -15.0000   37.5000 2763.3979   16.4595
    7.5000  -15.0000   37.5000 2741.9509   16.5177
   -7.5000   -7.5000   37.5000 2739.0823   16.8022
    0.0000   -7.5000   37.5000 2776.0488   16.4714
    7.5000   -7.5000   37.5000 2757.0513   16.5170
   -7.5000    0.0000   37.5000 2707.3857   17.1185
    0.0000    0.0000   37.5000 2744.7590   16.8099
    7.5000    0.0000   37.5000 2726.9937   16.8096
   -7.5000    7.5000   37.5000 2637.7366   17.7984
    0.0000    7.5000   37.5000 2676.9165   17.5071
    7.5000    7.5000   37.5000 2663.0029   17.4707
   -7.5000   15.0000   37.5000 2548.9048   18.8206
    0.0000   15.0000   37.5000 2589.9148   18.5052
    7.5000   15.0000   37.5000 2569.5530   18.4567
   -7.5000   22.5000   37.5000 2426.3784   20.2697
    0.0000   22.5000   37.5000 2463.1135   19.9442
    7.5000   22.5000   37.5000 2452.0908   19.9558
   -7.5000   30.0000   37.5000 2293.3081   22.1481
    0.0000   30.0000   37.5000 2316.6782   21.8859
    7.5000   30.0000   37.5000 2306.0342   21.9123
   -7.5000   37.5000   37.5000 2115.8684   24.4274
    0.0000   37.5000   37.5000 2138.8008   24.1870
    7.5000   37.5000   37.5000 2124.1069   24.2011
   -7.5000   45.0000   37.5000 1917.5225   27.1547
    0.0000   45.0000   37.5000 1938.6802   26.7929
    7.5000   45.0000   37.5000 1930.0039   26.8246
   -7.5000  -45.0000   45.0000 2290.2751   22.5654
    0.0000  -45.0000   45.0000 2319.3235   22.0709
    7.5000  -45.0000   45.0000 2301.1086   22.1138
   -7.5000  -37.5000   45.0000 2396.2029   20.8559
    0.0000  -37.5000   45.0000 2438.7317   20.4300
    7.5000  -37.5000   45.0000 2415.0557   20.4060
   -7.5000  -30.0000   45.0000 2477.5513   19.4079
    0.0000  -30.0000   45.0000 2525.8301   18.9696
    7.5000  -30.0000   45.0000 2504.6626   18.9290
   -7.5000  -22.5000   45.0000 2565.6470   18.4049
    0.0000  -22.5000   45.0000 2610.8462   17.9603
    7.5000  -22.5000   45.0000 2583.5852   17.9754
   -7.5000  -15.0000   45.0000 2622.4812   17.9291
    0.0000  -15.0000   45.0000 2661.9165   17.5506
    7.5000  -15.0000   45.0000 2645.1956   17.5708
   -7.5000   -7.5000   45.0000 2628.6443   17.7986
    0.0000   -7.5000   45.0000 2664.8074   17.4960
    7.5000   -7.5000   45.0000 2654.7073   17.5282
   -7.5000    0.0000   45.0000 2594.6924   18.0861
    0.0000    0.0000   45.0000 2630.1619   17.7974
    7.5000    0.0000   45.0000 2621.2866   17.8474
   -7.5000    7.5000   45.0000 2532.0217   18.7731
    0.0000    7.5000   45.0000 2561.0813   18.4644
    7.5000    7.5000   45.0000 2557.2722   18.4754
   -7.5000   15.0000   45.0000 2449.6448   19.8461
    0.0000   15.0000   45.0000 2487.0571   19.5149
    7.5000   15.0000   45.0000 2477.9080   19.4921
   -7.5000   22.5000   45.0000 2339.9229   21.2463
    0.0000   22.5000   45.0000 2375.4541   20.9446
    7.5000   22.5000   45.0000 2369.9580   20.9379
   -7.5000   30.0000   45.0000 2212.2554   23.0394
    0.0000   30.0000   45.0000 2228.0159   22.7503
    7.5000   30.0000   45.0000 2221.4626   22.8144
   -7.5000   37.5000   45.0000 2051.7507   25.1966
    0.0000   37.5000   45.0000 2074.0198   24.9641
    7.5000   37.5000   45.0000 2064.8076   25.0407
   -7.5000   45.0000   45.0000 1869.5571   27.8705
    0.0000   45.0000   45.0000 1889.0778   27.6023
    7.5000   45.0000   45.0000 1880.7223   27.6460

---------------------------------------------------------------------
imgreg_4dfp /opt/freesurfer/average/711-2C_as_mni_average_305 /opt/freesurfer/average/711-2B_as_mni_average_305_mask talsrcimg_g11 none talsrcimg_to_711-2C_as_mni_average_305_t4 1283
---------------------------------------------------------------------

freesurfer imgreg_4dfp.c
/opt/freesurfer/average/711-2C_as_mni_average_305.4dfp.img
       256       256       256         1
  1.000000  1.000000  1.000000
orientation T byte_order littleendian
Reading image: /opt/freesurfer/average/711-2C_as_mni_average_305.4dfp.img
dimensions:      256       256       256
mmppix:       1.0000   -1.0000   -1.0000
center:     128.0000 -129.0000 -129.0000
/opt/freesurfer/average/711-2B_as_mni_average_305_mask.4dfp.img
       256       256       256         1
  1.000000  1.000000  1.000000
orientation T byte_order littleendian
Reading mask: /opt/freesurfer/average/711-2B_as_mni_average_305_mask.4dfp.img (2306576 pixels)
talsrcimg_g11.4dfp.img
       256       256       256         1
  0.900000  0.900000  0.900000
orientation T byte_order littleendian
Reading image: talsrcimg_g11.4dfp.img
dimensions:      256       256       256
mmppix:       0.9000   -0.9000   -0.9000
center:     115.2000 -116.1000 -116.1000
rotation matrix determinant  1.000000
fimgreg.f
image alignment mode   1283 decimal      503 hex
parameters
    7.5000   -7.5000   22.5000    0.0000    0.0000    0.0000
eta,q 0.89547 14.88253
niter,ni,del,rscale     5    3   12.0000    1.2000
parameter  4  2.130867 ->  0.500000 qaram    1.1500
parameters
    5.3340   -6.3387   21.6251   -3.4500    1.6330    1.4528
eta,q 0.90054 14.45591
  0.1067  0.1116  0.1079  0.0986  0.1047  0.1062
  0.1039  0.1054  0.1021  0.0999  0.1036  0.1036
  0.1023  0.1025  0.1013  0.1010  0.1022  0.1012
  0.1033  0.1024  0.1016  0.1015  0.1003  0.0996
  0.1078  0.1011  0.1035  0.1021  0.0997  0.0997
  0.1153  0.1020  0.1080  0.1032  0.1007  0.1009
  0.1251  0.1058  0.1099  0.1058  0.1024  0.1020
niter,ni,del,rscale     5    3   12.0000    1.2000
parameters
    4.2280   -5.2393   21.4937   -5.2741    1.3016    0.7895
eta,q 0.90144 14.33690
  0.1062  0.1093  0.1049  0.0999  0.1013  0.1023
  0.1018  0.1039  0.0993  0.0994  0.0993  0.1004
  0.1002  0.1013  0.0974  0.0988  0.0986  0.0989
  0.0995  0.0997  0.0983  0.0983  0.0986  0.0986
  0.1022  0.0976  0.0993  0.0995  0.0990  0.0999
  0.1071  0.1001  0.1023  0.1013  0.1000  0.1021
  0.1136  0.1042  0.1031  0.1029  0.1017  0.1037
niter,ni,del,rscale     4    3   12.0000    1.2000
parameters
    4.3822   -4.4903   21.2381   -6.2102    1.4739    0.2714
eta,q 0.90206 14.37211
  0.1065  0.1068  0.1016  0.1005  0.1014  0.1017
  0.1024  0.1017  0.0978  0.0992  0.0995  0.0996
  0.0999  0.0997  0.0974  0.0984  0.0983  0.0983
  0.0986  0.0984  0.0976  0.0977  0.0980  0.0980
  0.0984  0.0970  0.0976  0.0981  0.0984  0.0990
  0.1014  0.0998  0.1000  0.1008  0.0995  0.1009
  0.1064  0.1034  0.1012  0.1028  0.1008  0.1028
niter,ni,del,rscale     3    3   12.0000    1.2000
parameters
    4.4635   -3.9156   21.1858   -6.8951    1.4965   -0.0453
eta,q 0.90287 14.41911
  0.1051  0.1055  0.1010  0.1002  0.1012  0.1014
  0.1021  0.1006  0.0975  0.0987  0.0991  0.0990
  0.1000  0.0996  0.0973  0.0976  0.0975  0.0974
  0.0979  0.0979  0.0970  0.0971  0.0972  0.0972
  0.0979  0.0967  0.0967  0.0973  0.0980  0.0983
  0.1007  0.1000  0.0992  0.0996  0.0994  0.1001
  0.1061  0.1030  0.1002  0.1023  0.1007  0.1018
niter,ni,del,rscale     2    3   12.0000    1.2000
parameters
    4.4865   -3.4556   21.2052   -7.7326    1.3982   -0.4527
eta,q 0.90363 14.43570
  0.1046  0.1040  0.1010  0.0998  0.1013  0.1009
  0.1020  0.1000  0.0976  0.0980  0.0987  0.0983
  0.0996  0.0997  0.0974  0.0970  0.0969  0.0966
  0.0971  0.0971  0.0965  0.0964  0.0965  0.0965
  0.0976  0.0968  0.0962  0.0973  0.0978  0.0979
  0.1004  0.0999  0.0990  0.0994  0.0994  0.0998
  0.1061  0.1023  0.1004  0.1021  0.1010  0.1014
niter,ni,del,rscale     1    3   12.0000    1.2000
parameters
    4.3717   -2.7415   21.2563   -9.4762    1.0831   -1.1326
eta,q 0.90473 14.43686
  0.1044  0.1028  0.1015  0.0985  0.1017  0.0996
  0.1016  0.0999  0.0985  0.0963  0.0987  0.0974
  0.0987  0.0994  0.0979  0.0956  0.0959  0.0956
  0.0964  0.0964  0.0959  0.0958  0.0955  0.0955
  0.0977  0.0966  0.0957  0.0975  0.0972  0.0970
  0.1008  0.0989  0.0991  0.1001  0.0998  0.0993
  0.1063  0.1008  0.1016  0.1024  0.1027  0.1012
registration optimization eta report
parameter search radius
    6.0000    6.0000    6.0000    6.9000    6.0000    6.0000
100000*second partial in parameter space
       23.       13.       15.        9.       18.       13.
  0.1044  0.1028  0.1015  0.0985  0.1017  0.0996
  0.1016  0.0999  0.0985  0.0963  0.0987  0.0974
  0.0987  0.0994  0.0979  0.0956  0.0959  0.0956
  0.0964  0.0964  0.0959  0.0958  0.0955  0.0955
  0.0977  0.0966  0.0957  0.0975  0.0972  0.0970
  0.1008  0.0989  0.0991  0.1001  0.0998  0.0993
  0.1063  0.1008  0.1016  0.1024  0.1027  0.1012
    4.3717   -2.7415   21.2563   -9.4762    1.0831   -1.1326
eta,q 0.90473 14.43686

---------------------------------------------------------------------
imgreg_4dfp /opt/freesurfer/average/711-2C_as_mni_average_305 /opt/freesurfer/average/711-2B_as_mni_average_305_mask talsrcimg_g11 none talsrcimg_to_711-2C_as_mni_average_305_t4 3335
---------------------------------------------------------------------

freesurfer imgreg_4dfp.c
/opt/freesurfer/average/711-2C_as_mni_average_305.4dfp.img
       256       256       256         1
  1.000000  1.000000  1.000000
orientation T byte_order littleendian
Reading image: /opt/freesurfer/average/711-2C_as_mni_average_305.4dfp.img
dimensions:      256       256       256
mmppix:       1.0000   -1.0000   -1.0000
center:     128.0000 -129.0000 -129.0000
/opt/freesurfer/average/711-2B_as_mni_average_305_mask.4dfp.img
       256       256       256         1
  1.000000  1.000000  1.000000
orientation T byte_order littleendian
Reading mask: /opt/freesurfer/average/711-2B_as_mni_average_305_mask.4dfp.img (2306576 pixels)
talsrcimg_g11.4dfp.img
       256       256       256         1
  0.900000  0.900000  0.900000
orientation T byte_order littleendian
Reading image: talsrcimg_g11.4dfp.img
dimensions:      256       256       256
mmppix:       0.9000   -0.9000   -0.9000
center:     115.2000 -116.1000 -116.1000
fimgreg.f
image alignment mode   3335 decimal      D07 hex
parameters
    4.3717   -2.7415   21.2563   -0.0374   -1.3900   -1.3822
    2.2609   -1.5386   -1.9764   16.4975    1.8902  -16.4609
eta,q 0.90373 14.57890
niter,ni,del,rscale     5    3    5.0000    1.2000
parameter  3  0.856472 ->  0.500000 qaram    1.1500
parameter  4  2.482227 ->  0.500000 qaram    1.1500
parameter  5  1.471183 ->  0.500000 qaram    1.1500
parameter  6  3.898355 ->  0.500000 qaram    1.1500
parameter 10 -0.812177 -> -0.500000 qaram    1.1500
parameter 11  0.809695 ->  0.500000 qaram    1.1500
parameter 12 -2.095039 -> -0.500000 qaram    1.1500
parameters
    4.3727   -2.0956   19.8763   -4.1774   -5.5300   -5.5222
    3.1257    1.1352   -0.0603   20.6375   -2.2498  -12.3209
eta,q 0.92384 13.93382
  0.0979  0.0979  0.0957  0.0869  0.0839  0.0763  0.0814  0.0834  0.0812  0.0843  0.0781  0.0822
  0.0971  0.0970  0.0957  0.0892  0.0852  0.0792  0.0807  0.0819  0.0806  0.0826  0.0779  0.0808
  0.0965  0.0965  0.0958  0.0920  0.0871  0.0829  0.0804  0.0809  0.0802  0.0811  0.0781  0.0793
  0.0963  0.0963  0.0962  0.0957  0.0899  0.0856  0.0802  0.0801  0.0799  0.0799  0.0787  0.0779
  0.0964  0.0962  0.0968  0.0999  0.0930  0.0892  0.0802  0.0799  0.0799  0.0790  0.0795  0.0768
  0.0970  0.0963  0.0975  0.1045  0.0971  0.0933  0.0804  0.0801  0.0800  0.0786  0.0805  0.0760
  0.0980  0.0967  0.0984  0.1090  0.1017  0.0980  0.0809  0.0806  0.0803  0.0789  0.0815  0.0754
niter,ni,del,rscale     7    3    5.0000    1.2000
parameter  1  0.670842 ->  0.500000 qaram    1.1500
parameter  3 -0.614738 -> -0.500000 qaram    1.3225
parameter  4  7.540720 ->  0.500000 qaram    1.3225
parameter  5  1.889863 ->  0.500000 qaram    1.3225
parameter  6  1.399396 ->  0.500000 qaram    1.3225
parameter  8 -1.087062 -> -0.500000 qaram    1.1500
parameter 12 -0.694991 -> -0.500000 qaram    1.3225
parameters
    2.9927   -1.9187   21.4633   -8.9384  -10.2910  -10.2832
    2.3725    5.2752    0.1751   22.5375    1.1501   -7.5599
eta,q 0.94744 13.80270
  0.0757  0.0772  0.0787  0.0640  0.0600  0.0555  0.0593  0.0655  0.0562  0.0604  0.0596  0.0580
  0.0756  0.0763  0.0777  0.0671  0.0625  0.0571  0.0583  0.0634  0.0553  0.0579  0.0571  0.0562
  0.0758  0.0758  0.0766  0.0710  0.0649  0.0597  0.0578  0.0607  0.0548  0.0559  0.0552  0.0547
  0.0762  0.0756  0.0756  0.0750  0.0682  0.0632  0.0577  0.0577  0.0546  0.0546  0.0540  0.0535
  0.0769  0.0757  0.0751  0.0789  0.0721  0.0687  0.0581  0.0553  0.0547  0.0539  0.0535  0.0528
  0.0779  0.0761  0.0751  0.0830  0.0769  0.0741  0.0589  0.0545  0.0552  0.0547  0.0538  0.0526
  0.0793  0.0767  0.0755  0.0874  0.0822  0.0805  0.0600  0.0553  0.0560  0.0571  0.0546  0.0529
niter,ni,del,rscale     7    3    5.0000    1.2000
parameter  3  0.547131 ->  0.500000 qaram    1.5209
parameter  4  0.790523 ->  0.500000 qaram    1.5209
parameter  5  1.126494 ->  0.500000 qaram    1.5209
parameter  6  0.582272 ->  0.500000 qaram    1.5209
parameters
    2.4697   -1.3679   19.6383  -14.4136  -15.7661  -15.7584
    1.5795    1.9710   -2.0143   23.6953   -0.7503   -7.5331
eta,q 0.95670 13.32733
  0.0550  0.0549  0.0522  0.0478  0.0436  0.0438  0.0455  0.0450  0.0441  0.0469  0.0440  0.0453
  0.0533  0.0537  0.0514  0.0479  0.0444  0.0443  0.0448  0.0438  0.0437  0.0454  0.0434  0.0442
  0.0525  0.0528  0.0515  0.0488  0.0458  0.0444  0.0444  0.0437  0.0436  0.0443  0.0433  0.0435
  0.0526  0.0524  0.0523  0.0513  0.0480  0.0447  0.0444  0.0443  0.0437  0.0436  0.0434  0.0433
  0.0536  0.0524  0.0538  0.0561  0.0504  0.0488  0.0446  0.0455  0.0440  0.0434  0.0437  0.0435
  0.0553  0.0527  0.0556  0.0628  0.0543  0.0556  0.0452  0.0471  0.0445  0.0440  0.0442  0.0442
  0.0578  0.0533  0.0579  0.0690  0.0587  0.0617  0.0461  0.0495  0.0451  0.0457  0.0448  0.0452
niter,ni,del,rscale     7    3    5.0000    1.2000
parameter  2  1.087357 ->  0.500000 qaram    1.1500
parameter  3  2.037886 ->  0.500000 qaram    1.7490
parameter  5  0.712759 ->  0.500000 qaram    1.7490
parameter 10  5.038212 ->  0.500000 qaram    1.3225
parameter 12  2.074700 ->  0.500000 qaram    1.5209
parameters
    1.6812   -2.7479   17.5394  -17.6425  -22.0626  -21.1368
    0.9012    2.0433   -0.0184   18.9343    1.0302  -13.0083
eta,q 0.97045 13.08318
  0.0446  0.0414  0.0369  0.0406  0.0370  0.0363  0.0376  0.0389  0.0380  0.0309  0.0332  0.0285
  0.0435  0.0415  0.0378  0.0393  0.0367  0.0360  0.0366  0.0371  0.0370  0.0320  0.0328  0.0292
  0.0430  0.0421  0.0395  0.0384  0.0371  0.0359  0.0360  0.0362  0.0363  0.0337  0.0326  0.0306
  0.0433  0.0430  0.0417  0.0382  0.0384  0.0367  0.0359  0.0359  0.0359  0.0358  0.0324  0.0324
  0.0442  0.0443  0.0441  0.0397  0.0404  0.0388  0.0363  0.0362  0.0358  0.0378  0.0324  0.0345
  0.0457  0.0458  0.0468  0.0440  0.0432  0.0441  0.0372  0.0372  0.0360  0.0397  0.0325  0.0368
  0.0477  0.0475  0.0496  0.0498  0.0464  0.0507  0.0384  0.0387  0.0365  0.0417  0.0327  0.0390
niter,ni,del,rscale     7    3    5.0000    1.2000
parameter  2  0.500112 ->  0.500000 qaram    1.3225
parameter  3  0.757194 ->  0.500000 qaram    2.0114
parameter  4 -0.627525 -> -0.500000 qaram    1.7490
parameter 12  0.787335 ->  0.500000 qaram    1.7490
parameters
    1.9573   -4.3349   15.1258  -11.3461  -23.0901  -21.2246
    0.1080    2.6391   -0.1887   18.7811   -0.0633  -19.3047
eta,q 0.97607 13.29560
  0.0331  0.0296  0.0265  0.0327  0.0337  0.0319  0.0272  0.0317  0.0273  0.0300  0.0259  0.0241
  0.0313  0.0287  0.0266  0.0303  0.0300  0.0293  0.0259  0.0276  0.0261  0.0275  0.0254  0.0239
  0.0301  0.0287  0.0273  0.0283  0.0269  0.0270  0.0253  0.0255  0.0254  0.0259  0.0252  0.0243
  0.0295  0.0295  0.0286  0.0267  0.0248  0.0252  0.0252  0.0252  0.0252  0.0252  0.0252  0.0252
  0.0297  0.0312  0.0308  0.0255  0.0259  0.0239  0.0257  0.0259  0.0256  0.0257  0.0255  0.0266
  0.0305  0.0337  0.0339  0.0247  0.0321  0.0260  0.0267  0.0273  0.0263  0.0275  0.0258  0.0283
  0.0319  0.0366  0.0381  0.0263  0.0382  0.0356  0.0282  0.0294  0.0275  0.0306  0.0263  0.0304
niter,ni,del,rscale     7    3    5.0000    1.2000
parameters
    1.7645   -3.7391   13.2977  -13.8803  -23.5051  -21.0886
    0.1249    2.7736    0.4098   21.0085    0.9629  -24.0491
eta,q 0.97693 13.23236
  0.0272  0.0302  0.0248  0.0280  0.0336  0.0312  0.0264  0.0291  0.0261  0.0303  0.0244  0.0247
  0.0253  0.0272  0.0234  0.0258  0.0297  0.0283  0.0250  0.0256  0.0249  0.0270  0.0239  0.0234
  0.0242  0.0251  0.0231  0.0242  0.0262  0.0258  0.0241  0.0240  0.0242  0.0249  0.0237  0.0231
  0.0239  0.0239  0.0237  0.0230  0.0237  0.0239  0.0238  0.0238  0.0239  0.0239  0.0237  0.0237
  0.0245  0.0238  0.0253  0.0237  0.0240  0.0224  0.0242  0.0247  0.0240  0.0238  0.0238  0.0251
  0.0260  0.0248  0.0279  0.0302  0.0301  0.0244  0.0250  0.0261  0.0245  0.0246  0.0238  0.0269
  0.0284  0.0269  0.0318  0.0378  0.0364  0.0343  0.0263  0.0281  0.0254  0.0260  0.0240  0.0289
niter,ni,del,rscale     6    3    5.0000    1.2000
parameters
    1.8647   -3.5872   12.7002  -14.3825  -24.2473  -21.5501
   -0.2591    2.7809    0.4246   22.4540    0.8126  -24.3887
eta,q 0.97643 13.19923
  0.0266  0.0279  0.0268  0.0292  0.0327  0.0310  0.0259  0.0285  0.0253  0.0288  0.0242  0.0277
  0.0248  0.0254  0.0241  0.0265  0.0290  0.0280  0.0245  0.0252  0.0243  0.0259  0.0238  0.0248
  0.0236  0.0238  0.0230  0.0245  0.0255  0.0254  0.0238  0.0238  0.0238  0.0243  0.0236  0.0237
  0.0231  0.0231  0.0230  0.0229  0.0231  0.0234  0.0236  0.0236  0.0236  0.0236  0.0236  0.0236
  0.0234  0.0233  0.0241  0.0218  0.0238  0.0218  0.0240  0.0244  0.0238  0.0238  0.0237  0.0243
  0.0244  0.0247  0.0260  0.0247  0.0304  0.0259  0.0250  0.0258  0.0243  0.0247  0.0239  0.0258
  0.0261  0.0272  0.0288  0.0335  0.0365  0.0365  0.0263  0.0278  0.0253  0.0261  0.0242  0.0275
niter,ni,del,rscale     5    3    5.0000    1.2000
parameters
    1.9125   -3.2633   12.4086  -14.3616  -24.7891  -21.9039
   -0.5038    2.9851    0.6895   23.1380    0.1089  -24.8049
eta,q 0.97612 13.17925
  0.0268  0.0282  0.0277  0.0297  0.0328  0.0313  0.0261  0.0289  0.0255  0.0278  0.0244  0.0277
  0.0251  0.0259  0.0249  0.0271  0.0293  0.0283  0.0248  0.0255  0.0246  0.0255  0.0240  0.0251
  0.0240  0.0243  0.0237  0.0250  0.0260  0.0258  0.0241  0.0241  0.0241  0.0243  0.0239  0.0240
  0.0236  0.0236  0.0235  0.0235  0.0235  0.0237  0.0239  0.0239  0.0239  0.0239  0.0239  0.0239
  0.0239  0.0237  0.0243  0.0222  0.0236  0.0221  0.0243  0.0246  0.0240  0.0243  0.0240  0.0246
  0.0249  0.0247  0.0260  0.0243  0.0298  0.0258  0.0252  0.0258  0.0245  0.0252  0.0242  0.0260
  0.0266  0.0267  0.0284  0.0324  0.0362  0.0363  0.0264  0.0278  0.0253  0.0266  0.0245  0.0277
niter,ni,del,rscale     4    3    5.0000    1.2000
parameters
    1.9563   -3.0022   12.2023  -14.4415  -25.3080  -22.2342
   -0.7440    3.1725    1.0440   23.7765   -0.4034  -25.1013
eta,q 0.97576 13.15555
  0.0270  0.0280  0.0281  0.0298  0.0328  0.0314  0.0264  0.0291  0.0258  0.0277  0.0248  0.0279
  0.0254  0.0259  0.0253  0.0273  0.0295  0.0286  0.0252  0.0258  0.0249  0.0257  0.0243  0.0254
  0.0243  0.0245  0.0240  0.0253  0.0264  0.0261  0.0244  0.0244  0.0245  0.0246  0.0242  0.0244
  0.0239  0.0239  0.0238  0.0238  0.0238  0.0241  0.0242  0.0242  0.0243  0.0243  0.0243  0.0243
  0.0242  0.0241  0.0246  0.0226  0.0237  0.0225  0.0246  0.0249  0.0244  0.0246  0.0244  0.0249
  0.0252  0.0250  0.0262  0.0247  0.0296  0.0261  0.0254  0.0262  0.0248  0.0254  0.0245  0.0262
  0.0268  0.0269  0.0285  0.0327  0.0363  0.0363  0.0266  0.0281  0.0255  0.0267  0.0248  0.0278
niter,ni,del,rscale     3    3    5.0000    1.2000
parameters
    2.0182   -2.7085   11.9621  -14.5400  -25.8873  -22.6307
   -1.0888    3.3706    1.3824   24.6018   -0.9005  -25.4028
eta,q 0.97537 13.12921
  0.0273  0.0282  0.0283  0.0300  0.0327  0.0315  0.0266  0.0294  0.0261  0.0279  0.0252  0.0280
  0.0257  0.0262  0.0256  0.0275  0.0295  0.0288  0.0255  0.0261  0.0253  0.0261  0.0247  0.0257
  0.0246  0.0249  0.0243  0.0256  0.0266  0.0264  0.0248  0.0247  0.0249  0.0251  0.0246  0.0248
  0.0242  0.0242  0.0242  0.0242  0.0242  0.0244  0.0246  0.0246  0.0247  0.0247  0.0247  0.0246
  0.0245  0.0244  0.0250  0.0230  0.0240  0.0230  0.0250  0.0253  0.0247  0.0249  0.0247  0.0252
  0.0255  0.0253  0.0265  0.0250  0.0297  0.0265  0.0258  0.0265  0.0251  0.0256  0.0249  0.0264
  0.0270  0.0270  0.0288  0.0329  0.0364  0.0364  0.0269  0.0283  0.0258  0.0269  0.0252  0.0279
niter,ni,del,rscale     2    3    5.0000    1.2000
parameters
    2.1201   -2.3299   11.6307  -14.7003  -26.6551  -23.2033
   -1.5921    3.6429    1.6297   25.8309   -0.8750  -25.7545
eta,q 0.97493 13.09136
  0.0276  0.0285  0.0283  0.0301  0.0325  0.0315  0.0269  0.0298  0.0264  0.0284  0.0256  0.0280
  0.0261  0.0266  0.0258  0.0277  0.0294  0.0289  0.0258  0.0266  0.0258  0.0267  0.0252  0.0261
  0.0250  0.0253  0.0246  0.0258  0.0267  0.0267  0.0252  0.0252  0.0253  0.0257  0.0251  0.0252
  0.0246  0.0246  0.0245  0.0245  0.0245  0.0249  0.0251  0.0251  0.0251  0.0251  0.0251  0.0251
  0.0249  0.0247  0.0253  0.0234  0.0244  0.0235  0.0255  0.0258  0.0252  0.0252  0.0252  0.0256
  0.0258  0.0254  0.0269  0.0254  0.0300  0.0271  0.0263  0.0269  0.0256  0.0258  0.0253  0.0266
  0.0273  0.0271  0.0291  0.0330  0.0367  0.0369  0.0274  0.0285  0.0263  0.0271  0.0255  0.0280
niter,ni,del,rscale     1    3    5.0000    1.2000
parameters
    2.2924   -1.7998   11.1003  -14.8482  -27.7803  -24.0580
   -2.2864    3.9589    1.3941   27.7811    0.3617  -26.1280
eta,q 0.97454 13.03546
  0.0281  0.0290  0.0281  0.0303  0.0321  0.0312  0.0271  0.0300  0.0267  0.0292  0.0261  0.0280
  0.0265  0.0272  0.0259  0.0279  0.0292  0.0288  0.0262  0.0270  0.0261  0.0276  0.0257  0.0265
  0.0255  0.0258  0.0249  0.0261  0.0267  0.0268  0.0257  0.0257  0.0257  0.0264  0.0255  0.0257
  0.0251  0.0251  0.0249  0.0248  0.0249  0.0253  0.0256  0.0256  0.0256  0.0256  0.0255  0.0255
  0.0253  0.0250  0.0258  0.0238  0.0249  0.0241  0.0260  0.0262  0.0258  0.0255  0.0255  0.0259
  0.0261  0.0256  0.0273  0.0257  0.0305  0.0277  0.0268  0.0272  0.0262  0.0260  0.0256  0.0268
  0.0274  0.0272  0.0296  0.0330  0.0374  0.0376  0.0278  0.0288  0.0268  0.0272  0.0257  0.0282
registration optimization eta report
parameter search radius
    2.7600    3.1740    4.8273   12.5928   12.5928   10.9503
    7.2000    8.2800    7.2000    9.5220    8.2800   12.5928
100000*second partial in parameter space
       35.       30.       17.        5.        6.        8.
        4.        6.        2.        3.        1.        2.
  0.0281  0.0290  0.0281  0.0303  0.0321  0.0312  0.0271  0.0300  0.0267  0.0292  0.0261  0.0280
  0.0265  0.0272  0.0259  0.0279  0.0292  0.0288  0.0262  0.0270  0.0261  0.0276  0.0257  0.0265
  0.0255  0.0258  0.0249  0.0261  0.0267  0.0268  0.0257  0.0257  0.0257  0.0264  0.0255  0.0257
  0.0251  0.0251  0.0249  0.0248  0.0249  0.0253  0.0256  0.0256  0.0256  0.0256  0.0255  0.0255
  0.0253  0.0250  0.0258  0.0238  0.0249  0.0241  0.0260  0.0262  0.0258  0.0255  0.0255  0.0259
  0.0261  0.0256  0.0273  0.0257  0.0305  0.0277  0.0268  0.0272  0.0262  0.0260  0.0256  0.0268
  0.0274  0.0272  0.0296  0.0330  0.0374  0.0376  0.0278  0.0288  0.0268  0.0272  0.0257  0.0282
    2.2924   -1.7998   11.1003  -14.8482  -27.7803  -24.0580
   -2.2864    3.9589    1.3941   27.7811    0.3617  -26.1280
eta,q 0.97454 13.03546

---------------------------------------------------------------------
imgreg_4dfp /opt/freesurfer/average/711-2C_as_mni_average_305 /opt/freesurfer/average/711-2B_as_mni_average_305_mask talsrcimg_g11 none talsrcimg_to_711-2C_as_mni_average_305_t4 2311
---------------------------------------------------------------------

freesurfer imgreg_4dfp.c
/opt/freesurfer/average/711-2C_as_mni_average_305.4dfp.img
       256       256       256         1
  1.000000  1.000000  1.000000
orientation T byte_order littleendian
Reading image: /opt/freesurfer/average/711-2C_as_mni_average_305.4dfp.img
dimensions:      256       256       256
mmppix:       1.0000   -1.0000   -1.0000
center:     128.0000 -129.0000 -129.0000
/opt/freesurfer/average/711-2B_as_mni_average_305_mask.4dfp.img
       256       256       256         1
  1.000000  1.000000  1.000000
orientation T byte_order littleendian
Reading mask: /opt/freesurfer/average/711-2B_as_mni_average_305_mask.4dfp.img (2306576 pixels)
talsrcimg_g11.4dfp.img
       256       256       256         1
  0.900000  0.900000  0.900000
orientation T byte_order littleendian
Reading image: talsrcimg_g11.4dfp.img
dimensions:      256       256       256
mmppix:       0.9000   -0.9000   -0.9000
center:     115.2000 -116.1000 -116.1000
fimgreg.f
image alignment mode   2311 decimal      907 hex
parameters
    2.2924   -1.7998   11.1003  -14.8482  -27.7803  -24.0580
   -2.2864    3.9589    1.3941   27.7811    0.3617  -26.1280
eta,q 0.97454 13.03545
niter,ni,del,rscale     5    3    5.0000    0.8000
parameter  2 -0.506811 -> -0.500000 qaram    1.1500
parameter  3  0.626839 ->  0.500000 qaram    1.1500
parameter  4 -2.275533 -> -0.500000 qaram    1.1500
parameters
    2.5017   -0.8798   10.1803  -12.0882  -27.3026  -21.9050
   -2.4780    4.6048    1.4626   29.4995    1.8416  -26.2048
eta,q 0.97656 13.22511
  0.0266  0.0271  0.0252  0.0265  0.0263  0.0262  0.0248  0.0275  0.0245  0.0256  0.0249  0.0240
  0.0260  0.0264  0.0251  0.0259  0.0255  0.0255  0.0242  0.0255  0.0240  0.0247  0.0242  0.0237
  0.0256  0.0258  0.0251  0.0255  0.0249  0.0249  0.0238  0.0243  0.0238  0.0241  0.0238  0.0235
  0.0255  0.0254  0.0252  0.0251  0.0244  0.0244  0.0237  0.0237  0.0237  0.0237  0.0235  0.0234
  0.0255  0.0253  0.0255  0.0247  0.0243  0.0239  0.0239  0.0238  0.0238  0.0235  0.0234  0.0235
  0.0257  0.0253  0.0257  0.0243  0.0247  0.0237  0.0243  0.0245  0.0240  0.0236  0.0235  0.0237
  0.0261  0.0255  0.0261  0.0242  0.0259  0.0247  0.0250  0.0259  0.0244  0.0241  0.0238  0.0240
niter,ni,del,rscale     7    3    5.0000    1.0000
parameters
    2.4893   -1.4667   10.5926  -12.6191  -27.1704  -22.6954
   -2.5629    4.0888    0.3618   29.2055    2.7689  -26.3841
eta,q 0.97628 13.21093
  0.0256  0.0245  0.0259  0.0257  0.0259  0.0262  0.0253  0.0267  0.0244  0.0252  0.0246  0.0245
  0.0244  0.0237  0.0245  0.0248  0.0249  0.0253  0.0245  0.0247  0.0240  0.0244  0.0241  0.0240
  0.0237  0.0234  0.0237  0.0240  0.0240  0.0244  0.0240  0.0239  0.0237  0.0239  0.0238  0.0238
  0.0234  0.0234  0.0233  0.0233  0.0235  0.0235  0.0238  0.0238  0.0238  0.0237  0.0237  0.0237
  0.0236  0.0240  0.0234  0.0232  0.0234  0.0233  0.0240  0.0243  0.0240  0.0239  0.0237  0.0238
  0.0244  0.0252  0.0238  0.0246  0.0241  0.0256  0.0246  0.0256  0.0245  0.0244  0.0238  0.0241
  0.0257  0.0270  0.0244  0.0279  0.0263  0.0305  0.0254  0.0280  0.0252  0.0257  0.0241  0.0245
niter,ni,del,rscale     6    3    5.0000    0.9000
parameters
    2.5208   -1.4600   10.2876  -12.0245  -26.9969  -22.9526
   -2.1715    3.9804    0.3281   29.6252    3.1330  -26.2543
eta,q 0.97644 13.23623
  0.0252  0.0254  0.0244  0.0258  0.0256  0.0259  0.0252  0.0266  0.0245  0.0250  0.0243  0.0243
  0.0244  0.0245  0.0239  0.0250  0.0247  0.0251  0.0243  0.0247  0.0240  0.0243  0.0239  0.0239
  0.0239  0.0239  0.0237  0.0243  0.0240  0.0243  0.0238  0.0238  0.0237  0.0238  0.0236  0.0236
  0.0237  0.0237  0.0237  0.0237  0.0235  0.0235  0.0236  0.0236  0.0236  0.0236  0.0236  0.0236
  0.0238  0.0239  0.0239  0.0233  0.0234  0.0231  0.0237  0.0239  0.0237  0.0236  0.0236  0.0236
  0.0243  0.0244  0.0243  0.0238  0.0241  0.0243  0.0241  0.0249  0.0240  0.0239  0.0238  0.0238
  0.0251  0.0254  0.0249  0.0257  0.0258  0.0278  0.0248  0.0268  0.0245  0.0247  0.0241  0.0242
niter,ni,del,rscale     5    3    5.0000    0.8000
parameters
    2.4192   -1.4923   10.1462  -11.6990  -26.7763  -22.9064
   -1.9342    3.8284    0.3048   29.6547    3.3450  -26.1171
eta,q 0.97660 13.25657
  0.0247  0.0249  0.0243  0.0254  0.0252  0.0256  0.0247  0.0261  0.0242  0.0245  0.0241  0.0240
  0.0240  0.0242  0.0238  0.0247  0.0244  0.0249  0.0240  0.0245  0.0237  0.0239  0.0237  0.0237
  0.0237  0.0237  0.0236  0.0241  0.0238  0.0241  0.0236  0.0236  0.0235  0.0236  0.0235  0.0235
  0.0236  0.0236  0.0236  0.0235  0.0235  0.0234  0.0234  0.0234  0.0234  0.0234  0.0234  0.0234
  0.0237  0.0237  0.0237  0.0233  0.0234  0.0231  0.0235  0.0237  0.0235  0.0235  0.0234  0.0235
  0.0242  0.0242  0.0240  0.0239  0.0239  0.0239  0.0239  0.0247  0.0238  0.0238  0.0236  0.0236
  0.0250  0.0250  0.0245  0.0256  0.0252  0.0265  0.0244  0.0264  0.0242  0.0246  0.0240  0.0239
niter,ni,del,rscale     4    3    5.0000    0.7000
parameters
    2.3512   -1.5559   10.1618  -11.4012  -26.5053  -22.6550
   -1.7187    3.7119    0.2992   29.4909    3.4382  -26.0254
eta,q 0.97679 13.28101
  0.0243  0.0244  0.0241  0.0250  0.0247  0.0253  0.0242  0.0255  0.0239  0.0240  0.0238  0.0237
  0.0238  0.0238  0.0237  0.0244  0.0241  0.0246  0.0237  0.0242  0.0235  0.0236  0.0235  0.0234
  0.0235  0.0235  0.0235  0.0239  0.0236  0.0239  0.0233  0.0234  0.0233  0.0233  0.0233  0.0233
  0.0234  0.0234  0.0234  0.0234  0.0233  0.0233  0.0232  0.0232  0.0232  0.0232  0.0232  0.0232
  0.0235  0.0235  0.0235  0.0232  0.0233  0.0230  0.0233  0.0235  0.0233  0.0233  0.0233  0.0233
  0.0239  0.0239  0.0237  0.0237  0.0236  0.0235  0.0236  0.0244  0.0235  0.0236  0.0234  0.0234
  0.0246  0.0246  0.0241  0.0251  0.0246  0.0255  0.0240  0.0258  0.0239  0.0242  0.0238  0.0236
niter,ni,del,rscale     3    3    5.0000    0.6000
parameters
    2.2874   -1.6546   10.2888  -11.1491  -26.1734  -22.2603
   -1.5052    3.6092    0.3256   29.1652    3.4430  -25.9751
eta,q 0.97701 13.30859
  0.0240  0.0239  0.0239  0.0245  0.0243  0.0248  0.0238  0.0249  0.0235  0.0235  0.0235  0.0234
  0.0235  0.0235  0.0235  0.0241  0.0238  0.0242  0.0234  0.0238  0.0232  0.0232  0.0232  0.0232
  0.0233  0.0233  0.0233  0.0236  0.0234  0.0236  0.0231  0.0232  0.0230  0.0231  0.0231  0.0230
  0.0232  0.0232  0.0232  0.0232  0.0232  0.0231  0.0230  0.0230  0.0230  0.0230  0.0230  0.0230
  0.0233  0.0233  0.0232  0.0231  0.0231  0.0229  0.0230  0.0233  0.0230  0.0231  0.0230  0.0230
  0.0236  0.0236  0.0234  0.0235  0.0234  0.0232  0.0233  0.0240  0.0232  0.0233  0.0232  0.0231
  0.0242  0.0242  0.0237  0.0246  0.0241  0.0246  0.0236  0.0252  0.0235  0.0239  0.0235  0.0233
niter,ni,del,rscale     2    3    5.0000    0.5000
parameters
    2.2128   -1.7859   10.5018  -10.9353  -25.8049  -21.7634
   -1.2778    3.5021    0.3945   28.7085    3.3631  -25.9022
eta,q 0.97724 13.33769
  0.0235  0.0234  0.0236  0.0240  0.0238  0.0243  0.0234  0.0243  0.0232  0.0231  0.0231  0.0230
  0.0232  0.0232  0.0233  0.0236  0.0234  0.0238  0.0231  0.0234  0.0229  0.0229  0.0229  0.0229
  0.0230  0.0230  0.0231  0.0233  0.0231  0.0233  0.0229  0.0229  0.0228  0.0228  0.0228  0.0228
  0.0230  0.0230  0.0230  0.0230  0.0229  0.0229  0.0228  0.0228  0.0228  0.0228  0.0228  0.0228
  0.0231  0.0231  0.0230  0.0229  0.0229  0.0227  0.0228  0.0230  0.0228  0.0229  0.0228  0.0228
  0.0233  0.0233  0.0231  0.0232  0.0231  0.0230  0.0230  0.0236  0.0229  0.0231  0.0230  0.0229
  0.0237  0.0237  0.0233  0.0240  0.0235  0.0239  0.0232  0.0245  0.0231  0.0235  0.0232  0.0230
niter,ni,del,rscale     1    3    5.0000    0.4000
parameters
    2.1225   -1.9433   10.7880  -10.7182  -25.3908  -21.2013
   -1.0460    3.3973    0.5420   28.0887    3.1653  -25.8332
eta,q 0.97749 13.36852
  0.0231  0.0230  0.0233  0.0235  0.0233  0.0238  0.0230  0.0236  0.0228  0.0227  0.0228  0.0227
  0.0229  0.0228  0.0230  0.0232  0.0230  0.0234  0.0227  0.0230  0.0227  0.0226  0.0226  0.0226
  0.0228  0.0228  0.0228  0.0229  0.0228  0.0230  0.0226  0.0226  0.0226  0.0225  0.0225  0.0225
  0.0228  0.0228  0.0227  0.0227  0.0227  0.0227  0.0225  0.0225  0.0225  0.0225  0.0225  0.0225
  0.0228  0.0228  0.0227  0.0227  0.0227  0.0225  0.0225  0.0227  0.0225  0.0226  0.0226  0.0225
  0.0230  0.0230  0.0228  0.0229  0.0228  0.0226  0.0227  0.0231  0.0226  0.0228  0.0227  0.0226
  0.0233  0.0233  0.0229  0.0234  0.0230  0.0232  0.0228  0.0238  0.0227  0.0231  0.0229  0.0227
registration optimization eta report
parameter search radius
    0.8000    0.9200    0.9200    2.7600    2.4000    2.4000
    2.4000    2.4000    2.4000    2.4000    2.4000    2.4000
100000*second partial in parameter space
       69.       46.       37.       10.        8.       15.
        6.       20.        4.        6.        5.        3.
  0.0231  0.0230  0.0233  0.0235  0.0233  0.0238  0.0230  0.0236  0.0228  0.0227  0.0228  0.0227
  0.0229  0.0228  0.0230  0.0232  0.0230  0.0234  0.0227  0.0230  0.0227  0.0226  0.0226  0.0226
  0.0228  0.0228  0.0228  0.0229  0.0228  0.0230  0.0226  0.0226  0.0226  0.0225  0.0225  0.0225
  0.0228  0.0228  0.0227  0.0227  0.0227  0.0227  0.0225  0.0225  0.0225  0.0225  0.0225  0.0225
  0.0228  0.0228  0.0227  0.0227  0.0227  0.0225  0.0225  0.0227  0.0225  0.0226  0.0226  0.0225
  0.0230  0.0230  0.0228  0.0229  0.0228  0.0226  0.0227  0.0231  0.0226  0.0228  0.0227  0.0226
  0.0233  0.0233  0.0229  0.0234  0.0230  0.0232  0.0228  0.0238  0.0227  0.0231  0.0229  0.0227
    2.1225   -1.9433   10.7880  -10.7182  -25.3908  -21.2013
   -1.0460    3.3973    0.5420   28.0887    3.1653  -25.8332
eta,q 0.97749 13.36852

---------------------------------------------------------------------
imgreg_4dfp /opt/freesurfer/average/711-2C_as_mni_average_305 /opt/freesurfer/average/711-2B_as_mni_average_305_mask talsrcimg_g11 none talsrcimg_to_711-2C_as_mni_average_305_t4 2311
---------------------------------------------------------------------

freesurfer imgreg_4dfp.c
/opt/freesurfer/average/711-2C_as_mni_average_305.4dfp.img
       256       256       256         1
  1.000000  1.000000  1.000000
orientation T byte_order littleendian
Reading image: /opt/freesurfer/average/711-2C_as_mni_average_305.4dfp.img
dimensions:      256       256       256
mmppix:       1.0000   -1.0000   -1.0000
center:     128.0000 -129.0000 -129.0000
/opt/freesurfer/average/711-2B_as_mni_average_305_mask.4dfp.img
       256       256       256         1
  1.000000  1.000000  1.000000
orientation T byte_order littleendian
Reading mask: /opt/freesurfer/average/711-2B_as_mni_average_305_mask.4dfp.img (2306576 pixels)
talsrcimg_g11.4dfp.img
       256       256       256         1
  0.900000  0.900000  0.900000
orientation T byte_order littleendian
Reading image: talsrcimg_g11.4dfp.img
dimensions:      256       256       256
mmppix:       0.9000   -0.9000   -0.9000
center:     115.2000 -116.1000 -116.1000
fimgreg.f
image alignment mode   2311 decimal      907 hex
parameters
    2.1225   -1.9433   10.7880  -10.7182  -25.3908  -21.2013
   -1.0460    3.3973    0.5420   28.0887    3.1653  -25.8332
eta,q 0.97749 13.36852
niter,ni,del,rscale     5    3    5.0000    0.8000
parameters
    1.9710   -2.2305   11.2324  -11.3089  -25.3615  -21.3900
   -0.8909    3.2311    0.6475   27.2153    2.7940  -26.0924
eta,q 0.97737 13.35875
  0.0240  0.0232  0.0242  0.0240  0.0244  0.0252  0.0240  0.0257  0.0235  0.0233  0.0232  0.0232
  0.0231  0.0228  0.0233  0.0234  0.0236  0.0243  0.0233  0.0239  0.0230  0.0229  0.0229  0.0229
  0.0226  0.0225  0.0228  0.0228  0.0229  0.0234  0.0228  0.0229  0.0227  0.0227  0.0227  0.0227
  0.0225  0.0225  0.0225  0.0224  0.0225  0.0225  0.0226  0.0226  0.0226  0.0226  0.0226  0.0226
  0.0228  0.0227  0.0224  0.0226  0.0225  0.0223  0.0228  0.0230  0.0227  0.0228  0.0227  0.0227
  0.0236  0.0233  0.0226  0.0236  0.0232  0.0237  0.0232  0.0242  0.0230  0.0233  0.0230  0.0230
  0.0248  0.0242  0.0229  0.0257  0.0248  0.0269  0.0238  0.0261  0.0234  0.0243  0.0234  0.0233
niter,ni,del,rscale     4    3    5.0000    0.7000
parameters
    1.9593   -2.3664   11.2119  -10.8700  -24.8641  -21.1007
   -0.7666    3.2974    0.9793   26.7087    2.5332  -25.8546
eta,q 0.97770 13.38694
  0.0237  0.0232  0.0232  0.0240  0.0242  0.0248  0.0235  0.0252  0.0231  0.0229  0.0229  0.0229
  0.0231  0.0229  0.0228  0.0235  0.0235  0.0240  0.0228  0.0236  0.0227  0.0225  0.0226  0.0226
  0.0228  0.0227  0.0227  0.0231  0.0229  0.0232  0.0225  0.0227  0.0224  0.0224  0.0224  0.0224
  0.0226  0.0226  0.0226  0.0226  0.0225  0.0224  0.0223  0.0223  0.0223  0.0223  0.0223  0.0223
  0.0227  0.0227  0.0227  0.0224  0.0224  0.0221  0.0224  0.0226  0.0223  0.0224  0.0224  0.0223
  0.0231  0.0230  0.0229  0.0228  0.0228  0.0228  0.0228  0.0235  0.0225  0.0227  0.0227  0.0225
  0.0238  0.0236  0.0232  0.0239  0.0238  0.0249  0.0233  0.0251  0.0229  0.0233  0.0231  0.0228
niter,ni,del,rscale     3    3    5.0000    0.6000
parameters
    1.8676   -2.6414   11.4713  -10.5630  -24.1668  -20.4575
   -0.6188    3.2392    1.1376   25.5767    2.3204  -25.5031
eta,q 0.97823 13.41727
  0.0231  0.0226  0.0230  0.0235  0.0237  0.0243  0.0228  0.0242  0.0224  0.0220  0.0223  0.0223
  0.0226  0.0224  0.0226  0.0230  0.0231  0.0235  0.0223  0.0229  0.0221  0.0218  0.0220  0.0220
  0.0224  0.0223  0.0224  0.0226  0.0226  0.0228  0.0220  0.0221  0.0219  0.0218  0.0218  0.0218
  0.0223  0.0223  0.0223  0.0223  0.0222  0.0221  0.0218  0.0218  0.0218  0.0218  0.0218  0.0218
  0.0224  0.0224  0.0223  0.0221  0.0221  0.0217  0.0219  0.0221  0.0219  0.0220  0.0219  0.0218
  0.0228  0.0227  0.0224  0.0225  0.0223  0.0221  0.0222  0.0230  0.0220  0.0223  0.0221  0.0219
  0.0234  0.0232  0.0225  0.0234  0.0230  0.0235  0.0227  0.0244  0.0223  0.0229  0.0225  0.0221
niter,ni,del,rscale     2    3    5.0000    0.5000
parameters
    1.7387   -3.1121   11.9093  -10.2589  -23.2620  -19.6228
   -0.3590    3.1051    1.0156   24.2712    2.3484  -24.8210
eta,q 0.97902 13.45670
  0.0223  0.0218  0.0224  0.0226  0.0229  0.0233  0.0219  0.0229  0.0215  0.0212  0.0216  0.0215
  0.0220  0.0217  0.0221  0.0223  0.0223  0.0226  0.0215  0.0219  0.0213  0.0210  0.0213  0.0213
  0.0218  0.0217  0.0218  0.0219  0.0219  0.0220  0.0212  0.0213  0.0211  0.0210  0.0211  0.0211
  0.0218  0.0218  0.0217  0.0216  0.0216  0.0214  0.0211  0.0211  0.0211  0.0211  0.0210  0.0210
  0.0219  0.0220  0.0216  0.0215  0.0214  0.0211  0.0211  0.0214  0.0212  0.0213  0.0211  0.0210
  0.0222  0.0222  0.0216  0.0218  0.0215  0.0213  0.0213  0.0221  0.0213  0.0216  0.0212  0.0211
  0.0227  0.0227  0.0217  0.0225  0.0219  0.0222  0.0217  0.0233  0.0216  0.0222  0.0215  0.0212
niter,ni,del,rscale     1    3    5.0000    0.4000
parameter  2  0.529124 ->  0.500000 qaram    1.1500
parameter  3 -0.572100 -> -0.500000 qaram    1.1500
parameters
    1.6050   -3.5721   12.3693  -10.1327  -22.6476  -18.8348
   -0.0964    2.9297    0.7522   23.3104    2.4642  -24.0913
eta,q 0.97964 13.48675
  0.0213  0.0209  0.0215  0.0215  0.0217  0.0222  0.0210  0.0216  0.0207  0.0205  0.0208  0.0208
  0.0211  0.0209  0.0212  0.0212  0.0213  0.0217  0.0207  0.0209  0.0205  0.0204  0.0206  0.0206
  0.0210  0.0209  0.0210  0.0210  0.0210  0.0211  0.0206  0.0205  0.0205  0.0204  0.0204  0.0205
  0.0210  0.0210  0.0209  0.0208  0.0208  0.0207  0.0205  0.0205  0.0204  0.0204  0.0204  0.0204
  0.0211  0.0211  0.0208  0.0208  0.0207  0.0205  0.0205  0.0207  0.0205  0.0206  0.0204  0.0204
  0.0213  0.0214  0.0208  0.0210  0.0208  0.0206  0.0206  0.0212  0.0206  0.0208  0.0205  0.0204
  0.0217  0.0217  0.0208  0.0215  0.0211  0.0211  0.0208  0.0220  0.0208  0.0212  0.0207  0.0205
niter,ni,del,rscale     2    3    5.0000    0.5000
parameters
    1.5034   -3.7999   12.7934  -10.4131  -22.4891  -18.4928
    0.1225    2.7365    0.5868   22.8312    2.5282  -23.7514
eta,q 0.97988 13.49464
  0.0211  0.0208  0.0215  0.0212  0.0214  0.0222  0.0210  0.0218  0.0206  0.0206  0.0207  0.0206
  0.0206  0.0205  0.0210  0.0208  0.0209  0.0215  0.0205  0.0208  0.0203  0.0203  0.0204  0.0203
  0.0204  0.0203  0.0206  0.0205  0.0205  0.0208  0.0203  0.0203  0.0202  0.0201  0.0202  0.0202
  0.0204  0.0204  0.0203  0.0203  0.0203  0.0203  0.0202  0.0202  0.0201  0.0201  0.0201  0.0201
  0.0205  0.0205  0.0203  0.0203  0.0203  0.0201  0.0202  0.0204  0.0202  0.0203  0.0202  0.0201
  0.0209  0.0209  0.0203  0.0208  0.0206  0.0206  0.0204  0.0211  0.0204  0.0205  0.0204  0.0202
  0.0214  0.0214  0.0205  0.0219  0.0213  0.0218  0.0207  0.0222  0.0207  0.0210  0.0206  0.0204
niter,ni,del,rscale     1    3    5.0000    0.4000
parameters
    1.4817   -3.8653   12.9247  -10.3147  -22.3230  -18.1786
    0.1929    2.6893    0.5236   22.6177    2.5529  -23.4617
eta,q 0.97999 13.50223
  0.0206  0.0205  0.0207  0.0208  0.0209  0.0215  0.0205  0.0212  0.0203  0.0204  0.0204  0.0203
  0.0203  0.0203  0.0204  0.0205  0.0205  0.0210  0.0202  0.0205  0.0201  0.0201  0.0202  0.0201
  0.0202  0.0202  0.0202  0.0203  0.0203  0.0205  0.0201  0.0201  0.0200  0.0200  0.0200  0.0200
  0.0201  0.0201  0.0201  0.0201  0.0201  0.0201  0.0200  0.0200  0.0200  0.0200  0.0200  0.0200
  0.0202  0.0202  0.0201  0.0201  0.0201  0.0200  0.0200  0.0202  0.0201  0.0201  0.0200  0.0200
  0.0204  0.0204  0.0202  0.0203  0.0203  0.0203  0.0202  0.0206  0.0202  0.0202  0.0202  0.0201
  0.0207  0.0207  0.0204  0.0208  0.0208  0.0211  0.0204  0.0213  0.0204  0.0205  0.0204  0.0202
registration optimization eta report
parameter search radius
    0.8000    0.9200    0.9200    2.4000    2.4000    2.4000
    2.4000    2.4000    2.4000    2.4000    2.4000    2.4000
100000*second partial in parameter space
       80.       57.       50.       12.       12.       21.
        8.       21.        6.        7.        6.        4.
  0.0206  0.0205  0.0207  0.0208  0.0209  0.0215  0.0205  0.0212  0.0203  0.0204  0.0204  0.0203
  0.0203  0.0203  0.0204  0.0205  0.0205  0.0210  0.0202  0.0205  0.0201  0.0201  0.0202  0.0201
  0.0202  0.0202  0.0202  0.0203  0.0203  0.0205  0.0201  0.0201  0.0200  0.0200  0.0200  0.0200
  0.0201  0.0201  0.0201  0.0201  0.0201  0.0201  0.0200  0.0200  0.0200  0.0200  0.0200  0.0200
  0.0202  0.0202  0.0201  0.0201  0.0201  0.0200  0.0200  0.0202  0.0201  0.0201  0.0200  0.0200
  0.0204  0.0204  0.0202  0.0203  0.0203  0.0203  0.0202  0.0206  0.0202  0.0202  0.0202  0.0201
  0.0207  0.0207  0.0204  0.0208  0.0208  0.0211  0.0204  0.0213  0.0204  0.0205  0.0204  0.0202
    1.4817   -3.8653   12.9247  -10.3147  -22.3230  -18.1786
    0.1929    2.6893    0.5236   22.6177    2.5529  -23.4617
eta,q 0.97999 13.50223

---------------------------------------------------------------------
compute_vox2vox talsrcimg talsrcimg_to_711-2C_as_mni_average_305_t4 /opt/freesurfer/average/711-2C_as_mni_average_305
---------------------------------------------------------------------

freesurfer compute_vox2vox.c
Reading: talsrcimg.4dfp.ifh
Reading: talsrcimg_to_711-2C_as_mni_average_305_t4
Reading: /opt/freesurfer/average/711-2C_as_mni_average_305.4dfp.ifh
Writing: talsrcimg_to_711-2C_as_mni_average_305_t4_vox2vox.txt

start time Wed Mar 11 18:47:24 CET 2026
end		time Wed Mar 11 18:48:55 CET 2026

mpr2mni305 success

avi2talxfm orig_nu.mgz /opt/freesurfer/average/mni305.cor.mgz talsrcimg_to_711-2C_as_mni_average_305_t4_vox2vox.txt transforms/talairach.auto.xfm
avi2talxfm done
mv -f /out/sourcedata/freesurfer/sub-v2s1x29871_ses-1/mri/talsrcimg_to_711-2C_as_mni_average_305_t4_vox2vox.txt /out/sourcedata/freesurfer/sub-v2s1x29871_ses-1/mri/transforms/talsrcimg_to_711-2C_as_mni_average_305_t4_vox2vox.txt
lta_convert --src orig_nu.mgz --trg /opt/freesurfer/average/mni305.cor.mgz --inxfm transforms/talairach.auto.xfm --outlta transforms/talairach.auto.xfm.lta --subject fsaverage
7.3.2

--src: orig_nu.mgz src image (geometry).
--trg: /opt/freesurfer/average/mni305.cor.mgz trg image (geometry).
--inmni: transforms/talairach.auto.xfm input MNI/XFM transform.
--outlta: transforms/talairach.auto.xfm.lta output LTA.
--s: fsaverage subject name
 LTA read, type : 1
 1.11603  -0.03315  -0.01278   39.60150;
-0.03413   1.12901   0.34109  -17.61801;
 0.00241  -0.32852   1.18815  -13.24422;
 0.00000   0.00000   0.00000   1.00000;
setting subject to fsaverage
Writing  LTA to file transforms/talairach.auto.xfm.lta...
lta_convert successful.
 
 
Started at Wed Mar 11 18:47:23 CET 2026
Ended   at Wed Mar 11 18:48:56 CET 2026
talairach_avi done
