status file for recon-all
Thu Mar 12 19:39:31 CET 2026
#@# MotionCor Thu Mar 12 19:39:32 CET 2026
#@# Talairach Thu Mar 12 19:39:38 CET 2026
#@# Talairach Failure Detection Thu Mar 12 19:42:27 CET 2026
#@# Nu Intensity Correction Thu Mar 12 19:42:27 CET 2026
#@# Intensity Normalization Thu Mar 12 19:45:12 CET 2026
recon-all -s sub-v2s1x29896_ses-1 finished without error at Thu Mar 12 19:46:16 CET 2026



#New# invocation of recon-all 



status file for recon-all
Thu Mar 12 19:52:08 CET 2026
#@# EM Registration Thu Mar 12 19:52:08 CET 2026
recon-all -s sub-v2s1x29896_ses-1 finished without error at Thu Mar 12 19:53:38 CET 2026



#New# invocation of recon-all 



status file for recon-all
Thu Mar 12 19:53:41 CET 2026
#@# CA Normalize Thu Mar 12 19:53:41 CET 2026
#@# CA Reg Thu Mar 12 19:54:35 CET 2026
#@# SubCort Seg Thu Mar 12 20:27:49 CET 2026
#@# CC Seg Thu Mar 12 20:52:46 CET 2026
#@# Merge ASeg Thu Mar 12 20:53:06 CET 2026
#@# Intensity Normalization2 Thu Mar 12 20:53:06 CET 2026
#@# Mask BFS Thu Mar 12 20:54:38 CET 2026
#@# WM Segmentation Thu Mar 12 20:54:38 CET 2026
#@# Fill Thu Mar 12 20:56:23 CET 2026
recon-all -s sub-v2s1x29896_ses-1 finished without error at Thu Mar 12 20:57:01 CET 2026



#New# invocation of recon-all 



status file for recon-all
Thu Mar 12 21:39:46 CET 2026
#@# white curv lh Thu Mar 12 21:39:46 CET 2026
#@# white area lh Thu Mar 12 21:39:46 CET 2026
#@# pial curv lh Thu Mar 12 21:39:46 CET 2026
#@# pial area lh Thu Mar 12 21:39:46 CET 2026
#@# thickness lh Thu Mar 12 21:39:46 CET 2026
#@# area and vertex vol lh Thu Mar 12 21:39:46 CET 2026
#@# white curv rh Thu Mar 12 21:39:46 CET 2026
#@# white area rh Thu Mar 12 21:39:46 CET 2026
#@# pial curv rh Thu Mar 12 21:39:46 CET 2026
#@# pial area rh Thu Mar 12 21:39:46 CET 2026
#@# thickness rh Thu Mar 12 21:39:46 CET 2026
#@# area and vertex vol rh Thu Mar 12 21:39:46 CET 2026
#@# Cortical ribbon mask Thu Mar 12 21:39:46 CET 2026
recon-all -s sub-v2s1x29896_ses-1 finished without error at Thu Mar 12 21:46:16 CET 2026



#New# invocation of recon-all 



status file for recon-all
Thu Mar 12 21:52:13 CET 2026
#@# white curv lh Thu Mar 12 21:52:13 CET 2026
#@# white area lh Thu Mar 12 21:52:13 CET 2026
#@# pial curv lh Thu Mar 12 21:52:13 CET 2026
#@# pial area lh Thu Mar 12 21:52:13 CET 2026
#@# thickness lh Thu Mar 12 21:52:13 CET 2026
#@# area and vertex vol lh Thu Mar 12 21:52:13 CET 2026
#@# white curv rh Thu Mar 12 21:52:13 CET 2026
#@# white area rh Thu Mar 12 21:52:13 CET 2026
#@# pial curv rh Thu Mar 12 21:52:13 CET 2026
#@# pial area rh Thu Mar 12 21:52:13 CET 2026
#@# thickness rh Thu Mar 12 21:52:13 CET 2026
#@# area and vertex vol rh Thu Mar 12 21:52:13 CET 2026
#@# Curvature Stats lh Thu Mar 12 21:52:13 CET 2026
#@# Curvature Stats rh Thu Mar 12 21:52:15 CET 2026
#@# Relabel Hypointensities Thu Mar 12 21:52:17 CET 2026
#@# APas-to-ASeg Thu Mar 12 21:52:31 CET 2026
#@# AParc-to-ASeg aparc Thu Mar 12 21:52:38 CET 2026
#@# AParc-to-ASeg aparc.a2009s Thu Mar 12 21:53:23 CET 2026
#@# AParc-to-ASeg aparc.DKTatlas Thu Mar 12 21:54:07 CET 2026
#@# WMParc Thu Mar 12 21:54:48 CET 2026
#@# ASeg Stats Thu Mar 12 21:56:46 CET 2026
recon-all -s sub-v2s1x29896_ses-1 finished without error at Thu Mar 12 21:57:03 CET 2026
