/out/sourcedata/freesurfer/sub-v2s1x29896_ses-1/mri
/opt/freesurfer/bin/talairach_avi
--i orig_nu.mgz --xfm transforms/talairach.auto.xfm
talairach_avi 7.3.2
Linux dna071 5.14.0-427.37.1.el9_4.x86_64 #1 SMP PREEMPT_DYNAMIC Fri Sep 13 12:41:50 EDT 2024 x86_64 x86_64 x86_64 GNU/Linux
Thu Mar 12 19:42:11 CET 2026
mri_convert orig_nu.mgz talsrcimg.img 
reading from orig_nu.mgz...
TR=0.00, TE=0.00, TI=0.00, flip angle=0.00
i_ras = (-1, 0, 0)
j_ras = (0, 0, -1)
k_ras = (0, 1, 0)
writing to talsrcimg.img...
Analyze Output Matrix
-0.90000   0.00000   0.00000   134.43777;
 0.00000   0.00000   0.90000  -74.77016;
 0.00000  -0.90000   0.00000   113.93303;
 0.00000   0.00000   0.00000   1.00000;
--------------------
INFO: set hdr.hist.orient to -1
mpr2mni305 talsrcimg
Thu Mar 12 19:42:11 CET 2026
/opt/freesurfer/bin/mpr2mni305 talsrcimg
mpr2mni305 7.3.2
target=711-2C_as_mni_average_305

---------------------------------------------------------------------
analyzeto4dfp talsrcimg -O0 -y
---------------------------------------------------------------------

freesurfer ifh2hdr.c
Thu Mar 12 19:42:12 2026
Writing: talsrcimg.4dfp.hdr
freesurfer analyzeto4dfp.c
Reading: talsrcimg.hdr
header size 348 bytes
hdr.dime.datatype	offset=70	value=2
hdr.dime.bitpix		offset=72	value=8
hdr.hist.orient		offset=252	value=-1
dimensionality     4
dimensions       256       256       256         1
Reading: talsrcimg.img
Writing: talsrcimg.4dfp.img
Writing: talsrcimg.4dfp.ifh
ifh2hdr talsrcimg -r0to245
ori=2

---------------------------------------------------------------------
gauss_4dfp talsrcimg 1.1
---------------------------------------------------------------------

freesurfer gauss_4dfp.c
Reading: talsrcimg.4dfp.img
Writing: talsrcimg_g11.4dfp.img
image dimensions 256 256 256 padded to 288 288 288
processing volume 1freesurfer ifh2hdr.c
Thu Mar 12 19:42:13 2026
Writing: talsrcimg_g11.4dfp.hdr

Writing: talsrcimg_g11.4dfp.ifh
including: talsrcimg.4dfp.img.rec in talsrcimg_g11.4dfp.img.rec

---------------------------------------------------------------------
imgreg_4dfp /opt/freesurfer/average/711-2C_as_mni_average_305 none talsrcimg_g11 none talsrcimg_to_711-2C_as_mni_average_305_t4 4355
---------------------------------------------------------------------

freesurfer imgreg_4dfp.c
/opt/freesurfer/average/711-2C_as_mni_average_305.4dfp.img
       256       256       256         1
  1.000000  1.000000  1.000000
orientation T byte_order littleendian
Reading image: /opt/freesurfer/average/711-2C_as_mni_average_305.4dfp.img
dimensions:      256       256       256
mmppix:       1.0000   -1.0000   -1.0000
center:     128.0000 -129.0000 -129.0000
talsrcimg_g11.4dfp.img
       256       256       256         1
  0.900000  0.900000  0.900000
orientation T byte_order littleendian
Reading image: talsrcimg_g11.4dfp.img
dimensions:      256       256       256
mmppix:       0.9000   -0.9000   -0.9000
center:     115.2000 -116.1000 -116.1000
t4_read: open error in t4_sub.f l:  41 t4_file(1:l)talsrcimg_to_711-2C_as_mni_average_305_t4 
t4_read: transform initialized to I4
rotation matrix determinant  1.000000
image alignment mode   4355 decimal     1103 hex
   -7.5000  -45.0000  -45.0000 5074.3188   18.8170
    0.0000  -45.0000  -45.0000 5078.2061   18.8114
    7.5000  -45.0000  -45.0000 4873.3057   18.8202
   -7.5000  -37.5000  -45.0000 5576.2036   19.5116
    0.0000  -37.5000  -45.0000 5593.1006   19.4852
    7.5000  -37.5000  -45.0000 5345.6851   19.4839
   -7.5000  -30.0000  -45.0000 6143.0786   19.8015
    0.0000  -30.0000  -45.0000 6187.3579   19.7766
    7.5000  -30.0000  -45.0000 5893.9468   19.7759
   -7.5000  -22.5000  -45.0000 6863.7012   19.7025
    0.0000  -22.5000  -45.0000 6918.5747   19.7033
    7.5000  -22.5000  -45.0000 6586.6182   19.7150
   -7.5000  -15.0000  -45.0000 7584.3843   19.7090
    0.0000  -15.0000  -45.0000 7648.4175   19.7328
    7.5000  -15.0000  -45.0000 7259.7627   19.7565
   -7.5000   -7.5000  -45.0000 7924.5518   19.7643
    0.0000   -7.5000  -45.0000 7980.8931   19.7850
    7.5000   -7.5000  -45.0000 7569.2437   19.8069
   -7.5000    0.0000  -45.0000 8111.0210   19.8183
    0.0000    0.0000  -45.0000 8186.2671   19.8139
    7.5000    0.0000  -45.0000 7748.7402   19.8222
   -7.5000    7.5000  -45.0000 7953.6812   19.8096
    0.0000    7.5000  -45.0000 8019.9902   19.7823
    7.5000    7.5000  -45.0000 7587.1147   19.7804
   -7.5000   15.0000  -45.0000 8077.9922   19.7520
    0.0000   15.0000  -45.0000 8134.9854   19.7269
    7.5000   15.0000  -45.0000 7710.2451   19.7265
   -7.5000   22.5000  -45.0000 7839.1616   19.4348
    0.0000   22.5000  -45.0000 7882.8892   19.4357
    7.5000   22.5000  -45.0000 7478.8706   19.4472
   -7.5000   30.0000  -45.0000 7523.3936   18.9253
    0.0000   30.0000  -45.0000 7552.2280   18.9481
    7.5000   30.0000  -45.0000 7166.5117   18.9709
   -7.5000   37.5000  -45.0000 7242.0845   18.3672
    0.0000   37.5000  -45.0000 7273.0195   18.3865
    7.5000   37.5000  -45.0000 6867.9688   18.4068
   -7.5000   45.0000  -45.0000 6821.1997   17.7400
    0.0000   45.0000  -45.0000 6843.3232   17.7361
    7.5000   45.0000  -45.0000 6453.3525   17.7435
   -7.5000  -45.0000  -37.5000 5472.5259   19.9774
    0.0000  -45.0000  -37.5000 5491.2505   19.9839
    7.5000  -45.0000  -37.5000 5255.1392   19.9903
   -7.5000  -37.5000  -37.5000 6017.0264   20.7228
    0.0000  -37.5000  -37.5000 6062.9219   20.7072
    7.5000  -37.5000  -37.5000 5769.4346   20.7055
   -7.5000  -30.0000  -37.5000 6664.6401   20.9907
    0.0000  -30.0000  -37.5000 6729.4834   20.9734
    7.5000  -30.0000  -37.5000 6389.6040   20.9665
   -7.5000  -22.5000  -37.5000 7435.5776   20.8804
    0.0000  -22.5000  -37.5000 7526.8042   20.8856
    7.5000  -22.5000  -37.5000 7148.1865   20.8830
   -7.5000  -15.0000  -37.5000 8201.0752   20.8873
    0.0000  -15.0000  -37.5000 8307.0059   20.9161
    7.5000  -15.0000  -37.5000 7861.1655   20.9237
   -7.5000   -7.5000  -37.5000 8564.1904   20.9514
    0.0000   -7.5000  -37.5000 8653.4883   20.9813
    7.5000   -7.5000  -37.5000 8166.9951   20.9924
   -7.5000    0.0000  -37.5000 8756.2461   21.0130
    0.0000    0.0000  -37.5000 8869.5840   21.0208
    7.5000    0.0000  -37.5000 8353.0957   21.0264
   -7.5000    7.5000  -37.5000 8571.1865   21.0018
    0.0000    7.5000  -37.5000 8667.5088   20.9855
    7.5000    7.5000  -37.5000 8179.7671   20.9833
   -7.5000   15.0000  -37.5000 8704.2441   20.9370
    0.0000   15.0000  -37.5000 8795.4639   20.9194
    7.5000   15.0000  -37.5000 8303.8486   20.9129
   -7.5000   22.5000  -37.5000 8441.8164   20.5984
    0.0000   22.5000  -37.5000 8529.7812   20.6036
    7.5000   22.5000  -37.5000 8052.7778   20.6011
   -7.5000   30.0000  -37.5000 8083.1387   20.0710
    0.0000   30.0000  -37.5000 8159.3877   20.0987
    7.5000   30.0000  -37.5000 7694.2939   20.1060
   -7.5000   37.5000  -37.5000 7749.1777   19.4863
    0.0000   37.5000  -37.5000 7820.9023   19.5142
    7.5000   37.5000  -37.5000 7340.2446   19.5245
   -7.5000   45.0000  -37.5000 7291.6782   18.8095
    0.0000   45.0000  -37.5000 7351.9434   18.8165
    7.5000   45.0000  -37.5000 6901.3159   18.8215
   -7.5000  -45.0000  -30.0000 5868.1514   21.0621
    0.0000  -45.0000  -30.0000 5906.3164   21.0688
    7.5000  -45.0000  -30.0000 5633.8638   21.0779
   -7.5000  -37.5000  -30.0000 6464.1768   21.8561
    0.0000  -37.5000  -30.0000 6523.3213   21.8527
    7.5000  -37.5000  -30.0000 6202.2612   21.8586
   -7.5000  -30.0000  -30.0000 7166.5752   22.1087
    0.0000  -30.0000  -30.0000 7242.6826   22.1112
    7.5000  -30.0000  -30.0000 6870.5640   22.1107
   -7.5000  -22.5000  -30.0000 8003.9297   21.9899
    0.0000  -22.5000  -30.0000 8098.2075   22.0105
    7.5000  -22.5000  -30.0000 7666.5713   22.0084
   -7.5000  -15.0000  -30.0000 8802.6787   21.9952
    0.0000  -15.0000  -30.0000 8916.6113   22.0269
    7.5000  -15.0000  -30.0000 8403.4824   22.0302
   -7.5000   -7.5000  -30.0000 9186.5645   22.0621
    0.0000   -7.5000  -30.0000 9281.6162   22.0883
    7.5000   -7.5000  -30.0000 8742.6201   22.0957
   -7.5000    0.0000  -30.0000 9391.1758   22.1261
    0.0000    0.0000  -30.0000 9507.5342   22.1346
    7.5000    0.0000  -30.0000 8952.1357   22.1426
   -7.5000    7.5000  -30.0000 9186.1104   22.1154
    0.0000    7.5000  -30.0000 9296.2393   22.1117
    7.5000    7.5000  -30.0000 8753.7705   22.1168
   -7.5000   15.0000  -30.0000 9330.3779   22.0499
    0.0000   15.0000  -30.0000 9442.3447   22.0521
    7.5000   15.0000  -30.0000 8869.7188   22.0520
   -7.5000   22.5000  -30.0000 9035.3574   21.6939
    0.0000   22.5000  -30.0000 9146.7275   21.7142
    7.5000   22.5000  -30.0000 8584.0215   21.7122
   -7.5000   30.0000  -30.0000 8621.6572   21.1510
    0.0000   30.0000  -30.0000 8732.3955   21.1815
    7.5000   30.0000  -30.0000 8180.2993   21.1846
   -7.5000   37.5000  -30.0000 8238.5596   20.5503
    0.0000   37.5000  -30.0000 8320.0742   20.5747
    7.5000   37.5000  -30.0000 7770.4624   20.5816
   -7.5000   45.0000  -30.0000 7749.9214   19.8374
    0.0000   45.0000  -30.0000 7837.5811   19.8450
    7.5000   45.0000  -30.0000 7309.1084   19.8521
   -7.5000  -45.0000  -22.5000 6237.4858   21.9501
    0.0000  -45.0000  -22.5000 6279.1890   21.9427
    7.5000  -45.0000  -22.5000 5986.4492   21.9552
   -7.5000  -37.5000  -22.5000 6885.7622   22.7953
    0.0000  -37.5000  -22.5000 6943.7627   22.7927
    7.5000  -37.5000  -22.5000 6612.4844   22.8060
   -7.5000  -30.0000  -22.5000 7648.5562   23.0426
    0.0000  -30.0000  -22.5000 7719.6982   23.0602
    7.5000  -30.0000  -22.5000 7329.3560   23.0743
   -7.5000  -22.5000  -22.5000 8534.7148   22.9233
    0.0000  -22.5000  -22.5000 8625.7178   22.9596
    7.5000  -22.5000  -22.5000 8164.0205   22.9763
   -7.5000  -15.0000  -22.5000 9381.0234   22.9232
    0.0000  -15.0000  -22.5000 9487.2207   22.9561
    7.5000  -15.0000  -22.5000 8938.5371   22.9737
   -7.5000   -7.5000  -22.5000 9774.8662   22.9823
    0.0000   -7.5000  -22.5000 9867.7988   22.9950
    7.5000   -7.5000  -22.5000 9276.0928   23.0097
   -7.5000    0.0000  -22.500010001.8643   23.0420
    0.0000    0.0000  -22.500010093.8584   23.0363
    7.5000    0.0000  -22.5000 9500.7021   23.0480
   -7.5000    7.5000  -22.5000 9747.8789   23.0361
    0.0000    7.5000  -22.5000 9842.5762   23.0332
    7.5000    7.5000  -22.5000 9267.6006   23.0457
   -7.5000   15.0000  -22.5000 9875.5088   22.9792
    0.0000   15.0000  -22.5000 9983.4287   22.9962
    7.5000   15.0000  -22.5000 9378.9893   23.0105
   -7.5000   22.5000  -22.5000 9590.4219   22.6168
    0.0000   22.5000  -22.5000 9694.9697   22.6528
    7.5000   22.5000  -22.5000 9076.2744   22.6692
   -7.5000   30.0000  -22.5000 9150.5479   22.0596
    0.0000   30.0000  -22.5000 9258.3652   22.0912
    7.5000   30.0000  -22.5000 8644.5674   22.1082
   -7.5000   37.5000  -22.5000 8698.0283   21.4401
    0.0000   37.5000  -22.5000 8801.5234   21.4519
    7.5000   37.5000  -22.5000 8185.9644   21.4656
   -7.5000   45.0000  -22.5000 8175.2437   20.7085
    0.0000   45.0000  -22.5000 8283.3418   20.7034
    7.5000   45.0000  -22.5000 7691.9189   20.7139
   -7.5000  -45.0000  -15.0000 6584.2842   22.6501
    0.0000  -45.0000  -15.0000 6644.6997   22.6297
    7.5000  -45.0000  -15.0000 6325.5190   22.6449
   -7.5000  -37.5000  -15.0000 7288.9897   23.5217
    0.0000  -37.5000  -15.0000 7362.9873   23.5057
    7.5000  -37.5000  -15.0000 6982.3892   23.5195
   -7.5000  -30.0000  -15.0000 8098.0537   23.7600
    0.0000  -30.0000  -15.0000 8189.9741   23.7699
    7.5000  -30.0000  -15.0000 7742.6470   23.7927
   -7.5000  -22.5000  -15.0000 9021.7959   23.6432
    0.0000  -22.5000  -15.0000 9129.6953   23.6799
    7.5000  -22.5000  -15.0000 8626.0225   23.7163
   -7.5000  -15.0000  -15.0000 9942.2705   23.6435
    0.0000  -15.0000  -15.000010035.9326   23.6779
    7.5000  -15.0000  -15.0000 9468.7646   23.7175
   -7.5000   -7.5000  -15.000010344.9346   23.6984
    0.0000   -7.5000  -15.000010415.6221   23.7058
    7.5000   -7.5000  -15.0000 9823.6172   23.7348
   -7.5000    0.0000  -15.000010554.9229   23.7551
    0.0000    0.0000  -15.000010597.4082   23.7366
    7.5000    0.0000  -15.000010035.0977   23.7512
   -7.5000    7.5000  -15.000010253.8740   23.7479
    0.0000    7.5000  -15.000010280.4492   23.7315
    7.5000    7.5000  -15.0000 9755.3828   23.7443
   -7.5000   15.0000  -15.000010377.2256   23.6933
    0.0000   15.0000  -15.000010426.7217   23.7026
    7.5000   15.0000  -15.0000 9865.2031   23.7255
   -7.5000   22.5000  -15.000010091.2705   23.3307
    0.0000   22.5000  -15.000010180.0654   23.3671
    7.5000   22.5000  -15.0000 9571.4365   23.4030
   -7.5000   30.0000  -15.0000 9632.0977   22.7699
    0.0000   30.0000  -15.0000 9728.2842   22.8030
    7.5000   30.0000  -15.0000 9126.5430   22.8411
   -7.5000   37.5000  -15.0000 9124.0938   22.1419
    0.0000   37.5000  -15.0000 9229.0693   22.1488
    7.5000   37.5000  -15.0000 8612.3359   22.1759
   -7.5000   45.0000  -15.0000 8552.6504   21.4014
    0.0000   45.0000  -15.0000 8650.0342   21.3847
    7.5000   45.0000  -15.0000 8065.4907   21.3978
   -7.5000  -45.0000   -7.5000 6731.7441   22.5956
    0.0000  -45.0000   -7.5000 6783.7119   22.5761
    7.5000  -45.0000   -7.5000 6458.4023   22.5915
   -7.5000  -37.5000   -7.5000 7428.8086   23.4622
    0.0000  -37.5000   -7.5000 7488.5396   23.4327
    7.5000  -37.5000   -7.5000 7099.3164   23.4401
   -7.5000  -30.0000   -7.5000 8243.3701   23.6947
    0.0000  -30.0000   -7.5000 8304.2314   23.6813
    7.5000  -30.0000   -7.5000 7868.8550   23.6967
   -7.5000  -22.5000   -7.5000 9192.7295   23.5797
    0.0000  -22.5000   -7.5000 9273.1270   23.5979
    7.5000  -22.5000   -7.5000 8780.6504   23.6319
   -7.5000  -15.0000   -7.500010163.0068   23.5854
    0.0000  -15.0000   -7.500010216.3545   23.6161
    7.5000  -15.0000   -7.5000 9667.1279   23.6601
   -7.5000   -7.5000   -7.500010620.9170   23.6444
    0.0000   -7.5000   -7.500010653.9141   23.6572
    7.5000   -7.5000   -7.500010093.7012   23.6921
   -7.5000    0.0000   -7.500010816.6260   23.7029
    0.0000    0.0000   -7.500010815.4160   23.6850
    7.5000    0.0000   -7.500010322.8545   23.7000
   -7.5000    7.5000   -7.500010465.7842   23.6894
    0.0000    7.5000   -7.500010429.4414   23.6592
    7.5000    7.5000   -7.500010008.5654   23.6657
   -7.5000   15.0000   -7.500010572.8018   23.6283
    0.0000   15.0000   -7.500010571.2666   23.6144
    7.5000   15.0000   -7.500010102.3252   23.6300
   -7.5000   22.5000   -7.500010274.3311   23.2681
    0.0000   22.5000   -7.500010304.9473   23.2861
    7.5000   22.5000   -7.5000 9807.7383   23.3197
   -7.5000   30.0000   -7.5000 9796.8955   22.7139
    0.0000   30.0000   -7.5000 9857.6260   22.7435
    7.5000   30.0000   -7.5000 9352.7217   22.7859
   -7.5000   37.5000   -7.5000 9236.1172   22.0915
    0.0000   37.5000   -7.5000 9323.1250   22.1034
    7.5000   37.5000   -7.5000 8801.9609   22.1360
   -7.5000   45.0000   -7.5000 8657.3301   21.3543
    0.0000   45.0000   -7.5000 8728.4072   21.3382
    7.5000   45.0000   -7.5000 8206.9385   21.3517
   -7.5000  -45.0000    0.0000 6730.8032   23.1668
    0.0000  -45.0000    0.0000 6784.5449   23.1600
    7.5000  -45.0000    0.0000 6460.7158   23.1709
   -7.5000  -37.5000    0.0000 7441.2300   24.0451
    0.0000  -37.5000    0.0000 7492.0957   24.0127
    7.5000  -37.5000    0.0000 7108.0933   24.0111
   -7.5000  -30.0000    0.0000 8249.5898   24.2617
    0.0000  -30.0000    0.0000 8290.1396   24.2313
    7.5000  -30.0000    0.0000 7866.7437   24.2305
   -7.5000  -22.5000    0.0000 9189.3584   24.1406
    0.0000  -22.5000    0.0000 9219.6172   24.1418
    7.5000  -22.5000    0.0000 8749.0898   24.1561
   -7.5000  -15.0000    0.000010161.4492   24.1488
    0.0000  -15.0000    0.000010156.8369   24.1780
    7.5000  -15.0000    0.0000 9637.5254   24.2071
   -7.5000   -7.5000    0.000010663.5996   24.2164
    0.0000   -7.5000    0.000010628.0498   24.2419
    7.5000   -7.5000    0.000010078.6758   24.2688
   -7.5000    0.0000    0.000010880.0352   24.2823
    0.0000    0.0000    0.000010771.5371   24.2770
    7.5000    0.0000    0.000010357.1455   24.2872
   -7.5000    7.5000    0.000010351.1992   24.2629
    0.0000    7.5000    0.000010206.1934   24.2296
    7.5000    7.5000    0.0000 9998.7100   24.2273
   -7.5000   15.0000    0.000010395.9775   24.1925
    0.0000   15.0000    0.000010278.5996   24.1618
    7.5000   15.0000    0.000010063.0713   24.1613
   -7.5000   22.5000    0.000010107.4570   23.8249
    0.0000   22.5000    0.000010046.5029   23.8262
    7.5000   22.5000    0.0000 9752.6582   23.8404
   -7.5000   30.0000    0.0000 9709.9980   23.2706
    0.0000   30.0000    0.0000 9664.1836   23.2987
    7.5000   30.0000    0.0000 9290.2803   23.3267
   -7.5000   37.5000    0.0000 9160.4346   22.6530
    0.0000   37.5000    0.0000 9140.3994   22.6768
    7.5000   37.5000    0.0000 8724.6621   22.7019
   -7.5000   45.0000    0.0000 8589.4492   21.9184
    0.0000   45.0000    0.0000 8565.6719   21.9137
    7.5000   45.0000    0.0000 8099.9272   21.9229
   -7.5000  -45.0000    7.5000 6460.8247   23.2552
    0.0000  -45.0000    7.5000 6515.1343   23.2628
    7.5000  -45.0000    7.5000 6187.2144   23.2703
   -7.5000  -37.5000    7.5000 7108.8027   24.1349
    0.0000  -37.5000    7.5000 7184.6724   24.1168
    7.5000  -37.5000    7.5000 6786.8115   24.1147
   -7.5000  -30.0000    7.5000 7861.1372   24.3471
    0.0000  -30.0000    7.5000 7946.4849   24.3270
    7.5000  -30.0000    7.5000 7490.3970   24.3189
   -7.5000  -22.5000    7.5000 8745.4941   24.2191
    0.0000  -22.5000    7.5000 8811.8652   24.2251
    7.5000  -22.5000    7.5000 8342.5439   24.2221
   -7.5000  -15.0000    7.5000 9655.9609   24.2272
    0.0000  -15.0000    7.5000 9661.8271   24.2605
    7.5000  -15.0000    7.5000 9197.8145   24.2693
   -7.5000   -7.5000    7.500010154.2656   24.3015
    0.0000   -7.5000    7.500010149.1074   24.3363
    7.5000   -7.5000    7.5000 9627.8760   24.3491
   -7.5000    0.0000    7.500010425.0244   24.3730
    0.0000    0.0000    7.500010312.7666   24.3822
    7.5000    0.0000    7.5000 9929.3086   24.3886
   -7.5000    7.5000    7.500010009.5850   24.3526
    0.0000    7.5000    7.5000 9844.4834   24.3337
    7.5000    7.5000    7.5000 9651.9453   24.3310
   -7.5000   15.0000    7.500010096.4375   24.2773
    0.0000   15.0000    7.5000 9943.4688   24.2569
    7.5000   15.0000    7.5000 9716.2559   24.2493
   -7.5000   22.5000    7.5000 9849.0713   23.9024
    0.0000   22.5000    7.5000 9760.1836   23.9083
    7.5000   22.5000    7.5000 9408.0645   23.9054
   -7.5000   30.0000    7.5000 9475.9150   23.3460
    0.0000   30.0000    7.5000 9426.6172   23.3782
    7.5000   30.0000    7.5000 8962.6777   23.3867
   -7.5000   37.5000    7.5000 8893.5010   22.7326
    0.0000   37.5000    7.5000 8856.3242   22.7651
    7.5000   37.5000    7.5000 8378.6787   22.7771
   -7.5000   45.0000    7.5000 8258.3711   22.0003
    0.0000   45.0000    7.5000 8236.6201   22.0086
    7.5000   45.0000    7.5000 7740.4463   22.0144
   -7.5000  -45.0000   15.0000 6381.4980   23.4375
    0.0000  -45.0000   15.0000 6430.2910   23.4457
    7.5000  -45.0000   15.0000 6088.2920   23.4561
   -7.5000  -37.5000   15.0000 7021.3594   24.3206
    0.0000  -37.5000   15.0000 7091.5913   24.3175
    7.5000  -37.5000   15.0000 6718.1348   24.3243
   -7.5000  -30.0000   15.0000 7741.6816   24.5341
    0.0000  -30.0000   15.0000 7808.7466   24.5378
    7.5000  -30.0000   15.0000 7400.0107   24.5377
   -7.5000  -22.5000   15.0000 8588.2295   24.4018
    0.0000  -22.5000   15.0000 8633.7783   24.4257
    7.5000  -22.5000   15.0000 8213.0420   24.4243
   -7.5000  -15.0000   15.0000 9485.1133   24.4080
    0.0000  -15.0000   15.0000 9494.9170   24.4442
    7.5000  -15.0000   15.0000 9034.9277   24.4488
   -7.5000   -7.5000   15.0000 9943.9980   24.4827
    0.0000   -7.5000   15.0000 9957.2207   24.5127
    7.5000   -7.5000   15.0000 9456.3271   24.5216
   -7.5000    0.0000   15.000010211.8359   24.5539
    0.0000    0.0000   15.000010212.4590   24.5640
    7.5000    0.0000   15.0000 9737.8838   24.5731
   -7.5000    7.5000   15.000010001.4551   24.5364
    0.0000    7.5000   15.000010007.2588   24.5329
    7.5000    7.5000   15.0000 9486.5010   24.5389
   -7.5000   15.0000   15.000010231.0684   24.4633
    0.0000   15.0000   15.000010251.8711   24.4666
    7.5000   15.0000   15.0000 9624.0664   24.4669
   -7.5000   22.5000   15.0000 9909.6885   24.0827
    0.0000   22.5000   15.0000 9928.8721   24.1063
    7.5000   22.5000   15.0000 9302.4102   24.1049
   -7.5000   30.0000   15.0000 9433.0254   23.5203
    0.0000   30.0000   15.0000 9437.2451   23.5552
    7.5000   30.0000   15.0000 8835.3594   23.5596
   -7.5000   37.5000   15.0000 8798.5029   22.9021
    0.0000   37.5000   15.0000 8800.8252   22.9301
    7.5000   37.5000   15.0000 8276.2744   22.9384
   -7.5000   45.0000   15.0000 8119.0195   22.1636
    0.0000   45.0000   15.0000 8105.9653   22.1727
    7.5000   45.0000   15.0000 7631.8350   22.1810
   -7.5000  -45.0000   22.5000 5949.0063   23.7975
    0.0000  -45.0000   22.5000 5984.1440   23.7900
    7.5000  -45.0000   22.5000 5693.1035   23.8036
   -7.5000  -37.5000   22.5000 6552.1958   24.6914
    0.0000  -37.5000   22.5000 6621.9263   24.6897
    7.5000  -37.5000   22.5000 6287.9116   24.7038
   -7.5000  -30.0000   22.5000 7233.9102   24.9146
    0.0000  -30.0000   22.5000 7308.0361   24.9360
    7.5000  -30.0000   22.5000 6940.2056   24.9514
   -7.5000  -22.5000   22.5000 8054.2349   24.7832
    0.0000  -22.5000   22.5000 8129.4507   24.8257
    7.5000  -22.5000   22.5000 7714.1812   24.8449
   -7.5000  -15.0000   22.5000 8894.6660   24.7819
    0.0000  -15.0000   22.5000 8977.4189   24.8201
    7.5000  -15.0000   22.5000 8466.4619   24.8408
   -7.5000   -7.5000   22.5000 9349.1611   24.8456
    0.0000   -7.5000   22.5000 9407.3252   24.8609
    7.5000   -7.5000   22.5000 8859.3672   24.8777
   -7.5000    0.0000   22.5000 9615.4863   24.9111
    0.0000    0.0000   22.5000 9616.1777   24.9057
    7.5000    0.0000   22.5000 9118.1133   24.9182
   -7.5000    7.5000   22.5000 9381.9209   24.9033
    0.0000    7.5000   22.5000 9381.4512   24.9013
    7.5000    7.5000   22.5000 8902.2734   24.9143
   -7.5000   15.0000   22.5000 9533.6299   24.8419
    0.0000   15.0000   22.5000 9520.6885   24.8626
    7.5000   15.0000   22.5000 9022.6719   24.8783
   -7.5000   22.5000   22.5000 9225.0029   24.4590
    0.0000   22.5000   22.5000 9213.8008   24.5010
    7.5000   22.5000   22.5000 8720.3164   24.5200
   -7.5000   30.0000   22.5000 8782.8848   23.8806
    0.0000   30.0000   22.5000 8774.6797   23.9174
    7.5000   30.0000   22.5000 8288.9346   23.9373
   -7.5000   37.5000   22.5000 8220.5908   23.2415
    0.0000   37.5000   22.5000 8212.6045   23.2558
    7.5000   37.5000   22.5000 7762.9473   23.2716
   -7.5000   45.0000   22.5000 7589.4692   22.4860
    0.0000   45.0000   22.5000 7555.9927   22.4811
    7.5000   45.0000   22.5000 7140.6138   22.4924
   -7.5000  -45.0000   30.0000 5505.4624   24.3528
    0.0000  -45.0000   30.0000 5549.0156   24.3311
    7.5000  -45.0000   30.0000 5271.0898   24.3422
   -7.5000  -37.5000   30.0000 6092.1499   25.2565
    0.0000  -37.5000   30.0000 6153.9893   25.2404
    7.5000  -37.5000   30.0000 5836.3315   25.2495
   -7.5000  -30.0000   30.0000 6748.6411   25.4724
    0.0000  -30.0000   30.0000 6815.7373   25.4878
    7.5000  -30.0000   30.0000 6464.5269   25.5079
   -7.5000  -22.5000   30.0000 7526.6294   25.3348
    0.0000  -22.5000   30.0000 7628.9541   25.3819
    7.5000  -22.5000   30.0000 7210.7285   25.4187
   -7.5000  -15.0000   30.0000 8296.5029   25.3372
    0.0000  -15.0000   30.0000 8398.3252   25.3805
    7.5000  -15.0000   30.0000 7931.4331   25.4212
   -7.5000   -7.5000   30.0000 8637.2119   25.4056
    0.0000   -7.5000   30.0000 8719.6387   25.4165
    7.5000   -7.5000   30.0000 8255.8223   25.4445
   -7.5000    0.0000   30.0000 8838.0645   25.4750
    0.0000    0.0000   30.0000 8911.5986   25.4555
    7.5000    0.0000   30.0000 8450.6250   25.4658
   -7.5000    7.5000   30.0000 8626.2393   25.4646
    0.0000    7.5000   30.0000 8667.2324   25.4481
    7.5000    7.5000   30.0000 8238.5625   25.4561
   -7.5000   15.0000   30.0000 8724.6367   25.3963
    0.0000   15.0000   30.0000 8757.0352   25.4109
    7.5000   15.0000   30.0000 8338.6221   25.4312
   -7.5000   22.5000   30.0000 8410.7441   25.0011
    0.0000   22.5000   30.0000 8437.7256   25.0477
    7.5000   22.5000   30.0000 8044.4121   25.0840
   -7.5000   30.0000   30.0000 8044.5283   24.4269
    0.0000   30.0000   30.0000 8062.9751   24.4687
    7.5000   30.0000   30.0000 7678.0146   24.5079
   -7.5000   37.5000   30.0000 7586.4092   23.7877
    0.0000   37.5000   30.0000 7604.6582   23.7980
    7.5000   37.5000   30.0000 7234.1460   23.8241
   -7.5000   45.0000   30.0000 7012.1128   23.0266
    0.0000   45.0000   30.0000 7016.1016   23.0089
    7.5000   45.0000   30.0000 6665.2593   23.0182
   -7.5000  -45.0000   37.5000 5103.6499   24.9970
    0.0000  -45.0000   37.5000 5146.1372   24.9627
    7.5000  -45.0000   37.5000 4880.9072   24.9668
   -7.5000  -37.5000   37.5000 5651.1709   25.8933
    0.0000  -37.5000   37.5000 5705.0767   25.8468
    7.5000  -37.5000   37.5000 5395.4458   25.8416
   -7.5000  -30.0000   37.5000 6260.5728   26.0657
    0.0000  -30.0000   37.5000 6326.5371   26.0401
    7.5000  -30.0000   37.5000 5984.5962   26.0470
   -7.5000  -22.5000   37.5000 6975.8633   25.9151
    0.0000  -22.5000   37.5000 7078.8228   25.9292
    7.5000  -22.5000   37.5000 6676.5513   25.9604
   -7.5000  -15.0000   37.5000 7681.3477   25.9261
    0.0000  -15.0000   37.5000 7785.6743   25.9550
    7.5000  -15.0000   37.5000 7340.7202   25.9973
   -7.5000   -7.5000   37.5000 7979.2197   26.0101
    0.0000   -7.5000   37.5000 8053.9663   26.0160
    7.5000   -7.5000   37.5000 7620.0532   26.0450
   -7.5000    0.0000   37.5000 8180.6299   26.0907
    0.0000    0.0000   37.5000 8256.2559   26.0585
    7.5000    0.0000   37.5000 7803.8462   26.0618
   -7.5000    7.5000   37.5000 7992.3848   26.0711
    0.0000    7.5000   37.5000 8042.0918   26.0240
    7.5000    7.5000   37.5000 7612.2305   26.0179
   -7.5000   15.0000   37.5000 8070.4390   25.9845
    0.0000   15.0000   37.5000 8106.3408   25.9584
    7.5000   15.0000   37.5000 7689.2041   25.9655
   -7.5000   22.5000   37.5000 7771.0869   25.5692
    0.0000   22.5000   37.5000 7798.0308   25.5831
    7.5000   22.5000   37.5000 7419.2100   25.6139
   -7.5000   30.0000   37.5000 7455.0659   24.9945
    0.0000   30.0000   37.5000 7475.1328   25.0224
    7.5000   30.0000   37.5000 7109.2085   25.0631
   -7.5000   37.5000   37.5000 7077.2412   24.3540
    0.0000   37.5000   37.5000 7088.6992   24.3596
    7.5000   37.5000   37.5000 6730.6104   24.3867
   -7.5000   45.0000   37.5000 6525.0015   23.5802
    0.0000   45.0000   37.5000 6528.1353   23.5511
    7.5000   45.0000   37.5000 6218.9399   23.5541
   -7.5000  -45.0000   45.0000 4713.5464   25.8505
    0.0000  -45.0000   45.0000 4733.3677   25.8346
    7.5000  -45.0000   45.0000 4513.7603   25.8527
   -7.5000  -37.5000   45.0000 5215.5664   26.7485
    0.0000  -37.5000   45.0000 5239.2529   26.7031
    7.5000  -37.5000   45.0000 4987.1289   26.7064
   -7.5000  -30.0000   45.0000 5784.5894   26.8459
    0.0000  -30.0000   45.0000 5836.8667   26.8064
    7.5000  -30.0000   45.0000 5523.1445   26.8116
   -7.5000  -22.5000   45.0000 6450.6948   26.6611
    0.0000  -22.5000   45.0000 6535.2808   26.6623
    7.5000  -22.5000   45.0000 6165.4023   26.6863
   -7.5000  -15.0000   45.0000 7103.1362   26.6778
    0.0000  -15.0000   45.0000 7197.5894   26.7111
    7.5000  -15.0000   45.0000 6782.2847   26.7519
   -7.5000   -7.5000   45.0000 7389.2349   26.7940
    0.0000   -7.5000   45.0000 7458.0708   26.8193
    7.5000   -7.5000   45.0000 7045.2827   26.8564
   -7.5000    0.0000   45.0000 7565.8145   26.9081
    0.0000    0.0000   45.0000 7644.8755   26.8944
    7.5000    0.0000   45.0000 7215.2124   26.9114
   -7.5000    7.5000   45.0000 7382.7104   26.8805
    0.0000    7.5000   45.0000 7446.6143   26.8342
    7.5000    7.5000   45.0000 7041.9067   26.8366
   -7.5000   15.0000   45.0000 7446.5068   26.7575
    0.0000   15.0000   45.0000 7478.0674   26.7176
    7.5000   15.0000   45.0000 7098.3120   26.7232
   -7.5000   22.5000   45.0000 7172.6680   26.3015
    0.0000   22.5000   45.0000 7190.0034   26.3028
    7.5000   22.5000   45.0000 6831.5103   26.3264
   -7.5000   30.0000   45.0000 6914.0801   25.7166
    0.0000   30.0000   45.0000 6917.9517   25.7487
    7.5000   30.0000   45.0000 6582.3110   25.7880
   -7.5000   37.5000   45.0000 6584.7764   25.0814
    0.0000   37.5000   45.0000 6583.5171   25.1050
    7.5000   37.5000   45.0000 6257.9038   25.1398
   -7.5000   45.0000   45.0000 6067.7617   24.3036
    0.0000   45.0000   45.0000 6069.1826   24.2912
    7.5000   45.0000   45.0000 5766.7881   24.3065

---------------------------------------------------------------------
imgreg_4dfp /opt/freesurfer/average/711-2C_as_mni_average_305 /opt/freesurfer/average/711-2B_as_mni_average_305_mask talsrcimg_g11 none talsrcimg_to_711-2C_as_mni_average_305_t4 4355
---------------------------------------------------------------------

freesurfer imgreg_4dfp.c
/opt/freesurfer/average/711-2C_as_mni_average_305.4dfp.img
       256       256       256         1
  1.000000  1.000000  1.000000
orientation T byte_order littleendian
Reading image: /opt/freesurfer/average/711-2C_as_mni_average_305.4dfp.img
dimensions:      256       256       256
mmppix:       1.0000   -1.0000   -1.0000
center:     128.0000 -129.0000 -129.0000
/opt/freesurfer/average/711-2B_as_mni_average_305_mask.4dfp.img
       256       256       256         1
  1.000000  1.000000  1.000000
orientation T byte_order littleendian
Reading mask: /opt/freesurfer/average/711-2B_as_mni_average_305_mask.4dfp.img (2306576 pixels)
talsrcimg_g11.4dfp.img
       256       256       256         1
  0.900000  0.900000  0.900000
orientation T byte_order littleendian
Reading image: talsrcimg_g11.4dfp.img
dimensions:      256       256       256
mmppix:       0.9000   -0.9000   -0.9000
center:     115.2000 -116.1000 -116.1000
rotation matrix determinant  1.000000
image alignment mode   4355 decimal     1103 hex
  -15.0000  -45.0000  -45.0000 1686.1190   27.4136
   -7.5000  -45.0000  -45.0000 1706.2867   27.0456
    0.0000  -45.0000  -45.0000 1709.1653   26.9768
  -15.0000  -37.5000  -45.0000 1806.0892   24.3603
   -7.5000  -37.5000  -45.0000 1830.3578   23.9094
    0.0000  -37.5000  -45.0000 1837.1641   23.8279
  -15.0000  -30.0000  -45.0000 1910.0369   21.8386
   -7.5000  -30.0000  -45.0000 1934.6847   21.4060
    0.0000  -30.0000  -45.0000 1945.0754   21.3575
  -15.0000  -22.5000  -45.0000 2002.9362   19.8692
   -7.5000  -22.5000  -45.0000 2027.5204   19.4678
    0.0000  -22.5000  -45.0000 2033.7397   19.3843
  -15.0000  -15.0000  -45.0000 2075.2788   18.3948
   -7.5000  -15.0000  -45.0000 2105.7031   18.0236
    0.0000  -15.0000  -45.0000 2114.7249   18.0192
  -15.0000   -7.5000  -45.0000 2133.5720   17.4272
   -7.5000   -7.5000  -45.0000 2156.2100   17.0506
    0.0000   -7.5000  -45.0000 2166.5088   17.0723
  -15.0000    0.0000  -45.0000 2154.9358   16.9221
   -7.5000    0.0000  -45.0000 2176.3799   16.5146
    0.0000    0.0000  -45.0000 2190.4670   16.5262
  -15.0000    7.5000  -45.0000 2161.5452   16.7864
   -7.5000    7.5000  -45.0000 2188.0332   16.3468
    0.0000    7.5000  -45.0000 2201.3503   16.2851
  -15.0000   15.0000  -45.0000 2149.1118   16.9013
   -7.5000   15.0000  -45.0000 2180.3735   16.4356
    0.0000   15.0000  -45.0000 2189.6499   16.3477
  -15.0000   22.5000  -45.0000 2130.3369   17.3656
   -7.5000   22.5000  -45.0000 2159.1743   16.8507
    0.0000   22.5000  -45.0000 2168.2036   16.7707
  -15.0000   30.0000  -45.0000 2089.0098   18.1681
   -7.5000   30.0000  -45.0000 2118.7949   17.6280
    0.0000   30.0000  -45.0000 2127.9871   17.5941
  -15.0000   37.5000  -45.0000 2008.6755   19.1740
   -7.5000   37.5000  -45.0000 2043.4329   18.6490
    0.0000   37.5000  -45.0000 2049.8911   18.5812
  -15.0000   45.0000  -45.0000 1881.6969   20.3314
   -7.5000   45.0000  -45.0000 1917.8497   19.7203
    0.0000   45.0000  -45.0000 1920.0009   19.6140
  -15.0000  -45.0000  -37.5000 1805.6077   27.4933
   -7.5000  -45.0000  -37.5000 1820.3767   27.0439
    0.0000  -45.0000  -37.5000 1821.1510   27.0037
  -15.0000  -37.5000  -37.5000 1938.7244   24.4321
   -7.5000  -37.5000  -37.5000 1958.3693   24.0177
    0.0000  -37.5000  -37.5000 1962.0483   23.9584
  -15.0000  -30.0000  -37.5000 2048.6931   21.8760
   -7.5000  -30.0000  -37.5000 2078.7256   21.4866
    0.0000  -30.0000  -37.5000 2084.0129   21.4463
  -15.0000  -22.5000  -37.5000 2143.9819   19.7966
   -7.5000  -22.5000  -37.5000 2177.6465   19.3566
    0.0000  -22.5000  -37.5000 2185.3691   19.3667
  -15.0000  -15.0000  -37.5000 2224.2639   18.2456
   -7.5000  -15.0000  -37.5000 2265.0603   17.8207
    0.0000  -15.0000  -37.5000 2272.0386   17.8171
  -15.0000   -7.5000  -37.5000 2287.5046   17.2612
   -7.5000   -7.5000  -37.5000 2325.3567   16.8949
    0.0000   -7.5000  -37.5000 2335.0181   16.8863
  -15.0000    0.0000  -37.5000 2320.6035   16.7250
   -7.5000    0.0000  -37.5000 2350.7319   16.3161
    0.0000    0.0000  -37.5000 2366.8765   16.3041
  -15.0000    7.5000  -37.5000 2336.8149   16.5368
   -7.5000    7.5000  -37.5000 2373.4417   16.0883
    0.0000    7.5000  -37.5000 2385.1130   16.0106
  -15.0000   15.0000  -37.5000 2333.0842   16.6804
   -7.5000   15.0000  -37.5000 2366.5764   16.1879
    0.0000   15.0000  -37.5000 2375.2146   16.1255
  -15.0000   22.5000  -37.5000 2304.2666   17.0956
   -7.5000   22.5000  -37.5000 2339.7847   16.5975
    0.0000   22.5000  -37.5000 2352.3945   16.5118
  -15.0000   30.0000  -37.5000 2258.6768   17.8786
   -7.5000   30.0000  -37.5000 2303.4177   17.3596
    0.0000   30.0000  -37.5000 2312.6113   17.2897
  -15.0000   37.5000  -37.5000 2173.9421   18.9017
   -7.5000   37.5000  -37.5000 2216.0967   18.3762
    0.0000   37.5000  -37.5000 2220.9016   18.2955
  -15.0000   45.0000  -37.5000 2036.3900   20.0300
   -7.5000   45.0000  -37.5000 2077.1660   19.4949
    0.0000   45.0000  -37.5000 2078.6807   19.4170
  -15.0000  -45.0000  -30.0000 1902.1110   27.4688
   -7.5000  -45.0000  -30.0000 1923.4194   26.9931
    0.0000  -45.0000  -30.0000 1927.6528   26.9798
  -15.0000  -37.5000  -30.0000 2043.8838   24.3756
   -7.5000  -37.5000  -30.0000 2070.2756   23.9354
    0.0000  -37.5000  -30.0000 2074.1575   23.8963
  -15.0000  -30.0000  -30.0000 2164.1321   21.7537
   -7.5000  -30.0000  -30.0000 2198.6174   21.3385
    0.0000  -30.0000  -30.0000 2207.0376   21.2777
  -15.0000  -22.5000  -30.0000 2265.2737   19.6452
   -7.5000  -22.5000  -30.0000 2308.8569   19.2026
    0.0000  -22.5000  -30.0000 2317.1128   19.1882
  -15.0000  -15.0000  -30.0000 2353.5723   18.0324
   -7.5000  -15.0000  -30.0000 2401.8054   17.6050
    0.0000  -15.0000  -30.0000 2409.0117   17.5939
  -15.0000   -7.5000  -30.0000 2430.7200   17.0156
   -7.5000   -7.5000  -30.0000 2476.3083   16.5886
    0.0000   -7.5000  -30.0000 2485.1152   16.5782
  -15.0000    0.0000  -30.0000 2474.7126   16.4584
   -7.5000    0.0000  -30.0000 2512.6724   16.0070
    0.0000    0.0000  -30.0000 2522.1504   15.9561
  -15.0000    7.5000  -30.0000 2494.8767   16.1813
   -7.5000    7.5000  -30.0000 2542.7036   15.7157
    0.0000    7.5000  -30.0000 2550.8682   15.6273
  -15.0000   15.0000  -30.0000 2490.8333   16.2840
   -7.5000   15.0000  -30.0000 2540.9119   15.8400
    0.0000   15.0000  -30.0000 2550.0605   15.7602
  -15.0000   22.5000  -30.0000 2462.7078   16.6898
   -7.5000   22.5000  -30.0000 2514.6333   16.2560
    0.0000   22.5000  -30.0000 2526.2141   16.1796
  -15.0000   30.0000  -30.0000 2411.2629   17.4748
   -7.5000   30.0000  -30.0000 2465.4907   16.9911
    0.0000   30.0000  -30.0000 2475.3779   16.9345
  -15.0000   37.5000  -30.0000 2324.1184   18.5134
   -7.5000   37.5000  -30.0000 2375.3433   17.9768
    0.0000   37.5000  -30.0000 2384.2957   17.9363
  -15.0000   45.0000  -30.0000 2176.7449   19.6235
   -7.5000   45.0000  -30.0000 2225.3157   19.0717
    0.0000   45.0000  -30.0000 2238.5225   18.9917
  -15.0000  -45.0000  -22.5000 1979.5642   27.2911
   -7.5000  -45.0000  -22.5000 2002.3745   26.7065
    0.0000  -45.0000  -22.5000 2006.6700   26.5942
  -15.0000  -37.5000  -22.5000 2126.0208   24.2171
   -7.5000  -37.5000  -22.5000 2157.1362   23.5758
    0.0000  -37.5000  -22.5000 2158.6274   23.4673
  -15.0000  -30.0000  -22.5000 2252.8176   21.5628
   -7.5000  -30.0000  -22.5000 2291.0645   20.9665
    0.0000  -30.0000  -22.5000 2296.9395   20.8506
  -15.0000  -22.5000  -22.5000 2363.3552   19.3507
   -7.5000  -22.5000  -22.5000 2406.3281   18.8325
    0.0000  -22.5000  -22.5000 2415.8306   18.7398
  -15.0000  -15.0000  -22.5000 2463.1318   17.7329
   -7.5000  -15.0000  -22.5000 2508.1938   17.2391
    0.0000  -15.0000  -22.5000 2521.2637   17.2117
  -15.0000   -7.5000  -22.5000 2548.0725   16.6373
   -7.5000   -7.5000  -22.5000 2596.8547   16.1713
    0.0000   -7.5000  -22.5000 2606.6826   16.1266
  -15.0000    0.0000  -22.5000 2602.6519   15.9890
   -7.5000    0.0000  -22.5000 2649.9729   15.4748
    0.0000    0.0000  -22.5000 2659.1147   15.4332
  -15.0000    7.5000  -22.5000 2625.2837   15.6521
   -7.5000    7.5000  -22.5000 2679.3069   15.1629
    0.0000    7.5000  -22.5000 2687.1860   15.0967
  -15.0000   15.0000  -22.5000 2623.4209   15.7379
   -7.5000   15.0000  -22.5000 2680.7334   15.2359
    0.0000   15.0000  -22.5000 2698.9492   15.1815
  -15.0000   22.5000  -22.5000 2601.8093   16.1500
   -7.5000   22.5000  -22.5000 2660.4280   15.6816
    0.0000   22.5000  -22.5000 2678.0771   15.6395
  -15.0000   30.0000  -22.5000 2546.9570   16.9070
   -7.5000   30.0000  -22.5000 2605.6191   16.4296
    0.0000   30.0000  -22.5000 2622.4514   16.3703
  -15.0000   37.5000  -22.5000 2450.1777   17.9459
   -7.5000   37.5000  -22.5000 2503.4690   17.3724
    0.0000   37.5000  -22.5000 2521.4553   17.3286
  -15.0000   45.0000  -22.5000 2301.4158   19.0739
   -7.5000   45.0000  -22.5000 2349.1064   18.4480
    0.0000   45.0000  -22.5000 2365.6514   18.3846
  -15.0000  -45.0000  -15.0000 2036.6628   26.9912
   -7.5000  -45.0000  -15.0000 2056.6699   26.1985
    0.0000  -45.0000  -15.0000 2063.5620   26.1487
  -15.0000  -37.5000  -15.0000 2182.7754   23.8195
   -7.5000  -37.5000  -15.0000 2211.0159   23.0775
    0.0000  -37.5000  -15.0000 2218.6599   22.9732
  -15.0000  -30.0000  -15.0000 2307.5232   21.1176
   -7.5000  -30.0000  -15.0000 2348.5049   20.4761
    0.0000  -30.0000  -15.0000 2357.6677   20.3035
  -15.0000  -22.5000  -15.0000 2424.9080   18.9653
   -7.5000  -22.5000  -15.0000 2468.1492   18.3493
    0.0000  -22.5000  -15.0000 2480.8057   18.2069
  -15.0000  -15.0000  -15.0000 2538.2717   17.3905
   -7.5000  -15.0000  -15.0000 2581.8186   16.7543
    0.0000  -15.0000  -15.0000 2596.6082   16.6694
  -15.0000   -7.5000  -15.0000 2632.3179   16.2455
   -7.5000   -7.5000  -15.0000 2679.7751   15.6684
    0.0000   -7.5000  -15.0000 2698.6616   15.5936
  -15.0000    0.0000  -15.0000 2690.0566   15.4758
   -7.5000    0.0000  -15.0000 2741.2461   14.8862
    0.0000    0.0000  -15.0000 2763.0496   14.7950
  -15.0000    7.5000  -15.0000 2729.7219   15.0797
   -7.5000    7.5000  -15.0000 2784.3271   14.4707
    0.0000    7.5000  -15.0000 2796.9893   14.3923
  -15.0000   15.0000  -15.0000 2734.1887   15.0957
   -7.5000   15.0000  -15.0000 2791.1868   14.4985
    0.0000   15.0000  -15.0000 2815.4756   14.4287
  -15.0000   22.5000  -15.0000 2709.8313   15.5370
   -7.5000   22.5000  -15.0000 2771.9724   14.9874
    0.0000   22.5000  -15.0000 2794.4971   14.9433
  -15.0000   30.0000  -15.0000 2661.0457   16.3092
   -7.5000   30.0000  -15.0000 2713.9104   15.7682
    0.0000   30.0000  -15.0000 2730.1448   15.7217
  -15.0000   37.5000  -15.0000 2551.6580   17.2298
   -7.5000   37.5000  -15.0000 2606.4861   16.6622
    0.0000   37.5000  -15.0000 2620.0486   16.6043
  -15.0000   45.0000  -15.0000 2390.6672   18.3319
   -7.5000   45.0000  -15.0000 2437.6687   17.7064
    0.0000   45.0000  -15.0000 2449.1768   17.6556
  -15.0000  -45.0000   -7.5000 2056.4004   26.6312
   -7.5000  -45.0000   -7.5000 2084.9109   25.8617
    0.0000  -45.0000   -7.5000 2078.2866   25.5868
  -15.0000  -37.5000   -7.5000 2191.3760   23.4387
   -7.5000  -37.5000   -7.5000 2227.6050   22.6741
    0.0000  -37.5000   -7.5000 2227.0667   22.4073
  -15.0000  -30.0000   -7.5000 2317.4363   20.7233
   -7.5000  -30.0000   -7.5000 2358.2954   19.9643
    0.0000  -30.0000   -7.5000 2366.1094   19.7077
  -15.0000  -22.5000   -7.5000 2440.5898   18.5981
   -7.5000  -22.5000   -7.5000 2482.5906   17.8589
    0.0000  -22.5000   -7.5000 2493.9014   17.6044
  -15.0000  -15.0000   -7.5000 2562.5925   17.0491
   -7.5000  -15.0000   -7.5000 2607.2244   16.3022
    0.0000  -15.0000   -7.5000 2617.4783   16.0767
  -15.0000   -7.5000   -7.5000 2668.4419   15.8810
   -7.5000   -7.5000   -7.5000 2714.8445   15.1859
    0.0000   -7.5000   -7.5000 2730.3411   15.0073
  -15.0000    0.0000   -7.5000 2734.2117   15.0356
   -7.5000    0.0000   -7.5000 2788.0615   14.3360
    0.0000    0.0000   -7.5000 2808.9844   14.1693
  -15.0000    7.5000   -7.5000 2791.2092   14.5397
   -7.5000    7.5000   -7.5000 2843.4709   13.7904
    0.0000    7.5000   -7.5000 2861.3232   13.6351
  -15.0000   15.0000   -7.5000 2808.1489   14.4570
   -7.5000   15.0000   -7.5000 2867.3669   13.7729
    0.0000   15.0000   -7.5000 2888.5286   13.6250
  -15.0000   22.5000   -7.5000 2778.8237   14.8798
   -7.5000   22.5000   -7.5000 2844.9741   14.2746
    0.0000   22.5000   -7.5000 2867.1367   14.1859
  -15.0000   30.0000   -7.5000 2720.2737   15.6452
   -7.5000   30.0000   -7.5000 2768.6628   15.0710
    0.0000   30.0000   -7.5000 2787.9004   15.0026
  -15.0000   37.5000   -7.5000 2606.1445   16.6192
   -7.5000   37.5000   -7.5000 2652.4106   15.9826
    0.0000   37.5000   -7.5000 2668.1377   15.9244
  -15.0000   45.0000   -7.5000 2437.9370   17.7202
   -7.5000   45.0000   -7.5000 2479.9907   17.0524
    0.0000   45.0000   -7.5000 2496.1243   17.0002
  -15.0000  -45.0000    0.0000 2070.7393   27.0329
   -7.5000  -45.0000    0.0000 2091.5044   26.0028
    0.0000  -45.0000    0.0000 2093.6709   25.7341
  -15.0000  -37.5000    0.0000 2203.6646   23.7147
   -7.5000  -37.5000    0.0000 2235.1431   22.8172
    0.0000  -37.5000    0.0000 2237.5500   22.4377
  -15.0000  -30.0000    0.0000 2325.1973   20.8378
   -7.5000  -30.0000    0.0000 2364.6868   20.0165
    0.0000  -30.0000    0.0000 2369.0469   19.6289
  -15.0000  -22.5000    0.0000 2443.4558   18.6123
   -7.5000  -22.5000    0.0000 2489.1274   17.8768
    0.0000  -22.5000    0.0000 2491.0657   17.4525
  -15.0000  -15.0000    0.0000 2567.3174   16.9857
   -7.5000  -15.0000    0.0000 2614.6553   16.2857
    0.0000  -15.0000    0.0000 2619.6465   15.8792
  -15.0000   -7.5000    0.0000 2675.4905   15.7921
   -7.5000   -7.5000    0.0000 2729.6467   15.1235
    0.0000   -7.5000    0.0000 2732.6965   14.7330
  -15.0000    0.0000    0.0000 2755.6448   14.9249
   -7.5000    0.0000    0.0000 2821.5825   14.2806
    0.0000    0.0000    0.0000 2833.1338   13.9238
  -15.0000    7.5000    0.0000 2821.4155   14.3366
   -7.5000    7.5000    0.0000 2886.2117   13.5419
    0.0000    7.5000    0.0000 2893.7178   13.2098
  -15.0000   15.0000    0.0000 2853.3716   14.1561
   -7.5000   15.0000    0.0000 2919.3870   13.3887
    0.0000   15.0000    0.0000 2930.0510   13.0974
  -15.0000   22.5000    0.0000 2819.2219   14.5706
   -7.5000   22.5000    0.0000 2890.1016   13.9071
    0.0000   22.5000    0.0000 2901.6357   13.6726
  -15.0000   30.0000    0.0000 2757.3589   15.4021
   -7.5000   30.0000    0.0000 2821.5242   14.8289
    0.0000   30.0000    0.0000 2824.0422   14.6684
  -15.0000   37.5000    0.0000 2642.4956   16.3589
   -7.5000   37.5000    0.0000 2697.4182   15.8189
    0.0000   37.5000    0.0000 2699.6350   15.6816
  -15.0000   45.0000    0.0000 2469.1980   17.4667
   -7.5000   45.0000    0.0000 2519.4832   16.9250
    0.0000   45.0000    0.0000 2526.0154   16.7890
  -15.0000  -45.0000    7.5000 2058.6470   27.3227
   -7.5000  -45.0000    7.5000 2090.6921   26.2836
    0.0000  -45.0000    7.5000 2089.1809   25.9615
  -15.0000  -37.5000    7.5000 2185.3726   23.8959
   -7.5000  -37.5000    7.5000 2223.6492   22.9613
    0.0000  -37.5000    7.5000 2231.5090   22.6305
  -15.0000  -30.0000    7.5000 2306.9072   21.0651
   -7.5000  -30.0000    7.5000 2344.5017   20.1513
    0.0000  -30.0000    7.5000 2358.1184   19.8028
  -15.0000  -22.5000    7.5000 2426.7300   18.8225
   -7.5000  -22.5000    7.5000 2466.5134   17.9827
    0.0000  -22.5000    7.5000 2478.8511   17.6460
  -15.0000  -15.0000    7.5000 2547.2505   17.1973
   -7.5000  -15.0000    7.5000 2588.0056   16.3811
    0.0000  -15.0000    7.5000 2597.3137   16.0077
  -15.0000   -7.5000    7.5000 2655.5312   15.9789
   -7.5000   -7.5000    7.5000 2706.0210   15.2314
    0.0000   -7.5000    7.5000 2709.5090   14.8263
  -15.0000    0.0000    7.5000 2751.7234   15.1001
   -7.5000    0.0000    7.5000 2810.1362   14.3827
    0.0000    0.0000    7.5000 2817.1758   13.9818
  -15.0000    7.5000    7.5000 2825.8032   14.5466
   -7.5000    7.5000    7.5000 2889.8413   13.7488
    0.0000    7.5000    7.5000 2899.0625   13.3715
  -15.0000   15.0000    7.5000 2860.3584   14.3116
   -7.5000   15.0000    7.5000 2932.5049   13.5726
    0.0000   15.0000    7.5000 2945.3474   13.2742
  -15.0000   22.5000    7.5000 2827.7571   14.6294
   -7.5000   22.5000    7.5000 2906.7527   14.0508
    0.0000   22.5000    7.5000 2929.2322   13.8748
  -15.0000   30.0000    7.5000 2769.0425   15.3640
   -7.5000   30.0000    7.5000 2837.4597   14.8998
    0.0000   30.0000    7.5000 2855.4912   14.7779
  -15.0000   37.5000    7.5000 2648.3691   16.3828
   -7.5000   37.5000    7.5000 2701.0342   15.9080
    0.0000   37.5000    7.5000 2712.6335   15.8235
  -15.0000   45.0000    7.5000 2471.1716   17.5091
   -7.5000   45.0000    7.5000 2522.4094   16.9900
    0.0000   45.0000    7.5000 2530.9626   16.9202
  -15.0000  -45.0000   15.0000 2029.4938   28.1195
   -7.5000  -45.0000   15.0000 2058.3862   26.9670
    0.0000  -45.0000   15.0000 2063.7654   26.7563
  -15.0000  -37.5000   15.0000 2159.5430   24.5294
   -7.5000  -37.5000   15.0000 2190.8518   23.4482
    0.0000  -37.5000   15.0000 2208.2166   23.1738
  -15.0000  -30.0000   15.0000 2279.8645   21.5710
   -7.5000  -30.0000   15.0000 2310.9580   20.5260
    0.0000  -30.0000   15.0000 2331.4661   20.2678
  -15.0000  -22.5000   15.0000 2399.5320   19.3027
   -7.5000  -22.5000   15.0000 2427.5759   18.3000
    0.0000  -22.5000   15.0000 2447.4375   18.0202
  -15.0000  -15.0000   15.0000 2516.2456   17.6534
   -7.5000  -15.0000   15.0000 2550.0305   16.7412
    0.0000  -15.0000   15.0000 2562.0623   16.4121
  -15.0000   -7.5000   15.0000 2625.7283   16.4120
   -7.5000   -7.5000   15.0000 2672.4214   15.6315
    0.0000   -7.5000   15.0000 2677.7310   15.3287
  -15.0000    0.0000   15.0000 2724.1516   15.6040
   -7.5000    0.0000   15.0000 2780.4609   14.8663
    0.0000    0.0000   15.0000 2790.1306   14.6152
  -15.0000    7.5000   15.0000 2795.4299   15.0400
   -7.5000    7.5000   15.0000 2863.8423   14.3240
    0.0000    7.5000   15.0000 2874.0259   14.0794
  -15.0000   15.0000   15.0000 2835.1472   14.8211
   -7.5000   15.0000   15.0000 2909.8496   14.2703
    0.0000   15.0000   15.0000 2929.6584   14.1306
  -15.0000   22.5000   15.0000 2801.8604   15.0519
   -7.5000   22.5000   15.0000 2878.5107   14.5990
    0.0000   22.5000   15.0000 2897.9412   14.5318
  -15.0000   30.0000   15.0000 2740.3423   15.7223
   -7.5000   30.0000   15.0000 2811.3767   15.2703
    0.0000   30.0000   15.0000 2829.8857   15.2407
  -15.0000   37.5000   15.0000 2623.9148   16.7022
   -7.5000   37.5000   15.0000 2677.5364   16.2207
    0.0000   37.5000   15.0000 2695.3958   16.1557
  -15.0000   45.0000   15.0000 2453.1804   17.7811
   -7.5000   45.0000   15.0000 2497.6262   17.2747
    0.0000   45.0000   15.0000 2512.5691   17.1863
  -15.0000  -45.0000   22.5000 1987.9442   29.2701
   -7.5000  -45.0000   22.5000 2008.8040   28.0534
    0.0000  -45.0000   22.5000 2014.5996   27.7001
  -15.0000  -37.5000   22.5000 2120.6047   25.4180
   -7.5000  -37.5000   22.5000 2146.7607   24.2581
    0.0000  -37.5000   22.5000 2163.3872   23.9470
  -15.0000  -30.0000   22.5000 2245.3689   22.3930
   -7.5000  -30.0000   22.5000 2271.4988   21.2914
    0.0000  -30.0000   22.5000 2285.7168   21.0087
  -15.0000  -22.5000   22.5000 2360.9258   20.0712
   -7.5000  -22.5000   22.5000 2391.0740   19.0774
    0.0000  -22.5000   22.5000 2408.9534   18.8361
  -15.0000  -15.0000   22.5000 2471.5393   18.4294
   -7.5000  -15.0000   22.5000 2511.0540   17.5461
    0.0000  -15.0000   22.5000 2529.6404   17.3527
  -15.0000   -7.5000   22.5000 2584.5635   17.2323
   -7.5000   -7.5000   22.5000 2632.6650   16.4821
    0.0000   -7.5000   22.5000 2650.3494   16.3245
  -15.0000    0.0000   22.5000 2678.8301   16.4027
   -7.5000    0.0000   22.5000 2731.0894   15.6359
    0.0000    0.0000   22.5000 2734.7805   15.3823
  -15.0000    7.5000   22.5000 2740.2810   15.7672
   -7.5000    7.5000   22.5000 2804.4204   15.0961
    0.0000    7.5000   22.5000 2808.1316   14.8364
  -15.0000   15.0000   22.5000 2774.0117   15.5262
   -7.5000   15.0000   22.5000 2841.0840   15.0479
    0.0000   15.0000   22.5000 2848.7161   14.8299
  -15.0000   22.5000   22.5000 2748.7917   15.7677
   -7.5000   22.5000   22.5000 2812.9910   15.3577
    0.0000   22.5000   22.5000 2819.4619   15.1826
  -15.0000   30.0000   22.5000 2690.5020   16.4387
   -7.5000   30.0000   22.5000 2747.5837   16.0072
    0.0000   30.0000   22.5000 2759.4568   15.9036
  -15.0000   37.5000   22.5000 2571.2568   17.3444
   -7.5000   37.5000   22.5000 2620.5310   16.9173
    0.0000   37.5000   22.5000 2632.6592   16.8143
  -15.0000   45.0000   22.5000 2409.7751   18.2878
   -7.5000   45.0000   22.5000 2454.3174   17.8195
    0.0000   45.0000   22.5000 2462.2632   17.7452
  -15.0000  -45.0000   30.0000 1933.6597   30.8528
   -7.5000  -45.0000   30.0000 1954.0278   29.5581
    0.0000  -45.0000   30.0000 1959.5234   29.2036
  -15.0000  -37.5000   30.0000 2069.2095   26.7738
   -7.5000  -37.5000   30.0000 2099.9084   25.6045
    0.0000  -37.5000   30.0000 2110.4226   25.3628
  -15.0000  -30.0000   30.0000 2199.0315   23.5353
   -7.5000  -30.0000   30.0000 2230.2117   22.4785
    0.0000  -30.0000   30.0000 2241.7358   22.2913
  -15.0000  -22.5000   30.0000 2314.0898   21.1730
   -7.5000  -22.5000   30.0000 2349.8965   20.2300
    0.0000  -22.5000   30.0000 2374.8059   20.0923
  -15.0000  -15.0000   30.0000 2426.6475   19.5047
   -7.5000  -15.0000   30.0000 2466.5928   18.6419
    0.0000  -15.0000   30.0000 2491.1841   18.5158
  -15.0000   -7.5000   30.0000 2528.9895   18.2442
   -7.5000   -7.5000   30.0000 2576.7087   17.4162
    0.0000   -7.5000   30.0000 2601.0159   17.2445
  -15.0000    0.0000   30.0000 2611.6362   17.3466
   -7.5000    0.0000   30.0000 2662.9905   16.4937
    0.0000    0.0000   30.0000 2684.9377   16.3259
  -15.0000    7.5000   30.0000 2670.7905   16.7102
   -7.5000    7.5000   30.0000 2725.6604   16.0361
    0.0000    7.5000   30.0000 2739.4004   15.8166
  -15.0000   15.0000   30.0000 2693.4072   16.5090
   -7.5000   15.0000   30.0000 2743.9204   15.9575
    0.0000   15.0000   30.0000 2752.8442   15.7355
  -15.0000   22.5000   30.0000 2670.7854   16.7196
   -7.5000   22.5000   30.0000 2714.8274   16.1884
    0.0000   22.5000   30.0000 2721.3682   16.0139
  -15.0000   30.0000   30.0000 2614.5259   17.3763
   -7.5000   30.0000   30.0000 2657.6582   16.8797
    0.0000   30.0000   30.0000 2666.3137   16.7186
  -15.0000   37.5000   30.0000 2507.4229   18.2392
   -7.5000   37.5000   30.0000 2545.4192   17.7486
    0.0000   37.5000   30.0000 2558.0916   17.6263
  -15.0000   45.0000   30.0000 2350.0479   19.1402
   -7.5000   45.0000   30.0000 2386.8333   18.6487
    0.0000   45.0000   30.0000 2396.5393   18.5289
  -15.0000  -45.0000   37.5000 1866.1359   32.7106
   -7.5000  -45.0000   37.5000 1890.2762   31.5035
    0.0000  -45.0000   37.5000 1898.6152   31.3020
  -15.0000  -37.5000   37.5000 2010.3529   28.3933
   -7.5000  -37.5000   37.5000 2040.0881   27.2514
    0.0000  -37.5000   37.5000 2050.1272   27.0795
  -15.0000  -30.0000   37.5000 2137.8086   25.0160
   -7.5000  -30.0000   37.5000 2169.4380   23.9106
    0.0000  -30.0000   37.5000 2187.5032   23.7582
  -15.0000  -22.5000   37.5000 2249.3018   22.4512
   -7.5000  -22.5000   37.5000 2286.0945   21.4647
    0.0000  -22.5000   37.5000 2314.4392   21.3556
  -15.0000  -15.0000   37.5000 2362.2021   20.6666
   -7.5000  -15.0000   37.5000 2406.7671   19.7857
    0.0000  -15.0000   37.5000 2430.6794   19.6766
  -15.0000   -7.5000   37.5000 2460.5762   19.3666
   -7.5000   -7.5000   37.5000 2505.9683   18.5068
    0.0000   -7.5000   37.5000 2528.7148   18.3555
  -15.0000    0.0000   37.5000 2535.7488   18.4476
   -7.5000    0.0000   37.5000 2587.0325   17.6190
    0.0000    0.0000   37.5000 2608.3396   17.4969
  -15.0000    7.5000   37.5000 2585.6440   17.8570
   -7.5000    7.5000   37.5000 2636.1460   17.1863
    0.0000    7.5000   37.5000 2654.4319   17.0006
  -15.0000   15.0000   37.5000 2597.3838   17.6545
   -7.5000   15.0000   37.5000 2644.4329   17.0534
    0.0000   15.0000   37.5000 2655.4570   16.8584
  -15.0000   22.5000   37.5000 2578.3127   17.7845
   -7.5000   22.5000   37.5000 2615.3748   17.2262
    0.0000   22.5000   37.5000 2621.4375   17.0792
  -15.0000   30.0000   37.5000 2524.5439   18.4609
   -7.5000   30.0000   37.5000 2561.4331   17.9468
    0.0000   30.0000   37.5000 2565.2102   17.8111
  -15.0000   37.5000   37.5000 2426.5288   19.3073
   -7.5000   37.5000   37.5000 2464.4897   18.8287
    0.0000   37.5000   37.5000 2471.6150   18.6939
  -15.0000   45.0000   37.5000 2278.9341   20.1796
   -7.5000   45.0000   37.5000 2306.5552   19.7015
    0.0000   45.0000   37.5000 2313.8701   19.5924
  -15.0000  -45.0000   45.0000 1776.2275   34.8844
   -7.5000  -45.0000   45.0000 1802.5763   33.8228
    0.0000  -45.0000   45.0000 1805.4969   33.4892
  -15.0000  -37.5000   45.0000 1921.6112   30.2837
   -7.5000  -37.5000   45.0000 1951.8058   29.1240
    0.0000  -37.5000   45.0000 1957.6560   28.9354
  -15.0000  -30.0000   45.0000 2048.5505   26.5919
   -7.5000  -30.0000   45.0000 2082.1355   25.5455
    0.0000  -30.0000   45.0000 2096.9465   25.4106
  -15.0000  -22.5000   45.0000 2155.5684   23.8702
   -7.5000  -22.5000   45.0000 2198.8262   22.9360
    0.0000  -22.5000   45.0000 2220.3081   22.8927
  -15.0000  -15.0000   45.0000 2261.2400   21.8867
   -7.5000  -15.0000   45.0000 2312.2078   21.0834
    0.0000  -15.0000   45.0000 2334.2732   21.0477
  -15.0000   -7.5000   45.0000 2355.1401   20.6010
   -7.5000   -7.5000   45.0000 2408.7639   19.7809
    0.0000   -7.5000   45.0000 2428.7427   19.7260
  -15.0000    0.0000   45.0000 2421.7681   19.6646
   -7.5000    0.0000   45.0000 2475.4768   18.9170
    0.0000    0.0000   45.0000 2492.2065   18.8493
  -15.0000    7.5000   45.0000 2466.8320   19.1432
   -7.5000    7.5000   45.0000 2508.9275   18.4529
    0.0000    7.5000   45.0000 2526.4863   18.3295
  -15.0000   15.0000   45.0000 2471.7454   18.9196
   -7.5000   15.0000   45.0000 2512.5894   18.2957
    0.0000   15.0000   45.0000 2517.5620   18.1250
  -15.0000   22.5000   45.0000 2453.0652   18.9807
   -7.5000   22.5000   45.0000 2489.4563   18.4442
    0.0000   22.5000   45.0000 2492.6028   18.3352
  -15.0000   30.0000   45.0000 2404.1133   19.6528
   -7.5000   30.0000   45.0000 2439.2126   19.1927
    0.0000   30.0000   45.0000 2439.9700   19.1231
  -15.0000   37.5000   45.0000 2314.7222   20.4729
   -7.5000   37.5000   45.0000 2349.9053   20.0804
    0.0000   37.5000   45.0000 2353.6118   19.9587
  -15.0000   45.0000   45.0000 2178.9006   21.3813
   -7.5000   45.0000   45.0000 2203.6863   20.9241
    0.0000   45.0000   45.0000 2212.3635   20.8336

---------------------------------------------------------------------
imgreg_4dfp /opt/freesurfer/average/711-2C_as_mni_average_305 /opt/freesurfer/average/711-2B_as_mni_average_305_mask talsrcimg_g11 none talsrcimg_to_711-2C_as_mni_average_305_t4 1283
---------------------------------------------------------------------

freesurfer imgreg_4dfp.c
/opt/freesurfer/average/711-2C_as_mni_average_305.4dfp.img
       256       256       256         1
  1.000000  1.000000  1.000000
orientation T byte_order littleendian
Reading image: /opt/freesurfer/average/711-2C_as_mni_average_305.4dfp.img
dimensions:      256       256       256
mmppix:       1.0000   -1.0000   -1.0000
center:     128.0000 -129.0000 -129.0000
/opt/freesurfer/average/711-2B_as_mni_average_305_mask.4dfp.img
       256       256       256         1
  1.000000  1.000000  1.000000
orientation T byte_order littleendian
Reading mask: /opt/freesurfer/average/711-2B_as_mni_average_305_mask.4dfp.img (2306576 pixels)
talsrcimg_g11.4dfp.img
       256       256       256         1
  0.900000  0.900000  0.900000
orientation T byte_order littleendian
Reading image: talsrcimg_g11.4dfp.img
dimensions:      256       256       256
mmppix:       0.9000   -0.9000   -0.9000
center:     115.2000 -116.1000 -116.1000
rotation matrix determinant  1.000000
fimgreg.f
image alignment mode   1283 decimal      503 hex
parameters
    0.0000   15.0000    7.5000    0.0000    0.0000    0.0000
eta,q 0.92459 13.26530
niter,ni,del,rscale     5    3   12.0000    1.2000
parameter  3 -1.775694 -> -0.500000 qaram    1.1500
parameter  4  0.565789 ->  0.500000 qaram    1.1500
parameters
   -1.3089   16.7505   10.9500   -3.4500   -0.3605    0.6851
eta,q 0.93068 13.63203
  0.0795  0.0874  0.0797  0.0722  0.0757  0.0741
  0.0780  0.0853  0.0814  0.0696  0.0728  0.0725
  0.0775  0.0813  0.0794  0.0702  0.0708  0.0709
  0.0769  0.0773  0.0766  0.0721  0.0695  0.0696
  0.0774  0.0768  0.0742  0.0745  0.0707  0.0694
  0.0812  0.0790  0.0719  0.0778  0.0736  0.0711
  0.0844  0.0813  0.0758  0.0803  0.0779  0.0729
niter,ni,del,rscale     6    3   12.0000    1.2000
parameters
   -1.8587   17.8970    9.9710   -4.6267    0.2068    0.3945
eta,q 0.93030 13.59631
  0.0797  0.0873  0.0804  0.0756  0.0768  0.0725
  0.0757  0.0792  0.0767  0.0723  0.0734  0.0715
  0.0720  0.0732  0.0718  0.0703  0.0717  0.0704
  0.0693  0.0697  0.0699  0.0702  0.0699  0.0696
  0.0719  0.0709  0.0734  0.0726  0.0698  0.0699
  0.0781  0.0738  0.0809  0.0762  0.0714  0.0716
  0.0852  0.0774  0.0899  0.0801  0.0753  0.0736
niter,ni,del,rscale     5    3   12.0000    1.2000
parameters
   -2.1930   18.9808    9.2685   -7.0296    0.5884    0.7477
eta,q 0.93187 13.58248
  0.0803  0.0854  0.0792  0.0730  0.0752  0.0725
  0.0755  0.0786  0.0778  0.0684  0.0721  0.0707
  0.0722  0.0725  0.0731  0.0685  0.0701  0.0689
  0.0697  0.0699  0.0701  0.0707  0.0684  0.0682
  0.0715  0.0705  0.0713  0.0726  0.0684  0.0682
  0.0770  0.0729  0.0781  0.0766  0.0705  0.0696
  0.0836  0.0772  0.0878  0.0809  0.0743  0.0720
niter,ni,del,rscale     4    3   12.0000    1.2000
parameters
   -2.4473   20.6288    8.3801   -9.2649    0.8895    1.3548
eta,q 0.93518 13.46130
  0.0796  0.0851  0.0749  0.0720  0.0715  0.0720
  0.0735  0.0802  0.0730  0.0664  0.0685  0.0693
  0.0703  0.0741  0.0696  0.0650  0.0666  0.0666
  0.0681  0.0682  0.0669  0.0677  0.0650  0.0650
  0.0703  0.0670  0.0679  0.0719  0.0655  0.0650
  0.0756  0.0699  0.0747  0.0763  0.0673  0.0671
  0.0813  0.0751  0.0844  0.0804  0.0708  0.0702
niter,ni,del,rscale     3    3   12.0000    1.2000
parameters
   -2.6641   21.4222    7.3220  -10.4049    1.5483    1.3589
eta,q 0.93568 13.31344
  0.0773  0.0844  0.0712  0.0732  0.0705  0.0709
  0.0699  0.0789  0.0704  0.0688  0.0679  0.0679
  0.0663  0.0691  0.0667  0.0645  0.0661  0.0652
  0.0648  0.0649  0.0650  0.0656  0.0645  0.0643
  0.0670  0.0660  0.0664  0.0690  0.0644  0.0654
  0.0725  0.0707  0.0720  0.0740  0.0657  0.0677
  0.0781  0.0779  0.0804  0.0790  0.0690  0.0709
niter,ni,del,rscale     2    3   12.0000    1.2000
parameters
   -2.7836   21.9131    6.5464  -11.0100    2.0505    1.1967
eta,q 0.93592 13.22560
  0.0759  0.0843  0.0701  0.0739  0.0698  0.0703
  0.0690  0.0768  0.0706  0.0700  0.0678  0.0673
  0.0657  0.0678  0.0665  0.0652  0.0659  0.0646
  0.0643  0.0643  0.0644  0.0646  0.0643  0.0641
  0.0655  0.0662  0.0652  0.0676  0.0642  0.0655
  0.0709  0.0722  0.0698  0.0722  0.0658  0.0677
  0.0762  0.0793  0.0775  0.0774  0.0691  0.0708
niter,ni,del,rscale     1    3   12.0000    1.2000
parameters
   -2.7663   22.2968    6.1126  -11.3049    2.3265    1.0969
eta,q 0.93580 13.19022
  0.0751  0.0837  0.0702  0.0740  0.0696  0.0702
  0.0690  0.0762  0.0707  0.0706  0.0678  0.0674
  0.0661  0.0673  0.0674  0.0657  0.0657  0.0648
  0.0641  0.0641  0.0641  0.0643  0.0643  0.0642
  0.0643  0.0668  0.0650  0.0667  0.0643  0.0655
  0.0695  0.0733  0.0689  0.0712  0.0663  0.0676
  0.0751  0.0792  0.0753  0.0760  0.0696  0.0704
registration optimization eta report
parameter search radius
    6.0000    6.0000    6.9000    6.9000    6.0000    6.0000
100000*second partial in parameter space
       31.       46.       17.       22.       15.       16.
  0.0751  0.0837  0.0702  0.0740  0.0696  0.0702
  0.0690  0.0762  0.0707  0.0706  0.0678  0.0674
  0.0661  0.0673  0.0674  0.0657  0.0657  0.0648
  0.0641  0.0641  0.0641  0.0643  0.0643  0.0642
  0.0643  0.0668  0.0650  0.0667  0.0643  0.0655
  0.0695  0.0733  0.0689  0.0712  0.0663  0.0676
  0.0751  0.0792  0.0753  0.0760  0.0696  0.0704
   -2.7663   22.2968    6.1126  -11.3049    2.3265    1.0969
eta,q 0.93580 13.19022

---------------------------------------------------------------------
imgreg_4dfp /opt/freesurfer/average/711-2C_as_mni_average_305 /opt/freesurfer/average/711-2B_as_mni_average_305_mask talsrcimg_g11 none talsrcimg_to_711-2C_as_mni_average_305_t4 3335
---------------------------------------------------------------------

freesurfer imgreg_4dfp.c
/opt/freesurfer/average/711-2C_as_mni_average_305.4dfp.img
       256       256       256         1
  1.000000  1.000000  1.000000
orientation T byte_order littleendian
Reading image: /opt/freesurfer/average/711-2C_as_mni_average_305.4dfp.img
dimensions:      256       256       256
mmppix:       1.0000   -1.0000   -1.0000
center:     128.0000 -129.0000 -129.0000
/opt/freesurfer/average/711-2B_as_mni_average_305_mask.4dfp.img
       256       256       256         1
  1.000000  1.000000  1.000000
orientation T byte_order littleendian
Reading mask: /opt/freesurfer/average/711-2B_as_mni_average_305_mask.4dfp.img (2306576 pixels)
talsrcimg_g11.4dfp.img
       256       256       256         1
  0.900000  0.900000  0.900000
orientation T byte_order littleendian
Reading image: talsrcimg_g11.4dfp.img
dimensions:      256       256       256
mmppix:       0.9000   -0.9000   -0.9000
center:     115.2000 -116.1000 -116.1000
fimgreg.f
image alignment mode   3335 decimal      D07 hex
parameters
   -2.7663   22.2968    6.1126   -0.1007   -1.9429   -2.0210
   -1.0816   -4.3552    1.9128   19.5232    4.0595  -19.5868
eta,q 0.93233 13.42331
niter,ni,del,rscale     5    3    5.0000    1.2000
parameter  3 -1.036880 -> -0.500000 qaram    1.1500
parameter  4  5.986776 ->  0.500000 qaram    1.1500
parameter  5  2.794891 ->  0.500000 qaram    1.1500
parameter  6  0.778373 ->  0.500000 qaram    1.1500
parameter 12 -2.974616 -> -0.500000 qaram    1.1500
parameters
   -2.8710   22.3551    7.4926   -4.2407   -6.0829   -6.1610
   -1.6046   -2.4658    1.2070   19.2792    1.9298  -15.4468
eta,q 0.95268 13.11104
  0.0691  0.0696  0.0695  0.0535  0.0487  0.0498  0.0517  0.0583  0.0509  0.0524  0.0501  0.0541
  0.0683  0.0685  0.0691  0.0566  0.0513  0.0500  0.0508  0.0545  0.0502  0.0509  0.0496  0.0526
  0.0678  0.0678  0.0684  0.0613  0.0545  0.0502  0.0501  0.0514  0.0497  0.0500  0.0495  0.0511
  0.0677  0.0677  0.0677  0.0670  0.0577  0.0522  0.0499  0.0499  0.0496  0.0496  0.0496  0.0495
  0.0679  0.0679  0.0671  0.0729  0.0613  0.0571  0.0504  0.0497  0.0499  0.0499  0.0500  0.0481
  0.0685  0.0685  0.0670  0.0782  0.0657  0.0616  0.0512  0.0506  0.0506  0.0509  0.0505  0.0471
  0.0693  0.0693  0.0672  0.0830  0.0706  0.0667  0.0523  0.0525  0.0515  0.0531  0.0513  0.0463
niter,ni,del,rscale     7    3    5.0000    1.2000
parameter  2  0.555773 ->  0.500000 qaram    1.1500
parameter  3  2.602652 ->  0.500000 qaram    1.3225
parameter  4  0.868948 ->  0.500000 qaram    1.3225
parameter  5  1.272545 ->  0.500000 qaram    1.3225
parameter  6  0.609638 ->  0.500000 qaram    1.3225
parameter 10  0.965777 ->  0.500000 qaram    1.1500
parameter 12 -0.820849 -> -0.500000 qaram    1.3225
parameters
   -2.5277   20.9751    5.9056   -9.0017  -10.8439  -10.9220
   -1.2455   -2.1075    1.2571   15.1392    1.2278  -10.6858
eta,q 0.96593 12.37218
  0.0510  0.0471  0.0425  0.0390  0.0348  0.0351  0.0379  0.0387  0.0372  0.0343  0.0353  0.0368
  0.0492  0.0467  0.0432  0.0395  0.0359  0.0355  0.0368  0.0370  0.0365  0.0345  0.0349  0.0359
  0.0479  0.0467  0.0447  0.0407  0.0374  0.0360  0.0361  0.0361  0.0359  0.0350  0.0346  0.0351
  0.0473  0.0473  0.0467  0.0435  0.0397  0.0362  0.0358  0.0358  0.0357  0.0357  0.0346  0.0346
  0.0473  0.0483  0.0487  0.0487  0.0426  0.0380  0.0359  0.0360  0.0359  0.0370  0.0347  0.0342
  0.0480  0.0498  0.0508  0.0552  0.0461  0.0420  0.0365  0.0368  0.0364  0.0387  0.0351  0.0340
  0.0494  0.0516  0.0528  0.0618  0.0508  0.0464  0.0375  0.0381  0.0372  0.0405  0.0356  0.0340
niter,ni,del,rscale     7    3    5.0000    1.2000
parameter  2  0.939263 ->  0.500000 qaram    1.3225
parameter  3  2.655967 ->  0.500000 qaram    1.5209
parameter  5  0.841894 ->  0.500000 qaram    1.5209
parameters
   -1.8805   19.3881    4.0806  -12.3974  -16.3191  -12.2697
   -0.8440   -2.2487    1.3739   12.2411    0.8970  -13.9831
eta,q 0.97497 12.18489
  0.0383  0.0325  0.0266  0.0296  0.0262  0.0299  0.0289  0.0292  0.0277  0.0270  0.0259  0.0258
  0.0364  0.0325  0.0280  0.0287  0.0256  0.0281  0.0274  0.0273  0.0267  0.0257  0.0255  0.0252
  0.0349  0.0329  0.0300  0.0282  0.0265  0.0264  0.0263  0.0262  0.0261  0.0252  0.0253  0.0250
  0.0341  0.0339  0.0325  0.0284  0.0282  0.0257  0.0258  0.0258  0.0258  0.0258  0.0252  0.0252
  0.0339  0.0351  0.0355  0.0298  0.0300  0.0265  0.0260  0.0263  0.0260  0.0272  0.0253  0.0259
  0.0343  0.0366  0.0385  0.0334  0.0326  0.0291  0.0269  0.0276  0.0267  0.0291  0.0256  0.0270
  0.0354  0.0384  0.0413  0.0390  0.0357  0.0354  0.0283  0.0294  0.0276  0.0316  0.0261  0.0284
niter,ni,del,rscale     7    3    5.0000    1.2000
parameter  3  0.629148 ->  0.500000 qaram    1.7490
parameters
   -1.8050   19.0924    1.9817  -10.8541  -16.4540  -12.2858
   -0.8919   -1.7564    1.5332   14.2871    0.9436  -17.9833
eta,q 0.97683 12.30463
  0.0282  0.0289  0.0241  0.0283  0.0299  0.0286  0.0267  0.0280  0.0260  0.0293  0.0237  0.0238
  0.0265  0.0267  0.0240  0.0264  0.0273  0.0266  0.0251  0.0252  0.0249  0.0265  0.0236  0.0232
  0.0254  0.0253  0.0242  0.0250  0.0249  0.0250  0.0241  0.0240  0.0240  0.0247  0.0235  0.0232
  0.0250  0.0250  0.0250  0.0240  0.0236  0.0236  0.0236  0.0236  0.0237  0.0237  0.0235  0.0235
  0.0253  0.0260  0.0265  0.0234  0.0249  0.0224  0.0240  0.0240  0.0239  0.0236  0.0235  0.0241
  0.0263  0.0280  0.0289  0.0240  0.0274  0.0244  0.0251  0.0250  0.0247  0.0242  0.0236  0.0250
  0.0278  0.0305  0.0319  0.0268  0.0303  0.0311  0.0268  0.0266  0.0258  0.0255  0.0238  0.0263
niter,ni,del,rscale     7    3    5.0000    1.2000
parameters
   -1.7575   19.0273    0.8128  -10.7443  -17.0659  -12.5075
   -0.9109   -1.3696    1.6564   15.7933    4.1919  -18.7755
eta,q 0.97703 12.31644
  0.0263  0.0279  0.0247  0.0270  0.0290  0.0284  0.0262  0.0274  0.0253  0.0284  0.0235  0.0247
  0.0246  0.0254  0.0232  0.0252  0.0265  0.0263  0.0246  0.0244  0.0242  0.0255  0.0233  0.0234
  0.0235  0.0237  0.0228  0.0238  0.0242  0.0246  0.0235  0.0232  0.0234  0.0237  0.0231  0.0229
  0.0232  0.0232  0.0232  0.0228  0.0228  0.0229  0.0230  0.0231  0.0231  0.0231  0.0231  0.0230
  0.0235  0.0239  0.0242  0.0224  0.0242  0.0216  0.0234  0.0235  0.0233  0.0232  0.0230  0.0234
  0.0244  0.0257  0.0260  0.0239  0.0271  0.0250  0.0245  0.0244  0.0241  0.0238  0.0230  0.0241
  0.0261  0.0282  0.0287  0.0280  0.0308  0.0313  0.0263  0.0261  0.0251  0.0254  0.0231  0.0251
niter,ni,del,rscale     6    3    5.0000    1.2000
parameters
   -1.7954   19.1737    0.5044  -10.4398  -17.5032  -12.5143
   -0.7063   -1.8562    1.3383   16.3449    3.5623  -19.3436
eta,q 0.97716 12.32252
  0.0257  0.0277  0.0261  0.0270  0.0288  0.0286  0.0261  0.0259  0.0246  0.0270  0.0231  0.0248
  0.0242  0.0253  0.0240  0.0252  0.0264  0.0265  0.0245  0.0239  0.0236  0.0245  0.0229  0.0233
  0.0233  0.0237  0.0230  0.0239  0.0243  0.0248  0.0233  0.0231  0.0230  0.0232  0.0229  0.0228
  0.0230  0.0230  0.0229  0.0229  0.0228  0.0229  0.0229  0.0229  0.0229  0.0229  0.0229  0.0229
  0.0233  0.0233  0.0236  0.0223  0.0239  0.0216  0.0232  0.0232  0.0232  0.0231  0.0229  0.0233
  0.0243  0.0247  0.0249  0.0236  0.0268  0.0249  0.0242  0.0245  0.0239  0.0239  0.0229  0.0240
  0.0259  0.0270  0.0270  0.0277  0.0303  0.0308  0.0257  0.0271  0.0249  0.0259  0.0232  0.0249
niter,ni,del,rscale     5    3    5.0000    1.2000
parameters
   -1.7803   19.3108    0.4416  -10.3735  -17.8265  -12.5905
   -0.6894   -1.6640    1.3562   16.6674    4.0722  -19.5171
eta,q 0.97709 12.31235
  0.0256  0.0274  0.0265  0.0269  0.0288  0.0285  0.0259  0.0268  0.0248  0.0266  0.0232  0.0250
  0.0241  0.0251  0.0241  0.0251  0.0265  0.0265  0.0244  0.0242  0.0237  0.0243  0.0230  0.0234
  0.0232  0.0235  0.0230  0.0238  0.0244  0.0248  0.0233  0.0232  0.0231  0.0232  0.0230  0.0229
  0.0228  0.0228  0.0228  0.0228  0.0228  0.0229  0.0229  0.0229  0.0229  0.0229  0.0229  0.0229
  0.0231  0.0231  0.0233  0.0222  0.0237  0.0215  0.0233  0.0231  0.0232  0.0231  0.0229  0.0233
  0.0240  0.0245  0.0245  0.0237  0.0266  0.0250  0.0243  0.0241  0.0238  0.0240  0.0229  0.0239
  0.0256  0.0268  0.0264  0.0281  0.0301  0.0310  0.0259  0.0262  0.0247  0.0260  0.0232  0.0248
niter,ni,del,rscale     4    3    5.0000    1.2000
parameters
   -1.7910   19.4337    0.3360  -10.3644  -18.0614  -12.6930
   -0.6224   -1.7932    1.1831   16.9553    4.4051  -19.7051
eta,q 0.97703 12.30305
  0.0256  0.0272  0.0264  0.0269  0.0288  0.0285  0.0260  0.0264  0.0247  0.0265  0.0232  0.0250
  0.0241  0.0251  0.0241  0.0251  0.0265  0.0265  0.0244  0.0241  0.0237  0.0243  0.0231  0.0235
  0.0232  0.0236  0.0230  0.0239  0.0245  0.0249  0.0234  0.0232  0.0232  0.0233  0.0230  0.0229
  0.0229  0.0229  0.0229  0.0229  0.0229  0.0229  0.0230  0.0230  0.0230  0.0230  0.0230  0.0230
  0.0232  0.0232  0.0234  0.0223  0.0236  0.0217  0.0234  0.0232  0.0233  0.0231  0.0230  0.0233
  0.0241  0.0245  0.0246  0.0238  0.0265  0.0251  0.0244  0.0243  0.0239  0.0240  0.0230  0.0239
  0.0257  0.0268  0.0265  0.0282  0.0299  0.0310  0.0259  0.0266  0.0248  0.0260  0.0232  0.0248
niter,ni,del,rscale     3    3    5.0000    1.2000
parameters
   -1.7969   19.5533    0.2508  -10.3732  -18.2905  -12.7983
   -0.5508   -1.8411    1.0323   17.2470    4.7662  -19.8344
eta,q 0.97695 12.29206
  0.0256  0.0272  0.0265  0.0269  0.0288  0.0285  0.0260  0.0265  0.0247  0.0264  0.0233  0.0251
  0.0242  0.0251  0.0241  0.0252  0.0265  0.0265  0.0245  0.0242  0.0238  0.0244  0.0232  0.0235
  0.0233  0.0237  0.0231  0.0239  0.0246  0.0249  0.0234  0.0233  0.0232  0.0234  0.0231  0.0230
  0.0230  0.0230  0.0230  0.0229  0.0229  0.0230  0.0231  0.0231  0.0231  0.0231  0.0231  0.0230
  0.0233  0.0232  0.0235  0.0224  0.0236  0.0217  0.0234  0.0233  0.0233  0.0232  0.0230  0.0234
  0.0242  0.0245  0.0246  0.0239  0.0266  0.0252  0.0244  0.0243  0.0239  0.0240  0.0230  0.0239
  0.0257  0.0267  0.0265  0.0283  0.0299  0.0309  0.0259  0.0266  0.0248  0.0260  0.0233  0.0248
niter,ni,del,rscale     2    3    5.0000    1.2000
parameters
   -1.8032   19.6800    0.1458  -10.3922  -18.5376  -12.9385
   -0.4810   -1.9105    0.8639   17.5834    5.3365  -19.9071
eta,q 0.97686 12.27830
  0.0257  0.0272  0.0264  0.0269  0.0287  0.0285  0.0261  0.0264  0.0248  0.0264  0.0234  0.0251
  0.0242  0.0251  0.0242  0.0252  0.0265  0.0265  0.0245  0.0243  0.0239  0.0245  0.0233  0.0236
  0.0233  0.0237  0.0231  0.0240  0.0246  0.0249  0.0235  0.0235  0.0233  0.0236  0.0232  0.0231
  0.0230  0.0230  0.0230  0.0230  0.0230  0.0231  0.0232  0.0232  0.0232  0.0232  0.0232  0.0231
  0.0233  0.0233  0.0236  0.0224  0.0236  0.0219  0.0235  0.0233  0.0234  0.0232  0.0231  0.0235
  0.0242  0.0245  0.0247  0.0240  0.0266  0.0253  0.0245  0.0243  0.0240  0.0240  0.0231  0.0240
  0.0257  0.0267  0.0265  0.0283  0.0298  0.0309  0.0259  0.0267  0.0249  0.0260  0.0234  0.0248
niter,ni,del,rscale     1    3    5.0000    1.2000
parameters
   -1.8188   19.8305    0.0152  -10.4394  -18.8430  -13.1177
   -0.3891   -2.0237    0.6183   18.0067    6.1018  -19.9653
eta,q 0.97676 12.25968
  0.0257  0.0272  0.0264  0.0269  0.0286  0.0284  0.0261  0.0264  0.0248  0.0264  0.0235  0.0251
  0.0243  0.0252  0.0242  0.0253  0.0265  0.0265  0.0246  0.0244  0.0240  0.0246  0.0234  0.0236
  0.0234  0.0238  0.0232  0.0241  0.0246  0.0250  0.0236  0.0236  0.0234  0.0237  0.0234  0.0232
  0.0231  0.0231  0.0231  0.0231  0.0231  0.0232  0.0233  0.0233  0.0233  0.0233  0.0233  0.0232
  0.0234  0.0233  0.0237  0.0225  0.0237  0.0221  0.0236  0.0234  0.0235  0.0233  0.0232  0.0235
  0.0243  0.0246  0.0248  0.0241  0.0267  0.0254  0.0246  0.0245  0.0241  0.0241  0.0232  0.0240
  0.0258  0.0267  0.0265  0.0284  0.0299  0.0309  0.0260  0.0268  0.0250  0.0260  0.0235  0.0248
registration optimization eta report
parameter search radius
    2.4000    3.1740    4.1976    9.5220   10.9503    9.5220
    7.2000    7.2000    7.2000    8.2800    7.2000    9.5220
100000*second partial in parameter space
       46.       38.       19.        5.        5.        7.
        5.        7.        3.        4.        1.        2.
  0.0257  0.0272  0.0264  0.0269  0.0286  0.0284  0.0261  0.0264  0.0248  0.0264  0.0235  0.0251
  0.0243  0.0252  0.0242  0.0253  0.0265  0.0265  0.0246  0.0244  0.0240  0.0246  0.0234  0.0236
  0.0234  0.0238  0.0232  0.0241  0.0246  0.0250  0.0236  0.0236  0.0234  0.0237  0.0234  0.0232
  0.0231  0.0231  0.0231  0.0231  0.0231  0.0232  0.0233  0.0233  0.0233  0.0233  0.0233  0.0232
  0.0234  0.0233  0.0237  0.0225  0.0237  0.0221  0.0236  0.0234  0.0235  0.0233  0.0232  0.0235
  0.0243  0.0246  0.0248  0.0241  0.0267  0.0254  0.0246  0.0245  0.0241  0.0241  0.0232  0.0240
  0.0258  0.0267  0.0265  0.0284  0.0299  0.0309  0.0260  0.0268  0.0250  0.0260  0.0235  0.0248
   -1.8188   19.8305    0.0152  -10.4394  -18.8430  -13.1177
   -0.3891   -2.0237    0.6183   18.0067    6.1018  -19.9653
eta,q 0.97676 12.25968

---------------------------------------------------------------------
imgreg_4dfp /opt/freesurfer/average/711-2C_as_mni_average_305 /opt/freesurfer/average/711-2B_as_mni_average_305_mask talsrcimg_g11 none talsrcimg_to_711-2C_as_mni_average_305_t4 2311
---------------------------------------------------------------------

freesurfer imgreg_4dfp.c
/opt/freesurfer/average/711-2C_as_mni_average_305.4dfp.img
       256       256       256         1
  1.000000  1.000000  1.000000
orientation T byte_order littleendian
Reading image: /opt/freesurfer/average/711-2C_as_mni_average_305.4dfp.img
dimensions:      256       256       256
mmppix:       1.0000   -1.0000   -1.0000
center:     128.0000 -129.0000 -129.0000
/opt/freesurfer/average/711-2B_as_mni_average_305_mask.4dfp.img
       256       256       256         1
  1.000000  1.000000  1.000000
orientation T byte_order littleendian
Reading mask: /opt/freesurfer/average/711-2B_as_mni_average_305_mask.4dfp.img (2306576 pixels)
talsrcimg_g11.4dfp.img
       256       256       256         1
  0.900000  0.900000  0.900000
orientation T byte_order littleendian
Reading image: talsrcimg_g11.4dfp.img
dimensions:      256       256       256
mmppix:       0.9000   -0.9000   -0.9000
center:     115.2000 -116.1000 -116.1000
fimgreg.f
image alignment mode   2311 decimal      907 hex
parameters
   -1.8188   19.8305    0.0152  -10.4394  -18.8430  -13.1177
   -0.3891   -2.0237    0.6183   18.0067    6.1018  -19.9653
eta,q 0.97676 12.25969
niter,ni,del,rscale     5    3    5.0000    0.8000
parameter  4 -0.579636 -> -0.500000 qaram    1.1500
parameters
   -1.8485   20.1502   -0.5649   -7.6794  -19.0117  -12.2665
    0.0360   -2.3168    0.2805   19.0999    5.0601  -21.1414
eta,q 0.97795 12.36246
  0.0244  0.0246  0.0233  0.0246  0.0243  0.0251  0.0242  0.0249  0.0231  0.0242  0.0225  0.0224
  0.0237  0.0240  0.0231  0.0241  0.0235  0.0245  0.0232  0.0232  0.0226  0.0232  0.0223  0.0221
  0.0233  0.0235  0.0231  0.0236  0.0229  0.0236  0.0225  0.0224  0.0223  0.0226  0.0221  0.0220
  0.0232  0.0232  0.0232  0.0231  0.0226  0.0226  0.0222  0.0222  0.0222  0.0222  0.0221  0.0221
  0.0234  0.0232  0.0233  0.0227  0.0227  0.0221  0.0223  0.0227  0.0224  0.0221  0.0223  0.0223
  0.0238  0.0234  0.0236  0.0226  0.0235  0.0225  0.0228  0.0238  0.0228  0.0224  0.0227  0.0225
  0.0244  0.0239  0.0239  0.0231  0.0248  0.0245  0.0236  0.0255  0.0234  0.0229  0.0232  0.0229
niter,ni,del,rscale     5    3    5.0000    0.8000
parameters
   -1.9310   20.0878   -0.1691   -8.6952  -18.8311  -11.7070
    0.0831   -2.1373    0.4999   18.7621    4.5405  -21.2687
eta,q 0.97813 12.36702
  0.0236  0.0232  0.0233  0.0236  0.0241  0.0250  0.0236  0.0247  0.0230  0.0231  0.0223  0.0226
  0.0227  0.0225  0.0227  0.0230  0.0233  0.0242  0.0226  0.0231  0.0224  0.0223  0.0221  0.0221
  0.0222  0.0222  0.0223  0.0224  0.0227  0.0232  0.0221  0.0222  0.0220  0.0220  0.0219  0.0219
  0.0220  0.0220  0.0220  0.0220  0.0222  0.0221  0.0219  0.0219  0.0219  0.0219  0.0219  0.0219
  0.0223  0.0222  0.0220  0.0224  0.0222  0.0217  0.0221  0.0221  0.0220  0.0221  0.0220  0.0220
  0.0230  0.0226  0.0222  0.0238  0.0228  0.0224  0.0226  0.0229  0.0223  0.0226  0.0222  0.0222
  0.0240  0.0234  0.0224  0.0264  0.0241  0.0247  0.0235  0.0243  0.0228  0.0235  0.0226  0.0225
niter,ni,del,rscale     4    3    5.0000    0.7000
parameters
   -1.9222   20.0450    0.1127   -8.6887  -18.6240  -11.1501
   -0.0370   -2.0887    0.7163   18.4422    4.0623  -21.1598
eta,q 0.97841 12.38307
  0.0231  0.0227  0.0227  0.0234  0.0235  0.0245  0.0229  0.0238  0.0225  0.0226  0.0220  0.0223
  0.0224  0.0223  0.0223  0.0229  0.0229  0.0237  0.0222  0.0225  0.0220  0.0220  0.0217  0.0218
  0.0220  0.0220  0.0220  0.0223  0.0223  0.0227  0.0217  0.0218  0.0217  0.0217  0.0216  0.0216
  0.0219  0.0219  0.0219  0.0219  0.0219  0.0218  0.0216  0.0216  0.0216  0.0216  0.0216  0.0216
  0.0220  0.0220  0.0219  0.0218  0.0219  0.0215  0.0218  0.0218  0.0217  0.0218  0.0217  0.0217
  0.0224  0.0223  0.0220  0.0224  0.0224  0.0221  0.0223  0.0225  0.0219  0.0222  0.0219  0.0219
  0.0231  0.0229  0.0222  0.0239  0.0235  0.0240  0.0230  0.0237  0.0223  0.0229  0.0222  0.0221
niter,ni,del,rscale     3    3    5.0000    0.6000
parameters
   -1.9567   19.8855    0.4087   -8.4463  -18.3519  -10.6623
   -0.1419   -2.0821    0.9580   17.9672    3.6193  -20.8722
eta,q 0.97870 12.40245
  0.0225  0.0221  0.0224  0.0229  0.0229  0.0240  0.0223  0.0231  0.0221  0.0220  0.0217  0.0220
  0.0220  0.0218  0.0220  0.0224  0.0224  0.0231  0.0218  0.0221  0.0217  0.0216  0.0214  0.0216
  0.0217  0.0216  0.0217  0.0219  0.0218  0.0222  0.0214  0.0215  0.0214  0.0213  0.0213  0.0213
  0.0216  0.0216  0.0216  0.0216  0.0215  0.0215  0.0213  0.0213  0.0213  0.0213  0.0213  0.0213
  0.0217  0.0217  0.0216  0.0214  0.0215  0.0213  0.0215  0.0215  0.0214  0.0215  0.0214  0.0214
  0.0220  0.0220  0.0216  0.0218  0.0219  0.0218  0.0218  0.0221  0.0216  0.0219  0.0216  0.0215
  0.0226  0.0225  0.0218  0.0230  0.0227  0.0233  0.0224  0.0231  0.0219  0.0225  0.0219  0.0217
niter,ni,del,rscale     2    3    5.0000    0.5000
parameters
   -2.0194   19.6626    0.6577   -8.2553  -18.0398  -10.2670
   -0.2537   -2.0642    1.1998   17.4197    3.3281  -20.4840
eta,q 0.97893 12.41797
  0.0219  0.0216  0.0219  0.0224  0.0224  0.0233  0.0218  0.0225  0.0217  0.0215  0.0214  0.0216
  0.0216  0.0214  0.0216  0.0219  0.0219  0.0225  0.0214  0.0217  0.0214  0.0212  0.0212  0.0213
  0.0213  0.0213  0.0214  0.0215  0.0215  0.0217  0.0212  0.0212  0.0212  0.0211  0.0211  0.0211
  0.0213  0.0213  0.0213  0.0213  0.0212  0.0212  0.0211  0.0211  0.0211  0.0211  0.0211  0.0211
  0.0214  0.0214  0.0213  0.0212  0.0212  0.0211  0.0212  0.0213  0.0211  0.0213  0.0211  0.0211
  0.0217  0.0217  0.0213  0.0215  0.0215  0.0215  0.0215  0.0217  0.0213  0.0216  0.0213  0.0212
  0.0221  0.0221  0.0215  0.0224  0.0221  0.0227  0.0219  0.0224  0.0215  0.0220  0.0215  0.0214
niter,ni,del,rscale     1    3    5.0000    0.4000
parameters
   -2.0579   19.4393    0.8217   -8.1439  -17.7586   -9.9837
   -0.3896   -2.0270    1.3684   16.9108    3.1631  -20.0995
eta,q 0.97907 12.42877
  0.0215  0.0212  0.0215  0.0218  0.0219  0.0225  0.0214  0.0219  0.0213  0.0212  0.0212  0.0213
  0.0213  0.0211  0.0212  0.0215  0.0215  0.0218  0.0211  0.0214  0.0211  0.0210  0.0210  0.0211
  0.0211  0.0210  0.0211  0.0212  0.0212  0.0213  0.0210  0.0211  0.0210  0.0209  0.0209  0.0210
  0.0211  0.0211  0.0210  0.0210  0.0210  0.0210  0.0210  0.0210  0.0210  0.0210  0.0209  0.0209
  0.0211  0.0212  0.0210  0.0210  0.0210  0.0210  0.0210  0.0211  0.0210  0.0211  0.0210  0.0209
  0.0213  0.0214  0.0211  0.0213  0.0212  0.0213  0.0212  0.0214  0.0211  0.0213  0.0211  0.0210
  0.0216  0.0216  0.0212  0.0218  0.0216  0.0220  0.0215  0.0219  0.0212  0.0216  0.0212  0.0211
registration optimization eta report
parameter search radius
    0.8000    0.8000    0.8000    2.7600    2.4000    2.4000
    2.4000    2.4000    2.4000    2.4000    2.4000    2.4000
100000*second partial in parameter space
       75.       56.       47.       11.       12.       22.
        9.       16.        6.        8.        5.        5.
  0.0215  0.0212  0.0215  0.0218  0.0219  0.0225  0.0214  0.0219  0.0213  0.0212  0.0212  0.0213
  0.0213  0.0211  0.0212  0.0215  0.0215  0.0218  0.0211  0.0214  0.0211  0.0210  0.0210  0.0211
  0.0211  0.0210  0.0211  0.0212  0.0212  0.0213  0.0210  0.0211  0.0210  0.0209  0.0209  0.0210
  0.0211  0.0211  0.0210  0.0210  0.0210  0.0210  0.0210  0.0210  0.0210  0.0210  0.0209  0.0209
  0.0211  0.0212  0.0210  0.0210  0.0210  0.0210  0.0210  0.0211  0.0210  0.0211  0.0210  0.0209
  0.0213  0.0214  0.0211  0.0213  0.0212  0.0213  0.0212  0.0214  0.0211  0.0213  0.0211  0.0210
  0.0216  0.0216  0.0212  0.0218  0.0216  0.0220  0.0215  0.0219  0.0212  0.0216  0.0212  0.0211
   -2.0579   19.4393    0.8217   -8.1439  -17.7586   -9.9837
   -0.3896   -2.0270    1.3684   16.9108    3.1631  -20.0995
eta,q 0.97907 12.42877

---------------------------------------------------------------------
imgreg_4dfp /opt/freesurfer/average/711-2C_as_mni_average_305 /opt/freesurfer/average/711-2B_as_mni_average_305_mask talsrcimg_g11 none talsrcimg_to_711-2C_as_mni_average_305_t4 2311
---------------------------------------------------------------------

freesurfer imgreg_4dfp.c
/opt/freesurfer/average/711-2C_as_mni_average_305.4dfp.img
       256       256       256         1
  1.000000  1.000000  1.000000
orientation T byte_order littleendian
Reading image: /opt/freesurfer/average/711-2C_as_mni_average_305.4dfp.img
dimensions:      256       256       256
mmppix:       1.0000   -1.0000   -1.0000
center:     128.0000 -129.0000 -129.0000
/opt/freesurfer/average/711-2B_as_mni_average_305_mask.4dfp.img
       256       256       256         1
  1.000000  1.000000  1.000000
orientation T byte_order littleendian
Reading mask: /opt/freesurfer/average/711-2B_as_mni_average_305_mask.4dfp.img (2306576 pixels)
talsrcimg_g11.4dfp.img
       256       256       256         1
  0.900000  0.900000  0.900000
orientation T byte_order littleendian
Reading image: talsrcimg_g11.4dfp.img
dimensions:      256       256       256
mmppix:       0.9000   -0.9000   -0.9000
center:     115.2000 -116.1000 -116.1000
fimgreg.f
image alignment mode   2311 decimal      907 hex
parameters
   -2.0579   19.4393    0.8217   -8.1439  -17.7586   -9.9837
   -0.3896   -2.0270    1.3684   16.9108    3.1631  -20.0995
eta,q 0.97907 12.42877
niter,ni,del,rscale     5    3    5.0000    0.8000
parameters
   -2.0676   19.2223    0.9479   -8.8289  -17.6988  -10.3479
   -0.4271   -1.9052    1.5204   16.4007    2.9321  -19.7568
eta,q 0.97892 12.41686
  0.0229  0.0220  0.0224  0.0225  0.0233  0.0242  0.0228  0.0242  0.0223  0.0224  0.0217  0.0221
  0.0218  0.0213  0.0216  0.0218  0.0224  0.0231  0.0219  0.0223  0.0217  0.0215  0.0213  0.0215
  0.0211  0.0210  0.0211  0.0213  0.0215  0.0218  0.0213  0.0214  0.0212  0.0211  0.0211  0.0211
  0.0209  0.0209  0.0209  0.0209  0.0210  0.0210  0.0211  0.0211  0.0211  0.0211  0.0211  0.0211
  0.0212  0.0212  0.0210  0.0212  0.0211  0.0213  0.0213  0.0214  0.0212  0.0214  0.0212  0.0212
  0.0218  0.0218  0.0214  0.0223  0.0220  0.0232  0.0219  0.0223  0.0216  0.0220  0.0214  0.0214
  0.0230  0.0228  0.0220  0.0245  0.0235  0.0264  0.0229  0.0238  0.0221  0.0230  0.0219  0.0218
niter,ni,del,rscale     4    3    5.0000    0.7000
parameters
   -2.0008   19.2034    0.8385   -8.5688  -17.5360  -10.3159
   -0.6060   -1.7865    1.5652   16.3238    2.8614  -19.6554
eta,q 0.97902 12.42424
  0.0225  0.0221  0.0218  0.0225  0.0229  0.0240  0.0223  0.0235  0.0219  0.0222  0.0216  0.0218
  0.0217  0.0215  0.0214  0.0220  0.0221  0.0230  0.0215  0.0220  0.0214  0.0215  0.0212  0.0213
  0.0213  0.0212  0.0211  0.0215  0.0214  0.0218  0.0211  0.0212  0.0211  0.0211  0.0210  0.0210
  0.0211  0.0211  0.0211  0.0211  0.0210  0.0210  0.0210  0.0210  0.0210  0.0210  0.0210  0.0210
  0.0212  0.0212  0.0212  0.0209  0.0211  0.0210  0.0212  0.0212  0.0211  0.0212  0.0211  0.0211
  0.0216  0.0216  0.0216  0.0214  0.0218  0.0221  0.0217  0.0220  0.0214  0.0216  0.0213  0.0213
  0.0223  0.0222  0.0220  0.0226  0.0229  0.0246  0.0225  0.0232  0.0219  0.0223  0.0216  0.0216
niter,ni,del,rscale     3    3    5.0000    0.6000
parameters
   -1.9848   19.1244    0.8471   -8.3786  -17.3931  -10.1299
   -0.6466   -1.7617    1.5747   16.1823    2.8351  -19.5031
eta,q 0.97911 12.43222
  0.0220  0.0217  0.0216  0.0222  0.0225  0.0235  0.0220  0.0228  0.0216  0.0218  0.0214  0.0215
  0.0214  0.0213  0.0213  0.0217  0.0218  0.0226  0.0214  0.0217  0.0212  0.0212  0.0211  0.0211
  0.0211  0.0211  0.0211  0.0213  0.0213  0.0216  0.0210  0.0211  0.0210  0.0210  0.0209  0.0209
  0.0210  0.0210  0.0210  0.0210  0.0209  0.0209  0.0209  0.0209  0.0209  0.0209  0.0209  0.0209
  0.0211  0.0211  0.0211  0.0209  0.0210  0.0209  0.0210  0.0211  0.0210  0.0211  0.0210  0.0210
  0.0214  0.0214  0.0213  0.0213  0.0215  0.0217  0.0214  0.0217  0.0212  0.0214  0.0211  0.0211
  0.0220  0.0219  0.0216  0.0222  0.0224  0.0235  0.0220  0.0227  0.0216  0.0219  0.0214  0.0214
niter,ni,del,rscale     2    3    5.0000    0.5000
parameters
   -1.9949   19.0509    0.9057   -8.2656  -17.2821   -9.9348
   -0.6526   -1.7829    1.5941   16.0124    2.8298  -19.3623
eta,q 0.97916 12.43759
  0.0216  0.0214  0.0214  0.0218  0.0220  0.0229  0.0216  0.0222  0.0213  0.0215  0.0212  0.0213
  0.0212  0.0211  0.0211  0.0214  0.0215  0.0221  0.0212  0.0214  0.0211  0.0211  0.0210  0.0210
  0.0210  0.0209  0.0210  0.0211  0.0211  0.0213  0.0209  0.0210  0.0209  0.0209  0.0209  0.0209
  0.0209  0.0209  0.0209  0.0209  0.0209  0.0209  0.0208  0.0208  0.0208  0.0208  0.0208  0.0208
  0.0210  0.0210  0.0209  0.0209  0.0209  0.0209  0.0209  0.0210  0.0209  0.0210  0.0209  0.0209
  0.0212  0.0212  0.0211  0.0212  0.0213  0.0214  0.0212  0.0215  0.0211  0.0212  0.0210  0.0210
  0.0216  0.0215  0.0213  0.0218  0.0219  0.0227  0.0216  0.0222  0.0213  0.0216  0.0212  0.0212
niter,ni,del,rscale     1    3    5.0000    0.4000
parameters
   -2.0099   18.9812    0.9611   -8.1743  -17.2051   -9.7835
   -0.6704   -1.8121    1.6220   15.8583    2.8404  -19.2384
eta,q 0.97919 12.44122
  0.0213  0.0212  0.0212  0.0215  0.0216  0.0223  0.0213  0.0217  0.0211  0.0212  0.0211  0.0211
  0.0210  0.0210  0.0210  0.0212  0.0212  0.0216  0.0210  0.0212  0.0210  0.0210  0.0209  0.0209
  0.0209  0.0209  0.0209  0.0210  0.0209  0.0211  0.0209  0.0209  0.0209  0.0208  0.0208  0.0208
  0.0208  0.0208  0.0208  0.0208  0.0208  0.0208  0.0208  0.0208  0.0208  0.0208  0.0208  0.0208
  0.0209  0.0209  0.0209  0.0208  0.0209  0.0209  0.0209  0.0209  0.0208  0.0209  0.0208  0.0208
  0.0211  0.0211  0.0210  0.0210  0.0211  0.0213  0.0210  0.0213  0.0210  0.0211  0.0209  0.0209
  0.0214  0.0213  0.0211  0.0215  0.0215  0.0220  0.0213  0.0218  0.0211  0.0213  0.0211  0.0210
registration optimization eta report
parameter search radius
    0.8000    0.8000    0.8000    2.4000    2.4000    2.4000
    2.4000    2.4000    2.4000    2.4000    2.4000    2.4000
100000*second partial in parameter space
       78.       59.       50.       11.       13.       23.
        9.       16.        6.        8.        5.        5.
  0.0213  0.0212  0.0212  0.0215  0.0216  0.0223  0.0213  0.0217  0.0211  0.0212  0.0211  0.0211
  0.0210  0.0210  0.0210  0.0212  0.0212  0.0216  0.0210  0.0212  0.0210  0.0210  0.0209  0.0209
  0.0209  0.0209  0.0209  0.0210  0.0209  0.0211  0.0209  0.0209  0.0209  0.0208  0.0208  0.0208
  0.0208  0.0208  0.0208  0.0208  0.0208  0.0208  0.0208  0.0208  0.0208  0.0208  0.0208  0.0208
  0.0209  0.0209  0.0209  0.0208  0.0209  0.0209  0.0209  0.0209  0.0208  0.0209  0.0208  0.0208
  0.0211  0.0211  0.0210  0.0210  0.0211  0.0213  0.0210  0.0213  0.0210  0.0211  0.0209  0.0209
  0.0214  0.0213  0.0211  0.0215  0.0215  0.0220  0.0213  0.0218  0.0211  0.0213  0.0211  0.0210
   -2.0099   18.9812    0.9611   -8.1743  -17.2051   -9.7835
   -0.6704   -1.8121    1.6220   15.8583    2.8404  -19.2384
eta,q 0.97919 12.44122

---------------------------------------------------------------------
compute_vox2vox talsrcimg talsrcimg_to_711-2C_as_mni_average_305_t4 /opt/freesurfer/average/711-2C_as_mni_average_305
---------------------------------------------------------------------

freesurfer compute_vox2vox.c
Reading: talsrcimg.4dfp.ifh
Reading: talsrcimg_to_711-2C_as_mni_average_305_t4
Reading: /opt/freesurfer/average/711-2C_as_mni_average_305.4dfp.ifh
Writing: talsrcimg_to_711-2C_as_mni_average_305_t4_vox2vox.txt

start time Thu Mar 12 19:42:11 CET 2026
end		time Thu Mar 12 19:42:25 CET 2026

mpr2mni305 success

avi2talxfm orig_nu.mgz /opt/freesurfer/average/mni305.cor.mgz talsrcimg_to_711-2C_as_mni_average_305_t4_vox2vox.txt transforms/talairach.auto.xfm
avi2talxfm done
mv -f /out/sourcedata/freesurfer/sub-v2s1x29896_ses-1/mri/talsrcimg_to_711-2C_as_mni_average_305_t4_vox2vox.txt /out/sourcedata/freesurfer/sub-v2s1x29896_ses-1/mri/transforms/talsrcimg_to_711-2C_as_mni_average_305_t4_vox2vox.txt
lta_convert --src orig_nu.mgz --trg /opt/freesurfer/average/mni305.cor.mgz --inxfm transforms/talairach.auto.xfm --outlta transforms/talairach.auto.xfm.lta --subject fsaverage
7.3.2

--src: orig_nu.mgz src image (geometry).
--trg: /opt/freesurfer/average/mni305.cor.mgz trg image (geometry).
--inmni: transforms/talairach.auto.xfm input MNI/XFM transform.
--outlta: transforms/talairach.auto.xfm.lta output LTA.
--s: fsaverage subject name
 LTA read, type : 1
 1.08818   0.01951   0.01335  -18.79968;
-0.03728   1.06428   0.24700  -48.59584;
-0.01418  -0.20423   1.16023  -10.82370;
 0.00000   0.00000   0.00000   1.00000;
setting subject to fsaverage
Writing  LTA to file transforms/talairach.auto.xfm.lta...
lta_convert successful.
 
 
Started at Thu Mar 12 19:42:11 CET 2026
Ended   at Thu Mar 12 19:42:25 CET 2026
talairach_avi done
