/out/sourcedata/freesurfer/sub-v2s1x29907_ses-1/mri
/opt/freesurfer/bin/talairach_avi
--i orig_nu.mgz --xfm transforms/talairach.auto.xfm
talairach_avi 7.3.2
Linux dna010 5.14.0-427.37.1.el9_4.x86_64 #1 SMP PREEMPT_DYNAMIC Fri Sep 13 12:41:50 EDT 2024 x86_64 x86_64 x86_64 GNU/Linux
Thu Mar 12 19:55:43 CET 2026
mri_convert orig_nu.mgz talsrcimg.img 
reading from orig_nu.mgz...
TR=0.00, TE=0.00, TI=0.00, flip angle=0.00
i_ras = (-1, 0, 0)
j_ras = (0, 0, -1)
k_ras = (0, 1, 0)
writing to talsrcimg.img...
Analyze Output Matrix
-0.90000   0.00000   0.00000   108.96258;
 0.00000   0.00000   0.90000  -97.54382;
 0.00000  -0.90000   0.00000   155.24103;
 0.00000   0.00000   0.00000   1.00000;
--------------------
INFO: set hdr.hist.orient to -1
mpr2mni305 talsrcimg
Thu Mar 12 19:55:44 CET 2026
/opt/freesurfer/bin/mpr2mni305 talsrcimg
mpr2mni305 7.3.2
target=711-2C_as_mni_average_305

---------------------------------------------------------------------
analyzeto4dfp talsrcimg -O0 -y
---------------------------------------------------------------------

freesurfer ifh2hdr.c
Thu Mar 12 19:55:44 2026
Writing: talsrcimg.4dfp.hdr
freesurfer analyzeto4dfp.c
Reading: talsrcimg.hdr
header size 348 bytes
hdr.dime.datatype	offset=70	value=2
hdr.dime.bitpix		offset=72	value=8
hdr.hist.orient		offset=252	value=-1
dimensionality     4
dimensions       256       256       256         1
Reading: talsrcimg.img
Writing: talsrcimg.4dfp.img
Writing: talsrcimg.4dfp.ifh
ifh2hdr talsrcimg -r0to251
ori=2

---------------------------------------------------------------------
gauss_4dfp talsrcimg 1.1
---------------------------------------------------------------------

freesurfer gauss_4dfp.c
Reading: talsrcimg.4dfp.img
Writing: talsrcimg_g11.4dfp.img
image dimensions 256 256 256 padded to 288 288 288
processing volume 1freesurfer ifh2hdr.c
Thu Mar 12 19:55:46 2026
Writing: talsrcimg_g11.4dfp.hdr

Writing: talsrcimg_g11.4dfp.ifh
including: talsrcimg.4dfp.img.rec in talsrcimg_g11.4dfp.img.rec

---------------------------------------------------------------------
imgreg_4dfp /opt/freesurfer/average/711-2C_as_mni_average_305 none talsrcimg_g11 none talsrcimg_to_711-2C_as_mni_average_305_t4 4355
---------------------------------------------------------------------

freesurfer imgreg_4dfp.c
/opt/freesurfer/average/711-2C_as_mni_average_305.4dfp.img
       256       256       256         1
  1.000000  1.000000  1.000000
orientation T byte_order littleendian
Reading image: /opt/freesurfer/average/711-2C_as_mni_average_305.4dfp.img
dimensions:      256       256       256
mmppix:       1.0000   -1.0000   -1.0000
center:     128.0000 -129.0000 -129.0000
talsrcimg_g11.4dfp.img
       256       256       256         1
  0.900000  0.900000  0.900000
orientation T byte_order littleendian
Reading image: talsrcimg_g11.4dfp.img
dimensions:      256       256       256
mmppix:       0.9000   -0.9000   -0.9000
center:     115.2000 -116.1000 -116.1000
t4_read: open error in t4_sub.f l:  41 t4_file(1:l)talsrcimg_to_711-2C_as_mni_average_305_t4 
t4_read: transform initialized to I4
rotation matrix determinant  1.000000
image alignment mode   4355 decimal     1103 hex
   -7.5000  -45.0000  -45.0000 6059.4531   16.1728
    0.0000  -45.0000  -45.0000 6125.1763   16.1741
    7.5000  -45.0000  -45.0000 5861.8359   16.1879
   -7.5000  -37.5000  -45.0000 6413.8979   17.2045
    0.0000  -37.5000  -45.0000 6476.1055   17.2208
    7.5000  -37.5000  -45.0000 6203.2363   17.2521
   -7.5000  -30.0000  -45.0000 6755.5508   17.7218
    0.0000  -30.0000  -45.0000 6827.4712   17.7495
    7.5000  -30.0000  -45.0000 6529.5957   17.7906
   -7.5000  -22.5000  -45.0000 7226.0283   17.6717
    0.0000  -22.5000  -45.0000 7307.9375   17.6939
    7.5000  -22.5000  -45.0000 6983.7578   17.7290
   -7.5000  -15.0000  -45.0000 7686.6519   17.6583
    0.0000  -15.0000  -45.0000 7771.3135   17.6603
    7.5000  -15.0000  -45.0000 7421.3677   17.6771
   -7.5000   -7.5000  -45.0000 7775.5215   17.6882
    0.0000   -7.5000  -45.0000 7857.6182   17.6813
    7.5000   -7.5000  -45.0000 7507.2925   17.6878
   -7.5000    0.0000  -45.0000 7792.5454   17.7294
    0.0000    0.0000  -45.0000 7865.8643   17.7308
    7.5000    0.0000  -45.0000 7516.6724   17.7460
   -7.5000    7.5000  -45.0000 7481.2637   17.7469
    0.0000    7.5000  -45.0000 7554.7529   17.7637
    7.5000    7.5000  -45.0000 7215.8003   17.7960
   -7.5000   15.0000  -45.0000 7295.1177   17.7218
    0.0000   15.0000  -45.0000 7357.0767   17.7495
    7.5000   15.0000  -45.0000 7020.5830   17.7906
   -7.5000   22.5000  -45.0000 6692.4653   17.4340
    0.0000   22.5000  -45.0000 6731.2783   17.4558
    7.5000   22.5000  -45.0000 6422.8970   17.4905
   -7.5000   30.0000  -45.0000 6107.0020   16.9573
    0.0000   30.0000  -45.0000 6158.7700   16.9593
    7.5000   30.0000  -45.0000 5865.8418   16.9754
   -7.5000   37.5000  -45.0000 5581.1357   16.5951
    0.0000   37.5000  -45.0000 5644.0400   16.5890
    7.5000   37.5000  -45.0000 5363.5483   16.5951
   -7.5000   45.0000  -45.0000 5064.6260   16.4659
    0.0000   45.0000  -45.0000 5120.7183   16.4705
    7.5000   45.0000  -45.0000 4853.8203   16.4864
   -7.5000  -45.0000  -37.5000 6592.0518   16.8417
    0.0000  -45.0000  -37.5000 6682.1138   16.8532
    7.5000  -45.0000  -37.5000 6393.6357   16.8808
   -7.5000  -37.5000  -37.5000 6970.8501   17.9339
    0.0000  -37.5000  -37.5000 7050.9541   17.9582
    7.5000  -37.5000  -37.5000 6753.9775   18.0030
   -7.5000  -30.0000  -37.5000 7338.9375   18.4432
    0.0000  -30.0000  -37.5000 7432.2939   18.4781
    7.5000  -30.0000  -37.5000 7108.2954   18.5332
   -7.5000  -22.5000  -37.5000 7815.5518   18.3855
    0.0000  -22.5000  -37.5000 7930.5015   18.4170
    7.5000  -22.5000  -37.5000 7565.0283   18.4670
   -7.5000  -15.0000  -37.5000 8307.4297   18.3618
    0.0000  -15.0000  -37.5000 8409.9795   18.3754
    7.5000  -15.0000  -37.5000 8031.1885   18.4080
   -7.5000   -7.5000  -37.5000 8418.1982   18.3884
    0.0000   -7.5000  -37.5000 8514.5430   18.3939
    7.5000   -7.5000  -37.5000 8127.0156   18.4167
   -7.5000    0.0000  -37.5000 8424.7666   18.4391
    0.0000    0.0000  -37.5000 8519.6807   18.4518
    7.5000    0.0000  -37.5000 8128.6797   18.4820
   -7.5000    7.5000  -37.5000 8078.7900   18.4668
    0.0000    7.5000  -37.5000 8160.3423   18.4918
    7.5000    7.5000  -37.5000 7786.1289   18.5379
   -7.5000   15.0000  -37.5000 7869.5835   18.4423
    0.0000   15.0000  -37.5000 7952.4258   18.4772
    7.5000   15.0000  -37.5000 7573.8315   18.5324
   -7.5000   22.5000  -37.5000 7188.2993   18.1397
    0.0000   22.5000  -37.5000 7238.4385   18.1707
    7.5000   22.5000  -37.5000 6893.3486   18.2201
   -7.5000   30.0000  -37.5000 6539.2715   17.6453
    0.0000   30.0000  -37.5000 6578.2749   17.6584
    7.5000   30.0000  -37.5000 6267.3569   17.6898
   -7.5000   37.5000  -37.5000 5957.5063   17.2553
    0.0000   37.5000  -37.5000 6014.6182   17.2631
    7.5000   37.5000  -37.5000 5717.2759   17.2860
   -7.5000   45.0000  -37.5000 5390.5596   17.1153
    0.0000   45.0000  -37.5000 5449.0479   17.1312
    7.5000   45.0000  -37.5000 5162.8223   17.1618
   -7.5000  -45.0000  -30.0000 7141.7275   17.5180
    0.0000  -45.0000  -30.0000 7242.1006   17.5308
    7.5000  -45.0000  -30.0000 6930.1260   17.5491
   -7.5000  -37.5000  -30.0000 7550.2236   18.6671
    0.0000  -37.5000  -30.0000 7654.3164   18.6861
    7.5000  -37.5000  -30.0000 7313.3452   18.7139
   -7.5000  -30.0000  -30.0000 7958.1313   19.1789
    0.0000  -30.0000  -30.0000 8074.1201   19.2008
    7.5000  -30.0000  -30.0000 7715.1011   19.2313
   -7.5000  -22.5000  -30.0000 8470.5225   19.1265
    0.0000  -22.5000  -30.0000 8603.5879   19.1454
    7.5000  -22.5000  -30.0000 8194.5098   19.1709
   -7.5000  -15.0000  -30.0000 8968.1523   19.0956
    0.0000  -15.0000  -30.0000 9101.4014   19.1052
    7.5000  -15.0000  -30.0000 8670.0234   19.1215
   -7.5000   -7.5000  -30.0000 9065.1553   19.1109
    0.0000   -7.5000  -30.0000 9188.4229   19.1181
    7.5000   -7.5000  -30.0000 8755.5146   19.1312
   -7.5000    0.0000  -30.0000 9075.0078   19.1597
    0.0000    0.0000  -30.0000 9199.5674   19.1737
    7.5000    0.0000  -30.0000 8755.2676   19.1936
   -7.5000    7.5000  -30.0000 8694.8193   19.1926
    0.0000    7.5000  -30.0000 8800.5400   19.2122
    7.5000    7.5000  -30.0000 8364.3213   19.2408
   -7.5000   15.0000  -30.0000 8461.5957   19.1763
    0.0000   15.0000  -30.0000 8560.0449   19.1981
    7.5000   15.0000  -30.0000 8132.2427   19.2287
   -7.5000   22.5000  -30.0000 7692.9482   18.8716
    0.0000   22.5000  -30.0000 7766.1201   18.8903
    7.5000   22.5000  -30.0000 7367.7744   18.9154
   -7.5000   30.0000  -30.0000 6978.2954   18.3641
    0.0000   30.0000  -30.0000 7024.8472   18.3732
    7.5000   30.0000  -30.0000 6679.1909   18.3889
   -7.5000   37.5000  -30.0000 6337.6001   17.9558
    0.0000   37.5000  -30.0000 6380.0322   17.9658
    7.5000   37.5000  -30.0000 6074.8442   17.9808
   -7.5000   45.0000  -30.0000 5714.4058   17.8042
    0.0000   45.0000  -30.0000 5757.8779   17.8195
    7.5000   45.0000  -30.0000 5466.8428   17.8393
   -7.5000  -45.0000  -22.5000 7725.5000   18.2347
    0.0000  -45.0000  -22.5000 7847.8071   18.2400
    7.5000  -45.0000  -22.5000 7482.0488   18.2361
   -7.5000  -37.5000  -22.5000 8152.2432   19.4428
    0.0000  -37.5000  -22.5000 8295.6289   19.4481
    7.5000  -37.5000  -22.5000 7911.5449   19.4475
   -7.5000  -30.0000  -22.5000 8605.8418   19.9658
    0.0000  -30.0000  -22.5000 8747.5820   19.9661
    7.5000  -30.0000  -22.5000 8331.4551   19.9608
   -7.5000  -22.5000  -22.5000 9171.1064   19.9242
    0.0000  -22.5000  -22.5000 9309.5029   19.9221
    7.5000  -22.5000  -22.5000 8852.8760   19.9103
   -7.5000  -15.0000  -22.5000 9704.2451   19.8903
    0.0000  -15.0000  -22.5000 9852.3213   19.8872
    7.5000  -15.0000  -22.5000 9360.4121   19.8725
   -7.5000   -7.5000  -22.5000 9778.8936   19.8935
    0.0000   -7.5000  -22.5000 9920.4902   19.8929
    7.5000   -7.5000  -22.5000 9419.7285   19.8807
   -7.5000    0.0000  -22.5000 9735.5498   19.9321
    0.0000    0.0000  -22.5000 9885.5508   19.9380
    7.5000    0.0000  -22.5000 9378.9834   19.9337
   -7.5000    7.5000  -22.5000 9310.4121   19.9653
    0.0000    7.5000  -22.5000 9444.2646   19.9708
    7.5000    7.5000  -22.5000 8939.1396   19.9701
   -7.5000   15.0000  -22.5000 9073.4883   19.9610
    0.0000   15.0000  -22.5000 9204.7666   19.9613
    7.5000   15.0000  -22.5000 8696.6768   19.9560
   -7.5000   22.5000  -22.5000 8220.9824   19.6606
    0.0000   22.5000  -22.5000 8320.6582   19.6585
    7.5000   22.5000  -22.5000 7870.6377   19.6469
   -7.5000   30.0000  -22.5000 7441.7759   19.1425
    0.0000   30.0000  -22.5000 7496.8252   19.1395
    7.5000   30.0000  -22.5000 7121.5850   19.1253
   -7.5000   37.5000  -22.5000 6732.2817   18.7244
    0.0000   37.5000  -22.5000 6780.7451   18.7259
    7.5000   37.5000  -22.5000 6446.0786   18.7166
   -7.5000   45.0000  -22.5000 6043.3989   18.5637
    0.0000   45.0000  -22.5000 6086.2798   18.5687
    7.5000   45.0000  -22.5000 5769.4360   18.5636
   -7.5000  -45.0000  -15.0000 8282.5205   18.8658
    0.0000  -45.0000  -15.0000 8403.2021   18.8622
    7.5000  -45.0000  -15.0000 8025.2681   18.8466
   -7.5000  -37.5000  -15.0000 8744.9043   20.1104
    0.0000  -37.5000  -15.0000 8886.5859   20.1084
    7.5000  -37.5000  -15.0000 8486.5176   20.0991
   -7.5000  -30.0000  -15.0000 9232.4033   20.6339
    0.0000  -30.0000  -15.0000 9385.1387   20.6291
    7.5000  -30.0000  -15.0000 8943.1152   20.6167
   -7.5000  -22.5000  -15.0000 9825.8945   20.5927
    0.0000  -22.5000  -15.0000 9987.6748   20.5859
    7.5000  -22.5000  -15.0000 9498.8418   20.5664
   -7.5000  -15.0000  -15.000010379.8389   20.5610
    0.0000  -15.0000  -15.000010572.7363   20.5509
    7.5000  -15.0000  -15.000010021.1025   20.5248
   -7.5000   -7.5000  -15.000010445.3867   20.5666
    0.0000   -7.5000  -15.000010640.7217   20.5564
    7.5000   -7.5000  -15.000010071.6885   20.5299
   -7.5000    0.0000  -15.000010376.1064   20.6020
    0.0000    0.0000  -15.000010561.4990   20.5980
    7.5000    0.0000  -15.000010006.0215   20.5810
   -7.5000    7.5000  -15.0000 9879.1553   20.6308
    0.0000    7.5000  -15.000010041.7139   20.6288
    7.5000    7.5000  -15.0000 9492.7021   20.6192
   -7.5000   15.0000  -15.0000 9624.2725   20.6275
    0.0000   15.0000  -15.0000 9799.5859   20.6228
    7.5000   15.0000  -15.0000 9252.0586   20.6103
   -7.5000   22.5000  -15.0000 8722.8105   20.3233
    0.0000   22.5000  -15.0000 8861.1055   20.3166
    7.5000   22.5000  -15.0000 8390.3965   20.2974
   -7.5000   30.0000  -15.0000 7872.2642   19.8029
    0.0000   30.0000  -15.0000 7956.8516   19.7931
    7.5000   30.0000  -15.0000 7555.5947   19.7680
   -7.5000   37.5000  -15.0000 7100.7466   19.3962
    0.0000   37.5000  -15.0000 7160.5996   19.3865
    7.5000   37.5000  -15.0000 6792.6035   19.3621
   -7.5000   45.0000  -15.0000 6371.3672   19.2332
    0.0000   45.0000  -15.0000 6409.3203   19.2283
    7.5000   45.0000  -15.0000 6068.5679   19.2108
   -7.5000  -45.0000   -7.5000 8622.1016   18.8476
    0.0000  -45.0000   -7.5000 8747.4141   18.8448
    7.5000  -45.0000   -7.5000 8352.7842   18.8403
   -7.5000  -37.5000   -7.5000 9099.4297   20.0844
    0.0000  -37.5000   -7.5000 9248.0986   20.0915
    7.5000  -37.5000   -7.5000 8818.4570   20.1016
   -7.5000  -30.0000   -7.5000 9573.7402   20.5955
    0.0000  -30.0000   -7.5000 9745.5234   20.6083
    7.5000  -30.0000   -7.5000 9285.5547   20.6233
   -7.5000  -22.5000   -7.500010162.4961   20.5453
    0.0000  -22.5000   -7.500010336.9043   20.5542
    7.5000  -22.5000   -7.5000 9828.3213   20.5624
   -7.5000  -15.0000   -7.500010720.3906   20.5205
    0.0000  -15.0000   -7.500010934.0801   20.5158
    7.5000  -15.0000   -7.500010362.3242   20.5088
   -7.5000   -7.5000   -7.500010764.9971   20.5405
    0.0000   -7.5000   -7.500011014.1221   20.5300
    7.5000   -7.5000   -7.500010426.6895   20.5152
   -7.5000    0.0000   -7.500010701.8701   20.5821
    0.0000    0.0000   -7.500010945.2373   20.5790
    7.5000    0.0000   -7.500010372.5693   20.5742
   -7.5000    7.5000   -7.500010157.6240   20.6041
    0.0000    7.5000   -7.500010353.9590   20.6114
    7.5000    7.5000   -7.5000 9810.0371   20.6218
   -7.5000   15.0000   -7.5000 9890.1514   20.5892
    0.0000   15.0000   -7.500010078.1543   20.6019
    7.5000   15.0000   -7.5000 9537.3389   20.6170
   -7.5000   22.5000   -7.5000 8945.9834   20.2765
    0.0000   22.5000   -7.5000 9114.1396   20.2853
    7.5000   22.5000   -7.5000 8639.4453   20.2935
   -7.5000   30.0000   -7.5000 8070.3003   19.7637
    0.0000   30.0000   -7.5000 8184.8301   19.7592
    7.5000   30.0000   -7.5000 7766.0996   19.7525
   -7.5000   37.5000   -7.5000 7264.2144   19.3747
    0.0000   37.5000   -7.5000 7332.3403   19.3639
    7.5000   37.5000   -7.5000 6968.4702   19.3495
   -7.5000   45.0000   -7.5000 6510.6899   19.2147
    0.0000   45.0000   -7.5000 6553.1582   19.2128
    7.5000   45.0000   -7.5000 6219.5342   19.2083
   -7.5000  -45.0000    0.0000 8819.9727   19.3102
    0.0000  -45.0000    0.0000 8961.4395   19.3160
    7.5000  -45.0000    0.0000 8558.7451   19.3342
   -7.5000  -37.5000    0.0000 9298.2305   20.5666
    0.0000  -37.5000    0.0000 9462.1426   20.5893
    7.5000  -37.5000    0.0000 9034.6455   20.6297
   -7.5000  -30.0000    0.0000 9783.5020   21.0635
    0.0000  -30.0000    0.0000 9935.5293   21.0995
    7.5000  -30.0000    0.0000 9485.0518   21.1529
   -7.5000  -22.5000    0.000010374.4219   21.0001
    0.0000  -22.5000    0.000010512.6172   21.0308
    7.5000  -22.5000    0.000010017.6104   21.0776
   -7.5000  -15.0000    0.000010915.9717   20.9787
    0.0000  -15.0000    0.000011088.3584   20.9869
    7.5000  -15.0000    0.000010544.9697   21.0109
   -7.5000   -7.5000    0.000010965.5088   21.0130
    0.0000   -7.5000    0.000011190.9980   21.0106
    7.5000   -7.5000    0.000010635.2832   21.0210
   -7.5000    0.0000    0.000010895.8369   21.0664
    0.0000    0.0000    0.000011124.1230   21.0727
    7.5000    0.0000    0.000010571.6660   21.0926
   -7.5000    7.5000    0.000010260.1641   21.0849
    0.0000    7.5000    0.000010452.6729   21.1082
    7.5000    7.5000    0.0000 9933.2627   21.1495
   -7.5000   15.0000    0.0000 9994.9092   21.0560
    0.0000   15.0000    0.000010158.2266   21.0920
    7.5000   15.0000    0.0000 9646.2021   21.1454
   -7.5000   22.5000    0.0000 9037.4434   20.7283
    0.0000   22.5000    0.0000 9207.1172   20.7586
    7.5000   22.5000    0.0000 8745.2090   20.8048
   -7.5000   30.0000    0.0000 8151.9668   20.2170
    0.0000   30.0000    0.0000 8273.2334   20.2249
    7.5000   30.0000    0.0000 7867.1270   20.2481
   -7.5000   37.5000    0.0000 7339.3428   19.8384
    0.0000   37.5000    0.0000 7419.6484   19.8367
    7.5000   37.5000    0.0000 7060.9438   19.8465
   -7.5000   45.0000    0.0000 6556.9854   19.7064
    0.0000   45.0000    0.0000 6622.9248   19.7163
    7.5000   45.0000    0.0000 6288.6543   19.7371
   -7.5000  -45.0000    7.5000 8702.4609   19.3157
    0.0000  -45.0000    7.5000 8811.1826   19.3290
    7.5000  -45.0000    7.5000 8416.7891   19.3593
   -7.5000  -37.5000    7.5000 9175.7539   20.5791
    0.0000  -37.5000    7.5000 9297.6924   20.6071
    7.5000  -37.5000    7.5000 8875.7412   20.6571
   -7.5000  -30.0000    7.5000 9676.3037   21.0768
    0.0000  -30.0000    7.5000 9784.5947   21.1169
    7.5000  -30.0000    7.5000 9346.7266   21.1786
   -7.5000  -22.5000    7.500010230.4609   21.0101
    0.0000  -22.5000    7.500010309.8154   21.0463
    7.5000  -22.5000    7.5000 9857.1963   21.1028
   -7.5000  -15.0000    7.500010755.5742   20.9825
    0.0000  -15.0000    7.500010818.5264   20.9985
    7.5000  -15.0000    7.500010365.6787   21.0351
   -7.5000   -7.5000    7.500010813.8945   21.0134
    0.0000   -7.5000    7.500010916.6602   21.0200
    7.5000   -7.5000    7.500010454.7393   21.0450
   -7.5000    0.0000    7.500010727.2119   21.0724
    0.0000    0.0000    7.500010841.3096   21.0869
    7.5000    0.0000    7.500010389.2627   21.1199
   -7.5000    7.5000    7.500010071.8438   21.0978
    0.0000    7.5000    7.500010156.9561   21.1264
    7.5000    7.5000    7.5000 9733.7383   21.1776
   -7.5000   15.0000    7.5000 9806.9590   21.0693
    0.0000   15.0000    7.5000 9886.3506   21.1094
    7.5000   15.0000    7.5000 9433.9404   21.1712
   -7.5000   22.5000    7.5000 8905.5908   20.7381
    0.0000   22.5000    7.5000 9016.9648   20.7740
    7.5000   22.5000    7.5000 8570.0977   20.8296
   -7.5000   30.0000    7.5000 8035.7334   20.2206
    0.0000   30.0000    7.5000 8123.0923   20.2361
    7.5000   30.0000    7.5000 7703.6582   20.2714
   -7.5000   37.5000    7.5000 7226.7236   19.8298
    0.0000   37.5000    7.5000 7305.6294   19.8389
    7.5000   37.5000    7.5000 6923.9629   19.8642
   -7.5000   45.0000    7.5000 6438.7915   19.7133
    0.0000   45.0000    7.5000 6508.5762   19.7315
    7.5000   45.0000    7.5000 6160.0928   19.7653
   -7.5000  -45.0000   15.0000 8769.7627   19.3411
    0.0000  -45.0000   15.0000 8830.2793   19.3554
    7.5000  -45.0000   15.0000 8437.1875   19.3758
   -7.5000  -37.5000   15.0000 9271.0078   20.6130
    0.0000  -37.5000   15.0000 9319.0898   20.6340
    7.5000  -37.5000   15.0000 8913.4971   20.6649
   -7.5000  -30.0000   15.0000 9798.2578   21.1224
    0.0000  -30.0000   15.0000 9858.9053   21.1466
    7.5000  -30.0000   15.0000 9428.3740   21.1806
   -7.5000  -22.5000   15.000010362.8271   21.0647
    0.0000  -22.5000   15.000010288.1582   21.0858
    7.5000  -22.5000   15.0000 9943.7373   21.1142
   -7.5000  -15.0000   15.000010850.3320   21.0301
    0.0000  -15.0000   15.000010714.9932   21.0410
    7.5000  -15.0000   15.000010415.3906   21.0594
   -7.5000   -7.5000   15.000010953.9072   21.0465
    0.0000   -7.5000   15.000010844.3359   21.0546
    7.5000   -7.5000   15.000010518.1094   21.0695
   -7.5000    0.0000   15.000010880.4443   21.1001
    0.0000    0.0000   15.000010832.0674   21.1157
    7.5000    0.0000   15.000010453.3125   21.1379
   -7.5000    7.5000   15.000010210.9443   21.1324
    0.0000    7.5000   15.000010202.3262   21.1540
    7.5000    7.5000   15.0000 9789.4766   21.1857
   -7.5000   15.0000   15.0000 9889.4795   21.1150
    0.0000   15.0000   15.0000 9931.8994   21.1392
    7.5000   15.0000   15.0000 9454.3799   21.1731
   -7.5000   22.5000   15.0000 8966.0137   20.7921
    0.0000   22.5000   15.0000 9068.6904   20.8129
    7.5000   22.5000   15.0000 8572.4180   20.8410
   -7.5000   30.0000   15.0000 8089.7036   20.2667
    0.0000   30.0000   15.0000 8184.1064   20.2772
    7.5000   30.0000   15.0000 7719.1699   20.2949
   -7.5000   37.5000   15.0000 7265.2554   19.8581
    0.0000   37.5000   15.0000 7348.4614   19.8694
    7.5000   37.5000   15.0000 6927.7632   19.8863
   -7.5000   45.0000   15.0000 6471.1553   19.7389
    0.0000   45.0000   15.0000 6539.7261   19.7560
    7.5000   45.0000   15.0000 6170.2256   19.7782
   -7.5000  -45.0000   22.5000 8373.0967   19.4147
    0.0000  -45.0000   22.5000 8394.0576   19.4203
    7.5000  -45.0000   22.5000 8028.0947   19.4161
   -7.5000  -37.5000   22.5000 8837.4619   20.6917
    0.0000  -37.5000   22.5000 8840.8535   20.6970
    7.5000  -37.5000   22.5000 8464.4014   20.6961
   -7.5000  -30.0000   22.5000 9337.0254   21.2158
    0.0000  -30.0000   22.5000 9328.7852   21.2158
    7.5000  -30.0000   22.5000 8944.9092   21.2098
   -7.5000  -22.5000   22.5000 9876.7842   21.1716
    0.0000  -22.5000   22.5000 9839.1826   21.1691
    7.5000  -22.5000   22.5000 9448.6582   21.1563
   -7.5000  -15.0000   22.500010410.1943   21.1356
    0.0000  -15.0000   22.500010406.2461   21.1324
    7.5000  -15.0000   22.5000 9973.8320   21.1165
   -7.5000   -7.5000   22.500010511.1494   21.1392
    0.0000   -7.5000   22.500010558.7490   21.1387
    7.5000   -7.5000   22.500010061.9277   21.1256
   -7.5000    0.0000   22.500010419.5684   21.1804
    0.0000    0.0000   22.500010471.7559   21.1865
    7.5000    0.0000   22.5000 9949.7236   21.1819
   -7.5000    7.5000   22.5000 9762.7344   21.2131
    0.0000    7.5000   22.5000 9801.8750   21.2186
    7.5000    7.5000   22.5000 9308.7451   21.2177
   -7.5000   15.0000   22.5000 9444.3838   21.2083
    0.0000   15.0000   22.5000 9460.1797   21.2083
    7.5000   15.0000   22.5000 8974.8721   21.2023
   -7.5000   22.5000   22.5000 8577.2441   20.8976
    0.0000   22.5000   22.5000 8598.8359   20.8952
    7.5000   22.5000   22.5000 8161.3018   20.8825
   -7.5000   30.0000   22.5000 7733.8740   20.3683
    0.0000   30.0000   22.5000 7754.2886   20.3652
    7.5000   30.0000   22.5000 7358.4072   20.3499
   -7.5000   37.5000   22.5000 6930.7310   19.9515
    0.0000   37.5000   22.5000 6967.6128   19.9532
    7.5000   37.5000   22.5000 6602.6235   19.9433
   -7.5000   45.0000   22.5000 6161.7822   19.8146
    0.0000   45.0000   22.5000 6198.2598   19.8198
    7.5000   45.0000   22.5000 5875.0356   19.8143
   -7.5000  -45.0000   30.0000 7849.4062   19.4501
    0.0000  -45.0000   30.0000 7914.8589   19.4469
    7.5000  -45.0000   30.0000 7526.6943   19.4319
   -7.5000  -37.5000   30.0000 8283.5938   20.7342
    0.0000  -37.5000   30.0000 8340.6396   20.7331
    7.5000  -37.5000   30.0000 7929.1851   20.7248
   -7.5000  -30.0000   30.0000 8779.8633   21.2631
    0.0000  -30.0000   30.0000 8822.7080   21.2589
    7.5000  -30.0000   30.0000 8391.3018   21.2477
   -7.5000  -22.5000   30.0000 9343.2764   21.2195
    0.0000  -22.5000   30.0000 9352.9746   21.2125
    7.5000  -22.5000   30.0000 8920.4229   21.1940
   -7.5000  -15.0000   30.0000 9883.2275   21.1871
    0.0000  -15.0000   30.0000 9927.9512   21.1765
    7.5000  -15.0000   30.0000 9448.0293   21.1509
   -7.5000   -7.5000   30.0000 9998.1211   21.1942
    0.0000   -7.5000   30.000010076.5283   21.1838
    7.5000   -7.5000   30.0000 9554.0898   21.1576
   -7.5000    0.0000   30.0000 9894.2061   21.2320
    0.0000    0.0000   30.0000 9962.8145   21.2285
    7.5000    0.0000   30.0000 9455.3076   21.2122
   -7.5000    7.5000   30.0000 9228.6699   21.2603
    0.0000    7.5000   30.0000 9284.3555   21.2592
    7.5000    7.5000   30.0000 8818.3682   21.2507
   -7.5000   15.0000   30.0000 8861.5332   21.2555
    0.0000   15.0000   30.0000 8893.2148   21.2513
    7.5000   15.0000   30.0000 8439.1357   21.2401
   -7.5000   22.5000   30.0000 8033.0928   20.9430
    0.0000   22.5000   30.0000 8071.2808   20.9361
    7.5000   22.5000   30.0000 7660.6069   20.9179
   -7.5000   30.0000   30.0000 7220.8193   20.4272
    0.0000   30.0000   30.0000 7245.9058   20.4169
    7.5000   30.0000   30.0000 6879.8535   20.3923
   -7.5000   37.5000   30.0000 6464.4434   20.0331
    0.0000   37.5000   30.0000 6479.5986   20.0230
    7.5000   37.5000   30.0000 6149.5024   19.9988
   -7.5000   45.0000   30.0000 5760.4863   19.8954
    0.0000   45.0000   30.0000 5761.1499   19.8909
    7.5000   45.0000   30.0000 5486.8120   19.8739
   -7.5000  -45.0000   37.5000 7345.9058   19.3916
    0.0000  -45.0000   37.5000 7435.4487   19.3910
    7.5000  -45.0000   37.5000 7078.4619   19.3903
   -7.5000  -37.5000   37.5000 7775.3970   20.6660
    0.0000  -37.5000   37.5000 7847.9458   20.6758
    7.5000  -37.5000   37.5000 7472.8423   20.6911
   -7.5000  -30.0000   37.5000 8247.3789   21.1637
    0.0000  -30.0000   37.5000 8302.0527   21.1779
    7.5000  -30.0000   37.5000 7905.8799   21.1988
   -7.5000  -22.5000   37.5000 8781.0420   21.1096
    0.0000  -22.5000   37.5000 8810.9316   21.1183
    7.5000  -22.5000   37.5000 8395.9951   21.1320
   -7.5000  -15.0000   37.5000 9284.4053   21.0885
    0.0000  -15.0000   37.5000 9322.1074   21.0831
    7.5000  -15.0000   37.5000 8871.7188   21.0804
   -7.5000   -7.5000   37.5000 9385.2979   21.1153
    0.0000   -7.5000   37.5000 9422.6270   21.1052
    7.5000   -7.5000   37.5000 8968.5322   21.0939
   -7.5000    0.0000   37.5000 9324.2539   21.1601
    0.0000    0.0000   37.5000 9361.7529   21.1595
    7.5000    0.0000   37.5000 8918.1475   21.1587
   -7.5000    7.5000   37.5000 8700.0273   21.1773
    0.0000    7.5000   37.5000 8726.2031   21.1874
    7.5000    7.5000   37.5000 8328.7695   21.2030
   -7.5000   15.0000   37.5000 8338.5518   21.1560
    0.0000   15.0000   37.5000 8336.6709   21.1702
    7.5000   15.0000   37.5000 7947.1191   21.1911
   -7.5000   22.5000   37.5000 7541.8672   20.8310
    0.0000   22.5000   37.5000 7553.7808   20.8395
    7.5000   22.5000   37.5000 7191.9624   20.8530
   -7.5000   30.0000   37.5000 6758.2271   20.3318
    0.0000   30.0000   37.5000 6780.0483   20.3266
    7.5000   30.0000   37.5000 6459.8643   20.3240
   -7.5000   37.5000   37.5000 6028.8315   19.9649
    0.0000   37.5000   37.5000 6048.3311   19.9544
    7.5000   37.5000   37.5000 5754.7920   19.9432
   -7.5000   45.0000   37.5000 5368.1738   19.8379
    0.0000   45.0000   37.5000 5375.1440   19.8384
    7.5000   45.0000   37.5000 5116.8555   19.8379
   -7.5000  -45.0000   45.0000 6856.7686   19.4530
    0.0000  -45.0000   45.0000 6952.4443   19.4571
    7.5000  -45.0000   45.0000 6625.5664   19.4780
   -7.5000  -37.5000   45.0000 7239.7012   20.7290
    0.0000  -37.5000   45.0000 7336.8223   20.7506
    7.5000  -37.5000   45.0000 6987.5356   20.7951
   -7.5000  -30.0000   45.0000 7653.3501   21.1960
    0.0000  -30.0000   45.0000 7737.2632   21.2314
    7.5000  -30.0000   45.0000 7371.8799   21.2901
   -7.5000  -22.5000   45.0000 8137.2500   21.1327
    0.0000  -22.5000   45.0000 8189.4458   21.1623
    7.5000  -22.5000   45.0000 7818.0981   21.2149
   -7.5000  -15.0000   45.0000 8595.1504   21.1171
    0.0000  -15.0000   45.0000 8629.8320   21.1232
    7.5000  -15.0000   45.0000 8233.5791   21.1516
   -7.5000   -7.5000   45.0000 8669.7285   21.1562
    0.0000   -7.5000   45.0000 8714.3066   21.1515
    7.5000   -7.5000   45.0000 8314.5400   21.1649
   -7.5000    0.0000   45.0000 8643.4199   21.2088
    0.0000    0.0000   45.0000 8700.8691   21.2133
    7.5000    0.0000   45.0000 8294.9082   21.2361
   -7.5000    7.5000   45.0000 8083.5322   21.2214
    0.0000    7.5000   45.0000 8118.5576   21.2436
    7.5000    7.5000   45.0000 7755.8208   21.2891
   -7.5000   15.0000   45.0000 7741.3472   21.1881
    0.0000   15.0000   45.0000 7761.1821   21.2235
    7.5000   15.0000   45.0000 7399.9575   21.2822
   -7.5000   22.5000   45.0000 7016.9785   20.8509
    0.0000   22.5000   45.0000 7038.4214   20.8802
    7.5000   22.5000   45.0000 6696.8008   20.9321
   -7.5000   30.0000   45.0000 6284.4854   20.3570
    0.0000   30.0000   45.0000 6318.6953   20.3629
    7.5000   30.0000   45.0000 6003.1353   20.3903
   -7.5000   37.5000   45.0000 5604.2197   19.9946
    0.0000   37.5000   45.0000 5627.2095   19.9908
    7.5000   37.5000   45.0000 5350.9976   20.0033
   -7.5000   45.0000   45.0000 4995.4897   19.8895
    0.0000   45.0000   45.0000 5002.9697   19.8980
    7.5000   45.0000   45.0000 4755.3159   19.9218

---------------------------------------------------------------------
imgreg_4dfp /opt/freesurfer/average/711-2C_as_mni_average_305 /opt/freesurfer/average/711-2B_as_mni_average_305_mask talsrcimg_g11 none talsrcimg_to_711-2C_as_mni_average_305_t4 4355
---------------------------------------------------------------------

freesurfer imgreg_4dfp.c
/opt/freesurfer/average/711-2C_as_mni_average_305.4dfp.img
       256       256       256         1
  1.000000  1.000000  1.000000
orientation T byte_order littleendian
Reading image: /opt/freesurfer/average/711-2C_as_mni_average_305.4dfp.img
dimensions:      256       256       256
mmppix:       1.0000   -1.0000   -1.0000
center:     128.0000 -129.0000 -129.0000
/opt/freesurfer/average/711-2B_as_mni_average_305_mask.4dfp.img
       256       256       256         1
  1.000000  1.000000  1.000000
orientation T byte_order littleendian
Reading mask: /opt/freesurfer/average/711-2B_as_mni_average_305_mask.4dfp.img (2306576 pixels)
talsrcimg_g11.4dfp.img
       256       256       256         1
  0.900000  0.900000  0.900000
orientation T byte_order littleendian
Reading image: talsrcimg_g11.4dfp.img
dimensions:      256       256       256
mmppix:       0.9000   -0.9000   -0.9000
center:     115.2000 -116.1000 -116.1000
rotation matrix determinant  1.000000
image alignment mode   4355 decimal     1103 hex
   -7.5000  -52.5000  -45.0000 1863.7303   20.0594
    0.0000  -52.5000  -45.0000 1874.1146   19.8217
    7.5000  -52.5000  -45.0000 1864.8358   20.0491
   -7.5000  -45.0000  -45.0000 1956.7391   18.9109
    0.0000  -45.0000  -45.0000 1968.8300   18.6567
    7.5000  -45.0000  -45.0000 1957.6259   18.8212
   -7.5000  -37.5000  -45.0000 2002.1571   17.9455
    0.0000  -37.5000  -45.0000 2014.6256   17.7081
    7.5000  -37.5000  -45.0000 2008.1838   17.8278
   -7.5000  -30.0000  -45.0000 2030.0900   17.2116
    0.0000  -30.0000  -45.0000 2045.8203   16.9532
    7.5000  -30.0000  -45.0000 2035.1704   17.0985
   -7.5000  -22.5000  -45.0000 2049.7876   16.8536
    0.0000  -22.5000  -45.0000 2065.2432   16.5465
    7.5000  -22.5000  -45.0000 2054.5698   16.6910
   -7.5000  -15.0000  -45.0000 2045.7369   16.9105
    0.0000  -15.0000  -45.0000 2061.2134   16.5912
    7.5000  -15.0000  -45.0000 2047.5005   16.7297
   -7.5000   -7.5000  -45.0000 2022.2321   17.3370
    0.0000   -7.5000  -45.0000 2038.6139   16.9951
    7.5000   -7.5000  -45.0000 2026.1621   17.1170
   -7.5000    0.0000  -45.0000 1980.3291   18.0845
    0.0000    0.0000  -45.0000 1997.0388   17.7391
    7.5000    0.0000  -45.0000 1985.0054   17.8478
   -7.5000    7.5000  -45.0000 1924.4469   19.0997
    0.0000    7.5000  -45.0000 1949.9453   18.7602
    7.5000    7.5000  -45.0000 1936.8145   18.8960
   -7.5000   15.0000  -45.0000 1859.4270   20.5643
    0.0000   15.0000  -45.0000 1883.6356   20.1620
    7.5000   15.0000  -45.0000 1867.2454   20.3301
   -7.5000   22.5000  -45.0000 1778.2675   22.5056
    0.0000   22.5000  -45.0000 1798.2930   22.0622
    7.5000   22.5000  -45.0000 1783.6196   22.3070
   -7.5000   30.0000  -45.0000 1675.3591   25.2048
    0.0000   30.0000  -45.0000 1695.3586   24.6402
    7.5000   30.0000  -45.0000 1683.6957   24.9001
   -7.5000   37.5000  -45.0000 1548.8386   28.7071
    0.0000   37.5000  -45.0000 1568.0114   28.1937
    7.5000   37.5000  -45.0000 1553.4755   28.3909
   -7.5000  -52.5000  -37.5000 2024.4161   19.4942
    0.0000  -52.5000  -37.5000 2035.8126   19.3004
    7.5000  -52.5000  -37.5000 2029.0402   19.4450
   -7.5000  -45.0000  -37.5000 2126.6511   18.3625
    0.0000  -45.0000  -37.5000 2140.3965   18.2048
    7.5000  -45.0000  -37.5000 2132.1018   18.3272
   -7.5000  -37.5000  -37.5000 2176.9587   17.4144
    0.0000  -37.5000  -37.5000 2191.6965   17.2034
    7.5000  -37.5000  -37.5000 2183.4155   17.3356
   -7.5000  -30.0000  -37.5000 2204.9275   16.6985
    0.0000  -30.0000  -37.5000 2221.3428   16.4773
    7.5000  -30.0000  -37.5000 2210.5864   16.5874
   -7.5000  -22.5000  -37.5000 2218.5405   16.3812
    0.0000  -22.5000  -37.5000 2238.3457   16.1172
    7.5000  -22.5000  -37.5000 2223.2810   16.2122
   -7.5000  -15.0000  -37.5000 2216.0388   16.4397
    0.0000  -15.0000  -37.5000 2232.7046   16.1537
    7.5000  -15.0000  -37.5000 2218.5125   16.2274
   -7.5000   -7.5000  -37.5000 2198.4917   16.7943
    0.0000   -7.5000  -37.5000 2215.4338   16.5087
    7.5000   -7.5000  -37.5000 2200.2998   16.5758
   -7.5000    0.0000  -37.5000 2154.2776   17.4876
    0.0000    0.0000  -37.5000 2179.0361   17.1693
    7.5000    0.0000  -37.5000 2161.5273   17.2490
   -7.5000    7.5000  -37.5000 2096.5320   18.4614
    0.0000    7.5000  -37.5000 2122.9866   18.1372
    7.5000    7.5000  -37.5000 2109.4668   18.2623
   -7.5000   15.0000  -37.5000 2020.7715   19.8220
    0.0000   15.0000  -37.5000 2043.8531   19.5105
    7.5000   15.0000  -37.5000 2034.5107   19.6330
   -7.5000   22.5000  -37.5000 1927.7485   21.7224
    0.0000   22.5000  -37.5000 1948.6571   21.3010
    7.5000   22.5000  -37.5000 1939.7682   21.5099
   -7.5000   30.0000  -37.5000 1820.1830   24.3098
    0.0000   30.0000  -37.5000 1837.1022   23.7611
    7.5000   30.0000  -37.5000 1825.5189   23.9398
   -7.5000   37.5000  -37.5000 1685.7822   27.6136
    0.0000   37.5000  -37.5000 1703.9586   27.0946
    7.5000   37.5000  -37.5000 1686.8131   27.2864
   -7.5000  -52.5000  -30.0000 2164.5977   18.9299
    0.0000  -52.5000  -30.0000 2185.3984   18.7952
    7.5000  -52.5000  -30.0000 2179.1182   18.9020
   -7.5000  -45.0000  -30.0000 2275.7996   17.7369
    0.0000  -45.0000  -30.0000 2293.0476   17.6233
    7.5000  -45.0000  -30.0000 2288.7087   17.7391
   -7.5000  -37.5000  -30.0000 2340.8235   16.8148
    0.0000  -37.5000  -30.0000 2355.4343   16.6672
    7.5000  -37.5000  -30.0000 2346.6050   16.7706
   -7.5000  -30.0000  -30.0000 2372.1494   16.1533
    0.0000  -30.0000  -30.0000 2391.1904   15.9865
    7.5000  -30.0000  -30.0000 2378.9014   16.0482
   -7.5000  -22.5000  -30.0000 2386.6431   15.8206
    0.0000  -22.5000  -30.0000 2408.6333   15.6260
    7.5000  -22.5000  -30.0000 2393.0244   15.6842
   -7.5000  -15.0000  -30.0000 2379.2517   15.8495
    0.0000  -15.0000  -30.0000 2399.5686   15.6216
    7.5000  -15.0000  -30.0000 2385.8950   15.6629
   -7.5000   -7.5000  -30.0000 2357.3862   16.1443
    0.0000   -7.5000  -30.0000 2380.4268   15.8845
    7.5000   -7.5000  -30.0000 2364.2415   15.9364
   -7.5000    0.0000  -30.0000 2319.8000   16.7936
    0.0000    0.0000  -30.0000 2347.3931   16.5247
    7.5000    0.0000  -30.0000 2325.4241   16.5662
   -7.5000    7.5000  -30.0000 2255.7749   17.7802
    0.0000    7.5000  -30.0000 2285.5205   17.4794
    7.5000    7.5000  -30.0000 2270.5723   17.5435
   -7.5000   15.0000  -30.0000 2171.6311   19.1246
    0.0000   15.0000  -30.0000 2197.0151   18.7993
    7.5000   15.0000  -30.0000 2188.3665   18.8960
   -7.5000   22.5000  -30.0000 2073.5007   20.9313
    0.0000   22.5000  -30.0000 2093.8154   20.6062
    7.5000   22.5000  -30.0000 2081.7905   20.7215
   -7.5000   30.0000  -30.0000 1952.3512   23.3074
    0.0000   30.0000  -30.0000 1973.9344   22.9029
    7.5000   30.0000  -30.0000 1957.9250   23.0479
   -7.5000   37.5000  -30.0000 1805.4442   26.4258
    0.0000   37.5000  -30.0000 1825.2728   25.9981
    7.5000   37.5000  -30.0000 1811.3419   26.1576
   -7.5000  -52.5000  -22.5000 2286.6421   18.2610
    0.0000  -52.5000  -22.5000 2306.4346   18.1040
    7.5000  -52.5000  -22.5000 2298.8909   18.1990
   -7.5000  -45.0000  -22.5000 2406.5596   17.0451
    0.0000  -45.0000  -22.5000 2429.2771   16.9125
    7.5000  -45.0000  -22.5000 2417.8730   16.9862
   -7.5000  -37.5000  -22.5000 2477.3589   16.0854
    0.0000  -37.5000  -22.5000 2499.5815   15.9662
    7.5000  -37.5000  -22.5000 2487.0796   16.0095
   -7.5000  -30.0000  -22.5000 2519.2310   15.4588
    0.0000  -30.0000  -22.5000 2539.1917   15.3248
    7.5000  -30.0000  -22.5000 2526.2488   15.3675
   -7.5000  -22.5000  -22.5000 2544.6023   15.1553
    0.0000  -22.5000  -22.5000 2563.1340   14.9787
    7.5000  -22.5000  -22.5000 2548.4412   15.0088
   -7.5000  -15.0000  -22.5000 2537.7822   15.1602
    0.0000  -15.0000  -22.5000 2557.4851   14.9496
    7.5000  -15.0000  -22.5000 2544.2544   14.9942
   -7.5000   -7.5000  -22.5000 2514.6084   15.4480
    0.0000   -7.5000  -22.5000 2537.8191   15.2067
    7.5000   -7.5000  -22.5000 2520.1746   15.2397
   -7.5000    0.0000  -22.5000 2466.6228   16.0445
    0.0000    0.0000  -22.5000 2496.6958   15.7672
    7.5000    0.0000  -22.5000 2479.2432   15.8151
   -7.5000    7.5000  -22.5000 2400.0034   16.9841
    0.0000    7.5000  -22.5000 2429.8240   16.6903
    7.5000    7.5000  -22.5000 2415.1384   16.7391
   -7.5000   15.0000  -22.5000 2313.9355   18.3018
    0.0000   15.0000  -22.5000 2337.8462   18.0055
    7.5000   15.0000  -22.5000 2324.5579   18.0843
   -7.5000   22.5000  -22.5000 2201.2151   20.0396
    0.0000   22.5000  -22.5000 2223.2949   19.6812
    7.5000   22.5000  -22.5000 2208.7271   19.7718
   -7.5000   30.0000  -22.5000 2073.5029   22.3525
    0.0000   30.0000  -22.5000 2091.8604   21.9561
    7.5000   30.0000  -22.5000 2077.5710   22.0353
   -7.5000   37.5000  -22.5000 1915.0873   25.2489
    0.0000   37.5000  -22.5000 1935.4316   24.8517
    7.5000   37.5000  -22.5000 1922.7010   24.9700
   -7.5000  -52.5000  -15.0000 2377.0725   17.4829
    0.0000  -52.5000  -15.0000 2400.6897   17.2831
    7.5000  -52.5000  -15.0000 2387.8577   17.3665
   -7.5000  -45.0000  -15.0000 2502.9248   16.2759
    0.0000  -45.0000  -15.0000 2523.2705   16.1052
    7.5000  -45.0000  -15.0000 2512.5713   16.1461
   -7.5000  -37.5000  -15.0000 2585.1086   15.2909
    0.0000  -37.5000  -15.0000 2607.3469   15.1755
    7.5000  -37.5000  -15.0000 2596.3779   15.1867
   -7.5000  -30.0000  -15.0000 2633.7466   14.6689
    0.0000  -30.0000  -15.0000 2656.7483   14.5165
    7.5000  -30.0000  -15.0000 2643.2163   14.5305
   -7.5000  -22.5000  -15.0000 2666.4424   14.3322
    0.0000  -22.5000  -15.0000 2690.9255   14.1614
    7.5000  -22.5000  -15.0000 2673.3572   14.1882
   -7.5000  -15.0000  -15.0000 2668.0955   14.3391
    0.0000  -15.0000  -15.0000 2695.3208   14.1755
    7.5000  -15.0000  -15.0000 2678.4006   14.1860
   -7.5000   -7.5000  -15.0000 2646.2202   14.6202
    0.0000   -7.5000  -15.0000 2677.5642   14.4144
    7.5000   -7.5000  -15.0000 2655.7661   14.4426
   -7.5000    0.0000  -15.0000 2594.5518   15.2041
    0.0000    0.0000  -15.0000 2628.9338   14.9724
    7.5000    0.0000  -15.0000 2606.3201   15.0162
   -7.5000    7.5000  -15.0000 2523.0032   16.0726
    0.0000    7.5000  -15.0000 2556.9614   15.8363
    7.5000    7.5000  -15.0000 2535.1958   15.8882
   -7.5000   15.0000  -15.0000 2420.9321   17.3650
    0.0000   15.0000  -15.0000 2456.6558   17.0774
    7.5000   15.0000  -15.0000 2436.3074   17.1196
   -7.5000   22.5000  -15.0000 2303.9924   19.0293
    0.0000   22.5000  -15.0000 2331.0532   18.7160
    7.5000   22.5000  -15.0000 2315.6533   18.7790
   -7.5000   30.0000  -15.0000 2161.7881   21.2624
    0.0000   30.0000  -15.0000 2185.6897   20.9066
    7.5000   30.0000  -15.0000 2170.9966   20.9264
   -7.5000   37.5000  -15.0000 1995.1124   24.0120
    0.0000   37.5000  -15.0000 2018.7965   23.6480
    7.5000   37.5000  -15.0000 2001.7114   23.6417
   -7.5000  -52.5000   -7.5000 2422.2065   16.6771
    0.0000  -52.5000   -7.5000 2447.4688   16.4466
    7.5000  -52.5000   -7.5000 2436.3904   16.5036
   -7.5000  -45.0000   -7.5000 2558.4995   15.4683
    0.0000  -45.0000   -7.5000 2577.6665   15.2701
    7.5000  -45.0000   -7.5000 2568.2505   15.3095
   -7.5000  -37.5000   -7.5000 2655.5225   14.4621
    0.0000  -37.5000   -7.5000 2679.6846   14.2985
    7.5000  -37.5000   -7.5000 2663.2107   14.3358
   -7.5000  -30.0000   -7.5000 2716.1951   13.7686
    0.0000  -30.0000   -7.5000 2741.7336   13.6174
    7.5000  -30.0000   -7.5000 2724.8164   13.6457
   -7.5000  -22.5000   -7.5000 2749.5491   13.4127
    0.0000  -22.5000   -7.5000 2783.6194   13.2345
    7.5000  -22.5000   -7.5000 2760.6792   13.2822
   -7.5000  -15.0000   -7.5000 2761.4670   13.4110
    0.0000  -15.0000   -7.5000 2799.0779   13.2498
    7.5000  -15.0000   -7.5000 2773.9180   13.2667
   -7.5000   -7.5000   -7.5000 2739.3162   13.7350
    0.0000   -7.5000   -7.5000 2782.0029   13.5509
    7.5000   -7.5000   -7.5000 2755.8508   13.5694
   -7.5000    0.0000   -7.5000 2690.1191   14.2786
    0.0000    0.0000   -7.5000 2732.1570   14.0828
    7.5000    0.0000   -7.5000 2705.9172   14.1199
   -7.5000    7.5000   -7.5000 2608.5828   15.1355
    0.0000    7.5000   -7.5000 2650.2769   14.8881
    7.5000    7.5000   -7.5000 2626.2996   14.9596
   -7.5000   15.0000   -7.5000 2501.1868   16.3207
    0.0000   15.0000   -7.5000 2537.0901   16.0571
    7.5000   15.0000   -7.5000 2517.4470   16.1390
   -7.5000   22.5000   -7.5000 2366.1460   17.9751
    0.0000   22.5000   -7.5000 2399.3203   17.6900
    7.5000   22.5000   -7.5000 2382.6536   17.7364
   -7.5000   30.0000   -7.5000 2218.4248   20.1269
    0.0000   30.0000   -7.5000 2244.1868   19.7564
    7.5000   30.0000   -7.5000 2229.3591   19.7987
   -7.5000   37.5000   -7.5000 2044.6085   22.7542
    0.0000   37.5000   -7.5000 2064.6545   22.3333
    7.5000   37.5000   -7.5000 2055.1428   22.3515
   -7.5000  -52.5000    0.0000 2459.9692   16.1690
    0.0000  -52.5000    0.0000 2484.1401   15.8625
    7.5000  -52.5000    0.0000 2477.3059   15.9922
   -7.5000  -45.0000    0.0000 2605.7329   14.9575
    0.0000  -45.0000    0.0000 2629.3674   14.6975
    7.5000  -45.0000    0.0000 2618.5295   14.7604
   -7.5000  -37.5000    0.0000 2711.6094   13.9319
    0.0000  -37.5000    0.0000 2739.4678   13.6924
    7.5000  -37.5000    0.0000 2727.3838   13.7493
   -7.5000  -30.0000    0.0000 2787.0752   13.1748
    0.0000  -30.0000    0.0000 2817.9639   12.9769
    7.5000  -30.0000    0.0000 2801.3423   13.0503
   -7.5000  -22.5000    0.0000 2833.1428   12.7729
    0.0000  -22.5000    0.0000 2875.9360   12.5606
    7.5000  -22.5000    0.0000 2850.3911   12.6452
   -7.5000  -15.0000    0.0000 2859.1255   12.7481
    0.0000  -15.0000    0.0000 2904.6929   12.5295
    7.5000  -15.0000    0.0000 2875.9275   12.5879
   -7.5000   -7.5000    0.0000 2832.7368   13.1104
    0.0000   -7.5000    0.0000 2887.3384   12.8704
    7.5000   -7.5000    0.0000 2859.1748   12.9133
   -7.5000    0.0000    0.0000 2778.4465   13.6418
    0.0000    0.0000    0.0000 2824.7507   13.4032
    7.5000    0.0000    0.0000 2800.4785   13.4835
   -7.5000    7.5000    0.0000 2685.1995   14.4519
    0.0000    7.5000    0.0000 2727.4937   14.2087
    7.5000    7.5000    0.0000 2705.3689   14.3101
   -7.5000   15.0000    0.0000 2566.5923   15.6688
    0.0000   15.0000    0.0000 2602.0613   15.4103
    7.5000   15.0000    0.0000 2582.9878   15.5428
   -7.5000   22.5000    0.0000 2422.9292   17.2997
    0.0000   22.5000    0.0000 2458.0564   17.0089
    7.5000   22.5000    0.0000 2440.8274   17.1552
   -7.5000   30.0000    0.0000 2267.7754   19.3829
    0.0000   30.0000    0.0000 2296.9802   19.0090
    7.5000   30.0000    0.0000 2285.2170   19.1307
   -7.5000   37.5000    0.0000 2085.4187   21.9741
    0.0000   37.5000    0.0000 2108.2212   21.5411
    7.5000   37.5000    0.0000 2104.3423   21.6454
   -7.5000  -52.5000    7.5000 2474.3459   15.8666
    0.0000  -52.5000    7.5000 2495.1663   15.4335
    7.5000  -52.5000    7.5000 2486.3662   15.5997
   -7.5000  -45.0000    7.5000 2621.6892   14.6059
    0.0000  -45.0000    7.5000 2642.5356   14.2121
    7.5000  -45.0000    7.5000 2632.6692   14.3399
   -7.5000  -37.5000    7.5000 2735.5955   13.5348
    0.0000  -37.5000    7.5000 2763.7236   13.1979
    7.5000  -37.5000    7.5000 2752.2188   13.3188
   -7.5000  -30.0000    7.5000 2825.8257   12.7570
    0.0000  -30.0000    7.5000 2863.2800   12.4637
    7.5000  -30.0000    7.5000 2847.9219   12.5843
   -7.5000  -22.5000    7.5000 2892.5469   12.2775
    0.0000  -22.5000    7.5000 2946.2556   11.9784
    7.5000  -22.5000    7.5000 2918.3406   12.1297
   -7.5000  -15.0000    7.5000 2928.7361   12.2136
    0.0000  -15.0000    7.5000 2988.8530   11.8939
    7.5000  -15.0000    7.5000 2954.1497   12.0660
   -7.5000   -7.5000    7.5000 2908.0115   12.5314
    0.0000   -7.5000    7.5000 2964.4045   12.2535
    7.5000   -7.5000    7.5000 2933.7954   12.3942
   -7.5000    0.0000    7.5000 2838.0569   13.1312
    0.0000    0.0000    7.5000 2883.6194   12.8284
    7.5000    0.0000    7.5000 2864.5486   12.9804
   -7.5000    7.5000    7.5000 2739.4902   14.0207
    0.0000    7.5000    7.5000 2773.9856   13.6823
    7.5000    7.5000    7.5000 2759.5759   13.8837
   -7.5000   15.0000    7.5000 2608.0356   15.2651
    0.0000   15.0000    7.5000 2639.1343   14.9024
    7.5000   15.0000    7.5000 2626.1628   15.1079
   -7.5000   22.5000    7.5000 2456.5046   16.8783
    0.0000   22.5000    7.5000 2489.2070   16.4897
    7.5000   22.5000    7.5000 2474.4617   16.6943
   -7.5000   30.0000    7.5000 2298.2437   18.9365
    0.0000   30.0000    7.5000 2328.3743   18.5110
    7.5000   30.0000    7.5000 2314.5925   18.6750
   -7.5000   37.5000    7.5000 2111.3938   21.3867
    0.0000   37.5000    7.5000 2138.6138   20.9638
    7.5000   37.5000    7.5000 2124.2732   21.1041
   -7.5000  -52.5000   15.0000 2469.8733   15.7539
    0.0000  -52.5000   15.0000 2489.3066   15.2668
    7.5000  -52.5000   15.0000 2479.1355   15.4184
   -7.5000  -45.0000   15.0000 2616.6697   14.4542
    0.0000  -45.0000   15.0000 2636.1250   14.0103
    7.5000  -45.0000   15.0000 2627.4541   14.1501
   -7.5000  -37.5000   15.0000 2735.5979   13.3571
    0.0000  -37.5000   15.0000 2761.8604   12.9524
    7.5000  -37.5000   15.0000 2751.9597   13.1009
   -7.5000  -30.0000   15.0000 2841.8926   12.5707
    0.0000  -30.0000   15.0000 2878.1248   12.1775
    7.5000  -30.0000   15.0000 2863.9019   12.3510
   -7.5000  -22.5000   15.0000 2926.1338   12.0524
    0.0000  -22.5000   15.0000 2978.7068   11.6722
    7.5000  -22.5000   15.0000 2955.8552   11.8621
   -7.5000  -15.0000   15.0000 2973.4180   11.8911
    0.0000  -15.0000   15.0000 3035.8640   11.4524
    7.5000  -15.0000   15.0000 3010.2905   11.7277
   -7.5000   -7.5000   15.0000 2944.3184   12.2960
    0.0000   -7.5000   15.0000 2999.7383   11.8938
    7.5000   -7.5000   15.0000 2974.0781   12.1384
   -7.5000    0.0000   15.0000 2864.6067   12.9174
    0.0000    0.0000   15.0000 2907.6174   12.6170
    7.5000    0.0000   15.0000 2886.9844   12.7938
   -7.5000    7.5000   15.0000 2758.8987   13.8062
    0.0000    7.5000   15.0000 2796.7151   13.5186
    7.5000    7.5000   15.0000 2778.6152   13.6429
   -7.5000   15.0000   15.0000 2620.8516   15.0335
    0.0000   15.0000   15.0000 2659.7627   14.7593
    7.5000   15.0000   15.0000 2642.3843   14.8541
   -7.5000   22.5000   15.0000 2468.8474   16.6413
    0.0000   22.5000   15.0000 2506.9995   16.3691
    7.5000   22.5000   15.0000 2483.9248   16.4318
   -7.5000   30.0000   15.0000 2307.1746   18.6351
    0.0000   30.0000   15.0000 2340.7334   18.3519
    7.5000   30.0000   15.0000 2324.2827   18.3740
   -7.5000   37.5000   15.0000 2120.4934   21.0275
    0.0000   37.5000   15.0000 2147.8940   20.7245
    7.5000   37.5000   15.0000 2134.2856   20.7403
   -7.5000  -52.5000   22.5000 2456.6313   15.8406
    0.0000  -52.5000   22.5000 2477.9058   15.3010
    7.5000  -52.5000   22.5000 2466.2148   15.4539
   -7.5000  -45.0000   22.5000 2600.6606   14.5686
    0.0000  -45.0000   22.5000 2622.7307   14.0441
    7.5000  -45.0000   22.5000 2609.8123   14.1882
   -7.5000  -37.5000   22.5000 2721.8472   13.4768
    0.0000  -37.5000   22.5000 2748.7700   12.9938
    7.5000  -37.5000   22.5000 2737.6709   13.1281
   -7.5000  -30.0000   22.5000 2833.5789   12.6665
    0.0000  -30.0000   22.5000 2866.7820   12.2132
    7.5000  -30.0000   22.5000 2853.3262   12.3662
   -7.5000  -22.5000   22.5000 2915.9387   12.1238
    0.0000  -22.5000   22.5000 2964.7739   11.7351
    7.5000  -22.5000   22.5000 2941.2632   11.8886
   -7.5000  -15.0000   22.5000 2964.5122   11.9970
    0.0000  -15.0000   22.5000 3028.3792   11.6714
    7.5000  -15.0000   22.5000 2998.5513   11.7880
   -7.5000   -7.5000   22.5000 2941.1975   12.3094
    0.0000   -7.5000   22.5000 3009.6775   12.0821
    7.5000   -7.5000   22.5000 2969.1226   12.1277
   -7.5000    0.0000   22.5000 2856.6484   12.9281
    0.0000    0.0000   22.5000 2906.6101   12.7281
    7.5000    0.0000   22.5000 2876.1677   12.7543
   -7.5000    7.5000   22.5000 2748.4351   13.8504
    0.0000    7.5000   22.5000 2787.6479   13.6088
    7.5000    7.5000   22.5000 2769.8828   13.6284
   -7.5000   15.0000   22.5000 2614.4609   15.0903
    0.0000   15.0000   22.5000 2649.2412   14.8243
    7.5000   15.0000   22.5000 2634.2622   14.8560
   -7.5000   22.5000   22.5000 2468.1670   16.6817
    0.0000   22.5000   22.5000 2497.3784   16.3918
    7.5000   22.5000   22.5000 2484.5610   16.4348
   -7.5000   30.0000   22.5000 2304.6816   18.6466
    0.0000   30.0000   22.5000 2331.4377   18.3469
    7.5000   30.0000   22.5000 2320.9912   18.4072
   -7.5000   37.5000   22.5000 2112.6587   20.9560
    0.0000   37.5000   22.5000 2139.0698   20.6329
    7.5000   37.5000   22.5000 2127.2495   20.7065
   -7.5000  -52.5000   30.0000 2431.7458   16.1107
    0.0000  -52.5000   30.0000 2453.6421   15.6021
    7.5000  -52.5000   30.0000 2440.8362   15.6980
   -7.5000  -45.0000   30.0000 2573.9182   14.8820
    0.0000  -45.0000   30.0000 2599.0337   14.3684
    7.5000  -45.0000   30.0000 2579.8655   14.4533
   -7.5000  -37.5000   30.0000 2693.9333   13.7918
    0.0000  -37.5000   30.0000 2722.1277   13.3477
    7.5000  -37.5000   30.0000 2698.8220   13.4305
   -7.5000  -30.0000   30.0000 2799.8123   12.9958
    0.0000  -30.0000   30.0000 2832.8079   12.6028
    7.5000  -30.0000   30.0000 2814.0049   12.6824
   -7.5000  -22.5000   30.0000 2880.8042   12.5050
    0.0000  -22.5000   30.0000 2925.7834   12.1062
    7.5000  -22.5000   30.0000 2904.0503   12.2181
   -7.5000  -15.0000   30.0000 2924.3513   12.3774
    0.0000  -15.0000   30.0000 2976.4736   12.0613
    7.5000  -15.0000   30.0000 2952.3174   12.1523
   -7.5000   -7.5000   30.0000 2899.8728   12.6701
    0.0000   -7.5000   30.0000 2956.1816   12.4222
    7.5000   -7.5000   30.0000 2928.2078   12.4775
   -7.5000    0.0000   30.0000 2816.7275   13.2865
    0.0000    0.0000   30.0000 2860.5200   13.0594
    7.5000    0.0000   30.0000 2838.1248   13.1077
   -7.5000    7.5000   30.0000 2710.0327   14.1480
    0.0000    7.5000   30.0000 2744.1633   13.9327
    7.5000    7.5000   30.0000 2728.8523   13.9451
   -7.5000   15.0000   30.0000 2578.4436   15.3380
    0.0000   15.0000   30.0000 2610.6665   15.0572
    7.5000   15.0000   30.0000 2599.3276   15.1050
   -7.5000   22.5000   30.0000 2436.3799   16.8842
    0.0000   22.5000   30.0000 2467.6086   16.5827
    7.5000   22.5000   30.0000 2457.8936   16.6189
   -7.5000   30.0000   30.0000 2279.7009   18.8283
    0.0000   30.0000   30.0000 2304.7739   18.4887
    7.5000   30.0000   30.0000 2296.8633   18.5422
   -7.5000   37.5000   30.0000 2093.2188   21.1794
    0.0000   37.5000   30.0000 2116.4990   20.8003
    7.5000   37.5000   30.0000 2108.7871   20.8638
   -7.5000  -52.5000   37.5000 2401.8726   16.6623
    0.0000  -52.5000   37.5000 2431.2944   16.1750
    7.5000  -52.5000   37.5000 2410.5847   16.2516
   -7.5000  -45.0000   37.5000 2534.4949   15.4373
    0.0000  -45.0000   37.5000 2567.5088   15.0003
    7.5000  -45.0000   37.5000 2544.8296   15.0724
   -7.5000  -37.5000   37.5000 2651.3457   14.4089
    0.0000  -37.5000   37.5000 2684.1709   13.9945
    7.5000  -37.5000   37.5000 2660.5276   14.0669
   -7.5000  -30.0000   37.5000 2748.7888   13.6040
    0.0000  -30.0000   37.5000 2785.1531   13.1987
    7.5000  -30.0000   37.5000 2765.6477   13.2884
   -7.5000  -22.5000   37.5000 2822.2610   13.1025
    0.0000  -22.5000   37.5000 2859.7578   12.7318
    7.5000  -22.5000   37.5000 2839.7495   12.8243
   -7.5000  -15.0000   37.5000 2856.9360   12.9640
    0.0000  -15.0000   37.5000 2891.8235   12.6919
    7.5000  -15.0000   37.5000 2873.4138   12.7443
   -7.5000   -7.5000   37.5000 2829.0657   13.2701
    0.0000   -7.5000   37.5000 2870.8359   12.9850
    7.5000   -7.5000   37.5000 2851.5325   13.0402
   -7.5000    0.0000   37.5000 2751.7454   13.8451
    0.0000    0.0000   37.5000 2795.0271   13.5816
    7.5000    0.0000   37.5000 2775.4004   13.6457
   -7.5000    7.5000   37.5000 2645.9690   14.7246
    0.0000    7.5000   37.5000 2681.6980   14.4531
    7.5000    7.5000   37.5000 2672.5786   14.4978
   -7.5000   15.0000   37.5000 2525.6553   15.8405
    0.0000   15.0000   37.5000 2558.7466   15.5430
    7.5000   15.0000   37.5000 2552.5786   15.5954
   -7.5000   22.5000   37.5000 2387.6104   17.3419
    0.0000   22.5000   37.5000 2420.1987   17.0249
    7.5000   22.5000   37.5000 2415.1289   17.0510
   -7.5000   30.0000   37.5000 2237.3474   19.2555
    0.0000   30.0000   37.5000 2264.8557   18.8931
    7.5000   30.0000   37.5000 2261.5374   18.8997
   -7.5000   37.5000   37.5000 2058.6182   21.5780
    0.0000   37.5000   37.5000 2082.9087   21.1911
    7.5000   37.5000   37.5000 2074.1343   21.2347
   -7.5000  -52.5000   45.0000 2339.0183   17.3779
    0.0000  -52.5000   45.0000 2369.7278   16.9752
    7.5000  -52.5000   45.0000 2350.6191   17.0444
   -7.5000  -45.0000   45.0000 2464.0166   16.1791
    0.0000  -45.0000   45.0000 2501.8052   15.7844
    7.5000  -45.0000   45.0000 2479.7319   15.8750
   -7.5000  -37.5000   45.0000 2575.8293   15.1087
    0.0000  -37.5000   45.0000 2617.9749   14.7340
    7.5000  -37.5000   45.0000 2594.6997   14.8441
   -7.5000  -30.0000   45.0000 2661.7151   14.3004
    0.0000  -30.0000   45.0000 2703.8679   13.9462
    7.5000  -30.0000   45.0000 2683.2969   14.0275
   -7.5000  -22.5000   45.0000 2722.3547   13.8127
    0.0000  -22.5000   45.0000 2755.5376   13.4769
    7.5000  -22.5000   45.0000 2739.1975   13.5639
   -7.5000  -15.0000   45.0000 2741.1279   13.6862
    0.0000  -15.0000   45.0000 2766.8955   13.4130
    7.5000  -15.0000   45.0000 2753.2390   13.4651
   -7.5000   -7.5000   45.0000 2713.5525   13.9484
    0.0000   -7.5000   45.0000 2747.7253   13.6647
    7.5000   -7.5000   45.0000 2733.5369   13.7103
   -7.5000    0.0000   45.0000 2642.3171   14.5094
    0.0000    0.0000   45.0000 2683.9236   14.2425
    7.5000    0.0000   45.0000 2664.4453   14.2991
   -7.5000    7.5000   45.0000 2549.1584   15.3611
    0.0000    7.5000   45.0000 2580.9854   15.1092
    7.5000    7.5000   45.0000 2568.4045   15.1609
   -7.5000   15.0000   45.0000 2441.0962   16.4611
    0.0000   15.0000   45.0000 2467.1582   16.2087
    7.5000   15.0000   45.0000 2456.7551   16.2829
   -7.5000   22.5000   45.0000 2314.1797   17.9334
    0.0000   22.5000   45.0000 2338.6206   17.6562
    7.5000   22.5000   45.0000 2330.9128   17.7207
   -7.5000   30.0000   45.0000 2168.4290   19.8076
    0.0000   30.0000   45.0000 2194.4993   19.4823
    7.5000   30.0000   45.0000 2186.3591   19.5122
   -7.5000   37.5000   45.0000 1997.4291   22.1356
    0.0000   37.5000   45.0000 2021.0587   21.7904
    7.5000   37.5000   45.0000 2014.3301   21.8197

---------------------------------------------------------------------
imgreg_4dfp /opt/freesurfer/average/711-2C_as_mni_average_305 /opt/freesurfer/average/711-2B_as_mni_average_305_mask talsrcimg_g11 none talsrcimg_to_711-2C_as_mni_average_305_t4 1283
---------------------------------------------------------------------

freesurfer imgreg_4dfp.c
/opt/freesurfer/average/711-2C_as_mni_average_305.4dfp.img
       256       256       256         1
  1.000000  1.000000  1.000000
orientation T byte_order littleendian
Reading image: /opt/freesurfer/average/711-2C_as_mni_average_305.4dfp.img
dimensions:      256       256       256
mmppix:       1.0000   -1.0000   -1.0000
center:     128.0000 -129.0000 -129.0000
/opt/freesurfer/average/711-2B_as_mni_average_305_mask.4dfp.img
       256       256       256         1
  1.000000  1.000000  1.000000
orientation T byte_order littleendian
Reading mask: /opt/freesurfer/average/711-2B_as_mni_average_305_mask.4dfp.img (2306576 pixels)
talsrcimg_g11.4dfp.img
       256       256       256         1
  0.900000  0.900000  0.900000
orientation T byte_order littleendian
Reading image: talsrcimg_g11.4dfp.img
dimensions:      256       256       256
mmppix:       0.9000   -0.9000   -0.9000
center:     115.2000 -116.1000 -116.1000
rotation matrix determinant  1.000000
fimgreg.f
image alignment mode   1283 decimal      503 hex
parameters
    0.0000  -15.0000   15.0000    0.0000    0.0000    0.0000
eta,q 0.95265 11.43625
niter,ni,del,rscale     5    3   12.0000    1.2000
parameter  4  0.954383 ->  0.500000 qaram    1.1500
parameters
    1.8591  -13.9209   16.8373   -3.4500    2.0396    1.5075
eta,q 0.95846 11.29697
  0.0646  0.0585  0.0571  0.0435  0.0515  0.0488
  0.0597  0.0536  0.0515  0.0427  0.0481  0.0462
  0.0552  0.0496  0.0485  0.0440  0.0455  0.0436
  0.0505  0.0473  0.0471  0.0461  0.0430  0.0418
  0.0472  0.0473  0.0462  0.0488  0.0418  0.0416
  0.0493  0.0490  0.0483  0.0522  0.0427  0.0426
  0.0554  0.0530  0.0486  0.0553  0.0451  0.0445
niter,ni,del,rscale     5    3   12.0000    1.2000
parameters
    1.4710  -12.6146   17.9683   -4.5725    2.8134    1.8519
eta,q 0.95901 11.31743
  0.0529  0.0593  0.0468  0.0480  0.0483  0.0478
  0.0483  0.0518  0.0439  0.0435  0.0464  0.0446
  0.0443  0.0446  0.0422  0.0412  0.0438  0.0420
  0.0415  0.0417  0.0416  0.0422  0.0415  0.0410
  0.0432  0.0419  0.0428  0.0447  0.0410  0.0414
  0.0496  0.0443  0.0432  0.0478  0.0427  0.0433
  0.0577  0.0487  0.0434  0.0519  0.0469  0.0467
niter,ni,del,rscale     4    3   12.0000    1.2000
parameters
    1.2613  -12.2094   17.5449   -5.0949    3.0241    1.9287
eta,q 0.95941 11.31889
  0.0536  0.0572  0.0443  0.0483  0.0473  0.0465
  0.0481  0.0491  0.0415  0.0442  0.0452  0.0434
  0.0433  0.0429  0.0406  0.0406  0.0426  0.0413
  0.0410  0.0411  0.0412  0.0409  0.0407  0.0406
  0.0423  0.0429  0.0419  0.0429  0.0408  0.0411
  0.0485  0.0475  0.0420  0.0461  0.0430  0.0429
  0.0567  0.0526  0.0452  0.0502  0.0479  0.0464
niter,ni,del,rscale     3    3   12.0000    1.2000
parameters
    1.2300  -12.0394   17.5655   -5.2673    3.0673    1.9680
eta,q 0.95939 11.32129
  0.0538  0.0556  0.0449  0.0489  0.0472  0.0464
  0.0482  0.0477  0.0415  0.0451  0.0450  0.0433
  0.0433  0.0418  0.0402  0.0409  0.0424  0.0413
  0.0406  0.0406  0.0407  0.0407  0.0406  0.0406
  0.0415  0.0430  0.0416  0.0423  0.0410  0.0411
  0.0474  0.0480  0.0417  0.0455  0.0435  0.0430
  0.0553  0.0527  0.0443  0.0495  0.0484  0.0464
niter,ni,del,rscale     2    3   12.0000    1.2000
parameters
    1.2142  -11.9673   17.5158   -5.3522    3.0772    1.9837
eta,q 0.95941 11.32178
  0.0538  0.0552  0.0449  0.0490  0.0471  0.0462
  0.0483  0.0474  0.0413  0.0453  0.0450  0.0432
  0.0434  0.0415  0.0400  0.0410  0.0423  0.0412
  0.0406  0.0406  0.0407  0.0406  0.0406  0.0406
  0.0415  0.0433  0.0415  0.0422  0.0410  0.0411
  0.0474  0.0484  0.0416  0.0453  0.0435  0.0429
  0.0553  0.0529  0.0443  0.0492  0.0485  0.0464
niter,ni,del,rscale     1    3   12.0000    1.2000
parameters
    1.2183  -11.9365   17.4984   -5.3884    3.0719    1.9910
eta,q 0.95942 11.32232
  0.0539  0.0549  0.0449  0.0490  0.0471  0.0462
  0.0484  0.0471  0.0413  0.0454  0.0449  0.0432
  0.0435  0.0414  0.0399  0.0410  0.0423  0.0412
  0.0406  0.0406  0.0406  0.0406  0.0406  0.0406
  0.0414  0.0434  0.0415  0.0421  0.0410  0.0411
  0.0473  0.0484  0.0416  0.0451  0.0435  0.0429
  0.0552  0.0530  0.0443  0.0491  0.0485  0.0464
registration optimization eta report
parameter search radius
    6.0000    6.0000    6.0000    6.9000    6.0000    6.0000
100000*second partial in parameter space
       38.       37.       12.       18.       20.       16.
  0.0539  0.0549  0.0449  0.0490  0.0471  0.0462
  0.0484  0.0471  0.0413  0.0454  0.0449  0.0432
  0.0435  0.0414  0.0399  0.0410  0.0423  0.0412
  0.0406  0.0406  0.0406  0.0406  0.0406  0.0406
  0.0414  0.0434  0.0415  0.0421  0.0410  0.0411
  0.0473  0.0484  0.0416  0.0451  0.0435  0.0429
  0.0552  0.0530  0.0443  0.0491  0.0485  0.0464
    1.2183  -11.9365   17.4984   -5.3884    3.0719    1.9910
eta,q 0.95942 11.32232

---------------------------------------------------------------------
imgreg_4dfp /opt/freesurfer/average/711-2C_as_mni_average_305 /opt/freesurfer/average/711-2B_as_mni_average_305_mask talsrcimg_g11 none talsrcimg_to_711-2C_as_mni_average_305_t4 3335
---------------------------------------------------------------------

freesurfer imgreg_4dfp.c
/opt/freesurfer/average/711-2C_as_mni_average_305.4dfp.img
       256       256       256         1
  1.000000  1.000000  1.000000
orientation T byte_order littleendian
Reading image: /opt/freesurfer/average/711-2C_as_mni_average_305.4dfp.img
dimensions:      256       256       256
mmppix:       1.0000   -1.0000   -1.0000
center:     128.0000 -129.0000 -129.0000
/opt/freesurfer/average/711-2B_as_mni_average_305_mask.4dfp.img
       256       256       256         1
  1.000000  1.000000  1.000000
orientation T byte_order littleendian
Reading mask: /opt/freesurfer/average/711-2B_as_mni_average_305_mask.4dfp.img (2306576 pixels)
talsrcimg_g11.4dfp.img
       256       256       256         1
  0.900000  0.900000  0.900000
orientation T byte_order littleendian
Reading image: talsrcimg_g11.4dfp.img
dimensions:      256       256       256
mmppix:       0.9000   -0.9000   -0.9000
center:     115.2000 -116.1000 -116.1000
fimgreg.f
image alignment mode   3335 decimal      D07 hex
parameters
    1.2183  -11.9365   17.4984   -0.2040   -0.4845   -0.5850
   -2.9559   -5.6583    3.4692    9.1997    5.3589   -9.3772
eta,q 0.96009 11.49763
niter,ni,del,rscale     5    3    5.0000    1.2000
parameter  4  1.654586 ->  0.500000 qaram    1.1500
parameter  5  1.524102 ->  0.500000 qaram    1.1500
parameter  6  1.042497 ->  0.500000 qaram    1.1500
parameter 12  0.563659 ->  0.500000 qaram    1.1500
parameters
    1.1138  -11.7386   16.6817   -4.3440   -4.6245   -4.7250
   -1.6012   -3.0264    2.4539    5.8464    5.4511  -13.5172
eta,q 0.97555 11.10731
  0.0422  0.0421  0.0402  0.0331  0.0294  0.0265  0.0301  0.0345  0.0271  0.0262  0.0269  0.0248
  0.0410  0.0409  0.0399  0.0343  0.0304  0.0267  0.0286  0.0316  0.0263  0.0251  0.0258  0.0245
  0.0402  0.0402  0.0398  0.0364  0.0323  0.0281  0.0275  0.0290  0.0258  0.0249  0.0252  0.0245
  0.0399  0.0399  0.0399  0.0398  0.0348  0.0308  0.0269  0.0269  0.0258  0.0257  0.0249  0.0249
  0.0402  0.0400  0.0402  0.0440  0.0377  0.0341  0.0269  0.0258  0.0262  0.0276  0.0251  0.0256
  0.0412  0.0405  0.0409  0.0482  0.0411  0.0385  0.0274  0.0264  0.0270  0.0300  0.0257  0.0265
  0.0427  0.0414  0.0419  0.0528  0.0453  0.0431  0.0284  0.0285  0.0281  0.0328  0.0268  0.0277
niter,ni,del,rscale     7    3    5.0000    1.2000
parameters
    1.0847  -11.5190   16.0260   -7.2278   -8.3253   -6.4558
   -0.9086   -3.1686    3.1504    7.8522    5.5697  -15.9645
eta,q 0.97640 10.88215
  0.0283  0.0276  0.0254  0.0262  0.0245  0.0260  0.0264  0.0278  0.0256  0.0271  0.0245  0.0242
  0.0262  0.0260  0.0245  0.0251  0.0238  0.0251  0.0252  0.0254  0.0248  0.0255  0.0241  0.0238
  0.0249  0.0249  0.0243  0.0241  0.0236  0.0243  0.0244  0.0242  0.0242  0.0246  0.0239  0.0236
  0.0244  0.0244  0.0244  0.0243  0.0242  0.0236  0.0240  0.0240  0.0240  0.0240  0.0238  0.0237
  0.0250  0.0246  0.0250  0.0264  0.0257  0.0237  0.0241  0.0244  0.0240  0.0237  0.0238  0.0241
  0.0263  0.0254  0.0261  0.0307  0.0285  0.0269  0.0246  0.0257  0.0244  0.0240  0.0240  0.0246
  0.0285  0.0266  0.0274  0.0356  0.0320  0.0327  0.0257  0.0280  0.0251  0.0249  0.0245  0.0254
niter,ni,del,rscale     6    3    5.0000    1.2000
parameters
    1.0151  -11.0551   16.0701   -7.1071   -9.5704   -6.5236
   -0.7682   -3.3456    3.2587    8.9038    5.6570  -16.5189
eta,q 0.97651 10.84839
  0.0262  0.0262  0.0248  0.0268  0.0255  0.0267  0.0256  0.0272  0.0248  0.0257  0.0243  0.0245
  0.0248  0.0249  0.0241  0.0256  0.0244  0.0255  0.0246  0.0249  0.0242  0.0246  0.0238  0.0239
  0.0239  0.0241  0.0237  0.0245  0.0237  0.0244  0.0238  0.0237  0.0237  0.0239  0.0236  0.0235
  0.0236  0.0236  0.0235  0.0235  0.0235  0.0235  0.0235  0.0235  0.0235  0.0235  0.0235  0.0235
  0.0239  0.0236  0.0236  0.0231  0.0239  0.0229  0.0237  0.0240  0.0236  0.0235  0.0236  0.0237
  0.0249  0.0240  0.0240  0.0244  0.0253  0.0240  0.0244  0.0252  0.0241  0.0239  0.0238  0.0241
  0.0266  0.0247  0.0247  0.0278  0.0278  0.0284  0.0255  0.0275  0.0248  0.0247  0.0242  0.0247
niter,ni,del,rscale     5    3    5.0000    1.2000
parameters
    0.9505  -10.7035   15.9147   -6.8680  -10.0276   -6.6909
   -0.6089   -3.4853    3.3059    9.8856    5.8998  -16.9918
eta,q 0.97659 10.84788
  0.0261  0.0257  0.0245  0.0269  0.0257  0.0265  0.0255  0.0272  0.0246  0.0253  0.0243  0.0244
  0.0246  0.0246  0.0239  0.0257  0.0245  0.0254  0.0245  0.0249  0.0240  0.0243  0.0238  0.0238
  0.0238  0.0238  0.0236  0.0245  0.0238  0.0243  0.0237  0.0236  0.0236  0.0237  0.0235  0.0235
  0.0235  0.0235  0.0235  0.0235  0.0234  0.0234  0.0235  0.0234  0.0234  0.0234  0.0234  0.0234
  0.0238  0.0235  0.0236  0.0230  0.0235  0.0227  0.0236  0.0239  0.0235  0.0235  0.0235  0.0236
  0.0248  0.0239  0.0241  0.0243  0.0245  0.0240  0.0243  0.0252  0.0239  0.0237  0.0237  0.0240
  0.0264  0.0247  0.0248  0.0276  0.0267  0.0286  0.0254  0.0274  0.0246  0.0246  0.0242  0.0246
niter,ni,del,rscale     4    3    5.0000    1.2000
parameters
    0.8830  -10.3545   15.6820   -6.7575  -10.5447   -6.9548
   -0.3973   -3.6677    3.3664   11.1483    6.1867  -17.3329
eta,q 0.97662 10.84037
  0.0260  0.0254  0.0243  0.0269  0.0255  0.0264  0.0255  0.0272  0.0245  0.0252  0.0243  0.0243
  0.0246  0.0244  0.0238  0.0257  0.0244  0.0253  0.0245  0.0248  0.0239  0.0243  0.0238  0.0238
  0.0237  0.0237  0.0235  0.0245  0.0237  0.0243  0.0238  0.0236  0.0236  0.0237  0.0235  0.0235
  0.0234  0.0234  0.0234  0.0234  0.0233  0.0234  0.0235  0.0235  0.0235  0.0235  0.0234  0.0234
  0.0237  0.0234  0.0236  0.0230  0.0235  0.0226  0.0236  0.0239  0.0235  0.0234  0.0234  0.0235
  0.0248  0.0238  0.0240  0.0244  0.0245  0.0239  0.0242  0.0252  0.0239  0.0235  0.0237  0.0239
  0.0264  0.0245  0.0248  0.0279  0.0266  0.0288  0.0254  0.0275  0.0245  0.0244  0.0241  0.0245
niter,ni,del,rscale     3    3    5.0000    1.2000
parameters
    0.8021   -9.8715   15.3620   -6.6795  -11.4175   -7.3963
   -0.0920   -3.9122    3.6136   13.1155    6.5010  -17.6680
eta,q 0.97683 10.81520
  0.0260  0.0254  0.0241  0.0268  0.0251  0.0260  0.0255  0.0269  0.0245  0.0253  0.0241  0.0241
  0.0245  0.0244  0.0236  0.0256  0.0242  0.0250  0.0245  0.0247  0.0240  0.0245  0.0236  0.0236
  0.0237  0.0238  0.0233  0.0244  0.0235  0.0242  0.0237  0.0236  0.0236  0.0239  0.0233  0.0233
  0.0234  0.0234  0.0233  0.0233  0.0233  0.0233  0.0234  0.0234  0.0234  0.0234  0.0232  0.0232
  0.0237  0.0233  0.0235  0.0229  0.0236  0.0224  0.0236  0.0239  0.0234  0.0231  0.0232  0.0233
  0.0248  0.0236  0.0239  0.0244  0.0246  0.0239  0.0242  0.0251  0.0238  0.0233  0.0234  0.0237
  0.0264  0.0243  0.0247  0.0279  0.0266  0.0289  0.0252  0.0274  0.0245  0.0241  0.0240  0.0243
niter,ni,del,rscale     2    3    5.0000    1.2000
parameters
    0.7066   -9.2198   14.9233   -6.6861  -12.6879   -8.0158
    0.3076   -4.2149    3.7411   15.3506    7.2057  -18.2120
eta,q 0.97710 10.76233
  0.0257  0.0257  0.0237  0.0265  0.0247  0.0256  0.0253  0.0266  0.0245  0.0256  0.0240  0.0238
  0.0243  0.0246  0.0232  0.0253  0.0239  0.0247  0.0243  0.0245  0.0239  0.0246  0.0235  0.0233
  0.0235  0.0237  0.0230  0.0242  0.0233  0.0239  0.0236  0.0234  0.0234  0.0238  0.0231  0.0230
  0.0232  0.0232  0.0230  0.0230  0.0230  0.0231  0.0233  0.0232  0.0232  0.0232  0.0229  0.0229
  0.0235  0.0230  0.0232  0.0227  0.0234  0.0222  0.0234  0.0237  0.0233  0.0229  0.0229  0.0230
  0.0246  0.0233  0.0237  0.0242  0.0245  0.0237  0.0239  0.0250  0.0237  0.0230  0.0231  0.0235
  0.0263  0.0240  0.0245  0.0278  0.0267  0.0289  0.0249  0.0272  0.0245  0.0239  0.0237  0.0242
niter,ni,del,rscale     1    3    5.0000    1.2000
parameters
    0.5919   -8.6026   14.5287   -6.7691  -14.0040   -8.6280
    0.7695   -4.5235    3.2738   16.8046    8.0241  -18.5194
eta,q 0.97724 10.69456
  0.0254  0.0257  0.0235  0.0262  0.0243  0.0253  0.0250  0.0263  0.0242  0.0254  0.0239  0.0237
  0.0240  0.0244  0.0230  0.0250  0.0235  0.0245  0.0241  0.0243  0.0235  0.0243  0.0233  0.0232
  0.0232  0.0234  0.0228  0.0239  0.0230  0.0236  0.0234  0.0233  0.0231  0.0236  0.0230  0.0229
  0.0229  0.0229  0.0228  0.0228  0.0228  0.0228  0.0230  0.0230  0.0230  0.0230  0.0228  0.0228
  0.0233  0.0228  0.0230  0.0225  0.0232  0.0220  0.0231  0.0235  0.0232  0.0227  0.0228  0.0229
  0.0243  0.0231  0.0234  0.0240  0.0243  0.0235  0.0237  0.0247  0.0237  0.0230  0.0230  0.0233
  0.0260  0.0238  0.0242  0.0275  0.0263  0.0285  0.0247  0.0269  0.0246  0.0243  0.0235  0.0239
registration optimization eta report
parameter search radius
    2.4000    2.4000    2.4000    8.2800    8.2800    8.2800
    7.2000    7.2000    7.2000    7.2000    7.2000    8.2800
100000*second partial in parameter space
       48.       32.       18.        6.        4.        6.
        3.        7.        3.        4.        2.        1.
  0.0254  0.0257  0.0235  0.0262  0.0243  0.0253  0.0250  0.0263  0.0242  0.0254  0.0239  0.0237
  0.0240  0.0244  0.0230  0.0250  0.0235  0.0245  0.0241  0.0243  0.0235  0.0243  0.0233  0.0232
  0.0232  0.0234  0.0228  0.0239  0.0230  0.0236  0.0234  0.0233  0.0231  0.0236  0.0230  0.0229
  0.0229  0.0229  0.0228  0.0228  0.0228  0.0228  0.0230  0.0230  0.0230  0.0230  0.0228  0.0228
  0.0233  0.0228  0.0230  0.0225  0.0232  0.0220  0.0231  0.0235  0.0232  0.0227  0.0228  0.0229
  0.0243  0.0231  0.0234  0.0240  0.0243  0.0235  0.0237  0.0247  0.0237  0.0230  0.0230  0.0233
  0.0260  0.0238  0.0242  0.0275  0.0263  0.0285  0.0247  0.0269  0.0246  0.0243  0.0235  0.0239
    0.5919   -8.6026   14.5287   -6.7691  -14.0040   -8.6280
    0.7695   -4.5235    3.2738   16.8046    8.0241  -18.5194
eta,q 0.97724 10.69456

---------------------------------------------------------------------
imgreg_4dfp /opt/freesurfer/average/711-2C_as_mni_average_305 /opt/freesurfer/average/711-2B_as_mni_average_305_mask talsrcimg_g11 none talsrcimg_to_711-2C_as_mni_average_305_t4 2311
---------------------------------------------------------------------

freesurfer imgreg_4dfp.c
/opt/freesurfer/average/711-2C_as_mni_average_305.4dfp.img
       256       256       256         1
  1.000000  1.000000  1.000000
orientation T byte_order littleendian
Reading image: /opt/freesurfer/average/711-2C_as_mni_average_305.4dfp.img
dimensions:      256       256       256
mmppix:       1.0000   -1.0000   -1.0000
center:     128.0000 -129.0000 -129.0000
/opt/freesurfer/average/711-2B_as_mni_average_305_mask.4dfp.img
       256       256       256         1
  1.000000  1.000000  1.000000
orientation T byte_order littleendian
Reading mask: /opt/freesurfer/average/711-2B_as_mni_average_305_mask.4dfp.img (2306576 pixels)
talsrcimg_g11.4dfp.img
       256       256       256         1
  0.900000  0.900000  0.900000
orientation T byte_order littleendian
Reading image: talsrcimg_g11.4dfp.img
dimensions:      256       256       256
mmppix:       0.9000   -0.9000   -0.9000
center:     115.2000 -116.1000 -116.1000
fimgreg.f
image alignment mode   2311 decimal      907 hex
parameters
    0.5919   -8.6026   14.5287   -6.7692  -14.0040   -8.6280
    0.7695   -4.5235    3.2738   16.8046    8.0241  -18.5194
eta,q 0.97724 10.69456
niter,ni,del,rscale     5    3    5.0000    0.8000
parameters
    0.4855   -8.2009   14.3640   -5.1261  -14.2962   -6.9740
    0.5321   -4.9145    2.6219   16.9039    8.1608  -20.0489
eta,q 0.97813 10.79059
  0.0238  0.0240  0.0231  0.0246  0.0230  0.0239  0.0228  0.0243  0.0224  0.0232  0.0228  0.0221
  0.0232  0.0234  0.0229  0.0240  0.0227  0.0234  0.0223  0.0229  0.0221  0.0226  0.0223  0.0219
  0.0229  0.0230  0.0227  0.0233  0.0225  0.0229  0.0220  0.0221  0.0219  0.0222  0.0220  0.0219
  0.0228  0.0228  0.0227  0.0227  0.0224  0.0224  0.0220  0.0220  0.0219  0.0219  0.0219  0.0219
  0.0229  0.0227  0.0228  0.0224  0.0225  0.0220  0.0221  0.0225  0.0221  0.0219  0.0220  0.0221
  0.0234  0.0229  0.0230  0.0225  0.0228  0.0219  0.0224  0.0236  0.0224  0.0224  0.0223  0.0223
  0.0241  0.0232  0.0233  0.0233  0.0233  0.0229  0.0230  0.0251  0.0228  0.0233  0.0227  0.0226
niter,ni,del,rscale     4    3    5.0000    0.7000
parameters
    0.4866   -8.1149   14.2811   -5.4911  -13.7749   -6.9396
    0.9572   -4.9307    2.5979   17.2676    8.1160  -20.3641
eta,q 0.97821 10.80836
  0.0231  0.0226  0.0224  0.0232  0.0226  0.0233  0.0227  0.0240  0.0224  0.0229  0.0224  0.0221
  0.0224  0.0222  0.0221  0.0226  0.0223  0.0228  0.0222  0.0228  0.0221  0.0225  0.0221  0.0219
  0.0220  0.0220  0.0219  0.0221  0.0220  0.0223  0.0220  0.0221  0.0219  0.0221  0.0219  0.0218
  0.0219  0.0219  0.0219  0.0219  0.0219  0.0218  0.0218  0.0218  0.0218  0.0218  0.0218  0.0218
  0.0220  0.0219  0.0220  0.0221  0.0218  0.0216  0.0219  0.0221  0.0219  0.0218  0.0219  0.0219
  0.0224  0.0221  0.0222  0.0228  0.0220  0.0222  0.0220  0.0229  0.0221  0.0221  0.0221  0.0220
  0.0231  0.0224  0.0225  0.0240  0.0224  0.0238  0.0224  0.0240  0.0224  0.0227  0.0224  0.0222
niter,ni,del,rscale     3    3    5.0000    0.6000
parameters
    0.4804   -8.0779   14.2231   -5.5361  -13.8353   -6.7356
    0.9473   -4.9483    2.6091   17.3625    8.1079  -20.6177
eta,q 0.97827 10.81055
  0.0227  0.0224  0.0222  0.0230  0.0223  0.0231  0.0223  0.0234  0.0221  0.0226  0.0222  0.0220
  0.0222  0.0220  0.0219  0.0224  0.0221  0.0226  0.0220  0.0225  0.0219  0.0222  0.0220  0.0218
  0.0219  0.0219  0.0218  0.0220  0.0219  0.0222  0.0218  0.0219  0.0218  0.0219  0.0218  0.0218
  0.0218  0.0218  0.0218  0.0218  0.0218  0.0218  0.0217  0.0217  0.0217  0.0217  0.0217  0.0217
  0.0219  0.0218  0.0219  0.0219  0.0218  0.0216  0.0218  0.0220  0.0218  0.0218  0.0218  0.0218
  0.0222  0.0220  0.0220  0.0224  0.0220  0.0220  0.0220  0.0226  0.0219  0.0220  0.0220  0.0219
  0.0227  0.0223  0.0223  0.0232  0.0224  0.0232  0.0223  0.0235  0.0221  0.0226  0.0222  0.0221
niter,ni,del,rscale     2    3    5.0000    0.5000
parameters
    0.4786   -8.0460   14.2364   -5.5235  -13.7818   -6.4806
    0.9253   -4.9608    2.5872   17.3864    8.0913  -20.7949
eta,q 0.97832 10.81858
  0.0224  0.0221  0.0221  0.0226  0.0221  0.0228  0.0220  0.0230  0.0220  0.0223  0.0220  0.0219
  0.0220  0.0219  0.0219  0.0222  0.0219  0.0224  0.0218  0.0223  0.0218  0.0220  0.0218  0.0218
  0.0218  0.0218  0.0218  0.0219  0.0218  0.0220  0.0217  0.0218  0.0217  0.0218  0.0217  0.0217
  0.0217  0.0217  0.0217  0.0217  0.0217  0.0217  0.0217  0.0217  0.0217  0.0217  0.0217  0.0217
  0.0218  0.0218  0.0218  0.0218  0.0218  0.0216  0.0217  0.0218  0.0217  0.0217  0.0217  0.0217
  0.0220  0.0219  0.0219  0.0221  0.0219  0.0219  0.0218  0.0223  0.0218  0.0219  0.0218  0.0218
  0.0224  0.0221  0.0220  0.0227  0.0221  0.0227  0.0220  0.0230  0.0220  0.0223  0.0221  0.0219
niter,ni,del,rscale     1    3    5.0000    0.4000
parameters
    0.4706   -8.0456   14.2795   -5.5547  -13.7364   -6.2281
    0.9085   -4.9646    2.5775   17.3499    8.0676  -20.8953
eta,q 0.97836 10.82429
  0.0221  0.0219  0.0219  0.0223  0.0219  0.0225  0.0219  0.0225  0.0218  0.0220  0.0219  0.0218
  0.0219  0.0218  0.0218  0.0220  0.0218  0.0222  0.0217  0.0220  0.0217  0.0218  0.0217  0.0217
  0.0217  0.0217  0.0217  0.0218  0.0217  0.0219  0.0217  0.0217  0.0217  0.0217  0.0217  0.0216
  0.0217  0.0217  0.0217  0.0217  0.0217  0.0217  0.0216  0.0216  0.0216  0.0216  0.0216  0.0216
  0.0217  0.0217  0.0217  0.0217  0.0217  0.0216  0.0217  0.0217  0.0216  0.0217  0.0217  0.0217
  0.0219  0.0218  0.0218  0.0220  0.0218  0.0218  0.0217  0.0220  0.0217  0.0218  0.0218  0.0217
  0.0221  0.0219  0.0219  0.0223  0.0219  0.0223  0.0219  0.0225  0.0218  0.0221  0.0219  0.0218
registration optimization eta report
parameter search radius
    0.8000    0.8000    0.8000    2.4000    2.4000    2.4000
    2.4000    2.4000    2.4000    2.4000    2.4000    2.4000
100000*second partial in parameter space
       64.       38.       35.       11.        5.       13.
        4.       15.        3.        7.        4.        3.
  0.0221  0.0219  0.0219  0.0223  0.0219  0.0225  0.0219  0.0225  0.0218  0.0220  0.0219  0.0218
  0.0219  0.0218  0.0218  0.0220  0.0218  0.0222  0.0217  0.0220  0.0217  0.0218  0.0217  0.0217
  0.0217  0.0217  0.0217  0.0218  0.0217  0.0219  0.0217  0.0217  0.0217  0.0217  0.0217  0.0216
  0.0217  0.0217  0.0217  0.0217  0.0217  0.0217  0.0216  0.0216  0.0216  0.0216  0.0216  0.0216
  0.0217  0.0217  0.0217  0.0217  0.0217  0.0216  0.0217  0.0217  0.0216  0.0217  0.0217  0.0217
  0.0219  0.0218  0.0218  0.0220  0.0218  0.0218  0.0217  0.0220  0.0217  0.0218  0.0218  0.0217
  0.0221  0.0219  0.0219  0.0223  0.0219  0.0223  0.0219  0.0225  0.0218  0.0221  0.0219  0.0218
    0.4706   -8.0456   14.2795   -5.5547  -13.7364   -6.2281
    0.9085   -4.9646    2.5775   17.3499    8.0676  -20.8953
eta,q 0.97836 10.82429

---------------------------------------------------------------------
imgreg_4dfp /opt/freesurfer/average/711-2C_as_mni_average_305 /opt/freesurfer/average/711-2B_as_mni_average_305_mask talsrcimg_g11 none talsrcimg_to_711-2C_as_mni_average_305_t4 2311
---------------------------------------------------------------------

freesurfer imgreg_4dfp.c
/opt/freesurfer/average/711-2C_as_mni_average_305.4dfp.img
       256       256       256         1
  1.000000  1.000000  1.000000
orientation T byte_order littleendian
Reading image: /opt/freesurfer/average/711-2C_as_mni_average_305.4dfp.img
dimensions:      256       256       256
mmppix:       1.0000   -1.0000   -1.0000
center:     128.0000 -129.0000 -129.0000
/opt/freesurfer/average/711-2B_as_mni_average_305_mask.4dfp.img
       256       256       256         1
  1.000000  1.000000  1.000000
orientation T byte_order littleendian
Reading mask: /opt/freesurfer/average/711-2B_as_mni_average_305_mask.4dfp.img (2306576 pixels)
talsrcimg_g11.4dfp.img
       256       256       256         1
  0.900000  0.900000  0.900000
orientation T byte_order littleendian
Reading image: talsrcimg_g11.4dfp.img
dimensions:      256       256       256
mmppix:       0.9000   -0.9000   -0.9000
center:     115.2000 -116.1000 -116.1000
fimgreg.f
image alignment mode   2311 decimal      907 hex
parameters
    0.4706   -8.0456   14.2795   -5.5547  -13.7364   -6.2281
    0.9085   -4.9646    2.5775   17.3499    8.0676  -20.8953
eta,q 0.97836 10.82429
niter,ni,del,rscale     5    3    5.0000    0.8000
parameters
    0.4679   -8.0362   14.3704   -6.0464  -14.1306   -6.8964
    1.2457   -4.9137    2.8348   17.5459    8.0253  -20.3788
eta,q 0.97817 10.78220
  0.0232  0.0226  0.0227  0.0233  0.0224  0.0234  0.0229  0.0245  0.0226  0.0232  0.0225  0.0224
  0.0224  0.0221  0.0221  0.0226  0.0221  0.0228  0.0223  0.0231  0.0222  0.0226  0.0222  0.0221
  0.0218  0.0217  0.0218  0.0219  0.0218  0.0222  0.0220  0.0221  0.0220  0.0221  0.0219  0.0219
  0.0216  0.0216  0.0216  0.0216  0.0217  0.0217  0.0219  0.0219  0.0219  0.0219  0.0218  0.0218
  0.0218  0.0218  0.0217  0.0220  0.0218  0.0218  0.0219  0.0222  0.0219  0.0219  0.0219  0.0219
  0.0224  0.0221  0.0220  0.0229  0.0222  0.0232  0.0222  0.0230  0.0221  0.0223  0.0222  0.0220
  0.0233  0.0226  0.0225  0.0245  0.0229  0.0257  0.0226  0.0244  0.0225  0.0232  0.0226  0.0222
niter,ni,del,rscale     4    3    5.0000    0.7000
parameters
    0.4784   -8.0637   14.2242   -5.7739  -14.1135   -6.9968
    1.0517   -4.9415    2.7570   17.5497    8.0997  -20.4397
eta,q 0.97818 10.78831
  0.0230  0.0225  0.0223  0.0234  0.0225  0.0233  0.0224  0.0239  0.0223  0.0228  0.0224  0.0222
  0.0224  0.0221  0.0220  0.0228  0.0222  0.0228  0.0221  0.0228  0.0220  0.0224  0.0221  0.0220
  0.0220  0.0219  0.0218  0.0222  0.0219  0.0223  0.0219  0.0220  0.0219  0.0220  0.0219  0.0218
  0.0218  0.0218  0.0218  0.0218  0.0218  0.0218  0.0218  0.0218  0.0218  0.0218  0.0218  0.0218
  0.0219  0.0219  0.0219  0.0219  0.0218  0.0217  0.0219  0.0221  0.0219  0.0219  0.0219  0.0219
  0.0223  0.0222  0.0222  0.0223  0.0221  0.0224  0.0222  0.0229  0.0221  0.0222  0.0221  0.0220
  0.0230  0.0225  0.0225  0.0232  0.0225  0.0240  0.0226  0.0240  0.0224  0.0230  0.0224  0.0222
niter,ni,del,rscale     3    3    5.0000    0.6000
parameters
    0.4864   -8.0221   14.1897   -5.5709  -13.9758   -6.8085
    0.9502   -4.9603    2.6421   17.5196    8.1325  -20.6611
eta,q 0.97825 10.80368
  0.0227  0.0224  0.0222  0.0231  0.0223  0.0231  0.0222  0.0235  0.0221  0.0225  0.0222  0.0220
  0.0222  0.0221  0.0220  0.0225  0.0221  0.0226  0.0220  0.0225  0.0219  0.0222  0.0220  0.0218
  0.0219  0.0219  0.0219  0.0221  0.0219  0.0222  0.0218  0.0219  0.0218  0.0219  0.0218  0.0218
  0.0218  0.0218  0.0218  0.0218  0.0218  0.0218  0.0217  0.0217  0.0217  0.0218  0.0218  0.0217
  0.0219  0.0219  0.0219  0.0219  0.0218  0.0217  0.0218  0.0220  0.0218  0.0218  0.0218  0.0218
  0.0222  0.0220  0.0220  0.0222  0.0220  0.0221  0.0220  0.0226  0.0219  0.0221  0.0220  0.0219
  0.0227  0.0223  0.0222  0.0229  0.0223  0.0232  0.0223  0.0235  0.0222  0.0227  0.0222  0.0221
niter,ni,del,rscale     2    3    5.0000    0.5000
parameters
    0.4796   -8.0153   14.2146   -5.5150  -13.8469   -6.5289
    0.9203   -4.9696    2.5831   17.4576    8.1213  -20.8288
eta,q 0.97831 10.81583
  0.0224  0.0221  0.0221  0.0227  0.0221  0.0228  0.0220  0.0230  0.0220  0.0223  0.0221  0.0219
  0.0220  0.0219  0.0219  0.0222  0.0220  0.0224  0.0218  0.0223  0.0218  0.0220  0.0218  0.0218
  0.0218  0.0218  0.0218  0.0219  0.0218  0.0221  0.0217  0.0218  0.0217  0.0218  0.0217  0.0217
  0.0217  0.0217  0.0217  0.0217  0.0217  0.0217  0.0217  0.0217  0.0217  0.0217  0.0217  0.0217
  0.0218  0.0218  0.0218  0.0218  0.0218  0.0216  0.0217  0.0218  0.0217  0.0217  0.0217  0.0217
  0.0220  0.0219  0.0219  0.0221  0.0219  0.0219  0.0218  0.0223  0.0218  0.0220  0.0219  0.0218
  0.0224  0.0221  0.0220  0.0227  0.0221  0.0227  0.0221  0.0230  0.0220  0.0224  0.0221  0.0219
niter,ni,del,rscale     1    3    5.0000    0.4000
parameters
    0.4705   -8.0307   14.2689   -5.5384  -13.7510   -6.2538
    0.9069   -4.9666    2.5541   17.3869    8.0740  -20.9063
eta,q 0.97836 10.82390
  0.0221  0.0219  0.0219  0.0223  0.0220  0.0225  0.0219  0.0225  0.0218  0.0220  0.0219  0.0218
  0.0219  0.0218  0.0218  0.0220  0.0218  0.0222  0.0217  0.0220  0.0217  0.0218  0.0217  0.0217
  0.0217  0.0217  0.0217  0.0218  0.0217  0.0219  0.0217  0.0217  0.0217  0.0217  0.0217  0.0217
  0.0217  0.0217  0.0217  0.0217  0.0217  0.0217  0.0216  0.0216  0.0216  0.0216  0.0216  0.0216
  0.0217  0.0217  0.0217  0.0218  0.0217  0.0216  0.0217  0.0217  0.0217  0.0217  0.0217  0.0217
  0.0219  0.0218  0.0218  0.0220  0.0218  0.0218  0.0217  0.0220  0.0217  0.0218  0.0218  0.0217
  0.0221  0.0219  0.0219  0.0223  0.0219  0.0223  0.0219  0.0225  0.0218  0.0221  0.0219  0.0218
registration optimization eta report
parameter search radius
    0.8000    0.8000    0.8000    2.4000    2.4000    2.4000
    2.4000    2.4000    2.4000    2.4000    2.4000    2.4000
100000*second partial in parameter space
       64.       37.       34.       11.        5.       13.
        4.       15.        3.        7.        4.        3.
  0.0221  0.0219  0.0219  0.0223  0.0220  0.0225  0.0219  0.0225  0.0218  0.0220  0.0219  0.0218
  0.0219  0.0218  0.0218  0.0220  0.0218  0.0222  0.0217  0.0220  0.0217  0.0218  0.0217  0.0217
  0.0217  0.0217  0.0217  0.0218  0.0217  0.0219  0.0217  0.0217  0.0217  0.0217  0.0217  0.0217
  0.0217  0.0217  0.0217  0.0217  0.0217  0.0217  0.0216  0.0216  0.0216  0.0216  0.0216  0.0216
  0.0217  0.0217  0.0217  0.0218  0.0217  0.0216  0.0217  0.0217  0.0217  0.0217  0.0217  0.0217
  0.0219  0.0218  0.0218  0.0220  0.0218  0.0218  0.0217  0.0220  0.0217  0.0218  0.0218  0.0217
  0.0221  0.0219  0.0219  0.0223  0.0219  0.0223  0.0219  0.0225  0.0218  0.0221  0.0219  0.0218
    0.4705   -8.0307   14.2689   -5.5384  -13.7510   -6.2538
    0.9069   -4.9666    2.5541   17.3869    8.0740  -20.9063
eta,q 0.97836 10.82390

---------------------------------------------------------------------
compute_vox2vox talsrcimg talsrcimg_to_711-2C_as_mni_average_305_t4 /opt/freesurfer/average/711-2C_as_mni_average_305
---------------------------------------------------------------------

freesurfer compute_vox2vox.c
Reading: talsrcimg.4dfp.ifh
Reading: talsrcimg_to_711-2C_as_mni_average_305_t4
Reading: /opt/freesurfer/average/711-2C_as_mni_average_305.4dfp.ifh
Writing: talsrcimg_to_711-2C_as_mni_average_305_t4_vox2vox.txt

start time Thu Mar 12 19:55:44 CET 2026
end		time Thu Mar 12 19:57:11 CET 2026

mpr2mni305 success

avi2talxfm orig_nu.mgz /opt/freesurfer/average/mni305.cor.mgz talsrcimg_to_711-2C_as_mni_average_305_t4_vox2vox.txt transforms/talairach.auto.xfm
avi2talxfm done
mv -f /out/sourcedata/freesurfer/sub-v2s1x29907_ses-1/mri/talsrcimg_to_711-2C_as_mni_average_305_t4_vox2vox.txt /out/sourcedata/freesurfer/sub-v2s1x29907_ses-1/mri/transforms/talsrcimg_to_711-2C_as_mni_average_305_t4_vox2vox.txt
lta_convert --src orig_nu.mgz --trg /opt/freesurfer/average/mni305.cor.mgz --inxfm transforms/talairach.auto.xfm --outlta transforms/talairach.auto.xfm.lta --subject fsaverage
7.3.2

--src: orig_nu.mgz src image (geometry).
--trg: /opt/freesurfer/average/mni305.cor.mgz trg image (geometry).
--inmni: transforms/talairach.auto.xfm input MNI/XFM transform.
--outlta: transforms/talairach.auto.xfm.lta output LTA.
--s: fsaverage subject name
 LTA read, type : 1
 1.05383   0.05540   0.00235   5.18425;
-0.09352   1.01590   0.24723  -41.74763;
-0.01235  -0.20644   1.10952  -28.00964;
 0.00000   0.00000   0.00000   1.00000;
setting subject to fsaverage
Writing  LTA to file transforms/talairach.auto.xfm.lta...
lta_convert successful.
 
 
Started at Thu Mar 12 19:55:43 CET 2026
Ended   at Thu Mar 12 19:57:12 CET 2026
talairach_avi done
