/out/sourcedata/freesurfer/sub-v2s1x29875_ses-1/mri
/opt/freesurfer/bin/talairach_avi
--i orig_nu.mgz --xfm transforms/talairach.auto.xfm
talairach_avi 7.3.2
Linux dna030 5.14.0-427.37.1.el9_4.x86_64 #1 SMP PREEMPT_DYNAMIC Fri Sep 13 12:41:50 EDT 2024 x86_64 x86_64 x86_64 GNU/Linux
Wed Mar 11 20:08:58 CET 2026
mri_convert orig_nu.mgz talsrcimg.img 
reading from orig_nu.mgz...
TR=0.00, TE=0.00, TI=0.00, flip angle=0.00
i_ras = (-1, 0, 0)
j_ras = (0, 0, -1)
k_ras = (0, 1, 0)
writing to talsrcimg.img...
Analyze Output Matrix
-0.90000   0.00000   0.00000   124.25787;
 0.00000   0.00000   0.90000  -86.68798;
 0.00000  -0.90000   0.00000   152.96838;
 0.00000   0.00000   0.00000   1.00000;
--------------------
INFO: set hdr.hist.orient to -1
mpr2mni305 talsrcimg
Wed Mar 11 20:08:58 CET 2026
/opt/freesurfer/bin/mpr2mni305 talsrcimg
mpr2mni305 7.3.2
target=711-2C_as_mni_average_305

---------------------------------------------------------------------
analyzeto4dfp talsrcimg -O0 -y
---------------------------------------------------------------------

freesurfer ifh2hdr.c
Wed Mar 11 20:08:59 2026
Writing: talsrcimg.4dfp.hdr
freesurfer analyzeto4dfp.c
Reading: talsrcimg.hdr
header size 348 bytes
hdr.dime.datatype	offset=70	value=2
hdr.dime.bitpix		offset=72	value=8
hdr.hist.orient		offset=252	value=-1
dimensionality     4
dimensions       256       256       256         1
Reading: talsrcimg.img
Writing: talsrcimg.4dfp.img
Writing: talsrcimg.4dfp.ifh
ifh2hdr talsrcimg -r0to234
ori=2

---------------------------------------------------------------------
gauss_4dfp talsrcimg 1.1
---------------------------------------------------------------------

freesurfer gauss_4dfp.c
Reading: talsrcimg.4dfp.img
Writing: talsrcimg_g11.4dfp.img
image dimensions 256 256 256 padded to 288 288 288
processing volume 1freesurfer ifh2hdr.c
Wed Mar 11 20:09:00 2026
Writing: talsrcimg_g11.4dfp.hdr

Writing: talsrcimg_g11.4dfp.ifh
including: talsrcimg.4dfp.img.rec in talsrcimg_g11.4dfp.img.rec

---------------------------------------------------------------------
imgreg_4dfp /opt/freesurfer/average/711-2C_as_mni_average_305 none talsrcimg_g11 none talsrcimg_to_711-2C_as_mni_average_305_t4 4355
---------------------------------------------------------------------

freesurfer imgreg_4dfp.c
/opt/freesurfer/average/711-2C_as_mni_average_305.4dfp.img
       256       256       256         1
  1.000000  1.000000  1.000000
orientation T byte_order littleendian
Reading image: /opt/freesurfer/average/711-2C_as_mni_average_305.4dfp.img
dimensions:      256       256       256
mmppix:       1.0000   -1.0000   -1.0000
center:     128.0000 -129.0000 -129.0000
talsrcimg_g11.4dfp.img
       256       256       256         1
  0.900000  0.900000  0.900000
orientation T byte_order littleendian
Reading image: talsrcimg_g11.4dfp.img
dimensions:      256       256       256
mmppix:       0.9000   -0.9000   -0.9000
center:     115.2000 -116.1000 -116.1000
t4_read: open error in t4_sub.f l:  41 t4_file(1:l)talsrcimg_to_711-2C_as_mni_average_305_t4 
t4_read: transform initialized to I4
rotation matrix determinant  1.000000
image alignment mode   4355 decimal     1103 hex
   -7.5000  -45.0000  -45.0000 5784.8750   18.4834
    0.0000  -45.0000  -45.0000 5802.8735   18.4682
    7.5000  -45.0000  -45.0000 5494.3066   18.4652
   -7.5000  -37.5000  -45.0000 6096.4951   19.6504
    0.0000  -37.5000  -45.0000 6121.7397   19.6267
    7.5000  -37.5000  -45.0000 5802.1382   19.6254
   -7.5000  -30.0000  -45.0000 6404.2617   20.2937
    0.0000  -30.0000  -45.0000 6408.1611   20.2726
    7.5000  -30.0000  -45.0000 6084.4663   20.2717
   -7.5000  -22.5000  -45.0000 6836.0171   20.3179
    0.0000  -22.5000  -45.0000 6835.4312   20.3105
    7.5000  -22.5000  -45.0000 6479.3647   20.3067
   -7.5000  -15.0000  -45.0000 7248.3506   20.3112
    0.0000  -15.0000  -45.0000 7262.9814   20.3114
    7.5000  -15.0000  -45.0000 6868.3662   20.3069
   -7.5000   -7.5000  -45.0000 7287.9136   20.2823
    0.0000   -7.5000  -45.0000 7307.3125   20.2770
    7.5000   -7.5000  -45.0000 6921.7256   20.2734
   -7.5000    0.0000  -45.0000 7309.9458   20.2627
    0.0000    0.0000  -45.0000 7334.0981   20.2460
    7.5000    0.0000  -45.0000 6971.5493   20.2426
   -7.5000    7.5000  -45.0000 7009.2319   20.2700
    0.0000    7.5000  -45.0000 7015.3994   20.2454
    7.5000    7.5000  -45.0000 6653.6675   20.2442
   -7.5000   15.0000  -45.0000 6819.1372   20.2937
    0.0000   15.0000  -45.0000 6822.8735   20.2726
    7.5000   15.0000  -45.0000 6480.1396   20.2717
   -7.5000   22.5000  -45.0000 6219.0098   20.0446
    0.0000   22.5000  -45.0000 6241.9316   20.0373
    7.5000   22.5000  -45.0000 5909.3545   20.0335
   -7.5000   30.0000  -45.0000 5664.4463   19.5036
    0.0000   30.0000  -45.0000 5698.5112   19.5037
    7.5000   30.0000  -45.0000 5381.4346   19.4994
   -7.5000   37.5000  -45.0000 5132.2661   18.8931
    0.0000   37.5000  -45.0000 5160.7163   18.8878
    7.5000   37.5000  -45.0000 4876.1499   18.8838
   -7.5000   45.0000  -45.0000 4636.0962   18.8301
    0.0000   45.0000  -45.0000 4662.1802   18.8120
    7.5000   45.0000  -45.0000 4391.2114   18.8123
   -7.5000  -45.0000  -37.5000 6316.1104   19.2101
    0.0000  -45.0000  -37.5000 6341.7935   19.1959
    7.5000  -45.0000  -37.5000 6020.2524   19.1807
   -7.5000  -37.5000  -37.5000 6653.4170   20.4404
    0.0000  -37.5000  -37.5000 6690.0088   20.4124
    7.5000  -37.5000  -37.5000 6340.8228   20.3953
   -7.5000  -30.0000  -37.5000 7011.3643   21.0752
    0.0000  -30.0000  -37.5000 7028.7925   21.0458
    7.5000  -30.0000  -37.5000 6655.6567   21.0260
   -7.5000  -22.5000  -37.5000 7464.9463   21.0918
    0.0000  -22.5000  -37.5000 7476.0425   21.0766
    7.5000  -22.5000  -37.5000 7075.9756   21.0548
   -7.5000  -15.0000  -37.5000 7897.6074   21.0774
    0.0000  -15.0000  -37.5000 7896.2437   21.0740
    7.5000  -15.0000  -37.5000 7482.7427   21.0535
   -7.5000   -7.5000  -37.5000 7936.9761   21.0476
    0.0000   -7.5000  -37.5000 7952.4185   21.0431
    7.5000   -7.5000  -37.5000 7528.5537   21.0253
   -7.5000    0.0000  -37.5000 7941.5708   21.0325
    0.0000    0.0000  -37.5000 7974.6333   21.0169
    7.5000    0.0000  -37.5000 7579.8921   21.0002
   -7.5000    7.5000  -37.5000 7580.4995   21.0477
    0.0000    7.5000  -37.5000 7593.6602   21.0189
    7.5000    7.5000  -37.5000 7230.0381   21.0013
   -7.5000   15.0000  -37.5000 7369.5894   21.0742
    0.0000   15.0000  -37.5000 7370.6230   21.0448
    7.5000   15.0000  -37.5000 7014.4897   21.0251
   -7.5000   22.5000  -37.5000 6707.7793   20.8098
    0.0000   22.5000  -37.5000 6711.3726   20.7948
    7.5000   22.5000  -37.5000 6376.3208   20.7733
   -7.5000   30.0000  -37.5000 6083.0518   20.2537
    0.0000   30.0000  -37.5000 6104.8779   20.2504
    7.5000   30.0000  -37.5000 5786.0317   20.2307
   -7.5000   37.5000  -37.5000 5493.9048   19.6213
    0.0000   37.5000  -37.5000 5512.1270   19.6168
    7.5000   37.5000  -37.5000 5231.0474   19.5995
   -7.5000   45.0000  -37.5000 4983.1543   19.5287
    0.0000   45.0000  -37.5000 4997.3633   19.5141
    7.5000   45.0000  -37.5000 4723.1318   19.5020
   -7.5000  -45.0000  -30.0000 6864.4150   19.9237
    0.0000  -45.0000  -30.0000 6909.0078   19.9119
    7.5000  -45.0000  -30.0000 6565.7324   19.8858
   -7.5000  -37.5000  -30.0000 7236.3765   21.2004
    0.0000  -37.5000  -30.0000 7286.4668   21.1758
    7.5000  -37.5000  -30.0000 6916.1362   21.1492
   -7.5000  -30.0000  -30.0000 7609.4180   21.8203
    0.0000  -30.0000  -30.0000 7658.8013   21.7940
    7.5000  -30.0000  -30.0000 7267.7007   21.7703
   -7.5000  -22.5000  -30.0000 8094.9614   21.8350
    0.0000  -22.5000  -30.0000 8133.6572   21.8196
    7.5000  -22.5000  -30.0000 7709.6919   21.7979
   -7.5000  -15.0000  -30.0000 8523.8945   21.8306
    0.0000  -15.0000  -30.0000 8558.9902   21.8250
    7.5000  -15.0000  -30.0000 8105.5298   21.8009
   -7.5000   -7.5000  -30.0000 8547.1943   21.8088
    0.0000   -7.5000  -30.0000 8587.4209   21.8046
    7.5000   -7.5000  -30.0000 8135.0005   21.7778
   -7.5000    0.0000  -30.0000 8570.0068   21.7911
    0.0000    0.0000  -30.0000 8611.4375   21.7782
    7.5000    0.0000  -30.0000 8180.4224   21.7496
   -7.5000    7.5000  -30.0000 8184.5029   21.7973
    0.0000    7.5000  -30.0000 8192.9297   21.7720
    7.5000    7.5000  -30.0000 7790.9136   21.7446
   -7.5000   15.0000  -30.0000 7941.2939   21.8173
    0.0000   15.0000  -30.0000 7944.6909   21.7910
    7.5000   15.0000  -30.0000 7543.7983   21.7674
   -7.5000   22.5000  -30.0000 7199.3491   21.5441
    0.0000   22.5000  -30.0000 7214.4854   21.5288
    7.5000   22.5000  -30.0000 6845.0581   21.5074
   -7.5000   30.0000  -30.0000 6518.1812   20.9928
    0.0000   30.0000  -30.0000 6527.8740   20.9873
    7.5000   30.0000  -30.0000 6190.6777   20.9642
   -7.5000   37.5000  -30.0000 5866.2388   20.3605
    0.0000   37.5000  -30.0000 5872.3799   20.3562
    7.5000   37.5000  -30.0000 5575.7363   20.3307
   -7.5000   45.0000  -30.0000 5292.9658   20.2526
    0.0000   45.0000  -30.0000 5305.7104   20.2409
    7.5000   45.0000  -30.0000 5023.6768   20.2183
   -7.5000  -45.0000  -22.5000 7432.9004   20.6436
    0.0000  -45.0000  -22.5000 7488.8809   20.6328
    7.5000  -45.0000  -22.5000 7120.4160   20.6030
   -7.5000  -37.5000  -22.5000 7826.0854   21.9665
    0.0000  -37.5000  -22.5000 7885.3813   21.9497
    7.5000  -37.5000  -22.5000 7496.6548   21.9246
   -7.5000  -30.0000  -22.5000 8228.8477   22.5759
    0.0000  -30.0000  -22.5000 8304.6475   22.5609
    7.5000  -30.0000  -22.5000 7880.3540   22.5455
   -7.5000  -22.5000  -22.5000 8754.8516   22.5964
    0.0000  -22.5000  -22.5000 8831.5596   22.5871
    7.5000  -22.5000  -22.5000 8355.2715   22.5744
   -7.5000  -15.0000  -22.5000 9193.4316   22.6067
    0.0000  -15.0000  -22.5000 9269.8818   22.5999
    7.5000  -15.0000  -22.5000 8786.9619   22.5790
   -7.5000   -7.5000  -22.5000 9178.7480   22.5911
    0.0000   -7.5000  -22.5000 9255.7305   22.5842
    7.5000   -7.5000  -22.5000 8785.3066   22.5547
   -7.5000    0.0000  -22.5000 9200.6973   22.5656
    0.0000    0.0000  -22.5000 9255.1611   22.5537
    7.5000    0.0000  -22.5000 8804.2061   22.5212
   -7.5000    7.5000  -22.5000 8771.4189   22.5568
    0.0000    7.5000  -22.5000 8805.7168   22.5396
    7.5000    7.5000  -22.5000 8368.0283   22.5138
   -7.5000   15.0000  -22.5000 8489.3555   22.5704
    0.0000   15.0000  -22.5000 8531.4395   22.5554
    7.5000   15.0000  -22.5000 8092.8652   22.5401
   -7.5000   22.5000  -22.5000 7671.9263   22.2974
    0.0000   22.5000  -22.5000 7704.8291   22.2882
    7.5000   22.5000  -22.5000 7325.1714   22.2757
   -7.5000   30.0000  -22.5000 6922.0981   21.7551
    0.0000   30.0000  -22.5000 6960.9336   21.7485
    7.5000   30.0000  -22.5000 6622.9756   21.7284
   -7.5000   37.5000  -22.5000 6211.0674   21.1220
    0.0000   37.5000  -22.5000 6229.3008   21.1152
    7.5000   37.5000  -22.5000 5922.2285   21.0872
   -7.5000   45.0000  -22.5000 5591.4819   21.0178
    0.0000   45.0000  -22.5000 5605.9165   21.0055
    7.5000   45.0000  -22.5000 5326.6187   20.9795
   -7.5000  -45.0000  -15.0000 7989.0815   21.3392
    0.0000  -45.0000  -15.0000 8050.1631   21.3258
    7.5000  -45.0000  -15.0000 7689.3101   21.3054
   -7.5000  -37.5000  -15.0000 8415.4697   22.7011
    0.0000  -37.5000  -15.0000 8469.5146   22.6881
    7.5000  -37.5000  -15.0000 8082.7729   22.6761
   -7.5000  -30.0000  -15.0000 8850.5117   23.3096
    0.0000  -30.0000  -15.0000 8941.4043   23.3029
    7.5000  -30.0000  -15.0000 8496.7852   23.3023
   -7.5000  -22.5000  -15.0000 9389.3164   23.3361
    0.0000  -22.5000  -15.0000 9485.3086   23.3339
    7.5000  -22.5000  -15.0000 9001.1406   23.3332
   -7.5000  -15.0000  -15.0000 9851.5137   23.3490
    0.0000  -15.0000  -15.0000 9956.9297   23.3440
    7.5000  -15.0000  -15.0000 9471.3203   23.3326
   -7.5000   -7.5000  -15.0000 9845.4951   23.3315
    0.0000   -7.5000  -15.0000 9940.1553   23.3214
    7.5000   -7.5000  -15.0000 9472.4834   23.3011
   -7.5000    0.0000  -15.0000 9846.2393   23.3033
    0.0000    0.0000  -15.0000 9914.1191   23.2886
    7.5000    0.0000  -15.0000 9453.9150   23.2664
   -7.5000    7.5000  -15.0000 9346.1357   23.2886
    0.0000    7.5000  -15.0000 9415.5107   23.2752
    7.5000    7.5000  -15.0000 8945.7969   23.2629
   -7.5000   15.0000  -15.0000 9029.3271   23.3024
    0.0000   15.0000  -15.0000 9106.8926   23.2957
    7.5000   15.0000  -15.0000 8641.9668   23.2951
   -7.5000   22.5000  -15.0000 8158.7119   23.0308
    0.0000   22.5000  -15.0000 8220.1318   23.0287
    7.5000   22.5000  -15.0000 7818.7397   23.0280
   -7.5000   30.0000  -15.0000 7345.7476   22.4862
    0.0000   30.0000  -15.0000 7405.7085   22.4814
    7.5000   30.0000  -15.0000 7048.4810   22.4704
   -7.5000   37.5000  -15.0000 6566.3237   21.8474
    0.0000   37.5000  -15.0000 6583.0952   21.8374
    7.5000   37.5000  -15.0000 6277.5649   21.8180
   -7.5000   45.0000  -15.0000 5910.0107   21.7592
    0.0000   45.0000  -15.0000 5915.8633   21.7419
    7.5000   45.0000  -15.0000 5629.5723   21.7254
   -7.5000  -45.0000   -7.5000 8330.7070   21.3356
    0.0000  -45.0000   -7.5000 8396.7539   21.3188
    7.5000  -45.0000   -7.5000 8031.6699   21.3089
   -7.5000  -37.5000   -7.5000 8752.1738   22.7037
    0.0000  -37.5000   -7.5000 8825.2129   22.6862
    7.5000  -37.5000   -7.5000 8437.9502   22.6844
   -7.5000  -30.0000   -7.5000 9193.1025   23.3189
    0.0000  -30.0000   -7.5000 9287.8818   23.3086
    7.5000  -30.0000   -7.5000 8862.7725   23.3132
   -7.5000  -22.5000   -7.5000 9741.9580   23.3476
    0.0000  -22.5000   -7.5000 9823.6396   23.3461
    7.5000  -22.5000   -7.5000 9380.6084   23.3462
   -7.5000  -15.0000   -7.500010223.2373   23.3504
    0.0000  -15.0000   -7.500010325.7959   23.3482
    7.5000  -15.0000   -7.5000 9865.3145   23.3403
   -7.5000   -7.5000   -7.500010232.3545   23.3247
    0.0000   -7.5000   -7.500010316.7090   23.3143
    7.5000   -7.5000   -7.5000 9853.6953   23.3027
   -7.5000    0.0000   -7.500010233.8213   23.2993
    0.0000    0.0000   -7.500010310.7119   23.2810
    7.5000    0.0000   -7.5000 9848.1162   23.2702
   -7.5000    7.5000   -7.5000 9681.5303   23.2912
    0.0000    7.5000   -7.5000 9748.7930   23.2733
    7.5000    7.5000   -7.5000 9274.5527   23.2714
   -7.5000   15.0000   -7.5000 9338.5000   23.3117
    0.0000   15.0000   -7.5000 9400.5254   23.3014
    7.5000   15.0000   -7.5000 8936.7119   23.3061
   -7.5000   22.5000   -7.5000 8437.2129   23.0422
    0.0000   22.5000   -7.5000 8495.9932   23.0407
    7.5000   22.5000   -7.5000 8083.5127   23.0408
   -7.5000   30.0000   -7.5000 7574.3296   22.4875
    0.0000   30.0000   -7.5000 7613.2827   22.4855
    7.5000   30.0000   -7.5000 7254.4048   22.4779
   -7.5000   37.5000   -7.5000 6744.3521   21.8414
    0.0000   37.5000   -7.5000 6780.0059   21.8312
    7.5000   37.5000   -7.5000 6457.9751   21.8198
   -7.5000   45.0000   -7.5000 6066.1885   21.7587
    0.0000   45.0000   -7.5000 6081.5835   21.7372
    7.5000   45.0000   -7.5000 5797.7573   21.7309
   -7.5000  -45.0000    0.0000 8542.5205   21.8880
    0.0000  -45.0000    0.0000 8611.3311   21.8699
    7.5000  -45.0000    0.0000 8226.7793   21.8623
   -7.5000  -37.5000    0.0000 8965.2012   23.2971
    0.0000  -37.5000    0.0000 9039.5791   23.2696
    7.5000  -37.5000    0.0000 8628.9414   23.2648
   -7.5000  -30.0000    0.0000 9398.6240   23.9239
    0.0000  -30.0000    0.0000 9477.8945   23.8992
    7.5000  -30.0000    0.0000 9051.6572   23.8928
   -7.5000  -22.5000    0.0000 9951.9619   23.9500
    0.0000  -22.5000    0.0000 9992.8291   23.9403
    7.5000  -22.5000    0.0000 9563.8164   23.9278
   -7.5000  -15.0000    0.000010436.9561   23.9361
    0.0000  -15.0000    0.000010518.9727   23.9346
    7.5000  -15.0000    0.000010038.3203   23.9205
   -7.5000   -7.5000    0.000010464.2598   23.8996
    0.0000   -7.5000    0.000010510.4023   23.8921
    7.5000   -7.5000    0.000010035.8096   23.8807
   -7.5000    0.0000    0.000010443.7520   23.8789
    0.0000    0.0000    0.000010511.9111   23.8591
    7.5000    0.0000    0.000010023.1738   23.8509
   -7.5000    7.5000    0.0000 9814.0420   23.8842
    0.0000    7.5000    0.0000 9869.5605   23.8560
    7.5000    7.5000    0.0000 9395.3193   23.8511
   -7.5000   15.0000    0.0000 9459.9854   23.9154
    0.0000   15.0000    0.0000 9493.5508   23.8908
    7.5000   15.0000    0.0000 9027.0586   23.8844
   -7.5000   22.5000    0.0000 8569.5420   23.6400
    0.0000   22.5000    0.0000 8605.8330   23.6305
    7.5000   22.5000    0.0000 8186.5723   23.6181
   -7.5000   30.0000    0.0000 7693.0278   23.0656
    0.0000   30.0000    0.0000 7710.5200   23.0641
    7.5000   30.0000    0.0000 7347.3501   23.0506
   -7.5000   37.5000    0.0000 6832.0986   22.4072
    0.0000   37.5000    0.0000 6862.1167   22.3997
    7.5000   37.5000    0.0000 6542.1260   22.3884
   -7.5000   45.0000    0.0000 6117.7793   22.3438
    0.0000   45.0000    0.0000 6131.3564   22.3224
    7.5000   45.0000    0.0000 5847.7378   22.3184
   -7.5000  -45.0000    7.5000 8453.0830   21.9122
    0.0000  -45.0000    7.5000 8518.0547   21.8965
    7.5000  -45.0000    7.5000 8144.4771   21.8802
   -7.5000  -37.5000    7.5000 8863.4297   23.3291
    0.0000  -37.5000    7.5000 8936.6982   23.2974
    7.5000  -37.5000    7.5000 8535.4307   23.2786
   -7.5000  -30.0000    7.5000 9265.1484   23.9566
    0.0000  -30.0000    7.5000 9282.9287   23.9230
    7.5000  -30.0000    7.5000 8910.4023   23.9012
   -7.5000  -22.5000    7.5000 9771.3066   23.9745
    0.0000  -22.5000    7.5000 9750.8975   23.9570
    7.5000  -22.5000    7.5000 9356.5029   23.9333
   -7.5000  -15.0000    7.500010284.8086   23.9562
    0.0000  -15.0000    7.500010300.8535   23.9524
    7.5000  -15.0000    7.5000 9841.1592   23.9305
   -7.5000   -7.5000    7.500010299.5508   23.9217
    0.0000   -7.5000    7.500010311.2715   23.9169
    7.5000   -7.5000    7.5000 9841.4863   23.8981
   -7.5000    0.0000    7.500010255.5801   23.9054
    0.0000    0.0000    7.500010267.9775   23.8882
    7.5000    0.0000    7.5000 9794.9971   23.8704
   -7.5000    7.5000    7.5000 9584.8281   23.9170
    0.0000    7.5000    7.5000 9601.8301   23.8845
    7.5000    7.5000    7.5000 9141.3555   23.8653
   -7.5000   15.0000    7.5000 9215.3418   23.9481
    0.0000   15.0000    7.5000 9226.5547   23.9145
    7.5000   15.0000    7.5000 8783.0518   23.8927
   -7.5000   22.5000    7.5000 8356.6523   23.6643
    0.0000   22.5000    7.5000 8372.0781   23.6470
    7.5000   22.5000    7.5000 7981.3359   23.6236
   -7.5000   30.0000    7.5000 7510.7134   23.0850
    0.0000   30.0000    7.5000 7527.1030   23.0813
    7.5000   30.0000    7.5000 7187.2554   23.0602
   -7.5000   37.5000    7.5000 6689.4668   22.4282
    0.0000   37.5000    7.5000 6706.0830   22.4234
    7.5000   37.5000    7.5000 6394.5293   22.4050
   -7.5000   45.0000    7.5000 5990.8320   22.3662
    0.0000   45.0000    7.5000 5986.7129   22.3499
    7.5000   45.0000    7.5000 5711.1279   22.3372
   -7.5000  -45.0000   15.0000 8606.2695   21.9200
    0.0000  -45.0000   15.0000 8689.8252   21.9069
    7.5000  -45.0000   15.0000 8257.8936   21.8783
   -7.5000  -37.5000   15.0000 9022.7637   23.3278
    0.0000  -37.5000   15.0000 9095.0391   23.3006
    7.5000  -37.5000   15.0000 8662.0205   23.2712
   -7.5000  -30.0000   15.0000 9346.9824   23.9462
    0.0000  -30.0000   15.0000 9295.1025   23.9170
    7.5000  -30.0000   15.0000 8941.9258   23.8909
   -7.5000  -22.5000   15.0000 9798.2520   23.9621
    0.0000  -22.5000   15.0000 9711.1162   23.9448
    7.5000  -22.5000   15.0000 9332.5947   23.9210
   -7.5000  -15.0000   15.000010333.5840   23.9570
    0.0000  -15.0000   15.000010296.0908   23.9505
    7.5000  -15.0000   15.0000 9845.8555   23.9243
   -7.5000   -7.5000   15.000010395.7080   23.9330
    0.0000   -7.5000   15.000010346.5293   23.9282
    7.5000   -7.5000   15.0000 9912.4336   23.8991
   -7.5000    0.0000   15.000010358.1514   23.9138
    0.0000    0.0000   15.000010303.2451   23.8996
    7.5000    0.0000   15.0000 9860.5234   23.8683
   -7.5000    7.5000   15.0000 9631.6211   23.9157
    0.0000    7.5000   15.0000 9603.6514   23.8878
    7.5000    7.5000   15.0000 9179.3125   23.8577
   -7.5000   15.0000   15.0000 9235.0234   23.9377
    0.0000   15.0000   15.0000 9219.2754   23.9085
    7.5000   15.0000   15.0000 8804.4092   23.8825
   -7.5000   22.5000   15.0000 8402.8867   23.6520
    0.0000   22.5000   15.0000 8408.4912   23.6349
    7.5000   22.5000   15.0000 8026.6670   23.6114
   -7.5000   30.0000   15.0000 7583.1621   23.0857
    0.0000   30.0000   15.0000 7581.4429   23.0795
    7.5000   30.0000   15.0000 7249.1050   23.0542
   -7.5000   37.5000   15.0000 6763.7778   22.4384
    0.0000   37.5000   15.0000 6747.5566   22.4335
    7.5000   37.5000   15.0000 6446.1743   22.4056
   -7.5000   45.0000   15.0000 6053.3057   22.3717
    0.0000   45.0000   15.0000 6019.5122   22.3587
    7.5000   45.0000   15.0000 5750.3325   22.3337
   -7.5000  -45.0000   22.5000 8247.2197   21.9103
    0.0000  -45.0000   22.5000 8305.4121   21.8986
    7.5000  -45.0000   22.5000 7887.4609   21.8669
   -7.5000  -37.5000   22.5000 8651.4307   23.3041
    0.0000  -37.5000   22.5000 8645.9893   23.2860
    7.5000  -37.5000   22.5000 8220.3486   23.2592
   -7.5000  -30.0000   22.5000 8951.3164   23.9142
    0.0000  -30.0000   22.5000 8873.1055   23.8981
    7.5000  -30.0000   22.5000 8534.1699   23.8817
   -7.5000  -22.5000   22.5000 9325.3398   23.9360
    0.0000  -22.5000   22.5000 9260.0771   23.9259
    7.5000  -22.5000   22.5000 8958.0244   23.9124
   -7.5000  -15.0000   22.5000 9799.5645   23.9469
    0.0000  -15.0000   22.5000 9772.7979   23.9395
    7.5000  -15.0000   22.5000 9458.7646   23.9172
   -7.5000   -7.5000   22.5000 9873.1221   23.9303
    0.0000   -7.5000   22.5000 9849.9150   23.9227
    7.5000   -7.5000   22.5000 9533.7900   23.8914
   -7.5000    0.0000   22.5000 9901.2480   23.9033
    0.0000    0.0000   22.5000 9849.2012   23.8905
    7.5000    0.0000   22.5000 9497.1719   23.8559
   -7.5000    7.5000   22.5000 9252.5830   23.8913
    0.0000    7.5000   22.5000 9190.0605   23.8729
    7.5000    7.5000   22.5000 8818.4365   23.8454
   -7.5000   15.0000   22.5000 8868.4365   23.9058
    0.0000   15.0000   22.5000 8820.1113   23.8897
    7.5000   15.0000   22.5000 8435.6699   23.8733
   -7.5000   22.5000   22.5000 8072.0703   23.6262
    0.0000   22.5000   22.5000 8024.6851   23.6163
    7.5000   22.5000   22.5000 7661.4692   23.6029
   -7.5000   30.0000   22.5000 7275.9502   23.0760
    0.0000   30.0000   22.5000 7248.6538   23.0688
    7.5000   30.0000   22.5000 6893.6489   23.0474
   -7.5000   37.5000   22.5000 6456.3662   22.4351
    0.0000   37.5000   22.5000 6442.6108   22.4277
    7.5000   37.5000   22.5000 6123.8447   22.3978
   -7.5000   45.0000   22.5000 5773.9219   22.3609
    0.0000   45.0000   22.5000 5745.8652   22.3476
    7.5000   45.0000   22.5000 5460.5059   22.3198
   -7.5000  -45.0000   30.0000 7770.5537   21.8000
    0.0000  -45.0000   30.0000 7808.8149   21.7858
    7.5000  -45.0000   30.0000 7452.7148   21.7648
   -7.5000  -37.5000   30.0000 8133.6680   23.1923
    0.0000  -37.5000   30.0000 8135.3354   23.1783
    7.5000  -37.5000   30.0000 7771.5317   23.1660
   -7.5000  -30.0000   30.0000 8493.0010   23.8032
    0.0000  -30.0000   30.0000 8482.7148   23.7957
    7.5000  -30.0000   30.0000 8130.6597   23.7950
   -7.5000  -22.5000   30.0000 8955.2051   23.8305
    0.0000  -22.5000   30.0000 8950.3037   23.8277
    7.5000  -22.5000   30.0000 8597.7471   23.8267
   -7.5000  -15.0000   30.0000 9407.3135   23.8443
    0.0000  -15.0000   30.0000 9410.8145   23.8386
    7.5000  -15.0000   30.0000 9042.4990   23.8266
   -7.5000   -7.5000   30.0000 9450.3799   23.8267
    0.0000   -7.5000   30.0000 9442.5801   23.8157
    7.5000   -7.5000   30.0000 9057.7041   23.7948
   -7.5000    0.0000   30.0000 9433.6084   23.7975
    0.0000    0.0000   30.0000 9413.5742   23.7819
    7.5000    0.0000   30.0000 9015.6953   23.7590
   -7.5000    7.5000   30.0000 8780.8779   23.7808
    0.0000    7.5000   30.0000 8745.2461   23.7664
    7.5000    7.5000   30.0000 8350.2178   23.7538
   -7.5000   15.0000   30.0000 8401.2520   23.7947
    0.0000   15.0000   30.0000 8348.3271   23.7872
    7.5000   15.0000   30.0000 7963.8618   23.7865
   -7.5000   22.5000   30.0000 7645.0718   23.5200
    0.0000   22.5000   30.0000 7567.0342   23.5172
    7.5000   22.5000   30.0000 7215.7075   23.5163
   -7.5000   30.0000   30.0000 6888.2637   22.9876
    0.0000   30.0000   30.0000 6818.9067   22.9821
    7.5000   30.0000   30.0000 6489.5557   22.9706
   -7.5000   37.5000   30.0000 6131.6167   22.3589
    0.0000   37.5000   30.0000 6052.4878   22.3482
    7.5000   37.5000   30.0000 5759.4897   22.3281
   -7.5000   45.0000   30.0000 5483.4463   22.2966
    0.0000   45.0000   30.0000 5410.1494   22.2783
    7.5000   45.0000   30.0000 5119.1924   22.2612
   -7.5000  -45.0000   37.5000 7339.1533   21.6342
    0.0000  -45.0000   37.5000 7385.7192   21.6162
    7.5000  -45.0000   37.5000 7047.9907   21.6051
   -7.5000  -37.5000   37.5000 7699.1025   23.0274
    0.0000  -37.5000   37.5000 7728.9937   23.0088
    7.5000  -37.5000   37.5000 7366.3335   23.0063
   -7.5000  -30.0000   37.5000 8076.3804   23.6254
    0.0000  -30.0000   37.5000 8104.6641   23.6143
    7.5000  -30.0000   37.5000 7718.0337   23.6187
   -7.5000  -22.5000   37.5000 8560.4160   23.6543
    0.0000  -22.5000   37.5000 8549.6865   23.6520
    7.5000  -22.5000   37.5000 8150.4492   23.6516
   -7.5000  -15.0000   37.5000 8986.9609   23.6579
    0.0000  -15.0000   37.5000 8963.5752   23.6547
    7.5000  -15.0000   37.5000 8545.8418   23.6459
   -7.5000   -7.5000   37.5000 9003.4355   23.6328
    0.0000   -7.5000   37.5000 8950.7490   23.6212
    7.5000   -7.5000   37.5000 8552.9199   23.6083
   -7.5000    0.0000   37.5000 8975.5488   23.6075
    0.0000    0.0000   37.5000 8916.4795   23.5878
    7.5000    0.0000   37.5000 8518.1357   23.5758
   -7.5000    7.5000   37.5000 8320.7178   23.5972
    0.0000    7.5000   37.5000 8270.6992   23.5781
    7.5000    7.5000   37.5000 7896.7231   23.5755
   -7.5000   15.0000   37.5000 7933.4839   23.6168
    0.0000   15.0000   37.5000 7870.1973   23.6057
    7.5000   15.0000   37.5000 7512.7988   23.6101
   -7.5000   22.5000   37.5000 7198.1396   23.3420
    0.0000   22.5000   37.5000 7133.8589   23.3398
    7.5000   22.5000   37.5000 6799.3262   23.3394
   -7.5000   30.0000   37.5000 6477.4976   22.8078
    0.0000   30.0000   37.5000 6415.5703   22.8047
    7.5000   30.0000   37.5000 6103.8584   22.7962
   -7.5000   37.5000   37.5000 5744.7852   22.1784
    0.0000   37.5000   37.5000 5683.9043   22.1670
    7.5000   37.5000   37.5000 5405.3887   22.1543
   -7.5000   45.0000   37.5000 5132.3188   22.1291
    0.0000   45.0000   37.5000 5067.5947   22.1061
    7.5000   45.0000   37.5000 4796.1538   22.0986
   -7.5000  -45.0000   45.0000 6870.4902   21.6565
    0.0000  -45.0000   45.0000 6946.3833   21.6313
    7.5000  -45.0000   45.0000 6610.6689   21.6186
   -7.5000  -37.5000   45.0000 7200.8257   23.0653
    0.0000  -37.5000   45.0000 7263.2646   23.0313
    7.5000  -37.5000   45.0000 6906.5908   23.0215
   -7.5000  -30.0000   45.0000 7549.5298   23.6537
    0.0000  -30.0000   45.0000 7616.1470   23.6219
    7.5000  -30.0000   45.0000 7228.3315   23.6098
   -7.5000  -22.5000   45.0000 7983.6328   23.6839
    0.0000  -22.5000   45.0000 8042.0225   23.6653
    7.5000  -22.5000   45.0000 7625.4883   23.6458
   -7.5000  -15.0000   45.0000 8377.8369   23.6731
    0.0000  -15.0000   45.0000 8414.2383   23.6615
    7.5000  -15.0000   45.0000 7987.8301   23.6400
   -7.5000   -7.5000   45.0000 8415.3760   23.6358
    0.0000   -7.5000   45.0000 8423.0098   23.6188
    7.5000   -7.5000   45.0000 7996.0776   23.6006
   -7.5000    0.0000   45.0000 8401.2520   23.6116
    0.0000    0.0000   45.0000 8401.4795   23.5841
    7.5000    0.0000   45.0000 7976.1401   23.5702
   -7.5000    7.5000   45.0000 7799.5054   23.6133
    0.0000    7.5000   45.0000 7784.7671   23.5785
    7.5000    7.5000   45.0000 7401.1460   23.5685
   -7.5000   15.0000   45.0000 7429.3765   23.6449
    0.0000   15.0000   45.0000 7409.1533   23.6131
    7.5000   15.0000   45.0000 7044.4727   23.6010
   -7.5000   22.5000   45.0000 6728.1162   23.3681
    0.0000   22.5000   45.0000 6696.8770   23.3498
    7.5000   22.5000   45.0000 6377.8975   23.3306
   -7.5000   30.0000   45.0000 6061.9604   22.8201
    0.0000   30.0000   45.0000 6022.3413   22.8089
    7.5000   30.0000   45.0000 5728.9370   22.7882
   -7.5000   37.5000   45.0000 5376.5635   22.1772
    0.0000   37.5000   45.0000 5323.4927   22.1607
    7.5000   37.5000   45.0000 5069.8521   22.1430
   -7.5000   45.0000   45.0000 4782.5586   22.1248
    0.0000   45.0000   45.0000 4729.7773   22.0957
    7.5000   45.0000   45.0000 4490.2300   22.0863

---------------------------------------------------------------------
imgreg_4dfp /opt/freesurfer/average/711-2C_as_mni_average_305 /opt/freesurfer/average/711-2B_as_mni_average_305_mask talsrcimg_g11 none talsrcimg_to_711-2C_as_mni_average_305_t4 4355
---------------------------------------------------------------------

freesurfer imgreg_4dfp.c
/opt/freesurfer/average/711-2C_as_mni_average_305.4dfp.img
       256       256       256         1
  1.000000  1.000000  1.000000
orientation T byte_order littleendian
Reading image: /opt/freesurfer/average/711-2C_as_mni_average_305.4dfp.img
dimensions:      256       256       256
mmppix:       1.0000   -1.0000   -1.0000
center:     128.0000 -129.0000 -129.0000
/opt/freesurfer/average/711-2B_as_mni_average_305_mask.4dfp.img
       256       256       256         1
  1.000000  1.000000  1.000000
orientation T byte_order littleendian
Reading mask: /opt/freesurfer/average/711-2B_as_mni_average_305_mask.4dfp.img (2306576 pixels)
talsrcimg_g11.4dfp.img
       256       256       256         1
  0.900000  0.900000  0.900000
orientation T byte_order littleendian
Reading image: talsrcimg_g11.4dfp.img
dimensions:      256       256       256
mmppix:       0.9000   -0.9000   -0.9000
center:     115.2000 -116.1000 -116.1000
rotation matrix determinant  1.000000
image alignment mode   4355 decimal     1103 hex
   -7.5000  -60.0000  -45.0000 1668.4907   25.2792
    0.0000  -60.0000  -45.0000 1660.5409   25.2006
    7.5000  -60.0000  -45.0000 1643.1274   25.5288
   -7.5000  -52.5000  -45.0000 1758.9171   22.8617
    0.0000  -52.5000  -45.0000 1755.9427   22.7238
    7.5000  -52.5000  -45.0000 1737.0969   23.0423
   -7.5000  -45.0000  -45.0000 1857.3638   21.3775
    0.0000  -45.0000  -45.0000 1857.7805   21.2546
    7.5000  -45.0000  -45.0000 1838.3479   21.5055
   -7.5000  -37.5000  -45.0000 1909.9286   20.2912
    0.0000  -37.5000  -45.0000 1909.1163   20.1098
    7.5000  -37.5000  -45.0000 1890.7806   20.3846
   -7.5000  -30.0000  -45.0000 1932.2632   19.4738
    0.0000  -30.0000  -45.0000 1930.5769   19.3135
    7.5000  -30.0000  -45.0000 1907.6357   19.5849
   -7.5000  -22.5000  -45.0000 1943.8259   18.9633
    0.0000  -22.5000  -45.0000 1944.3102   18.8646
    7.5000  -22.5000  -45.0000 1921.5828   19.1428
   -7.5000  -15.0000  -45.0000 1945.1396   18.9766
    0.0000  -15.0000  -45.0000 1946.2726   18.8357
    7.5000  -15.0000  -45.0000 1914.4547   19.1798
   -7.5000   -7.5000  -45.0000 1920.5192   19.5052
    0.0000   -7.5000  -45.0000 1919.9905   19.4001
    7.5000   -7.5000  -45.0000 1889.0477   19.7999
   -7.5000    0.0000  -45.0000 1875.6464   20.3931
    0.0000    0.0000  -45.0000 1876.9036   20.3189
    7.5000    0.0000  -45.0000 1853.2054   20.7660
   -7.5000    7.5000  -45.0000 1821.6047   21.7918
    0.0000    7.5000  -45.0000 1823.1880   21.6654
    7.5000    7.5000  -45.0000 1798.9000   22.1291
   -7.5000   15.0000  -45.0000 1748.6216   23.6892
    0.0000   15.0000  -45.0000 1754.5662   23.6069
    7.5000   15.0000  -45.0000 1728.6067   24.0827
   -7.5000   22.5000  -45.0000 1659.1920   26.2114
    0.0000   22.5000  -45.0000 1664.0796   26.1412
    7.5000   22.5000  -45.0000 1636.7920   26.6764
   -7.5000   30.0000  -45.0000 1559.5267   29.5068
    0.0000   30.0000  -45.0000 1561.3914   29.4999
    7.5000   30.0000  -45.0000 1533.8501   30.1341
   -7.5000  -60.0000  -37.5000 1810.8842   24.3774
    0.0000  -60.0000  -37.5000 1808.8391   24.3186
    7.5000  -60.0000  -37.5000 1787.9271   24.6309
   -7.5000  -52.5000  -37.5000 1910.9087   22.1217
    0.0000  -52.5000  -37.5000 1911.3125   21.9741
    7.5000  -52.5000  -37.5000 1888.5234   22.2991
   -7.5000  -45.0000  -37.5000 2027.6228   20.7483
    0.0000  -45.0000  -37.5000 2025.9226   20.5834
    7.5000  -45.0000  -37.5000 2001.0540   20.8753
   -7.5000  -37.5000  -37.5000 2079.8069   19.6740
    0.0000  -37.5000  -37.5000 2079.5930   19.4821
    7.5000  -37.5000  -37.5000 2055.4988   19.7518
   -7.5000  -30.0000  -37.5000 2111.2729   18.9276
    0.0000  -30.0000  -37.5000 2108.5579   18.6671
    7.5000  -30.0000  -37.5000 2080.5000   18.9565
   -7.5000  -22.5000  -37.5000 2116.0859   18.4943
    0.0000  -22.5000  -37.5000 2117.4763   18.2930
    7.5000  -22.5000  -37.5000 2093.1550   18.5533
   -7.5000  -15.0000  -37.5000 2116.5840   18.4698
    0.0000  -15.0000  -37.5000 2115.5671   18.2920
    7.5000  -15.0000  -37.5000 2092.0576   18.5883
   -7.5000   -7.5000  -37.5000 2090.1714   18.9264
    0.0000   -7.5000  -37.5000 2090.0579   18.7673
    7.5000   -7.5000  -37.5000 2062.4404   19.1328
   -7.5000    0.0000  -37.5000 2040.4833   19.7431
    0.0000    0.0000  -37.5000 2043.9491   19.5772
    7.5000    0.0000  -37.5000 2018.9352   19.9916
   -7.5000    7.5000  -37.5000 1982.6195   20.9736
    0.0000    7.5000  -37.5000 1985.4689   20.7969
    7.5000    7.5000  -37.5000 1959.6755   21.2807
   -7.5000   15.0000  -37.5000 1901.3705   22.8095
    0.0000   15.0000  -37.5000 1905.8701   22.6343
    7.5000   15.0000  -37.5000 1877.2833   23.1124
   -7.5000   22.5000  -37.5000 1804.6096   25.2296
    0.0000   22.5000  -37.5000 1807.7068   25.0629
    7.5000   22.5000  -37.5000 1780.8312   25.5806
   -7.5000   30.0000  -37.5000 1692.1886   28.4219
    0.0000   30.0000  -37.5000 1697.6066   28.4109
    7.5000   30.0000  -37.5000 1670.1715   28.8681
   -7.5000  -60.0000  -30.0000 1953.6833   23.4737
    0.0000  -60.0000  -30.0000 1953.2961   23.3635
    7.5000  -60.0000  -30.0000 1923.1886   23.7479
   -7.5000  -52.5000  -30.0000 2061.0354   21.3061
    0.0000  -52.5000  -30.0000 2064.0146   21.1525
    7.5000  -52.5000  -30.0000 2037.4922   21.4908
   -7.5000  -45.0000  -30.0000 2177.2107   19.9667
    0.0000  -45.0000  -30.0000 2179.8303   19.8078
    7.5000  -45.0000  -30.0000 2155.6157   20.0785
   -7.5000  -37.5000  -30.0000 2240.6655   18.9135
    0.0000  -37.5000  -30.0000 2241.3503   18.7260
    7.5000  -37.5000  -30.0000 2216.0630   18.9126
   -7.5000  -30.0000  -30.0000 2271.6272   18.1741
    0.0000  -30.0000  -30.0000 2271.6045   17.9517
    7.5000  -30.0000  -30.0000 2246.8396   18.1601
   -7.5000  -22.5000  -30.0000 2280.9841   17.8131
    0.0000  -22.5000  -30.0000 2285.7241   17.5696
    7.5000  -22.5000  -30.0000 2259.6775   17.8298
   -7.5000  -15.0000  -30.0000 2274.7751   17.7931
    0.0000  -15.0000  -30.0000 2275.2979   17.5634
    7.5000  -15.0000  -30.0000 2252.1548   17.8465
   -7.5000   -7.5000  -30.0000 2244.0339   18.2025
    0.0000   -7.5000  -30.0000 2251.1350   18.0022
    7.5000   -7.5000  -30.0000 2223.7700   18.2992
   -7.5000    0.0000  -30.0000 2199.1533   18.9736
    0.0000    0.0000  -30.0000 2206.9741   18.7649
    7.5000    0.0000  -30.0000 2178.8669   19.1024
   -7.5000    7.5000  -30.0000 2139.1201   20.2266
    0.0000    7.5000  -30.0000 2140.9937   19.9930
    7.5000    7.5000  -30.0000 2112.0784   20.3802
   -7.5000   15.0000  -30.0000 2049.7844   21.9571
    0.0000   15.0000  -30.0000 2054.3271   21.7196
    7.5000   15.0000  -30.0000 2021.1815   22.1596
   -7.5000   22.5000  -30.0000 1940.7146   24.2427
    0.0000   22.5000  -30.0000 1948.4436   24.0237
    7.5000   22.5000  -30.0000 1914.1766   24.5079
   -7.5000   30.0000  -30.0000 1820.0906   27.3441
    0.0000   30.0000  -30.0000 1828.2708   27.1617
    7.5000   30.0000  -30.0000 1796.1132   27.6241
   -7.5000  -60.0000  -22.5000 2069.9697   22.3591
    0.0000  -60.0000  -22.5000 2073.6768   22.2403
    7.5000  -60.0000  -22.5000 2044.7693   22.6386
   -7.5000  -52.5000  -22.5000 2184.9629   20.2716
    0.0000  -52.5000  -22.5000 2192.1294   20.0899
    7.5000  -52.5000  -22.5000 2162.0847   20.3992
   -7.5000  -45.0000  -22.5000 2310.8193   18.9661
    0.0000  -45.0000  -22.5000 2315.0825   18.7816
    7.5000  -45.0000  -22.5000 2284.3518   18.9995
   -7.5000  -37.5000  -22.5000 2377.1362   17.9221
    0.0000  -37.5000  -22.5000 2383.2690   17.7784
    7.5000  -37.5000  -22.5000 2351.6309   17.9400
   -7.5000  -30.0000  -22.5000 2416.3096   17.2301
    0.0000  -30.0000  -22.5000 2418.7979   17.0711
    7.5000  -30.0000  -22.5000 2393.5557   17.2477
   -7.5000  -22.5000  -22.5000 2439.9597   16.9456
    0.0000  -22.5000  -22.5000 2443.1453   16.7570
    7.5000  -22.5000  -22.5000 2412.2656   16.9373
   -7.5000  -15.0000  -22.5000 2431.0459   16.9837
    0.0000  -15.0000  -22.5000 2439.4783   16.7643
    7.5000  -15.0000  -22.5000 2409.4917   16.9614
   -7.5000   -7.5000  -22.5000 2396.8127   17.3800
    0.0000   -7.5000  -22.5000 2410.0166   17.1585
    7.5000   -7.5000  -22.5000 2378.3081   17.3834
   -7.5000    0.0000  -22.5000 2346.8506   18.1362
    0.0000    0.0000  -22.5000 2358.7422   17.9123
    7.5000    0.0000  -22.5000 2328.6174   18.1779
   -7.5000    7.5000  -22.5000 2275.8662   19.3250
    0.0000    7.5000  -22.5000 2285.7566   19.0628
    7.5000    7.5000  -22.5000 2251.6443   19.3856
   -7.5000   15.0000  -22.5000 2175.3098   20.9580
    0.0000   15.0000  -22.5000 2185.9443   20.6936
    7.5000   15.0000  -22.5000 2153.5078   21.0743
   -7.5000   22.5000  -22.5000 2054.5056   23.1669
    0.0000   22.5000  -22.5000 2059.2759   22.8828
    7.5000   22.5000  -22.5000 2032.4095   23.3262
   -7.5000   30.0000  -22.5000 1926.6433   26.1842
    0.0000   30.0000  -22.5000 1937.1259   25.8790
    7.5000   30.0000  -22.5000 1908.5020   26.3512
   -7.5000  -60.0000  -15.0000 2152.5469   21.1471
    0.0000  -60.0000  -15.0000 2158.1206   20.9848
    7.5000  -60.0000  -15.0000 2134.8274   21.4256
   -7.5000  -52.5000  -15.0000 2276.9272   19.1119
    0.0000  -52.5000  -15.0000 2284.7864   18.9608
    7.5000  -52.5000  -15.0000 2257.6743   19.2764
   -7.5000  -45.0000  -15.0000 2414.3364   17.7922
    0.0000  -45.0000  -15.0000 2419.7827   17.6462
    7.5000  -45.0000  -15.0000 2389.3413   17.9042
   -7.5000  -37.5000  -15.0000 2492.6248   16.8341
    0.0000  -37.5000  -15.0000 2496.2385   16.6954
    7.5000  -37.5000  -15.0000 2466.1204   16.9006
   -7.5000  -30.0000  -15.0000 2539.8188   16.1983
    0.0000  -30.0000  -15.0000 2544.7822   16.0954
    7.5000  -30.0000  -15.0000 2511.6255   16.2481
   -7.5000  -22.5000  -15.0000 2569.0432   15.9564
    0.0000  -22.5000  -15.0000 2575.9919   15.8027
    7.5000  -22.5000  -15.0000 2541.0791   15.9756
   -7.5000  -15.0000  -15.0000 2568.1267   16.0120
    0.0000  -15.0000  -15.0000 2578.3655   15.8354
    7.5000  -15.0000  -15.0000 2545.9692   16.0189
   -7.5000   -7.5000  -15.0000 2530.1196   16.4452
    0.0000   -7.5000  -15.0000 2549.6270   16.2154
    7.5000   -7.5000  -15.0000 2514.8306   16.4002
   -7.5000    0.0000  -15.0000 2473.3032   17.2163
    0.0000    0.0000  -15.0000 2490.4163   16.9718
    7.5000    0.0000  -15.0000 2457.9717   17.1711
   -7.5000    7.5000  -15.0000 2389.2249   18.3301
    0.0000    7.5000  -15.0000 2405.9021   18.0938
    7.5000    7.5000  -15.0000 2370.7913   18.3476
   -7.5000   15.0000  -15.0000 2279.8540   19.8969
    0.0000   15.0000  -15.0000 2292.5325   19.6397
    7.5000   15.0000  -15.0000 2261.0374   19.9576
   -7.5000   22.5000  -15.0000 2148.1553   22.0381
    0.0000   22.5000  -15.0000 2157.0393   21.7477
    7.5000   22.5000  -15.0000 2129.4348   22.1259
   -7.5000   30.0000  -15.0000 2005.8442   24.8660
    0.0000   30.0000  -15.0000 2020.5156   24.5616
    7.5000   30.0000  -15.0000 1993.4137   24.9652
   -7.5000  -60.0000   -7.5000 2211.0791   19.9713
    0.0000  -60.0000   -7.5000 2213.5432   19.8251
    7.5000  -60.0000   -7.5000 2190.2483   20.1974
   -7.5000  -52.5000   -7.5000 2340.0166   18.0206
    0.0000  -52.5000   -7.5000 2343.6560   17.8078
    7.5000  -52.5000   -7.5000 2318.0913   18.1507
   -7.5000  -45.0000   -7.5000 2482.2554   16.7215
    0.0000  -45.0000   -7.5000 2488.1768   16.5395
    7.5000  -45.0000   -7.5000 2456.7988   16.8231
   -7.5000  -37.5000   -7.5000 2570.0549   15.7512
    0.0000  -37.5000   -7.5000 2579.0371   15.5838
    7.5000  -37.5000   -7.5000 2545.4854   15.8154
   -7.5000  -30.0000   -7.5000 2623.9863   15.1498
    0.0000  -30.0000   -7.5000 2636.8589   15.0026
    7.5000  -30.0000   -7.5000 2601.0967   15.2048
   -7.5000  -22.5000   -7.5000 2660.6648   14.9173
    0.0000  -22.5000   -7.5000 2675.2014   14.7415
    7.5000  -22.5000   -7.5000 2639.2705   14.9434
   -7.5000  -15.0000   -7.5000 2666.3262   14.9907
    0.0000  -15.0000   -7.5000 2686.6047   14.7829
    7.5000  -15.0000   -7.5000 2648.7505   14.9811
   -7.5000   -7.5000   -7.5000 2633.6770   15.4053
    0.0000   -7.5000   -7.5000 2654.5203   15.1910
    7.5000   -7.5000   -7.5000 2617.6760   15.3485
   -7.5000    0.0000   -7.5000 2569.5190   16.1655
    0.0000    0.0000   -7.5000 2588.9365   15.9250
    7.5000    0.0000   -7.5000 2555.4756   16.0654
   -7.5000    7.5000   -7.5000 2471.8469   17.2622
    0.0000    7.5000   -7.5000 2491.5522   17.0176
    7.5000    7.5000   -7.5000 2454.7979   17.2028
   -7.5000   15.0000   -7.5000 2351.1753   18.7427
    0.0000   15.0000   -7.5000 2367.3901   18.5112
    7.5000   15.0000   -7.5000 2333.6450   18.7735
   -7.5000   22.5000   -7.5000 2209.8796   20.8088
    0.0000   22.5000   -7.5000 2224.5864   20.5822
    7.5000   22.5000   -7.5000 2194.9470   20.8876
   -7.5000   30.0000   -7.5000 2058.1255   23.4427
    0.0000   30.0000   -7.5000 2072.4036   23.2123
    7.5000   30.0000   -7.5000 2048.0107   23.5720
   -7.5000  -60.0000    0.0000 2265.0786   19.3154
    0.0000  -60.0000    0.0000 2268.5706   19.0580
    7.5000  -60.0000    0.0000 2243.5498   19.4249
   -7.5000  -52.5000    0.0000 2393.3752   17.3436
    0.0000  -52.5000    0.0000 2397.4836   17.0745
    7.5000  -52.5000    0.0000 2369.9077   17.3970
   -7.5000  -45.0000    0.0000 2538.8938   16.0253
    0.0000  -45.0000    0.0000 2544.3662   15.7877
    7.5000  -45.0000    0.0000 2514.6548   16.0775
   -7.5000  -37.5000    0.0000 2647.0352   15.0448
    0.0000  -37.5000    0.0000 2654.9795   14.7969
    7.5000  -37.5000    0.0000 2620.4546   15.0405
   -7.5000  -30.0000    0.0000 2713.6992   14.4050
    0.0000  -30.0000    0.0000 2731.2532   14.1912
    7.5000  -30.0000    0.0000 2689.9329   14.3778
   -7.5000  -22.5000    0.0000 2761.1250   14.1762
    0.0000  -22.5000    0.0000 2778.9819   13.9364
    7.5000  -22.5000    0.0000 2739.8525   14.1378
   -7.5000  -15.0000    0.0000 2769.8110   14.2504
    0.0000  -15.0000    0.0000 2795.9321   14.0177
    7.5000  -15.0000    0.0000 2751.9224   14.1795
   -7.5000   -7.5000    0.0000 2736.5222   14.6290
    0.0000   -7.5000    0.0000 2758.0771   14.4131
    7.5000   -7.5000    0.0000 2718.9202   14.5593
   -7.5000    0.0000    0.0000 2660.6201   15.3757
    0.0000    0.0000    0.0000 2681.9084   15.1335
    7.5000    0.0000    0.0000 2642.9856   15.2813
   -7.5000    7.5000    0.0000 2550.0486   16.4364
    0.0000    7.5000    0.0000 2569.3301   16.2005
    7.5000    7.5000    0.0000 2534.0791   16.3776
   -7.5000   15.0000    0.0000 2420.2966   17.9040
    0.0000   15.0000    0.0000 2435.7019   17.6949
    7.5000   15.0000    0.0000 2400.9368   17.9291
   -7.5000   22.5000    0.0000 2271.9473   19.9177
    0.0000   22.5000    0.0000 2287.2920   19.7049
    7.5000   22.5000    0.0000 2256.6770   19.9769
   -7.5000   30.0000    0.0000 2112.0605   22.4604
    0.0000   30.0000    0.0000 2120.9834   22.2264
    7.5000   30.0000    0.0000 2096.8315   22.6197
   -7.5000  -60.0000    7.5000 2293.0979   18.7379
    0.0000  -60.0000    7.5000 2303.6340   18.4560
    7.5000  -60.0000    7.5000 2282.6228   18.7271
   -7.5000  -52.5000    7.5000 2425.1687   16.7959
    0.0000  -52.5000    7.5000 2435.4399   16.4954
    7.5000  -52.5000    7.5000 2408.0410   16.7540
   -7.5000  -45.0000    7.5000 2574.1619   15.4876
    0.0000  -45.0000    7.5000 2585.0391   15.1850
    7.5000  -45.0000    7.5000 2557.5437   15.4649
   -7.5000  -37.5000    7.5000 2694.6936   14.4615
    0.0000  -37.5000    7.5000 2706.8743   14.1643
    7.5000  -37.5000    7.5000 2673.1973   14.4144
   -7.5000  -30.0000    7.5000 2784.2791   13.7585
    0.0000  -30.0000    7.5000 2801.8660   13.4591
    7.5000  -30.0000    7.5000 2758.9656   13.7013
   -7.5000  -22.5000    7.5000 2840.7695   13.4731
    0.0000  -22.5000    7.5000 2863.7087   13.1908
    7.5000  -22.5000    7.5000 2820.8418   13.3984
   -7.5000  -15.0000    7.5000 2857.6780   13.5789
    0.0000  -15.0000    7.5000 2888.4854   13.3184
    7.5000  -15.0000    7.5000 2843.6333   13.4587
   -7.5000   -7.5000    7.5000 2817.5654   13.9766
    0.0000   -7.5000    7.5000 2841.7393   13.7444
    7.5000   -7.5000    7.5000 2801.5918   13.8622
   -7.5000    0.0000    7.5000 2725.3386   14.6881
    0.0000    0.0000    7.5000 2748.1885   14.4561
    7.5000    0.0000    7.5000 2711.5854   14.5922
   -7.5000    7.5000    7.5000 2606.0400   15.7152
    0.0000    7.5000    7.5000 2627.2571   15.5080
    7.5000    7.5000    7.5000 2589.7112   15.6808
   -7.5000   15.0000    7.5000 2464.0723   17.1696
    0.0000   15.0000    7.5000 2482.3711   16.9762
    7.5000   15.0000    7.5000 2447.8223   17.2179
   -7.5000   22.5000    7.5000 2307.8401   19.1322
    0.0000   22.5000    7.5000 2323.7891   18.9292
    7.5000   22.5000    7.5000 2293.7473   19.2243
   -7.5000   30.0000    7.5000 2139.6672   21.5797
    0.0000   30.0000    7.5000 2151.5869   21.3744
    7.5000   30.0000    7.5000 2128.2559   21.7821
   -7.5000  -60.0000   15.0000 2310.0781   18.3992
    0.0000  -60.0000   15.0000 2326.2395   18.1246
    7.5000  -60.0000   15.0000 2302.8684   18.3812
   -7.5000  -52.5000   15.0000 2440.3508   16.4708
    0.0000  -52.5000   15.0000 2455.4509   16.1820
    7.5000  -52.5000   15.0000 2431.5691   16.4165
   -7.5000  -45.0000   15.0000 2594.4868   15.1733
    0.0000  -45.0000   15.0000 2613.5549   14.8813
    7.5000  -45.0000   15.0000 2582.2769   15.0865
   -7.5000  -37.5000   15.0000 2721.9546   14.1301
    0.0000  -37.5000   15.0000 2742.2622   13.8256
    7.5000  -37.5000   15.0000 2709.0122   14.0239
   -7.5000  -30.0000   15.0000 2823.9258   13.3115
    0.0000  -30.0000   15.0000 2851.2666   12.9864
    7.5000  -30.0000   15.0000 2808.4761   13.2682
   -7.5000  -22.5000   15.0000 2893.2419   12.9468
    0.0000  -22.5000   15.0000 2918.9280   12.5763
    7.5000  -22.5000   15.0000 2873.2844   12.8477
   -7.5000  -15.0000   15.0000 2910.6609   13.0901
    0.0000  -15.0000   15.0000 2945.4729   12.8053
    7.5000  -15.0000   15.0000 2901.4165   12.9445
   -7.5000   -7.5000   15.0000 2865.4070   13.5569
    0.0000   -7.5000   15.0000 2894.1345   13.3371
    7.5000   -7.5000   15.0000 2855.0569   13.4658
   -7.5000    0.0000   15.0000 2767.5134   14.2675
    0.0000    0.0000   15.0000 2787.4229   14.0573
    7.5000    0.0000   15.0000 2751.9507   14.2189
   -7.5000    7.5000   15.0000 2637.9209   15.2726
    0.0000    7.5000   15.0000 2657.4810   15.0886
    7.5000    7.5000   15.0000 2623.2351   15.3230
   -7.5000   15.0000   15.0000 2484.9490   16.6872
    0.0000   15.0000   15.0000 2503.3870   16.5436
    7.5000   15.0000   15.0000 2473.7776   16.8139
   -7.5000   22.5000   15.0000 2322.2388   18.6102
    0.0000   22.5000   15.0000 2337.9314   18.4325
    7.5000   22.5000   15.0000 2312.0581   18.7577
   -7.5000   30.0000   15.0000 2157.2786   21.0275
    0.0000   30.0000   15.0000 2165.5188   20.8455
    7.5000   30.0000   15.0000 2144.5686   21.2982
   -7.5000  -60.0000   22.5000 2310.3396   18.2736
    0.0000  -60.0000   22.5000 2337.2517   17.9881
    7.5000  -60.0000   22.5000 2314.2168   18.2389
   -7.5000  -52.5000   22.5000 2440.9338   16.3820
    0.0000  -52.5000   22.5000 2465.2461   16.0740
    7.5000  -52.5000   22.5000 2440.8188   16.3005
   -7.5000  -45.0000   22.5000 2593.8057   15.0985
    0.0000  -45.0000   22.5000 2619.5618   14.7870
    7.5000  -45.0000   22.5000 2591.7324   14.9977
   -7.5000  -37.5000   22.5000 2722.5784   14.0175
    0.0000  -37.5000   22.5000 2748.6565   13.6983
    7.5000  -37.5000   22.5000 2717.5579   13.9073
   -7.5000  -30.0000   22.5000 2825.8301   13.2056
    0.0000  -30.0000   22.5000 2852.9316   12.8554
    7.5000  -30.0000   22.5000 2814.8103   13.1222
   -7.5000  -22.5000   22.5000 2895.1272   12.7712
    0.0000  -22.5000   22.5000 2919.1846   12.4499
    7.5000  -22.5000   22.5000 2881.5754   12.7732
   -7.5000  -15.0000   22.5000 2916.1179   12.8123
    0.0000  -15.0000   22.5000 2945.2144   12.5855
    7.5000  -15.0000   22.5000 2912.4526   12.8699
   -7.5000   -7.5000   22.5000 2868.0649   13.3390
    0.0000   -7.5000   22.5000 2897.7952   13.1457
    7.5000   -7.5000   22.5000 2868.0664   13.3648
   -7.5000    0.0000   22.5000 2774.1931   14.1381
    0.0000    0.0000   22.5000 2795.1802   13.9449
    7.5000    0.0000   22.5000 2760.1677   14.1336
   -7.5000    7.5000   22.5000 2639.0017   15.1719
    0.0000    7.5000   22.5000 2661.3018   14.9900
    7.5000    7.5000   22.5000 2628.6125   15.2430
   -7.5000   15.0000   22.5000 2484.6914   16.5732
    0.0000   15.0000   22.5000 2507.6729   16.4138
    7.5000   15.0000   22.5000 2482.1384   16.7169
   -7.5000   22.5000   22.5000 2319.2466   18.4130
    0.0000   22.5000   22.5000 2335.5549   18.2343
    7.5000   22.5000   22.5000 2314.8562   18.6082
   -7.5000   30.0000   22.5000 2147.7910   20.8192
    0.0000   30.0000   22.5000 2165.6113   20.5989
    7.5000   30.0000   22.5000 2142.6763   21.0143
   -7.5000  -60.0000   30.0000 2300.6702   18.4670
    0.0000  -60.0000   30.0000 2329.3457   18.1034
    7.5000  -60.0000   30.0000 2309.1367   18.3467
   -7.5000  -52.5000   30.0000 2427.9927   16.5072
    0.0000  -52.5000   30.0000 2457.1472   16.1706
    7.5000  -52.5000   30.0000 2439.2302   16.4099
   -7.5000  -45.0000   30.0000 2574.4709   15.1911
    0.0000  -45.0000   30.0000 2608.7161   14.8844
    7.5000  -45.0000   30.0000 2593.0291   15.1421
   -7.5000  -37.5000   30.0000 2698.1721   14.1619
    0.0000  -37.5000   30.0000 2736.5342   13.8386
    7.5000  -37.5000   30.0000 2715.1694   14.0912
   -7.5000  -30.0000   30.0000 2798.2664   13.4269
    0.0000  -30.0000   30.0000 2837.1594   13.1074
    7.5000  -30.0000   30.0000 2807.8162   13.3901
   -7.5000  -22.5000   30.0000 2862.0764   13.1077
    0.0000  -22.5000   30.0000 2899.5564   12.8429
    7.5000  -22.5000   30.0000 2868.2942   13.1203
   -7.5000  -15.0000   30.0000 2872.2161   13.1740
    0.0000  -15.0000   30.0000 2908.9246   12.9231
    7.5000  -15.0000   30.0000 2882.8262   13.1700
   -7.5000   -7.5000   30.0000 2823.3569   13.5899
    0.0000   -7.5000   30.0000 2857.2803   13.3621
    7.5000   -7.5000   30.0000 2835.7776   13.5698
   -7.5000    0.0000   30.0000 2728.6260   14.3182
    0.0000    0.0000   30.0000 2763.0266   14.0948
    7.5000    0.0000   30.0000 2735.3672   14.2719
   -7.5000    7.5000   30.0000 2603.9675   15.2900
    0.0000    7.5000   30.0000 2633.4009   15.1044
    7.5000    7.5000   30.0000 2607.1609   15.3468
   -7.5000   15.0000   30.0000 2460.4070   16.6593
    0.0000   15.0000   30.0000 2486.6082   16.4755
    7.5000   15.0000   30.0000 2464.1560   16.7833
   -7.5000   22.5000   30.0000 2304.0261   18.5367
    0.0000   22.5000   30.0000 2318.2156   18.2880
    7.5000   22.5000   30.0000 2304.3008   18.6736
   -7.5000   30.0000   30.0000 2133.9993   20.9854
    0.0000   30.0000   30.0000 2152.5959   20.6665
    7.5000   30.0000   30.0000 2134.8647   21.0780
   -7.5000  -60.0000   37.5000 2273.0491   18.8657
    0.0000  -60.0000   37.5000 2308.7178   18.4720
    7.5000  -60.0000   37.5000 2294.9868   18.7011
   -7.5000  -52.5000   37.5000 2403.3884   16.9174
    0.0000  -52.5000   37.5000 2440.1016   16.5669
    7.5000  -52.5000   37.5000 2430.9497   16.8057
   -7.5000  -45.0000   37.5000 2545.4434   15.6941
    0.0000  -45.0000   37.5000 2590.9739   15.3566
    7.5000  -45.0000   37.5000 2578.9319   15.5686
   -7.5000  -37.5000   37.5000 2662.6819   14.7446
    0.0000  -37.5000   37.5000 2708.7463   14.3847
    7.5000  -37.5000   37.5000 2693.4453   14.5955
   -7.5000  -30.0000   37.5000 2747.4578   14.0364
    0.0000  -30.0000   37.5000 2794.1409   13.7818
    7.5000  -30.0000   37.5000 2773.8020   13.9908
   -7.5000  -22.5000   37.5000 2802.9451   13.7520
    0.0000  -22.5000   37.5000 2840.8940   13.4985
    7.5000  -22.5000   37.5000 2819.5962   13.7180
   -7.5000  -15.0000   37.5000 2803.2148   13.7767
    0.0000  -15.0000   37.5000 2842.3071   13.5234
    7.5000  -15.0000   37.5000 2821.3152   13.7174
   -7.5000   -7.5000   37.5000 2752.3662   14.1464
    0.0000   -7.5000   37.5000 2785.2292   13.8636
    7.5000   -7.5000   37.5000 2773.8511   14.0278
   -7.5000    0.0000   37.5000 2667.2915   14.8360
    0.0000    0.0000   37.5000 2696.9075   14.5357
    7.5000    0.0000   37.5000 2682.0376   14.7072
   -7.5000    7.5000   37.5000 2550.4424   15.8065
    0.0000    7.5000   37.5000 2579.6377   15.5382
    7.5000    7.5000   37.5000 2564.1240   15.7301
   -7.5000   15.0000   37.5000 2417.0222   17.1165
    0.0000   15.0000   37.5000 2439.8521   16.8699
    7.5000   15.0000   37.5000 2427.3765   17.1084
   -7.5000   22.5000   37.5000 2268.9751   18.9256
    0.0000   22.5000   37.5000 2283.4968   18.6515
    7.5000   22.5000   37.5000 2270.1455   18.9251
   -7.5000   30.0000   37.5000 2106.4988   21.2721
    0.0000   30.0000   37.5000 2123.8140   20.9391
    7.5000   30.0000   37.5000 2111.8555   21.2482
   -7.5000  -60.0000   45.0000 2220.2334   19.6395
    0.0000  -60.0000   45.0000 2251.7705   19.2192
    7.5000  -60.0000   45.0000 2246.8523   19.3927
   -7.5000  -52.5000   45.0000 2344.5398   17.6347
    0.0000  -52.5000   45.0000 2383.0081   17.2975
    7.5000  -52.5000   45.0000 2377.8721   17.4405
   -7.5000  -45.0000   45.0000 2479.9285   16.4062
    0.0000  -45.0000   45.0000 2527.9341   16.0977
    7.5000  -45.0000   45.0000 2520.8215   16.2336
   -7.5000  -37.5000   45.0000 2585.5100   15.4146
    0.0000  -37.5000   45.0000 2634.7876   15.1604
    7.5000  -37.5000   45.0000 2624.4448   15.3141
   -7.5000  -30.0000   45.0000 2661.3345   14.7406
    0.0000  -30.0000   45.0000 2702.7095   14.5662
    7.5000  -30.0000   45.0000 2686.3613   14.7070
   -7.5000  -22.5000   45.0000 2699.1714   14.4854
    0.0000  -22.5000   45.0000 2736.1990   14.2899
    7.5000  -22.5000   45.0000 2715.7244   14.4327
   -7.5000  -15.0000   45.0000 2695.1138   14.5038
    0.0000  -15.0000   45.0000 2728.1577   14.2861
    7.5000  -15.0000   45.0000 2713.2439   14.3876
   -7.5000   -7.5000   45.0000 2649.3948   14.8053
    0.0000   -7.5000   45.0000 2679.1592   14.5739
    7.5000   -7.5000   45.0000 2667.9617   14.6655
   -7.5000    0.0000   45.0000 2567.3877   15.4430
    0.0000    0.0000   45.0000 2596.0559   15.1844
    7.5000    0.0000   45.0000 2580.1885   15.3120
   -7.5000    7.5000   45.0000 2462.7725   16.4251
    0.0000    7.5000   45.0000 2489.3772   16.1289
    7.5000    7.5000   45.0000 2472.1707   16.3170
   -7.5000   15.0000   45.0000 2335.9653   17.7383
    0.0000   15.0000   45.0000 2360.9963   17.4187
    7.5000   15.0000   45.0000 2346.0737   17.6716
   -7.5000   22.5000   45.0000 2196.5732   19.4764
    0.0000   22.5000   45.0000 2216.2793   19.1347
    7.5000   22.5000   45.0000 2207.0833   19.4149
   -7.5000   30.0000   45.0000 2049.3489   21.7454
    0.0000   30.0000   45.0000 2066.3438   21.3857
    7.5000   30.0000   45.0000 2057.2878   21.7245

---------------------------------------------------------------------
imgreg_4dfp /opt/freesurfer/average/711-2C_as_mni_average_305 /opt/freesurfer/average/711-2B_as_mni_average_305_mask talsrcimg_g11 none talsrcimg_to_711-2C_as_mni_average_305_t4 1283
---------------------------------------------------------------------

freesurfer imgreg_4dfp.c
/opt/freesurfer/average/711-2C_as_mni_average_305.4dfp.img
       256       256       256         1
  1.000000  1.000000  1.000000
orientation T byte_order littleendian
Reading image: /opt/freesurfer/average/711-2C_as_mni_average_305.4dfp.img
dimensions:      256       256       256
mmppix:       1.0000   -1.0000   -1.0000
center:     128.0000 -129.0000 -129.0000
/opt/freesurfer/average/711-2B_as_mni_average_305_mask.4dfp.img
       256       256       256         1
  1.000000  1.000000  1.000000
orientation T byte_order littleendian
Reading mask: /opt/freesurfer/average/711-2B_as_mni_average_305_mask.4dfp.img (2306576 pixels)
talsrcimg_g11.4dfp.img
       256       256       256         1
  0.900000  0.900000  0.900000
orientation T byte_order littleendian
Reading image: talsrcimg_g11.4dfp.img
dimensions:      256       256       256
mmppix:       0.9000   -0.9000   -0.9000
center:     115.2000 -116.1000 -116.1000
rotation matrix determinant  1.000000
fimgreg.f
image alignment mode   1283 decimal      503 hex
parameters
    0.0000  -15.0000   15.0000    0.0000    0.0000    0.0000
eta,q 0.92659 12.71959
niter,ni,del,rscale     5    3   12.0000    1.2000
parameter  5  2.136778 ->  0.500000 qaram    1.1500
parameter  6 -1.677989 -> -0.500000 qaram    1.1500
parameters
   -0.5043  -16.2017   17.5274    2.2853   -3.4500    3.4500
eta,q 0.93292 12.41349
  0.0795  0.0800  0.0878  0.0776  0.0675  0.0732
  0.0763  0.0770  0.0821  0.0762  0.0690  0.0719
  0.0746  0.0750  0.0774  0.0752  0.0714  0.0707
  0.0745  0.0744  0.0745  0.0748  0.0743  0.0696
  0.0752  0.0766  0.0746  0.0744  0.0779  0.0680
  0.0774  0.0819  0.0751  0.0740  0.0820  0.0669
  0.0819  0.0878  0.0757  0.0752  0.0856  0.0674
niter,ni,del,rscale     6    3   12.0000    1.2000
parameter  5  0.717796 ->  0.500000 qaram    1.3225
parameters
    0.4813  -16.1648   18.3888    1.6533   -7.4175    2.8070
eta,q 0.93564 12.40646
  0.0810  0.0774  0.0749  0.0727  0.0660  0.0701
  0.0745  0.0748  0.0699  0.0709  0.0643  0.0679
  0.0690  0.0702  0.0669  0.0688  0.0650  0.0655
  0.0671  0.0672  0.0672  0.0678  0.0678  0.0643
  0.0675  0.0683  0.0684  0.0696  0.0710  0.0659
  0.0688  0.0722  0.0690  0.0724  0.0746  0.0693
  0.0744  0.0794  0.0701  0.0752  0.0789  0.0729
niter,ni,del,rscale     6    3   12.0000    1.2000
parameters
    1.4535  -15.7920   18.3985    1.5219   -8.1144    2.6575
eta,q 0.93599 12.44174
  0.0800  0.0762  0.0692  0.0710  0.0720  0.0709
  0.0738  0.0730  0.0655  0.0683  0.0678  0.0681
  0.0681  0.0683  0.0640  0.0657  0.0645  0.0656
  0.0644  0.0643  0.0642  0.0642  0.0642  0.0640
  0.0654  0.0654  0.0661  0.0656  0.0668  0.0650
  0.0687  0.0693  0.0668  0.0686  0.0701  0.0684
  0.0728  0.0754  0.0677  0.0717  0.0744  0.0719
niter,ni,del,rscale     5    3   12.0000    1.2000
parameters
    1.6321  -15.7209   18.4786    1.4828   -8.3194    2.6293
eta,q 0.93588 12.44545
  0.0767  0.0756  0.0694  0.0712  0.0729  0.0713
  0.0709  0.0723  0.0657  0.0684  0.0687  0.0683
  0.0657  0.0673  0.0641  0.0658  0.0651  0.0658
  0.0640  0.0641  0.0641  0.0641  0.0641  0.0641
  0.0667  0.0658  0.0662  0.0655  0.0662  0.0650
  0.0701  0.0701  0.0668  0.0684  0.0693  0.0683
  0.0748  0.0767  0.0676  0.0716  0.0735  0.0718
niter,ni,del,rscale     4    3   12.0000    1.2000
parameters
    1.6891  -15.6966   18.4994    1.4714   -8.3823    2.6266
eta,q 0.93583 12.44674
  0.0762  0.0755  0.0693  0.0713  0.0732  0.0714
  0.0706  0.0722  0.0657  0.0685  0.0689  0.0684
  0.0655  0.0673  0.0641  0.0658  0.0653  0.0659
  0.0641  0.0642  0.0642  0.0642  0.0642  0.0642
  0.0671  0.0659  0.0663  0.0655  0.0661  0.0651
  0.0705  0.0703  0.0668  0.0684  0.0691  0.0683
  0.0751  0.0770  0.0677  0.0716  0.0732  0.0718
registration optimization eta report
parameter search radius
    6.0000    6.0000    6.0000    6.0000    7.9350    6.9000
100000*second partial in parameter space
       30.       32.       11.       19.       14.       15.
  0.0762  0.0755  0.0693  0.0713  0.0732  0.0714
  0.0706  0.0722  0.0657  0.0685  0.0689  0.0684
  0.0655  0.0673  0.0641  0.0658  0.0653  0.0659
  0.0641  0.0642  0.0642  0.0642  0.0642  0.0642
  0.0671  0.0659  0.0663  0.0655  0.0661  0.0651
  0.0705  0.0703  0.0668  0.0684  0.0691  0.0683
  0.0751  0.0770  0.0677  0.0716  0.0732  0.0718
    1.6891  -15.6966   18.4994    1.4714   -8.3823    2.6266
eta,q 0.93583 12.44674

---------------------------------------------------------------------
imgreg_4dfp /opt/freesurfer/average/711-2C_as_mni_average_305 /opt/freesurfer/average/711-2B_as_mni_average_305_mask talsrcimg_g11 none talsrcimg_to_711-2C_as_mni_average_305_t4 3335
---------------------------------------------------------------------

freesurfer imgreg_4dfp.c
/opt/freesurfer/average/711-2C_as_mni_average_305.4dfp.img
       256       256       256         1
  1.000000  1.000000  1.000000
orientation T byte_order littleendian
Reading image: /opt/freesurfer/average/711-2C_as_mni_average_305.4dfp.img
dimensions:      256       256       256
mmppix:       1.0000   -1.0000   -1.0000
center:     128.0000 -129.0000 -129.0000
/opt/freesurfer/average/711-2B_as_mni_average_305_mask.4dfp.img
       256       256       256         1
  1.000000  1.000000  1.000000
orientation T byte_order littleendian
Reading mask: /opt/freesurfer/average/711-2B_as_mni_average_305_mask.4dfp.img (2306576 pixels)
talsrcimg_g11.4dfp.img
       256       256       256         1
  0.900000  0.900000  0.900000
orientation T byte_order littleendian
Reading image: talsrcimg_g11.4dfp.img
dimensions:      256       256       256
mmppix:       0.9000   -0.9000   -0.9000
center:     115.2000 -116.1000 -116.1000
fimgreg.f
image alignment mode   3335 decimal      D07 hex
parameters
    1.6891  -15.6966   18.4994   -1.1722   -0.1208   -1.1009
   -4.2071   14.6753    4.5336   -1.8973  -14.5777    2.5404
eta,q 0.93545 12.48816
niter,ni,del,rscale     5    3    5.0000    1.2000
parameter  4  3.491048 ->  0.500000 qaram    1.1500
parameter  5  2.798049 ->  0.500000 qaram    1.1500
parameter  6  3.043830 ->  0.500000 qaram    1.1500
parameter  8  0.726005 ->  0.500000 qaram    1.1500
parameter 11 -1.011681 -> -0.500000 qaram    1.1500
parameters
    2.0714  -15.8929   18.5249   -5.3122   -4.2608   -5.2409
   -3.8693   10.5353    3.9084   -1.9280  -10.4377   -0.8707
eta,q 0.95599 11.40673
  0.0670  0.0659  0.0652  0.0541  0.0486  0.0436  0.0484  0.0458  0.0462  0.0479  0.0484  0.0443
  0.0658  0.0652  0.0648  0.0574  0.0515  0.0458  0.0474  0.0451  0.0455  0.0463  0.0470  0.0440
  0.0649  0.0647  0.0646  0.0609  0.0547  0.0491  0.0468  0.0455  0.0451  0.0454  0.0459  0.0440
  0.0646  0.0645  0.0645  0.0645  0.0583  0.0524  0.0466  0.0466  0.0451  0.0451  0.0451  0.0442
  0.0646  0.0648  0.0646  0.0686  0.0626  0.0556  0.0468  0.0481  0.0453  0.0453  0.0445  0.0446
  0.0650  0.0655  0.0648  0.0732  0.0673  0.0597  0.0473  0.0499  0.0458  0.0463  0.0441  0.0452
  0.0658  0.0665  0.0652  0.0784  0.0724  0.0642  0.0481  0.0520  0.0466  0.0479  0.0440  0.0460
niter,ni,del,rscale     7    3    5.0000    1.2000
parameter  4  2.757836 ->  0.500000 qaram    1.3225
parameter  5  1.786592 ->  0.500000 qaram    1.3225
parameter  6  0.809766 ->  0.500000 qaram    1.3225
parameters
    1.9034  -15.5220   18.1328  -10.0732   -9.0218  -10.0019
   -3.9176   11.1436    5.1366   -1.8005   -7.1693   -2.1125
eta,q 0.97136 10.86575
  0.0457  0.0462  0.0451  0.0343  0.0294  0.0294  0.0316  0.0359  0.0318  0.0324  0.0324  0.0294
  0.0447  0.0451  0.0443  0.0363  0.0314  0.0291  0.0303  0.0328  0.0305  0.0307  0.0310  0.0289
  0.0441  0.0444  0.0439  0.0397  0.0338  0.0298  0.0295  0.0304  0.0296  0.0295  0.0298  0.0287
  0.0440  0.0440  0.0439  0.0439  0.0371  0.0320  0.0292  0.0292  0.0291  0.0290  0.0290  0.0286
  0.0443  0.0440  0.0443  0.0482  0.0410  0.0362  0.0295  0.0295  0.0291  0.0295  0.0287  0.0289
  0.0451  0.0443  0.0451  0.0529  0.0454  0.0406  0.0303  0.0314  0.0295  0.0306  0.0288  0.0295
  0.0462  0.0452  0.0461  0.0577  0.0507  0.0453  0.0317  0.0344  0.0305  0.0321  0.0295  0.0304
niter,ni,del,rscale     7    3    5.0000    1.2000
parameter  4  0.593275 ->  0.500000 qaram    1.5209
parameter  5  1.026285 ->  0.500000 qaram    1.5209
parameters
    1.7387  -16.3030   17.7924  -15.5484  -14.4970  -10.7914
   -4.0793   10.6866    5.3074   -1.3443   -8.0408   -3.3326
eta,q 0.97691 10.64767
  0.0315  0.0295  0.0297  0.0274  0.0223  0.0279  0.0257  0.0284  0.0253  0.0267  0.0245  0.0240
  0.0299  0.0286  0.0288  0.0262  0.0225  0.0260  0.0243  0.0257  0.0242  0.0247  0.0237  0.0234
  0.0289  0.0283  0.0283  0.0262  0.0239  0.0243  0.0234  0.0238  0.0234  0.0235  0.0232  0.0231
  0.0286  0.0286  0.0283  0.0283  0.0261  0.0228  0.0232  0.0232  0.0232  0.0232  0.0232  0.0231
  0.0291  0.0294  0.0288  0.0319  0.0290  0.0228  0.0235  0.0240  0.0234  0.0235  0.0235  0.0234
  0.0304  0.0307  0.0296  0.0366  0.0325  0.0264  0.0245  0.0264  0.0240  0.0242  0.0242  0.0240
  0.0325  0.0322  0.0308  0.0418  0.0370  0.0317  0.0259  0.0299  0.0251  0.0258  0.0251  0.0249
niter,ni,del,rscale     7    3    5.0000    1.2000
parameters
    1.9190  -16.5321   17.6820  -15.9710  -17.6729  -10.3496
   -4.1910   10.9186    5.8299   -1.3908   -8.1986   -3.7880
eta,q 0.97758 10.55129
  0.0266  0.0251  0.0245  0.0284  0.0256  0.0279  0.0249  0.0280  0.0245  0.0252  0.0239  0.0235
  0.0248  0.0238  0.0236  0.0262  0.0238  0.0259  0.0235  0.0254  0.0235  0.0234  0.0231  0.0228
  0.0236  0.0231  0.0231  0.0244  0.0227  0.0242  0.0227  0.0234  0.0228  0.0225  0.0226  0.0225
  0.0231  0.0231  0.0230  0.0230  0.0231  0.0227  0.0225  0.0225  0.0224  0.0224  0.0224  0.0224
  0.0233  0.0236  0.0233  0.0231  0.0250  0.0219  0.0228  0.0228  0.0225  0.0228  0.0227  0.0226
  0.0242  0.0245  0.0238  0.0259  0.0281  0.0238  0.0237  0.0246  0.0231  0.0236  0.0232  0.0230
  0.0258  0.0259  0.0247  0.0306  0.0319  0.0284  0.0250  0.0278  0.0241  0.0250  0.0240  0.0237
niter,ni,del,rscale     6    3    5.0000    1.2000
parameters
    2.0020  -16.2350   17.9918  -15.6118  -18.2983  -10.1367
   -4.3885   10.9063    5.8138   -1.0339   -8.3337   -4.1192
eta,q 0.97781 10.53868
  0.0255  0.0254  0.0242  0.0279  0.0270  0.0277  0.0246  0.0275  0.0241  0.0252  0.0237  0.0233
  0.0239  0.0239  0.0233  0.0257  0.0248  0.0257  0.0232  0.0249  0.0230  0.0234  0.0229  0.0227
  0.0228  0.0228  0.0227  0.0239  0.0231  0.0239  0.0224  0.0230  0.0224  0.0224  0.0224  0.0223
  0.0224  0.0224  0.0224  0.0224  0.0222  0.0223  0.0222  0.0222  0.0222  0.0222  0.0222  0.0222
  0.0226  0.0225  0.0224  0.0220  0.0232  0.0217  0.0225  0.0227  0.0224  0.0225  0.0225  0.0224
  0.0236  0.0231  0.0228  0.0241  0.0253  0.0239  0.0234  0.0246  0.0230  0.0232  0.0230  0.0228
  0.0251  0.0242  0.0235  0.0284  0.0285  0.0287  0.0248  0.0279  0.0241  0.0245  0.0238  0.0235
niter,ni,del,rscale     5    3    5.0000    1.2000
parameters
    2.0083  -16.1334   18.0674  -15.5803  -18.5130  -10.0624
   -4.4240   10.8972    5.8499   -0.8760   -8.4092   -4.2463
eta,q 0.97782 10.53215
  0.0251  0.0248  0.0238  0.0276  0.0272  0.0276  0.0246  0.0274  0.0240  0.0250  0.0237  0.0233
  0.0236  0.0233  0.0229  0.0254  0.0250  0.0256  0.0233  0.0249  0.0230  0.0232  0.0229  0.0227
  0.0226  0.0225  0.0224  0.0236  0.0232  0.0238  0.0224  0.0229  0.0224  0.0223  0.0223  0.0223
  0.0222  0.0222  0.0222  0.0222  0.0222  0.0222  0.0222  0.0222  0.0222  0.0222  0.0222  0.0222
  0.0225  0.0224  0.0223  0.0220  0.0229  0.0217  0.0225  0.0226  0.0223  0.0225  0.0224  0.0224
  0.0235  0.0231  0.0228  0.0243  0.0249  0.0242  0.0233  0.0246  0.0230  0.0232  0.0230  0.0227
  0.0252  0.0243  0.0236  0.0287  0.0279  0.0290  0.0247  0.0278  0.0240  0.0245  0.0237  0.0234
niter,ni,del,rscale     4    3    5.0000    1.2000
parameters
    2.0068  -16.0890   18.0869  -15.5792  -18.6012  -10.0405
   -4.4430   10.8909    5.8779   -0.8082   -8.4417   -4.2995
eta,q 0.97783 10.52900
  0.0251  0.0246  0.0237  0.0275  0.0272  0.0276  0.0246  0.0274  0.0240  0.0248  0.0238  0.0234
  0.0235  0.0232  0.0229  0.0254  0.0250  0.0256  0.0233  0.0249  0.0230  0.0232  0.0229  0.0227
  0.0225  0.0225  0.0223  0.0236  0.0232  0.0238  0.0224  0.0229  0.0224  0.0223  0.0223  0.0223
  0.0222  0.0222  0.0222  0.0222  0.0222  0.0222  0.0222  0.0222  0.0222  0.0222  0.0222  0.0222
  0.0225  0.0224  0.0224  0.0220  0.0228  0.0217  0.0225  0.0226  0.0224  0.0225  0.0224  0.0223
  0.0235  0.0231  0.0229  0.0244  0.0248  0.0243  0.0233  0.0246  0.0230  0.0233  0.0230  0.0227
  0.0251  0.0244  0.0237  0.0287  0.0278  0.0291  0.0246  0.0278  0.0240  0.0246  0.0237  0.0234
niter,ni,del,rscale     3    3    5.0000    1.2000
parameters
    2.0032  -16.0658   18.0942  -15.5846  -18.6369  -10.0333
   -4.4518   10.8857    5.8940   -0.7742   -8.4635   -4.3343
eta,q 0.97782 10.52746
  0.0251  0.0245  0.0237  0.0275  0.0272  0.0276  0.0246  0.0274  0.0240  0.0248  0.0238  0.0234
  0.0235  0.0232  0.0229  0.0254  0.0250  0.0256  0.0233  0.0249  0.0230  0.0231  0.0229  0.0227
  0.0225  0.0224  0.0223  0.0236  0.0232  0.0238  0.0224  0.0229  0.0224  0.0223  0.0223  0.0223
  0.0222  0.0222  0.0222  0.0222  0.0222  0.0222  0.0222  0.0222  0.0222  0.0222  0.0222  0.0222
  0.0225  0.0224  0.0224  0.0220  0.0227  0.0218  0.0225  0.0227  0.0224  0.0225  0.0224  0.0224
  0.0235  0.0232  0.0229  0.0244  0.0247  0.0243  0.0233  0.0245  0.0230  0.0233  0.0230  0.0227
  0.0251  0.0244  0.0237  0.0287  0.0277  0.0291  0.0246  0.0277  0.0240  0.0246  0.0237  0.0234
registration optimization eta report
parameter search radius
    2.4000    2.4000    2.4000   10.9503   10.9503    9.5220
    7.2000    8.2800    7.2000    7.2000    8.2800    7.2000
100000*second partial in parameter space
       51.       40.       26.        5.        4.        7.
        5.        8.        4.        5.        2.        2.
  0.0251  0.0245  0.0237  0.0275  0.0272  0.0276  0.0246  0.0274  0.0240  0.0248  0.0238  0.0234
  0.0235  0.0232  0.0229  0.0254  0.0250  0.0256  0.0233  0.0249  0.0230  0.0231  0.0229  0.0227
  0.0225  0.0224  0.0223  0.0236  0.0232  0.0238  0.0224  0.0229  0.0224  0.0223  0.0223  0.0223
  0.0222  0.0222  0.0222  0.0222  0.0222  0.0222  0.0222  0.0222  0.0222  0.0222  0.0222  0.0222
  0.0225  0.0224  0.0224  0.0220  0.0227  0.0218  0.0225  0.0227  0.0224  0.0225  0.0224  0.0224
  0.0235  0.0232  0.0229  0.0244  0.0247  0.0243  0.0233  0.0245  0.0230  0.0233  0.0230  0.0227
  0.0251  0.0244  0.0237  0.0287  0.0277  0.0291  0.0246  0.0277  0.0240  0.0246  0.0237  0.0234
    2.0032  -16.0658   18.0942  -15.5846  -18.6369  -10.0333
   -4.4518   10.8857    5.8940   -0.7742   -8.4635   -4.3343
eta,q 0.97782 10.52746

---------------------------------------------------------------------
imgreg_4dfp /opt/freesurfer/average/711-2C_as_mni_average_305 /opt/freesurfer/average/711-2B_as_mni_average_305_mask talsrcimg_g11 none talsrcimg_to_711-2C_as_mni_average_305_t4 2311
---------------------------------------------------------------------

freesurfer imgreg_4dfp.c
/opt/freesurfer/average/711-2C_as_mni_average_305.4dfp.img
       256       256       256         1
  1.000000  1.000000  1.000000
orientation T byte_order littleendian
Reading image: /opt/freesurfer/average/711-2C_as_mni_average_305.4dfp.img
dimensions:      256       256       256
mmppix:       1.0000   -1.0000   -1.0000
center:     128.0000 -129.0000 -129.0000
/opt/freesurfer/average/711-2B_as_mni_average_305_mask.4dfp.img
       256       256       256         1
  1.000000  1.000000  1.000000
orientation T byte_order littleendian
Reading mask: /opt/freesurfer/average/711-2B_as_mni_average_305_mask.4dfp.img (2306576 pixels)
talsrcimg_g11.4dfp.img
       256       256       256         1
  0.900000  0.900000  0.900000
orientation T byte_order littleendian
Reading image: talsrcimg_g11.4dfp.img
dimensions:      256       256       256
mmppix:       0.9000   -0.9000   -0.9000
center:     115.2000 -116.1000 -116.1000
fimgreg.f
image alignment mode   2311 decimal      907 hex
parameters
    2.0032  -16.0658   18.0942  -15.5846  -18.6369  -10.0333
   -4.4518   10.8857    5.8940   -0.7742   -8.4635   -4.3343
eta,q 0.97782 10.52746
niter,ni,del,rscale     5    3    5.0000    0.8000
parameters
    2.0277  -16.0568   18.0785  -13.5873  -18.3323   -8.6572
   -4.4643   11.3036    5.7643   -1.0278   -7.7657   -4.4839
eta,q 0.97867 10.58947
  0.0235  0.0232  0.0229  0.0241  0.0234  0.0243  0.0228  0.0242  0.0223  0.0226  0.0224  0.0220
  0.0228  0.0226  0.0225  0.0234  0.0226  0.0234  0.0220  0.0230  0.0218  0.0218  0.0219  0.0217
  0.0224  0.0223  0.0222  0.0227  0.0221  0.0225  0.0216  0.0220  0.0215  0.0214  0.0216  0.0214
  0.0222  0.0222  0.0222  0.0222  0.0218  0.0218  0.0214  0.0214  0.0214  0.0214  0.0214  0.0213
  0.0223  0.0223  0.0223  0.0218  0.0219  0.0214  0.0216  0.0214  0.0215  0.0216  0.0214  0.0214
  0.0227  0.0226  0.0225  0.0219  0.0223  0.0217  0.0221  0.0222  0.0218  0.0221  0.0216  0.0217
  0.0235  0.0232  0.0229  0.0225  0.0231  0.0227  0.0228  0.0236  0.0224  0.0229  0.0220  0.0221
niter,ni,del,rscale     4    3    5.0000    0.7000
parameters
    1.8580  -16.2895   18.2480  -13.9737  -18.2142   -8.4503
   -4.3235   11.1554    5.7324   -1.2905   -7.7774   -4.1948
eta,q 0.97877 10.59732
  0.0223  0.0219  0.0222  0.0225  0.0225  0.0233  0.0224  0.0232  0.0220  0.0222  0.0219  0.0219
  0.0217  0.0215  0.0217  0.0219  0.0219  0.0225  0.0218  0.0222  0.0216  0.0216  0.0215  0.0216
  0.0214  0.0213  0.0214  0.0215  0.0215  0.0218  0.0214  0.0215  0.0213  0.0213  0.0213  0.0213
  0.0213  0.0213  0.0213  0.0213  0.0213  0.0213  0.0212  0.0212  0.0212  0.0212  0.0212  0.0212
  0.0216  0.0215  0.0213  0.0215  0.0214  0.0212  0.0213  0.0215  0.0213  0.0214  0.0213  0.0213
  0.0221  0.0219  0.0215  0.0222  0.0218  0.0219  0.0217  0.0223  0.0216  0.0218  0.0215  0.0215
  0.0230  0.0225  0.0218  0.0232  0.0225  0.0233  0.0222  0.0236  0.0220  0.0224  0.0219  0.0217
niter,ni,del,rscale     3    3    5.0000    0.6000
parameters
    1.8391  -16.3679   18.3047  -13.9498  -18.1586   -8.2752
   -4.2879   11.2042    5.7484   -1.5150   -7.7938   -4.0547
eta,q 0.97882 10.60105
  0.0222  0.0218  0.0218  0.0223  0.0221  0.0228  0.0220  0.0228  0.0218  0.0219  0.0217  0.0217
  0.0216  0.0215  0.0215  0.0218  0.0217  0.0222  0.0216  0.0220  0.0214  0.0215  0.0214  0.0214
  0.0213  0.0213  0.0213  0.0214  0.0214  0.0216  0.0213  0.0215  0.0213  0.0212  0.0212  0.0212
  0.0212  0.0212  0.0212  0.0212  0.0212  0.0212  0.0212  0.0212  0.0212  0.0212  0.0212  0.0212
  0.0214  0.0213  0.0213  0.0213  0.0213  0.0212  0.0213  0.0213  0.0213  0.0213  0.0212  0.0212
  0.0217  0.0216  0.0214  0.0217  0.0216  0.0217  0.0215  0.0219  0.0214  0.0216  0.0214  0.0214
  0.0222  0.0220  0.0217  0.0224  0.0221  0.0228  0.0220  0.0229  0.0218  0.0221  0.0217  0.0216
niter,ni,del,rscale     2    3    5.0000    0.5000
parameters
    1.8342  -16.4336   18.3429  -13.9120  -18.1198   -8.1223
   -4.2644   11.2627    5.7566   -1.6860   -7.8147   -3.9598
eta,q 0.97886 10.60401
  0.0219  0.0216  0.0216  0.0220  0.0218  0.0224  0.0217  0.0224  0.0216  0.0217  0.0215  0.0215
  0.0215  0.0213  0.0214  0.0216  0.0215  0.0219  0.0214  0.0218  0.0213  0.0213  0.0213  0.0213
  0.0213  0.0212  0.0212  0.0213  0.0213  0.0214  0.0212  0.0213  0.0212  0.0212  0.0212  0.0212
  0.0212  0.0212  0.0212  0.0212  0.0212  0.0212  0.0212  0.0212  0.0212  0.0212  0.0211  0.0211
  0.0213  0.0213  0.0212  0.0212  0.0212  0.0212  0.0212  0.0212  0.0212  0.0213  0.0212  0.0212
  0.0215  0.0214  0.0213  0.0215  0.0215  0.0215  0.0214  0.0216  0.0213  0.0215  0.0213  0.0213
  0.0219  0.0217  0.0216  0.0220  0.0218  0.0223  0.0217  0.0223  0.0216  0.0218  0.0215  0.0214
niter,ni,del,rscale     1    3    5.0000    0.4000
parameters
    1.8348  -16.4835   18.3815  -13.8852  -18.0913   -7.9845
   -4.2523   11.3194    5.7617   -1.8410   -7.8502   -3.9103
eta,q 0.97888 10.60575
  0.0216  0.0214  0.0214  0.0217  0.0216  0.0220  0.0215  0.0220  0.0214  0.0215  0.0214  0.0213
  0.0213  0.0213  0.0213  0.0214  0.0214  0.0216  0.0213  0.0215  0.0213  0.0213  0.0212  0.0212
  0.0212  0.0212  0.0212  0.0212  0.0212  0.0213  0.0212  0.0213  0.0212  0.0211  0.0212  0.0211
  0.0211  0.0211  0.0211  0.0211  0.0211  0.0211  0.0211  0.0211  0.0211  0.0211  0.0211  0.0211
  0.0212  0.0212  0.0212  0.0212  0.0212  0.0212  0.0212  0.0212  0.0212  0.0212  0.0212  0.0211
  0.0213  0.0213  0.0212  0.0214  0.0213  0.0214  0.0213  0.0215  0.0212  0.0213  0.0212  0.0212
  0.0216  0.0215  0.0214  0.0217  0.0216  0.0219  0.0215  0.0219  0.0214  0.0216  0.0214  0.0213
registration optimization eta report
parameter search radius
    0.8000    0.8000    0.8000    2.4000    2.4000    2.4000
    2.4000    2.4000    2.4000    2.4000    2.4000    2.4000
100000*second partial in parameter space
       70.       49.       42.       10.        8.       14.
        6.       14.        5.        7.        4.        4.
  0.0216  0.0214  0.0214  0.0217  0.0216  0.0220  0.0215  0.0220  0.0214  0.0215  0.0214  0.0213
  0.0213  0.0213  0.0213  0.0214  0.0214  0.0216  0.0213  0.0215  0.0213  0.0213  0.0212  0.0212
  0.0212  0.0212  0.0212  0.0212  0.0212  0.0213  0.0212  0.0213  0.0212  0.0211  0.0212  0.0211
  0.0211  0.0211  0.0211  0.0211  0.0211  0.0211  0.0211  0.0211  0.0211  0.0211  0.0211  0.0211
  0.0212  0.0212  0.0212  0.0212  0.0212  0.0212  0.0212  0.0212  0.0212  0.0212  0.0212  0.0211
  0.0213  0.0213  0.0212  0.0214  0.0213  0.0214  0.0213  0.0215  0.0212  0.0213  0.0212  0.0212
  0.0216  0.0215  0.0214  0.0217  0.0216  0.0219  0.0215  0.0219  0.0214  0.0216  0.0214  0.0213
    1.8348  -16.4835   18.3815  -13.8852  -18.0913   -7.9845
   -4.2523   11.3194    5.7617   -1.8410   -7.8502   -3.9103
eta,q 0.97888 10.60575

---------------------------------------------------------------------
imgreg_4dfp /opt/freesurfer/average/711-2C_as_mni_average_305 /opt/freesurfer/average/711-2B_as_mni_average_305_mask talsrcimg_g11 none talsrcimg_to_711-2C_as_mni_average_305_t4 2311
---------------------------------------------------------------------

freesurfer imgreg_4dfp.c
/opt/freesurfer/average/711-2C_as_mni_average_305.4dfp.img
       256       256       256         1
  1.000000  1.000000  1.000000
orientation T byte_order littleendian
Reading image: /opt/freesurfer/average/711-2C_as_mni_average_305.4dfp.img
dimensions:      256       256       256
mmppix:       1.0000   -1.0000   -1.0000
center:     128.0000 -129.0000 -129.0000
/opt/freesurfer/average/711-2B_as_mni_average_305_mask.4dfp.img
       256       256       256         1
  1.000000  1.000000  1.000000
orientation T byte_order littleendian
Reading mask: /opt/freesurfer/average/711-2B_as_mni_average_305_mask.4dfp.img (2306576 pixels)
talsrcimg_g11.4dfp.img
       256       256       256         1
  0.900000  0.900000  0.900000
orientation T byte_order littleendian
Reading image: talsrcimg_g11.4dfp.img
dimensions:      256       256       256
mmppix:       0.9000   -0.9000   -0.9000
center:     115.2000 -116.1000 -116.1000
fimgreg.f
image alignment mode   2311 decimal      907 hex
parameters
    1.8348  -16.4835   18.3815  -13.8852  -18.0913   -7.9845
   -4.2523   11.3194    5.7617   -1.8410   -7.8502   -3.9103
eta,q 0.97888 10.60576
niter,ni,del,rscale     5    3    5.0000    0.8000
parameters
    1.8469  -16.4986   18.4228  -14.2766  -18.2567   -8.4225
   -4.2307   11.1059    5.7890   -1.5955   -7.9096   -3.8057
eta,q 0.97875 10.59632
  0.0229  0.0224  0.0223  0.0227  0.0226  0.0233  0.0226  0.0236  0.0223  0.0230  0.0221  0.0220
  0.0219  0.0217  0.0216  0.0220  0.0219  0.0224  0.0218  0.0224  0.0217  0.0220  0.0216  0.0216
  0.0213  0.0212  0.0213  0.0214  0.0214  0.0216  0.0214  0.0216  0.0214  0.0214  0.0213  0.0213
  0.0211  0.0211  0.0211  0.0211  0.0211  0.0212  0.0212  0.0212  0.0212  0.0212  0.0212  0.0213
  0.0213  0.0213  0.0212  0.0214  0.0213  0.0214  0.0214  0.0216  0.0213  0.0214  0.0214  0.0213
  0.0219  0.0217  0.0216  0.0222  0.0219  0.0227  0.0218  0.0226  0.0217  0.0218  0.0217  0.0216
  0.0228  0.0224  0.0221  0.0235  0.0229  0.0249  0.0226  0.0243  0.0223  0.0225  0.0221  0.0219
niter,ni,del,rscale     4    3    5.0000    0.7000
parameters
    1.8550  -16.4305   18.3537  -14.0517  -18.1765   -8.3994
   -4.2702   11.1737    5.7879   -1.6041   -7.8436   -3.8960
eta,q 0.97879 10.59968
  0.0225  0.0223  0.0219  0.0227  0.0224  0.0231  0.0223  0.0233  0.0220  0.0224  0.0219  0.0218
  0.0218  0.0217  0.0215  0.0221  0.0219  0.0224  0.0217  0.0223  0.0216  0.0217  0.0215  0.0214
  0.0214  0.0214  0.0213  0.0216  0.0214  0.0217  0.0213  0.0216  0.0213  0.0213  0.0213  0.0213
  0.0212  0.0213  0.0212  0.0213  0.0212  0.0212  0.0212  0.0212  0.0212  0.0212  0.0212  0.0212
  0.0214  0.0213  0.0214  0.0213  0.0213  0.0212  0.0213  0.0214  0.0213  0.0214  0.0213  0.0213
  0.0218  0.0216  0.0216  0.0217  0.0217  0.0220  0.0217  0.0221  0.0216  0.0217  0.0215  0.0215
  0.0225  0.0221  0.0220  0.0226  0.0224  0.0235  0.0223  0.0234  0.0220  0.0223  0.0219  0.0218
niter,ni,del,rscale     3    3    5.0000    0.6000
parameters
    1.8455  -16.4444   18.3385  -13.9652  -18.1297   -8.2612
   -4.2717   11.2278    5.7663   -1.6626   -7.8209   -3.9120
eta,q 0.97883 10.60302
  0.0222  0.0219  0.0218  0.0223  0.0221  0.0228  0.0220  0.0228  0.0218  0.0220  0.0217  0.0216
  0.0216  0.0215  0.0214  0.0218  0.0217  0.0221  0.0215  0.0220  0.0214  0.0215  0.0214  0.0214
  0.0213  0.0213  0.0213  0.0214  0.0214  0.0216  0.0213  0.0214  0.0212  0.0212  0.0212  0.0212
  0.0212  0.0212  0.0212  0.0212  0.0212  0.0212  0.0212  0.0212  0.0212  0.0212  0.0212  0.0212
  0.0213  0.0213  0.0213  0.0213  0.0213  0.0212  0.0213  0.0213  0.0212  0.0213  0.0212  0.0212
  0.0217  0.0215  0.0215  0.0217  0.0216  0.0217  0.0215  0.0219  0.0214  0.0216  0.0214  0.0214
  0.0222  0.0219  0.0218  0.0224  0.0221  0.0228  0.0220  0.0228  0.0218  0.0220  0.0217  0.0216
niter,ni,del,rscale     2    3    5.0000    0.5000
parameters
    1.8415  -16.4706   18.3587  -13.9233  -18.1034   -8.1167
   -4.2620   11.2791    5.7656   -1.7556   -7.8162   -3.9034
eta,q 0.97886 10.60493
  0.0219  0.0216  0.0216  0.0220  0.0218  0.0224  0.0217  0.0224  0.0216  0.0217  0.0215  0.0215
  0.0215  0.0214  0.0214  0.0216  0.0215  0.0219  0.0214  0.0218  0.0213  0.0214  0.0213  0.0213
  0.0212  0.0212  0.0212  0.0213  0.0213  0.0214  0.0212  0.0213  0.0212  0.0212  0.0212  0.0212
  0.0212  0.0212  0.0212  0.0212  0.0212  0.0212  0.0211  0.0211  0.0211  0.0211  0.0211  0.0211
  0.0213  0.0212  0.0212  0.0212  0.0212  0.0212  0.0212  0.0212  0.0212  0.0213  0.0212  0.0212
  0.0215  0.0214  0.0213  0.0215  0.0214  0.0215  0.0214  0.0216  0.0213  0.0215  0.0213  0.0213
  0.0219  0.0217  0.0216  0.0220  0.0218  0.0223  0.0217  0.0223  0.0216  0.0218  0.0215  0.0214
niter,ni,del,rscale     1    3    5.0000    0.4000
parameters
    1.8389  -16.4984   18.3850  -13.8962  -18.0882   -7.9838
   -4.2514   11.3289    5.7638   -1.8599   -7.8503   -3.8655
eta,q 0.97888 10.60603
  0.0216  0.0214  0.0214  0.0217  0.0216  0.0220  0.0215  0.0219  0.0214  0.0215  0.0214  0.0213
  0.0213  0.0213  0.0213  0.0214  0.0214  0.0216  0.0213  0.0215  0.0212  0.0213  0.0212  0.0212
  0.0212  0.0212  0.0212  0.0212  0.0212  0.0213  0.0212  0.0212  0.0211  0.0211  0.0211  0.0211
  0.0211  0.0211  0.0211  0.0211  0.0211  0.0211  0.0211  0.0211  0.0211  0.0211  0.0211  0.0211
  0.0212  0.0212  0.0212  0.0212  0.0212  0.0211  0.0212  0.0212  0.0212  0.0212  0.0212  0.0211
  0.0213  0.0213  0.0212  0.0214  0.0213  0.0214  0.0213  0.0215  0.0212  0.0213  0.0212  0.0212
  0.0216  0.0215  0.0214  0.0217  0.0216  0.0219  0.0215  0.0219  0.0214  0.0215  0.0214  0.0213
registration optimization eta report
parameter search radius
    0.8000    0.8000    0.8000    2.4000    2.4000    2.4000
    2.4000    2.4000    2.4000    2.4000    2.4000    2.4000
100000*second partial in parameter space
       71.       49.       41.       10.        8.       14.
        6.       14.        5.        7.        4.        4.
  0.0216  0.0214  0.0214  0.0217  0.0216  0.0220  0.0215  0.0219  0.0214  0.0215  0.0214  0.0213
  0.0213  0.0213  0.0213  0.0214  0.0214  0.0216  0.0213  0.0215  0.0212  0.0213  0.0212  0.0212
  0.0212  0.0212  0.0212  0.0212  0.0212  0.0213  0.0212  0.0212  0.0211  0.0211  0.0211  0.0211
  0.0211  0.0211  0.0211  0.0211  0.0211  0.0211  0.0211  0.0211  0.0211  0.0211  0.0211  0.0211
  0.0212  0.0212  0.0212  0.0212  0.0212  0.0211  0.0212  0.0212  0.0212  0.0212  0.0212  0.0211
  0.0213  0.0213  0.0212  0.0214  0.0213  0.0214  0.0213  0.0215  0.0212  0.0213  0.0212  0.0212
  0.0216  0.0215  0.0214  0.0217  0.0216  0.0219  0.0215  0.0219  0.0214  0.0215  0.0214  0.0213
    1.8389  -16.4984   18.3850  -13.8962  -18.0882   -7.9838
   -4.2514   11.3289    5.7638   -1.8599   -7.8503   -3.8655
eta,q 0.97888 10.60603

---------------------------------------------------------------------
compute_vox2vox talsrcimg talsrcimg_to_711-2C_as_mni_average_305_t4 /opt/freesurfer/average/711-2C_as_mni_average_305
---------------------------------------------------------------------

freesurfer compute_vox2vox.c
Reading: talsrcimg.4dfp.ifh
Reading: talsrcimg_to_711-2C_as_mni_average_305_t4
Reading: /opt/freesurfer/average/711-2C_as_mni_average_305.4dfp.ifh
Writing: talsrcimg_to_711-2C_as_mni_average_305_t4_vox2vox.txt

start time Wed Mar 11 20:08:58 CET 2026
end		time Wed Mar 11 20:10:24 CET 2026

mpr2mni305 success

avi2talxfm orig_nu.mgz /opt/freesurfer/average/mni305.cor.mgz talsrcimg_to_711-2C_as_mni_average_305_t4_vox2vox.txt transforms/talairach.auto.xfm
avi2talxfm done
mv -f /out/sourcedata/freesurfer/sub-v2s1x29875_ses-1/mri/talsrcimg_to_711-2C_as_mni_average_305_t4_vox2vox.txt /out/sourcedata/freesurfer/sub-v2s1x29875_ses-1/mri/transforms/talsrcimg_to_711-2C_as_mni_average_305_t4_vox2vox.txt
lta_convert --src orig_nu.mgz --trg /opt/freesurfer/average/mni305.cor.mgz --inxfm transforms/talairach.auto.xfm --outlta transforms/talairach.auto.xfm.lta --subject fsaverage
7.3.2

--src: orig_nu.mgz src image (geometry).
--trg: /opt/freesurfer/average/mni305.cor.mgz trg image (geometry).
--inmni: transforms/talairach.auto.xfm input MNI/XFM transform.
--outlta: transforms/talairach.auto.xfm.lta output LTA.
--s: fsaverage subject name
 LTA read, type : 1
 1.14510  -0.13992   0.05283  -5.96188;
 0.09440   1.07627   0.05569  -53.55189;
-0.07843   0.03428   1.21837  -25.64200;
 0.00000   0.00000   0.00000   1.00000;
setting subject to fsaverage
Writing  LTA to file transforms/talairach.auto.xfm.lta...
lta_convert successful.
 
 
Started at Wed Mar 11 20:08:58 CET 2026
Ended   at Wed Mar 11 20:10:24 CET 2026
talairach_avi done
