/out/sourcedata/freesurfer/sub-v2s1x29900_ses-1/mri
/opt/freesurfer/bin/talairach_avi
--i orig_nu.mgz --xfm transforms/talairach.auto.xfm
talairach_avi 7.3.2
Linux dna065 5.14.0-427.37.1.el9_4.x86_64 #1 SMP PREEMPT_DYNAMIC Fri Sep 13 12:41:50 EDT 2024 x86_64 x86_64 x86_64 GNU/Linux
Thu Mar 12 19:47:55 CET 2026
mri_convert orig_nu.mgz talsrcimg.img 
reading from orig_nu.mgz...
TR=0.00, TE=0.00, TI=0.00, flip angle=0.00
i_ras = (-1, 0, 0)
j_ras = (0, 0, -1)
k_ras = (0, 1, 0)
writing to talsrcimg.img...
Analyze Output Matrix
-0.90000   0.00000   0.00000   133.02414;
 0.00000   0.00000   0.90000  -91.00874;
 0.00000  -0.90000   0.00000   148.02081;
 0.00000   0.00000   0.00000   1.00000;
--------------------
INFO: set hdr.hist.orient to -1
mpr2mni305 talsrcimg
Thu Mar 12 19:47:56 CET 2026
/opt/freesurfer/bin/mpr2mni305 talsrcimg
mpr2mni305 7.3.2
target=711-2C_as_mni_average_305

---------------------------------------------------------------------
analyzeto4dfp talsrcimg -O0 -y
---------------------------------------------------------------------

freesurfer ifh2hdr.c
Thu Mar 12 19:47:56 2026
Writing: talsrcimg.4dfp.hdr
freesurfer analyzeto4dfp.c
Reading: talsrcimg.hdr
header size 348 bytes
hdr.dime.datatype	offset=70	value=2
hdr.dime.bitpix		offset=72	value=8
hdr.hist.orient		offset=252	value=-1
dimensionality     4
dimensions       256       256       256         1
Reading: talsrcimg.img
Writing: talsrcimg.4dfp.img
Writing: talsrcimg.4dfp.ifh
ifh2hdr talsrcimg -r0to243
ori=2

---------------------------------------------------------------------
gauss_4dfp talsrcimg 1.1
---------------------------------------------------------------------

freesurfer gauss_4dfp.c
Reading: talsrcimg.4dfp.img
Writing: talsrcimg_g11.4dfp.img
image dimensions 256 256 256 padded to 288 288 288
processing volume 1freesurfer ifh2hdr.c
Thu Mar 12 19:47:57 2026
Writing: talsrcimg_g11.4dfp.hdr

Writing: talsrcimg_g11.4dfp.ifh
including: talsrcimg.4dfp.img.rec in talsrcimg_g11.4dfp.img.rec

---------------------------------------------------------------------
imgreg_4dfp /opt/freesurfer/average/711-2C_as_mni_average_305 none talsrcimg_g11 none talsrcimg_to_711-2C_as_mni_average_305_t4 4355
---------------------------------------------------------------------

freesurfer imgreg_4dfp.c
/opt/freesurfer/average/711-2C_as_mni_average_305.4dfp.img
       256       256       256         1
  1.000000  1.000000  1.000000
orientation T byte_order littleendian
Reading image: /opt/freesurfer/average/711-2C_as_mni_average_305.4dfp.img
dimensions:      256       256       256
mmppix:       1.0000   -1.0000   -1.0000
center:     128.0000 -129.0000 -129.0000
talsrcimg_g11.4dfp.img
       256       256       256         1
  0.900000  0.900000  0.900000
orientation T byte_order littleendian
Reading image: talsrcimg_g11.4dfp.img
dimensions:      256       256       256
mmppix:       0.9000   -0.9000   -0.9000
center:     115.2000 -116.1000 -116.1000
t4_read: open error in t4_sub.f l:  41 t4_file(1:l)talsrcimg_to_711-2C_as_mni_average_305_t4 
t4_read: transform initialized to I4
rotation matrix determinant  1.000000
image alignment mode   4355 decimal     1103 hex
   -7.5000  -45.0000  -45.0000 5920.4849   17.9078
    0.0000  -45.0000  -45.0000 6009.6948   17.8972
    7.5000  -45.0000  -45.0000 5778.5200   17.9066
   -7.5000  -37.5000  -45.0000 6386.3740   19.0497
    0.0000  -37.5000  -45.0000 6479.9512   19.0317
    7.5000  -37.5000  -45.0000 6234.3672   19.0408
   -7.5000  -30.0000  -45.0000 6830.1299   19.6543
    0.0000  -30.0000  -45.0000 6918.0078   19.6329
    7.5000  -30.0000  -45.0000 6648.7705   19.6443
   -7.5000  -22.5000  -45.0000 7338.8569   19.6386
    0.0000  -22.5000  -45.0000 7430.3047   19.6213
    7.5000  -22.5000  -45.0000 7136.3022   19.6352
   -7.5000  -15.0000  -45.0000 7795.0073   19.6213
    0.0000  -15.0000  -45.0000 7887.0542   19.6107
    7.5000  -15.0000  -45.0000 7570.4893   19.6264
   -7.5000   -7.5000  -45.0000 7907.7598   19.6180
    0.0000   -7.5000  -45.0000 8000.7959   19.6102
    7.5000   -7.5000  -45.0000 7664.9829   19.6245
   -7.5000    0.0000  -45.0000 7974.3140   19.6311
    0.0000    0.0000  -45.0000 8072.3735   19.6195
    7.5000    0.0000  -45.0000 7721.3774   19.6298
   -7.5000    7.5000  -45.0000 7679.8892   19.6503
    0.0000    7.5000  -45.0000 7775.0552   19.6317
    7.5000    7.5000  -45.0000 7452.8223   19.6411
   -7.5000   15.0000  -45.0000 7697.4141   19.6543
    0.0000   15.0000  -45.0000 7779.7769   19.6329
    7.5000   15.0000  -45.0000 7452.6772   19.6443
   -7.5000   22.5000  -45.0000 7151.2256   19.3745
    0.0000   22.5000  -45.0000 7228.3896   19.3574
    7.5000   22.5000  -45.0000 6905.2642   19.3711
   -7.5000   30.0000  -45.0000 6544.0615   18.8410
    0.0000   30.0000  -45.0000 6617.9390   18.8309
    7.5000   30.0000  -45.0000 6301.3794   18.8460
   -7.5000   37.5000  -45.0000 5969.8379   18.2314
    0.0000   37.5000  -45.0000 6029.7354   18.2241
    7.5000   37.5000  -45.0000 5747.3989   18.2373
   -7.5000   45.0000  -45.0000 5417.6323   17.7494
    0.0000   45.0000  -45.0000 5468.4961   17.7373
    7.5000   45.0000  -45.0000 5216.3462   17.7435
   -7.5000  -45.0000  -37.5000 6449.4424   18.6962
    0.0000  -45.0000  -37.5000 6579.8374   18.6831
    7.5000  -45.0000  -37.5000 6317.4077   18.7031
   -7.5000  -37.5000  -37.5000 6950.4780   19.8954
    0.0000  -37.5000  -37.5000 7089.6455   19.8786
    7.5000  -37.5000  -37.5000 6792.1050   19.8986
   -7.5000  -30.0000  -37.5000 7430.0742   20.4988
    0.0000  -30.0000  -37.5000 7570.8164   20.4795
    7.5000  -30.0000  -37.5000 7235.0654   20.5016
   -7.5000  -22.5000  -37.5000 7946.7178   20.4930
    0.0000  -22.5000  -37.5000 8094.3857   20.4749
    7.5000  -22.5000  -37.5000 7742.7764   20.5000
   -7.5000  -15.0000  -37.5000 8423.0039   20.4745
    0.0000  -15.0000  -37.5000 8580.0439   20.4597
    7.5000  -15.0000  -37.5000 8210.7246   20.4872
   -7.5000   -7.5000  -37.5000 8539.0508   20.4631
    0.0000   -7.5000  -37.5000 8683.4590   20.4501
    7.5000   -7.5000  -37.5000 8291.6670   20.4760
   -7.5000    0.0000  -37.5000 8605.5205   20.4692
    0.0000    0.0000  -37.5000 8742.6904   20.4550
    7.5000    0.0000  -37.5000 8350.6621   20.4768
   -7.5000    7.5000  -37.5000 8274.3496   20.4865
    0.0000    7.5000  -37.5000 8409.7334   20.4693
    7.5000    7.5000  -37.5000 8046.4292   20.4898
   -7.5000   15.0000  -37.5000 8264.9238   20.4979
    0.0000   15.0000  -37.5000 8388.6309   20.4786
    7.5000   15.0000  -37.5000 8019.0371   20.5007
   -7.5000   22.5000  -37.5000 7674.8140   20.2190
    0.0000   22.5000  -37.5000 7790.9106   20.2012
    7.5000   22.5000  -37.5000 7417.4600   20.2259
   -7.5000   30.0000  -37.5000 6987.4497   19.6743
    0.0000   30.0000  -37.5000 7094.0000   19.6601
    7.5000   30.0000  -37.5000 6756.2617   19.6865
   -7.5000   37.5000  -37.5000 6345.0044   19.0323
    0.0000   37.5000  -37.5000 6425.8818   19.0201
    7.5000   37.5000  -37.5000 6125.4507   19.0443
   -7.5000   45.0000  -37.5000 5759.2642   18.5001
    0.0000   45.0000  -37.5000 5827.2554   18.4878
    7.5000   45.0000  -37.5000 5547.4175   18.5063
   -7.5000  -45.0000  -30.0000 7010.3687   19.6377
    0.0000  -45.0000  -30.0000 7159.2773   19.6055
    7.5000  -45.0000  -30.0000 6846.2573   19.6134
   -7.5000  -37.5000  -30.0000 7533.5776   20.9016
    0.0000  -37.5000  -30.0000 7690.7578   20.8691
    7.5000  -37.5000  -30.0000 7338.0737   20.8838
   -7.5000  -30.0000  -30.0000 8056.1870   21.5130
    0.0000  -30.0000  -30.0000 8217.2705   21.4792
    7.5000  -30.0000  -30.0000 7823.6587   21.5004
   -7.5000  -22.5000  -30.0000 8604.3164   21.5205
    0.0000  -22.5000  -30.0000 8776.8418   21.4848
    7.5000  -22.5000  -30.0000 8365.8672   21.5064
   -7.5000  -15.0000  -30.0000 9123.0928   21.5064
    0.0000  -15.0000  -30.0000 9315.8721   21.4672
    7.5000  -15.0000  -30.0000 8862.2432   21.4820
   -7.5000   -7.5000  -30.0000 9249.6523   21.4857
    0.0000   -7.5000  -30.0000 9441.9102   21.4465
    7.5000   -7.5000  -30.0000 8956.8799   21.4552
   -7.5000    0.0000  -30.0000 9291.2842   21.4777
    0.0000    0.0000  -30.0000 9486.6553   21.4425
    7.5000    0.0000  -30.0000 9009.4023   21.4512
   -7.5000    7.5000  -30.0000 8921.2686   21.4901
    0.0000    7.5000  -30.0000 9105.4863   21.4567
    7.5000    7.5000  -30.0000 8669.8340   21.4717
   -7.5000   15.0000  -30.0000 8870.1660   21.5101
    0.0000   15.0000  -30.0000 9033.9902   21.4762
    7.5000   15.0000  -30.0000 8606.3701   21.4975
   -7.5000   22.5000  -30.0000 8223.3711   21.2337
    0.0000   22.5000  -30.0000 8380.8184   21.1985
    7.5000   22.5000  -30.0000 7951.5347   21.2198
   -7.5000   30.0000  -30.0000 7487.9766   20.6810
    0.0000   30.0000  -30.0000 7623.8027   20.6432
    7.5000   30.0000  -30.0000 7240.2822   20.6575
   -7.5000   37.5000  -30.0000 6773.7100   20.0134
    0.0000   37.5000  -30.0000 6875.8701   19.9769
    7.5000   37.5000  -30.0000 6552.2715   19.9851
   -7.5000   45.0000  -30.0000 6117.4375   19.4387
    0.0000   45.0000  -30.0000 6201.8872   19.4077
    7.5000   45.0000  -30.0000 5911.6455   19.4160
   -7.5000  -45.0000  -22.5000 7550.5962   20.5228
    0.0000  -45.0000  -22.5000 7710.0942   20.4714
    7.5000  -45.0000  -22.5000 7356.0635   20.4522
   -7.5000  -37.5000  -22.5000 8098.2856   21.8548
    0.0000  -37.5000  -22.5000 8254.3984   21.8016
    7.5000  -37.5000  -22.5000 7868.7710   21.7947
   -7.5000  -30.0000  -22.5000 8642.0176   22.4683
    0.0000  -30.0000  -22.5000 8811.0859   22.4128
    7.5000  -30.0000  -22.5000 8385.0068   22.4171
   -7.5000  -22.5000  -22.5000 9242.3838   22.4775
    0.0000  -22.5000  -22.5000 9424.3330   22.4190
    7.5000  -22.5000  -22.5000 8968.0723   22.4211
   -7.5000  -15.0000  -22.5000 9796.6230   22.4687
    0.0000  -15.0000  -22.500010020.3340   22.4035
    7.5000  -15.0000  -22.5000 9500.1914   22.3896
   -7.5000   -7.5000  -22.5000 9935.3164   22.4472
    0.0000   -7.5000  -22.500010171.3379   22.3832
    7.5000   -7.5000  -22.5000 9621.2910   22.3587
   -7.5000    0.0000  -22.5000 9971.1865   22.4330
    0.0000    0.0000  -22.500010199.5088   22.3768
    7.5000    0.0000  -22.5000 9654.0088   22.3559
   -7.5000    7.5000  -22.5000 9542.0674   22.4421
    0.0000    7.5000  -22.5000 9762.7646   22.3875
    7.5000    7.5000  -22.5000 9255.9404   22.3804
   -7.5000   15.0000  -22.5000 9452.2930   22.4629
    0.0000   15.0000  -22.5000 9652.8418   22.4074
    7.5000   15.0000  -22.5000 9146.1631   22.4117
   -7.5000   22.5000  -22.5000 8754.7754   22.1801
    0.0000   22.5000  -22.5000 8949.9287   22.1224
    7.5000   22.5000  -22.5000 8455.7334   22.1245
   -7.5000   30.0000  -22.5000 7962.5991   21.6222
    0.0000   30.0000  -22.5000 8136.6821   21.5595
    7.5000   30.0000  -22.5000 7701.3481   21.5460
   -7.5000   37.5000  -22.5000 7179.2788   20.9410
    0.0000   37.5000  -22.5000 7316.9775   20.8813
    7.5000   37.5000  -22.5000 6943.1431   20.8583
   -7.5000   45.0000  -22.5000 6456.9990   20.3537
    0.0000   45.0000  -22.5000 6564.9424   20.3015
    7.5000   45.0000  -22.5000 6237.0801   20.2826
   -7.5000  -45.0000  -15.0000 8071.8203   21.2691
    0.0000  -45.0000  -15.0000 8223.2812   21.2208
    7.5000  -45.0000  -15.0000 7859.8135   21.1898
   -7.5000  -37.5000  -15.0000 8657.6455   22.6495
    0.0000  -37.5000  -15.0000 8786.6846   22.5951
    7.5000  -37.5000  -15.0000 8387.0498   22.5757
   -7.5000  -30.0000  -15.0000 9234.0596   23.2572
    0.0000  -30.0000  -15.0000 9373.4980   23.1984
    7.5000  -30.0000  -15.0000 8934.5986   23.1895
   -7.5000  -22.5000  -15.0000 9861.9678   23.2565
    0.0000  -22.5000  -15.000010025.1367   23.1964
    7.5000  -22.5000  -15.0000 9551.0449   23.1838
   -7.5000  -15.0000  -15.000010430.1484   23.2478
    0.0000  -15.0000  -15.000010614.6543   23.1849
    7.5000  -15.0000  -15.000010079.6211   23.1559
   -7.5000   -7.5000  -15.000010557.9717   23.2332
    0.0000   -7.5000  -15.000010776.7490   23.1744
    7.5000   -7.5000  -15.000010210.1787   23.1361
   -7.5000    0.0000  -15.000010590.2627   23.2262
    0.0000    0.0000  -15.000010828.8877   23.1734
    7.5000    0.0000  -15.000010270.9639   23.1396
   -7.5000    7.5000  -15.000010139.9785   23.2356
    0.0000    7.5000  -15.000010356.6162   23.1798
    7.5000    7.5000  -15.0000 9819.8984   23.1599
   -7.5000   15.0000  -15.0000 9988.0225   23.2500
    0.0000   15.0000  -15.000010193.2705   23.1913
    7.5000   15.0000  -15.0000 9650.4863   23.1823
   -7.5000   22.5000  -15.0000 9231.2002   22.9523
    0.0000   22.5000  -15.0000 9437.4893   22.8930
    7.5000   22.5000  -15.0000 8901.9316   22.8805
   -7.5000   30.0000  -15.0000 8388.3975   22.3887
    0.0000   30.0000  -15.0000 8584.1240   22.3282
    7.5000   30.0000  -15.0000 8103.8413   22.3002
   -7.5000   37.5000  -15.0000 7561.4751   21.7073
    0.0000   37.5000  -15.0000 7718.9541   21.6524
    7.5000   37.5000  -15.0000 7309.3833   21.6166
   -7.5000   45.0000  -15.0000 6797.5664   21.1301
    0.0000   45.0000  -15.0000 6909.1855   21.0782
    7.5000   45.0000  -15.0000 6547.3472   21.0452
   -7.5000  -45.0000   -7.5000 8335.6553   21.2364
    0.0000  -45.0000   -7.5000 8461.1143   21.2080
    7.5000  -45.0000   -7.5000 8104.9512   21.1907
   -7.5000  -37.5000   -7.5000 8922.2949   22.6181
    0.0000  -37.5000   -7.5000 9033.1963   22.5805
    7.5000  -37.5000   -7.5000 8649.8291   22.5690
   -7.5000  -30.0000   -7.5000 9504.7383   23.2180
    0.0000  -30.0000   -7.5000 9630.2725   23.1754
    7.5000  -30.0000   -7.5000 9213.4023   23.1700
   -7.5000  -22.5000   -7.500010162.5859   23.2054
    0.0000  -22.5000   -7.500010279.4766   23.1653
    7.5000  -22.5000   -7.5000 9839.7031   23.1584
   -7.5000  -15.0000   -7.500010743.0957   23.1912
    0.0000  -15.0000   -7.500010833.1309   23.1554
    7.5000  -15.0000   -7.500010353.6055   23.1406
   -7.5000   -7.5000   -7.500010831.2227   23.1843
    0.0000   -7.5000   -7.500010984.0469   23.1532
    7.5000   -7.5000   -7.500010462.2432   23.1336
   -7.5000    0.0000   -7.500010867.2549   23.1904
    0.0000    0.0000   -7.500011030.7861   23.1594
    7.5000    0.0000   -7.500010528.2070   23.1406
   -7.5000    7.5000   -7.500010395.3145   23.2034
    0.0000    7.5000   -7.500010547.9805   23.1648
    7.5000    7.5000   -7.500010041.1826   23.1530
   -7.5000   15.0000   -7.500010191.0166   23.2108
    0.0000   15.0000   -7.500010331.9482   23.1682
    7.5000   15.0000   -7.5000 9813.2100   23.1629
   -7.5000   22.5000   -7.5000 9417.5244   22.9019
    0.0000   22.5000   -7.5000 9562.6699   22.8623
    7.5000   22.5000   -7.5000 9071.4199   22.8555
   -7.5000   30.0000   -7.5000 8521.8135   22.3343
    0.0000   30.0000   -7.5000 8699.9102   22.2998
    7.5000   30.0000   -7.5000 8248.3271   22.2856
   -7.5000   37.5000   -7.5000 7686.5571   21.6617
    0.0000   37.5000   -7.5000 7845.3647   21.6326
    7.5000   37.5000   -7.5000 7444.0034   21.6142
   -7.5000   45.0000   -7.5000 6902.5112   21.1010
    0.0000   45.0000   -7.5000 7026.1938   21.0689
    7.5000   45.0000   -7.5000 6677.0625   21.0477
   -7.5000  -45.0000    0.0000 8450.8623   21.7193
    0.0000  -45.0000    0.0000 8566.5938   21.7076
    7.5000  -45.0000    0.0000 8204.3447   21.7170
   -7.5000  -37.5000    0.0000 9046.4111   23.1268
    0.0000  -37.5000    0.0000 9151.0234   23.1058
    7.5000  -37.5000    0.0000 8765.9072   23.1143
   -7.5000  -30.0000    0.0000 9664.5088   23.7235
    0.0000  -30.0000    0.0000 9789.3057   23.6980
    7.5000  -30.0000    0.0000 9374.4570   23.7087
   -7.5000  -22.5000    0.000010331.4111   23.7049
    0.0000  -22.5000    0.000010426.2520   23.6838
    7.5000  -22.5000    0.0000 9980.5117   23.6976
   -7.5000  -15.0000    0.000010880.6064   23.6831
    0.0000  -15.0000    0.000010918.1074   23.6707
    7.5000  -15.0000    0.000010467.4209   23.6871
   -7.5000   -7.5000    0.000010994.8789   23.6786
    0.0000   -7.5000    0.000011061.0918   23.6700
    7.5000   -7.5000    0.000010581.3418   23.6851
   -7.5000    0.0000    0.000011035.8643   23.6943
    0.0000    0.0000    0.000011120.3818   23.6815
    7.5000    0.0000    0.000010639.1660   23.6917
   -7.5000    7.5000    0.000010541.3564   23.7096
    0.0000    7.5000    0.000010581.9561   23.6881
    7.5000    7.5000    0.000010121.0488   23.6968
   -7.5000   15.0000    0.000010267.7637   23.7151
    0.0000   15.0000    0.000010296.4863   23.6897
    7.5000   15.0000    0.0000 9839.4141   23.7003
   -7.5000   22.5000    0.0000 9459.2090   23.3981
    0.0000   22.5000    0.0000 9501.6230   23.3773
    7.5000   22.5000    0.0000 9067.1260   23.3909
   -7.5000   30.0000    0.0000 8548.5752   22.8218
    0.0000   30.0000    0.0000 8642.3760   22.8098
    7.5000   30.0000    0.0000 8254.3057   22.8256
   -7.5000   37.5000    0.0000 7734.5386   22.1499
    0.0000   37.5000    0.0000 7838.5273   22.1419
    7.5000   37.5000    0.0000 7464.0127   22.1560
   -7.5000   45.0000    0.0000 6937.0537   21.5996
    0.0000   45.0000    0.0000 7045.2290   21.5861
    7.5000   45.0000    0.0000 6709.1011   21.5916
   -7.5000  -45.0000    7.5000 8230.2148   21.7081
    0.0000  -45.0000    7.5000 8316.5918   21.6929
    7.5000  -45.0000    7.5000 7978.7036   21.7159
   -7.5000  -37.5000    7.5000 8804.5547   23.1126
    0.0000  -37.5000    7.5000 8882.8369   23.0932
    7.5000  -37.5000    7.5000 8538.8262   23.1162
   -7.5000  -30.0000    7.5000 9388.3311   23.7170
    0.0000  -30.0000    7.5000 9488.3184   23.6947
    7.5000  -30.0000    7.5000 9105.8896   23.7202
   -7.5000  -22.5000    7.5000 9993.4990   23.7103
    0.0000  -22.5000    7.5000 9981.1943   23.6895
    7.5000  -22.5000    7.5000 9631.9941   23.7183
   -7.5000  -15.0000    7.500010488.2852   23.6885
    0.0000  -15.0000    7.500010386.5186   23.6714
    7.5000  -15.0000    7.500010046.5146   23.7029
   -7.5000   -7.5000    7.500010611.6572   23.6751
    0.0000   -7.5000    7.500010554.5713   23.6598
    7.5000   -7.5000    7.500010181.3594   23.6895
   -7.5000    0.0000    7.500010704.4668   23.6821
    0.0000    0.0000    7.500010642.9209   23.6655
    7.5000    0.0000    7.500010259.9160   23.6906
   -7.5000    7.5000    7.500010206.8613   23.6951
    0.0000    7.5000    7.500010128.4268   23.6751
    7.5000    7.5000    7.5000 9777.6689   23.6988
   -7.5000   15.0000    7.5000 9916.0908   23.7086
    0.0000   15.0000    7.5000 9834.1953   23.6863
    7.5000   15.0000    7.5000 9479.3574   23.7118
   -7.5000   22.5000    7.5000 9132.6289   23.4035
    0.0000   22.5000    7.5000 9096.2021   23.3829
    7.5000   22.5000    7.5000 8725.3242   23.4113
   -7.5000   30.0000    7.5000 8298.2266   22.8270
    0.0000   30.0000    7.5000 8311.2295   22.8105
    7.5000   30.0000    7.5000 7963.4966   22.8408
   -7.5000   37.5000    7.5000 7524.2744   22.1467
    0.0000   37.5000    7.5000 7553.3208   22.1323
    7.5000   37.5000    7.5000 7213.9697   22.1602
   -7.5000   45.0000    7.5000 6740.9800   21.5831
    0.0000   45.0000    7.5000 6786.6011   21.5686
    7.5000   45.0000    7.5000 6454.5220   21.5901
   -7.5000  -45.0000   15.0000 8201.9307   21.7486
    0.0000  -45.0000   15.0000 8326.8926   21.7129
    7.5000  -45.0000   15.0000 7967.6978   21.7219
   -7.5000  -37.5000   15.0000 8781.8936   23.1513
    0.0000  -37.5000   15.0000 8881.3799   23.1153
    7.5000  -37.5000   15.0000 8516.0889   23.1317
   -7.5000  -30.0000   15.0000 9369.9902   23.7652
    0.0000  -30.0000   15.0000 9451.4092   23.7278
    7.5000  -30.0000   15.0000 9070.0312   23.7514
   -7.5000  -22.5000   15.0000 9998.2139   23.7734
    0.0000  -22.5000   15.0000 9952.0625   23.7340
    7.5000  -22.5000   15.0000 9613.8223   23.7579
   -7.5000  -15.0000   15.000010548.8232   23.7579
    0.0000  -15.0000   15.000010348.5000   23.7145
    7.5000  -15.0000   15.000010062.3008   23.7311
   -7.5000   -7.5000   15.000010676.7373   23.7350
    0.0000   -7.5000   15.000010534.9424   23.6917
    7.5000   -7.5000   15.000010193.0107   23.7015
   -7.5000    0.0000   15.000010776.7188   23.7263
    0.0000    0.0000   15.000010686.0596   23.6874
    7.5000    0.0000   15.000010300.6904   23.6971
   -7.5000    7.5000   15.000010270.9023   23.7347
    0.0000    7.5000   15.000010216.5371   23.6979
    7.5000    7.5000   15.0000 9814.9561   23.7146
   -7.5000   15.0000   15.0000 9939.7207   23.7568
    0.0000   15.0000   15.0000 9903.4258   23.7194
    7.5000   15.0000   15.0000 9487.1113   23.7430
   -7.5000   22.5000   15.0000 9122.1631   23.4657
    0.0000   22.5000   15.0000 9100.7295   23.4268
    7.5000   22.5000   15.0000 8696.1865   23.4505
   -7.5000   30.0000   15.0000 8301.5469   22.8938
    0.0000   30.0000   15.0000 8320.8516   22.8520
    7.5000   30.0000   15.0000 7945.6240   22.8680
   -7.5000   37.5000   15.0000 7495.4111   22.2027
    0.0000   37.5000   15.0000 7516.8018   22.1622
    7.5000   37.5000   15.0000 7182.7354   22.1714
   -7.5000   45.0000   15.0000 6689.6040   21.6198
    0.0000   45.0000   15.0000 6723.5190   21.5854
    7.5000   45.0000   15.0000 6410.5786   21.5947
   -7.5000  -45.0000   22.5000 7753.2197   21.9205
    0.0000  -45.0000   22.5000 7893.5894   21.8653
    7.5000  -45.0000   22.5000 7561.6738   21.8451
   -7.5000  -37.5000   22.5000 8295.7236   23.3316
    0.0000  -37.5000   22.5000 8414.5791   23.2750
    7.5000  -37.5000   22.5000 8053.0425   23.2684
   -7.5000  -30.0000   22.5000 8840.4121   23.9492
    0.0000  -30.0000   22.5000 8947.4531   23.8906
    7.5000  -30.0000   22.5000 8574.7949   23.8962
   -7.5000  -22.5000   22.5000 9455.2979   23.9591
    0.0000  -22.5000   22.5000 9534.4775   23.8974
    7.5000  -22.5000   22.5000 9143.0449   23.9002
   -7.5000  -15.0000   22.500010012.2490   23.9509
    0.0000  -15.0000   22.500010085.6729   23.8815
    7.5000  -15.0000   22.5000 9651.3496   23.8667
   -7.5000   -7.5000   22.500010153.6592   23.9290
    0.0000   -7.5000   22.500010236.2920   23.8605
    7.5000   -7.5000   22.5000 9761.8398   23.8342
   -7.5000    0.0000   22.500010222.7910   23.9138
    0.0000    0.0000   22.500010284.1240   23.8537
    7.5000    0.0000   22.5000 9790.5850   23.8315
   -7.5000    7.5000   22.5000 9745.8916   23.9196
    0.0000    7.5000   22.5000 9774.5342   23.8616
    7.5000    7.5000   22.5000 9316.1826   23.8548
   -7.5000   15.0000   22.5000 9425.6611   23.9407
    0.0000   15.0000   22.5000 9425.6484   23.8821
    7.5000   15.0000   22.5000 9002.2910   23.8877
   -7.5000   22.5000   22.5000 8625.9277   23.6490
    0.0000   22.5000   22.5000 8605.0234   23.5881
    7.5000   22.5000   22.5000 8228.2002   23.5909
   -7.5000   30.0000   22.5000 7846.9336   23.0798
    0.0000   30.0000   22.5000 7833.7725   23.0130
    7.5000   30.0000   22.5000 7489.7700   22.9987
   -7.5000   37.5000   22.5000 7064.6133   22.3841
    0.0000   37.5000   22.5000 7057.3042   22.3201
    7.5000   37.5000   22.5000 6744.8955   22.2955
   -7.5000   45.0000   22.5000 6285.5127   21.7929
    0.0000   45.0000   22.5000 6298.2158   21.7368
    7.5000   45.0000   22.5000 6027.6826   21.7167
   -7.5000  -45.0000   30.0000 7263.3813   22.1000
    0.0000  -45.0000   30.0000 7431.0552   22.0476
    7.5000  -45.0000   30.0000 7082.7524   22.0155
   -7.5000  -37.5000   30.0000 7756.4849   23.5349
    0.0000  -37.5000   30.0000 7926.6772   23.4760
    7.5000  -37.5000   30.0000 7560.5981   23.4563
   -7.5000  -30.0000   30.0000 8275.0576   24.1551
    0.0000  -30.0000   30.0000 8438.1826   24.0921
    7.5000  -30.0000   30.0000 8048.6807   24.0836
   -7.5000  -22.5000   30.0000 8861.4414   24.1550
    0.0000  -22.5000   30.0000 8996.6768   24.0910
    7.5000  -22.5000   30.0000 8584.9883   24.0788
   -7.5000  -15.0000   30.0000 9383.9297   24.1471
    0.0000  -15.0000   30.0000 9500.7334   24.0802
    7.5000  -15.0000   30.0000 9057.4756   24.0506
   -7.5000   -7.5000   30.0000 9494.1943   24.1322
    0.0000   -7.5000   30.0000 9604.5488   24.0692
    7.5000   -7.5000   30.0000 9145.5635   24.0296
   -7.5000    0.0000   30.0000 9563.6035   24.1244
    0.0000    0.0000   30.0000 9660.5820   24.0673
    7.5000    0.0000   30.0000 9192.0137   24.0321
   -7.5000    7.5000   30.0000 9128.2305   24.1321
    0.0000    7.5000   30.0000 9193.7393   24.0717
    7.5000    7.5000   30.0000 8749.2754   24.0515
   -7.5000   15.0000   30.0000 8829.7891   24.1465
    0.0000   15.0000   30.0000 8855.1699   24.0835
    7.5000   15.0000   30.0000 8452.8594   24.0751
   -7.5000   22.5000   30.0000 8089.6616   23.8403
    0.0000   22.5000   30.0000 8095.1729   23.7772
    7.5000   22.5000   30.0000 7722.7290   23.7651
   -7.5000   30.0000   30.0000 7353.4478   23.2796
    0.0000   30.0000   30.0000 7361.1733   23.2151
    7.5000   30.0000   30.0000 7020.2158   23.1865
   -7.5000   37.5000   30.0000 6608.9512   22.5955
    0.0000   37.5000   30.0000 6624.3330   22.5365
    7.5000   37.5000   30.0000 6313.7632   22.4994
   -7.5000   45.0000   30.0000 5881.2314   22.0216
    0.0000   45.0000   30.0000 5898.8188   21.9653
    7.5000   45.0000   30.0000 5627.8472   21.9308
   -7.5000  -45.0000   37.5000 6783.9873   22.1905
    0.0000  -45.0000   37.5000 6925.9004   22.1597
    7.5000  -45.0000   37.5000 6617.7979   22.1423
   -7.5000  -37.5000   37.5000 7236.3286   23.6416
    0.0000  -37.5000   37.5000 7369.4194   23.5997
    7.5000  -37.5000   37.5000 7037.0420   23.5900
   -7.5000  -30.0000   37.5000 7704.2251   24.2441
    0.0000  -30.0000   37.5000 7842.4253   24.1962
    7.5000  -30.0000   37.5000 7478.9771   24.1934
   -7.5000  -22.5000   37.5000 8245.8672   24.2319
    0.0000  -22.5000   37.5000 8372.1777   24.1872
    7.5000  -22.5000   37.5000 7998.9351   24.1816
   -7.5000  -15.0000   37.5000 8727.8018   24.2170
    0.0000  -15.0000   37.5000 8847.2344   24.1778
    7.5000  -15.0000   37.5000 8442.3848   24.1625
   -7.5000   -7.5000   37.5000 8815.2627   24.2086
    0.0000   -7.5000   37.5000 8917.1064   24.1751
    7.5000   -7.5000   37.5000 8497.6230   24.1542
   -7.5000    0.0000   37.5000 8865.6787   24.2139
    0.0000    0.0000   37.5000 8951.3496   24.1803
    7.5000    0.0000   37.5000 8534.1172   24.1613
   -7.5000    7.5000   37.5000 8502.4414   24.2265
    0.0000    7.5000   37.5000 8574.9951   24.1835
    7.5000    7.5000   37.5000 8176.3828   24.1737
   -7.5000   15.0000   37.5000 8225.6123   24.2353
    0.0000   15.0000   37.5000 8280.6807   24.1874
    7.5000   15.0000   37.5000 7904.6294   24.1846
   -7.5000   22.5000   37.5000 7540.5078   23.9120
    0.0000   22.5000   37.5000 7569.0117   23.8679
    7.5000   22.5000   37.5000 7231.6533   23.8624
   -7.5000   30.0000   37.5000 6863.5063   23.3468
    0.0000   30.0000   37.5000 6885.3896   23.3090
    7.5000   30.0000   37.5000 6579.8438   23.2942
   -7.5000   37.5000   37.5000 6176.6899   22.6673
    0.0000   37.5000   37.5000 6207.5820   22.6360
    7.5000   37.5000   37.5000 5926.5020   22.6163
   -7.5000   45.0000   37.5000 5502.0317   22.1004
    0.0000   45.0000   37.5000 5521.9521   22.0656
    7.5000   45.0000   37.5000 5272.0493   22.0438
   -7.5000  -45.0000   45.0000 6281.2090   22.4486
    0.0000  -45.0000   45.0000 6414.0376   22.4348
    7.5000  -45.0000   45.0000 6135.8760   22.4536
   -7.5000  -37.5000   45.0000 6688.9307   23.9184
    0.0000  -37.5000   45.0000 6824.2744   23.8940
    7.5000  -37.5000   45.0000 6522.3687   23.9123
   -7.5000  -30.0000   45.0000 7119.5601   24.4961
    0.0000  -30.0000   45.0000 7267.8906   24.4667
    7.5000  -30.0000   45.0000 6936.1743   24.4882
   -7.5000  -22.5000   45.0000 7619.6851   24.4756
    0.0000  -22.5000   45.0000 7751.8174   24.4515
    7.5000  -22.5000   45.0000 7414.2651   24.4771
   -7.5000  -15.0000   45.0000 8051.9756   24.4562
    0.0000  -15.0000   45.0000 8171.2603   24.4420
    7.5000  -15.0000   45.0000 7822.3643   24.4705
   -7.5000   -7.5000   45.0000 8121.2661   24.4555
    0.0000   -7.5000   45.0000 8233.3516   24.4455
    7.5000   -7.5000   45.0000 7868.6484   24.4720
   -7.5000    0.0000   45.0000 8168.2705   24.4745
    0.0000    0.0000   45.0000 8255.5938   24.4594
    7.5000    0.0000   45.0000 7886.7437   24.4799
   -7.5000    7.5000   45.0000 7864.0864   24.4866
    0.0000    7.5000   45.0000 7946.8218   24.4616
    7.5000    7.5000   45.0000 7595.1274   24.4804
   -7.5000   15.0000   45.0000 7624.9092   24.4869
    0.0000   15.0000   45.0000 7685.8994   24.4576
    7.5000   15.0000   45.0000 7360.0825   24.4791
   -7.5000   22.5000   45.0000 6992.9312   24.1493
    0.0000   22.5000   45.0000 7027.6729   24.1256
    7.5000   22.5000   45.0000 6740.4951   24.1508
   -7.5000   30.0000   45.0000 6372.5879   23.5751
    0.0000   30.0000   45.0000 6400.7314   23.5614
    7.5000   30.0000   45.0000 6140.0728   23.5889
   -7.5000   37.5000   45.0000 5747.9883   22.8923
    0.0000   37.5000   45.0000 5775.5674   22.8830
    7.5000   37.5000   45.0000 5527.5273   22.9078
   -7.5000   45.0000   45.0000 5106.1528   22.2771
    0.0000   45.0000   45.0000 5128.0176   22.2616
    7.5000   45.0000   45.0000 4908.0762   22.2767

---------------------------------------------------------------------
imgreg_4dfp /opt/freesurfer/average/711-2C_as_mni_average_305 /opt/freesurfer/average/711-2B_as_mni_average_305_mask talsrcimg_g11 none talsrcimg_to_711-2C_as_mni_average_305_t4 4355
---------------------------------------------------------------------

freesurfer imgreg_4dfp.c
/opt/freesurfer/average/711-2C_as_mni_average_305.4dfp.img
       256       256       256         1
  1.000000  1.000000  1.000000
orientation T byte_order littleendian
Reading image: /opt/freesurfer/average/711-2C_as_mni_average_305.4dfp.img
dimensions:      256       256       256
mmppix:       1.0000   -1.0000   -1.0000
center:     128.0000 -129.0000 -129.0000
/opt/freesurfer/average/711-2B_as_mni_average_305_mask.4dfp.img
       256       256       256         1
  1.000000  1.000000  1.000000
orientation T byte_order littleendian
Reading mask: /opt/freesurfer/average/711-2B_as_mni_average_305_mask.4dfp.img (2306576 pixels)
talsrcimg_g11.4dfp.img
       256       256       256         1
  0.900000  0.900000  0.900000
orientation T byte_order littleendian
Reading image: talsrcimg_g11.4dfp.img
dimensions:      256       256       256
mmppix:       0.9000   -0.9000   -0.9000
center:     115.2000 -116.1000 -116.1000
rotation matrix determinant  1.000000
image alignment mode   4355 decimal     1103 hex
   -7.5000  -45.0000  -45.0000 1919.1185   21.1031
    0.0000  -45.0000  -45.0000 1938.1187   20.8443
    7.5000  -45.0000  -45.0000 1934.0673   20.9180
   -7.5000  -37.5000  -45.0000 1997.8604   19.6773
    0.0000  -37.5000  -45.0000 2015.2749   19.4496
    7.5000  -37.5000  -45.0000 2012.5574   19.5137
   -7.5000  -30.0000  -45.0000 2036.4518   18.5776
    0.0000  -30.0000  -45.0000 2053.8467   18.3337
    7.5000  -30.0000  -45.0000 2050.8293   18.3632
   -7.5000  -22.5000  -45.0000 2063.9265   17.7603
    0.0000  -22.5000  -45.0000 2080.3362   17.4764
    7.5000  -22.5000  -45.0000 2076.3147   17.5377
   -7.5000  -15.0000  -45.0000 2070.5916   17.4263
    0.0000  -15.0000  -45.0000 2091.1819   17.0992
    7.5000  -15.0000  -45.0000 2082.6897   17.1906
   -7.5000   -7.5000  -45.0000 2062.2336   17.5034
    0.0000   -7.5000  -45.0000 2081.3435   17.1968
    7.5000   -7.5000  -45.0000 2073.6646   17.2887
   -7.5000    0.0000  -45.0000 2039.0941   17.9703
    0.0000    0.0000  -45.0000 2060.0520   17.6424
    7.5000    0.0000  -45.0000 2048.2422   17.7156
   -7.5000    7.5000  -45.0000 1997.9791   18.7367
    0.0000    7.5000  -45.0000 2017.9850   18.3914
    7.5000    7.5000  -45.0000 2008.5562   18.4970
   -7.5000   15.0000  -45.0000 1945.6545   19.8842
    0.0000   15.0000  -45.0000 1969.4502   19.5498
    7.5000   15.0000  -45.0000 1955.5463   19.6556
   -7.5000   22.5000  -45.0000 1869.3469   21.5546
    0.0000   22.5000  -45.0000 1890.6394   21.1747
    7.5000   22.5000  -45.0000 1879.7100   21.3201
   -7.5000   30.0000  -45.0000 1778.7205   23.7654
    0.0000   30.0000  -45.0000 1801.8784   23.2943
    7.5000   30.0000  -45.0000 1789.9803   23.5493
   -7.5000   37.5000  -45.0000 1656.7955   26.5884
    0.0000   37.5000  -45.0000 1675.5011   26.0733
    7.5000   37.5000  -45.0000 1665.0621   26.3315
   -7.5000   45.0000  -45.0000 1501.9006   30.0725
    0.0000   45.0000  -45.0000 1516.9196   29.5437
    7.5000   45.0000  -45.0000 1507.5925   29.8371
   -7.5000  -45.0000  -37.5000 2077.2126   20.5919
    0.0000  -45.0000  -37.5000 2100.9026   20.3287
    7.5000  -45.0000  -37.5000 2099.6953   20.4031
   -7.5000  -37.5000  -37.5000 2163.8608   19.1548
    0.0000  -37.5000  -37.5000 2189.5405   18.9665
    7.5000  -37.5000  -37.5000 2182.9919   19.0414
   -7.5000  -30.0000  -37.5000 2210.9360   18.0951
    0.0000  -30.0000  -37.5000 2235.2922   17.9081
    7.5000  -30.0000  -37.5000 2224.2808   17.9371
   -7.5000  -22.5000  -37.5000 2234.0425   17.3226
    0.0000  -22.5000  -37.5000 2258.8967   17.1053
    7.5000  -22.5000  -37.5000 2248.4238   17.1261
   -7.5000  -15.0000  -37.5000 2242.1841   16.9970
    0.0000  -15.0000  -37.5000 2270.3630   16.7404
    7.5000  -15.0000  -37.5000 2261.0210   16.8105
   -7.5000   -7.5000  -37.5000 2234.6980   17.0366
    0.0000   -7.5000  -37.5000 2260.1272   16.7929
    7.5000   -7.5000  -37.5000 2250.4524   16.8646
   -7.5000    0.0000  -37.5000 2212.5603   17.4323
    0.0000    0.0000  -37.5000 2238.9958   17.1602
    7.5000    0.0000  -37.5000 2228.2603   17.2435
   -7.5000    7.5000  -37.5000 2169.3091   18.2059
    0.0000    7.5000  -37.5000 2196.4888   17.8870
    7.5000    7.5000  -37.5000 2185.5752   17.9671
   -7.5000   15.0000  -37.5000 2110.3486   19.3586
    0.0000   15.0000  -37.5000 2135.8098   19.0022
    7.5000   15.0000  -37.5000 2126.9919   19.0936
   -7.5000   22.5000  -37.5000 2027.5892   20.9512
    0.0000   22.5000  -37.5000 2053.4583   20.5868
    7.5000   22.5000  -37.5000 2042.3091   20.7141
   -7.5000   30.0000  -37.5000 1923.7168   23.1080
    0.0000   30.0000  -37.5000 1950.0276   22.6973
    7.5000   30.0000  -37.5000 1940.4360   22.8534
   -7.5000   37.5000  -37.5000 1789.7715   25.7685
    0.0000   37.5000  -37.5000 1810.7905   25.3515
    7.5000   37.5000  -37.5000 1801.0663   25.5426
   -7.5000   45.0000  -37.5000 1628.3739   29.1132
    0.0000   45.0000  -37.5000 1647.6365   28.5754
    7.5000   45.0000  -37.5000 1636.9670   28.8299
   -7.5000  -45.0000  -30.0000 2217.2178   19.9166
    0.0000  -45.0000  -30.0000 2242.5244   19.6237
    7.5000  -45.0000  -30.0000 2235.8552   19.6854
   -7.5000  -37.5000  -30.0000 2307.8445   18.5133
    0.0000  -37.5000  -30.0000 2334.4871   18.2616
    7.5000  -37.5000  -30.0000 2323.1162   18.3108
   -7.5000  -30.0000  -30.0000 2367.1919   17.4989
    0.0000  -30.0000  -30.0000 2390.5579   17.2650
    7.5000  -30.0000  -30.0000 2378.1108   17.2676
   -7.5000  -22.5000  -30.0000 2395.9583   16.7798
    0.0000  -22.5000  -30.0000 2422.3979   16.5721
    7.5000  -22.5000  -30.0000 2410.6040   16.5579
   -7.5000  -15.0000  -30.0000 2416.0132   16.4556
    0.0000  -15.0000  -30.0000 2443.2617   16.2170
    7.5000  -15.0000  -30.0000 2431.1670   16.2349
   -7.5000   -7.5000  -30.0000 2406.5422   16.5099
    0.0000   -7.5000  -30.0000 2437.1528   16.2629
    7.5000   -7.5000  -30.0000 2422.3423   16.3106
   -7.5000    0.0000  -30.0000 2381.3994   16.8819
    0.0000    0.0000  -30.0000 2413.4521   16.6099
    7.5000    0.0000  -30.0000 2397.8699   16.6497
   -7.5000    7.5000  -30.0000 2336.8330   17.6269
    0.0000    7.5000  -30.0000 2369.8396   17.3259
    7.5000    7.5000  -30.0000 2353.0542   17.3450
   -7.5000   15.0000  -30.0000 2269.7083   18.7433
    0.0000   15.0000  -30.0000 2301.0127   18.4331
    7.5000   15.0000  -30.0000 2287.0786   18.4747
   -7.5000   22.5000  -30.0000 2177.6172   20.2893
    0.0000   22.5000  -30.0000 2206.4485   19.9835
    7.5000   22.5000  -30.0000 2193.2751   20.0705
   -7.5000   30.0000  -30.0000 2061.8467   22.3589
    0.0000   30.0000  -30.0000 2090.4187   21.9894
    7.5000   30.0000  -30.0000 2079.2124   22.1247
   -7.5000   37.5000  -30.0000 1911.3997   24.8879
    0.0000   37.5000  -30.0000 1939.6257   24.5148
    7.5000   37.5000  -30.0000 1929.5369   24.6997
   -7.5000   45.0000  -30.0000 1736.3712   28.0379
    0.0000   45.0000  -30.0000 1763.8379   27.6191
    7.5000   45.0000  -30.0000 1751.8876   27.8360
   -7.5000  -45.0000  -22.5000 2327.2212   19.2717
    0.0000  -45.0000  -22.5000 2357.3047   18.9529
    7.5000  -45.0000  -22.5000 2347.5000   18.9199
   -7.5000  -37.5000  -22.5000 2432.1704   17.8441
    0.0000  -37.5000  -22.5000 2457.5872   17.5665
    7.5000  -37.5000  -22.5000 2445.4368   17.5350
   -7.5000  -30.0000  -22.5000 2497.2454   16.7674
    0.0000  -30.0000  -22.5000 2521.7966   16.5294
    7.5000  -30.0000  -22.5000 2511.9109   16.4987
   -7.5000  -22.5000  -22.5000 2536.4561   16.0758
    0.0000  -22.5000  -22.5000 2564.0356   15.8477
    7.5000  -22.5000  -22.5000 2553.7761   15.8327
   -7.5000  -15.0000  -22.5000 2566.6182   15.7609
    0.0000  -15.0000  -22.5000 2599.2910   15.5139
    7.5000  -15.0000  -22.5000 2585.5488   15.4725
   -7.5000   -7.5000  -22.5000 2565.4548   15.8225
    0.0000   -7.5000  -22.5000 2600.5559   15.5752
    7.5000   -7.5000  -22.5000 2584.7183   15.5498
   -7.5000    0.0000  -22.5000 2537.3044   16.1975
    0.0000    0.0000  -22.5000 2569.4639   15.9273
    7.5000    0.0000  -22.5000 2559.2869   15.9510
   -7.5000    7.5000  -22.5000 2484.3057   16.9515
    0.0000    7.5000  -22.5000 2520.6919   16.6577
    7.5000    7.5000  -22.5000 2507.8691   16.6825
   -7.5000   15.0000  -22.5000 2414.2141   18.0252
    0.0000   15.0000  -22.5000 2448.4343   17.7000
    7.5000   15.0000  -22.5000 2433.5088   17.7539
   -7.5000   22.5000  -22.5000 2310.9795   19.4931
    0.0000   22.5000  -22.5000 2341.1677   19.1670
    7.5000   22.5000  -22.5000 2327.8340   19.2406
   -7.5000   30.0000  -22.5000 2182.6130   21.5626
    0.0000   30.0000  -22.5000 2209.2600   21.1904
    7.5000   30.0000  -22.5000 2197.8606   21.2803
   -7.5000   37.5000  -22.5000 2020.2458   24.0458
    0.0000   37.5000  -22.5000 2043.6046   23.6002
    7.5000   37.5000  -22.5000 2036.0021   23.7650
   -7.5000   45.0000  -22.5000 1835.5599   27.0216
    0.0000   45.0000  -22.5000 1860.1924   26.5418
    7.5000   45.0000  -22.5000 1849.9298   26.7276
   -7.5000  -45.0000  -15.0000 2404.5408   18.5884
    0.0000  -45.0000  -15.0000 2435.0234   18.2010
    7.5000  -45.0000  -15.0000 2427.1179   18.2203
   -7.5000  -37.5000  -15.0000 2522.2632   17.1433
    0.0000  -37.5000  -15.0000 2546.0596   16.8294
    7.5000  -37.5000  -15.0000 2537.4565   16.7939
   -7.5000  -30.0000  -15.0000 2600.2576   16.0467
    0.0000  -30.0000  -15.0000 2624.4265   15.7711
    7.5000  -30.0000  -15.0000 2613.9309   15.7379
   -7.5000  -22.5000  -15.0000 2654.7249   15.3186
    0.0000  -22.5000  -15.0000 2684.4978   15.0498
    7.5000  -22.5000  -15.0000 2675.8572   15.0445
   -7.5000  -15.0000  -15.0000 2688.2720   14.9562
    0.0000  -15.0000  -15.0000 2724.2048   14.7207
    7.5000  -15.0000  -15.0000 2707.8628   14.6988
   -7.5000   -7.5000  -15.0000 2694.8831   15.0309
    0.0000   -7.5000  -15.0000 2733.9746   14.7646
    7.5000   -7.5000  -15.0000 2715.8757   14.7526
   -7.5000    0.0000  -15.0000 2666.8787   15.4449
    0.0000    0.0000  -15.0000 2710.6348   15.1820
    7.5000    0.0000  -15.0000 2694.8604   15.1655
   -7.5000    7.5000  -15.0000 2609.6655   16.1920
    0.0000    7.5000  -15.0000 2650.6643   15.8991
    7.5000    7.5000  -15.0000 2632.9077   15.9023
   -7.5000   15.0000  -15.0000 2523.8865   17.2262
    0.0000   15.0000  -15.0000 2561.9182   16.9188
    7.5000   15.0000  -15.0000 2540.7197   16.9408
   -7.5000   22.5000  -15.0000 2412.0227   18.6570
    0.0000   22.5000  -15.0000 2443.7083   18.3472
    7.5000   22.5000  -15.0000 2425.1897   18.3849
   -7.5000   30.0000  -15.0000 2275.3662   20.6749
    0.0000   30.0000  -15.0000 2304.8752   20.3250
    7.5000   30.0000  -15.0000 2288.8818   20.3696
   -7.5000   37.5000  -15.0000 2105.7629   23.0893
    0.0000   37.5000  -15.0000 2128.7751   22.7060
    7.5000   37.5000  -15.0000 2116.2285   22.7095
   -7.5000   45.0000  -15.0000 1907.8676   25.9458
    0.0000   45.0000  -15.0000 1926.3763   25.5333
    7.5000   45.0000  -15.0000 1915.9043   25.5245
   -7.5000  -45.0000   -7.5000 2440.0222   17.8278
    0.0000  -45.0000   -7.5000 2466.1023   17.3669
    7.5000  -45.0000   -7.5000 2461.7319   17.4581
   -7.5000  -37.5000   -7.5000 2566.0061   16.3711
    0.0000  -37.5000   -7.5000 2589.9128   15.9721
    7.5000  -37.5000   -7.5000 2584.7983   16.0362
   -7.5000  -30.0000   -7.5000 2659.1995   15.2455
    0.0000  -30.0000   -7.5000 2690.0583   14.9232
    7.5000  -30.0000   -7.5000 2678.9065   14.9622
   -7.5000  -22.5000   -7.5000 2731.1663   14.5202
    0.0000  -22.5000   -7.5000 2765.8843   14.2199
    7.5000  -22.5000   -7.5000 2755.7488   14.2161
   -7.5000  -15.0000   -7.5000 2774.1943   14.1559
    0.0000  -15.0000   -7.5000 2819.4399   13.8584
    7.5000  -15.0000   -7.5000 2799.3469   13.8766
   -7.5000   -7.5000   -7.5000 2790.0903   14.1916
    0.0000   -7.5000   -7.5000 2844.4038   13.8989
    7.5000   -7.5000   -7.5000 2815.2146   13.9131
   -7.5000    0.0000   -7.5000 2758.5244   14.6521
    0.0000    0.0000   -7.5000 2807.5173   14.3617
    7.5000    0.0000   -7.5000 2787.5310   14.3723
   -7.5000    7.5000   -7.5000 2695.8020   15.3436
    0.0000    7.5000   -7.5000 2734.7620   15.0335
    7.5000    7.5000   -7.5000 2716.2444   15.0612
   -7.5000   15.0000   -7.5000 2596.2681   16.3468
    0.0000   15.0000   -7.5000 2633.0859   16.0507
    7.5000   15.0000   -7.5000 2612.4954   16.0793
   -7.5000   22.5000   -7.5000 2473.3145   17.7908
    0.0000   22.5000   -7.5000 2506.0127   17.4957
    7.5000   22.5000   -7.5000 2487.8665   17.5369
   -7.5000   30.0000   -7.5000 2325.0420   19.7354
    0.0000   30.0000   -7.5000 2363.1865   19.4323
    7.5000   30.0000   -7.5000 2346.0498   19.4785
   -7.5000   37.5000   -7.5000 2146.6104   22.0341
    0.0000   37.5000   -7.5000 2175.0762   21.6698
    7.5000   37.5000   -7.5000 2164.4807   21.7040
   -7.5000   45.0000   -7.5000 1942.7073   24.7384
    0.0000   45.0000   -7.5000 1967.0609   24.3372
    7.5000   45.0000   -7.5000 1957.8647   24.4299
   -7.5000  -45.0000    0.0000 2469.2422   17.3999
    0.0000  -45.0000    0.0000 2496.4231   16.8640
    7.5000  -45.0000    0.0000 2489.9341   17.0088
   -7.5000  -37.5000    0.0000 2602.8679   15.9109
    0.0000  -37.5000    0.0000 2632.0994   15.4372
    7.5000  -37.5000    0.0000 2624.2817   15.5621
   -7.5000  -30.0000    0.0000 2708.8818   14.7942
    0.0000  -30.0000    0.0000 2745.9324   14.3684
    7.5000  -30.0000    0.0000 2735.4058   14.4886
   -7.5000  -22.5000    0.0000 2798.4553   14.0258
    0.0000  -22.5000    0.0000 2842.8418   13.6338
    7.5000  -22.5000    0.0000 2830.0557   13.7116
   -7.5000  -15.0000    0.0000 2856.6125   13.5971
    0.0000  -15.0000    0.0000 2917.8794   13.2136
    7.5000  -15.0000    0.0000 2891.7986   13.3035
   -7.5000   -7.5000    0.0000 2885.6987   13.6062
    0.0000   -7.5000    0.0000 2951.6177   13.2856
    7.5000   -7.5000    0.0000 2915.9502   13.3587
   -7.5000    0.0000    0.0000 2845.0911   14.1118
    0.0000    0.0000    0.0000 2903.5276   13.8005
    7.5000    0.0000    0.0000 2878.1750   13.8737
   -7.5000    7.5000    0.0000 2766.3447   14.8329
    0.0000    7.5000    0.0000 2806.6667   14.5235
    7.5000    7.5000    0.0000 2788.6672   14.5794
   -7.5000   15.0000    0.0000 2655.7092   15.8546
    0.0000   15.0000    0.0000 2692.9753   15.5251
    7.5000   15.0000    0.0000 2676.4436   15.5925
   -7.5000   22.5000    0.0000 2521.8311   17.2809
    0.0000   22.5000    0.0000 2556.6755   16.9754
    7.5000   22.5000    0.0000 2542.1094   17.0456
   -7.5000   30.0000    0.0000 2367.3088   19.1683
    0.0000   30.0000    0.0000 2403.7878   18.8604
    7.5000   30.0000    0.0000 2392.9434   18.9513
   -7.5000   37.5000    0.0000 2185.6790   21.4132
    0.0000   37.5000    0.0000 2217.2151   21.0630
    7.5000   37.5000    0.0000 2204.9385   21.2143
   -7.5000   45.0000    0.0000 1975.1444   23.9994
    0.0000   45.0000    0.0000 2001.5088   23.5976
    7.5000   45.0000    0.0000 1994.6237   23.7742
   -7.5000  -45.0000    7.5000 2471.5342   17.1523
    0.0000  -45.0000    7.5000 2503.6646   16.5548
    7.5000  -45.0000    7.5000 2497.6846   16.7304
   -7.5000  -37.5000    7.5000 2605.1819   15.6426
    0.0000  -37.5000    7.5000 2640.6313   15.0703
    7.5000  -37.5000    7.5000 2638.0681   15.2719
   -7.5000  -30.0000    7.5000 2720.7925   14.5148
    0.0000  -30.0000    7.5000 2760.5957   13.9559
    7.5000  -30.0000    7.5000 2756.5544   14.1736
   -7.5000  -22.5000    7.5000 2825.3743   13.6998
    0.0000  -22.5000    7.5000 2873.6499   13.1815
    7.5000  -22.5000    7.5000 2866.1104   13.3525
   -7.5000  -15.0000    7.5000 2901.2234   13.1779
    0.0000  -15.0000    7.5000 2969.6638   12.5956
    7.5000  -15.0000    7.5000 2944.9268   12.8369
   -7.5000   -7.5000    7.5000 2937.6658   13.2052
    0.0000   -7.5000    7.5000 3014.2170   12.6845
    7.5000   -7.5000    7.5000 2985.0134   12.8890
   -7.5000    0.0000    7.5000 2893.3093   13.7512
    0.0000    0.0000    7.5000 2954.4553   13.3278
    7.5000    0.0000    7.5000 2934.7937   13.4743
   -7.5000    7.5000    7.5000 2805.6016   14.5279
    0.0000    7.5000    7.5000 2847.4155   14.1043
    7.5000    7.5000    7.5000 2832.9277   14.2348
   -7.5000   15.0000    7.5000 2686.0181   15.5378
    0.0000   15.0000    7.5000 2719.3267   15.1180
    7.5000   15.0000    7.5000 2708.0708   15.2582
   -7.5000   22.5000    7.5000 2543.1392   16.9559
    0.0000   22.5000    7.5000 2580.0183   16.5614
    7.5000   22.5000    7.5000 2565.2690   16.7134
   -7.5000   30.0000    7.5000 2388.2878   18.8361
    0.0000   30.0000    7.5000 2425.0481   18.4451
    7.5000   30.0000    7.5000 2409.6399   18.6025
   -7.5000   37.5000    7.5000 2202.0291   21.0620
    0.0000   37.5000    7.5000 2231.0295   20.6495
    7.5000   37.5000    7.5000 2220.1050   20.8200
   -7.5000   45.0000    7.5000 1988.9182   23.5760
    0.0000   45.0000    7.5000 2014.5845   23.1658
    7.5000   45.0000    7.5000 2001.9922   23.3075
   -7.5000  -45.0000   15.0000 2458.0833   17.1883
    0.0000  -45.0000   15.0000 2496.0303   16.6255
    7.5000  -45.0000   15.0000 2491.9475   16.7485
   -7.5000  -37.5000   15.0000 2595.6240   15.7041
    0.0000  -37.5000   15.0000 2633.6816   15.1238
    7.5000  -37.5000   15.0000 2627.8577   15.2769
   -7.5000  -30.0000   15.0000 2716.5310   14.5769
    0.0000  -30.0000   15.0000 2751.7227   13.9793
    7.5000  -30.0000   15.0000 2749.4666   14.1425
   -7.5000  -22.5000   15.0000 2822.4900   13.7533
    0.0000  -22.5000   15.0000 2862.3008   13.1630
    7.5000  -22.5000   15.0000 2860.6499   13.3257
   -7.5000  -15.0000   15.0000 2906.0767   13.2859
    0.0000  -15.0000   15.0000 2959.4622   12.6190
    7.5000  -15.0000   15.0000 2949.7256   12.8480
   -7.5000   -7.5000   15.0000 2944.1929   13.2544
    0.0000   -7.5000   15.0000 3018.9043   12.6630
    7.5000   -7.5000   15.0000 2990.3928   12.8745
   -7.5000    0.0000   15.0000 2903.8638   13.7272
    0.0000    0.0000   15.0000 2967.7603   13.2825
    7.5000    0.0000   15.0000 2942.0288   13.4183
   -7.5000    7.5000   15.0000 2810.2759   14.5063
    0.0000    7.5000   15.0000 2857.5261   14.1070
    7.5000    7.5000   15.0000 2836.6099   14.1785
   -7.5000   15.0000   15.0000 2688.5620   15.5474
    0.0000   15.0000   15.0000 2727.5627   15.1568
    7.5000   15.0000   15.0000 2710.8228   15.1973
   -7.5000   22.5000   15.0000 2543.1892   16.9408
    0.0000   22.5000   15.0000 2577.0813   16.5905
    7.5000   22.5000   15.0000 2562.8081   16.6471
   -7.5000   30.0000   15.0000 2387.4753   18.7448
    0.0000   30.0000   15.0000 2424.4934   18.4086
    7.5000   30.0000   15.0000 2409.2957   18.4633
   -7.5000   37.5000   15.0000 2199.0554   20.8981
    0.0000   37.5000   15.0000 2230.3079   20.5296
    7.5000   37.5000   15.0000 2219.1636   20.5822
   -7.5000   45.0000   15.0000 1987.2369   23.3872
    0.0000   45.0000   15.0000 2015.0264   22.9754
    7.5000   45.0000   15.0000 2002.4161   23.0391
   -7.5000  -45.0000   22.5000 2438.0134   17.4845
    0.0000  -45.0000   22.5000 2481.0710   16.9643
    7.5000  -45.0000   22.5000 2476.6379   17.0685
   -7.5000  -37.5000   22.5000 2577.4617   16.0683
    0.0000  -37.5000   22.5000 2615.1709   15.5252
    7.5000  -37.5000   22.5000 2606.5269   15.6153
   -7.5000  -30.0000   22.5000 2691.5554   14.9550
    0.0000  -30.0000   22.5000 2729.7068   14.4368
    7.5000  -30.0000   22.5000 2723.3064   14.5131
   -7.5000  -22.5000   22.5000 2792.3586   14.1886
    0.0000  -22.5000   22.5000 2836.7656   13.6333
    7.5000  -22.5000   22.5000 2829.4634   13.7376
   -7.5000  -15.0000   22.5000 2868.4028   13.7322
    0.0000  -15.0000   22.5000 2918.9612   13.2227
    7.5000  -15.0000   22.5000 2905.1348   13.2879
   -7.5000   -7.5000   22.5000 2899.4272   13.7106
    0.0000   -7.5000   22.5000 2955.5630   13.2814
    7.5000   -7.5000   22.5000 2935.0261   13.2991
   -7.5000    0.0000   22.5000 2864.0168   14.0765
    0.0000    0.0000   22.5000 2922.1458   13.6863
    7.5000    0.0000   22.5000 2894.8262   13.7205
   -7.5000    7.5000   22.5000 2776.0232   14.8183
    0.0000    7.5000   22.5000 2822.0154   14.4117
    7.5000    7.5000   22.5000 2798.3105   14.4386
   -7.5000   15.0000   22.5000 2660.7986   15.8350
    0.0000   15.0000   22.5000 2699.7642   15.4252
    7.5000   15.0000   22.5000 2684.4856   15.4590
   -7.5000   22.5000   22.5000 2518.3032   17.1711
    0.0000   22.5000   22.5000 2552.6616   16.7768
    7.5000   22.5000   22.5000 2542.2383   16.8519
   -7.5000   30.0000   22.5000 2369.4487   18.9236
    0.0000   30.0000   22.5000 2401.0935   18.5113
    7.5000   30.0000   22.5000 2389.6135   18.5872
   -7.5000   37.5000   22.5000 2184.0718   21.0516
    0.0000   37.5000   22.5000 2212.8025   20.5993
    7.5000   37.5000   22.5000 2200.8560   20.6684
   -7.5000   45.0000   22.5000 1971.4609   23.4500
    0.0000   45.0000   22.5000 1998.2274   23.0133
    7.5000   45.0000   22.5000 1990.4149   23.0695
   -7.5000  -45.0000   30.0000 2413.2344   18.1662
    0.0000  -45.0000   30.0000 2461.3994   17.7108
    7.5000  -45.0000   30.0000 2448.9536   17.7530
   -7.5000  -37.5000   30.0000 2542.4087   16.6827
    0.0000  -37.5000   30.0000 2589.5884   16.2807
    7.5000  -37.5000   30.0000 2576.6387   16.3197
   -7.5000  -30.0000   30.0000 2652.6492   15.5740
    0.0000  -30.0000   30.0000 2698.1265   15.1624
    7.5000  -30.0000   30.0000 2688.4009   15.2157
   -7.5000  -22.5000   30.0000 2741.7583   14.8201
    0.0000  -22.5000   30.0000 2791.5391   14.3620
    7.5000  -22.5000   30.0000 2781.6501   14.4120
   -7.5000  -15.0000   30.0000 2805.9836   14.4086
    0.0000  -15.0000   30.0000 2850.8247   13.9583
    7.5000  -15.0000   30.0000 2839.6125   13.9816
   -7.5000   -7.5000   30.0000 2824.6101   14.3686
    0.0000   -7.5000   30.0000 2868.5757   13.9524
    7.5000   -7.5000   30.0000 2855.7771   13.9585
   -7.5000    0.0000   30.0000 2790.1570   14.7017
    0.0000    0.0000   30.0000 2835.5127   14.2938
    7.5000    0.0000   30.0000 2817.6042   14.3404
   -7.5000    7.5000   30.0000 2709.8208   15.3789
    0.0000    7.5000   30.0000 2747.7847   14.9787
    7.5000    7.5000   30.0000 2727.0325   14.9907
   -7.5000   15.0000   30.0000 2605.2417   16.3033
    0.0000   15.0000   30.0000 2637.0474   15.9329
    7.5000   15.0000   30.0000 2625.0317   15.9453
   -7.5000   22.5000   30.0000 2478.7307   17.5761
    0.0000   22.5000   30.0000 2509.9421   17.2093
    7.5000   22.5000   30.0000 2499.0781   17.2371
   -7.5000   30.0000   30.0000 2332.6492   19.3213
    0.0000   30.0000   30.0000 2358.2065   18.9160
    7.5000   30.0000   30.0000 2350.8296   18.9115
   -7.5000   37.5000   30.0000 2151.1714   21.3739
    0.0000   37.5000   30.0000 2176.7407   20.9309
    7.5000   37.5000   30.0000 2166.8818   20.9588
   -7.5000   45.0000   30.0000 1948.2701   23.7168
    0.0000   45.0000   30.0000 1974.7238   23.2385
    7.5000   45.0000   30.0000 1963.3663   23.3411
   -7.5000  -45.0000   37.5000 2371.2878   19.0999
    0.0000  -45.0000   37.5000 2415.1799   18.6965
    7.5000  -45.0000   37.5000 2404.8154   18.7145
   -7.5000  -37.5000   37.5000 2493.2417   17.5819
    0.0000  -37.5000   37.5000 2537.2583   17.1706
    7.5000  -37.5000   37.5000 2526.4761   17.2037
   -7.5000  -30.0000   37.5000 2594.3853   16.4255
    0.0000  -30.0000   37.5000 2644.5730   16.0138
    7.5000  -30.0000   37.5000 2631.8015   16.0491
   -7.5000  -22.5000   37.5000 2673.5371   15.6394
    0.0000  -22.5000   37.5000 2723.4944   15.2433
    7.5000  -22.5000   37.5000 2713.5098   15.2827
   -7.5000  -15.0000   37.5000 2722.9717   15.2499
    0.0000  -15.0000   37.5000 2764.1934   14.8658
    7.5000  -15.0000   37.5000 2755.3975   14.8646
   -7.5000   -7.5000   37.5000 2730.3586   15.2086
    0.0000   -7.5000   37.5000 2765.2471   14.8447
    7.5000   -7.5000   37.5000 2755.5132   14.8275
   -7.5000    0.0000   37.5000 2698.0107   15.4718
    0.0000    0.0000   37.5000 2733.4399   15.0826
    7.5000    0.0000   37.5000 2718.2195   15.1346
   -7.5000    7.5000   37.5000 2628.1628   16.0868
    0.0000    7.5000   37.5000 2660.7495   15.7027
    7.5000    7.5000   37.5000 2641.5540   15.7409
   -7.5000   15.0000   37.5000 2528.8665   17.0166
    0.0000   15.0000   37.5000 2558.8987   16.6280
    7.5000   15.0000   37.5000 2544.3452   16.6856
   -7.5000   22.5000   37.5000 2414.4246   18.2529
    0.0000   22.5000   37.5000 2437.7778   17.9104
    7.5000   22.5000   37.5000 2427.3452   17.9456
   -7.5000   30.0000   37.5000 2275.7590   19.9543
    0.0000   30.0000   37.5000 2300.9714   19.5814
    7.5000   30.0000   37.5000 2291.2476   19.6024
   -7.5000   37.5000   37.5000 2108.6895   21.9815
    0.0000   37.5000   37.5000 2135.2180   21.5861
    7.5000   37.5000   37.5000 2123.3486   21.6342
   -7.5000   45.0000   37.5000 1911.2596   24.3230
    0.0000   45.0000   37.5000 1931.2942   23.9054
    7.5000   45.0000   37.5000 1924.1843   23.9844
   -7.5000  -45.0000   45.0000 2298.0908   20.1621
    0.0000  -45.0000   45.0000 2340.1941   19.7853
    7.5000  -45.0000   45.0000 2329.2268   19.7607
   -7.5000  -37.5000   45.0000 2412.3740   18.5686
    0.0000  -37.5000   45.0000 2454.6909   18.2131
    7.5000  -37.5000   45.0000 2444.9065   18.2123
   -7.5000  -30.0000   45.0000 2505.8472   17.4019
    0.0000  -30.0000   45.0000 2553.0520   17.0524
    7.5000  -30.0000   45.0000 2542.0901   17.0574
   -7.5000  -22.5000   45.0000 2576.1045   16.6241
    0.0000  -22.5000   45.0000 2618.4001   16.2881
    7.5000  -22.5000   45.0000 2612.5066   16.2932
   -7.5000  -15.0000   45.0000 2611.7322   16.2615
    0.0000  -15.0000   45.0000 2642.3677   15.8935
    7.5000  -15.0000   45.0000 2640.0452   15.8903
   -7.5000   -7.5000   45.0000 2606.9741   16.1896
    0.0000   -7.5000   45.0000 2638.3301   15.8597
    7.5000   -7.5000   45.0000 2631.4377   15.8659
   -7.5000    0.0000   45.0000 2574.9854   16.3965
    0.0000    0.0000   45.0000 2602.8274   16.0624
    7.5000    0.0000   45.0000 2592.6545   16.0895
   -7.5000    7.5000   45.0000 2514.9062   16.9680
    0.0000    7.5000   45.0000 2547.1912   16.6081
    7.5000    7.5000   45.0000 2534.2095   16.6354
   -7.5000   15.0000   45.0000 2428.5120   17.8584
    0.0000   15.0000   45.0000 2453.7070   17.5140
    7.5000   15.0000   45.0000 2444.2495   17.5630
   -7.5000   22.5000   45.0000 2321.0625   19.0834
    0.0000   22.5000   45.0000 2341.2666   18.7697
    7.5000   22.5000   45.0000 2336.8601   18.8165
   -7.5000   30.0000   45.0000 2192.4231   20.7720
    0.0000   30.0000   45.0000 2211.7622   20.4772
    7.5000   30.0000   45.0000 2207.8296   20.5263
   -7.5000   37.5000   45.0000 2035.7819   22.8127
    0.0000   37.5000   45.0000 2055.5815   22.4644
    7.5000   37.5000   45.0000 2045.5050   22.5618
   -7.5000   45.0000   45.0000 1845.0571   25.2027
    0.0000   45.0000   45.0000 1864.4098   24.7769
    7.5000   45.0000   45.0000 1856.2947   24.8814

---------------------------------------------------------------------
imgreg_4dfp /opt/freesurfer/average/711-2C_as_mni_average_305 /opt/freesurfer/average/711-2B_as_mni_average_305_mask talsrcimg_g11 none talsrcimg_to_711-2C_as_mni_average_305_t4 1283
---------------------------------------------------------------------

freesurfer imgreg_4dfp.c
/opt/freesurfer/average/711-2C_as_mni_average_305.4dfp.img
       256       256       256         1
  1.000000  1.000000  1.000000
orientation T byte_order littleendian
Reading image: /opt/freesurfer/average/711-2C_as_mni_average_305.4dfp.img
dimensions:      256       256       256
mmppix:       1.0000   -1.0000   -1.0000
center:     128.0000 -129.0000 -129.0000
/opt/freesurfer/average/711-2B_as_mni_average_305_mask.4dfp.img
       256       256       256         1
  1.000000  1.000000  1.000000
orientation T byte_order littleendian
Reading mask: /opt/freesurfer/average/711-2B_as_mni_average_305_mask.4dfp.img (2306576 pixels)
talsrcimg_g11.4dfp.img
       256       256       256         1
  0.900000  0.900000  0.900000
orientation T byte_order littleendian
Reading image: talsrcimg_g11.4dfp.img
dimensions:      256       256       256
mmppix:       0.9000   -0.9000   -0.9000
center:     115.2000 -116.1000 -116.1000
rotation matrix determinant  1.000000
fimgreg.f
image alignment mode   1283 decimal      503 hex
parameters
    0.0000   -7.5000   15.0000    0.0000    0.0000    0.0000
eta,q 0.94877 12.65226
niter,ni,del,rscale     5    3   12.0000    1.2000
parameters
    1.8329   -6.9305   13.2432   -1.6071    2.7481    0.9782
eta,q 0.95241 12.52859
  0.0662  0.0655  0.0532  0.0549  0.0581  0.0569
  0.0597  0.0590  0.0523  0.0503  0.0541  0.0528
  0.0560  0.0538  0.0504  0.0490  0.0506  0.0496
  0.0527  0.0506  0.0504  0.0503  0.0491  0.0478
  0.0505  0.0510  0.0530  0.0537  0.0481  0.0478
  0.0521  0.0546  0.0566  0.0576  0.0478  0.0495
  0.0563  0.0618  0.0621  0.0611  0.0494  0.0527
niter,ni,del,rscale     4    3   12.0000    1.2000
parameters
    1.2872   -6.6596   11.8495   -1.9523    3.3143    0.8816
eta,q 0.95214 12.46042
  0.0559  0.0630  0.0501  0.0565  0.0550  0.0547
  0.0512  0.0563  0.0501  0.0513  0.0518  0.0513
  0.0491  0.0503  0.0487  0.0489  0.0497  0.0487
  0.0476  0.0480  0.0480  0.0482  0.0482  0.0479
  0.0485  0.0491  0.0489  0.0498  0.0479  0.0489
  0.0533  0.0534  0.0517  0.0535  0.0498  0.0515
  0.0609  0.0613  0.0558  0.0578  0.0534  0.0552
niter,ni,del,rscale     3    3   12.0000    1.2000
parameters
    0.9631   -6.6842   11.7994   -1.9820    3.4723    0.8604
eta,q 0.95213 12.45278
  0.0572  0.0613  0.0525  0.0574  0.0545  0.0547
  0.0520  0.0551  0.0494  0.0519  0.0512  0.0513
  0.0488  0.0499  0.0496  0.0488  0.0493  0.0488
  0.0479  0.0479  0.0479  0.0480  0.0480  0.0479
  0.0491  0.0492  0.0482  0.0492  0.0480  0.0488
  0.0528  0.0544  0.0497  0.0527  0.0503  0.0513
  0.0602  0.0623  0.0531  0.0570  0.0545  0.0549
niter,ni,del,rscale     2    3   12.0000    1.2000
parameters
    0.9239   -6.6848   11.7658   -2.0076    3.4997    0.8563
eta,q 0.95211 12.45035
  0.0580  0.0614  0.0526  0.0574  0.0543  0.0547
  0.0529  0.0551  0.0494  0.0518  0.0511  0.0513
  0.0491  0.0499  0.0496  0.0487  0.0492  0.0488
  0.0479  0.0479  0.0479  0.0479  0.0479  0.0479
  0.0489  0.0491  0.0482  0.0492  0.0481  0.0488
  0.0521  0.0543  0.0497  0.0526  0.0505  0.0512
  0.0591  0.0622  0.0531  0.0570  0.0549  0.0548
registration optimization eta report
parameter search radius
    6.0000    6.0000    6.0000    6.0000    6.0000    6.0000
100000*second partial in parameter space
       30.       38.       13.       26.       19.       19.
  0.0580  0.0614  0.0526  0.0574  0.0543  0.0547
  0.0529  0.0551  0.0494  0.0518  0.0511  0.0513
  0.0491  0.0499  0.0496  0.0487  0.0492  0.0488
  0.0479  0.0479  0.0479  0.0479  0.0479  0.0479
  0.0489  0.0491  0.0482  0.0492  0.0481  0.0488
  0.0521  0.0543  0.0497  0.0526  0.0505  0.0512
  0.0591  0.0622  0.0531  0.0570  0.0549  0.0548
    0.9239   -6.6848   11.7658   -2.0076    3.4997    0.8563
eta,q 0.95211 12.45035

---------------------------------------------------------------------
imgreg_4dfp /opt/freesurfer/average/711-2C_as_mni_average_305 /opt/freesurfer/average/711-2B_as_mni_average_305_mask talsrcimg_g11 none talsrcimg_to_711-2C_as_mni_average_305_t4 3335
---------------------------------------------------------------------

freesurfer imgreg_4dfp.c
/opt/freesurfer/average/711-2C_as_mni_average_305.4dfp.img
       256       256       256         1
  1.000000  1.000000  1.000000
orientation T byte_order littleendian
Reading image: /opt/freesurfer/average/711-2C_as_mni_average_305.4dfp.img
dimensions:      256       256       256
mmppix:       1.0000   -1.0000   -1.0000
center:     128.0000 -129.0000 -129.0000
/opt/freesurfer/average/711-2B_as_mni_average_305_mask.4dfp.img
       256       256       256         1
  1.000000  1.000000  1.000000
orientation T byte_order littleendian
Reading mask: /opt/freesurfer/average/711-2B_as_mni_average_305_mask.4dfp.img (2306576 pixels)
talsrcimg_g11.4dfp.img
       256       256       256         1
  0.900000  0.900000  0.900000
orientation T byte_order littleendian
Reading image: talsrcimg_g11.4dfp.img
dimensions:      256       256       256
mmppix:       0.9000   -0.9000   -0.9000
center:     115.2000 -116.1000 -116.1000
fimgreg.f
image alignment mode   3335 decimal      D07 hex
parameters
    0.9239   -6.6848   11.7658   -0.1976   -0.0694   -0.2478
   -1.2797   -6.1522    1.4917    3.4117    6.1043   -3.4967
eta,q 0.95060 12.57188
niter,ni,del,rscale     5    3    5.0000    1.2000
parameter  3  1.345583 -> -0.500000 qaram    1.1500
parameter  4  4.245588 ->  0.500000 qaram    1.1500
parameter  5  2.136187 ->  0.500000 qaram    1.1500
parameter  6  1.055696 ->  0.500000 qaram    1.1500
parameters
    1.2109   -6.3585   13.1458   -4.3376   -4.2094   -4.3878
   -1.4294   -3.2437    0.5282    2.8294    4.0349   -0.7920
eta,q 0.96848 11.99158
  0.0512  0.0517  0.0494  0.0392  0.0337  0.0328  0.0356  0.0417  0.0338  0.0352  0.0327  0.0336
  0.0502  0.0506  0.0493  0.0414  0.0357  0.0329  0.0343  0.0385  0.0326  0.0335  0.0321  0.0329
  0.0496  0.0498  0.0494  0.0447  0.0386  0.0343  0.0335  0.0356  0.0320  0.0323  0.0318  0.0322
  0.0494  0.0494  0.0493  0.0488  0.0422  0.0364  0.0331  0.0332  0.0319  0.0319  0.0319  0.0318
  0.0494  0.0494  0.0490  0.0527  0.0463  0.0399  0.0334  0.0320  0.0325  0.0325  0.0325  0.0315
  0.0498  0.0499  0.0488  0.0567  0.0507  0.0438  0.0344  0.0326  0.0336  0.0343  0.0335  0.0316
  0.0505  0.0508  0.0489  0.0608  0.0557  0.0477  0.0360  0.0345  0.0351  0.0366  0.0349  0.0321
niter,ni,del,rscale     7    3    5.0000    1.2000
parameter  3  0.934238 ->  0.500000 qaram    1.3225
parameter  4  0.763616 ->  0.500000 qaram    1.3225
parameter  5  0.792407 ->  0.500000 qaram    1.3225
parameter 12  0.558926 ->  0.500000 qaram    1.1500
parameters
    1.1143   -6.3204   11.5588   -9.0986   -8.9704   -7.9999
   -0.9016   -3.1346    0.4998    1.5459    2.8674   -4.9320
eta,q 0.97571 11.49065
  0.0351  0.0343  0.0298  0.0273  0.0243  0.0257  0.0275  0.0295  0.0266  0.0262  0.0253  0.0245
  0.0330  0.0328  0.0296  0.0266  0.0243  0.0247  0.0261  0.0267  0.0255  0.0250  0.0247  0.0243
  0.0318  0.0318  0.0301  0.0271  0.0250  0.0246  0.0251  0.0250  0.0248  0.0246  0.0245  0.0243
  0.0315  0.0315  0.0315  0.0297  0.0265  0.0244  0.0247  0.0247  0.0247  0.0247  0.0246  0.0245
  0.0321  0.0318  0.0335  0.0339  0.0292  0.0273  0.0249  0.0252  0.0250  0.0252  0.0248  0.0249
  0.0335  0.0327  0.0357  0.0388  0.0329  0.0318  0.0256  0.0266  0.0256  0.0262  0.0252  0.0254
  0.0356  0.0341  0.0379  0.0435  0.0371  0.0355  0.0268  0.0291  0.0266  0.0280  0.0259  0.0260
niter,ni,del,rscale     7    3    5.0000    1.2000
parameter  3  1.038911 ->  0.500000 qaram    1.5209
parameters
    1.2433   -6.6235    9.7338   -9.4152  -11.8719   -9.1192
   -0.8056   -3.0557    0.7221    1.8998    3.5592   -6.6664
eta,q 0.97830 11.38694
  0.0280  0.0260  0.0221  0.0269  0.0236  0.0258  0.0245  0.0267  0.0237  0.0251  0.0234  0.0229
  0.0261  0.0248  0.0218  0.0248  0.0219  0.0241  0.0231  0.0240  0.0227  0.0232  0.0226  0.0221
  0.0248  0.0243  0.0226  0.0232  0.0214  0.0225  0.0222  0.0223  0.0220  0.0220  0.0221  0.0217
  0.0243  0.0243  0.0242  0.0219  0.0220  0.0214  0.0218  0.0218  0.0218  0.0218  0.0218  0.0218
  0.0245  0.0247  0.0263  0.0219  0.0232  0.0224  0.0221  0.0224  0.0220  0.0222  0.0219  0.0224
  0.0255  0.0256  0.0284  0.0242  0.0254  0.0255  0.0230  0.0239  0.0225  0.0230  0.0222  0.0232
  0.0273  0.0270  0.0308  0.0290  0.0288  0.0302  0.0244  0.0264  0.0235  0.0243  0.0229  0.0241
niter,ni,del,rscale     7    3    5.0000    1.2000
parameters
    1.2808   -6.4479    9.1068   -8.6856  -11.8108   -9.7126
   -0.7923   -3.0700    0.5409    2.5777    3.8179   -7.1214
eta,q 0.97848 11.40394
  0.0251  0.0246  0.0246  0.0269  0.0257  0.0258  0.0242  0.0264  0.0233  0.0249  0.0230  0.0232
  0.0233  0.0230  0.0226  0.0248  0.0234  0.0241  0.0229  0.0238  0.0223  0.0231  0.0222  0.0222
  0.0222  0.0221  0.0217  0.0231  0.0218  0.0226  0.0219  0.0221  0.0217  0.0219  0.0217  0.0216
  0.0217  0.0217  0.0217  0.0216  0.0213  0.0213  0.0215  0.0215  0.0215  0.0215  0.0215  0.0215
  0.0220  0.0219  0.0227  0.0210  0.0220  0.0213  0.0218  0.0221  0.0218  0.0218  0.0216  0.0219
  0.0231  0.0226  0.0247  0.0226  0.0232  0.0245  0.0228  0.0238  0.0224  0.0225  0.0221  0.0226
  0.0250  0.0238  0.0274  0.0266  0.0255  0.0287  0.0243  0.0264  0.0234  0.0237  0.0228  0.0235
niter,ni,del,rscale     6    3    5.0000    1.2000
parameters
    1.2647   -6.2799    8.9329   -8.5635  -11.8326   -9.9062
   -0.7092   -3.1124    0.3926    2.9420    3.9513   -7.3861
eta,q 0.97848 11.40240
  0.0250  0.0243  0.0253  0.0266  0.0257  0.0261  0.0243  0.0263  0.0232  0.0245  0.0229  0.0233
  0.0231  0.0228  0.0230  0.0246  0.0235  0.0244  0.0229  0.0238  0.0223  0.0228  0.0222  0.0223
  0.0219  0.0219  0.0218  0.0229  0.0219  0.0228  0.0219  0.0221  0.0217  0.0218  0.0217  0.0217
  0.0215  0.0215  0.0215  0.0215  0.0215  0.0214  0.0215  0.0215  0.0215  0.0215  0.0215  0.0215
  0.0219  0.0217  0.0221  0.0213  0.0221  0.0210  0.0218  0.0222  0.0218  0.0218  0.0216  0.0219
  0.0231  0.0224  0.0236  0.0233  0.0234  0.0237  0.0227  0.0238  0.0224  0.0226  0.0221  0.0226
  0.0251  0.0236  0.0261  0.0276  0.0257  0.0280  0.0242  0.0264  0.0234  0.0238  0.0229  0.0234
niter,ni,del,rscale     5    3    5.0000    1.2000
parameters
    1.2567   -6.1832    8.8540   -8.5256  -11.8958   -9.9821
   -0.6530   -3.1395    0.3147    3.1701    4.0428   -7.5407
eta,q 0.97847 11.40001
  0.0250  0.0241  0.0254  0.0265  0.0256  0.0261  0.0242  0.0263  0.0232  0.0243  0.0229  0.0234
  0.0231  0.0227  0.0232  0.0246  0.0235  0.0244  0.0229  0.0238  0.0223  0.0227  0.0222  0.0223
  0.0219  0.0218  0.0219  0.0229  0.0219  0.0229  0.0219  0.0221  0.0217  0.0218  0.0217  0.0217
  0.0215  0.0215  0.0215  0.0215  0.0215  0.0215  0.0215  0.0215  0.0215  0.0215  0.0215  0.0215
  0.0219  0.0217  0.0220  0.0214  0.0222  0.0209  0.0218  0.0221  0.0217  0.0218  0.0217  0.0218
  0.0231  0.0225  0.0234  0.0234  0.0235  0.0234  0.0227  0.0238  0.0223  0.0227  0.0221  0.0225
  0.0251  0.0237  0.0258  0.0277  0.0258  0.0278  0.0243  0.0264  0.0233  0.0238  0.0229  0.0234
niter,ni,del,rscale     4    3    5.0000    1.2000
parameters
    1.2536   -6.1211    8.8086   -8.5080  -11.9433  -10.0217
   -0.6204   -3.1548    0.2605    3.3235    4.0898   -7.6325
eta,q 0.97847 11.39831
  0.0250  0.0240  0.0255  0.0265  0.0256  0.0261  0.0242  0.0263  0.0232  0.0242  0.0229  0.0234
  0.0231  0.0226  0.0232  0.0246  0.0235  0.0244  0.0229  0.0238  0.0223  0.0227  0.0222  0.0224
  0.0219  0.0218  0.0219  0.0229  0.0220  0.0229  0.0219  0.0221  0.0217  0.0218  0.0217  0.0217
  0.0215  0.0215  0.0215  0.0215  0.0215  0.0215  0.0215  0.0215  0.0215  0.0215  0.0215  0.0215
  0.0219  0.0218  0.0220  0.0214  0.0222  0.0209  0.0218  0.0221  0.0217  0.0219  0.0217  0.0218
  0.0231  0.0225  0.0233  0.0234  0.0235  0.0233  0.0228  0.0238  0.0223  0.0227  0.0221  0.0225
  0.0250  0.0237  0.0257  0.0277  0.0257  0.0277  0.0243  0.0264  0.0233  0.0238  0.0229  0.0234
niter,ni,del,rscale     3    3    5.0000    1.2000
parameters
    1.2505   -6.0802    8.7807   -8.4957  -11.9760  -10.0503
   -0.5982   -3.1691    0.2369    3.4190    4.1216   -7.6834
eta,q 0.97846 11.39705
  0.0250  0.0239  0.0255  0.0265  0.0256  0.0261  0.0242  0.0263  0.0232  0.0241  0.0229  0.0234
  0.0231  0.0226  0.0232  0.0246  0.0235  0.0244  0.0229  0.0238  0.0223  0.0226  0.0222  0.0224
  0.0219  0.0218  0.0219  0.0230  0.0220  0.0229  0.0219  0.0221  0.0217  0.0218  0.0217  0.0217
  0.0215  0.0215  0.0215  0.0215  0.0215  0.0215  0.0215  0.0215  0.0215  0.0215  0.0215  0.0215
  0.0219  0.0218  0.0220  0.0214  0.0222  0.0209  0.0218  0.0221  0.0217  0.0219  0.0217  0.0218
  0.0231  0.0226  0.0233  0.0235  0.0235  0.0233  0.0228  0.0238  0.0223  0.0227  0.0221  0.0225
  0.0250  0.0238  0.0256  0.0277  0.0257  0.0277  0.0243  0.0264  0.0233  0.0238  0.0230  0.0234
niter,ni,del,rscale     2    3    5.0000    1.2000
parameters
    1.2474   -6.0521    8.7629   -8.4914  -12.0000  -10.0688
   -0.5865   -3.1766    0.2178    3.4804    4.1457   -7.7271
eta,q 0.97846 11.39588
  0.0250  0.0239  0.0255  0.0265  0.0256  0.0261  0.0242  0.0263  0.0232  0.0241  0.0229  0.0234
  0.0231  0.0226  0.0233  0.0246  0.0236  0.0244  0.0229  0.0238  0.0223  0.0226  0.0222  0.0224
  0.0220  0.0218  0.0219  0.0230  0.0220  0.0229  0.0219  0.0221  0.0217  0.0218  0.0217  0.0217
  0.0215  0.0215  0.0215  0.0215  0.0215  0.0215  0.0215  0.0215  0.0215  0.0215  0.0215  0.0215
  0.0220  0.0218  0.0220  0.0214  0.0222  0.0209  0.0218  0.0221  0.0217  0.0219  0.0217  0.0218
  0.0232  0.0226  0.0233  0.0235  0.0235  0.0233  0.0228  0.0238  0.0223  0.0227  0.0221  0.0225
  0.0250  0.0238  0.0256  0.0277  0.0257  0.0277  0.0243  0.0263  0.0233  0.0238  0.0230  0.0234
niter,ni,del,rscale     1    3    5.0000    1.2000
parameters
    1.2462   -6.0341    8.7511   -8.4856  -12.0218  -10.0819
   -0.5717   -3.1821    0.2016    3.5286    4.1636   -7.7604
eta,q 0.97845 11.39515
  0.0250  0.0239  0.0255  0.0265  0.0256  0.0261  0.0242  0.0263  0.0232  0.0241  0.0229  0.0234
  0.0232  0.0226  0.0233  0.0246  0.0236  0.0244  0.0229  0.0238  0.0223  0.0226  0.0222  0.0224
  0.0220  0.0218  0.0219  0.0230  0.0220  0.0229  0.0219  0.0221  0.0218  0.0218  0.0217  0.0217
  0.0215  0.0215  0.0215  0.0215  0.0215  0.0215  0.0215  0.0215  0.0215  0.0215  0.0215  0.0215
  0.0220  0.0218  0.0220  0.0214  0.0222  0.0209  0.0218  0.0221  0.0217  0.0219  0.0217  0.0218
  0.0232  0.0226  0.0233  0.0235  0.0235  0.0233  0.0228  0.0238  0.0223  0.0228  0.0221  0.0225
  0.0250  0.0238  0.0255  0.0277  0.0257  0.0277  0.0243  0.0263  0.0233  0.0238  0.0230  0.0234
registration optimization eta report
parameter search radius
    2.4000    2.4000    3.6501    9.5220    9.5220    8.2800
    7.2000    7.2000    7.2000    7.2000    7.2000    8.2800
100000*second partial in parameter space
       60.       40.       30.        6.        4.        8.
        5.        9.        3.        5.        3.        3.
  0.0250  0.0239  0.0255  0.0265  0.0256  0.0261  0.0242  0.0263  0.0232  0.0241  0.0229  0.0234
  0.0232  0.0226  0.0233  0.0246  0.0236  0.0244  0.0229  0.0238  0.0223  0.0226  0.0222  0.0224
  0.0220  0.0218  0.0219  0.0230  0.0220  0.0229  0.0219  0.0221  0.0218  0.0218  0.0217  0.0217
  0.0215  0.0215  0.0215  0.0215  0.0215  0.0215  0.0215  0.0215  0.0215  0.0215  0.0215  0.0215
  0.0220  0.0218  0.0220  0.0214  0.0222  0.0209  0.0218  0.0221  0.0217  0.0219  0.0217  0.0218
  0.0232  0.0226  0.0233  0.0235  0.0235  0.0233  0.0228  0.0238  0.0223  0.0228  0.0221  0.0225
  0.0250  0.0238  0.0255  0.0277  0.0257  0.0277  0.0243  0.0263  0.0233  0.0238  0.0230  0.0234
    1.2462   -6.0341    8.7511   -8.4856  -12.0218  -10.0819
   -0.5717   -3.1821    0.2016    3.5286    4.1636   -7.7604
eta,q 0.97845 11.39515

---------------------------------------------------------------------
imgreg_4dfp /opt/freesurfer/average/711-2C_as_mni_average_305 /opt/freesurfer/average/711-2B_as_mni_average_305_mask talsrcimg_g11 none talsrcimg_to_711-2C_as_mni_average_305_t4 2311
---------------------------------------------------------------------

freesurfer imgreg_4dfp.c
/opt/freesurfer/average/711-2C_as_mni_average_305.4dfp.img
       256       256       256         1
  1.000000  1.000000  1.000000
orientation T byte_order littleendian
Reading image: /opt/freesurfer/average/711-2C_as_mni_average_305.4dfp.img
dimensions:      256       256       256
mmppix:       1.0000   -1.0000   -1.0000
center:     128.0000 -129.0000 -129.0000
/opt/freesurfer/average/711-2B_as_mni_average_305_mask.4dfp.img
       256       256       256         1
  1.000000  1.000000  1.000000
orientation T byte_order littleendian
Reading mask: /opt/freesurfer/average/711-2B_as_mni_average_305_mask.4dfp.img (2306576 pixels)
talsrcimg_g11.4dfp.img
       256       256       256         1
  0.900000  0.900000  0.900000
orientation T byte_order littleendian
Reading image: talsrcimg_g11.4dfp.img
dimensions:      256       256       256
mmppix:       0.9000   -0.9000   -0.9000
center:     115.2000 -116.1000 -116.1000
fimgreg.f
image alignment mode   2311 decimal      907 hex
parameters
    1.2462   -6.0341    8.7511   -8.4856  -12.0218  -10.0819
   -0.5717   -3.1821    0.2016    3.5286    4.1636   -7.7604
eta,q 0.97845 11.39515
niter,ni,del,rscale     5    3    5.0000    0.8000
parameters
    1.2479   -6.0391    8.6967   -6.8481  -12.3813   -8.9684
   -0.4401   -3.1622    0.1502    3.9660    4.1802   -7.5804
eta,q 0.97916 11.44439
  0.0232  0.0226  0.0222  0.0237  0.0223  0.0238  0.0222  0.0238  0.0216  0.0223  0.0218  0.0216
  0.0223  0.0220  0.0218  0.0230  0.0216  0.0228  0.0215  0.0223  0.0212  0.0216  0.0213  0.0212
  0.0217  0.0217  0.0216  0.0222  0.0213  0.0219  0.0210  0.0212  0.0209  0.0211  0.0210  0.0209
  0.0215  0.0215  0.0215  0.0215  0.0212  0.0212  0.0209  0.0209  0.0208  0.0208  0.0208  0.0208
  0.0217  0.0217  0.0217  0.0212  0.0215  0.0208  0.0210  0.0212  0.0209  0.0209  0.0209  0.0209
  0.0223  0.0220  0.0219  0.0214  0.0220  0.0210  0.0214  0.0222  0.0212  0.0213  0.0212  0.0211
  0.0232  0.0226  0.0223  0.0221  0.0226  0.0225  0.0221  0.0238  0.0217  0.0218  0.0218  0.0215
niter,ni,del,rscale     4    3    5.0000    0.7000
parameters
    1.1445   -6.1139    8.8454   -7.1184  -12.5028   -8.7441
   -0.3247   -3.2407    0.2067    3.7127    4.2611   -7.5410
eta,q 0.97925 11.43815
  0.0221  0.0216  0.0217  0.0222  0.0218  0.0229  0.0218  0.0230  0.0214  0.0216  0.0215  0.0213
  0.0213  0.0211  0.0213  0.0216  0.0212  0.0221  0.0213  0.0218  0.0210  0.0211  0.0211  0.0210
  0.0209  0.0209  0.0210  0.0210  0.0209  0.0214  0.0209  0.0210  0.0208  0.0208  0.0208  0.0208
  0.0208  0.0208  0.0208  0.0208  0.0208  0.0208  0.0208  0.0207  0.0208  0.0207  0.0207  0.0207
  0.0211  0.0210  0.0209  0.0211  0.0210  0.0206  0.0208  0.0210  0.0208  0.0209  0.0208  0.0208
  0.0216  0.0213  0.0210  0.0217  0.0213  0.0213  0.0212  0.0219  0.0210  0.0213  0.0210  0.0210
  0.0225  0.0217  0.0214  0.0228  0.0218  0.0229  0.0217  0.0232  0.0214  0.0218  0.0215  0.0213
niter,ni,del,rscale     3    3    5.0000    0.6000
parameters
    1.1294   -6.1772    8.9078   -7.1065  -12.6229   -8.5206
   -0.3278   -3.2645    0.2452    3.5987    4.2688   -7.5213
eta,q 0.97932 11.43726
  0.0218  0.0213  0.0214  0.0220  0.0215  0.0224  0.0214  0.0224  0.0212  0.0214  0.0212  0.0211
  0.0212  0.0210  0.0210  0.0214  0.0210  0.0217  0.0210  0.0215  0.0209  0.0210  0.0209  0.0209
  0.0208  0.0208  0.0208  0.0209  0.0208  0.0212  0.0208  0.0209  0.0207  0.0207  0.0208  0.0207
  0.0207  0.0207  0.0207  0.0207  0.0207  0.0207  0.0207  0.0207  0.0207  0.0207  0.0207  0.0207
  0.0209  0.0208  0.0208  0.0209  0.0209  0.0206  0.0208  0.0209  0.0207  0.0208  0.0207  0.0207
  0.0213  0.0211  0.0210  0.0213  0.0211  0.0211  0.0210  0.0215  0.0209  0.0210  0.0209  0.0209
  0.0218  0.0214  0.0213  0.0220  0.0215  0.0224  0.0214  0.0225  0.0211  0.0214  0.0212  0.0211
niter,ni,del,rscale     2    3    5.0000    0.5000
parameters
    1.1222   -6.2164    8.9657   -7.0962  -12.7163   -8.3058
   -0.3222   -3.2554    0.2691    3.5178    4.2522   -7.5124
eta,q 0.97937 11.43657
  0.0214  0.0211  0.0211  0.0216  0.0212  0.0219  0.0212  0.0219  0.0210  0.0211  0.0210  0.0209
  0.0210  0.0208  0.0209  0.0211  0.0209  0.0214  0.0209  0.0212  0.0208  0.0208  0.0208  0.0208
  0.0208  0.0207  0.0207  0.0208  0.0207  0.0210  0.0207  0.0208  0.0207  0.0207  0.0207  0.0207
  0.0207  0.0207  0.0207  0.0207  0.0207  0.0207  0.0206  0.0206  0.0206  0.0206  0.0206  0.0206
  0.0208  0.0207  0.0207  0.0208  0.0208  0.0206  0.0207  0.0208  0.0207  0.0207  0.0207  0.0207
  0.0210  0.0209  0.0208  0.0211  0.0210  0.0210  0.0209  0.0212  0.0208  0.0209  0.0208  0.0208
  0.0214  0.0211  0.0210  0.0216  0.0212  0.0219  0.0212  0.0219  0.0209  0.0212  0.0210  0.0209
niter,ni,del,rscale     1    3    5.0000    0.4000
parameters
    1.1168   -6.2488    9.0095   -7.1303  -12.7828   -8.1037
   -0.3227   -3.2407    0.2940    3.4489    4.2210   -7.5246
eta,q 0.97941 11.43542
  0.0211  0.0209  0.0209  0.0212  0.0210  0.0215  0.0209  0.0214  0.0208  0.0209  0.0208  0.0208
  0.0208  0.0207  0.0208  0.0209  0.0208  0.0212  0.0207  0.0210  0.0207  0.0207  0.0207  0.0207
  0.0207  0.0206  0.0207  0.0207  0.0207  0.0209  0.0206  0.0207  0.0206  0.0206  0.0206  0.0206
  0.0206  0.0206  0.0206  0.0206  0.0206  0.0206  0.0206  0.0206  0.0206  0.0206  0.0206  0.0206
  0.0207  0.0207  0.0206  0.0207  0.0207  0.0206  0.0206  0.0207  0.0206  0.0206  0.0206  0.0206
  0.0209  0.0208  0.0207  0.0209  0.0208  0.0208  0.0207  0.0210  0.0207  0.0208  0.0207  0.0207
  0.0211  0.0209  0.0209  0.0213  0.0210  0.0214  0.0209  0.0214  0.0208  0.0209  0.0209  0.0208
registration optimization eta report
parameter search radius
    0.8000    0.8000    0.8000    2.4000    2.4000    2.4000
    2.4000    2.4000    2.4000    2.4000    2.4000    2.4000
100000*second partial in parameter space
       76.       45.       44.       11.        6.       15.
        6.       15.        4.        6.        5.        3.
  0.0211  0.0209  0.0209  0.0212  0.0210  0.0215  0.0209  0.0214  0.0208  0.0209  0.0208  0.0208
  0.0208  0.0207  0.0208  0.0209  0.0208  0.0212  0.0207  0.0210  0.0207  0.0207  0.0207  0.0207
  0.0207  0.0206  0.0207  0.0207  0.0207  0.0209  0.0206  0.0207  0.0206  0.0206  0.0206  0.0206
  0.0206  0.0206  0.0206  0.0206  0.0206  0.0206  0.0206  0.0206  0.0206  0.0206  0.0206  0.0206
  0.0207  0.0207  0.0206  0.0207  0.0207  0.0206  0.0206  0.0207  0.0206  0.0206  0.0206  0.0206
  0.0209  0.0208  0.0207  0.0209  0.0208  0.0208  0.0207  0.0210  0.0207  0.0208  0.0207  0.0207
  0.0211  0.0209  0.0209  0.0213  0.0210  0.0214  0.0209  0.0214  0.0208  0.0209  0.0209  0.0208
    1.1168   -6.2488    9.0095   -7.1303  -12.7828   -8.1037
   -0.3227   -3.2407    0.2940    3.4489    4.2210   -7.5246
eta,q 0.97941 11.43542

---------------------------------------------------------------------
imgreg_4dfp /opt/freesurfer/average/711-2C_as_mni_average_305 /opt/freesurfer/average/711-2B_as_mni_average_305_mask talsrcimg_g11 none talsrcimg_to_711-2C_as_mni_average_305_t4 2311
---------------------------------------------------------------------

freesurfer imgreg_4dfp.c
/opt/freesurfer/average/711-2C_as_mni_average_305.4dfp.img
       256       256       256         1
  1.000000  1.000000  1.000000
orientation T byte_order littleendian
Reading image: /opt/freesurfer/average/711-2C_as_mni_average_305.4dfp.img
dimensions:      256       256       256
mmppix:       1.0000   -1.0000   -1.0000
center:     128.0000 -129.0000 -129.0000
/opt/freesurfer/average/711-2B_as_mni_average_305_mask.4dfp.img
       256       256       256         1
  1.000000  1.000000  1.000000
orientation T byte_order littleendian
Reading mask: /opt/freesurfer/average/711-2B_as_mni_average_305_mask.4dfp.img (2306576 pixels)
talsrcimg_g11.4dfp.img
       256       256       256         1
  0.900000  0.900000  0.900000
orientation T byte_order littleendian
Reading image: talsrcimg_g11.4dfp.img
dimensions:      256       256       256
mmppix:       0.9000   -0.9000   -0.9000
center:     115.2000 -116.1000 -116.1000
fimgreg.f
image alignment mode   2311 decimal      907 hex
parameters
    1.1168   -6.2488    9.0095   -7.1303  -12.7828   -8.1037
   -0.3227   -3.2407    0.2940    3.4489    4.2210   -7.5246
eta,q 0.97941 11.43542
niter,ni,del,rscale     5    3    5.0000    0.8000
parameters
    1.1394   -6.2722    9.0319   -7.4837  -12.5429   -8.6718
   -0.3912   -3.2715    0.2651    3.3137    4.2287   -7.3787
eta,q 0.97926 11.43109
  0.0226  0.0217  0.0218  0.0223  0.0221  0.0229  0.0220  0.0236  0.0216  0.0220  0.0217  0.0215
  0.0215  0.0211  0.0212  0.0215  0.0213  0.0219  0.0213  0.0221  0.0211  0.0212  0.0212  0.0211
  0.0208  0.0207  0.0207  0.0209  0.0208  0.0211  0.0209  0.0211  0.0208  0.0208  0.0209  0.0208
  0.0206  0.0206  0.0206  0.0206  0.0206  0.0206  0.0207  0.0207  0.0207  0.0207  0.0207  0.0207
  0.0208  0.0207  0.0207  0.0209  0.0208  0.0209  0.0209  0.0211  0.0208  0.0209  0.0208  0.0208
  0.0214  0.0211  0.0211  0.0217  0.0212  0.0225  0.0214  0.0221  0.0211  0.0214  0.0212  0.0211
  0.0224  0.0217  0.0218  0.0232  0.0217  0.0249  0.0221  0.0237  0.0216  0.0221  0.0217  0.0214
niter,ni,del,rscale     4    3    5.0000    0.7000
parameters
    1.1471   -6.2476    8.9627   -7.2220  -12.5282   -8.6749
   -0.3997   -3.2442    0.2411    3.3791    4.2431   -7.3962
eta,q 0.97928 11.43634
  0.0222  0.0216  0.0214  0.0224  0.0218  0.0227  0.0217  0.0231  0.0213  0.0217  0.0215  0.0213
  0.0214  0.0211  0.0210  0.0217  0.0212  0.0219  0.0212  0.0218  0.0210  0.0212  0.0211  0.0210
  0.0209  0.0208  0.0208  0.0211  0.0208  0.0212  0.0208  0.0210  0.0208  0.0208  0.0208  0.0208
  0.0207  0.0207  0.0207  0.0207  0.0207  0.0207  0.0207  0.0207  0.0207  0.0207  0.0207  0.0207
  0.0209  0.0208  0.0209  0.0208  0.0209  0.0206  0.0208  0.0210  0.0208  0.0208  0.0208  0.0208
  0.0214  0.0211  0.0211  0.0213  0.0212  0.0215  0.0212  0.0218  0.0210  0.0212  0.0210  0.0210
  0.0222  0.0216  0.0216  0.0222  0.0217  0.0232  0.0218  0.0230  0.0214  0.0217  0.0215  0.0213
niter,ni,del,rscale     3    3    5.0000    0.6000
parameters
    1.1364   -6.2448    8.9661   -7.1283  -12.6016   -8.4982
   -0.3617   -3.2475    0.2434    3.4259    4.2557   -7.4196
eta,q 0.97933 11.43791
  0.0218  0.0213  0.0213  0.0220  0.0215  0.0224  0.0215  0.0224  0.0211  0.0214  0.0212  0.0211
  0.0212  0.0210  0.0210  0.0214  0.0210  0.0217  0.0210  0.0215  0.0209  0.0210  0.0209  0.0208
  0.0208  0.0208  0.0208  0.0209  0.0208  0.0212  0.0208  0.0209  0.0207  0.0208  0.0207  0.0207
  0.0207  0.0207  0.0207  0.0207  0.0207  0.0207  0.0207  0.0207  0.0207  0.0207  0.0207  0.0207
  0.0209  0.0208  0.0208  0.0208  0.0208  0.0206  0.0208  0.0209  0.0207  0.0207  0.0207  0.0207
  0.0212  0.0210  0.0210  0.0212  0.0211  0.0211  0.0210  0.0215  0.0209  0.0210  0.0209  0.0209
  0.0218  0.0213  0.0213  0.0219  0.0215  0.0224  0.0214  0.0225  0.0211  0.0214  0.0212  0.0211
niter,ni,del,rscale     2    3    5.0000    0.5000
parameters
    1.1258   -6.2573    8.9930   -7.1055  -12.7013   -8.2934
   -0.3386   -3.2421    0.2668    3.4130    4.2434   -7.4408
eta,q 0.97937 11.43706
  0.0214  0.0211  0.0211  0.0216  0.0212  0.0219  0.0212  0.0219  0.0210  0.0211  0.0210  0.0209
  0.0210  0.0209  0.0209  0.0211  0.0209  0.0214  0.0209  0.0212  0.0208  0.0208  0.0208  0.0207
  0.0207  0.0207  0.0207  0.0208  0.0207  0.0210  0.0207  0.0208  0.0207  0.0207  0.0207  0.0207
  0.0207  0.0207  0.0207  0.0207  0.0207  0.0207  0.0206  0.0206  0.0206  0.0206  0.0206  0.0206
  0.0208  0.0207  0.0207  0.0208  0.0208  0.0206  0.0207  0.0208  0.0207  0.0207  0.0207  0.0207
  0.0210  0.0209  0.0208  0.0211  0.0210  0.0210  0.0209  0.0212  0.0208  0.0209  0.0208  0.0208
  0.0214  0.0211  0.0211  0.0216  0.0212  0.0219  0.0212  0.0219  0.0209  0.0211  0.0210  0.0209
niter,ni,del,rscale     1    3    5.0000    0.4000
parameters
    1.1211   -6.2752    9.0229   -7.1311  -12.7741   -8.0961
   -0.3305   -3.2309    0.2835    3.4017    4.2163   -7.4950
eta,q 0.97941 11.43610
  0.0211  0.0209  0.0209  0.0212  0.0210  0.0215  0.0209  0.0214  0.0208  0.0209  0.0208  0.0208
  0.0208  0.0207  0.0208  0.0209  0.0208  0.0212  0.0207  0.0210  0.0207  0.0207  0.0207  0.0207
  0.0207  0.0206  0.0207  0.0207  0.0206  0.0209  0.0206  0.0207  0.0206  0.0206  0.0206  0.0206
  0.0206  0.0206  0.0206  0.0206  0.0206  0.0206  0.0206  0.0206  0.0206  0.0206  0.0206  0.0206
  0.0207  0.0207  0.0206  0.0207  0.0207  0.0206  0.0206  0.0207  0.0206  0.0206  0.0206  0.0206
  0.0209  0.0208  0.0207  0.0209  0.0208  0.0208  0.0207  0.0210  0.0207  0.0207  0.0207  0.0207
  0.0211  0.0209  0.0209  0.0213  0.0210  0.0214  0.0209  0.0214  0.0208  0.0209  0.0209  0.0208
registration optimization eta report
parameter search radius
    0.8000    0.8000    0.8000    2.4000    2.4000    2.4000
    2.4000    2.4000    2.4000    2.4000    2.4000    2.4000
100000*second partial in parameter space
       76.       45.       44.       11.        6.       15.
        6.       14.        4.        6.        5.        3.
  0.0211  0.0209  0.0209  0.0212  0.0210  0.0215  0.0209  0.0214  0.0208  0.0209  0.0208  0.0208
  0.0208  0.0207  0.0208  0.0209  0.0208  0.0212  0.0207  0.0210  0.0207  0.0207  0.0207  0.0207
  0.0207  0.0206  0.0207  0.0207  0.0206  0.0209  0.0206  0.0207  0.0206  0.0206  0.0206  0.0206
  0.0206  0.0206  0.0206  0.0206  0.0206  0.0206  0.0206  0.0206  0.0206  0.0206  0.0206  0.0206
  0.0207  0.0207  0.0206  0.0207  0.0207  0.0206  0.0206  0.0207  0.0206  0.0206  0.0206  0.0206
  0.0209  0.0208  0.0207  0.0209  0.0208  0.0208  0.0207  0.0210  0.0207  0.0207  0.0207  0.0207
  0.0211  0.0209  0.0209  0.0213  0.0210  0.0214  0.0209  0.0214  0.0208  0.0209  0.0209  0.0208
    1.1211   -6.2752    9.0229   -7.1311  -12.7741   -8.0961
   -0.3305   -3.2309    0.2835    3.4017    4.2163   -7.4950
eta,q 0.97941 11.43610

---------------------------------------------------------------------
compute_vox2vox talsrcimg talsrcimg_to_711-2C_as_mni_average_305_t4 /opt/freesurfer/average/711-2C_as_mni_average_305
---------------------------------------------------------------------

freesurfer compute_vox2vox.c
Reading: talsrcimg.4dfp.ifh
Reading: talsrcimg_to_711-2C_as_mni_average_305_t4
Reading: /opt/freesurfer/average/711-2C_as_mni_average_305.4dfp.ifh
Writing: talsrcimg_to_711-2C_as_mni_average_305_t4_vox2vox.txt

start time Thu Mar 12 19:47:56 CET 2026
end		time Thu Mar 12 19:48:09 CET 2026

mpr2mni305 success

avi2talxfm orig_nu.mgz /opt/freesurfer/average/mni305.cor.mgz talsrcimg_to_711-2C_as_mni_average_305_t4_vox2vox.txt transforms/talairach.auto.xfm
avi2talxfm done
mv -f /out/sourcedata/freesurfer/sub-v2s1x29900_ses-1/mri/talsrcimg_to_711-2C_as_mni_average_305_t4_vox2vox.txt /out/sourcedata/freesurfer/sub-v2s1x29900_ses-1/mri/transforms/talsrcimg_to_711-2C_as_mni_average_305_t4_vox2vox.txt
lta_convert --src orig_nu.mgz --trg /opt/freesurfer/average/mni305.cor.mgz --inxfm transforms/talairach.auto.xfm --outlta transforms/talairach.auto.xfm.lta --subject fsaverage
7.3.2

--src: orig_nu.mgz src image (geometry).
--trg: /opt/freesurfer/average/mni305.cor.mgz trg image (geometry).
--inmni: transforms/talairach.auto.xfm input MNI/XFM transform.
--outlta: transforms/talairach.auto.xfm.lta output LTA.
--s: fsaverage subject name
 LTA read, type : 1
 1.07506   0.03752   0.00730  -20.83312;
-0.04945   1.08292   0.09286  -38.45748;
-0.00157  -0.04236   1.14280  -27.87288;
 0.00000   0.00000   0.00000   1.00000;
setting subject to fsaverage
Writing  LTA to file transforms/talairach.auto.xfm.lta...
lta_convert successful.
 
 
Started at Thu Mar 12 19:47:55 CET 2026
Ended   at Thu Mar 12 19:48:10 CET 2026
talairach_avi done
