/out/sourcedata/freesurfer/sub-v2s1x29890_ses-1/mri
/opt/freesurfer/bin/talairach_avi
--i orig_nu.mgz --xfm transforms/talairach.auto.xfm
talairach_avi 7.3.2
Linux dna050 5.14.0-427.37.1.el9_4.x86_64 #1 SMP PREEMPT_DYNAMIC Fri Sep 13 12:41:50 EDT 2024 x86_64 x86_64 x86_64 GNU/Linux
Thu Mar 12 19:32:26 CET 2026
mri_convert orig_nu.mgz talsrcimg.img 
reading from orig_nu.mgz...
TR=0.00, TE=0.00, TI=0.00, flip angle=0.00
i_ras = (-1, 0, 0)
j_ras = (0, 0, -1)
k_ras = (0, 1, 0)
writing to talsrcimg.img...
Analyze Output Matrix
-0.90000   0.00000   0.00000   114.52388;
 0.00000   0.00000   0.90000  -84.03001;
 0.00000  -0.90000   0.00000   147.98788;
 0.00000   0.00000   0.00000   1.00000;
--------------------
INFO: set hdr.hist.orient to -1
mpr2mni305 talsrcimg
Thu Mar 12 19:32:27 CET 2026
/opt/freesurfer/bin/mpr2mni305 talsrcimg
mpr2mni305 7.3.2
target=711-2C_as_mni_average_305

---------------------------------------------------------------------
analyzeto4dfp talsrcimg -O0 -y
---------------------------------------------------------------------

freesurfer ifh2hdr.c
Thu Mar 12 19:32:27 2026
Writing: talsrcimg.4dfp.hdr
freesurfer analyzeto4dfp.c
Reading: talsrcimg.hdr
header size 348 bytes
hdr.dime.datatype	offset=70	value=2
hdr.dime.bitpix		offset=72	value=8
hdr.hist.orient		offset=252	value=-1
dimensionality     4
dimensions       256       256       256         1
Reading: talsrcimg.img
Writing: talsrcimg.4dfp.img
Writing: talsrcimg.4dfp.ifh
ifh2hdr talsrcimg -r0to242
ori=2

---------------------------------------------------------------------
gauss_4dfp talsrcimg 1.1
---------------------------------------------------------------------

freesurfer gauss_4dfp.c
Reading: talsrcimg.4dfp.img
Writing: talsrcimg_g11.4dfp.img
image dimensions 256 256 256 padded to 288 288 288
processing volume 1freesurfer ifh2hdr.c
Thu Mar 12 19:32:29 2026
Writing: talsrcimg_g11.4dfp.hdr

Writing: talsrcimg_g11.4dfp.ifh
including: talsrcimg.4dfp.img.rec in talsrcimg_g11.4dfp.img.rec

---------------------------------------------------------------------
imgreg_4dfp /opt/freesurfer/average/711-2C_as_mni_average_305 none talsrcimg_g11 none talsrcimg_to_711-2C_as_mni_average_305_t4 4355
---------------------------------------------------------------------

freesurfer imgreg_4dfp.c
/opt/freesurfer/average/711-2C_as_mni_average_305.4dfp.img
       256       256       256         1
  1.000000  1.000000  1.000000
orientation T byte_order littleendian
Reading image: /opt/freesurfer/average/711-2C_as_mni_average_305.4dfp.img
dimensions:      256       256       256
mmppix:       1.0000   -1.0000   -1.0000
center:     128.0000 -129.0000 -129.0000
talsrcimg_g11.4dfp.img
       256       256       256         1
  0.900000  0.900000  0.900000
orientation T byte_order littleendian
Reading image: talsrcimg_g11.4dfp.img
dimensions:      256       256       256
mmppix:       0.9000   -0.9000   -0.9000
center:     115.2000 -116.1000 -116.1000
t4_read: open error in t4_sub.f l:  41 t4_file(1:l)talsrcimg_to_711-2C_as_mni_average_305_t4 
t4_read: transform initialized to I4
rotation matrix determinant  1.000000
image alignment mode   4355 decimal     1103 hex
   -7.5000  -45.0000  -45.0000 5728.9624   18.0059
    0.0000  -45.0000  -45.0000 5738.7866   17.9777
    7.5000  -45.0000  -45.0000 5466.4624   17.9831
   -7.5000  -37.5000  -45.0000 6259.9180   19.0701
    0.0000  -37.5000  -45.0000 6270.8345   19.0286
    7.5000  -37.5000  -45.0000 5962.9155   19.0305
   -7.5000  -30.0000  -45.0000 6737.6357   19.7184
    0.0000  -30.0000  -45.0000 6743.9243   19.6629
    7.5000  -30.0000  -45.0000 6418.0410   19.6588
   -7.5000  -22.5000  -45.0000 7226.7563   19.8598
    0.0000  -22.5000  -45.0000 7260.5054   19.8014
    7.5000  -22.5000  -45.0000 6883.9248   19.7901
   -7.5000  -15.0000  -45.0000 7665.1221   19.9206
    0.0000  -15.0000  -45.0000 7693.1484   19.8747
    7.5000  -15.0000  -45.0000 7305.3081   19.8675
   -7.5000   -7.5000  -45.0000 7778.6846   19.8511
    0.0000   -7.5000  -45.0000 7826.5762   19.8188
    7.5000   -7.5000  -45.0000 7415.7476   19.8219
   -7.5000    0.0000  -45.0000 7894.9453   19.7369
    0.0000    0.0000  -45.0000 7943.6255   19.7060
    7.5000    0.0000  -45.0000 7538.3032   19.7120
   -7.5000    7.5000  -45.0000 7706.0942   19.6713
    0.0000    7.5000  -45.0000 7731.5630   19.6285
    7.5000    7.5000  -45.0000 7362.1948   19.6305
   -7.5000   15.0000  -45.0000 7702.7661   19.7184
    0.0000   15.0000  -45.0000 7707.0063   19.6629
    7.5000   15.0000  -45.0000 7330.0801   19.6588
   -7.5000   22.5000  -45.0000 7220.9785   19.5926
    0.0000   22.5000  -45.0000 7220.6421   19.5350
    7.5000   22.5000  -45.0000 6865.9575   19.5239
   -7.5000   30.0000  -45.0000 6634.4185   19.1285
    0.0000   30.0000  -45.0000 6635.8877   19.0844
    7.5000   30.0000  -45.0000 6295.7681   19.0775
   -7.5000   37.5000  -45.0000 6055.4272   18.4479
    0.0000   37.5000  -45.0000 6057.3672   18.4179
    7.5000   37.5000  -45.0000 5759.4727   18.4208
   -7.5000   45.0000  -45.0000 5475.5239   17.6684
    0.0000   45.0000  -45.0000 5485.8843   17.6408
    7.5000   45.0000  -45.0000 5214.8257   17.6461
   -7.5000  -45.0000  -37.5000 6229.4717   18.8315
    0.0000  -45.0000  -37.5000 6278.5308   18.8255
    7.5000  -45.0000  -37.5000 5952.5542   18.8342
   -7.5000  -37.5000  -37.5000 6782.9131   19.9614
    0.0000  -37.5000  -37.5000 6841.3604   19.9461
    7.5000  -37.5000  -37.5000 6487.9893   19.9488
   -7.5000  -30.0000  -37.5000 7280.6597   20.5877
    0.0000  -30.0000  -37.5000 7344.3286   20.5654
    7.5000  -30.0000  -37.5000 6972.8354   20.5595
   -7.5000  -22.5000  -37.5000 7812.0659   20.7066
    0.0000  -22.5000  -37.5000 7891.2925   20.6849
    7.5000  -22.5000  -37.5000 7475.2915   20.6728
   -7.5000  -15.0000  -37.5000 8285.6963   20.7602
    0.0000  -15.0000  -37.5000 8361.5039   20.7476
    7.5000  -15.0000  -37.5000 7909.7690   20.7431
   -7.5000   -7.5000  -37.5000 8391.7559   20.7065
    0.0000   -7.5000  -37.5000 8471.5674   20.7018
    7.5000   -7.5000  -37.5000 8003.5493   20.7091
   -7.5000    0.0000  -37.5000 8508.1592   20.6157
    0.0000    0.0000  -37.5000 8578.8232   20.6091
    7.5000    0.0000  -37.5000 8125.9292   20.6186
   -7.5000    7.5000  -37.5000 8301.9473   20.5545
    0.0000    7.5000  -37.5000 8366.9258   20.5387
    7.5000    7.5000  -37.5000 7926.2358   20.5415
   -7.5000   15.0000  -37.5000 8288.6855   20.5868
    0.0000   15.0000  -37.5000 8349.4307   20.5644
    7.5000   15.0000  -37.5000 7885.6704   20.5585
   -7.5000   22.5000  -37.5000 7777.3652   20.4298
    0.0000   22.5000  -37.5000 7824.5596   20.4083
    7.5000   22.5000  -37.5000 7385.6870   20.3964
   -7.5000   30.0000  -37.5000 7125.0039   19.9489
    0.0000   30.0000  -37.5000 7164.4189   19.9368
    7.5000   30.0000  -37.5000 6783.4800   19.9324
   -7.5000   37.5000  -37.5000 6472.1880   19.2586
    0.0000   37.5000  -37.5000 6518.9585   19.2542
    7.5000   37.5000  -37.5000 6180.5854   19.2609
   -7.5000   45.0000  -37.5000 5836.0312   18.4551
    0.0000   45.0000  -37.5000 5880.8101   18.4493
    7.5000   45.0000  -37.5000 5575.8662   18.4578
   -7.5000  -45.0000  -30.0000 6777.7896   19.7565
    0.0000  -45.0000  -30.0000 6834.0884   19.7523
    7.5000  -45.0000  -30.0000 6474.0522   19.7666
   -7.5000  -37.5000  -30.0000 7368.1890   20.9619
    0.0000  -37.5000  -30.0000 7436.3042   20.9538
    7.5000  -37.5000  -30.0000 7047.8789   20.9647
   -7.5000  -30.0000  -30.0000 7915.7939   21.5888
    0.0000  -30.0000  -30.0000 8000.3086   21.5821
    7.5000  -30.0000  -30.0000 7574.7871   21.5839
   -7.5000  -22.5000  -30.0000 8465.0479   21.6978
    0.0000  -22.5000  -30.0000 8576.6182   21.6953
    7.5000  -22.5000  -30.0000 8104.5850   21.6889
   -7.5000  -15.0000  -30.0000 8953.3154   21.7403
    0.0000  -15.0000  -30.0000 9084.4912   21.7417
    7.5000  -15.0000  -30.0000 8557.3252   21.7403
   -7.5000   -7.5000  -30.0000 9099.1719   21.6872
    0.0000   -7.5000  -30.0000 9211.7090   21.6882
    7.5000   -7.5000  -30.0000 8667.0166   21.6983
   -7.5000    0.0000  -30.0000 9205.8496   21.6059
    0.0000    0.0000  -30.0000 9307.4189   21.6013
    7.5000    0.0000  -30.0000 8782.1045   21.6169
   -7.5000    7.5000  -30.0000 8961.1328   21.5520
    0.0000    7.5000  -30.0000 9058.5566   21.5437
    7.5000    7.5000  -30.0000 8554.3838   21.5550
   -7.5000   15.0000  -30.0000 8903.7334   21.5858
    0.0000   15.0000  -30.0000 8997.8037   21.5791
    7.5000   15.0000  -30.0000 8482.8564   21.5809
   -7.5000   22.5000  -30.0000 8332.4443   21.4086
    0.0000   22.5000  -30.0000 8431.9268   21.4062
    7.5000   22.5000  -30.0000 7926.5449   21.3999
   -7.5000   30.0000  -30.0000 7633.1899   20.9059
    0.0000   30.0000  -30.0000 7717.2812   20.9072
    7.5000   30.0000  -30.0000 7274.0405   20.9059
   -7.5000   37.5000  -30.0000 6896.6128   20.2011
    0.0000   37.5000  -30.0000 6988.9072   20.2021
    7.5000   37.5000  -30.0000 6605.2729   20.2114
   -7.5000   45.0000  -30.0000 6208.6772   19.3723
    0.0000   45.0000  -30.0000 6278.7202   19.3682
    7.5000   45.0000  -30.0000 5949.7749   19.3822
   -7.5000  -45.0000  -22.5000 7310.5977   20.5612
    0.0000  -45.0000  -22.5000 7375.8823   20.5393
    7.5000  -45.0000  -22.5000 6981.8335   20.5571
   -7.5000  -37.5000  -22.5000 7926.7754   21.8332
    0.0000  -37.5000  -22.5000 8010.5234   21.8093
    7.5000  -37.5000  -22.5000 7576.5361   21.8286
   -7.5000  -30.0000  -22.5000 8507.7432   22.4754
    0.0000  -30.0000  -22.5000 8613.3105   22.4539
    7.5000  -30.0000  -22.5000 8135.6260   22.4659
   -7.5000  -22.5000  -22.5000 9102.4980   22.5980
    0.0000  -22.5000  -22.5000 9218.4121   22.5798
    7.5000  -22.5000  -22.5000 8707.2969   22.5805
   -7.5000  -15.0000  -22.5000 9612.8350   22.6372
    0.0000  -15.0000  -22.5000 9764.3008   22.6211
    7.5000  -15.0000  -22.5000 9170.9688   22.6208
   -7.5000   -7.5000  -22.5000 9766.3291   22.5691
    0.0000   -7.5000  -22.5000 9907.5859   22.5506
    7.5000   -7.5000  -22.5000 9279.6338   22.5601
   -7.5000    0.0000  -22.5000 9887.1787   22.4730
    0.0000    0.0000  -22.500010032.0127   22.4492
    7.5000    0.0000  -22.5000 9398.0840   22.4686
   -7.5000    7.5000  -22.5000 9601.8730   22.4200
    0.0000    7.5000  -22.5000 9749.0898   22.3954
    7.5000    7.5000  -22.5000 9129.7080   22.4152
   -7.5000   15.0000  -22.5000 9509.0693   22.4700
    0.0000   15.0000  -22.5000 9636.0020   22.4485
    7.5000   15.0000  -22.5000 9020.9932   22.4605
   -7.5000   22.5000  -22.5000 8850.4902   22.2990
    0.0000   22.5000  -22.5000 8980.6982   22.2810
    7.5000   22.5000  -22.5000 8411.2715   22.2817
   -7.5000   30.0000  -22.5000 8105.1953   21.7844
    0.0000   30.0000  -22.5000 8213.4492   21.7689
    7.5000   30.0000  -22.5000 7712.7578   21.7686
   -7.5000   37.5000  -22.5000 7341.7559   21.0546
    0.0000   37.5000  -22.5000 7433.0923   21.0373
    7.5000   37.5000  -22.5000 6998.3965   21.0462
   -7.5000   45.0000  -22.5000 6578.2705   20.1986
    0.0000   45.0000  -22.5000 6657.8257   20.1772
    7.5000   45.0000  -22.5000 6296.3760   20.1946
   -7.5000  -45.0000  -15.0000 7857.0845   21.2181
    0.0000  -45.0000  -15.0000 7916.2056   21.1730
    7.5000  -45.0000  -15.0000 7480.0024   21.1879
   -7.5000  -37.5000  -15.0000 8489.2617   22.5225
    0.0000  -37.5000  -15.0000 8549.3291   22.4706
    7.5000  -37.5000  -15.0000 8076.9224   22.4885
   -7.5000  -30.0000  -15.0000 9098.3184   23.1797
    0.0000  -30.0000  -15.0000 9204.8301   23.1215
    7.5000  -30.0000  -15.0000 8673.1611   23.1335
   -7.5000  -22.5000  -15.0000 9745.4238   23.3316
    0.0000  -22.5000  -15.0000 9844.4424   23.2716
    7.5000  -22.5000  -15.0000 9280.8643   23.2710
   -7.5000  -15.0000  -15.000010281.9414   23.3813
    0.0000  -15.0000  -15.000010400.1211   23.3275
    7.5000  -15.0000  -15.0000 9759.8389   23.3230
   -7.5000   -7.5000  -15.000010439.3252   23.2939
    0.0000   -7.5000  -15.000010554.1123   23.2455
    7.5000   -7.5000  -15.0000 9865.9053   23.2507
   -7.5000    0.0000  -15.000010568.6221   23.1685
    0.0000    0.0000  -15.000010690.1270   23.1192
    7.5000    0.0000  -15.0000 9967.4629   23.1354
   -7.5000    7.5000  -15.000010256.7998   23.1053
    0.0000    7.5000  -15.000010386.6914   23.0520
    7.5000    7.5000  -15.0000 9689.2764   23.0704
   -7.5000   15.0000  -15.000010114.8896   23.1725
    0.0000   15.0000  -15.000010241.6055   23.1144
    7.5000   15.0000  -15.0000 9542.9531   23.1264
   -7.5000   22.5000  -15.0000 9396.7285   23.0264
    0.0000   22.5000  -15.0000 9520.0664   22.9672
    7.5000   22.5000  -15.0000 8869.6406   22.9666
   -7.5000   30.0000  -15.0000 8573.5381   22.5174
    0.0000   30.0000  -15.0000 8693.3623   22.4655
    7.5000   30.0000  -15.0000 8115.9277   22.4612
   -7.5000   37.5000  -15.0000 7760.8057   21.7639
    0.0000   37.5000  -15.0000 7856.5298   21.7187
    7.5000   37.5000  -15.0000 7353.4922   21.7236
   -7.5000   45.0000  -15.0000 6938.4707   20.8743
    0.0000   45.0000  -15.0000 7008.4414   20.8299
    7.5000   45.0000  -15.0000 6595.6880   20.8445
   -7.5000  -45.0000   -7.5000 8154.8516   21.1852
    0.0000  -45.0000   -7.5000 8203.6230   21.1340
    7.5000  -45.0000   -7.5000 7753.1030   21.1430
   -7.5000  -37.5000   -7.5000 8801.0732   22.4763
    0.0000  -37.5000   -7.5000 8849.1260   22.4123
    7.5000  -37.5000   -7.5000 8369.1396   22.4212
   -7.5000  -30.0000   -7.5000 9437.6221   23.1334
    0.0000  -30.0000   -7.5000 9522.4844   23.0548
    7.5000  -30.0000   -7.5000 8981.5469   23.0578
   -7.5000  -22.5000   -7.500010109.3896   23.3013
    0.0000  -22.5000   -7.500010176.1973   23.2180
    7.5000  -22.5000   -7.5000 9616.7949   23.2099
   -7.5000  -15.0000   -7.500010664.4307   23.3639
    0.0000  -15.0000   -7.500010713.7979   23.2922
    7.5000  -15.0000   -7.500010099.7852   23.2836
   -7.5000   -7.5000   -7.500010811.0723   23.2720
    0.0000   -7.5000   -7.500010868.4707   23.2136
    7.5000   -7.5000   -7.500010197.0137   23.2159
   -7.5000    0.0000   -7.500010904.8213   23.1324
    0.0000    0.0000   -7.500010996.9404   23.0766
    7.5000    0.0000   -7.500010287.1172   23.0864
   -7.5000    7.5000   -7.500010561.7695   23.0579
    0.0000    7.5000   -7.500010650.5371   22.9922
    7.5000    7.5000   -7.5000 9955.3936   23.0014
   -7.5000   15.0000   -7.500010383.3135   23.1263
    0.0000   15.0000   -7.500010477.8799   23.0477
    7.5000   15.0000   -7.5000 9758.8330   23.0506
   -7.5000   22.5000   -7.5000 9641.0273   22.9965
    0.0000   22.5000   -7.5000 9745.2959   22.9143
    7.5000   22.5000   -7.5000 9062.0020   22.9063
   -7.5000   30.0000   -7.5000 8792.5576   22.5006
    0.0000   30.0000   -7.5000 8902.1543   22.4315
    7.5000   30.0000   -7.5000 8277.6348   22.4233
   -7.5000   37.5000   -7.5000 7956.4536   21.7435
    0.0000   37.5000   -7.5000 8033.7217   21.6889
    7.5000   37.5000   -7.5000 7502.4863   21.6911
   -7.5000   45.0000   -7.5000 7104.4302   20.8418
    0.0000   45.0000   -7.5000 7165.2456   20.7915
    7.5000   45.0000   -7.5000 6717.0923   20.8004
   -7.5000  -45.0000    0.0000 8301.0068   21.7498
    0.0000  -45.0000    0.0000 8363.2539   21.7177
    7.5000  -45.0000    0.0000 7916.6816   21.7244
   -7.5000  -37.5000    0.0000 8948.1445   23.0592
    0.0000  -37.5000    0.0000 9000.1133   23.0115
    7.5000  -37.5000    0.0000 8512.8809   23.0134
   -7.5000  -30.0000    0.0000 9622.2939   23.7033
    0.0000  -30.0000    0.0000 9702.9102   23.6391
    7.5000  -30.0000    0.0000 9165.1973   23.6334
   -7.5000  -22.5000    0.000010322.5996   23.8683
    0.0000  -22.5000    0.000010410.7002   23.8004
    7.5000  -22.5000    0.0000 9820.3760   23.7866
   -7.5000  -15.0000    0.000010875.2900   23.9394
    0.0000  -15.0000    0.000010894.1436   23.8861
    7.5000  -15.0000    0.000010302.3232   23.8779
   -7.5000   -7.5000    0.000011001.2139   23.8585
    0.0000   -7.5000    0.000011028.3770   23.8214
    7.5000   -7.5000    0.000010400.7363   23.8257
   -7.5000    0.0000    0.000011103.9697   23.7255
    0.0000    0.0000    0.000011166.4248   23.6905
    7.5000    0.0000    0.000010506.6104   23.6978
   -7.5000    7.5000    0.000010712.2891   23.6403
    0.0000    7.5000    0.000010792.6006   23.5914
    7.5000    7.5000    0.000010151.5820   23.5933
   -7.5000   15.0000    0.000010468.4238   23.6949
    0.0000   15.0000    0.000010545.7197   23.6308
    7.5000   15.0000    0.0000 9887.4600   23.6251
   -7.5000   22.5000    0.0000 9713.0312   23.5594
    0.0000   22.5000    0.0000 9792.5264   23.4924
    7.5000   22.5000    0.0000 9155.4482   23.4787
   -7.5000   30.0000    0.0000 8885.1367   23.0688
    0.0000   30.0000    0.0000 8968.6143   23.0174
    7.5000   30.0000    0.0000 8377.8760   23.0095
   -7.5000   37.5000    0.0000 8032.0713   22.3182
    0.0000   37.5000    0.0000 8106.9468   22.2835
    7.5000   37.5000    0.0000 7579.8843   22.2874
   -7.5000   45.0000    0.0000 7167.0259   21.4173
    0.0000   45.0000    0.0000 7226.4590   21.3857
    7.5000   45.0000    0.0000 6774.6270   21.3923
   -7.5000  -45.0000    7.5000 8089.9019   21.8239
    0.0000  -45.0000    7.5000 8148.8198   21.8170
    7.5000  -45.0000    7.5000 7723.9873   21.8272
   -7.5000  -37.5000    7.5000 8697.8916   23.1452
    0.0000  -37.5000    7.5000 8733.6230   23.1274
    7.5000  -37.5000    7.5000 8301.0713   23.1310
   -7.5000  -30.0000    7.5000 9376.5029   23.7745
    0.0000  -30.0000    7.5000 9418.9463   23.7488
    7.5000  -30.0000    7.5000 8954.0566   23.7425
   -7.5000  -22.5000    7.500010079.8662   23.9121
    0.0000  -22.5000    7.500010077.3086   23.8870
    7.5000  -22.5000    7.5000 9633.9717   23.8736
   -7.5000  -15.0000    7.500010461.3652   23.9739
    0.0000  -15.0000    7.500010389.5264   23.9594
    7.5000  -15.0000    7.500010036.4609   23.9545
   -7.5000   -7.5000    7.500010511.4131   23.9116
    0.0000   -7.5000    7.500010463.9033   23.9061
    7.5000   -7.5000    7.500010076.5508   23.9147
   -7.5000    0.0000    7.500010660.3809   23.8064
    0.0000    0.0000    7.500010656.6631   23.7988
    7.5000    0.0000    7.500010202.1758   23.8100
   -7.5000    7.5000    7.500010304.8555   23.7285
    0.0000    7.5000    7.500010326.1309   23.7103
    7.5000    7.5000    7.5000 9867.0352   23.7139
   -7.5000   15.0000    7.500010074.8818   23.7661
    0.0000   15.0000    7.500010075.7109   23.7404
    7.5000   15.0000    7.5000 9582.1865   23.7341
   -7.5000   22.5000    7.5000 9344.9951   23.6026
    0.0000   22.5000    7.5000 9355.5635   23.5779
    7.5000   22.5000    7.5000 8859.7246   23.5646
   -7.5000   30.0000    7.5000 8587.8262   23.1020
    0.0000   30.0000    7.5000 8628.6523   23.0880
    7.5000   30.0000    7.5000 8139.7900   23.0833
   -7.5000   37.5000    7.5000 7783.9629   22.3678
    0.0000   37.5000    7.5000 7821.1777   22.3627
    7.5000   37.5000    7.5000 7375.2554   22.3707
   -7.5000   45.0000    7.5000 6955.4141   21.4903
    0.0000   45.0000    7.5000 6996.5889   21.4835
    7.5000   45.0000    7.5000 6584.8364   21.4936
   -7.5000  -45.0000   15.0000 8083.6929   21.8727
    0.0000  -45.0000   15.0000 8128.0259   21.8681
    7.5000  -45.0000   15.0000 7722.0176   21.8839
   -7.5000  -37.5000   15.0000 8672.7461   23.2101
    0.0000  -37.5000   15.0000 8710.1904   23.2012
    7.5000  -37.5000   15.0000 8290.5049   23.2132
   -7.5000  -30.0000   15.0000 9326.1387   23.8407
    0.0000  -30.0000   15.0000 9368.8076   23.8333
    7.5000  -30.0000   15.0000 8940.4863   23.8352
   -7.5000  -22.5000   15.000010024.2559   23.9611
    0.0000  -22.5000   15.0000 9971.7471   23.9584
    7.5000  -22.5000   15.0000 9647.8691   23.9512
   -7.5000  -15.0000   15.000010465.7148   24.0082
    0.0000  -15.0000   15.000010306.0576   24.0096
    7.5000  -15.0000   15.000010122.9463   24.0080
   -7.5000   -7.5000   15.000010491.2334   23.9495
    0.0000   -7.5000   15.000010333.1162   23.9506
    7.5000   -7.5000   15.000010121.8896   23.9616
   -7.5000    0.0000   15.000010674.6299   23.8597
    0.0000    0.0000   15.000010578.3262   23.8546
    7.5000    0.0000   15.000010232.6943   23.8718
   -7.5000    7.5000   15.000010343.9131   23.7950
    0.0000    7.5000   15.000010319.2217   23.7859
    7.5000    7.5000   15.0000 9897.6455   23.7982
   -7.5000   15.0000   15.000010114.5977   23.8323
    0.0000   15.0000   15.000010097.6982   23.8249
    7.5000   15.0000   15.0000 9606.1914   23.8268
   -7.5000   22.5000   15.0000 9354.4307   23.6510
    0.0000   22.5000   15.0000 9355.1152   23.6483
    7.5000   22.5000   15.0000 8863.0635   23.6412
   -7.5000   30.0000   15.0000 8599.7812   23.1350
    0.0000   30.0000   15.0000 8609.2461   23.1364
    7.5000   30.0000   15.0000 8144.5054   23.1349
   -7.5000   37.5000   15.0000 7780.7622   22.4033
    0.0000   37.5000   15.0000 7782.1709   22.4043
    7.5000   37.5000   15.0000 7381.6582   22.4146
   -7.5000   45.0000   15.0000 6932.4287   21.5385
    0.0000   45.0000   15.0000 6939.5513   21.5339
    7.5000   45.0000   15.0000 6571.3740   21.5494
   -7.5000  -45.0000   22.5000 7647.8237   21.8741
    0.0000  -45.0000   22.5000 7703.1714   21.8509
    7.5000  -45.0000   22.5000 7326.0181   21.8699
   -7.5000  -37.5000   22.5000 8224.1514   23.2170
    0.0000  -37.5000   22.5000 8249.1016   23.1916
    7.5000  -37.5000   22.5000 7884.2837   23.2120
   -7.5000  -30.0000   22.5000 8834.8945   23.8633
    0.0000  -30.0000   22.5000 8837.8447   23.8405
    7.5000  -30.0000   22.5000 8494.4521   23.8532
   -7.5000  -22.5000   22.5000 9468.8477   23.9932
    0.0000  -22.5000   22.5000 9422.9316   23.9740
    7.5000  -22.5000   22.5000 9134.2266   23.9749
   -7.5000  -15.0000   22.500010045.6426   24.0349
    0.0000  -15.0000   22.5000 9950.1240   24.0179
    7.5000  -15.0000   22.5000 9661.9209   24.0178
   -7.5000   -7.5000   22.500010203.5869   23.9630
    0.0000   -7.5000   22.500010108.9434   23.9434
    7.5000   -7.5000   22.5000 9765.6455   23.9536
   -7.5000    0.0000   22.500010324.8936   23.8612
    0.0000    0.0000   22.500010237.4961   23.8359
    7.5000    0.0000   22.5000 9834.6025   23.8565
   -7.5000    7.5000   22.5000 9935.2227   23.8021
    0.0000    7.5000   22.5000 9876.2979   23.7760
    7.5000    7.5000   22.5000 9443.5654   23.7970
   -7.5000   15.0000   22.5000 9629.2393   23.8549
    0.0000   15.0000   22.5000 9581.5732   23.8321
    7.5000   15.0000   22.5000 9134.4395   23.8448
   -7.5000   22.5000   22.5000 8851.0068   23.6827
    0.0000   22.5000   22.5000 8825.2627   23.6637
    7.5000   22.5000   22.5000 8380.7285   23.6646
   -7.5000   30.0000   22.5000 8106.0581   23.1608
    0.0000   30.0000   22.5000 8107.7827   23.1444
    7.5000   30.0000   22.5000 7673.2134   23.1443
   -7.5000   37.5000   22.5000 7314.3589   22.4159
    0.0000   37.5000   22.5000 7322.4873   22.3976
    7.5000   37.5000   22.5000 6932.5605   22.4071
   -7.5000   45.0000   22.5000 6502.1455   21.5398
    0.0000   45.0000   22.5000 6536.1221   21.5170
    7.5000   45.0000   22.5000 6168.5469   21.5356
   -7.5000  -45.0000   30.0000 7187.8691   21.9559
    0.0000  -45.0000   30.0000 7266.7007   21.9087
    7.5000  -45.0000   30.0000 6863.2891   21.9238
   -7.5000  -37.5000   30.0000 7726.7056   23.3079
    0.0000  -37.5000   30.0000 7841.5435   23.2533
    7.5000  -37.5000   30.0000 7375.6011   23.2712
   -7.5000  -30.0000   30.0000 8304.1963   23.9782
    0.0000  -30.0000   30.0000 8445.2031   23.9168
    7.5000  -30.0000   30.0000 7936.8691   23.9283
   -7.5000  -22.5000   30.0000 8907.4189   24.1358
    0.0000  -22.5000   30.0000 9019.1221   24.0723
    7.5000  -22.5000   30.0000 8503.9844   24.0705
   -7.5000  -15.0000   30.0000 9408.0352   24.1865
    0.0000  -15.0000   30.0000 9520.3730   24.1297
    7.5000  -15.0000   30.0000 8964.3486   24.1240
   -7.5000   -7.5000   30.0000 9515.0527   24.0948
    0.0000   -7.5000   30.0000 9623.8096   24.0441
    7.5000   -7.5000   30.0000 9067.5293   24.0490
   -7.5000    0.0000   30.0000 9615.8193   23.9649
    0.0000    0.0000   30.0000 9713.5977   23.9135
    7.5000    0.0000   30.0000 9149.1230   23.9299
   -7.5000    7.5000   30.0000 9261.6758   23.8993
    0.0000    7.5000   30.0000 9324.8389   23.8433
    7.5000    7.5000   30.0000 8819.8271   23.8617
   -7.5000   15.0000   30.0000 8971.7021   23.9697
    0.0000   15.0000   30.0000 9013.2441   23.9083
    7.5000   15.0000   30.0000 8552.4932   23.9198
   -7.5000   22.5000   30.0000 8272.5137   23.8214
    0.0000   22.5000   30.0000 8291.4434   23.7587
    7.5000   22.5000   30.0000 7865.3394   23.7569
   -7.5000   30.0000   30.0000 7591.5952   23.3175
    0.0000   30.0000   30.0000 7589.7310   23.2628
    7.5000   30.0000   30.0000 7200.3604   23.2573
   -7.5000   37.5000   30.0000 6857.0254   22.5604
    0.0000   37.5000   30.0000 6845.5015   22.5129
    7.5000   37.5000   30.0000 6503.0557   22.5175
   -7.5000   45.0000   30.0000 6094.1807   21.6631
    0.0000   45.0000   30.0000 6087.9707   21.6166
    7.5000   45.0000   30.0000 5785.7173   21.6315
   -7.5000  -45.0000   37.5000 6751.4624   22.1433
    0.0000  -45.0000   37.5000 6834.4238   22.0896
    7.5000  -45.0000   37.5000 6419.7886   22.0955
   -7.5000  -37.5000   37.5000 7251.2021   23.5004
    0.0000  -37.5000   37.5000 7326.5586   23.4333
    7.5000  -37.5000   37.5000 6893.0835   23.4388
   -7.5000  -30.0000   37.5000 7773.9629   24.1641
    0.0000  -30.0000   37.5000 7839.0059   24.0815
    7.5000  -30.0000   37.5000 7393.7393   24.0804
   -7.5000  -22.5000   37.5000 8317.9463   24.3416
    0.0000  -22.5000   37.5000 8364.1543   24.2536
    7.5000  -22.5000   37.5000 7914.0479   24.2403
   -7.5000  -15.0000   37.5000 8789.8945   24.4064
    0.0000  -15.0000   37.5000 8832.1016   24.3307
    7.5000  -15.0000   37.5000 8360.7559   24.3166
   -7.5000   -7.5000   37.5000 8870.4756   24.3078
    0.0000   -7.5000   37.5000 8920.8418   24.2463
    7.5000   -7.5000   37.5000 8453.4336   24.2442
   -7.5000    0.0000   37.5000 8953.9297   24.1603
    0.0000    0.0000   37.5000 8984.2861   24.1016
    7.5000    0.0000   37.5000 8532.5342   24.1080
   -7.5000    7.5000   37.5000 8672.7109   24.0819
    0.0000    7.5000   37.5000 8702.6045   24.0130
    7.5000    7.5000   37.5000 8253.3770   24.0187
   -7.5000   15.0000   37.5000 8411.5537   24.1553
    0.0000   15.0000   37.5000 8451.0547   24.0727
    7.5000   15.0000   37.5000 8007.8481   24.0717
   -7.5000   22.5000   37.5000 7769.7612   24.0203
    0.0000   22.5000   37.5000 7797.1987   23.9335
    7.5000   22.5000   37.5000 7387.1343   23.9203
   -7.5000   30.0000   37.5000 7119.3486   23.5294
    0.0000   30.0000   37.5000 7146.1787   23.4564
    7.5000   30.0000   37.5000 6757.1909   23.4428
   -7.5000   37.5000   37.5000 6418.3989   22.7601
    0.0000   37.5000   37.5000 6447.6191   22.7025
    7.5000   37.5000   37.5000 6091.3154   22.7006
   -7.5000   45.0000   37.5000 5705.5117   21.8370
    0.0000   45.0000   37.5000 5726.8843   21.7840
    7.5000   45.0000   37.5000 5422.4805   21.7898
   -7.5000  -45.0000   45.0000 6305.2710   22.4276
    0.0000  -45.0000   45.0000 6372.9868   22.3973
    7.5000  -45.0000   45.0000 5998.5952   22.3973
   -7.5000  -37.5000   45.0000 6744.3457   23.8053
    0.0000  -37.5000   45.0000 6814.7314   23.7575
    7.5000  -37.5000   45.0000 6429.4521   23.7519
   -7.5000  -30.0000   45.0000 7197.7339   24.4366
    0.0000  -30.0000   45.0000 7274.8032   24.3701
    7.5000  -30.0000   45.0000 6858.6899   24.3556
   -7.5000  -22.5000   45.0000 7695.9756   24.5971
    0.0000  -22.5000   45.0000 7773.3208   24.5262
    7.5000  -22.5000   45.0000 7335.0088   24.5023
   -7.5000  -15.0000   45.0000 8124.5361   24.6603
    0.0000  -15.0000   45.0000 8200.3447   24.6063
    7.5000  -15.0000   45.0000 7741.7271   24.5886
   -7.5000   -7.5000   45.0000 8196.0977   24.5767
    0.0000   -7.5000   45.0000 8268.8223   24.5413
    7.5000   -7.5000   45.0000 7827.0742   24.5377
   -7.5000    0.0000   45.0000 8283.5762   24.4492
    0.0000    0.0000   45.0000 8337.9912   24.4163
    7.5000    0.0000   45.0000 7906.6084   24.4163
   -7.5000    7.5000   45.0000 8029.1191   24.3708
    0.0000    7.5000   45.0000 8078.5596   24.3219
    7.5000    7.5000   45.0000 7648.2964   24.3162
   -7.5000   15.0000   45.0000 7828.3354   24.4274
    0.0000   15.0000   45.0000 7861.9014   24.3610
    7.5000   15.0000   45.0000 7454.5620   24.3465
   -7.5000   22.5000   45.0000 7233.4741   24.2691
    0.0000   22.5000   45.0000 7264.5986   24.1992
    7.5000   22.5000   45.0000 6887.8013   24.1756
   -7.5000   30.0000   45.0000 6629.4961   23.7718
    0.0000   30.0000   45.0000 6654.4424   23.7197
    7.5000   30.0000   45.0000 6304.9854   23.7027
   -7.5000   37.5000   45.0000 5998.4995   23.0058
    0.0000   37.5000   45.0000 6011.8330   22.9727
    7.5000   37.5000   45.0000 5696.1079   22.9693
   -7.5000   45.0000   45.0000 5323.1162   22.0842
    0.0000   45.0000   45.0000 5334.0342   22.0544
    7.5000   45.0000   45.0000 5071.2803   22.0544

---------------------------------------------------------------------
imgreg_4dfp /opt/freesurfer/average/711-2C_as_mni_average_305 /opt/freesurfer/average/711-2B_as_mni_average_305_mask talsrcimg_g11 none talsrcimg_to_711-2C_as_mni_average_305_t4 4355
---------------------------------------------------------------------

freesurfer imgreg_4dfp.c
/opt/freesurfer/average/711-2C_as_mni_average_305.4dfp.img
       256       256       256         1
  1.000000  1.000000  1.000000
orientation T byte_order littleendian
Reading image: /opt/freesurfer/average/711-2C_as_mni_average_305.4dfp.img
dimensions:      256       256       256
mmppix:       1.0000   -1.0000   -1.0000
center:     128.0000 -129.0000 -129.0000
/opt/freesurfer/average/711-2B_as_mni_average_305_mask.4dfp.img
       256       256       256         1
  1.000000  1.000000  1.000000
orientation T byte_order littleendian
Reading mask: /opt/freesurfer/average/711-2B_as_mni_average_305_mask.4dfp.img (2306576 pixels)
talsrcimg_g11.4dfp.img
       256       256       256         1
  0.900000  0.900000  0.900000
orientation T byte_order littleendian
Reading image: talsrcimg_g11.4dfp.img
dimensions:      256       256       256
mmppix:       0.9000   -0.9000   -0.9000
center:     115.2000 -116.1000 -116.1000
rotation matrix determinant  1.000000
image alignment mode   4355 decimal     1103 hex
   -7.5000  -45.0000  -45.0000 1855.8516   22.4293
    0.0000  -45.0000  -45.0000 1864.7701   22.3375
    7.5000  -45.0000  -45.0000 1850.1377   22.6099
   -7.5000  -37.5000  -45.0000 1956.2939   20.5903
    0.0000  -37.5000  -45.0000 1963.9305   20.5618
    7.5000  -37.5000  -45.0000 1948.2395   20.7584
   -7.5000  -30.0000  -45.0000 2015.0725   19.3642
    0.0000  -30.0000  -45.0000 2017.8992   19.3313
    7.5000  -30.0000  -45.0000 2003.9540   19.4974
   -7.5000  -22.5000  -45.0000 2038.2886   18.5763
    0.0000  -22.5000  -45.0000 2042.4781   18.5166
    7.5000  -22.5000  -45.0000 2028.1931   18.7191
   -7.5000  -15.0000  -45.0000 2048.2522   18.0880
    0.0000  -15.0000  -45.0000 2056.5422   17.9486
    7.5000  -15.0000  -45.0000 2040.6334   18.2184
   -7.5000   -7.5000  -45.0000 2049.8596   17.9323
    0.0000   -7.5000  -45.0000 2060.9531   17.7823
    7.5000   -7.5000  -45.0000 2042.8759   18.0324
   -7.5000    0.0000  -45.0000 2033.7322   18.2597
    0.0000    0.0000  -45.0000 2047.2119   18.0850
    7.5000    0.0000  -45.0000 2025.9800   18.3520
   -7.5000    7.5000  -45.0000 1996.5752   18.9244
    0.0000    7.5000  -45.0000 2008.0918   18.7399
    7.5000    7.5000  -45.0000 1996.0828   19.0146
   -7.5000   15.0000  -45.0000 1949.6324   19.9223
    0.0000   15.0000  -45.0000 1962.2963   19.7097
    7.5000   15.0000  -45.0000 1944.3444   20.0243
   -7.5000   22.5000  -45.0000 1883.4023   21.4824
    0.0000   22.5000  -45.0000 1896.3685   21.2098
    7.5000   22.5000  -45.0000 1877.3368   21.5768
   -7.5000   30.0000  -45.0000 1803.1418   23.6211
    0.0000   30.0000  -45.0000 1818.7017   23.3553
    7.5000   30.0000  -45.0000 1794.0608   23.7318
   -7.5000   37.5000  -45.0000 1687.9156   26.2688
    0.0000   37.5000  -45.0000 1702.0696   26.0158
    7.5000   37.5000  -45.0000 1682.3743   26.3362
   -7.5000   45.0000  -45.0000 1538.8462   29.2556
    0.0000   45.0000  -45.0000 1553.8545   29.1024
    7.5000   45.0000  -45.0000 1537.8457   29.3805
   -7.5000  -45.0000  -37.5000 2016.8768   21.9137
    0.0000  -45.0000  -37.5000 2030.7939   21.8499
    7.5000  -45.0000  -37.5000 2006.4655   22.1205
   -7.5000  -37.5000  -37.5000 2123.5391   20.1764
    0.0000  -37.5000  -37.5000 2138.3206   20.1484
    7.5000  -37.5000  -37.5000 2115.5762   20.3390
   -7.5000  -30.0000  -37.5000 2179.9839   18.9380
    0.0000  -30.0000  -37.5000 2190.9478   18.9674
    7.5000  -30.0000  -37.5000 2172.5210   19.0751
   -7.5000  -22.5000  -37.5000 2208.2727   18.1533
    0.0000  -22.5000  -37.5000 2214.6858   18.1396
    7.5000  -22.5000  -37.5000 2198.7244   18.2422
   -7.5000  -15.0000  -37.5000 2224.2061   17.6872
    0.0000  -15.0000  -37.5000 2231.3630   17.5521
    7.5000  -15.0000  -37.5000 2212.8655   17.7673
   -7.5000   -7.5000  -37.5000 2221.9248   17.5207
    0.0000   -7.5000  -37.5000 2231.4001   17.4344
    7.5000   -7.5000  -37.5000 2212.9014   17.6100
   -7.5000    0.0000  -37.5000 2207.7012   17.8478
    0.0000    0.0000  -37.5000 2218.8147   17.7109
    7.5000    0.0000  -37.5000 2202.3689   17.9286
   -7.5000    7.5000  -37.5000 2175.6436   18.4700
    0.0000    7.5000  -37.5000 2190.8557   18.3368
    7.5000    7.5000  -37.5000 2171.3203   18.5877
   -7.5000   15.0000  -37.5000 2123.1035   19.4766
    0.0000   15.0000  -37.5000 2140.3108   19.3083
    7.5000   15.0000  -37.5000 2119.5732   19.5909
   -7.5000   22.5000  -37.5000 2050.5942   20.9611
    0.0000   22.5000  -37.5000 2065.8030   20.7481
    7.5000   22.5000  -37.5000 2045.3325   21.0844
   -7.5000   30.0000  -37.5000 1960.6655   23.0061
    0.0000   30.0000  -37.5000 1973.3062   22.7397
    7.5000   30.0000  -37.5000 1954.5166   23.1263
   -7.5000   37.5000  -37.5000 1829.5764   25.5827
    0.0000   37.5000  -37.5000 1843.5200   25.2604
    7.5000   37.5000  -37.5000 1822.2593   25.6692
   -7.5000   45.0000  -37.5000 1671.8052   28.6376
    0.0000   45.0000  -37.5000 1686.5917   28.2870
    7.5000   45.0000  -37.5000 1667.8658   28.6848
   -7.5000  -45.0000  -30.0000 2157.4253   21.2185
    0.0000  -45.0000  -30.0000 2165.2473   21.2111
    7.5000  -45.0000  -30.0000 2142.4219   21.3969
   -7.5000  -37.5000  -30.0000 2273.1328   19.5317
    0.0000  -37.5000  -30.0000 2280.4824   19.5196
    7.5000  -37.5000  -30.0000 2256.3164   19.6467
   -7.5000  -30.0000  -30.0000 2338.7253   18.3866
    0.0000  -30.0000  -30.0000 2346.1851   18.3645
    7.5000  -30.0000  -30.0000 2322.7778   18.4316
   -7.5000  -22.5000  -30.0000 2365.0884   17.6015
    0.0000  -22.5000  -30.0000 2376.0779   17.5765
    7.5000  -22.5000  -30.0000 2352.6240   17.6393
   -7.5000  -15.0000  -30.0000 2385.1184   17.0970
    0.0000  -15.0000  -30.0000 2397.3774   17.0166
    7.5000  -15.0000  -30.0000 2370.2625   17.1365
   -7.5000   -7.5000  -30.0000 2393.2439   16.9413
    0.0000   -7.5000  -30.0000 2404.4294   16.8699
    7.5000   -7.5000  -30.0000 2379.8269   16.9884
   -7.5000    0.0000  -30.0000 2380.5078   17.2307
    0.0000    0.0000  -30.0000 2386.9868   17.1450
    7.5000    0.0000  -30.0000 2371.5701   17.3074
   -7.5000    7.5000  -30.0000 2347.6877   17.9106
    0.0000    7.5000  -30.0000 2358.7805   17.7690
    7.5000    7.5000  -30.0000 2338.3301   17.9693
   -7.5000   15.0000  -30.0000 2286.1526   18.9206
    0.0000   15.0000  -30.0000 2299.3474   18.7637
    7.5000   15.0000  -30.0000 2280.3948   18.9855
   -7.5000   22.5000  -30.0000 2205.0750   20.3514
    0.0000   22.5000  -30.0000 2219.6145   20.1821
    7.5000   22.5000  -30.0000 2194.2407   20.4127
   -7.5000   30.0000  -30.0000 2101.6448   22.3001
    0.0000   30.0000  -30.0000 2114.9917   22.0938
    7.5000   30.0000  -30.0000 2090.6265   22.3884
   -7.5000   37.5000  -30.0000 1952.9186   24.8120
    0.0000   37.5000  -30.0000 1970.3595   24.5939
    7.5000   37.5000  -30.0000 1948.1539   24.9052
   -7.5000   45.0000  -30.0000 1787.1862   27.7779
    0.0000   45.0000  -30.0000 1800.8245   27.5361
    7.5000   45.0000  -30.0000 1783.3212   27.9045
   -7.5000  -45.0000  -22.5000 2272.7144   20.4588
    0.0000  -45.0000  -22.5000 2282.5466   20.3903
    7.5000  -45.0000  -22.5000 2255.6255   20.5164
   -7.5000  -37.5000  -22.5000 2391.8950   18.7194
    0.0000  -37.5000  -22.5000 2404.7898   18.6869
    7.5000  -37.5000  -22.5000 2375.8909   18.7464
   -7.5000  -30.0000  -22.5000 2467.7205   17.5587
    0.0000  -30.0000  -22.5000 2478.9597   17.5452
    7.5000  -30.0000  -22.5000 2451.9163   17.6013
   -7.5000  -22.5000  -22.5000 2504.1172   16.8242
    0.0000  -22.5000  -22.5000 2515.2637   16.8180
    7.5000  -22.5000  -22.5000 2487.6582   16.8825
   -7.5000  -15.0000  -22.5000 2530.7678   16.3110
    0.0000  -15.0000  -22.5000 2546.2695   16.2508
    7.5000  -15.0000  -22.5000 2511.7808   16.3528
   -7.5000   -7.5000  -22.5000 2544.3545   16.1730
    0.0000   -7.5000  -22.5000 2560.4136   16.0898
    7.5000   -7.5000  -22.5000 2529.4600   16.1979
   -7.5000    0.0000  -22.5000 2532.1296   16.4436
    0.0000    0.0000  -22.5000 2549.3318   16.3730
    7.5000    0.0000  -22.5000 2522.7251   16.4746
   -7.5000    7.5000  -22.5000 2495.9622   17.1384
    0.0000    7.5000  -22.5000 2513.3215   17.0358
    7.5000    7.5000  -22.5000 2482.4866   17.1683
   -7.5000   15.0000  -22.5000 2430.0037   18.1443
    0.0000   15.0000  -22.5000 2446.1887   18.0156
    7.5000   15.0000  -22.5000 2414.8411   18.1976
   -7.5000   22.5000  -22.5000 2334.4795   19.5140
    0.0000   22.5000  -22.5000 2350.3081   19.3602
    7.5000   22.5000  -22.5000 2321.9390   19.5997
   -7.5000   30.0000  -22.5000 2222.8064   21.3884
    0.0000   30.0000  -22.5000 2236.6013   21.2153
    7.5000   30.0000  -22.5000 2213.5325   21.5006
   -7.5000   37.5000  -22.5000 2065.4639   23.7875
    0.0000   37.5000  -22.5000 2079.1299   23.5747
    7.5000   37.5000  -22.5000 2059.8972   23.8906
   -7.5000   45.0000  -22.5000 1879.6542   26.6538
    0.0000   45.0000  -22.5000 1896.8938   26.3949
    7.5000   45.0000  -22.5000 1876.9226   26.7837
   -7.5000  -45.0000  -15.0000 2365.4531   19.5178
    0.0000  -45.0000  -15.0000 2373.2061   19.3774
    7.5000  -45.0000  -15.0000 2343.7185   19.5588
   -7.5000  -37.5000  -15.0000 2490.6814   17.8237
    0.0000  -37.5000  -15.0000 2502.2307   17.7529
    7.5000  -37.5000  -15.0000 2471.8301   17.8469
   -7.5000  -30.0000  -15.0000 2572.2085   16.6879
    0.0000  -30.0000  -15.0000 2586.6653   16.6353
    7.5000  -30.0000  -15.0000 2557.2598   16.7124
   -7.5000  -22.5000  -15.0000 2624.5464   15.9496
    0.0000  -22.5000  -15.0000 2635.2795   15.9302
    7.5000  -22.5000  -15.0000 2604.5073   16.0216
   -7.5000  -15.0000  -15.0000 2659.3921   15.4335
    0.0000  -15.0000  -15.0000 2670.0061   15.3967
    7.5000  -15.0000  -15.0000 2633.3579   15.5120
   -7.5000   -7.5000  -15.0000 2676.3687   15.2953
    0.0000   -7.5000  -15.0000 2692.8474   15.2179
    7.5000   -7.5000  -15.0000 2652.4917   15.3266
   -7.5000    0.0000  -15.0000 2667.3955   15.5429
    0.0000    0.0000  -15.0000 2686.4385   15.4575
    7.5000    0.0000  -15.0000 2646.2058   15.5598
   -7.5000    7.5000  -15.0000 2623.7012   16.1971
    0.0000    7.5000  -15.0000 2644.0110   16.1186
    7.5000    7.5000  -15.0000 2605.5986   16.2604
   -7.5000   15.0000  -15.0000 2545.5332   17.2000
    0.0000   15.0000  -15.0000 2565.6304   17.1082
    7.5000   15.0000  -15.0000 2527.3779   17.2978
   -7.5000   22.5000  -15.0000 2440.0786   18.5270
    0.0000   22.5000  -15.0000 2458.2603   18.4369
    7.5000   22.5000  -15.0000 2426.3259   18.6507
   -7.5000   30.0000  -15.0000 2319.4890   20.3894
    0.0000   30.0000  -15.0000 2332.5891   20.2460
    7.5000   30.0000  -15.0000 2309.2366   20.4971
   -7.5000   37.5000  -15.0000 2157.6892   22.6732
    0.0000   37.5000  -15.0000 2165.1548   22.4400
    7.5000   37.5000  -15.0000 2144.6101   22.7626
   -7.5000   45.0000  -15.0000 1960.0164   25.2843
    0.0000   45.0000  -15.0000 1968.5619   25.0001
    7.5000   45.0000  -15.0000 1952.9630   25.4523
   -7.5000  -45.0000   -7.5000 2413.9292   18.5713
    0.0000  -45.0000   -7.5000 2422.0750   18.3988
    7.5000  -45.0000   -7.5000 2388.7507   18.6916
   -7.5000  -37.5000   -7.5000 2545.7839   16.9190
    0.0000  -37.5000   -7.5000 2555.8157   16.7711
    7.5000  -37.5000   -7.5000 2526.9717   17.0095
   -7.5000  -30.0000   -7.5000 2637.4583   15.7858
    0.0000  -30.0000   -7.5000 2653.3572   15.6816
    7.5000  -30.0000   -7.5000 2623.5376   15.8532
   -7.5000  -22.5000   -7.5000 2705.2974   15.0518
    0.0000  -22.5000   -7.5000 2717.7048   14.9714
    7.5000  -22.5000   -7.5000 2685.7439   15.1355
   -7.5000  -15.0000   -7.5000 2750.9634   14.5084
    0.0000  -15.0000   -7.5000 2760.7632   14.4466
    7.5000  -15.0000   -7.5000 2722.9490   14.5958
   -7.5000   -7.5000   -7.5000 2777.1016   14.3696
    0.0000   -7.5000   -7.5000 2794.3064   14.2908
    7.5000   -7.5000   -7.5000 2747.8594   14.4302
   -7.5000    0.0000   -7.5000 2763.0757   14.5965
    0.0000    0.0000   -7.5000 2785.2629   14.5360
    7.5000    0.0000   -7.5000 2742.8303   14.6775
   -7.5000    7.5000   -7.5000 2715.4270   15.2266
    0.0000    7.5000   -7.5000 2732.9805   15.1407
    7.5000    7.5000   -7.5000 2693.5684   15.3370
   -7.5000   15.0000   -7.5000 2631.0232   16.1788
    0.0000   15.0000   -7.5000 2646.8735   16.0936
    7.5000   15.0000   -7.5000 2607.6223   16.3053
   -7.5000   22.5000   -7.5000 2512.7424   17.5092
    0.0000   22.5000   -7.5000 2533.8831   17.4356
    7.5000   22.5000   -7.5000 2498.5337   17.6401
   -7.5000   30.0000   -7.5000 2379.9629   19.3167
    0.0000   30.0000   -7.5000 2402.3059   19.2457
    7.5000   30.0000   -7.5000 2369.1638   19.4118
   -7.5000   37.5000   -7.5000 2208.8413   21.4746
    0.0000   37.5000   -7.5000 2222.4194   21.3922
    7.5000   37.5000   -7.5000 2196.7512   21.5822
   -7.5000   45.0000   -7.5000 2004.4806   23.9986
    0.0000   45.0000   -7.5000 2016.9000   23.8543
    7.5000   45.0000   -7.5000 1994.7123   24.1066
   -7.5000  -45.0000    0.0000 2448.7659   18.0861
    0.0000  -45.0000    0.0000 2459.5916   17.8678
    7.5000  -45.0000    0.0000 2430.7151   18.2948
   -7.5000  -37.5000    0.0000 2588.3452   16.4152
    0.0000  -37.5000    0.0000 2599.4905   16.2377
    7.5000  -37.5000    0.0000 2569.5686   16.5598
   -7.5000  -30.0000    0.0000 2693.3875   15.2477
    0.0000  -30.0000    0.0000 2710.2417   15.0839
    7.5000  -30.0000    0.0000 2677.7817   15.3799
   -7.5000  -22.5000    0.0000 2774.1409   14.4750
    0.0000  -22.5000    0.0000 2794.6118   14.3278
    7.5000  -22.5000    0.0000 2754.5479   14.6003
   -7.5000  -15.0000    0.0000 2836.8704   13.8689
    0.0000  -15.0000    0.0000 2856.1370   13.7333
    7.5000  -15.0000    0.0000 2806.8000   13.9996
   -7.5000   -7.5000    0.0000 2879.2119   13.7245
    0.0000   -7.5000    0.0000 2898.7922   13.6038
    7.5000   -7.5000    0.0000 2844.1526   13.8146
   -7.5000    0.0000    0.0000 2862.2285   14.0128
    0.0000    0.0000    0.0000 2885.5686   13.9455
    7.5000    0.0000    0.0000 2838.3853   14.0896
   -7.5000    7.5000    0.0000 2799.0847   14.6125
    0.0000    7.5000    0.0000 2817.9888   14.5357
    7.5000    7.5000    0.0000 2778.1233   14.7160
   -7.5000   15.0000    0.0000 2700.7593   15.5660
    0.0000   15.0000    0.0000 2715.5276   15.4788
    7.5000   15.0000    0.0000 2681.5698   15.6652
   -7.5000   22.5000    0.0000 2577.9124   16.9331
    0.0000   22.5000    0.0000 2595.0842   16.8249
    7.5000   22.5000    0.0000 2561.6545   17.0224
   -7.5000   30.0000    0.0000 2438.7798   18.7225
    0.0000   30.0000    0.0000 2457.1147   18.6238
    7.5000   30.0000    0.0000 2423.5969   18.8289
   -7.5000   37.5000    0.0000 2257.9705   20.8489
    0.0000   37.5000    0.0000 2275.1650   20.7806
    7.5000   37.5000    0.0000 2245.6548   20.9829
   -7.5000   45.0000    0.0000 2041.4484   23.2894
    0.0000   45.0000    0.0000 2060.8589   23.1770
    7.5000   45.0000    0.0000 2036.8263   23.4282
   -7.5000  -45.0000    7.5000 2462.6035   17.7878
    0.0000  -45.0000    7.5000 2477.4058   17.5524
    7.5000  -45.0000    7.5000 2445.1375   18.0305
   -7.5000  -37.5000    7.5000 2598.9478   16.1320
    0.0000  -37.5000    7.5000 2612.6504   15.8521
    7.5000  -37.5000    7.5000 2584.1589   16.2954
   -7.5000  -30.0000    7.5000 2719.1233   14.9265
    0.0000  -30.0000    7.5000 2731.6443   14.6497
    7.5000  -30.0000    7.5000 2703.0930   15.0791
   -7.5000  -22.5000    7.5000 2816.6035   14.0997
    0.0000  -22.5000    7.5000 2830.7666   13.8616
    7.5000  -22.5000    7.5000 2795.2944   14.2918
   -7.5000  -15.0000    7.5000 2885.1636   13.4092
    0.0000  -15.0000    7.5000 2907.8655   13.1555
    7.5000  -15.0000    7.5000 2856.1235   13.6366
   -7.5000   -7.5000    7.5000 2935.6902   13.1413
    0.0000   -7.5000    7.5000 2955.0115   12.9410
    7.5000   -7.5000    7.5000 2897.3999   13.3677
   -7.5000    0.0000    7.5000 2921.1169   13.5318
    0.0000    0.0000    7.5000 2942.5554   13.3777
    7.5000    0.0000    7.5000 2895.2866   13.6802
   -7.5000    7.5000    7.5000 2844.8201   14.2453
    0.0000    7.5000    7.5000 2865.4856   14.1218
    7.5000    7.5000    7.5000 2830.1672   14.3492
   -7.5000   15.0000    7.5000 2741.6487   15.2116
    0.0000   15.0000    7.5000 2758.8940   15.0818
    7.5000   15.0000    7.5000 2725.6479   15.3042
   -7.5000   22.5000    7.5000 2613.2886   16.5203
    0.0000   22.5000    7.5000 2632.1848   16.3990
    7.5000   22.5000    7.5000 2594.7976   16.6053
   -7.5000   30.0000    7.5000 2468.6631   18.2788
    0.0000   30.0000    7.5000 2489.6531   18.1702
    7.5000   30.0000    7.5000 2450.3542   18.3807
   -7.5000   37.5000    7.5000 2282.6113   20.3981
    0.0000   37.5000    7.5000 2299.2754   20.3056
    7.5000   37.5000    7.5000 2267.3613   20.5448
   -7.5000   45.0000    7.5000 2067.5193   22.8116
    0.0000   45.0000    7.5000 2085.3345   22.6538
    7.5000   45.0000    7.5000 2056.4077   22.9407
   -7.5000  -45.0000   15.0000 2455.2163   17.7407
    0.0000  -45.0000   15.0000 2468.8755   17.4837
    7.5000  -45.0000   15.0000 2442.6824   17.9937
   -7.5000  -37.5000   15.0000 2592.0867   16.0496
    0.0000  -37.5000   15.0000 2605.2341   15.7603
    7.5000  -37.5000   15.0000 2578.2285   16.2890
   -7.5000  -30.0000   15.0000 2716.5776   14.8444
    0.0000  -30.0000   15.0000 2726.5483   14.5253
    7.5000  -30.0000   15.0000 2701.5823   15.0831
   -7.5000  -22.5000   15.0000 2822.2769   14.0516
    0.0000  -22.5000   15.0000 2834.2014   13.7076
    7.5000  -22.5000   15.0000 2804.9211   14.2714
   -7.5000  -15.0000   15.0000 2898.2471   13.4187
    0.0000  -15.0000   15.0000 2916.5630   13.0320
    7.5000  -15.0000   15.0000 2880.0115   13.6839
   -7.5000   -7.5000   15.0000 2947.6401   13.1312
    0.0000   -7.5000   15.0000 2955.9575   12.7603
    7.5000   -7.5000   15.0000 2919.2358   13.4390
   -7.5000    0.0000   15.0000 2945.8889   13.4892
    0.0000    0.0000   15.0000 2955.7864   13.2287
    7.5000    0.0000   15.0000 2911.0740   13.6665
   -7.5000    7.5000   15.0000 2860.7681   14.2765
    0.0000    7.5000   15.0000 2878.9998   14.0726
    7.5000    7.5000   15.0000 2838.9529   14.3623
   -7.5000   15.0000   15.0000 2754.6978   15.2675
    0.0000   15.0000   15.0000 2771.7722   15.0883
    7.5000   15.0000   15.0000 2735.6702   15.3041
   -7.5000   22.5000   15.0000 2618.0637   16.5206
    0.0000   22.5000   15.0000 2635.1362   16.3743
    7.5000   22.5000   15.0000 2601.1204   16.5697
   -7.5000   30.0000   15.0000 2476.8887   18.1786
    0.0000   30.0000   15.0000 2485.6470   18.0452
    7.5000   30.0000   15.0000 2456.9558   18.2374
   -7.5000   37.5000   15.0000 2292.0383   20.2392
    0.0000   37.5000   15.0000 2297.9861   20.0719
    7.5000   37.5000   15.0000 2276.0784   20.3239
   -7.5000   45.0000   15.0000 2071.9097   22.6244
    0.0000   45.0000   15.0000 2082.7520   22.3525
    7.5000   45.0000   15.0000 2059.4368   22.7271
   -7.5000  -45.0000   22.5000 2442.1729   17.9747
    0.0000  -45.0000   22.5000 2454.6201   17.7013
    7.5000  -45.0000   22.5000 2429.5422   18.2761
   -7.5000  -37.5000   22.5000 2579.1101   16.2946
    0.0000  -37.5000   22.5000 2588.7952   15.9764
    7.5000  -37.5000   22.5000 2567.5232   16.5547
   -7.5000  -30.0000   22.5000 2703.3892   15.1274
    0.0000  -30.0000   22.5000 2705.1555   14.7694
    7.5000  -30.0000   22.5000 2687.7146   15.3498
   -7.5000  -22.5000   22.5000 2805.4329   14.3388
    0.0000  -22.5000   22.5000 2812.0845   14.0027
    7.5000  -22.5000   22.5000 2787.6150   14.5765
   -7.5000  -15.0000   22.5000 2886.5178   13.7712
    0.0000  -15.0000   22.5000 2894.7185   13.4172
    7.5000  -15.0000   22.5000 2865.5308   14.0103
   -7.5000   -7.5000   22.5000 2926.7893   13.6547
    0.0000   -7.5000   22.5000 2941.3584   13.3674
    7.5000   -7.5000   22.5000 2901.1726   13.7922
   -7.5000    0.0000   22.5000 2912.6592   13.8981
    0.0000    0.0000   22.5000 2926.1716   13.6612
    7.5000    0.0000   22.5000 2887.9500   14.0133
   -7.5000    7.5000   22.5000 2835.6619   14.5099
    0.0000    7.5000   22.5000 2845.4907   14.2739
    7.5000    7.5000   22.5000 2814.5659   14.5971
   -7.5000   15.0000   22.5000 2728.0740   15.4493
    0.0000   15.0000   22.5000 2737.5713   15.2365
    7.5000   15.0000   22.5000 2710.0337   15.4884
   -7.5000   22.5000   22.5000 2595.3257   16.6705
    0.0000   22.5000   22.5000 2607.0249   16.5068
    7.5000   22.5000   22.5000 2578.5139   16.7039
   -7.5000   30.0000   22.5000 2454.4028   18.2697
    0.0000   30.0000   22.5000 2468.8533   18.1397
    7.5000   30.0000   22.5000 2437.1411   18.3267
   -7.5000   37.5000   22.5000 2273.5417   20.2603
    0.0000   37.5000   22.5000 2283.2534   20.1599
    7.5000   37.5000   22.5000 2255.9998   20.3374
   -7.5000   45.0000   22.5000 2057.8386   22.6278
    0.0000   45.0000   22.5000 2072.7815   22.4911
    7.5000   45.0000   22.5000 2044.3203   22.6976
   -7.5000  -45.0000   30.0000 2424.1519   18.4959
    0.0000  -45.0000   30.0000 2437.3467   18.2856
    7.5000  -45.0000   30.0000 2407.9543   18.6811
   -7.5000  -37.5000   30.0000 2562.6667   16.8870
    0.0000  -37.5000   30.0000 2582.5056   16.7308
    7.5000  -37.5000   30.0000 2543.1328   17.0599
   -7.5000  -30.0000   30.0000 2684.5593   15.7528
    0.0000  -30.0000   30.0000 2703.3149   15.6364
    7.5000  -30.0000   30.0000 2661.0200   15.9293
   -7.5000  -22.5000   30.0000 2776.3779   14.9672
    0.0000  -22.5000   30.0000 2794.0146   14.7941
    7.5000  -22.5000   30.0000 2749.3354   15.1766
   -7.5000  -15.0000   30.0000 2844.3643   14.4140
    0.0000  -15.0000   30.0000 2860.4019   14.2486
    7.5000  -15.0000   30.0000 2814.8035   14.5771
   -7.5000   -7.5000   30.0000 2865.8596   14.2811
    0.0000   -7.5000   30.0000 2886.7593   14.1310
    7.5000   -7.5000   30.0000 2841.5713   14.3640
   -7.5000    0.0000   30.0000 2849.1311   14.4673
    0.0000    0.0000   30.0000 2867.0186   14.3590
    7.5000    0.0000   30.0000 2822.7847   14.5551
   -7.5000    7.5000   30.0000 2772.2876   15.0275
    0.0000    7.5000   30.0000 2787.6575   14.9235
    7.5000    7.5000   30.0000 2750.4390   15.1002
   -7.5000   15.0000   30.0000 2669.3486   15.9179
    0.0000   15.0000   30.0000 2686.7886   15.8122
    7.5000   15.0000   30.0000 2655.4724   15.9895
   -7.5000   22.5000   30.0000 2548.1631   17.0885
    0.0000   22.5000   30.0000 2566.7803   16.9502
    7.5000   22.5000   30.0000 2533.3745   17.1380
   -7.5000   30.0000   30.0000 2413.5837   18.6696
    0.0000   30.0000   30.0000 2430.3074   18.5033
    7.5000   30.0000   30.0000 2400.2561   18.7191
   -7.5000   37.5000   30.0000 2237.7344   20.6181
    0.0000   37.5000   30.0000 2247.6379   20.4368
    7.5000   37.5000   30.0000 2225.0710   20.6935
   -7.5000   45.0000   30.0000 2033.2124   22.8825
    0.0000   45.0000   30.0000 2045.1621   22.6850
    7.5000   45.0000   30.0000 2020.2941   23.0409
   -7.5000  -45.0000   37.5000 2400.4832   19.4032
    0.0000  -45.0000   37.5000 2410.8188   19.2827
    7.5000  -45.0000   37.5000 2369.7620   19.5548
   -7.5000  -37.5000   37.5000 2535.1179   17.7656
    0.0000  -37.5000   37.5000 2548.7468   17.6093
    7.5000  -37.5000   37.5000 2503.5762   17.8762
   -7.5000  -30.0000   37.5000 2647.2944   16.5930
    0.0000  -30.0000   37.5000 2661.4512   16.4163
    7.5000  -30.0000   37.5000 2616.7070   16.7050
   -7.5000  -22.5000   37.5000 2724.9185   15.7919
    0.0000  -22.5000   37.5000 2741.1047   15.6175
    7.5000  -22.5000   37.5000 2692.9968   15.9312
   -7.5000  -15.0000   37.5000 2779.3164   15.2929
    0.0000  -15.0000   37.5000 2792.2571   15.1164
    7.5000  -15.0000   37.5000 2749.7827   15.3773
   -7.5000   -7.5000   37.5000 2790.6282   15.1198
    0.0000   -7.5000   37.5000 2806.6279   14.9406
    7.5000   -7.5000   37.5000 2767.1450   15.1659
   -7.5000    0.0000   37.5000 2766.4128   15.3066
    0.0000    0.0000   37.5000 2780.2766   15.1351
    7.5000    0.0000   37.5000 2745.5989   15.3497
   -7.5000    7.5000   37.5000 2702.5327   15.8313
    0.0000    7.5000   37.5000 2714.7893   15.6662
    7.5000    7.5000   37.5000 2678.1970   15.8609
   -7.5000   15.0000   37.5000 2596.0205   16.6764
    0.0000   15.0000   37.5000 2614.0720   16.5364
    7.5000   15.0000   37.5000 2578.5859   16.7120
   -7.5000   22.5000   37.5000 2484.2153   17.7983
    0.0000   22.5000   37.5000 2500.5337   17.6909
    7.5000   22.5000   37.5000 2467.3740   17.8384
   -7.5000   30.0000   37.5000 2357.8022   19.3158
    0.0000   30.0000   37.5000 2372.2505   19.2157
    7.5000   30.0000   37.5000 2341.0522   19.3847
   -7.5000   37.5000   37.5000 2187.0088   21.1985
    0.0000   37.5000   37.5000 2199.8750   21.0894
    7.5000   37.5000   37.5000 2170.7847   21.3179
   -7.5000   45.0000   37.5000 1990.8352   23.4522
    0.0000   45.0000   37.5000 2001.4209   23.3220
    7.5000   45.0000   37.5000 1980.5220   23.6442
   -7.5000  -45.0000   45.0000 2338.0322   20.3631
    0.0000  -45.0000   45.0000 2350.2788   20.2582
    7.5000  -45.0000   45.0000 2306.5120   20.5062
   -7.5000  -37.5000   45.0000 2466.2898   18.6903
    0.0000  -37.5000   45.0000 2478.1250   18.5712
    7.5000  -37.5000   45.0000 2432.6394   18.7968
   -7.5000  -30.0000   45.0000 2565.2490   17.5162
    0.0000  -30.0000   45.0000 2578.6577   17.3517
    7.5000  -30.0000   45.0000 2531.6157   17.6089
   -7.5000  -22.5000   45.0000 2632.8567   16.7439
    0.0000  -22.5000   45.0000 2647.3486   16.5966
    7.5000  -22.5000   45.0000 2601.3931   16.8193
   -7.5000  -15.0000   45.0000 2672.1423   16.2429
    0.0000  -15.0000   45.0000 2685.9294   16.0848
    7.5000  -15.0000   45.0000 2643.6277   16.3163
   -7.5000   -7.5000   45.0000 2673.9807   16.0626
    0.0000   -7.5000   45.0000 2690.6602   15.9130
    7.5000   -7.5000   45.0000 2651.1880   16.1061
   -7.5000    0.0000   45.0000 2651.4299   16.2339
    0.0000    0.0000   45.0000 2662.3774   16.0947
    7.5000    0.0000   45.0000 2628.2441   16.2680
   -7.5000    7.5000   45.0000 2593.5198   16.7618
    0.0000    7.5000   45.0000 2607.1787   16.6000
    7.5000    7.5000   45.0000 2568.9961   16.7547
   -7.5000   15.0000   45.0000 2500.5718   17.6004
    0.0000   15.0000   45.0000 2512.3293   17.4302
    7.5000   15.0000   45.0000 2479.5486   17.5909
   -7.5000   22.5000   45.0000 2394.6521   18.6435
    0.0000   22.5000   45.0000 2406.2502   18.5235
    7.5000   22.5000   45.0000 2378.5923   18.6806
   -7.5000   30.0000   45.0000 2267.7515   20.1527
    0.0000   30.0000   45.0000 2279.4834   20.0370
    7.5000   30.0000   45.0000 2253.8110   20.1957
   -7.5000   37.5000   45.0000 2111.2483   22.1223
    0.0000   37.5000   45.0000 2120.3708   21.9869
    7.5000   37.5000   45.0000 2100.5186   22.1743
   -7.5000   45.0000   45.0000 1921.1691   24.3137
    0.0000   45.0000   45.0000 1930.4346   24.1626
    7.5000   45.0000   45.0000 1914.3790   24.4546

---------------------------------------------------------------------
imgreg_4dfp /opt/freesurfer/average/711-2C_as_mni_average_305 /opt/freesurfer/average/711-2B_as_mni_average_305_mask talsrcimg_g11 none talsrcimg_to_711-2C_as_mni_average_305_t4 1283
---------------------------------------------------------------------

freesurfer imgreg_4dfp.c
/opt/freesurfer/average/711-2C_as_mni_average_305.4dfp.img
       256       256       256         1
  1.000000  1.000000  1.000000
orientation T byte_order littleendian
Reading image: /opt/freesurfer/average/711-2C_as_mni_average_305.4dfp.img
dimensions:      256       256       256
mmppix:       1.0000   -1.0000   -1.0000
center:     128.0000 -129.0000 -129.0000
/opt/freesurfer/average/711-2B_as_mni_average_305_mask.4dfp.img
       256       256       256         1
  1.000000  1.000000  1.000000
orientation T byte_order littleendian
Reading mask: /opt/freesurfer/average/711-2B_as_mni_average_305_mask.4dfp.img (2306576 pixels)
talsrcimg_g11.4dfp.img
       256       256       256         1
  0.900000  0.900000  0.900000
orientation T byte_order littleendian
Reading image: talsrcimg_g11.4dfp.img
dimensions:      256       256       256
mmppix:       0.9000   -0.9000   -0.9000
center:     115.2000 -116.1000 -116.1000
rotation matrix determinant  1.000000
fimgreg.f
image alignment mode   1283 decimal      503 hex
parameters
    0.0000   -7.5000   15.0000    0.0000    0.0000    0.0000
eta,q 0.92829 12.71802
niter,ni,del,rscale     5    3   12.0000    1.2000
parameter  2 -1.779499 -> -0.500000 qaram    1.1500
parameter  3  1.057542 -> -0.500000 qaram    1.1500
parameter  5 -0.596312 -> -0.500000 qaram    1.1500
parameters
   -1.3817   -4.0500   18.4500   -0.5740    3.4500    0.2841
eta,q 0.93262 12.99120
  0.0746  0.0840  0.0690  0.0755  0.0725  0.0734
  0.0755  0.0819  0.0727  0.0720  0.0708  0.0703
  0.0754  0.0793  0.0732  0.0684  0.0694  0.0682
  0.0740  0.0751  0.0694  0.0685  0.0681  0.0674
  0.0737  0.0711  0.0673  0.0714  0.0673  0.0677
  0.0758  0.0693  0.0690  0.0744  0.0676  0.0694
  0.0779  0.0704  0.0697  0.0775  0.0678  0.0725
niter,ni,del,rscale     7    3   12.0000    1.2000
parameters
   -2.7827   -4.0389   17.0034   -0.8992    2.1023    0.0220
eta,q 0.93325 12.85079
  0.0691  0.0848  0.0719  0.0747  0.0672  0.0729
  0.0688  0.0774  0.0691  0.0719  0.0662  0.0699
  0.0677  0.0696  0.0670  0.0680  0.0664  0.0676
  0.0674  0.0674  0.0674  0.0670  0.0668  0.0667
  0.0690  0.0703  0.0681  0.0696  0.0663  0.0677
  0.0697  0.0777  0.0741  0.0727  0.0667  0.0704
  0.0726  0.0842  0.0798  0.0763  0.0688  0.0744
niter,ni,del,rscale     6    3   12.0000    1.2000
parameters
   -1.6096   -3.8896   15.8606   -1.0530    3.4535   -0.0314
eta,q 0.93385 12.81290
  0.0707  0.0839  0.0684  0.0757  0.0697  0.0727
  0.0678  0.0776  0.0717  0.0726  0.0675  0.0696
  0.0673  0.0702  0.0681  0.0682  0.0669  0.0671
  0.0667  0.0663  0.0663  0.0666  0.0666  0.0661
  0.0662  0.0694  0.0676  0.0693  0.0658  0.0671
  0.0670  0.0770  0.0688  0.0729  0.0656  0.0696
  0.0681  0.0825  0.0760  0.0765  0.0681  0.0731
niter,ni,del,rscale     5    3   12.0000    1.2000
parameter  3  0.515448 ->  0.500000 qaram    1.3225
parameters
   -1.7581   -3.5119   11.8931   -0.4686    3.5880    0.0272
eta,q 0.92809 12.66432
  0.0688  0.0820  0.0653  0.0808  0.0775  0.0771
  0.0674  0.0769  0.0708  0.0772  0.0747  0.0749
  0.0669  0.0705  0.0699  0.0728  0.0724  0.0730
  0.0661  0.0662  0.0662  0.0714  0.0718  0.0719
  0.0656  0.0687  0.0670  0.0733  0.0729  0.0723
  0.0672  0.0745  0.0680  0.0755  0.0743  0.0743
  0.0699  0.0796  0.0720  0.0774  0.0771  0.0774
niter,ni,del,rscale     5    3   12.0000    1.2000
parameters
   -1.8365   -3.4991   15.8070   -1.0510    2.8600    0.0052
eta,q 0.93352 12.81593
  0.0783  0.0833  0.0744  0.0746  0.0678  0.0733
  0.0731  0.0807  0.0684  0.0710  0.0666  0.0701
  0.0713  0.0750  0.0660  0.0668  0.0665  0.0675
  0.0719  0.0719  0.0719  0.0667  0.0662  0.0665
  0.0710  0.0727  0.0686  0.0697  0.0654  0.0674
  0.0738  0.0784  0.0665  0.0735  0.0667  0.0700
  0.0785  0.0855  0.0680  0.0775  0.0702  0.0736
niter,ni,del,rscale     4    3   12.0000    1.2000
parameters
   -1.8399   -3.3745   11.8830   -0.6578    3.5736   -0.0067
eta,q 0.92832 12.67330
  0.0692  0.0817  0.0654  0.0804  0.0784  0.0770
  0.0674  0.0760  0.0692  0.0768  0.0754  0.0747
  0.0666  0.0697  0.0705  0.0725  0.0728  0.0728
  0.0665  0.0665  0.0665  0.0714  0.0716  0.0717
  0.0657  0.0699  0.0673  0.0734  0.0724  0.0722
  0.0670  0.0756  0.0680  0.0759  0.0739  0.0743
  0.0698  0.0804  0.0755  0.0778  0.0761  0.0775
niter,ni,del,rscale     3    3   12.0000    1.2000
parameters
   -1.7937   -3.3889   15.4988   -1.1284    2.9156   -0.0445
eta,q 0.93327 12.80555
  0.0785  0.0834  0.0745  0.0753  0.0685  0.0735
  0.0734  0.0807  0.0684  0.0715  0.0671  0.0704
  0.0712  0.0748  0.0658  0.0673  0.0667  0.0678
  0.0717  0.0717  0.0717  0.0669  0.0665  0.0667
  0.0708  0.0728  0.0685  0.0698  0.0658  0.0677
  0.0734  0.0787  0.0664  0.0736  0.0672  0.0703
  0.0782  0.0856  0.0680  0.0775  0.0708  0.0738
niter,ni,del,rscale     2    3   12.0000    1.2000
parameters
   -1.8903   -3.2497   11.5483   -0.6106    3.5880    0.0142
eta,q 0.92857 12.69111
  0.0695  0.0814  0.0659  0.0805  0.0780  0.0768
  0.0676  0.0759  0.0683  0.0769  0.0750  0.0744
  0.0666  0.0698  0.0708  0.0724  0.0725  0.0726
  0.0667  0.0667  0.0668  0.0711  0.0714  0.0715
  0.0659  0.0700  0.0671  0.0728  0.0722  0.0718
  0.0673  0.0752  0.0679  0.0754  0.0737  0.0739
  0.0702  0.0801  0.0746  0.0774  0.0758  0.0771
niter,ni,del,rscale     1    3   12.0000    1.2000
parameters
   -1.6981   -3.4085   14.9339   -1.1677    3.1012   -0.1435
eta,q 0.93253 12.77258
  0.0788  0.0833  0.0753  0.0758  0.0703  0.0738
  0.0734  0.0805  0.0692  0.0720  0.0686  0.0710
  0.0713  0.0744  0.0653  0.0678  0.0676  0.0685
  0.0714  0.0714  0.0714  0.0678  0.0673  0.0675
  0.0703  0.0730  0.0692  0.0708  0.0670  0.0685
  0.0729  0.0793  0.0662  0.0746  0.0686  0.0713
  0.0780  0.0865  0.0681  0.0782  0.0723  0.0747
registration optimization eta report
parameter search radius
    6.0000    6.9000    7.9350    6.0000    6.9000    6.0000
100000*second partial in parameter space
       22.       27.        5.       25.        9.       18.
  0.0788  0.0833  0.0753  0.0758  0.0703  0.0738
  0.0734  0.0805  0.0692  0.0720  0.0686  0.0710
  0.0713  0.0744  0.0653  0.0678  0.0676  0.0685
  0.0714  0.0714  0.0714  0.0678  0.0673  0.0675
  0.0703  0.0730  0.0692  0.0708  0.0670  0.0685
  0.0729  0.0793  0.0662  0.0746  0.0686  0.0713
  0.0780  0.0865  0.0681  0.0782  0.0723  0.0747
   -1.6981   -3.4085   14.9339   -1.1677    3.1012   -0.1435
eta,q 0.93253 12.77258

---------------------------------------------------------------------
imgreg_4dfp /opt/freesurfer/average/711-2C_as_mni_average_305 /opt/freesurfer/average/711-2B_as_mni_average_305_mask talsrcimg_g11 none talsrcimg_to_711-2C_as_mni_average_305_t4 3335
---------------------------------------------------------------------

freesurfer imgreg_4dfp.c
/opt/freesurfer/average/711-2C_as_mni_average_305.4dfp.img
       256       256       256         1
  1.000000  1.000000  1.000000
orientation T byte_order littleendian
Reading image: /opt/freesurfer/average/711-2C_as_mni_average_305.4dfp.img
dimensions:      256       256       256
mmppix:       1.0000   -1.0000   -1.0000
center:     128.0000 -129.0000 -129.0000
/opt/freesurfer/average/711-2B_as_mni_average_305_mask.4dfp.img
       256       256       256         1
  1.000000  1.000000  1.000000
orientation T byte_order littleendian
Reading mask: /opt/freesurfer/average/711-2B_as_mni_average_305_mask.4dfp.img (2306576 pixels)
talsrcimg_g11.4dfp.img
       256       256       256         1
  0.900000  0.900000  0.900000
orientation T byte_order littleendian
Reading image: talsrcimg_g11.4dfp.img
dimensions:      256       256       256
mmppix:       0.9000   -0.9000   -0.9000
center:     115.2000 -116.1000 -116.1000
fimgreg.f
image alignment mode   3335 decimal      D07 hex
parameters
   -1.6981   -3.4085   14.9339   -0.1468   -0.0214   -0.1672
    0.3607   -5.4036   -0.2501    2.0515    5.4099   -2.0349
eta,q 0.93093 12.86357
niter,ni,del,rscale     5    3    5.0000    1.2000
parameter  1  0.601216 ->  0.500000 qaram    1.1500
parameter  3  0.310840 -> -0.500000 qaram    1.1500
parameter  4 -7.284472 ->  0.500000 qaram    1.1500
parameter  5  4.387508 ->  0.500000 qaram    1.1500
parameter  6  8.908304 ->  0.500000 qaram    1.1500
parameter 12 -0.535602 -> -0.500000 qaram    1.1500
parameters
   -3.0781   -3.6310   16.3139   -4.2868   -4.1614   -4.3072
    0.8653   -5.3091   -0.7035    2.0367    2.6824    2.1051
eta,q 0.95231 12.44994
  0.0690  0.0697  0.0684  0.0564  0.0506  0.0452  0.0508  0.0523  0.0498  0.0521  0.0486  0.0510
  0.0688  0.0692  0.0688  0.0604  0.0537  0.0474  0.0495  0.0504  0.0489  0.0502  0.0482  0.0498
  0.0688  0.0689  0.0690  0.0645  0.0576  0.0508  0.0487  0.0490  0.0484  0.0487  0.0481  0.0488
  0.0691  0.0688  0.0688  0.0682  0.0615  0.0547  0.0483  0.0483  0.0483  0.0483  0.0483  0.0481
  0.0694  0.0689  0.0684  0.0719  0.0655  0.0594  0.0484  0.0488  0.0485  0.0489  0.0488  0.0477
  0.0697  0.0694  0.0681  0.0754  0.0701  0.0629  0.0491  0.0502  0.0492  0.0502  0.0497  0.0477
  0.0703  0.0702  0.0681  0.0786  0.0750  0.0659  0.0502  0.0522  0.0503  0.0521  0.0508  0.0480
niter,ni,del,rscale     7    3    5.0000    1.2000
parameter  4  1.908437 ->  0.500000 qaram    1.3225
parameter  5  1.388023 ->  0.500000 qaram    1.3225
parameter  6  0.907874 ->  0.500000 qaram    1.3225
parameter 12 -1.334589 -> -0.500000 qaram    1.3225
parameters
   -2.8838   -3.9330   15.7166   -9.0478   -8.9224   -9.0682
    1.5832   -4.1141   -0.3099    0.8360    3.2497    6.8661
eta,q 0.96623 12.02408
  0.0509  0.0491  0.0480  0.0392  0.0346  0.0330  0.0368  0.0405  0.0361  0.0354  0.0354  0.0354
  0.0492  0.0482  0.0476  0.0400  0.0360  0.0342  0.0357  0.0373  0.0351  0.0347  0.0348  0.0350
  0.0481  0.0478  0.0476  0.0427  0.0379  0.0346  0.0348  0.0352  0.0345  0.0344  0.0345  0.0346
  0.0477  0.0477  0.0477  0.0476  0.0405  0.0365  0.0344  0.0344  0.0343  0.0343  0.0343  0.0342
  0.0479  0.0481  0.0477  0.0527  0.0441  0.0403  0.0345  0.0344  0.0344  0.0345  0.0343  0.0339
  0.0487  0.0489  0.0480  0.0576  0.0481  0.0451  0.0351  0.0353  0.0349  0.0353  0.0345  0.0337
  0.0500  0.0500  0.0488  0.0621  0.0532  0.0497  0.0361  0.0374  0.0358  0.0368  0.0352  0.0337
niter,ni,del,rscale     7    3    5.0000    1.2000
parameter  2  0.571178 ->  0.500000 qaram    1.1500
parameter  3  4.541807 ->  0.500000 qaram    1.3225
parameter  5  0.864906 ->  0.500000 qaram    1.5209
parameters
   -2.3312   -5.3130   14.1296  -12.3139  -14.3975  -12.6123
    1.9471   -3.7567    0.1174   -1.9899    3.0010    4.1383
eta,q 0.97445 11.69158
  0.0385  0.0334  0.0272  0.0315  0.0268  0.0287  0.0285  0.0297  0.0280  0.0267  0.0266  0.0265
  0.0363  0.0330  0.0286  0.0303  0.0268  0.0271  0.0273  0.0276  0.0270  0.0259  0.0262  0.0258
  0.0347  0.0331  0.0306  0.0291  0.0278  0.0262  0.0265  0.0265  0.0264  0.0257  0.0258  0.0256
  0.0338  0.0336  0.0330  0.0291  0.0292  0.0269  0.0262  0.0262  0.0262  0.0262  0.0257  0.0257
  0.0336  0.0343  0.0355  0.0317  0.0312  0.0294  0.0264  0.0264  0.0263  0.0270  0.0258  0.0263
  0.0343  0.0353  0.0379  0.0371  0.0342  0.0345  0.0270  0.0272  0.0268  0.0281  0.0262  0.0272
  0.0359  0.0365  0.0403  0.0430  0.0379  0.0408  0.0281  0.0290  0.0276  0.0297  0.0268  0.0281
niter,ni,del,rscale     7    3    5.0000    1.2000
parameter  3  0.800726 ->  0.500000 qaram    1.5209
parameters
   -2.2950   -5.5409   12.3045  -10.2777  -15.0681  -13.4139
    1.8018   -3.7823    0.3233   -1.4957    3.3345    5.0872
eta,q 0.97647 11.75086
  0.0285  0.0278  0.0240  0.0291  0.0276  0.0283  0.0258  0.0280  0.0255  0.0261  0.0249  0.0254
  0.0268  0.0265  0.0241  0.0274  0.0256  0.0264  0.0246  0.0253  0.0245  0.0247  0.0242  0.0244
  0.0259  0.0257  0.0246  0.0258  0.0239  0.0247  0.0238  0.0239  0.0238  0.0239  0.0237  0.0238
  0.0256  0.0256  0.0255  0.0242  0.0232  0.0232  0.0235  0.0235  0.0235  0.0235  0.0235  0.0235
  0.0259  0.0261  0.0272  0.0228  0.0242  0.0225  0.0238  0.0239  0.0237  0.0238  0.0236  0.0236
  0.0268  0.0272  0.0295  0.0235  0.0261  0.0260  0.0247  0.0254  0.0244  0.0245  0.0240  0.0240
  0.0283  0.0286  0.0323  0.0271  0.0289  0.0334  0.0260  0.0280  0.0253  0.0254  0.0247  0.0247
niter,ni,del,rscale     7    3    5.0000    1.2000
parameters
   -2.2568   -5.5994   11.3609  -10.3645  -14.5695  -14.0774
    1.8133   -3.7946    0.3500   -1.6481    3.4088    4.7634
eta,q 0.97628 11.74601
  0.0272  0.0262  0.0248  0.0282  0.0284  0.0283  0.0261  0.0283  0.0256  0.0258  0.0249  0.0250
  0.0251  0.0248  0.0238  0.0266  0.0263  0.0264  0.0249  0.0255  0.0246  0.0246  0.0243  0.0242
  0.0239  0.0238  0.0234  0.0250  0.0246  0.0250  0.0241  0.0241  0.0240  0.0239  0.0239  0.0238
  0.0235  0.0235  0.0235  0.0234  0.0234  0.0234  0.0237  0.0237  0.0237  0.0237  0.0237  0.0237
  0.0239  0.0239  0.0242  0.0229  0.0239  0.0223  0.0240  0.0241  0.0240  0.0241  0.0238  0.0239
  0.0250  0.0250  0.0257  0.0256  0.0254  0.0252  0.0248  0.0256  0.0246  0.0248  0.0242  0.0244
  0.0269  0.0264  0.0280  0.0299  0.0279  0.0334  0.0262  0.0283  0.0256  0.0259  0.0249  0.0252
niter,ni,del,rscale     6    3    5.0000    1.2000
parameters
   -2.2171   -5.6193   11.2517  -10.3084  -14.5345  -14.1268
    1.7887   -3.7764    0.3388   -1.6567    3.4355    4.7415
eta,q 0.97629 11.74763
  0.0273  0.0264  0.0260  0.0284  0.0284  0.0286  0.0261  0.0283  0.0256  0.0259  0.0249  0.0251
  0.0253  0.0250  0.0246  0.0268  0.0264  0.0267  0.0249  0.0255  0.0246  0.0246  0.0243  0.0243
  0.0241  0.0241  0.0239  0.0253  0.0246  0.0252  0.0240  0.0241  0.0239  0.0239  0.0239  0.0238
  0.0237  0.0237  0.0237  0.0237  0.0237  0.0237  0.0237  0.0237  0.0237  0.0237  0.0237  0.0237
  0.0241  0.0241  0.0240  0.0231  0.0244  0.0223  0.0240  0.0241  0.0240  0.0240  0.0238  0.0239
  0.0252  0.0251  0.0248  0.0255  0.0260  0.0241  0.0248  0.0256  0.0246  0.0248  0.0242  0.0243
  0.0271  0.0265  0.0263  0.0298  0.0286  0.0316  0.0262  0.0283  0.0256  0.0258  0.0250  0.0251
niter,ni,del,rscale     5    3    5.0000    1.2000
parameters
   -2.2066   -5.6242   11.2558  -10.2993  -14.5342  -14.1200
    1.7843   -3.7717    0.3334   -1.6617    3.4464    4.7492
eta,q 0.97629 11.74833
  0.0273  0.0265  0.0262  0.0284  0.0284  0.0286  0.0261  0.0283  0.0256  0.0259  0.0249  0.0251
  0.0253  0.0250  0.0247  0.0268  0.0264  0.0268  0.0249  0.0255  0.0246  0.0246  0.0242  0.0243
  0.0241  0.0241  0.0239  0.0253  0.0247  0.0252  0.0240  0.0241  0.0239  0.0239  0.0239  0.0238
  0.0237  0.0237  0.0237  0.0237  0.0237  0.0237  0.0237  0.0237  0.0237  0.0237  0.0237  0.0237
  0.0241  0.0241  0.0239  0.0232  0.0244  0.0223  0.0240  0.0241  0.0240  0.0240  0.0238  0.0239
  0.0252  0.0250  0.0247  0.0256  0.0260  0.0240  0.0248  0.0256  0.0246  0.0248  0.0242  0.0243
  0.0272  0.0265  0.0261  0.0298  0.0287  0.0314  0.0262  0.0283  0.0256  0.0258  0.0250  0.0251
registration optimization eta report
parameter search radius
    2.7600    2.7600    3.6501    9.5220   10.9503    9.5220
    7.2000    7.2000    7.2000    7.2000    7.2000    9.5220
100000*second partial in parameter space
       46.       36.       19.        6.        4.        7.
        5.        9.        4.        4.        2.        2.
  0.0273  0.0265  0.0262  0.0284  0.0284  0.0286  0.0261  0.0283  0.0256  0.0259  0.0249  0.0251
  0.0253  0.0250  0.0247  0.0268  0.0264  0.0268  0.0249  0.0255  0.0246  0.0246  0.0242  0.0243
  0.0241  0.0241  0.0239  0.0253  0.0247  0.0252  0.0240  0.0241  0.0239  0.0239  0.0239  0.0238
  0.0237  0.0237  0.0237  0.0237  0.0237  0.0237  0.0237  0.0237  0.0237  0.0237  0.0237  0.0237
  0.0241  0.0241  0.0239  0.0232  0.0244  0.0223  0.0240  0.0241  0.0240  0.0240  0.0238  0.0239
  0.0252  0.0250  0.0247  0.0256  0.0260  0.0240  0.0248  0.0256  0.0246  0.0248  0.0242  0.0243
  0.0272  0.0265  0.0261  0.0298  0.0287  0.0314  0.0262  0.0283  0.0256  0.0258  0.0250  0.0251
   -2.2066   -5.6242   11.2558  -10.2993  -14.5342  -14.1200
    1.7843   -3.7717    0.3334   -1.6617    3.4464    4.7492
eta,q 0.97629 11.74833

---------------------------------------------------------------------
imgreg_4dfp /opt/freesurfer/average/711-2C_as_mni_average_305 /opt/freesurfer/average/711-2B_as_mni_average_305_mask talsrcimg_g11 none talsrcimg_to_711-2C_as_mni_average_305_t4 2311
---------------------------------------------------------------------

freesurfer imgreg_4dfp.c
/opt/freesurfer/average/711-2C_as_mni_average_305.4dfp.img
       256       256       256         1
  1.000000  1.000000  1.000000
orientation T byte_order littleendian
Reading image: /opt/freesurfer/average/711-2C_as_mni_average_305.4dfp.img
dimensions:      256       256       256
mmppix:       1.0000   -1.0000   -1.0000
center:     128.0000 -129.0000 -129.0000
/opt/freesurfer/average/711-2B_as_mni_average_305_mask.4dfp.img
       256       256       256         1
  1.000000  1.000000  1.000000
orientation T byte_order littleendian
Reading mask: /opt/freesurfer/average/711-2B_as_mni_average_305_mask.4dfp.img (2306576 pixels)
talsrcimg_g11.4dfp.img
       256       256       256         1
  0.900000  0.900000  0.900000
orientation T byte_order littleendian
Reading image: talsrcimg_g11.4dfp.img
dimensions:      256       256       256
mmppix:       0.9000   -0.9000   -0.9000
center:     115.2000 -116.1000 -116.1000
fimgreg.f
image alignment mode   2311 decimal      907 hex
parameters
   -2.2066   -5.6242   11.2558  -10.2993  -14.5342  -14.1200
    1.7843   -3.7717    0.3334   -1.6617    3.4464    4.7492
eta,q 0.97629 11.74833
niter,ni,del,rscale     5    3    5.0000    0.8000
parameter  6 -0.506044 -> -0.500000 qaram    1.1500
parameters
   -2.2187   -5.6279   11.2339   -8.1010  -14.6984  -11.3600
    1.5161   -3.8727    0.3825   -1.3939    3.2003    3.8207
eta,q 0.97770 11.83296
  0.0249  0.0247  0.0241  0.0261  0.0243  0.0253  0.0238  0.0265  0.0234  0.0238  0.0237  0.0227
  0.0242  0.0242  0.0239  0.0253  0.0237  0.0245  0.0230  0.0243  0.0229  0.0231  0.0229  0.0225
  0.0238  0.0238  0.0238  0.0245  0.0232  0.0238  0.0225  0.0228  0.0225  0.0226  0.0224  0.0223
  0.0237  0.0237  0.0237  0.0237  0.0231  0.0231  0.0223  0.0223  0.0223  0.0223  0.0223  0.0223
  0.0238  0.0238  0.0238  0.0231  0.0233  0.0225  0.0226  0.0230  0.0224  0.0224  0.0226  0.0225
  0.0242  0.0242  0.0239  0.0232  0.0238  0.0224  0.0232  0.0246  0.0228  0.0228  0.0231  0.0228
  0.0249  0.0247  0.0241  0.0240  0.0245  0.0232  0.0242  0.0268  0.0234  0.0235  0.0240  0.0233
niter,ni,del,rscale     5    3    5.0000    0.8000
parameters
   -2.1418   -5.6483   11.7337   -9.2256  -14.5491  -12.0401
    1.6402   -3.7369    0.3347   -1.1806    3.2370    4.8339
eta,q 0.97764 11.82839
  0.0245  0.0234  0.0240  0.0238  0.0237  0.0247  0.0238  0.0258  0.0234  0.0236  0.0235  0.0230
  0.0234  0.0228  0.0232  0.0229  0.0230  0.0238  0.0231  0.0240  0.0229  0.0230  0.0229  0.0227
  0.0226  0.0224  0.0226  0.0223  0.0224  0.0229  0.0226  0.0228  0.0225  0.0226  0.0225  0.0225
  0.0223  0.0223  0.0223  0.0222  0.0222  0.0222  0.0224  0.0224  0.0224  0.0224  0.0224  0.0224
  0.0225  0.0224  0.0222  0.0230  0.0223  0.0222  0.0225  0.0227  0.0225  0.0225  0.0225  0.0224
  0.0231  0.0228  0.0223  0.0247  0.0228  0.0241  0.0230  0.0238  0.0229  0.0228  0.0229  0.0224
  0.0242  0.0234  0.0227  0.0268  0.0236  0.0280  0.0237  0.0254  0.0234  0.0234  0.0235  0.0227
niter,ni,del,rscale     4    3    5.0000    0.7000
parameters
   -2.1477   -5.7230   11.5381   -9.0858  -14.4394  -12.0400
    1.6468   -3.7523    0.3262   -1.2861    3.1836    4.8125
eta,q 0.97769 11.83469
  0.0237  0.0231  0.0228  0.0244  0.0235  0.0247  0.0234  0.0251  0.0231  0.0232  0.0232  0.0227
  0.0230  0.0227  0.0225  0.0236  0.0229  0.0239  0.0228  0.0235  0.0227  0.0227  0.0227  0.0225
  0.0225  0.0224  0.0224  0.0228  0.0225  0.0230  0.0224  0.0226  0.0224  0.0224  0.0224  0.0224
  0.0224  0.0224  0.0224  0.0223  0.0223  0.0223  0.0223  0.0223  0.0223  0.0223  0.0223  0.0223
  0.0225  0.0225  0.0225  0.0223  0.0224  0.0221  0.0224  0.0227  0.0224  0.0224  0.0224  0.0223
  0.0230  0.0228  0.0227  0.0230  0.0228  0.0230  0.0228  0.0236  0.0227  0.0228  0.0227  0.0225
  0.0237  0.0233  0.0231  0.0244  0.0234  0.0256  0.0234  0.0251  0.0231  0.0233  0.0233  0.0227
niter,ni,del,rscale     3    3    5.0000    0.6000
parameters
   -2.1391   -5.7403   11.5405   -8.9521  -14.4764  -11.7573
    1.6418   -3.7442    0.3522   -1.2657    3.1544    4.7075
eta,q 0.97779 11.83921
  0.0233  0.0229  0.0228  0.0239  0.0232  0.0243  0.0231  0.0245  0.0228  0.0229  0.0229  0.0225
  0.0228  0.0226  0.0225  0.0233  0.0227  0.0236  0.0226  0.0232  0.0225  0.0226  0.0225  0.0223
  0.0224  0.0224  0.0224  0.0227  0.0224  0.0229  0.0223  0.0224  0.0223  0.0223  0.0223  0.0222
  0.0223  0.0223  0.0223  0.0223  0.0223  0.0223  0.0222  0.0222  0.0222  0.0222  0.0222  0.0222
  0.0224  0.0224  0.0224  0.0223  0.0224  0.0221  0.0223  0.0225  0.0223  0.0223  0.0223  0.0222
  0.0228  0.0226  0.0225  0.0229  0.0227  0.0226  0.0226  0.0232  0.0225  0.0225  0.0225  0.0224
  0.0233  0.0230  0.0228  0.0239  0.0232  0.0243  0.0231  0.0244  0.0228  0.0229  0.0230  0.0225
niter,ni,del,rscale     2    3    5.0000    0.5000
parameters
   -2.1250   -5.7258   11.5895   -8.9230  -14.5060  -11.4569
    1.6338   -3.7306    0.3525   -1.2199    3.1400    4.5341
eta,q 0.97787 11.84174
  0.0230  0.0227  0.0226  0.0234  0.0228  0.0238  0.0227  0.0238  0.0226  0.0227  0.0227  0.0223
  0.0226  0.0224  0.0224  0.0229  0.0225  0.0232  0.0224  0.0229  0.0223  0.0224  0.0224  0.0222
  0.0223  0.0223  0.0223  0.0224  0.0223  0.0226  0.0222  0.0223  0.0222  0.0222  0.0222  0.0222
  0.0222  0.0222  0.0222  0.0222  0.0222  0.0222  0.0221  0.0221  0.0221  0.0221  0.0221  0.0221
  0.0223  0.0223  0.0222  0.0223  0.0223  0.0221  0.0222  0.0223  0.0222  0.0222  0.0222  0.0222
  0.0225  0.0224  0.0223  0.0227  0.0225  0.0225  0.0224  0.0229  0.0223  0.0224  0.0224  0.0222
  0.0229  0.0226  0.0225  0.0235  0.0229  0.0236  0.0227  0.0238  0.0226  0.0227  0.0227  0.0224
niter,ni,del,rscale     1    3    5.0000    0.4000
parameters
   -2.1150   -5.7029   11.6220   -8.9359  -14.5258  -11.1807
    1.6460   -3.7289    0.3365   -1.1759    3.1600    4.3441
eta,q 0.97792 11.84295
  0.0226  0.0224  0.0224  0.0229  0.0226  0.0233  0.0225  0.0232  0.0224  0.0225  0.0225  0.0222
  0.0224  0.0223  0.0223  0.0225  0.0223  0.0228  0.0223  0.0226  0.0222  0.0223  0.0223  0.0221
  0.0222  0.0222  0.0222  0.0223  0.0222  0.0224  0.0221  0.0222  0.0221  0.0221  0.0221  0.0221
  0.0221  0.0221  0.0221  0.0221  0.0221  0.0221  0.0221  0.0221  0.0221  0.0221  0.0221  0.0221
  0.0222  0.0222  0.0222  0.0222  0.0222  0.0221  0.0221  0.0222  0.0221  0.0221  0.0221  0.0221
  0.0223  0.0222  0.0222  0.0225  0.0223  0.0223  0.0223  0.0226  0.0222  0.0222  0.0222  0.0222
  0.0226  0.0224  0.0224  0.0230  0.0226  0.0231  0.0225  0.0232  0.0224  0.0224  0.0225  0.0223
registration optimization eta report
parameter search radius
    0.8000    0.8000    0.8000    2.4000    2.4000    2.7600
    2.4000    2.4000    2.4000    2.4000    2.4000    2.4000
100000*second partial in parameter space
       77.       46.       37.       14.        8.       14.
        7.       19.        5.        6.        7.        3.
  0.0226  0.0224  0.0224  0.0229  0.0226  0.0233  0.0225  0.0232  0.0224  0.0225  0.0225  0.0222
  0.0224  0.0223  0.0223  0.0225  0.0223  0.0228  0.0223  0.0226  0.0222  0.0223  0.0223  0.0221
  0.0222  0.0222  0.0222  0.0223  0.0222  0.0224  0.0221  0.0222  0.0221  0.0221  0.0221  0.0221
  0.0221  0.0221  0.0221  0.0221  0.0221  0.0221  0.0221  0.0221  0.0221  0.0221  0.0221  0.0221
  0.0222  0.0222  0.0222  0.0222  0.0222  0.0221  0.0221  0.0222  0.0221  0.0221  0.0221  0.0221
  0.0223  0.0222  0.0222  0.0225  0.0223  0.0223  0.0223  0.0226  0.0222  0.0222  0.0222  0.0222
  0.0226  0.0224  0.0224  0.0230  0.0226  0.0231  0.0225  0.0232  0.0224  0.0224  0.0225  0.0223
   -2.1150   -5.7029   11.6220   -8.9359  -14.5258  -11.1807
    1.6460   -3.7289    0.3365   -1.1759    3.1600    4.3441
eta,q 0.97792 11.84295

---------------------------------------------------------------------
imgreg_4dfp /opt/freesurfer/average/711-2C_as_mni_average_305 /opt/freesurfer/average/711-2B_as_mni_average_305_mask talsrcimg_g11 none talsrcimg_to_711-2C_as_mni_average_305_t4 2311
---------------------------------------------------------------------

freesurfer imgreg_4dfp.c
/opt/freesurfer/average/711-2C_as_mni_average_305.4dfp.img
       256       256       256         1
  1.000000  1.000000  1.000000
orientation T byte_order littleendian
Reading image: /opt/freesurfer/average/711-2C_as_mni_average_305.4dfp.img
dimensions:      256       256       256
mmppix:       1.0000   -1.0000   -1.0000
center:     128.0000 -129.0000 -129.0000
/opt/freesurfer/average/711-2B_as_mni_average_305_mask.4dfp.img
       256       256       256         1
  1.000000  1.000000  1.000000
orientation T byte_order littleendian
Reading mask: /opt/freesurfer/average/711-2B_as_mni_average_305_mask.4dfp.img (2306576 pixels)
talsrcimg_g11.4dfp.img
       256       256       256         1
  0.900000  0.900000  0.900000
orientation T byte_order littleendian
Reading image: talsrcimg_g11.4dfp.img
dimensions:      256       256       256
mmppix:       0.9000   -0.9000   -0.9000
center:     115.2000 -116.1000 -116.1000
fimgreg.f
image alignment mode   2311 decimal      907 hex
parameters
   -2.1150   -5.7029   11.6220   -8.9359  -14.5258  -11.1807
    1.6460   -3.7289    0.3365   -1.1759    3.1600    4.3441
eta,q 0.97792 11.84295
niter,ni,del,rscale     5    3    5.0000    0.8000
parameters
   -2.1294   -5.6860   11.6724   -9.5000  -14.4482  -11.6866
    1.6781   -3.7070    0.3270   -1.2441    3.1787    4.6478
eta,q 0.97771 11.83213
  0.0240  0.0232  0.0232  0.0242  0.0237  0.0244  0.0237  0.0258  0.0233  0.0234  0.0235  0.0229
  0.0230  0.0226  0.0226  0.0232  0.0229  0.0236  0.0229  0.0239  0.0228  0.0228  0.0228  0.0226
  0.0223  0.0222  0.0222  0.0225  0.0224  0.0228  0.0225  0.0227  0.0224  0.0224  0.0224  0.0224
  0.0221  0.0221  0.0221  0.0221  0.0221  0.0221  0.0223  0.0223  0.0223  0.0223  0.0223  0.0223
  0.0223  0.0222  0.0222  0.0225  0.0223  0.0222  0.0224  0.0227  0.0224  0.0224  0.0224  0.0223
  0.0230  0.0226  0.0225  0.0238  0.0229  0.0237  0.0229  0.0239  0.0228  0.0229  0.0228  0.0225
  0.0241  0.0232  0.0231  0.0259  0.0236  0.0268  0.0237  0.0257  0.0233  0.0235  0.0234  0.0228
niter,ni,del,rscale     4    3    5.0000    0.7000
parameters
   -2.1498   -5.7068   11.5301   -9.2520  -14.4040  -11.6586
    1.6667   -3.7361    0.3424   -1.2760    3.1420    4.5773
eta,q 0.97778 11.83734
  0.0236  0.0231  0.0228  0.0243  0.0234  0.0242  0.0233  0.0251  0.0230  0.0231  0.0232  0.0226
  0.0229  0.0227  0.0225  0.0235  0.0228  0.0235  0.0227  0.0235  0.0226  0.0227  0.0226  0.0224
  0.0224  0.0224  0.0223  0.0228  0.0224  0.0228  0.0224  0.0225  0.0223  0.0224  0.0223  0.0223
  0.0223  0.0223  0.0223  0.0223  0.0222  0.0222  0.0222  0.0222  0.0222  0.0222  0.0222  0.0222
  0.0224  0.0224  0.0224  0.0222  0.0224  0.0221  0.0223  0.0226  0.0223  0.0223  0.0223  0.0223
  0.0229  0.0227  0.0227  0.0229  0.0228  0.0228  0.0227  0.0236  0.0226  0.0227  0.0227  0.0224
  0.0236  0.0232  0.0231  0.0242  0.0234  0.0248  0.0234  0.0251  0.0230  0.0232  0.0232  0.0227
niter,ni,del,rscale     3    3    5.0000    0.6000
parameters
   -2.1387   -5.7114   11.5526   -9.1139  -14.4516  -11.4376
    1.6609   -3.7281    0.3543   -1.2443    3.1330    4.4600
eta,q 0.97786 11.84042
  0.0233  0.0229  0.0227  0.0238  0.0231  0.0239  0.0230  0.0245  0.0228  0.0229  0.0229  0.0224
  0.0227  0.0225  0.0225  0.0232  0.0226  0.0232  0.0225  0.0232  0.0224  0.0225  0.0225  0.0223
  0.0223  0.0223  0.0223  0.0226  0.0223  0.0226  0.0222  0.0224  0.0222  0.0223  0.0222  0.0222
  0.0222  0.0222  0.0222  0.0222  0.0222  0.0222  0.0221  0.0221  0.0221  0.0221  0.0221  0.0221
  0.0223  0.0223  0.0223  0.0222  0.0223  0.0221  0.0222  0.0224  0.0222  0.0222  0.0222  0.0222
  0.0227  0.0225  0.0224  0.0228  0.0227  0.0225  0.0225  0.0232  0.0224  0.0225  0.0225  0.0223
  0.0232  0.0229  0.0227  0.0238  0.0231  0.0239  0.0230  0.0244  0.0228  0.0229  0.0229  0.0225
niter,ni,del,rscale     2    3    5.0000    0.5000
parameters
   -2.1251   -5.6993   11.5973   -9.0656  -14.4868  -11.2015
    1.6568   -3.7242    0.3343   -1.2049    3.1440    4.3185
eta,q 0.97790 11.84208
  0.0229  0.0226  0.0226  0.0233  0.0228  0.0234  0.0227  0.0238  0.0225  0.0226  0.0227  0.0223
  0.0225  0.0224  0.0223  0.0228  0.0224  0.0229  0.0224  0.0228  0.0223  0.0224  0.0224  0.0222
  0.0222  0.0222  0.0222  0.0224  0.0222  0.0225  0.0222  0.0223  0.0221  0.0222  0.0222  0.0221
  0.0221  0.0221  0.0221  0.0221  0.0221  0.0221  0.0221  0.0221  0.0221  0.0221  0.0221  0.0221
  0.0222  0.0222  0.0222  0.0222  0.0222  0.0221  0.0222  0.0223  0.0221  0.0221  0.0222  0.0221
  0.0225  0.0223  0.0223  0.0226  0.0225  0.0224  0.0224  0.0229  0.0223  0.0223  0.0223  0.0222
  0.0229  0.0226  0.0225  0.0234  0.0228  0.0233  0.0227  0.0238  0.0225  0.0226  0.0227  0.0224
niter,ni,del,rscale     1    3    5.0000    0.4000
parameters
   -2.1157   -5.6797   11.6362   -9.0517  -14.5213  -10.9988
    1.6718   -3.7289    0.3256   -1.1712    3.1684    4.1839
eta,q 0.97793 11.84237
  0.0226  0.0224  0.0224  0.0229  0.0225  0.0230  0.0225  0.0232  0.0223  0.0224  0.0224  0.0222
  0.0223  0.0222  0.0222  0.0225  0.0223  0.0226  0.0222  0.0226  0.0222  0.0222  0.0222  0.0221
  0.0222  0.0221  0.0221  0.0222  0.0221  0.0223  0.0221  0.0222  0.0221  0.0221  0.0221  0.0221
  0.0221  0.0221  0.0221  0.0221  0.0221  0.0221  0.0221  0.0221  0.0221  0.0221  0.0221  0.0221
  0.0221  0.0221  0.0221  0.0221  0.0221  0.0221  0.0221  0.0222  0.0221  0.0221  0.0221  0.0221
  0.0223  0.0222  0.0222  0.0224  0.0223  0.0223  0.0222  0.0226  0.0222  0.0222  0.0222  0.0221
  0.0226  0.0224  0.0223  0.0229  0.0226  0.0229  0.0225  0.0232  0.0224  0.0224  0.0224  0.0222
registration optimization eta report
parameter search radius
    0.8000    0.8000    0.8000    2.4000    2.4000    2.4000
    2.4000    2.4000    2.4000    2.4000    2.4000    2.4000
100000*second partial in parameter space
       76.       47.       39.       14.        8.       15.
        7.       20.        5.        6.        6.        3.
  0.0226  0.0224  0.0224  0.0229  0.0225  0.0230  0.0225  0.0232  0.0223  0.0224  0.0224  0.0222
  0.0223  0.0222  0.0222  0.0225  0.0223  0.0226  0.0222  0.0226  0.0222  0.0222  0.0222  0.0221
  0.0222  0.0221  0.0221  0.0222  0.0221  0.0223  0.0221  0.0222  0.0221  0.0221  0.0221  0.0221
  0.0221  0.0221  0.0221  0.0221  0.0221  0.0221  0.0221  0.0221  0.0221  0.0221  0.0221  0.0221
  0.0221  0.0221  0.0221  0.0221  0.0221  0.0221  0.0221  0.0222  0.0221  0.0221  0.0221  0.0221
  0.0223  0.0222  0.0222  0.0224  0.0223  0.0223  0.0222  0.0226  0.0222  0.0222  0.0222  0.0221
  0.0226  0.0224  0.0223  0.0229  0.0226  0.0229  0.0225  0.0232  0.0224  0.0224  0.0224  0.0222
   -2.1157   -5.6797   11.6362   -9.0517  -14.5213  -10.9988
    1.6718   -3.7289    0.3256   -1.1712    3.1684    4.1839
eta,q 0.97793 11.84237

---------------------------------------------------------------------
compute_vox2vox talsrcimg talsrcimg_to_711-2C_as_mni_average_305_t4 /opt/freesurfer/average/711-2C_as_mni_average_305
---------------------------------------------------------------------

freesurfer compute_vox2vox.c
Reading: talsrcimg.4dfp.ifh
Reading: talsrcimg_to_711-2C_as_mni_average_305_t4
Reading: /opt/freesurfer/average/711-2C_as_mni_average_305.4dfp.ifh
Writing: talsrcimg_to_711-2C_as_mni_average_305_t4_vox2vox.txt

start time Thu Mar 12 19:32:27 CET 2026
end		time Thu Mar 12 19:33:55 CET 2026

mpr2mni305 success

avi2talxfm orig_nu.mgz /opt/freesurfer/average/mni305.cor.mgz talsrcimg_to_711-2C_as_mni_average_305_t4_vox2vox.txt transforms/talairach.auto.xfm
avi2talxfm done
mv -f /out/sourcedata/freesurfer/sub-v2s1x29890_ses-1/mri/talsrcimg_to_711-2C_as_mni_average_305_t4_vox2vox.txt /out/sourcedata/freesurfer/sub-v2s1x29890_ses-1/mri/transforms/talsrcimg_to_711-2C_as_mni_average_305_t4_vox2vox.txt
lta_convert --src orig_nu.mgz --trg /opt/freesurfer/average/mni305.cor.mgz --inxfm transforms/talairach.auto.xfm --outlta transforms/talairach.auto.xfm.lta --subject fsaverage
7.3.2

--src: orig_nu.mgz src image (geometry).
--trg: /opt/freesurfer/average/mni305.cor.mgz trg image (geometry).
--inmni: transforms/talairach.auto.xfm input MNI/XFM transform.
--outlta: transforms/talairach.auto.xfm.lta output LTA.
--s: fsaverage subject name
 LTA read, type : 1
 1.09802   0.04569  -0.02371   2.71929;
-0.03887   1.12124  -0.05412  -47.72103;
-0.00471   0.01519   1.16923  -31.31108;
 0.00000   0.00000   0.00000   1.00000;
setting subject to fsaverage
Writing  LTA to file transforms/talairach.auto.xfm.lta...
lta_convert successful.
 
 
Started at Thu Mar 12 19:32:26 CET 2026
Ended   at Thu Mar 12 19:33:56 CET 2026
talairach_avi done
