status file for recon-all
Thu Mar 12 19:47:41 CET 2026
#@# MotionCor Thu Mar 12 19:47:43 CET 2026
#@# Talairach Thu Mar 12 19:47:49 CET 2026
#@# Talairach Failure Detection Thu Mar 12 19:50:40 CET 2026
#@# Nu Intensity Correction Thu Mar 12 19:50:40 CET 2026
#@# Intensity Normalization Thu Mar 12 19:53:27 CET 2026
recon-all -s sub-v2s1x29902_ses-1 finished without error at Thu Mar 12 19:54:31 CET 2026



#New# invocation of recon-all 



status file for recon-all
Thu Mar 12 20:00:43 CET 2026
#@# EM Registration Thu Mar 12 20:00:43 CET 2026
recon-all -s sub-v2s1x29902_ses-1 finished without error at Thu Mar 12 20:02:18 CET 2026



#New# invocation of recon-all 



status file for recon-all
Thu Mar 12 20:02:22 CET 2026
#@# CA Normalize Thu Mar 12 20:02:22 CET 2026
#@# CA Reg Thu Mar 12 20:03:15 CET 2026
#@# SubCort Seg Thu Mar 12 20:58:05 CET 2026
#@# CC Seg Thu Mar 12 21:26:45 CET 2026
#@# Merge ASeg Thu Mar 12 21:27:52 CET 2026
#@# Intensity Normalization2 Thu Mar 12 21:27:52 CET 2026
#@# Mask BFS Thu Mar 12 21:29:18 CET 2026
#@# WM Segmentation Thu Mar 12 21:29:19 CET 2026
#@# Fill Thu Mar 12 21:31:03 CET 2026
recon-all -s sub-v2s1x29902_ses-1 finished without error at Thu Mar 12 21:31:42 CET 2026



#New# invocation of recon-all 



status file for recon-all
Thu Mar 12 22:39:47 CET 2026
#@# white curv lh Thu Mar 12 22:39:47 CET 2026
#@# white area lh Thu Mar 12 22:39:47 CET 2026
#@# pial curv lh Thu Mar 12 22:39:47 CET 2026
#@# pial area lh Thu Mar 12 22:39:47 CET 2026
#@# thickness lh Thu Mar 12 22:39:47 CET 2026
#@# area and vertex vol lh Thu Mar 12 22:39:47 CET 2026
#@# white curv rh Thu Mar 12 22:39:47 CET 2026
#@# white area rh Thu Mar 12 22:39:47 CET 2026
#@# pial curv rh Thu Mar 12 22:39:47 CET 2026
#@# pial area rh Thu Mar 12 22:39:47 CET 2026
#@# thickness rh Thu Mar 12 22:39:47 CET 2026
#@# area and vertex vol rh Thu Mar 12 22:39:47 CET 2026
#@# Cortical ribbon mask Thu Mar 12 22:39:47 CET 2026
recon-all -s sub-v2s1x29902_ses-1 finished without error at Thu Mar 12 22:46:26 CET 2026



#New# invocation of recon-all 



status file for recon-all
Thu Mar 12 22:52:04 CET 2026
#@# white curv lh Thu Mar 12 22:52:04 CET 2026
#@# white area lh Thu Mar 12 22:52:04 CET 2026
#@# pial curv lh Thu Mar 12 22:52:04 CET 2026
#@# pial area lh Thu Mar 12 22:52:04 CET 2026
#@# thickness lh Thu Mar 12 22:52:04 CET 2026
#@# area and vertex vol lh Thu Mar 12 22:52:04 CET 2026
#@# white curv rh Thu Mar 12 22:52:04 CET 2026
#@# white area rh Thu Mar 12 22:52:04 CET 2026
#@# pial curv rh Thu Mar 12 22:52:04 CET 2026
#@# pial area rh Thu Mar 12 22:52:04 CET 2026
#@# thickness rh Thu Mar 12 22:52:04 CET 2026
#@# area and vertex vol rh Thu Mar 12 22:52:04 CET 2026
#@# Curvature Stats lh Thu Mar 12 22:52:04 CET 2026
#@# Curvature Stats rh Thu Mar 12 22:52:06 CET 2026
#@# Relabel Hypointensities Thu Mar 12 22:52:08 CET 2026
#@# APas-to-ASeg Thu Mar 12 22:52:21 CET 2026
#@# AParc-to-ASeg aparc Thu Mar 12 22:52:29 CET 2026
#@# AParc-to-ASeg aparc.a2009s Thu Mar 12 22:52:57 CET 2026
#@# AParc-to-ASeg aparc.DKTatlas Thu Mar 12 22:53:25 CET 2026
#@# WMParc Thu Mar 12 22:53:52 CET 2026
#@# ASeg Stats Thu Mar 12 22:55:46 CET 2026
recon-all -s sub-v2s1x29902_ses-1 finished without error at Thu Mar 12 22:56:05 CET 2026
