status file for recon-all
Thu Mar 12 21:31:48 CET 2026
#@# Tessellate lh Thu Mar 12 21:31:48 CET 2026
#@# Smooth1 lh Thu Mar 12 21:31:51 CET 2026
#@# Inflation1 lh Thu Mar 12 21:31:54 CET 2026
#@# QSphere lh Thu Mar 12 21:33:08 CET 2026
#@# Fix Topology lh Thu Mar 12 21:34:12 CET 2026
#@# Smooth2 lh Thu Mar 12 21:44:55 CET 2026
#@# Inflation2 lh Thu Mar 12 21:44:58 CET 2026
#@# Curv .H and .K lh Thu Mar 12 21:46:09 CET 2026
#@# Sphere lh Thu Mar 12 21:46:48 CET 2026
#@# Surf Reg lh Thu Mar 12 21:53:10 CET 2026
#@# Jacobian white lh Thu Mar 12 21:59:54 CET 2026
#@# AvgCurv lh Thu Mar 12 21:59:55 CET 2026
#@# Cortical Parc lh Thu Mar 12 21:59:56 CET 2026
#@# white curv lh Thu Mar 12 22:05:46 CET 2026
#@# white area lh Thu Mar 12 22:05:48 CET 2026
#@# pial curv lh Thu Mar 12 22:05:49 CET 2026
#@# pial area lh Thu Mar 12 22:05:50 CET 2026
#@# thickness lh Thu Mar 12 22:05:51 CET 2026
#@# area and vertex vol lh Thu Mar 12 22:06:14 CET 2026
#@# Curvature Stats lh Thu Mar 12 22:06:15 CET 2026
#@# Cortical Parc 2 lh Thu Mar 12 22:06:17 CET 2026
#@# Cortical Parc 3 lh Thu Mar 12 22:06:27 CET 2026
#@# WM/GM Contrast lh Thu Mar 12 22:06:36 CET 2026
recon-all -s sub-v2s1x29902_ses-1 finished without error at Thu Mar 12 22:06:39 CET 2026



#New# invocation of recon-all 



status file for recon-all
Thu Mar 12 22:46:29 CET 2026
#@# white curv lh Thu Mar 12 22:46:29 CET 2026
#@# white area lh Thu Mar 12 22:46:29 CET 2026
#@# pial curv lh Thu Mar 12 22:46:29 CET 2026
#@# pial area lh Thu Mar 12 22:46:29 CET 2026
#@# thickness lh Thu Mar 12 22:46:29 CET 2026
#@# area and vertex vol lh Thu Mar 12 22:46:29 CET 2026
#@# Parcellation Stats lh Thu Mar 12 22:46:29 CET 2026
#@# Parcellation Stats 2 lh Thu Mar 12 22:46:47 CET 2026
#@# Parcellation Stats 3 lh Thu Mar 12 22:46:55 CET 2026
#@# BA_exvivo Labels lh Thu Mar 12 22:47:03 CET 2026
recon-all -s sub-v2s1x29902_ses-1 finished without error at Thu Mar 12 22:49:24 CET 2026
