status file for recon-all
Thu Mar 12 22:06:41 CET 2026
#@# Tessellate rh Thu Mar 12 22:06:41 CET 2026
#@# Smooth1 rh Thu Mar 12 22:06:44 CET 2026
#@# Inflation1 rh Thu Mar 12 22:06:46 CET 2026
#@# QSphere rh Thu Mar 12 22:07:56 CET 2026
#@# Fix Topology rh Thu Mar 12 22:09:04 CET 2026
#@# Smooth2 rh Thu Mar 12 22:19:13 CET 2026
#@# Inflation2 rh Thu Mar 12 22:19:16 CET 2026
#@# Curv .H and .K rh Thu Mar 12 22:20:22 CET 2026
#@# Sphere rh Thu Mar 12 22:20:59 CET 2026
#@# Surf Reg rh Thu Mar 12 22:25:36 CET 2026
#@# Jacobian white rh Thu Mar 12 22:33:02 CET 2026
#@# AvgCurv rh Thu Mar 12 22:33:03 CET 2026
#@# Cortical Parc rh Thu Mar 12 22:33:04 CET 2026
#@# white curv rh Thu Mar 12 22:38:54 CET 2026
#@# white area rh Thu Mar 12 22:38:55 CET 2026
#@# pial curv rh Thu Mar 12 22:38:56 CET 2026
#@# pial area rh Thu Mar 12 22:38:58 CET 2026
#@# thickness rh Thu Mar 12 22:38:59 CET 2026
#@# area and vertex vol rh Thu Mar 12 22:39:18 CET 2026
#@# Curvature Stats rh Thu Mar 12 22:39:20 CET 2026
#@# Cortical Parc 2 rh Thu Mar 12 22:39:22 CET 2026
#@# Cortical Parc 3 rh Thu Mar 12 22:39:32 CET 2026
#@# WM/GM Contrast rh Thu Mar 12 22:39:40 CET 2026
recon-all -s sub-v2s1x29902_ses-1 finished without error at Thu Mar 12 22:39:43 CET 2026



#New# invocation of recon-all 



status file for recon-all
Thu Mar 12 22:49:25 CET 2026
#@# white curv rh Thu Mar 12 22:49:25 CET 2026
#@# white area rh Thu Mar 12 22:49:25 CET 2026
#@# pial curv rh Thu Mar 12 22:49:25 CET 2026
#@# pial area rh Thu Mar 12 22:49:25 CET 2026
#@# thickness rh Thu Mar 12 22:49:25 CET 2026
#@# area and vertex vol rh Thu Mar 12 22:49:25 CET 2026
#@# Parcellation Stats rh Thu Mar 12 22:49:25 CET 2026
#@# Parcellation Stats 2 rh Thu Mar 12 22:49:40 CET 2026
#@# Parcellation Stats 3 rh Thu Mar 12 22:49:48 CET 2026
#@# BA_exvivo Labels rh Thu Mar 12 22:49:55 CET 2026
recon-all -s sub-v2s1x29902_ses-1 finished without error at Thu Mar 12 22:52:00 CET 2026
