status file for recon-all
Wed Mar 11 18:43:15 CET 2026
#@# MotionCor Wed Mar 11 18:43:17 CET 2026
#@# Talairach Wed Mar 11 18:43:25 CET 2026
#@# Talairach Failure Detection Wed Mar 11 18:47:53 CET 2026
#@# Nu Intensity Correction Wed Mar 11 18:47:53 CET 2026
#@# Intensity Normalization Wed Mar 11 18:51:08 CET 2026
recon-all -s sub-v2s1x29870_ses-1 finished without error at Wed Mar 11 18:52:40 CET 2026



#New# invocation of recon-all 



status file for recon-all
Wed Mar 11 18:59:41 CET 2026
#@# EM Registration Wed Mar 11 18:59:41 CET 2026
recon-all -s sub-v2s1x29870_ses-1 finished without error at Wed Mar 11 19:01:10 CET 2026



#New# invocation of recon-all 



status file for recon-all
Wed Mar 11 19:01:13 CET 2026
#@# CA Normalize Wed Mar 11 19:01:13 CET 2026
#@# CA Reg Wed Mar 11 19:02:34 CET 2026
#@# SubCort Seg Wed Mar 11 19:48:41 CET 2026
#@# CC Seg Wed Mar 11 20:24:50 CET 2026
#@# Merge ASeg Wed Mar 11 20:25:55 CET 2026
#@# Intensity Normalization2 Wed Mar 11 20:25:55 CET 2026
#@# Mask BFS Wed Mar 11 20:28:07 CET 2026
#@# WM Segmentation Wed Mar 11 20:28:08 CET 2026
#@# Fill Wed Mar 11 20:30:16 CET 2026
recon-all -s sub-v2s1x29870_ses-1 finished without error at Wed Mar 11 20:31:17 CET 2026



#New# invocation of recon-all 



status file for recon-all
Wed Mar 11 21:28:22 CET 2026
#@# white curv lh Wed Mar 11 21:28:22 CET 2026
#@# white area lh Wed Mar 11 21:28:22 CET 2026
#@# pial curv lh Wed Mar 11 21:28:22 CET 2026
#@# pial area lh Wed Mar 11 21:28:22 CET 2026
#@# thickness lh Wed Mar 11 21:28:22 CET 2026
#@# area and vertex vol lh Wed Mar 11 21:28:22 CET 2026
#@# white curv rh Wed Mar 11 21:28:22 CET 2026
#@# white area rh Wed Mar 11 21:28:22 CET 2026
#@# pial curv rh Wed Mar 11 21:28:22 CET 2026
#@# pial area rh Wed Mar 11 21:28:22 CET 2026
#@# thickness rh Wed Mar 11 21:28:22 CET 2026
#@# area and vertex vol rh Wed Mar 11 21:28:22 CET 2026
#@# Cortical ribbon mask Wed Mar 11 21:28:22 CET 2026
recon-all -s sub-v2s1x29870_ses-1 finished without error at Wed Mar 11 21:34:33 CET 2026



#New# invocation of recon-all 



status file for recon-all
Wed Mar 11 21:42:44 CET 2026
#@# white curv lh Wed Mar 11 21:42:44 CET 2026
#@# white area lh Wed Mar 11 21:42:44 CET 2026
#@# pial curv lh Wed Mar 11 21:42:44 CET 2026
#@# pial area lh Wed Mar 11 21:42:44 CET 2026
#@# thickness lh Wed Mar 11 21:42:45 CET 2026
#@# area and vertex vol lh Wed Mar 11 21:42:45 CET 2026
#@# white curv rh Wed Mar 11 21:42:45 CET 2026
#@# white area rh Wed Mar 11 21:42:45 CET 2026
#@# pial curv rh Wed Mar 11 21:42:45 CET 2026
#@# pial area rh Wed Mar 11 21:42:45 CET 2026
#@# thickness rh Wed Mar 11 21:42:45 CET 2026
#@# area and vertex vol rh Wed Mar 11 21:42:45 CET 2026
#@# Curvature Stats lh Wed Mar 11 21:42:45 CET 2026
#@# Curvature Stats rh Wed Mar 11 21:42:48 CET 2026
#@# Relabel Hypointensities Wed Mar 11 21:42:51 CET 2026
#@# APas-to-ASeg Wed Mar 11 21:43:10 CET 2026
#@# AParc-to-ASeg aparc Wed Mar 11 21:43:19 CET 2026
#@# AParc-to-ASeg aparc.a2009s Wed Mar 11 21:44:19 CET 2026
#@# AParc-to-ASeg aparc.DKTatlas Wed Mar 11 21:45:18 CET 2026
#@# WMParc Wed Mar 11 21:46:18 CET 2026
#@# ASeg Stats Wed Mar 11 21:49:58 CET 2026
recon-all -s sub-v2s1x29870_ses-1 finished without error at Wed Mar 11 21:50:31 CET 2026
