status file for recon-all
Wed Mar 11 20:31:22 CET 2026
#@# Tessellate lh Wed Mar 11 20:31:22 CET 2026
#@# Smooth1 lh Wed Mar 11 20:31:26 CET 2026
#@# Inflation1 lh Wed Mar 11 20:31:29 CET 2026
#@# QSphere lh Wed Mar 11 20:32:30 CET 2026
#@# Fix Topology lh Wed Mar 11 20:33:36 CET 2026
#@# Smooth2 lh Wed Mar 11 20:40:55 CET 2026
#@# Inflation2 lh Wed Mar 11 20:40:58 CET 2026
#@# Curv .H and .K lh Wed Mar 11 20:41:29 CET 2026
#@# Sphere lh Wed Mar 11 20:42:32 CET 2026
#@# Surf Reg lh Wed Mar 11 20:45:15 CET 2026
#@# Jacobian white lh Wed Mar 11 20:51:55 CET 2026
#@# AvgCurv lh Wed Mar 11 20:51:56 CET 2026
#@# Cortical Parc lh Wed Mar 11 20:51:57 CET 2026
#@# white curv lh Wed Mar 11 20:59:37 CET 2026
#@# white area lh Wed Mar 11 20:59:39 CET 2026
#@# pial curv lh Wed Mar 11 20:59:40 CET 2026
#@# pial area lh Wed Mar 11 20:59:42 CET 2026
#@# thickness lh Wed Mar 11 20:59:43 CET 2026
#@# area and vertex vol lh Wed Mar 11 21:00:23 CET 2026
#@# Curvature Stats lh Wed Mar 11 21:00:25 CET 2026
#@# Cortical Parc 2 lh Wed Mar 11 21:00:28 CET 2026
#@# Cortical Parc 3 lh Wed Mar 11 21:00:44 CET 2026
#@# WM/GM Contrast lh Wed Mar 11 21:00:57 CET 2026
recon-all -s sub-v2s1x29870_ses-1 finished without error at Wed Mar 11 21:01:00 CET 2026



#New# invocation of recon-all 



status file for recon-all
Wed Mar 11 21:34:36 CET 2026
#@# white curv lh Wed Mar 11 21:34:36 CET 2026
#@# white area lh Wed Mar 11 21:34:36 CET 2026
#@# pial curv lh Wed Mar 11 21:34:37 CET 2026
#@# pial area lh Wed Mar 11 21:34:37 CET 2026
#@# thickness lh Wed Mar 11 21:34:37 CET 2026
#@# area and vertex vol lh Wed Mar 11 21:34:37 CET 2026
#@# Parcellation Stats lh Wed Mar 11 21:34:37 CET 2026
#@# Parcellation Stats 2 lh Wed Mar 11 21:35:06 CET 2026
#@# Parcellation Stats 3 lh Wed Mar 11 21:35:21 CET 2026
#@# BA_exvivo Labels lh Wed Mar 11 21:35:35 CET 2026
recon-all -s sub-v2s1x29870_ses-1 finished without error at Wed Mar 11 21:38:40 CET 2026
