status file for recon-all
Wed Mar 11 22:34:38 CET 2026
#@# Tessellate rh Wed Mar 11 22:34:38 CET 2026
#@# Smooth1 rh Wed Mar 11 22:34:43 CET 2026
#@# Inflation1 rh Wed Mar 11 22:34:46 CET 2026
#@# QSphere rh Wed Mar 11 22:36:08 CET 2026
#@# Fix Topology rh Wed Mar 11 22:37:46 CET 2026
#@# Smooth2 rh Wed Mar 11 22:45:48 CET 2026
#@# Inflation2 rh Wed Mar 11 22:45:52 CET 2026
#@# Curv .H and .K rh Wed Mar 11 22:46:32 CET 2026
#@# Sphere rh Wed Mar 11 22:47:34 CET 2026
#@# Surf Reg rh Wed Mar 11 22:51:09 CET 2026
#@# Jacobian white rh Wed Mar 11 22:56:45 CET 2026
#@# AvgCurv rh Wed Mar 11 22:56:46 CET 2026
#@# Cortical Parc rh Wed Mar 11 22:56:47 CET 2026
#@# white curv rh Wed Mar 11 23:05:29 CET 2026
#@# white area rh Wed Mar 11 23:05:32 CET 2026
#@# pial curv rh Wed Mar 11 23:05:33 CET 2026
#@# pial area rh Wed Mar 11 23:05:36 CET 2026
#@# thickness rh Wed Mar 11 23:05:37 CET 2026
#@# area and vertex vol rh Wed Mar 11 23:06:19 CET 2026
#@# Curvature Stats rh Wed Mar 11 23:06:21 CET 2026
#@# Cortical Parc 2 rh Wed Mar 11 23:06:25 CET 2026
#@# Cortical Parc 3 rh Wed Mar 11 23:06:43 CET 2026
#@# WM/GM Contrast rh Wed Mar 11 23:06:57 CET 2026
recon-all -s sub-v2s1x29879_ses-1 finished without error at Wed Mar 11 23:07:01 CET 2026



#New# invocation of recon-all 



status file for recon-all
Wed Mar 11 23:18:58 CET 2026
#@# white curv rh Wed Mar 11 23:18:58 CET 2026
#@# white area rh Wed Mar 11 23:18:58 CET 2026
#@# pial curv rh Wed Mar 11 23:18:58 CET 2026
#@# pial area rh Wed Mar 11 23:18:58 CET 2026
#@# thickness rh Wed Mar 11 23:18:58 CET 2026
#@# area and vertex vol rh Wed Mar 11 23:18:58 CET 2026
#@# Parcellation Stats rh Wed Mar 11 23:18:58 CET 2026
#@# Parcellation Stats 2 rh Wed Mar 11 23:19:27 CET 2026
#@# Parcellation Stats 3 rh Wed Mar 11 23:19:42 CET 2026
#@# BA_exvivo Labels rh Wed Mar 11 23:19:57 CET 2026
recon-all -s sub-v2s1x29879_ses-1 finished without error at Wed Mar 11 23:23:26 CET 2026
