/out/sourcedata/freesurfer/sub-v2s1x29915_ses-1/mri
/opt/freesurfer/bin/talairach_avi
--i orig_nu.mgz --xfm transforms/talairach.auto.xfm
talairach_avi 7.3.2
Linux dna054 5.14.0-427.37.1.el9_4.x86_64 #1 SMP PREEMPT_DYNAMIC Fri Sep 13 12:41:50 EDT 2024 x86_64 x86_64 x86_64 GNU/Linux
Thu Mar 12 20:34:09 CET 2026
mri_convert orig_nu.mgz talsrcimg.img 
reading from orig_nu.mgz...
TR=0.00, TE=0.00, TI=0.00, flip angle=0.00
i_ras = (-1, 0, 0)
j_ras = (0, 0, -1)
k_ras = (0, 1, 0)
writing to talsrcimg.img...
Analyze Output Matrix
-0.90000   0.00000   0.00000   129.84625;
 0.00000   0.00000   0.90000  -97.32487;
 0.00000  -0.90000   0.00000   122.36920;
 0.00000   0.00000   0.00000   1.00000;
--------------------
INFO: set hdr.hist.orient to -1
mpr2mni305 talsrcimg
Thu Mar 12 20:34:09 CET 2026
/opt/freesurfer/bin/mpr2mni305 talsrcimg
mpr2mni305 7.3.2
target=711-2C_as_mni_average_305

---------------------------------------------------------------------
analyzeto4dfp talsrcimg -O0 -y
---------------------------------------------------------------------

freesurfer ifh2hdr.c
Thu Mar 12 20:34:09 2026
Writing: talsrcimg.4dfp.hdr
freesurfer analyzeto4dfp.c
Reading: talsrcimg.hdr
header size 348 bytes
hdr.dime.datatype	offset=70	value=2
hdr.dime.bitpix		offset=72	value=8
hdr.hist.orient		offset=252	value=-1
dimensionality     4
dimensions       256       256       256         1
Reading: talsrcimg.img
Writing: talsrcimg.4dfp.img
Writing: talsrcimg.4dfp.ifh
ifh2hdr talsrcimg -r0to238
ori=2

---------------------------------------------------------------------
gauss_4dfp talsrcimg 1.1
---------------------------------------------------------------------

freesurfer gauss_4dfp.c
Reading: talsrcimg.4dfp.img
Writing: talsrcimg_g11.4dfp.img
image dimensions 256 256 256 padded to 288 288 288
processing volume 1freesurfer ifh2hdr.c
Thu Mar 12 20:34:11 2026
Writing: talsrcimg_g11.4dfp.hdr

Writing: talsrcimg_g11.4dfp.ifh
including: talsrcimg.4dfp.img.rec in talsrcimg_g11.4dfp.img.rec

---------------------------------------------------------------------
imgreg_4dfp /opt/freesurfer/average/711-2C_as_mni_average_305 none talsrcimg_g11 none talsrcimg_to_711-2C_as_mni_average_305_t4 4355
---------------------------------------------------------------------

freesurfer imgreg_4dfp.c
/opt/freesurfer/average/711-2C_as_mni_average_305.4dfp.img
       256       256       256         1
  1.000000  1.000000  1.000000
orientation T byte_order littleendian
Reading image: /opt/freesurfer/average/711-2C_as_mni_average_305.4dfp.img
dimensions:      256       256       256
mmppix:       1.0000   -1.0000   -1.0000
center:     128.0000 -129.0000 -129.0000
talsrcimg_g11.4dfp.img
       256       256       256         1
  0.900000  0.900000  0.900000
orientation T byte_order littleendian
Reading image: talsrcimg_g11.4dfp.img
dimensions:      256       256       256
mmppix:       0.9000   -0.9000   -0.9000
center:     115.2000 -116.1000 -116.1000
t4_read: open error in t4_sub.f l:  41 t4_file(1:l)talsrcimg_to_711-2C_as_mni_average_305_t4 
t4_read: transform initialized to I4
rotation matrix determinant  1.000000
image alignment mode   4355 decimal     1103 hex
   -7.5000  -45.0000  -45.0000 5478.1655   19.0228
    0.0000  -45.0000  -45.0000 5499.0234   19.0201
    7.5000  -45.0000  -45.0000 5262.8486   18.9576
   -7.5000  -37.5000  -45.0000 5941.5908   20.1965
    0.0000  -37.5000  -45.0000 5957.5566   20.1860
    7.5000  -37.5000  -45.0000 5703.6216   20.1218
   -7.5000  -30.0000  -45.0000 6404.4653   20.8274
    0.0000  -30.0000  -45.0000 6412.4111   20.8023
    7.5000  -30.0000  -45.0000 6139.9980   20.7303
   -7.5000  -22.5000  -45.0000 6910.8521   20.8374
    0.0000  -22.5000  -45.0000 6920.8716   20.8047
    7.5000  -22.5000  -45.0000 6637.4922   20.7262
   -7.5000  -15.0000  -45.0000 7378.1865   20.8466
    0.0000  -15.0000  -45.0000 7406.6714   20.8225
    7.5000  -15.0000  -45.0000 7100.0405   20.7431
   -7.5000   -7.5000  -45.0000 7558.7700   20.8471
    0.0000   -7.5000  -45.0000 7586.0664   20.8369
    7.5000   -7.5000  -45.0000 7274.0273   20.7613
   -7.5000    0.0000  -45.0000 7663.0698   20.8441
    0.0000    0.0000  -45.0000 7699.1089   20.8410
    7.5000    0.0000  -45.0000 7367.7676   20.7726
   -7.5000    7.5000  -45.0000 7428.1216   20.8333
    0.0000    7.5000  -45.0000 7464.4414   20.8224
    7.5000    7.5000  -45.0000 7153.5312   20.7562
   -7.5000   15.0000  -45.0000 7490.4146   20.8274
    0.0000   15.0000  -45.0000 7532.0317   20.8023
    7.5000   15.0000  -45.0000 7224.3877   20.7303
   -7.5000   22.5000  -45.0000 7022.1089   20.5571
    0.0000   22.5000  -45.0000 7034.9707   20.5249
    7.5000   22.5000  -45.0000 6739.6333   20.4474
   -7.5000   30.0000  -45.0000 6483.0112   20.0177
    0.0000   30.0000  -45.0000 6481.6831   19.9945
    7.5000   30.0000  -45.0000 6214.6870   19.9182
   -7.5000   37.5000  -45.0000 5965.6099   19.3735
    0.0000   37.5000  -45.0000 5975.4556   19.3640
    7.5000   37.5000  -45.0000 5728.0620   19.2938
   -7.5000   45.0000  -45.0000 5443.8203   18.6752
    0.0000   45.0000  -45.0000 5468.8091   18.6729
    7.5000   45.0000  -45.0000 5240.5771   18.6114
   -7.5000  -45.0000  -37.5000 5973.5063   19.7422
    0.0000  -45.0000  -37.5000 5997.2896   19.7400
    7.5000  -45.0000  -37.5000 5711.7886   19.6697
   -7.5000  -37.5000  -37.5000 6484.7622   20.9884
    0.0000  -37.5000  -37.5000 6518.8657   20.9743
    7.5000  -37.5000  -37.5000 6215.2896   20.8917
   -7.5000  -30.0000  -37.5000 6975.4785   21.6106
    0.0000  -30.0000  -37.5000 7017.1665   21.5825
    7.5000  -30.0000  -37.5000 6690.4878   21.4955
   -7.5000  -22.5000  -37.5000 7537.3682   21.6075
    0.0000  -22.5000  -37.5000 7552.0835   21.5753
    7.5000  -22.5000  -37.5000 7223.4990   21.4936
   -7.5000  -15.0000  -37.5000 8012.3286   21.5998
    0.0000  -15.0000  -37.5000 8039.8960   21.5796
    7.5000  -15.0000  -37.5000 7697.4570   21.5063
   -7.5000   -7.5000  -37.5000 8170.3379   21.5952
    0.0000   -7.5000  -37.5000 8204.1172   21.5895
    7.5000   -7.5000  -37.5000 7856.1333   21.5187
   -7.5000    0.0000  -37.5000 8268.7520   21.6051
    0.0000    0.0000  -37.5000 8322.1240   21.6025
    7.5000    0.0000  -37.5000 7939.2251   21.5256
   -7.5000    7.5000  -37.5000 8036.3926   21.6120
    0.0000    7.5000  -37.5000 8087.0112   21.5975
    7.5000    7.5000  -37.5000 7706.1929   21.5124
   -7.5000   15.0000  -37.5000 8101.5156   21.6096
    0.0000   15.0000  -37.5000 8129.6714   21.5815
    7.5000   15.0000  -37.5000 7772.7578   21.4945
   -7.5000   22.5000  -37.5000 7552.6729   21.3186
    0.0000   22.5000  -37.5000 7556.5303   21.2868
    7.5000   22.5000  -37.5000 7218.0161   21.2062
   -7.5000   30.0000  -37.5000 6951.2720   20.7557
    0.0000   30.0000  -37.5000 6952.2559   20.7362
    7.5000   30.0000  -37.5000 6643.0581   20.6658
   -7.5000   37.5000  -37.5000 6370.8496   20.0851
    0.0000   37.5000  -37.5000 6394.7666   20.0798
    7.5000   37.5000  -37.5000 6102.2285   20.0140
   -7.5000   45.0000  -37.5000 5808.0981   19.3566
    0.0000   45.0000  -37.5000 5832.7935   19.3547
    7.5000   45.0000  -37.5000 5575.7788   19.2854
   -7.5000  -45.0000  -30.0000 6477.4556   20.4308
    0.0000  -45.0000  -30.0000 6507.7188   20.4211
    7.5000  -45.0000  -30.0000 6182.2896   20.3421
   -7.5000  -37.5000  -30.0000 7014.3042   21.7339
    0.0000  -37.5000  -30.0000 7049.0078   21.7126
    7.5000  -37.5000  -30.0000 6706.8379   21.6156
   -7.5000  -30.0000  -30.0000 7540.5044   22.3493
    0.0000  -30.0000  -30.0000 7584.3418   22.3175
    7.5000  -30.0000  -30.0000 7216.5220   22.2168
   -7.5000  -22.5000  -30.0000 8145.5176   22.3451
    0.0000  -22.5000  -30.0000 8173.0596   22.3114
    7.5000  -22.5000  -30.0000 7772.6226   22.2207
   -7.5000  -15.0000  -30.0000 8667.0293   22.3340
    0.0000  -15.0000  -30.0000 8718.2354   22.3117
    7.5000  -15.0000  -30.0000 8288.0088   22.2357
   -7.5000   -7.5000  -30.0000 8824.2314   22.3257
    0.0000   -7.5000  -30.0000 8888.4111   22.3150
    7.5000   -7.5000  -30.0000 8440.8965   22.2425
   -7.5000    0.0000  -30.0000 8915.0723   22.3358
    0.0000    0.0000  -30.0000 8991.9209   22.3249
    7.5000    0.0000  -30.0000 8508.6504   22.2387
   -7.5000    7.5000  -30.0000 8634.4707   22.3458
    0.0000    7.5000  -30.0000 8699.9238   22.3239
    7.5000    7.5000  -30.0000 8243.1123   22.2241
   -7.5000   15.0000  -30.0000 8679.4492   22.3463
    0.0000   15.0000  -30.0000 8726.5010   22.3144
    7.5000   15.0000  -30.0000 8292.5127   22.2138
   -7.5000   22.5000  -30.0000 8061.8647   22.0473
    0.0000   22.5000  -30.0000 8083.4380   22.0141
    7.5000   22.5000  -30.0000 7684.3970   21.9245
   -7.5000   30.0000  -30.0000 7402.8247   21.4768
    0.0000   30.0000  -30.0000 7418.1006   21.4554
    7.5000   30.0000  -30.0000 7056.3628   21.3823
   -7.5000   37.5000  -30.0000 6757.8755   20.7959
    0.0000   37.5000  -30.0000 6796.1704   20.7859
    7.5000   37.5000  -30.0000 6451.3745   20.7183
   -7.5000   45.0000  -30.0000 6139.5864   20.0414
    0.0000   45.0000  -30.0000 6184.6167   20.0323
    7.5000   45.0000  -30.0000 5879.6064   19.9547
   -7.5000  -45.0000  -22.5000 6989.0190   21.1209
    0.0000  -45.0000  -22.5000 7017.8633   21.1017
    7.5000  -45.0000  -22.5000 6687.2959   21.0229
   -7.5000  -37.5000  -22.5000 7551.8525   22.4677
    0.0000  -37.5000  -22.5000 7583.2485   22.4400
    7.5000  -37.5000  -22.5000 7225.3188   22.3475
   -7.5000  -30.0000  -22.5000 8135.1436   23.0816
    0.0000  -30.0000  -22.5000 8176.6616   23.0461
    7.5000  -30.0000  -22.5000 7788.4443   22.9461
   -7.5000  -22.5000  -22.5000 8785.0215   23.0939
    0.0000  -22.5000  -22.5000 8829.2021   23.0568
    7.5000  -22.5000  -22.5000 8380.5488   22.9580
   -7.5000  -15.0000  -22.5000 9378.2402   23.0962
    0.0000  -15.0000  -22.5000 9449.3291   23.0673
    7.5000  -15.0000  -22.5000 8955.5918   22.9812
   -7.5000   -7.5000  -22.5000 9526.3076   23.0849
    0.0000   -7.5000  -22.5000 9620.6221   23.0641
    7.5000   -7.5000  -22.5000 9095.9268   22.9850
   -7.5000    0.0000  -22.5000 9603.0596   23.0772
    0.0000    0.0000  -22.5000 9694.7793   23.0560
    7.5000    0.0000  -22.5000 9145.9082   22.9700
   -7.5000    7.5000  -22.5000 9262.7021   23.0714
    0.0000    7.5000  -22.5000 9334.8174   23.0431
    7.5000    7.5000  -22.5000 8822.7979   22.9481
   -7.5000   15.0000  -22.5000 9291.9814   23.0760
    0.0000   15.0000  -22.5000 9351.1006   23.0406
    7.5000   15.0000  -22.5000 8869.3496   22.9406
   -7.5000   22.5000  -22.5000 8611.7764   22.7883
    0.0000   22.5000  -22.5000 8664.7695   22.7517
    7.5000   22.5000  -22.5000 8203.0615   22.6543
   -7.5000   30.0000  -22.5000 7889.3159   22.2260
    0.0000   30.0000  -22.5000 7929.6943   22.1982
    7.5000   30.0000  -22.5000 7507.4111   22.1154
   -7.5000   37.5000  -22.5000 7180.1274   21.5357
    0.0000   37.5000  -22.5000 7227.4863   21.5164
    7.5000   37.5000  -22.5000 6842.4873   21.4426
   -7.5000   45.0000  -22.5000 6481.8164   20.7552
    0.0000   45.0000  -22.5000 6548.7334   20.7370
    7.5000   45.0000  -22.5000 6207.1162   20.6598
   -7.5000  -45.0000  -15.0000 7521.5591   21.7826
    0.0000  -45.0000  -15.0000 7572.6162   21.7650
    7.5000  -45.0000  -15.0000 7217.0381   21.6905
   -7.5000  -37.5000  -15.0000 8110.7783   23.1473
    0.0000  -37.5000  -15.0000 8159.1035   23.1254
    7.5000  -37.5000  -15.0000 7785.4341   23.0486
   -7.5000  -30.0000  -15.0000 8743.2578   23.7540
    0.0000  -30.0000  -15.0000 8792.2676   23.7229
    7.5000  -30.0000  -15.0000 8397.6660   23.6344
   -7.5000  -22.5000  -15.0000 9441.6172   23.7837
    0.0000  -22.5000  -15.0000 9519.9932   23.7460
    7.5000  -22.5000  -15.0000 9046.9521   23.6454
   -7.5000  -15.0000  -15.000010084.8799   23.8075
    0.0000  -15.0000  -15.000010187.4561   23.7747
    7.5000  -15.0000  -15.0000 9681.0391   23.6766
   -7.5000   -7.5000  -15.000010222.7129   23.8016
    0.0000   -7.5000  -15.000010361.2793   23.7775
    7.5000   -7.5000  -15.0000 9793.1846   23.6882
   -7.5000    0.0000  -15.000010285.2783   23.7771
    0.0000    0.0000  -15.000010408.2637   23.7577
    7.5000    0.0000  -15.0000 9840.0566   23.6765
   -7.5000    7.5000  -15.0000 9913.2480   23.7462
    0.0000    7.5000  -15.000010023.2686   23.7238
    7.5000    7.5000  -15.0000 9484.2207   23.6450
   -7.5000   15.0000  -15.0000 9954.1191   23.7467
    0.0000   15.0000  -15.000010041.5986   23.7155
    7.5000   15.0000  -15.0000 9503.3574   23.6271
   -7.5000   22.5000  -15.0000 9215.7490   23.4726
    0.0000   22.5000  -15.0000 9298.1758   23.4354
    7.5000   22.5000  -15.0000 8795.8965   23.3361
   -7.5000   30.0000  -15.0000 8421.9961   22.9278
    0.0000   30.0000  -15.0000 8504.8652   22.8962
    7.5000   30.0000  -15.0000 8050.1875   22.8017
   -7.5000   37.5000  -15.0000 7632.4712   22.2383
    0.0000   37.5000  -15.0000 7717.8237   22.2157
    7.5000   37.5000  -15.0000 7298.1147   22.1323
   -7.5000   45.0000  -15.0000 6842.4277   21.4369
    0.0000   45.0000  -15.0000 6939.0508   21.4201
    7.5000   45.0000  -15.0000 6584.1875   21.3473
   -7.5000  -45.0000   -7.5000 7872.6880   21.7558
    0.0000  -45.0000   -7.5000 7919.1001   21.7463
    7.5000  -45.0000   -7.5000 7563.6714   21.6770
   -7.5000  -37.5000   -7.5000 8464.4121   23.1124
    0.0000  -37.5000   -7.5000 8535.2148   23.0995
    7.5000  -37.5000   -7.5000 8155.1211   23.0341
   -7.5000  -30.0000   -7.5000 9118.5088   23.7135
    0.0000  -30.0000   -7.5000 9189.7383   23.6876
    7.5000  -30.0000   -7.5000 8776.9844   23.6099
   -7.5000  -22.5000   -7.5000 9841.1641   23.7438
    0.0000  -22.5000   -7.5000 9923.9502   23.7073
    7.5000  -22.5000   -7.5000 9476.1484   23.6124
   -7.5000  -15.0000   -7.500010483.6553   23.7721
    0.0000  -15.0000   -7.500010635.6787   23.7402
    7.5000  -15.0000   -7.500010116.6074   23.6404
   -7.5000   -7.5000   -7.500010610.5205   23.7716
    0.0000   -7.5000   -7.500010768.0801   23.7516
    7.5000   -7.5000   -7.500010222.2871   23.6596
   -7.5000    0.0000   -7.500010661.6299   23.7477
    0.0000    0.0000   -7.500010800.5186   23.7372
    7.5000    0.0000   -7.500010262.6855   23.6615
   -7.5000    7.5000   -7.500010306.1982   23.7105
    0.0000    7.5000   -7.500010404.1885   23.6972
    7.5000    7.5000   -7.5000 9877.0205   23.6302
   -7.5000   15.0000   -7.500010326.7188   23.7062
    0.0000   15.0000   -7.500010392.9443   23.6803
    7.5000   15.0000   -7.5000 9868.8184   23.6026
   -7.5000   22.5000   -7.5000 9541.5605   23.4332
    0.0000   22.5000   -7.5000 9599.9316   23.3972
    7.5000   22.5000   -7.5000 9100.5938   23.3035
   -7.5000   30.0000   -7.5000 8716.6279   22.8938
    0.0000   30.0000   -7.5000 8817.3096   22.8630
    7.5000   30.0000   -7.5000 8360.7578   22.7668
   -7.5000   37.5000   -7.5000 7882.5264   22.2103
    0.0000   37.5000   -7.5000 7992.1030   22.1916
    7.5000   37.5000   -7.5000 7582.3481   22.1056
   -7.5000   45.0000   -7.5000 7057.9023   21.4118
    0.0000   45.0000   -7.5000 7150.4399   21.4029
    7.5000   45.0000   -7.5000 6794.0425   21.3349
   -7.5000  -45.0000    0.0000 8076.7090   22.3419
    0.0000  -45.0000    0.0000 8131.4346   22.3400
    7.5000  -45.0000    0.0000 7789.4282   22.2682
   -7.5000  -37.5000    0.0000 8682.4326   23.7425
    0.0000  -37.5000    0.0000 8754.7168   23.7318
    7.5000  -37.5000    0.0000 8394.4551   23.6583
   -7.5000  -30.0000    0.0000 9384.8359   24.3446
    0.0000  -30.0000    0.0000 9451.7363   24.3171
    7.5000  -30.0000    0.0000 9049.1309   24.2345
   -7.5000  -22.5000    0.000010152.3730   24.3594
    0.0000  -22.5000    0.000010235.6826   24.3224
    7.5000  -22.5000    0.0000 9791.0264   24.2312
   -7.5000  -15.0000    0.000010788.8809   24.3714
    0.0000  -15.0000    0.000010937.6572   24.3440
    7.5000  -15.0000    0.000010412.5508   24.2512
   -7.5000   -7.5000    0.000010870.2012   24.3702
    0.0000   -7.5000    0.000010986.1230   24.3592
    7.5000   -7.5000    0.000010470.4268   24.2716
   -7.5000    0.0000    0.000010920.8818   24.3632
    0.0000    0.0000    0.000011004.6465   24.3610
    7.5000    0.0000    0.000010504.7822   24.2826
   -7.5000    7.5000    0.000010534.6094   24.3409
    0.0000    7.5000    0.000010595.3281   24.3298
    7.5000    7.5000    0.000010114.1631   24.2545
   -7.5000   15.0000    0.000010507.7842   24.3360
    0.0000   15.0000    0.000010536.8291   24.3085
    7.5000   15.0000    0.000010054.1328   24.2259
   -7.5000   22.5000    0.0000 9697.0859   24.0441
    0.0000   22.5000    0.0000 9726.1299   24.0076
    7.5000   22.5000    0.0000 9266.1025   23.9176
   -7.5000   30.0000    0.0000 8885.8086   23.4850
    0.0000   30.0000    0.0000 8951.1807   23.4586
    7.5000   30.0000    0.0000 8533.5557   23.3692
   -7.5000   37.5000    0.0000 8048.8550   22.7968
    0.0000   37.5000    0.0000 8146.3730   22.7865
    7.5000   37.5000    0.0000 7764.8486   22.7046
   -7.5000   45.0000    0.0000 7204.1543   22.0105
    0.0000   45.0000    0.0000 7272.6338   22.0090
    7.5000   45.0000    0.0000 6929.6401   21.9380
   -7.5000  -45.0000    7.5000 7944.9951   22.4171
    0.0000  -45.0000    7.5000 8018.1094   22.4147
    7.5000  -45.0000    7.5000 7655.2427   22.3352
   -7.5000  -37.5000    7.5000 8556.7568   23.8444
    0.0000  -37.5000    7.5000 8628.7207   23.8288
    7.5000  -37.5000    7.5000 8257.7969   23.7354
   -7.5000  -30.0000    7.5000 9282.5293   24.4515
    0.0000  -30.0000    7.5000 9348.4238   24.4199
    7.5000  -30.0000    7.5000 8966.1621   24.3224
   -7.5000  -22.5000    7.500010096.0664   24.4480
    0.0000  -22.5000    7.500010255.1650   24.4116
    7.5000  -22.5000    7.5000 9767.8623   24.3205
   -7.5000  -15.0000    7.500010694.8350   24.4395
    0.0000  -15.0000    7.500010833.0264   24.4165
    7.5000  -15.0000    7.500010333.9619   24.3348
   -7.5000   -7.5000    7.500010716.3955   24.4343
    0.0000   -7.5000    7.500010746.9180   24.4278
    7.5000   -7.5000    7.500010339.6514   24.3485
   -7.5000    0.0000    7.500010744.9824   24.4452
    0.0000    0.0000    7.500010742.5283   24.4424
    7.5000    0.0000    7.500010379.9834   24.3557
   -7.5000    7.5000    7.500010339.9502   24.4453
    0.0000    7.5000    7.500010355.8809   24.4293
    7.5000    7.5000    7.5000 9999.0039   24.3335
   -7.5000   15.0000    7.500010288.3623   24.4428
    0.0000   15.0000    7.500010259.7441   24.4113
    7.5000   15.0000    7.5000 9904.1416   24.3138
   -7.5000   22.5000    7.5000 9502.4619   24.1316
    0.0000   22.5000    7.5000 9490.6816   24.0957
    7.5000   22.5000    7.5000 9140.7275   24.0058
   -7.5000   30.0000    7.5000 8746.1992   23.5507
    0.0000   30.0000    7.5000 8766.2422   23.5285
    7.5000   30.0000    7.5000 8413.9824   23.4498
   -7.5000   37.5000    7.5000 7971.1880   22.8568
    0.0000   37.5000    7.5000 8029.7949   22.8507
    7.5000   37.5000    7.5000 7653.0254   22.7765
   -7.5000   45.0000    7.5000 7128.4717   22.0844
    0.0000   45.0000    7.5000 7184.2974   22.0824
    7.5000   45.0000    7.5000 6833.8979   22.0037
   -7.5000  -45.0000   15.0000 7989.2158   22.4656
    0.0000  -45.0000   15.0000 8033.9810   22.4540
    7.5000  -45.0000   15.0000 7698.5459   22.3685
   -7.5000  -37.5000   15.0000 8597.2588   23.9023
    0.0000  -37.5000   15.0000 8659.4668   23.8783
    7.5000  -37.5000   15.0000 8307.8281   23.7730
   -7.5000  -30.0000   15.0000 9352.5566   24.5152
    0.0000  -30.0000   15.0000 9456.3359   24.4799
    7.5000  -30.0000   15.0000 9053.3164   24.3709
   -7.5000  -22.5000   15.000010214.1035   24.5109
    0.0000  -22.5000   15.000010342.2285   24.4737
    7.5000  -22.5000   15.0000 9877.1299   24.3756
   -7.5000  -15.0000   15.000010802.3633   24.4980
    0.0000  -15.0000   15.000010808.8965   24.4731
    7.5000  -15.0000   15.000010449.0225   24.3910
   -7.5000   -7.5000   15.000010798.0391   24.4879
    0.0000   -7.5000   15.000010680.0547   24.4752
    7.5000   -7.5000   15.000010457.5176   24.3970
   -7.5000    0.0000   15.000010858.9053   24.4981
    0.0000    0.0000   15.000010701.9600   24.4853
    7.5000    0.0000   15.000010532.7578   24.3922
   -7.5000    7.5000   15.000010496.6328   24.5046
    0.0000    7.5000   15.000010371.2744   24.4800
    7.5000    7.5000   15.000010179.5742   24.3720
   -7.5000   15.0000   15.000010455.5410   24.5065
    0.0000   15.0000   15.000010304.2441   24.4712
    7.5000   15.0000   15.000010054.5781   24.3623
   -7.5000   22.5000   15.0000 9640.4541   24.1936
    0.0000   22.5000   15.0000 9540.2012   24.1570
    7.5000   22.5000   15.0000 9227.6250   24.0602
   -7.5000   30.0000   15.0000 8871.9473   23.6070
    0.0000   30.0000   15.0000 8821.2588   23.5830
    7.5000   30.0000   15.0000 8453.7686   23.5039
   -7.5000   37.5000   15.0000 8083.1318   22.9069
    0.0000   37.5000   15.0000 8096.5488   22.8951
    7.5000   37.5000   15.0000 7689.6470   22.8219
   -7.5000   45.0000   15.0000 7234.4893   22.1308
    0.0000   45.0000   15.0000 7243.7290   22.1200
    7.5000   45.0000   15.0000 6875.6260   22.0356
   -7.5000  -45.0000   22.5000 7622.7046   22.4803
    0.0000  -45.0000   22.5000 7711.3794   22.4594
    7.5000  -45.0000   22.5000 7365.2329   22.3750
   -7.5000  -37.5000   22.5000 8204.1943   23.9036
    0.0000  -37.5000   22.5000 8290.2344   23.8738
    7.5000  -37.5000   22.5000 7945.8394   23.7747
   -7.5000  -30.0000   22.5000 8857.0215   24.5197
    0.0000  -30.0000   22.5000 8920.3037   24.4819
    7.5000  -30.0000   22.5000 8585.9824   24.3749
   -7.5000  -22.5000   22.5000 9561.3721   24.5327
    0.0000  -22.5000   22.5000 9606.9814   24.4932
    7.5000  -22.5000   22.5000 9278.7148   24.3876
   -7.5000  -15.0000   22.500010198.0869   24.5347
    0.0000  -15.0000   22.500010225.3838   24.5038
    7.5000  -15.0000   22.5000 9887.4756   24.4118
   -7.5000   -7.5000   22.500010394.3633   24.5224
    0.0000   -7.5000   22.500010347.8535   24.5000
    7.5000   -7.5000   22.500010029.7471   24.4153
   -7.5000    0.0000   22.500010503.3984   24.5144
    0.0000    0.0000   22.500010378.8232   24.4913
    7.5000    0.0000   22.500010073.6338   24.3993
   -7.5000    7.5000   22.500010144.9229   24.5059
    0.0000    7.5000   22.500010006.9600   24.4754
    7.5000    7.5000   22.5000 9681.6865   24.3738
   -7.5000   15.0000   22.500010037.2061   24.5110
    0.0000   15.0000   22.5000 9860.8613   24.4732
    7.5000   15.0000   22.5000 9515.0107   24.3663
   -7.5000   22.5000   22.5000 9232.1572   24.2152
    0.0000   22.5000   22.5000 9070.8672   24.1762
    7.5000   22.5000   22.5000 8740.4062   24.0719
   -7.5000   30.0000   22.5000 8484.2432   23.6424
    0.0000   30.0000   22.5000 8367.6689   23.6126
    7.5000   30.0000   22.5000 8034.2988   23.5239
   -7.5000   37.5000   22.5000 7708.5586   22.9392
    0.0000   37.5000   22.5000 7663.3359   22.9182
    7.5000   37.5000   22.5000 7318.3408   22.8390
   -7.5000   45.0000   22.5000 6895.5864   22.1440
    0.0000   45.0000   22.5000 6896.1421   22.1240
    7.5000   45.0000   22.5000 6567.5781   22.0412
   -7.5000  -45.0000   30.0000 7193.4375   22.5477
    0.0000  -45.0000   30.0000 7275.1982   22.5281
    7.5000  -45.0000   30.0000 6975.6152   22.4489
   -7.5000  -37.5000   30.0000 7726.6460   23.9611
    0.0000  -37.5000   30.0000 7817.7051   23.9377
    7.5000  -37.5000   30.0000 7493.9072   23.8560
   -7.5000  -30.0000   30.0000 8321.8545   24.5773
    0.0000  -30.0000   30.0000 8419.4873   24.5446
    7.5000  -30.0000   30.0000 8055.3247   24.4506
   -7.5000  -22.5000   30.0000 8998.0557   24.6074
    0.0000  -22.5000   30.0000 9094.9375   24.5679
    7.5000  -22.5000   30.0000 8682.1240   24.4610
   -7.5000  -15.0000   30.0000 9618.6787   24.6325
    0.0000  -15.0000   30.0000 9744.5273   24.5975
    7.5000  -15.0000   30.0000 9273.4844   24.4932
   -7.5000   -7.5000   30.0000 9806.4668   24.6273
    0.0000   -7.5000   30.0000 9947.8271   24.6008
    7.5000   -7.5000   30.0000 9435.1729   24.5058
   -7.5000    0.0000   30.0000 9896.5420   24.6028
    0.0000    0.0000   30.0000 9999.7422   24.5812
    7.5000    0.0000   30.0000 9487.7490   24.4948
   -7.5000    7.5000   30.0000 9523.4326   24.5691
    0.0000    7.5000   30.0000 9559.8750   24.5451
    7.5000    7.5000   30.0000 9103.1934   24.4614
   -7.5000   15.0000   30.0000 9365.2979   24.5685
    0.0000   15.0000   30.0000 9345.6934   24.5359
    7.5000   15.0000   30.0000 8911.5098   24.4419
   -7.5000   22.5000   30.0000 8604.6172   24.2868
    0.0000   22.5000   30.0000 8586.5986   24.2478
    7.5000   22.5000   30.0000 8179.9590   24.1423
   -7.5000   30.0000   30.0000 7911.7520   23.7475
    0.0000   30.0000   30.0000 7899.3481   23.7137
    7.5000   30.0000   30.0000 7534.5210   23.6132
   -7.5000   37.5000   30.0000 7190.0742   23.0590
    0.0000   37.5000   30.0000 7184.9761   23.0342
    7.5000   37.5000   30.0000 6854.5918   22.9453
   -7.5000   45.0000   30.0000 6469.4458   22.2547
    0.0000   45.0000   30.0000 6460.3477   22.2360
    7.5000   45.0000   30.0000 6174.6958   22.1583
   -7.5000  -45.0000   37.5000 6796.7476   22.6771
    0.0000  -45.0000   37.5000 6890.9160   22.6689
    7.5000  -45.0000   37.5000 6556.5229   22.5924
   -7.5000  -37.5000   37.5000 7281.8091   24.0948
    0.0000  -37.5000   37.5000 7383.5645   24.0839
    7.5000  -37.5000   37.5000 7025.5796   24.0118
   -7.5000  -30.0000   37.5000 7838.3042   24.6974
    0.0000  -30.0000   37.5000 7924.1211   24.6741
    7.5000  -30.0000   37.5000 7537.7632   24.5897
   -7.5000  -22.5000   37.5000 8456.8926   24.7342
    0.0000  -22.5000   37.5000 8533.8027   24.7003
    7.5000  -22.5000   37.5000 8116.3965   24.5983
   -7.5000  -15.0000   37.5000 9028.2412   24.7667
    0.0000  -15.0000   37.5000 9100.7715   24.7367
    7.5000  -15.0000   37.5000 8676.4707   24.6294
   -7.5000   -7.5000   37.5000 9189.0508   24.7641
    0.0000   -7.5000   37.5000 9257.9082   24.7456
    7.5000   -7.5000   37.5000 8840.5635   24.6454
   -7.5000    0.0000   37.5000 9297.9395   24.7342
    0.0000    0.0000   37.5000 9360.5225   24.7250
    7.5000    0.0000   37.5000 8946.1279   24.6416
   -7.5000    7.5000   37.5000 8996.6729   24.6909
    0.0000    7.5000   37.5000 9022.7832   24.6798
    7.5000    7.5000   37.5000 8637.3076   24.6059
   -7.5000   15.0000   37.5000 8829.6367   24.6884
    0.0000   15.0000   37.5000 8818.9346   24.6651
    7.5000   15.0000   37.5000 8439.1094   24.5808
   -7.5000   22.5000   37.5000 8130.3589   24.4077
    0.0000   22.5000   37.5000 8118.6196   24.3742
    7.5000   22.5000   37.5000 7755.3960   24.2736
   -7.5000   30.0000   37.5000 7460.1577   23.8767
    0.0000   30.0000   37.5000 7451.4722   23.8478
    7.5000   30.0000   37.5000 7118.6494   23.7444
   -7.5000   37.5000   37.5000 6752.8848   23.1874
    0.0000   37.5000   37.5000 6771.3652   23.1700
    7.5000   37.5000   37.5000 6450.1924   23.0763
   -7.5000   45.0000   37.5000 6061.7817   22.3729
    0.0000   45.0000   37.5000 6090.7432   22.3652
    7.5000   45.0000   37.5000 5795.0132   22.2899
   -7.5000  -45.0000   45.0000 6384.5952   22.8845
    0.0000  -45.0000   45.0000 6453.5449   22.8882
    7.5000  -45.0000   45.0000 6151.6143   22.8065
   -7.5000  -37.5000   45.0000 6826.2354   24.3212
    0.0000  -37.5000   45.0000 6897.7646   24.3166
    7.5000  -37.5000   45.0000 6571.2798   24.2329
   -7.5000  -30.0000   45.0000 7321.5649   24.9096
    0.0000  -30.0000   45.0000 7405.8833   24.8872
    7.5000  -30.0000   45.0000 7052.5103   24.7954
   -7.5000  -22.5000   45.0000 7871.9199   24.9470
    0.0000  -22.5000   45.0000 7954.1367   24.9139
    7.5000  -22.5000   45.0000 7575.7915   24.8148
   -7.5000  -15.0000   45.0000 8390.7676   24.9757
    0.0000  -15.0000   45.0000 8475.9678   24.9524
    7.5000  -15.0000   45.0000 8085.4175   24.8516
   -7.5000   -7.5000   45.0000 8525.9639   24.9687
    0.0000   -7.5000   45.0000 8608.8154   24.9628
    7.5000   -7.5000   45.0000 8213.5381   24.8657
   -7.5000    0.0000   45.0000 8625.2480   24.9383
    0.0000    0.0000   45.0000 8718.3193   24.9421
    7.5000    0.0000   45.0000 8322.8135   24.8531
   -7.5000    7.5000   45.0000 8359.5430   24.8990
    0.0000    7.5000   45.0000 8405.2393   24.8942
    7.5000    7.5000   45.0000 8044.9351   24.8086
   -7.5000   15.0000   45.0000 8202.5576   24.9002
    0.0000   15.0000   45.0000 8236.9443   24.8779
    7.5000   15.0000   45.0000 7867.0815   24.7861
   -7.5000   22.5000   45.0000 7579.0610   24.6144
    0.0000   22.5000   45.0000 7595.9849   24.5817
    7.5000   22.5000   45.0000 7249.8320   24.4840
   -7.5000   30.0000   45.0000 6955.2246   24.0758
    0.0000   30.0000   45.0000 6968.6074   24.0533
    7.5000   30.0000   45.0000 6652.1475   23.9562
   -7.5000   37.5000   45.0000 6308.1631   23.3727
    0.0000   37.5000   45.0000 6332.6250   23.3672
    7.5000   37.5000   45.0000 6040.9834   23.2763
   -7.5000   45.0000   45.0000 5660.4819   22.5456
    0.0000   45.0000   45.0000 5687.0986   22.5496
    7.5000   45.0000   45.0000 5412.9492   22.4689

---------------------------------------------------------------------
imgreg_4dfp /opt/freesurfer/average/711-2C_as_mni_average_305 /opt/freesurfer/average/711-2B_as_mni_average_305_mask talsrcimg_g11 none talsrcimg_to_711-2C_as_mni_average_305_t4 4355
---------------------------------------------------------------------

freesurfer imgreg_4dfp.c
/opt/freesurfer/average/711-2C_as_mni_average_305.4dfp.img
       256       256       256         1
  1.000000  1.000000  1.000000
orientation T byte_order littleendian
Reading image: /opt/freesurfer/average/711-2C_as_mni_average_305.4dfp.img
dimensions:      256       256       256
mmppix:       1.0000   -1.0000   -1.0000
center:     128.0000 -129.0000 -129.0000
/opt/freesurfer/average/711-2B_as_mni_average_305_mask.4dfp.img
       256       256       256         1
  1.000000  1.000000  1.000000
orientation T byte_order littleendian
Reading mask: /opt/freesurfer/average/711-2B_as_mni_average_305_mask.4dfp.img (2306576 pixels)
talsrcimg_g11.4dfp.img
       256       256       256         1
  0.900000  0.900000  0.900000
orientation T byte_order littleendian
Reading image: talsrcimg_g11.4dfp.img
dimensions:      256       256       256
mmppix:       0.9000   -0.9000   -0.9000
center:     115.2000 -116.1000 -116.1000
rotation matrix determinant  1.000000
image alignment mode   4355 decimal     1103 hex
   -7.5000  -45.0000  -45.0000 1849.9052   25.2798
    0.0000  -45.0000  -45.0000 1857.1395   24.9866
    7.5000  -45.0000  -45.0000 1841.7927   25.2679
   -7.5000  -37.5000  -45.0000 1930.8907   23.4611
    0.0000  -37.5000  -45.0000 1942.1282   23.2076
    7.5000  -37.5000  -45.0000 1923.8060   23.4494
   -7.5000  -30.0000  -45.0000 1983.0214   22.0905
    0.0000  -30.0000  -45.0000 1991.1965   21.8760
    7.5000  -30.0000  -45.0000 1978.3938   22.0049
   -7.5000  -22.5000  -45.0000 2014.0138   20.9710
    0.0000  -22.5000  -45.0000 2024.1372   20.7362
    7.5000  -22.5000  -45.0000 2013.0115   20.9161
   -7.5000  -15.0000  -45.0000 2041.0355   20.2236
    0.0000  -15.0000  -45.0000 2048.1846   19.9332
    7.5000  -15.0000  -45.0000 2037.7521   20.1522
   -7.5000   -7.5000  -45.0000 2048.1921   19.9492
    0.0000   -7.5000  -45.0000 2057.9612   19.7236
    7.5000   -7.5000  -45.0000 2043.8844   19.9335
   -7.5000    0.0000  -45.0000 2033.9989   20.1323
    0.0000    0.0000  -45.0000 2044.2472   19.9547
    7.5000    0.0000  -45.0000 2026.9213   20.2105
   -7.5000    7.5000  -45.0000 2000.0870   20.8131
    0.0000    7.5000  -45.0000 2011.0020   20.5565
    7.5000    7.5000  -45.0000 1998.7513   20.8007
   -7.5000   15.0000  -45.0000 1956.3015   21.7964
    0.0000   15.0000  -45.0000 1971.0944   21.4992
    7.5000   15.0000  -45.0000 1959.5155   21.7803
   -7.5000   22.5000  -45.0000 1902.6029   23.2895
    0.0000   22.5000  -45.0000 1914.8823   22.9608
    7.5000   22.5000  -45.0000 1900.8341   23.1744
   -7.5000   30.0000  -45.0000 1830.1681   25.3120
    0.0000   30.0000  -45.0000 1842.1721   24.9134
    7.5000   30.0000  -45.0000 1827.0758   25.2171
   -7.5000   37.5000  -45.0000 1721.3131   27.7067
    0.0000   37.5000  -45.0000 1737.0360   27.2693
    7.5000   37.5000  -45.0000 1722.1125   27.6342
   -7.5000   45.0000  -45.0000 1577.2745   30.4977
    0.0000   45.0000  -45.0000 1593.3569   30.0526
    7.5000   45.0000  -45.0000 1581.2943   30.3807
   -7.5000  -45.0000  -37.5000 2008.6969   24.6736
    0.0000  -45.0000  -37.5000 2021.2278   24.4278
    7.5000  -45.0000  -37.5000 1994.3970   24.7067
   -7.5000  -37.5000  -37.5000 2099.5688   22.9361
    0.0000  -37.5000  -37.5000 2117.7937   22.6998
    7.5000  -37.5000  -37.5000 2097.5193   22.9527
   -7.5000  -30.0000  -37.5000 2152.6426   21.5732
    0.0000  -30.0000  -37.5000 2170.8042   21.3994
    7.5000  -30.0000  -37.5000 2154.1609   21.5636
   -7.5000  -22.5000  -37.5000 2191.5798   20.4719
    0.0000  -22.5000  -37.5000 2204.3982   20.3066
    7.5000  -22.5000  -37.5000 2192.6768   20.4010
   -7.5000  -15.0000  -37.5000 2213.5017   19.6895
    0.0000  -15.0000  -37.5000 2224.9824   19.5079
    7.5000  -15.0000  -37.5000 2216.0740   19.6466
   -7.5000   -7.5000  -37.5000 2219.4165   19.4489
    0.0000   -7.5000  -37.5000 2232.4724   19.2312
    7.5000   -7.5000  -37.5000 2222.8455   19.4189
   -7.5000    0.0000  -37.5000 2202.3701   19.5680
    0.0000    0.0000  -37.5000 2218.2236   19.4106
    7.5000    0.0000  -37.5000 2203.2729   19.6187
   -7.5000    7.5000  -37.5000 2176.5554   20.2129
    0.0000    7.5000  -37.5000 2193.1216   19.9784
    7.5000    7.5000  -37.5000 2178.2544   20.1876
   -7.5000   15.0000  -37.5000 2134.8284   21.1251
    0.0000   15.0000  -37.5000 2152.0071   20.8786
    7.5000   15.0000  -37.5000 2138.2727   21.1220
   -7.5000   22.5000  -37.5000 2074.9937   22.6402
    0.0000   22.5000  -37.5000 2093.4150   22.3563
    7.5000   22.5000  -37.5000 2076.5820   22.5768
   -7.5000   30.0000  -37.5000 1992.5978   24.6076
    0.0000   30.0000  -37.5000 2007.6819   24.3102
    7.5000   30.0000  -37.5000 1994.3383   24.6055
   -7.5000   37.5000  -37.5000 1867.5609   26.9980
    0.0000   37.5000  -37.5000 1888.0554   26.6484
    7.5000   37.5000  -37.5000 1869.6227   26.9777
   -7.5000   45.0000  -37.5000 1718.7350   29.8354
    0.0000   45.0000  -37.5000 1734.3951   29.3765
    7.5000   45.0000  -37.5000 1724.3018   29.6802
   -7.5000  -45.0000  -30.0000 2152.1426   23.9052
    0.0000  -45.0000  -30.0000 2165.6238   23.7400
    7.5000  -45.0000  -30.0000 2143.1885   23.9829
   -7.5000  -37.5000  -30.0000 2250.3970   22.1553
    0.0000  -37.5000  -30.0000 2264.9436   21.9677
    7.5000  -37.5000  -30.0000 2246.6936   22.1744
   -7.5000  -30.0000  -30.0000 2307.9827   20.8558
    0.0000  -30.0000  -30.0000 2325.3975   20.6936
    7.5000  -30.0000  -30.0000 2309.6765   20.8090
   -7.5000  -22.5000  -30.0000 2353.5020   19.8204
    0.0000  -22.5000  -30.0000 2365.9756   19.6467
    7.5000  -22.5000  -30.0000 2349.7231   19.7261
   -7.5000  -15.0000  -30.0000 2380.3354   19.0470
    0.0000  -15.0000  -30.0000 2397.6357   18.8945
    7.5000  -15.0000  -30.0000 2377.6768   18.9737
   -7.5000   -7.5000  -30.0000 2392.2874   18.7951
    0.0000   -7.5000  -30.0000 2406.6492   18.6314
    7.5000   -7.5000  -30.0000 2390.6040   18.7279
   -7.5000    0.0000  -30.0000 2368.2795   18.9201
    0.0000    0.0000  -30.0000 2389.0447   18.7922
    7.5000    0.0000  -30.0000 2369.9524   18.8981
   -7.5000    7.5000  -30.0000 2341.7170   19.4708
    0.0000    7.5000  -30.0000 2364.1406   19.2777
    7.5000    7.5000  -30.0000 2347.3623   19.4081
   -7.5000   15.0000  -30.0000 2297.7681   20.4035
    0.0000   15.0000  -30.0000 2316.8242   20.1966
    7.5000   15.0000  -30.0000 2302.7893   20.3180
   -7.5000   22.5000  -30.0000 2231.9954   21.9546
    0.0000   22.5000  -30.0000 2251.1436   21.6840
    7.5000   22.5000  -30.0000 2234.6248   21.8455
   -7.5000   30.0000  -30.0000 2140.8887   23.9273
    0.0000   30.0000  -30.0000 2161.4529   23.6419
    7.5000   30.0000  -30.0000 2147.8643   23.8428
   -7.5000   37.5000  -30.0000 2006.0448   26.2237
    0.0000   37.5000  -30.0000 2027.8859   25.9630
    7.5000   37.5000  -30.0000 2011.1562   26.2196
   -7.5000   45.0000  -30.0000 1844.4019   28.9222
    0.0000   45.0000  -30.0000 1860.8109   28.6107
    7.5000   45.0000  -30.0000 1846.6819   28.8527
   -7.5000  -45.0000  -22.5000 2268.8184   22.9814
    0.0000  -45.0000  -22.5000 2278.0432   22.7764
    7.5000  -45.0000  -22.5000 2261.7830   23.0274
   -7.5000  -37.5000  -22.5000 2372.8276   21.1518
    0.0000  -37.5000  -22.5000 2384.1558   21.0123
    7.5000  -37.5000  -22.5000 2367.4312   21.1376
   -7.5000  -30.0000  -22.5000 2441.3120   19.8437
    0.0000  -30.0000  -22.5000 2456.0305   19.7089
    7.5000  -30.0000  -22.5000 2439.3704   19.7657
   -7.5000  -22.5000  -22.5000 2492.8533   18.9099
    0.0000  -22.5000  -22.5000 2507.9358   18.7505
    7.5000  -22.5000  -22.5000 2486.6453   18.7753
   -7.5000  -15.0000  -22.5000 2530.7668   18.2060
    0.0000  -15.0000  -22.5000 2548.7307   18.0487
    7.5000  -15.0000  -22.5000 2523.0923   18.0981
   -7.5000   -7.5000  -22.5000 2548.1235   17.9178
    0.0000   -7.5000  -22.5000 2564.2561   17.7726
    7.5000   -7.5000  -22.5000 2542.7708   17.8331
   -7.5000    0.0000  -22.5000 2527.0886   18.0859
    0.0000    0.0000  -22.5000 2551.1062   17.8999
    7.5000    0.0000  -22.5000 2527.9573   17.9603
   -7.5000    7.5000  -22.5000 2494.0789   18.5845
    0.0000    7.5000  -22.5000 2519.6780   18.3676
    7.5000    7.5000  -22.5000 2497.3000   18.4533
   -7.5000   15.0000  -22.5000 2447.6960   19.5638
    0.0000   15.0000  -22.5000 2472.5244   19.3284
    7.5000   15.0000  -22.5000 2452.8120   19.3930
   -7.5000   22.5000  -22.5000 2370.4990   21.0257
    0.0000   22.5000  -22.5000 2393.4185   20.7875
    7.5000   22.5000  -22.5000 2373.1853   20.8602
   -7.5000   30.0000  -22.5000 2267.5063   22.9115
    0.0000   30.0000  -22.5000 2289.7329   22.6747
    7.5000   30.0000  -22.5000 2275.0874   22.7916
   -7.5000   37.5000  -22.5000 2126.0144   25.1926
    0.0000   37.5000  -22.5000 2142.1345   24.8967
    7.5000   37.5000  -22.5000 2128.4229   25.0632
   -7.5000   45.0000  -22.5000 1948.0836   27.8069
    0.0000   45.0000  -22.5000 1966.8273   27.4305
    7.5000   45.0000  -22.5000 1950.8888   27.7109
   -7.5000  -45.0000  -15.0000 2360.9558   21.9222
    0.0000  -45.0000  -15.0000 2369.9675   21.6961
    7.5000  -45.0000  -15.0000 2344.4167   21.8793
   -7.5000  -37.5000  -15.0000 2473.2239   20.1168
    0.0000  -37.5000  -15.0000 2481.9492   19.9619
    7.5000  -37.5000  -15.0000 2462.0002   20.0403
   -7.5000  -30.0000  -15.0000 2544.9619   18.7685
    0.0000  -30.0000  -15.0000 2557.3306   18.6346
    7.5000  -30.0000  -15.0000 2544.9534   18.6461
   -7.5000  -22.5000  -15.0000 2603.3765   17.8040
    0.0000  -22.5000  -15.0000 2623.0950   17.6650
    7.5000  -22.5000  -15.0000 2601.9436   17.6621
   -7.5000  -15.0000  -15.0000 2651.1604   17.1770
    0.0000  -15.0000  -15.0000 2674.0771   17.0472
    7.5000  -15.0000  -15.0000 2649.8706   17.0667
   -7.5000   -7.5000  -15.0000 2675.5132   16.8972
    0.0000   -7.5000  -15.0000 2695.5864   16.7579
    7.5000   -7.5000  -15.0000 2672.7905   16.8079
   -7.5000    0.0000  -15.0000 2660.2437   17.0635
    0.0000    0.0000  -15.0000 2688.8918   16.8865
    7.5000    0.0000  -15.0000 2663.5244   16.9218
   -7.5000    7.5000  -15.0000 2625.6138   17.5680
    0.0000    7.5000  -15.0000 2655.4922   17.3363
    7.5000    7.5000  -15.0000 2629.5198   17.3710
   -7.5000   15.0000  -15.0000 2569.9717   18.5177
    0.0000   15.0000  -15.0000 2600.1440   18.2847
    7.5000   15.0000  -15.0000 2570.7734   18.3061
   -7.5000   22.5000  -15.0000 2485.8525   19.9046
    0.0000   22.5000  -15.0000 2511.9294   19.6542
    7.5000   22.5000  -15.0000 2489.1953   19.6852
   -7.5000   30.0000  -15.0000 2373.0256   21.7535
    0.0000   30.0000  -15.0000 2397.7600   21.5038
    7.5000   30.0000  -15.0000 2380.5635   21.5859
   -7.5000   37.5000  -15.0000 2219.6567   23.9694
    0.0000   37.5000  -15.0000 2241.6187   23.6389
    7.5000   37.5000  -15.0000 2224.0342   23.7903
   -7.5000   45.0000  -15.0000 2024.6179   26.4425
    0.0000   45.0000  -15.0000 2043.3635   26.0677
    7.5000   45.0000  -15.0000 2031.1229   26.2426
   -7.5000  -45.0000   -7.5000 2418.9058   20.8543
    0.0000  -45.0000   -7.5000 2423.2400   20.5880
    7.5000  -45.0000   -7.5000 2401.9512   20.7969
   -7.5000  -37.5000   -7.5000 2534.5684   19.0586
    0.0000  -37.5000   -7.5000 2543.5488   18.8309
    7.5000  -37.5000   -7.5000 2523.8689   18.9700
   -7.5000  -30.0000   -7.5000 2617.1995   17.7075
    0.0000  -30.0000   -7.5000 2630.9541   17.5117
    7.5000  -30.0000   -7.5000 2612.8069   17.5719
   -7.5000  -22.5000   -7.5000 2680.2727   16.6946
    0.0000  -22.5000   -7.5000 2700.3665   16.5516
    7.5000  -22.5000   -7.5000 2682.0247   16.5507
   -7.5000  -15.0000   -7.5000 2736.9246   16.0962
    0.0000  -15.0000   -7.5000 2763.1560   15.9496
    7.5000  -15.0000   -7.5000 2739.9216   15.9844
   -7.5000   -7.5000   -7.5000 2770.5120   15.8118
    0.0000   -7.5000   -7.5000 2797.4180   15.6816
    7.5000   -7.5000   -7.5000 2769.7820   15.7254
   -7.5000    0.0000   -7.5000 2760.0413   15.9751
    0.0000    0.0000   -7.5000 2793.1487   15.8064
    7.5000    0.0000   -7.5000 2763.1267   15.8223
   -7.5000    7.5000   -7.5000 2726.7122   16.4646
    0.0000    7.5000   -7.5000 2760.6091   16.2600
    7.5000    7.5000   -7.5000 2726.3274   16.3053
   -7.5000   15.0000   -7.5000 2657.6509   17.3728
    0.0000   15.0000   -7.5000 2691.2761   17.1588
    7.5000   15.0000   -7.5000 2661.5281   17.2349
   -7.5000   22.5000   -7.5000 2563.3240   18.7196
    0.0000   22.5000   -7.5000 2589.3862   18.4788
    7.5000   22.5000   -7.5000 2565.9861   18.5413
   -7.5000   30.0000   -7.5000 2441.3860   20.5484
    0.0000   30.0000   -7.5000 2470.3472   20.2887
    7.5000   30.0000   -7.5000 2448.4148   20.3546
   -7.5000   37.5000   -7.5000 2279.7349   22.6933
    0.0000   37.5000   -7.5000 2303.8010   22.4372
    7.5000   37.5000   -7.5000 2286.0142   22.4767
   -7.5000   45.0000   -7.5000 2073.7683   25.0873
    0.0000   45.0000   -7.5000 2089.7163   24.8324
    7.5000   45.0000   -7.5000 2077.1025   24.8177
   -7.5000  -45.0000    0.0000 2460.3679   20.1676
    0.0000  -45.0000    0.0000 2468.8735   19.9103
    7.5000  -45.0000    0.0000 2448.9602   20.2105
   -7.5000  -37.5000    0.0000 2579.0876   18.3839
    0.0000  -37.5000    0.0000 2593.8638   18.1512
    7.5000  -37.5000    0.0000 2577.0869   18.3473
   -7.5000  -30.0000    0.0000 2676.1238   17.0162
    0.0000  -30.0000    0.0000 2699.4919   16.7906
    7.5000  -30.0000    0.0000 2676.3425   16.9373
   -7.5000  -22.5000    0.0000 2752.7900   16.0012
    0.0000  -22.5000    0.0000 2782.5532   15.8048
    7.5000  -22.5000    0.0000 2756.0039   15.9087
   -7.5000  -15.0000    0.0000 2819.5337   15.3677
    0.0000  -15.0000    0.0000 2853.3140   15.1987
    7.5000  -15.0000    0.0000 2822.5776   15.2639
   -7.5000   -7.5000    0.0000 2858.6035   15.0581
    0.0000   -7.5000    0.0000 2897.2222   14.8983
    7.5000   -7.5000    0.0000 2860.0830   14.9590
   -7.5000    0.0000    0.0000 2856.6675   15.1899
    0.0000    0.0000    0.0000 2894.1401   15.0025
    7.5000    0.0000    0.0000 2859.7009   15.0661
   -7.5000    7.5000    0.0000 2812.9187   15.6829
    0.0000    7.5000    0.0000 2848.8281   15.4660
    7.5000    7.5000    0.0000 2819.5620   15.5644
   -7.5000   15.0000    0.0000 2732.3694   16.6464
    0.0000   15.0000    0.0000 2765.3328   16.4079
    7.5000   15.0000    0.0000 2740.4753   16.5302
   -7.5000   22.5000    0.0000 2628.5762   17.9795
    0.0000   22.5000    0.0000 2656.2305   17.7480
    7.5000   22.5000    0.0000 2634.4668   17.8664
   -7.5000   30.0000    0.0000 2497.5139   19.8023
    0.0000   30.0000    0.0000 2522.1011   19.5467
    7.5000   30.0000    0.0000 2503.6152   19.6403
   -7.5000   37.5000    0.0000 2326.3389   21.9083
    0.0000   37.5000    0.0000 2351.3347   21.6435
    7.5000   37.5000    0.0000 2340.6746   21.7452
   -7.5000   45.0000    0.0000 2117.4331   24.2866
    0.0000   45.0000    0.0000 2131.2131   23.9760
    7.5000   45.0000    0.0000 2121.7913   24.0960
   -7.5000  -45.0000    7.5000 2482.4741   19.6604
    0.0000  -45.0000    7.5000 2496.1155   19.4384
    7.5000  -45.0000    7.5000 2475.8640   19.7197
   -7.5000  -37.5000    7.5000 2604.0818   17.8547
    0.0000  -37.5000    7.5000 2622.4839   17.6090
    7.5000  -37.5000    7.5000 2603.0730   17.8369
   -7.5000  -30.0000    7.5000 2705.1736   16.4775
    0.0000  -30.0000    7.5000 2733.4038   16.2001
    7.5000  -30.0000    7.5000 2709.4421   16.4307
   -7.5000  -22.5000    7.5000 2800.0625   15.5065
    0.0000  -22.5000    7.5000 2833.8057   15.2370
    7.5000  -22.5000    7.5000 2809.7610   15.4451
   -7.5000  -15.0000    7.5000 2874.5718   14.7769
    0.0000  -15.0000    7.5000 2923.1089   14.5789
    7.5000  -15.0000    7.5000 2884.9299   14.7678
   -7.5000   -7.5000    7.5000 2911.5293   14.3609
    0.0000   -7.5000    7.5000 2965.9993   14.1351
    7.5000   -7.5000    7.5000 2920.7229   14.3751
   -7.5000    0.0000    7.5000 2908.1072   14.5531
    0.0000    0.0000    7.5000 2947.5261   14.2472
    7.5000    0.0000    7.5000 2917.8718   14.4953
   -7.5000    7.5000    7.5000 2861.4622   15.1147
    0.0000    7.5000    7.5000 2902.8115   14.8425
    7.5000    7.5000    7.5000 2882.4385   15.0562
   -7.5000   15.0000    7.5000 2775.0103   16.1116
    0.0000   15.0000    7.5000 2811.1775   15.8387
    7.5000   15.0000    7.5000 2796.7083   16.0627
   -7.5000   22.5000    7.5000 2658.0964   17.4899
    0.0000   22.5000    7.5000 2689.0469   17.2024
    7.5000   22.5000    7.5000 2680.5627   17.4479
   -7.5000   30.0000    7.5000 2524.6831   19.2652
    0.0000   30.0000    7.5000 2552.1697   18.9691
    7.5000   30.0000    7.5000 2542.8113   19.2029
   -7.5000   37.5000    7.5000 2351.0110   21.3631
    0.0000   37.5000    7.5000 2386.9062   21.0829
    7.5000   37.5000    7.5000 2368.6931   21.2953
   -7.5000   45.0000    7.5000 2138.4978   23.6646
    0.0000   45.0000    7.5000 2163.5566   23.3779
    7.5000   45.0000    7.5000 2147.1091   23.5380
   -7.5000  -45.0000   15.0000 2485.7803   19.4672
    0.0000  -45.0000   15.0000 2495.2698   19.1133
    7.5000  -45.0000   15.0000 2483.7583   19.4704
   -7.5000  -37.5000   15.0000 2604.5796   17.6112
    0.0000  -37.5000   15.0000 2616.6338   17.2794
    7.5000  -37.5000   15.0000 2605.6184   17.5972
   -7.5000  -30.0000   15.0000 2713.8984   16.1978
    0.0000  -30.0000   15.0000 2732.1404   15.8578
    7.5000  -30.0000   15.0000 2719.2874   16.1592
   -7.5000  -22.5000   15.0000 2815.7910   15.2323
    0.0000  -22.5000   15.0000 2843.3428   14.8548
    7.5000  -22.5000   15.0000 2823.8723   15.1324
   -7.5000  -15.0000   15.0000 2894.2649   14.5075
    0.0000  -15.0000   15.0000 2943.5105   14.1839
    7.5000  -15.0000   15.0000 2906.1316   14.4452
   -7.5000   -7.5000   15.0000 2940.7468   14.1218
    0.0000   -7.5000   15.0000 2986.5669   13.5760
    7.5000   -7.5000   15.0000 2953.4509   14.1402
   -7.5000    0.0000   15.0000 2942.9495   14.3461
    0.0000    0.0000   15.0000 2976.4524   13.8285
    7.5000    0.0000   15.0000 2961.2507   14.3370
   -7.5000    7.5000   15.0000 2893.0928   14.9883
    0.0000    7.5000   15.0000 2918.6501   14.5756
    7.5000    7.5000   15.0000 2915.3328   14.9135
   -7.5000   15.0000   15.0000 2801.3228   15.9829
    0.0000   15.0000   15.0000 2828.7402   15.6010
    7.5000   15.0000   15.0000 2822.2939   15.8703
   -7.5000   22.5000   15.0000 2674.1543   17.3411
    0.0000   22.5000   15.0000 2703.3928   16.9629
    7.5000   22.5000   15.0000 2697.1704   17.1954
   -7.5000   30.0000   15.0000 2537.3433   19.0881
    0.0000   30.0000   15.0000 2562.9443   18.7310
    7.5000   30.0000   15.0000 2553.3167   18.9387
   -7.5000   37.5000   15.0000 2365.9241   21.1542
    0.0000   37.5000   15.0000 2393.6350   20.7946
    7.5000   37.5000   15.0000 2375.5068   20.9931
   -7.5000   45.0000   15.0000 2154.8252   23.4663
    0.0000   45.0000   15.0000 2167.8689   23.0709
    7.5000   45.0000   15.0000 2159.5876   23.2551
   -7.5000  -45.0000   22.5000 2475.8257   19.4707
    0.0000  -45.0000   22.5000 2495.4565   19.1926
    7.5000  -45.0000   22.5000 2475.1230   19.4750
   -7.5000  -37.5000   22.5000 2597.9863   17.6372
    0.0000  -37.5000   22.5000 2617.0896   17.3074
    7.5000  -37.5000   22.5000 2601.2283   17.5764
   -7.5000  -30.0000   22.5000 2701.8682   16.2130
    0.0000  -30.0000   22.5000 2721.7026   15.8195
    7.5000  -30.0000   22.5000 2713.9448   16.1290
   -7.5000  -22.5000   22.5000 2795.2461   15.1806
    0.0000  -22.5000   22.5000 2814.5139   14.7788
    7.5000  -22.5000   22.5000 2815.6799   15.0840
   -7.5000  -15.0000   22.5000 2878.2273   14.5238
    0.0000  -15.0000   22.5000 2903.7793   14.0463
    7.5000  -15.0000   22.5000 2895.2800   14.4102
   -7.5000   -7.5000   22.5000 2939.5894   14.2813
    0.0000   -7.5000   22.5000 2987.1741   13.8426
    7.5000   -7.5000   22.5000 2950.0125   14.1608
   -7.5000    0.0000   22.5000 2940.1345   14.5357
    0.0000    0.0000   22.5000 2974.5896   14.0964
    7.5000    0.0000   22.5000 2943.6567   14.3882
   -7.5000    7.5000   22.5000 2888.4661   15.1123
    0.0000    7.5000   22.5000 2914.9941   14.7086
    7.5000    7.5000   22.5000 2895.7688   14.9282
   -7.5000   15.0000   22.5000 2793.6938   16.0709
    0.0000   15.0000   22.5000 2818.9910   15.6605
    7.5000   15.0000   22.5000 2808.5078   15.8673
   -7.5000   22.5000   22.5000 2671.8325   17.3862
    0.0000   22.5000   22.5000 2694.3088   16.9841
    7.5000   22.5000   22.5000 2690.9851   17.1517
   -7.5000   30.0000   22.5000 2539.1470   19.0862
    0.0000   30.0000   22.5000 2563.0613   18.7305
    7.5000   30.0000   22.5000 2552.1208   18.8821
   -7.5000   37.5000   22.5000 2358.6213   21.1211
    0.0000   37.5000   22.5000 2386.3875   20.7892
    7.5000   37.5000   22.5000 2368.9238   20.9149
   -7.5000   45.0000   22.5000 2140.1589   23.4054
    0.0000   45.0000   22.5000 2162.7556   23.0602
    7.5000   45.0000   22.5000 2150.6570   23.1689
   -7.5000  -45.0000   30.0000 2449.8767   19.7016
    0.0000  -45.0000   30.0000 2478.0732   19.4443
    7.5000  -45.0000   30.0000 2461.5125   19.7116
   -7.5000  -37.5000   30.0000 2575.8943   17.9124
    0.0000  -37.5000   30.0000 2604.3318   17.6529
    7.5000  -37.5000   30.0000 2594.5684   17.8483
   -7.5000  -30.0000   30.0000 2682.5713   16.5590
    0.0000  -30.0000   30.0000 2716.0869   16.2975
    7.5000  -30.0000   30.0000 2702.1985   16.4562
   -7.5000  -22.5000   30.0000 2780.1052   15.5805
    0.0000  -22.5000   30.0000 2810.7869   15.2547
    7.5000  -22.5000   30.0000 2799.3521   15.4260
   -7.5000  -15.0000   30.0000 2857.7593   14.9432
    0.0000  -15.0000   30.0000 2903.8960   14.5878
    7.5000  -15.0000   30.0000 2879.5667   14.7839
   -7.5000   -7.5000   30.0000 2910.5920   14.7469
    0.0000   -7.5000   30.0000 2961.6562   14.4416
    7.5000   -7.5000   30.0000 2930.0940   14.6133
   -7.5000    0.0000   30.0000 2896.3618   14.9806
    0.0000    0.0000   30.0000 2945.6438   14.7122
    7.5000    0.0000   30.0000 2912.3474   14.7902
   -7.5000    7.5000   30.0000 2838.0283   15.4907
    0.0000    7.5000   30.0000 2876.8130   15.2503
    7.5000    7.5000   30.0000 2854.9094   15.3145
   -7.5000   15.0000   30.0000 2750.1841   16.3919
    0.0000   15.0000   30.0000 2783.3047   16.1467
    7.5000   15.0000   30.0000 2765.1536   16.1962
   -7.5000   22.5000   30.0000 2635.5105   17.6484
    0.0000   22.5000   30.0000 2669.0984   17.3752
    7.5000   22.5000   30.0000 2650.6887   17.4142
   -7.5000   30.0000   30.0000 2511.6484   19.3521
    0.0000   30.0000   30.0000 2540.3564   19.0500
    7.5000   30.0000   30.0000 2525.5771   19.1079
   -7.5000   37.5000   30.0000 2337.7412   21.4140
    0.0000   37.5000   30.0000 2362.7075   21.0557
    7.5000   37.5000   30.0000 2349.2925   21.1163
   -7.5000   45.0000   30.0000 2124.4924   23.7040
    0.0000   45.0000   30.0000 2145.7842   23.2711
    7.5000   45.0000   30.0000 2137.2964   23.3341
   -7.5000  -45.0000   37.5000 2433.3030   20.4325
    0.0000  -45.0000   37.5000 2465.7998   20.2322
    7.5000  -45.0000   37.5000 2449.1079   20.3831
   -7.5000  -37.5000   37.5000 2557.4395   18.6147
    0.0000  -37.5000   37.5000 2594.9011   18.4192
    7.5000  -37.5000   37.5000 2576.4202   18.4838
   -7.5000  -30.0000   37.5000 2660.9507   17.2174
    0.0000  -30.0000   37.5000 2695.5007   16.9754
    7.5000  -30.0000   37.5000 2683.6218   17.0575
   -7.5000  -22.5000   37.5000 2750.1599   16.2449
    0.0000  -22.5000   37.5000 2792.0271   15.9516
    7.5000  -22.5000   37.5000 2775.8086   16.0289
   -7.5000  -15.0000   37.5000 2818.6824   15.6276
    0.0000  -15.0000   37.5000 2863.1001   15.3360
    7.5000  -15.0000   37.5000 2846.0559   15.4574
   -7.5000   -7.5000   37.5000 2855.8303   15.4388
    0.0000   -7.5000   37.5000 2895.2720   15.1539
    7.5000   -7.5000   37.5000 2879.7917   15.2929
   -7.5000    0.0000   37.5000 2836.3071   15.6792
    0.0000    0.0000   37.5000 2877.9851   15.3840
    7.5000    0.0000   37.5000 2862.5081   15.4985
   -7.5000    7.5000   37.5000 2781.1965   16.2362
    0.0000    7.5000   37.5000 2814.2510   15.9380
    7.5000    7.5000   37.5000 2802.9026   16.0443
   -7.5000   15.0000   37.5000 2693.2974   17.1228
    0.0000   15.0000   37.5000 2725.5684   16.8155
    7.5000   15.0000   37.5000 2709.8708   16.8822
   -7.5000   22.5000   37.5000 2585.5083   18.3747
    0.0000   22.5000   37.5000 2619.0737   18.0569
    7.5000   22.5000   37.5000 2599.1187   18.0790
   -7.5000   30.0000   37.5000 2464.9202   19.9814
    0.0000   30.0000   37.5000 2485.6235   19.6148
    7.5000   30.0000   37.5000 2475.0774   19.5890
   -7.5000   37.5000   37.5000 2290.6951   21.9006
    0.0000   37.5000   37.5000 2315.3159   21.5694
    7.5000   37.5000   37.5000 2302.3789   21.5144
   -7.5000   45.0000   37.5000 2084.6560   24.0787
    0.0000   45.0000   37.5000 2115.1790   23.7329
    7.5000   45.0000   37.5000 2102.9058   23.7325
   -7.5000  -45.0000   45.0000 2380.5005   21.2420
    0.0000  -45.0000   45.0000 2410.4932   21.0232
    7.5000  -45.0000   45.0000 2395.1384   21.1050
   -7.5000  -37.5000   45.0000 2497.8879   19.3387
    0.0000  -37.5000   45.0000 2528.4519   19.1021
    7.5000  -37.5000   45.0000 2517.3396   19.1687
   -7.5000  -30.0000   45.0000 2596.5247   17.9464
    0.0000  -30.0000   45.0000 2635.3809   17.7044
    7.5000  -30.0000   45.0000 2622.5725   17.7183
   -7.5000  -22.5000   45.0000 2677.8655   17.0295
    0.0000  -22.5000   45.0000 2720.3428   16.7684
    7.5000  -22.5000   45.0000 2705.7092   16.7905
   -7.5000  -15.0000   45.0000 2734.5286   16.4596
    0.0000  -15.0000   45.0000 2772.7451   16.2233
    7.5000  -15.0000   45.0000 2760.3928   16.2849
   -7.5000   -7.5000   45.0000 2756.7104   16.2499
    0.0000   -7.5000   45.0000 2792.0173   16.0402
    7.5000   -7.5000   45.0000 2777.7131   16.1174
   -7.5000    0.0000   45.0000 2733.3870   16.4682
    0.0000    0.0000   45.0000 2774.8381   16.2027
    7.5000    0.0000   45.0000 2759.4111   16.2898
   -7.5000    7.5000   45.0000 2680.2263   17.0396
    0.0000    7.5000   45.0000 2707.9663   16.7735
    7.5000    7.5000   45.0000 2696.1228   16.8682
   -7.5000   15.0000   45.0000 2597.7043   17.9258
    0.0000   15.0000   45.0000 2626.8818   17.6414
    7.5000   15.0000   45.0000 2613.6277   17.7167
   -7.5000   22.5000   45.0000 2497.9712   19.1615
    0.0000   22.5000   45.0000 2523.1487   18.8547
    7.5000   22.5000   45.0000 2509.6567   18.9345
   -7.5000   30.0000   45.0000 2374.3093   20.7259
    0.0000   30.0000   45.0000 2395.9119   20.4161
    7.5000   30.0000   45.0000 2383.1970   20.4337
   -7.5000   37.5000   45.0000 2211.2871   22.5881
    0.0000   37.5000   45.0000 2235.9954   22.2873
    7.5000   37.5000   45.0000 2224.3049   22.3001
   -7.5000   45.0000   45.0000 2024.1425   24.7489
    0.0000   45.0000   45.0000 2046.1219   24.3928
    7.5000   45.0000   45.0000 2032.9907   24.4157

---------------------------------------------------------------------
imgreg_4dfp /opt/freesurfer/average/711-2C_as_mni_average_305 /opt/freesurfer/average/711-2B_as_mni_average_305_mask talsrcimg_g11 none talsrcimg_to_711-2C_as_mni_average_305_t4 1283
---------------------------------------------------------------------

freesurfer imgreg_4dfp.c
/opt/freesurfer/average/711-2C_as_mni_average_305.4dfp.img
       256       256       256         1
  1.000000  1.000000  1.000000
orientation T byte_order littleendian
Reading image: /opt/freesurfer/average/711-2C_as_mni_average_305.4dfp.img
dimensions:      256       256       256
mmppix:       1.0000   -1.0000   -1.0000
center:     128.0000 -129.0000 -129.0000
/opt/freesurfer/average/711-2B_as_mni_average_305_mask.4dfp.img
       256       256       256         1
  1.000000  1.000000  1.000000
orientation T byte_order littleendian
Reading mask: /opt/freesurfer/average/711-2B_as_mni_average_305_mask.4dfp.img (2306576 pixels)
talsrcimg_g11.4dfp.img
       256       256       256         1
  0.900000  0.900000  0.900000
orientation T byte_order littleendian
Reading image: talsrcimg_g11.4dfp.img
dimensions:      256       256       256
mmppix:       0.9000   -0.9000   -0.9000
center:     115.2000 -116.1000 -116.1000
rotation matrix determinant  1.000000
fimgreg.f
image alignment mode   1283 decimal      503 hex
parameters
    0.0000   -7.5000   22.5000    0.0000    0.0000    0.0000
eta,q 0.93603 13.77390
niter,ni,del,rscale     5    3   12.0000    1.2000
parameter  4 -0.858705 -> -0.500000 qaram    1.1500
parameters
    0.8992   -4.6798   23.3966    3.4500   -0.5284   -2.3628
eta,q 0.93957 13.79772
  0.0758  0.0761  0.0653  0.0655  0.0636  0.0627
  0.0725  0.0718  0.0663  0.0655  0.0630  0.0609
  0.0692  0.0676  0.0671  0.0646  0.0627  0.0605
  0.0667  0.0653  0.0642  0.0624  0.0609  0.0614
  0.0651  0.0645  0.0613  0.0609  0.0608  0.0635
  0.0690  0.0643  0.0624  0.0611  0.0631  0.0658
  0.0724  0.0658  0.0676  0.0623  0.0662  0.0682
niter,ni,del,rscale     5    3   12.0000    1.2000
parameters
   -0.0015   -5.8597   23.5344    4.0946   -0.1111   -2.2590
eta,q 0.94139 13.77751
  0.0644  0.0684  0.0621  0.0678  0.0630  0.0647
  0.0619  0.0610  0.0634  0.0659  0.0606  0.0619
  0.0610  0.0583  0.0633  0.0606  0.0603  0.0595
  0.0604  0.0608  0.0589  0.0587  0.0591  0.0586
  0.0610  0.0648  0.0574  0.0605  0.0579  0.0596
  0.0642  0.0693  0.0602  0.0625  0.0596  0.0616
  0.0685  0.0733  0.0656  0.0657  0.0627  0.0643
niter,ni,del,rscale     4    3   12.0000    1.2000
parameters
    0.1453   -6.0991   23.7390    4.2516   -0.3605   -2.1581
eta,q 0.94172 13.79493
  0.0649  0.0714  0.0625  0.0669  0.0613  0.0645
  0.0613  0.0630  0.0633  0.0640  0.0600  0.0617
  0.0600  0.0578  0.0625  0.0585  0.0597  0.0591
  0.0586  0.0585  0.0582  0.0578  0.0580  0.0583
  0.0582  0.0616  0.0568  0.0602  0.0576  0.0593
  0.0609  0.0663  0.0600  0.0627  0.0598  0.0613
  0.0648  0.0711  0.0654  0.0661  0.0632  0.0641
niter,ni,del,rscale     3    3   12.0000    1.2000
parameters
    0.2598   -6.1757   23.8537    4.3337   -0.5109   -2.0990
eta,q 0.94194 13.80696
  0.0644  0.0719  0.0624  0.0667  0.0612  0.0644
  0.0609  0.0635  0.0635  0.0635  0.0597  0.0615
  0.0596  0.0579  0.0627  0.0582  0.0595  0.0589
  0.0583  0.0581  0.0580  0.0578  0.0579  0.0581
  0.0575  0.0610  0.0567  0.0603  0.0573  0.0592
  0.0602  0.0655  0.0603  0.0626  0.0594  0.0612
  0.0647  0.0706  0.0659  0.0660  0.0628  0.0641
niter,ni,del,rscale     2    3   12.0000    1.2000
parameters
    0.3397   -6.2141   23.9116    4.3763   -0.6177   -2.0637
eta,q 0.94204 13.81303
  0.0641  0.0719  0.0624  0.0666  0.0611  0.0642
  0.0607  0.0635  0.0637  0.0632  0.0596  0.0613
  0.0594  0.0578  0.0627  0.0579  0.0594  0.0588
  0.0581  0.0580  0.0579  0.0578  0.0579  0.0580
  0.0572  0.0607  0.0566  0.0603  0.0572  0.0591
  0.0599  0.0651  0.0605  0.0626  0.0592  0.0612
  0.0648  0.0704  0.0662  0.0659  0.0626  0.0640
niter,ni,del,rscale     1    3   12.0000    1.2000
parameters
    0.3832   -6.2312   23.9427    4.4028   -0.6745   -2.0524
eta,q 0.94208 13.81658
  0.0639  0.0720  0.0624  0.0666  0.0611  0.0642
  0.0605  0.0634  0.0638  0.0631  0.0595  0.0613
  0.0593  0.0578  0.0627  0.0579  0.0594  0.0588
  0.0580  0.0579  0.0579  0.0578  0.0579  0.0579
  0.0570  0.0605  0.0566  0.0603  0.0571  0.0591
  0.0598  0.0650  0.0606  0.0626  0.0590  0.0612
  0.0649  0.0703  0.0664  0.0659  0.0624  0.0641
registration optimization eta report
parameter search radius
    6.0000    6.0000    6.0000    6.9000    6.0000    6.0000
100000*second partial in parameter space
       19.       37.       16.       17.       11.       17.
  0.0639  0.0720  0.0624  0.0666  0.0611  0.0642
  0.0605  0.0634  0.0638  0.0631  0.0595  0.0613
  0.0593  0.0578  0.0627  0.0579  0.0594  0.0588
  0.0580  0.0579  0.0579  0.0578  0.0579  0.0579
  0.0570  0.0605  0.0566  0.0603  0.0571  0.0591
  0.0598  0.0650  0.0606  0.0626  0.0590  0.0612
  0.0649  0.0703  0.0664  0.0659  0.0624  0.0641
    0.3832   -6.2312   23.9427    4.4028   -0.6745   -2.0524
eta,q 0.94208 13.81658

---------------------------------------------------------------------
imgreg_4dfp /opt/freesurfer/average/711-2C_as_mni_average_305 /opt/freesurfer/average/711-2B_as_mni_average_305_mask talsrcimg_g11 none talsrcimg_to_711-2C_as_mni_average_305_t4 3335
---------------------------------------------------------------------

freesurfer imgreg_4dfp.c
/opt/freesurfer/average/711-2C_as_mni_average_305.4dfp.img
       256       256       256         1
  1.000000  1.000000  1.000000
orientation T byte_order littleendian
Reading image: /opt/freesurfer/average/711-2C_as_mni_average_305.4dfp.img
dimensions:      256       256       256
mmppix:       1.0000   -1.0000   -1.0000
center:     128.0000 -129.0000 -129.0000
/opt/freesurfer/average/711-2B_as_mni_average_305_mask.4dfp.img
       256       256       256         1
  1.000000  1.000000  1.000000
orientation T byte_order littleendian
Reading mask: /opt/freesurfer/average/711-2B_as_mni_average_305_mask.4dfp.img (2306576 pixels)
talsrcimg_g11.4dfp.img
       256       256       256         1
  0.900000  0.900000  0.900000
orientation T byte_order littleendian
Reading image: talsrcimg_g11.4dfp.img
dimensions:      256       256       256
mmppix:       0.9000   -0.9000   -0.9000
center:     115.2000 -116.1000 -116.1000
fimgreg.f
image alignment mode   3335 decimal      D07 hex
parameters
    0.3832   -6.2312   23.9427   -0.0711   -0.3623   -0.3020
    3.6611    0.8980   -3.5811   -7.7138   -1.1771    7.6762
eta,q 0.94180 13.86987
niter,ni,del,rscale     5    3    5.0000    1.2000
parameter  4  4.401853 ->  0.500000 qaram    1.1500
parameter  5  1.387795 ->  0.500000 qaram    1.1500
parameter  6  0.527280 ->  0.500000 qaram    1.1500
parameters
    0.5641   -5.9265   23.1045   -4.2111   -4.5023   -4.4420
    4.2537    2.4622   -2.7851   -7.9840   -2.0986    9.2156
eta,q 0.95308 13.29805
  0.0604  0.0606  0.0583  0.0481  0.0469  0.0472  0.0496  0.0522  0.0492  0.0496  0.0476  0.0479
  0.0593  0.0593  0.0582  0.0509  0.0479  0.0474  0.0485  0.0501  0.0481  0.0481  0.0472  0.0476
  0.0585  0.0585  0.0582  0.0544  0.0494  0.0476  0.0477  0.0484  0.0474  0.0473  0.0470  0.0472
  0.0582  0.0582  0.0582  0.0582  0.0518  0.0482  0.0474  0.0473  0.0470  0.0470  0.0470  0.0470
  0.0583  0.0583  0.0583  0.0622  0.0546  0.0490  0.0474  0.0470  0.0472  0.0475  0.0472  0.0469
  0.0588  0.0587  0.0587  0.0665  0.0580  0.0519  0.0480  0.0478  0.0476  0.0485  0.0475  0.0471
  0.0598  0.0596  0.0596  0.0708  0.0621  0.0566  0.0490  0.0494  0.0484  0.0499  0.0480  0.0475
niter,ni,del,rscale     7    3    5.0000    1.2000
parameter  3  4.372403 ->  0.500000 qaram    1.1500
parameter  4  1.555893 ->  0.500000 qaram    1.3225
parameter  5  0.777289 ->  0.500000 qaram    1.3225
parameter  6  3.414063 ->  0.500000 qaram    1.3225
parameter 10  1.064150 ->  0.500000 qaram    1.1500
parameter 12-29.282698 ->  0.500000 qaram    1.1500
parameters
    0.7646   -5.5158   21.7245   -8.9721   -9.2633   -9.2030
    4.6243    2.4669   -1.8733  -12.1240   -3.3541    5.0756
eta,q 0.96802 12.91153
  0.0495  0.0495  0.0431  0.0384  0.0383  0.0334  0.0371  0.0387  0.0365  0.0341  0.0349  0.0307
  0.0481  0.0482  0.0444  0.0394  0.0386  0.0347  0.0361  0.0368  0.0358  0.0340  0.0344  0.0317
  0.0472  0.0474  0.0456  0.0415  0.0392  0.0369  0.0355  0.0356  0.0354  0.0344  0.0341  0.0328
  0.0469  0.0469  0.0469  0.0447  0.0399  0.0388  0.0352  0.0352  0.0352  0.0351  0.0341  0.0340
  0.0472  0.0470  0.0484  0.0489  0.0414  0.0389  0.0353  0.0356  0.0352  0.0360  0.0344  0.0351
  0.0478  0.0474  0.0500  0.0531  0.0439  0.0410  0.0358  0.0368  0.0354  0.0369  0.0350  0.0362
  0.0486  0.0482  0.0517  0.0576  0.0469  0.0445  0.0368  0.0387  0.0360  0.0381  0.0358  0.0372
niter,ni,del,rscale     7    3    5.0000    1.2000
parameter  2  1.170909 ->  0.500000 qaram    1.1500
parameter  3  1.787511 ->  0.500000 qaram    1.3225
parameters
    0.9249   -6.8958   20.1375  -12.7206  -12.6993  -10.9672
    3.6293    2.0670   -2.5347  -11.9504   -4.4952    3.4925
eta,q 0.97560 12.85951
  0.0356  0.0298  0.0238  0.0270  0.0268  0.0283  0.0263  0.0278  0.0259  0.0286  0.0251  0.0254
  0.0338  0.0300  0.0252  0.0258  0.0251  0.0266  0.0252  0.0259  0.0250  0.0264  0.0246  0.0249
  0.0325  0.0307  0.0272  0.0252  0.0243  0.0250  0.0246  0.0247  0.0245  0.0250  0.0244  0.0245
  0.0320  0.0320  0.0301  0.0257  0.0252  0.0243  0.0245  0.0245  0.0244  0.0244  0.0244  0.0244
  0.0322  0.0336  0.0338  0.0280  0.0275  0.0261  0.0251  0.0251  0.0248  0.0248  0.0247  0.0247
  0.0332  0.0354  0.0379  0.0321  0.0298  0.0296  0.0261  0.0265  0.0255  0.0262  0.0251  0.0256
  0.0348  0.0374  0.0417  0.0372  0.0330  0.0324  0.0275  0.0285  0.0265  0.0283  0.0257  0.0270
niter,ni,del,rscale     7    3    5.0000    1.2000
parameter  3  0.589073 ->  0.500000 qaram    1.5209
parameters
    1.0440   -6.8945   18.3125  -11.2125  -11.3916  -10.2133
    3.7796    2.5626   -2.1640  -10.8810   -4.4743    2.0070
eta,q 0.97738 12.96434
  0.0276  0.0275  0.0239  0.0283  0.0290  0.0281  0.0253  0.0274  0.0248  0.0282  0.0237  0.0237
  0.0259  0.0259  0.0236  0.0265  0.0267  0.0261  0.0239  0.0248  0.0237  0.0253  0.0230  0.0230
  0.0248  0.0248  0.0237  0.0249  0.0247  0.0244  0.0230  0.0232  0.0230  0.0235  0.0227  0.0227
  0.0244  0.0244  0.0244  0.0236  0.0232  0.0229  0.0227  0.0227  0.0227  0.0227  0.0227  0.0227
  0.0246  0.0248  0.0256  0.0231  0.0231  0.0222  0.0230  0.0231  0.0229  0.0230  0.0228  0.0230
  0.0255  0.0258  0.0274  0.0240  0.0247  0.0232  0.0238  0.0243  0.0235  0.0241  0.0231  0.0238
  0.0270  0.0275  0.0300  0.0267  0.0269  0.0282  0.0251  0.0260  0.0244  0.0258  0.0236  0.0250
niter,ni,del,rscale     7    3    5.0000    1.2000
parameters
    1.0297   -6.6812   17.6113  -11.1506  -11.0186   -9.9879
    3.8091    2.7321   -2.0501  -10.0993   -4.1502    1.3180
eta,q 0.97755 12.98753
  0.0257  0.0265  0.0246  0.0269  0.0279  0.0274  0.0250  0.0267  0.0243  0.0277  0.0235  0.0239
  0.0240  0.0245  0.0233  0.0251  0.0257  0.0254  0.0236  0.0241  0.0233  0.0248  0.0229  0.0231
  0.0229  0.0232  0.0226  0.0236  0.0238  0.0238  0.0227  0.0227  0.0227  0.0230  0.0226  0.0226
  0.0226  0.0226  0.0226  0.0225  0.0225  0.0225  0.0224  0.0224  0.0224  0.0224  0.0225  0.0225
  0.0230  0.0229  0.0233  0.0225  0.0231  0.0219  0.0227  0.0230  0.0226  0.0229  0.0226  0.0228
  0.0241  0.0238  0.0249  0.0243  0.0250  0.0228  0.0236  0.0242  0.0233  0.0241  0.0228  0.0234
  0.0257  0.0255  0.0274  0.0276  0.0274  0.0289  0.0249  0.0260  0.0242  0.0257  0.0233  0.0245
niter,ni,del,rscale     6    3    5.0000    1.2000
parameters
    1.0270   -6.5492   17.4407  -11.1033  -10.9249   -9.9066
    3.8103    2.7419   -2.0432   -9.7355   -4.0578    1.0339
eta,q 0.97754 12.99519
  0.0254  0.0261  0.0253  0.0268  0.0276  0.0273  0.0250  0.0265  0.0242  0.0272  0.0234  0.0241
  0.0238  0.0242  0.0238  0.0250  0.0254  0.0253  0.0236  0.0239  0.0232  0.0244  0.0229  0.0232
  0.0228  0.0229  0.0228  0.0235  0.0235  0.0237  0.0227  0.0226  0.0226  0.0228  0.0226  0.0226
  0.0224  0.0225  0.0225  0.0225  0.0224  0.0224  0.0224  0.0224  0.0224  0.0224  0.0225  0.0225
  0.0228  0.0228  0.0228  0.0224  0.0231  0.0218  0.0228  0.0230  0.0226  0.0231  0.0226  0.0227
  0.0238  0.0238  0.0240  0.0241  0.0251  0.0227  0.0237  0.0242  0.0232  0.0242  0.0229  0.0233
  0.0254  0.0254  0.0261  0.0276  0.0277  0.0293  0.0249  0.0261  0.0241  0.0260  0.0233  0.0244
niter,ni,del,rscale     5    3    5.0000    1.2000
parameters
    1.0261   -6.4878   17.3814  -11.0901  -10.8995   -9.8901
    3.8114    2.7510   -2.0360   -9.5882   -4.0353    0.9171
eta,q 0.97753 12.99708
  0.0254  0.0258  0.0255  0.0268  0.0275  0.0273  0.0250  0.0265  0.0241  0.0269  0.0234  0.0242
  0.0238  0.0240  0.0239  0.0250  0.0254  0.0253  0.0236  0.0239  0.0232  0.0242  0.0229  0.0233
  0.0228  0.0229  0.0229  0.0235  0.0235  0.0236  0.0227  0.0226  0.0226  0.0227  0.0226  0.0227
  0.0225  0.0225  0.0225  0.0225  0.0225  0.0225  0.0224  0.0224  0.0224  0.0224  0.0225  0.0225
  0.0228  0.0228  0.0227  0.0224  0.0232  0.0218  0.0228  0.0230  0.0226  0.0232  0.0226  0.0227
  0.0238  0.0239  0.0238  0.0242  0.0251  0.0227  0.0237  0.0242  0.0232  0.0244  0.0229  0.0233
  0.0254  0.0255  0.0259  0.0277  0.0277  0.0295  0.0250  0.0261  0.0241  0.0262  0.0234  0.0243
niter,ni,del,rscale     4    3    5.0000    1.2000
parameters
    1.0269   -6.4613   17.3609  -11.0821  -10.8944   -9.8825
    3.8098    2.7540   -2.0267   -9.5280   -4.0256    0.8721
eta,q 0.97753 12.99763
  0.0254  0.0258  0.0255  0.0268  0.0275  0.0273  0.0250  0.0265  0.0241  0.0268  0.0234  0.0242
  0.0238  0.0240  0.0240  0.0250  0.0254  0.0253  0.0236  0.0239  0.0232  0.0241  0.0229  0.0233
  0.0228  0.0229  0.0229  0.0235  0.0235  0.0237  0.0227  0.0226  0.0227  0.0227  0.0226  0.0227
  0.0225  0.0225  0.0225  0.0225  0.0225  0.0225  0.0225  0.0225  0.0225  0.0225  0.0225  0.0225
  0.0228  0.0228  0.0227  0.0224  0.0232  0.0218  0.0228  0.0230  0.0227  0.0232  0.0226  0.0227
  0.0238  0.0239  0.0238  0.0242  0.0251  0.0227  0.0237  0.0242  0.0232  0.0244  0.0229  0.0233
  0.0254  0.0256  0.0258  0.0277  0.0278  0.0296  0.0250  0.0261  0.0241  0.0263  0.0234  0.0243
registration optimization eta report
parameter search radius
    2.4000    2.7600    3.6501    9.5220    9.5220    9.5220
    7.2000    7.2000    7.2000    8.2800    7.2000    8.2800
100000*second partial in parameter space
       51.       42.       24.        5.        5.        7.
        5.        7.        3.        6.        2.        3.
  0.0254  0.0258  0.0255  0.0268  0.0275  0.0273  0.0250  0.0265  0.0241  0.0268  0.0234  0.0242
  0.0238  0.0240  0.0240  0.0250  0.0254  0.0253  0.0236  0.0239  0.0232  0.0241  0.0229  0.0233
  0.0228  0.0229  0.0229  0.0235  0.0235  0.0237  0.0227  0.0226  0.0227  0.0227  0.0226  0.0227
  0.0225  0.0225  0.0225  0.0225  0.0225  0.0225  0.0225  0.0225  0.0225  0.0225  0.0225  0.0225
  0.0228  0.0228  0.0227  0.0224  0.0232  0.0218  0.0228  0.0230  0.0227  0.0232  0.0226  0.0227
  0.0238  0.0239  0.0238  0.0242  0.0251  0.0227  0.0237  0.0242  0.0232  0.0244  0.0229  0.0233
  0.0254  0.0256  0.0258  0.0277  0.0278  0.0296  0.0250  0.0261  0.0241  0.0263  0.0234  0.0243
    1.0269   -6.4613   17.3609  -11.0821  -10.8944   -9.8825
    3.8098    2.7540   -2.0267   -9.5280   -4.0256    0.8721
eta,q 0.97753 12.99763

---------------------------------------------------------------------
imgreg_4dfp /opt/freesurfer/average/711-2C_as_mni_average_305 /opt/freesurfer/average/711-2B_as_mni_average_305_mask talsrcimg_g11 none talsrcimg_to_711-2C_as_mni_average_305_t4 2311
---------------------------------------------------------------------

freesurfer imgreg_4dfp.c
/opt/freesurfer/average/711-2C_as_mni_average_305.4dfp.img
       256       256       256         1
  1.000000  1.000000  1.000000
orientation T byte_order littleendian
Reading image: /opt/freesurfer/average/711-2C_as_mni_average_305.4dfp.img
dimensions:      256       256       256
mmppix:       1.0000   -1.0000   -1.0000
center:     128.0000 -129.0000 -129.0000
/opt/freesurfer/average/711-2B_as_mni_average_305_mask.4dfp.img
       256       256       256         1
  1.000000  1.000000  1.000000
orientation T byte_order littleendian
Reading mask: /opt/freesurfer/average/711-2B_as_mni_average_305_mask.4dfp.img (2306576 pixels)
talsrcimg_g11.4dfp.img
       256       256       256         1
  0.900000  0.900000  0.900000
orientation T byte_order littleendian
Reading image: talsrcimg_g11.4dfp.img
dimensions:      256       256       256
mmppix:       0.9000   -0.9000   -0.9000
center:     115.2000 -116.1000 -116.1000
fimgreg.f
image alignment mode   2311 decimal      907 hex
parameters
    1.0269   -6.4613   17.3609  -11.0821  -10.8944   -9.8825
    3.8098    2.7540   -2.0267   -9.5280   -4.0256    0.8721
eta,q 0.97753 12.99764
niter,ni,del,rscale     5    3    5.0000    0.8000
parameter  6 -0.747627 -> -0.500000 qaram    1.1500
parameters
    1.0239   -6.4575   17.5439   -9.7755  -10.8623   -7.1225
    3.9660    2.9166   -1.8602   -9.4649   -3.8276    0.9235
eta,q 0.97825 13.11024
  0.0238  0.0236  0.0232  0.0242  0.0241  0.0244  0.0232  0.0246  0.0226  0.0237  0.0225  0.0227
  0.0231  0.0230  0.0229  0.0235  0.0233  0.0236  0.0224  0.0229  0.0222  0.0225  0.0220  0.0222
  0.0226  0.0226  0.0226  0.0229  0.0226  0.0229  0.0219  0.0219  0.0219  0.0219  0.0218  0.0219
  0.0225  0.0225  0.0225  0.0225  0.0223  0.0223  0.0217  0.0217  0.0217  0.0217  0.0217  0.0217
  0.0226  0.0226  0.0225  0.0223  0.0225  0.0219  0.0219  0.0220  0.0218  0.0220  0.0218  0.0218
  0.0231  0.0230  0.0226  0.0224  0.0232  0.0217  0.0223  0.0227  0.0221  0.0226  0.0220  0.0221
  0.0238  0.0236  0.0230  0.0231  0.0241  0.0219  0.0230  0.0241  0.0225  0.0235  0.0223  0.0227
niter,ni,del,rscale     5    3    5.0000    0.8000
parameters
    0.8708   -6.6143   17.0501   -9.9870  -10.8618   -7.8556
    4.0494    2.8352   -1.9453   -9.4534   -3.5790    1.5418
eta,q 0.97818 13.10913
  0.0230  0.0228  0.0220  0.0233  0.0236  0.0234  0.0232  0.0241  0.0226  0.0235  0.0224  0.0227
  0.0222  0.0221  0.0218  0.0226  0.0227  0.0227  0.0225  0.0226  0.0222  0.0225  0.0221  0.0223
  0.0218  0.0218  0.0217  0.0220  0.0220  0.0221  0.0220  0.0219  0.0219  0.0219  0.0219  0.0220
  0.0217  0.0217  0.0217  0.0217  0.0217  0.0217  0.0218  0.0218  0.0218  0.0218  0.0218  0.0218
  0.0220  0.0220  0.0220  0.0218  0.0219  0.0215  0.0220  0.0221  0.0219  0.0221  0.0219  0.0218
  0.0227  0.0225  0.0225  0.0225  0.0226  0.0227  0.0224  0.0228  0.0222  0.0226  0.0220  0.0220
  0.0236  0.0233  0.0232  0.0240  0.0237  0.0264  0.0231  0.0241  0.0226  0.0234  0.0223  0.0224
niter,ni,del,rscale     4    3    5.0000    0.7000
parameters
    0.8501   -6.5797   17.1967   -9.7166  -10.8463   -7.4594
    4.0556    2.7640   -1.9556   -9.6237   -3.5315    1.4994
eta,q 0.97832 13.12039
  0.0229  0.0228  0.0225  0.0232  0.0233  0.0234  0.0228  0.0236  0.0223  0.0229  0.0222  0.0223
  0.0223  0.0223  0.0222  0.0226  0.0226  0.0228  0.0222  0.0224  0.0220  0.0222  0.0219  0.0220
  0.0219  0.0219  0.0219  0.0221  0.0220  0.0222  0.0218  0.0218  0.0218  0.0217  0.0217  0.0218
  0.0218  0.0218  0.0218  0.0218  0.0218  0.0218  0.0217  0.0217  0.0217  0.0217  0.0217  0.0217
  0.0220  0.0219  0.0218  0.0218  0.0220  0.0215  0.0218  0.0219  0.0218  0.0219  0.0218  0.0217
  0.0224  0.0222  0.0220  0.0222  0.0225  0.0217  0.0222  0.0225  0.0220  0.0224  0.0219  0.0220
  0.0230  0.0227  0.0223  0.0230  0.0234  0.0234  0.0227  0.0236  0.0223  0.0231  0.0221  0.0223
niter,ni,del,rscale     3    3    5.0000    0.6000
parameters
    0.8260   -6.6247   17.1049   -9.6377  -10.8180   -7.1314
    4.1076    2.7975   -1.9910   -9.6030   -3.3714    1.5920
eta,q 0.97839 13.13554
  0.0225  0.0223  0.0221  0.0227  0.0229  0.0229  0.0224  0.0232  0.0221  0.0227  0.0220  0.0221
  0.0221  0.0220  0.0218  0.0223  0.0223  0.0224  0.0220  0.0222  0.0218  0.0220  0.0218  0.0218
  0.0218  0.0217  0.0217  0.0219  0.0219  0.0220  0.0217  0.0217  0.0217  0.0217  0.0216  0.0217
  0.0217  0.0217  0.0217  0.0217  0.0217  0.0217  0.0216  0.0216  0.0216  0.0216  0.0216  0.0216
  0.0218  0.0218  0.0217  0.0217  0.0218  0.0215  0.0217  0.0218  0.0217  0.0218  0.0217  0.0216
  0.0221  0.0220  0.0219  0.0220  0.0222  0.0217  0.0220  0.0222  0.0218  0.0221  0.0218  0.0218
  0.0226  0.0225  0.0222  0.0228  0.0229  0.0230  0.0224  0.0231  0.0221  0.0226  0.0219  0.0221
niter,ni,del,rscale     2    3    5.0000    0.5000
parameters
    0.7898   -6.6518   16.9987   -9.5447  -10.7962   -6.7239
    4.1503    2.8251   -2.0418   -9.6069   -3.1938    1.6465
eta,q 0.97849 13.15025
  0.0222  0.0221  0.0219  0.0224  0.0225  0.0226  0.0221  0.0227  0.0218  0.0223  0.0219  0.0219
  0.0219  0.0218  0.0217  0.0221  0.0221  0.0222  0.0218  0.0220  0.0217  0.0218  0.0217  0.0217
  0.0217  0.0216  0.0216  0.0218  0.0217  0.0219  0.0216  0.0216  0.0215  0.0216  0.0216  0.0216
  0.0216  0.0216  0.0216  0.0216  0.0216  0.0216  0.0215  0.0215  0.0215  0.0215  0.0215  0.0215
  0.0217  0.0217  0.0217  0.0216  0.0217  0.0214  0.0216  0.0216  0.0216  0.0216  0.0215  0.0215
  0.0219  0.0219  0.0218  0.0219  0.0220  0.0216  0.0218  0.0220  0.0217  0.0219  0.0216  0.0217
  0.0223  0.0221  0.0220  0.0224  0.0225  0.0225  0.0221  0.0227  0.0219  0.0222  0.0218  0.0219
niter,ni,del,rscale     1    3    5.0000    0.4000
parameters
    0.7542   -6.6793   16.8900   -9.5194  -10.7781   -6.3658
    4.1875    2.8359   -2.1175   -9.5903   -3.0454    1.6927
eta,q 0.97856 13.16052
  0.0219  0.0218  0.0217  0.0221  0.0221  0.0223  0.0218  0.0223  0.0216  0.0220  0.0217  0.0217
  0.0217  0.0216  0.0216  0.0218  0.0218  0.0220  0.0216  0.0218  0.0215  0.0217  0.0216  0.0216
  0.0215  0.0215  0.0215  0.0216  0.0216  0.0217  0.0215  0.0215  0.0215  0.0215  0.0215  0.0215
  0.0215  0.0215  0.0215  0.0215  0.0215  0.0215  0.0214  0.0214  0.0214  0.0214  0.0214  0.0214
  0.0216  0.0216  0.0216  0.0215  0.0216  0.0214  0.0215  0.0215  0.0215  0.0215  0.0215  0.0215
  0.0217  0.0217  0.0217  0.0217  0.0218  0.0215  0.0216  0.0218  0.0216  0.0217  0.0215  0.0215
  0.0220  0.0219  0.0218  0.0221  0.0221  0.0221  0.0218  0.0223  0.0217  0.0219  0.0216  0.0217
registration optimization eta report
parameter search radius
    0.8000    0.8000    0.8000    2.4000    2.4000    2.7600
    2.4000    2.4000    2.4000    2.4000    2.4000    2.4000
100000*second partial in parameter space
       69.       52.       36.       10.       11.        9.
        7.       15.        4.        9.        4.        4.
  0.0219  0.0218  0.0217  0.0221  0.0221  0.0223  0.0218  0.0223  0.0216  0.0220  0.0217  0.0217
  0.0217  0.0216  0.0216  0.0218  0.0218  0.0220  0.0216  0.0218  0.0215  0.0217  0.0216  0.0216
  0.0215  0.0215  0.0215  0.0216  0.0216  0.0217  0.0215  0.0215  0.0215  0.0215  0.0215  0.0215
  0.0215  0.0215  0.0215  0.0215  0.0215  0.0215  0.0214  0.0214  0.0214  0.0214  0.0214  0.0214
  0.0216  0.0216  0.0216  0.0215  0.0216  0.0214  0.0215  0.0215  0.0215  0.0215  0.0215  0.0215
  0.0217  0.0217  0.0217  0.0217  0.0218  0.0215  0.0216  0.0218  0.0216  0.0217  0.0215  0.0215
  0.0220  0.0219  0.0218  0.0221  0.0221  0.0221  0.0218  0.0223  0.0217  0.0219  0.0216  0.0217
    0.7542   -6.6793   16.8900   -9.5194  -10.7781   -6.3658
    4.1875    2.8359   -2.1175   -9.5903   -3.0454    1.6927
eta,q 0.97856 13.16052

---------------------------------------------------------------------
imgreg_4dfp /opt/freesurfer/average/711-2C_as_mni_average_305 /opt/freesurfer/average/711-2B_as_mni_average_305_mask talsrcimg_g11 none talsrcimg_to_711-2C_as_mni_average_305_t4 2311
---------------------------------------------------------------------

freesurfer imgreg_4dfp.c
/opt/freesurfer/average/711-2C_as_mni_average_305.4dfp.img
       256       256       256         1
  1.000000  1.000000  1.000000
orientation T byte_order littleendian
Reading image: /opt/freesurfer/average/711-2C_as_mni_average_305.4dfp.img
dimensions:      256       256       256
mmppix:       1.0000   -1.0000   -1.0000
center:     128.0000 -129.0000 -129.0000
/opt/freesurfer/average/711-2B_as_mni_average_305_mask.4dfp.img
       256       256       256         1
  1.000000  1.000000  1.000000
orientation T byte_order littleendian
Reading mask: /opt/freesurfer/average/711-2B_as_mni_average_305_mask.4dfp.img (2306576 pixels)
talsrcimg_g11.4dfp.img
       256       256       256         1
  0.900000  0.900000  0.900000
orientation T byte_order littleendian
Reading image: talsrcimg_g11.4dfp.img
dimensions:      256       256       256
mmppix:       0.9000   -0.9000   -0.9000
center:     115.2000 -116.1000 -116.1000
fimgreg.f
image alignment mode   2311 decimal      907 hex
parameters
    0.7542   -6.6793   16.8900   -9.5194  -10.7781   -6.3658
    4.1875    2.8359   -2.1175   -9.5903   -3.0454    1.6927
eta,q 0.97856 13.16052
niter,ni,del,rscale     5    3    5.0000    0.8000
parameters
    0.7434   -6.7108   16.8482  -10.1118  -10.8796   -7.2363
    4.1892    2.7123   -2.1830   -9.4679   -3.1223    1.7919
eta,q 0.97829 13.13067
  0.0233  0.0227  0.0224  0.0231  0.0234  0.0229  0.0231  0.0243  0.0225  0.0236  0.0223  0.0225
  0.0222  0.0220  0.0218  0.0223  0.0225  0.0224  0.0223  0.0226  0.0220  0.0225  0.0219  0.0221
  0.0216  0.0216  0.0215  0.0217  0.0218  0.0219  0.0219  0.0219  0.0218  0.0218  0.0217  0.0218
  0.0214  0.0214  0.0214  0.0214  0.0215  0.0215  0.0217  0.0217  0.0217  0.0217  0.0217  0.0217
  0.0217  0.0216  0.0216  0.0217  0.0217  0.0215  0.0219  0.0220  0.0218  0.0219  0.0218  0.0218
  0.0223  0.0221  0.0219  0.0228  0.0225  0.0229  0.0223  0.0229  0.0221  0.0225  0.0220  0.0220
  0.0233  0.0228  0.0225  0.0246  0.0237  0.0264  0.0231  0.0245  0.0225  0.0233  0.0223  0.0225
niter,ni,del,rscale     4    3    5.0000    0.7000
parameters
    0.7737   -6.6320   17.0220   -9.7563  -10.8301   -7.1140
    4.1782    2.7145   -2.1157   -9.5727   -3.2035    1.6246
eta,q 0.97839 13.13582
  0.0230  0.0228  0.0224  0.0232  0.0232  0.0229  0.0227  0.0238  0.0223  0.0230  0.0221  0.0222
  0.0223  0.0222  0.0221  0.0226  0.0225  0.0224  0.0221  0.0225  0.0219  0.0221  0.0218  0.0219
  0.0218  0.0218  0.0218  0.0220  0.0219  0.0220  0.0217  0.0218  0.0217  0.0217  0.0216  0.0217
  0.0217  0.0217  0.0217  0.0217  0.0216  0.0216  0.0216  0.0216  0.0216  0.0216  0.0216  0.0216
  0.0218  0.0218  0.0217  0.0216  0.0218  0.0214  0.0218  0.0218  0.0217  0.0219  0.0217  0.0217
  0.0222  0.0221  0.0219  0.0220  0.0224  0.0217  0.0221  0.0225  0.0219  0.0223  0.0218  0.0219
  0.0229  0.0225  0.0222  0.0230  0.0232  0.0233  0.0227  0.0237  0.0222  0.0230  0.0221  0.0223
niter,ni,del,rscale     3    3    5.0000    0.6000
parameters
    0.7750   -6.6483   16.9899   -9.6596  -10.8055   -6.7648
    4.1856    2.7762   -2.1088   -9.5501   -3.1378    1.6180
eta,q 0.97847 13.14757
  0.0225  0.0223  0.0220  0.0227  0.0228  0.0226  0.0224  0.0233  0.0220  0.0226  0.0220  0.0220
  0.0220  0.0219  0.0218  0.0222  0.0222  0.0223  0.0219  0.0223  0.0217  0.0220  0.0217  0.0218
  0.0217  0.0217  0.0217  0.0218  0.0218  0.0219  0.0216  0.0217  0.0216  0.0216  0.0216  0.0216
  0.0216  0.0216  0.0216  0.0216  0.0216  0.0216  0.0215  0.0215  0.0215  0.0215  0.0215  0.0215
  0.0217  0.0217  0.0217  0.0216  0.0217  0.0214  0.0216  0.0217  0.0216  0.0217  0.0216  0.0216
  0.0220  0.0219  0.0218  0.0220  0.0222  0.0216  0.0219  0.0222  0.0217  0.0220  0.0217  0.0217
  0.0225  0.0224  0.0221  0.0228  0.0229  0.0226  0.0224  0.0232  0.0220  0.0225  0.0219  0.0220
niter,ni,del,rscale     2    3    5.0000    0.5000
parameters
    0.7514   -6.6715   16.9017   -9.6127  -10.7863   -6.4542
    4.1941    2.8018   -2.1389   -9.5445   -3.0311    1.6610
eta,q 0.97854 13.15724
  0.0222  0.0220  0.0218  0.0224  0.0224  0.0224  0.0221  0.0228  0.0218  0.0223  0.0218  0.0218
  0.0218  0.0217  0.0216  0.0220  0.0220  0.0221  0.0217  0.0220  0.0216  0.0218  0.0216  0.0216
  0.0216  0.0216  0.0215  0.0217  0.0217  0.0218  0.0215  0.0216  0.0215  0.0215  0.0215  0.0215
  0.0215  0.0215  0.0215  0.0215  0.0215  0.0215  0.0215  0.0215  0.0215  0.0215  0.0215  0.0215
  0.0216  0.0216  0.0216  0.0216  0.0216  0.0214  0.0215  0.0216  0.0215  0.0216  0.0215  0.0215
  0.0219  0.0218  0.0217  0.0219  0.0219  0.0216  0.0217  0.0220  0.0216  0.0218  0.0216  0.0216
  0.0222  0.0221  0.0219  0.0224  0.0225  0.0223  0.0221  0.0227  0.0218  0.0222  0.0218  0.0218
niter,ni,del,rscale     1    3    5.0000    0.4000
parameters
    0.7290   -6.6916   16.8349   -9.6011  -10.7786   -6.1633
    4.2022    2.8083   -2.1832   -9.5537   -2.9421    1.6643
eta,q 0.97859 13.16301
  0.0219  0.0218  0.0217  0.0221  0.0221  0.0221  0.0218  0.0224  0.0216  0.0219  0.0217  0.0217
  0.0216  0.0216  0.0215  0.0218  0.0218  0.0219  0.0216  0.0218  0.0215  0.0216  0.0215  0.0215
  0.0215  0.0215  0.0215  0.0216  0.0215  0.0216  0.0215  0.0215  0.0214  0.0215  0.0214  0.0214
  0.0215  0.0215  0.0215  0.0215  0.0215  0.0215  0.0214  0.0214  0.0214  0.0214  0.0214  0.0214
  0.0215  0.0215  0.0215  0.0215  0.0215  0.0214  0.0215  0.0215  0.0214  0.0215  0.0214  0.0214
  0.0217  0.0216  0.0216  0.0217  0.0217  0.0215  0.0216  0.0218  0.0215  0.0217  0.0215  0.0215
  0.0219  0.0218  0.0217  0.0221  0.0221  0.0220  0.0218  0.0223  0.0216  0.0219  0.0216  0.0217
registration optimization eta report
parameter search radius
    0.8000    0.8000    0.8000    2.4000    2.4000    2.4000
    2.4000    2.4000    2.4000    2.4000    2.4000    2.4000
100000*second partial in parameter space
       71.       52.       38.       11.       11.       10.
        7.       16.        4.        9.        4.        4.
  0.0219  0.0218  0.0217  0.0221  0.0221  0.0221  0.0218  0.0224  0.0216  0.0219  0.0217  0.0217
  0.0216  0.0216  0.0215  0.0218  0.0218  0.0219  0.0216  0.0218  0.0215  0.0216  0.0215  0.0215
  0.0215  0.0215  0.0215  0.0216  0.0215  0.0216  0.0215  0.0215  0.0214  0.0215  0.0214  0.0214
  0.0215  0.0215  0.0215  0.0215  0.0215  0.0215  0.0214  0.0214  0.0214  0.0214  0.0214  0.0214
  0.0215  0.0215  0.0215  0.0215  0.0215  0.0214  0.0215  0.0215  0.0214  0.0215  0.0214  0.0214
  0.0217  0.0216  0.0216  0.0217  0.0217  0.0215  0.0216  0.0218  0.0215  0.0217  0.0215  0.0215
  0.0219  0.0218  0.0217  0.0221  0.0221  0.0220  0.0218  0.0223  0.0216  0.0219  0.0216  0.0217
    0.7290   -6.6916   16.8349   -9.6011  -10.7786   -6.1633
    4.2022    2.8083   -2.1832   -9.5537   -2.9421    1.6643
eta,q 0.97859 13.16301

---------------------------------------------------------------------
compute_vox2vox talsrcimg talsrcimg_to_711-2C_as_mni_average_305_t4 /opt/freesurfer/average/711-2C_as_mni_average_305
---------------------------------------------------------------------

freesurfer compute_vox2vox.c
Reading: talsrcimg.4dfp.ifh
Reading: talsrcimg_to_711-2C_as_mni_average_305_t4
Reading: /opt/freesurfer/average/711-2C_as_mni_average_305.4dfp.ifh
Writing: talsrcimg_to_711-2C_as_mni_average_305_t4_vox2vox.txt

start time Thu Mar 12 20:34:09 CET 2026
end		time Thu Mar 12 20:35:39 CET 2026

mpr2mni305 success

avi2talxfm orig_nu.mgz /opt/freesurfer/average/mni305.cor.mgz talsrcimg_to_711-2C_as_mni_average_305_t4_vox2vox.txt transforms/talairach.auto.xfm
avi2talxfm done
mv -f /out/sourcedata/freesurfer/sub-v2s1x29915_ses-1/mri/talsrcimg_to_711-2C_as_mni_average_305_t4_vox2vox.txt /out/sourcedata/freesurfer/sub-v2s1x29915_ses-1/mri/transforms/talsrcimg_to_711-2C_as_mni_average_305_t4_vox2vox.txt
lta_convert --src orig_nu.mgz --trg /opt/freesurfer/average/mni305.cor.mgz --inxfm transforms/talairach.auto.xfm --outlta transforms/talairach.auto.xfm.lta --subject fsaverage
7.3.2

--src: orig_nu.mgz src image (geometry).
--trg: /opt/freesurfer/average/mni305.cor.mgz trg image (geometry).
--inmni: transforms/talairach.auto.xfm input MNI/XFM transform.
--outlta: transforms/talairach.auto.xfm.lta output LTA.
--s: fsaverage subject name
 LTA read, type : 1
 1.10372  -0.03825  -0.05127  -14.67068;
 0.03406   1.06248  -0.02142  -38.38084;
 0.03066   0.11283   1.11726  -3.88828;
 0.00000   0.00000   0.00000   1.00000;
setting subject to fsaverage
Writing  LTA to file transforms/talairach.auto.xfm.lta...
lta_convert successful.
 
 
Started at Thu Mar 12 20:34:09 CET 2026
Ended   at Thu Mar 12 20:35:40 CET 2026
talairach_avi done
