status file for recon-all
Thu Mar 12 22:06:27 CET 2026
#@# Tessellate rh Thu Mar 12 22:06:27 CET 2026
#@# Smooth1 rh Thu Mar 12 22:06:30 CET 2026
#@# Inflation1 rh Thu Mar 12 22:06:33 CET 2026
#@# QSphere rh Thu Mar 12 22:07:53 CET 2026
#@# Fix Topology rh Thu Mar 12 22:09:17 CET 2026
#@# Smooth2 rh Thu Mar 12 22:14:18 CET 2026
#@# Inflation2 rh Thu Mar 12 22:14:21 CET 2026
#@# Curv .H and .K rh Thu Mar 12 22:14:46 CET 2026
#@# Sphere rh Thu Mar 12 22:15:34 CET 2026
#@# Surf Reg rh Thu Mar 12 22:20:26 CET 2026
#@# Jacobian white rh Thu Mar 12 22:28:36 CET 2026
#@# AvgCurv rh Thu Mar 12 22:28:37 CET 2026
#@# Cortical Parc rh Thu Mar 12 22:28:38 CET 2026
#@# white curv rh Thu Mar 12 22:34:56 CET 2026
#@# white area rh Thu Mar 12 22:34:59 CET 2026
#@# pial curv rh Thu Mar 12 22:34:59 CET 2026
#@# pial area rh Thu Mar 12 22:35:01 CET 2026
#@# thickness rh Thu Mar 12 22:35:02 CET 2026
#@# area and vertex vol rh Thu Mar 12 22:35:27 CET 2026
#@# Curvature Stats rh Thu Mar 12 22:35:30 CET 2026
#@# Cortical Parc 2 rh Thu Mar 12 22:35:32 CET 2026
#@# Cortical Parc 3 rh Thu Mar 12 22:35:44 CET 2026
#@# WM/GM Contrast rh Thu Mar 12 22:35:53 CET 2026
recon-all -s sub-v2s1x29906_ses-1 finished without error at Thu Mar 12 22:35:56 CET 2026



#New# invocation of recon-all 



status file for recon-all
Thu Mar 12 22:45:16 CET 2026
#@# white curv rh Thu Mar 12 22:45:16 CET 2026
#@# white area rh Thu Mar 12 22:45:16 CET 2026
#@# pial curv rh Thu Mar 12 22:45:16 CET 2026
#@# pial area rh Thu Mar 12 22:45:16 CET 2026
#@# thickness rh Thu Mar 12 22:45:16 CET 2026
#@# area and vertex vol rh Thu Mar 12 22:45:16 CET 2026
#@# Parcellation Stats rh Thu Mar 12 22:45:16 CET 2026
#@# Parcellation Stats 2 rh Thu Mar 12 22:45:39 CET 2026
#@# Parcellation Stats 3 rh Thu Mar 12 22:45:51 CET 2026
#@# BA_exvivo Labels rh Thu Mar 12 22:46:03 CET 2026
recon-all -s sub-v2s1x29906_ses-1 finished without error at Thu Mar 12 22:48:43 CET 2026
