status file for recon-all
Thu Mar 12 19:52:03 CET 2026
#@# MotionCor Thu Mar 12 19:52:05 CET 2026
#@# Talairach Thu Mar 12 19:52:11 CET 2026
#@# Talairach Failure Detection Thu Mar 12 19:55:00 CET 2026
#@# Nu Intensity Correction Thu Mar 12 19:55:00 CET 2026
#@# Intensity Normalization Thu Mar 12 19:57:47 CET 2026
recon-all -s sub-v2s1x29906_ses-1 finished without error at Thu Mar 12 19:58:51 CET 2026



#New# invocation of recon-all 



status file for recon-all
Thu Mar 12 20:05:29 CET 2026
#@# EM Registration Thu Mar 12 20:05:29 CET 2026
recon-all -s sub-v2s1x29906_ses-1 finished without error at Thu Mar 12 20:08:42 CET 2026



#New# invocation of recon-all 



status file for recon-all
Thu Mar 12 20:08:46 CET 2026
#@# CA Normalize Thu Mar 12 20:08:46 CET 2026
#@# CA Reg Thu Mar 12 20:09:38 CET 2026
#@# SubCort Seg Thu Mar 12 20:57:42 CET 2026
#@# CC Seg Thu Mar 12 21:23:40 CET 2026
#@# Merge ASeg Thu Mar 12 21:24:07 CET 2026
#@# Intensity Normalization2 Thu Mar 12 21:24:07 CET 2026
#@# Mask BFS Thu Mar 12 21:25:44 CET 2026
#@# WM Segmentation Thu Mar 12 21:25:45 CET 2026
#@# Fill Thu Mar 12 21:27:30 CET 2026
recon-all -s sub-v2s1x29906_ses-1 finished without error at Thu Mar 12 21:28:07 CET 2026



#New# invocation of recon-all 



status file for recon-all
Thu Mar 12 22:35:59 CET 2026
#@# white curv lh Thu Mar 12 22:35:59 CET 2026
#@# white area lh Thu Mar 12 22:35:59 CET 2026
#@# pial curv lh Thu Mar 12 22:35:59 CET 2026
#@# pial area lh Thu Mar 12 22:35:59 CET 2026
#@# thickness lh Thu Mar 12 22:35:59 CET 2026
#@# area and vertex vol lh Thu Mar 12 22:36:00 CET 2026
#@# white curv rh Thu Mar 12 22:36:00 CET 2026
#@# white area rh Thu Mar 12 22:36:00 CET 2026
#@# pial curv rh Thu Mar 12 22:36:00 CET 2026
#@# pial area rh Thu Mar 12 22:36:00 CET 2026
#@# thickness rh Thu Mar 12 22:36:00 CET 2026
#@# area and vertex vol rh Thu Mar 12 22:36:00 CET 2026
#@# Cortical ribbon mask Thu Mar 12 22:36:00 CET 2026
recon-all -s sub-v2s1x29906_ses-1 finished without error at Thu Mar 12 22:41:39 CET 2026



#New# invocation of recon-all 



status file for recon-all
Thu Mar 12 22:48:48 CET 2026
#@# white curv lh Thu Mar 12 22:48:48 CET 2026
#@# white area lh Thu Mar 12 22:48:48 CET 2026
#@# pial curv lh Thu Mar 12 22:48:48 CET 2026
#@# pial area lh Thu Mar 12 22:48:48 CET 2026
#@# thickness lh Thu Mar 12 22:48:48 CET 2026
#@# area and vertex vol lh Thu Mar 12 22:48:48 CET 2026
#@# white curv rh Thu Mar 12 22:48:48 CET 2026
#@# white area rh Thu Mar 12 22:48:48 CET 2026
#@# pial curv rh Thu Mar 12 22:48:48 CET 2026
#@# pial area rh Thu Mar 12 22:48:48 CET 2026
#@# thickness rh Thu Mar 12 22:48:48 CET 2026
#@# area and vertex vol rh Thu Mar 12 22:48:48 CET 2026
#@# Curvature Stats lh Thu Mar 12 22:48:48 CET 2026
#@# Curvature Stats rh Thu Mar 12 22:48:50 CET 2026
#@# Relabel Hypointensities Thu Mar 12 22:48:53 CET 2026
#@# APas-to-ASeg Thu Mar 12 22:49:08 CET 2026
#@# AParc-to-ASeg aparc Thu Mar 12 22:49:17 CET 2026
#@# AParc-to-ASeg aparc.a2009s Thu Mar 12 22:50:02 CET 2026
#@# AParc-to-ASeg aparc.DKTatlas Thu Mar 12 22:50:41 CET 2026
#@# WMParc Thu Mar 12 22:51:20 CET 2026
#@# ASeg Stats Thu Mar 12 22:53:27 CET 2026
recon-all -s sub-v2s1x29906_ses-1 finished without error at Thu Mar 12 22:54:00 CET 2026
