/out/sourcedata/freesurfer/sub-v2s1x29897_ses-1/mri
/opt/freesurfer/bin/talairach_avi
--i orig_nu.mgz --xfm transforms/talairach.auto.xfm
talairach_avi 7.3.2
Linux dna071 5.14.0-427.37.1.el9_4.x86_64 #1 SMP PREEMPT_DYNAMIC Fri Sep 13 12:41:50 EDT 2024 x86_64 x86_64 x86_64 GNU/Linux
Thu Mar 12 19:42:13 CET 2026
mri_convert orig_nu.mgz talsrcimg.img 
reading from orig_nu.mgz...
TR=0.00, TE=0.00, TI=0.00, flip angle=0.00
i_ras = (-1, 0, 0)
j_ras = (0, 0, -1)
k_ras = (0, 1, 0)
writing to talsrcimg.img...
Analyze Output Matrix
-0.90000   0.00000   0.00000   126.98692;
 0.00000   0.00000   0.90000  -90.00967;
 0.00000  -0.90000   0.00000   165.23518;
 0.00000   0.00000   0.00000   1.00000;
--------------------
INFO: set hdr.hist.orient to -1
mpr2mni305 talsrcimg
Thu Mar 12 19:42:14 CET 2026
/opt/freesurfer/bin/mpr2mni305 talsrcimg
mpr2mni305 7.3.2
target=711-2C_as_mni_average_305

---------------------------------------------------------------------
analyzeto4dfp talsrcimg -O0 -y
---------------------------------------------------------------------

freesurfer ifh2hdr.c
Thu Mar 12 19:42:14 2026
Writing: talsrcimg.4dfp.hdr
freesurfer analyzeto4dfp.c
Reading: talsrcimg.hdr
header size 348 bytes
hdr.dime.datatype	offset=70	value=2
hdr.dime.bitpix		offset=72	value=8
hdr.hist.orient		offset=252	value=-1
dimensionality     4
dimensions       256       256       256         1
Reading: talsrcimg.img
Writing: talsrcimg.4dfp.img
Writing: talsrcimg.4dfp.ifh
ifh2hdr talsrcimg -r0to233
ori=2

---------------------------------------------------------------------
gauss_4dfp talsrcimg 1.1
---------------------------------------------------------------------

freesurfer gauss_4dfp.c
Reading: talsrcimg.4dfp.img
Writing: talsrcimg_g11.4dfp.img
image dimensions 256 256 256 padded to 288 288 288
processing volume 1freesurfer ifh2hdr.c
Thu Mar 12 19:42:15 2026
Writing: talsrcimg_g11.4dfp.hdr

Writing: talsrcimg_g11.4dfp.ifh
including: talsrcimg.4dfp.img.rec in talsrcimg_g11.4dfp.img.rec

---------------------------------------------------------------------
imgreg_4dfp /opt/freesurfer/average/711-2C_as_mni_average_305 none talsrcimg_g11 none talsrcimg_to_711-2C_as_mni_average_305_t4 4355
---------------------------------------------------------------------

freesurfer imgreg_4dfp.c
/opt/freesurfer/average/711-2C_as_mni_average_305.4dfp.img
       256       256       256         1
  1.000000  1.000000  1.000000
orientation T byte_order littleendian
Reading image: /opt/freesurfer/average/711-2C_as_mni_average_305.4dfp.img
dimensions:      256       256       256
mmppix:       1.0000   -1.0000   -1.0000
center:     128.0000 -129.0000 -129.0000
talsrcimg_g11.4dfp.img
       256       256       256         1
  0.900000  0.900000  0.900000
orientation T byte_order littleendian
Reading image: talsrcimg_g11.4dfp.img
dimensions:      256       256       256
mmppix:       0.9000   -0.9000   -0.9000
center:     115.2000 -116.1000 -116.1000
t4_read: open error in t4_sub.f l:  41 t4_file(1:l)talsrcimg_to_711-2C_as_mni_average_305_t4 
t4_read: transform initialized to I4
rotation matrix determinant  1.000000
image alignment mode   4355 decimal     1103 hex
   -7.5000  -45.0000  -45.0000 6110.0005   18.4197
    0.0000  -45.0000  -45.0000 6132.7158   18.4368
    7.5000  -45.0000  -45.0000 5805.9766   18.4432
   -7.5000  -37.5000  -45.0000 6483.3550   19.5208
    0.0000  -37.5000  -45.0000 6502.1416   19.5423
    7.5000  -37.5000  -45.0000 6156.2134   19.5569
   -7.5000  -30.0000  -45.0000 6845.4609   20.1110
    0.0000  -30.0000  -45.0000 6857.5278   20.1374
    7.5000  -30.0000  -45.0000 6480.7446   20.1606
   -7.5000  -22.5000  -45.0000 7311.0811   20.1316
    0.0000  -22.5000  -45.0000 7316.0161   20.1588
    7.5000  -22.5000  -45.0000 6937.8569   20.1835
   -7.5000  -15.0000  -45.0000 7729.2290   20.1833
    0.0000  -15.0000  -45.0000 7730.5732   20.2038
    7.5000  -15.0000  -45.0000 7340.1172   20.2192
   -7.5000   -7.5000  -45.0000 7803.8164   20.2163
    0.0000   -7.5000  -45.0000 7798.6592   20.2328
    7.5000   -7.5000  -45.0000 7402.4155   20.2398
   -7.5000    0.0000  -45.0000 7847.4341   20.1928
    0.0000    0.0000  -45.0000 7853.1348   20.2115
    7.5000    0.0000  -45.0000 7460.0200   20.2186
   -7.5000    7.5000  -45.0000 7553.2368   20.1363
    0.0000    7.5000  -45.0000 7546.9199   20.1584
    7.5000    7.5000  -45.0000 7174.2446   20.1735
   -7.5000   15.0000  -45.0000 7311.4102   20.1110
    0.0000   15.0000  -45.0000 7283.5757   20.1374
    7.5000   15.0000  -45.0000 6932.3198   20.1606
   -7.5000   22.5000  -45.0000 6701.2222   19.8608
    0.0000   22.5000  -45.0000 6675.7163   19.8877
    7.5000   22.5000  -45.0000 6349.3291   19.9120
   -7.5000   30.0000  -45.0000 6152.0103   19.3807
    0.0000   30.0000  -45.0000 6129.4966   19.4004
    7.5000   30.0000  -45.0000 5820.9639   19.4152
   -7.5000   37.5000  -45.0000 5579.1650   18.8901
    0.0000   37.5000  -45.0000 5550.4111   18.9065
    7.5000   37.5000  -45.0000 5272.6812   18.9144
   -7.5000   45.0000  -45.0000 5069.2046   18.7835
    0.0000   45.0000  -45.0000 5037.3979   18.8006
    7.5000   45.0000  -45.0000 4766.1416   18.8093
   -7.5000  -45.0000  -37.5000 6656.3184   19.2354
    0.0000  -45.0000  -37.5000 6688.7896   19.2466
    7.5000  -45.0000  -37.5000 6328.7798   19.2450
   -7.5000  -37.5000  -37.5000 7039.0889   20.3886
    0.0000  -37.5000  -37.5000 7075.9995   20.4038
    7.5000  -37.5000  -37.5000 6697.2666   20.4136
   -7.5000  -30.0000  -37.5000 7432.3008   20.9613
    0.0000  -30.0000  -37.5000 7462.7539   20.9837
    7.5000  -30.0000  -37.5000 7061.9175   21.0030
   -7.5000  -22.5000  -37.5000 7924.0806   20.9809
    0.0000  -22.5000  -37.5000 7939.7471   21.0059
    7.5000  -22.5000  -37.5000 7503.5815   21.0235
   -7.5000  -15.0000  -37.5000 8362.2080   21.0430
    0.0000  -15.0000  -37.5000 8380.5967   21.0618
    7.5000  -15.0000  -37.5000 7934.2222   21.0658
   -7.5000   -7.5000  -37.5000 8432.8691   21.0844
    0.0000   -7.5000  -37.5000 8448.4424   21.0978
    7.5000   -7.5000  -37.5000 7997.8013   21.0927
   -7.5000    0.0000  -37.5000 8481.5449   21.0601
    0.0000    0.0000  -37.5000 8491.5840   21.0724
    7.5000    0.0000  -37.5000 8038.8608   21.0706
   -7.5000    7.5000  -37.5000 8141.7485   20.9943
    0.0000    7.5000  -37.5000 8119.6548   21.0100
    7.5000    7.5000  -37.5000 7698.6660   21.0202
   -7.5000   15.0000  -37.5000 7879.3008   20.9603
    0.0000   15.0000  -37.5000 7832.6147   20.9828
    7.5000   15.0000  -37.5000 7428.8936   21.0020
   -7.5000   22.5000  -37.5000 7186.4141   20.7004
    0.0000   22.5000  -37.5000 7138.9019   20.7251
    7.5000   22.5000  -37.5000 6769.3130   20.7424
   -7.5000   30.0000  -37.5000 6565.5576   20.2206
    0.0000   30.0000  -37.5000 6526.4663   20.2387
    7.5000   30.0000  -37.5000 6191.5342   20.2425
   -7.5000   37.5000  -37.5000 5950.7041   19.7188
    0.0000   37.5000  -37.5000 5906.5693   19.7322
    7.5000   37.5000  -37.5000 5609.0811   19.7282
   -7.5000   45.0000  -37.5000 5385.3726   19.5695
    0.0000   45.0000  -37.5000 5343.8247   19.5828
    7.5000   45.0000  -37.5000 5055.3677   19.5849
   -7.5000  -45.0000  -30.0000 7162.7925   19.9891
    0.0000  -45.0000  -30.0000 7196.9443   20.0113
    7.5000  -45.0000  -30.0000 6822.9155   20.0080
   -7.5000  -37.5000  -30.0000 7565.5034   21.2012
    0.0000  -37.5000  -30.0000 7605.9927   21.2231
    7.5000  -37.5000  -30.0000 7202.0122   21.2251
   -7.5000  -30.0000  -30.0000 7985.0405   21.7711
    0.0000  -30.0000  -30.0000 8021.8203   21.8001
    7.5000  -30.0000  -30.0000 7585.9966   21.8072
   -7.5000  -22.5000  -30.0000 8501.6758   21.7916
    0.0000  -22.5000  -30.0000 8533.4854   21.8275
    7.5000  -22.5000  -30.0000 8051.1978   21.8339
   -7.5000  -15.0000  -30.0000 8973.1152   21.8492
    0.0000  -15.0000  -30.0000 9021.9307   21.8838
    7.5000  -15.0000  -30.0000 8510.8955   21.8815
   -7.5000   -7.5000  -30.0000 9021.1348   21.8868
    0.0000   -7.5000  -30.0000 9068.4600   21.9169
    7.5000   -7.5000  -30.0000 8563.2178   21.9102
   -7.5000    0.0000  -30.0000 9062.8496   21.8626
    0.0000    0.0000  -30.0000 9103.7227   21.8869
    7.5000    0.0000  -30.0000 8614.4033   21.8833
   -7.5000    7.5000  -30.0000 8668.7529   21.7981
    0.0000    7.5000  -30.0000 8671.6768   21.8206
    7.5000    7.5000  -30.0000 8222.6611   21.8226
   -7.5000   15.0000  -30.0000 8388.1660   21.7681
    0.0000   15.0000  -30.0000 8364.3818   21.7971
    7.5000   15.0000  -30.0000 7917.7983   21.8043
   -7.5000   22.5000  -30.0000 7638.8145   21.5012
    0.0000   22.5000  -30.0000 7602.0977   21.5366
    7.5000   22.5000  -30.0000 7193.6660   21.5429
   -7.5000   30.0000  -30.0000 6944.5825   21.0106
    0.0000   30.0000  -30.0000 6918.2710   21.0439
    7.5000   30.0000  -30.0000 6549.0132   21.0416
   -7.5000   37.5000  -30.0000 6275.7271   20.5020
    0.0000   37.5000  -30.0000 6244.6309   20.5304
    7.5000   37.5000  -30.0000 5919.2153   20.5248
   -7.5000   45.0000  -30.0000 5659.7676   20.3386
    0.0000   45.0000  -30.0000 5621.1182   20.3659
    7.5000   45.0000  -30.0000 5328.0923   20.3662
   -7.5000  -45.0000  -22.5000 7715.6045   20.8360
    0.0000  -45.0000  -22.5000 7746.4512   20.8761
    7.5000  -45.0000  -22.5000 7370.1606   20.8781
   -7.5000  -37.5000  -22.5000 8146.8071   22.1244
    0.0000  -37.5000  -22.5000 8185.5420   22.1610
    7.5000  -37.5000  -22.5000 7764.4727   22.1599
   -7.5000  -30.0000  -22.5000 8609.0410   22.7110
    0.0000  -30.0000  -22.5000 8647.9062   22.7518
    7.5000  -30.0000  -22.5000 8188.3691   22.7500
   -7.5000  -22.5000  -22.5000 9160.7012   22.7387
    0.0000  -22.5000  -22.5000 9224.5000   22.7879
    7.5000  -22.5000  -22.5000 8690.1484   22.7868
   -7.5000  -15.0000  -22.5000 9661.8057   22.7823
    0.0000  -15.0000  -22.5000 9746.9521   22.8338
    7.5000  -15.0000  -22.5000 9189.6602   22.8312
   -7.5000   -7.5000  -22.5000 9707.7627   22.8043
    0.0000   -7.5000  -22.5000 9789.8691   22.8540
    7.5000   -7.5000  -22.5000 9240.0811   22.8536
   -7.5000    0.0000  -22.5000 9704.2139   22.7759
    0.0000    0.0000  -22.5000 9793.8730   22.8197
    7.5000    0.0000  -22.5000 9248.8896   22.8219
   -7.5000    7.5000  -22.5000 9249.9961   22.7189
    0.0000    7.5000  -22.5000 9308.0117   22.7565
    7.5000    7.5000  -22.5000 8790.2959   22.7554
   -7.5000   15.0000  -22.5000 8934.4961   22.7055
    0.0000   15.0000  -22.5000 8971.8838   22.7464
    7.5000   15.0000  -22.5000 8480.6289   22.7445
   -7.5000   22.5000  -22.5000 8133.0562   22.4378
    0.0000   22.5000  -22.5000 8152.0825   22.4864
    7.5000   22.5000  -22.5000 7710.4683   22.4853
   -7.5000   30.0000  -22.5000 7394.8677   21.9240
    0.0000   30.0000  -22.5000 7400.0601   21.9736
    7.5000   30.0000  -22.5000 6991.1099   21.9710
   -7.5000   37.5000  -22.5000 6652.6919   21.3939
    0.0000   37.5000  -22.5000 6649.4976   21.4406
    7.5000   37.5000  -22.5000 6281.1543   21.4413
   -7.5000   45.0000  -22.5000 5976.1924   21.2497
    0.0000   45.0000  -22.5000 5954.8882   21.2962
    7.5000   45.0000  -22.5000 5643.0493   21.3007
   -7.5000  -45.0000  -15.0000 8303.8174   21.5942
    0.0000  -45.0000  -15.0000 8337.4951   21.6423
    7.5000  -45.0000  -15.0000 7933.2451   21.6526
   -7.5000  -37.5000  -15.0000 8765.3857   22.9347
    0.0000  -37.5000  -15.0000 8807.8057   22.9815
    7.5000  -37.5000  -15.0000 8353.0381   22.9878
   -7.5000  -30.0000  -15.0000 9265.7520   23.5310
    0.0000  -30.0000  -15.0000 9312.4209   23.5792
    7.5000  -30.0000  -15.0000 8815.2500   23.5841
   -7.5000  -22.5000  -15.0000 9843.4854   23.5629
    0.0000  -22.5000  -15.0000 9919.1992   23.6151
    7.5000  -22.5000  -15.0000 9366.0508   23.6216
   -7.5000  -15.0000  -15.000010362.8281   23.5981
    0.0000  -15.0000  -15.000010467.4492   23.6501
    7.5000  -15.0000  -15.0000 9887.6904   23.6567
   -7.5000   -7.5000  -15.000010385.9268   23.6116
    0.0000   -7.5000  -15.000010513.0693   23.6639
    7.5000   -7.5000  -15.0000 9921.1201   23.6735
   -7.5000    0.0000  -15.000010396.8799   23.5818
    0.0000    0.0000  -15.000010507.7061   23.6342
    7.5000    0.0000  -15.0000 9925.7480   23.6455
   -7.5000    7.5000  -15.0000 9873.0352   23.5281
    0.0000    7.5000  -15.0000 9961.9531   23.5762
    7.5000    7.5000  -15.0000 9393.3350   23.5827
   -7.5000   15.0000  -15.0000 9533.5498   23.5238
    0.0000   15.0000  -15.0000 9608.1953   23.5719
    7.5000   15.0000  -15.0000 9058.0742   23.5768
   -7.5000   22.5000  -15.0000 8670.3760   23.2547
    0.0000   22.5000  -15.0000 8731.2812   23.3062
    7.5000   22.5000  -15.0000 8239.4902   23.3126
   -7.5000   30.0000  -15.0000 7838.9741   22.7262
    0.0000   30.0000  -15.0000 7869.7241   22.7762
    7.5000   30.0000  -15.0000 7434.8672   22.7826
   -7.5000   37.5000  -15.0000 7026.7759   22.1814
    0.0000   37.5000  -15.0000 7039.1206   22.2310
    7.5000   37.5000  -15.0000 6665.5898   22.2418
   -7.5000   45.0000  -15.0000 6333.9570   22.0672
    0.0000   45.0000  -15.0000 6307.9932   22.1190
    7.5000   45.0000  -15.0000 5988.1353   22.1301
   -7.5000  -45.0000   -7.5000 8651.6582   21.5937
    0.0000  -45.0000   -7.5000 8677.6699   21.6322
    7.5000  -45.0000   -7.5000 8246.7080   21.6460
   -7.5000  -37.5000   -7.5000 9132.2207   22.9288
    0.0000  -37.5000   -7.5000 9164.1514   22.9698
    7.5000  -37.5000   -7.5000 8692.3115   22.9855
   -7.5000  -30.0000   -7.5000 9638.3115   23.5198
    0.0000  -30.0000   -7.5000 9670.1777   23.5626
    7.5000  -30.0000   -7.5000 9175.5850   23.5820
   -7.5000  -22.5000   -7.500010218.9473   23.5511
    0.0000  -22.5000   -7.500010268.9287   23.5949
    7.5000  -22.5000   -7.5000 9740.7021   23.6168
   -7.5000  -15.0000   -7.500010741.4229   23.5930
    0.0000  -15.0000   -7.500010835.7930   23.6324
    7.5000  -15.0000   -7.500010263.6719   23.6504
   -7.5000   -7.5000   -7.500010771.5664   23.6120
    0.0000   -7.5000   -7.500010878.0625   23.6504
    7.5000   -7.5000   -7.500010288.6592   23.6653
   -7.5000    0.0000   -7.500010788.7188   23.5812
    0.0000    0.0000   -7.500010873.6396   23.6232
    7.5000    0.0000   -7.500010277.0693   23.6383
   -7.5000    7.5000   -7.500010206.6025   23.5221
    0.0000    7.5000   -7.500010275.6572   23.5642
    7.5000    7.5000   -7.5000 9694.4629   23.5803
   -7.5000   15.0000   -7.5000 9833.1494   23.5125
    0.0000   15.0000   -7.5000 9876.6475   23.5554
    7.5000   15.0000   -7.5000 9309.6260   23.5748
   -7.5000   22.5000   -7.5000 8921.9121   23.2430
    0.0000   22.5000   -7.5000 8986.5303   23.2863
    7.5000   22.5000   -7.5000 8469.7295   23.3079
   -7.5000   30.0000   -7.5000 8045.6763   22.7213
    0.0000   30.0000   -7.5000 8096.9434   22.7591
    7.5000   30.0000   -7.5000 7640.5679   22.7765
   -7.5000   37.5000   -7.5000 7213.6704   22.1787
    0.0000   37.5000   -7.5000 7236.0386   22.2157
    7.5000   37.5000   -7.5000 6834.9199   22.2317
   -7.5000   45.0000   -7.5000 6472.0122   22.0670
    0.0000   45.0000   -7.5000 6469.8613   22.1061
    7.5000   45.0000   -7.5000 6140.1787   22.1206
   -7.5000  -45.0000    0.0000 8792.2061   22.1165
    0.0000  -45.0000    0.0000 8820.8555   22.1370
    7.5000  -45.0000    0.0000 8389.6816   22.1451
   -7.5000  -37.5000    0.0000 9314.8906   23.4606
    0.0000  -37.5000    0.0000 9341.3154   23.4863
    7.5000  -37.5000    0.0000 8875.0840   23.5051
   -7.5000  -30.0000    0.0000 9830.8965   24.0327
    0.0000  -30.0000    0.0000 9889.3662   24.0638
    7.5000  -30.0000    0.0000 9379.4697   24.0929
   -7.5000  -22.5000    0.000010376.1338   24.0605
    0.0000  -22.5000    0.000010427.7520   24.0924
    7.5000  -22.5000    0.0000 9935.4531   24.1224
   -7.5000  -15.0000    0.000010898.4443   24.1228
    0.0000  -15.0000    0.000010969.0361   24.1468
    7.5000  -15.0000    0.000010443.6406   24.1649
   -7.5000   -7.5000    0.000010930.9199   24.1596
    0.0000   -7.5000    0.000010987.2949   24.1791
    7.5000   -7.5000    0.000010432.5000   24.1871
   -7.5000    0.0000    0.000010916.7676   24.1282
    0.0000    0.0000    0.000010944.5215   24.1506
    7.5000    0.0000    0.000010394.2803   24.1595
   -7.5000    7.5000    0.000010275.3262   24.0519
    0.0000    7.5000    0.000010287.9844   24.0782
    7.5000    7.5000    0.0000 9758.4678   24.0975
   -7.5000   15.0000    0.0000 9887.3027   24.0242
    0.0000   15.0000    0.0000 9884.8779   24.0553
    7.5000   15.0000    0.0000 9358.7627   24.0844
   -7.5000   22.5000    0.0000 8981.1611   23.7491
    0.0000   22.5000    0.0000 9008.9648   23.7806
    7.5000   22.5000    0.0000 8523.4600   23.8102
   -7.5000   30.0000    0.0000 8134.8081   23.2455
    0.0000   30.0000    0.0000 8167.3506   23.2686
    7.5000   30.0000    0.0000 7714.4521   23.2860
   -7.5000   37.5000    0.0000 7283.6016   22.7203
    0.0000   37.5000    0.0000 7308.1626   22.7398
    7.5000   37.5000    0.0000 6910.9453   22.7489
   -7.5000   45.0000    0.0000 6513.5708   22.6101
    0.0000   45.0000    0.0000 6509.5591   22.6306
    7.5000   45.0000    0.0000 6176.0015   22.6416
   -7.5000  -45.0000    7.5000 8608.8242   22.0997
    0.0000  -45.0000    7.5000 8632.0225   22.1128
    7.5000  -45.0000    7.5000 8199.3809   22.1113
   -7.5000  -37.5000    7.5000 9156.5850   23.4356
    0.0000  -37.5000    7.5000 9197.4336   23.4533
    7.5000  -37.5000    7.5000 8695.3545   23.4649
   -7.5000  -30.0000    7.5000 9666.3857   23.9942
    0.0000  -30.0000    7.5000 9678.0518   24.0201
    7.5000  -30.0000    7.5000 9205.6484   24.0428
   -7.5000  -22.5000    7.500010077.4863   24.0161
    0.0000  -22.5000    7.500010041.6465   24.0451
    7.5000  -22.5000    7.5000 9658.9316   24.0661
   -7.5000  -15.0000    7.500010578.2871   24.0882
    0.0000  -15.0000    7.500010570.8369   24.1102
    7.5000  -15.0000    7.500010116.1934   24.1158
   -7.5000   -7.5000    7.500010643.6768   24.1370
    0.0000   -7.5000    7.500010630.4482   24.1529
    7.5000   -7.5000    7.500010136.7676   24.1478
   -7.5000    0.0000    7.500010611.1426   24.1099
    0.0000    0.0000    7.500010582.0889   24.1242
    7.5000    0.0000    7.500010101.3301   24.1226
   -7.5000    7.5000    7.5000 9933.5283   24.0262
    0.0000    7.5000    7.5000 9895.6914   24.0443
    7.5000    7.5000    7.5000 9453.0410   24.0562
   -7.5000   15.0000    7.5000 9522.2656   23.9858
    0.0000   15.0000    7.5000 9498.9756   24.0116
    7.5000   15.0000    7.5000 9073.4785   24.0343
   -7.5000   22.5000    7.5000 8677.2012   23.7053
    0.0000   22.5000    7.5000 8684.8857   23.7339
    7.5000   22.5000    7.5000 8283.7061   23.7547
   -7.5000   30.0000    7.5000 7912.0459   23.2121
    0.0000   30.0000    7.5000 7916.2134   23.2333
    7.5000   30.0000    7.5000 7519.7959   23.2388
   -7.5000   37.5000    7.5000 7088.7407   22.7024
    0.0000   37.5000    7.5000 7091.4331   22.7182
    7.5000   37.5000    7.5000 6728.1099   22.7144
   -7.5000   45.0000    7.5000 6327.0356   22.5807
    0.0000   45.0000    7.5000 6317.5161   22.5963
    7.5000   45.0000    7.5000 5995.7954   22.5991
   -7.5000  -45.0000   15.0000 8654.0146   22.1070
    0.0000  -45.0000   15.0000 8672.7686   22.1315
    7.5000  -45.0000   15.0000 8205.5020   22.1277
   -7.5000  -37.5000   15.0000 9168.3682   23.4502
    0.0000  -37.5000   15.0000 9161.3379   23.4744
    7.5000  -37.5000   15.0000 8656.0146   23.4767
   -7.5000  -30.0000   15.0000 9619.6016   24.0166
    0.0000  -30.0000   15.0000 9553.6807   24.0486
    7.5000  -30.0000   15.0000 9108.5752   24.0568
   -7.5000  -22.5000   15.0000 9998.2725   24.0393
    0.0000  -22.5000   15.0000 9898.9258   24.0791
    7.5000  -22.5000   15.0000 9574.2402   24.0863
   -7.5000  -15.0000   15.000010477.4990   24.1030
    0.0000  -15.0000   15.000010407.8828   24.1413
    7.5000  -15.0000   15.000010065.3711   24.1387
   -7.5000   -7.5000   15.000010563.0400   24.1447
    0.0000   -7.5000   15.000010501.9512   24.1778
    7.5000   -7.5000   15.000010130.1943   24.1703
   -7.5000    0.0000   15.000010571.8232   24.1179
    0.0000    0.0000   15.000010510.7393   24.1445
    7.5000    0.0000   15.000010132.2139   24.1404
   -7.5000    7.5000   15.0000 9928.2031   24.0412
    0.0000    7.5000   15.0000 9854.7344   24.0660
    7.5000    7.5000   15.0000 9459.0088   24.0683
   -7.5000   15.0000   15.0000 9531.4404   24.0080
    0.0000   15.0000   15.0000 9500.1436   24.0401
    7.5000   15.0000   15.0000 9085.6445   24.0483
   -7.5000   22.5000   15.0000 8721.2109   23.7282
    0.0000   22.5000   15.0000 8703.5098   23.7674
    7.5000   22.5000   15.0000 8285.0596   23.7745
   -7.5000   30.0000   15.0000 7952.1807   23.2264
    0.0000   30.0000   15.0000 7923.3828   23.2633
    7.5000   30.0000   15.0000 7522.4756   23.2608
   -7.5000   37.5000   15.0000 7126.2241   22.7131
    0.0000   37.5000   15.0000 7088.3750   22.7444
    7.5000   37.5000   15.0000 6721.9287   22.7381
   -7.5000   45.0000   15.0000 6355.2261   22.5884
    0.0000   45.0000   15.0000 6319.5698   22.6185
    7.5000   45.0000   15.0000 6001.6592   22.6188
   -7.5000  -45.0000   22.5000 8194.1953   22.1601
    0.0000  -45.0000   22.5000 8212.6162   22.2025
    7.5000  -45.0000   22.5000 7796.6006   22.2046
   -7.5000  -37.5000   22.5000 8627.1318   23.5195
    0.0000  -37.5000   22.5000 8618.2861   23.5582
    7.5000  -37.5000   22.5000 8194.3594   23.5570
   -7.5000  -30.0000   22.5000 9076.1621   24.1060
    0.0000  -30.0000   22.5000 9023.9551   24.1492
    7.5000  -30.0000   22.5000 8629.3838   24.1471
   -7.5000  -22.5000   22.5000 9595.9795   24.1351
    0.0000  -22.5000   22.5000 9541.2578   24.1872
    7.5000  -22.5000   22.5000 9166.6631   24.1860
   -7.5000  -15.0000   22.500010132.4922   24.1818
    0.0000  -15.0000   22.500010071.2354   24.2363
    7.5000  -15.0000   22.5000 9703.8760   24.2333
   -7.5000   -7.5000   22.500010196.4131   24.2057
    0.0000   -7.5000   22.500010120.7061   24.2582
    7.5000   -7.5000   22.5000 9743.6758   24.2577
   -7.5000    0.0000   22.500010180.3594   24.1758
    0.0000    0.0000   22.500010116.3115   24.2221
    7.5000    0.0000   22.5000 9705.7510   24.2243
   -7.5000    7.5000   22.5000 9496.8975   24.1122
    0.0000    7.5000   22.5000 9431.7031   24.1519
    7.5000    7.5000   22.5000 9016.1230   24.1507
   -7.5000   15.0000   22.5000 9111.8281   24.0975
    0.0000   15.0000   22.5000 9070.0947   24.1406
    7.5000   15.0000   22.5000 8648.4619   24.1386
   -7.5000   22.5000   22.5000 8318.9023   23.8228
    0.0000   22.5000   22.5000 8285.5059   23.8742
    7.5000   22.5000   22.5000 7879.7617   23.8730
   -7.5000   30.0000   22.5000 7543.0879   23.3023
    0.0000   30.0000   22.5000 7504.9106   23.3548
    7.5000   30.0000   22.5000 7126.1924   23.3520
   -7.5000   37.5000   22.5000 6767.5815   22.7708
    0.0000   37.5000   22.5000 6726.8350   22.8203
    7.5000   37.5000   22.5000 6378.5054   22.8209
   -7.5000   45.0000   22.5000 6059.2812   22.6556
    0.0000   45.0000   22.5000 6002.1436   22.7049
    7.5000   45.0000   22.5000 5697.6509   22.7096
   -7.5000  -45.0000   30.0000 7704.2690   22.2542
    0.0000  -45.0000   30.0000 7738.5518   22.3042
    7.5000  -45.0000   30.0000 7357.4917   22.3153
   -7.5000  -37.5000   30.0000 8134.7139   23.6362
    0.0000  -37.5000   30.0000 8139.4883   23.6848
    7.5000  -37.5000   30.0000 7733.0068   23.6921
   -7.5000  -30.0000   30.0000 8622.1484   24.2387
    0.0000  -30.0000   30.0000 8597.0332   24.2888
    7.5000  -30.0000   30.0000 8167.4048   24.2951
   -7.5000  -22.5000   30.0000 9182.7910   24.2708
    0.0000  -22.5000   30.0000 9144.1016   24.3254
    7.5000  -22.5000   30.0000 8689.2324   24.3332
   -7.5000  -15.0000   30.0000 9692.1260   24.3079
    0.0000  -15.0000   30.0000 9647.7412   24.3623
    7.5000  -15.0000   30.0000 9167.1846   24.3699
   -7.5000   -7.5000   30.0000 9728.0342   24.3233
    0.0000   -7.5000   30.0000 9685.1240   24.3780
    7.5000   -7.5000   30.0000 9187.8750   24.3883
   -7.5000    0.0000   30.0000 9679.3115   24.2933
    0.0000    0.0000   30.0000 9641.4736   24.3479
    7.5000    0.0000   30.0000 9157.9736   24.3600
   -7.5000    7.5000   30.0000 8980.5576   24.2360
    0.0000    7.5000   30.0000 8949.5928   24.2858
    7.5000    7.5000   30.0000 8513.1084   24.2933
   -7.5000   15.0000   30.0000 8599.4014   24.2301
    0.0000   15.0000   30.0000 8565.8340   24.2801
    7.5000   15.0000   30.0000 8151.8901   24.2864
   -7.5000   22.5000   30.0000 7828.3809   23.9546
    0.0000   22.5000   30.0000 7795.7891   24.0085
    7.5000   22.5000   30.0000 7414.1465   24.0162
   -7.5000   30.0000   30.0000 7072.3252   23.4345
    0.0000   30.0000   30.0000 7031.1763   23.4871
    7.5000   30.0000   30.0000 6680.1484   23.4943
   -7.5000   37.5000   30.0000 6329.2227   22.9003
    0.0000   37.5000   30.0000 6286.9951   22.9523
    7.5000   37.5000   30.0000 5955.4463   22.9638
   -7.5000   45.0000   30.0000 5680.9263   22.8179
    0.0000   45.0000   30.0000 5618.0742   22.8721
    7.5000   45.0000   30.0000 5317.3530   22.8841
   -7.5000  -45.0000   37.5000 7238.1206   22.3223
    0.0000  -45.0000   37.5000 7302.9634   22.3594
    7.5000  -45.0000   37.5000 6907.0957   22.3766
   -7.5000  -37.5000   37.5000 7643.4756   23.7055
    0.0000  -37.5000   37.5000 7701.7935   23.7452
    7.5000  -37.5000   37.5000 7267.7271   23.7652
   -7.5000  -30.0000   37.5000 8088.3184   24.2875
    0.0000  -30.0000   37.5000 8121.2222   24.3285
    7.5000  -30.0000   37.5000 7666.7520   24.3525
   -7.5000  -22.5000   37.5000 8580.0693   24.3194
    0.0000  -22.5000   37.5000 8595.6670   24.3611
    7.5000  -22.5000   37.5000 8125.2495   24.3870
   -7.5000  -15.0000   37.5000 9035.2471   24.3662
    0.0000  -15.0000   37.5000 9051.0928   24.4028
    7.5000  -15.0000   37.5000 8552.2803   24.4241
   -7.5000   -7.5000   37.5000 9080.4824   24.3898
    0.0000   -7.5000   37.5000 9084.7695   24.4258
    7.5000   -7.5000   37.5000 8586.4727   24.4439
   -7.5000    0.0000   37.5000 9073.3242   24.3584
    0.0000    0.0000   37.5000 9060.0596   24.3988
    7.5000    0.0000   37.5000 8574.8467   24.4177
   -7.5000    7.5000   37.5000 8437.0664   24.2920
    0.0000    7.5000   37.5000 8428.2207   24.3326
    7.5000    7.5000   37.5000 7983.6372   24.3531
   -7.5000   15.0000   37.5000 8076.0024   24.2786
    0.0000   15.0000   37.5000 8055.8818   24.3197
    7.5000   15.0000   37.5000 7647.8145   24.3437
   -7.5000   22.5000   37.5000 7342.9404   23.9984
    0.0000   22.5000   37.5000 7333.7383   24.0395
    7.5000   22.5000   37.5000 6950.2095   24.0651
   -7.5000   30.0000   37.5000 6630.0869   23.4906
    0.0000   30.0000   37.5000 6610.3350   23.5259
    7.5000   30.0000   37.5000 6258.8296   23.5464
   -7.5000   37.5000   37.5000 5917.4688   22.9625
    0.0000   37.5000   37.5000 5887.3926   22.9974
    7.5000   37.5000   37.5000 5575.0962   23.0166
   -7.5000   45.0000   37.5000 5289.8159   22.8955
    0.0000   45.0000   37.5000 5259.8384   22.9331
    7.5000   45.0000   37.5000 4976.3140   22.9515
   -7.5000  -45.0000   45.0000 6753.5327   22.5502
    0.0000  -45.0000   45.0000 6820.6440   22.5724
    7.5000  -45.0000   45.0000 6462.7095   22.5808
   -7.5000  -37.5000   45.0000 7102.4683   23.9324
    0.0000  -37.5000   45.0000 7172.7261   23.9606
    7.5000  -37.5000   45.0000 6792.2769   23.9807
   -7.5000  -30.0000   45.0000 7497.2529   24.4736
    0.0000  -30.0000   45.0000 7551.2563   24.5057
    7.5000  -30.0000   45.0000 7147.1006   24.5356
   -7.5000  -22.5000   45.0000 7942.2485   24.4982
    0.0000  -22.5000   45.0000 7984.8604   24.5290
    7.5000  -22.5000   45.0000 7558.7305   24.5583
   -7.5000  -15.0000   45.0000 8363.6631   24.5674
    0.0000  -15.0000   45.0000 8388.7119   24.5891
    7.5000  -15.0000   45.0000 7936.4277   24.6054
   -7.5000   -7.5000   45.0000 8434.7197   24.6144
    0.0000   -7.5000   45.0000 8444.4121   24.6330
    7.5000   -7.5000   45.0000 7992.3921   24.6395
   -7.5000    0.0000   45.0000 8441.9932   24.5859
    0.0000    0.0000   45.0000 8448.6094   24.6101
    7.5000    0.0000   45.0000 8012.7612   24.6193
   -7.5000    7.5000   45.0000 7861.2568   24.5009
    0.0000    7.5000   45.0000 7852.1831   24.5298
    7.5000    7.5000   45.0000 7455.2280   24.5504
   -7.5000   15.0000   45.0000 7530.1646   24.4645
    0.0000   15.0000   45.0000 7521.7046   24.4965
    7.5000   15.0000   45.0000 7141.5859   24.5264
   -7.5000   22.5000   45.0000 6853.0435   24.1716
    0.0000   22.5000   45.0000 6840.4961   24.2019
    7.5000   22.5000   45.0000 6486.2031   24.2308
   -7.5000   30.0000   45.0000 6203.9712   23.6823
    0.0000   30.0000   45.0000 6180.4824   23.7032
    7.5000   30.0000   45.0000 5855.4858   23.7188
   -7.5000   37.5000   45.0000 5526.0698   23.1686
    0.0000   37.5000   45.0000 5501.5259   23.1874
    7.5000   37.5000   45.0000 5211.4604   23.1954
   -7.5000   45.0000   45.0000 4932.9194   23.0706
    0.0000   45.0000   45.0000 4892.9746   23.0930
    7.5000   45.0000   45.0000 4632.5225   23.1046

---------------------------------------------------------------------
imgreg_4dfp /opt/freesurfer/average/711-2C_as_mni_average_305 /opt/freesurfer/average/711-2B_as_mni_average_305_mask talsrcimg_g11 none talsrcimg_to_711-2C_as_mni_average_305_t4 4355
---------------------------------------------------------------------

freesurfer imgreg_4dfp.c
/opt/freesurfer/average/711-2C_as_mni_average_305.4dfp.img
       256       256       256         1
  1.000000  1.000000  1.000000
orientation T byte_order littleendian
Reading image: /opt/freesurfer/average/711-2C_as_mni_average_305.4dfp.img
dimensions:      256       256       256
mmppix:       1.0000   -1.0000   -1.0000
center:     128.0000 -129.0000 -129.0000
/opt/freesurfer/average/711-2B_as_mni_average_305_mask.4dfp.img
       256       256       256         1
  1.000000  1.000000  1.000000
orientation T byte_order littleendian
Reading mask: /opt/freesurfer/average/711-2B_as_mni_average_305_mask.4dfp.img (2306576 pixels)
talsrcimg_g11.4dfp.img
       256       256       256         1
  0.900000  0.900000  0.900000
orientation T byte_order littleendian
Reading image: talsrcimg_g11.4dfp.img
dimensions:      256       256       256
mmppix:       0.9000   -0.9000   -0.9000
center:     115.2000 -116.1000 -116.1000
rotation matrix determinant  1.000000
image alignment mode   4355 decimal     1103 hex
   -7.5000  -52.5000  -45.0000 1836.6909   22.4216
    0.0000  -52.5000  -45.0000 1842.0950   22.3397
    7.5000  -52.5000  -45.0000 1827.2722   22.6023
   -7.5000  -45.0000  -45.0000 1936.4380   20.9410
    0.0000  -45.0000  -45.0000 1940.9712   20.8551
    7.5000  -45.0000  -45.0000 1920.1577   21.0838
   -7.5000  -37.5000  -45.0000 1993.4379   19.6506
    0.0000  -37.5000  -45.0000 1998.0277   19.5854
    7.5000  -37.5000  -45.0000 1976.7059   19.8113
   -7.5000  -30.0000  -45.0000 2027.4509   18.6917
    0.0000  -30.0000  -45.0000 2031.1866   18.6324
    7.5000  -30.0000  -45.0000 2003.0245   18.9450
   -7.5000  -22.5000  -45.0000 2043.9324   18.2413
    0.0000  -22.5000  -45.0000 2043.1096   18.1260
    7.5000  -22.5000  -45.0000 2018.5179   18.4830
   -7.5000  -15.0000  -45.0000 2042.4456   18.1443
    0.0000  -15.0000  -45.0000 2039.9353   18.0883
    7.5000  -15.0000  -45.0000 2013.8383   18.4572
   -7.5000   -7.5000  -45.0000 2024.7185   18.5317
    0.0000   -7.5000  -45.0000 2020.4104   18.4482
    7.5000   -7.5000  -45.0000 1994.6162   18.9101
   -7.5000    0.0000  -45.0000 1988.3010   19.2721
    0.0000    0.0000  -45.0000 1986.0076   19.2090
    7.5000    0.0000  -45.0000 1962.5585   19.7009
   -7.5000    7.5000  -45.0000 1943.0071   20.3208
    0.0000    7.5000  -45.0000 1941.2997   20.2989
    7.5000    7.5000  -45.0000 1914.8673   20.7994
   -7.5000   15.0000  -45.0000 1870.5925   21.8700
    0.0000   15.0000  -45.0000 1871.6594   21.8468
    7.5000   15.0000  -45.0000 1843.0909   22.3731
   -7.5000   22.5000  -45.0000 1786.9753   24.0025
    0.0000   22.5000  -45.0000 1788.7773   23.9643
    7.5000   22.5000  -45.0000 1760.1667   24.5521
   -7.5000   30.0000  -45.0000 1688.7350   26.9021
    0.0000   30.0000  -45.0000 1690.5321   26.8804
    7.5000   30.0000  -45.0000 1660.5514   27.4891
   -7.5000   37.5000  -45.0000 1558.8275   30.5986
    0.0000   37.5000  -45.0000 1555.5516   30.6392
    7.5000   37.5000  -45.0000 1534.7542   31.3248
   -7.5000  -52.5000  -37.5000 1990.7499   21.8920
    0.0000  -52.5000  -37.5000 1997.1323   21.7540
    7.5000  -52.5000  -37.5000 1976.0155   22.0544
   -7.5000  -45.0000  -37.5000 2099.6055   20.4671
    0.0000  -45.0000  -37.5000 2108.2129   20.3724
    7.5000  -45.0000  -37.5000 2084.5120   20.5971
   -7.5000  -37.5000  -37.5000 2158.2202   19.1820
    0.0000  -37.5000  -37.5000 2169.9338   19.1049
    7.5000  -37.5000  -37.5000 2146.1638   19.3566
   -7.5000  -30.0000  -37.5000 2197.7158   18.2814
    0.0000  -30.0000  -37.5000 2203.6877   18.1947
    7.5000  -30.0000  -37.5000 2180.1062   18.4709
   -7.5000  -22.5000  -37.5000 2214.1780   17.8152
    0.0000  -22.5000  -37.5000 2219.4421   17.7410
    7.5000  -22.5000  -37.5000 2190.9968   18.0476
   -7.5000  -15.0000  -37.5000 2208.0251   17.7500
    0.0000  -15.0000  -37.5000 2210.1438   17.6552
    7.5000  -15.0000  -37.5000 2186.6802   17.9848
   -7.5000   -7.5000  -37.5000 2193.9456   18.0662
    0.0000   -7.5000  -37.5000 2193.9050   17.9569
    7.5000   -7.5000  -37.5000 2166.4312   18.3579
   -7.5000    0.0000  -37.5000 2158.6123   18.7150
    0.0000    0.0000  -37.5000 2160.3110   18.6330
    7.5000    0.0000  -37.5000 2126.5664   19.0530
   -7.5000    7.5000  -37.5000 2108.9495   19.7379
    0.0000    7.5000  -37.5000 2109.8059   19.6690
    7.5000    7.5000  -37.5000 2076.3562   20.1475
   -7.5000   15.0000  -37.5000 2033.1925   21.2907
    0.0000   15.0000  -37.5000 2032.9971   21.2420
    7.5000   15.0000  -37.5000 2000.5133   21.7880
   -7.5000   22.5000  -37.5000 1939.2261   23.3476
    0.0000   22.5000  -37.5000 1938.5118   23.2731
    7.5000   22.5000  -37.5000 1906.8546   23.8743
   -7.5000   30.0000  -37.5000 1826.5264   26.1335
    0.0000   30.0000  -37.5000 1825.8365   26.0625
    7.5000   30.0000  -37.5000 1795.4204   26.6861
   -7.5000   37.5000  -37.5000 1688.6553   29.7209
    0.0000   37.5000  -37.5000 1686.2025   29.6889
    7.5000   37.5000  -37.5000 1662.6335   30.3482
   -7.5000  -52.5000  -30.0000 2128.5979   21.2587
    0.0000  -52.5000  -30.0000 2139.9421   21.1022
    7.5000  -52.5000  -30.0000 2117.8977   21.3530
   -7.5000  -45.0000  -30.0000 2246.6824   19.7962
    0.0000  -45.0000  -30.0000 2254.0269   19.6720
    7.5000  -45.0000  -30.0000 2229.8301   19.9104
   -7.5000  -37.5000  -30.0000 2314.8823   18.5830
    0.0000  -37.5000  -30.0000 2325.3589   18.5022
    7.5000  -37.5000  -30.0000 2298.7385   18.6886
   -7.5000  -30.0000  -30.0000 2358.3455   17.7115
    0.0000  -30.0000  -30.0000 2362.5930   17.6561
    7.5000  -30.0000  -30.0000 2337.8362   17.8527
   -7.5000  -22.5000  -30.0000 2380.2214   17.2616
    0.0000  -22.5000  -30.0000 2383.4580   17.1886
    7.5000  -22.5000  -30.0000 2353.7146   17.4406
   -7.5000  -15.0000  -30.0000 2379.1528   17.2126
    0.0000  -15.0000  -30.0000 2384.2573   17.1348
    7.5000  -15.0000  -30.0000 2353.7168   17.3979
   -7.5000   -7.5000  -30.0000 2363.8091   17.5095
    0.0000   -7.5000  -30.0000 2366.8638   17.4093
    7.5000   -7.5000  -30.0000 2334.5723   17.7202
   -7.5000    0.0000  -30.0000 2326.1196   18.1235
    0.0000    0.0000  -30.0000 2330.7214   18.0430
    7.5000    0.0000  -30.0000 2294.0076   18.3767
   -7.5000    7.5000  -30.0000 2267.2727   19.1843
    0.0000    7.5000  -30.0000 2269.2620   19.0621
    7.5000    7.5000  -30.0000 2236.2715   19.4741
   -7.5000   15.0000  -30.0000 2183.0803   20.6789
    0.0000   15.0000  -30.0000 2184.3030   20.5718
    7.5000   15.0000  -30.0000 2149.1929   21.0572
   -7.5000   22.5000  -30.0000 2077.9077   22.7297
    0.0000   22.5000  -30.0000 2077.9380   22.5758
    7.5000   22.5000  -30.0000 2042.2021   23.0799
   -7.5000   30.0000  -30.0000 1954.0417   25.4250
    0.0000   30.0000  -30.0000 1954.6145   25.2997
    7.5000   30.0000  -30.0000 1919.3708   25.8800
   -7.5000   37.5000  -30.0000 1805.0923   28.7638
    0.0000   37.5000  -30.0000 1803.8917   28.6853
    7.5000   37.5000  -30.0000 1773.7297   29.3467
   -7.5000  -52.5000  -22.5000 2244.7131   20.4627
    0.0000  -52.5000  -22.5000 2255.5667   20.3070
    7.5000  -52.5000  -22.5000 2233.4915   20.5431
   -7.5000  -45.0000  -22.5000 2370.8196   18.9434
    0.0000  -45.0000  -22.5000 2377.7119   18.8647
    7.5000  -45.0000  -22.5000 2352.2029   19.0589
   -7.5000  -37.5000  -22.5000 2449.7241   17.7507
    0.0000  -37.5000  -22.5000 2455.6074   17.7165
    7.5000  -37.5000  -22.5000 2428.5964   17.8771
   -7.5000  -30.0000  -22.5000 2501.0459   16.9755
    0.0000  -30.0000  -22.5000 2504.4331   16.9409
    7.5000  -30.0000  -22.5000 2476.7578   17.0904
   -7.5000  -22.5000  -22.5000 2532.0942   16.5206
    0.0000  -22.5000  -22.5000 2537.5186   16.4850
    7.5000  -22.5000  -22.5000 2503.3325   16.6604
   -7.5000  -15.0000  -22.5000 2540.7654   16.4928
    0.0000  -15.0000  -22.5000 2547.4182   16.4314
    7.5000  -15.0000  -22.5000 2511.9585   16.6207
   -7.5000   -7.5000  -22.5000 2524.4121   16.7937
    0.0000   -7.5000  -22.5000 2528.7944   16.7121
    7.5000   -7.5000  -22.5000 2489.4685   16.9527
   -7.5000    0.0000  -22.5000 2478.8027   17.4280
    0.0000    0.0000  -22.5000 2486.6484   17.3295
    7.5000    0.0000  -22.5000 2444.9438   17.6048
   -7.5000    7.5000  -22.5000 2411.2532   18.4669
    0.0000    7.5000  -22.5000 2416.3423   18.3474
    7.5000    7.5000  -22.5000 2375.7478   18.6613
   -7.5000   15.0000  -22.5000 2316.9795   19.9212
    0.0000   15.0000  -22.5000 2319.2036   19.7962
    7.5000   15.0000  -22.5000 2282.4504   20.1671
   -7.5000   22.5000  -22.5000 2202.3005   21.9153
    0.0000   22.5000  -22.5000 2202.7700   21.7665
    7.5000   22.5000  -22.5000 2165.5774   22.1733
   -7.5000   30.0000  -22.5000 2067.0093   24.4858
    0.0000   30.0000  -22.5000 2067.2429   24.3610
    7.5000   30.0000  -22.5000 2031.7490   24.8248
   -7.5000   37.5000  -22.5000 1908.0172   27.7071
    0.0000   37.5000  -22.5000 1907.8484   27.6114
    7.5000   37.5000  -22.5000 1869.6495   28.1521
   -7.5000  -52.5000  -15.0000 2337.7754   19.5360
    0.0000  -52.5000  -15.0000 2346.1587   19.3315
    7.5000  -52.5000  -15.0000 2321.2075   19.5654
   -7.5000  -45.0000  -15.0000 2470.0881   18.0430
    0.0000  -45.0000  -15.0000 2479.8711   17.9501
    7.5000  -45.0000  -15.0000 2451.4731   18.1672
   -7.5000  -37.5000  -15.0000 2557.6045   16.8509
    0.0000  -37.5000  -15.0000 2564.8604   16.8303
    7.5000  -37.5000  -15.0000 2536.1714   16.9772
   -7.5000  -30.0000  -15.0000 2623.8967   16.0657
    0.0000  -30.0000  -15.0000 2628.8386   16.0671
    7.5000  -30.0000  -15.0000 2594.0984   16.1907
   -7.5000  -22.5000  -15.0000 2662.2578   15.6388
    0.0000  -22.5000  -15.0000 2669.2317   15.6263
    7.5000  -22.5000  -15.0000 2631.3906   15.7739
   -7.5000  -15.0000  -15.0000 2675.7551   15.6186
    0.0000  -15.0000  -15.0000 2686.4775   15.5692
    7.5000  -15.0000  -15.0000 2643.5269   15.7382
   -7.5000   -7.5000  -15.0000 2652.6216   15.9260
    0.0000   -7.5000  -15.0000 2666.4739   15.8665
    7.5000   -7.5000  -15.0000 2621.0000   16.0512
   -7.5000    0.0000  -15.0000 2610.3374   16.5706
    0.0000    0.0000  -15.0000 2621.2754   16.5044
    7.5000    0.0000  -15.0000 2572.1089   16.7076
   -7.5000    7.5000  -15.0000 2531.9404   17.5336
    0.0000    7.5000  -15.0000 2540.2078   17.4338
    7.5000    7.5000  -15.0000 2491.2473   17.6715
   -7.5000   15.0000  -15.0000 2424.8464   18.9802
    0.0000   15.0000  -15.0000 2431.0981   18.8528
    7.5000   15.0000  -15.0000 2388.3162   19.1290
   -7.5000   22.5000  -15.0000 2299.5637   20.9090
    0.0000   22.5000  -15.0000 2304.2300   20.7916
    7.5000   22.5000  -15.0000 2264.2417   21.1245
   -7.5000   30.0000  -15.0000 2149.5344   23.3430
    0.0000   30.0000  -15.0000 2154.4175   23.2396
    7.5000   30.0000  -15.0000 2120.0962   23.6434
   -7.5000   37.5000  -15.0000 1978.3813   26.3334
    0.0000   37.5000  -15.0000 1980.1006   26.2886
    7.5000   37.5000  -15.0000 1944.4824   26.7150
   -7.5000  -52.5000   -7.5000 2383.8101   18.5265
    0.0000  -52.5000   -7.5000 2395.3635   18.3012
    7.5000  -52.5000   -7.5000 2371.0088   18.6318
   -7.5000  -45.0000   -7.5000 2528.1521   17.1063
    0.0000  -45.0000   -7.5000 2537.4282   16.9324
    7.5000  -45.0000   -7.5000 2508.5696   17.2090
   -7.5000  -37.5000   -7.5000 2630.9460   15.9143
    0.0000  -37.5000   -7.5000 2639.9397   15.8238
    7.5000  -37.5000   -7.5000 2607.2324   16.0419
   -7.5000  -30.0000   -7.5000 2705.7639   15.0999
    0.0000  -30.0000   -7.5000 2714.3323   15.0509
    7.5000  -30.0000   -7.5000 2676.6213   15.2297
   -7.5000  -22.5000   -7.5000 2756.4087   14.6829
    0.0000  -22.5000   -7.5000 2766.6235   14.6452
    7.5000  -22.5000   -7.5000 2724.8408   14.8180
   -7.5000  -15.0000   -7.5000 2775.8271   14.6714
    0.0000  -15.0000   -7.5000 2790.5945   14.6033
    7.5000  -15.0000   -7.5000 2742.0737   14.7693
   -7.5000   -7.5000   -7.5000 2754.3584   14.9619
    0.0000   -7.5000   -7.5000 2771.4229   14.9094
    7.5000   -7.5000   -7.5000 2718.4041   15.0698
   -7.5000    0.0000   -7.5000 2702.7063   15.5694
    0.0000    0.0000   -7.5000 2713.9272   15.4950
    7.5000    0.0000   -7.5000 2658.6523   15.6967
   -7.5000    7.5000   -7.5000 2614.7468   16.5288
    0.0000    7.5000   -7.5000 2624.7043   16.4387
    7.5000    7.5000   -7.5000 2573.2820   16.6802
   -7.5000   15.0000   -7.5000 2495.1157   17.8938
    0.0000   15.0000   -7.5000 2501.0347   17.8044
    7.5000   15.0000   -7.5000 2455.8857   18.0915
   -7.5000   22.5000   -7.5000 2356.6973   19.7386
    0.0000   22.5000   -7.5000 2366.1379   19.6355
    7.5000   22.5000   -7.5000 2323.8748   19.9832
   -7.5000   30.0000   -7.5000 2201.5481   22.0965
    0.0000   30.0000   -7.5000 2205.8303   21.9950
    7.5000   30.0000   -7.5000 2172.1782   22.3645
   -7.5000   37.5000   -7.5000 2020.4331   24.9649
    0.0000   37.5000   -7.5000 2024.6270   24.8498
    7.5000   37.5000   -7.5000 1988.4851   25.3517
   -7.5000  -52.5000    0.0000 2423.4146   17.9392
    0.0000  -52.5000    0.0000 2437.7065   17.6884
    7.5000  -52.5000    0.0000 2412.6899   18.0410
   -7.5000  -45.0000    0.0000 2571.9678   16.4928
    0.0000  -45.0000    0.0000 2582.0381   16.2907
    7.5000  -45.0000    0.0000 2558.1079   16.6118
   -7.5000  -37.5000    0.0000 2691.1235   15.2910
    0.0000  -37.5000    0.0000 2700.7063   15.1415
    7.5000  -37.5000    0.0000 2670.2576   15.4304
   -7.5000  -30.0000    0.0000 2783.7251   14.4593
    0.0000  -30.0000    0.0000 2799.0745   14.3528
    7.5000  -30.0000    0.0000 2755.4651   14.6155
   -7.5000  -22.5000    0.0000 2850.2566   13.9899
    0.0000  -22.5000    0.0000 2865.4663   13.9147
    7.5000  -22.5000    0.0000 2813.5300   14.1723
   -7.5000  -15.0000    0.0000 2878.0698   13.9559
    0.0000  -15.0000    0.0000 2901.6042   13.8691
    7.5000  -15.0000    0.0000 2839.0010   14.0985
   -7.5000   -7.5000    0.0000 2849.6838   14.2729
    0.0000   -7.5000    0.0000 2869.2515   14.1682
    7.5000   -7.5000    0.0000 2808.8235   14.3758
   -7.5000    0.0000    0.0000 2783.6772   14.8895
    0.0000    0.0000    0.0000 2797.9709   14.7648
    7.5000    0.0000    0.0000 2743.7346   14.9942
   -7.5000    7.5000    0.0000 2681.1338   15.8269
    0.0000    7.5000    0.0000 2692.1316   15.7458
    7.5000    7.5000    0.0000 2642.6755   16.0039
   -7.5000   15.0000    0.0000 2553.1343   17.2035
    0.0000   15.0000    0.0000 2559.4907   17.1217
    7.5000   15.0000    0.0000 2515.2854   17.4000
   -7.5000   22.5000    0.0000 2405.8682   19.0031
    0.0000   22.5000    0.0000 2412.8088   18.9201
    7.5000   22.5000    0.0000 2371.6941   19.2436
   -7.5000   30.0000    0.0000 2245.9346   21.3495
    0.0000   30.0000    0.0000 2253.6162   21.2099
    7.5000   30.0000    0.0000 2211.9363   21.6179
   -7.5000   37.5000    0.0000 2056.3264   24.1242
    0.0000   37.5000    0.0000 2063.8870   24.0180
    7.5000   37.5000    0.0000 2027.8448   24.5133
   -7.5000  -52.5000    7.5000 2443.6882   17.5437
    0.0000  -52.5000    7.5000 2460.4788   17.3009
    7.5000  -52.5000    7.5000 2429.3911   17.6067
   -7.5000  -45.0000    7.5000 2597.9639   16.0712
    0.0000  -45.0000    7.5000 2610.7397   15.8351
    7.5000  -45.0000    7.5000 2581.2363   16.1583
   -7.5000  -37.5000    7.5000 2728.4375   14.8496
    0.0000  -37.5000    7.5000 2740.3093   14.6184
    7.5000  -37.5000    7.5000 2706.4260   14.9565
   -7.5000  -30.0000    7.5000 2839.9871   14.0213
    0.0000  -30.0000    7.5000 2855.4917   13.8030
    7.5000  -30.0000    7.5000 2810.8889   14.1470
   -7.5000  -22.5000    7.5000 2912.7456   13.4195
    0.0000  -22.5000    7.5000 2937.3462   13.2488
    7.5000  -22.5000    7.5000 2873.1279   13.6460
   -7.5000  -15.0000    7.5000 2946.9280   13.3653
    0.0000  -15.0000    7.5000 2975.8938   13.1622
    7.5000  -15.0000    7.5000 2902.1338   13.5350
   -7.5000   -7.5000    7.5000 2911.5649   13.7865
    0.0000   -7.5000    7.5000 2933.7910   13.6111
    7.5000   -7.5000    7.5000 2869.9854   13.8581
   -7.5000    0.0000    7.5000 2832.9561   14.4138
    0.0000    0.0000    7.5000 2846.5168   14.2802
    7.5000    0.0000    7.5000 2800.4641   14.5209
   -7.5000    7.5000    7.5000 2719.2302   15.3495
    0.0000    7.5000    7.5000 2730.2007   15.2489
    7.5000    7.5000    7.5000 2690.3293   15.5573
   -7.5000   15.0000    7.5000 2579.9038   16.6840
    0.0000   15.0000    7.5000 2590.0298   16.6032
    7.5000   15.0000    7.5000 2549.0757   16.9687
   -7.5000   22.5000    7.5000 2428.7107   18.4688
    0.0000   22.5000    7.5000 2439.4963   18.4034
    7.5000   22.5000    7.5000 2398.6716   18.8103
   -7.5000   30.0000    7.5000 2268.7556   20.7486
    0.0000   30.0000    7.5000 2275.1328   20.6896
    7.5000   30.0000    7.5000 2237.8535   21.1285
   -7.5000   37.5000    7.5000 2081.1245   23.5287
    0.0000   37.5000    7.5000 2084.9990   23.4874
    7.5000   37.5000    7.5000 2049.7405   23.9791
   -7.5000  -52.5000   15.0000 2441.9436   17.3879
    0.0000  -52.5000   15.0000 2464.0103   17.0985
    7.5000  -52.5000   15.0000 2435.2664   17.3944
   -7.5000  -45.0000   15.0000 2594.0713   15.9237
    0.0000  -45.0000   15.0000 2615.8503   15.6432
    7.5000  -45.0000   15.0000 2583.0859   15.9258
   -7.5000  -37.5000   15.0000 2727.8147   14.6597
    0.0000  -37.5000   15.0000 2745.3796   14.3887
    7.5000  -37.5000   15.0000 2709.5754   14.7004
   -7.5000  -30.0000   15.0000 2839.8447   13.7573
    0.0000  -30.0000   15.0000 2859.0542   13.5036
    7.5000  -30.0000   15.0000 2811.6050   13.8293
   -7.5000  -22.5000   15.0000 2919.4158   13.1284
    0.0000  -22.5000   15.0000 2936.8032   12.8724
    7.5000  -22.5000   15.0000 2879.4167   13.3170
   -7.5000  -15.0000   15.0000 2955.9607   12.9991
    0.0000  -15.0000   15.0000 2980.2065   12.7909
    7.5000  -15.0000   15.0000 2921.3748   13.2615
   -7.5000   -7.5000   15.0000 2926.7661   13.4799
    0.0000   -7.5000   15.0000 2946.3684   13.3200
    7.5000   -7.5000   15.0000 2895.1606   13.6703
   -7.5000    0.0000   15.0000 2841.8474   14.2033
    0.0000    0.0000   15.0000 2856.6860   14.0667
    7.5000    0.0000   15.0000 2812.8206   14.3780
   -7.5000    7.5000   15.0000 2726.6145   15.1813
    0.0000    7.5000   15.0000 2738.8113   15.0648
    7.5000    7.5000   15.0000 2695.7625   15.3827
   -7.5000   15.0000   15.0000 2584.3828   16.5427
    0.0000   15.0000   15.0000 2597.2424   16.4476
    7.5000   15.0000   15.0000 2559.2310   16.7940
   -7.5000   22.5000   15.0000 2436.2349   18.3079
    0.0000   22.5000   15.0000 2448.8096   18.2222
    7.5000   22.5000   15.0000 2408.2993   18.5921
   -7.5000   30.0000   15.0000 2277.2126   20.5577
    0.0000   30.0000   15.0000 2283.2175   20.4907
    7.5000   30.0000   15.0000 2248.1592   20.9230
   -7.5000   37.5000   15.0000 2083.6252   23.2790
    0.0000   37.5000   15.0000 2085.8289   23.1681
    7.5000   37.5000   15.0000 2051.2192   23.6918
   -7.5000  -52.5000   22.5000 2428.8613   17.4711
    0.0000  -52.5000   22.5000 2457.2263   17.1980
    7.5000  -52.5000   22.5000 2428.5820   17.4603
   -7.5000  -45.0000   22.5000 2579.7520   16.0035
    0.0000  -45.0000   22.5000 2610.1211   15.7234
    7.5000  -45.0000   22.5000 2580.5969   16.0389
   -7.5000  -37.5000   22.5000 2708.0354   14.7333
    0.0000  -37.5000   22.5000 2738.0996   14.4751
    7.5000  -37.5000   22.5000 2704.4756   14.8238
   -7.5000  -30.0000   22.5000 2819.2434   13.8470
    0.0000  -30.0000   22.5000 2842.3459   13.5554
    7.5000  -30.0000   22.5000 2806.2830   13.9672
   -7.5000  -22.5000   22.5000 2903.3726   13.3892
    0.0000  -22.5000   22.5000 2928.3403   13.1269
    7.5000  -22.5000   22.5000 2877.3418   13.5530
   -7.5000  -15.0000   22.5000 2939.0139   13.3895
    0.0000  -15.0000   22.5000 2963.9849   13.1662
    7.5000  -15.0000   22.5000 2913.4229   13.5682
   -7.5000   -7.5000   22.5000 2902.1184   13.7373
    0.0000   -7.5000   22.5000 2925.2998   13.5574
    7.5000   -7.5000   22.5000 2878.0840   13.9097
   -7.5000    0.0000   22.5000 2818.9583   14.3766
    0.0000    0.0000   22.5000 2839.4893   14.2057
    7.5000    0.0000   22.5000 2793.2842   14.5170
   -7.5000    7.5000   22.5000 2702.8203   15.3223
    0.0000    7.5000   22.5000 2722.3074   15.1839
    7.5000    7.5000   22.5000 2682.3687   15.4860
   -7.5000   15.0000   22.5000 2569.4819   16.6238
    0.0000   15.0000   22.5000 2586.5542   16.5286
    7.5000   15.0000   22.5000 2549.7356   16.8578
   -7.5000   22.5000   22.5000 2424.7754   18.3582
    0.0000   22.5000   22.5000 2434.4023   18.2692
    7.5000   22.5000   22.5000 2400.8149   18.6509
   -7.5000   30.0000   22.5000 2256.9097   20.5681
    0.0000   30.0000   22.5000 2262.2876   20.4766
    7.5000   30.0000   22.5000 2236.1074   20.9486
   -7.5000   37.5000   22.5000 2067.6489   23.3338
    0.0000   37.5000   22.5000 2072.6743   23.1978
    7.5000   37.5000   22.5000 2046.8771   23.7185
   -7.5000  -52.5000   30.0000 2415.7319   17.9063
    0.0000  -52.5000   30.0000 2451.8074   17.5929
    7.5000  -52.5000   30.0000 2426.3577   17.9255
   -7.5000  -45.0000   30.0000 2560.1802   16.4582
    0.0000  -45.0000   30.0000 2599.4834   16.1802
    7.5000  -45.0000   30.0000 2575.0376   16.5213
   -7.5000  -37.5000   30.0000 2685.6570   15.2594
    0.0000  -37.5000   30.0000 2720.0876   14.9762
    7.5000  -37.5000   30.0000 2693.3850   15.3162
   -7.5000  -30.0000   30.0000 2794.0549   14.4363
    0.0000  -30.0000   30.0000 2823.2405   14.1785
    7.5000  -30.0000   30.0000 2786.2749   14.5257
   -7.5000  -22.5000   30.0000 2869.6118   14.0233
    0.0000  -22.5000   30.0000 2891.6987   13.8183
    7.5000  -22.5000   30.0000 2850.0483   14.1451
   -7.5000  -15.0000   30.0000 2886.2385   14.0337
    0.0000  -15.0000   30.0000 2911.3713   13.8238
    7.5000  -15.0000   30.0000 2868.2632   14.1081
   -7.5000   -7.5000   30.0000 2845.4099   14.3431
    0.0000   -7.5000   30.0000 2868.1792   14.1398
    7.5000   -7.5000   30.0000 2828.8552   14.4046
   -7.5000    0.0000   30.0000 2765.6746   14.9519
    0.0000    0.0000   30.0000 2787.0508   14.7846
    7.5000    0.0000   30.0000 2747.0823   15.0275
   -7.5000    7.5000   30.0000 2659.7009   15.8408
    0.0000    7.5000   30.0000 2679.2163   15.7117
    7.5000    7.5000   30.0000 2647.0886   15.9725
   -7.5000   15.0000   30.0000 2535.9197   17.0761
    0.0000   15.0000   30.0000 2553.4895   16.9506
    7.5000   15.0000   30.0000 2520.7966   17.2624
   -7.5000   22.5000   30.0000 2388.7781   18.7241
    0.0000   22.5000   30.0000 2399.3838   18.5979
    7.5000   22.5000   30.0000 2374.3523   18.9498
   -7.5000   30.0000   30.0000 2224.3984   20.8830
    0.0000   30.0000   30.0000 2234.2480   20.7117
    7.5000   30.0000   30.0000 2213.7334   21.1076
   -7.5000   37.5000   30.0000 2043.3867   23.5047
    0.0000   37.5000   30.0000 2055.6533   23.3719
    7.5000   37.5000   30.0000 2024.7712   23.8422
   -7.5000  -52.5000   37.5000 2389.7373   18.7171
    0.0000  -52.5000   37.5000 2422.1558   18.4710
    7.5000  -52.5000   37.5000 2403.8054   18.6984
   -7.5000  -45.0000   37.5000 2528.9834   17.2663
    0.0000  -45.0000   37.5000 2565.6072   17.0269
    7.5000  -45.0000   37.5000 2542.6816   17.2663
   -7.5000  -37.5000   37.5000 2646.3352   16.0757
    0.0000  -37.5000   37.5000 2687.0044   15.8609
    7.5000  -37.5000   37.5000 2656.1233   16.0817
   -7.5000  -30.0000   37.5000 2739.2500   15.2609
    0.0000  -30.0000   37.5000 2774.7915   15.0820
    7.5000  -30.0000   37.5000 2737.5139   15.3205
   -7.5000  -22.5000   37.5000 2795.4885   14.8397
    0.0000  -22.5000   37.5000 2820.7593   14.6837
    7.5000  -22.5000   37.5000 2786.7695   14.9206
   -7.5000  -15.0000   37.5000 2801.9473   14.8256
    0.0000  -15.0000   37.5000 2830.8113   14.6484
    7.5000  -15.0000   37.5000 2793.2422   14.8500
   -7.5000   -7.5000   37.5000 2765.9004   15.1234
    0.0000   -7.5000   37.5000 2792.6470   14.9310
    7.5000   -7.5000   37.5000 2756.6104   15.1361
   -7.5000    0.0000   37.5000 2690.0828   15.7027
    0.0000    0.0000   37.5000 2708.2263   15.5322
    7.5000    0.0000   37.5000 2675.2922   15.7500
   -7.5000    7.5000   37.5000 2590.2163   16.5573
    0.0000    7.5000   37.5000 2609.6096   16.4193
    7.5000    7.5000   37.5000 2581.1558   16.6589
   -7.5000   15.0000   37.5000 2470.6941   17.7536
    0.0000   15.0000   37.5000 2485.0735   17.6356
    7.5000   15.0000   37.5000 2460.6917   17.9173
   -7.5000   22.5000   37.5000 2334.5127   19.3054
    0.0000   22.5000   37.5000 2348.6003   19.1874
    7.5000   22.5000   37.5000 2320.6455   19.5454
   -7.5000   30.0000   37.5000 2183.3979   21.3908
    0.0000   30.0000   37.5000 2196.6897   21.2430
    7.5000   30.0000   37.5000 2169.2268   21.6916
   -7.5000   37.5000   37.5000 2007.5326   24.0654
    0.0000   37.5000   37.5000 2017.6427   23.9127
    7.5000   37.5000   37.5000 1992.0400   24.3837
   -7.5000  -52.5000   45.0000 2323.8357   19.6145
    0.0000  -52.5000   45.0000 2356.6147   19.3314
    7.5000  -52.5000   45.0000 2341.9910   19.5675
   -7.5000  -45.0000   45.0000 2459.1003   18.1285
    0.0000  -45.0000   45.0000 2497.4746   17.9111
    7.5000  -45.0000   45.0000 2475.0625   18.1023
   -7.5000  -37.5000   45.0000 2565.4888   16.9134
    0.0000  -37.5000   45.0000 2606.3789   16.7434
    7.5000  -37.5000   45.0000 2579.2627   16.9499
   -7.5000  -30.0000   45.0000 2644.1746   16.1053
    0.0000  -30.0000   45.0000 2676.7549   15.9769
    7.5000  -30.0000   45.0000 2644.4412   16.1852
   -7.5000  -22.5000   45.0000 2681.2178   15.7217
    0.0000  -22.5000   45.0000 2708.3452   15.5778
    7.5000  -22.5000   45.0000 2675.6045   15.7896
   -7.5000  -15.0000   45.0000 2680.2844   15.7131
    0.0000  -15.0000   45.0000 2706.6660   15.5177
    7.5000  -15.0000   45.0000 2673.0847   15.7018
   -7.5000   -7.5000   45.0000 2651.2200   15.9758
    0.0000   -7.5000   45.0000 2673.9424   15.7892
    7.5000   -7.5000   45.0000 2644.3972   15.9510
   -7.5000    0.0000   45.0000 2583.3962   16.5301
    0.0000    0.0000   45.0000 2602.1616   16.3758
    7.5000    0.0000   45.0000 2579.0999   16.5307
   -7.5000    7.5000   45.0000 2491.1638   17.3472
    0.0000    7.5000   45.0000 2507.9241   17.1862
    7.5000    7.5000   45.0000 2484.5547   17.3988
   -7.5000   15.0000   45.0000 2376.7332   18.4880
    0.0000   15.0000   45.0000 2393.6943   18.3303
    7.5000   15.0000   45.0000 2370.6670   18.6073
   -7.5000   22.5000   45.0000 2245.6157   20.0864
    0.0000   22.5000   45.0000 2257.9973   19.9416
    7.5000   22.5000   45.0000 2236.9666   20.2354
   -7.5000   30.0000   45.0000 2113.2158   22.1750
    0.0000   30.0000   45.0000 2119.8442   22.0347
    7.5000   30.0000   45.0000 2098.6206   22.3880
   -7.5000   37.5000   45.0000 1941.2013   24.7963
    0.0000   37.5000   45.0000 1948.6249   24.6373
    7.5000   37.5000   45.0000 1927.9677   25.0802

---------------------------------------------------------------------
imgreg_4dfp /opt/freesurfer/average/711-2C_as_mni_average_305 /opt/freesurfer/average/711-2B_as_mni_average_305_mask talsrcimg_g11 none talsrcimg_to_711-2C_as_mni_average_305_t4 1283
---------------------------------------------------------------------

freesurfer imgreg_4dfp.c
/opt/freesurfer/average/711-2C_as_mni_average_305.4dfp.img
       256       256       256         1
  1.000000  1.000000  1.000000
orientation T byte_order littleendian
Reading image: /opt/freesurfer/average/711-2C_as_mni_average_305.4dfp.img
dimensions:      256       256       256
mmppix:       1.0000   -1.0000   -1.0000
center:     128.0000 -129.0000 -129.0000
/opt/freesurfer/average/711-2B_as_mni_average_305_mask.4dfp.img
       256       256       256         1
  1.000000  1.000000  1.000000
orientation T byte_order littleendian
Reading mask: /opt/freesurfer/average/711-2B_as_mni_average_305_mask.4dfp.img (2306576 pixels)
talsrcimg_g11.4dfp.img
       256       256       256         1
  0.900000  0.900000  0.900000
orientation T byte_order littleendian
Reading image: talsrcimg_g11.4dfp.img
dimensions:      256       256       256
mmppix:       0.9000   -0.9000   -0.9000
center:     115.2000 -116.1000 -116.1000
rotation matrix determinant  1.000000
fimgreg.f
image alignment mode   1283 decimal      503 hex
parameters
    0.0000  -15.0000   15.0000    0.0000    0.0000    0.0000
eta,q 0.93854 12.74600
niter,ni,del,rscale     5    3   12.0000    1.2000
parameter  3  2.983793 ->  0.500000 qaram    1.1500
parameter  6 -0.768378 -> -0.500000 qaram    1.1500
parameters
   -0.6228  -14.3165   11.5500   -0.9027   -2.5120    3.4500
eta,q 0.94114 12.77968
  0.0687  0.0781  0.0633  0.0674  0.0638  0.0710
  0.0669  0.0728  0.0631  0.0655  0.0624  0.0682
  0.0659  0.0675  0.0637  0.0632  0.0620  0.0651
  0.0649  0.0652  0.0652  0.0631  0.0628  0.0620
  0.0647  0.0662  0.0641  0.0649  0.0650  0.0594
  0.0666  0.0694  0.0632  0.0677  0.0685  0.0590
  0.0735  0.0735  0.0658  0.0708  0.0728  0.0605
niter,ni,del,rscale     6    3   12.0000    1.2000
parameter  3 -0.500984 -> -0.500000 qaram    1.3225
parameters
   -0.3696  -14.0933   15.5175   -0.7288   -3.0334    3.5231
eta,q 0.94011 12.69101
  0.0698  0.0714  0.0688  0.0705  0.0649  0.0683
  0.0649  0.0669  0.0623  0.0663  0.0616  0.0647
  0.0610  0.0611  0.0599  0.0615  0.0599  0.0616
  0.0589  0.0588  0.0588  0.0601  0.0601  0.0599
  0.0596  0.0597  0.0592  0.0619  0.0615  0.0607
  0.0626  0.0649  0.0596  0.0655  0.0633  0.0640
  0.0690  0.0704  0.0576  0.0692  0.0662  0.0685
niter,ni,del,rscale     6    3   12.0000    1.2000
parameters
    0.1134  -14.2841   14.6043   -0.4791   -3.5103    3.4979
eta,q 0.94030 12.68845
  0.0694  0.0751  0.0613  0.0702  0.0647  0.0679
  0.0639  0.0668  0.0598  0.0663  0.0619  0.0645
  0.0606  0.0601  0.0585  0.0612  0.0599  0.0614
  0.0599  0.0600  0.0598  0.0597  0.0598  0.0597
  0.0608  0.0640  0.0570  0.0616  0.0611  0.0606
  0.0633  0.0697  0.0598  0.0649  0.0632  0.0641
  0.0659  0.0748  0.0655  0.0686  0.0662  0.0687
niter,ni,del,rscale     5    3   12.0000    1.2000
parameters
   -0.0385  -14.2971   15.1115   -0.5548   -3.3669    3.5236
eta,q 0.94023 12.68631
  0.0689  0.0751  0.0629  0.0694  0.0661  0.0681
  0.0631  0.0675  0.0600  0.0653  0.0628  0.0646
  0.0597  0.0605  0.0590  0.0607  0.0603  0.0615
  0.0597  0.0596  0.0596  0.0598  0.0597  0.0598
  0.0614  0.0631  0.0580  0.0622  0.0608  0.0606
  0.0645  0.0686  0.0581  0.0657  0.0626  0.0640
  0.0689  0.0737  0.0628  0.0694  0.0652  0.0686
niter,ni,del,rscale     4    3   12.0000    1.2000
parameters
    0.0860  -14.3421   14.8332   -0.4825   -3.4832    3.5185
eta,q 0.94031 12.68671
  0.0691  0.0756  0.0619  0.0698  0.0653  0.0679
  0.0634  0.0678  0.0600  0.0658  0.0624  0.0645
  0.0600  0.0606  0.0587  0.0609  0.0602  0.0614
  0.0598  0.0598  0.0598  0.0597  0.0597  0.0597
  0.0611  0.0634  0.0573  0.0619  0.0609  0.0605
  0.0638  0.0692  0.0588  0.0654  0.0627  0.0640
  0.0674  0.0744  0.0642  0.0690  0.0656  0.0686
niter,ni,del,rscale     3    3   12.0000    1.2000
parameters
    0.0151  -14.3300   14.9916   -0.5120   -3.4268    3.5237
eta,q 0.94029 12.68637
  0.0689  0.0755  0.0624  0.0695  0.0658  0.0680
  0.0631  0.0678  0.0601  0.0654  0.0626  0.0645
  0.0598  0.0606  0.0589  0.0607  0.0603  0.0614
  0.0597  0.0596  0.0596  0.0597  0.0597  0.0597
  0.0612  0.0631  0.0576  0.0621  0.0608  0.0605
  0.0642  0.0687  0.0584  0.0656  0.0626  0.0640
  0.0683  0.0739  0.0634  0.0692  0.0653  0.0686
niter,ni,del,rscale     2    3   12.0000    1.2000
parameters
    0.0565  -14.3422   14.9042   -0.4906   -3.4612    3.5218
eta,q 0.94032 12.68657
  0.0690  0.0756  0.0621  0.0696  0.0655  0.0679
  0.0633  0.0678  0.0601  0.0656  0.0625  0.0644
  0.0599  0.0606  0.0588  0.0608  0.0602  0.0614
  0.0597  0.0597  0.0597  0.0597  0.0597  0.0597
  0.0611  0.0632  0.0574  0.0620  0.0608  0.0605
  0.0640  0.0689  0.0586  0.0655  0.0626  0.0640
  0.0678  0.0742  0.0639  0.0691  0.0655  0.0686
niter,ni,del,rscale     1    3   12.0000    1.2000
parameters
    0.0343  -14.3372   14.9537   -0.5012   -3.4434    3.5232
eta,q 0.94031 12.68644
  0.0689  0.0755  0.0623  0.0696  0.0657  0.0679
  0.0632  0.0679  0.0601  0.0655  0.0626  0.0645
  0.0598  0.0606  0.0588  0.0608  0.0603  0.0614
  0.0597  0.0597  0.0597  0.0597  0.0597  0.0597
  0.0612  0.0631  0.0575  0.0621  0.0608  0.0605
  0.0641  0.0687  0.0585  0.0656  0.0626  0.0640
  0.0681  0.0740  0.0636  0.0692  0.0654  0.0686
registration optimization eta report
parameter search radius
    6.0000    6.0000    7.9350    6.0000    6.0000    6.9000
100000*second partial in parameter space
       25.       41.        7.       26.       16.       18.
  0.0689  0.0755  0.0623  0.0696  0.0657  0.0679
  0.0632  0.0679  0.0601  0.0655  0.0626  0.0645
  0.0598  0.0606  0.0588  0.0608  0.0603  0.0614
  0.0597  0.0597  0.0597  0.0597  0.0597  0.0597
  0.0612  0.0631  0.0575  0.0621  0.0608  0.0605
  0.0641  0.0687  0.0585  0.0656  0.0626  0.0640
  0.0681  0.0740  0.0636  0.0692  0.0654  0.0686
    0.0343  -14.3372   14.9537   -0.5012   -3.4434    3.5232
eta,q 0.94031 12.68644

---------------------------------------------------------------------
imgreg_4dfp /opt/freesurfer/average/711-2C_as_mni_average_305 /opt/freesurfer/average/711-2B_as_mni_average_305_mask talsrcimg_g11 none talsrcimg_to_711-2C_as_mni_average_305_t4 3335
---------------------------------------------------------------------

freesurfer imgreg_4dfp.c
/opt/freesurfer/average/711-2C_as_mni_average_305.4dfp.img
       256       256       256         1
  1.000000  1.000000  1.000000
orientation T byte_order littleendian
Reading image: /opt/freesurfer/average/711-2C_as_mni_average_305.4dfp.img
dimensions:      256       256       256
mmppix:       1.0000   -1.0000   -1.0000
center:     128.0000 -129.0000 -129.0000
/opt/freesurfer/average/711-2B_as_mni_average_305_mask.4dfp.img
       256       256       256         1
  1.000000  1.000000  1.000000
orientation T byte_order littleendian
Reading mask: /opt/freesurfer/average/711-2B_as_mni_average_305_mask.4dfp.img (2306576 pixels)
talsrcimg_g11.4dfp.img
       256       256       256         1
  0.900000  0.900000  0.900000
orientation T byte_order littleendian
Reading image: talsrcimg_g11.4dfp.img
dimensions:      256       256       256
mmppix:       0.9000   -0.9000   -0.9000
center:     115.2000 -116.1000 -116.1000
fimgreg.f
image alignment mode   3335 decimal      D07 hex
parameters
    0.0343  -14.3372   14.9537   -0.3692   -0.1961   -0.1844
   -6.1975    5.9410    6.1342    1.2422   -6.0063   -0.8732
eta,q 0.94250 12.75316
niter,ni,del,rscale     5    3    5.0000    1.2000
parameter  3  0.574515 ->  0.500000 qaram    1.1500
parameter  4  3.204203 ->  0.500000 qaram    1.1500
parameter  5  2.873072 ->  0.500000 qaram    1.1500
parameter  6  7.694247 ->  0.500000 qaram    1.1500
parameter  9  0.555814 ->  0.500000 qaram    1.1500
parameter 12  0.615932 ->  0.500000 qaram    1.1500
parameters
   -0.2139  -14.1973   13.5737   -4.5092   -4.3361   -4.3244
   -6.4997    3.3081    1.9942   -0.8048   -7.7674   -5.0132
eta,q 0.96125 11.95978
  0.0590  0.0591  0.0575  0.0484  0.0440  0.0363  0.0423  0.0413  0.0398  0.0408  0.0398  0.0389
  0.0582  0.0582  0.0572  0.0509  0.0462  0.0394  0.0413  0.0401  0.0395  0.0397  0.0392  0.0387
  0.0577  0.0577  0.0572  0.0540  0.0488  0.0436  0.0407  0.0400  0.0396  0.0393  0.0391  0.0388
  0.0575  0.0575  0.0575  0.0572  0.0517  0.0469  0.0405  0.0405  0.0400  0.0395  0.0392  0.0391
  0.0578  0.0576  0.0583  0.0609  0.0547  0.0503  0.0408  0.0414  0.0408  0.0405  0.0396  0.0397
  0.0586  0.0580  0.0591  0.0650  0.0581  0.0552  0.0415  0.0427  0.0420  0.0420  0.0401  0.0404
  0.0599  0.0587  0.0597  0.0694  0.0623  0.0589  0.0427  0.0443  0.0434  0.0437  0.0407  0.0414
niter,ni,del,rscale     7    3    5.0000    1.2000
parameter  4  1.330728 ->  0.500000 qaram    1.3225
parameter  5  2.009335 ->  0.500000 qaram    1.3225
parameter  6  0.781074 ->  0.500000 qaram    1.3225
parameters
   -0.2682  -14.7360   12.5463   -9.2702   -9.0971   -9.0854
   -5.1195    5.9191    4.6876   -1.0687   -5.1155   -6.0761
eta,q 0.97681 11.68441
  0.0412  0.0398  0.0394  0.0323  0.0265  0.0255  0.0291  0.0329  0.0286  0.0277  0.0269  0.0254
  0.0398  0.0391  0.0385  0.0328  0.0279  0.0251  0.0273  0.0298  0.0266  0.0256  0.0255  0.0242
  0.0390  0.0387  0.0383  0.0348  0.0304  0.0257  0.0259  0.0270  0.0250  0.0241  0.0244  0.0234
  0.0387  0.0387  0.0387  0.0383  0.0332  0.0285  0.0251  0.0250  0.0239  0.0236  0.0236  0.0232
  0.0391  0.0393  0.0397  0.0424  0.0364  0.0342  0.0250  0.0240  0.0236  0.0242  0.0232  0.0239
  0.0400  0.0402  0.0411  0.0467  0.0402  0.0403  0.0257  0.0245  0.0239  0.0259  0.0234  0.0252
  0.0415  0.0416  0.0426  0.0517  0.0442  0.0462  0.0270  0.0266  0.0251  0.0285  0.0242  0.0269
niter,ni,del,rscale     7    3    5.0000    1.2000
parameters
   -0.3352  -14.9053   12.8416  -12.1020  -12.4037  -10.5881
   -5.3452    5.4036    5.1137   -0.3003   -4.6709   -5.2793
eta,q 0.97740 11.55402
  0.0270  0.0258  0.0272  0.0263  0.0243  0.0272  0.0255  0.0273  0.0255  0.0262  0.0244  0.0248
  0.0249  0.0242  0.0252  0.0240  0.0228  0.0253  0.0239  0.0249  0.0241  0.0243  0.0235  0.0238
  0.0236  0.0233  0.0238  0.0225  0.0219  0.0236  0.0230  0.0232  0.0231  0.0231  0.0229  0.0230
  0.0232  0.0232  0.0232  0.0231  0.0224  0.0219  0.0227  0.0227  0.0227  0.0227  0.0226  0.0226
  0.0237  0.0237  0.0233  0.0258  0.0247  0.0223  0.0231  0.0236  0.0229  0.0227  0.0228  0.0227
  0.0252  0.0249  0.0242  0.0300  0.0278  0.0277  0.0242  0.0258  0.0236  0.0235  0.0232  0.0232
  0.0275  0.0266  0.0258  0.0348  0.0318  0.0350  0.0258  0.0289  0.0250  0.0249  0.0240  0.0242
niter,ni,del,rscale     6    3    5.0000    1.2000
parameters
   -0.3387  -14.5329   12.5215  -11.6434  -12.7585  -11.2879
   -5.4511    5.2270    5.0197    0.0310   -4.3005   -5.6387
eta,q 0.97722 11.52324
  0.0262  0.0258  0.0242  0.0286  0.0265  0.0277  0.0257  0.0277  0.0252  0.0256  0.0245  0.0244
  0.0243  0.0242  0.0231  0.0264  0.0247  0.0258  0.0241  0.0253  0.0239  0.0240  0.0236  0.0235
  0.0230  0.0231  0.0226  0.0242  0.0233  0.0240  0.0231  0.0235  0.0231  0.0231  0.0230  0.0230
  0.0226  0.0226  0.0225  0.0225  0.0224  0.0224  0.0228  0.0228  0.0228  0.0228  0.0228  0.0228
  0.0230  0.0226  0.0229  0.0226  0.0228  0.0217  0.0232  0.0235  0.0231  0.0229  0.0229  0.0230
  0.0243  0.0232  0.0238  0.0247  0.0248  0.0252  0.0243  0.0255  0.0239  0.0237  0.0234  0.0237
  0.0262  0.0243  0.0252  0.0285  0.0276  0.0324  0.0259  0.0284  0.0253  0.0251  0.0242  0.0248
niter,ni,del,rscale     5    3    5.0000    1.2000
parameters
   -0.3697  -14.3532   12.4475  -11.4249  -12.8359  -11.4331
   -5.4463    5.0958    4.9005    0.3652   -4.1548   -5.9035
eta,q 0.97721 11.51838
  0.0263  0.0254  0.0246  0.0285  0.0268  0.0280  0.0258  0.0278  0.0251  0.0255  0.0244  0.0245
  0.0244  0.0240  0.0235  0.0265  0.0250  0.0261  0.0242  0.0254  0.0239  0.0239  0.0235  0.0236
  0.0232  0.0231  0.0229  0.0244  0.0237  0.0243  0.0232  0.0235  0.0231  0.0231  0.0230  0.0230
  0.0228  0.0228  0.0228  0.0228  0.0227  0.0227  0.0228  0.0228  0.0228  0.0228  0.0228  0.0228
  0.0232  0.0229  0.0230  0.0230  0.0230  0.0217  0.0232  0.0235  0.0231  0.0229  0.0230  0.0230
  0.0245  0.0236  0.0237  0.0252  0.0248  0.0241  0.0242  0.0255  0.0239  0.0236  0.0235  0.0236
  0.0265  0.0247  0.0248  0.0290  0.0274  0.0309  0.0258  0.0283  0.0253  0.0251  0.0243  0.0248
niter,ni,del,rscale     4    3    5.0000    1.2000
parameters
   -0.4037  -14.2546   12.4068  -11.3760  -12.9401  -11.4515
   -5.3959    5.0042    4.8343    0.5837   -4.0865   -6.0623
eta,q 0.97720 11.51363
  0.0263  0.0252  0.0247  0.0284  0.0268  0.0281  0.0258  0.0278  0.0251  0.0254  0.0244  0.0245
  0.0244  0.0239  0.0236  0.0264  0.0251  0.0262  0.0242  0.0254  0.0239  0.0239  0.0235  0.0236
  0.0232  0.0231  0.0230  0.0243  0.0237  0.0244  0.0232  0.0235  0.0231  0.0231  0.0230  0.0230
  0.0228  0.0228  0.0228  0.0228  0.0228  0.0228  0.0228  0.0228  0.0228  0.0228  0.0228  0.0228
  0.0233  0.0230  0.0230  0.0231  0.0231  0.0217  0.0232  0.0235  0.0231  0.0229  0.0230  0.0230
  0.0245  0.0237  0.0237  0.0254  0.0248  0.0240  0.0242  0.0254  0.0239  0.0236  0.0235  0.0236
  0.0265  0.0248  0.0248  0.0293  0.0275  0.0306  0.0257  0.0282  0.0252  0.0251  0.0243  0.0247
niter,ni,del,rscale     3    3    5.0000    1.2000
parameters
   -0.4327  -14.1881   12.3829  -11.3619  -13.0269  -11.4614
   -5.3580    4.9410    4.8000    0.7404   -4.0436   -6.1727
eta,q 0.97719 11.50977
  0.0263  0.0251  0.0247  0.0284  0.0268  0.0281  0.0258  0.0278  0.0251  0.0253  0.0244  0.0245
  0.0244  0.0238  0.0236  0.0263  0.0251  0.0262  0.0242  0.0254  0.0239  0.0238  0.0235  0.0236
  0.0232  0.0231  0.0230  0.0243  0.0237  0.0244  0.0232  0.0236  0.0231  0.0231  0.0230  0.0230
  0.0228  0.0228  0.0228  0.0228  0.0228  0.0228  0.0228  0.0228  0.0228  0.0228  0.0228  0.0228
  0.0233  0.0230  0.0230  0.0231  0.0231  0.0217  0.0232  0.0235  0.0231  0.0229  0.0230  0.0230
  0.0245  0.0237  0.0237  0.0254  0.0248  0.0240  0.0242  0.0254  0.0239  0.0237  0.0235  0.0236
  0.0265  0.0249  0.0247  0.0293  0.0274  0.0306  0.0257  0.0282  0.0252  0.0251  0.0243  0.0247
niter,ni,del,rscale     2    3    5.0000    1.2000
parameters
   -0.4523  -14.1368   12.3582  -11.3613  -13.0919  -11.4726
   -5.3353    4.8972    4.7825    0.8665   -4.0233   -6.2576
eta,q 0.97718 11.50647
  0.0263  0.0251  0.0247  0.0283  0.0268  0.0281  0.0258  0.0279  0.0251  0.0252  0.0244  0.0245
  0.0244  0.0238  0.0236  0.0263  0.0251  0.0262  0.0242  0.0255  0.0239  0.0238  0.0235  0.0236
  0.0232  0.0231  0.0230  0.0243  0.0237  0.0244  0.0232  0.0236  0.0231  0.0231  0.0230  0.0231
  0.0228  0.0228  0.0228  0.0228  0.0228  0.0228  0.0228  0.0228  0.0228  0.0228  0.0228  0.0228
  0.0233  0.0230  0.0230  0.0231  0.0231  0.0217  0.0232  0.0235  0.0231  0.0229  0.0230  0.0230
  0.0245  0.0237  0.0237  0.0255  0.0248  0.0240  0.0242  0.0254  0.0239  0.0237  0.0235  0.0236
  0.0264  0.0249  0.0248  0.0293  0.0274  0.0306  0.0257  0.0281  0.0252  0.0251  0.0243  0.0247
niter,ni,del,rscale     1    3    5.0000    1.2000
parameters
   -0.4665  -14.0957   12.3409  -11.3618  -13.1452  -11.4805
   -5.3159    4.8675    4.7741    0.9657   -4.0070   -6.3220
eta,q 0.97717 11.50388
  0.0263  0.0251  0.0247  0.0283  0.0268  0.0281  0.0258  0.0279  0.0251  0.0252  0.0244  0.0245
  0.0244  0.0238  0.0236  0.0263  0.0251  0.0262  0.0242  0.0255  0.0239  0.0238  0.0235  0.0236
  0.0232  0.0231  0.0230  0.0243  0.0237  0.0245  0.0232  0.0236  0.0231  0.0231  0.0230  0.0231
  0.0228  0.0228  0.0228  0.0228  0.0228  0.0228  0.0228  0.0228  0.0228  0.0228  0.0228  0.0228
  0.0233  0.0230  0.0230  0.0231  0.0231  0.0217  0.0232  0.0235  0.0231  0.0229  0.0230  0.0230
  0.0245  0.0237  0.0237  0.0255  0.0248  0.0240  0.0242  0.0254  0.0239  0.0237  0.0235  0.0236
  0.0264  0.0249  0.0248  0.0293  0.0274  0.0305  0.0257  0.0281  0.0251  0.0251  0.0244  0.0247
registration optimization eta report
parameter search radius
    2.4000    2.4000    2.7600    9.5220    9.5220    9.5220
    7.2000    7.2000    8.2800    7.2000    7.2000    8.2800
100000*second partial in parameter space
       61.       37.       25.        6.        5.        8.
        6.       10.        3.        5.        3.        3.
  0.0263  0.0251  0.0247  0.0283  0.0268  0.0281  0.0258  0.0279  0.0251  0.0252  0.0244  0.0245
  0.0244  0.0238  0.0236  0.0263  0.0251  0.0262  0.0242  0.0255  0.0239  0.0238  0.0235  0.0236
  0.0232  0.0231  0.0230  0.0243  0.0237  0.0245  0.0232  0.0236  0.0231  0.0231  0.0230  0.0231
  0.0228  0.0228  0.0228  0.0228  0.0228  0.0228  0.0228  0.0228  0.0228  0.0228  0.0228  0.0228
  0.0233  0.0230  0.0230  0.0231  0.0231  0.0217  0.0232  0.0235  0.0231  0.0229  0.0230  0.0230
  0.0245  0.0237  0.0237  0.0255  0.0248  0.0240  0.0242  0.0254  0.0239  0.0237  0.0235  0.0236
  0.0264  0.0249  0.0248  0.0293  0.0274  0.0305  0.0257  0.0281  0.0251  0.0251  0.0244  0.0247
   -0.4665  -14.0957   12.3409  -11.3618  -13.1452  -11.4805
   -5.3159    4.8675    4.7741    0.9657   -4.0070   -6.3220
eta,q 0.97717 11.50388

---------------------------------------------------------------------
imgreg_4dfp /opt/freesurfer/average/711-2C_as_mni_average_305 /opt/freesurfer/average/711-2B_as_mni_average_305_mask talsrcimg_g11 none talsrcimg_to_711-2C_as_mni_average_305_t4 2311
---------------------------------------------------------------------

freesurfer imgreg_4dfp.c
/opt/freesurfer/average/711-2C_as_mni_average_305.4dfp.img
       256       256       256         1
  1.000000  1.000000  1.000000
orientation T byte_order littleendian
Reading image: /opt/freesurfer/average/711-2C_as_mni_average_305.4dfp.img
dimensions:      256       256       256
mmppix:       1.0000   -1.0000   -1.0000
center:     128.0000 -129.0000 -129.0000
/opt/freesurfer/average/711-2B_as_mni_average_305_mask.4dfp.img
       256       256       256         1
  1.000000  1.000000  1.000000
orientation T byte_order littleendian
Reading mask: /opt/freesurfer/average/711-2B_as_mni_average_305_mask.4dfp.img (2306576 pixels)
talsrcimg_g11.4dfp.img
       256       256       256         1
  0.900000  0.900000  0.900000
orientation T byte_order littleendian
Reading image: talsrcimg_g11.4dfp.img
dimensions:      256       256       256
mmppix:       0.9000   -0.9000   -0.9000
center:     115.2000 -116.1000 -116.1000
fimgreg.f
image alignment mode   2311 decimal      907 hex
parameters
   -0.4665  -14.0957   12.3409  -11.3618  -13.1452  -11.4805
   -5.3159    4.8675    4.7741    0.9657   -4.0070   -6.3220
eta,q 0.97717 11.50389
niter,ni,del,rscale     5    3    5.0000    0.8000
parameter  6 -0.547286 -> -0.500000 qaram    1.1500
parameters
   -0.4757  -14.0650   12.3025  -10.4009  -12.6409   -8.7205
   -5.2733    4.8671    4.5303    0.2980   -3.9129   -7.1579
eta,q 0.97820 11.57186
  0.0245  0.0238  0.0234  0.0254  0.0242  0.0250  0.0235  0.0251  0.0228  0.0231  0.0229  0.0225
  0.0236  0.0233  0.0231  0.0243  0.0236  0.0242  0.0226  0.0235  0.0222  0.0224  0.0224  0.0221
  0.0230  0.0230  0.0229  0.0234  0.0231  0.0234  0.0220  0.0223  0.0219  0.0219  0.0220  0.0218
  0.0228  0.0228  0.0228  0.0228  0.0227  0.0226  0.0218  0.0218  0.0218  0.0218  0.0218  0.0218
  0.0230  0.0229  0.0229  0.0227  0.0227  0.0221  0.0220  0.0222  0.0220  0.0222  0.0219  0.0221
  0.0236  0.0232  0.0231  0.0232  0.0231  0.0219  0.0226  0.0234  0.0224  0.0230  0.0223  0.0225
  0.0245  0.0238  0.0235  0.0241  0.0239  0.0227  0.0234  0.0252  0.0230  0.0242  0.0229  0.0232
niter,ni,del,rscale     5    3    5.0000    0.8000
parameters
   -0.5326  -14.3226   12.7844  -11.1528  -12.8412   -9.2508
   -5.2327    4.8852    4.7017    0.4295   -4.2168   -6.6931
eta,q 0.97823 11.56869
  0.0235  0.0226  0.0236  0.0233  0.0230  0.0244  0.0234  0.0250  0.0228  0.0233  0.0226  0.0228
  0.0225  0.0221  0.0227  0.0223  0.0224  0.0234  0.0225  0.0234  0.0223  0.0225  0.0222  0.0223
  0.0220  0.0218  0.0221  0.0217  0.0219  0.0224  0.0220  0.0223  0.0219  0.0220  0.0219  0.0219
  0.0218  0.0218  0.0218  0.0217  0.0216  0.0216  0.0218  0.0218  0.0218  0.0218  0.0218  0.0218
  0.0221  0.0221  0.0217  0.0222  0.0218  0.0218  0.0220  0.0222  0.0219  0.0219  0.0219  0.0218
  0.0227  0.0226  0.0218  0.0232  0.0224  0.0235  0.0225  0.0233  0.0222  0.0223  0.0223  0.0220
  0.0238  0.0234  0.0222  0.0248  0.0235  0.0270  0.0233  0.0251  0.0227  0.0232  0.0229  0.0225
niter,ni,del,rscale     4    3    5.0000    0.7000
parameters
   -0.5222  -14.3479   12.6996  -10.9786  -12.6313   -9.2170
   -5.2598    4.9932    4.7188    0.2651   -4.2771   -6.6405
eta,q 0.97826 11.57722
  0.0232  0.0226  0.0224  0.0236  0.0230  0.0242  0.0229  0.0244  0.0225  0.0228  0.0225  0.0224
  0.0224  0.0221  0.0221  0.0227  0.0225  0.0233  0.0223  0.0231  0.0221  0.0222  0.0221  0.0221
  0.0219  0.0219  0.0218  0.0221  0.0220  0.0224  0.0219  0.0221  0.0218  0.0219  0.0218  0.0218
  0.0218  0.0218  0.0218  0.0218  0.0218  0.0217  0.0217  0.0217  0.0217  0.0217  0.0217  0.0217
  0.0219  0.0219  0.0219  0.0219  0.0218  0.0216  0.0219  0.0220  0.0218  0.0218  0.0218  0.0218
  0.0224  0.0222  0.0222  0.0225  0.0222  0.0226  0.0223  0.0228  0.0221  0.0223  0.0221  0.0220
  0.0232  0.0227  0.0226  0.0234  0.0229  0.0248  0.0230  0.0243  0.0225  0.0230  0.0225  0.0224
niter,ni,del,rscale     3    3    5.0000    0.6000
parameters
   -0.5008  -14.3956   12.7309  -10.9777  -12.4908   -8.9383
   -5.2821    5.0637    4.7050    0.1305   -4.3291   -6.6792
eta,q 0.97836 11.58544
  0.0228  0.0223  0.0223  0.0231  0.0227  0.0237  0.0225  0.0237  0.0222  0.0225  0.0222  0.0221
  0.0222  0.0220  0.0220  0.0224  0.0223  0.0230  0.0220  0.0227  0.0219  0.0220  0.0219  0.0219
  0.0219  0.0218  0.0218  0.0219  0.0219  0.0223  0.0217  0.0219  0.0217  0.0217  0.0217  0.0217
  0.0217  0.0217  0.0217  0.0217  0.0217  0.0217  0.0216  0.0216  0.0216  0.0216  0.0216  0.0216
  0.0218  0.0218  0.0218  0.0219  0.0218  0.0215  0.0217  0.0218  0.0217  0.0217  0.0217  0.0217
  0.0222  0.0221  0.0220  0.0224  0.0221  0.0222  0.0221  0.0225  0.0219  0.0221  0.0219  0.0219
  0.0228  0.0224  0.0223  0.0231  0.0226  0.0237  0.0226  0.0236  0.0222  0.0226  0.0223  0.0222
niter,ni,del,rscale     2    3    5.0000    0.5000
parameters
   -0.4924  -14.4495   12.7607  -11.0870  -12.3982   -8.6378
   -5.2880    5.1224    4.7170    0.0321   -4.3805   -6.7112
eta,q 0.97844 11.59083
  0.0224  0.0221  0.0221  0.0225  0.0223  0.0233  0.0222  0.0231  0.0220  0.0222  0.0220  0.0219
  0.0220  0.0218  0.0218  0.0220  0.0220  0.0227  0.0218  0.0223  0.0217  0.0218  0.0217  0.0217
  0.0217  0.0217  0.0217  0.0217  0.0218  0.0221  0.0216  0.0218  0.0216  0.0216  0.0216  0.0216
  0.0216  0.0216  0.0216  0.0216  0.0216  0.0216  0.0216  0.0216  0.0216  0.0216  0.0216  0.0216
  0.0217  0.0217  0.0217  0.0218  0.0217  0.0215  0.0216  0.0217  0.0216  0.0216  0.0216  0.0216
  0.0220  0.0219  0.0218  0.0221  0.0219  0.0220  0.0219  0.0222  0.0217  0.0219  0.0218  0.0217
  0.0224  0.0221  0.0220  0.0227  0.0223  0.0231  0.0222  0.0230  0.0220  0.0223  0.0220  0.0219
niter,ni,del,rscale     1    3    5.0000    0.4000
parameters
   -0.4860  -14.4961   12.7845  -11.2255  -12.3343   -8.3720
   -5.3054    5.1739    4.7277   -0.0497   -4.4023   -6.7462
eta,q 0.97850 11.59385
  0.0221  0.0218  0.0219  0.0221  0.0220  0.0228  0.0219  0.0225  0.0218  0.0219  0.0218  0.0218
  0.0218  0.0217  0.0217  0.0218  0.0218  0.0223  0.0217  0.0220  0.0216  0.0217  0.0216  0.0216
  0.0216  0.0216  0.0216  0.0216  0.0216  0.0219  0.0215  0.0216  0.0215  0.0216  0.0215  0.0215
  0.0216  0.0216  0.0216  0.0216  0.0216  0.0215  0.0215  0.0215  0.0215  0.0215  0.0215  0.0215
  0.0216  0.0216  0.0216  0.0217  0.0216  0.0215  0.0216  0.0216  0.0215  0.0216  0.0215  0.0215
  0.0218  0.0217  0.0217  0.0219  0.0217  0.0218  0.0217  0.0219  0.0216  0.0217  0.0216  0.0216
  0.0220  0.0219  0.0218  0.0223  0.0220  0.0225  0.0219  0.0225  0.0218  0.0220  0.0218  0.0218
registration optimization eta report
parameter search radius
    0.8000    0.8000    0.8000    2.4000    2.4000    2.7600
    2.4000    2.4000    2.4000    2.4000    2.4000    2.4000
100000*second partial in parameter space
       76.       48.       46.       11.        8.       15.
        7.       18.        5.        8.        5.        4.
  0.0221  0.0218  0.0219  0.0221  0.0220  0.0228  0.0219  0.0225  0.0218  0.0219  0.0218  0.0218
  0.0218  0.0217  0.0217  0.0218  0.0218  0.0223  0.0217  0.0220  0.0216  0.0217  0.0216  0.0216
  0.0216  0.0216  0.0216  0.0216  0.0216  0.0219  0.0215  0.0216  0.0215  0.0216  0.0215  0.0215
  0.0216  0.0216  0.0216  0.0216  0.0216  0.0215  0.0215  0.0215  0.0215  0.0215  0.0215  0.0215
  0.0216  0.0216  0.0216  0.0217  0.0216  0.0215  0.0216  0.0216  0.0215  0.0216  0.0215  0.0215
  0.0218  0.0217  0.0217  0.0219  0.0217  0.0218  0.0217  0.0219  0.0216  0.0217  0.0216  0.0216
  0.0220  0.0219  0.0218  0.0223  0.0220  0.0225  0.0219  0.0225  0.0218  0.0220  0.0218  0.0218
   -0.4860  -14.4961   12.7845  -11.2255  -12.3343   -8.3720
   -5.3054    5.1739    4.7277   -0.0497   -4.4023   -6.7462
eta,q 0.97850 11.59385

---------------------------------------------------------------------
imgreg_4dfp /opt/freesurfer/average/711-2C_as_mni_average_305 /opt/freesurfer/average/711-2B_as_mni_average_305_mask talsrcimg_g11 none talsrcimg_to_711-2C_as_mni_average_305_t4 2311
---------------------------------------------------------------------

freesurfer imgreg_4dfp.c
/opt/freesurfer/average/711-2C_as_mni_average_305.4dfp.img
       256       256       256         1
  1.000000  1.000000  1.000000
orientation T byte_order littleendian
Reading image: /opt/freesurfer/average/711-2C_as_mni_average_305.4dfp.img
dimensions:      256       256       256
mmppix:       1.0000   -1.0000   -1.0000
center:     128.0000 -129.0000 -129.0000
/opt/freesurfer/average/711-2B_as_mni_average_305_mask.4dfp.img
       256       256       256         1
  1.000000  1.000000  1.000000
orientation T byte_order littleendian
Reading mask: /opt/freesurfer/average/711-2B_as_mni_average_305_mask.4dfp.img (2306576 pixels)
talsrcimg_g11.4dfp.img
       256       256       256         1
  0.900000  0.900000  0.900000
orientation T byte_order littleendian
Reading image: talsrcimg_g11.4dfp.img
dimensions:      256       256       256
mmppix:       0.9000   -0.9000   -0.9000
center:     115.2000 -116.1000 -116.1000
fimgreg.f
image alignment mode   2311 decimal      907 hex
parameters
   -0.4860  -14.4961   12.7845  -11.2255  -12.3343   -8.3720
   -5.3054    5.1739    4.7277   -0.0497   -4.4023   -6.7462
eta,q 0.97850 11.59385
niter,ni,del,rscale     5    3    5.0000    0.8000
parameters
   -0.4813  -14.5272   12.8105  -11.4247  -12.6936   -8.8710
   -5.2909    5.0954    4.8697   -0.0184   -4.4275   -6.5062
eta,q 0.97835 11.57734
  0.0234  0.0227  0.0228  0.0236  0.0229  0.0239  0.0232  0.0249  0.0227  0.0232  0.0227  0.0226
  0.0224  0.0220  0.0221  0.0225  0.0222  0.0230  0.0224  0.0233  0.0221  0.0224  0.0221  0.0221
  0.0217  0.0216  0.0216  0.0218  0.0217  0.0221  0.0218  0.0221  0.0218  0.0219  0.0218  0.0218
  0.0215  0.0215  0.0215  0.0215  0.0215  0.0215  0.0216  0.0216  0.0216  0.0217  0.0217  0.0217
  0.0217  0.0217  0.0216  0.0218  0.0217  0.0217  0.0218  0.0221  0.0218  0.0218  0.0218  0.0217
  0.0224  0.0221  0.0220  0.0227  0.0224  0.0232  0.0224  0.0233  0.0220  0.0223  0.0221  0.0220
  0.0234  0.0228  0.0227  0.0240  0.0235  0.0260  0.0232  0.0252  0.0225  0.0233  0.0227  0.0225
niter,ni,del,rscale     4    3    5.0000    0.7000
parameters
   -0.4813  -14.4688   12.7492  -11.1555  -12.5679   -8.8709
   -5.3232    5.1197    4.8149   -0.0333   -4.3945   -6.5627
eta,q 0.97838 11.58251
  0.0231  0.0226  0.0224  0.0236  0.0229  0.0236  0.0228  0.0243  0.0224  0.0228  0.0224  0.0223
  0.0223  0.0221  0.0220  0.0227  0.0223  0.0229  0.0222  0.0230  0.0219  0.0222  0.0220  0.0219
  0.0218  0.0218  0.0217  0.0220  0.0219  0.0222  0.0218  0.0220  0.0217  0.0218  0.0217  0.0217
  0.0216  0.0216  0.0216  0.0216  0.0216  0.0216  0.0216  0.0216  0.0216  0.0216  0.0216  0.0216
  0.0218  0.0217  0.0218  0.0218  0.0217  0.0216  0.0218  0.0219  0.0217  0.0217  0.0217  0.0217
  0.0223  0.0220  0.0221  0.0223  0.0221  0.0224  0.0222  0.0228  0.0220  0.0221  0.0220  0.0219
  0.0231  0.0225  0.0225  0.0232  0.0229  0.0242  0.0229  0.0243  0.0224  0.0229  0.0224  0.0223
niter,ni,del,rscale     3    3    5.0000    0.6000
parameters
   -0.4793  -14.4757   12.7689  -11.1224  -12.4610   -8.6670
   -5.3181    5.1361    4.7679   -0.0609   -4.3935   -6.6363
eta,q 0.97844 11.58827
  0.0227  0.0223  0.0223  0.0230  0.0226  0.0233  0.0225  0.0237  0.0221  0.0225  0.0222  0.0221
  0.0221  0.0219  0.0219  0.0223  0.0222  0.0227  0.0220  0.0226  0.0218  0.0220  0.0218  0.0218
  0.0217  0.0217  0.0217  0.0218  0.0218  0.0221  0.0217  0.0218  0.0216  0.0217  0.0216  0.0216
  0.0216  0.0216  0.0216  0.0216  0.0216  0.0216  0.0216  0.0216  0.0216  0.0216  0.0216  0.0216
  0.0217  0.0217  0.0217  0.0218  0.0217  0.0215  0.0217  0.0218  0.0216  0.0217  0.0216  0.0216
  0.0221  0.0219  0.0219  0.0222  0.0220  0.0220  0.0220  0.0225  0.0218  0.0220  0.0218  0.0218
  0.0227  0.0223  0.0222  0.0230  0.0226  0.0233  0.0225  0.0237  0.0221  0.0226  0.0222  0.0221
niter,ni,del,rscale     2    3    5.0000    0.5000
parameters
   -0.4813  -14.5069   12.7882  -11.2098  -12.3888   -8.4337
   -5.3164    5.1638    4.7620   -0.0977   -4.4059   -6.6927
eta,q 0.97849 11.59197
  0.0223  0.0220  0.0220  0.0225  0.0223  0.0229  0.0222  0.0231  0.0219  0.0222  0.0220  0.0219
  0.0219  0.0218  0.0218  0.0220  0.0220  0.0224  0.0218  0.0223  0.0217  0.0218  0.0217  0.0217
  0.0216  0.0216  0.0216  0.0217  0.0217  0.0219  0.0216  0.0217  0.0216  0.0216  0.0216  0.0216
  0.0216  0.0216  0.0216  0.0216  0.0216  0.0216  0.0215  0.0215  0.0215  0.0215  0.0215  0.0215
  0.0216  0.0216  0.0216  0.0217  0.0216  0.0215  0.0216  0.0217  0.0216  0.0216  0.0216  0.0216
  0.0219  0.0218  0.0218  0.0221  0.0218  0.0219  0.0218  0.0222  0.0217  0.0218  0.0217  0.0217
  0.0223  0.0221  0.0220  0.0226  0.0223  0.0228  0.0222  0.0230  0.0219  0.0222  0.0220  0.0219
niter,ni,del,rscale     1    3    5.0000    0.4000
parameters
   -0.4821  -14.5367   12.8009  -11.3152  -12.3309   -8.2303
   -5.3179    5.1937    4.7565   -0.1391   -4.4112   -6.7297
eta,q 0.97852 11.59431
  0.0220  0.0218  0.0218  0.0221  0.0220  0.0225  0.0219  0.0225  0.0217  0.0219  0.0218  0.0217
  0.0217  0.0216  0.0217  0.0218  0.0218  0.0221  0.0217  0.0220  0.0216  0.0217  0.0216  0.0216
  0.0216  0.0215  0.0216  0.0216  0.0216  0.0217  0.0215  0.0216  0.0215  0.0215  0.0215  0.0215
  0.0215  0.0215  0.0215  0.0215  0.0215  0.0215  0.0215  0.0215  0.0215  0.0215  0.0215  0.0215
  0.0216  0.0216  0.0215  0.0216  0.0215  0.0215  0.0215  0.0216  0.0215  0.0215  0.0215  0.0215
  0.0217  0.0217  0.0216  0.0218  0.0217  0.0217  0.0217  0.0219  0.0216  0.0217  0.0216  0.0216
  0.0220  0.0218  0.0218  0.0222  0.0220  0.0223  0.0219  0.0225  0.0217  0.0220  0.0218  0.0218
registration optimization eta report
parameter search radius
    0.8000    0.8000    0.8000    2.4000    2.4000    2.4000
    2.4000    2.4000    2.4000    2.4000    2.4000    2.4000
100000*second partial in parameter space
       77.       48.       47.       11.        8.       16.
        7.       18.        5.        8.        5.        5.
  0.0220  0.0218  0.0218  0.0221  0.0220  0.0225  0.0219  0.0225  0.0217  0.0219  0.0218  0.0217
  0.0217  0.0216  0.0217  0.0218  0.0218  0.0221  0.0217  0.0220  0.0216  0.0217  0.0216  0.0216
  0.0216  0.0215  0.0216  0.0216  0.0216  0.0217  0.0215  0.0216  0.0215  0.0215  0.0215  0.0215
  0.0215  0.0215  0.0215  0.0215  0.0215  0.0215  0.0215  0.0215  0.0215  0.0215  0.0215  0.0215
  0.0216  0.0216  0.0215  0.0216  0.0215  0.0215  0.0215  0.0216  0.0215  0.0215  0.0215  0.0215
  0.0217  0.0217  0.0216  0.0218  0.0217  0.0217  0.0217  0.0219  0.0216  0.0217  0.0216  0.0216
  0.0220  0.0218  0.0218  0.0222  0.0220  0.0223  0.0219  0.0225  0.0217  0.0220  0.0218  0.0218
   -0.4821  -14.5367   12.8009  -11.3152  -12.3309   -8.2303
   -5.3179    5.1937    4.7565   -0.1391   -4.4112   -6.7297
eta,q 0.97852 11.59431

---------------------------------------------------------------------
compute_vox2vox talsrcimg talsrcimg_to_711-2C_as_mni_average_305_t4 /opt/freesurfer/average/711-2C_as_mni_average_305
---------------------------------------------------------------------

freesurfer compute_vox2vox.c
Reading: talsrcimg.4dfp.ifh
Reading: talsrcimg_to_711-2C_as_mni_average_305_t4
Reading: /opt/freesurfer/average/711-2C_as_mni_average_305.4dfp.ifh
Writing: talsrcimg_to_711-2C_as_mni_average_305_t4_vox2vox.txt

start time Thu Mar 12 19:42:14 CET 2026
end		time Thu Mar 12 19:42:27 CET 2026

mpr2mni305 success

avi2talxfm orig_nu.mgz /opt/freesurfer/average/mni305.cor.mgz talsrcimg_to_711-2C_as_mni_average_305_t4_vox2vox.txt transforms/talairach.auto.xfm
avi2talxfm done
mv -f /out/sourcedata/freesurfer/sub-v2s1x29897_ses-1/mri/talsrcimg_to_711-2C_as_mni_average_305_t4_vox2vox.txt /out/sourcedata/freesurfer/sub-v2s1x29897_ses-1/mri/transforms/talsrcimg_to_711-2C_as_mni_average_305_t4_vox2vox.txt
lta_convert --src orig_nu.mgz --trg /opt/freesurfer/average/mni305.cor.mgz --inxfm transforms/talairach.auto.xfm --outlta transforms/talairach.auto.xfm.lta --subject fsaverage
7.3.2

--src: orig_nu.mgz src image (geometry).
--trg: /opt/freesurfer/average/mni305.cor.mgz trg image (geometry).
--inmni: transforms/talairach.auto.xfm input MNI/XFM transform.
--outlta: transforms/talairach.auto.xfm.lta output LTA.
--s: fsaverage subject name
 LTA read, type : 1
 1.12105  -0.06335   0.06314  -11.44211;
 0.04943   1.08702   0.08644  -45.80200;
-0.06074   0.00516   1.13736  -38.91508;
 0.00000   0.00000   0.00000   1.00000;
setting subject to fsaverage
Writing  LTA to file transforms/talairach.auto.xfm.lta...
lta_convert successful.
 
 
Started at Thu Mar 12 19:42:13 CET 2026
Ended   at Thu Mar 12 19:42:27 CET 2026
talairach_avi done
