status file for recon-all
Wed Mar 11 22:28:12 CET 2026
#@# Tessellate rh Wed Mar 11 22:28:12 CET 2026
#@# Smooth1 rh Wed Mar 11 22:28:16 CET 2026
#@# Inflation1 rh Wed Mar 11 22:28:19 CET 2026
#@# QSphere rh Wed Mar 11 22:29:36 CET 2026
#@# Fix Topology rh Wed Mar 11 22:30:57 CET 2026
#@# Smooth2 rh Wed Mar 11 22:37:54 CET 2026
#@# Inflation2 rh Wed Mar 11 22:37:57 CET 2026
#@# Curv .H and .K rh Wed Mar 11 22:38:26 CET 2026
#@# Sphere rh Wed Mar 11 22:39:26 CET 2026
#@# Surf Reg rh Wed Mar 11 22:42:42 CET 2026
#@# Jacobian white rh Wed Mar 11 22:47:56 CET 2026
#@# AvgCurv rh Wed Mar 11 22:47:57 CET 2026
#@# Cortical Parc rh Wed Mar 11 22:47:58 CET 2026
#@# white curv rh Wed Mar 11 22:55:33 CET 2026
#@# white area rh Wed Mar 11 22:55:35 CET 2026
#@# pial curv rh Wed Mar 11 22:55:36 CET 2026
#@# pial area rh Wed Mar 11 22:55:39 CET 2026
#@# thickness rh Wed Mar 11 22:55:40 CET 2026
#@# area and vertex vol rh Wed Mar 11 22:56:18 CET 2026
#@# Curvature Stats rh Wed Mar 11 22:56:20 CET 2026
#@# Cortical Parc 2 rh Wed Mar 11 22:56:23 CET 2026
#@# Cortical Parc 3 rh Wed Mar 11 22:56:41 CET 2026
#@# WM/GM Contrast rh Wed Mar 11 22:56:54 CET 2026
recon-all -s sub-v2s1x29876_ses-1 finished without error at Wed Mar 11 22:56:57 CET 2026



#New# invocation of recon-all 



status file for recon-all
Wed Mar 11 23:07:50 CET 2026
#@# white curv rh Wed Mar 11 23:07:50 CET 2026
#@# white area rh Wed Mar 11 23:07:50 CET 2026
#@# pial curv rh Wed Mar 11 23:07:51 CET 2026
#@# pial area rh Wed Mar 11 23:07:51 CET 2026
#@# thickness rh Wed Mar 11 23:07:51 CET 2026
#@# area and vertex vol rh Wed Mar 11 23:07:51 CET 2026
#@# Parcellation Stats rh Wed Mar 11 23:07:51 CET 2026
#@# Parcellation Stats 2 rh Wed Mar 11 23:08:19 CET 2026
#@# Parcellation Stats 3 rh Wed Mar 11 23:08:38 CET 2026
#@# BA_exvivo Labels rh Wed Mar 11 23:08:59 CET 2026
recon-all -s sub-v2s1x29876_ses-1 finished without error at Wed Mar 11 23:12:16 CET 2026
