status file for recon-all
Wed Mar 11 20:06:10 CET 2026
#@# MotionCor Wed Mar 11 20:06:12 CET 2026
#@# Talairach Wed Mar 11 20:06:20 CET 2026
#@# Talairach Failure Detection Wed Mar 11 20:10:43 CET 2026
#@# Nu Intensity Correction Wed Mar 11 20:10:43 CET 2026
#@# Intensity Normalization Wed Mar 11 20:13:59 CET 2026
recon-all -s sub-v2s1x29876_ses-1 finished without error at Wed Mar 11 20:15:31 CET 2026



#New# invocation of recon-all 



status file for recon-all
Wed Mar 11 20:22:58 CET 2026
#@# EM Registration Wed Mar 11 20:22:58 CET 2026
recon-all -s sub-v2s1x29876_ses-1 finished without error at Wed Mar 11 20:25:11 CET 2026



#New# invocation of recon-all 



status file for recon-all
Wed Mar 11 20:25:14 CET 2026
#@# CA Normalize Wed Mar 11 20:25:14 CET 2026
#@# CA Reg Wed Mar 11 20:26:35 CET 2026
#@# SubCort Seg Wed Mar 11 21:20:25 CET 2026
#@# CC Seg Wed Mar 11 21:52:09 CET 2026
#@# Merge ASeg Wed Mar 11 21:52:51 CET 2026
#@# Intensity Normalization2 Wed Mar 11 21:52:51 CET 2026
#@# Mask BFS Wed Mar 11 21:55:12 CET 2026
#@# WM Segmentation Wed Mar 11 21:55:12 CET 2026
#@# Fill Wed Mar 11 21:57:12 CET 2026
recon-all -s sub-v2s1x29876_ses-1 finished without error at Wed Mar 11 21:58:12 CET 2026



#New# invocation of recon-all 



status file for recon-all
Wed Mar 11 22:57:04 CET 2026
#@# white curv lh Wed Mar 11 22:57:04 CET 2026
#@# white area lh Wed Mar 11 22:57:04 CET 2026
#@# pial curv lh Wed Mar 11 22:57:04 CET 2026
#@# pial area lh Wed Mar 11 22:57:04 CET 2026
#@# thickness lh Wed Mar 11 22:57:04 CET 2026
#@# area and vertex vol lh Wed Mar 11 22:57:04 CET 2026
#@# white curv rh Wed Mar 11 22:57:04 CET 2026
#@# white area rh Wed Mar 11 22:57:05 CET 2026
#@# pial curv rh Wed Mar 11 22:57:05 CET 2026
#@# pial area rh Wed Mar 11 22:57:05 CET 2026
#@# thickness rh Wed Mar 11 22:57:05 CET 2026
#@# area and vertex vol rh Wed Mar 11 22:57:05 CET 2026
#@# Cortical ribbon mask Wed Mar 11 22:57:05 CET 2026
recon-all -s sub-v2s1x29876_ses-1 finished without error at Wed Mar 11 23:03:25 CET 2026



#New# invocation of recon-all 



status file for recon-all
Wed Mar 11 23:12:23 CET 2026
#@# white curv lh Wed Mar 11 23:12:23 CET 2026
#@# white area lh Wed Mar 11 23:12:23 CET 2026
#@# pial curv lh Wed Mar 11 23:12:23 CET 2026
#@# pial area lh Wed Mar 11 23:12:23 CET 2026
#@# thickness lh Wed Mar 11 23:12:23 CET 2026
#@# area and vertex vol lh Wed Mar 11 23:12:23 CET 2026
#@# white curv rh Wed Mar 11 23:12:23 CET 2026
#@# white area rh Wed Mar 11 23:12:23 CET 2026
#@# pial curv rh Wed Mar 11 23:12:23 CET 2026
#@# pial area rh Wed Mar 11 23:12:23 CET 2026
#@# thickness rh Wed Mar 11 23:12:23 CET 2026
#@# area and vertex vol rh Wed Mar 11 23:12:23 CET 2026
#@# Curvature Stats lh Wed Mar 11 23:12:23 CET 2026
#@# Curvature Stats rh Wed Mar 11 23:12:26 CET 2026
#@# Relabel Hypointensities Wed Mar 11 23:12:29 CET 2026
#@# APas-to-ASeg Wed Mar 11 23:12:48 CET 2026
#@# AParc-to-ASeg aparc Wed Mar 11 23:12:58 CET 2026
#@# AParc-to-ASeg aparc.a2009s Wed Mar 11 23:14:07 CET 2026
#@# AParc-to-ASeg aparc.DKTatlas Wed Mar 11 23:15:12 CET 2026
#@# WMParc Wed Mar 11 23:16:28 CET 2026
#@# ASeg Stats Wed Mar 11 23:20:27 CET 2026
recon-all -s sub-v2s1x29876_ses-1 finished without error at Wed Mar 11 23:21:08 CET 2026
