status file for recon-all
Wed Mar 11 21:58:16 CET 2026
#@# Tessellate lh Wed Mar 11 21:58:16 CET 2026
#@# Smooth1 lh Wed Mar 11 21:58:20 CET 2026
#@# Inflation1 lh Wed Mar 11 21:58:24 CET 2026
#@# QSphere lh Wed Mar 11 21:59:44 CET 2026
#@# Fix Topology lh Wed Mar 11 22:01:11 CET 2026
#@# Smooth2 lh Wed Mar 11 22:07:54 CET 2026
#@# Inflation2 lh Wed Mar 11 22:07:58 CET 2026
#@# Curv .H and .K lh Wed Mar 11 22:08:30 CET 2026
#@# Sphere lh Wed Mar 11 22:09:31 CET 2026
#@# Surf Reg lh Wed Mar 11 22:12:27 CET 2026
#@# Jacobian white lh Wed Mar 11 22:19:01 CET 2026
#@# AvgCurv lh Wed Mar 11 22:19:02 CET 2026
#@# Cortical Parc lh Wed Mar 11 22:19:03 CET 2026
#@# white curv lh Wed Mar 11 22:26:46 CET 2026
#@# white area lh Wed Mar 11 22:26:49 CET 2026
#@# pial curv lh Wed Mar 11 22:26:50 CET 2026
#@# pial area lh Wed Mar 11 22:26:52 CET 2026
#@# thickness lh Wed Mar 11 22:26:53 CET 2026
#@# area and vertex vol lh Wed Mar 11 22:27:31 CET 2026
#@# Curvature Stats lh Wed Mar 11 22:27:33 CET 2026
#@# Cortical Parc 2 lh Wed Mar 11 22:27:36 CET 2026
#@# Cortical Parc 3 lh Wed Mar 11 22:27:52 CET 2026
#@# WM/GM Contrast lh Wed Mar 11 22:28:06 CET 2026
recon-all -s sub-v2s1x29876_ses-1 finished without error at Wed Mar 11 22:28:09 CET 2026



#New# invocation of recon-all 



status file for recon-all
Wed Mar 11 23:03:30 CET 2026
#@# white curv lh Wed Mar 11 23:03:30 CET 2026
#@# white area lh Wed Mar 11 23:03:30 CET 2026
#@# pial curv lh Wed Mar 11 23:03:31 CET 2026
#@# pial area lh Wed Mar 11 23:03:31 CET 2026
#@# thickness lh Wed Mar 11 23:03:31 CET 2026
#@# area and vertex vol lh Wed Mar 11 23:03:31 CET 2026
#@# Parcellation Stats lh Wed Mar 11 23:03:31 CET 2026
#@# Parcellation Stats 2 lh Wed Mar 11 23:03:59 CET 2026
#@# Parcellation Stats 3 lh Wed Mar 11 23:04:15 CET 2026
#@# BA_exvivo Labels lh Wed Mar 11 23:04:29 CET 2026
recon-all -s sub-v2s1x29876_ses-1 finished without error at Wed Mar 11 23:07:49 CET 2026
