/out/sourcedata/freesurfer/sub-v2s1x29872_ses-1/mri
/opt/freesurfer/bin/talairach_avi
--i orig_nu.mgz --xfm transforms/talairach.auto.xfm
talairach_avi 7.3.2
Linux dna087 5.14.0-427.37.1.el9_4.x86_64 #1 SMP PREEMPT_DYNAMIC Fri Sep 13 12:41:50 EDT 2024 x86_64 x86_64 x86_64 GNU/Linux
Wed Mar 11 19:33:42 CET 2026
mri_convert orig_nu.mgz talsrcimg.img 
reading from orig_nu.mgz...
TR=0.00, TE=0.00, TI=0.00, flip angle=0.00
i_ras = (-1, 0, 0)
j_ras = (0, 0, -1)
k_ras = (0, 1, 0)
writing to talsrcimg.img...
Analyze Output Matrix
-0.90000   0.00000   0.00000   117.18031;
 0.00000   0.00000   0.90000  -82.70203;
 0.00000  -0.90000   0.00000   175.87988;
 0.00000   0.00000   0.00000   1.00000;
--------------------
INFO: set hdr.hist.orient to -1
mpr2mni305 talsrcimg
Wed Mar 11 19:33:42 CET 2026
/opt/freesurfer/bin/mpr2mni305 talsrcimg
mpr2mni305 7.3.2
target=711-2C_as_mni_average_305

---------------------------------------------------------------------
analyzeto4dfp talsrcimg -O0 -y
---------------------------------------------------------------------

freesurfer ifh2hdr.c
Wed Mar 11 19:33:43 2026
Writing: talsrcimg.4dfp.hdr
freesurfer analyzeto4dfp.c
Reading: talsrcimg.hdr
header size 348 bytes
hdr.dime.datatype	offset=70	value=2
hdr.dime.bitpix		offset=72	value=8
hdr.hist.orient		offset=252	value=-1
dimensionality     4
dimensions       256       256       256         1
Reading: talsrcimg.img
Writing: talsrcimg.4dfp.img
Writing: talsrcimg.4dfp.ifh
ifh2hdr talsrcimg -r0to255
ori=2

---------------------------------------------------------------------
gauss_4dfp talsrcimg 1.1
---------------------------------------------------------------------

freesurfer gauss_4dfp.c
Reading: talsrcimg.4dfp.img
Writing: talsrcimg_g11.4dfp.img
image dimensions 256 256 256 padded to 288 288 288
processing volume 1freesurfer ifh2hdr.c
Wed Mar 11 19:33:44 2026
Writing: talsrcimg_g11.4dfp.hdr

Writing: talsrcimg_g11.4dfp.ifh
including: talsrcimg.4dfp.img.rec in talsrcimg_g11.4dfp.img.rec

---------------------------------------------------------------------
imgreg_4dfp /opt/freesurfer/average/711-2C_as_mni_average_305 none talsrcimg_g11 none talsrcimg_to_711-2C_as_mni_average_305_t4 4355
---------------------------------------------------------------------

freesurfer imgreg_4dfp.c
/opt/freesurfer/average/711-2C_as_mni_average_305.4dfp.img
       256       256       256         1
  1.000000  1.000000  1.000000
orientation T byte_order littleendian
Reading image: /opt/freesurfer/average/711-2C_as_mni_average_305.4dfp.img
dimensions:      256       256       256
mmppix:       1.0000   -1.0000   -1.0000
center:     128.0000 -129.0000 -129.0000
talsrcimg_g11.4dfp.img
       256       256       256         1
  0.900000  0.900000  0.900000
orientation T byte_order littleendian
Reading image: talsrcimg_g11.4dfp.img
dimensions:      256       256       256
mmppix:       0.9000   -0.9000   -0.9000
center:     115.2000 -116.1000 -116.1000
t4_read: open error in t4_sub.f l:  41 t4_file(1:l)talsrcimg_to_711-2C_as_mni_average_305_t4 
t4_read: transform initialized to I4
rotation matrix determinant  1.000000
image alignment mode   4355 decimal     1103 hex
   -7.5000  -45.0000  -45.0000 6406.7100   12.7671
    0.0000  -45.0000  -45.0000 6466.3755   12.7839
    7.5000  -45.0000  -45.0000 6138.6997   12.7848
   -7.5000  -37.5000  -45.0000 6797.8721   13.5648
    0.0000  -37.5000  -45.0000 6864.1362   13.5873
    7.5000  -37.5000  -45.0000 6508.5889   13.5932
   -7.5000  -30.0000  -45.0000 7219.6704   14.0229
    0.0000  -30.0000  -45.0000 7287.1187   14.0459
    7.5000  -30.0000  -45.0000 6890.9307   14.0510
   -7.5000  -22.5000  -45.0000 7704.5864   14.0617
    0.0000  -22.5000  -45.0000 7795.2852   14.0788
    7.5000  -22.5000  -45.0000 7354.9922   14.0786
   -7.5000  -15.0000  -45.0000 8148.3921   14.0646
    0.0000  -15.0000  -45.0000 8252.4521   14.0764
    7.5000  -15.0000  -45.0000 7796.2104   14.0728
   -7.5000   -7.5000  -45.0000 8243.4199   14.0325
    0.0000   -7.5000  -45.0000 8344.9551   14.0454
    7.5000   -7.5000  -45.0000 7892.4438   14.0418
   -7.5000    0.0000  -45.0000 8342.0703   13.9959
    0.0000    0.0000  -45.0000 8433.1895   14.0143
    7.5000    0.0000  -45.0000 7980.1650   14.0154
   -7.5000    7.5000  -45.0000 7974.5391   13.9925
    0.0000    7.5000  -45.0000 8046.2397   14.0156
    7.5000    7.5000  -45.0000 7601.9292   14.0218
   -7.5000   15.0000  -45.0000 7701.2700   14.0229
    0.0000   15.0000  -45.0000 7762.3389   14.0459
    7.5000   15.0000  -45.0000 7332.0903   14.0510
   -7.5000   22.5000  -45.0000 7099.5674   13.8725
    0.0000   22.5000  -45.0000 7161.8560   13.8894
    7.5000   22.5000  -45.0000 6750.7432   13.8892
   -7.5000   30.0000  -45.0000 6490.7773   13.5074
    0.0000   30.0000  -45.0000 6560.8423   13.5188
    7.5000   30.0000  -45.0000 6179.9976   13.5153
   -7.5000   37.5000  -45.0000 5906.6738   13.2225
    0.0000   37.5000  -45.0000 5969.0776   13.2350
    7.5000   37.5000  -45.0000 5633.3662   13.2334
   -7.5000   45.0000  -45.0000 5360.4214   13.1375
    0.0000   45.0000  -45.0000 5420.7310   13.1599
    7.5000   45.0000  -45.0000 5107.1045   13.1617
   -7.5000  -45.0000  -37.5000 6965.0352   13.3321
    0.0000  -45.0000  -37.5000 7043.0688   13.3449
    7.5000  -45.0000  -37.5000 6680.9175   13.3490
   -7.5000  -37.5000  -37.5000 7373.2017   14.1673
    0.0000  -37.5000  -37.5000 7447.2905   14.1857
    7.5000  -37.5000  -37.5000 7056.7437   14.1932
   -7.5000  -30.0000  -37.5000 7828.3560   14.6097
    0.0000  -30.0000  -37.5000 7906.3169   14.6268
    7.5000  -30.0000  -37.5000 7468.9414   14.6330
   -7.5000  -22.5000  -37.5000 8359.0010   14.6413
    0.0000  -22.5000  -37.5000 8461.5918   14.6513
    7.5000  -22.5000  -37.5000 7976.1348   14.6547
   -7.5000  -15.0000  -37.5000 8827.8574   14.6482
    0.0000  -15.0000  -37.5000 8937.8672   14.6534
    7.5000  -15.0000  -37.5000 8441.1611   14.6559
   -7.5000   -7.5000  -37.5000 8922.3262   14.6264
    0.0000   -7.5000  -37.5000 9029.4707   14.6338
    7.5000   -7.5000  -37.5000 8526.4551   14.6356
   -7.5000    0.0000  -37.5000 9001.9707   14.5967
    0.0000    0.0000  -37.5000 9105.7676   14.6106
    7.5000    0.0000  -37.5000 8599.9316   14.6152
   -7.5000    7.5000  -37.5000 8562.0732   14.5882
    0.0000    7.5000  -37.5000 8644.4297   14.6071
    7.5000    7.5000  -37.5000 8146.4141   14.6150
   -7.5000   15.0000  -37.5000 8246.2852   14.6090
    0.0000   15.0000  -37.5000 8328.0469   14.6262
    7.5000   15.0000  -37.5000 7852.4902   14.6324
   -7.5000   22.5000  -37.5000 7577.2349   14.4456
    0.0000   22.5000  -37.5000 7656.3159   14.4554
    7.5000   22.5000  -37.5000 7220.3433   14.4588
   -7.5000   30.0000  -37.5000 6924.2798   14.0778
    0.0000   30.0000  -37.5000 6996.2148   14.0827
    7.5000   30.0000  -37.5000 6599.7720   14.0852
   -7.5000   37.5000  -37.5000 6279.7114   13.7947
    0.0000   37.5000  -37.5000 6342.2773   13.8022
    7.5000   37.5000  -37.5000 5985.2925   13.8054
   -7.5000   45.0000  -37.5000 5679.8794   13.6911
    0.0000   45.0000  -37.5000 5732.2773   13.7109
    7.5000   45.0000  -37.5000 5410.5781   13.7167
   -7.5000  -45.0000  -30.0000 7539.0444   13.8699
    0.0000  -45.0000  -30.0000 7613.9751   13.8810
    7.5000  -45.0000  -30.0000 7215.0742   13.8836
   -7.5000  -37.5000  -30.0000 7968.4224   14.7507
    0.0000  -37.5000  -30.0000 8044.2798   14.7660
    7.5000  -37.5000  -30.0000 7621.4263   14.7701
   -7.5000  -30.0000  -30.0000 8447.8984   15.1871
    0.0000  -30.0000  -30.0000 8528.1504   15.2016
    7.5000  -30.0000  -30.0000 8062.8340   15.2066
   -7.5000  -22.5000  -30.0000 9027.1484   15.2098
    0.0000  -22.5000  -30.0000 9123.3447   15.2192
    7.5000  -22.5000  -30.0000 8615.2539   15.2268
   -7.5000  -15.0000  -30.0000 9538.4385   15.2100
    0.0000  -15.0000  -30.0000 9647.0225   15.2161
    7.5000  -15.0000  -30.0000 9108.3701   15.2236
   -7.5000   -7.5000  -30.0000 9616.8330   15.1908
    0.0000   -7.5000  -30.0000 9723.4199   15.1982
    7.5000   -7.5000  -30.0000 9173.0410   15.2021
   -7.5000    0.0000  -30.0000 9691.9756   15.1697
    0.0000    0.0000  -30.0000 9798.6172   15.1818
    7.5000    0.0000  -30.0000 9249.2812   15.1847
   -7.5000    7.5000  -30.0000 9165.5361   15.1659
    0.0000    7.5000  -30.0000 9247.1064   15.1817
    7.5000    7.5000  -30.0000 8707.5020   15.1860
   -7.5000   15.0000  -30.0000 8813.6729   15.1850
    0.0000   15.0000  -30.0000 8891.3477   15.1995
    7.5000   15.0000  -30.0000 8389.4277   15.2045
   -7.5000   22.5000  -30.0000 8055.4429   15.0071
    0.0000   22.5000  -30.0000 8136.8569   15.0164
    7.5000   22.5000  -30.0000 7696.7896   15.0239
   -7.5000   30.0000  -30.0000 7353.8999   14.6284
    0.0000   30.0000  -30.0000 7425.2495   14.6343
    7.5000   30.0000  -30.0000 7013.7593   14.6415
   -7.5000   37.5000  -30.0000 6651.3545   14.3481
    0.0000   37.5000  -30.0000 6719.3140   14.3564
    7.5000   37.5000  -30.0000 6341.5659   14.3609
   -7.5000   45.0000  -30.0000 6002.7275   14.2488
    0.0000   45.0000  -30.0000 6059.1880   14.2683
    7.5000   45.0000  -30.0000 5713.6406   14.2716
   -7.5000  -45.0000  -22.5000 8153.2935   14.4426
    0.0000  -45.0000  -22.5000 8232.3262   14.4577
    7.5000  -45.0000  -22.5000 7805.6768   14.4572
   -7.5000  -37.5000  -22.5000 8623.4482   15.3799
    0.0000  -37.5000  -22.5000 8708.3213   15.3979
    7.5000  -37.5000  -22.5000 8245.3555   15.3982
   -7.5000  -30.0000  -22.5000 9131.5752   15.8256
    0.0000  -30.0000  -22.5000 9224.1934   15.8442
    7.5000  -30.0000  -22.5000 8723.1943   15.8480
   -7.5000  -22.5000  -22.5000 9749.1348   15.8471
    0.0000  -22.5000  -22.5000 9857.2725   15.8641
    7.5000  -22.5000  -22.5000 9315.7666   15.8733
   -7.5000  -15.0000  -22.500010273.9795   15.8356
    0.0000  -15.0000  -22.500010397.1992   15.8510
    7.5000  -15.0000  -22.5000 9814.7773   15.8587
   -7.5000   -7.5000  -22.500010374.1748   15.8071
    0.0000   -7.5000  -22.500010492.5566   15.8220
    7.5000   -7.5000  -22.5000 9887.2852   15.8240
   -7.5000    0.0000  -22.500010453.5703   15.7870
    0.0000    0.0000  -22.500010582.4219   15.8036
    7.5000    0.0000  -22.5000 9962.9727   15.8030
   -7.5000    7.5000  -22.5000 9840.3271   15.7932
    0.0000    7.5000  -22.5000 9939.7236   15.8117
    7.5000    7.5000  -22.5000 9360.7607   15.8120
   -7.5000   15.0000  -22.5000 9451.2646   15.8218
    0.0000   15.0000  -22.5000 9539.4854   15.8404
    7.5000   15.0000  -22.5000 9009.6738   15.8442
   -7.5000   22.5000  -22.5000 8616.3555   15.6374
    0.0000   22.5000  -22.5000 8703.8584   15.6542
    7.5000   22.5000  -22.5000 8227.8838   15.6633
   -7.5000   30.0000  -22.5000 7822.7988   15.2415
    0.0000   30.0000  -22.5000 7896.7163   15.2563
    7.5000   30.0000  -22.5000 7466.5015   15.2637
   -7.5000   37.5000  -22.5000 7064.4316   14.9501
    0.0000   37.5000  -22.5000 7123.7734   14.9659
    7.5000   37.5000  -22.5000 6735.0981   14.9685
   -7.5000   45.0000  -22.5000 6368.2852   14.8694
    0.0000   45.0000  -22.5000 6425.8267   14.8933
    7.5000   45.0000  -22.5000 6065.5005   14.8919
   -7.5000  -45.0000  -15.0000 8785.5742   14.9544
    0.0000  -45.0000  -15.0000 8864.3750   14.9762
    7.5000  -45.0000  -15.0000 8391.7617   14.9737
   -7.5000  -37.5000  -15.0000 9312.0332   15.9262
    0.0000  -37.5000  -15.0000 9406.5830   15.9503
    7.5000  -37.5000  -15.0000 8885.2490   15.9494
   -7.5000  -30.0000  -15.0000 9851.1055   16.3821
    0.0000  -30.0000  -15.0000 9972.4102   16.4078
    7.5000  -30.0000  -15.0000 9396.8535   16.4103
   -7.5000  -22.5000  -15.000010489.3584   16.4128
    0.0000  -22.5000  -15.000010631.7900   16.4383
    7.5000  -22.5000  -15.000010010.3213   16.4439
   -7.5000  -15.0000  -15.000011025.1992   16.3989
    0.0000  -15.0000  -15.000011188.2236   16.4234
    7.5000  -15.0000  -15.000010532.1914   16.4260
   -7.5000   -7.5000  -15.000011136.7959   16.3596
    0.0000   -7.5000  -15.000011278.2168   16.3831
    7.5000   -7.5000  -15.000010610.6055   16.3813
   -7.5000    0.0000  -15.000011213.7803   16.3306
    0.0000    0.0000  -15.000011350.6348   16.3544
    7.5000    0.0000  -15.000010666.0449   16.3517
   -7.5000    7.5000  -15.000010506.6855   16.3383
    0.0000    7.5000  -15.000010619.6924   16.3631
    7.5000    7.5000  -15.0000 9990.4941   16.3621
   -7.5000   15.0000  -15.000010108.3701   16.3771
    0.0000   15.0000  -15.000010191.7090   16.4027
    7.5000   15.0000  -15.0000 9614.8525   16.4052
   -7.5000   22.5000  -15.0000 9198.2549   16.1981
    0.0000   22.5000  -15.0000 9285.0273   16.2233
    7.5000   22.5000  -15.0000 8774.6270   16.2288
   -7.5000   30.0000  -15.0000 8324.2676   15.7957
    0.0000   30.0000  -15.0000 8392.0029   15.8193
    7.5000   30.0000  -15.0000 7942.2090   15.8218
   -7.5000   37.5000  -15.0000 7484.7969   15.4916
    0.0000   37.5000  -15.0000 7541.2188   15.5153
    7.5000   37.5000  -15.0000 7147.2646   15.5149
   -7.5000   45.0000  -15.0000 6735.4946   15.4196
    0.0000   45.0000  -15.0000 6795.1685   15.4491
    7.5000   45.0000  -15.0000 6418.9019   15.4451
   -7.5000  -45.0000   -7.5000 9143.6211   14.9632
    0.0000  -45.0000   -7.5000 9221.2344   14.9861
    7.5000  -45.0000   -7.5000 8725.2344   14.9841
   -7.5000  -37.5000   -7.5000 9680.9268   15.9277
    0.0000  -37.5000   -7.5000 9795.8818   15.9551
    7.5000  -37.5000   -7.5000 9245.8516   15.9568
   -7.5000  -30.0000   -7.500010251.5303   16.3849
    0.0000  -30.0000   -7.500010397.4551   16.4140
    7.5000  -30.0000   -7.5000 9782.4678   16.4169
   -7.5000  -22.5000   -7.500010906.9297   16.4258
    0.0000  -22.5000   -7.500011092.9473   16.4525
    7.5000  -22.5000   -7.500010400.6289   16.4531
   -7.5000  -15.0000   -7.500011451.4316   16.4202
    0.0000  -15.0000   -7.500011616.4736   16.4434
    7.5000  -15.0000   -7.500010916.8135   16.4403
   -7.5000   -7.5000   -7.500011527.8438   16.3787
    0.0000   -7.5000   -7.500011669.3584   16.4014
    7.5000   -7.5000   -7.500010985.4023   16.3968
   -7.5000    0.0000   -7.500011578.1143   16.3402
    0.0000    0.0000   -7.500011706.8320   16.3652
    7.5000    0.0000   -7.500011014.4590   16.3630
   -7.5000    7.5000   -7.500010806.7773   16.3398
    0.0000    7.5000   -7.500010918.3408   16.3679
    7.5000    7.5000   -7.500010274.6104   16.3697
   -7.5000   15.0000   -7.500010396.2666   16.3798
    0.0000   15.0000   -7.500010496.9229   16.4089
    7.5000   15.0000   -7.5000 9899.5596   16.4118
   -7.5000   22.5000   -7.5000 9459.1455   16.2109
    0.0000   22.5000   -7.5000 9548.5508   16.2373
    7.5000   22.5000   -7.5000 9025.2471   16.2379
   -7.5000   30.0000   -7.5000 8564.9902   15.8162
    0.0000   30.0000   -7.5000 8641.5225   15.8385
    7.5000   30.0000   -7.5000 8171.3140   15.8355
   -7.5000   37.5000   -7.5000 7684.2168   15.5084
    0.0000   37.5000   -7.5000 7740.8442   15.5307
    7.5000   37.5000   -7.5000 7324.1338   15.5281
   -7.5000   45.0000   -7.5000 6908.3794   15.4247
    0.0000   45.0000   -7.5000 6963.3706   15.4540
    7.5000   45.0000   -7.5000 6574.3369   15.4514
   -7.5000  -45.0000    0.0000 9310.3086   15.3418
    0.0000  -45.0000    0.0000 9353.4004   15.3611
    7.5000  -45.0000    0.0000 8887.3252   15.3624
   -7.5000  -37.5000    0.0000 9878.0918   16.3139
    0.0000  -37.5000    0.0000 9932.0957   16.3401
    7.5000  -37.5000    0.0000 9425.2832   16.3472
   -7.5000  -30.0000    0.000010482.9355   16.7649
    0.0000  -30.0000    0.000010595.2559   16.7918
    7.5000  -30.0000    0.0000 9983.9854   16.7975
   -7.5000  -22.5000    0.000011123.5820   16.8108
    0.0000  -22.5000    0.000011284.1787   16.8308
    7.5000  -22.5000    0.000010583.7646   16.8302
   -7.5000  -15.0000    0.000011635.3496   16.8162
    0.0000  -15.0000    0.000011763.7979   16.8301
    7.5000  -15.0000    0.000011082.7012   16.8257
   -7.5000   -7.5000    0.000011693.0713   16.7801
    0.0000   -7.5000    0.000011780.2305   16.7949
    7.5000   -7.5000    0.000011142.3301   16.7909
   -7.5000    0.0000    0.000011696.5977   16.7371
    0.0000    0.0000    0.000011786.8018   16.7581
    7.5000    0.0000    0.000011127.0303   16.7596
   -7.5000    7.5000    0.000010899.0791   16.7250
    0.0000    7.5000    0.000010997.3340   16.7519
    7.5000    7.5000    0.000010362.3291   16.7591
   -7.5000   15.0000    0.000010505.1895   16.7590
    0.0000   15.0000    0.000010618.3027   16.7859
    7.5000   15.0000    0.0000 9983.4551   16.7916
   -7.5000   22.5000    0.0000 9595.5557   16.5933
    0.0000   22.5000    0.0000 9695.7754   16.6130
    7.5000   22.5000    0.0000 9123.3281   16.6124
   -7.5000   30.0000    0.0000 8693.6045   16.2071
    0.0000   30.0000    0.0000 8778.6006   16.2205
    7.5000   30.0000    0.0000 8275.7393   16.2162
   -7.5000   37.5000    0.0000 7754.2695   15.9103
    0.0000   37.5000    0.0000 7825.8179   15.9247
    7.5000   37.5000    0.0000 7381.5015   15.9230
   -7.5000   45.0000    0.0000 6923.2686   15.8234
    0.0000   45.0000    0.0000 7002.7739   15.8492
    7.5000   45.0000    0.0000 6605.3940   15.8517
   -7.5000  -45.0000    7.5000 9033.0557   15.3500
    0.0000  -45.0000    7.5000 9090.0391   15.3640
    7.5000  -45.0000    7.5000 8642.7930   15.3683
   -7.5000  -37.5000    7.5000 9655.3271   16.3192
    0.0000  -37.5000    7.5000 9725.3721   16.3395
    7.5000  -37.5000    7.5000 9198.7305   16.3480
   -7.5000  -30.0000    7.500010273.2598   16.7597
    0.0000  -30.0000    7.500010419.6533   16.7788
    7.5000  -30.0000    7.5000 9769.8047   16.7857
   -7.5000  -22.5000    7.500010863.2100   16.7963
    0.0000  -22.5000    7.500010968.1309   16.8073
    7.5000  -22.5000    7.500010348.0547   16.8110
   -7.5000  -15.0000    7.500011366.6006   16.8048
    0.0000  -15.0000    7.500011403.7021   16.8105
    7.5000  -15.0000    7.500010832.3213   16.8129
   -7.5000   -7.5000    7.500011445.4199   16.7803
    0.0000   -7.5000    7.500011479.0371   16.7883
    7.5000   -7.5000    7.500010894.2666   16.7898
   -7.5000    0.0000    7.500011426.9453   16.7460
    0.0000    0.0000    7.500011491.0684   16.7613
    7.5000    0.0000    7.500010848.2139   16.7660
   -7.5000    7.5000    7.500010643.8164   16.7304
    0.0000    7.5000    7.500010738.6133   16.7513
    7.5000    7.5000    7.500010074.2949   16.7599
   -7.5000   15.0000    7.500010233.8545   16.7538
    0.0000   15.0000    7.500010345.9570   16.7728
    7.5000   15.0000    7.5000 9676.0762   16.7798
   -7.5000   22.5000    7.5000 9340.3711   16.5789
    0.0000   22.5000    7.5000 9453.5273   16.5898
    7.5000   22.5000    7.5000 8849.6924   16.5934
   -7.5000   30.0000    7.5000 8448.4746   16.1959
    0.0000   30.0000    7.5000 8547.1211   16.2014
    7.5000   30.0000    7.5000 8012.6675   16.2037
   -7.5000   37.5000    7.5000 7511.8726   15.9150
    0.0000   37.5000    7.5000 7588.4888   15.9233
    7.5000   37.5000    7.5000 7141.2876   15.9263
   -7.5000   45.0000    7.5000 6712.9238   15.8310
    0.0000   45.0000    7.5000 6779.1494   15.8531
    7.5000   45.0000    7.5000 6386.0649   15.8592
   -7.5000  -45.0000   15.0000 9060.4219   15.3666
    0.0000  -45.0000   15.0000 9087.3711   15.3789
    7.5000  -45.0000   15.0000 8686.5000   15.3820
   -7.5000  -37.5000   15.0000 9619.4629   16.3444
    0.0000  -37.5000   15.0000 9665.7314   16.3614
    7.5000  -37.5000   15.0000 9199.9570   16.3662
   -7.5000  -30.0000   15.000010186.7559   16.7835
    0.0000  -30.0000   15.000010280.4668   16.7995
    7.5000  -30.0000   15.0000 9704.7754   16.8053
   -7.5000  -22.5000   15.000010848.9648   16.8091
    0.0000  -22.5000   15.000010926.5098   16.8194
    7.5000  -22.5000   15.000010266.4941   16.8280
   -7.5000  -15.0000   15.000011396.0957   16.8094
    0.0000  -15.0000   15.000011450.5273   16.8162
    7.5000  -15.0000   15.000010777.1221   16.8246
   -7.5000   -7.5000   15.000011485.0400   16.7879
    0.0000   -7.5000   15.000011536.8760   16.7961
    7.5000   -7.5000   15.000010856.8945   16.8005
   -7.5000    0.0000   15.000011447.9932   16.7641
    0.0000    0.0000   15.000011495.0508   16.7775
    7.5000    0.0000   15.000010812.4482   16.7809
   -7.5000    7.5000   15.000010622.8369   16.7563
    0.0000    7.5000   15.000010687.7090   16.7737
    7.5000    7.5000   15.000010045.2295   16.7787
   -7.5000   15.0000   15.000010213.2061   16.7776
    0.0000   15.0000   15.000010282.9121   16.7936
    7.5000   15.0000   15.0000 9670.8174   16.7993
   -7.5000   22.5000   15.0000 9338.2139   16.5915
    0.0000   22.5000   15.0000 9406.1445   16.6017
    7.5000   22.5000   15.0000 8856.1533   16.6102
   -7.5000   30.0000   15.0000 8460.6934   16.2005
    0.0000   30.0000   15.0000 8511.8184   16.2070
    7.5000   30.0000   15.0000 8013.7183   16.2150
   -7.5000   37.5000   15.0000 7540.1108   15.9243
    0.0000   37.5000   15.0000 7563.6309   15.9334
    7.5000   37.5000   15.0000 7128.0405   15.9387
   -7.5000   45.0000   15.0000 6695.9189   15.8541
    0.0000   45.0000   15.0000 6727.9639   15.8758
    7.5000   45.0000   15.0000 6329.2173   15.8798
   -7.5000  -45.0000   22.5000 8578.4902   15.5191
    0.0000  -45.0000   22.5000 8660.8516   15.5357
    7.5000  -45.0000   22.5000 8211.8174   15.5346
   -7.5000  -37.5000   22.5000 9092.0732   16.5202
    0.0000  -37.5000   22.5000 9160.6035   16.5398
    7.5000  -37.5000   22.5000 8686.5840   16.5396
   -7.5000  -30.0000   22.5000 9614.6826   16.9749
    0.0000  -30.0000   22.5000 9666.4375   16.9949
    7.5000  -30.0000   22.5000 9160.0215   16.9986
   -7.5000  -22.5000   22.500010257.7725   16.9984
    0.0000  -22.5000   22.500010274.5459   17.0168
    7.5000  -22.5000   22.5000 9732.9697   17.0263
   -7.5000  -15.0000   22.500010823.3779   16.9846
    0.0000  -15.0000   22.500010845.2412   17.0014
    7.5000  -15.0000   22.500010249.6631   17.0092
   -7.5000   -7.5000   22.500010879.9902   16.9523
    0.0000   -7.5000   22.500010902.8525   16.9688
    7.5000   -7.5000   22.500010314.1250   16.9702
   -7.5000    0.0000   22.500010797.9570   16.9305
    0.0000    0.0000   22.500010834.0547   16.9485
    7.5000    0.0000   22.500010228.5479   16.9473
   -7.5000    7.5000   22.500010003.1670   16.9365
    0.0000    7.5000   22.500010053.1123   16.9566
    7.5000    7.5000   22.5000 9485.5762   16.9564
   -7.5000   15.0000   22.5000 9623.4316   16.9689
    0.0000   15.0000   22.5000 9647.8916   16.9889
    7.5000   15.0000   22.5000 9126.0381   16.9925
   -7.5000   22.5000   22.5000 8781.2285   16.7784
    0.0000   22.5000   22.5000 8810.1416   16.7966
    7.5000   22.5000   22.5000 8350.3525   16.8059
   -7.5000   30.0000   22.5000 7963.0327   16.3696
    0.0000   30.0000   22.5000 7980.3516   16.3858
    7.5000   30.0000   22.5000 7573.8940   16.3933
   -7.5000   37.5000   22.5000 7102.4443   16.0797
    0.0000   37.5000   22.5000 7109.7969   16.0971
    7.5000   37.5000   22.5000 6733.0605   16.0993
   -7.5000   45.0000   22.5000 6303.6782   16.0248
    0.0000   45.0000   22.5000 6308.8774   16.0511
    7.5000   45.0000   22.5000 5983.1016   16.0490
   -7.5000  -45.0000   30.0000 8020.9023   15.7628
    0.0000  -45.0000   30.0000 8090.4976   15.7860
    7.5000  -45.0000   30.0000 7683.8955   15.7811
   -7.5000  -37.5000   30.0000 8479.9971   16.7881
    0.0000  -37.5000   30.0000 8519.3848   16.8138
    7.5000  -37.5000   30.0000 8116.3950   16.8106
   -7.5000  -30.0000   30.0000 8960.5352   17.2659
    0.0000  -30.0000   30.0000 8976.9229   17.2931
    7.5000  -30.0000   30.0000 8561.2344   17.2937
   -7.5000  -22.5000   30.0000 9556.5781   17.3032
    0.0000  -22.5000   30.0000 9568.7080   17.3302
    7.5000  -22.5000   30.0000 9117.1406   17.3339
   -7.5000  -15.0000   30.000010099.4473   17.2886
    0.0000  -15.0000   30.000010127.6797   17.3146
    7.5000  -15.0000   30.0000 9627.4600   17.3148
   -7.5000   -7.5000   30.000010182.0098   17.2426
    0.0000   -7.5000   30.000010207.3398   17.2678
    7.5000   -7.5000   30.0000 9702.4629   17.2633
   -7.5000    0.0000   30.000010110.1592   17.2069
    0.0000    0.0000   30.000010145.0479   17.2322
    7.5000    0.0000   30.0000 9618.2793   17.2268
   -7.5000    7.5000   30.0000 9348.4092   17.2141
    0.0000    7.5000   30.0000 9389.9600   17.2404
    7.5000    7.5000   30.0000 8895.0498   17.2372
   -7.5000   15.0000   30.0000 8974.5400   17.2597
    0.0000   15.0000   30.0000 9014.3633   17.2869
    7.5000   15.0000   30.0000 8533.4014   17.2875
   -7.5000   22.5000   30.0000 8176.9741   17.0777
    0.0000   22.5000   30.0000 8212.8701   17.1044
    7.5000   22.5000   30.0000 7785.1187   17.1080
   -7.5000   30.0000   30.0000 7413.0688   16.6704
    0.0000   30.0000   30.0000 7429.7969   16.6956
    7.5000   30.0000   30.0000 7059.8359   16.6957
   -7.5000   37.5000   30.0000 6624.3208   16.3708
    0.0000   37.5000   30.0000 6629.7896   16.3962
    7.5000   37.5000   30.0000 6293.3208   16.3932
   -7.5000   45.0000   30.0000 5881.9561   16.3188
    0.0000   45.0000   30.0000 5888.9917   16.3506
    7.5000   45.0000   30.0000 5581.6992   16.3438
   -7.5000  -45.0000   37.5000 7471.9058   15.8553
    0.0000  -45.0000   37.5000 7541.0391   15.8777
    7.5000  -45.0000   37.5000 7165.9937   15.8705
   -7.5000  -37.5000   37.5000 7887.7993   16.8743
    0.0000  -37.5000   37.5000 7927.8809   16.9011
    7.5000  -37.5000   37.5000 7554.2510   16.8986
   -7.5000  -30.0000   37.5000 8330.0078   17.3449
    0.0000  -30.0000   37.5000 8356.5342   17.3730
    7.5000  -30.0000   37.5000 7979.4731   17.3728
   -7.5000  -22.5000   37.5000 8866.1562   17.4004
    0.0000  -22.5000   37.5000 8880.2803   17.4255
    7.5000  -22.5000   37.5000 8483.3877   17.4229
   -7.5000  -15.0000   37.5000 9373.8750   17.4026
    0.0000  -15.0000   37.5000 9401.4570   17.4239
    7.5000  -15.0000   37.5000 8951.7393   17.4162
   -7.5000   -7.5000   37.5000 9457.6172   17.3550
    0.0000   -7.5000   37.5000 9482.5059   17.3764
    7.5000   -7.5000   37.5000 9025.6787   17.3661
   -7.5000    0.0000   37.5000 9400.5156   17.3013
    0.0000    0.0000   37.5000 9420.5762   17.3257
    7.5000    0.0000   37.5000 8964.3535   17.3178
   -7.5000    7.5000   37.5000 8712.7676   17.2918
    0.0000    7.5000   37.5000 8741.5088   17.3193
    7.5000    7.5000   37.5000 8304.4268   17.3167
   -7.5000   15.0000   37.5000 8365.4678   17.3385
    0.0000   15.0000   37.5000 8403.2607   17.3667
    7.5000   15.0000   37.5000 7971.9761   17.3665
   -7.5000   22.5000   37.5000 7616.7095   17.1707
    0.0000   22.5000   37.5000 7641.1362   17.1955
    7.5000   22.5000   37.5000 7262.2021   17.1929
   -7.5000   30.0000   37.5000 6888.5933   16.7803
    0.0000   30.0000   37.5000 6915.7520   16.8009
    7.5000   30.0000   37.5000 6568.8955   16.7934
   -7.5000   37.5000   37.5000 6155.7559   16.4825
    0.0000   37.5000   37.5000 6169.1558   16.5036
    7.5000   37.5000   37.5000 5854.4790   16.4958
   -7.5000   45.0000   37.5000 5470.2085   16.4071
    0.0000   45.0000   37.5000 5483.6626   16.4374
    7.5000   45.0000   37.5000 5202.8643   16.4297
   -7.5000  -45.0000   45.0000 6932.4185   16.0014
    0.0000  -45.0000   45.0000 7008.9595   16.0249
    7.5000  -45.0000   45.0000 6666.7759   16.0294
   -7.5000  -37.5000   45.0000 7300.0796   17.0149
    0.0000  -37.5000   45.0000 7353.4438   17.0442
    7.5000  -37.5000   45.0000 7008.7329   17.0566
   -7.5000  -30.0000   45.0000 7706.5952   17.4641
    0.0000  -30.0000   45.0000 7746.3877   17.4930
    7.5000  -30.0000   45.0000 7390.7397   17.5043
   -7.5000  -22.5000   45.0000 8171.7666   17.5277
    0.0000  -22.5000   45.0000 8198.6895   17.5500
    7.5000  -22.5000   45.0000 7838.9482   17.5534
   -7.5000  -15.0000   45.0000 8647.7451   17.5464
    0.0000  -15.0000   45.0000 8680.4580   17.5637
    7.5000  -15.0000   45.0000 8282.5342   17.5616
   -7.5000   -7.5000   45.0000 8728.7402   17.5068
    0.0000   -7.5000   45.0000 8764.3857   17.5261
    7.5000   -7.5000   45.0000 8358.4160   17.5241
   -7.5000    0.0000   45.0000 8669.4023   17.4457
    0.0000    0.0000   45.0000 8700.5830   17.4713
    7.5000    0.0000   45.0000 8287.2803   17.4762
   -7.5000    7.5000   45.0000 8057.0054   17.4191
    0.0000    7.5000   45.0000 8092.4648   17.4491
    7.5000    7.5000   45.0000 7688.6978   17.4618
   -7.5000   15.0000   45.0000 7750.6548   17.4575
    0.0000   15.0000   45.0000 7785.9165   17.4864
    7.5000   15.0000   45.0000 7386.1343   17.4977
   -7.5000   22.5000   45.0000 7061.7407   17.2940
    0.0000   22.5000   45.0000 7096.8174   17.3160
    7.5000   22.5000   45.0000 6724.6040   17.3193
   -7.5000   30.0000   45.0000 6402.0122   16.9171
    0.0000   30.0000   45.0000 6435.5591   16.9337
    7.5000   30.0000   45.0000 6098.3325   16.9317
   -7.5000   37.5000   45.0000 5724.4634   16.6341
    0.0000   37.5000   45.0000 5747.4771   16.6529
    7.5000   37.5000   45.0000 5446.0293   16.6534
   -7.5000   45.0000   45.0000 5080.0581   16.5293
    0.0000   45.0000   45.0000 5089.8882   16.5608
    7.5000   45.0000   45.0000 4829.0439   16.5668

---------------------------------------------------------------------
imgreg_4dfp /opt/freesurfer/average/711-2C_as_mni_average_305 /opt/freesurfer/average/711-2B_as_mni_average_305_mask talsrcimg_g11 none talsrcimg_to_711-2C_as_mni_average_305_t4 4355
---------------------------------------------------------------------

freesurfer imgreg_4dfp.c
/opt/freesurfer/average/711-2C_as_mni_average_305.4dfp.img
       256       256       256         1
  1.000000  1.000000  1.000000
orientation T byte_order littleendian
Reading image: /opt/freesurfer/average/711-2C_as_mni_average_305.4dfp.img
dimensions:      256       256       256
mmppix:       1.0000   -1.0000   -1.0000
center:     128.0000 -129.0000 -129.0000
/opt/freesurfer/average/711-2B_as_mni_average_305_mask.4dfp.img
       256       256       256         1
  1.000000  1.000000  1.000000
orientation T byte_order littleendian
Reading mask: /opt/freesurfer/average/711-2B_as_mni_average_305_mask.4dfp.img (2306576 pixels)
talsrcimg_g11.4dfp.img
       256       256       256         1
  0.900000  0.900000  0.900000
orientation T byte_order littleendian
Reading image: talsrcimg_g11.4dfp.img
dimensions:      256       256       256
mmppix:       0.9000   -0.9000   -0.9000
center:     115.2000 -116.1000 -116.1000
rotation matrix determinant  1.000000
image alignment mode   4355 decimal     1103 hex
   -7.5000  -45.0000  -45.0000 2060.1023   15.1585
    0.0000  -45.0000  -45.0000 2063.6721   15.1415
    7.5000  -45.0000  -45.0000 2052.2319   15.2517
   -7.5000  -37.5000  -45.0000 2116.2654   14.2708
    0.0000  -37.5000  -45.0000 2122.5940   14.2769
    7.5000  -37.5000  -45.0000 2107.4111   14.3721
   -7.5000  -30.0000  -45.0000 2146.3245   13.6942
    0.0000  -30.0000  -45.0000 2153.4675   13.6973
    7.5000  -30.0000  -45.0000 2131.0808   13.7905
   -7.5000  -22.5000  -45.0000 2146.3735   13.3644
    0.0000  -22.5000  -45.0000 2153.8667   13.3536
    7.5000  -22.5000  -45.0000 2132.0168   13.4616
   -7.5000  -15.0000  -45.0000 2135.0466   13.2871
    0.0000  -15.0000  -45.0000 2146.2139   13.2514
    7.5000  -15.0000  -45.0000 2128.0818   13.3529
   -7.5000   -7.5000  -45.0000 2114.1343   13.4177
    0.0000   -7.5000  -45.0000 2126.0366   13.3575
    7.5000   -7.5000  -45.0000 2109.5583   13.4824
   -7.5000    0.0000  -45.0000 2090.1277   13.8528
    0.0000    0.0000  -45.0000 2099.2939   13.7845
    7.5000    0.0000  -45.0000 2078.5754   13.9164
   -7.5000    7.5000  -45.0000 2050.0732   14.5670
    0.0000    7.5000  -45.0000 2057.1946   14.4792
    7.5000    7.5000  -45.0000 2037.7223   14.6543
   -7.5000   15.0000  -45.0000 1983.9419   15.6848
    0.0000   15.0000  -45.0000 1990.3047   15.5789
    7.5000   15.0000  -45.0000 1973.2833   15.7672
   -7.5000   22.5000  -45.0000 1901.1188   17.2114
    0.0000   22.5000  -45.0000 1909.4824   17.0702
    7.5000   22.5000  -45.0000 1889.8992   17.2797
   -7.5000   30.0000  -45.0000 1794.2340   19.1813
    0.0000   30.0000  -45.0000 1805.6736   19.0237
    7.5000   30.0000  -45.0000 1783.4829   19.2631
   -7.5000   37.5000  -45.0000 1663.4500   21.6447
    0.0000   37.5000  -45.0000 1673.5400   21.4755
    7.5000   37.5000  -45.0000 1659.4089   21.7367
   -7.5000   45.0000  -45.0000 1504.9542   24.6778
    0.0000   45.0000  -45.0000 1511.9056   24.5472
    7.5000   45.0000  -45.0000 1495.4144   24.8777
   -7.5000  -45.0000  -37.5000 2225.0522   14.8367
    0.0000  -45.0000  -37.5000 2232.9385   14.8562
    7.5000  -45.0000  -37.5000 2213.1699   14.9635
   -7.5000  -37.5000  -37.5000 2282.7329   13.9730
    0.0000  -37.5000  -37.5000 2290.4568   13.9738
    7.5000  -37.5000  -37.5000 2269.7688   14.0830
   -7.5000  -30.0000  -37.5000 2319.8669   13.3589
    0.0000  -30.0000  -37.5000 2329.1233   13.3303
    7.5000  -30.0000  -37.5000 2302.3652   13.4487
   -7.5000  -22.5000  -37.5000 2327.2129   13.0303
    0.0000  -22.5000  -37.5000 2336.8528   12.9996
    7.5000  -22.5000  -37.5000 2312.4619   13.0984
   -7.5000  -15.0000  -37.5000 2318.7615   12.9583
    0.0000  -15.0000  -37.5000 2326.6245   12.9086
    7.5000  -15.0000  -37.5000 2311.6018   12.9884
   -7.5000   -7.5000  -37.5000 2300.8579   13.0878
    0.0000   -7.5000  -37.5000 2314.3967   13.0203
    7.5000   -7.5000  -37.5000 2293.6409   13.1152
   -7.5000    0.0000  -37.5000 2269.4915   13.5036
    0.0000    0.0000  -37.5000 2282.3242   13.4120
    7.5000    0.0000  -37.5000 2260.6487   13.5589
   -7.5000    7.5000  -37.5000 2223.2322   14.2070
    0.0000    7.5000  -37.5000 2232.0093   14.1140
    7.5000    7.5000  -37.5000 2211.8960   14.2668
   -7.5000   15.0000  -37.5000 2153.2070   15.2908
    0.0000   15.0000  -37.5000 2160.1743   15.1817
    7.5000   15.0000  -37.5000 2139.9463   15.3636
   -7.5000   22.5000  -37.5000 2057.7661   16.7657
    0.0000   22.5000  -37.5000 2066.7812   16.6559
    7.5000   22.5000  -37.5000 2044.8815   16.8428
   -7.5000   30.0000  -37.5000 1942.5093   18.7467
    0.0000   30.0000  -37.5000 1954.2323   18.6133
    7.5000   30.0000  -37.5000 1931.9324   18.8196
   -7.5000   37.5000  -37.5000 1797.3116   21.1660
    0.0000   37.5000  -37.5000 1808.7622   21.0048
    7.5000   37.5000  -37.5000 1790.4487   21.2437
   -7.5000   45.0000  -37.5000 1623.0459   24.1376
    0.0000   45.0000  -37.5000 1629.1172   23.9807
    7.5000   45.0000  -37.5000 1615.1798   24.2717
   -7.5000  -45.0000  -30.0000 2370.3359   14.3417
    0.0000  -45.0000  -30.0000 2382.1267   14.3315
    7.5000  -45.0000  -30.0000 2357.3452   14.4730
   -7.5000  -37.5000  -30.0000 2432.6797   13.5093
    0.0000  -37.5000  -30.0000 2439.8828   13.4898
    7.5000  -37.5000  -30.0000 2419.3699   13.6398
   -7.5000  -30.0000  -30.0000 2474.3848   12.9091
    0.0000  -30.0000  -30.0000 2482.0432   12.8655
    7.5000  -30.0000  -30.0000 2458.3416   13.0162
   -7.5000  -22.5000  -30.0000 2493.6003   12.5536
    0.0000  -22.5000  -30.0000 2505.3018   12.5097
    7.5000  -22.5000  -30.0000 2478.4873   12.6452
   -7.5000  -15.0000  -30.0000 2499.8254   12.4624
    0.0000  -15.0000  -30.0000 2508.3921   12.3903
    7.5000  -15.0000  -30.0000 2489.4404   12.5172
   -7.5000   -7.5000  -30.0000 2481.9888   12.6305
    0.0000   -7.5000  -30.0000 2494.3726   12.5417
    7.5000   -7.5000  -30.0000 2471.7029   12.6584
   -7.5000    0.0000  -30.0000 2445.4900   13.0616
    0.0000    0.0000  -30.0000 2460.1812   12.9608
    7.5000    0.0000  -30.0000 2435.6401   13.1008
   -7.5000    7.5000  -30.0000 2388.9421   13.7708
    0.0000    7.5000  -30.0000 2401.1162   13.6867
    7.5000    7.5000  -30.0000 2374.2144   13.8354
   -7.5000   15.0000  -30.0000 2305.6885   14.8024
    0.0000   15.0000  -30.0000 2318.2480   14.7251
    7.5000   15.0000  -30.0000 2292.6926   14.8917
   -7.5000   22.5000  -30.0000 2199.8237   16.2315
    0.0000   22.5000  -30.0000 2212.2249   16.1507
    7.5000   22.5000  -30.0000 2189.4619   16.3139
   -7.5000   30.0000  -30.0000 2075.7952   18.1749
    0.0000   30.0000  -30.0000 2089.7390   18.0616
    7.5000   30.0000  -30.0000 2066.8708   18.2620
   -7.5000   37.5000  -30.0000 1919.2990   20.5434
    0.0000   37.5000  -30.0000 1931.6724   20.4012
    7.5000   37.5000  -30.0000 1910.3975   20.6264
   -7.5000   45.0000  -30.0000 1731.3414   23.4545
    0.0000   45.0000  -30.0000 1738.7837   23.2611
    7.5000   45.0000  -30.0000 1723.6569   23.5448
   -7.5000  -45.0000  -22.5000 2489.5984   13.7079
    0.0000  -45.0000  -22.5000 2502.8384   13.6734
    7.5000  -45.0000  -22.5000 2478.2622   13.8170
   -7.5000  -37.5000  -22.5000 2561.9688   12.8854
    0.0000  -37.5000  -22.5000 2571.5249   12.8624
    7.5000  -37.5000  -22.5000 2545.9431   13.0163
   -7.5000  -30.0000  -22.5000 2612.4016   12.3203
    0.0000  -30.0000  -22.5000 2620.9314   12.2817
    7.5000  -30.0000  -22.5000 2597.1565   12.4586
   -7.5000  -22.5000  -22.5000 2643.0728   11.9860
    0.0000  -22.5000  -22.5000 2654.4253   11.9174
    7.5000  -22.5000  -22.5000 2630.1145   12.1058
   -7.5000  -15.0000  -22.5000 2657.0593   11.8558
    0.0000  -15.0000  -22.5000 2668.6067   11.7965
    7.5000  -15.0000  -22.5000 2645.4187   11.9460
   -7.5000   -7.5000  -22.5000 2644.6443   12.0081
    0.0000   -7.5000  -22.5000 2662.1526   11.9188
    7.5000   -7.5000  -22.5000 2632.6963   12.0634
   -7.5000    0.0000  -22.5000 2604.4165   12.4571
    0.0000    0.0000  -22.5000 2625.2373   12.3613
    7.5000    0.0000  -22.5000 2591.7659   12.5156
   -7.5000    7.5000  -22.5000 2534.2122   13.2013
    0.0000    7.5000  -22.5000 2555.0469   13.1073
    7.5000    7.5000  -22.5000 2523.5012   13.2927
   -7.5000   15.0000  -22.5000 2439.5354   14.2161
    0.0000   15.0000  -22.5000 2455.3359   14.1264
    7.5000   15.0000  -22.5000 2428.6333   14.3185
   -7.5000   22.5000  -22.5000 2324.3716   15.6362
    0.0000   22.5000  -22.5000 2341.8533   15.5284
    7.5000   22.5000  -22.5000 2315.0291   15.7345
   -7.5000   30.0000  -22.5000 2184.8325   17.4705
    0.0000   30.0000  -22.5000 2204.5369   17.3709
    7.5000   30.0000  -22.5000 2181.2246   17.5611
   -7.5000   37.5000  -22.5000 2018.5365   19.7536
    0.0000   37.5000  -22.5000 2031.4845   19.6594
    7.5000   37.5000  -22.5000 2009.7898   19.8496
   -7.5000   45.0000  -22.5000 1825.5179   22.4528
    0.0000   45.0000  -22.5000 1833.6704   22.3879
    7.5000   45.0000  -22.5000 1815.2345   22.5899
   -7.5000  -45.0000  -15.0000 2580.8037   13.0209
    0.0000  -45.0000  -15.0000 2593.5361   12.9733
    7.5000  -45.0000  -15.0000 2567.5813   13.1210
   -7.5000  -37.5000  -15.0000 2666.4524   12.2293
    0.0000  -37.5000  -15.0000 2678.1089   12.1669
    7.5000  -37.5000  -15.0000 2652.2673   12.3300
   -7.5000  -30.0000  -15.0000 2728.5701   11.7070
    0.0000  -30.0000  -15.0000 2738.3657   11.6441
    7.5000  -30.0000  -15.0000 2714.0151   11.8095
   -7.5000  -22.5000  -15.0000 2773.1382   11.3701
    0.0000  -22.5000  -15.0000 2786.9175   11.3158
    7.5000  -22.5000  -15.0000 2755.6670   11.4750
   -7.5000  -15.0000  -15.0000 2788.6099   11.2299
    0.0000  -15.0000  -15.0000 2807.6270   11.1681
    7.5000  -15.0000  -15.0000 2776.0852   11.3298
   -7.5000   -7.5000  -15.0000 2782.5942   11.3441
    0.0000   -7.5000  -15.0000 2803.4822   11.2443
    7.5000   -7.5000  -15.0000 2767.6887   11.4280
   -7.5000    0.0000  -15.0000 2739.1343   11.8154
    0.0000    0.0000  -15.0000 2759.7571   11.6906
    7.5000    0.0000  -15.0000 2723.0872   11.8880
   -7.5000    7.5000  -15.0000 2654.8752   12.5596
    0.0000    7.5000  -15.0000 2672.9060   12.4457
    7.5000    7.5000  -15.0000 2642.0215   12.6417
   -7.5000   15.0000  -15.0000 2545.8545   13.5818
    0.0000   15.0000  -15.0000 2560.0063   13.4684
    7.5000   15.0000  -15.0000 2535.1550   13.6421
   -7.5000   22.5000  -15.0000 2414.0537   14.9750
    0.0000   22.5000  -15.0000 2432.0691   14.8555
    7.5000   22.5000  -15.0000 2409.0635   15.0494
   -7.5000   30.0000  -15.0000 2267.4312   16.7863
    0.0000   30.0000  -15.0000 2284.4131   16.6496
    7.5000   30.0000  -15.0000 2262.2104   16.8621
   -7.5000   37.5000  -15.0000 2087.1208   18.9473
    0.0000   37.5000  -15.0000 2099.5300   18.8336
    7.5000   37.5000  -15.0000 2080.1558   19.0238
   -7.5000   45.0000  -15.0000 1883.9486   21.4460
    0.0000   45.0000  -15.0000 1893.1847   21.3637
    7.5000   45.0000  -15.0000 1875.1467   21.5601
   -7.5000  -45.0000   -7.5000 2624.5413   12.3724
    0.0000  -45.0000   -7.5000 2637.6760   12.3023
    7.5000  -45.0000   -7.5000 2615.3813   12.4562
   -7.5000  -37.5000   -7.5000 2726.0227   11.5603
    0.0000  -37.5000   -7.5000 2741.7485   11.4806
    7.5000  -37.5000   -7.5000 2713.6653   11.6503
   -7.5000  -30.0000   -7.5000 2802.6375   11.0561
    0.0000  -30.0000   -7.5000 2816.5703   10.9774
    7.5000  -30.0000   -7.5000 2787.9573   11.1467
   -7.5000  -22.5000   -7.5000 2858.9509   10.7360
    0.0000  -22.5000   -7.5000 2877.9304   10.6574
    7.5000  -22.5000   -7.5000 2843.9958   10.8202
   -7.5000  -15.0000   -7.5000 2885.4229   10.5881
    0.0000  -15.0000   -7.5000 2903.6687   10.5109
    7.5000  -15.0000   -7.5000 2871.0942   10.6854
   -7.5000   -7.5000   -7.5000 2879.6362   10.7038
    0.0000   -7.5000   -7.5000 2898.7297   10.5833
    7.5000   -7.5000   -7.5000 2864.7344   10.7874
   -7.5000    0.0000   -7.5000 2822.8899   11.1515
    0.0000    0.0000   -7.5000 2844.0718   11.0196
    7.5000    0.0000   -7.5000 2810.3035   11.2269
   -7.5000    7.5000   -7.5000 2726.7319   11.9019
    0.0000    7.5000   -7.5000 2743.3875   11.7643
    7.5000    7.5000   -7.5000 2714.9495   11.9791
   -7.5000   15.0000   -7.5000 2602.7102   12.9479
    0.0000   15.0000   -7.5000 2617.9368   12.8058
    7.5000   15.0000   -7.5000 2593.6118   13.0347
   -7.5000   22.5000   -7.5000 2463.2778   14.3204
    0.0000   22.5000   -7.5000 2477.5842   14.1764
    7.5000   22.5000   -7.5000 2453.9529   14.4144
   -7.5000   30.0000   -7.5000 2312.4097   16.0622
    0.0000   30.0000   -7.5000 2326.9368   15.9156
    7.5000   30.0000   -7.5000 2302.4641   16.1345
   -7.5000   37.5000   -7.5000 2125.0383   18.0908
    0.0000   37.5000   -7.5000 2134.7551   17.9847
    7.5000   37.5000   -7.5000 2113.7419   18.1622
   -7.5000   45.0000   -7.5000 1913.3993   20.5093
    0.0000   45.0000   -7.5000 1920.4071   20.4225
    7.5000   45.0000   -7.5000 1904.2902   20.6160
   -7.5000  -45.0000    0.0000 2663.0105   12.0556
    0.0000  -45.0000    0.0000 2671.5613   11.9062
    7.5000  -45.0000    0.0000 2655.2927   12.1167
   -7.5000  -37.5000    0.0000 2771.5647   11.2158
    0.0000  -37.5000    0.0000 2787.4255   11.0953
    7.5000  -37.5000    0.0000 2762.5154   11.2716
   -7.5000  -30.0000    0.0000 2867.0305   10.6560
    0.0000  -30.0000    0.0000 2883.6321   10.5419
    7.5000  -30.0000    0.0000 2849.3823   10.7352
   -7.5000  -22.5000    0.0000 2938.7439   10.3294
    0.0000  -22.5000    0.0000 2961.7097   10.2252
    7.5000  -22.5000    0.0000 2914.9797   10.4218
   -7.5000  -15.0000    0.0000 2970.2163   10.1881
    0.0000  -15.0000    0.0000 2993.7737   10.0658
    7.5000  -15.0000    0.0000 2949.2180   10.2935
   -7.5000   -7.5000    0.0000 2962.3530   10.3331
    0.0000   -7.5000    0.0000 2983.7007   10.1806
    7.5000   -7.5000    0.0000 2943.7456   10.4284
   -7.5000    0.0000    0.0000 2894.5134   10.7880
    0.0000    0.0000    0.0000 2915.5881   10.6143
    7.5000    0.0000    0.0000 2880.1455   10.8732
   -7.5000    7.5000    0.0000 2786.4634   11.5562
    0.0000    7.5000    0.0000 2802.5071   11.3914
    7.5000    7.5000    0.0000 2773.7300   11.6614
   -7.5000   15.0000    0.0000 2654.4243   12.6172
    0.0000   15.0000    0.0000 2668.3733   12.4465
    7.5000   15.0000    0.0000 2640.5247   12.7140
   -7.5000   22.5000    0.0000 2505.6860   14.0037
    0.0000   22.5000    0.0000 2522.5852   13.8170
    7.5000   22.5000    0.0000 2494.3308   14.0681
   -7.5000   30.0000    0.0000 2348.6531   15.7044
    0.0000   30.0000    0.0000 2365.2856   15.5436
    7.5000   30.0000    0.0000 2340.4441   15.7788
   -7.5000   37.5000    0.0000 2151.7974   17.6985
    0.0000   37.5000    0.0000 2169.1992   17.5610
    7.5000   37.5000    0.0000 2147.5503   17.8111
   -7.5000   45.0000    0.0000 1935.4237   19.9992
    0.0000   45.0000    0.0000 1948.3823   19.8930
    7.5000   45.0000    0.0000 1932.0769   20.1278
   -7.5000  -45.0000    7.5000 2678.1677   11.7589
    0.0000  -45.0000    7.5000 2690.8215   11.6251
    7.5000  -45.0000    7.5000 2671.6790   11.8576
   -7.5000  -37.5000    7.5000 2797.6130   10.9124
    0.0000  -37.5000    7.5000 2816.9182   10.7789
    7.5000  -37.5000    7.5000 2788.3171   11.0004
   -7.5000  -30.0000    7.5000 2896.2507   10.3835
    0.0000  -30.0000    7.5000 2920.2871   10.2544
    7.5000  -30.0000    7.5000 2882.5134   10.4502
   -7.5000  -22.5000    7.5000 2979.7915   10.0324
    0.0000  -22.5000    7.5000 3012.8743    9.9510
    7.5000  -22.5000    7.5000 2957.7200   10.1288
   -7.5000  -15.0000    7.5000 3019.0225    9.8910
    0.0000  -15.0000    7.5000 3057.9639    9.7621
    7.5000  -15.0000    7.5000 2992.0059   10.0385
   -7.5000   -7.5000    7.5000 3005.1604   10.1222
    0.0000   -7.5000    7.5000 3038.6235    9.9589
    7.5000   -7.5000    7.5000 2984.9082   10.2216
   -7.5000    0.0000    7.5000 2922.4287   10.6222
    0.0000    0.0000    7.5000 2953.5847   10.4912
    7.5000    0.0000    7.5000 2909.4065   10.7009
   -7.5000    7.5000    7.5000 2810.2488   11.3596
    0.0000    7.5000    7.5000 2835.6958   11.2306
    7.5000    7.5000    7.5000 2796.3918   11.4354
   -7.5000   15.0000    7.5000 2673.9094   12.3841
    0.0000   15.0000    7.5000 2692.7952   12.2573
    7.5000   15.0000    7.5000 2662.6191   12.4469
   -7.5000   22.5000    7.5000 2522.1545   13.7163
    0.0000   22.5000    7.5000 2538.5720   13.6060
    7.5000   22.5000    7.5000 2513.8137   13.7862
   -7.5000   30.0000    7.5000 2361.5930   15.4102
    0.0000   30.0000    7.5000 2378.7478   15.2722
    7.5000   30.0000    7.5000 2354.1406   15.4587
   -7.5000   37.5000    7.5000 2166.2764   17.3893
    0.0000   37.5000    7.5000 2177.0876   17.2591
    7.5000   37.5000    7.5000 2160.5740   17.4522
   -7.5000   45.0000    7.5000 1947.9377   19.6425
    0.0000   45.0000    7.5000 1959.1884   19.5666
    7.5000   45.0000    7.5000 1942.0238   19.7625
   -7.5000  -45.0000   15.0000 2687.7910   11.7053
    0.0000  -45.0000   15.0000 2696.7737   11.4887
    7.5000  -45.0000   15.0000 2683.2590   11.8139
   -7.5000  -37.5000   15.0000 2807.5422   10.8542
    0.0000  -37.5000   15.0000 2818.3943   10.6676
    7.5000  -37.5000   15.0000 2800.8364   10.9375
   -7.5000  -30.0000   15.0000 2897.7832   10.2812
    0.0000  -30.0000   15.0000 2924.5210   10.1442
    7.5000  -30.0000   15.0000 2894.0469   10.3393
   -7.5000  -22.5000   15.0000 2975.4446    9.9652
    0.0000  -22.5000   15.0000 3018.7517    9.8473
    7.5000  -22.5000   15.0000 2962.0984   10.0044
   -7.5000  -15.0000   15.0000 3010.9165    9.9095
    0.0000  -15.0000   15.0000 3057.9087    9.7949
    7.5000  -15.0000   15.0000 2991.4285    9.9694
   -7.5000   -7.5000   15.0000 2998.8337   10.1106
    0.0000   -7.5000   15.0000 3037.0686   10.0182
    7.5000   -7.5000   15.0000 2979.4341   10.2028
   -7.5000    0.0000   15.0000 2920.2734   10.6096
    0.0000    0.0000   15.0000 2949.8970   10.5231
    7.5000    0.0000   15.0000 2906.6697   10.6988
   -7.5000    7.5000   15.0000 2806.9807   11.3548
    0.0000    7.5000   15.0000 2832.1223   11.2490
    7.5000    7.5000   15.0000 2796.7002   11.4320
   -7.5000   15.0000   15.0000 2671.5325   12.3600
    0.0000   15.0000   15.0000 2693.8032   12.2153
    7.5000   15.0000   15.0000 2664.3831   12.4145
   -7.5000   22.5000   15.0000 2522.5222   13.6677
    0.0000   22.5000   15.0000 2539.1816   13.4976
    7.5000   22.5000   15.0000 2517.7849   13.7140
   -7.5000   30.0000   15.0000 2360.7146   15.3145
    0.0000   30.0000   15.0000 2373.4929   15.1716
    7.5000   30.0000   15.0000 2353.5649   15.3796
   -7.5000   37.5000   15.0000 2167.9919   17.3015
    0.0000   37.5000   15.0000 2177.0471   17.1650
    7.5000   37.5000   15.0000 2160.4944   17.3476
   -7.5000   45.0000   15.0000 1949.2762   19.5141
    0.0000   45.0000   15.0000 1959.1036   19.3847
    7.5000   45.0000   15.0000 1939.2000   19.5843
   -7.5000  -45.0000   22.5000 2684.9602   11.9318
    0.0000  -45.0000   22.5000 2702.2405   11.7215
    7.5000  -45.0000   22.5000 2678.8875   11.9849
   -7.5000  -37.5000   22.5000 2802.9417   11.1049
    0.0000  -37.5000   22.5000 2819.1582   10.9113
    7.5000  -37.5000   22.5000 2794.9392   11.1532
   -7.5000  -30.0000   22.5000 2892.0491   10.5347
    0.0000  -30.0000   22.5000 2915.8618   10.3704
    7.5000  -30.0000   22.5000 2882.6914   10.5749
   -7.5000  -22.5000   22.5000 2956.9102   10.2514
    0.0000  -22.5000   22.5000 2986.4749   10.0597
    7.5000  -22.5000   22.5000 2942.9104   10.2690
   -7.5000  -15.0000   22.5000 2976.6619   10.2268
    0.0000  -15.0000   22.5000 3010.4385   10.0998
    7.5000  -15.0000   22.5000 2962.0271   10.2497
   -7.5000   -7.5000   22.5000 2955.3491   10.4142
    0.0000   -7.5000   22.5000 2984.6980   10.2936
    7.5000   -7.5000   22.5000 2943.4802   10.4425
   -7.5000    0.0000   22.5000 2881.2791   10.8768
    0.0000    0.0000   22.5000 2907.5854   10.7516
    7.5000    0.0000   22.5000 2870.8240   10.9030
   -7.5000    7.5000   22.5000 2775.3516   11.5675
    0.0000    7.5000   22.5000 2798.5479   11.4594
    7.5000    7.5000   22.5000 2767.1738   11.6131
   -7.5000   15.0000   22.5000 2647.3606   12.5251
    0.0000   15.0000   22.5000 2666.1384   12.3964
    7.5000   15.0000   22.5000 2642.9380   12.5688
   -7.5000   22.5000   22.5000 2501.9431   13.7693
    0.0000   22.5000   22.5000 2521.2344   13.6330
    7.5000   22.5000   22.5000 2501.3137   13.8170
   -7.5000   30.0000   22.5000 2339.5168   15.3748
    0.0000   30.0000   22.5000 2351.8169   15.2395
    7.5000   30.0000   22.5000 2337.4082   15.4234
   -7.5000   37.5000   22.5000 2151.9521   17.3427
    0.0000   37.5000   22.5000 2163.0522   17.1783
    7.5000   37.5000   22.5000 2143.6560   17.3966
   -7.5000   45.0000   22.5000 1938.7313   19.5793
    0.0000   45.0000   22.5000 1949.6251   19.4401
    7.5000   45.0000   22.5000 1932.7554   19.6411
   -7.5000  -45.0000   30.0000 2662.3904   12.3661
    0.0000  -45.0000   30.0000 2684.3206   12.1504
    7.5000  -45.0000   30.0000 2657.8625   12.4143
   -7.5000  -37.5000   30.0000 2777.0076   11.5290
    0.0000  -37.5000   30.0000 2796.8931   11.3159
    7.5000  -37.5000   30.0000 2771.4419   11.5617
   -7.5000  -30.0000   30.0000 2863.4053   10.9737
    0.0000  -30.0000   30.0000 2884.2175   10.7296
    7.5000  -30.0000   30.0000 2853.6370   10.9880
   -7.5000  -22.5000   30.0000 2917.9187   10.7075
    0.0000  -22.5000   30.0000 2944.3445   10.4857
    7.5000  -22.5000   30.0000 2906.5488   10.7216
   -7.5000  -15.0000   30.0000 2923.5281   10.7110
    0.0000  -15.0000   30.0000 2948.7341   10.5536
    7.5000  -15.0000   30.0000 2915.5906   10.7303
   -7.5000   -7.5000   30.0000 2889.4377   10.8884
    0.0000   -7.5000   30.0000 2912.4524   10.7512
    7.5000   -7.5000   30.0000 2883.3894   10.8956
   -7.5000    0.0000   30.0000 2817.7146   11.3009
    0.0000    0.0000   30.0000 2840.0393   11.1719
    7.5000    0.0000   30.0000 2812.1140   11.3203
   -7.5000    7.5000   30.0000 2717.3132   11.9783
    0.0000    7.5000   30.0000 2739.3647   11.8458
    7.5000    7.5000   30.0000 2713.7795   12.0096
   -7.5000   15.0000   30.0000 2599.6375   12.8830
    0.0000   15.0000   30.0000 2617.4565   12.7597
    7.5000   15.0000   30.0000 2596.4302   12.9237
   -7.5000   22.5000   30.0000 2461.8062   14.0819
    0.0000   22.5000   30.0000 2478.6843   13.9395
    7.5000   22.5000   30.0000 2457.9617   14.1235
   -7.5000   30.0000   30.0000 2305.4885   15.6665
    0.0000   30.0000   30.0000 2319.3562   15.5117
    7.5000   30.0000   30.0000 2303.5227   15.6862
   -7.5000   37.5000   30.0000 2121.2004   17.5659
    0.0000   37.5000   30.0000 2135.6228   17.4157
    7.5000   37.5000   30.0000 2118.2451   17.5962
   -7.5000   45.0000   30.0000 1914.8508   19.7728
    0.0000   45.0000   30.0000 1927.2975   19.6079
    7.5000   45.0000   30.0000 1906.9652   19.8485
   -7.5000  -45.0000   37.5000 2622.9502   12.8936
    0.0000  -45.0000   37.5000 2646.5806   12.6796
    7.5000  -45.0000   37.5000 2621.4136   12.9249
   -7.5000  -37.5000   37.5000 2732.3352   12.0553
    0.0000  -37.5000   37.5000 2752.5947   11.8219
    7.5000  -37.5000   37.5000 2729.1167   12.0786
   -7.5000  -30.0000   37.5000 2808.8157   11.5067
    0.0000  -30.0000   37.5000 2832.5222   11.2814
    7.5000  -30.0000   37.5000 2804.9968   11.5465
   -7.5000  -22.5000   37.5000 2855.8667   11.2553
    0.0000  -22.5000   37.5000 2876.4792   11.0451
    7.5000  -22.5000   37.5000 2846.9773   11.2917
   -7.5000  -15.0000   37.5000 2852.9880   11.2674
    0.0000  -15.0000   37.5000 2877.0244   11.1019
    7.5000  -15.0000   37.5000 2843.2703   11.2948
   -7.5000   -7.5000   37.5000 2807.9768   11.4587
    0.0000   -7.5000   37.5000 2832.0686   11.3017
    7.5000   -7.5000   37.5000 2805.1953   11.4648
   -7.5000    0.0000   37.5000 2735.2410   11.8690
    0.0000    0.0000   37.5000 2755.4822   11.7338
    7.5000    0.0000   37.5000 2735.1143   11.8832
   -7.5000    7.5000   37.5000 2641.5193   12.5083
    0.0000    7.5000   37.5000 2662.8337   12.3663
    7.5000    7.5000   37.5000 2644.3169   12.5360
   -7.5000   15.0000   37.5000 2528.8325   13.3865
    0.0000   15.0000   37.5000 2549.1423   13.2623
    7.5000   15.0000   37.5000 2530.8362   13.4301
   -7.5000   22.5000   37.5000 2398.9448   14.5706
    0.0000   22.5000   37.5000 2413.9980   14.4375
    7.5000   22.5000   37.5000 2400.7612   14.5940
   -7.5000   30.0000   37.5000 2250.6562   16.1135
    0.0000   30.0000   37.5000 2269.3203   15.9684
    7.5000   30.0000   37.5000 2252.1980   16.1625
   -7.5000   37.5000   37.5000 2075.6221   18.0155
    0.0000   37.5000   37.5000 2091.9431   17.8600
    7.5000   37.5000   37.5000 2076.0754   18.0653
   -7.5000   45.0000   37.5000 1878.7563   20.2627
    0.0000   45.0000   37.5000 1889.6254   20.1104
    7.5000   45.0000   37.5000 1874.6772   20.3321
   -7.5000  -45.0000   45.0000 2548.7756   13.4707
    0.0000  -45.0000   45.0000 2573.5654   13.2753
    7.5000  -45.0000   45.0000 2546.6050   13.5149
   -7.5000  -37.5000   45.0000 2644.9756   12.6417
    0.0000  -37.5000   45.0000 2669.7559   12.4314
    7.5000  -37.5000   45.0000 2642.0784   12.6867
   -7.5000  -30.0000   45.0000 2711.5396   12.1103
    0.0000  -30.0000   45.0000 2732.6948   11.9177
    7.5000  -30.0000   45.0000 2705.7012   12.1648
   -7.5000  -22.5000   45.0000 2742.0579   11.8621
    0.0000  -22.5000   45.0000 2759.7188   11.6819
    7.5000  -22.5000   45.0000 2735.6726   11.8949
   -7.5000  -15.0000   45.0000 2744.7268   11.8552
    0.0000  -15.0000   45.0000 2764.5952   11.6868
    7.5000  -15.0000   45.0000 2737.9456   11.8622
   -7.5000   -7.5000   45.0000 2699.2075   12.0526
    0.0000   -7.5000   45.0000 2721.5476   11.8870
    7.5000   -7.5000   45.0000 2698.7349   12.0619
   -7.5000    0.0000   45.0000 2626.6797   12.4581
    0.0000    0.0000   45.0000 2644.9072   12.3166
    7.5000    0.0000   45.0000 2626.7253   12.4845
   -7.5000    7.5000   45.0000 2538.3186   13.0839
    0.0000    7.5000   45.0000 2558.8420   12.9373
    7.5000    7.5000   45.0000 2538.6094   13.1233
   -7.5000   15.0000   45.0000 2428.8511   13.9799
    0.0000   15.0000   45.0000 2447.1958   13.8392
    7.5000   15.0000   45.0000 2429.1575   14.0061
   -7.5000   22.5000   45.0000 2303.5613   15.1720
    0.0000   22.5000   45.0000 2320.7532   15.0327
    7.5000   22.5000   45.0000 2302.5515   15.1853
   -7.5000   30.0000   45.0000 2167.5835   16.7485
    0.0000   30.0000   45.0000 2185.2236   16.6008
    7.5000   30.0000   45.0000 2169.6992   16.7543
   -7.5000   37.5000   45.0000 2001.6534   18.6611
    0.0000   37.5000   45.0000 2012.6288   18.5025
    7.5000   37.5000   45.0000 2000.9766   18.6871
   -7.5000   45.0000   45.0000 1810.0781   20.8998
    0.0000   45.0000   45.0000 1820.9427   20.7387
    7.5000   45.0000   45.0000 1809.9630   20.9743

---------------------------------------------------------------------
imgreg_4dfp /opt/freesurfer/average/711-2C_as_mni_average_305 /opt/freesurfer/average/711-2B_as_mni_average_305_mask talsrcimg_g11 none talsrcimg_to_711-2C_as_mni_average_305_t4 1283
---------------------------------------------------------------------

freesurfer imgreg_4dfp.c
/opt/freesurfer/average/711-2C_as_mni_average_305.4dfp.img
       256       256       256         1
  1.000000  1.000000  1.000000
orientation T byte_order littleendian
Reading image: /opt/freesurfer/average/711-2C_as_mni_average_305.4dfp.img
dimensions:      256       256       256
mmppix:       1.0000   -1.0000   -1.0000
center:     128.0000 -129.0000 -129.0000
/opt/freesurfer/average/711-2B_as_mni_average_305_mask.4dfp.img
       256       256       256         1
  1.000000  1.000000  1.000000
orientation T byte_order littleendian
Reading mask: /opt/freesurfer/average/711-2B_as_mni_average_305_mask.4dfp.img (2306576 pixels)
talsrcimg_g11.4dfp.img
       256       256       256         1
  0.900000  0.900000  0.900000
orientation T byte_order littleendian
Reading image: talsrcimg_g11.4dfp.img
dimensions:      256       256       256
mmppix:       0.9000   -0.9000   -0.9000
center:     115.2000 -116.1000 -116.1000
rotation matrix determinant  1.000000
fimgreg.f
image alignment mode   1283 decimal      503 hex
parameters
    0.0000  -15.0000    7.5000    0.0000    0.0000    0.0000
eta,q 0.95985  9.70736
niter,ni,del,rscale     5    3   12.0000    1.2000
parameter  2 -0.605161 -> -0.500000 qaram    1.1500
parameter  3 -0.756702 -> -0.500000 qaram    1.1500
parameters
   -1.2104  -11.5500   10.9500    1.4688    0.3888   -0.4148
eta,q 0.96470  9.69203
  0.0483  0.0530  0.0513  0.0429  0.0432  0.0390
  0.0437  0.0513  0.0475  0.0393  0.0399  0.0369
  0.0421  0.0474  0.0443  0.0365  0.0370  0.0356
  0.0424  0.0421  0.0399  0.0353  0.0354  0.0353
  0.0447  0.0395  0.0360  0.0356  0.0360  0.0362
  0.0495  0.0403  0.0356  0.0365  0.0385  0.0377
  0.0555  0.0428  0.0382  0.0376  0.0417  0.0399
niter,ni,del,rscale     6    3   12.0000    1.2000
parameters
   -1.1762  -12.9320   11.3562    2.9394    0.8721   -0.6604
eta,q 0.96541  9.68269
  0.0499  0.0420  0.0471  0.0417  0.0433  0.0383
  0.0433  0.0370  0.0425  0.0380  0.0398  0.0363
  0.0374  0.0343  0.0372  0.0351  0.0365  0.0350
  0.0353  0.0353  0.0343  0.0342  0.0347  0.0346
  0.0381  0.0382  0.0361  0.0350  0.0353  0.0353
  0.0431  0.0428  0.0409  0.0360  0.0378  0.0368
  0.0494  0.0511  0.0446  0.0362  0.0413  0.0389
niter,ni,del,rscale     5    3   12.0000    1.2000
parameters
   -1.5171  -14.0149   11.7365    4.6221    1.2601   -0.6293
eta,q 0.96529  9.68457
  0.0486  0.0415  0.0475  0.0405  0.0442  0.0376
  0.0415  0.0355  0.0427  0.0365  0.0401  0.0359
  0.0354  0.0342  0.0371  0.0341  0.0362  0.0349
  0.0346  0.0343  0.0340  0.0339  0.0346  0.0347
  0.0387  0.0366  0.0359  0.0348  0.0359  0.0352
  0.0444  0.0405  0.0414  0.0348  0.0384  0.0360
  0.0507  0.0473  0.0449  0.0349  0.0421  0.0374
niter,ni,del,rscale     4    3   12.0000    1.2000
parameters
   -1.7105  -15.2534   11.9651    6.2895    1.1374   -0.2515
eta,q 0.96649  9.67571
  0.0499  0.0406  0.0464  0.0390  0.0427  0.0368
  0.0428  0.0331  0.0415  0.0356  0.0381  0.0349
  0.0363  0.0328  0.0361  0.0341  0.0342  0.0338
  0.0347  0.0346  0.0336  0.0336  0.0335  0.0335
  0.0384  0.0360  0.0357  0.0335  0.0355  0.0337
  0.0445  0.0393  0.0415  0.0334  0.0388  0.0343
  0.0511  0.0460  0.0442  0.0348  0.0430  0.0360
niter,ni,del,rscale     3    3   12.0000    1.2000
parameters
   -1.5981  -16.1694   12.1761    6.8313    0.9725   -0.2711
eta,q 0.96767  9.65521
  0.0506  0.0417  0.0452  0.0383  0.0417  0.0358
  0.0434  0.0329  0.0399  0.0351  0.0371  0.0338
  0.0361  0.0311  0.0344  0.0331  0.0332  0.0327
  0.0335  0.0336  0.0324  0.0324  0.0324  0.0323
  0.0364  0.0360  0.0346  0.0325  0.0344  0.0326
  0.0423  0.0388  0.0402  0.0338  0.0378  0.0337
  0.0494  0.0447  0.0427  0.0365  0.0424  0.0360
niter,ni,del,rscale     2    3   12.0000    1.2000
parameters
   -1.5036  -16.3122   12.3003    6.9351    0.8994   -0.2658
eta,q 0.96779  9.65380
  0.0497  0.0451  0.0450  0.0378  0.0419  0.0359
  0.0421  0.0347  0.0393  0.0345  0.0373  0.0338
  0.0347  0.0310  0.0338  0.0326  0.0333  0.0326
  0.0323  0.0324  0.0322  0.0322  0.0322  0.0322
  0.0353  0.0351  0.0349  0.0327  0.0342  0.0325
  0.0414  0.0380  0.0403  0.0344  0.0375  0.0337
  0.0484  0.0431  0.0427  0.0372  0.0421  0.0360
niter,ni,del,rscale     1    3   12.0000    1.2000
parameters
   -1.4666  -16.3738   12.3493    6.9794    0.8689   -0.2577
eta,q 0.96783  9.65329
  0.0494  0.0456  0.0447  0.0378  0.0419  0.0359
  0.0416  0.0350  0.0390  0.0344  0.0373  0.0338
  0.0343  0.0311  0.0336  0.0325  0.0333  0.0325
  0.0322  0.0322  0.0322  0.0322  0.0322  0.0322
  0.0354  0.0350  0.0351  0.0328  0.0341  0.0324
  0.0415  0.0380  0.0404  0.0345  0.0374  0.0336
  0.0485  0.0430  0.0427  0.0374  0.0419  0.0360
registration optimization eta report
parameter search radius
    6.0000    6.9000    6.9000    6.0000    6.0000    6.0000
100000*second partial in parameter space
       45.       26.       23.       15.       26.       11.
  0.0494  0.0456  0.0447  0.0378  0.0419  0.0359
  0.0416  0.0350  0.0390  0.0344  0.0373  0.0338
  0.0343  0.0311  0.0336  0.0325  0.0333  0.0325
  0.0322  0.0322  0.0322  0.0322  0.0322  0.0322
  0.0354  0.0350  0.0351  0.0328  0.0341  0.0324
  0.0415  0.0380  0.0404  0.0345  0.0374  0.0336
  0.0485  0.0430  0.0427  0.0374  0.0419  0.0360
   -1.4666  -16.3738   12.3493    6.9794    0.8689   -0.2577
eta,q 0.96783  9.65329

---------------------------------------------------------------------
imgreg_4dfp /opt/freesurfer/average/711-2C_as_mni_average_305 /opt/freesurfer/average/711-2B_as_mni_average_305_mask talsrcimg_g11 none talsrcimg_to_711-2C_as_mni_average_305_t4 3335
---------------------------------------------------------------------

freesurfer imgreg_4dfp.c
/opt/freesurfer/average/711-2C_as_mni_average_305.4dfp.img
       256       256       256         1
  1.000000  1.000000  1.000000
orientation T byte_order littleendian
Reading image: /opt/freesurfer/average/711-2C_as_mni_average_305.4dfp.img
dimensions:      256       256       256
mmppix:       1.0000   -1.0000   -1.0000
center:     128.0000 -129.0000 -129.0000
/opt/freesurfer/average/711-2B_as_mni_average_305_mask.4dfp.img
       256       256       256         1
  1.000000  1.000000  1.000000
orientation T byte_order littleendian
Reading mask: /opt/freesurfer/average/711-2B_as_mni_average_305_mask.4dfp.img (2306576 pixels)
talsrcimg_g11.4dfp.img
       256       256       256         1
  0.900000  0.900000  0.900000
orientation T byte_order littleendian
Reading image: talsrcimg_g11.4dfp.img
dimensions:      256       256       256
mmppix:       0.9000   -0.9000   -0.9000
center:     115.2000 -116.1000 -116.1000
fimgreg.f
image alignment mode   3335 decimal      D07 hex
parameters
   -1.4666  -16.3738   12.3493   -0.0125   -0.7412   -0.7524
    0.2622   -1.5599   -0.4498  -12.1443    1.5165   12.1498
eta,q 0.97026  9.66645
niter,ni,del,rscale     5    3    5.0000    1.2000
parameter  4  0.511600 ->  0.500000 qaram    1.1500
parameter  5  1.422284 ->  0.500000 qaram    1.1500
parameters
   -1.4403  -16.6381   11.8347   -4.1525   -4.8812   -3.8811
    1.5934   -0.7171    0.1387  -13.3810    2.0221   11.8560
eta,q 0.97485  9.42773
  0.0329  0.0313  0.0309  0.0294  0.0246  0.0269  0.0283  0.0300  0.0270  0.0271  0.0266  0.0264
  0.0312  0.0303  0.0299  0.0287  0.0255  0.0260  0.0269  0.0275  0.0261  0.0258  0.0258  0.0257
  0.0301  0.0298  0.0295  0.0286  0.0268  0.0252  0.0259  0.0259  0.0255  0.0252  0.0253  0.0253
  0.0297  0.0297  0.0297  0.0295  0.0286  0.0258  0.0254  0.0253  0.0253  0.0253  0.0252  0.0252
  0.0301  0.0302  0.0303  0.0315  0.0312  0.0288  0.0254  0.0255  0.0254  0.0259  0.0252  0.0253
  0.0311  0.0310  0.0312  0.0344  0.0342  0.0328  0.0258  0.0264  0.0258  0.0271  0.0256  0.0258
  0.0327  0.0321  0.0323  0.0382  0.0372  0.0374  0.0267  0.0281  0.0265  0.0290  0.0263  0.0266
niter,ni,del,rscale     6    3    5.0000    1.2000
parameters
   -1.1711  -17.2331   11.1627   -2.0409   -9.0083   -4.5333
    1.2992   -0.7099   -0.1935  -13.1594    2.5449   12.6922
eta,q 0.97651  9.37320
  0.0279  0.0260  0.0258  0.0289  0.0240  0.0268  0.0257  0.0278  0.0247  0.0263  0.0250  0.0252
  0.0265  0.0253  0.0251  0.0275  0.0233  0.0257  0.0245  0.0256  0.0240  0.0247  0.0243  0.0244
  0.0256  0.0250  0.0249  0.0262  0.0233  0.0245  0.0238  0.0241  0.0237  0.0239  0.0238  0.0238
  0.0252  0.0251  0.0250  0.0248  0.0241  0.0232  0.0236  0.0235  0.0235  0.0235  0.0235  0.0235
  0.0252  0.0256  0.0255  0.0240  0.0255  0.0230  0.0239  0.0240  0.0237  0.0237  0.0236  0.0235
  0.0258  0.0265  0.0264  0.0246  0.0279  0.0257  0.0248  0.0255  0.0242  0.0245  0.0240  0.0239
  0.0269  0.0277  0.0277  0.0267  0.0313  0.0303  0.0260  0.0278  0.0250  0.0259  0.0247  0.0246
niter,ni,del,rscale     5    3    5.0000    1.2000
parameters
   -1.2111  -17.1055   11.4257   -1.4743   -9.8254   -4.7078
    1.3396   -0.8635   -0.4636  -13.1136    2.6938   12.9259
eta,q 0.97662  9.35654
  0.0261  0.0256  0.0254  0.0272  0.0255  0.0269  0.0258  0.0275  0.0246  0.0257  0.0248  0.0248
  0.0247  0.0244  0.0244  0.0260  0.0244  0.0257  0.0245  0.0253  0.0239  0.0244  0.0240  0.0241
  0.0238  0.0237  0.0238  0.0247  0.0236  0.0245  0.0237  0.0239  0.0235  0.0236  0.0236  0.0236
  0.0235  0.0235  0.0235  0.0235  0.0233  0.0233  0.0234  0.0234  0.0234  0.0234  0.0234  0.0234
  0.0238  0.0237  0.0235  0.0232  0.0238  0.0227  0.0237  0.0240  0.0236  0.0236  0.0235  0.0235
  0.0248  0.0242  0.0239  0.0245  0.0249  0.0247  0.0245  0.0255  0.0240  0.0243  0.0240  0.0239
  0.0264  0.0251  0.0247  0.0272  0.0268  0.0289  0.0257  0.0278  0.0247  0.0257  0.0247  0.0247
niter,ni,del,rscale     4    3    5.0000    1.2000
parameters
   -1.2423  -17.0950   11.5085   -1.3258  -10.0074   -4.7602
    1.4319   -0.9286   -0.5846  -13.1327    2.7651   13.0133
eta,q 0.97663  9.35291
  0.0261  0.0252  0.0250  0.0270  0.0258  0.0269  0.0258  0.0275  0.0246  0.0256  0.0248  0.0247
  0.0247  0.0241  0.0241  0.0259  0.0247  0.0257  0.0245  0.0254  0.0239  0.0243  0.0240  0.0241
  0.0237  0.0235  0.0236  0.0246  0.0237  0.0246  0.0237  0.0239  0.0235  0.0236  0.0236  0.0236
  0.0234  0.0234  0.0234  0.0234  0.0233  0.0233  0.0234  0.0234  0.0234  0.0234  0.0234  0.0234
  0.0237  0.0236  0.0235  0.0233  0.0236  0.0226  0.0236  0.0239  0.0235  0.0236  0.0235  0.0235
  0.0247  0.0242  0.0239  0.0248  0.0246  0.0245  0.0244  0.0255  0.0240  0.0243  0.0240  0.0240
  0.0263  0.0251  0.0248  0.0277  0.0262  0.0286  0.0257  0.0277  0.0247  0.0257  0.0248  0.0247
niter,ni,del,rscale     3    3    5.0000    1.2000
parameters
   -1.2542  -17.1015   11.5328   -1.2868  -10.0507   -4.7774
    1.4716   -0.9532   -0.6425  -13.1533    2.7887   13.0423
eta,q 0.97663  9.35214
  0.0262  0.0251  0.0249  0.0270  0.0259  0.0269  0.0258  0.0276  0.0246  0.0256  0.0248  0.0247
  0.0247  0.0241  0.0241  0.0258  0.0247  0.0258  0.0245  0.0254  0.0239  0.0243  0.0240  0.0240
  0.0237  0.0235  0.0236  0.0245  0.0238  0.0246  0.0237  0.0239  0.0235  0.0236  0.0235  0.0236
  0.0234  0.0234  0.0234  0.0234  0.0234  0.0234  0.0234  0.0234  0.0234  0.0234  0.0234  0.0234
  0.0237  0.0236  0.0235  0.0234  0.0236  0.0226  0.0237  0.0239  0.0235  0.0235  0.0235  0.0235
  0.0247  0.0242  0.0240  0.0249  0.0246  0.0244  0.0245  0.0254  0.0240  0.0243  0.0240  0.0240
  0.0262  0.0251  0.0249  0.0279  0.0261  0.0285  0.0257  0.0276  0.0246  0.0257  0.0248  0.0248
niter,ni,del,rscale     2    3    5.0000    1.2000
parameters
   -1.2591  -17.1084   11.5405   -1.2749  -10.0628   -4.7823
    1.4891   -0.9608   -0.6625  -13.1696    2.7910   13.0638
eta,q 0.97663  9.35205
  0.0262  0.0251  0.0249  0.0270  0.0259  0.0269  0.0257  0.0276  0.0246  0.0256  0.0248  0.0247
  0.0247  0.0241  0.0241  0.0258  0.0247  0.0258  0.0245  0.0254  0.0239  0.0243  0.0240  0.0240
  0.0237  0.0235  0.0236  0.0245  0.0238  0.0246  0.0236  0.0239  0.0235  0.0236  0.0235  0.0236
  0.0234  0.0234  0.0234  0.0234  0.0234  0.0234  0.0234  0.0234  0.0234  0.0234  0.0234  0.0234
  0.0237  0.0236  0.0235  0.0234  0.0236  0.0226  0.0237  0.0239  0.0235  0.0235  0.0235  0.0235
  0.0247  0.0242  0.0240  0.0249  0.0246  0.0244  0.0245  0.0254  0.0239  0.0243  0.0240  0.0240
  0.0262  0.0250  0.0249  0.0279  0.0261  0.0285  0.0257  0.0276  0.0246  0.0257  0.0248  0.0248
registration optimization eta report
parameter search radius
    2.4000    2.4000    2.4000    8.2800    8.2800    7.2000
    7.2000    7.2000    7.2000    7.2000    7.2000    7.2000
100000*second partial in parameter space
       49.       30.       27.        6.        4.        9.
        4.        8.        2.        4.        3.        3.
  0.0262  0.0251  0.0249  0.0270  0.0259  0.0269  0.0257  0.0276  0.0246  0.0256  0.0248  0.0247
  0.0247  0.0241  0.0241  0.0258  0.0247  0.0258  0.0245  0.0254  0.0239  0.0243  0.0240  0.0240
  0.0237  0.0235  0.0236  0.0245  0.0238  0.0246  0.0236  0.0239  0.0235  0.0236  0.0235  0.0236
  0.0234  0.0234  0.0234  0.0234  0.0234  0.0234  0.0234  0.0234  0.0234  0.0234  0.0234  0.0234
  0.0237  0.0236  0.0235  0.0234  0.0236  0.0226  0.0237  0.0239  0.0235  0.0235  0.0235  0.0235
  0.0247  0.0242  0.0240  0.0249  0.0246  0.0244  0.0245  0.0254  0.0239  0.0243  0.0240  0.0240
  0.0262  0.0250  0.0249  0.0279  0.0261  0.0285  0.0257  0.0276  0.0246  0.0257  0.0248  0.0248
   -1.2591  -17.1084   11.5405   -1.2749  -10.0628   -4.7823
    1.4891   -0.9608   -0.6625  -13.1696    2.7910   13.0638
eta,q 0.97663  9.35205

---------------------------------------------------------------------
imgreg_4dfp /opt/freesurfer/average/711-2C_as_mni_average_305 /opt/freesurfer/average/711-2B_as_mni_average_305_mask talsrcimg_g11 none talsrcimg_to_711-2C_as_mni_average_305_t4 2311
---------------------------------------------------------------------

freesurfer imgreg_4dfp.c
/opt/freesurfer/average/711-2C_as_mni_average_305.4dfp.img
       256       256       256         1
  1.000000  1.000000  1.000000
orientation T byte_order littleendian
Reading image: /opt/freesurfer/average/711-2C_as_mni_average_305.4dfp.img
dimensions:      256       256       256
mmppix:       1.0000   -1.0000   -1.0000
center:     128.0000 -129.0000 -129.0000
/opt/freesurfer/average/711-2B_as_mni_average_305_mask.4dfp.img
       256       256       256         1
  1.000000  1.000000  1.000000
orientation T byte_order littleendian
Reading mask: /opt/freesurfer/average/711-2B_as_mni_average_305_mask.4dfp.img (2306576 pixels)
talsrcimg_g11.4dfp.img
       256       256       256         1
  0.900000  0.900000  0.900000
orientation T byte_order littleendian
Reading image: talsrcimg_g11.4dfp.img
dimensions:      256       256       256
mmppix:       0.9000   -0.9000   -0.9000
center:     115.2000 -116.1000 -116.1000
fimgreg.f
image alignment mode   2311 decimal      907 hex
parameters
   -1.2591  -17.1084   11.5405   -1.2749  -10.0628   -4.7823
    1.4891   -0.9608   -0.6625  -13.1696    2.7910   13.0638
eta,q 0.97664  9.35205
niter,ni,del,rscale     5    3    5.0000    0.8000
parameters
   -1.2432  -17.1734   11.6031   -0.2070  -10.0226   -3.8534
    1.3120   -0.8547   -0.8427  -13.3008    2.9186   12.5244
eta,q 0.97721  9.38558
  0.0247  0.0241  0.0241  0.0255  0.0242  0.0256  0.0239  0.0255  0.0234  0.0239  0.0238  0.0234
  0.0240  0.0236  0.0237  0.0247  0.0237  0.0247  0.0233  0.0241  0.0231  0.0233  0.0233  0.0230
  0.0235  0.0234  0.0235  0.0240  0.0233  0.0239  0.0229  0.0232  0.0229  0.0229  0.0229  0.0228
  0.0234  0.0234  0.0234  0.0234  0.0232  0.0232  0.0228  0.0228  0.0228  0.0228  0.0228  0.0228
  0.0235  0.0235  0.0234  0.0232  0.0233  0.0226  0.0230  0.0231  0.0229  0.0229  0.0229  0.0229
  0.0239  0.0238  0.0236  0.0235  0.0236  0.0230  0.0234  0.0240  0.0231  0.0233  0.0232  0.0233
  0.0247  0.0242  0.0240  0.0244  0.0242  0.0247  0.0241  0.0253  0.0235  0.0241  0.0237  0.0237
niter,ni,del,rscale     4    3    5.0000    0.7000
parameters
   -1.2741  -17.2193   11.5035   -0.3651   -9.8744   -3.6278
    1.3119   -0.8793   -0.8734  -13.1649    2.9868   12.3424
eta,q 0.97729  9.39065
  0.0239  0.0234  0.0234  0.0242  0.0237  0.0249  0.0237  0.0248  0.0232  0.0237  0.0234  0.0232
  0.0233  0.0230  0.0231  0.0235  0.0232  0.0241  0.0231  0.0237  0.0229  0.0232  0.0231  0.0230
  0.0229  0.0228  0.0228  0.0230  0.0229  0.0234  0.0228  0.0230  0.0228  0.0228  0.0228  0.0228
  0.0228  0.0228  0.0228  0.0228  0.0228  0.0228  0.0227  0.0227  0.0227  0.0227  0.0227  0.0227
  0.0230  0.0229  0.0229  0.0230  0.0228  0.0226  0.0228  0.0230  0.0228  0.0228  0.0228  0.0228
  0.0234  0.0231  0.0232  0.0236  0.0231  0.0233  0.0231  0.0237  0.0229  0.0231  0.0230  0.0230
  0.0240  0.0235  0.0236  0.0246  0.0236  0.0250  0.0236  0.0248  0.0232  0.0236  0.0234  0.0234
niter,ni,del,rscale     3    3    5.0000    0.6000
parameters
   -1.2737  -17.1989   11.4663   -0.4008   -9.8653   -3.3696
    1.3150   -0.8851   -0.9041  -13.0303    3.0386   12.1119
eta,q 0.97737  9.39212
  0.0236  0.0232  0.0232  0.0239  0.0233  0.0245  0.0233  0.0243  0.0230  0.0234  0.0232  0.0230
  0.0231  0.0229  0.0229  0.0233  0.0230  0.0238  0.0229  0.0234  0.0228  0.0230  0.0229  0.0228
  0.0228  0.0228  0.0228  0.0229  0.0228  0.0232  0.0227  0.0228  0.0227  0.0227  0.0227  0.0227
  0.0227  0.0227  0.0227  0.0227  0.0227  0.0227  0.0226  0.0226  0.0226  0.0226  0.0226  0.0226
  0.0228  0.0228  0.0228  0.0228  0.0228  0.0226  0.0227  0.0228  0.0227  0.0227  0.0227  0.0227
  0.0231  0.0229  0.0230  0.0233  0.0230  0.0231  0.0229  0.0234  0.0228  0.0229  0.0229  0.0229
  0.0236  0.0232  0.0233  0.0240  0.0234  0.0244  0.0233  0.0243  0.0230  0.0233  0.0232  0.0231
niter,ni,del,rscale     2    3    5.0000    0.5000
parameters
   -1.2745  -17.1733   11.4420   -0.4457   -9.8582   -3.1226
    1.3277   -0.8873   -0.8956  -12.8712    3.0699   11.8383
eta,q 0.97744  9.39272
  0.0232  0.0230  0.0230  0.0235  0.0231  0.0240  0.0231  0.0238  0.0228  0.0231  0.0230  0.0228
  0.0229  0.0228  0.0228  0.0231  0.0228  0.0235  0.0228  0.0231  0.0227  0.0228  0.0228  0.0227
  0.0227  0.0227  0.0227  0.0227  0.0227  0.0230  0.0226  0.0227  0.0226  0.0226  0.0226  0.0226
  0.0226  0.0226  0.0226  0.0226  0.0226  0.0226  0.0226  0.0226  0.0226  0.0226  0.0226  0.0226
  0.0227  0.0227  0.0227  0.0227  0.0227  0.0225  0.0226  0.0227  0.0226  0.0226  0.0226  0.0226
  0.0229  0.0228  0.0228  0.0231  0.0228  0.0230  0.0228  0.0231  0.0227  0.0227  0.0227  0.0227
  0.0232  0.0229  0.0231  0.0236  0.0231  0.0239  0.0231  0.0238  0.0228  0.0230  0.0230  0.0230
niter,ni,del,rscale     1    3    5.0000    0.4000
parameters
   -1.2744  -17.1402   11.4247   -0.4999   -9.8714   -2.8904
    1.3310   -0.8868   -0.8566  -12.6894    3.0967   11.5675
eta,q 0.97749  9.39229
  0.0230  0.0228  0.0228  0.0231  0.0229  0.0236  0.0228  0.0233  0.0227  0.0229  0.0228  0.0227
  0.0227  0.0227  0.0227  0.0228  0.0227  0.0232  0.0227  0.0229  0.0226  0.0227  0.0226  0.0226
  0.0226  0.0226  0.0226  0.0226  0.0226  0.0228  0.0226  0.0226  0.0225  0.0226  0.0226  0.0225
  0.0226  0.0226  0.0226  0.0226  0.0226  0.0226  0.0225  0.0225  0.0225  0.0225  0.0225  0.0225
  0.0226  0.0226  0.0226  0.0226  0.0226  0.0225  0.0226  0.0226  0.0225  0.0225  0.0225  0.0226
  0.0227  0.0227  0.0227  0.0229  0.0227  0.0228  0.0227  0.0229  0.0226  0.0226  0.0226  0.0226
  0.0230  0.0228  0.0229  0.0232  0.0229  0.0234  0.0228  0.0233  0.0227  0.0228  0.0228  0.0228
registration optimization eta report
parameter search radius
    0.8000    0.8000    0.8000    2.4000    2.4000    2.4000
    2.4000    2.4000    2.4000    2.4000    2.4000    2.4000
100000*second partial in parameter space
       62.       34.       45.       10.        5.       17.
        5.       14.        3.        6.        5.        4.
  0.0230  0.0228  0.0228  0.0231  0.0229  0.0236  0.0228  0.0233  0.0227  0.0229  0.0228  0.0227
  0.0227  0.0227  0.0227  0.0228  0.0227  0.0232  0.0227  0.0229  0.0226  0.0227  0.0226  0.0226
  0.0226  0.0226  0.0226  0.0226  0.0226  0.0228  0.0226  0.0226  0.0225  0.0226  0.0226  0.0225
  0.0226  0.0226  0.0226  0.0226  0.0226  0.0226  0.0225  0.0225  0.0225  0.0225  0.0225  0.0225
  0.0226  0.0226  0.0226  0.0226  0.0226  0.0225  0.0226  0.0226  0.0225  0.0225  0.0225  0.0226
  0.0227  0.0227  0.0227  0.0229  0.0227  0.0228  0.0227  0.0229  0.0226  0.0226  0.0226  0.0226
  0.0230  0.0228  0.0229  0.0232  0.0229  0.0234  0.0228  0.0233  0.0227  0.0228  0.0228  0.0228
   -1.2744  -17.1402   11.4247   -0.4999   -9.8714   -2.8904
    1.3310   -0.8868   -0.8566  -12.6894    3.0967   11.5675
eta,q 0.97749  9.39229

---------------------------------------------------------------------
imgreg_4dfp /opt/freesurfer/average/711-2C_as_mni_average_305 /opt/freesurfer/average/711-2B_as_mni_average_305_mask talsrcimg_g11 none talsrcimg_to_711-2C_as_mni_average_305_t4 2311
---------------------------------------------------------------------

freesurfer imgreg_4dfp.c
/opt/freesurfer/average/711-2C_as_mni_average_305.4dfp.img
       256       256       256         1
  1.000000  1.000000  1.000000
orientation T byte_order littleendian
Reading image: /opt/freesurfer/average/711-2C_as_mni_average_305.4dfp.img
dimensions:      256       256       256
mmppix:       1.0000   -1.0000   -1.0000
center:     128.0000 -129.0000 -129.0000
/opt/freesurfer/average/711-2B_as_mni_average_305_mask.4dfp.img
       256       256       256         1
  1.000000  1.000000  1.000000
orientation T byte_order littleendian
Reading mask: /opt/freesurfer/average/711-2B_as_mni_average_305_mask.4dfp.img (2306576 pixels)
talsrcimg_g11.4dfp.img
       256       256       256         1
  0.900000  0.900000  0.900000
orientation T byte_order littleendian
Reading image: talsrcimg_g11.4dfp.img
dimensions:      256       256       256
mmppix:       0.9000   -0.9000   -0.9000
center:     115.2000 -116.1000 -116.1000
fimgreg.f
image alignment mode   2311 decimal      907 hex
parameters
   -1.2744  -17.1402   11.4247   -0.4999   -9.8714   -2.8904
    1.3310   -0.8868   -0.8566  -12.6894    3.0967   11.5675
eta,q 0.97749  9.39229
niter,ni,del,rscale     5    3    5.0000    0.8000
parameters
   -1.2712  -17.0538   11.4032   -0.8013  -10.0483   -3.4811
    1.3904   -0.9731   -0.8476  -12.6279    3.1309   11.9823
eta,q 0.97731  9.37781
  0.0241  0.0235  0.0237  0.0243  0.0236  0.0249  0.0239  0.0252  0.0233  0.0239  0.0236  0.0236
  0.0232  0.0230  0.0230  0.0234  0.0230  0.0240  0.0232  0.0239  0.0230  0.0232  0.0231  0.0231
  0.0227  0.0226  0.0226  0.0228  0.0227  0.0232  0.0228  0.0230  0.0228  0.0229  0.0228  0.0228
  0.0225  0.0225  0.0225  0.0225  0.0225  0.0225  0.0227  0.0227  0.0227  0.0227  0.0227  0.0227
  0.0227  0.0226  0.0227  0.0228  0.0227  0.0229  0.0228  0.0230  0.0228  0.0228  0.0228  0.0227
  0.0232  0.0229  0.0231  0.0236  0.0231  0.0245  0.0232  0.0240  0.0230  0.0232  0.0231  0.0229
  0.0241  0.0233  0.0237  0.0249  0.0238  0.0273  0.0238  0.0254  0.0233  0.0239  0.0236  0.0233
niter,ni,del,rscale     4    3    5.0000    0.7000
parameters
   -1.2790  -17.0273   11.3953   -0.5099  -10.0524   -3.5066
    1.3609   -0.9777   -0.9323  -12.6834    3.1770   11.9866
eta,q 0.97733  9.38181
  0.0238  0.0234  0.0235  0.0244  0.0235  0.0247  0.0236  0.0247  0.0231  0.0235  0.0234  0.0233
  0.0232  0.0230  0.0230  0.0236  0.0231  0.0240  0.0231  0.0237  0.0229  0.0231  0.0230  0.0230
  0.0228  0.0228  0.0228  0.0230  0.0228  0.0233  0.0228  0.0229  0.0227  0.0228  0.0228  0.0228
  0.0227  0.0227  0.0227  0.0227  0.0227  0.0227  0.0227  0.0227  0.0227  0.0227  0.0227  0.0227
  0.0228  0.0228  0.0228  0.0227  0.0227  0.0226  0.0228  0.0229  0.0227  0.0228  0.0227  0.0227
  0.0232  0.0230  0.0230  0.0232  0.0230  0.0235  0.0231  0.0237  0.0229  0.0231  0.0230  0.0229
  0.0239  0.0233  0.0235  0.0241  0.0235  0.0254  0.0236  0.0248  0.0232  0.0236  0.0234  0.0233
niter,ni,del,rscale     3    3    5.0000    0.6000
parameters
   -1.2892  -17.0470   11.4126   -0.4156   -9.9999   -3.3080
    1.3622   -0.9750   -0.9478  -12.6758    3.1838   11.8228
eta,q 0.97740  9.38636
  0.0235  0.0231  0.0233  0.0239  0.0233  0.0244  0.0233  0.0242  0.0230  0.0233  0.0232  0.0230
  0.0231  0.0229  0.0229  0.0233  0.0230  0.0238  0.0229  0.0234  0.0228  0.0229  0.0229  0.0228
  0.0228  0.0227  0.0227  0.0229  0.0228  0.0232  0.0227  0.0228  0.0226  0.0227  0.0227  0.0226
  0.0227  0.0227  0.0227  0.0227  0.0227  0.0227  0.0226  0.0226  0.0226  0.0226  0.0226  0.0226
  0.0228  0.0227  0.0227  0.0228  0.0227  0.0225  0.0227  0.0228  0.0226  0.0227  0.0227  0.0227
  0.0231  0.0229  0.0229  0.0232  0.0229  0.0231  0.0229  0.0234  0.0228  0.0229  0.0229  0.0228
  0.0236  0.0231  0.0232  0.0239  0.0233  0.0245  0.0233  0.0243  0.0230  0.0233  0.0232  0.0231
niter,ni,del,rscale     2    3    5.0000    0.5000
parameters
   -1.2914  -17.0614   11.4141   -0.4341   -9.9698   -3.0736
    1.3616   -0.9591   -0.9110  -12.5999    3.1791   11.6265
eta,q 0.97746  9.38852
  0.0232  0.0229  0.0230  0.0235  0.0231  0.0240  0.0230  0.0238  0.0228  0.0231  0.0229  0.0228
  0.0229  0.0227  0.0228  0.0230  0.0228  0.0235  0.0228  0.0231  0.0227  0.0228  0.0227  0.0227
  0.0227  0.0226  0.0227  0.0227  0.0227  0.0230  0.0226  0.0227  0.0226  0.0226  0.0226  0.0226
  0.0226  0.0226  0.0226  0.0226  0.0226  0.0226  0.0225  0.0225  0.0225  0.0225  0.0225  0.0225
  0.0227  0.0226  0.0227  0.0227  0.0226  0.0225  0.0226  0.0227  0.0226  0.0226  0.0226  0.0226
  0.0229  0.0228  0.0228  0.0230  0.0228  0.0229  0.0228  0.0231  0.0227  0.0227  0.0227  0.0227
  0.0232  0.0229  0.0230  0.0235  0.0231  0.0239  0.0230  0.0238  0.0228  0.0230  0.0230  0.0229
niter,ni,del,rscale     1    3    5.0000    0.4000
parameters
   -1.2894  -17.0590   11.4067   -0.4962   -9.9436   -2.8589
    1.3499   -0.9401   -0.8667  -12.4826    3.1740   11.3867
eta,q 0.97750  9.38936
  0.0229  0.0228  0.0228  0.0231  0.0228  0.0236  0.0228  0.0233  0.0227  0.0229  0.0228  0.0227
  0.0227  0.0226  0.0227  0.0228  0.0227  0.0232  0.0226  0.0229  0.0226  0.0227  0.0226  0.0226
  0.0226  0.0226  0.0226  0.0226  0.0226  0.0228  0.0225  0.0226  0.0225  0.0226  0.0225  0.0225
  0.0225  0.0225  0.0225  0.0225  0.0225  0.0225  0.0225  0.0225  0.0225  0.0225  0.0225  0.0225
  0.0226  0.0226  0.0226  0.0226  0.0226  0.0225  0.0225  0.0226  0.0225  0.0225  0.0225  0.0225
  0.0227  0.0226  0.0227  0.0228  0.0227  0.0228  0.0227  0.0229  0.0226  0.0226  0.0226  0.0226
  0.0229  0.0228  0.0228  0.0232  0.0228  0.0234  0.0228  0.0233  0.0227  0.0228  0.0228  0.0228
registration optimization eta report
parameter search radius
    0.8000    0.8000    0.8000    2.4000    2.4000    2.4000
    2.4000    2.4000    2.4000    2.4000    2.4000    2.4000
100000*second partial in parameter space
       62.       34.       47.       10.        5.       17.
        5.       14.        3.        6.        5.        4.
  0.0229  0.0228  0.0228  0.0231  0.0228  0.0236  0.0228  0.0233  0.0227  0.0229  0.0228  0.0227
  0.0227  0.0226  0.0227  0.0228  0.0227  0.0232  0.0226  0.0229  0.0226  0.0227  0.0226  0.0226
  0.0226  0.0226  0.0226  0.0226  0.0226  0.0228  0.0225  0.0226  0.0225  0.0226  0.0225  0.0225
  0.0225  0.0225  0.0225  0.0225  0.0225  0.0225  0.0225  0.0225  0.0225  0.0225  0.0225  0.0225
  0.0226  0.0226  0.0226  0.0226  0.0226  0.0225  0.0225  0.0226  0.0225  0.0225  0.0225  0.0225
  0.0227  0.0226  0.0227  0.0228  0.0227  0.0228  0.0227  0.0229  0.0226  0.0226  0.0226  0.0226
  0.0229  0.0228  0.0228  0.0232  0.0228  0.0234  0.0228  0.0233  0.0227  0.0228  0.0228  0.0228
   -1.2894  -17.0590   11.4067   -0.4962   -9.9436   -2.8589
    1.3499   -0.9401   -0.8667  -12.4826    3.1740   11.3867
eta,q 0.97750  9.38936

---------------------------------------------------------------------
compute_vox2vox talsrcimg talsrcimg_to_711-2C_as_mni_average_305_t4 /opt/freesurfer/average/711-2C_as_mni_average_305
---------------------------------------------------------------------

freesurfer compute_vox2vox.c
Reading: talsrcimg.4dfp.ifh
Reading: talsrcimg_to_711-2C_as_mni_average_305_t4
Reading: /opt/freesurfer/average/711-2C_as_mni_average_305.4dfp.ifh
Writing: talsrcimg_to_711-2C_as_mni_average_305_t4_vox2vox.txt

start time Wed Mar 11 19:33:42 CET 2026
end		time Wed Mar 11 19:33:56 CET 2026

mpr2mni305 success

avi2talxfm orig_nu.mgz /opt/freesurfer/average/mni305.cor.mgz talsrcimg_to_711-2C_as_mni_average_305_t4_vox2vox.txt transforms/talairach.auto.xfm
avi2talxfm done
mv -f /out/sourcedata/freesurfer/sub-v2s1x29872_ses-1/mri/talsrcimg_to_711-2C_as_mni_average_305_t4_vox2vox.txt /out/sourcedata/freesurfer/sub-v2s1x29872_ses-1/mri/transforms/talsrcimg_to_711-2C_as_mni_average_305_t4_vox2vox.txt
lta_convert --src orig_nu.mgz --trg /opt/freesurfer/average/mni305.cor.mgz --inxfm transforms/talairach.auto.xfm --outlta transforms/talairach.auto.xfm.lta --subject fsaverage
7.3.2

--src: orig_nu.mgz src image (geometry).
--trg: /opt/freesurfer/average/mni305.cor.mgz trg image (geometry).
--inmni: transforms/talairach.auto.xfm input MNI/XFM transform.
--outlta: transforms/talairach.auto.xfm.lta output LTA.
--s: fsaverage subject name
 LTA read, type : 1
 1.00460   0.00766  -0.01603   0.55840;
-0.03342   1.01272  -0.12755  -40.02109;
 0.00504   0.14045   1.09258  -52.84112;
 0.00000   0.00000   0.00000   1.00000;
setting subject to fsaverage
Writing  LTA to file transforms/talairach.auto.xfm.lta...
lta_convert successful.
 
 
Started at Wed Mar 11 19:33:42 CET 2026
Ended   at Wed Mar 11 19:33:57 CET 2026
talairach_avi done
