Log file for defect2seg
Wed Mar 11 22:45:26 CET 2026

setenv SUBJECTS_DIR /out/sourcedata/freesurfer
cd /out/sourcedata/freesurfer/sub-v2s1x29887_ses-1/scripts
/opt/freesurfer/bin/defect2seg --s sub-v2s1x29887_ses-1 --rh-only --cortex

freesurfer-linux-ubuntu22_x86_64-7.3.2-20220804-6354275
defect2seg 7.3.2
Linux dna020 5.14.0-427.37.1.el9_4.x86_64 #1 SMP PREEMPT_DYNAMIC Fri Sep 13 12:41:50 EDT 2024 x86_64 x86_64 x86_64 GNU/Linux
pid 3388719
mri_label2label --label-cortex /out/sourcedata/freesurfer/sub-v2s1x29887_ses-1/surf/rh.orig.nofix /out/sourcedata/freesurfer/sub-v2s1x29887_ses-1/mri/aseg.presurf.mgz 0 /out/sourcedata/freesurfer/sub-v2s1x29887_ses-1/label/rh.nofix.cortex.label

 Generating cortex label... RemoveHipAmgy=0
 NucAccIsMedialWall=0
 mris->useRealRAS=0
31 non-cortical segments detected
only using segment with 7195 vertices
erasing segment 0 (vno[0] = 23707)
erasing segment 1 (vno[0] = 24499)
erasing segment 2 (vno[0] = 24577)
erasing segment 3 (vno[0] = 25360)
erasing segment 4 (vno[0] = 25376)
erasing segment 5 (vno[0] = 26078)
erasing segment 6 (vno[0] = 26086)
erasing segment 7 (vno[0] = 26090)
erasing segment 8 (vno[0] = 26770)
erasing segment 9 (vno[0] = 26787)
erasing segment 11 (vno[0] = 28110)
erasing segment 12 (vno[0] = 28119)
erasing segment 13 (vno[0] = 28127)
erasing segment 14 (vno[0] = 28129)
erasing segment 15 (vno[0] = 28756)
erasing segment 16 (vno[0] = 29647)
erasing segment 17 (vno[0] = 30576)
erasing segment 18 (vno[0] = 31590)
erasing segment 19 (vno[0] = 33535)
erasing segment 20 (vno[0] = 34562)
erasing segment 21 (vno[0] = 47899)
erasing segment 22 (vno[0] = 55940)
erasing segment 23 (vno[0] = 56860)
erasing segment 24 (vno[0] = 58445)
erasing segment 25 (vno[0] = 68599)
erasing segment 26 (vno[0] = 69459)
erasing segment 27 (vno[0] = 70332)
erasing segment 28 (vno[0] = 71131)
erasing segment 29 (vno[0] = 74900)
erasing segment 30 (vno[0] = 89740)
mri_label2vol --defects /out/sourcedata/freesurfer/sub-v2s1x29887_ses-1/surf/rh.orig.nofix /out/sourcedata/freesurfer/sub-v2s1x29887_ses-1/surf/rh.defect_labels /out/sourcedata/freesurfer/sub-v2s1x29887_ses-1/mri/orig.mgz 2000 0 /out/sourcedata/freesurfer/sub-v2s1x29887_ses-1/mri/rh.surface.defects.mgz /out/sourcedata/freesurfer/sub-v2s1x29887_ses-1/label/rh.nofix.cortex.label
mri_label2vol supposed to be reproducible but seed not set
Contraining to label /out/sourcedata/freesurfer/sub-v2s1x29887_ses-1/label/rh.nofix.cortex.label
Changing input type 0 to MRI_INT
Converting defects to volume: offset=2000, merge=0
Writing to /out/sourcedata/freesurfer/sub-v2s1x29887_ses-1/mri/rh.surface.defects.mgz
mris_defects_pointset -s /out/sourcedata/freesurfer/sub-v2s1x29887_ses-1/surf/rh.orig.nofix -d /out/sourcedata/freesurfer/sub-v2s1x29887_ses-1/surf/rh.defect_labels -o /out/sourcedata/freesurfer/sub-v2s1x29887_ses-1/surf/rh.defects.pointset --label /out/sourcedata/freesurfer/sub-v2s1x29887_ses-1/label/rh.nofix.cortex.label
Reading in surface /out/sourcedata/freesurfer/sub-v2s1x29887_ses-1/surf/rh.orig.nofix
Reading in defect segmentation /out/sourcedata/freesurfer/sub-v2s1x29887_ses-1/surf/rh.defect_labels
Reading in label /out/sourcedata/freesurfer/sub-v2s1x29887_ses-1/label/rh.nofix.cortex.label
#VMPC# mris_defects_pointset 1347092
mris_defects_pointset done
 
Started at Wed Mar 11 22:45:26 CET 2026 
Ended   at Wed Mar 11 22:45:40 CET 2026
Defect2seg-Run-Time-Sec 14
Defect2seg-Run-Time-Min 0.28
Defect2seg-Run-Time-Hours 0.00
 
defect2seg Done
