status file for recon-all
Wed Mar 11 22:10:28 CET 2026
#@# Tessellate lh Wed Mar 11 22:10:28 CET 2026
#@# Smooth1 lh Wed Mar 11 22:10:32 CET 2026
#@# Inflation1 lh Wed Mar 11 22:10:36 CET 2026
#@# QSphere lh Wed Mar 11 22:12:05 CET 2026
#@# Fix Topology lh Wed Mar 11 22:13:50 CET 2026
#@# Smooth2 lh Wed Mar 11 22:21:56 CET 2026
#@# Inflation2 lh Wed Mar 11 22:22:00 CET 2026
#@# Curv .H and .K lh Wed Mar 11 22:22:47 CET 2026
#@# Sphere lh Wed Mar 11 22:23:52 CET 2026
#@# Surf Reg lh Wed Mar 11 22:27:24 CET 2026
#@# Jacobian white lh Wed Mar 11 22:33:19 CET 2026
#@# AvgCurv lh Wed Mar 11 22:33:20 CET 2026
#@# Cortical Parc lh Wed Mar 11 22:33:22 CET 2026
#@# white curv lh Wed Mar 11 22:42:39 CET 2026
#@# white area lh Wed Mar 11 22:42:41 CET 2026
#@# pial curv lh Wed Mar 11 22:42:43 CET 2026
#@# pial area lh Wed Mar 11 22:42:45 CET 2026
#@# thickness lh Wed Mar 11 22:42:46 CET 2026
#@# area and vertex vol lh Wed Mar 11 22:43:31 CET 2026
#@# Curvature Stats lh Wed Mar 11 22:43:34 CET 2026
#@# Cortical Parc 2 lh Wed Mar 11 22:43:38 CET 2026
#@# Cortical Parc 3 lh Wed Mar 11 22:43:56 CET 2026
#@# WM/GM Contrast lh Wed Mar 11 22:44:10 CET 2026
recon-all -s sub-v2s1x29886_ses-1 finished without error at Wed Mar 11 22:44:15 CET 2026



#New# invocation of recon-all 



status file for recon-all
Wed Mar 11 23:30:49 CET 2026
#@# white curv lh Wed Mar 11 23:30:49 CET 2026
#@# white area lh Wed Mar 11 23:30:49 CET 2026
#@# pial curv lh Wed Mar 11 23:30:49 CET 2026
#@# pial area lh Wed Mar 11 23:30:49 CET 2026
#@# thickness lh Wed Mar 11 23:30:49 CET 2026
#@# area and vertex vol lh Wed Mar 11 23:30:49 CET 2026
#@# Parcellation Stats lh Wed Mar 11 23:30:49 CET 2026
#@# Parcellation Stats 2 lh Wed Mar 11 23:31:22 CET 2026
#@# Parcellation Stats 3 lh Wed Mar 11 23:31:38 CET 2026
#@# BA_exvivo Labels lh Wed Mar 11 23:31:54 CET 2026
recon-all -s sub-v2s1x29886_ses-1 finished without error at Wed Mar 11 23:35:38 CET 2026
