/out/sourcedata/freesurfer/sub-v2s1x29889_ses-1/mri
/opt/freesurfer/bin/talairach_avi
--i orig_nu.mgz --xfm transforms/talairach.auto.xfm
talairach_avi 7.3.2
Linux dna059 5.14.0-427.37.1.el9_4.x86_64 #1 SMP PREEMPT_DYNAMIC Fri Sep 13 12:41:50 EDT 2024 x86_64 x86_64 x86_64 GNU/Linux
Wed Mar 11 20:27:08 CET 2026
mri_convert orig_nu.mgz talsrcimg.img 
reading from orig_nu.mgz...
TR=0.00, TE=0.00, TI=0.00, flip angle=0.00
i_ras = (-1, 0, 0)
j_ras = (0, 0, -1)
k_ras = (0, 1, 0)
writing to talsrcimg.img...
Analyze Output Matrix
-0.90000   0.00000   0.00000   117.75869;
 0.00000   0.00000   0.90000  -84.04371;
 0.00000  -0.90000   0.00000   172.95889;
 0.00000   0.00000   0.00000   1.00000;
--------------------
INFO: set hdr.hist.orient to -1
mpr2mni305 talsrcimg
Wed Mar 11 20:27:09 CET 2026
/opt/freesurfer/bin/mpr2mni305 talsrcimg
mpr2mni305 7.3.2
target=711-2C_as_mni_average_305

---------------------------------------------------------------------
analyzeto4dfp talsrcimg -O0 -y
---------------------------------------------------------------------

freesurfer ifh2hdr.c
Wed Mar 11 20:27:09 2026
Writing: talsrcimg.4dfp.hdr
freesurfer analyzeto4dfp.c
Reading: talsrcimg.hdr
header size 348 bytes
hdr.dime.datatype	offset=70	value=2
hdr.dime.bitpix		offset=72	value=8
hdr.hist.orient		offset=252	value=-1
dimensionality     4
dimensions       256       256       256         1
Reading: talsrcimg.img
Writing: talsrcimg.4dfp.img
Writing: talsrcimg.4dfp.ifh
ifh2hdr talsrcimg -r0to236
ori=2

---------------------------------------------------------------------
gauss_4dfp talsrcimg 1.1
---------------------------------------------------------------------

freesurfer gauss_4dfp.c
Reading: talsrcimg.4dfp.img
Writing: talsrcimg_g11.4dfp.img
image dimensions 256 256 256 padded to 288 288 288
processing volume 1freesurfer ifh2hdr.c
Wed Mar 11 20:27:11 2026
Writing: talsrcimg_g11.4dfp.hdr

Writing: talsrcimg_g11.4dfp.ifh
including: talsrcimg.4dfp.img.rec in talsrcimg_g11.4dfp.img.rec

---------------------------------------------------------------------
imgreg_4dfp /opt/freesurfer/average/711-2C_as_mni_average_305 none talsrcimg_g11 none talsrcimg_to_711-2C_as_mni_average_305_t4 4355
---------------------------------------------------------------------

freesurfer imgreg_4dfp.c
/opt/freesurfer/average/711-2C_as_mni_average_305.4dfp.img
       256       256       256         1
  1.000000  1.000000  1.000000
orientation T byte_order littleendian
Reading image: /opt/freesurfer/average/711-2C_as_mni_average_305.4dfp.img
dimensions:      256       256       256
mmppix:       1.0000   -1.0000   -1.0000
center:     128.0000 -129.0000 -129.0000
talsrcimg_g11.4dfp.img
       256       256       256         1
  0.900000  0.900000  0.900000
orientation T byte_order littleendian
Reading image: talsrcimg_g11.4dfp.img
dimensions:      256       256       256
mmppix:       0.9000   -0.9000   -0.9000
center:     115.2000 -116.1000 -116.1000
t4_read: open error in t4_sub.f l:  41 t4_file(1:l)talsrcimg_to_711-2C_as_mni_average_305_t4 
t4_read: transform initialized to I4
rotation matrix determinant  1.000000
image alignment mode   4355 decimal     1103 hex
   -7.5000  -45.0000  -45.0000 5838.3887   19.6575
    0.0000  -45.0000  -45.0000 5944.0117   19.7279
    7.5000  -45.0000  -45.0000 5714.8149   19.7783
   -7.5000  -37.5000  -45.0000 6301.0073   20.9076
    0.0000  -37.5000  -45.0000 6419.9785   20.9697
    7.5000  -37.5000  -45.0000 6166.1475   21.0090
   -7.5000  -30.0000  -45.0000 6748.5771   21.5826
    0.0000  -30.0000  -45.0000 6882.3042   21.6444
    7.5000  -30.0000  -45.0000 6604.4463   21.6814
   -7.5000  -22.5000  -45.0000 7257.2998   21.5739
    0.0000  -22.5000  -45.0000 7402.1270   21.6462
    7.5000  -22.5000  -45.0000 7096.5596   21.6950
   -7.5000  -15.0000  -45.0000 7735.5181   21.5506
    0.0000  -15.0000  -45.0000 7874.0586   21.6346
    7.5000  -15.0000  -45.0000 7514.9458   21.6983
   -7.5000   -7.5000  -45.0000 7808.3843   21.5431
    0.0000   -7.5000  -45.0000 7939.0825   21.6296
    7.5000   -7.5000  -45.0000 7586.7285   21.6958
   -7.5000    0.0000  -45.0000 7833.9814   21.5494
    0.0000    0.0000  -45.0000 7980.6372   21.6266
    7.5000    0.0000  -45.0000 7621.6719   21.6819
   -7.5000    7.5000  -45.0000 7554.5132   21.5667
    0.0000    7.5000  -45.0000 7681.5459   21.6308
    7.5000    7.5000  -45.0000 7351.0391   21.6713
   -7.5000   15.0000  -45.0000 7537.4336   21.5826
    0.0000   15.0000  -45.0000 7639.8335   21.6444
    7.5000   15.0000  -45.0000 7328.9150   21.6814
   -7.5000   22.5000  -45.0000 7031.1382   21.2836
    0.0000   22.5000  -45.0000 7116.9531   21.3550
    7.5000   22.5000  -45.0000 6828.5786   21.4032
   -7.5000   30.0000  -45.0000 6460.2607   20.6936
    0.0000   30.0000  -45.0000 6525.2827   20.7743
    7.5000   30.0000  -45.0000 6244.4424   20.8355
   -7.5000   37.5000  -45.0000 5873.1172   20.0252
    0.0000   37.5000  -45.0000 5921.4468   20.1064
    7.5000   37.5000  -45.0000 5657.4683   20.1685
   -7.5000   45.0000  -45.0000 5287.6328   19.4202
    0.0000   45.0000  -45.0000 5318.0449   19.4871
    7.5000   45.0000  -45.0000 5079.0015   19.5407
   -7.5000  -45.0000  -37.5000 6357.2949   20.6957
    0.0000  -45.0000  -37.5000 6450.3198   20.7418
    7.5000  -45.0000  -37.5000 6192.5845   20.7702
   -7.5000  -37.5000  -37.5000 6836.6875   22.0142
    0.0000  -37.5000  -37.5000 6944.0044   22.0538
    7.5000  -37.5000  -37.5000 6658.5962   22.0747
   -7.5000  -30.0000  -37.5000 7305.1748   22.6800
    0.0000  -30.0000  -37.5000 7427.7192   22.7264
    7.5000  -30.0000  -37.5000 7116.4878   22.7455
   -7.5000  -22.5000  -37.5000 7865.0537   22.6748
    0.0000  -22.5000  -37.5000 8007.1436   22.7364
    7.5000  -22.5000  -37.5000 7644.9492   22.7634
   -7.5000  -15.0000  -37.5000 8381.6006   22.6616
    0.0000  -15.0000  -37.5000 8523.5801   22.7338
    7.5000  -15.0000  -37.5000 8120.1025   22.7704
   -7.5000   -7.5000  -37.5000 8423.8652   22.6568
    0.0000   -7.5000  -37.5000 8579.3691   22.7239
    7.5000   -7.5000  -37.5000 8189.0151   22.7622
   -7.5000    0.0000  -37.5000 8437.2295   22.6586
    0.0000    0.0000  -37.5000 8597.8633   22.7090
    7.5000    0.0000  -37.5000 8204.9785   22.7402
   -7.5000    7.5000  -37.5000 8134.4268   22.6682
    0.0000    7.5000  -37.5000 8262.7617   22.7090
    7.5000    7.5000  -37.5000 7904.1567   22.7306
   -7.5000   15.0000  -37.5000 8096.5854   22.6789
    0.0000   15.0000  -37.5000 8210.6787   22.7253
    7.5000   15.0000  -37.5000 7865.5747   22.7444
   -7.5000   22.5000  -37.5000 7544.4590   22.3717
    0.0000   22.5000  -37.5000 7645.8301   22.4325
    7.5000   22.5000  -37.5000 7324.3477   22.4590
   -7.5000   30.0000  -37.5000 6902.3003   21.7759
    0.0000   30.0000  -37.5000 6975.6191   21.8454
    7.5000   30.0000  -37.5000 6671.2070   21.8806
   -7.5000   37.5000  -37.5000 6263.9604   21.0772
    0.0000   37.5000  -37.5000 6317.3770   21.1405
    7.5000   37.5000  -37.5000 6027.5098   21.1767
   -7.5000   45.0000  -37.5000 5629.4663   20.4165
    0.0000   45.0000  -37.5000 5656.8516   20.4596
    7.5000   45.0000  -37.5000 5395.0986   20.4917
   -7.5000  -45.0000  -30.0000 6879.0503   21.7408
    0.0000  -45.0000  -30.0000 6990.3013   21.7725
    7.5000  -45.0000  -30.0000 6696.3579   21.7789
   -7.5000  -37.5000  -30.0000 7386.3760   23.1491
    0.0000  -37.5000  -30.0000 7503.7988   23.1724
    7.5000  -37.5000  -30.0000 7172.5767   23.1674
   -7.5000  -30.0000  -30.0000 7894.7290   23.8236
    0.0000  -30.0000  -30.0000 8020.0405   23.8593
    7.5000  -30.0000  -30.0000 7677.1362   23.8509
   -7.5000  -22.5000  -30.0000 8479.8232   23.8141
    0.0000  -22.5000  -30.0000 8638.6289   23.8753
    7.5000  -22.5000  -30.0000 8244.3174   23.8763
   -7.5000  -15.0000  -30.0000 9006.4209   23.7862
    0.0000  -15.0000  -30.0000 9164.8730   23.8630
    7.5000  -15.0000  -30.0000 8744.7686   23.8774
   -7.5000   -7.5000  -30.0000 9056.4902   23.7712
    0.0000   -7.5000  -30.0000 9210.2412   23.8347
    7.5000   -7.5000  -30.0000 8810.3994   23.8515
   -7.5000    0.0000  -30.0000 9061.0146   23.7781
    0.0000    0.0000  -30.0000 9230.4170   23.8128
    7.5000    0.0000  -30.0000 8827.2793   23.8198
   -7.5000    7.5000  -30.0000 8704.1182   23.8009
    0.0000    7.5000  -30.0000 8884.1074   23.8248
    7.5000    7.5000  -30.0000 8492.5430   23.8197
   -7.5000   15.0000  -30.0000 8659.8398   23.8203
    0.0000   15.0000  -30.0000 8812.5645   23.8560
    7.5000   15.0000  -30.0000 8423.8965   23.8476
   -7.5000   22.5000  -30.0000 8055.8257   23.4968
    0.0000   22.5000  -30.0000 8177.2139   23.5571
    7.5000   22.5000  -30.0000 7820.8418   23.5581
   -7.5000   30.0000  -30.0000 7366.0410   22.8733
    0.0000   30.0000  -30.0000 7439.7715   22.9471
    7.5000   30.0000  -30.0000 7106.8638   22.9610
   -7.5000   37.5000  -30.0000 6649.5938   22.1466
    0.0000   37.5000  -30.0000 6703.2812   22.2066
    7.5000   37.5000  -30.0000 6398.9678   22.2229
   -7.5000   45.0000  -30.0000 5973.3481   21.4580
    0.0000   45.0000  -30.0000 6001.5586   21.4870
    7.5000   45.0000  -30.0000 5715.7173   21.4970
   -7.5000  -45.0000  -22.5000 7394.2139   22.6502
    0.0000  -45.0000  -22.5000 7511.6367   22.6948
    7.5000  -45.0000  -22.5000 7171.3657   22.7009
   -7.5000  -37.5000  -22.5000 7922.6582   24.1523
    0.0000  -37.5000  -22.5000 8068.1528   24.1839
    7.5000  -37.5000  -22.5000 7690.7876   24.1709
   -7.5000  -30.0000  -22.5000 8482.1113   24.8463
    0.0000  -30.0000  -22.5000 8622.5879   24.8899
    7.5000  -30.0000  -22.5000 8228.3633   24.8714
   -7.5000  -22.5000  -22.5000 9090.0488   24.8345
    0.0000  -22.5000  -22.5000 9263.0176   24.9106
    7.5000  -22.5000  -22.5000 8804.0312   24.9082
   -7.5000  -15.0000  -22.5000 9614.6660   24.7815
    0.0000  -15.0000  -22.5000 9765.1934   24.8801
    7.5000  -15.0000  -22.5000 9314.2227   24.9003
   -7.5000   -7.5000  -22.5000 9669.7139   24.7483
    0.0000   -7.5000  -22.5000 9809.4668   24.8317
    7.5000   -7.5000  -22.5000 9379.0811   24.8557
   -7.5000    0.0000  -22.5000 9665.1934   24.7586
    0.0000    0.0000  -22.5000 9837.5742   24.8073
    7.5000    0.0000  -22.5000 9400.0146   24.8140
   -7.5000    7.5000  -22.5000 9272.3203   24.8013
    0.0000    7.5000  -22.5000 9454.0801   24.8338
    7.5000    7.5000  -22.5000 9025.5107   24.8204
   -7.5000   15.0000  -22.5000 9183.8691   24.8404
    0.0000   15.0000  -22.5000 9346.1641   24.8839
    7.5000   15.0000  -22.5000 8905.0039   24.8655
   -7.5000   22.5000  -22.5000 8538.2139   24.5059
    0.0000   22.5000  -22.5000 8663.2451   24.5810
    7.5000   22.5000  -22.5000 8255.8877   24.5786
   -7.5000   30.0000  -22.5000 7797.8936   23.8479
    0.0000   30.0000  -22.5000 7889.9429   23.9427
    7.5000   30.0000  -22.5000 7531.5825   23.9622
   -7.5000   37.5000  -22.5000 7033.8037   23.0917
    0.0000   37.5000  -22.5000 7094.9150   23.1702
    7.5000   37.5000  -22.5000 6779.2510   23.1933
   -7.5000   45.0000  -22.5000 6298.0005   22.3984
    0.0000   45.0000  -22.5000 6337.0591   22.4393
    7.5000   45.0000  -22.5000 6039.9565   22.4489
   -7.5000  -45.0000  -15.0000 7901.6880   23.4433
    0.0000  -45.0000  -15.0000 8026.0645   23.5231
    7.5000  -45.0000  -15.0000 7666.6372   23.5574
   -7.5000  -37.5000  -15.0000 8442.7217   25.0051
    0.0000  -37.5000  -15.0000 8586.5469   25.0676
    7.5000  -37.5000  -15.0000 8177.4297   25.0768
   -7.5000  -30.0000  -15.0000 9044.0654   25.7087
    0.0000  -30.0000  -15.0000 9164.1406   25.7734
    7.5000  -30.0000  -15.0000 8723.5898   25.7759
   -7.5000  -22.5000  -15.0000 9684.1885   25.6926
    0.0000  -22.5000  -15.0000 9830.2656   25.7863
    7.5000  -22.5000  -15.0000 9339.7070   25.8110
   -7.5000  -15.0000  -15.000010213.2324   25.6248
    0.0000  -15.0000  -15.000010335.8779   25.7452
    7.5000  -15.0000  -15.0000 9851.6406   25.8004
   -7.5000   -7.5000  -15.000010274.5840   25.5858
    0.0000   -7.5000  -15.000010374.5195   25.7007
    7.5000   -7.5000  -15.0000 9904.5322   25.7609
   -7.5000    0.0000  -15.000010281.9463   25.6006
    0.0000    0.0000  -15.000010406.4873   25.6878
    7.5000    0.0000  -15.0000 9917.7520   25.7252
   -7.5000    7.5000  -15.0000 9825.4775   25.6521
    0.0000    7.5000  -15.0000 9967.1582   25.7163
    7.5000    7.5000  -15.0000 9493.2217   25.7257
   -7.5000   15.0000  -15.0000 9694.1221   25.7007
    0.0000   15.0000  -15.0000 9828.9893   25.7655
    7.5000   15.0000  -15.0000 9348.1934   25.7679
   -7.5000   22.5000  -15.0000 8975.2764   25.3566
    0.0000   22.5000  -15.0000 9105.2920   25.4490
    7.5000   22.5000  -15.0000 8651.2148   25.4734
   -7.5000   30.0000  -15.0000 8192.0098   24.6779
    0.0000   30.0000  -15.0000 8296.7988   24.7939
    7.5000   30.0000  -15.0000 7901.3042   24.8470
   -7.5000   37.5000  -15.0000 7392.0337   23.9101
    0.0000   37.5000  -15.0000 7451.3857   24.0182
    7.5000   37.5000  -15.0000 7117.5327   24.0752
   -7.5000   45.0000  -15.0000 6598.3071   23.2194
    0.0000   45.0000  -15.0000 6639.8442   23.2945
    7.5000   45.0000  -15.0000 6333.3857   23.3322
   -7.5000  -45.0000   -7.5000 8162.2314   23.4535
    0.0000  -45.0000   -7.5000 8250.6016   23.5521
    7.5000  -45.0000   -7.5000 7890.0239   23.6116
   -7.5000  -37.5000   -7.5000 8703.7559   25.0034
    0.0000  -37.5000   -7.5000 8788.6143   25.0858
    7.5000  -37.5000   -7.5000 8389.3281   25.1229
   -7.5000  -30.0000   -7.5000 9293.4609   25.6959
    0.0000  -30.0000   -7.5000 9384.4277   25.7738
    7.5000  -30.0000   -7.5000 8939.1201   25.8048
   -7.5000  -22.5000   -7.5000 9920.1953   25.6787
    0.0000  -22.5000   -7.500010011.0078   25.7753
    7.5000  -22.5000   -7.5000 9540.7012   25.8275
   -7.5000  -15.0000   -7.500010459.8145   25.6226
    0.0000  -15.0000   -7.500010510.9834   25.7420
    7.5000  -15.0000   -7.500010038.5557   25.8224
   -7.5000   -7.5000   -7.500010536.9258   25.5965
    0.0000   -7.5000   -7.500010597.5166   25.7197
    7.5000   -7.5000   -7.500010106.1152   25.8053
   -7.5000    0.0000   -7.500010547.5928   25.6118
    0.0000    0.0000   -7.500010647.1846   25.7194
    7.5000    0.0000   -7.500010110.0039   25.7844
   -7.5000    7.5000   -7.500010059.9590   25.6504
    0.0000    7.5000   -7.500010161.9414   25.7350
    7.5000    7.5000   -7.5000 9635.7129   25.7730
   -7.5000   15.0000   -7.5000 9896.7578   25.6880
    0.0000   15.0000   -7.5000 9996.3818   25.7659
    7.5000   15.0000   -7.5000 9483.0664   25.7968
   -7.5000   22.5000   -7.5000 9122.7803   25.3428
    0.0000   22.5000   -7.5000 9223.1729   25.4382
    7.5000   22.5000   -7.5000 8769.6729   25.4897
   -7.5000   30.0000   -7.5000 8319.6934   24.6758
    0.0000   30.0000   -7.5000 8406.6689   24.7908
    7.5000   30.0000   -7.5000 7997.6431   24.8683
   -7.5000   37.5000   -7.5000 7505.2061   23.9208
    0.0000   37.5000   -7.5000 7557.9077   24.0367
    7.5000   37.5000   -7.5000 7204.8999   24.1174
   -7.5000   45.0000   -7.5000 6686.6055   23.2308
    0.0000   45.0000   -7.5000 6714.6353   23.3245
    7.5000   45.0000   -7.5000 6401.9473   23.3875
   -7.5000  -45.0000    0.0000 8221.6094   24.0572
    0.0000  -45.0000    0.0000 8287.5908   24.1437
    7.5000  -45.0000    0.0000 7947.2437   24.2050
   -7.5000  -37.5000    0.0000 8781.9277   25.6107
    0.0000  -37.5000    0.0000 8864.7549   25.6870
    7.5000  -37.5000    0.0000 8483.4219   25.7345
   -7.5000  -30.0000    0.0000 9368.9707   26.2854
    0.0000  -30.0000    0.0000 9490.5605   26.3606
    7.5000  -30.0000    0.0000 9054.3135   26.4048
   -7.5000  -22.5000    0.0000 9944.6748   26.2762
    0.0000  -22.5000    0.0000 9952.2764   26.3642
    7.5000  -22.5000    0.0000 9518.4639   26.4227
   -7.5000  -15.0000    0.000010419.9619   26.2487
    0.0000  -15.0000    0.000010380.6543   26.3509
    7.5000  -15.0000    0.0000 9930.1230   26.4276
   -7.5000   -7.5000    0.000010502.2744   26.2388
    0.0000   -7.5000    0.000010538.2764   26.3443
    7.5000   -7.5000    0.000010051.7500   26.4243
   -7.5000    0.0000    0.000010567.1348   26.2450
    0.0000    0.0000    0.000010614.5889   26.3394
    7.5000    0.0000    0.000010082.1182   26.4062
   -7.5000    7.5000    0.000010097.5420   26.2561
    0.0000    7.5000    0.000010117.9824   26.3343
    7.5000    7.5000    0.0000 9606.8242   26.3831
   -7.5000   15.0000    0.0000 9900.1514   26.2761
    0.0000   15.0000    0.0000 9929.3369   26.3513
    7.5000   15.0000    0.0000 9420.6055   26.3955
   -7.5000   22.5000    0.0000 9085.9902   25.9362
    0.0000   22.5000    0.0000 9130.6475   26.0230
    7.5000   22.5000    0.0000 8671.2627   26.0807
   -7.5000   30.0000    0.0000 8282.6211   25.2941
    0.0000   30.0000    0.0000 8328.9199   25.3926
    7.5000   30.0000    0.0000 7914.3687   25.4665
   -7.5000   37.5000    0.0000 7483.1587   24.5508
    0.0000   37.5000    0.0000 7489.0425   24.6504
    7.5000   37.5000    0.0000 7133.1279   24.7260
   -7.5000   45.0000    0.0000 6660.0317   23.8493
    0.0000   45.0000    0.0000 6644.8794   23.9319
    7.5000   45.0000    0.0000 6340.1104   23.9972
   -7.5000  -45.0000    7.5000 7978.7788   24.0700
    0.0000  -45.0000    7.5000 8044.6895   24.1237
    7.5000  -45.0000    7.5000 7723.3882   24.1569
   -7.5000  -37.5000    7.5000 8490.9492   25.6166
    0.0000  -37.5000    7.5000 8582.1465   25.6628
    7.5000  -37.5000    7.5000 8222.1074   25.6872
   -7.5000  -30.0000    7.5000 9057.7812   26.2840
    0.0000  -30.0000    7.5000 9099.6650   26.3378
    7.5000  -30.0000    7.5000 8719.5322   26.3599
   -7.5000  -22.5000    7.5000 9583.1484   26.2781
    0.0000  -22.5000    7.5000 9491.0762   26.3495
    7.5000  -22.5000    7.5000 9107.9395   26.3807
   -7.5000  -15.0000    7.5000 9975.9453   26.2625
    0.0000  -15.0000    7.5000 9873.1865   26.3464
    7.5000  -15.0000    7.5000 9445.6699   26.3889
   -7.5000   -7.5000    7.500010027.0488   26.2568
    0.0000   -7.5000    7.500010017.3994   26.3348
    7.5000   -7.5000    7.5000 9539.8975   26.3793
   -7.5000    0.0000    7.500010106.4102   26.2589
    0.0000    0.0000    7.500010082.1377   26.3175
    7.5000    0.0000    7.5000 9590.8633   26.3538
   -7.5000    7.5000    7.5000 9712.8037   26.2621
    0.0000    7.5000    7.5000 9635.0752   26.3095
    7.5000    7.5000    7.5000 9168.5186   26.3346
   -7.5000   15.0000    7.5000 9543.5508   26.2747
    0.0000   15.0000    7.5000 9450.5723   26.3285
    7.5000   15.0000    7.5000 8993.2871   26.3506
   -7.5000   22.5000    7.5000 8797.8838   25.9380
    0.0000   22.5000    7.5000 8724.1416   26.0085
    7.5000   22.5000    7.5000 8300.6641   26.0393
   -7.5000   30.0000    7.5000 8042.8237   25.3074
    0.0000   30.0000    7.5000 7989.0522   25.3882
    7.5000   30.0000    7.5000 7597.3301   25.4291
   -7.5000   37.5000    7.5000 7250.8774   24.5672
    0.0000   37.5000    7.5000 7204.7842   24.6411
    7.5000   37.5000    7.5000 6842.2617   24.6834
   -7.5000   45.0000    7.5000 6414.0918   23.8591
    0.0000   45.0000    7.5000 6382.2949   23.9097
    7.5000   45.0000    7.5000 6067.1377   23.9472
   -7.5000  -45.0000   15.0000 7922.9937   24.0875
    0.0000  -45.0000   15.0000 8014.0479   24.1228
    7.5000  -45.0000   15.0000 7683.8115   24.1299
   -7.5000  -37.5000   15.0000 8449.4463   25.6511
    0.0000  -37.5000   15.0000 8539.2969   25.6770
    7.5000  -37.5000   15.0000 8181.4717   25.6716
   -7.5000  -30.0000   15.0000 8981.9385   26.3284
    0.0000  -30.0000   15.0000 9012.2412   26.3680
    7.5000  -30.0000   15.0000 8634.2295   26.3588
   -7.5000  -22.5000   15.0000 9548.5225   26.3182
    0.0000  -22.5000   15.0000 9472.4512   26.3858
    7.5000  -22.5000   15.0000 9082.0635   26.3869
   -7.5000  -15.0000   15.000010016.5752   26.2874
    0.0000  -15.0000   15.0000 9913.7363   26.3723
    7.5000  -15.0000   15.0000 9490.2686   26.3881
   -7.5000   -7.5000   15.000010086.4434   26.2705
    0.0000   -7.5000   15.0000 9991.2666   26.3408
    7.5000   -7.5000   15.0000 9526.5811   26.3594
   -7.5000    0.0000   15.000010149.9883   26.2780
    0.0000    0.0000   15.000010046.8164   26.3165
    7.5000    0.0000   15.0000 9568.3818   26.3242
   -7.5000    7.5000   15.0000 9750.5410   26.2975
    0.0000    7.5000   15.0000 9664.9883   26.3241
    7.5000    7.5000   15.0000 9180.7881   26.3185
   -7.5000   15.0000   15.0000 9536.5723   26.3191
    0.0000   15.0000   15.0000 9486.9102   26.3587
    7.5000   15.0000   15.0000 9003.7441   26.3495
   -7.5000   22.5000   15.0000 8752.2793   25.9776
    0.0000   22.5000   15.0000 8717.2666   26.0443
    7.5000   22.5000   15.0000 8290.0332   26.0454
   -7.5000   30.0000   15.0000 7987.3008   25.3313
    0.0000   30.0000   15.0000 7940.2734   25.4131
    7.5000   30.0000   15.0000 7546.1021   25.4284
   -7.5000   37.5000   15.0000 7179.7617   24.5793
    0.0000   37.5000   15.0000 7132.9727   24.6459
    7.5000   37.5000   15.0000 6796.5127   24.6639
   -7.5000   45.0000   15.0000 6365.8052   23.8753
    0.0000   45.0000   15.0000 6324.7954   23.9076
    7.5000   45.0000   15.0000 6032.6880   23.9188
   -7.5000  -45.0000   22.5000 7485.6860   24.3124
    0.0000  -45.0000   22.5000 7587.8706   24.3620
    7.5000  -45.0000   22.5000 7259.9897   24.3692
   -7.5000  -37.5000   22.5000 7991.1299   25.9139
    0.0000  -37.5000   22.5000 8068.9087   25.9493
    7.5000  -37.5000   22.5000 7724.7432   25.9354
   -7.5000  -30.0000   22.5000 8473.4121   26.6174
    0.0000  -30.0000   22.5000 8526.6797   26.6653
    7.5000  -30.0000   22.5000 8168.8789   26.6454
   -7.5000  -22.5000   22.5000 9032.7676   26.6032
    0.0000  -22.5000   22.5000 9032.0801   26.6862
    7.5000  -22.5000   22.5000 8665.0186   26.6839
   -7.5000  -15.0000   22.5000 9534.2197   26.5455
    0.0000  -15.0000   22.5000 9500.9814   26.6531
    7.5000  -15.0000   22.5000 9104.8311   26.6758
   -7.5000   -7.5000   22.5000 9595.5889   26.5106
    0.0000   -7.5000   22.5000 9574.7197   26.6021
    7.5000   -7.5000   22.5000 9173.4043   26.6291
   -7.5000    0.0000   22.5000 9628.8662   26.5234
    0.0000    0.0000   22.5000 9600.1797   26.5775
    7.5000    0.0000   22.5000 9192.8018   26.5854
   -7.5000    7.5000   22.5000 9206.6836   26.5669
    0.0000    7.5000   22.5000 9178.1426   26.6032
    7.5000    7.5000   22.5000 8768.2012   26.5890
   -7.5000   15.0000   22.5000 8963.5518   26.6080
    0.0000   15.0000   22.5000 8950.2500   26.6559
    7.5000   15.0000   22.5000 8535.6562   26.6360
   -7.5000   22.5000   22.5000 8202.6992   26.2589
    0.0000   22.5000   22.5000 8193.3730   26.3408
    7.5000   22.5000   22.5000 7813.3296   26.3385
   -7.5000   30.0000   22.5000 7464.9209   25.5800
    0.0000   30.0000   22.5000 7444.4536   25.6837
    7.5000   30.0000   22.5000 7097.5513   25.7057
   -7.5000   37.5000   22.5000 6714.4795   24.8035
    0.0000   37.5000   22.5000 6701.4854   24.8899
    7.5000   37.5000   22.5000 6384.9229   24.9159
   -7.5000   45.0000   22.5000 5967.3848   24.1014
    0.0000   45.0000   22.5000 5947.8335   24.1471
    7.5000   45.0000   22.5000 5661.0435   24.1582
   -7.5000  -45.0000   30.0000 6964.3496   24.6382
    0.0000  -45.0000   30.0000 7106.2397   24.7270
    7.5000  -45.0000   30.0000 6806.7549   24.7646
   -7.5000  -37.5000   30.0000 7423.8579   26.2823
    0.0000  -37.5000   30.0000 7576.4043   26.3512
    7.5000  -37.5000   30.0000 7254.8535   26.3617
   -7.5000  -30.0000   30.0000 7899.2891   27.0116
    0.0000  -30.0000   30.0000 8038.1709   27.0818
    7.5000  -30.0000   30.0000 7706.9644   27.0848
   -7.5000  -22.5000   30.0000 8429.5479   26.9953
    0.0000  -22.5000   30.0000 8560.7148   27.0970
    7.5000  -22.5000   30.0000 8187.6040   27.1240
   -7.5000  -15.0000   30.0000 8892.8604   26.9227
    0.0000  -15.0000   30.0000 8988.0381   27.0550
    7.5000  -15.0000   30.0000 8588.5986   27.1150
   -7.5000   -7.5000   30.0000 8939.0625   26.8803
    0.0000   -7.5000   30.0000 9002.4844   27.0074
    7.5000   -7.5000   30.0000 8601.6230   27.0731
   -7.5000    0.0000   30.0000 8960.0527   26.8953
    0.0000    0.0000   30.0000 9004.1660   26.9922
    7.5000    0.0000   30.0000 8591.0244   27.0333
   -7.5000    7.5000   30.0000 8568.8223   26.9492
    0.0000    7.5000   30.0000 8594.8916   27.0198
    7.5000    7.5000   30.0000 8186.2134   27.0307
   -7.5000   15.0000   30.0000 8349.6055   27.0020
    0.0000   15.0000   30.0000 8376.0352   27.0721
    7.5000   15.0000   30.0000 7986.4175   27.0751
   -7.5000   22.5000   30.0000 7655.5908   26.6436
    0.0000   22.5000   30.0000 7669.3594   26.7440
    7.5000   22.5000   30.0000 7320.3735   26.7706
   -7.5000   30.0000   30.0000 6971.7598   25.9554
    0.0000   30.0000   30.0000 6965.4268   26.0829
    7.5000   30.0000   30.0000 6653.3394   26.1409
   -7.5000   37.5000   30.0000 6284.2373   25.1737
    0.0000   37.5000   30.0000 6274.4092   25.2935
    7.5000   37.5000   30.0000 6000.4224   25.3558
   -7.5000   45.0000   30.0000 5577.0620   24.4795
    0.0000   45.0000   30.0000 5574.7939   24.5634
    7.5000   45.0000   30.0000 5327.0708   24.6049
   -7.5000  -45.0000   37.5000 6484.9736   24.8973
    0.0000  -45.0000   37.5000 6627.4907   24.9927
    7.5000  -45.0000   37.5000 6371.5957   25.0494
   -7.5000  -37.5000   37.5000 6897.7212   26.5526
    0.0000  -37.5000   37.5000 7064.0615   26.6276
    7.5000  -37.5000   37.5000 6769.6128   26.6593
   -7.5000  -30.0000   37.5000 7352.1694   27.2581
    0.0000  -30.0000   37.5000 7505.8662   27.3265
    7.5000  -30.0000   37.5000 7191.4478   27.3512
   -7.5000  -22.5000   37.5000 7857.0718   27.2353
    0.0000  -22.5000   37.5000 7987.6079   27.3252
    7.5000  -22.5000   37.5000 7650.1172   27.3733
   -7.5000  -15.0000   37.5000 8276.3623   27.1727
    0.0000  -15.0000   37.5000 8373.9775   27.2895
    7.5000  -15.0000   37.5000 8023.7129   27.3685
   -7.5000   -7.5000   37.5000 8321.2256   27.1471
    0.0000   -7.5000   37.5000 8393.5557   27.2689
    7.5000   -7.5000   37.5000 8052.0093   27.3534
   -7.5000    0.0000   37.5000 8363.7607   27.1678
    0.0000    0.0000   37.5000 8411.8359   27.2719
    7.5000    0.0000   37.5000 8046.0107   27.3338
   -7.5000    7.5000   37.5000 8013.0508   27.2096
    0.0000    7.5000   37.5000 8050.4702   27.2864
    7.5000    7.5000   37.5000 7702.9771   27.3189
   -7.5000   15.0000   37.5000 7792.6274   27.2482
    0.0000   15.0000   37.5000 7829.8511   27.3165
    7.5000   15.0000   37.5000 7496.5845   27.3413
   -7.5000   22.5000   37.5000 7144.9160   26.8758
    0.0000   22.5000   37.5000 7185.5352   26.9645
    7.5000   22.5000   37.5000 6866.1836   27.0120
   -7.5000   30.0000   37.5000 6515.2749   26.1963
    0.0000   30.0000   37.5000 6549.7627   26.3089
    7.5000   30.0000   37.5000 6247.5234   26.3851
   -7.5000   37.5000   37.5000 5891.6401   25.4249
    0.0000   37.5000   37.5000 5897.4165   25.5399
    7.5000   37.5000   37.5000 5621.1162   25.6197
   -7.5000   45.0000   37.5000 5243.3530   24.7314
    0.0000   45.0000   37.5000 5241.8945   24.8217
    7.5000   45.0000   37.5000 4993.3228   24.8826
   -7.5000  -45.0000   45.0000 6039.7041   25.2540
    0.0000  -45.0000   45.0000 6174.8447   25.3226
    7.5000  -45.0000   45.0000 5909.3779   25.3591
   -7.5000  -37.5000   45.0000 6420.3276   26.9189
    0.0000  -37.5000   45.0000 6558.9448   26.9739
    7.5000  -37.5000   45.0000 6256.6211   26.9948
   -7.5000  -30.0000   45.0000 6836.2930   27.5854
    0.0000  -30.0000   45.0000 6961.8760   27.6384
    7.5000  -30.0000   45.0000 6642.9878   27.6568
   -7.5000  -22.5000   45.0000 7300.6377   27.5559
    0.0000  -22.5000   45.0000 7403.4878   27.6233
    7.5000  -22.5000   45.0000 7064.3730   27.6587
   -7.5000  -15.0000   45.0000 7700.9844   27.5128
    0.0000  -15.0000   45.0000 7784.8569   27.5963
    7.5000  -15.0000   45.0000 7422.4854   27.6502
   -7.5000   -7.5000   45.0000 7759.3677   27.5079
    0.0000   -7.5000   45.0000 7818.0386   27.5951
    7.5000   -7.5000   45.0000 7466.9580   27.6504
   -7.5000    0.0000   45.0000 7799.8101   27.5333
    0.0000    0.0000   45.0000 7843.2666   27.6081
    7.5000    0.0000   45.0000 7503.0640   27.6479
   -7.5000    7.5000   45.0000 7469.3833   27.5585
    0.0000    7.5000   45.0000 7516.8823   27.6148
    7.5000    7.5000   45.0000 7183.0522   27.6361
   -7.5000   15.0000   45.0000 7262.6675   27.5751
    0.0000   15.0000   45.0000 7302.8325   27.6280
    7.5000   15.0000   45.0000 6978.9448   27.6464
   -7.5000   22.5000   45.0000 6654.5278   27.1885
    0.0000   22.5000   45.0000 6689.3774   27.2550
    7.5000   22.5000   45.0000 6402.2739   27.2899
   -7.5000   30.0000   45.0000 6086.1743   26.5216
    0.0000   30.0000   45.0000 6103.6079   26.6021
    7.5000   30.0000   45.0000 5839.8315   26.6540
   -7.5000   37.5000   45.0000 5498.0840   25.7566
    0.0000   37.5000   45.0000 5501.9077   25.8393
    7.5000   37.5000   45.0000 5256.0464   25.8918
   -7.5000   45.0000   45.0000 4893.4487   25.0540
    0.0000   45.0000   45.0000 4906.0723   25.1181
    7.5000   45.0000   45.0000 4674.6230   25.1594

---------------------------------------------------------------------
imgreg_4dfp /opt/freesurfer/average/711-2C_as_mni_average_305 /opt/freesurfer/average/711-2B_as_mni_average_305_mask talsrcimg_g11 none talsrcimg_to_711-2C_as_mni_average_305_t4 4355
---------------------------------------------------------------------

freesurfer imgreg_4dfp.c
/opt/freesurfer/average/711-2C_as_mni_average_305.4dfp.img
       256       256       256         1
  1.000000  1.000000  1.000000
orientation T byte_order littleendian
Reading image: /opt/freesurfer/average/711-2C_as_mni_average_305.4dfp.img
dimensions:      256       256       256
mmppix:       1.0000   -1.0000   -1.0000
center:     128.0000 -129.0000 -129.0000
/opt/freesurfer/average/711-2B_as_mni_average_305_mask.4dfp.img
       256       256       256         1
  1.000000  1.000000  1.000000
orientation T byte_order littleendian
Reading mask: /opt/freesurfer/average/711-2B_as_mni_average_305_mask.4dfp.img (2306576 pixels)
talsrcimg_g11.4dfp.img
       256       256       256         1
  0.900000  0.900000  0.900000
orientation T byte_order littleendian
Reading image: talsrcimg_g11.4dfp.img
dimensions:      256       256       256
mmppix:       0.9000   -0.9000   -0.9000
center:     115.2000 -116.1000 -116.1000
rotation matrix determinant  1.000000
image alignment mode   4355 decimal     1103 hex
   -7.5000  -45.0000  -52.5000 1694.5564   22.4051
    0.0000  -45.0000  -52.5000 1712.7952   22.0504
    7.5000  -45.0000  -52.5000 1709.5903   22.1802
   -7.5000  -37.5000  -52.5000 1772.9956   20.8369
    0.0000  -37.5000  -52.5000 1799.3059   20.5408
    7.5000  -37.5000  -52.5000 1793.3368   20.5963
   -7.5000  -30.0000  -52.5000 1821.8245   19.7029
    0.0000  -30.0000  -52.5000 1848.8727   19.4505
    7.5000  -30.0000  -52.5000 1841.8123   19.4770
   -7.5000  -22.5000  -52.5000 1851.1849   18.8976
    0.0000  -22.5000  -52.5000 1873.6874   18.6818
    7.5000  -22.5000  -52.5000 1868.5372   18.7289
   -7.5000  -15.0000  -52.5000 1865.7662   18.4051
    0.0000  -15.0000  -52.5000 1881.8517   18.2385
    7.5000  -15.0000  -52.5000 1873.9362   18.3277
   -7.5000   -7.5000  -52.5000 1856.6365   18.2830
    0.0000   -7.5000  -52.5000 1871.4241   18.0974
    7.5000   -7.5000  -52.5000 1863.1826   18.2077
   -7.5000    0.0000  -52.5000 1836.7211   18.6760
    0.0000    0.0000  -52.5000 1854.2886   18.4672
    7.5000    0.0000  -52.5000 1845.2219   18.5538
   -7.5000    7.5000  -52.5000 1807.8822   19.5268
    0.0000    7.5000  -52.5000 1828.1913   19.3054
    7.5000    7.5000  -52.5000 1816.3910   19.4388
   -7.5000   15.0000  -52.5000 1763.1926   20.7201
    0.0000   15.0000  -52.5000 1783.6125   20.5585
    7.5000   15.0000  -52.5000 1773.1616   20.6469
   -7.5000   22.5000  -52.5000 1697.2886   22.3628
    0.0000   22.5000  -52.5000 1714.6168   22.1891
    7.5000   22.5000  -52.5000 1707.9370   22.3396
   -7.5000   30.0000  -52.5000 1616.2129   24.5494
    0.0000   30.0000  -52.5000 1634.1415   24.3834
    7.5000   30.0000  -52.5000 1628.2855   24.5654
   -7.5000   37.5000  -52.5000 1505.4908   27.2294
    0.0000   37.5000  -52.5000 1519.7697   27.0095
    7.5000   37.5000  -52.5000 1510.1423   27.2198
   -7.5000   45.0000  -52.5000 1374.7681   30.6426
    0.0000   45.0000  -52.5000 1384.6569   30.2697
    7.5000   45.0000  -52.5000 1374.5977   30.5923
   -7.5000  -45.0000  -45.0000 1844.1503   22.1695
    0.0000  -45.0000  -45.0000 1871.2419   21.7789
    7.5000  -45.0000  -45.0000 1868.9696   21.8329
   -7.5000  -37.5000  -45.0000 1928.1133   20.5986
    0.0000  -37.5000  -45.0000 1957.7365   20.2987
    7.5000  -37.5000  -45.0000 1954.8989   20.3375
   -7.5000  -30.0000  -45.0000 1990.1543   19.4320
    0.0000  -30.0000  -45.0000 2015.3146   19.1801
    7.5000  -30.0000  -45.0000 2013.2333   19.2125
   -7.5000  -22.5000  -45.0000 2026.5896   18.6427
    0.0000  -22.5000  -45.0000 2052.0815   18.4129
    7.5000  -22.5000  -45.0000 2047.6068   18.4446
   -7.5000  -15.0000  -45.0000 2043.8517   18.1932
    0.0000  -15.0000  -45.0000 2066.8962   18.0188
    7.5000  -15.0000  -45.0000 2054.1201   18.0463
   -7.5000   -7.5000  -45.0000 2035.9058   18.1219
    0.0000   -7.5000  -45.0000 2052.7327   17.9275
    7.5000   -7.5000  -45.0000 2042.7668   18.0178
   -7.5000    0.0000  -45.0000 2007.8286   18.5142
    0.0000    0.0000  -45.0000 2032.8373   18.2827
    7.5000    0.0000  -45.0000 2017.9242   18.3439
   -7.5000    7.5000  -45.0000 1968.5602   19.1755
    0.0000    7.5000  -45.0000 1993.7990   18.9504
    7.5000    7.5000  -45.0000 1978.4480   19.0674
   -7.5000   15.0000  -45.0000 1919.6350   20.3169
    0.0000   15.0000  -45.0000 1940.5693   20.0751
    7.5000   15.0000  -45.0000 1926.2987   20.2220
   -7.5000   22.5000  -45.0000 1846.3099   21.9950
    0.0000   22.5000  -45.0000 1867.4633   21.7517
    7.5000   22.5000  -45.0000 1856.2087   21.8962
   -7.5000   30.0000  -45.0000 1766.2629   24.3562
    0.0000   30.0000  -45.0000 1781.8441   24.1443
    7.5000   30.0000  -45.0000 1773.4867   24.2364
   -7.5000   37.5000  -45.0000 1647.0387   27.1521
    0.0000   37.5000  -45.0000 1664.8481   26.9645
    7.5000   37.5000  -45.0000 1652.0713   27.0505
   -7.5000   45.0000  -45.0000 1500.2296   30.4663
    0.0000   45.0000  -45.0000 1511.9398   30.1559
    7.5000   45.0000  -45.0000 1498.3873   30.3449
   -7.5000  -45.0000  -37.5000 1995.9857   21.7106
    0.0000  -45.0000  -37.5000 2023.1277   21.2748
    7.5000  -45.0000  -37.5000 2018.1373   21.2613
   -7.5000  -37.5000  -37.5000 2083.5552   20.1213
    0.0000  -37.5000  -37.5000 2113.4402   19.8089
    7.5000  -37.5000  -37.5000 2109.7903   19.7961
   -7.5000  -30.0000  -37.5000 2145.8423   18.9637
    0.0000  -30.0000  -37.5000 2173.5361   18.6936
    7.5000  -30.0000  -37.5000 2168.4121   18.6775
   -7.5000  -22.5000  -37.5000 2193.7732   18.1880
    0.0000  -22.5000  -37.5000 2217.6052   17.9346
    7.5000  -22.5000  -37.5000 2208.3616   17.9346
   -7.5000  -15.0000  -37.5000 2218.1990   17.7445
    0.0000  -15.0000  -37.5000 2240.5918   17.5444
    7.5000  -15.0000  -37.5000 2224.0632   17.5204
   -7.5000   -7.5000  -37.5000 2207.4907   17.7029
    0.0000   -7.5000  -37.5000 2232.9768   17.4639
    7.5000   -7.5000  -37.5000 2217.8838   17.5080
   -7.5000    0.0000  -37.5000 2181.4316   18.0772
    0.0000    0.0000  -37.5000 2208.1174   17.8209
    7.5000    0.0000  -37.5000 2190.1348   17.8485
   -7.5000    7.5000  -37.5000 2143.8047   18.7976
    0.0000    7.5000  -37.5000 2166.4812   18.4983
    7.5000    7.5000  -37.5000 2148.5139   18.5703
   -7.5000   15.0000  -37.5000 2082.9443   19.9563
    0.0000   15.0000  -37.5000 2105.4565   19.6255
    7.5000   15.0000  -37.5000 2089.2427   19.7336
   -7.5000   22.5000  -37.5000 2001.8843   21.5999
    0.0000   22.5000  -37.5000 2020.3124   21.3166
    7.5000   22.5000  -37.5000 2008.5614   21.3947
   -7.5000   30.0000  -37.5000 1907.6287   23.8937
    0.0000   30.0000  -37.5000 1920.7950   23.6078
    7.5000   30.0000  -37.5000 1906.9674   23.6538
   -7.5000   37.5000  -37.5000 1780.3326   26.6974
    0.0000   37.5000  -37.5000 1797.6006   26.3962
    7.5000   37.5000  -37.5000 1779.7130   26.4149
   -7.5000   45.0000  -37.5000 1617.4510   29.9634
    0.0000   45.0000  -37.5000 1625.9258   29.6410
    7.5000   45.0000  -37.5000 1613.5529   29.6928
   -7.5000  -45.0000  -30.0000 2123.7258   21.0581
    0.0000  -45.0000  -30.0000 2159.0110   20.6500
    7.5000  -45.0000  -30.0000 2153.3711   20.5395
   -7.5000  -37.5000  -30.0000 2222.1006   19.4809
    0.0000  -37.5000  -30.0000 2260.0117   19.1276
    7.5000  -37.5000  -30.0000 2253.2598   19.0570
   -7.5000  -30.0000  -30.0000 2294.2690   18.3501
    0.0000  -30.0000  -30.0000 2327.2410   18.0810
    7.5000  -30.0000  -30.0000 2319.5771   17.9986
   -7.5000  -22.5000  -30.0000 2345.0117   17.5791
    0.0000  -22.5000  -30.0000 2375.2554   17.3576
    7.5000  -22.5000  -30.0000 2366.9263   17.2999
   -7.5000  -15.0000  -30.0000 2377.0623   17.1352
    0.0000  -15.0000  -30.0000 2403.6963   16.9487
    7.5000  -15.0000  -30.0000 2393.4629   16.9360
   -7.5000   -7.5000  -30.0000 2375.5720   17.1301
    0.0000   -7.5000  -30.0000 2402.7183   16.8925
    7.5000   -7.5000  -30.0000 2395.2644   16.8929
   -7.5000    0.0000  -30.0000 2350.7861   17.5322
    0.0000    0.0000  -30.0000 2382.7390   17.2434
    7.5000    0.0000  -30.0000 2368.2061   17.2388
   -7.5000    7.5000  -30.0000 2305.7422   18.3139
    0.0000    7.5000  -30.0000 2341.6616   17.9981
    7.5000    7.5000  -30.0000 2324.7227   17.9787
   -7.5000   15.0000  -30.0000 2237.6343   19.4628
    0.0000   15.0000  -30.0000 2270.5476   19.1646
    7.5000   15.0000  -30.0000 2250.2017   19.1701
   -7.5000   22.5000  -30.0000 2142.4929   21.0771
    0.0000   22.5000  -30.0000 2165.5552   20.8098
    7.5000   22.5000  -30.0000 2148.0098   20.8213
   -7.5000   30.0000  -30.0000 2036.9982   23.2657
    0.0000   30.0000  -30.0000 2053.8569   22.9940
    7.5000   30.0000  -30.0000 2032.3674   23.0341
   -7.5000   37.5000  -30.0000 1891.0128   25.9710
    0.0000   37.5000  -30.0000 1912.1758   25.6448
    7.5000   37.5000  -30.0000 1892.1970   25.6594
   -7.5000   45.0000  -30.0000 1721.7675   29.1589
    0.0000   45.0000  -30.0000 1736.7714   28.7904
    7.5000   45.0000  -30.0000 1716.6959   28.6906
   -7.5000  -45.0000  -22.5000 2229.5486   20.2930
    0.0000  -45.0000  -22.5000 2265.3130   19.8598
    7.5000  -45.0000  -22.5000 2261.6028   19.7192
   -7.5000  -37.5000  -22.5000 2342.2637   18.7357
    0.0000  -37.5000  -22.5000 2386.0593   18.3585
    7.5000  -37.5000  -22.5000 2376.1816   18.2368
   -7.5000  -30.0000  -22.5000 2427.6250   17.5978
    0.0000  -30.0000  -22.5000 2468.2112   17.3317
    7.5000  -30.0000  -22.5000 2459.3579   17.2259
   -7.5000  -22.5000  -22.5000 2485.7766   16.8631
    0.0000  -22.5000  -22.5000 2522.2207   16.6583
    7.5000  -22.5000  -22.5000 2509.5037   16.5573
   -7.5000  -15.0000  -22.5000 2521.4009   16.4497
    0.0000  -15.0000  -22.5000 2558.1450   16.2334
    7.5000  -15.0000  -22.5000 2545.5017   16.2248
   -7.5000   -7.5000  -22.5000 2528.8462   16.4343
    0.0000   -7.5000  -22.5000 2565.7036   16.1872
    7.5000   -7.5000  -22.5000 2554.3525   16.2017
   -7.5000    0.0000  -22.5000 2506.1353   16.8346
    0.0000    0.0000  -22.5000 2546.2036   16.5675
    7.5000    0.0000  -22.5000 2531.4565   16.5438
   -7.5000    7.5000  -22.5000 2450.8630   17.6492
    0.0000    7.5000  -22.5000 2494.7996   17.3353
    7.5000    7.5000  -22.5000 2480.6306   17.3265
   -7.5000   15.0000  -22.5000 2369.7114   18.8425
    0.0000   15.0000  -22.5000 2407.0933   18.5161
    7.5000   15.0000  -22.5000 2389.3599   18.5254
   -7.5000   22.5000  -22.5000 2266.7266   20.4526
    0.0000   22.5000  -22.5000 2292.8083   20.1259
    7.5000   22.5000  -22.5000 2274.1025   20.1494
   -7.5000   30.0000  -22.5000 2144.6831   22.5295
    0.0000   30.0000  -22.5000 2167.4485   22.2530
    7.5000   30.0000  -22.5000 2147.3367   22.2972
   -7.5000   37.5000  -22.5000 1984.1140   25.0912
    0.0000   37.5000  -22.5000 2008.4562   24.7893
    7.5000   37.5000  -22.5000 1991.5492   24.7744
   -7.5000   45.0000  -22.5000 1804.4629   28.1771
    0.0000   45.0000  -22.5000 1828.5355   27.8027
    7.5000   45.0000  -22.5000 1804.8999   27.7148
   -7.5000  -45.0000  -15.0000 2311.2764   19.5342
    0.0000  -45.0000  -15.0000 2350.7317   19.0351
    7.5000  -45.0000  -15.0000 2348.3206   18.9686
   -7.5000  -37.5000  -15.0000 2430.7498   17.9124
    0.0000  -37.5000  -15.0000 2476.1711   17.5368
    7.5000  -37.5000  -15.0000 2466.9204   17.4408
   -7.5000  -30.0000  -15.0000 2531.8003   16.8258
    0.0000  -30.0000  -15.0000 2574.4319   16.4757
    7.5000  -30.0000  -15.0000 2564.7205   16.4040
   -7.5000  -22.5000  -15.0000 2604.1428   16.0731
    0.0000  -22.5000  -15.0000 2645.8499   15.8093
    7.5000  -22.5000  -15.0000 2632.2134   15.7451
   -7.5000  -15.0000  -15.0000 2643.6414   15.6816
    0.0000  -15.0000  -15.0000 2688.8552   15.4198
    7.5000  -15.0000  -15.0000 2680.1267   15.4348
   -7.5000   -7.5000  -15.0000 2654.4106   15.6872
    0.0000   -7.5000  -15.0000 2700.5691   15.4465
    7.5000   -7.5000  -15.0000 2688.0212   15.4761
   -7.5000    0.0000  -15.0000 2630.3076   16.1146
    0.0000    0.0000  -15.0000 2678.5723   15.8495
    7.5000    0.0000  -15.0000 2662.1482   15.8698
   -7.5000    7.5000  -15.0000 2568.3203   16.8696
    0.0000    7.5000  -15.0000 2617.6030   16.6094
    7.5000    7.5000  -15.0000 2602.4688   16.5961
   -7.5000   15.0000  -15.0000 2471.8096   18.1055
    0.0000   15.0000  -15.0000 2516.9419   17.8094
    7.5000   15.0000  -15.0000 2502.2454   17.8000
   -7.5000   22.5000  -15.0000 2358.9365   19.7088
    0.0000   22.5000  -15.0000 2391.7334   19.4439
    7.5000   22.5000  -15.0000 2372.9211   19.4563
   -7.5000   30.0000  -15.0000 2223.0879   21.7196
    0.0000   30.0000  -15.0000 2251.8240   21.4720
    7.5000   30.0000  -15.0000 2236.4031   21.5261
   -7.5000   37.5000  -15.0000 2055.5759   24.1356
    0.0000   37.5000  -15.0000 2076.1294   23.8779
    7.5000   37.5000  -15.0000 2065.0413   24.0113
   -7.5000   45.0000  -15.0000 1864.5299   27.0354
    0.0000   45.0000  -15.0000 1885.7504   26.7386
    7.5000   45.0000  -15.0000 1868.0353   26.8569
   -7.5000  -45.0000   -7.5000 2357.9607   18.7637
    0.0000  -45.0000   -7.5000 2396.8198   18.2528
    7.5000  -45.0000   -7.5000 2396.5642   18.2283
   -7.5000  -37.5000   -7.5000 2480.5493   17.1999
    0.0000  -37.5000   -7.5000 2526.7319   16.7278
    7.5000  -37.5000   -7.5000 2521.9883   16.7085
   -7.5000  -30.0000   -7.5000 2588.5645   16.0448
    0.0000  -30.0000   -7.5000 2636.4529   15.6317
    7.5000  -30.0000   -7.5000 2628.7527   15.5976
   -7.5000  -22.5000   -7.5000 2677.3672   15.2630
    0.0000  -22.5000   -7.5000 2723.2129   14.9422
    7.5000  -22.5000   -7.5000 2713.1655   14.9168
   -7.5000  -15.0000   -7.5000 2728.0229   14.8984
    0.0000  -15.0000   -7.5000 2780.9226   14.6062
    7.5000  -15.0000   -7.5000 2770.8992   14.6059
   -7.5000   -7.5000   -7.5000 2741.3369   14.9605
    0.0000   -7.5000   -7.5000 2798.3760   14.6922
    7.5000   -7.5000   -7.5000 2785.3867   14.7120
   -7.5000    0.0000   -7.5000 2714.7124   15.3776
    0.0000    0.0000   -7.5000 2772.1111   15.1174
    7.5000    0.0000   -7.5000 2755.3289   15.1185
   -7.5000    7.5000   -7.5000 2645.0698   16.1137
    0.0000    7.5000   -7.5000 2695.4834   15.8694
    7.5000    7.5000   -7.5000 2680.4053   15.8357
   -7.5000   15.0000   -7.5000 2537.5083   17.3070
    0.0000   15.0000   -7.5000 2582.9150   17.0485
    7.5000   15.0000   -7.5000 2571.5637   17.0118
   -7.5000   22.5000   -7.5000 2410.4749   18.8893
    0.0000   22.5000   -7.5000 2445.2375   18.6431
    7.5000   22.5000   -7.5000 2432.1653   18.6597
   -7.5000   30.0000   -7.5000 2264.2505   20.8503
    0.0000   30.0000   -7.5000 2299.6663   20.6266
    7.5000   30.0000   -7.5000 2285.5483   20.7018
   -7.5000   37.5000   -7.5000 2089.6096   23.2572
    0.0000   37.5000   -7.5000 2116.9316   23.0430
    7.5000   37.5000   -7.5000 2105.5527   23.1797
   -7.5000   45.0000   -7.5000 1887.5315   26.0355
    0.0000   45.0000   -7.5000 1913.1819   25.7961
    7.5000   45.0000   -7.5000 1899.9012   25.9379
   -7.5000  -45.0000    0.0000 2392.5740   18.4350
    0.0000  -45.0000    0.0000 2431.3728   17.8974
    7.5000  -45.0000    0.0000 2439.6204   17.9266
   -7.5000  -37.5000    0.0000 2523.1094   16.8517
    0.0000  -37.5000    0.0000 2571.5457   16.3668
    7.5000  -37.5000    0.0000 2571.4763   16.3788
   -7.5000  -30.0000    0.0000 2640.8499   15.6752
    0.0000  -30.0000    0.0000 2694.1433   15.2189
    7.5000  -30.0000    0.0000 2686.7825   15.2247
   -7.5000  -22.5000    0.0000 2732.7419   14.8211
    0.0000  -22.5000    0.0000 2791.6504   14.4529
    7.5000  -22.5000    0.0000 2780.2595   14.4795
   -7.5000  -15.0000    0.0000 2793.0725   14.4021
    0.0000  -15.0000    0.0000 2854.6111   14.0026
    7.5000  -15.0000    0.0000 2849.1724   14.0450
   -7.5000   -7.5000    0.0000 2805.2610   14.5658
    0.0000   -7.5000    0.0000 2881.6624   14.2226
    7.5000   -7.5000    0.0000 2870.1301   14.1938
   -7.5000    0.0000    0.0000 2779.3025   15.0108
    0.0000    0.0000    0.0000 2846.0779   14.7218
    7.5000    0.0000    0.0000 2827.9058   14.6884
   -7.5000    7.5000    0.0000 2702.9719   15.7636
    0.0000    7.5000    0.0000 2750.3772   15.5130
    7.5000    7.5000    0.0000 2740.9426   15.4762
   -7.5000   15.0000    0.0000 2589.0217   16.9154
    0.0000   15.0000    0.0000 2629.5110   16.6720
    7.5000   15.0000    0.0000 2623.5044   16.6374
   -7.5000   22.5000    0.0000 2447.5393   18.4509
    0.0000   22.5000    0.0000 2483.3584   18.2247
    7.5000   22.5000    0.0000 2472.5664   18.2190
   -7.5000   30.0000    0.0000 2299.1233   20.4682
    0.0000   30.0000    0.0000 2335.1167   20.2258
    7.5000   30.0000    0.0000 2322.4004   20.2582
   -7.5000   37.5000    0.0000 2121.2961   22.8088
    0.0000   37.5000    0.0000 2143.8010   22.5876
    7.5000   37.5000    0.0000 2131.6238   22.6731
   -7.5000   45.0000    0.0000 1913.5826   25.4781
    0.0000   45.0000    0.0000 1936.8069   25.2673
    7.5000   45.0000    0.0000 1921.8154   25.3786
   -7.5000  -45.0000    7.5000 2411.5742   18.2925
    0.0000  -45.0000    7.5000 2461.6360   17.6382
    7.5000  -45.0000    7.5000 2468.0076   17.7246
   -7.5000  -37.5000    7.5000 2538.9634   16.7169
    0.0000  -37.5000    7.5000 2595.7092   16.1175
    7.5000  -37.5000    7.5000 2598.9338   16.1875
   -7.5000  -30.0000    7.5000 2656.9180   15.5249
    0.0000  -30.0000    7.5000 2713.9790   14.9916
    7.5000  -30.0000    7.5000 2712.9429   15.0312
   -7.5000  -22.5000    7.5000 2749.7761   14.6896
    0.0000  -22.5000    7.5000 2809.0684   14.1619
    7.5000  -22.5000    7.5000 2802.4402   14.2397
   -7.5000  -15.0000    7.5000 2814.3987   14.1714
    0.0000  -15.0000    7.5000 2875.2129   13.6558
    7.5000  -15.0000    7.5000 2863.0679   13.6941
   -7.5000   -7.5000    7.5000 2829.8230   14.2200
    0.0000   -7.5000    7.5000 2901.6743   13.8581
    7.5000   -7.5000    7.5000 2885.4023   13.8093
   -7.5000    0.0000    7.5000 2798.9067   14.7391
    0.0000    0.0000    7.5000 2859.3542   14.3988
    7.5000    0.0000    7.5000 2842.1272   14.3435
   -7.5000    7.5000    7.5000 2723.0513   15.5969
    0.0000    7.5000    7.5000 2768.0181   15.2736
    7.5000    7.5000    7.5000 2757.2646   15.2190
   -7.5000   15.0000    7.5000 2608.8870   16.7870
    0.0000   15.0000    7.5000 2641.3513   16.4478
    7.5000   15.0000    7.5000 2634.1895   16.4232
   -7.5000   22.5000    7.5000 2470.1653   18.3003
    0.0000   22.5000    7.5000 2499.0803   17.9690
    7.5000   22.5000    7.5000 2485.5110   17.9494
   -7.5000   30.0000    7.5000 2316.3350   20.1776
    0.0000   30.0000    7.5000 2346.0686   19.8390
    7.5000   30.0000    7.5000 2331.5798   19.8813
   -7.5000   37.5000    7.5000 2133.0500   22.4978
    0.0000   37.5000    7.5000 2153.7632   22.1222
    7.5000   37.5000    7.5000 2134.7822   22.1980
   -7.5000   45.0000    7.5000 1921.3926   25.2212
    0.0000   45.0000    7.5000 1940.4178   24.7954
    7.5000   45.0000    7.5000 1922.8268   24.8305
   -7.5000  -45.0000   15.0000 2405.3657   18.4048
    0.0000  -45.0000   15.0000 2466.9429   17.7521
    7.5000  -45.0000   15.0000 2476.1497   17.8292
   -7.5000  -37.5000   15.0000 2535.7939   16.8590
    0.0000  -37.5000   15.0000 2602.2646   16.2563
    7.5000  -37.5000   15.0000 2607.1851   16.3276
   -7.5000  -30.0000   15.0000 2651.1089   15.6850
    0.0000  -30.0000   15.0000 2716.8311   15.1032
    7.5000  -30.0000   15.0000 2717.1179   15.1753
   -7.5000  -22.5000   15.0000 2744.9875   14.8533
    0.0000  -22.5000   15.0000 2806.2288   14.2419
    7.5000  -22.5000   15.0000 2797.8674   14.3063
   -7.5000  -15.0000   15.0000 2806.5620   14.4252
    0.0000  -15.0000   15.0000 2869.8276   13.8566
    7.5000  -15.0000   15.0000 2856.9182   13.8936
   -7.5000   -7.5000   15.0000 2822.2517   14.4549
    0.0000   -7.5000   15.0000 2884.7825   13.9565
    7.5000   -7.5000   15.0000 2867.5210   13.9198
   -7.5000    0.0000   15.0000 2793.2727   14.9212
    0.0000    0.0000   15.0000 2846.5054   14.4722
    7.5000    0.0000   15.0000 2829.6099   14.3784
   -7.5000    7.5000   15.0000 2715.6760   15.7279
    0.0000    7.5000   15.0000 2762.1892   15.3553
    7.5000    7.5000   15.0000 2746.9976   15.2410
   -7.5000   15.0000   15.0000 2595.2190   16.8203
    0.0000   15.0000   15.0000 2638.1938   16.5076
    7.5000   15.0000   15.0000 2622.6953   16.4269
   -7.5000   22.5000   15.0000 2457.7583   18.2136
    0.0000   22.5000   15.0000 2493.3552   17.9264
    7.5000   22.5000   15.0000 2481.9214   17.9119
   -7.5000   30.0000   15.0000 2309.9868   20.0503
    0.0000   30.0000   15.0000 2336.2671   19.7524
    7.5000   30.0000   15.0000 2322.9534   19.7818
   -7.5000   37.5000   15.0000 2121.1262   22.4123
    0.0000   37.5000   15.0000 2145.9771   22.0467
    7.5000   37.5000   15.0000 2131.6309   22.1194
   -7.5000   45.0000   15.0000 1911.1377   25.1844
    0.0000   45.0000   15.0000 1936.5377   24.6744
    7.5000   45.0000   15.0000 1924.3701   24.7708
   -7.5000  -45.0000   22.5000 2398.2422   18.8422
    0.0000  -45.0000   22.5000 2460.7461   18.2615
    7.5000  -45.0000   22.5000 2473.1772   18.2930
   -7.5000  -37.5000   22.5000 2526.9602   17.2873
    0.0000  -37.5000   22.5000 2591.1858   16.7182
    7.5000  -37.5000   22.5000 2600.5735   16.7434
   -7.5000  -30.0000   22.5000 2627.4541   16.1423
    0.0000  -30.0000   22.5000 2695.7097   15.5768
    7.5000  -30.0000   22.5000 2698.6335   15.6047
   -7.5000  -22.5000   22.5000 2715.6909   15.3583
    0.0000  -22.5000   22.5000 2779.6506   14.8455
    7.5000  -22.5000   22.5000 2776.2947   14.8716
   -7.5000  -15.0000   22.5000 2774.7249   14.9524
    0.0000  -15.0000   22.5000 2831.0610   14.5016
    7.5000  -15.0000   22.5000 2820.2498   14.5310
   -7.5000   -7.5000   22.5000 2779.4387   14.9618
    0.0000   -7.5000   22.5000 2833.0979   14.5247
    7.5000   -7.5000   22.5000 2822.9729   14.5542
   -7.5000    0.0000   22.5000 2744.0652   15.3356
    0.0000    0.0000   22.5000 2789.1880   14.9187
    7.5000    0.0000   22.5000 2777.7180   14.9066
   -7.5000    7.5000   22.5000 2668.7437   16.0867
    0.0000    7.5000   22.5000 2711.0793   15.6774
    7.5000    7.5000   22.5000 2697.3572   15.6735
   -7.5000   15.0000   22.5000 2557.0195   17.1582
    0.0000   15.0000   22.5000 2598.7634   16.7804
    7.5000   15.0000   22.5000 2586.8687   16.7594
   -7.5000   22.5000   22.5000 2426.8430   18.4999
    0.0000   22.5000   22.5000 2464.8435   18.1964
    7.5000   22.5000   22.5000 2454.2012   18.2084
   -7.5000   30.0000   22.5000 2280.4739   20.2848
    0.0000   30.0000   22.5000 2309.3682   19.9961
    7.5000   30.0000   22.5000 2296.2781   20.0437
   -7.5000   37.5000   22.5000 2098.6123   22.5193
    0.0000   37.5000   22.5000 2125.9338   22.1982
    7.5000   37.5000   22.5000 2110.6282   22.2457
   -7.5000   45.0000   22.5000 1894.8517   25.2112
    0.0000   45.0000   22.5000 1921.3951   24.7465
    7.5000   45.0000   22.5000 1908.7448   24.8112
   -7.5000  -45.0000   30.0000 2373.3162   19.5312
    0.0000  -45.0000   30.0000 2431.5725   19.0402
    7.5000  -45.0000   30.0000 2441.8792   19.0244
   -7.5000  -37.5000   30.0000 2494.4458   18.0073
    0.0000  -37.5000   30.0000 2559.8167   17.5466
    7.5000  -37.5000   30.0000 2567.9272   17.5639
   -7.5000  -30.0000   30.0000 2593.1055   16.8980
    0.0000  -30.0000   30.0000 2656.8193   16.4717
    7.5000  -30.0000   30.0000 2661.7664   16.5050
   -7.5000  -22.5000   30.0000 2670.6572   16.1288
    0.0000  -22.5000   30.0000 2729.9829   15.7843
    7.5000  -22.5000   30.0000 2726.4663   15.8085
   -7.5000  -15.0000   30.0000 2712.1174   15.7063
    0.0000  -15.0000   30.0000 2761.1028   15.3931
    7.5000  -15.0000   30.0000 2754.2156   15.4218
   -7.5000   -7.5000   30.0000 2708.1279   15.6539
    0.0000   -7.5000   30.0000 2753.1489   15.3312
    7.5000   -7.5000   30.0000 2747.5991   15.3294
   -7.5000    0.0000   30.0000 2669.9912   15.9491
    0.0000    0.0000   30.0000 2712.0181   15.6015
    7.5000    0.0000   30.0000 2701.6179   15.5904
   -7.5000    7.5000   30.0000 2600.1384   16.6231
    0.0000    7.5000   30.0000 2638.5781   16.2657
    7.5000    7.5000   30.0000 2624.6687   16.2957
   -7.5000   15.0000   30.0000 2498.5923   17.7021
    0.0000   15.0000   30.0000 2534.7578   17.3470
    7.5000   15.0000   30.0000 2524.0425   17.3493
   -7.5000   22.5000   30.0000 2377.6843   19.0328
    0.0000   22.5000   30.0000 2408.7026   18.6758
    7.5000   22.5000   30.0000 2398.1621   18.7489
   -7.5000   30.0000   30.0000 2235.0591   20.7607
    0.0000   30.0000   30.0000 2266.8096   20.3946
    7.5000   30.0000   30.0000 2256.6899   20.5455
   -7.5000   37.5000   30.0000 2064.4358   22.9677
    0.0000   37.5000   30.0000 2093.1729   22.5956
    7.5000   37.5000   30.0000 2083.6926   22.7936
   -7.5000   45.0000   30.0000 1870.6417   25.6173
    0.0000   45.0000   30.0000 1892.9469   25.2402
    7.5000   45.0000   30.0000 1882.7208   25.3807
   -7.5000  -45.0000   37.5000 2332.1282   20.4578
    0.0000  -45.0000   37.5000 2383.3379   20.0808
    7.5000  -45.0000   37.5000 2393.7822   20.0806
   -7.5000  -37.5000   37.5000 2443.4680   18.9141
    0.0000  -37.5000   37.5000 2505.7148   18.5704
    7.5000  -37.5000   37.5000 2510.7681   18.5914
   -7.5000  -30.0000   37.5000 2537.6484   17.8113
    0.0000  -30.0000   37.5000 2594.6555   17.4937
    7.5000  -30.0000   37.5000 2597.2549   17.5181
   -7.5000  -22.5000   37.5000 2600.7957   17.0891
    0.0000  -22.5000   37.5000 2650.9995   16.7773
    7.5000  -22.5000   37.5000 2648.1873   16.8032
   -7.5000  -15.0000   37.5000 2627.2227   16.6623
    0.0000  -15.0000   37.5000 2670.6064   16.3342
    7.5000  -15.0000   37.5000 2665.4001   16.3843
   -7.5000   -7.5000   37.5000 2620.2683   16.5346
    0.0000   -7.5000   37.5000 2660.5081   16.2405
    7.5000   -7.5000   37.5000 2658.4385   16.2453
   -7.5000    0.0000   37.5000 2589.8657   16.7989
    0.0000    0.0000   37.5000 2622.9868   16.4973
    7.5000    0.0000   37.5000 2614.8777   16.4680
   -7.5000    7.5000   37.5000 2522.3174   17.4417
    0.0000    7.5000   37.5000 2554.6282   17.1534
    7.5000    7.5000   37.5000 2546.8733   17.1803
   -7.5000   15.0000   37.5000 2424.7529   18.4530
    0.0000   15.0000   37.5000 2455.9744   18.1187
    7.5000   15.0000   37.5000 2449.9590   18.1671
   -7.5000   22.5000   37.5000 2311.2087   19.7576
    0.0000   22.5000   37.5000 2339.2114   19.4333
    7.5000   22.5000   37.5000 2327.5532   19.5104
   -7.5000   30.0000   37.5000 2177.6279   21.5116
    0.0000   30.0000   37.5000 2207.9700   21.1622
    7.5000   30.0000   37.5000 2192.5688   21.3081
   -7.5000   37.5000   37.5000 2021.1766   23.7517
    0.0000   37.5000   37.5000 2045.4591   23.3767
    7.5000   37.5000   37.5000 2032.0524   23.5571
   -7.5000   45.0000   37.5000 1831.9465   26.4472
    0.0000   45.0000   37.5000 1853.0116   26.0063
    7.5000   45.0000   37.5000 1843.5139   26.1989

---------------------------------------------------------------------
imgreg_4dfp /opt/freesurfer/average/711-2C_as_mni_average_305 /opt/freesurfer/average/711-2B_as_mni_average_305_mask talsrcimg_g11 none talsrcimg_to_711-2C_as_mni_average_305_t4 1283
---------------------------------------------------------------------

freesurfer imgreg_4dfp.c
/opt/freesurfer/average/711-2C_as_mni_average_305.4dfp.img
       256       256       256         1
  1.000000  1.000000  1.000000
orientation T byte_order littleendian
Reading image: /opt/freesurfer/average/711-2C_as_mni_average_305.4dfp.img
dimensions:      256       256       256
mmppix:       1.0000   -1.0000   -1.0000
center:     128.0000 -129.0000 -129.0000
/opt/freesurfer/average/711-2B_as_mni_average_305_mask.4dfp.img
       256       256       256         1
  1.000000  1.000000  1.000000
orientation T byte_order littleendian
Reading mask: /opt/freesurfer/average/711-2B_as_mni_average_305_mask.4dfp.img (2306576 pixels)
talsrcimg_g11.4dfp.img
       256       256       256         1
  0.900000  0.900000  0.900000
orientation T byte_order littleendian
Reading image: talsrcimg_g11.4dfp.img
dimensions:      256       256       256
mmppix:       0.9000   -0.9000   -0.9000
center:     115.2000 -116.1000 -116.1000
rotation matrix determinant  1.000000
fimgreg.f
image alignment mode   1283 decimal      503 hex
parameters
    0.0000   -7.5000    7.5000    0.0000    0.0000    0.0000
eta,q 0.91341 13.77723
niter,ni,del,rscale     5    3   12.0000    1.2000
parameter  4 -0.928101 -> -0.500000 qaram    1.1500
parameter  6 -0.730591 -> -0.500000 qaram    1.1500
parameters
    2.3941   -8.0394    7.3476    3.4500   -1.0726    3.4500
eta,q 0.92074 13.49093
  0.1095  0.0896  0.0906  0.0932  0.0836  0.0833
  0.1002  0.0859  0.0869  0.0908  0.0807  0.0818
  0.0897  0.0839  0.0850  0.0868  0.0799  0.0806
  0.0834  0.0823  0.0825  0.0826  0.0802  0.0799
  0.0821  0.0832  0.0828  0.0808  0.0813  0.0794
  0.0837  0.0879  0.0879  0.0801  0.0838  0.0792
  0.0872  0.0937  0.0920  0.0805  0.0870  0.0792
niter,ni,del,rscale     6    3   12.0000    1.2000
parameter  4 -1.957152 -> -0.500000 qaram    1.3225
parameters
    3.3564  -10.2274    7.1547    7.4175   -1.3626    6.5272
eta,q 0.92615 13.40755
  0.0976  0.0795  0.0849  0.0875  0.0817  0.0828
  0.0899  0.0795  0.0820  0.0839  0.0772  0.0803
  0.0823  0.0793  0.0798  0.0810  0.0755  0.0780
  0.0793  0.0785  0.0794  0.0794  0.0756  0.0756
  0.0784  0.0797  0.0797  0.0775  0.0767  0.0740
  0.0816  0.0843  0.0822  0.0750  0.0787  0.0742
  0.0897  0.0907  0.0861  0.0743  0.0823  0.0766
niter,ni,del,rscale     6    3   12.0000    1.2000
parameters
    3.8942  -10.6617    7.6247    9.2169   -0.9027    6.2390
eta,q 0.92826 13.40243
  0.0949  0.0828  0.0804  0.0826  0.0804  0.0789
  0.0863  0.0791  0.0748  0.0788  0.0753  0.0753
  0.0779  0.0756  0.0725  0.0770  0.0723  0.0727
  0.0738  0.0735  0.0736  0.0737  0.0717  0.0717
  0.0743  0.0757  0.0731  0.0716  0.0722  0.0729
  0.0799  0.0811  0.0735  0.0742  0.0743  0.0762
  0.0900  0.0861  0.0779  0.0780  0.0776  0.0802
niter,ni,del,rscale     5    3   12.0000    1.2000
parameters
    3.8508  -10.9254    7.8089    9.3082   -0.8637    6.1602
eta,q 0.92825 13.41328
  0.0903  0.0836  0.0776  0.0793  0.0790  0.0791
  0.0810  0.0799  0.0723  0.0779  0.0742  0.0755
  0.0746  0.0748  0.0717  0.0753  0.0720  0.0728
  0.0717  0.0718  0.0718  0.0718  0.0717  0.0717
  0.0737  0.0743  0.0714  0.0728  0.0724  0.0727
  0.0809  0.0805  0.0726  0.0764  0.0746  0.0757
  0.0915  0.0869  0.0764  0.0806  0.0783  0.0795
niter,ni,del,rscale     4    3   12.0000    1.2000
parameters
    3.8105  -10.9855    7.8079    9.3593   -0.8257    6.1583
eta,q 0.92822 13.41280
  0.0904  0.0841  0.0769  0.0792  0.0790  0.0792
  0.0809  0.0804  0.0722  0.0779  0.0742  0.0756
  0.0745  0.0755  0.0718  0.0753  0.0720  0.0728
  0.0718  0.0718  0.0718  0.0718  0.0718  0.0718
  0.0736  0.0736  0.0714  0.0729  0.0724  0.0726
  0.0809  0.0796  0.0729  0.0765  0.0746  0.0755
  0.0916  0.0861  0.0766  0.0807  0.0783  0.0794
niter,ni,del,rscale     3    3   12.0000    1.2000
parameters
    3.7931  -11.0072    7.8215    9.3733   -0.8080    6.1587
eta,q 0.92821 13.41312
  0.0905  0.0843  0.0769  0.0792  0.0789  0.0792
  0.0811  0.0806  0.0722  0.0779  0.0741  0.0756
  0.0746  0.0756  0.0719  0.0753  0.0720  0.0728
  0.0718  0.0718  0.0718  0.0718  0.0718  0.0718
  0.0735  0.0735  0.0715  0.0730  0.0724  0.0726
  0.0807  0.0794  0.0729  0.0765  0.0746  0.0755
  0.0915  0.0860  0.0765  0.0807  0.0783  0.0793
registration optimization eta report
parameter search radius
    6.0000    6.0000    6.0000    7.9350    6.0000    6.9000
100000*second partial in parameter space
       53.       35.       15.       12.       20.       16.
  0.0905  0.0843  0.0769  0.0792  0.0789  0.0792
  0.0811  0.0806  0.0722  0.0779  0.0741  0.0756
  0.0746  0.0756  0.0719  0.0753  0.0720  0.0728
  0.0718  0.0718  0.0718  0.0718  0.0718  0.0718
  0.0735  0.0735  0.0715  0.0730  0.0724  0.0726
  0.0807  0.0794  0.0729  0.0765  0.0746  0.0755
  0.0915  0.0860  0.0765  0.0807  0.0783  0.0793
    3.7931  -11.0072    7.8215    9.3733   -0.8080    6.1587
eta,q 0.92821 13.41312

---------------------------------------------------------------------
imgreg_4dfp /opt/freesurfer/average/711-2C_as_mni_average_305 /opt/freesurfer/average/711-2B_as_mni_average_305_mask talsrcimg_g11 none talsrcimg_to_711-2C_as_mni_average_305_t4 3335
---------------------------------------------------------------------

freesurfer imgreg_4dfp.c
/opt/freesurfer/average/711-2C_as_mni_average_305.4dfp.img
       256       256       256         1
  1.000000  1.000000  1.000000
orientation T byte_order littleendian
Reading image: /opt/freesurfer/average/711-2C_as_mni_average_305.4dfp.img
dimensions:      256       256       256
mmppix:       1.0000   -1.0000   -1.0000
center:     128.0000 -129.0000 -129.0000
/opt/freesurfer/average/711-2B_as_mni_average_305_mask.4dfp.img
       256       256       256         1
  1.000000  1.000000  1.000000
orientation T byte_order littleendian
Reading mask: /opt/freesurfer/average/711-2B_as_mni_average_305_mask.4dfp.img (2306576 pixels)
talsrcimg_g11.4dfp.img
       256       256       256         1
  0.900000  0.900000  0.900000
orientation T byte_order littleendian
Reading image: talsrcimg_g11.4dfp.img
dimensions:      256       256       256
mmppix:       0.9000   -0.9000   -0.9000
center:     115.2000 -116.1000 -116.1000
fimgreg.f
image alignment mode   3335 decimal      D07 hex
parameters
    3.7931  -11.0072    7.8215   -0.5870   -1.8800   -1.3450
  -10.3567    3.1305   10.7272  -16.0433   -1.4101   16.2850
eta,q 0.92561 13.53585
niter,ni,del,rscale     5    3    5.0000    1.2000
parameter  4  3.621970 ->  0.500000 qaram    1.1500
parameter  5  2.273772 ->  0.500000 qaram    1.1500
parameter  6  3.150098 ->  0.500000 qaram    1.1500
parameter  9  0.815742 ->  0.500000 qaram    1.1500
parameter 12  1.409643 ->  0.500000 qaram    1.1500
parameters
    3.8071  -10.8670    7.8348   -4.7270   -6.0200   -5.4850
   -9.0138    4.0530    6.5872  -14.5430   -0.4808   12.1450
eta,q 0.94412 12.22177
  0.0765  0.0767  0.0749  0.0621  0.0595  0.0532  0.0588  0.0597  0.0562  0.0594  0.0569  0.0555
  0.0755  0.0756  0.0744  0.0659  0.0618  0.0563  0.0579  0.0585  0.0562  0.0577  0.0565  0.0558
  0.0748  0.0747  0.0743  0.0699  0.0643  0.0592  0.0573  0.0574  0.0565  0.0566  0.0563  0.0561
  0.0744  0.0744  0.0744  0.0744  0.0670  0.0625  0.0570  0.0570  0.0569  0.0563  0.0563  0.0563
  0.0745  0.0746  0.0744  0.0795  0.0706  0.0658  0.0570  0.0570  0.0576  0.0562  0.0563  0.0565
  0.0753  0.0752  0.0745  0.0849  0.0749  0.0699  0.0572  0.0576  0.0584  0.0565  0.0564  0.0570
  0.0766  0.0762  0.0748  0.0907  0.0791  0.0750  0.0579  0.0587  0.0597  0.0575  0.0566  0.0577
niter,ni,del,rscale     7    3    5.0000    1.2000
parameter  3  1.223711 ->  0.500000 qaram    1.1500
parameter  4  2.866852 ->  0.500000 qaram    1.3225
parameter  5  2.424433 ->  0.500000 qaram    1.3225
parameter  6  3.290940 ->  0.500000 qaram    1.3225
parameters
    3.9860  -10.2268    6.4548   -9.4880  -10.7810  -10.2460
   -8.8252    3.3124    5.5406  -16.0388   -1.2923    9.5892
eta,q 0.96395 11.53762
  0.0577  0.0580  0.0551  0.0438  0.0408  0.0335  0.0383  0.0384  0.0377  0.0382  0.0370  0.0370
  0.0566  0.0570  0.0551  0.0470  0.0431  0.0356  0.0373  0.0370  0.0369  0.0369  0.0365  0.0364
  0.0560  0.0563  0.0553  0.0506  0.0452  0.0393  0.0366  0.0365  0.0364  0.0363  0.0363  0.0361
  0.0559  0.0559  0.0558  0.0551  0.0479  0.0437  0.0364  0.0364  0.0364  0.0364  0.0362  0.0362
  0.0560  0.0558  0.0563  0.0599  0.0509  0.0477  0.0366  0.0367  0.0368  0.0372  0.0364  0.0369
  0.0564  0.0560  0.0568  0.0651  0.0543  0.0518  0.0372  0.0377  0.0374  0.0387  0.0368  0.0380
  0.0571  0.0566  0.0573  0.0710  0.0586  0.0570  0.0381  0.0396  0.0385  0.0405  0.0374  0.0393
niter,ni,del,rscale     7    3    5.0000    1.2000
parameter  4  2.218597 ->  0.500000 qaram    1.5209
parameter  5  0.807883 ->  0.500000 qaram    1.5209
parameter 12 -0.597860 -> -0.500000 qaram    1.3225
parameters
    3.7546  -10.4932    7.5176  -14.9631  -16.2562  -13.8684
   -7.0429    2.4147    6.3236  -14.2164   -1.5501   14.3502
eta,q 0.97598 11.27201
  0.0380  0.0374  0.0405  0.0252  0.0259  0.0278  0.0294  0.0290  0.0274  0.0292  0.0263  0.0282
  0.0367  0.0365  0.0385  0.0272  0.0253  0.0262  0.0276  0.0267  0.0262  0.0270  0.0254  0.0268
  0.0361  0.0360  0.0370  0.0311  0.0262  0.0252  0.0262  0.0252  0.0253  0.0255  0.0249  0.0256
  0.0360  0.0360  0.0360  0.0355  0.0281  0.0254  0.0253  0.0250  0.0249  0.0248  0.0248  0.0248
  0.0365  0.0363  0.0356  0.0409  0.0304  0.0288  0.0250  0.0263  0.0249  0.0248  0.0250  0.0242
  0.0374  0.0370  0.0358  0.0466  0.0336  0.0349  0.0255  0.0285  0.0256  0.0253  0.0256  0.0240
  0.0387  0.0381  0.0366  0.0523  0.0374  0.0405  0.0268  0.0314  0.0267  0.0261  0.0265  0.0245
niter,ni,del,rscale     7    3    5.0000    1.2000
parameters
    4.1439  -10.8034    7.6037  -19.0923  -16.3301  -14.4401
   -7.5961    3.0824    7.6583  -15.5884   -0.7337   16.3451
eta,q 0.97740 11.19037
  0.0288  0.0256  0.0268  0.0262  0.0281  0.0282  0.0255  0.0287  0.0253  0.0245  0.0245  0.0258
  0.0266  0.0245  0.0252  0.0243  0.0258  0.0264  0.0241  0.0262  0.0242  0.0233  0.0237  0.0247
  0.0249  0.0239  0.0242  0.0228  0.0238  0.0246  0.0233  0.0242  0.0234  0.0229  0.0231  0.0236
  0.0240  0.0239  0.0238  0.0238  0.0229  0.0229  0.0232  0.0231  0.0230  0.0230  0.0229  0.0228
  0.0240  0.0244  0.0241  0.0277  0.0237  0.0228  0.0237  0.0232  0.0230  0.0236  0.0229  0.0226
  0.0249  0.0253  0.0250  0.0323  0.0254  0.0261  0.0248  0.0246  0.0234  0.0247  0.0232  0.0230
  0.0266  0.0266  0.0264  0.0388  0.0286  0.0316  0.0263  0.0273  0.0242  0.0262  0.0239  0.0243
niter,ni,del,rscale     6    3    5.0000    1.2000
parameters
    4.3331  -11.1973    7.1200  -19.9944  -15.8534  -14.9153
   -8.1485    3.2978    8.0228  -16.1286   -0.2668   16.6766
eta,q 0.97729 11.16846
  0.0267  0.0241  0.0241  0.0283  0.0286  0.0280  0.0252  0.0280  0.0248  0.0253  0.0243  0.0254
  0.0247  0.0230  0.0229  0.0261  0.0260  0.0262  0.0238  0.0256  0.0238  0.0237  0.0235  0.0243
  0.0232  0.0225  0.0224  0.0240  0.0237  0.0244  0.0230  0.0237  0.0231  0.0229  0.0230  0.0233
  0.0226  0.0226  0.0225  0.0224  0.0226  0.0226  0.0228  0.0228  0.0228  0.0228  0.0227  0.0227
  0.0228  0.0231  0.0231  0.0233  0.0233  0.0225  0.0233  0.0231  0.0229  0.0233  0.0228  0.0228
  0.0239  0.0241  0.0242  0.0271  0.0248  0.0257  0.0244  0.0248  0.0235  0.0244  0.0232  0.0237
  0.0256  0.0254  0.0257  0.0317  0.0280  0.0311  0.0261  0.0278  0.0245  0.0261  0.0239  0.0254
niter,ni,del,rscale     5    3    5.0000    1.2000
parameters
    4.4483  -11.2383    6.8662  -20.2196  -15.5906  -15.1321
   -8.3616    3.3907    7.9918  -16.1898   -0.0317   16.6134
eta,q 0.97717 11.16062
  0.0264  0.0250  0.0246  0.0290  0.0285  0.0282  0.0255  0.0280  0.0248  0.0259  0.0243  0.0254
  0.0245  0.0237  0.0234  0.0267  0.0259  0.0264  0.0240  0.0255  0.0237  0.0241  0.0235  0.0242
  0.0233  0.0229  0.0227  0.0246  0.0237  0.0245  0.0231  0.0237  0.0231  0.0231  0.0230  0.0233
  0.0227  0.0227  0.0227  0.0226  0.0227  0.0227  0.0228  0.0228  0.0228  0.0228  0.0228  0.0228
  0.0230  0.0230  0.0232  0.0229  0.0235  0.0224  0.0232  0.0232  0.0230  0.0232  0.0229  0.0230
  0.0240  0.0239  0.0240  0.0262  0.0250  0.0252  0.0243  0.0250  0.0237  0.0243  0.0234  0.0240
  0.0258  0.0251  0.0253  0.0308  0.0283  0.0306  0.0258  0.0281  0.0248  0.0259  0.0241  0.0258
niter,ni,del,rscale     4    3    5.0000    1.2000
parameters
    4.4897  -11.2113    6.7410  -20.2789  -15.4826  -15.2152
   -8.4171    3.4175    7.9187  -16.1516    0.0627   16.5014
eta,q 0.97712 11.15671
  0.0263  0.0253  0.0249  0.0292  0.0284  0.0283  0.0256  0.0280  0.0248  0.0260  0.0243  0.0254
  0.0245  0.0239  0.0236  0.0269  0.0258  0.0265  0.0242  0.0255  0.0238  0.0242  0.0235  0.0243
  0.0233  0.0231  0.0229  0.0248  0.0237  0.0247  0.0232  0.0237  0.0231  0.0232  0.0230  0.0233
  0.0228  0.0228  0.0228  0.0228  0.0228  0.0228  0.0229  0.0229  0.0229  0.0229  0.0229  0.0229
  0.0231  0.0231  0.0232  0.0229  0.0236  0.0224  0.0232  0.0233  0.0231  0.0233  0.0230  0.0231
  0.0243  0.0239  0.0240  0.0261  0.0252  0.0250  0.0242  0.0251  0.0238  0.0243  0.0235  0.0241
  0.0261  0.0250  0.0252  0.0306  0.0285  0.0304  0.0257  0.0282  0.0249  0.0259  0.0242  0.0259
niter,ni,del,rscale     3    3    5.0000    1.2000
parameters
    4.5032  -11.1817    6.6831  -20.2966  -15.4342  -15.2378
   -8.4249    3.4232    7.8723  -16.1083    0.0996   16.4117
eta,q 0.97710 11.15489
  0.0263  0.0253  0.0251  0.0293  0.0284  0.0283  0.0257  0.0280  0.0248  0.0261  0.0243  0.0255
  0.0245  0.0239  0.0238  0.0269  0.0258  0.0265  0.0242  0.0255  0.0238  0.0242  0.0235  0.0243
  0.0233  0.0231  0.0230  0.0248  0.0237  0.0247  0.0232  0.0237  0.0231  0.0232  0.0231  0.0234
  0.0229  0.0229  0.0229  0.0229  0.0229  0.0229  0.0229  0.0229  0.0229  0.0229  0.0229  0.0229
  0.0232  0.0232  0.0232  0.0229  0.0236  0.0224  0.0232  0.0233  0.0231  0.0233  0.0231  0.0231
  0.0244  0.0239  0.0240  0.0261  0.0253  0.0249  0.0242  0.0251  0.0238  0.0243  0.0235  0.0241
  0.0262  0.0251  0.0251  0.0306  0.0286  0.0303  0.0257  0.0283  0.0249  0.0259  0.0243  0.0259
niter,ni,del,rscale     2    3    5.0000    1.2000
parameters
    4.5071  -11.1603    6.6574  -20.3046  -15.4117  -15.2371
   -8.4241    3.4248    7.8492  -16.0751    0.1046   16.3520
eta,q 0.97710 11.15416
  0.0263  0.0253  0.0251  0.0293  0.0284  0.0283  0.0257  0.0280  0.0248  0.0261  0.0243  0.0255
  0.0245  0.0239  0.0238  0.0270  0.0258  0.0266  0.0242  0.0255  0.0238  0.0242  0.0235  0.0243
  0.0233  0.0231  0.0231  0.0249  0.0237  0.0247  0.0232  0.0237  0.0231  0.0232  0.0231  0.0234
  0.0229  0.0229  0.0229  0.0229  0.0229  0.0229  0.0229  0.0229  0.0229  0.0229  0.0229  0.0229
  0.0233  0.0232  0.0232  0.0229  0.0237  0.0224  0.0232  0.0233  0.0231  0.0233  0.0231  0.0231
  0.0244  0.0240  0.0240  0.0261  0.0253  0.0249  0.0242  0.0251  0.0238  0.0243  0.0235  0.0241
  0.0263  0.0251  0.0251  0.0306  0.0287  0.0302  0.0257  0.0283  0.0249  0.0259  0.0243  0.0259
registration optimization eta report
parameter search radius
    2.4000    2.4000    2.7600   10.9503   10.9503    9.5220
    7.2000    7.2000    8.2800    7.2000    7.2000    9.5220
100000*second partial in parameter space
       58.       40.       29.        6.        5.        7.
        5.       10.        3.        6.        3.        3.
  0.0263  0.0253  0.0251  0.0293  0.0284  0.0283  0.0257  0.0280  0.0248  0.0261  0.0243  0.0255
  0.0245  0.0239  0.0238  0.0270  0.0258  0.0266  0.0242  0.0255  0.0238  0.0242  0.0235  0.0243
  0.0233  0.0231  0.0231  0.0249  0.0237  0.0247  0.0232  0.0237  0.0231  0.0232  0.0231  0.0234
  0.0229  0.0229  0.0229  0.0229  0.0229  0.0229  0.0229  0.0229  0.0229  0.0229  0.0229  0.0229
  0.0233  0.0232  0.0232  0.0229  0.0237  0.0224  0.0232  0.0233  0.0231  0.0233  0.0231  0.0231
  0.0244  0.0240  0.0240  0.0261  0.0253  0.0249  0.0242  0.0251  0.0238  0.0243  0.0235  0.0241
  0.0263  0.0251  0.0251  0.0306  0.0287  0.0302  0.0257  0.0283  0.0249  0.0259  0.0243  0.0259
    4.5071  -11.1603    6.6574  -20.3046  -15.4117  -15.2371
   -8.4241    3.4248    7.8492  -16.0751    0.1046   16.3520
eta,q 0.97710 11.15416

---------------------------------------------------------------------
imgreg_4dfp /opt/freesurfer/average/711-2C_as_mni_average_305 /opt/freesurfer/average/711-2B_as_mni_average_305_mask talsrcimg_g11 none talsrcimg_to_711-2C_as_mni_average_305_t4 2311
---------------------------------------------------------------------

freesurfer imgreg_4dfp.c
/opt/freesurfer/average/711-2C_as_mni_average_305.4dfp.img
       256       256       256         1
  1.000000  1.000000  1.000000
orientation T byte_order littleendian
Reading image: /opt/freesurfer/average/711-2C_as_mni_average_305.4dfp.img
dimensions:      256       256       256
mmppix:       1.0000   -1.0000   -1.0000
center:     128.0000 -129.0000 -129.0000
/opt/freesurfer/average/711-2B_as_mni_average_305_mask.4dfp.img
       256       256       256         1
  1.000000  1.000000  1.000000
orientation T byte_order littleendian
Reading mask: /opt/freesurfer/average/711-2B_as_mni_average_305_mask.4dfp.img (2306576 pixels)
talsrcimg_g11.4dfp.img
       256       256       256         1
  0.900000  0.900000  0.900000
orientation T byte_order littleendian
Reading image: talsrcimg_g11.4dfp.img
dimensions:      256       256       256
mmppix:       0.9000   -0.9000   -0.9000
center:     115.2000 -116.1000 -116.1000
fimgreg.f
image alignment mode   2311 decimal      907 hex
parameters
    4.5071  -11.1603    6.6574  -20.3046  -15.4117  -15.2371
   -8.4241    3.4248    7.8492  -16.0751    0.1046   16.3520
eta,q 0.97710 11.15416
niter,ni,del,rscale     5    3    5.0000    0.8000
parameters
    4.5200  -11.1977    6.5633  -18.6638  -15.5930  -14.0508
   -8.3234    3.4785    7.4737  -16.6341    0.1298   15.5860
eta,q 0.97789 11.22312
  0.0245  0.0239  0.0236  0.0255  0.0237  0.0251  0.0238  0.0255  0.0228  0.0234  0.0232  0.0228
  0.0236  0.0233  0.0232  0.0246  0.0230  0.0242  0.0230  0.0240  0.0224  0.0226  0.0226  0.0224
  0.0231  0.0230  0.0229  0.0237  0.0225  0.0232  0.0224  0.0228  0.0222  0.0222  0.0223  0.0222
  0.0229  0.0229  0.0229  0.0229  0.0224  0.0224  0.0222  0.0222  0.0222  0.0222  0.0221  0.0221
  0.0231  0.0231  0.0230  0.0224  0.0227  0.0222  0.0223  0.0225  0.0223  0.0225  0.0222  0.0223
  0.0236  0.0234  0.0233  0.0227  0.0232  0.0225  0.0229  0.0237  0.0226  0.0231  0.0226  0.0227
  0.0244  0.0240  0.0238  0.0236  0.0238  0.0236  0.0237  0.0256  0.0231  0.0241  0.0231  0.0234
niter,ni,del,rscale     4    3    5.0000    0.7000
parameters
    4.4868  -11.1622    6.9074  -18.7887  -15.7692  -13.1416
   -8.1814    3.4364    7.5792  -16.6695   -0.1541   15.3004
eta,q 0.97811 11.23811
  0.0236  0.0230  0.0232  0.0239  0.0232  0.0243  0.0232  0.0246  0.0226  0.0232  0.0226  0.0225
  0.0228  0.0225  0.0227  0.0231  0.0225  0.0234  0.0225  0.0233  0.0222  0.0224  0.0222  0.0222
  0.0223  0.0222  0.0223  0.0224  0.0222  0.0226  0.0221  0.0223  0.0220  0.0220  0.0220  0.0220
  0.0221  0.0221  0.0221  0.0221  0.0221  0.0221  0.0219  0.0219  0.0219  0.0219  0.0219  0.0219
  0.0223  0.0222  0.0221  0.0223  0.0223  0.0219  0.0220  0.0222  0.0220  0.0221  0.0220  0.0220
  0.0229  0.0225  0.0222  0.0231  0.0227  0.0222  0.0224  0.0232  0.0222  0.0225  0.0223  0.0223
  0.0237  0.0229  0.0225  0.0243  0.0233  0.0232  0.0231  0.0248  0.0225  0.0232  0.0228  0.0228
niter,ni,del,rscale     3    3    5.0000    0.6000
parameters
    4.4222  -11.1695    7.1166  -18.8694  -15.9659  -12.7327
   -8.1236    3.4592    7.7268  -16.7405   -0.4190   15.3010
eta,q 0.97819 11.24169
  0.0229  0.0225  0.0226  0.0233  0.0227  0.0235  0.0228  0.0239  0.0223  0.0227  0.0223  0.0224
  0.0223  0.0222  0.0223  0.0227  0.0222  0.0228  0.0222  0.0229  0.0220  0.0222  0.0220  0.0221
  0.0220  0.0220  0.0220  0.0221  0.0220  0.0222  0.0219  0.0221  0.0219  0.0219  0.0218  0.0219
  0.0219  0.0219  0.0219  0.0219  0.0219  0.0219  0.0218  0.0218  0.0218  0.0218  0.0218  0.0218
  0.0221  0.0220  0.0219  0.0221  0.0220  0.0218  0.0219  0.0220  0.0219  0.0219  0.0219  0.0219
  0.0225  0.0222  0.0220  0.0227  0.0224  0.0222  0.0222  0.0227  0.0220  0.0223  0.0221  0.0220
  0.0232  0.0226  0.0223  0.0236  0.0229  0.0231  0.0227  0.0240  0.0222  0.0228  0.0225  0.0224
niter,ni,del,rscale     2    3    5.0000    0.5000
parameters
    4.3902  -11.1898    7.2194  -18.8926  -16.0715  -12.5081
   -8.1076    3.5360    7.8625  -16.8507   -0.6371   15.3058
eta,q 0.97824 11.24411
  0.0226  0.0222  0.0223  0.0229  0.0224  0.0230  0.0224  0.0233  0.0221  0.0224  0.0221  0.0222
  0.0221  0.0220  0.0220  0.0224  0.0221  0.0224  0.0221  0.0226  0.0219  0.0220  0.0219  0.0220
  0.0219  0.0218  0.0219  0.0220  0.0219  0.0220  0.0219  0.0220  0.0218  0.0218  0.0218  0.0218
  0.0218  0.0218  0.0218  0.0218  0.0218  0.0218  0.0218  0.0218  0.0218  0.0218  0.0218  0.0218
  0.0219  0.0219  0.0218  0.0219  0.0219  0.0218  0.0218  0.0219  0.0218  0.0219  0.0218  0.0218
  0.0222  0.0220  0.0219  0.0223  0.0222  0.0221  0.0221  0.0224  0.0219  0.0221  0.0220  0.0219
  0.0227  0.0223  0.0221  0.0230  0.0225  0.0228  0.0224  0.0233  0.0221  0.0224  0.0223  0.0222
niter,ni,del,rscale     1    3    5.0000    0.4000
parameters
    4.3817  -11.2080    7.2657  -18.9053  -16.1215  -12.3438
   -8.1102    3.6249    7.9682  -16.9629   -0.8003   15.2539
eta,q 0.97826 11.24616
  0.0223  0.0220  0.0221  0.0225  0.0222  0.0226  0.0222  0.0228  0.0220  0.0221  0.0220  0.0220
  0.0220  0.0219  0.0219  0.0221  0.0220  0.0222  0.0219  0.0223  0.0218  0.0219  0.0218  0.0219
  0.0218  0.0218  0.0218  0.0219  0.0218  0.0219  0.0218  0.0219  0.0218  0.0218  0.0218  0.0218
  0.0218  0.0218  0.0218  0.0218  0.0218  0.0218  0.0217  0.0218  0.0217  0.0218  0.0217  0.0217
  0.0218  0.0218  0.0218  0.0218  0.0218  0.0218  0.0218  0.0218  0.0218  0.0218  0.0218  0.0218
  0.0220  0.0219  0.0219  0.0221  0.0220  0.0220  0.0219  0.0222  0.0218  0.0220  0.0219  0.0219
  0.0223  0.0221  0.0220  0.0226  0.0222  0.0224  0.0222  0.0227  0.0219  0.0222  0.0221  0.0220
registration optimization eta report
parameter search radius
    0.8000    0.8000    0.8000    2.4000    2.4000    2.4000
    2.4000    2.4000    2.4000    2.4000    2.4000    2.4000
100000*second partial in parameter space
       81.       46.       43.       13.        8.       13.
        7.       18.        3.        7.        5.        5.
  0.0223  0.0220  0.0221  0.0225  0.0222  0.0226  0.0222  0.0228  0.0220  0.0221  0.0220  0.0220
  0.0220  0.0219  0.0219  0.0221  0.0220  0.0222  0.0219  0.0223  0.0218  0.0219  0.0218  0.0219
  0.0218  0.0218  0.0218  0.0219  0.0218  0.0219  0.0218  0.0219  0.0218  0.0218  0.0218  0.0218
  0.0218  0.0218  0.0218  0.0218  0.0218  0.0218  0.0217  0.0218  0.0217  0.0218  0.0217  0.0217
  0.0218  0.0218  0.0218  0.0218  0.0218  0.0218  0.0218  0.0218  0.0218  0.0218  0.0218  0.0218
  0.0220  0.0219  0.0219  0.0221  0.0220  0.0220  0.0219  0.0222  0.0218  0.0220  0.0219  0.0219
  0.0223  0.0221  0.0220  0.0226  0.0222  0.0224  0.0222  0.0227  0.0219  0.0222  0.0221  0.0220
    4.3817  -11.2080    7.2657  -18.9053  -16.1215  -12.3438
   -8.1102    3.6249    7.9682  -16.9629   -0.8003   15.2539
eta,q 0.97826 11.24616

---------------------------------------------------------------------
imgreg_4dfp /opt/freesurfer/average/711-2C_as_mni_average_305 /opt/freesurfer/average/711-2B_as_mni_average_305_mask talsrcimg_g11 none talsrcimg_to_711-2C_as_mni_average_305_t4 2311
---------------------------------------------------------------------

freesurfer imgreg_4dfp.c
/opt/freesurfer/average/711-2C_as_mni_average_305.4dfp.img
       256       256       256         1
  1.000000  1.000000  1.000000
orientation T byte_order littleendian
Reading image: /opt/freesurfer/average/711-2C_as_mni_average_305.4dfp.img
dimensions:      256       256       256
mmppix:       1.0000   -1.0000   -1.0000
center:     128.0000 -129.0000 -129.0000
/opt/freesurfer/average/711-2B_as_mni_average_305_mask.4dfp.img
       256       256       256         1
  1.000000  1.000000  1.000000
orientation T byte_order littleendian
Reading mask: /opt/freesurfer/average/711-2B_as_mni_average_305_mask.4dfp.img (2306576 pixels)
talsrcimg_g11.4dfp.img
       256       256       256         1
  0.900000  0.900000  0.900000
orientation T byte_order littleendian
Reading image: talsrcimg_g11.4dfp.img
dimensions:      256       256       256
mmppix:       0.9000   -0.9000   -0.9000
center:     115.2000 -116.1000 -116.1000
fimgreg.f
image alignment mode   2311 decimal      907 hex
parameters
    4.3817  -11.2080    7.2657  -18.9053  -16.1215  -12.3438
   -8.1102    3.6249    7.9682  -16.9629   -0.8003   15.2539
eta,q 0.97826 11.24615
niter,ni,del,rscale     5    3    5.0000    0.8000
parameters
    4.3863  -11.1959    7.2811  -19.2104  -16.0676  -12.7659
   -8.1175    3.5142    8.0707  -16.6260   -0.6395   15.5116
eta,q 0.97818 11.23379
  0.0237  0.0230  0.0229  0.0239  0.0234  0.0240  0.0234  0.0249  0.0227  0.0238  0.0229  0.0229
  0.0227  0.0223  0.0223  0.0229  0.0225  0.0230  0.0225  0.0234  0.0222  0.0227  0.0223  0.0224
  0.0220  0.0219  0.0219  0.0221  0.0220  0.0222  0.0220  0.0223  0.0219  0.0220  0.0220  0.0220
  0.0217  0.0217  0.0217  0.0217  0.0218  0.0218  0.0218  0.0218  0.0218  0.0218  0.0218  0.0218
  0.0220  0.0219  0.0219  0.0221  0.0220  0.0220  0.0220  0.0222  0.0219  0.0220  0.0219  0.0219
  0.0226  0.0223  0.0222  0.0232  0.0225  0.0231  0.0225  0.0235  0.0222  0.0224  0.0222  0.0222
  0.0237  0.0229  0.0228  0.0247  0.0233  0.0256  0.0234  0.0255  0.0226  0.0232  0.0228  0.0227
niter,ni,del,rscale     4    3    5.0000    0.7000
parameters
    4.3898  -11.2116    7.2178  -19.0666  -16.0588  -12.8505
   -8.1749    3.5240    7.9747  -16.7330   -0.5535   15.5981
eta,q 0.97818 11.23591
  0.0233  0.0227  0.0225  0.0238  0.0230  0.0237  0.0230  0.0244  0.0224  0.0230  0.0226  0.0226
  0.0225  0.0222  0.0221  0.0230  0.0224  0.0229  0.0223  0.0232  0.0221  0.0223  0.0222  0.0222
  0.0220  0.0219  0.0219  0.0222  0.0220  0.0222  0.0219  0.0223  0.0219  0.0219  0.0219  0.0219
  0.0218  0.0218  0.0218  0.0218  0.0218  0.0218  0.0218  0.0218  0.0218  0.0218  0.0218  0.0218
  0.0220  0.0219  0.0219  0.0219  0.0220  0.0219  0.0220  0.0221  0.0219  0.0220  0.0219  0.0219
  0.0225  0.0222  0.0222  0.0226  0.0224  0.0226  0.0224  0.0230  0.0221  0.0224  0.0221  0.0221
  0.0233  0.0227  0.0227  0.0237  0.0230  0.0243  0.0231  0.0246  0.0225  0.0231  0.0226  0.0226
niter,ni,del,rscale     3    3    5.0000    0.6000
parameters
    4.3985  -11.2263    7.2192  -18.9562  -16.0903  -12.7440
   -8.1599    3.5531    7.9321  -16.8389   -0.5768   15.5548
eta,q 0.97821 11.23952
  0.0230  0.0225  0.0224  0.0234  0.0227  0.0234  0.0227  0.0239  0.0222  0.0227  0.0224  0.0223
  0.0223  0.0221  0.0221  0.0227  0.0222  0.0227  0.0222  0.0229  0.0220  0.0221  0.0221  0.0220
  0.0220  0.0219  0.0219  0.0221  0.0219  0.0221  0.0219  0.0221  0.0218  0.0219  0.0219  0.0219
  0.0218  0.0218  0.0218  0.0218  0.0218  0.0218  0.0218  0.0218  0.0218  0.0218  0.0218  0.0218
  0.0219  0.0219  0.0219  0.0219  0.0219  0.0218  0.0219  0.0220  0.0218  0.0219  0.0219  0.0218
  0.0223  0.0221  0.0221  0.0225  0.0223  0.0223  0.0222  0.0227  0.0220  0.0222  0.0221  0.0220
  0.0229  0.0225  0.0224  0.0233  0.0228  0.0234  0.0227  0.0239  0.0223  0.0228  0.0224  0.0224
niter,ni,del,rscale     2    3    5.0000    0.5000
parameters
    4.3977  -11.2296    7.2406  -18.9124  -16.1238  -12.5684
   -8.1416    3.5990    7.9431  -16.9260   -0.6788   15.4616
eta,q 0.97824 11.24269
  0.0226  0.0222  0.0222  0.0229  0.0224  0.0229  0.0224  0.0233  0.0221  0.0224  0.0222  0.0221
  0.0221  0.0220  0.0220  0.0224  0.0221  0.0224  0.0221  0.0225  0.0219  0.0220  0.0219  0.0219
  0.0219  0.0218  0.0218  0.0220  0.0219  0.0220  0.0218  0.0220  0.0218  0.0218  0.0218  0.0218
  0.0218  0.0218  0.0218  0.0218  0.0218  0.0218  0.0218  0.0218  0.0218  0.0218  0.0218  0.0218
  0.0219  0.0218  0.0218  0.0219  0.0219  0.0218  0.0218  0.0219  0.0218  0.0219  0.0218  0.0218
  0.0221  0.0220  0.0220  0.0223  0.0221  0.0221  0.0220  0.0224  0.0219  0.0221  0.0220  0.0220
  0.0226  0.0222  0.0222  0.0229  0.0225  0.0228  0.0224  0.0233  0.0221  0.0224  0.0222  0.0222
niter,ni,del,rscale     1    3    5.0000    0.4000
parameters
    4.3930  -11.2308    7.2691  -18.9074  -16.1460  -12.3848
   -8.1277    3.6592    8.0062  -17.0005   -0.8005   15.3412
eta,q 0.97826 11.24551
  0.0223  0.0221  0.0221  0.0225  0.0222  0.0226  0.0222  0.0228  0.0220  0.0221  0.0220  0.0220
  0.0220  0.0219  0.0219  0.0221  0.0220  0.0222  0.0219  0.0223  0.0218  0.0219  0.0219  0.0219
  0.0218  0.0218  0.0218  0.0219  0.0218  0.0219  0.0218  0.0219  0.0218  0.0218  0.0218  0.0218
  0.0218  0.0218  0.0218  0.0218  0.0218  0.0218  0.0217  0.0218  0.0217  0.0217  0.0217  0.0217
  0.0218  0.0218  0.0218  0.0218  0.0218  0.0218  0.0218  0.0218  0.0218  0.0218  0.0218  0.0218
  0.0220  0.0219  0.0219  0.0221  0.0220  0.0220  0.0219  0.0222  0.0218  0.0220  0.0219  0.0219
  0.0223  0.0221  0.0220  0.0225  0.0222  0.0224  0.0222  0.0227  0.0219  0.0222  0.0221  0.0220
registration optimization eta report
parameter search radius
    0.8000    0.8000    0.8000    2.4000    2.4000    2.4000
    2.4000    2.4000    2.4000    2.4000    2.4000    2.4000
100000*second partial in parameter space
       81.       46.       42.       13.        8.       13.
        7.       18.        3.        7.        5.        5.
  0.0223  0.0221  0.0221  0.0225  0.0222  0.0226  0.0222  0.0228  0.0220  0.0221  0.0220  0.0220
  0.0220  0.0219  0.0219  0.0221  0.0220  0.0222  0.0219  0.0223  0.0218  0.0219  0.0219  0.0219
  0.0218  0.0218  0.0218  0.0219  0.0218  0.0219  0.0218  0.0219  0.0218  0.0218  0.0218  0.0218
  0.0218  0.0218  0.0218  0.0218  0.0218  0.0218  0.0217  0.0218  0.0217  0.0217  0.0217  0.0217
  0.0218  0.0218  0.0218  0.0218  0.0218  0.0218  0.0218  0.0218  0.0218  0.0218  0.0218  0.0218
  0.0220  0.0219  0.0219  0.0221  0.0220  0.0220  0.0219  0.0222  0.0218  0.0220  0.0219  0.0219
  0.0223  0.0221  0.0220  0.0225  0.0222  0.0224  0.0222  0.0227  0.0219  0.0222  0.0221  0.0220
    4.3930  -11.2308    7.2691  -18.9074  -16.1460  -12.3848
   -8.1277    3.6592    8.0062  -17.0005   -0.8005   15.3412
eta,q 0.97826 11.24551

---------------------------------------------------------------------
compute_vox2vox talsrcimg talsrcimg_to_711-2C_as_mni_average_305_t4 /opt/freesurfer/average/711-2C_as_mni_average_305
---------------------------------------------------------------------

freesurfer compute_vox2vox.c
Reading: talsrcimg.4dfp.ifh
Reading: talsrcimg_to_711-2C_as_mni_average_305_t4
Reading: /opt/freesurfer/average/711-2C_as_mni_average_305.4dfp.ifh
Writing: talsrcimg_to_711-2C_as_mni_average_305_t4_vox2vox.txt

start time Wed Mar 11 20:27:09 CET 2026
end		time Wed Mar 11 20:28:39 CET 2026

mpr2mni305 success

avi2talxfm orig_nu.mgz /opt/freesurfer/average/mni305.cor.mgz talsrcimg_to_711-2C_as_mni_average_305_t4_vox2vox.txt transforms/talairach.auto.xfm
avi2talxfm done
mv -f /out/sourcedata/freesurfer/sub-v2s1x29889_ses-1/mri/talsrcimg_to_711-2C_as_mni_average_305_t4_vox2vox.txt /out/sourcedata/freesurfer/sub-v2s1x29889_ses-1/mri/transforms/talsrcimg_to_711-2C_as_mni_average_305_t4_vox2vox.txt
lta_convert --src orig_nu.mgz --trg /opt/freesurfer/average/mni305.cor.mgz --inxfm transforms/talairach.auto.xfm --outlta transforms/talairach.auto.xfm.lta --subject fsaverage
7.3.2

--src: orig_nu.mgz src image (geometry).
--trg: /opt/freesurfer/average/mni305.cor.mgz trg image (geometry).
--inmni: transforms/talairach.auto.xfm input MNI/XFM transform.
--outlta: transforms/talairach.auto.xfm.lta output LTA.
--s: fsaverage subject name
 LTA read, type : 1
 1.22072  -0.02706   0.12327  -11.97223;
 0.03048   1.10155  -0.19858  -34.45118;
-0.11037   0.22591   1.14052  -60.05258;
 0.00000   0.00000   0.00000   1.00000;
setting subject to fsaverage
Writing  LTA to file transforms/talairach.auto.xfm.lta...
lta_convert successful.
 
 
Started at Wed Mar 11 20:27:08 CET 2026
Ended   at Wed Mar 11 20:28:40 CET 2026
talairach_avi done
