/out/sourcedata/freesurfer/sub-v2s1x29869_ses-1/mri
/opt/freesurfer/bin/talairach_avi
--i orig_nu.mgz --xfm transforms/talairach.auto.xfm
talairach_avi 7.3.2
Linux dna030 5.14.0-427.37.1.el9_4.x86_64 #1 SMP PREEMPT_DYNAMIC Fri Sep 13 12:41:50 EDT 2024 x86_64 x86_64 x86_64 GNU/Linux
Wed Mar 11 18:40:30 CET 2026
mri_convert orig_nu.mgz talsrcimg.img 
reading from orig_nu.mgz...
TR=0.00, TE=0.00, TI=0.00, flip angle=0.00
i_ras = (-1, 0, 0)
j_ras = (0, 0, -1)
k_ras = (0, 1, 0)
writing to talsrcimg.img...
Analyze Output Matrix
-0.90000   0.00000   0.00000   114.52421;
 0.00000   0.00000   0.90000  -97.31663;
 0.00000  -0.90000   0.00000   125.36637;
 0.00000   0.00000   0.00000   1.00000;
--------------------
INFO: set hdr.hist.orient to -1
mpr2mni305 talsrcimg
Wed Mar 11 18:40:31 CET 2026
/opt/freesurfer/bin/mpr2mni305 talsrcimg
mpr2mni305 7.3.2
target=711-2C_as_mni_average_305

---------------------------------------------------------------------
analyzeto4dfp talsrcimg -O0 -y
---------------------------------------------------------------------

freesurfer ifh2hdr.c
Wed Mar 11 18:40:31 2026
Writing: talsrcimg.4dfp.hdr
freesurfer analyzeto4dfp.c
Reading: talsrcimg.hdr
header size 348 bytes
hdr.dime.datatype	offset=70	value=2
hdr.dime.bitpix		offset=72	value=8
hdr.hist.orient		offset=252	value=-1
dimensionality     4
dimensions       256       256       256         1
Reading: talsrcimg.img
Writing: talsrcimg.4dfp.img
Writing: talsrcimg.4dfp.ifh
ifh2hdr talsrcimg -r0to244
ori=2

---------------------------------------------------------------------
gauss_4dfp talsrcimg 1.1
---------------------------------------------------------------------

freesurfer gauss_4dfp.c
Reading: talsrcimg.4dfp.img
Writing: talsrcimg_g11.4dfp.img
image dimensions 256 256 256 padded to 288 288 288
processing volume 1freesurfer ifh2hdr.c
Wed Mar 11 18:40:33 2026
Writing: talsrcimg_g11.4dfp.hdr

Writing: talsrcimg_g11.4dfp.ifh
including: talsrcimg.4dfp.img.rec in talsrcimg_g11.4dfp.img.rec

---------------------------------------------------------------------
imgreg_4dfp /opt/freesurfer/average/711-2C_as_mni_average_305 none talsrcimg_g11 none talsrcimg_to_711-2C_as_mni_average_305_t4 4355
---------------------------------------------------------------------

freesurfer imgreg_4dfp.c
/opt/freesurfer/average/711-2C_as_mni_average_305.4dfp.img
       256       256       256         1
  1.000000  1.000000  1.000000
orientation T byte_order littleendian
Reading image: /opt/freesurfer/average/711-2C_as_mni_average_305.4dfp.img
dimensions:      256       256       256
mmppix:       1.0000   -1.0000   -1.0000
center:     128.0000 -129.0000 -129.0000
talsrcimg_g11.4dfp.img
       256       256       256         1
  0.900000  0.900000  0.900000
orientation T byte_order littleendian
Reading image: talsrcimg_g11.4dfp.img
dimensions:      256       256       256
mmppix:       0.9000   -0.9000   -0.9000
center:     115.2000 -116.1000 -116.1000
t4_read: open error in t4_sub.f l:  41 t4_file(1:l)talsrcimg_to_711-2C_as_mni_average_305_t4 
t4_read: transform initialized to I4
rotation matrix determinant  1.000000
image alignment mode   4355 decimal     1103 hex
   -7.5000  -45.0000  -45.0000 4988.6328   18.3098
    0.0000  -45.0000  -45.0000 4991.4443   18.3478
    7.5000  -45.0000  -45.0000 4735.0742   18.3686
   -7.5000  -37.5000  -45.0000 5419.2847   19.3514
    0.0000  -37.5000  -45.0000 5417.8027   19.3950
    7.5000  -37.5000  -45.0000 5131.8916   19.4181
   -7.5000  -30.0000  -45.0000 5946.5918   19.9591
    0.0000  -30.0000  -45.0000 5933.0942   20.0030
    7.5000  -30.0000  -45.0000 5615.8623   20.0269
   -7.5000  -22.5000  -45.0000 6550.4927   19.9622
    0.0000  -22.5000  -45.0000 6518.5962   20.0045
    7.5000  -22.5000  -45.0000 6174.3354   20.0288
   -7.5000  -15.0000  -45.0000 7081.4233   19.9560
    0.0000  -15.0000  -45.0000 7061.8701   19.9967
    7.5000  -15.0000  -45.0000 6683.6689   20.0195
   -7.5000   -7.5000  -45.0000 7243.5762   19.9525
    0.0000   -7.5000  -45.0000 7229.3848   19.9910
    7.5000   -7.5000  -45.0000 6866.8799   20.0122
   -7.5000    0.0000  -45.0000 7345.6787   19.9579
    0.0000    0.0000  -45.0000 7345.2153   19.9988
    7.5000    0.0000  -45.0000 6960.8882   20.0213
   -7.5000    7.5000  -45.0000 7107.4395   19.9583
    0.0000    7.5000  -45.0000 7106.7515   20.0033
    7.5000    7.5000  -45.0000 6730.0298   20.0270
   -7.5000   15.0000  -45.0000 7201.4746   19.9590
    0.0000   15.0000  -45.0000 7197.3047   20.0030
    7.5000   15.0000  -45.0000 6790.2075   20.0269
   -7.5000   22.5000  -45.0000 6980.3555   19.6937
    0.0000   22.5000  -45.0000 6980.8164   19.7354
    7.5000   22.5000  -45.0000 6608.1025   19.7593
   -7.5000   30.0000  -45.0000 6533.1802   19.1625
    0.0000   30.0000  -45.0000 6536.5825   19.2016
    7.5000   30.0000  -45.0000 6182.4932   19.2235
   -7.5000   37.5000  -45.0000 6010.9707   18.5421
    0.0000   37.5000  -45.0000 6021.7319   18.5779
    7.5000   37.5000  -45.0000 5690.8862   18.5976
   -7.5000   45.0000  -45.0000 5488.8813   17.8649
    0.0000   45.0000  -45.0000 5502.8706   17.9016
    7.5000   45.0000  -45.0000 5186.0137   17.9217
   -7.5000  -45.0000  -37.5000 5476.6411   19.0971
    0.0000  -45.0000  -37.5000 5491.3228   19.1149
    7.5000  -45.0000  -37.5000 5194.6914   19.1317
   -7.5000  -37.5000  -37.5000 5959.3960   20.1997
    0.0000  -37.5000  -37.5000 5980.3384   20.2230
    7.5000  -37.5000  -37.5000 5648.5356   20.2401
   -7.5000  -30.0000  -37.5000 6539.2012   20.8033
    0.0000  -30.0000  -37.5000 6554.0928   20.8265
    7.5000  -30.0000  -37.5000 6185.9663   20.8425
   -7.5000  -22.5000  -37.5000 7195.9292   20.8038
    0.0000  -22.5000  -37.5000 7188.1719   20.8262
    7.5000  -22.5000  -37.5000 6788.2026   20.8422
   -7.5000  -15.0000  -37.5000 7792.1470   20.7918
    0.0000  -15.0000  -37.5000 7774.9985   20.8127
    7.5000  -15.0000  -37.5000 7355.5972   20.8293
   -7.5000   -7.5000  -37.5000 7961.5894   20.7858
    0.0000   -7.5000  -37.5000 7942.1343   20.8029
    7.5000   -7.5000  -37.5000 7523.0928   20.8198
   -7.5000    0.0000  -37.5000 8044.7358   20.7914
    0.0000    0.0000  -37.5000 8026.8862   20.8105
    7.5000    0.0000  -37.5000 7604.5000   20.8286
   -7.5000    7.5000  -37.5000 7747.8179   20.7966
    0.0000    7.5000  -37.5000 7731.5063   20.8206
    7.5000    7.5000  -37.5000 7325.9575   20.8381
   -7.5000   15.0000  -37.5000 7811.8296   20.8023
    0.0000   15.0000  -37.5000 7800.9775   20.8255
    7.5000   15.0000  -37.5000 7384.0918   20.8415
   -7.5000   22.5000  -37.5000 7585.9634   20.5257
    0.0000   22.5000  -37.5000 7577.2095   20.5478
    7.5000   22.5000  -37.5000 7181.3379   20.5636
   -7.5000   30.0000  -37.5000 7086.4834   19.9793
    0.0000   30.0000  -37.5000 7065.1362   19.9993
    7.5000   30.0000  -37.5000 6699.2251   20.0153
   -7.5000   37.5000  -37.5000 6508.7456   19.3323
    0.0000   37.5000  -37.5000 6489.7495   19.3482
    7.5000   37.5000  -37.5000 6147.9331   19.3640
   -7.5000   45.0000  -37.5000 5936.9077   18.6112
    0.0000   45.0000  -37.5000 5933.8262   18.6283
    7.5000   45.0000  -37.5000 5603.4736   18.6444
   -7.5000  -45.0000  -30.0000 5967.3223   19.8521
    0.0000  -45.0000  -30.0000 5990.1875   19.8470
    7.5000  -45.0000  -30.0000 5678.3735   19.8503
   -7.5000  -37.5000  -30.0000 6502.7124   21.0084
    0.0000  -37.5000  -30.0000 6518.7168   21.0037
    7.5000  -37.5000  -30.0000 6169.5625   21.0037
   -7.5000  -30.0000  -30.0000 7131.2559   21.6066
    0.0000  -30.0000  -30.0000 7129.5801   21.6015
    7.5000  -30.0000  -30.0000 6745.2163   21.5999
   -7.5000  -22.5000  -30.0000 7819.5806   21.6035
    0.0000  -22.5000  -30.0000 7800.2300   21.6028
    7.5000  -22.5000  -30.0000 7405.0454   21.6052
   -7.5000  -15.0000  -30.0000 8446.6348   21.5897
    0.0000  -15.0000  -30.0000 8433.2227   21.5900
    7.5000  -15.0000  -30.0000 7996.7739   21.5968
   -7.5000   -7.5000  -30.0000 8626.7227   21.5863
    0.0000   -7.5000  -30.0000 8618.3818   21.5818
    7.5000   -7.5000  -30.0000 8165.4995   21.5880
   -7.5000    0.0000  -30.0000 8713.2617   21.5922
    0.0000    0.0000  -30.0000 8703.7148   21.5867
    7.5000    0.0000  -30.0000 8243.7793   21.5900
   -7.5000    7.5000  -30.0000 8380.3457   21.5965
    0.0000    7.5000  -30.0000 8374.9893   21.5916
    7.5000    7.5000  -30.0000 7940.4126   21.5915
   -7.5000   15.0000  -30.0000 8419.0645   21.6036
    0.0000   15.0000  -30.0000 8419.7754   21.5985
    7.5000   15.0000  -30.0000 7977.9517   21.5969
   -7.5000   22.5000  -30.0000 8154.3408   21.3156
    0.0000   22.5000  -30.0000 8139.8413   21.3149
    7.5000   22.5000  -30.0000 7720.1743   21.3173
   -7.5000   30.0000  -30.0000 7601.6562   20.7611
    0.0000   30.0000  -30.0000 7574.0796   20.7614
    7.5000   30.0000  -30.0000 7175.8862   20.7679
   -7.5000   37.5000  -30.0000 6976.0898   20.1071
    0.0000   37.5000  -30.0000 6951.3730   20.1029
    7.5000   37.5000  -30.0000 6582.1504   20.1087
   -7.5000   45.0000  -30.0000 6350.4224   19.3587
    0.0000   45.0000  -30.0000 6321.3398   19.3538
    7.5000   45.0000  -30.0000 5977.7920   19.3568
   -7.5000  -45.0000  -22.5000 6511.5942   20.7252
    0.0000  -45.0000  -22.5000 6534.7476   20.7189
    7.5000  -45.0000  -22.5000 6208.6606   20.7151
   -7.5000  -37.5000  -22.5000 7070.7881   21.9410
    0.0000  -37.5000  -22.5000 7085.9482   21.9311
    7.5000  -37.5000  -22.5000 6724.5049   21.9234
   -7.5000  -30.0000  -22.5000 7734.3179   22.5402
    0.0000  -30.0000  -22.5000 7742.7031   22.5299
    7.5000  -30.0000  -22.5000 7337.8423   22.5233
   -7.5000  -22.5000  -22.5000 8469.4326   22.5399
    0.0000  -22.5000  -22.5000 8475.5771   22.5369
    7.5000  -22.5000  -22.5000 8044.0093   22.5381
   -7.5000  -15.0000  -22.5000 9136.0234   22.5292
    0.0000  -15.0000  -22.5000 9131.3438   22.5287
    7.5000  -15.0000  -22.5000 8666.1143   22.5350
   -7.5000   -7.5000  -22.5000 9346.5010   22.5263
    0.0000   -7.5000  -22.5000 9363.8154   22.5220
    7.5000   -7.5000  -22.5000 8869.0674   22.5243
   -7.5000    0.0000  -22.5000 9426.4111   22.5286
    0.0000    0.0000  -22.5000 9449.3076   22.5218
    7.5000    0.0000  -22.5000 8939.5010   22.5174
   -7.5000    7.5000  -22.5000 9064.4531   22.5271
    0.0000    7.5000  -22.5000 9086.1377   22.5169
    7.5000    7.5000  -22.5000 8607.3740   22.5090
   -7.5000   15.0000  -22.5000 9094.3330   22.5348
    0.0000   15.0000  -22.5000 9108.3047   22.5245
    7.5000   15.0000  -22.5000 8624.1982   22.5178
   -7.5000   22.5000  -22.5000 8778.0889   22.2416
    0.0000   22.5000  -22.5000 8772.7666   22.2387
    7.5000   22.5000  -22.5000 8295.8506   22.2399
   -7.5000   30.0000  -22.5000 8157.1631   21.6804
    0.0000   30.0000  -22.5000 8144.1816   21.6800
    7.5000   30.0000  -22.5000 7713.7476   21.6860
   -7.5000   37.5000  -22.5000 7468.4790   21.0147
    0.0000   37.5000  -22.5000 7435.7749   21.0106
    7.5000   37.5000  -22.5000 7060.3438   21.0128
   -7.5000   45.0000  -22.5000 6776.8984   20.2471
    0.0000   45.0000  -22.5000 6754.9702   20.2410
    7.5000   45.0000  -22.5000 6399.5747   20.2370
   -7.5000  -45.0000  -15.0000 7069.0293   21.4719
    0.0000  -45.0000  -15.0000 7079.8906   21.4919
    7.5000  -45.0000  -15.0000 6722.1338   21.4955
   -7.5000  -37.5000  -15.0000 7672.4756   22.7242
    0.0000  -37.5000  -15.0000 7673.3608   22.7415
    7.5000  -37.5000  -15.0000 7277.2944   22.7450
   -7.5000  -30.0000  -15.0000 8370.4629   23.3248
    0.0000  -30.0000  -15.0000 8371.6885   23.3418
    7.5000  -30.0000  -15.0000 7932.8306   23.3494
   -7.5000  -22.5000  -15.0000 9154.6621   23.3342
    0.0000  -22.5000  -15.0000 9179.0801   23.3569
    7.5000  -22.5000  -15.0000 8696.5137   23.3715
   -7.5000  -15.0000  -15.0000 9861.2139   23.3287
    0.0000  -15.0000  -15.0000 9871.5625   23.3537
    7.5000  -15.0000  -15.0000 9357.2109   23.3697
   -7.5000   -7.5000  -15.000010042.3828   23.3214
    0.0000   -7.5000  -15.000010092.6006   23.3448
    7.5000   -7.5000  -15.0000 9543.7949   23.3542
   -7.5000    0.0000  -15.000010100.4170   23.3172
    0.0000    0.0000  -15.000010146.2656   23.3387
    7.5000    0.0000  -15.0000 9619.6387   23.3424
   -7.5000    7.5000  -15.0000 9745.7969   23.3087
    0.0000    7.5000  -15.0000 9781.5029   23.3263
    7.5000    7.5000  -15.0000 9265.1865   23.3300
   -7.5000   15.0000  -15.0000 9774.0830   23.3175
    0.0000   15.0000  -15.0000 9802.9561   23.3346
    7.5000   15.0000  -15.0000 9266.2891   23.3421
   -7.5000   22.5000  -15.0000 9400.8096   23.0289
    0.0000   22.5000  -15.0000 9398.6387   23.0513
    7.5000   22.5000  -15.0000 8865.7715   23.0658
   -7.5000   30.0000  -15.0000 8726.1650   22.4667
    0.0000   30.0000  -15.0000 8715.2412   22.4907
    7.5000   30.0000  -15.0000 8227.9326   22.5061
   -7.5000   37.5000  -15.0000 7967.2183   21.7897
    0.0000   37.5000  -15.0000 7961.4878   21.8115
    7.5000   37.5000  -15.0000 7543.9668   21.8203
   -7.5000   45.0000  -15.0000 7201.5093   21.0069
    0.0000   45.0000  -15.0000 7204.0366   21.0263
    7.5000   45.0000  -15.0000 6823.7134   21.0295
   -7.5000  -45.0000   -7.5000 7397.3906   21.4337
    0.0000  -45.0000   -7.5000 7429.0698   21.4807
    7.5000  -45.0000   -7.5000 7037.3389   21.4982
   -7.5000  -37.5000   -7.5000 8004.9565   22.6842
    0.0000  -37.5000   -7.5000 8023.8975   22.7327
    7.5000  -37.5000   -7.5000 7607.4609   22.7534
   -7.5000  -30.0000   -7.5000 8702.0234   23.2819
    0.0000  -30.0000   -7.5000 8720.9668   23.3296
    7.5000  -30.0000   -7.5000 8280.8867   23.3539
   -7.5000  -22.5000   -7.5000 9515.9170   23.2929
    0.0000  -22.5000   -7.5000 9550.4033   23.3414
    7.5000  -22.5000   -7.5000 9061.6729   23.3690
   -7.5000  -15.0000   -7.500010234.3438   23.2874
    0.0000  -15.0000   -7.500010252.2861   23.3369
    7.5000  -15.0000   -7.5000 9735.6260   23.3626
   -7.5000   -7.5000   -7.500010375.8574   23.2786
    0.0000   -7.5000   -7.500010447.6914   23.3279
    7.5000   -7.5000   -7.5000 9905.7939   23.3482
   -7.5000    0.0000   -7.500010415.0254   23.2761
    0.0000    0.0000   -7.500010492.5977   23.3266
    7.5000    0.0000   -7.5000 9969.9395   23.3454
   -7.5000    7.5000   -7.500010080.5879   23.2676
    0.0000    7.5000   -7.500010133.9932   23.3173
    7.5000    7.5000   -7.5000 9607.3164   23.3385
   -7.5000   15.0000   -7.500010109.0918   23.2747
    0.0000   15.0000   -7.500010148.2188   23.3224
    7.5000   15.0000   -7.5000 9616.6621   23.3466
   -7.5000   22.5000   -7.5000 9679.6367   22.9882
    0.0000   22.5000   -7.5000 9670.5361   23.0361
    7.5000   22.5000   -7.5000 9154.0967   23.0634
   -7.5000   30.0000   -7.5000 8962.5918   22.4269
    0.0000   30.0000   -7.5000 8954.9570   22.4746
    7.5000   30.0000   -7.5000 8470.0957   22.4994
   -7.5000   37.5000   -7.5000 8201.2666   21.7496
    0.0000   37.5000   -7.5000 8211.2070   21.7958
    7.5000   37.5000   -7.5000 7765.3706   21.8147
   -7.5000   45.0000   -7.5000 7410.9644   20.9698
    0.0000   45.0000   -7.5000 7417.4829   21.0153
    7.5000   45.0000   -7.5000 7017.1323   21.0323
   -7.5000  -45.0000    0.0000 7597.5796   21.9095
    0.0000  -45.0000    0.0000 7632.3760   21.9590
    7.5000  -45.0000    0.0000 7235.9893   21.9858
   -7.5000  -37.5000    0.0000 8185.9883   23.1837
    0.0000  -37.5000    0.0000 8209.5068   23.2403
    7.5000  -37.5000    0.0000 7823.5474   23.2706
   -7.5000  -30.0000    0.0000 8870.3418   23.7792
    0.0000  -30.0000    0.0000 8895.6250   23.8351
    7.5000  -30.0000    0.0000 8478.1318   23.8662
   -7.5000  -22.5000    0.0000 9686.4473   23.7867
    0.0000  -22.5000    0.0000 9684.6533   23.8393
    7.5000  -22.5000    0.0000 9227.0557   23.8698
   -7.5000  -15.0000    0.000010408.0264   23.7775
    0.0000  -15.0000    0.000010411.3086   23.8281
    7.5000  -15.0000    0.0000 9901.5234   23.8561
   -7.5000   -7.5000    0.000010555.5732   23.7680
    0.0000   -7.5000    0.000010592.2383   23.8171
    7.5000   -7.5000    0.000010083.1172   23.8434
   -7.5000    0.0000    0.000010578.5557   23.7699
    0.0000    0.0000    0.000010622.2451   23.8231
    7.5000    0.0000    0.000010114.8916   23.8519
   -7.5000    7.5000    0.000010222.1074   23.7642
    0.0000    7.5000    0.000010232.1885   23.8222
    7.5000    7.5000    0.0000 9741.1582   23.8533
   -7.5000   15.0000    0.000010220.6240   23.7707
    0.0000   15.0000    0.000010219.9570   23.8266
    7.5000   15.0000    0.0000 9733.2871   23.8577
   -7.5000   22.5000    0.0000 9734.1133   23.4789
    0.0000   22.5000    0.0000 9700.2090   23.5308
    7.5000   22.5000    0.0000 9229.3203   23.5609
   -7.5000   30.0000    0.0000 8999.6182   22.9128
    0.0000   30.0000    0.0000 8977.0957   22.9615
    7.5000   30.0000    0.0000 8525.4629   22.9884
   -7.5000   37.5000    0.0000 8247.0488   22.2335
    0.0000   37.5000    0.0000 8248.4854   22.2794
    7.5000   37.5000    0.0000 7839.0015   22.3040
   -7.5000   45.0000    0.0000 7454.4346   21.4559
    0.0000   45.0000    0.0000 7460.8267   21.5039
    7.5000   45.0000    0.0000 7077.2222   21.5299
   -7.5000  -45.0000    7.5000 7505.9268   21.8972
    0.0000  -45.0000    7.5000 7541.1235   21.9176
    7.5000  -45.0000    7.5000 7151.1602   21.9361
   -7.5000  -37.5000    7.5000 8095.6919   23.1745
    0.0000  -37.5000    7.5000 8130.3525   23.2013
    7.5000  -37.5000    7.5000 7734.2480   23.2201
   -7.5000  -30.0000    7.5000 8746.4268   23.7711
    0.0000  -30.0000    7.5000 8774.6982   23.7978
    7.5000  -30.0000    7.5000 8358.3721   23.8151
   -7.5000  -22.5000    7.5000 9540.9707   23.7736
    0.0000  -22.5000    7.5000 9561.8457   23.7993
    7.5000  -22.5000    7.5000 9099.2422   23.8164
   -7.5000  -15.0000    7.500010228.5059   23.7607
    0.0000  -15.0000    7.500010265.4824   23.7846
    7.5000  -15.0000    7.5000 9738.0732   23.8023
   -7.5000   -7.5000    7.500010324.5898   23.7527
    0.0000   -7.5000    7.500010352.7373   23.7722
    7.5000   -7.5000    7.5000 9892.9824   23.7905
   -7.5000    0.0000    7.500010357.3408   23.7569
    0.0000    0.0000    7.500010378.6250   23.7787
    7.5000    0.0000    7.5000 9926.7393   23.7985
   -7.5000    7.5000    7.500010007.7461   23.7548
    0.0000    7.5000    7.5000 9982.5342   23.7822
    7.5000    7.5000    7.5000 9538.9131   23.8015
   -7.5000   15.0000    7.5000 9985.8691   23.7626
    0.0000   15.0000    7.5000 9950.6768   23.7893
    7.5000   15.0000    7.5000 9533.5029   23.8066
   -7.5000   22.5000    7.5000 9443.9453   23.4659
    0.0000   22.5000    7.5000 9387.4004   23.4913
    7.5000   22.5000    7.5000 8994.2207   23.5081
   -7.5000   30.0000    7.5000 8735.5830   22.8965
    0.0000   30.0000    7.5000 8673.6807   22.9195
    7.5000   30.0000    7.5000 8300.1055   22.9366
   -7.5000   37.5000    7.5000 7999.9702   22.2192
    0.0000   37.5000    7.5000 7979.0747   22.2374
    7.5000   37.5000    7.5000 7631.4243   22.2546
   -7.5000   45.0000    7.5000 7253.4390   21.4441
    0.0000   45.0000    7.5000 7246.1709   21.4639
    7.5000   45.0000    7.5000 6915.6807   21.4817
   -7.5000  -45.0000   15.0000 7603.1299   21.9417
    0.0000  -45.0000   15.0000 7639.2427   21.9362
    7.5000  -45.0000   15.0000 7244.4092   21.9396
   -7.5000  -37.5000   15.0000 8189.0088   23.2227
    0.0000  -37.5000   15.0000 8219.1553   23.2175
    7.5000  -37.5000   15.0000 7819.7656   23.2174
   -7.5000  -30.0000   15.0000 8839.6699   23.8203
    0.0000  -30.0000   15.0000 8871.1260   23.8147
    7.5000  -30.0000   15.0000 8449.4189   23.8128
   -7.5000  -22.5000   15.0000 9583.0684   23.8167
    0.0000  -22.5000   15.0000 9611.0693   23.8160
    7.5000  -22.5000   15.0000 9138.6230   23.8184
   -7.5000  -15.0000   15.000010217.1533   23.8017
    0.0000  -15.0000   15.000010179.2490   23.8021
    7.5000  -15.0000   15.0000 9754.0898   23.8094
   -7.5000   -7.5000   15.000010236.9033   23.7981
    0.0000   -7.5000   15.000010192.1328   23.7932
    7.5000   -7.5000   15.0000 9872.4688   23.8000
   -7.5000    0.0000   15.000010301.9521   23.8048
    0.0000    0.0000   15.000010270.9248   23.7987
    7.5000    0.0000   15.0000 9932.4912   23.8023
   -7.5000    7.5000   15.0000 9991.9297   23.8042
    0.0000    7.5000   15.0000 9962.0225   23.7989
    7.5000    7.5000   15.0000 9591.5332   23.7986
   -7.5000   15.0000   15.000010030.7227   23.8118
    0.0000   15.0000   15.0000 9981.5420   23.8062
    7.5000   15.0000   15.0000 9600.2793   23.8043
   -7.5000   22.5000   15.0000 9453.2539   23.5085
    0.0000   22.5000   15.0000 9389.7520   23.5078
    7.5000   22.5000   15.0000 9036.8730   23.5102
   -7.5000   30.0000   15.0000 8738.4502   22.9361
    0.0000   30.0000   15.0000 8672.4990   22.9364
    7.5000   30.0000   15.0000 8344.2979   22.9435
   -7.5000   37.5000   15.0000 8034.9390   22.2617
    0.0000   37.5000   15.0000 7990.7891   22.2571
    7.5000   37.5000   15.0000 7672.6558   22.2634
   -7.5000   45.0000   15.0000 7294.5786   21.4874
    0.0000   45.0000   15.0000 7258.4746   21.4819
    7.5000   45.0000   15.0000 6952.7295   21.4851
   -7.5000  -45.0000   22.5000 7284.4766   22.0087
    0.0000  -45.0000   22.5000 7308.6016   22.0021
    7.5000  -45.0000   22.5000 6930.3257   21.9979
   -7.5000  -37.5000   22.5000 7855.6167   23.2895
    0.0000  -37.5000   22.5000 7899.4512   23.2792
    7.5000  -37.5000   22.5000 7498.6704   23.2709
   -7.5000  -30.0000   22.5000 8475.7881   23.8892
    0.0000  -30.0000   22.5000 8518.9727   23.8785
    7.5000  -30.0000   22.5000 8118.9849   23.8714
   -7.5000  -22.5000   22.5000 9159.7490   23.8885
    0.0000  -22.5000   22.5000 9183.6094   23.8855
    7.5000  -22.5000   22.5000 8759.7041   23.8867
   -7.5000  -15.0000   22.5000 9756.5439   23.8769
    0.0000  -15.0000   22.5000 9721.0938   23.8765
    7.5000  -15.0000   22.5000 9346.5576   23.8831
   -7.5000   -7.5000   22.5000 9802.2275   23.8739
    0.0000   -7.5000   22.5000 9775.7070   23.8694
    7.5000   -7.5000   22.5000 9514.4248   23.8718
   -7.5000    0.0000   22.5000 9845.1787   23.8767
    0.0000    0.0000   22.5000 9843.3955   23.8696
    7.5000    0.0000   22.5000 9576.2480   23.8648
   -7.5000    7.5000   22.5000 9533.7100   23.8727
    0.0000    7.5000   22.5000 9535.2334   23.8620
    7.5000    7.5000   22.5000 9223.7822   23.8535
   -7.5000   15.0000   22.5000 9600.8174   23.8807
    0.0000   15.0000   22.5000 9577.2646   23.8700
    7.5000   15.0000   22.5000 9221.4883   23.8629
   -7.5000   22.5000   22.5000 9043.2705   23.5794
    0.0000   22.5000   22.5000 8984.5195   23.5764
    7.5000   22.5000   22.5000 8641.3896   23.5776
   -7.5000   30.0000   22.5000 8338.0293   23.0085
    0.0000   30.0000   22.5000 8284.5752   23.0082
    7.5000   30.0000   22.5000 7951.2065   23.0145
   -7.5000   37.5000   22.5000 7647.2007   22.3326
    0.0000   37.5000   22.5000 7618.0278   22.3284
    7.5000   37.5000   22.5000 7295.2905   22.3306
   -7.5000   45.0000   22.5000 6930.3042   21.5523
    0.0000   45.0000   22.5000 6902.8081   21.5459
    7.5000   45.0000   22.5000 6603.4463   21.5416
   -7.5000  -45.0000   30.0000 6923.1675   21.9458
    0.0000  -45.0000   30.0000 6949.0474   21.9659
    7.5000  -45.0000   30.0000 6580.6177   21.9694
   -7.5000  -37.5000   30.0000 7467.3369   23.2276
    0.0000  -37.5000   30.0000 7514.1611   23.2450
    7.5000  -37.5000   30.0000 7119.0562   23.2485
   -7.5000  -30.0000   30.0000 8066.3457   23.8316
    0.0000  -30.0000   30.0000 8114.6328   23.8488
    7.5000  -30.0000   30.0000 7687.2847   23.8563
   -7.5000  -22.5000   30.0000 8723.4893   23.8411
    0.0000  -22.5000   30.0000 8750.2578   23.8641
    7.5000  -22.5000   30.0000 8295.2139   23.8787
   -7.5000  -15.0000   30.0000 9296.6689   23.8346
    0.0000  -15.0000   30.0000 9300.9619   23.8597
    7.5000  -15.0000   30.0000 8846.2715   23.8758
   -7.5000   -7.5000   30.0000 9417.3818   23.8264
    0.0000   -7.5000   30.0000 9444.1143   23.8498
    7.5000   -7.5000   30.0000 9012.8271   23.8593
   -7.5000    0.0000   30.0000 9470.3594   23.8223
    0.0000    0.0000   30.0000 9503.7793   23.8439
    7.5000    0.0000   30.0000 9092.2969   23.8475
   -7.5000    7.5000   30.0000 9079.6953   23.8133
    0.0000    7.5000   30.0000 9101.8975   23.8311
    7.5000    7.5000   30.0000 8715.1543   23.8346
   -7.5000   15.0000   30.0000 9094.3164   23.8231
    0.0000   15.0000   30.0000 9079.8535   23.8403
    7.5000   15.0000   30.0000 8702.1445   23.8477
   -7.5000   22.5000   30.0000 8533.2070   23.5305
    0.0000   22.5000   30.0000 8487.7217   23.5531
    7.5000   22.5000   30.0000 8137.9951   23.5676
   -7.5000   30.0000   30.0000 7872.1685   22.9782
    0.0000   30.0000   30.0000 7823.1929   23.0024
    7.5000   30.0000   30.0000 7504.3691   23.0180
   -7.5000   37.5000   30.0000 7202.0195   22.3091
    0.0000   37.5000   30.0000 7163.2959   22.3310
    7.5000   37.5000   30.0000 6863.4312   22.3399
   -7.5000   45.0000   30.0000 6522.5049   21.5327
    0.0000   45.0000   30.0000 6470.3789   21.5522
    7.5000   45.0000   30.0000 6188.7676   21.5555
   -7.5000  -45.0000   37.5000 6515.9189   21.8240
    0.0000  -45.0000   37.5000 6544.4268   21.8706
    7.5000  -45.0000   37.5000 6198.4556   21.8870
   -7.5000  -37.5000   37.5000 7040.9468   23.1048
    0.0000  -37.5000   37.5000 7068.9941   23.1532
    7.5000  -37.5000   37.5000 6698.6855   23.1726
   -7.5000  -30.0000   37.5000 7609.1177   23.6915
    0.0000  -30.0000   37.5000 7630.6606   23.7391
    7.5000  -30.0000   37.5000 7225.3657   23.7617
   -7.5000  -22.5000   37.5000 8243.1416   23.7027
    0.0000  -22.5000   37.5000 8241.3232   23.7512
    7.5000  -22.5000   37.5000 7797.8359   23.7767
   -7.5000  -15.0000   37.5000 8791.2607   23.6935
    0.0000  -15.0000   37.5000 8774.8203   23.7427
    7.5000  -15.0000   37.5000 8326.2627   23.7662
   -7.5000   -7.5000   37.5000 8905.9639   23.6811
    0.0000   -7.5000   37.5000 8907.3496   23.7300
    7.5000   -7.5000   37.5000 8476.5010   23.7484
   -7.5000    0.0000   37.5000 8973.6328   23.6790
    0.0000    0.0000   37.5000 8970.7559   23.7291
    7.5000    0.0000   37.5000 8548.4844   23.7466
   -7.5000    7.5000   37.5000 8644.2480   23.6727
    0.0000    7.5000   37.5000 8612.0830   23.7222
    7.5000    7.5000   37.5000 8219.9814   23.7421
   -7.5000   15.0000   37.5000 8631.8584   23.6828
    0.0000   15.0000   37.5000 8586.4736   23.7304
    7.5000   15.0000   37.5000 8200.9697   23.7530
   -7.5000   22.5000   37.5000 8074.6772   23.3898
    0.0000   22.5000   37.5000 8010.2549   23.4376
    7.5000   22.5000   37.5000 7651.3589   23.4629
   -7.5000   30.0000   37.5000 7449.0356   22.8421
    0.0000   30.0000   37.5000 7393.9824   22.8895
    7.5000   30.0000   37.5000 7064.7778   22.9122
   -7.5000   37.5000   37.5000 6808.8267   22.1733
    0.0000   37.5000   37.5000 6765.7637   22.2191
    7.5000   37.5000   37.5000 6467.4834   22.2364
   -7.5000   45.0000   37.5000 6145.4604   21.4006
    0.0000   45.0000   37.5000 6121.5894   21.4459
    7.5000   45.0000   37.5000 5828.1333   21.4617
   -7.5000  -45.0000   45.0000 6084.6055   21.7483
    0.0000  -45.0000   45.0000 6124.5381   21.7875
    7.5000  -45.0000   45.0000 5813.6475   21.8137
   -7.5000  -37.5000   45.0000 6576.5581   23.0272
    0.0000  -37.5000   45.0000 6615.0317   23.0735
    7.5000  -37.5000   45.0000 6260.1387   23.1019
   -7.5000  -30.0000   45.0000 7101.5693   23.5917
    0.0000  -30.0000   45.0000 7132.2910   23.6374
    7.5000  -30.0000   45.0000 6746.0640   23.6662
   -7.5000  -22.5000   45.0000 7675.2471   23.6044
    0.0000  -22.5000   45.0000 7709.3340   23.6468
    7.5000  -22.5000   45.0000 7272.9072   23.6760
   -7.5000  -15.0000   45.0000 8182.5317   23.5935
    0.0000  -15.0000   45.0000 8217.0723   23.6337
    7.5000  -15.0000   45.0000 7758.8247   23.6615
   -7.5000   -7.5000   45.0000 8301.1143   23.5767
    0.0000   -7.5000   45.0000 8346.8135   23.6148
    7.5000   -7.5000   45.0000 7888.6201   23.6413
   -7.5000    0.0000   45.0000 8375.2510   23.5738
    0.0000    0.0000   45.0000 8417.8301   23.6158
    7.5000    0.0000   45.0000 7969.8599   23.6439
   -7.5000    7.5000   45.0000 8075.9375   23.5705
    0.0000    7.5000   45.0000 8099.2446   23.6178
    7.5000    7.5000   45.0000 7684.7314   23.6469
   -7.5000   15.0000   45.0000 8072.8999   23.5828
    0.0000   15.0000   45.0000 8081.7427   23.6285
    7.5000   15.0000   45.0000 7667.9834   23.6572
   -7.5000   22.5000   45.0000 7544.6855   23.2897
    0.0000   22.5000   45.0000 7529.7847   23.3316
    7.5000   22.5000   45.0000 7161.1030   23.3604
   -7.5000   30.0000   45.0000 6971.2666   22.7434
    0.0000   30.0000   45.0000 6937.5596   22.7822
    7.5000   30.0000   45.0000 6610.8008   22.8090
   -7.5000   37.5000   45.0000 6381.2710   22.0697
    0.0000   37.5000   45.0000 6339.1357   22.1054
    7.5000   37.5000   45.0000 6045.4995   22.1302
   -7.5000   45.0000   45.0000 5767.0747   21.2921
    0.0000   45.0000   45.0000 5731.3774   21.3300
    7.5000   45.0000   45.0000 5466.0923   21.3554

---------------------------------------------------------------------
imgreg_4dfp /opt/freesurfer/average/711-2C_as_mni_average_305 /opt/freesurfer/average/711-2B_as_mni_average_305_mask talsrcimg_g11 none talsrcimg_to_711-2C_as_mni_average_305_t4 4355
---------------------------------------------------------------------

freesurfer imgreg_4dfp.c
/opt/freesurfer/average/711-2C_as_mni_average_305.4dfp.img
       256       256       256         1
  1.000000  1.000000  1.000000
orientation T byte_order littleendian
Reading image: /opt/freesurfer/average/711-2C_as_mni_average_305.4dfp.img
dimensions:      256       256       256
mmppix:       1.0000   -1.0000   -1.0000
center:     128.0000 -129.0000 -129.0000
/opt/freesurfer/average/711-2B_as_mni_average_305_mask.4dfp.img
       256       256       256         1
  1.000000  1.000000  1.000000
orientation T byte_order littleendian
Reading mask: /opt/freesurfer/average/711-2B_as_mni_average_305_mask.4dfp.img (2306576 pixels)
talsrcimg_g11.4dfp.img
       256       256       256         1
  0.900000  0.900000  0.900000
orientation T byte_order littleendian
Reading image: talsrcimg_g11.4dfp.img
dimensions:      256       256       256
mmppix:       0.9000   -0.9000   -0.9000
center:     115.2000 -116.1000 -116.1000
rotation matrix determinant  1.000000
image alignment mode   4355 decimal     1103 hex
   -7.5000  -45.0000  -45.0000 1686.8572   25.9474
    0.0000  -45.0000  -45.0000 1681.6556   25.9051
    7.5000  -45.0000  -45.0000 1670.1113   26.4322
   -7.5000  -37.5000  -45.0000 1770.9495   23.6245
    0.0000  -37.5000  -45.0000 1765.8127   23.5906
    7.5000  -37.5000  -45.0000 1746.7006   24.0408
   -7.5000  -30.0000  -45.0000 1844.0903   21.9105
    0.0000  -30.0000  -45.0000 1837.8774   21.8589
    7.5000  -30.0000  -45.0000 1818.2649   22.2178
   -7.5000  -22.5000  -45.0000 1894.3719   20.6329
    0.0000  -22.5000  -45.0000 1886.3494   20.5773
    7.5000  -22.5000  -45.0000 1867.9657   20.9320
   -7.5000  -15.0000  -45.0000 1928.0160   19.6810
    0.0000  -15.0000  -45.0000 1925.5752   19.6403
    7.5000  -15.0000  -45.0000 1900.0745   19.9663
   -7.5000   -7.5000  -45.0000 1943.7395   19.0515
    0.0000   -7.5000  -45.0000 1940.9313   19.0289
    7.5000   -7.5000  -45.0000 1919.7109   19.3277
   -7.5000    0.0000  -45.0000 1942.4651   18.7886
    0.0000    0.0000  -45.0000 1942.8887   18.7902
    7.5000    0.0000  -45.0000 1915.7148   19.1239
   -7.5000    7.5000  -45.0000 1924.7750   19.0546
    0.0000    7.5000  -45.0000 1922.7659   19.0993
    7.5000    7.5000  -45.0000 1894.0104   19.4828
   -7.5000   15.0000  -45.0000 1897.2614   19.8093
    0.0000   15.0000  -45.0000 1895.9490   19.8338
    7.5000   15.0000  -45.0000 1863.3210   20.2326
   -7.5000   22.5000  -45.0000 1848.3632   20.9524
    0.0000   22.5000  -45.0000 1849.8761   20.9191
    7.5000   22.5000  -45.0000 1819.7615   21.4097
   -7.5000   30.0000  -45.0000 1790.8607   22.6197
    0.0000   30.0000  -45.0000 1792.5162   22.5801
    7.5000   30.0000  -45.0000 1762.5044   23.0717
   -7.5000   37.5000  -45.0000 1703.4707   24.7370
    0.0000   37.5000  -45.0000 1703.3883   24.6867
    7.5000   37.5000  -45.0000 1673.0707   25.1895
   -7.5000   45.0000  -45.0000 1575.8070   27.2179
    0.0000   45.0000  -45.0000 1576.2458   27.1801
    7.5000   45.0000  -45.0000 1545.1801   27.7243
   -7.5000  -45.0000  -37.5000 1838.7852   25.0543
    0.0000  -45.0000  -37.5000 1835.5573   24.9292
    7.5000  -45.0000  -37.5000 1811.2426   25.4008
   -7.5000  -37.5000  -37.5000 1933.4137   22.8751
    0.0000  -37.5000  -37.5000 1931.0687   22.7483
    7.5000  -37.5000  -37.5000 1898.7938   23.1741
   -7.5000  -30.0000  -37.5000 2016.9457   21.1963
    0.0000  -30.0000  -37.5000 2015.7330   21.0885
    7.5000  -30.0000  -37.5000 1981.9828   21.4542
   -7.5000  -22.5000  -37.5000 2069.8928   19.9153
    0.0000  -22.5000  -37.5000 2069.0264   19.8334
    7.5000  -22.5000  -37.5000 2038.8949   20.1373
   -7.5000  -15.0000  -37.5000 2110.8706   18.9685
    0.0000  -15.0000  -37.5000 2108.6111   18.8772
    7.5000  -15.0000  -37.5000 2078.0332   19.1963
   -7.5000   -7.5000  -37.5000 2129.9185   18.3991
    0.0000   -7.5000  -37.5000 2123.6809   18.2977
    7.5000   -7.5000  -37.5000 2094.9568   18.6133
   -7.5000    0.0000  -37.5000 2122.3774   18.2154
    0.0000    0.0000  -37.5000 2116.6389   18.1334
    7.5000    0.0000  -37.5000 2089.1855   18.4529
   -7.5000    7.5000  -37.5000 2091.6462   18.4612
    0.0000    7.5000  -37.5000 2090.0581   18.4118
    7.5000    7.5000  -37.5000 2062.5303   18.7733
   -7.5000   15.0000  -37.5000 2058.4890   19.1127
    0.0000   15.0000  -37.5000 2060.4595   19.0493
    7.5000   15.0000  -37.5000 2030.4515   19.4712
   -7.5000   22.5000  -37.5000 2017.6365   20.1560
    0.0000   22.5000  -37.5000 2022.2521   20.1261
    7.5000   22.5000  -37.5000 1990.1404   20.5393
   -7.5000   30.0000  -37.5000 1956.9331   21.7951
    0.0000   30.0000  -37.5000 1959.8534   21.7264
    7.5000   30.0000  -37.5000 1928.4268   22.2007
   -7.5000   37.5000  -37.5000 1859.2903   23.8598
    0.0000   37.5000  -37.5000 1861.1075   23.7914
    7.5000   37.5000  -37.5000 1829.4874   24.2449
   -7.5000   45.0000  -37.5000 1718.2628   26.2292
    0.0000   45.0000  -37.5000 1723.6758   26.1818
    7.5000   45.0000  -37.5000 1688.0681   26.6635
   -7.5000  -45.0000  -30.0000 1970.6410   24.0720
    0.0000  -45.0000  -30.0000 1970.2152   23.8850
    7.5000  -45.0000  -30.0000 1946.8848   24.3774
   -7.5000  -37.5000  -30.0000 2073.5420   21.9521
    0.0000  -37.5000  -30.0000 2071.0942   21.8150
    7.5000  -37.5000  -30.0000 2046.3563   22.2628
   -7.5000  -30.0000  -30.0000 2166.2393   20.3248
    0.0000  -30.0000  -30.0000 2162.7161   20.1909
    7.5000  -30.0000  -30.0000 2133.6465   20.5296
   -7.5000  -22.5000  -30.0000 2225.2937   19.0979
    0.0000  -22.5000  -30.0000 2221.9990   18.9513
    7.5000  -22.5000  -30.0000 2199.5583   19.2681
   -7.5000  -15.0000  -30.0000 2266.4919   18.1921
    0.0000  -15.0000  -30.0000 2268.1733   18.0368
    7.5000  -15.0000  -30.0000 2240.2290   18.3254
   -7.5000   -7.5000  -30.0000 2286.5151   17.6237
    0.0000   -7.5000  -30.0000 2288.7373   17.4671
    7.5000   -7.5000  -30.0000 2257.5176   17.8030
   -7.5000    0.0000  -30.0000 2289.3242   17.4615
    0.0000    0.0000  -30.0000 2287.7241   17.3348
    7.5000    0.0000  -30.0000 2257.7092   17.6568
   -7.5000    7.5000  -30.0000 2260.2659   17.7645
    0.0000    7.5000  -30.0000 2262.8989   17.6353
    7.5000    7.5000  -30.0000 2233.8843   17.9443
   -7.5000   15.0000  -30.0000 2226.0244   18.3613
    0.0000   15.0000  -30.0000 2230.2434   18.2422
    7.5000   15.0000  -30.0000 2198.3835   18.5920
   -7.5000   22.5000  -30.0000 2177.3230   19.4054
    0.0000   22.5000  -30.0000 2179.9150   19.2754
    7.5000   22.5000  -30.0000 2149.9497   19.6784
   -7.5000   30.0000  -30.0000 2107.2656   20.9749
    0.0000   30.0000  -30.0000 2110.9426   20.8624
    7.5000   30.0000  -30.0000 2077.7500   21.3014
   -7.5000   37.5000  -30.0000 2001.7629   22.9503
    0.0000   37.5000  -30.0000 2004.3680   22.8403
    7.5000   37.5000  -30.0000 1967.2195   23.3025
   -7.5000   45.0000  -30.0000 1848.1448   25.2409
    0.0000   45.0000  -30.0000 1849.6868   25.1453
    7.5000   45.0000  -30.0000 1814.5441   25.5595
   -7.5000  -45.0000  -22.5000 2085.0535   22.9326
    0.0000  -45.0000  -22.5000 2087.8020   22.8013
    7.5000  -45.0000  -22.5000 2063.4983   23.3741
   -7.5000  -37.5000  -22.5000 2193.2219   20.8432
    0.0000  -37.5000  -22.5000 2193.0864   20.7173
    7.5000  -37.5000  -22.5000 2164.2036   21.2016
   -7.5000  -30.0000  -22.5000 2293.6228   19.2406
    0.0000  -30.0000  -22.5000 2292.8721   19.1125
    7.5000  -30.0000  -22.5000 2256.0540   19.4909
   -7.5000  -22.5000  -22.5000 2360.8718   18.0869
    0.0000  -22.5000  -22.5000 2358.5493   17.9803
    7.5000  -22.5000  -22.5000 2329.3794   18.2685
   -7.5000  -15.0000  -22.5000 2404.3594   17.2329
    0.0000  -15.0000  -22.5000 2409.8567   17.1289
    7.5000  -15.0000  -22.5000 2379.7268   17.3871
   -7.5000   -7.5000  -22.5000 2433.4075   16.7081
    0.0000   -7.5000  -22.5000 2440.5376   16.5888
    7.5000   -7.5000  -22.5000 2407.9272   16.8866
   -7.5000    0.0000  -22.5000 2443.8289   16.5743
    0.0000    0.0000  -22.5000 2449.9431   16.4662
    7.5000    0.0000  -22.5000 2411.7107   16.7754
   -7.5000    7.5000  -22.5000 2421.0371   16.8646
    0.0000    7.5000  -22.5000 2429.4424   16.7353
    7.5000    7.5000  -22.5000 2390.5579   17.0200
   -7.5000   15.0000  -22.5000 2384.9758   17.4914
    0.0000   15.0000  -22.5000 2393.8252   17.3384
    7.5000   15.0000  -22.5000 2351.5295   17.6456
   -7.5000   22.5000  -22.5000 2326.0710   18.5485
    0.0000   22.5000  -22.5000 2332.5608   18.3948
    7.5000   22.5000  -22.5000 2289.9380   18.7402
   -7.5000   30.0000  -22.5000 2243.4751   20.0702
    0.0000   30.0000  -22.5000 2248.7363   19.9316
    7.5000   30.0000  -22.5000 2210.9622   20.3060
   -7.5000   37.5000  -22.5000 2122.6677   21.9581
    0.0000   37.5000  -22.5000 2122.0554   21.8159
    7.5000   37.5000  -22.5000 2089.3955   22.2234
   -7.5000   45.0000  -22.5000 1955.3844   24.1634
    0.0000   45.0000  -22.5000 1958.8557   24.0076
    7.5000   45.0000  -22.5000 1925.6091   24.4172
   -7.5000  -45.0000  -15.0000 2174.5542   21.7388
    0.0000  -45.0000  -15.0000 2173.1270   21.6423
    7.5000  -45.0000  -15.0000 2146.8140   22.2326
   -7.5000  -37.5000  -15.0000 2292.0286   19.6963
    0.0000  -37.5000  -15.0000 2285.9885   19.5981
    7.5000  -37.5000  -15.0000 2255.4900   20.0940
   -7.5000  -30.0000  -15.0000 2399.9824   18.0767
    0.0000  -30.0000  -15.0000 2394.1531   18.0225
    7.5000  -30.0000  -15.0000 2355.5195   18.4071
   -7.5000  -22.5000  -15.0000 2479.3945   16.9599
    0.0000  -22.5000  -15.0000 2477.9260   16.9142
    7.5000  -22.5000  -15.0000 2439.1807   17.2123
   -7.5000  -15.0000  -15.0000 2535.8608   16.1980
    0.0000  -15.0000  -15.0000 2537.6028   16.1414
    7.5000  -15.0000  -15.0000 2498.1304   16.3935
   -7.5000   -7.5000  -15.0000 2565.8081   15.7230
    0.0000   -7.5000  -15.0000 2574.0518   15.6609
    7.5000   -7.5000  -15.0000 2536.1162   15.9089
   -7.5000    0.0000  -15.0000 2579.0933   15.5998
    0.0000    0.0000  -15.0000 2584.5173   15.5199
    7.5000    0.0000  -15.0000 2545.5994   15.8150
   -7.5000    7.5000  -15.0000 2562.1304   15.8802
    0.0000    7.5000  -15.0000 2572.2449   15.7703
    7.5000    7.5000  -15.0000 2527.7034   16.0939
   -7.5000   15.0000  -15.0000 2524.6372   16.5140
    0.0000   15.0000  -15.0000 2536.4045   16.3777
    7.5000   15.0000  -15.0000 2487.8215   16.6807
   -7.5000   22.5000  -15.0000 2454.7710   17.5960
    0.0000   22.5000  -15.0000 2466.8562   17.4628
    7.5000   22.5000  -15.0000 2417.6111   17.7578
   -7.5000   30.0000  -15.0000 2358.2031   19.0967
    0.0000   30.0000  -15.0000 2366.4282   18.9463
    7.5000   30.0000  -15.0000 2322.9175   19.2653
   -7.5000   37.5000  -15.0000 2218.3613   20.9007
    0.0000   37.5000  -15.0000 2225.4932   20.7590
    7.5000   37.5000  -15.0000 2189.8616   21.1450
   -7.5000   45.0000  -15.0000 2041.6771   23.0273
    0.0000   45.0000  -15.0000 2047.9136   22.8805
    7.5000   45.0000  -15.0000 2014.2089   23.3519
   -7.5000  -45.0000   -7.5000 2232.0417   20.4831
    0.0000  -45.0000   -7.5000 2235.0786   20.4477
    7.5000  -45.0000   -7.5000 2203.4751   20.9399
   -7.5000  -37.5000   -7.5000 2352.1997   18.4605
    0.0000  -37.5000   -7.5000 2353.2786   18.3743
    7.5000  -37.5000   -7.5000 2320.0969   18.8333
   -7.5000  -30.0000   -7.5000 2463.4468   16.9424
    0.0000  -30.0000   -7.5000 2463.9565   16.8490
    7.5000  -30.0000   -7.5000 2432.0728   17.2706
   -7.5000  -22.5000   -7.5000 2556.3425   15.8329
    0.0000  -22.5000   -7.5000 2561.9729   15.7706
    7.5000  -22.5000   -7.5000 2522.8760   16.0945
   -7.5000  -15.0000   -7.5000 2626.5393   15.0974
    0.0000  -15.0000   -7.5000 2633.4805   15.0455
    7.5000  -15.0000   -7.5000 2590.7942   15.3356
   -7.5000   -7.5000   -7.5000 2666.9087   14.6828
    0.0000   -7.5000   -7.5000 2679.9226   14.6258
    7.5000   -7.5000   -7.5000 2632.6697   14.8900
   -7.5000    0.0000   -7.5000 2681.4097   14.5757
    0.0000    0.0000   -7.5000 2694.9492   14.5158
    7.5000    0.0000   -7.5000 2646.2163   14.8016
   -7.5000    7.5000   -7.5000 2668.2605   14.8751
    0.0000    7.5000   -7.5000 2681.7502   14.7909
    7.5000    7.5000   -7.5000 2629.9412   15.0750
   -7.5000   15.0000   -7.5000 2625.0422   15.4772
    0.0000   15.0000   -7.5000 2640.6941   15.3873
    7.5000   15.0000   -7.5000 2587.3323   15.6645
   -7.5000   22.5000   -7.5000 2546.0493   16.5234
    0.0000   22.5000   -7.5000 2558.7839   16.4425
    7.5000   22.5000   -7.5000 2509.5359   16.6968
   -7.5000   30.0000   -7.5000 2431.6760   17.9415
    0.0000   30.0000   -7.5000 2445.1077   17.8639
    7.5000   30.0000   -7.5000 2399.3274   18.1255
   -7.5000   37.5000   -7.5000 2282.1763   19.6647
    0.0000   37.5000   -7.5000 2293.9954   19.6103
    7.5000   37.5000   -7.5000 2254.0674   19.9174
   -7.5000   45.0000   -7.5000 2095.0701   21.7239
    0.0000   45.0000   -7.5000 2099.9248   21.6593
    7.5000   45.0000   -7.5000 2067.0376   22.0009
   -7.5000  -45.0000    0.0000 2288.0625   19.6847
    0.0000  -45.0000    0.0000 2292.2097   19.5725
    7.5000  -45.0000    0.0000 2254.9619   20.1030
   -7.5000  -37.5000    0.0000 2410.6106   17.6846
    0.0000  -37.5000    0.0000 2413.2739   17.5485
    7.5000  -37.5000    0.0000 2383.4932   18.0725
   -7.5000  -30.0000    0.0000 2525.5684   16.1751
    0.0000  -30.0000    0.0000 2529.2876   16.0494
    7.5000  -30.0000    0.0000 2498.5959   16.4919
   -7.5000  -22.5000    0.0000 2632.1216   15.0643
    0.0000  -22.5000    0.0000 2635.0867   14.9422
    7.5000  -22.5000    0.0000 2598.0671   15.3407
   -7.5000  -15.0000    0.0000 2717.2244   14.3242
    0.0000  -15.0000    0.0000 2726.1699   14.2114
    7.5000  -15.0000    0.0000 2680.1572   14.5327
   -7.5000   -7.5000    0.0000 2775.8665   13.9051
    0.0000   -7.5000    0.0000 2791.7327   13.8446
    7.5000   -7.5000    0.0000 2733.4565   14.1203
   -7.5000    0.0000    0.0000 2795.8069   13.8605
    0.0000    0.0000    0.0000 2813.0935   13.7907
    7.5000    0.0000    0.0000 2750.3823   14.0780
   -7.5000    7.5000    0.0000 2780.4585   14.1982
    0.0000    7.5000    0.0000 2796.8442   14.1045
    7.5000    7.5000    0.0000 2738.7681   14.3408
   -7.5000   15.0000    0.0000 2723.3284   14.7517
    0.0000   15.0000    0.0000 2737.0356   14.6581
    7.5000   15.0000    0.0000 2683.6125   14.9174
   -7.5000   22.5000    0.0000 2625.2715   15.7722
    0.0000   22.5000    0.0000 2638.0962   15.6868
    7.5000   22.5000    0.0000 2588.9773   15.9558
   -7.5000   30.0000    0.0000 2500.9192   17.1791
    0.0000   30.0000    0.0000 2513.6741   17.0967
    7.5000   30.0000    0.0000 2468.4709   17.3724
   -7.5000   37.5000    0.0000 2341.7874   18.8902
    0.0000   37.5000    0.0000 2352.8694   18.8146
    7.5000   37.5000    0.0000 2313.2878   19.1417
   -7.5000   45.0000    0.0000 2142.2803   20.8769
    0.0000   45.0000    0.0000 2145.6394   20.8032
    7.5000   45.0000    0.0000 2116.5879   21.1598
   -7.5000  -45.0000    7.5000 2314.1838   19.0651
    0.0000  -45.0000    7.5000 2323.3071   18.9071
    7.5000  -45.0000    7.5000 2290.0386   19.4033
   -7.5000  -37.5000    7.5000 2443.3738   17.0884
    0.0000  -37.5000    7.5000 2452.0540   16.9255
    7.5000  -37.5000    7.5000 2423.0015   17.4168
   -7.5000  -30.0000    7.5000 2563.9609   15.5555
    0.0000  -30.0000    7.5000 2571.4551   15.4171
    7.5000  -30.0000    7.5000 2540.2153   15.8475
   -7.5000  -22.5000    7.5000 2681.9824   14.4307
    0.0000  -22.5000    7.5000 2690.3462   14.2948
    7.5000  -22.5000    7.5000 2651.6958   14.7000
   -7.5000  -15.0000    7.5000 2786.4233   13.6841
    0.0000  -15.0000    7.5000 2800.1040   13.5389
    7.5000  -15.0000    7.5000 2747.9565   13.8915
   -7.5000   -7.5000    7.5000 2860.6628   13.2663
    0.0000   -7.5000    7.5000 2883.6047   13.1711
    7.5000   -7.5000    7.5000 2818.8508   13.4882
   -7.5000    0.0000    7.5000 2889.5312   13.2116
    0.0000    0.0000    7.5000 2910.1174   13.1310
    7.5000    0.0000    7.5000 2842.8918   13.4457
   -7.5000    7.5000    7.5000 2869.3276   13.6217
    0.0000    7.5000    7.5000 2885.0200   13.4743
    7.5000    7.5000    7.5000 2825.0593   13.7441
   -7.5000   15.0000    7.5000 2793.6882   14.2064
    0.0000   15.0000    7.5000 2806.8469   14.1008
    7.5000   15.0000    7.5000 2756.6726   14.3498
   -7.5000   22.5000    7.5000 2678.5801   15.1783
    0.0000   22.5000    7.5000 2691.8018   15.0937
    7.5000   22.5000    7.5000 2645.9668   15.3719
   -7.5000   30.0000    7.5000 2545.8450   16.5534
    0.0000   30.0000    7.5000 2554.2097   16.4874
    7.5000   30.0000    7.5000 2516.4258   16.7559
   -7.5000   37.5000    7.5000 2374.7783   18.2410
    0.0000   37.5000    7.5000 2384.8809   18.1495
    7.5000   37.5000    7.5000 2351.2834   18.4501
   -7.5000   45.0000    7.5000 2173.7056   20.1847
    0.0000   45.0000    7.5000 2179.4072   20.0743
    7.5000   45.0000    7.5000 2151.1848   20.4183
   -7.5000  -45.0000   15.0000 2326.1116   18.7372
    0.0000  -45.0000   15.0000 2338.8157   18.5910
    7.5000  -45.0000   15.0000 2306.3293   19.0970
   -7.5000  -37.5000   15.0000 2456.7539   16.7406
    0.0000  -37.5000   15.0000 2472.3750   16.6049
    7.5000  -37.5000   15.0000 2440.4780   17.0746
   -7.5000  -30.0000   15.0000 2583.5034   15.2030
    0.0000  -30.0000   15.0000 2594.1243   15.0706
    7.5000  -30.0000   15.0000 2562.0632   15.5021
   -7.5000  -22.5000   15.0000 2702.4846   14.0677
    0.0000  -22.5000   15.0000 2712.0476   13.9107
    7.5000  -22.5000   15.0000 2674.3252   14.3187
   -7.5000  -15.0000   15.0000 2817.4343   13.3028
    0.0000  -15.0000   15.0000 2825.8481   13.1206
    7.5000  -15.0000   15.0000 2779.8027   13.5409
   -7.5000   -7.5000   15.0000 2900.1855   12.8075
    0.0000   -7.5000   15.0000 2924.5217   12.6381
    7.5000   -7.5000   15.0000 2863.6768   13.1114
   -7.5000    0.0000   15.0000 2936.6965   12.7951
    0.0000    0.0000   15.0000 2959.4780   12.6228
    7.5000    0.0000   15.0000 2893.1497   13.1019
   -7.5000    7.5000   15.0000 2917.2410   13.2738
    0.0000    7.5000   15.0000 2935.0591   13.1208
    7.5000    7.5000   15.0000 2874.9045   13.4529
   -7.5000   15.0000   15.0000 2838.3945   13.9494
    0.0000   15.0000   15.0000 2849.5459   13.8387
    7.5000   15.0000   15.0000 2797.1853   14.1179
   -7.5000   22.5000   15.0000 2710.8250   14.8895
    0.0000   22.5000   15.0000 2721.3618   14.8152
    7.5000   22.5000   15.0000 2679.6482   15.1307
   -7.5000   30.0000   15.0000 2566.1719   16.2047
    0.0000   30.0000   15.0000 2578.5913   16.1278
    7.5000   30.0000   15.0000 2539.6946   16.4825
   -7.5000   37.5000   15.0000 2392.4868   17.8195
    0.0000   37.5000   15.0000 2401.3123   17.7523
    7.5000   37.5000   15.0000 2368.3784   18.1241
   -7.5000   45.0000   15.0000 2187.7583   19.6910
    0.0000   45.0000   15.0000 2192.7610   19.6163
    7.5000   45.0000   15.0000 2164.7847   20.0206
   -7.5000  -45.0000   22.5000 2330.1846   18.7141
    0.0000  -45.0000   22.5000 2343.5195   18.5650
    7.5000  -45.0000   22.5000 2312.7253   19.0463
   -7.5000  -37.5000   22.5000 2467.3071   16.7591
    0.0000  -37.5000   22.5000 2484.5640   16.6470
    7.5000  -37.5000   22.5000 2450.3313   17.1041
   -7.5000  -30.0000   22.5000 2593.4973   15.2176
    0.0000  -30.0000   22.5000 2612.1609   15.1108
    7.5000  -30.0000   22.5000 2578.4302   15.5542
   -7.5000  -22.5000   22.5000 2704.7415   14.0738
    0.0000  -22.5000   22.5000 2724.3093   13.9480
    7.5000  -22.5000   22.5000 2684.2810   14.3897
   -7.5000  -15.0000   22.5000 2815.1558   13.2916
    0.0000  -15.0000   22.5000 2827.7800   13.1511
    7.5000  -15.0000   22.5000 2784.8381   13.6035
   -7.5000   -7.5000   22.5000 2897.4912   12.8505
    0.0000   -7.5000   22.5000 2913.5923   12.6879
    7.5000   -7.5000   22.5000 2865.6140   13.2019
   -7.5000    0.0000   22.5000 2935.0383   12.7704
    0.0000    0.0000   22.5000 2953.7019   12.6479
    7.5000    0.0000   22.5000 2899.3960   13.1628
   -7.5000    7.5000   22.5000 2913.5586   13.2110
    0.0000    7.5000   22.5000 2932.0803   13.0898
    7.5000    7.5000   22.5000 2875.7754   13.4660
   -7.5000   15.0000   22.5000 2833.0991   13.9326
    0.0000   15.0000   22.5000 2849.9998   13.8384
    7.5000   15.0000   22.5000 2800.5542   14.1454
   -7.5000   22.5000   22.5000 2712.0269   14.9250
    0.0000   22.5000   22.5000 2723.0256   14.8677
    7.5000   22.5000   22.5000 2682.3540   15.1974
   -7.5000   30.0000   22.5000 2565.2153   16.1556
    0.0000   30.0000   22.5000 2580.5044   16.1418
    7.5000   30.0000   22.5000 2537.8721   16.4936
   -7.5000   37.5000   22.5000 2389.4187   17.6582
    0.0000   37.5000   22.5000 2402.9768   17.6430
    7.5000   37.5000   22.5000 2365.4590   18.0273
   -7.5000   45.0000   22.5000 2180.8562   19.4569
    0.0000   45.0000   22.5000 2190.4272   19.4246
    7.5000   45.0000   22.5000 2156.9297   19.8267
   -7.5000  -45.0000   30.0000 2319.1213   19.0541
    0.0000  -45.0000   30.0000 2337.3826   18.8693
    7.5000  -45.0000   30.0000 2308.4023   19.3025
   -7.5000  -37.5000   30.0000 2459.9131   17.0558
    0.0000  -37.5000   30.0000 2487.5471   16.9077
    7.5000  -37.5000   30.0000 2453.5657   17.3080
   -7.5000  -30.0000   30.0000 2588.2808   15.5452
    0.0000  -30.0000   30.0000 2616.1199   15.4182
    7.5000  -30.0000   30.0000 2580.7173   15.7941
   -7.5000  -22.5000   30.0000 2692.5452   14.4415
    0.0000  -22.5000   30.0000 2718.0889   14.3337
    7.5000  -22.5000   30.0000 2678.9209   14.6672
   -7.5000  -15.0000   30.0000 2791.8875   13.6890
    0.0000  -15.0000   30.0000 2815.4128   13.5460
    7.5000  -15.0000   30.0000 2772.7646   13.9330
   -7.5000   -7.5000   30.0000 2858.2935   13.2548
    0.0000   -7.5000   30.0000 2883.2698   13.1425
    7.5000   -7.5000   30.0000 2840.0059   13.5324
   -7.5000    0.0000   30.0000 2882.1685   13.2274
    0.0000    0.0000   30.0000 2908.8743   13.0998
    7.5000    0.0000   30.0000 2864.4863   13.4992
   -7.5000    7.5000   30.0000 2856.7803   13.4776
    0.0000    7.5000   30.0000 2879.2485   13.3696
    7.5000    7.5000   30.0000 2834.0920   13.7415
   -7.5000   15.0000   30.0000 2787.4102   14.1230
    0.0000   15.0000   30.0000 2803.6055   14.0503
    7.5000   15.0000   30.0000 2761.1189   14.3778
   -7.5000   22.5000   30.0000 2673.5579   15.1021
    0.0000   22.5000   30.0000 2690.7017   15.0522
    7.5000   22.5000   30.0000 2650.3840   15.3963
   -7.5000   30.0000   30.0000 2539.9387   16.3586
    0.0000   30.0000   30.0000 2554.6545   16.2889
    7.5000   30.0000   30.0000 2518.4438   16.6559
   -7.5000   37.5000   30.0000 2369.1704   17.8103
    0.0000   37.5000   30.0000 2382.3872   17.7068
    7.5000   37.5000   30.0000 2349.8281   18.1383
   -7.5000   45.0000   30.0000 2166.6604   19.5318
    0.0000   45.0000   30.0000 2172.8713   19.3699
    7.5000   45.0000   30.0000 2146.1470   19.8287
   -7.5000  -45.0000   37.5000 2291.2229   19.6628
    0.0000  -45.0000   37.5000 2313.6873   19.4232
    7.5000  -45.0000   37.5000 2288.4263   19.8486
   -7.5000  -37.5000   37.5000 2436.4023   17.7025
    0.0000  -37.5000   37.5000 2457.5835   17.5106
    7.5000  -37.5000   37.5000 2432.8840   17.8898
   -7.5000  -30.0000   37.5000 2556.8840   16.1852
    0.0000  -30.0000   37.5000 2586.0815   16.0262
    7.5000  -30.0000   37.5000 2554.1946   16.3708
   -7.5000  -22.5000   37.5000 2659.0637   15.0972
    0.0000  -22.5000   37.5000 2686.1562   14.9325
    7.5000  -22.5000   37.5000 2651.4573   15.2585
   -7.5000  -15.0000   37.5000 2741.3298   14.3296
    0.0000  -15.0000   37.5000 2770.8210   14.1672
    7.5000  -15.0000   37.5000 2732.9126   14.5146
   -7.5000   -7.5000   37.5000 2794.9250   13.8840
    0.0000   -7.5000   37.5000 2822.5803   13.7756
    7.5000   -7.5000   37.5000 2787.7444   14.0798
   -7.5000    0.0000   37.5000 2805.5078   13.8137
    0.0000    0.0000   37.5000 2835.1243   13.6700
    7.5000    0.0000   37.5000 2796.2971   14.0046
   -7.5000    7.5000   37.5000 2779.8142   14.0291
    0.0000    7.5000   37.5000 2800.2610   13.8830
    7.5000    7.5000   37.5000 2766.5747   14.2238
   -7.5000   15.0000   37.5000 2710.5574   14.6159
    0.0000   15.0000   37.5000 2727.9199   14.4868
    7.5000   15.0000   37.5000 2693.2839   14.8228
   -7.5000   22.5000   37.5000 2609.2708   15.5247
    0.0000   22.5000   37.5000 2625.0637   15.4426
    7.5000   22.5000   37.5000 2591.9683   15.7752
   -7.5000   30.0000   37.5000 2488.1899   16.7019
    0.0000   30.0000   37.5000 2504.4712   16.6125
    7.5000   30.0000   37.5000 2472.0569   16.9423
   -7.5000   37.5000   37.5000 2328.6436   18.1291
    0.0000   37.5000   37.5000 2339.8977   18.0140
    7.5000   37.5000   37.5000 2313.4158   18.3408
   -7.5000   45.0000   37.5000 2129.1389   19.7997
    0.0000   45.0000   37.5000 2144.0474   19.6633
    7.5000   45.0000   37.5000 2112.7065   20.0386
   -7.5000  -45.0000   45.0000 2235.5840   20.3208
    0.0000  -45.0000   45.0000 2262.5901   20.0983
    7.5000  -45.0000   45.0000 2242.5562   20.4693
   -7.5000  -37.5000   45.0000 2373.6687   18.3384
    0.0000  -37.5000   45.0000 2399.1086   18.1693
    7.5000  -37.5000   45.0000 2376.4753   18.4695
   -7.5000  -30.0000   45.0000 2488.0151   16.8447
    0.0000  -30.0000   45.0000 2516.5068   16.7029
    7.5000  -30.0000   45.0000 2490.8650   16.9646
   -7.5000  -22.5000   45.0000 2580.8083   15.7479
    0.0000  -22.5000   45.0000 2612.3093   15.6257
    7.5000  -22.5000   45.0000 2580.8870   15.8919
   -7.5000  -15.0000   45.0000 2651.5088   14.9972
    0.0000  -15.0000   45.0000 2681.0813   14.9144
    7.5000  -15.0000   45.0000 2649.8784   15.1621
   -7.5000   -7.5000   45.0000 2688.5425   14.5797
    0.0000   -7.5000   45.0000 2716.4351   14.5232
    7.5000   -7.5000   45.0000 2687.5791   14.7493
   -7.5000    0.0000   45.0000 2692.2788   14.4833
    0.0000    0.0000   45.0000 2718.4407   14.3941
    7.5000    0.0000   45.0000 2690.4541   14.6492
   -7.5000    7.5000   45.0000 2664.6125   14.6857
    0.0000    7.5000   45.0000 2687.2629   14.5716
    7.5000    7.5000   45.0000 2658.6909   14.8286
   -7.5000   15.0000   45.0000 2597.4741   15.2274
    0.0000   15.0000   45.0000 2617.8091   15.1340
    7.5000   15.0000   45.0000 2586.1165   15.4085
   -7.5000   22.5000   45.0000 2506.3320   16.0640
    0.0000   22.5000   45.0000 2524.3669   15.9725
    7.5000   22.5000   45.0000 2491.7783   16.3197
   -7.5000   30.0000   45.0000 2399.2153   17.2198
    0.0000   30.0000   45.0000 2410.1768   17.1296
    7.5000   30.0000   45.0000 2382.4243   17.4744
   -7.5000   37.5000   45.0000 2251.2905   18.5789
    0.0000   37.5000   45.0000 2259.8225   18.4360
    7.5000   37.5000   45.0000 2234.1609   18.8086
   -7.5000   45.0000   45.0000 2065.3430   20.1847
    0.0000   45.0000   45.0000 2079.1406   20.0221
    7.5000   45.0000   45.0000 2053.8713   20.4319

---------------------------------------------------------------------
imgreg_4dfp /opt/freesurfer/average/711-2C_as_mni_average_305 /opt/freesurfer/average/711-2B_as_mni_average_305_mask talsrcimg_g11 none talsrcimg_to_711-2C_as_mni_average_305_t4 1283
---------------------------------------------------------------------

freesurfer imgreg_4dfp.c
/opt/freesurfer/average/711-2C_as_mni_average_305.4dfp.img
       256       256       256         1
  1.000000  1.000000  1.000000
orientation T byte_order littleendian
Reading image: /opt/freesurfer/average/711-2C_as_mni_average_305.4dfp.img
dimensions:      256       256       256
mmppix:       1.0000   -1.0000   -1.0000
center:     128.0000 -129.0000 -129.0000
/opt/freesurfer/average/711-2B_as_mni_average_305_mask.4dfp.img
       256       256       256         1
  1.000000  1.000000  1.000000
orientation T byte_order littleendian
Reading mask: /opt/freesurfer/average/711-2B_as_mni_average_305_mask.4dfp.img (2306576 pixels)
talsrcimg_g11.4dfp.img
       256       256       256         1
  0.900000  0.900000  0.900000
orientation T byte_order littleendian
Reading image: talsrcimg_g11.4dfp.img
dimensions:      256       256       256
mmppix:       0.9000   -0.9000   -0.9000
center:     115.2000 -116.1000 -116.1000
rotation matrix determinant  1.000000
fimgreg.f
image alignment mode   1283 decimal      503 hex
parameters
    0.0000    0.0000   15.0000    0.0000    0.0000    0.0000
eta,q 0.92868 12.62900
niter,ni,del,rscale     5    3   12.0000    1.2000
parameter  4 -1.907121 -> -0.500000 qaram    1.1500
parameter  5  0.910378 ->  0.500000 qaram    1.1500
parameters
   -1.4358    2.9900   17.6309    3.4500   -3.4500    0.5352
eta,q 0.93495 12.64973
  0.0802  0.0753  0.0841  0.0800  0.0661  0.0711
  0.0767  0.0734  0.0787  0.0780  0.0651  0.0687
  0.0740  0.0739  0.0748  0.0756  0.0662  0.0665
  0.0746  0.0738  0.0720  0.0733  0.0692  0.0651
  0.0778  0.0726  0.0727  0.0705  0.0737  0.0655
  0.0831  0.0717  0.0733  0.0691  0.0780  0.0673
  0.0912  0.0736  0.0727  0.0692  0.0820  0.0696
niter,ni,del,rscale     6    3   12.0000    1.2000
parameter  4 -0.792051 -> -0.500000 qaram    1.3225
parameters
   -0.8249    1.0316   17.7750    7.4175   -5.2564    0.3738
eta,q 0.93906 12.56550
  0.0811  0.0689  0.0689  0.0748  0.0653  0.0665
  0.0741  0.0665  0.0639  0.0729  0.0628  0.0637
  0.0684  0.0644  0.0628  0.0696  0.0612  0.0616
  0.0651  0.0647  0.0643  0.0644  0.0613  0.0610
  0.0658  0.0692  0.0635  0.0616  0.0639  0.0618
  0.0700  0.0755  0.0640  0.0614  0.0685  0.0640
  0.0762  0.0823  0.0678  0.0636  0.0735  0.0672
niter,ni,del,rscale     6    3   12.0000    1.2000
parameters
   -0.0976   -0.1548   17.6684    8.0139   -5.6614    0.2282
eta,q 0.94014 12.52089
  0.0776  0.0694  0.0651  0.0733  0.0663  0.0657
  0.0699  0.0630  0.0604  0.0687  0.0638  0.0631
  0.0642  0.0599  0.0583  0.0621  0.0615  0.0607
  0.0609  0.0606  0.0598  0.0596  0.0597  0.0599
  0.0610  0.0647  0.0604  0.0615  0.0608  0.0607
  0.0647  0.0713  0.0607  0.0662  0.0644  0.0632
  0.0718  0.0789  0.0649  0.0698  0.0689  0.0665
niter,ni,del,rscale     5    3   12.0000    1.2000
parameters
    0.1094   -0.4391   17.7775    8.3297   -5.7816    0.2285
eta,q 0.93980 12.51666
  0.0744  0.0722  0.0657  0.0729  0.0669  0.0660
  0.0675  0.0661  0.0611  0.0676  0.0643  0.0635
  0.0621  0.0615  0.0589  0.0615  0.0622  0.0612
  0.0599  0.0599  0.0599  0.0600  0.0601  0.0602
  0.0613  0.0619  0.0609  0.0627  0.0607  0.0609
  0.0660  0.0677  0.0609  0.0671  0.0641  0.0632
  0.0727  0.0749  0.0645  0.0701  0.0683  0.0664
niter,ni,del,rscale     4    3   12.0000    1.2000
parameters
    0.1651   -0.5812   17.8381    8.4719   -5.8066    0.2369
eta,q 0.93957 12.51167
  0.0736  0.0724  0.0656  0.0725  0.0672  0.0662
  0.0670  0.0666  0.0614  0.0670  0.0646  0.0637
  0.0619  0.0623  0.0593  0.0612  0.0625  0.0614
  0.0602  0.0602  0.0603  0.0603  0.0604  0.0604
  0.0619  0.0616  0.0612  0.0633  0.0608  0.0611
  0.0667  0.0670  0.0612  0.0674  0.0642  0.0633
  0.0731  0.0743  0.0648  0.0703  0.0682  0.0665
niter,ni,del,rscale     3    3   12.0000    1.2000
parameters
    0.1777   -0.6518   17.8658    8.5388   -5.8046    0.2374
eta,q 0.93947 12.50841
  0.0735  0.0725  0.0656  0.0723  0.0674  0.0662
  0.0669  0.0669  0.0615  0.0667  0.0647  0.0638
  0.0620  0.0627  0.0595  0.0611  0.0626  0.0615
  0.0604  0.0604  0.0605  0.0605  0.0605  0.0605
  0.0623  0.0615  0.0613  0.0636  0.0609  0.0612
  0.0669  0.0667  0.0614  0.0675  0.0643  0.0634
  0.0732  0.0739  0.0649  0.0704  0.0682  0.0665
niter,ni,del,rscale     2    3   12.0000    1.2000
parameters
    0.1794   -0.6857   17.8783    8.5689   -5.7987    0.2366
eta,q 0.93942 12.50674
  0.0734  0.0725  0.0656  0.0722  0.0674  0.0662
  0.0670  0.0669  0.0615  0.0666  0.0647  0.0638
  0.0620  0.0628  0.0595  0.0610  0.0627  0.0615
  0.0605  0.0605  0.0606  0.0606  0.0606  0.0606
  0.0624  0.0615  0.0613  0.0637  0.0609  0.0612
  0.0670  0.0665  0.0615  0.0676  0.0643  0.0635
  0.0732  0.0737  0.0650  0.0704  0.0683  0.0666
registration optimization eta report
parameter search radius
    6.0000    6.0000    6.0000    7.9350    6.9000    6.0000
100000*second partial in parameter space
       35.       34.       14.       16.       15.       16.
  0.0734  0.0725  0.0656  0.0722  0.0674  0.0662
  0.0670  0.0669  0.0615  0.0666  0.0647  0.0638
  0.0620  0.0628  0.0595  0.0610  0.0627  0.0615
  0.0605  0.0605  0.0606  0.0606  0.0606  0.0606
  0.0624  0.0615  0.0613  0.0637  0.0609  0.0612
  0.0670  0.0665  0.0615  0.0676  0.0643  0.0635
  0.0732  0.0737  0.0650  0.0704  0.0683  0.0666
    0.1794   -0.6857   17.8783    8.5689   -5.7987    0.2366
eta,q 0.93942 12.50674

---------------------------------------------------------------------
imgreg_4dfp /opt/freesurfer/average/711-2C_as_mni_average_305 /opt/freesurfer/average/711-2B_as_mni_average_305_mask talsrcimg_g11 none talsrcimg_to_711-2C_as_mni_average_305_t4 3335
---------------------------------------------------------------------

freesurfer imgreg_4dfp.c
/opt/freesurfer/average/711-2C_as_mni_average_305.4dfp.img
       256       256       256         1
  1.000000  1.000000  1.000000
orientation T byte_order littleendian
Reading image: /opt/freesurfer/average/711-2C_as_mni_average_305.4dfp.img
dimensions:      256       256       256
mmppix:       1.0000   -1.0000   -1.0000
center:     128.0000 -129.0000 -129.0000
/opt/freesurfer/average/711-2B_as_mni_average_305_mask.4dfp.img
       256       256       256         1
  1.000000  1.000000  1.000000
orientation T byte_order littleendian
Reading mask: /opt/freesurfer/average/711-2B_as_mni_average_305_mask.4dfp.img (2306576 pixels)
talsrcimg_g11.4dfp.img
       256       256       256         1
  0.900000  0.900000  0.900000
orientation T byte_order littleendian
Reading image: talsrcimg_g11.4dfp.img
dimensions:      256       256       256
mmppix:       0.9000   -0.9000   -0.9000
center:     115.2000 -116.1000 -116.1000
fimgreg.f
image alignment mode   3335 decimal      D07 hex
parameters
    0.1794   -0.6857   17.8783   -0.5125   -1.1109   -1.6223
    1.0971   10.0520    0.4108  -14.8585  -10.1033   14.8237
eta,q 0.94106 12.52518
niter,ni,del,rscale     5    3    5.0000    1.2000
parameter  4  4.809856 ->  0.500000 qaram    1.1500
parameter  5  2.827267 ->  0.500000 qaram    1.1500
parameter  6  3.353580 ->  0.500000 qaram    1.1500
parameter 11 -0.843612 -> -0.500000 qaram    1.1500
parameter 12  0.567970 ->  0.500000 qaram    1.1500
parameters
   -0.1209   -0.7236   18.0609   -4.6525   -5.2509   -5.7623
    1.0502    8.6071   -1.7841  -13.3375   -5.9633   10.6837
eta,q 0.96255 11.50969
  0.0606  0.0602  0.0604  0.0468  0.0428  0.0356  0.0414  0.0414  0.0397  0.0440  0.0419  0.0377
  0.0595  0.0596  0.0596  0.0504  0.0451  0.0382  0.0402  0.0399  0.0391  0.0417  0.0406  0.0375
  0.0590  0.0591  0.0591  0.0545  0.0479  0.0421  0.0395  0.0391  0.0389  0.0400  0.0395  0.0375
  0.0589  0.0589  0.0589  0.0589  0.0515  0.0458  0.0392  0.0392  0.0391  0.0389  0.0386  0.0378
  0.0594  0.0590  0.0591  0.0637  0.0553  0.0504  0.0394  0.0401  0.0396  0.0387  0.0381  0.0385
  0.0603  0.0595  0.0595  0.0686  0.0591  0.0551  0.0402  0.0418  0.0405  0.0396  0.0378  0.0395
  0.0616  0.0605  0.0599  0.0738  0.0638  0.0599  0.0415  0.0443  0.0416  0.0411  0.0378  0.0407
niter,ni,del,rscale     7    3    5.0000    1.2000
parameter  4  1.527344 ->  0.500000 qaram    1.3225
parameter  5  1.117569 ->  0.500000 qaram    1.3225
parameter  6  0.798600 ->  0.500000 qaram    1.3225
parameters
   -0.2891   -0.5703   17.8403   -9.4135  -10.0119  -10.5233
    1.5434    7.7427   -1.6787  -15.5498   -6.1680   13.0429
eta,q 0.97553 11.03457
  0.0400  0.0402  0.0388  0.0296  0.0275  0.0254  0.0288  0.0290  0.0271  0.0265  0.0267  0.0278
  0.0384  0.0388  0.0379  0.0309  0.0281  0.0252  0.0270  0.0266  0.0260  0.0252  0.0255  0.0264
  0.0376  0.0378  0.0375  0.0335  0.0295  0.0258  0.0258  0.0253  0.0253  0.0246  0.0249  0.0253
  0.0374  0.0374  0.0374  0.0374  0.0315  0.0284  0.0252  0.0252  0.0251  0.0251  0.0246  0.0246
  0.0380  0.0376  0.0377  0.0420  0.0345  0.0325  0.0254  0.0263  0.0253  0.0264  0.0249  0.0245
  0.0390  0.0384  0.0384  0.0472  0.0382  0.0369  0.0264  0.0283  0.0260  0.0280  0.0257  0.0248
  0.0407  0.0396  0.0394  0.0529  0.0423  0.0424  0.0280  0.0311  0.0269  0.0298  0.0269  0.0255
niter,ni,del,rscale     7    3    5.0000    1.2000
parameters
   -0.0063   -0.3996   18.3072  -13.8185  -13.4161  -12.1927
    1.9277    7.9854   -1.5706  -16.3351   -6.1610   15.2727
eta,q 0.97725 10.78739
  0.0292  0.0274  0.0273  0.0250  0.0244  0.0267  0.0261  0.0281  0.0246  0.0254  0.0249  0.0257
  0.0269  0.0259  0.0259  0.0236  0.0231  0.0249  0.0246  0.0259  0.0238  0.0239  0.0238  0.0244
  0.0253  0.0249  0.0249  0.0231  0.0226  0.0235  0.0235  0.0240  0.0232  0.0230  0.0231  0.0235
  0.0245  0.0244  0.0244  0.0243  0.0231  0.0226  0.0230  0.0230  0.0230  0.0230  0.0229  0.0229
  0.0246  0.0246  0.0243  0.0276  0.0248  0.0236  0.0232  0.0234  0.0232  0.0237  0.0232  0.0228
  0.0256  0.0254  0.0247  0.0323  0.0274  0.0275  0.0241  0.0251  0.0237  0.0250  0.0238  0.0231
  0.0275  0.0267  0.0257  0.0379  0.0311  0.0324  0.0256  0.0278  0.0245  0.0265  0.0249  0.0238
niter,ni,del,rscale     6    3    5.0000    1.2000
parameters
    0.0470   -0.3728   18.1973  -14.1434  -13.9359  -12.8604
    1.9800    8.0285   -1.5328  -16.4569   -6.0763   15.9360
eta,q 0.97700 10.73920
  0.0264  0.0252  0.0243  0.0272  0.0264  0.0273  0.0258  0.0279  0.0246  0.0259  0.0250  0.0250
  0.0245  0.0239  0.0234  0.0254  0.0245  0.0254  0.0244  0.0257  0.0238  0.0243  0.0240  0.0240
  0.0233  0.0230  0.0229  0.0239  0.0233  0.0239  0.0234  0.0239  0.0232  0.0233  0.0233  0.0233
  0.0228  0.0227  0.0228  0.0227  0.0228  0.0228  0.0230  0.0230  0.0230  0.0230  0.0230  0.0230
  0.0231  0.0230  0.0230  0.0229  0.0233  0.0227  0.0233  0.0235  0.0232  0.0235  0.0232  0.0231
  0.0243  0.0238  0.0236  0.0250  0.0250  0.0255  0.0243  0.0253  0.0237  0.0246  0.0239  0.0237
  0.0262  0.0251  0.0246  0.0290  0.0274  0.0303  0.0258  0.0280  0.0245  0.0259  0.0249  0.0245
niter,ni,del,rscale     5    3    5.0000    1.2000
parameters
    0.0680   -0.3462   18.1553  -14.0807  -14.0613  -13.1119
    1.9687    8.0268   -1.5381  -16.4475   -6.0258   16.1008
eta,q 0.97695 10.72890
  0.0265  0.0254  0.0246  0.0276  0.0267  0.0276  0.0258  0.0279  0.0246  0.0260  0.0250  0.0249
  0.0246  0.0241  0.0237  0.0257  0.0249  0.0257  0.0244  0.0257  0.0238  0.0244  0.0240  0.0239
  0.0234  0.0233  0.0232  0.0242  0.0235  0.0241  0.0234  0.0239  0.0232  0.0234  0.0233  0.0233
  0.0230  0.0230  0.0230  0.0230  0.0230  0.0230  0.0231  0.0231  0.0231  0.0231  0.0231  0.0231
  0.0234  0.0233  0.0232  0.0229  0.0233  0.0226  0.0234  0.0236  0.0233  0.0235  0.0233  0.0233
  0.0245  0.0241  0.0238  0.0247  0.0248  0.0249  0.0243  0.0254  0.0238  0.0245  0.0239  0.0239
  0.0264  0.0252  0.0247  0.0285  0.0271  0.0296  0.0259  0.0281  0.0246  0.0258  0.0250  0.0247
niter,ni,del,rscale     4    3    5.0000    1.2000
parameters
    0.0743   -0.3274   18.1481  -14.0578  -14.0921  -13.1791
    1.9592    8.0212   -1.5480  -16.4279   -6.0068   16.1337
eta,q 0.97693 10.72617
  0.0265  0.0254  0.0246  0.0276  0.0268  0.0277  0.0258  0.0279  0.0246  0.0260  0.0250  0.0248
  0.0246  0.0241  0.0238  0.0257  0.0250  0.0258  0.0244  0.0257  0.0238  0.0244  0.0240  0.0239
  0.0235  0.0233  0.0232  0.0242  0.0236  0.0242  0.0234  0.0239  0.0232  0.0235  0.0233  0.0233
  0.0231  0.0231  0.0231  0.0231  0.0230  0.0230  0.0231  0.0231  0.0231  0.0231  0.0231  0.0231
  0.0234  0.0233  0.0232  0.0230  0.0234  0.0226  0.0234  0.0236  0.0233  0.0235  0.0233  0.0233
  0.0246  0.0241  0.0238  0.0247  0.0248  0.0246  0.0244  0.0254  0.0238  0.0245  0.0240  0.0239
  0.0265  0.0253  0.0247  0.0285  0.0271  0.0293  0.0259  0.0281  0.0246  0.0258  0.0250  0.0248
registration optimization eta report
parameter search radius
    2.4000    2.4000    2.4000    9.5220    9.5220    9.5220
    7.2000    7.2000    7.2000    7.2000    8.2800    8.2800
100000*second partial in parameter space
       59.       39.       28.        5.        4.        6.
        5.        9.        3.        5.        3.        2.
  0.0265  0.0254  0.0246  0.0276  0.0268  0.0277  0.0258  0.0279  0.0246  0.0260  0.0250  0.0248
  0.0246  0.0241  0.0238  0.0257  0.0250  0.0258  0.0244  0.0257  0.0238  0.0244  0.0240  0.0239
  0.0235  0.0233  0.0232  0.0242  0.0236  0.0242  0.0234  0.0239  0.0232  0.0235  0.0233  0.0233
  0.0231  0.0231  0.0231  0.0231  0.0230  0.0230  0.0231  0.0231  0.0231  0.0231  0.0231  0.0231
  0.0234  0.0233  0.0232  0.0230  0.0234  0.0226  0.0234  0.0236  0.0233  0.0235  0.0233  0.0233
  0.0246  0.0241  0.0238  0.0247  0.0248  0.0246  0.0244  0.0254  0.0238  0.0245  0.0240  0.0239
  0.0265  0.0253  0.0247  0.0285  0.0271  0.0293  0.0259  0.0281  0.0246  0.0258  0.0250  0.0248
    0.0743   -0.3274   18.1481  -14.0578  -14.0921  -13.1791
    1.9592    8.0212   -1.5480  -16.4279   -6.0068   16.1337
eta,q 0.97693 10.72617

---------------------------------------------------------------------
imgreg_4dfp /opt/freesurfer/average/711-2C_as_mni_average_305 /opt/freesurfer/average/711-2B_as_mni_average_305_mask talsrcimg_g11 none talsrcimg_to_711-2C_as_mni_average_305_t4 2311
---------------------------------------------------------------------

freesurfer imgreg_4dfp.c
/opt/freesurfer/average/711-2C_as_mni_average_305.4dfp.img
       256       256       256         1
  1.000000  1.000000  1.000000
orientation T byte_order littleendian
Reading image: /opt/freesurfer/average/711-2C_as_mni_average_305.4dfp.img
dimensions:      256       256       256
mmppix:       1.0000   -1.0000   -1.0000
center:     128.0000 -129.0000 -129.0000
/opt/freesurfer/average/711-2B_as_mni_average_305_mask.4dfp.img
       256       256       256         1
  1.000000  1.000000  1.000000
orientation T byte_order littleendian
Reading mask: /opt/freesurfer/average/711-2B_as_mni_average_305_mask.4dfp.img (2306576 pixels)
talsrcimg_g11.4dfp.img
       256       256       256         1
  0.900000  0.900000  0.900000
orientation T byte_order littleendian
Reading image: talsrcimg_g11.4dfp.img
dimensions:      256       256       256
mmppix:       0.9000   -0.9000   -0.9000
center:     115.2000 -116.1000 -116.1000
fimgreg.f
image alignment mode   2311 decimal      907 hex
parameters
    0.0743   -0.3274   18.1481  -14.0578  -14.0921  -13.1791
    1.9592    8.0212   -1.5480  -16.4279   -6.0068   16.1337
eta,q 0.97693 10.72618
niter,ni,del,rscale     5    3    5.0000    0.8000
parameters
    0.0812   -0.3487   18.1634  -12.5417  -13.9095  -11.5771
    1.8581    8.1448   -1.8045  -16.9004   -5.8864   14.7272
eta,q 0.97754 10.81777
  0.0247  0.0241  0.0238  0.0250  0.0240  0.0247  0.0239  0.0255  0.0233  0.0238  0.0234  0.0228
  0.0238  0.0235  0.0234  0.0243  0.0234  0.0239  0.0232  0.0241  0.0229  0.0230  0.0229  0.0226
  0.0233  0.0232  0.0232  0.0236  0.0230  0.0232  0.0227  0.0230  0.0226  0.0226  0.0227  0.0225
  0.0231  0.0231  0.0231  0.0231  0.0228  0.0228  0.0226  0.0226  0.0226  0.0226  0.0225  0.0225
  0.0232  0.0232  0.0231  0.0228  0.0229  0.0226  0.0227  0.0228  0.0227  0.0229  0.0226  0.0228
  0.0238  0.0236  0.0234  0.0230  0.0232  0.0226  0.0232  0.0237  0.0230  0.0235  0.0229  0.0231
  0.0246  0.0241  0.0238  0.0236  0.0238  0.0233  0.0240  0.0253  0.0235  0.0243  0.0233  0.0236
niter,ni,del,rscale     4    3    5.0000    0.7000
parameters
    0.0838   -0.3856   18.3979  -12.8097  -13.7421  -11.2932
    1.8948    8.1890   -1.8551  -16.9176   -5.9710   14.5856
eta,q 0.97762 10.82565
  0.0238  0.0233  0.0234  0.0236  0.0234  0.0239  0.0235  0.0247  0.0230  0.0237  0.0230  0.0229
  0.0231  0.0228  0.0229  0.0230  0.0229  0.0233  0.0229  0.0235  0.0227  0.0229  0.0227  0.0226
  0.0226  0.0226  0.0226  0.0226  0.0226  0.0228  0.0225  0.0227  0.0225  0.0225  0.0224  0.0224
  0.0225  0.0225  0.0225  0.0224  0.0225  0.0224  0.0224  0.0224  0.0224  0.0224  0.0224  0.0224
  0.0226  0.0226  0.0225  0.0226  0.0225  0.0223  0.0225  0.0226  0.0225  0.0226  0.0225  0.0225
  0.0230  0.0229  0.0226  0.0231  0.0228  0.0227  0.0228  0.0234  0.0227  0.0230  0.0227  0.0227
  0.0238  0.0234  0.0229  0.0240  0.0233  0.0238  0.0234  0.0247  0.0231  0.0236  0.0231  0.0230
niter,ni,del,rscale     3    3    5.0000    0.6000
parameters
    0.0867   -0.4286   18.3625  -12.8528  -13.6681  -11.0896
    1.9108    8.2389   -1.8573  -16.9384   -5.9552   14.4733
eta,q 0.97767 10.83081
  0.0233  0.0230  0.0229  0.0233  0.0231  0.0235  0.0231  0.0241  0.0228  0.0233  0.0228  0.0227
  0.0228  0.0226  0.0226  0.0228  0.0227  0.0231  0.0227  0.0232  0.0226  0.0228  0.0226  0.0225
  0.0225  0.0224  0.0224  0.0225  0.0225  0.0227  0.0224  0.0226  0.0224  0.0224  0.0224  0.0224
  0.0224  0.0224  0.0224  0.0224  0.0224  0.0224  0.0223  0.0223  0.0223  0.0223  0.0223  0.0223
  0.0225  0.0225  0.0225  0.0225  0.0224  0.0223  0.0224  0.0225  0.0224  0.0225  0.0224  0.0224
  0.0228  0.0227  0.0226  0.0228  0.0226  0.0226  0.0227  0.0231  0.0226  0.0228  0.0226  0.0225
  0.0233  0.0231  0.0229  0.0234  0.0230  0.0235  0.0231  0.0240  0.0228  0.0233  0.0228  0.0228
niter,ni,del,rscale     2    3    5.0000    0.5000
parameters
    0.0873   -0.4255   18.3511  -12.8717  -13.6310  -10.8796
    1.9009    8.2615   -1.8759  -16.9478   -5.9238   14.3204
eta,q 0.97770 10.83444
  0.0230  0.0228  0.0227  0.0230  0.0228  0.0232  0.0228  0.0235  0.0227  0.0230  0.0226  0.0226
  0.0226  0.0225  0.0225  0.0226  0.0226  0.0229  0.0225  0.0229  0.0225  0.0226  0.0225  0.0224
  0.0224  0.0224  0.0224  0.0224  0.0224  0.0226  0.0224  0.0225  0.0223  0.0224  0.0223  0.0223
  0.0223  0.0223  0.0223  0.0223  0.0223  0.0223  0.0223  0.0223  0.0223  0.0223  0.0223  0.0223
  0.0224  0.0224  0.0224  0.0224  0.0224  0.0223  0.0224  0.0224  0.0223  0.0224  0.0223  0.0223
  0.0226  0.0225  0.0225  0.0226  0.0225  0.0225  0.0225  0.0228  0.0225  0.0226  0.0224  0.0225
  0.0230  0.0228  0.0227  0.0230  0.0228  0.0232  0.0229  0.0235  0.0227  0.0230  0.0226  0.0226
niter,ni,del,rscale     1    3    5.0000    0.4000
parameters
    0.0863   -0.4310   18.3479  -12.9047  -13.5927  -10.6625
    1.8946    8.2711   -1.9142  -16.9458   -5.8609   14.1776
eta,q 0.97774 10.83771
  0.0227  0.0226  0.0226  0.0227  0.0226  0.0230  0.0226  0.0231  0.0225  0.0228  0.0225  0.0224
  0.0225  0.0224  0.0224  0.0225  0.0224  0.0227  0.0224  0.0226  0.0224  0.0225  0.0224  0.0223
  0.0223  0.0223  0.0223  0.0223  0.0223  0.0225  0.0223  0.0224  0.0223  0.0223  0.0223  0.0223
  0.0223  0.0223  0.0223  0.0223  0.0223  0.0223  0.0223  0.0223  0.0223  0.0223  0.0223  0.0223
  0.0223  0.0223  0.0223  0.0223  0.0223  0.0222  0.0223  0.0223  0.0223  0.0223  0.0223  0.0223
  0.0225  0.0224  0.0224  0.0225  0.0224  0.0224  0.0224  0.0226  0.0224  0.0225  0.0224  0.0224
  0.0227  0.0226  0.0226  0.0228  0.0226  0.0229  0.0226  0.0231  0.0225  0.0227  0.0225  0.0225
registration optimization eta report
parameter search radius
    0.8000    0.8000    0.8000    2.4000    2.4000    2.4000
    2.4000    2.4000    2.4000    2.4000    2.4000    2.4000
100000*second partial in parameter space
       68.       47.       41.        8.        5.       11.
        6.       14.        4.        8.        4.        4.
  0.0227  0.0226  0.0226  0.0227  0.0226  0.0230  0.0226  0.0231  0.0225  0.0228  0.0225  0.0224
  0.0225  0.0224  0.0224  0.0225  0.0224  0.0227  0.0224  0.0226  0.0224  0.0225  0.0224  0.0223
  0.0223  0.0223  0.0223  0.0223  0.0223  0.0225  0.0223  0.0224  0.0223  0.0223  0.0223  0.0223
  0.0223  0.0223  0.0223  0.0223  0.0223  0.0223  0.0223  0.0223  0.0223  0.0223  0.0223  0.0223
  0.0223  0.0223  0.0223  0.0223  0.0223  0.0222  0.0223  0.0223  0.0223  0.0223  0.0223  0.0223
  0.0225  0.0224  0.0224  0.0225  0.0224  0.0224  0.0224  0.0226  0.0224  0.0225  0.0224  0.0224
  0.0227  0.0226  0.0226  0.0228  0.0226  0.0229  0.0226  0.0231  0.0225  0.0227  0.0225  0.0225
    0.0863   -0.4310   18.3479  -12.9047  -13.5927  -10.6625
    1.8946    8.2711   -1.9142  -16.9458   -5.8609   14.1776
eta,q 0.97774 10.83771

---------------------------------------------------------------------
imgreg_4dfp /opt/freesurfer/average/711-2C_as_mni_average_305 /opt/freesurfer/average/711-2B_as_mni_average_305_mask talsrcimg_g11 none talsrcimg_to_711-2C_as_mni_average_305_t4 2311
---------------------------------------------------------------------

freesurfer imgreg_4dfp.c
/opt/freesurfer/average/711-2C_as_mni_average_305.4dfp.img
       256       256       256         1
  1.000000  1.000000  1.000000
orientation T byte_order littleendian
Reading image: /opt/freesurfer/average/711-2C_as_mni_average_305.4dfp.img
dimensions:      256       256       256
mmppix:       1.0000   -1.0000   -1.0000
center:     128.0000 -129.0000 -129.0000
/opt/freesurfer/average/711-2B_as_mni_average_305_mask.4dfp.img
       256       256       256         1
  1.000000  1.000000  1.000000
orientation T byte_order littleendian
Reading mask: /opt/freesurfer/average/711-2B_as_mni_average_305_mask.4dfp.img (2306576 pixels)
talsrcimg_g11.4dfp.img
       256       256       256         1
  0.900000  0.900000  0.900000
orientation T byte_order littleendian
Reading image: talsrcimg_g11.4dfp.img
dimensions:      256       256       256
mmppix:       0.9000   -0.9000   -0.9000
center:     115.2000 -116.1000 -116.1000
fimgreg.f
image alignment mode   2311 decimal      907 hex
parameters
    0.0863   -0.4310   18.3479  -12.9047  -13.5927  -10.6625
    1.8946    8.2711   -1.9142  -16.9458   -5.8609   14.1776
eta,q 0.97774 10.83772
niter,ni,del,rscale     5    3    5.0000    0.8000
parameters
    0.0819   -0.4334   18.3750  -13.2106  -13.7070  -11.2412
    1.9196    8.1942   -1.8397  -16.8395   -5.9564   14.6769
eta,q 0.97762 10.81787
  0.0240  0.0234  0.0234  0.0237  0.0234  0.0239  0.0238  0.0252  0.0233  0.0241  0.0232  0.0233
  0.0230  0.0228  0.0228  0.0230  0.0228  0.0232  0.0230  0.0238  0.0228  0.0232  0.0228  0.0228
  0.0224  0.0224  0.0224  0.0224  0.0224  0.0227  0.0226  0.0227  0.0225  0.0226  0.0225  0.0225
  0.0223  0.0223  0.0223  0.0223  0.0223  0.0223  0.0224  0.0224  0.0224  0.0224  0.0224  0.0224
  0.0225  0.0224  0.0224  0.0225  0.0224  0.0225  0.0225  0.0227  0.0225  0.0226  0.0225  0.0224
  0.0230  0.0228  0.0227  0.0231  0.0228  0.0236  0.0230  0.0238  0.0228  0.0231  0.0228  0.0226
  0.0240  0.0235  0.0233  0.0242  0.0236  0.0255  0.0238  0.0255  0.0232  0.0239  0.0233  0.0230
niter,ni,del,rscale     4    3    5.0000    0.7000
parameters
    0.0897   -0.4284   18.3199  -12.9732  -13.6844  -11.2812
    1.9125    8.2207   -1.8352  -16.9081   -5.9573   14.6349
eta,q 0.97762 10.82355
  0.0237  0.0233  0.0230  0.0237  0.0233  0.0237  0.0235  0.0247  0.0230  0.0236  0.0230  0.0229
  0.0230  0.0228  0.0227  0.0231  0.0228  0.0232  0.0229  0.0235  0.0227  0.0229  0.0227  0.0226
  0.0226  0.0225  0.0224  0.0226  0.0225  0.0227  0.0225  0.0227  0.0225  0.0225  0.0225  0.0224
  0.0224  0.0224  0.0224  0.0224  0.0224  0.0224  0.0224  0.0224  0.0224  0.0224  0.0224  0.0224
  0.0225  0.0225  0.0225  0.0224  0.0225  0.0223  0.0225  0.0226  0.0225  0.0226  0.0225  0.0225
  0.0230  0.0228  0.0227  0.0228  0.0227  0.0229  0.0229  0.0234  0.0227  0.0230  0.0227  0.0227
  0.0237  0.0233  0.0231  0.0235  0.0233  0.0242  0.0235  0.0247  0.0230  0.0237  0.0230  0.0230
niter,ni,del,rscale     3    3    5.0000    0.6000
parameters
    0.0919   -0.4174   18.3392  -12.8836  -13.6669  -11.1063
    1.9039    8.2470   -1.8688  -16.9310   -5.9437   14.4859
eta,q 0.97766 10.82934
  0.0234  0.0230  0.0229  0.0234  0.0230  0.0235  0.0231  0.0241  0.0228  0.0233  0.0228  0.0227
  0.0228  0.0227  0.0226  0.0229  0.0227  0.0230  0.0227  0.0232  0.0226  0.0228  0.0226  0.0225
  0.0225  0.0225  0.0224  0.0225  0.0225  0.0227  0.0224  0.0226  0.0224  0.0224  0.0224  0.0224
  0.0224  0.0224  0.0224  0.0224  0.0224  0.0224  0.0223  0.0223  0.0223  0.0223  0.0223  0.0223
  0.0225  0.0225  0.0224  0.0224  0.0224  0.0223  0.0224  0.0225  0.0224  0.0225  0.0224  0.0224
  0.0228  0.0227  0.0226  0.0228  0.0226  0.0226  0.0227  0.0231  0.0226  0.0228  0.0226  0.0226
  0.0233  0.0230  0.0229  0.0233  0.0230  0.0235  0.0231  0.0241  0.0228  0.0233  0.0228  0.0228
niter,ni,del,rscale     2    3    5.0000    0.5000
parameters
    0.0890   -0.4203   18.3452  -12.8710  -13.6331  -10.8874
    1.9061    8.2592   -1.8830  -16.9419   -5.9044   14.3194
eta,q 0.97770 10.83403
  0.0230  0.0228  0.0227  0.0230  0.0228  0.0232  0.0229  0.0235  0.0227  0.0230  0.0227  0.0226
  0.0226  0.0225  0.0225  0.0227  0.0226  0.0229  0.0226  0.0229  0.0225  0.0226  0.0225  0.0224
  0.0224  0.0224  0.0224  0.0224  0.0224  0.0226  0.0224  0.0225  0.0223  0.0224  0.0223  0.0223
  0.0223  0.0223  0.0223  0.0223  0.0223  0.0223  0.0223  0.0223  0.0223  0.0223  0.0223  0.0223
  0.0224  0.0224  0.0224  0.0224  0.0224  0.0223  0.0224  0.0224  0.0223  0.0224  0.0223  0.0224
  0.0226  0.0226  0.0225  0.0226  0.0225  0.0225  0.0225  0.0228  0.0225  0.0226  0.0224  0.0225
  0.0230  0.0228  0.0227  0.0230  0.0228  0.0232  0.0229  0.0235  0.0227  0.0230  0.0226  0.0226
niter,ni,del,rscale     1    3    5.0000    0.4000
parameters
    0.0839   -0.4283   18.3483  -12.9002  -13.5871  -10.6606
    1.8918    8.2658   -1.9130  -16.9500   -5.8464   14.1837
eta,q 0.97774 10.83799
  0.0227  0.0226  0.0226  0.0227  0.0226  0.0230  0.0226  0.0231  0.0225  0.0228  0.0225  0.0224
  0.0225  0.0224  0.0224  0.0225  0.0224  0.0227  0.0224  0.0226  0.0224  0.0225  0.0224  0.0223
  0.0223  0.0223  0.0223  0.0223  0.0223  0.0225  0.0223  0.0224  0.0223  0.0223  0.0223  0.0223
  0.0223  0.0223  0.0223  0.0223  0.0223  0.0223  0.0223  0.0223  0.0223  0.0223  0.0223  0.0223
  0.0223  0.0223  0.0223  0.0223  0.0223  0.0222  0.0223  0.0223  0.0223  0.0223  0.0223  0.0223
  0.0225  0.0224  0.0224  0.0225  0.0224  0.0224  0.0224  0.0226  0.0224  0.0225  0.0224  0.0224
  0.0227  0.0226  0.0226  0.0227  0.0226  0.0229  0.0226  0.0231  0.0225  0.0227  0.0225  0.0225
registration optimization eta report
parameter search radius
    0.8000    0.8000    0.8000    2.4000    2.4000    2.4000
    2.4000    2.4000    2.4000    2.4000    2.4000    2.4000
100000*second partial in parameter space
       67.       47.       41.        8.        5.       11.
        6.       14.        4.        8.        4.        3.
  0.0227  0.0226  0.0226  0.0227  0.0226  0.0230  0.0226  0.0231  0.0225  0.0228  0.0225  0.0224
  0.0225  0.0224  0.0224  0.0225  0.0224  0.0227  0.0224  0.0226  0.0224  0.0225  0.0224  0.0223
  0.0223  0.0223  0.0223  0.0223  0.0223  0.0225  0.0223  0.0224  0.0223  0.0223  0.0223  0.0223
  0.0223  0.0223  0.0223  0.0223  0.0223  0.0223  0.0223  0.0223  0.0223  0.0223  0.0223  0.0223
  0.0223  0.0223  0.0223  0.0223  0.0223  0.0222  0.0223  0.0223  0.0223  0.0223  0.0223  0.0223
  0.0225  0.0224  0.0224  0.0225  0.0224  0.0224  0.0224  0.0226  0.0224  0.0225  0.0224  0.0224
  0.0227  0.0226  0.0226  0.0227  0.0226  0.0229  0.0226  0.0231  0.0225  0.0227  0.0225  0.0225
    0.0839   -0.4283   18.3483  -12.9002  -13.5871  -10.6606
    1.8918    8.2658   -1.9130  -16.9500   -5.8464   14.1837
eta,q 0.97774 10.83799

---------------------------------------------------------------------
compute_vox2vox talsrcimg talsrcimg_to_711-2C_as_mni_average_305_t4 /opt/freesurfer/average/711-2C_as_mni_average_305
---------------------------------------------------------------------

freesurfer compute_vox2vox.c
Reading: talsrcimg.4dfp.ifh
Reading: talsrcimg_to_711-2C_as_mni_average_305_t4
Reading: /opt/freesurfer/average/711-2C_as_mni_average_305.4dfp.ifh
Writing: talsrcimg_to_711-2C_as_mni_average_305_t4_vox2vox.txt

start time Wed Mar 11 18:40:31 CET 2026
end		time Wed Mar 11 18:41:56 CET 2026

mpr2mni305 success

avi2talxfm orig_nu.mgz /opt/freesurfer/average/mni305.cor.mgz talsrcimg_to_711-2C_as_mni_average_305_t4_vox2vox.txt transforms/talairach.auto.xfm
avi2talxfm done
mv -f /out/sourcedata/freesurfer/sub-v2s1x29869_ses-1/mri/talsrcimg_to_711-2C_as_mni_average_305_t4_vox2vox.txt /out/sourcedata/freesurfer/sub-v2s1x29869_ses-1/mri/transforms/talsrcimg_to_711-2C_as_mni_average_305_t4_vox2vox.txt
lta_convert --src orig_nu.mgz --trg /opt/freesurfer/average/mni305.cor.mgz --inxfm transforms/talairach.auto.xfm --outlta transforms/talairach.auto.xfm.lta --subject fsaverage
7.3.2

--src: orig_nu.mgz src image (geometry).
--trg: /opt/freesurfer/average/mni305.cor.mgz trg image (geometry).
--inmni: transforms/talairach.auto.xfm input MNI/XFM transform.
--outlta: transforms/talairach.auto.xfm.lta output LTA.
--s: fsaverage subject name
 LTA read, type : 1
 1.14077  -0.10695  -0.00742   5.64262;
 0.06851   1.07910  -0.17862  -38.41663;
 0.03869   0.20930   1.12203  -17.44228;
 0.00000   0.00000   0.00000   1.00000;
setting subject to fsaverage
Writing  LTA to file transforms/talairach.auto.xfm.lta...
lta_convert successful.
 
 
Started at Wed Mar 11 18:40:30 CET 2026
Ended   at Wed Mar 11 18:41:56 CET 2026
talairach_avi done
