/out/sourcedata/freesurfer/sub-v2s1x29877_ses-1/mri
/opt/freesurfer/bin/talairach_avi
--i orig_nu.mgz --xfm transforms/talairach.auto.xfm
talairach_avi 7.3.2
Linux dna020 5.14.0-427.37.1.el9_4.x86_64 #1 SMP PREEMPT_DYNAMIC Fri Sep 13 12:41:50 EDT 2024 x86_64 x86_64 x86_64 GNU/Linux
Wed Mar 11 20:09:27 CET 2026
mri_convert orig_nu.mgz talsrcimg.img 
reading from orig_nu.mgz...
TR=0.00, TE=0.00, TI=0.00, flip angle=0.00
i_ras = (-1, 0, 0)
j_ras = (0, 0, -1)
k_ras = (0, 1, 0)
writing to talsrcimg.img...
Analyze Output Matrix
-0.90000   0.00000   0.00000   114.52421;
 0.00000   0.00000   0.90000  -90.67561;
 0.00000  -0.90000   0.00000   144.62538;
 0.00000   0.00000   0.00000   1.00000;
--------------------
INFO: set hdr.hist.orient to -1
mpr2mni305 talsrcimg
Wed Mar 11 20:09:28 CET 2026
/opt/freesurfer/bin/mpr2mni305 talsrcimg
mpr2mni305 7.3.2
target=711-2C_as_mni_average_305

---------------------------------------------------------------------
analyzeto4dfp talsrcimg -O0 -y
---------------------------------------------------------------------

freesurfer ifh2hdr.c
Wed Mar 11 20:09:28 2026
Writing: talsrcimg.4dfp.hdr
freesurfer analyzeto4dfp.c
Reading: talsrcimg.hdr
header size 348 bytes
hdr.dime.datatype	offset=70	value=2
hdr.dime.bitpix		offset=72	value=8
hdr.hist.orient		offset=252	value=-1
dimensionality     4
dimensions       256       256       256         1
Reading: talsrcimg.img
Writing: talsrcimg.4dfp.img
Writing: talsrcimg.4dfp.ifh
ifh2hdr talsrcimg -r0to238
ori=2

---------------------------------------------------------------------
gauss_4dfp talsrcimg 1.1
---------------------------------------------------------------------

freesurfer gauss_4dfp.c
Reading: talsrcimg.4dfp.img
Writing: talsrcimg_g11.4dfp.img
image dimensions 256 256 256 padded to 288 288 288
processing volume 1freesurfer ifh2hdr.c
Wed Mar 11 20:09:30 2026
Writing: talsrcimg_g11.4dfp.hdr

Writing: talsrcimg_g11.4dfp.ifh
including: talsrcimg.4dfp.img.rec in talsrcimg_g11.4dfp.img.rec

---------------------------------------------------------------------
imgreg_4dfp /opt/freesurfer/average/711-2C_as_mni_average_305 none talsrcimg_g11 none talsrcimg_to_711-2C_as_mni_average_305_t4 4355
---------------------------------------------------------------------

freesurfer imgreg_4dfp.c
/opt/freesurfer/average/711-2C_as_mni_average_305.4dfp.img
       256       256       256         1
  1.000000  1.000000  1.000000
orientation T byte_order littleendian
Reading image: /opt/freesurfer/average/711-2C_as_mni_average_305.4dfp.img
dimensions:      256       256       256
mmppix:       1.0000   -1.0000   -1.0000
center:     128.0000 -129.0000 -129.0000
talsrcimg_g11.4dfp.img
       256       256       256         1
  0.900000  0.900000  0.900000
orientation T byte_order littleendian
Reading image: talsrcimg_g11.4dfp.img
dimensions:      256       256       256
mmppix:       0.9000   -0.9000   -0.9000
center:     115.2000 -116.1000 -116.1000
t4_read: open error in t4_sub.f l:  41 t4_file(1:l)talsrcimg_to_711-2C_as_mni_average_305_t4 
t4_read: transform initialized to I4
rotation matrix determinant  1.000000
image alignment mode   4355 decimal     1103 hex
   -7.5000  -45.0000  -45.0000 6032.2988   18.1843
    0.0000  -45.0000  -45.0000 6107.8550   18.1801
    7.5000  -45.0000  -45.0000 5826.3877   18.1336
   -7.5000  -37.5000  -45.0000 6529.9048   19.2976
    0.0000  -37.5000  -45.0000 6614.8022   19.2895
    7.5000  -37.5000  -45.0000 6311.3916   19.2494
   -7.5000  -30.0000  -45.0000 7013.4541   19.8936
    0.0000  -30.0000  -45.0000 7085.4585   19.8749
    7.5000  -30.0000  -45.0000 6770.8320   19.8377
   -7.5000  -22.5000  -45.0000 7531.7861   19.9023
    0.0000  -22.5000  -45.0000 7612.0659   19.8770
    7.5000  -22.5000  -45.0000 7272.2896   19.8351
   -7.5000  -15.0000  -45.0000 8018.0303   19.9307
    0.0000  -15.0000  -45.0000 8109.8018   19.9128
    7.5000  -15.0000  -45.0000 7757.6128   19.8639
   -7.5000   -7.5000  -45.0000 8155.3501   19.9450
    0.0000   -7.5000  -45.0000 8258.9453   19.9364
    7.5000   -7.5000  -45.0000 7896.7974   19.8830
   -7.5000    0.0000  -45.0000 8257.6523   19.9302
    0.0000    0.0000  -45.0000 8353.3477   19.9257
    7.5000    0.0000  -45.0000 7969.7720   19.8747
   -7.5000    7.5000  -45.0000 7990.4663   19.9059
    0.0000    7.5000  -45.0000 8079.8359   19.8976
    7.5000    7.5000  -45.0000 7718.1240   19.8562
   -7.5000   15.0000  -45.0000 7922.9448   19.8936
    0.0000   15.0000  -45.0000 7985.4517   19.8749
    7.5000   15.0000  -45.0000 7640.9761   19.8377
   -7.5000   22.5000  -45.0000 7477.4854   19.6345
    0.0000   22.5000  -45.0000 7534.1274   19.6096
    7.5000   22.5000  -45.0000 7206.3477   19.5683
   -7.5000   30.0000  -45.0000 6869.3643   19.1382
    0.0000   30.0000  -45.0000 6931.1465   19.1210
    7.5000   30.0000  -45.0000 6628.3848   19.0740
   -7.5000   37.5000  -45.0000 6254.0674   18.5351
    0.0000   37.5000  -45.0000 6328.3315   18.5272
    7.5000   37.5000  -45.0000 6038.1597   18.4775
   -7.5000   45.0000  -45.0000 5657.2334   17.8441
    0.0000   45.0000  -45.0000 5716.4170   17.8400
    7.5000   45.0000  -45.0000 5453.6230   17.7944
   -7.5000  -45.0000  -37.5000 6536.9937   19.2007
    0.0000  -45.0000  -37.5000 6610.3579   19.1879
    7.5000  -45.0000  -37.5000 6324.9990   19.1285
   -7.5000  -37.5000  -37.5000 7048.6909   20.3887
    0.0000  -37.5000  -37.5000 7136.5620   20.3727
    7.5000  -37.5000  -37.5000 6828.2036   20.3240
   -7.5000  -30.0000  -37.5000 7579.2407   20.9911
    0.0000  -30.0000  -37.5000 7666.9634   20.9634
    7.5000  -30.0000  -37.5000 7322.7549   20.9216
   -7.5000  -22.5000  -37.5000 8122.7476   21.0041
    0.0000  -22.5000  -37.5000 8246.5576   20.9659
    7.5000  -22.5000  -37.5000 7863.6719   20.9187
   -7.5000  -15.0000  -37.5000 8656.7656   21.0272
    0.0000  -15.0000  -37.5000 8783.3809   20.9942
    7.5000  -15.0000  -37.5000 8379.5352   20.9352
   -7.5000   -7.5000  -37.5000 8815.3291   21.0354
    0.0000   -7.5000  -37.5000 8933.0078   21.0144
    7.5000   -7.5000  -37.5000 8519.3125   20.9466
   -7.5000    0.0000  -37.5000 8893.0264   21.0173
    0.0000    0.0000  -37.5000 9006.9512   21.0034
    7.5000    0.0000  -37.5000 8588.1094   20.9383
   -7.5000    7.5000  -37.5000 8580.6729   20.9945
    0.0000    7.5000  -37.5000 8680.2119   20.9780
    7.5000    7.5000  -37.5000 8298.1426   20.9279
   -7.5000   15.0000  -37.5000 8493.5146   20.9902
    0.0000   15.0000  -37.5000 8581.1445   20.9625
    7.5000   15.0000  -37.5000 8206.1016   20.9206
   -7.5000   22.5000  -37.5000 8001.1968   20.7232
    0.0000   22.5000  -37.5000 8090.0288   20.6856
    7.5000   22.5000  -37.5000 7709.9531   20.6390
   -7.5000   30.0000  -37.5000 7336.2603   20.2055
    0.0000   30.0000  -37.5000 7435.6606   20.1737
    7.5000   30.0000  -37.5000 7080.4302   20.1171
   -7.5000   37.5000  -37.5000 6669.4648   19.5645
    0.0000   37.5000  -37.5000 6756.5659   19.5449
    7.5000   37.5000  -37.5000 6447.6040   19.4819
   -7.5000   45.0000  -37.5000 6010.4160   18.8172
    0.0000   45.0000  -37.5000 6086.5225   18.8048
    7.5000   45.0000  -37.5000 5816.6577   18.7465
   -7.5000  -45.0000  -30.0000 7036.8618   20.1077
    0.0000  -45.0000  -30.0000 7113.0737   20.0979
    7.5000  -45.0000  -30.0000 6794.3818   20.0532
   -7.5000  -37.5000  -30.0000 7572.9985   21.3702
    0.0000  -37.5000  -30.0000 7672.4048   21.3573
    7.5000  -37.5000  -30.0000 7320.5938   21.3182
   -7.5000  -30.0000  -30.0000 8125.7637   21.9868
    0.0000  -30.0000  -30.0000 8234.8633   21.9623
    7.5000  -30.0000  -30.0000 7855.6270   21.9287
   -7.5000  -22.5000  -30.0000 8700.2549   22.0066
    0.0000  -22.5000  -30.0000 8821.5898   21.9701
    7.5000  -22.5000  -30.0000 8418.8164   21.9351
   -7.5000  -15.0000  -30.0000 9268.9209   22.0179
    0.0000  -15.0000  -30.0000 9391.6436   21.9865
    7.5000  -15.0000  -30.0000 8953.9717   21.9462
   -7.5000   -7.5000  -30.0000 9425.3555   22.0115
    0.0000   -7.5000  -30.0000 9552.5566   21.9934
    7.5000   -7.5000  -30.0000 9102.0830   21.9465
   -7.5000    0.0000  -30.0000 9513.3252   21.9873
    0.0000    0.0000  -30.0000 9637.6729   21.9766
    7.5000    0.0000  -30.0000 9175.4541   21.9277
   -7.5000    7.5000  -30.0000 9172.9111   21.9719
    0.0000    7.5000  -30.0000 9289.4043   21.9585
    7.5000    7.5000  -30.0000 8855.0098   21.9183
   -7.5000   15.0000  -30.0000 9041.5088   21.9837
    0.0000   15.0000  -30.0000 9150.2051   21.9593
    7.5000   15.0000  -30.0000 8713.7969   21.9257
   -7.5000   22.5000  -30.0000 8509.8350   21.7133
    0.0000   22.5000  -30.0000 8607.7480   21.6773
    7.5000   22.5000  -30.0000 8182.9932   21.6428
   -7.5000   30.0000  -30.0000 7790.5195   21.1729
    0.0000   30.0000  -30.0000 7881.7207   21.1427
    7.5000   30.0000  -30.0000 7493.1704   21.1039
   -7.5000   37.5000  -30.0000 7087.2544   20.5032
    0.0000   37.5000  -30.0000 7164.6011   20.4864
    7.5000   37.5000  -30.0000 6814.3423   20.4426
   -7.5000   45.0000  -30.0000 6365.3535   19.7169
    0.0000   45.0000  -30.0000 6431.0747   19.7073
    7.5000   45.0000  -30.0000 6139.7271   19.6634
   -7.5000  -45.0000  -22.5000 7530.6279   20.8959
    0.0000  -45.0000  -22.5000 7608.1465   20.9015
    7.5000  -45.0000  -22.5000 7271.9102   20.8888
   -7.5000  -37.5000  -22.5000 8087.0869   22.2263
    0.0000  -37.5000  -22.5000 8176.5098   22.2292
    7.5000  -37.5000  -22.5000 7817.0723   22.2109
   -7.5000  -30.0000  -22.5000 8658.8271   22.8485
    0.0000  -30.0000  -22.5000 8772.6992   22.8402
    7.5000  -30.0000  -22.5000 8382.4131   22.8215
   -7.5000  -22.5000  -22.5000 9266.9512   22.8715
    0.0000  -22.5000  -22.5000 9376.5742   22.8515
    7.5000  -22.5000  -22.5000 8981.2119   22.8369
   -7.5000  -15.0000  -22.5000 9842.4668   22.8784
    0.0000  -15.0000  -22.5000 9953.8115   22.8651
    7.5000  -15.0000  -22.5000 9515.9355   22.8584
   -7.5000   -7.5000  -22.5000 9999.1396   22.8641
    0.0000   -7.5000  -22.500010106.1152   22.8644
    7.5000   -7.5000  -22.5000 9643.1045   22.8584
   -7.5000    0.0000  -22.500010076.7051   22.8361
    0.0000    0.0000  -22.500010214.7119   22.8423
    7.5000    0.0000  -22.5000 9736.3994   22.8284
   -7.5000    7.5000  -22.5000 9707.8184   22.8236
    0.0000    7.5000  -22.5000 9856.5713   22.8266
    7.5000    7.5000  -22.5000 9398.4053   22.8078
   -7.5000   15.0000  -22.5000 9563.0850   22.8430
    0.0000   15.0000  -22.5000 9680.7139   22.8347
    7.5000   15.0000  -22.5000 9212.0596   22.8160
   -7.5000   22.5000  -22.5000 8983.5605   22.5689
    0.0000   22.5000  -22.5000 9087.4551   22.5491
    7.5000   22.5000  -22.5000 8632.2314   22.5348
   -7.5000   30.0000  -22.5000 8194.7334   22.0165
    0.0000   30.0000  -22.5000 8303.4912   22.0036
    7.5000   30.0000  -22.5000 7888.0601   21.9972
   -7.5000   37.5000  -22.5000 7448.7300   21.3298
    0.0000   37.5000  -22.5000 7526.3252   21.3301
    7.5000   37.5000  -22.5000 7157.1362   21.3245
   -7.5000   45.0000  -22.5000 6667.7983   20.5277
    0.0000   45.0000  -22.5000 6731.8647   20.5333
    7.5000   45.0000  -22.5000 6418.5845   20.5207
   -7.5000  -45.0000  -15.0000 7996.8413   21.6562
    0.0000  -45.0000  -15.0000 8083.9321   21.6704
    7.5000  -45.0000  -15.0000 7731.9331   21.6690
   -7.5000  -37.5000  -15.0000 8574.2510   23.0292
    0.0000  -37.5000  -15.0000 8658.2207   23.0419
    7.5000  -37.5000  -15.0000 8300.8496   23.0301
   -7.5000  -30.0000  -15.0000 9174.0967   23.6395
    0.0000  -30.0000  -15.0000 9266.1016   23.6427
    7.5000  -30.0000  -15.0000 8887.7666   23.6265
   -7.5000  -22.5000  -15.0000 9820.7256   23.6560
    0.0000  -22.5000  -15.0000 9901.8184   23.6498
    7.5000  -22.5000  -15.0000 9514.1406   23.6388
   -7.5000  -15.0000  -15.000010422.8242   23.6715
    0.0000  -15.0000  -15.000010484.2666   23.6724
    7.5000  -15.0000  -15.000010071.7090   23.6749
   -7.5000   -7.5000  -15.000010549.9023   23.6672
    0.0000   -7.5000  -15.000010624.0352   23.6789
    7.5000   -7.5000  -15.000010183.9131   23.6864
   -7.5000    0.0000  -15.000010607.7705   23.6440
    0.0000    0.0000  -15.000010717.7295   23.6596
    7.5000    0.0000  -15.000010260.5508   23.6580
   -7.5000    7.5000  -15.000010229.2559   23.6251
    0.0000    7.5000  -15.000010341.3789   23.6382
    7.5000    7.5000  -15.0000 9889.7568   23.6260
   -7.5000   15.0000  -15.000010030.6865   23.6322
    0.0000   15.0000  -15.000010130.8506   23.6354
    7.5000   15.0000  -15.0000 9673.7158   23.6192
   -7.5000   22.5000  -15.0000 9390.4854   23.3466
    0.0000   22.5000  -15.0000 9475.3408   23.3405
    7.5000   22.5000  -15.0000 9028.0615   23.3296
   -7.5000   30.0000  -15.0000 8569.1953   22.7968
    0.0000   30.0000  -15.0000 8658.9014   22.7977
    7.5000   30.0000  -15.0000 8251.5566   22.8001
   -7.5000   37.5000  -15.0000 7793.2896   22.1127
    0.0000   37.5000  -15.0000 7865.7070   22.1237
    7.5000   37.5000  -15.0000 7480.4097   22.1307
   -7.5000   45.0000  -15.0000 6954.7451   21.3060
    0.0000   45.0000  -15.0000 7020.7871   21.3200
    7.5000   45.0000  -15.0000 6691.5791   21.3185
   -7.5000  -45.0000   -7.5000 8214.6865   21.7380
    0.0000  -45.0000   -7.5000 8295.7461   21.7457
    7.5000  -45.0000   -7.5000 7933.2168   21.7233
   -7.5000  -37.5000   -7.5000 8772.2725   23.1072
    0.0000  -37.5000   -7.5000 8865.5479   23.1121
    7.5000  -37.5000   -7.5000 8487.3047   23.0855
   -7.5000  -30.0000   -7.5000 9389.1787   23.7038
    0.0000  -30.0000   -7.5000 9472.2227   23.6991
    7.5000  -30.0000   -7.5000 9078.5859   23.6702
   -7.5000  -22.5000   -7.500010062.5371   23.7138
    0.0000  -22.5000   -7.500010137.1611   23.7027
    7.5000  -22.5000   -7.5000 9726.0723   23.6742
   -7.5000  -15.0000   -7.500010655.5869   23.7407
    0.0000  -15.0000   -7.500010706.6279   23.7380
    7.5000  -15.0000   -7.500010277.9160   23.7150
   -7.5000   -7.5000   -7.500010754.8037   23.7507
    0.0000   -7.5000   -7.500010800.6309   23.7569
    7.5000   -7.5000   -7.500010383.1143   23.7360
   -7.5000    0.0000   -7.500010821.8467   23.7334
    0.0000    0.0000   -7.500010884.5186   23.7419
    7.5000    0.0000   -7.500010449.6377   23.7174
   -7.5000    7.5000   -7.500010427.1348   23.7052
    0.0000    7.5000   -7.500010492.9980   23.7102
    7.5000    7.5000   -7.500010078.4463   23.6829
   -7.5000   15.0000   -7.500010168.2900   23.6965
    0.0000   15.0000   -7.500010209.0596   23.6918
    7.5000   15.0000   -7.5000 9808.0225   23.6629
   -7.5000   22.5000   -7.5000 9480.8828   23.4036
    0.0000   22.5000   -7.5000 9496.6504   23.3926
    7.5000   22.5000   -7.5000 9103.7061   23.3645
   -7.5000   30.0000   -7.5000 8677.0264   22.8635
    0.0000   30.0000   -7.5000 8707.0967   22.8608
    7.5000   30.0000   -7.5000 8325.6035   22.8387
   -7.5000   37.5000   -7.5000 7896.5977   22.1908
    0.0000   37.5000   -7.5000 7920.5356   22.1966
    7.5000   37.5000   -7.5000 7570.4229   22.1770
   -7.5000   45.0000   -7.5000 7058.4126   21.3866
    0.0000   45.0000   -7.5000 7101.3325   21.3942
    7.5000   45.0000   -7.5000 6774.3818   21.3722
   -7.5000  -45.0000    0.0000 8224.7539   22.3570
    0.0000  -45.0000    0.0000 8331.7314   22.3520
    7.5000  -45.0000    0.0000 7960.7290   22.2950
   -7.5000  -37.5000    0.0000 8780.6846   23.7485
    0.0000  -37.5000    0.0000 8857.9473   23.7386
    7.5000  -37.5000    0.0000 8486.4746   23.6894
   -7.5000  -30.0000    0.0000 9406.6260   24.3402
    0.0000  -30.0000    0.0000 9469.2939   24.3175
    7.5000  -30.0000    0.0000 9073.4648   24.2719
   -7.5000  -22.5000    0.000010080.4111   24.3504
    0.0000  -22.5000    0.000010166.2529   24.3196
    7.5000  -22.5000    0.0000 9752.6367   24.2684
   -7.5000  -15.0000    0.000010610.0137   24.3850
    0.0000  -15.0000    0.000010598.9619   24.3632
    7.5000  -15.0000    0.000010225.0195   24.3035
   -7.5000   -7.5000    0.000010659.6318   24.4027
    0.0000   -7.5000    0.000010643.1240   24.3923
    7.5000   -7.5000    0.000010267.8760   24.3272
   -7.5000    0.0000    0.000010757.1475   24.3851
    0.0000    0.0000    0.000010780.8193   24.3796
    7.5000    0.0000    0.000010381.9590   24.3175
   -7.5000    7.5000    0.000010365.9141   24.3469
    0.0000    7.5000    0.000010366.5527   24.3368
    7.5000    7.5000    0.000010007.7705   24.2864
   -7.5000   15.0000    0.000010097.8916   24.3315
    0.0000   15.0000    0.000010059.6660   24.3088
    7.5000   15.0000    0.0000 9750.6934   24.2634
   -7.5000   22.5000    0.0000 9385.2012   24.0352
    0.0000   22.5000    0.0000 9335.5615   24.0048
    7.5000   22.5000    0.0000 9030.0361   23.9543
   -7.5000   30.0000    0.0000 8632.3271   23.4981
    0.0000   30.0000    0.0000 8600.6182   23.4771
    7.5000   30.0000    0.0000 8273.7217   23.4196
   -7.5000   37.5000    0.0000 7845.1685   22.8272
    0.0000   37.5000    0.0000 7820.6392   22.8175
    7.5000   37.5000    0.0000 7514.5713   22.7566
   -7.5000   45.0000    0.0000 7034.6343   22.0160
    0.0000   45.0000    0.0000 7028.6050   22.0110
    7.5000   45.0000    0.0000 6729.5830   21.9550
   -7.5000  -45.0000    7.5000 7928.7451   22.3476
    0.0000  -45.0000    7.5000 8029.3779   22.3328
    7.5000  -45.0000    7.5000 7677.2759   22.2636
   -7.5000  -37.5000    7.5000 8467.0020   23.7425
    0.0000  -37.5000    7.5000 8549.0586   23.7238
    7.5000  -37.5000    7.5000 8191.1724   23.6672
   -7.5000  -30.0000    7.5000 9076.3350   24.3445
    0.0000  -30.0000    7.5000 9170.2607   24.3124
    7.5000  -30.0000    7.5000 8768.8906   24.2639
   -7.5000  -22.5000    7.5000 9721.8477   24.3597
    0.0000  -22.5000    7.5000 9757.6592   24.3154
    7.5000  -22.5000    7.5000 9364.8350   24.2607
   -7.5000  -15.0000    7.500010203.0889   24.3866
    0.0000  -15.0000    7.500010116.4736   24.3483
    7.5000  -15.0000    7.5000 9761.9004   24.2800
   -7.5000   -7.5000    7.500010223.1963   24.3960
    0.0000   -7.5000    7.500010134.4004   24.3716
    7.5000   -7.5000    7.5000 9808.6484   24.2930
   -7.5000    0.0000    7.500010335.8994   24.3748
    0.0000    0.0000    7.500010312.4736   24.3587
    7.5000    0.0000    7.5000 9959.7803   24.2832
   -7.5000    7.5000    7.5000 9980.3672   24.3408
    0.0000    7.5000    7.5000 9956.0020   24.3216
    7.5000    7.5000    7.5000 9633.8398   24.2636
   -7.5000   15.0000    7.5000 9733.8906   24.3359
    0.0000   15.0000    7.5000 9696.9053   24.3038
    7.5000   15.0000    7.5000 9382.7109   24.2553
   -7.5000   22.5000    7.5000 9002.9014   24.0444
    0.0000   22.5000    7.5000 8952.5078   24.0007
    7.5000   22.5000    7.5000 8652.0693   23.9467
   -7.5000   30.0000    7.5000 8284.7832   23.4997
    0.0000   30.0000    7.5000 8228.8906   23.4628
    7.5000   30.0000    7.5000 7936.7021   23.3969
   -7.5000   37.5000    7.5000 7525.7319   22.8210
    0.0000   37.5000    7.5000 7463.6895   22.7982
    7.5000   37.5000    7.5000 7204.9946   22.7246
   -7.5000   45.0000    7.5000 6736.9043   22.0063
    0.0000   45.0000    7.5000 6690.8726   21.9917
    7.5000   45.0000    7.5000 6453.8633   21.9236
   -7.5000  -45.0000   15.0000 7884.1631   22.2813
    0.0000  -45.0000   15.0000 7985.5332   22.2704
    7.5000  -45.0000   15.0000 7618.3335   22.2208
   -7.5000  -37.5000   15.0000 8430.3857   23.6831
    0.0000  -37.5000   15.0000 8506.6016   23.6687
    7.5000  -37.5000   15.0000 8138.9570   23.6253
   -7.5000  -30.0000   15.0000 9022.1689   24.3019
    0.0000  -30.0000   15.0000 9083.7266   24.2748
    7.5000  -30.0000   15.0000 8710.0957   24.2377
   -7.5000  -22.5000   15.0000 9662.3213   24.3243
    0.0000  -22.5000   15.0000 9670.6172   24.2838
    7.5000  -22.5000   15.0000 9293.0723   24.2450
   -7.5000  -15.0000   15.000010260.3887   24.3371
    0.0000  -15.0000   15.000010150.3213   24.3022
    7.5000  -15.0000   15.0000 9793.9033   24.2575
   -7.5000   -7.5000   15.000010359.4053   24.3296
    0.0000   -7.5000   15.000010223.6221   24.3096
    7.5000   -7.5000   15.0000 9911.2549   24.2577
   -7.5000    0.0000   15.000010422.6611   24.3024
    0.0000    0.0000   15.000010343.0156   24.2906
    7.5000    0.0000   15.000010011.3564   24.2365
   -7.5000    7.5000   15.000010019.4639   24.2799
    0.0000    7.5000   15.0000 9987.0635   24.2651
    7.5000    7.5000   15.0000 9628.4453   24.2207
   -7.5000   15.0000   15.0000 9743.4395   24.2933
    0.0000   15.0000   15.0000 9718.6836   24.2662
    7.5000   15.0000   15.0000 9359.6182   24.2291
   -7.5000   22.5000   15.0000 8960.8096   24.0095
    0.0000   22.5000   15.0000 8933.0547   23.9696
    7.5000   22.5000   15.0000 8590.8340   23.9313
   -7.5000   30.0000   15.0000 8223.5117   23.4519
    0.0000   30.0000   15.0000 8195.4111   23.4183
    7.5000   30.0000   15.0000 7864.0127   23.3753
   -7.5000   37.5000   15.0000 7452.9404   22.7589
    0.0000   37.5000   15.0000 7416.8384   22.7401
    7.5000   37.5000   15.0000 7100.4097   22.6916
   -7.5000   45.0000   15.0000 6647.6768   21.9406
    0.0000   45.0000   15.0000 6632.9976   21.9299
    7.5000   45.0000   15.0000 6346.2544   21.8811
   -7.5000  -45.0000   22.5000 7419.8989   22.4115
    0.0000  -45.0000   22.5000 7518.3105   22.4164
    7.5000  -45.0000   22.5000 7179.4771   22.4041
   -7.5000  -37.5000   22.5000 7933.6147   23.8272
    0.0000  -37.5000   22.5000 8039.8120   23.8291
    7.5000  -37.5000   22.5000 7680.9170   23.8109
   -7.5000  -30.0000   22.5000 8504.1621   24.4581
    0.0000  -30.0000   22.5000 8629.1357   24.4481
    7.5000  -30.0000   22.5000 8238.3555   24.4300
   -7.5000  -22.5000   22.5000 9129.7324   24.4846
    0.0000  -22.5000   22.5000 9234.5742   24.4622
    7.5000  -22.5000   22.5000 8806.8779   24.4489
   -7.5000  -15.0000   22.5000 9666.0605   24.4927
    0.0000  -15.0000   22.5000 9744.3525   24.4775
    7.5000  -15.0000   22.5000 9284.9443   24.4728
   -7.5000   -7.5000   22.5000 9760.1191   24.4763
    0.0000   -7.5000   22.5000 9838.0049   24.4755
    7.5000   -7.5000   22.5000 9380.8691   24.4712
   -7.5000    0.0000   22.5000 9829.8916   24.4443
    0.0000    0.0000   22.5000 9905.1133   24.4497
    7.5000    0.0000   22.5000 9442.9434   24.4363
   -7.5000    7.5000   22.5000 9449.2686   24.4276
    0.0000    7.5000   22.5000 9507.3789   24.4296
    7.5000    7.5000   22.5000 9077.7500   24.4109
   -7.5000   15.0000   22.5000 9196.6777   24.4494
    0.0000   15.0000   22.5000 9226.6494   24.4395
    7.5000   15.0000   22.5000 8835.5850   24.4214
   -7.5000   22.5000   22.5000 8480.7021   24.1677
    0.0000   22.5000   22.5000 8461.6172   24.1456
    7.5000   22.5000   22.5000 8120.1440   24.1325
   -7.5000   30.0000   22.5000 7783.9521   23.6020
    0.0000   30.0000   22.5000 7738.4385   23.5873
    7.5000   30.0000   22.5000 7426.9595   23.5827
   -7.5000   37.5000   22.5000 7030.3652   22.8961
    0.0000   37.5000   22.5000 6978.3511   22.8954
    7.5000   37.5000   22.5000 6693.8110   22.8913
   -7.5000   45.0000   22.5000 6252.3110   22.0687
    0.0000   45.0000   22.5000 6224.4487   22.0736
    7.5000   45.0000   22.5000 5968.2305   22.0614
   -7.5000  -45.0000   30.0000 6901.7974   22.8064
    0.0000  -45.0000   30.0000 7015.3477   22.8237
    7.5000  -45.0000   30.0000 6676.4473   22.8267
   -7.5000  -37.5000   30.0000 7390.5029   24.2549
    0.0000  -37.5000   30.0000 7513.9443   24.2702
    7.5000  -37.5000   30.0000 7148.9150   24.2626
   -7.5000  -30.0000   30.0000 7925.7129   24.8879
    0.0000  -30.0000   30.0000 8071.0864   24.8929
    7.5000  -30.0000   30.0000 7668.6465   24.8801
   -7.5000  -22.5000   30.0000 8501.5996   24.9056
    0.0000  -22.5000   30.0000 8629.4355   24.9011
    7.5000  -22.5000   30.0000 8204.9824   24.8929
   -7.5000  -15.0000   30.0000 9006.4062   24.9208
    0.0000  -15.0000   30.0000 9120.4121   24.9244
    7.5000  -15.0000   30.0000 8679.8633   24.9306
   -7.5000   -7.5000   30.0000 9092.9336   24.9147
    0.0000   -7.5000   30.0000 9203.7490   24.9300
    7.5000   -7.5000   30.0000 8752.1494   24.9422
   -7.5000    0.0000   30.0000 9149.3457   24.8902
    0.0000    0.0000   30.0000 9240.4443   24.9091
    7.5000    0.0000   30.0000 8805.6289   24.9125
   -7.5000    7.5000   30.0000 8816.8135   24.8704
    0.0000    7.5000   30.0000 8904.2100   24.8860
    7.5000    7.5000   30.0000 8485.9150   24.8783
   -7.5000   15.0000   30.0000 8593.4404   24.8790
    0.0000   15.0000   30.0000 8657.9033   24.8840
    7.5000   15.0000   30.0000 8264.9111   24.8712
   -7.5000   22.5000   30.0000 7909.1460   24.5811
    0.0000   22.5000   30.0000 7946.0142   24.5766
    7.5000   22.5000   30.0000 7592.5146   24.5685
   -7.5000   30.0000   30.0000 7263.6206   24.0255
    0.0000   30.0000   30.0000 7278.6401   24.0289
    7.5000   30.0000   30.0000 6953.8096   24.0349
   -7.5000   37.5000   30.0000 6552.5337   23.3281
    0.0000   37.5000   30.0000 6562.7168   23.3424
    7.5000   37.5000   30.0000 6266.1250   23.3538
   -7.5000   45.0000   30.0000 5836.2192   22.5022
    0.0000   45.0000   30.0000 5842.0264   22.5193
    7.5000   45.0000   30.0000 5586.9800   22.5222
   -7.5000  -45.0000   37.5000 6420.6689   23.1794
    0.0000  -45.0000   37.5000 6502.0342   23.1957
    7.5000  -45.0000   37.5000 6204.0889   23.1754
   -7.5000  -37.5000   37.5000 6871.4795   24.6522
    0.0000  -37.5000   37.5000 6958.2090   24.6659
    7.5000  -37.5000   37.5000 6638.2676   24.6407
   -7.5000  -30.0000   37.5000 7368.6206   25.2693
    0.0000  -30.0000   37.5000 7461.3281   25.2695
    7.5000  -30.0000   37.5000 7106.5620   25.2393
   -7.5000  -22.5000   37.5000 7891.3901   25.2831
    0.0000  -22.5000   37.5000 7991.5552   25.2729
    7.5000  -22.5000   37.5000 7612.5566   25.2410
   -7.5000  -15.0000   37.5000 8358.2520   25.3053
    0.0000  -15.0000   37.5000 8457.8184   25.3045
    7.5000  -15.0000   37.5000 8060.9229   25.2794
   -7.5000   -7.5000   37.5000 8441.5439   25.3076
    0.0000   -7.5000   37.5000 8536.6592   25.3196
    7.5000   -7.5000   37.5000 8143.1025   25.2993
   -7.5000    0.0000   37.5000 8496.1670   25.2876
    0.0000    0.0000   37.5000 8582.0645   25.3054
    7.5000    0.0000   37.5000 8199.1699   25.2832
   -7.5000    7.5000   37.5000 8203.1104   25.2622
    0.0000    7.5000   37.5000 8271.9971   25.2761
    7.5000    7.5000   37.5000 7886.6514   25.2503
   -7.5000   15.0000   37.5000 8028.9399   25.2601
    0.0000   15.0000   37.5000 8084.8760   25.2603
    7.5000   15.0000   37.5000 7714.9805   25.2301
   -7.5000   22.5000   37.5000 7390.9907   24.9494
    0.0000   22.5000   37.5000 7408.6587   24.9393
    7.5000   22.5000   37.5000 7091.9692   24.9078
   -7.5000   30.0000   37.5000 6788.2173   24.3959
    0.0000   30.0000   37.5000 6791.2114   24.3952
    7.5000   30.0000   37.5000 6497.9858   24.3710
   -7.5000   37.5000   37.5000 6127.9468   23.6962
    0.0000   37.5000   37.5000 6135.2686   23.7075
    7.5000   37.5000   37.5000 5867.3730   23.6885
   -7.5000   45.0000   37.5000 5454.0225   22.8573
    0.0000   45.0000   37.5000 5464.0640   22.8733
    7.5000   45.0000   37.5000 5228.6250   22.8533
   -7.5000  -45.0000   45.0000 5917.5405   23.6398
    0.0000  -45.0000   45.0000 6003.1509   23.6482
    7.5000  -45.0000   45.0000 5738.7983   23.6083
   -7.5000  -37.5000   45.0000 6342.8008   25.1461
    0.0000  -37.5000   45.0000 6429.3081   25.1515
    7.5000  -37.5000   45.0000 6142.2930   25.1226
   -7.5000  -30.0000   45.0000 6800.2300   25.7494
    0.0000  -30.0000   45.0000 6880.5645   25.7403
    7.5000  -30.0000   45.0000 6564.3560   25.7151
   -7.5000  -22.5000   45.0000 7272.9126   25.7588
    0.0000  -22.5000   45.0000 7369.7441   25.7388
    7.5000  -22.5000   45.0000 7021.4062   25.7049
   -7.5000  -15.0000   45.0000 7689.7637   25.7771
    0.0000  -15.0000   45.0000 7798.9922   25.7659
    7.5000  -15.0000   45.0000 7437.7222   25.7217
   -7.5000   -7.5000   45.0000 7773.1729   25.7817
    0.0000   -7.5000   45.0000 7880.4580   25.7835
    7.5000   -7.5000   45.0000 7523.4604   25.7345
   -7.5000    0.0000   45.0000 7848.2896   25.7674
    0.0000    0.0000   45.0000 7933.3223   25.7766
    7.5000    0.0000   45.0000 7583.9268   25.7330
   -7.5000    7.5000   45.0000 7584.7393   25.7434
    0.0000    7.5000   45.0000 7654.4751   25.7490
    7.5000    7.5000   45.0000 7309.2754   25.7194
   -7.5000   15.0000   45.0000 7440.7402   25.7398
    0.0000   15.0000   45.0000 7505.6050   25.7307
    7.5000   15.0000   45.0000 7165.7852   25.7055
   -7.5000   22.5000   45.0000 6849.9819   25.4154
    0.0000   22.5000   45.0000 6889.8008   25.3956
    7.5000   22.5000   45.0000 6583.7158   25.3622
   -7.5000   30.0000   45.0000 6298.9678   24.8483
    0.0000   30.0000   45.0000 6328.9478   24.8375
    7.5000   30.0000   45.0000 6059.5713   24.7949
   -7.5000   37.5000   45.0000 5699.7896   24.1337
    0.0000   37.5000   45.0000 5721.9346   24.1355
    7.5000   37.5000   45.0000 5475.0244   24.0896
   -7.5000   45.0000   45.0000 5084.8599   23.2751
    0.0000   45.0000   45.0000 5104.0938   23.2833
    7.5000   45.0000   45.0000 4887.1504   23.2440

---------------------------------------------------------------------
imgreg_4dfp /opt/freesurfer/average/711-2C_as_mni_average_305 /opt/freesurfer/average/711-2B_as_mni_average_305_mask talsrcimg_g11 none talsrcimg_to_711-2C_as_mni_average_305_t4 4355
---------------------------------------------------------------------

freesurfer imgreg_4dfp.c
/opt/freesurfer/average/711-2C_as_mni_average_305.4dfp.img
       256       256       256         1
  1.000000  1.000000  1.000000
orientation T byte_order littleendian
Reading image: /opt/freesurfer/average/711-2C_as_mni_average_305.4dfp.img
dimensions:      256       256       256
mmppix:       1.0000   -1.0000   -1.0000
center:     128.0000 -129.0000 -129.0000
/opt/freesurfer/average/711-2B_as_mni_average_305_mask.4dfp.img
       256       256       256         1
  1.000000  1.000000  1.000000
orientation T byte_order littleendian
Reading mask: /opt/freesurfer/average/711-2B_as_mni_average_305_mask.4dfp.img (2306576 pixels)
talsrcimg_g11.4dfp.img
       256       256       256         1
  0.900000  0.900000  0.900000
orientation T byte_order littleendian
Reading image: talsrcimg_g11.4dfp.img
dimensions:      256       256       256
mmppix:       0.9000   -0.9000   -0.9000
center:     115.2000 -116.1000 -116.1000
rotation matrix determinant  1.000000
image alignment mode   4355 decimal     1103 hex
   -7.5000  -45.0000  -52.5000 1750.3788   20.4202
    0.0000  -45.0000  -52.5000 1761.9718   20.2303
    7.5000  -45.0000  -52.5000 1754.2235   20.4105
   -7.5000  -37.5000  -52.5000 1839.3535   18.8373
    0.0000  -37.5000  -52.5000 1849.9164   18.6797
    7.5000  -37.5000  -52.5000 1839.9298   18.8677
   -7.5000  -30.0000  -52.5000 1893.7760   17.7359
    0.0000  -30.0000  -52.5000 1906.4218   17.5553
    7.5000  -30.0000  -52.5000 1896.2697   17.7010
   -7.5000  -22.5000  -52.5000 1914.0288   17.0119
    0.0000  -22.5000  -52.5000 1931.3374   16.8199
    7.5000  -22.5000  -52.5000 1918.7917   16.9451
   -7.5000  -15.0000  -52.5000 1924.0322   16.6115
    0.0000  -15.0000  -52.5000 1940.3176   16.3926
    7.5000  -15.0000  -52.5000 1928.7358   16.5303
   -7.5000   -7.5000  -52.5000 1922.2006   16.5336
    0.0000   -7.5000  -52.5000 1937.9956   16.2756
    7.5000   -7.5000  -52.5000 1927.8779   16.4167
   -7.5000    0.0000  -52.5000 1902.9312   16.8165
    0.0000    0.0000  -52.5000 1920.9789   16.5129
    7.5000    0.0000  -52.5000 1909.7318   16.7104
   -7.5000    7.5000  -52.5000 1872.9368   17.4573
    0.0000    7.5000  -52.5000 1893.4470   17.1335
    7.5000    7.5000  -52.5000 1883.5673   17.2992
   -7.5000   15.0000  -52.5000 1830.8877   18.3830
    0.0000   15.0000  -52.5000 1850.7227   18.0863
    7.5000   15.0000  -52.5000 1840.3514   18.2557
   -7.5000   22.5000  -52.5000 1773.6296   19.8040
    0.0000   22.5000  -52.5000 1792.0902   19.5010
    7.5000   22.5000  -52.5000 1778.9642   19.6476
   -7.5000   30.0000  -52.5000 1697.7325   21.7650
    0.0000   30.0000  -52.5000 1718.0396   21.4660
    7.5000   30.0000  -52.5000 1705.7745   21.6238
   -7.5000   37.5000  -52.5000 1584.2146   24.1818
    0.0000   37.5000  -52.5000 1603.0380   23.9056
    7.5000   37.5000  -52.5000 1594.5480   23.9977
   -7.5000   45.0000  -52.5000 1446.5164   26.9842
    0.0000   45.0000  -52.5000 1467.1422   26.7621
    7.5000   45.0000  -52.5000 1454.0509   26.7938
   -7.5000  -45.0000  -45.0000 1911.9369   20.3543
    0.0000  -45.0000  -45.0000 1934.1125   20.1117
    7.5000  -45.0000  -45.0000 1918.1193   20.3151
   -7.5000  -37.5000  -45.0000 2008.7762   18.7791
    0.0000  -37.5000  -45.0000 2027.6741   18.6017
    7.5000  -37.5000  -45.0000 2016.8191   18.7821
   -7.5000  -30.0000  -45.0000 2067.7385   17.6303
    0.0000  -30.0000  -45.0000 2084.7109   17.4686
    7.5000  -30.0000  -45.0000 2075.3330   17.6415
   -7.5000  -22.5000  -45.0000 2096.4368   16.8966
    0.0000  -22.5000  -45.0000 2113.0923   16.6898
    7.5000  -22.5000  -45.0000 2105.1846   16.8346
   -7.5000  -15.0000  -45.0000 2107.8831   16.4935
    0.0000  -15.0000  -45.0000 2126.3062   16.2740
    7.5000  -15.0000  -45.0000 2118.5491   16.4143
   -7.5000   -7.5000  -45.0000 2098.2832   16.4179
    0.0000   -7.5000  -45.0000 2119.0242   16.1843
    7.5000   -7.5000  -45.0000 2112.3574   16.3150
   -7.5000    0.0000  -45.0000 2076.0808   16.7004
    0.0000    0.0000  -45.0000 2094.3762   16.4189
    7.5000    0.0000  -45.0000 2085.8220   16.5728
   -7.5000    7.5000  -45.0000 2046.1573   17.2765
    0.0000    7.5000  -45.0000 2071.8010   16.9651
    7.5000    7.5000  -45.0000 2058.8918   17.1290
   -7.5000   15.0000  -45.0000 2004.0476   18.2181
    0.0000   15.0000  -45.0000 2025.6538   17.8764
    7.5000   15.0000  -45.0000 2013.8699   18.0764
   -7.5000   22.5000  -45.0000 1937.9243   19.6799
    0.0000   22.5000  -45.0000 1960.5831   19.2823
    7.5000   22.5000  -45.0000 1948.7148   19.4861
   -7.5000   30.0000  -45.0000 1850.7444   21.5802
    0.0000   30.0000  -45.0000 1877.9420   21.1984
    7.5000   30.0000  -45.0000 1864.3351   21.4408
   -7.5000   37.5000  -45.0000 1723.7806   23.9499
    0.0000   37.5000  -45.0000 1751.7712   23.5771
    7.5000   37.5000  -45.0000 1737.5729   23.7308
   -7.5000   45.0000  -45.0000 1577.6022   26.7425
    0.0000   45.0000  -45.0000 1598.7032   26.3685
    7.5000   45.0000  -45.0000 1584.7480   26.4759
   -7.5000  -45.0000  -37.5000 2063.9768   19.9871
    0.0000  -45.0000  -37.5000 2087.2202   19.7651
    7.5000  -45.0000  -37.5000 2075.9307   20.0389
   -7.5000  -37.5000  -37.5000 2163.1191   18.3796
    0.0000  -37.5000  -37.5000 2185.2678   18.2232
    7.5000  -37.5000  -37.5000 2176.5659   18.4902
   -7.5000  -30.0000  -37.5000 2229.1599   17.2579
    0.0000  -30.0000  -37.5000 2250.0107   17.1066
    7.5000  -30.0000  -37.5000 2236.7429   17.2939
   -7.5000  -22.5000  -37.5000 2259.8086   16.5119
    0.0000  -22.5000  -37.5000 2282.9546   16.3574
    7.5000  -22.5000  -37.5000 2268.9585   16.4956
   -7.5000  -15.0000  -37.5000 2280.8508   16.1166
    0.0000  -15.0000  -37.5000 2304.1760   15.9329
    7.5000  -15.0000  -37.5000 2289.6685   16.0551
   -7.5000   -7.5000  -37.5000 2281.2983   16.0360
    0.0000   -7.5000  -37.5000 2305.5791   15.8226
    7.5000   -7.5000  -37.5000 2290.8088   15.9530
   -7.5000    0.0000  -37.5000 2257.4431   16.3212
    0.0000    0.0000  -37.5000 2279.6914   16.0866
    7.5000    0.0000  -37.5000 2269.3821   16.2207
   -7.5000    7.5000  -37.5000 2218.1157   16.9004
    0.0000    7.5000  -37.5000 2246.5667   16.6099
    7.5000    7.5000  -37.5000 2238.3215   16.7780
   -7.5000   15.0000  -37.5000 2167.6707   17.8562
    0.0000   15.0000  -37.5000 2193.8711   17.5085
    7.5000   15.0000  -37.5000 2185.8020   17.6882
   -7.5000   22.5000  -37.5000 2090.8643   19.2806
    0.0000   22.5000  -37.5000 2119.5823   18.8867
    7.5000   22.5000  -37.5000 2104.0339   19.0853
   -7.5000   30.0000  -37.5000 1994.7703   21.1786
    0.0000   30.0000  -37.5000 2025.4629   20.7471
    7.5000   30.0000  -37.5000 2008.5791   20.9284
   -7.5000   37.5000  -37.5000 1862.0787   23.4918
    0.0000   37.5000  -37.5000 1889.7074   23.1402
    7.5000   37.5000  -37.5000 1873.9014   23.2661
   -7.5000   45.0000  -37.5000 1700.9154   26.2293
    0.0000   45.0000  -37.5000 1727.6389   25.8287
    7.5000   45.0000  -37.5000 1712.7621   25.9344
   -7.5000  -45.0000  -30.0000 2197.5447   19.5243
    0.0000  -45.0000  -30.0000 2219.6416   19.2868
    7.5000  -45.0000  -30.0000 2208.8403   19.6285
   -7.5000  -37.5000  -30.0000 2305.4097   17.8961
    0.0000  -37.5000  -30.0000 2329.6948   17.7202
    7.5000  -37.5000  -30.0000 2314.0430   17.9758
   -7.5000  -30.0000  -30.0000 2379.1018   16.7700
    0.0000  -30.0000  -30.0000 2401.2087   16.5929
    7.5000  -30.0000  -30.0000 2382.2993   16.7759
   -7.5000  -22.5000  -30.0000 2412.4312   15.9957
    0.0000  -22.5000  -30.0000 2437.2078   15.8593
    7.5000  -22.5000  -30.0000 2419.9570   15.9881
   -7.5000  -15.0000  -30.0000 2443.3472   15.5588
    0.0000  -15.0000  -30.0000 2466.7900   15.3916
    7.5000  -15.0000  -30.0000 2446.6299   15.5127
   -7.5000   -7.5000  -30.0000 2451.1870   15.5188
    0.0000   -7.5000  -30.0000 2482.9243   15.3049
    7.5000   -7.5000  -30.0000 2459.7722   15.4282
   -7.5000    0.0000  -30.0000 2429.4011   15.7959
    0.0000    0.0000  -30.0000 2461.3142   15.5991
    7.5000    0.0000  -30.0000 2442.0229   15.7040
   -7.5000    7.5000  -30.0000 2385.1675   16.3932
    0.0000    7.5000  -30.0000 2422.0125   16.1657
    7.5000    7.5000  -30.0000 2404.5181   16.2648
   -7.5000   15.0000  -30.0000 2324.1567   17.3253
    0.0000   15.0000  -30.0000 2359.2495   17.0441
    7.5000   15.0000  -30.0000 2344.1956   17.1866
   -7.5000   22.5000  -30.0000 2236.3704   18.6806
    0.0000   22.5000  -30.0000 2269.4597   18.3438
    7.5000   22.5000  -30.0000 2252.7268   18.5331
   -7.5000   30.0000  -30.0000 2133.3474   20.4995
    0.0000   30.0000  -30.0000 2160.8362   20.1410
    7.5000   30.0000  -30.0000 2145.6775   20.3320
   -7.5000   37.5000  -30.0000 1988.0800   22.7804
    0.0000   37.5000  -30.0000 2014.9943   22.3790
    7.5000   37.5000  -30.0000 2002.7887   22.5625
   -7.5000   45.0000  -30.0000 1810.7505   25.3808
    0.0000   45.0000  -30.0000 1839.4198   24.9696
    7.5000   45.0000  -30.0000 1827.7971   25.1337
   -7.5000  -45.0000  -22.5000 2307.4197   18.9161
    0.0000  -45.0000  -22.5000 2324.7007   18.6970
    7.5000  -45.0000  -22.5000 2313.9089   19.0481
   -7.5000  -37.5000  -22.5000 2422.5120   17.3689
    0.0000  -37.5000  -22.5000 2442.6665   17.1479
    7.5000  -37.5000  -22.5000 2428.5457   17.4213
   -7.5000  -30.0000  -22.5000 2506.1985   16.2083
    0.0000  -30.0000  -22.5000 2528.0618   15.9831
    7.5000  -30.0000  -22.5000 2506.7290   16.2001
   -7.5000  -22.5000  -22.5000 2554.2649   15.4128
    0.0000  -22.5000  -22.5000 2576.0627   15.2124
    7.5000  -22.5000  -22.5000 2558.2834   15.3967
   -7.5000  -15.0000  -22.5000 2591.6670   14.9609
    0.0000  -15.0000  -22.5000 2616.5205   14.7677
    7.5000  -15.0000  -22.5000 2592.0088   14.9096
   -7.5000   -7.5000  -22.5000 2607.3821   14.9048
    0.0000   -7.5000  -22.5000 2638.9045   14.6892
    7.5000   -7.5000  -22.5000 2611.3638   14.8169
   -7.5000    0.0000  -22.5000 2585.8240   15.1892
    0.0000    0.0000  -22.5000 2623.9248   14.9955
    7.5000    0.0000  -22.5000 2599.6433   15.0839
   -7.5000    7.5000  -22.5000 2539.3242   15.7473
    0.0000    7.5000  -22.5000 2581.5452   15.5524
    7.5000    7.5000  -22.5000 2560.7991   15.6472
   -7.5000   15.0000  -22.5000 2468.1472   16.6691
    0.0000   15.0000  -22.5000 2507.0430   16.4236
    7.5000   15.0000  -22.5000 2487.4207   16.5559
   -7.5000   22.5000  -22.5000 2373.6626   17.9925
    0.0000   22.5000  -22.5000 2406.0608   17.6907
    7.5000   22.5000  -22.5000 2387.7080   17.8701
   -7.5000   30.0000  -22.5000 2255.6150   19.7880
    0.0000   30.0000  -22.5000 2283.1670   19.4233
    7.5000   30.0000  -22.5000 2266.0112   19.6496
   -7.5000   37.5000  -22.5000 2099.7554   21.9880
    0.0000   37.5000  -22.5000 2122.7632   21.5577
    7.5000   37.5000  -22.5000 2110.9182   21.8281
   -7.5000   45.0000  -22.5000 1910.6678   24.4585
    0.0000   45.0000  -22.5000 1930.5537   24.0147
    7.5000   45.0000  -22.5000 1922.4624   24.2973
   -7.5000  -45.0000  -15.0000 2379.8142   18.3574
    0.0000  -45.0000  -15.0000 2399.9927   18.0820
    7.5000  -45.0000  -15.0000 2382.5957   18.4385
   -7.5000  -37.5000  -15.0000 2505.7097   16.8143
    0.0000  -37.5000  -15.0000 2525.4172   16.5106
    7.5000  -37.5000  -15.0000 2506.2966   16.8018
   -7.5000  -30.0000  -15.0000 2600.2615   15.6185
    0.0000  -30.0000  -15.0000 2619.6106   15.3478
    7.5000  -30.0000  -15.0000 2602.0007   15.5867
   -7.5000  -22.5000  -15.0000 2662.3335   14.8167
    0.0000  -22.5000  -15.0000 2685.7249   14.5533
    7.5000  -22.5000  -15.0000 2668.0393   14.7785
   -7.5000  -15.0000  -15.0000 2712.8794   14.3572
    0.0000  -15.0000  -15.0000 2741.4739   14.1321
    7.5000  -15.0000  -15.0000 2717.4993   14.2772
   -7.5000   -7.5000  -15.0000 2736.5479   14.2853
    0.0000   -7.5000  -15.0000 2772.4507   14.0591
    7.5000   -7.5000  -15.0000 2744.7437   14.1930
   -7.5000    0.0000  -15.0000 2713.9539   14.5281
    0.0000    0.0000  -15.0000 2759.4214   14.3416
    7.5000    0.0000  -15.0000 2730.3711   14.4395
   -7.5000    7.5000  -15.0000 2663.4822   15.0954
    0.0000    7.5000  -15.0000 2706.8455   14.8978
    7.5000    7.5000  -15.0000 2679.9072   14.9739
   -7.5000   15.0000  -15.0000 2582.2568   15.9641
    0.0000   15.0000  -15.0000 2623.5891   15.7374
    7.5000   15.0000  -15.0000 2595.6799   15.8517
   -7.5000   22.5000  -15.0000 2471.5042   17.2540
    0.0000   22.5000  -15.0000 2509.0825   16.9991
    7.5000   22.5000  -15.0000 2485.1750   17.1234
   -7.5000   30.0000  -15.0000 2342.1680   19.0313
    0.0000   30.0000  -15.0000 2374.0671   18.7424
    7.5000   30.0000  -15.0000 2353.8105   18.8828
   -7.5000   37.5000  -15.0000 2177.4036   21.1675
    0.0000   37.5000  -15.0000 2203.6665   20.8326
    7.5000   37.5000  -15.0000 2185.1567   21.0044
   -7.5000   45.0000  -15.0000 1979.5112   23.6010
    0.0000   45.0000  -15.0000 1999.4589   23.2318
    7.5000   45.0000  -15.0000 1988.6604   23.3968
   -7.5000  -45.0000   -7.5000 2408.0938   17.8235
    0.0000  -45.0000   -7.5000 2427.8523   17.5214
    7.5000  -45.0000   -7.5000 2410.1689   17.8134
   -7.5000  -37.5000   -7.5000 2536.9001   16.2326
    0.0000  -37.5000   -7.5000 2559.1455   15.9332
    7.5000  -37.5000   -7.5000 2539.1479   16.2028
   -7.5000  -30.0000   -7.5000 2643.3223   15.0211
    0.0000  -30.0000   -7.5000 2668.0823   14.7213
    7.5000  -30.0000   -7.5000 2647.1799   14.9642
   -7.5000  -22.5000   -7.5000 2723.6313   14.1976
    0.0000  -22.5000   -7.5000 2755.1816   13.9135
    7.5000  -22.5000   -7.5000 2731.2244   14.1229
   -7.5000  -15.0000   -7.5000 2789.9004   13.7183
    0.0000  -15.0000   -7.5000 2828.7988   13.4412
    7.5000  -15.0000   -7.5000 2798.2012   13.6323
   -7.5000   -7.5000   -7.5000 2824.5916   13.5927
    0.0000   -7.5000   -7.5000 2871.1460   13.3750
    7.5000   -7.5000   -7.5000 2839.3015   13.5252
   -7.5000    0.0000   -7.5000 2802.8252   13.8545
    0.0000    0.0000   -7.5000 2857.3982   13.6804
    7.5000    0.0000   -7.5000 2820.6453   13.7977
   -7.5000    7.5000   -7.5000 2745.6682   14.4077
    0.0000    7.5000   -7.5000 2789.9290   14.1934
    7.5000    7.5000   -7.5000 2764.0732   14.3004
   -7.5000   15.0000   -7.5000 2647.6719   15.2597
    0.0000   15.0000   -7.5000 2686.2969   15.0274
    7.5000   15.0000   -7.5000 2662.7222   15.1248
   -7.5000   22.5000   -7.5000 2527.4346   16.5566
    0.0000   22.5000   -7.5000 2564.8379   16.2975
    7.5000   22.5000   -7.5000 2540.6252   16.3731
   -7.5000   30.0000   -7.5000 2386.9026   18.3134
    0.0000   30.0000   -7.5000 2419.5393   18.0398
    7.5000   30.0000   -7.5000 2396.7939   18.1163
   -7.5000   37.5000   -7.5000 2212.9890   20.3662
    0.0000   37.5000   -7.5000 2246.2266   20.0975
    7.5000   37.5000   -7.5000 2228.6479   20.2031
   -7.5000   45.0000   -7.5000 2006.5951   22.6853
    0.0000   45.0000   -7.5000 2036.1370   22.4023
    7.5000   45.0000   -7.5000 2020.2225   22.5729
   -7.5000  -45.0000    0.0000 2422.4436   17.6529
    0.0000  -45.0000    0.0000 2448.1194   17.3675
    7.5000  -45.0000    0.0000 2428.8906   17.6164
   -7.5000  -37.5000    0.0000 2548.8916   16.0439
    0.0000  -37.5000    0.0000 2576.3989   15.7206
    7.5000  -37.5000    0.0000 2556.6748   15.9415
   -7.5000  -30.0000    0.0000 2665.9182   14.8052
    0.0000  -30.0000    0.0000 2697.7368   14.4515
    7.5000  -30.0000    0.0000 2675.1479   14.6731
   -7.5000  -22.5000    0.0000 2769.9285   13.9214
    0.0000  -22.5000    0.0000 2805.4966   13.5718
    7.5000  -22.5000    0.0000 2779.6504   13.8193
   -7.5000  -15.0000    0.0000 2851.9907   13.3743
    0.0000  -15.0000    0.0000 2902.7715   13.0252
    7.5000  -15.0000    0.0000 2868.2734   13.2728
   -7.5000   -7.5000    0.0000 2896.0918   13.1839
    0.0000   -7.5000    0.0000 2952.8430   12.8783
    7.5000   -7.5000    0.0000 2921.5352   13.0875
   -7.5000    0.0000    0.0000 2877.9524   13.5244
    0.0000    0.0000    0.0000 2941.6848   13.2286
    7.5000    0.0000    0.0000 2908.3484   13.3768
   -7.5000    7.5000    0.0000 2804.9458   14.1250
    0.0000    7.5000    0.0000 2854.8477   13.8660
    7.5000    7.5000    0.0000 2829.6851   13.9832
   -7.5000   15.0000    0.0000 2699.7893   14.9682
    0.0000   15.0000    0.0000 2735.5752   14.6905
    7.5000   15.0000    0.0000 2718.4426   14.7868
   -7.5000   22.5000    0.0000 2569.4087   16.2042
    0.0000   22.5000    0.0000 2605.2778   15.9249
    7.5000   22.5000    0.0000 2584.2722   16.0197
   -7.5000   30.0000    0.0000 2425.0032   17.8998
    0.0000   30.0000    0.0000 2456.9622   17.6158
    7.5000   30.0000    0.0000 2435.5959   17.7405
   -7.5000   37.5000    0.0000 2242.4480   19.9359
    0.0000   37.5000    0.0000 2273.9224   19.6773
    7.5000   37.5000    0.0000 2257.7573   19.8236
   -7.5000   45.0000    0.0000 2034.6373   22.2255
    0.0000   45.0000    0.0000 2063.7490   21.9333
    7.5000   45.0000    0.0000 2049.9651   22.1121
   -7.5000  -45.0000    7.5000 2416.9526   17.5990
    0.0000  -45.0000    7.5000 2446.9087   17.3073
    7.5000  -45.0000    7.5000 2427.1543   17.5426
   -7.5000  -37.5000    7.5000 2542.8760   15.9811
    0.0000  -37.5000    7.5000 2576.9546   15.6518
    7.5000  -37.5000    7.5000 2555.5503   15.8649
   -7.5000  -30.0000    7.5000 2663.6321   14.7519
    0.0000  -30.0000    7.5000 2700.6746   14.3645
    7.5000  -30.0000    7.5000 2678.3533   14.5779
   -7.5000  -22.5000    7.5000 2774.5732   13.8574
    0.0000  -22.5000    7.5000 2816.4905   13.4542
    7.5000  -22.5000    7.5000 2789.2273   13.6427
   -7.5000  -15.0000    7.5000 2867.8262   13.2830
    0.0000  -15.0000    7.5000 2919.6973   12.8156
    7.5000  -15.0000    7.5000 2884.8264   13.0688
   -7.5000   -7.5000    7.5000 2919.9648   13.0639
    0.0000   -7.5000    7.5000 2968.3579   12.6148
    7.5000   -7.5000    7.5000 2941.4429   12.8633
   -7.5000    0.0000    7.5000 2911.0718   13.3613
    0.0000    0.0000    7.5000 2963.8303   13.0042
    7.5000    0.0000    7.5000 2938.3364   13.1752
   -7.5000    7.5000    7.5000 2825.6135   13.9895
    0.0000    7.5000    7.5000 2875.0349   13.6966
    7.5000    7.5000    7.5000 2852.8967   13.8400
   -7.5000   15.0000    7.5000 2712.5881   14.8628
    0.0000   15.0000    7.5000 2751.5132   14.5420
    7.5000   15.0000    7.5000 2732.7258   14.6712
   -7.5000   22.5000    7.5000 2577.7441   16.0704
    0.0000   22.5000    7.5000 2611.9360   15.7318
    7.5000   22.5000    7.5000 2591.6328   15.8719
   -7.5000   30.0000    7.5000 2433.7283   17.6891
    0.0000   30.0000    7.5000 2463.7021   17.3554
    7.5000   30.0000    7.5000 2445.8467   17.5084
   -7.5000   37.5000    7.5000 2253.6213   19.6274
    0.0000   37.5000    7.5000 2278.1060   19.3038
    7.5000   37.5000    7.5000 2269.1902   19.5061
   -7.5000   45.0000    7.5000 2040.0792   21.8143
    0.0000   45.0000    7.5000 2064.9673   21.4870
    7.5000   45.0000    7.5000 2056.4851   21.7027
   -7.5000  -45.0000   15.0000 2404.0413   17.8069
    0.0000  -45.0000   15.0000 2435.2478   17.5183
    7.5000  -45.0000   15.0000 2413.3254   17.7169
   -7.5000  -37.5000   15.0000 2529.9067   16.1544
    0.0000  -37.5000   15.0000 2560.8391   15.8187
    7.5000  -37.5000   15.0000 2539.2295   16.0122
   -7.5000  -30.0000   15.0000 2646.0422   14.9381
    0.0000  -30.0000   15.0000 2681.0488   14.5380
    7.5000  -30.0000   15.0000 2661.5840   14.7324
   -7.5000  -22.5000   15.0000 2752.9126   14.0407
    0.0000  -22.5000   15.0000 2792.7083   13.6384
    7.5000  -22.5000   15.0000 2769.6318   13.8303
   -7.5000  -15.0000   15.0000 2841.2512   13.5023
    0.0000  -15.0000   15.0000 2887.0635   13.0350
    7.5000  -15.0000   15.0000 2857.6692   13.2776
   -7.5000   -7.5000   15.0000 2893.8770   13.3577
    0.0000   -7.5000   15.0000 2937.9829   12.9088
    7.5000   -7.5000   15.0000 2912.5398   13.1307
   -7.5000    0.0000   15.0000 2886.0066   13.5234
    0.0000    0.0000   15.0000 2932.6699   13.1570
    7.5000    0.0000   15.0000 2908.3689   13.3948
   -7.5000    7.5000   15.0000 2809.2236   14.0860
    0.0000    7.5000   15.0000 2856.5044   13.7587
    7.5000    7.5000   15.0000 2833.0261   13.9555
   -7.5000   15.0000   15.0000 2695.8486   14.9591
    0.0000   15.0000   15.0000 2734.5681   14.6400
    7.5000   15.0000   15.0000 2717.5586   14.7914
   -7.5000   22.5000   15.0000 2561.1743   16.1114
    0.0000   22.5000   15.0000 2596.1643   15.7835
    7.5000   22.5000   15.0000 2576.9277   15.9442
   -7.5000   30.0000   15.0000 2419.7227   17.7203
    0.0000   30.0000   15.0000 2453.3508   17.3864
    7.5000   30.0000   15.0000 2435.3430   17.5089
   -7.5000   37.5000   15.0000 2243.0134   19.5575
    0.0000   37.5000   15.0000 2265.7266   19.2345
    7.5000   37.5000   15.0000 2250.3853   19.3982
   -7.5000   45.0000   15.0000 2033.5337   21.6953
    0.0000   45.0000   15.0000 2058.0525   21.4087
    7.5000   45.0000   15.0000 2044.4606   21.5394
   -7.5000  -45.0000   22.5000 2377.2827   18.3319
    0.0000  -45.0000   22.5000 2409.5205   18.0243
    7.5000  -45.0000   22.5000 2388.3545   18.1888
   -7.5000  -37.5000   22.5000 2499.4270   16.6973
    0.0000  -37.5000   22.5000 2536.6812   16.3899
    7.5000  -37.5000   22.5000 2513.1667   16.5374
   -7.5000  -30.0000   22.5000 2612.1787   15.4819
    0.0000  -30.0000   22.5000 2654.2253   15.1859
    7.5000  -30.0000   22.5000 2631.6145   15.3133
   -7.5000  -22.5000   22.5000 2708.3516   14.5758
    0.0000  -22.5000   22.5000 2752.4106   14.2712
    7.5000  -22.5000   22.5000 2727.6335   14.3930
   -7.5000  -15.0000   22.5000 2782.7539   14.0068
    0.0000  -15.0000   22.5000 2828.5081   13.7045
    7.5000  -15.0000   22.5000 2799.0620   13.8333
   -7.5000   -7.5000   22.5000 2821.4602   13.8206
    0.0000   -7.5000   22.5000 2865.5078   13.5665
    7.5000   -7.5000   22.5000 2841.3462   13.6600
   -7.5000    0.0000   22.5000 2811.2896   13.9906
    0.0000    0.0000   22.5000 2853.5652   13.7546
    7.5000    0.0000   22.5000 2834.0596   13.8665
   -7.5000    7.5000   22.5000 2744.1814   14.5522
    0.0000    7.5000   22.5000 2784.1611   14.3084
    7.5000    7.5000   22.5000 2761.9248   14.4297
   -7.5000   15.0000   22.5000 2648.1643   15.3440
    0.0000   15.0000   22.5000 2682.1172   15.0683
    7.5000   15.0000   22.5000 2665.1423   15.2093
   -7.5000   22.5000   22.5000 2528.8259   16.4527
    0.0000   22.5000   22.5000 2560.6924   16.1307
    7.5000   22.5000   22.5000 2545.9746   16.3095
   -7.5000   30.0000   22.5000 2390.6812   18.0237
    0.0000   30.0000   22.5000 2421.4260   17.6463
    7.5000   30.0000   22.5000 2408.4041   17.8279
   -7.5000   37.5000   22.5000 2216.3096   19.8161
    0.0000   37.5000   22.5000 2236.4617   19.3955
    7.5000   37.5000   22.5000 2227.8145   19.6143
   -7.5000   45.0000   22.5000 2009.3250   21.8672
    0.0000   45.0000   22.5000 2033.8986   21.5167
    7.5000   45.0000   22.5000 2023.3340   21.7139
   -7.5000  -45.0000   30.0000 2337.2979   19.2844
    0.0000  -45.0000   30.0000 2367.4912   19.0411
    7.5000  -45.0000   30.0000 2347.6204   19.1998
   -7.5000  -37.5000   30.0000 2455.8948   17.6457
    0.0000  -37.5000   30.0000 2490.2153   17.3882
    7.5000  -37.5000   30.0000 2469.5852   17.5148
   -7.5000  -30.0000   30.0000 2562.4343   16.3688
    0.0000  -30.0000   30.0000 2603.9277   16.1146
    7.5000  -30.0000   30.0000 2580.8723   16.2259
   -7.5000  -22.5000   30.0000 2645.8689   15.4250
    0.0000  -22.5000   30.0000 2690.0334   15.1783
    7.5000  -22.5000   30.0000 2668.1096   15.2906
   -7.5000  -15.0000   30.0000 2711.7920   14.8401
    0.0000  -15.0000   30.0000 2751.9917   14.6122
    7.5000  -15.0000   30.0000 2729.8396   14.7247
   -7.5000   -7.5000   30.0000 2738.6226   14.6273
    0.0000   -7.5000   30.0000 2776.5388   14.4387
    7.5000   -7.5000   30.0000 2754.4045   14.5355
   -7.5000    0.0000   30.0000 2720.7798   14.7893
    0.0000    0.0000   30.0000 2754.2161   14.5957
    7.5000    0.0000   30.0000 2738.7502   14.6749
   -7.5000    7.5000   30.0000 2661.1533   15.2920
    0.0000    7.5000   30.0000 2699.6477   15.0748
    7.5000    7.5000   30.0000 2679.5952   15.1905
   -7.5000   15.0000   30.0000 2571.7085   16.0298
    0.0000   15.0000   30.0000 2606.6062   15.7820
    7.5000   15.0000   30.0000 2585.4851   15.9272
   -7.5000   22.5000   30.0000 2466.4426   17.0515
    0.0000   22.5000   30.0000 2496.1589   16.7903
    7.5000   22.5000   30.0000 2477.0540   16.9449
   -7.5000   30.0000   30.0000 2341.4702   18.5466
    0.0000   30.0000   30.0000 2369.6685   18.2715
    7.5000   30.0000   30.0000 2351.7585   18.4576
   -7.5000   37.5000   30.0000 2170.9722   20.3074
    0.0000   37.5000   30.0000 2197.0754   19.9874
    7.5000   37.5000   30.0000 2182.8269   20.1995
   -7.5000   45.0000   30.0000 1974.3270   22.3801
    0.0000   45.0000   30.0000 2001.3965   22.0273
    7.5000   45.0000   30.0000 1992.1827   22.2542
   -7.5000  -45.0000   37.5000 2282.1743   20.5414
    0.0000  -45.0000   37.5000 2309.9001   20.2442
    7.5000  -45.0000   37.5000 2290.3650   20.4044
   -7.5000  -37.5000   37.5000 2398.5393   18.8322
    0.0000  -37.5000   37.5000 2430.0508   18.5259
    7.5000  -37.5000   37.5000 2409.2441   18.6356
   -7.5000  -30.0000   37.5000 2496.5525   17.4836
    0.0000  -30.0000   37.5000 2531.6353   17.2205
    7.5000  -30.0000   37.5000 2513.5374   17.3157
   -7.5000  -22.5000   37.5000 2571.8450   16.5078
    0.0000  -22.5000   37.5000 2606.7314   16.2861
    7.5000  -22.5000   37.5000 2589.0576   16.3878
   -7.5000  -15.0000   37.5000 2626.9495   15.9081
    0.0000  -15.0000   37.5000 2658.8042   15.7005
    7.5000  -15.0000   37.5000 2641.2390   15.8113
   -7.5000   -7.5000   37.5000 2640.6826   15.7135
    0.0000   -7.5000   37.5000 2672.3167   15.5216
    7.5000   -7.5000   37.5000 2655.0044   15.6180
   -7.5000    0.0000   37.5000 2617.8157   15.8215
    0.0000    0.0000   37.5000 2648.7490   15.6533
    7.5000    0.0000   37.5000 2636.1006   15.7606
   -7.5000    7.5000   37.5000 2568.3032   16.2845
    0.0000    7.5000   37.5000 2594.5444   16.0977
    7.5000    7.5000   37.5000 2579.1162   16.2219
   -7.5000   15.0000   37.5000 2488.1714   16.9753
    0.0000   15.0000   37.5000 2516.0029   16.7368
    7.5000   15.0000   37.5000 2498.1724   16.8362
   -7.5000   22.5000   37.5000 2391.0764   17.9252
    0.0000   22.5000   37.5000 2412.2349   17.6663
    7.5000   22.5000   37.5000 2398.3975   17.8061
   -7.5000   30.0000   37.5000 2271.2634   19.3824
    0.0000   30.0000   37.5000 2293.7407   19.0955
    7.5000   30.0000   37.5000 2280.8965   19.2676
   -7.5000   37.5000   37.5000 2113.0171   21.2004
    0.0000   37.5000   37.5000 2136.7900   20.8891
    7.5000   37.5000   37.5000 2128.4443   21.0258
   -7.5000   45.0000   37.5000 1929.4050   23.2352
    0.0000   45.0000   37.5000 1952.7375   22.9048
    7.5000   45.0000   37.5000 1945.1375   23.0527

---------------------------------------------------------------------
imgreg_4dfp /opt/freesurfer/average/711-2C_as_mni_average_305 /opt/freesurfer/average/711-2B_as_mni_average_305_mask talsrcimg_g11 none talsrcimg_to_711-2C_as_mni_average_305_t4 1283
---------------------------------------------------------------------

freesurfer imgreg_4dfp.c
/opt/freesurfer/average/711-2C_as_mni_average_305.4dfp.img
       256       256       256         1
  1.000000  1.000000  1.000000
orientation T byte_order littleendian
Reading image: /opt/freesurfer/average/711-2C_as_mni_average_305.4dfp.img
dimensions:      256       256       256
mmppix:       1.0000   -1.0000   -1.0000
center:     128.0000 -129.0000 -129.0000
/opt/freesurfer/average/711-2B_as_mni_average_305_mask.4dfp.img
       256       256       256         1
  1.000000  1.000000  1.000000
orientation T byte_order littleendian
Reading mask: /opt/freesurfer/average/711-2B_as_mni_average_305_mask.4dfp.img (2306576 pixels)
talsrcimg_g11.4dfp.img
       256       256       256         1
  0.900000  0.900000  0.900000
orientation T byte_order littleendian
Reading image: talsrcimg_g11.4dfp.img
dimensions:      256       256       256
mmppix:       0.9000   -0.9000   -0.9000
center:     115.2000 -116.1000 -116.1000
rotation matrix determinant  1.000000
fimgreg.f
image alignment mode   1283 decimal      503 hex
parameters
    0.0000   -7.5000    7.5000    0.0000    0.0000    0.0000
eta,q 0.93404 12.50359
niter,ni,del,rscale     5    3   12.0000    1.2000
parameter  2 -0.638924 -> -0.500000 qaram    1.1500
parameters
    0.7362   -4.0500    4.9079   -1.1917    2.9742   -0.6401
eta,q 0.93794 12.64228
  0.0797  0.0803  0.0656  0.0679  0.0696  0.0666
  0.0730  0.0766  0.0639  0.0643  0.0671  0.0643
  0.0686  0.0718  0.0649  0.0628  0.0653  0.0625
  0.0671  0.0672  0.0652  0.0645  0.0633  0.0622
  0.0678  0.0653  0.0656  0.0662  0.0622  0.0636
  0.0702  0.0653  0.0688  0.0680  0.0626  0.0662
  0.0743  0.0666  0.0711  0.0706  0.0636  0.0684
niter,ni,del,rscale     5    3   12.0000    1.2000
parameters
   -0.1738   -4.1173    5.5870   -1.0324    2.6953   -0.4631
eta,q 0.93739 12.62685
  0.0689  0.0738  0.0700  0.0681  0.0667  0.0678
  0.0657  0.0691  0.0648  0.0658  0.0642  0.0656
  0.0627  0.0641  0.0617  0.0629  0.0628  0.0636
  0.0621  0.0619  0.0619  0.0625  0.0626  0.0626
  0.0647  0.0632  0.0631  0.0640  0.0636  0.0632
  0.0688  0.0675  0.0632  0.0655  0.0648  0.0649
  0.0755  0.0759  0.0662  0.0671  0.0672  0.0675
niter,ni,del,rscale     4    3   12.0000    1.2000
parameters
   -0.2520   -4.1047    5.6086   -0.9518    2.7483   -0.4155
eta,q 0.93729 12.62759
  0.0714  0.0738  0.0685  0.0681  0.0673  0.0677
  0.0672  0.0693  0.0637  0.0656  0.0646  0.0654
  0.0643  0.0646  0.0615  0.0626  0.0631  0.0635
  0.0626  0.0626  0.0626  0.0627  0.0627  0.0627
  0.0636  0.0636  0.0632  0.0641  0.0635  0.0634
  0.0672  0.0672  0.0642  0.0656  0.0647  0.0651
  0.0723  0.0754  0.0674  0.0673  0.0669  0.0677
niter,ni,del,rscale     3    3   12.0000    1.2000
parameters
   -0.2734   -4.1328    5.6066   -0.8971    2.7584   -0.4215
eta,q 0.93725 12.62787
  0.0716  0.0738  0.0685  0.0681  0.0673  0.0676
  0.0674  0.0691  0.0638  0.0656  0.0646  0.0654
  0.0645  0.0645  0.0616  0.0626  0.0631  0.0635
  0.0627  0.0627  0.0627  0.0627  0.0628  0.0627
  0.0635  0.0637  0.0633  0.0641  0.0636  0.0635
  0.0672  0.0673  0.0644  0.0656  0.0648  0.0652
  0.0723  0.0755  0.0675  0.0673  0.0670  0.0678
registration optimization eta report
parameter search radius
    6.0000    6.9000    6.0000    6.0000    6.0000    6.0000
100000*second partial in parameter space
       25.       25.       16.       14.       12.       13.
  0.0716  0.0738  0.0685  0.0681  0.0673  0.0676
  0.0674  0.0691  0.0638  0.0656  0.0646  0.0654
  0.0645  0.0645  0.0616  0.0626  0.0631  0.0635
  0.0627  0.0627  0.0627  0.0627  0.0628  0.0627
  0.0635  0.0637  0.0633  0.0641  0.0636  0.0635
  0.0672  0.0673  0.0644  0.0656  0.0648  0.0652
  0.0723  0.0755  0.0675  0.0673  0.0670  0.0678
   -0.2734   -4.1328    5.6066   -0.8971    2.7584   -0.4215
eta,q 0.93725 12.62787

---------------------------------------------------------------------
imgreg_4dfp /opt/freesurfer/average/711-2C_as_mni_average_305 /opt/freesurfer/average/711-2B_as_mni_average_305_mask talsrcimg_g11 none talsrcimg_to_711-2C_as_mni_average_305_t4 3335
---------------------------------------------------------------------

freesurfer imgreg_4dfp.c
/opt/freesurfer/average/711-2C_as_mni_average_305.4dfp.img
       256       256       256         1
  1.000000  1.000000  1.000000
orientation T byte_order littleendian
Reading image: /opt/freesurfer/average/711-2C_as_mni_average_305.4dfp.img
dimensions:      256       256       256
mmppix:       1.0000   -1.0000   -1.0000
center:     128.0000 -129.0000 -129.0000
/opt/freesurfer/average/711-2B_as_mni_average_305_mask.4dfp.img
       256       256       256         1
  1.000000  1.000000  1.000000
orientation T byte_order littleendian
Reading mask: /opt/freesurfer/average/711-2B_as_mni_average_305_mask.4dfp.img (2306576 pixels)
talsrcimg_g11.4dfp.img
       256       256       256         1
  0.900000  0.900000  0.900000
orientation T byte_order littleendian
Reading image: talsrcimg_g11.4dfp.img
dimensions:      256       256       256
mmppix:       0.9000   -0.9000   -0.9000
center:     115.2000 -116.1000 -116.1000
fimgreg.f
image alignment mode   3335 decimal      D07 hex
parameters
   -0.2734   -4.1328    5.6066   -0.1186   -0.0155   -0.1281
    0.8110   -4.8002   -0.7349    1.6010    4.8125   -1.5639
eta,q 0.93828 12.60453
niter,ni,del,rscale     5    3    5.0000    1.2000
parameter  4  6.802953 ->  0.500000 qaram    1.1500
parameter  5  3.421290 ->  0.500000 qaram    1.1500
parameter  6  6.407344 ->  0.500000 qaram    1.1500
parameters
    0.1461   -3.8892    5.5472   -4.2586   -4.1555   -4.2681
    0.5773   -1.6379   -0.0714    2.2733    6.8860   -1.7015
eta,q 0.95862 11.64334
  0.0639  0.0630  0.0625  0.0502  0.0460  0.0373  0.0437  0.0458  0.0431  0.0449  0.0430  0.0424
  0.0628  0.0622  0.0619  0.0540  0.0485  0.0408  0.0428  0.0440  0.0422  0.0430  0.0423  0.0419
  0.0621  0.0618  0.0617  0.0579  0.0516  0.0449  0.0422  0.0427  0.0417  0.0419  0.0418  0.0415
  0.0617  0.0617  0.0617  0.0617  0.0551  0.0493  0.0419  0.0419  0.0415  0.0415  0.0415  0.0414
  0.0617  0.0617  0.0618  0.0657  0.0586  0.0538  0.0421  0.0415  0.0415  0.0417  0.0414  0.0415
  0.0621  0.0620  0.0621  0.0701  0.0626  0.0583  0.0429  0.0416  0.0419  0.0425  0.0415  0.0419
  0.0628  0.0624  0.0624  0.0749  0.0671  0.0632  0.0440  0.0421  0.0426  0.0437  0.0419  0.0426
niter,ni,del,rscale     7    3    5.0000    1.2000
parameter  4  3.105603 ->  0.500000 qaram    1.3225
parameter  5  1.686140 ->  0.500000 qaram    1.3225
parameter  6  0.821131 ->  0.500000 qaram    1.3225
parameters
    0.3718   -3.4476    5.3796   -9.0196   -8.9165   -9.0291
    1.3610   -3.7244   -0.4887    1.9476    5.4639   -0.6569
eta,q 0.97582 11.19003
  0.0440  0.0437  0.0422  0.0304  0.0274  0.0259  0.0285  0.0279  0.0264  0.0279  0.0258  0.0261
  0.0426  0.0427  0.0417  0.0329  0.0288  0.0253  0.0269  0.0252  0.0252  0.0261  0.0247  0.0251
  0.0417  0.0419  0.0413  0.0365  0.0310  0.0260  0.0258  0.0243  0.0245  0.0248  0.0242  0.0245
  0.0414  0.0414  0.0412  0.0413  0.0338  0.0294  0.0252  0.0252  0.0243  0.0243  0.0243  0.0242
  0.0416  0.0413  0.0414  0.0463  0.0375  0.0344  0.0253  0.0274  0.0247  0.0248  0.0250  0.0242
  0.0421  0.0417  0.0418  0.0512  0.0415  0.0402  0.0261  0.0301  0.0256  0.0264  0.0260  0.0246
  0.0431  0.0426  0.0426  0.0563  0.0459  0.0457  0.0274  0.0333  0.0270  0.0288  0.0275  0.0252
niter,ni,del,rscale     7    3    5.0000    1.2000
parameter  4  0.533206 ->  0.500000 qaram    1.5209
parameters
    0.6641   -3.4726    4.6081  -14.4948  -12.3812  -10.5734
    1.5012   -3.2865   -0.3697    1.0168    5.4222   -0.4812
eta,q 0.97771 10.93365
  0.0291  0.0266  0.0250  0.0238  0.0232  0.0260  0.0249  0.0273  0.0242  0.0244  0.0233  0.0232
  0.0268  0.0252  0.0241  0.0224  0.0219  0.0245  0.0236  0.0247  0.0233  0.0232  0.0227  0.0227
  0.0251  0.0244  0.0238  0.0218  0.0214  0.0232  0.0227  0.0230  0.0226  0.0224  0.0224  0.0224
  0.0242  0.0241  0.0241  0.0238  0.0221  0.0214  0.0223  0.0223  0.0223  0.0223  0.0223  0.0223
  0.0242  0.0244  0.0249  0.0281  0.0236  0.0221  0.0226  0.0226  0.0225  0.0229  0.0224  0.0223
  0.0253  0.0253  0.0262  0.0333  0.0263  0.0266  0.0234  0.0238  0.0231  0.0241  0.0227  0.0226
  0.0273  0.0266  0.0279  0.0389  0.0300  0.0326  0.0248  0.0263  0.0242  0.0260  0.0233  0.0231
niter,ni,del,rscale     7    3    5.0000    1.2000
parameters
    0.7176   -3.3377    3.7728  -14.8931  -12.0946  -11.5049
    1.5212   -3.1543   -0.3875    1.2070    5.6867   -1.1605
eta,q 0.97720 10.89561
  0.0255  0.0250  0.0226  0.0273  0.0262  0.0263  0.0252  0.0271  0.0246  0.0256  0.0236  0.0234
  0.0237  0.0236  0.0222  0.0254  0.0244  0.0246  0.0240  0.0247  0.0237  0.0241  0.0232  0.0230
  0.0227  0.0227  0.0221  0.0238  0.0230  0.0236  0.0231  0.0232  0.0230  0.0232  0.0229  0.0228
  0.0223  0.0223  0.0223  0.0221  0.0223  0.0223  0.0228  0.0228  0.0228  0.0228  0.0228  0.0228
  0.0226  0.0225  0.0227  0.0218  0.0226  0.0216  0.0231  0.0231  0.0230  0.0230  0.0228  0.0229
  0.0235  0.0233  0.0233  0.0247  0.0238  0.0249  0.0239  0.0244  0.0236  0.0239  0.0231  0.0232
  0.0252  0.0245  0.0242  0.0299  0.0260  0.0307  0.0253  0.0268  0.0246  0.0253  0.0235  0.0237
niter,ni,del,rscale     6    3    5.0000    1.2000
parameters
    0.8028   -3.2105    3.5490  -14.9471  -12.0623  -11.7110
    1.5366   -3.0910   -0.4386    1.4108    5.6997   -1.3639
eta,q 0.97710 10.88496
  0.0259  0.0254  0.0235  0.0278  0.0264  0.0268  0.0253  0.0270  0.0246  0.0256  0.0237  0.0236
  0.0242  0.0240  0.0230  0.0258  0.0247  0.0250  0.0241  0.0247  0.0238  0.0241  0.0232  0.0231
  0.0232  0.0232  0.0228  0.0243  0.0234  0.0239  0.0232  0.0233  0.0232  0.0232  0.0230  0.0229
  0.0228  0.0228  0.0228  0.0228  0.0228  0.0228  0.0229  0.0229  0.0229  0.0229  0.0229  0.0229
  0.0230  0.0230  0.0229  0.0222  0.0232  0.0215  0.0232  0.0232  0.0231  0.0231  0.0230  0.0230
  0.0239  0.0237  0.0232  0.0246  0.0244  0.0237  0.0240  0.0245  0.0237  0.0240  0.0232  0.0232
  0.0255  0.0249  0.0238  0.0295  0.0266  0.0292  0.0254  0.0270  0.0247  0.0253  0.0237  0.0237
niter,ni,del,rscale     5    3    5.0000    1.2000
parameters
    0.8253   -3.1618    3.5107  -14.9481  -12.0735  -11.7044
    1.5585   -3.0702   -0.4462    1.4859    5.7076   -1.4310
eta,q 0.97710 10.88399
  0.0258  0.0253  0.0237  0.0279  0.0265  0.0269  0.0253  0.0270  0.0246  0.0255  0.0237  0.0237
  0.0242  0.0240  0.0231  0.0259  0.0248  0.0251  0.0241  0.0247  0.0238  0.0240  0.0232  0.0232
  0.0233  0.0232  0.0229  0.0245  0.0235  0.0239  0.0232  0.0233  0.0232  0.0232  0.0230  0.0229
  0.0229  0.0229  0.0229  0.0229  0.0229  0.0229  0.0229  0.0229  0.0229  0.0229  0.0229  0.0229
  0.0232  0.0232  0.0230  0.0223  0.0233  0.0215  0.0232  0.0232  0.0231  0.0232  0.0230  0.0230
  0.0241  0.0239  0.0233  0.0246  0.0245  0.0234  0.0240  0.0246  0.0237  0.0240  0.0232  0.0232
  0.0257  0.0251  0.0237  0.0294  0.0267  0.0288  0.0254  0.0270  0.0247  0.0254  0.0237  0.0237
niter,ni,del,rscale     4    3    5.0000    1.2000
parameters
    0.8277   -3.1515    3.5007  -14.9484  -12.0721  -11.7037
    1.5638   -3.0705   -0.4480    1.5065    5.7111   -1.4267
eta,q 0.97710 10.88400
  0.0258  0.0252  0.0238  0.0279  0.0265  0.0269  0.0253  0.0270  0.0246  0.0255  0.0237  0.0237
  0.0242  0.0240  0.0232  0.0259  0.0248  0.0251  0.0241  0.0247  0.0238  0.0240  0.0232  0.0232
  0.0232  0.0232  0.0229  0.0245  0.0235  0.0239  0.0232  0.0233  0.0232  0.0231  0.0230  0.0229
  0.0229  0.0229  0.0229  0.0229  0.0229  0.0229  0.0229  0.0229  0.0229  0.0229  0.0229  0.0229
  0.0232  0.0232  0.0230  0.0223  0.0233  0.0215  0.0232  0.0232  0.0231  0.0232  0.0230  0.0230
  0.0242  0.0240  0.0233  0.0247  0.0245  0.0235  0.0240  0.0246  0.0237  0.0240  0.0232  0.0232
  0.0258  0.0252  0.0237  0.0294  0.0267  0.0288  0.0254  0.0271  0.0247  0.0254  0.0237  0.0237
registration optimization eta report
parameter search radius
    2.4000    2.4000    2.4000   10.9503    9.5220    9.5220
    7.2000    7.2000    7.2000    7.2000    7.2000    7.2000
100000*second partial in parameter space
       50.       40.       15.        5.        4.        6.
        5.        8.        3.        5.        2.        2.
  0.0258  0.0252  0.0238  0.0279  0.0265  0.0269  0.0253  0.0270  0.0246  0.0255  0.0237  0.0237
  0.0242  0.0240  0.0232  0.0259  0.0248  0.0251  0.0241  0.0247  0.0238  0.0240  0.0232  0.0232
  0.0232  0.0232  0.0229  0.0245  0.0235  0.0239  0.0232  0.0233  0.0232  0.0231  0.0230  0.0229
  0.0229  0.0229  0.0229  0.0229  0.0229  0.0229  0.0229  0.0229  0.0229  0.0229  0.0229  0.0229
  0.0232  0.0232  0.0230  0.0223  0.0233  0.0215  0.0232  0.0232  0.0231  0.0232  0.0230  0.0230
  0.0242  0.0240  0.0233  0.0247  0.0245  0.0235  0.0240  0.0246  0.0237  0.0240  0.0232  0.0232
  0.0258  0.0252  0.0237  0.0294  0.0267  0.0288  0.0254  0.0271  0.0247  0.0254  0.0237  0.0237
    0.8277   -3.1515    3.5007  -14.9484  -12.0721  -11.7037
    1.5638   -3.0705   -0.4480    1.5065    5.7111   -1.4267
eta,q 0.97710 10.88400

---------------------------------------------------------------------
imgreg_4dfp /opt/freesurfer/average/711-2C_as_mni_average_305 /opt/freesurfer/average/711-2B_as_mni_average_305_mask talsrcimg_g11 none talsrcimg_to_711-2C_as_mni_average_305_t4 2311
---------------------------------------------------------------------

freesurfer imgreg_4dfp.c
/opt/freesurfer/average/711-2C_as_mni_average_305.4dfp.img
       256       256       256         1
  1.000000  1.000000  1.000000
orientation T byte_order littleendian
Reading image: /opt/freesurfer/average/711-2C_as_mni_average_305.4dfp.img
dimensions:      256       256       256
mmppix:       1.0000   -1.0000   -1.0000
center:     128.0000 -129.0000 -129.0000
/opt/freesurfer/average/711-2B_as_mni_average_305_mask.4dfp.img
       256       256       256         1
  1.000000  1.000000  1.000000
orientation T byte_order littleendian
Reading mask: /opt/freesurfer/average/711-2B_as_mni_average_305_mask.4dfp.img (2306576 pixels)
talsrcimg_g11.4dfp.img
       256       256       256         1
  0.900000  0.900000  0.900000
orientation T byte_order littleendian
Reading image: talsrcimg_g11.4dfp.img
dimensions:      256       256       256
mmppix:       0.9000   -0.9000   -0.9000
center:     115.2000 -116.1000 -116.1000
fimgreg.f
image alignment mode   2311 decimal      907 hex
parameters
    0.8277   -3.1515    3.5007  -14.9484  -12.0721  -11.7037
    1.5638   -3.0705   -0.4480    1.5065    5.7111   -1.4267
eta,q 0.97710 10.88399
niter,ni,del,rscale     5    3    5.0000    0.8000
parameter  4 -0.691000 -> -0.500000 qaram    1.1500
parameters
    0.8445   -3.1759    3.3460  -12.1884  -12.2163   -9.3915
    1.2778   -3.0822   -0.2838    2.0402    5.4075   -1.7058
eta,q 0.97874 11.01739
  0.0242  0.0239  0.0232  0.0249  0.0233  0.0239  0.0227  0.0248  0.0224  0.0235  0.0221  0.0219
  0.0235  0.0234  0.0230  0.0243  0.0227  0.0233  0.0219  0.0230  0.0218  0.0224  0.0216  0.0215
  0.0231  0.0230  0.0229  0.0236  0.0223  0.0228  0.0214  0.0218  0.0214  0.0216  0.0213  0.0213
  0.0229  0.0229  0.0229  0.0229  0.0222  0.0222  0.0213  0.0213  0.0213  0.0213  0.0213  0.0213
  0.0230  0.0230  0.0230  0.0223  0.0224  0.0214  0.0215  0.0217  0.0214  0.0214  0.0214  0.0214
  0.0234  0.0234  0.0231  0.0222  0.0228  0.0214  0.0221  0.0230  0.0217  0.0219  0.0218  0.0217
  0.0242  0.0240  0.0232  0.0227  0.0235  0.0224  0.0231  0.0248  0.0223  0.0227  0.0224  0.0221
niter,ni,del,rscale     5    3    5.0000    0.8000
parameter  3 -0.508179 -> -0.500000 qaram    1.1500
parameters
    0.7468   -3.2757    4.2660  -13.0171  -12.3108   -9.2122
    1.4162   -3.1385   -0.2222    1.7802    5.3885   -1.1388
eta,q 0.97905 11.01427
  0.0230  0.0224  0.0234  0.0230  0.0223  0.0234  0.0225  0.0241  0.0220  0.0225  0.0219  0.0217
  0.0220  0.0217  0.0224  0.0221  0.0216  0.0228  0.0217  0.0225  0.0214  0.0216  0.0214  0.0213
  0.0214  0.0213  0.0217  0.0213  0.0212  0.0220  0.0211  0.0214  0.0211  0.0211  0.0211  0.0210
  0.0213  0.0212  0.0212  0.0210  0.0210  0.0210  0.0210  0.0209  0.0210  0.0210  0.0209  0.0209
  0.0216  0.0215  0.0210  0.0216  0.0212  0.0208  0.0211  0.0213  0.0211  0.0212  0.0210  0.0210
  0.0223  0.0219  0.0210  0.0230  0.0217  0.0218  0.0215  0.0225  0.0214  0.0219  0.0214  0.0211
  0.0234  0.0226  0.0212  0.0251  0.0224  0.0239  0.0223  0.0243  0.0219  0.0228  0.0219  0.0214
niter,ni,del,rscale     5    3    5.0000    0.8000
parameters
    0.6907   -3.3522    4.2039  -13.2134  -12.3024   -9.2401
    1.4167   -3.1768   -0.2313    1.6324    5.4141   -1.0694
eta,q 0.97903 11.00965
  0.0227  0.0221  0.0222  0.0233  0.0223  0.0233  0.0224  0.0241  0.0220  0.0226  0.0219  0.0215
  0.0217  0.0214  0.0214  0.0224  0.0216  0.0227  0.0216  0.0225  0.0214  0.0217  0.0214  0.0212
  0.0211  0.0210  0.0210  0.0215  0.0211  0.0219  0.0211  0.0214  0.0211  0.0211  0.0211  0.0210
  0.0209  0.0209  0.0209  0.0209  0.0210  0.0210  0.0210  0.0210  0.0210  0.0210  0.0210  0.0210
  0.0212  0.0211  0.0211  0.0211  0.0211  0.0209  0.0211  0.0213  0.0211  0.0212  0.0211  0.0210
  0.0219  0.0216  0.0216  0.0223  0.0216  0.0220  0.0216  0.0225  0.0214  0.0218  0.0214  0.0212
  0.0229  0.0223  0.0223  0.0241  0.0223  0.0243  0.0224  0.0243  0.0220  0.0228  0.0219  0.0215
niter,ni,del,rscale     4    3    5.0000    0.7000
parameters
    0.6800   -3.3614    4.1713  -13.0746  -12.3308   -9.0546
    1.3941   -3.1756   -0.2112    1.6372    5.4063   -1.1896
eta,q 0.97912 11.01470
  0.0224  0.0219  0.0219  0.0231  0.0220  0.0231  0.0220  0.0235  0.0217  0.0223  0.0216  0.0213
  0.0216  0.0214  0.0214  0.0223  0.0214  0.0225  0.0214  0.0222  0.0213  0.0215  0.0212  0.0210
  0.0211  0.0211  0.0210  0.0215  0.0211  0.0217  0.0210  0.0212  0.0210  0.0210  0.0210  0.0209
  0.0210  0.0210  0.0210  0.0210  0.0209  0.0209  0.0209  0.0209  0.0209  0.0209  0.0209  0.0209
  0.0212  0.0211  0.0211  0.0210  0.0211  0.0208  0.0210  0.0212  0.0210  0.0210  0.0210  0.0209
  0.0216  0.0214  0.0214  0.0218  0.0214  0.0216  0.0214  0.0221  0.0212  0.0215  0.0212  0.0211
  0.0224  0.0219  0.0220  0.0232  0.0220  0.0233  0.0220  0.0236  0.0217  0.0222  0.0216  0.0213
niter,ni,del,rscale     3    3    5.0000    0.6000
parameters
    0.6741   -3.3697    4.2287  -12.9634  -12.3799   -8.7983
    1.3815   -3.1589   -0.1851    1.6534    5.3783   -1.3231
eta,q 0.97920 11.01976
  0.0219  0.0216  0.0217  0.0226  0.0216  0.0228  0.0216  0.0229  0.0214  0.0219  0.0214  0.0211
  0.0214  0.0212  0.0213  0.0219  0.0212  0.0222  0.0212  0.0218  0.0211  0.0213  0.0211  0.0209
  0.0210  0.0210  0.0210  0.0213  0.0210  0.0214  0.0209  0.0211  0.0209  0.0209  0.0209  0.0208
  0.0209  0.0209  0.0209  0.0209  0.0209  0.0209  0.0208  0.0208  0.0208  0.0208  0.0208  0.0208
  0.0210  0.0210  0.0210  0.0209  0.0210  0.0208  0.0209  0.0210  0.0209  0.0209  0.0209  0.0209
  0.0214  0.0212  0.0212  0.0216  0.0213  0.0214  0.0212  0.0217  0.0211  0.0213  0.0211  0.0210
  0.0220  0.0216  0.0216  0.0226  0.0217  0.0227  0.0216  0.0229  0.0214  0.0218  0.0214  0.0211
niter,ni,del,rscale     2    3    5.0000    0.5000
parameters
    0.6649   -3.3765    4.3078  -12.8961  -12.4443   -8.5708
    1.3861   -3.1393   -0.1676    1.6655    5.3551   -1.4173
eta,q 0.97925 11.02272
  0.0215  0.0213  0.0214  0.0221  0.0213  0.0224  0.0213  0.0223  0.0212  0.0215  0.0212  0.0210
  0.0211  0.0210  0.0211  0.0215  0.0210  0.0218  0.0210  0.0215  0.0209  0.0211  0.0209  0.0208
  0.0209  0.0209  0.0209  0.0211  0.0209  0.0212  0.0208  0.0210  0.0208  0.0208  0.0208  0.0208
  0.0208  0.0208  0.0208  0.0208  0.0208  0.0208  0.0208  0.0208  0.0208  0.0208  0.0208  0.0208
  0.0209  0.0209  0.0208  0.0209  0.0209  0.0208  0.0208  0.0209  0.0208  0.0208  0.0208  0.0208
  0.0212  0.0210  0.0210  0.0213  0.0211  0.0212  0.0210  0.0214  0.0209  0.0211  0.0209  0.0209
  0.0216  0.0213  0.0213  0.0221  0.0214  0.0222  0.0213  0.0223  0.0212  0.0215  0.0212  0.0210
niter,ni,del,rscale     1    3    5.0000    0.4000
parameters
    0.6635   -3.3828    4.3734  -12.8401  -12.4943   -8.4015
    1.3789   -3.1088   -0.1433    1.6594    5.3072   -1.4984
eta,q 0.97928 11.02462
  0.0212  0.0211  0.0212  0.0216  0.0211  0.0219  0.0211  0.0217  0.0210  0.0212  0.0210  0.0209
  0.0210  0.0209  0.0210  0.0212  0.0209  0.0214  0.0209  0.0212  0.0209  0.0209  0.0208  0.0208
  0.0208  0.0208  0.0208  0.0209  0.0208  0.0210  0.0208  0.0209  0.0208  0.0208  0.0208  0.0207
  0.0208  0.0207  0.0208  0.0208  0.0207  0.0207  0.0207  0.0207  0.0207  0.0207  0.0207  0.0207
  0.0208  0.0208  0.0208  0.0208  0.0208  0.0208  0.0208  0.0208  0.0208  0.0208  0.0208  0.0208
  0.0210  0.0209  0.0209  0.0211  0.0209  0.0211  0.0209  0.0212  0.0209  0.0210  0.0209  0.0208
  0.0212  0.0211  0.0211  0.0217  0.0211  0.0217  0.0211  0.0217  0.0210  0.0212  0.0210  0.0209
registration optimization eta report
parameter search radius
    0.8000    0.8000    0.9200    2.7600    2.4000    2.4000
    2.4000    2.4000    2.4000    2.4000    2.4000    2.4000
100000*second partial in parameter space
       77.       52.       45.       12.        7.       19.
        7.       17.        5.        8.        5.        3.
  0.0212  0.0211  0.0212  0.0216  0.0211  0.0219  0.0211  0.0217  0.0210  0.0212  0.0210  0.0209
  0.0210  0.0209  0.0210  0.0212  0.0209  0.0214  0.0209  0.0212  0.0209  0.0209  0.0208  0.0208
  0.0208  0.0208  0.0208  0.0209  0.0208  0.0210  0.0208  0.0209  0.0208  0.0208  0.0208  0.0207
  0.0208  0.0207  0.0208  0.0208  0.0207  0.0207  0.0207  0.0207  0.0207  0.0207  0.0207  0.0207
  0.0208  0.0208  0.0208  0.0208  0.0208  0.0208  0.0208  0.0208  0.0208  0.0208  0.0208  0.0208
  0.0210  0.0209  0.0209  0.0211  0.0209  0.0211  0.0209  0.0212  0.0209  0.0210  0.0209  0.0208
  0.0212  0.0211  0.0211  0.0217  0.0211  0.0217  0.0211  0.0217  0.0210  0.0212  0.0210  0.0209
    0.6635   -3.3828    4.3734  -12.8401  -12.4943   -8.4015
    1.3789   -3.1088   -0.1433    1.6594    5.3072   -1.4984
eta,q 0.97928 11.02462

---------------------------------------------------------------------
imgreg_4dfp /opt/freesurfer/average/711-2C_as_mni_average_305 /opt/freesurfer/average/711-2B_as_mni_average_305_mask talsrcimg_g11 none talsrcimg_to_711-2C_as_mni_average_305_t4 2311
---------------------------------------------------------------------

freesurfer imgreg_4dfp.c
/opt/freesurfer/average/711-2C_as_mni_average_305.4dfp.img
       256       256       256         1
  1.000000  1.000000  1.000000
orientation T byte_order littleendian
Reading image: /opt/freesurfer/average/711-2C_as_mni_average_305.4dfp.img
dimensions:      256       256       256
mmppix:       1.0000   -1.0000   -1.0000
center:     128.0000 -129.0000 -129.0000
/opt/freesurfer/average/711-2B_as_mni_average_305_mask.4dfp.img
       256       256       256         1
  1.000000  1.000000  1.000000
orientation T byte_order littleendian
Reading mask: /opt/freesurfer/average/711-2B_as_mni_average_305_mask.4dfp.img (2306576 pixels)
talsrcimg_g11.4dfp.img
       256       256       256         1
  0.900000  0.900000  0.900000
orientation T byte_order littleendian
Reading image: talsrcimg_g11.4dfp.img
dimensions:      256       256       256
mmppix:       0.9000   -0.9000   -0.9000
center:     115.2000 -116.1000 -116.1000
fimgreg.f
image alignment mode   2311 decimal      907 hex
parameters
    0.6635   -3.3828    4.3734  -12.8401  -12.4943   -8.4015
    1.3789   -3.1088   -0.1433    1.6594    5.3072   -1.4984
eta,q 0.97928 11.02462
niter,ni,del,rscale     5    3    5.0000    0.8000
parameters
    0.6787   -3.3678    4.4256  -13.2307  -12.5439   -8.9425
    1.4246   -3.1723   -0.2117    1.6371    5.3958   -1.0464
eta,q 0.97910 11.00770
  0.0227  0.0221  0.0220  0.0226  0.0221  0.0231  0.0223  0.0240  0.0219  0.0226  0.0218  0.0216
  0.0216  0.0213  0.0213  0.0218  0.0214  0.0224  0.0216  0.0224  0.0214  0.0217  0.0213  0.0212
  0.0209  0.0209  0.0209  0.0211  0.0209  0.0214  0.0211  0.0213  0.0210  0.0211  0.0210  0.0210
  0.0207  0.0207  0.0207  0.0207  0.0208  0.0208  0.0209  0.0209  0.0209  0.0209  0.0209  0.0209
  0.0210  0.0209  0.0208  0.0210  0.0209  0.0211  0.0210  0.0213  0.0210  0.0211  0.0210  0.0209
  0.0216  0.0213  0.0212  0.0221  0.0214  0.0228  0.0215  0.0225  0.0214  0.0217  0.0213  0.0211
  0.0226  0.0220  0.0218  0.0236  0.0222  0.0253  0.0223  0.0243  0.0219  0.0226  0.0218  0.0213
niter,ni,del,rscale     4    3    5.0000    0.7000
parameters
    0.6724   -3.3763    4.2654  -12.9844  -12.4437   -9.0055
    1.3964   -3.1852   -0.2008    1.6127    5.3921   -1.1158
eta,q 0.97914 11.01440
  0.0223  0.0218  0.0215  0.0227  0.0219  0.0230  0.0220  0.0235  0.0216  0.0222  0.0216  0.0213
  0.0215  0.0213  0.0211  0.0220  0.0214  0.0223  0.0214  0.0221  0.0212  0.0215  0.0212  0.0210
  0.0210  0.0210  0.0209  0.0213  0.0210  0.0215  0.0210  0.0212  0.0210  0.0210  0.0210  0.0209
  0.0209  0.0209  0.0209  0.0209  0.0208  0.0208  0.0209  0.0209  0.0209  0.0209  0.0209  0.0209
  0.0211  0.0210  0.0210  0.0209  0.0209  0.0209  0.0210  0.0212  0.0209  0.0210  0.0209  0.0209
  0.0215  0.0213  0.0214  0.0215  0.0213  0.0219  0.0214  0.0221  0.0212  0.0215  0.0212  0.0210
  0.0223  0.0219  0.0219  0.0225  0.0219  0.0237  0.0220  0.0236  0.0217  0.0222  0.0216  0.0213
niter,ni,del,rscale     3    3    5.0000    0.6000
parameters
    0.6687   -3.3765    4.2615  -12.8533  -12.4309   -8.8145
    1.3772   -3.1690   -0.1834    1.6352    5.3673   -1.2591
eta,q 0.97921 11.02031
  0.0219  0.0216  0.0214  0.0223  0.0216  0.0227  0.0216  0.0229  0.0214  0.0219  0.0214  0.0211
  0.0213  0.0212  0.0211  0.0217  0.0212  0.0221  0.0212  0.0218  0.0211  0.0213  0.0211  0.0209
  0.0210  0.0209  0.0209  0.0212  0.0210  0.0214  0.0209  0.0211  0.0209  0.0209  0.0209  0.0208
  0.0209  0.0209  0.0209  0.0209  0.0208  0.0208  0.0208  0.0208  0.0208  0.0208  0.0208  0.0208
  0.0210  0.0209  0.0209  0.0209  0.0209  0.0208  0.0209  0.0210  0.0209  0.0209  0.0209  0.0208
  0.0214  0.0212  0.0211  0.0214  0.0212  0.0214  0.0212  0.0217  0.0211  0.0213  0.0211  0.0210
  0.0219  0.0216  0.0214  0.0222  0.0217  0.0228  0.0216  0.0229  0.0214  0.0218  0.0214  0.0211
niter,ni,del,rscale     2    3    5.0000    0.5000
parameters
    0.6633   -3.3793    4.3190  -12.8007  -12.4793   -8.5937
    1.3737   -3.1431   -0.1652    1.6513    5.3345   -1.3876
eta,q 0.97925 11.02317
  0.0216  0.0213  0.0213  0.0218  0.0213  0.0224  0.0213  0.0223  0.0212  0.0215  0.0212  0.0210
  0.0211  0.0210  0.0210  0.0214  0.0210  0.0218  0.0210  0.0215  0.0209  0.0211  0.0209  0.0208
  0.0209  0.0208  0.0209  0.0210  0.0209  0.0212  0.0208  0.0210  0.0208  0.0208  0.0208  0.0208
  0.0208  0.0208  0.0208  0.0208  0.0208  0.0208  0.0208  0.0207  0.0207  0.0208  0.0208  0.0208
  0.0209  0.0209  0.0208  0.0209  0.0209  0.0208  0.0208  0.0209  0.0208  0.0208  0.0208  0.0208
  0.0211  0.0210  0.0210  0.0212  0.0211  0.0212  0.0210  0.0214  0.0209  0.0211  0.0209  0.0209
  0.0216  0.0213  0.0212  0.0218  0.0214  0.0222  0.0213  0.0223  0.0212  0.0215  0.0212  0.0210
niter,ni,del,rscale     1    3    5.0000    0.4000
parameters
    0.6592   -3.3804    4.3810  -12.7718  -12.5104   -8.4147
    1.3680   -3.1107   -0.1422    1.6593    5.3033   -1.5007
eta,q 0.97928 11.02524
  0.0212  0.0211  0.0211  0.0214  0.0211  0.0219  0.0211  0.0218  0.0210  0.0212  0.0210  0.0209
  0.0210  0.0209  0.0209  0.0211  0.0209  0.0214  0.0209  0.0212  0.0209  0.0210  0.0208  0.0208
  0.0208  0.0208  0.0208  0.0209  0.0208  0.0210  0.0208  0.0209  0.0208  0.0208  0.0208  0.0207
  0.0207  0.0207  0.0207  0.0207  0.0208  0.0207  0.0207  0.0207  0.0207  0.0207  0.0207  0.0207
  0.0208  0.0208  0.0208  0.0208  0.0208  0.0208  0.0208  0.0208  0.0208  0.0208  0.0208  0.0208
  0.0210  0.0209  0.0209  0.0210  0.0209  0.0211  0.0209  0.0212  0.0209  0.0209  0.0209  0.0208
  0.0212  0.0211  0.0210  0.0215  0.0211  0.0217  0.0211  0.0217  0.0210  0.0212  0.0210  0.0209
registration optimization eta report
parameter search radius
    0.8000    0.8000    0.8000    2.4000    2.4000    2.4000
    2.4000    2.4000    2.4000    2.4000    2.4000    2.4000
100000*second partial in parameter space
       78.       52.       45.       12.        7.       19.
        7.       18.        5.        9.        5.        3.
  0.0212  0.0211  0.0211  0.0214  0.0211  0.0219  0.0211  0.0218  0.0210  0.0212  0.0210  0.0209
  0.0210  0.0209  0.0209  0.0211  0.0209  0.0214  0.0209  0.0212  0.0209  0.0210  0.0208  0.0208
  0.0208  0.0208  0.0208  0.0209  0.0208  0.0210  0.0208  0.0209  0.0208  0.0208  0.0208  0.0207
  0.0207  0.0207  0.0207  0.0207  0.0208  0.0207  0.0207  0.0207  0.0207  0.0207  0.0207  0.0207
  0.0208  0.0208  0.0208  0.0208  0.0208  0.0208  0.0208  0.0208  0.0208  0.0208  0.0208  0.0208
  0.0210  0.0209  0.0209  0.0210  0.0209  0.0211  0.0209  0.0212  0.0209  0.0209  0.0209  0.0208
  0.0212  0.0211  0.0210  0.0215  0.0211  0.0217  0.0211  0.0217  0.0210  0.0212  0.0210  0.0209
    0.6592   -3.3804    4.3810  -12.7718  -12.5104   -8.4147
    1.3680   -3.1107   -0.1422    1.6593    5.3033   -1.5007
eta,q 0.97928 11.02524

---------------------------------------------------------------------
compute_vox2vox talsrcimg talsrcimg_to_711-2C_as_mni_average_305_t4 /opt/freesurfer/average/711-2C_as_mni_average_305
---------------------------------------------------------------------

freesurfer compute_vox2vox.c
Reading: talsrcimg.4dfp.ifh
Reading: talsrcimg_to_711-2C_as_mni_average_305_t4
Reading: /opt/freesurfer/average/711-2C_as_mni_average_305.4dfp.ifh
Writing: talsrcimg_to_711-2C_as_mni_average_305_t4_vox2vox.txt

start time Wed Mar 11 20:09:28 CET 2026
end		time Wed Mar 11 20:10:53 CET 2026

mpr2mni305 success

avi2talxfm orig_nu.mgz /opt/freesurfer/average/mni305.cor.mgz talsrcimg_to_711-2C_as_mni_average_305_t4_vox2vox.txt transforms/talairach.auto.xfm
avi2talxfm done
mv -f /out/sourcedata/freesurfer/sub-v2s1x29877_ses-1/mri/talsrcimg_to_711-2C_as_mni_average_305_t4_vox2vox.txt /out/sourcedata/freesurfer/sub-v2s1x29877_ses-1/mri/transforms/talsrcimg_to_711-2C_as_mni_average_305_t4_vox2vox.txt
lta_convert --src orig_nu.mgz --trg /opt/freesurfer/average/mni305.cor.mgz --inxfm transforms/talairach.auto.xfm --outlta transforms/talairach.auto.xfm.lta --subject fsaverage
7.3.2

--src: orig_nu.mgz src image (geometry).
--trg: /opt/freesurfer/average/mni305.cor.mgz trg image (geometry).
--inmni: transforms/talairach.auto.xfm input MNI/XFM transform.
--outlta: transforms/talairach.auto.xfm.lta output LTA.
--s: fsaverage subject name
 LTA read, type : 1
 1.14401   0.03917  -0.01722   0.34922;
-0.06619   1.08927   0.01972  -33.04222;
 0.00311  -0.02060   1.14259  -28.13228;
 0.00000   0.00000   0.00000   1.00000;
setting subject to fsaverage
Writing  LTA to file transforms/talairach.auto.xfm.lta...
lta_convert successful.
 
 
Started at Wed Mar 11 20:09:27 CET 2026
Ended   at Wed Mar 11 20:10:54 CET 2026
talairach_avi done
