status file for recon-all
Thu Mar 12 21:43:51 CET 2026
#@# Tessellate lh Thu Mar 12 21:43:51 CET 2026
#@# Smooth1 lh Thu Mar 12 21:43:54 CET 2026
#@# Inflation1 lh Thu Mar 12 21:43:57 CET 2026
#@# QSphere lh Thu Mar 12 21:45:06 CET 2026
#@# Fix Topology lh Thu Mar 12 21:45:56 CET 2026
#@# Smooth2 lh Thu Mar 12 21:57:21 CET 2026
#@# Inflation2 lh Thu Mar 12 21:57:24 CET 2026
#@# Curv .H and .K lh Thu Mar 12 21:58:34 CET 2026
#@# Sphere lh Thu Mar 12 21:59:27 CET 2026
#@# Surf Reg lh Thu Mar 12 22:06:31 CET 2026
#@# Jacobian white lh Thu Mar 12 22:14:51 CET 2026
#@# AvgCurv lh Thu Mar 12 22:14:52 CET 2026
#@# Cortical Parc lh Thu Mar 12 22:14:53 CET 2026
#@# white curv lh Thu Mar 12 22:21:10 CET 2026
#@# white area lh Thu Mar 12 22:21:12 CET 2026
#@# pial curv lh Thu Mar 12 22:21:13 CET 2026
#@# pial area lh Thu Mar 12 22:21:14 CET 2026
#@# thickness lh Thu Mar 12 22:21:15 CET 2026
#@# area and vertex vol lh Thu Mar 12 22:21:40 CET 2026
#@# Curvature Stats lh Thu Mar 12 22:21:41 CET 2026
#@# Cortical Parc 2 lh Thu Mar 12 22:21:43 CET 2026
#@# Cortical Parc 3 lh Thu Mar 12 22:21:56 CET 2026
#@# WM/GM Contrast lh Thu Mar 12 22:22:05 CET 2026
recon-all -s sub-v2s1x29908_ses-1 finished without error at Thu Mar 12 22:22:08 CET 2026



#New# invocation of recon-all 



status file for recon-all
Thu Mar 12 23:01:27 CET 2026
#@# white curv lh Thu Mar 12 23:01:27 CET 2026
#@# white area lh Thu Mar 12 23:01:27 CET 2026
#@# pial curv lh Thu Mar 12 23:01:27 CET 2026
#@# pial area lh Thu Mar 12 23:01:27 CET 2026
#@# thickness lh Thu Mar 12 23:01:27 CET 2026
#@# area and vertex vol lh Thu Mar 12 23:01:28 CET 2026
#@# Parcellation Stats lh Thu Mar 12 23:01:28 CET 2026
#@# Parcellation Stats 2 lh Thu Mar 12 23:01:47 CET 2026
#@# Parcellation Stats 3 lh Thu Mar 12 23:01:57 CET 2026
#@# BA_exvivo Labels lh Thu Mar 12 23:02:06 CET 2026
recon-all -s sub-v2s1x29908_ses-1 finished without error at Thu Mar 12 23:04:39 CET 2026
