/out/sourcedata/freesurfer/sub-v2s1x29904_ses-1/mri
/opt/freesurfer/bin/talairach_avi
--i orig_nu.mgz --xfm transforms/talairach.auto.xfm
talairach_avi 7.3.2
Linux dna034 5.14.0-427.37.1.el9_4.x86_64 #1 SMP PREEMPT_DYNAMIC Fri Sep 13 12:41:50 EDT 2024 x86_64 x86_64 x86_64 GNU/Linux
Thu Mar 12 19:54:15 CET 2026
mri_convert orig_nu.mgz talsrcimg.img 
reading from orig_nu.mgz...
TR=0.00, TE=0.00, TI=0.00, flip angle=0.00
i_ras = (-1, 0, 0)
j_ras = (0, 0, -1)
k_ras = (0, 1, 0)
writing to talsrcimg.img...
Analyze Output Matrix
-0.90000   0.00000   0.00000   111.20447;
 0.00000   0.00000   0.90000  -80.71001;
 0.00000  -0.90000   0.00000   153.29987;
 0.00000   0.00000   0.00000   1.00000;
--------------------
INFO: set hdr.hist.orient to -1
mpr2mni305 talsrcimg
Thu Mar 12 19:54:16 CET 2026
/opt/freesurfer/bin/mpr2mni305 talsrcimg
mpr2mni305 7.3.2
target=711-2C_as_mni_average_305

---------------------------------------------------------------------
analyzeto4dfp talsrcimg -O0 -y
---------------------------------------------------------------------

freesurfer ifh2hdr.c
Thu Mar 12 19:54:16 2026
Writing: talsrcimg.4dfp.hdr
freesurfer analyzeto4dfp.c
Reading: talsrcimg.hdr
header size 348 bytes
hdr.dime.datatype	offset=70	value=2
hdr.dime.bitpix		offset=72	value=8
hdr.hist.orient		offset=252	value=-1
dimensionality     4
dimensions       256       256       256         1
Reading: talsrcimg.img
Writing: talsrcimg.4dfp.img
Writing: talsrcimg.4dfp.ifh
ifh2hdr talsrcimg -r0to245
ori=2

---------------------------------------------------------------------
gauss_4dfp talsrcimg 1.1
---------------------------------------------------------------------

freesurfer gauss_4dfp.c
Reading: talsrcimg.4dfp.img
Writing: talsrcimg_g11.4dfp.img
image dimensions 256 256 256 padded to 288 288 288
processing volume 1freesurfer ifh2hdr.c
Thu Mar 12 19:54:18 2026
Writing: talsrcimg_g11.4dfp.hdr

Writing: talsrcimg_g11.4dfp.ifh
including: talsrcimg.4dfp.img.rec in talsrcimg_g11.4dfp.img.rec

---------------------------------------------------------------------
imgreg_4dfp /opt/freesurfer/average/711-2C_as_mni_average_305 none talsrcimg_g11 none talsrcimg_to_711-2C_as_mni_average_305_t4 4355
---------------------------------------------------------------------

freesurfer imgreg_4dfp.c
/opt/freesurfer/average/711-2C_as_mni_average_305.4dfp.img
       256       256       256         1
  1.000000  1.000000  1.000000
orientation T byte_order littleendian
Reading image: /opt/freesurfer/average/711-2C_as_mni_average_305.4dfp.img
dimensions:      256       256       256
mmppix:       1.0000   -1.0000   -1.0000
center:     128.0000 -129.0000 -129.0000
talsrcimg_g11.4dfp.img
       256       256       256         1
  0.900000  0.900000  0.900000
orientation T byte_order littleendian
Reading image: talsrcimg_g11.4dfp.img
dimensions:      256       256       256
mmppix:       0.9000   -0.9000   -0.9000
center:     115.2000 -116.1000 -116.1000
t4_read: open error in t4_sub.f l:  41 t4_file(1:l)talsrcimg_to_711-2C_as_mni_average_305_t4 
t4_read: transform initialized to I4
rotation matrix determinant  1.000000
image alignment mode   4355 decimal     1103 hex
   -7.5000  -45.0000  -45.0000 6147.5527   17.2869
    0.0000  -45.0000  -45.0000 6270.3364   17.2967
    7.5000  -45.0000  -45.0000 6022.0356   17.2852
   -7.5000  -37.5000  -45.0000 6591.7930   18.3518
    0.0000  -37.5000  -45.0000 6711.9629   18.3648
    7.5000  -37.5000  -45.0000 6454.1851   18.3527
   -7.5000  -30.0000  -45.0000 7037.4277   18.9321
    0.0000  -30.0000  -45.0000 7150.3906   18.9335
    7.5000  -30.0000  -45.0000 6875.9351   18.9063
   -7.5000  -22.5000  -45.0000 7543.6567   18.9538
    0.0000  -22.5000  -45.0000 7666.1582   18.9402
    7.5000  -22.5000  -45.0000 7361.2134   18.8973
   -7.5000  -15.0000  -45.0000 8025.6294   18.9802
    0.0000  -15.0000  -45.0000 8158.3916   18.9613
    7.5000  -15.0000  -45.0000 7839.5781   18.9181
   -7.5000   -7.5000  -45.0000 8163.5557   18.9789
    0.0000   -7.5000  -45.0000 8288.1924   18.9711
    7.5000   -7.5000  -45.0000 7955.8511   18.9421
   -7.5000    0.0000  -45.0000 8235.3691   18.9506
    0.0000    0.0000  -45.0000 8380.1504   18.9615
    7.5000    0.0000  -45.0000 8006.5776   18.9488
   -7.5000    7.5000  -45.0000 7871.2158   18.9304
    0.0000    7.5000  -45.0000 8024.5171   18.9438
    7.5000    7.5000  -45.0000 7644.7432   18.9313
   -7.5000   15.0000  -45.0000 7809.6719   18.9321
    0.0000   15.0000  -45.0000 7964.7852   18.9335
    7.5000   15.0000  -45.0000 7567.1724   18.9063
   -7.5000   22.5000  -45.0000 7231.3091   18.6988
    0.0000   22.5000  -45.0000 7382.0649   18.6854
    7.5000   22.5000  -45.0000 7023.6191   18.6431
   -7.5000   30.0000  -45.0000 6594.5967   18.2256
    0.0000   30.0000  -45.0000 6721.9282   18.2073
    7.5000   30.0000  -45.0000 6408.8184   18.1659
   -7.5000   37.5000  -45.0000 6013.9429   17.7049
    0.0000   37.5000  -45.0000 6117.1211   17.6960
    7.5000   37.5000  -45.0000 5835.1963   17.6689
   -7.5000   45.0000  -45.0000 5459.9941   17.3389
    0.0000   45.0000  -45.0000 5547.8794   17.3490
    7.5000   45.0000  -45.0000 5297.0132   17.3371
   -7.5000  -45.0000  -37.5000 6627.6934   18.0425
    0.0000  -45.0000  -37.5000 6759.4126   18.0571
    7.5000  -45.0000  -37.5000 6520.1665   18.0476
   -7.5000  -37.5000  -37.5000 7106.7651   19.1638
    0.0000  -37.5000  -37.5000 7251.7920   19.1816
    7.5000  -37.5000  -37.5000 6986.0161   19.1736
   -7.5000  -30.0000  -37.5000 7607.4688   19.7410
    0.0000  -30.0000  -37.5000 7737.0337   19.7521
    7.5000  -30.0000  -37.5000 7451.4653   19.7323
   -7.5000  -22.5000  -37.5000 8137.9365   19.7683
    0.0000  -22.5000  -37.5000 8280.3838   19.7693
    7.5000  -22.5000  -37.5000 7971.8276   19.7343
   -7.5000  -15.0000  -37.5000 8649.6299   19.7954
    0.0000  -15.0000  -37.5000 8806.0205   19.7908
    7.5000  -15.0000  -37.5000 8477.4297   19.7537
   -7.5000   -7.5000  -37.5000 8777.3359   19.7884
    0.0000   -7.5000  -37.5000 8937.1846   19.7909
    7.5000   -7.5000  -37.5000 8586.0410   19.7655
   -7.5000    0.0000  -37.5000 8830.3750   19.7538
    0.0000    0.0000  -37.5000 9005.7354   19.7698
    7.5000    0.0000  -37.5000 8627.0264   19.7594
   -7.5000    7.5000  -37.5000 8409.2930   19.7332
    0.0000    7.5000  -37.5000 8598.0088   19.7515
    7.5000    7.5000  -37.5000 8223.5078   19.7433
   -7.5000   15.0000  -37.5000 8347.8105   19.7400
    0.0000   15.0000  -37.5000 8552.5273   19.7512
    7.5000   15.0000  -37.5000 8153.9541   19.7314
   -7.5000   22.5000  -37.5000 7723.7974   19.5040
    0.0000   22.5000  -37.5000 7907.1606   19.5050
    7.5000   22.5000  -37.5000 7546.2900   19.4705
   -7.5000   30.0000  -37.5000 7031.1348   19.0218
    0.0000   30.0000  -37.5000 7178.8911   19.0174
    7.5000   30.0000  -37.5000 6865.0342   18.9818
   -7.5000   37.5000  -37.5000 6378.1523   18.4699
    0.0000   37.5000  -37.5000 6499.4551   18.4717
    7.5000   37.5000  -37.5000 6227.1865   18.4495
   -7.5000   45.0000  -37.5000 5778.9155   18.0642
    0.0000   45.0000  -37.5000 5879.2661   18.0786
    7.5000   45.0000  -37.5000 5624.9546   18.0696
   -7.5000  -45.0000  -30.0000 7111.2876   18.8613
    0.0000  -45.0000  -30.0000 7260.5586   18.8767
    7.5000  -45.0000  -30.0000 7011.3506   18.8785
   -7.5000  -37.5000  -30.0000 7630.3091   20.0457
    0.0000  -37.5000  -30.0000 7784.2939   20.0628
    7.5000  -37.5000  -30.0000 7504.5942   20.0670
   -7.5000  -30.0000  -30.0000 8157.6279   20.6151
    0.0000  -30.0000  -30.0000 8318.3379   20.6329
    7.5000  -30.0000  -30.0000 8022.7275   20.6309
   -7.5000  -22.5000  -30.0000 8730.7988   20.6348
    0.0000  -22.5000  -30.0000 8889.8945   20.6515
    7.5000  -22.5000  -30.0000 8584.4521   20.6396
   -7.5000  -15.0000  -30.0000 9276.1328   20.6577
    0.0000  -15.0000  -30.0000 9466.0566   20.6708
    7.5000  -15.0000  -30.0000 9124.3242   20.6578
   -7.5000   -7.5000  -30.0000 9405.1982   20.6542
    0.0000   -7.5000  -30.0000 9602.5498   20.6676
    7.5000   -7.5000  -30.0000 9229.9219   20.6615
   -7.5000    0.0000  -30.0000 9457.9355   20.6288
    0.0000    0.0000  -30.0000 9658.8213   20.6456
    7.5000    0.0000  -30.0000 9280.5557   20.6475
   -7.5000    7.5000  -30.0000 8996.7734   20.6101
    0.0000    7.5000  -30.0000 9201.3174   20.6277
    7.5000    7.5000  -30.0000 8830.1807   20.6319
   -7.5000   15.0000  -30.0000 8910.6885   20.6123
    0.0000   15.0000  -30.0000 9128.5713   20.6301
    7.5000   15.0000  -30.0000 8732.9951   20.6281
   -7.5000   22.5000  -30.0000 8239.0713   20.3598
    0.0000   22.5000  -30.0000 8450.6201   20.3763
    7.5000   22.5000  -30.0000 8094.0996   20.3645
   -7.5000   30.0000  -30.0000 7488.8105   19.8649
    0.0000   30.0000  -30.0000 7660.9673   19.8775
    7.5000   30.0000  -30.0000 7346.0649   19.8650
   -7.5000   37.5000  -30.0000 6768.9604   19.3041
    0.0000   37.5000  -30.0000 6902.9683   19.3178
    7.5000   37.5000  -30.0000 6633.1626   19.3140
   -7.5000   45.0000  -30.0000 6115.3877   18.8885
    0.0000   45.0000  -30.0000 6236.7085   18.9036
    7.5000   45.0000  -30.0000 5972.2051   18.9072
   -7.5000  -45.0000  -22.5000 7606.8926   19.6463
    0.0000  -45.0000  -22.5000 7778.1982   19.6581
    7.5000  -45.0000  -22.5000 7477.1675   19.6721
   -7.5000  -37.5000  -22.5000 8149.4155   20.8965
    0.0000  -37.5000  -22.5000 8324.7363   20.9112
    7.5000  -37.5000  -22.5000 8019.0908   20.9263
   -7.5000  -30.0000  -22.5000 8710.4434   21.4509
    0.0000  -30.0000  -22.5000 8890.2207   21.4707
    7.5000  -30.0000  -22.5000 8583.0752   21.4819
   -7.5000  -22.5000  -22.5000 9311.6514   21.4508
    0.0000  -22.5000  -22.5000 9492.0430   21.4734
    7.5000  -22.5000  -22.5000 9162.0596   21.4795
   -7.5000  -15.0000  -22.5000 9887.0732   21.4682
    0.0000  -15.0000  -22.500010090.1504   21.4867
    7.5000  -15.0000  -22.5000 9707.5420   21.4948
   -7.5000   -7.5000  -22.500010029.8594   21.4792
    0.0000   -7.5000  -22.500010265.3760   21.4929
    7.5000   -7.5000  -22.5000 9851.2803   21.5056
   -7.5000    0.0000  -22.500010112.5107   21.4751
    0.0000    0.0000  -22.500010351.6523   21.4880
    7.5000    0.0000  -22.5000 9940.0137   21.5033
   -7.5000    7.5000  -22.5000 9587.1895   21.4580
    0.0000    7.5000  -22.5000 9846.8408   21.4732
    7.5000    7.5000  -22.5000 9451.6318   21.4887
   -7.5000   15.0000  -22.5000 9462.3047   21.4458
    0.0000   15.0000  -22.5000 9708.0146   21.4655
    7.5000   15.0000  -22.5000 9292.7285   21.4767
   -7.5000   22.5000  -22.5000 8748.6221   21.1669
    0.0000   22.5000  -22.5000 8974.0635   21.1893
    7.5000   22.5000  -22.5000 8605.0176   21.1952
   -7.5000   30.0000  -22.5000 7946.1562   20.6595
    0.0000   30.0000  -22.5000 8141.1377   20.6772
    7.5000   30.0000  -22.5000 7809.5693   20.6851
   -7.5000   37.5000  -22.5000 7177.8271   20.1072
    0.0000   37.5000  -22.5000 7316.0527   20.1218
    7.5000   37.5000  -22.5000 7024.0430   20.1346
   -7.5000   45.0000  -22.5000 6475.5342   19.7104
    0.0000   45.0000  -22.5000 6591.2725   19.7225
    7.5000   45.0000  -22.5000 6307.5918   19.7390
   -7.5000  -45.0000  -15.0000 8128.0796   20.3385
    0.0000  -45.0000  -15.0000 8288.8008   20.3470
    7.5000  -45.0000  -15.0000 7972.2075   20.3604
   -7.5000  -37.5000  -15.0000 8702.5283   21.6337
    0.0000  -37.5000  -15.0000 8882.9736   21.6468
    7.5000  -37.5000  -15.0000 8543.1592   21.6600
   -7.5000  -30.0000  -15.0000 9297.2490   22.1811
    0.0000  -30.0000  -15.0000 9492.4141   22.1938
    7.5000  -30.0000  -15.0000 9139.0430   22.1987
   -7.5000  -22.5000  -15.0000 9936.2383   22.1705
    0.0000  -22.5000  -15.000010124.7959   22.1797
    7.5000  -22.5000  -15.0000 9749.1738   22.1767
   -7.5000  -15.0000  -15.000010551.2051   22.1859
    0.0000  -15.0000  -15.000010752.9443   22.1895
    7.5000  -15.0000  -15.000010315.2500   22.1897
   -7.5000   -7.5000  -15.000010708.0127   22.2044
    0.0000   -7.5000  -15.000010961.0693   22.2072
    7.5000   -7.5000  -15.000010484.6104   22.2157
   -7.5000    0.0000  -15.000010778.1650   22.2101
    0.0000    0.0000  -15.000011057.1865   22.2194
    7.5000    0.0000  -15.000010577.3164   22.2340
   -7.5000    7.5000  -15.000010198.4570   22.1935
    0.0000    7.5000  -15.000010492.8057   22.2070
    7.5000    7.5000  -15.000010038.0830   22.2205
   -7.5000   15.0000  -15.000010023.3027   22.1742
    0.0000   15.0000  -15.000010283.2100   22.1870
    7.5000   15.0000  -15.0000 9848.4746   22.1919
   -7.5000   22.5000  -15.0000 9267.1943   21.8805
    0.0000   22.5000  -15.0000 9504.4727   21.8896
    7.5000   22.5000  -15.0000 9110.4043   21.8867
   -7.5000   30.0000  -15.0000 8430.3076   21.3661
    0.0000   30.0000  -15.0000 8634.7490   21.3696
    7.5000   30.0000  -15.0000 8268.9297   21.3698
   -7.5000   37.5000  -15.0000 7614.9233   20.8226
    0.0000   37.5000  -15.0000 7773.3760   20.8257
    7.5000   37.5000  -15.0000 7434.7905   20.8329
   -7.5000   45.0000  -15.0000 6853.2012   20.4388
    0.0000   45.0000  -15.0000 6980.6792   20.4483
    7.5000   45.0000  -15.0000 6669.4180   20.4637
   -7.5000  -45.0000   -7.5000 8445.4893   20.3496
    0.0000  -45.0000   -7.5000 8591.1582   20.3597
    7.5000  -45.0000   -7.5000 8253.3398   20.3600
   -7.5000  -37.5000   -7.5000 9050.7666   21.6423
    0.0000  -37.5000   -7.5000 9192.8711   21.6564
    7.5000  -37.5000   -7.5000 8822.0771   21.6557
   -7.5000  -30.0000   -7.5000 9678.4482   22.1996
    0.0000  -30.0000   -7.5000 9838.6660   22.2036
    7.5000  -30.0000   -7.5000 9445.4980   22.1887
   -7.5000  -22.5000   -7.500010357.8320   22.2022
    0.0000  -22.5000   -7.500010511.4385   22.1932
    7.5000  -22.5000   -7.500010078.4033   22.1642
   -7.5000  -15.0000   -7.500011016.7051   22.2214
    0.0000  -15.0000   -7.500011158.2275   22.2070
    7.5000  -15.0000   -7.500010633.3232   22.1799
   -7.5000   -7.5000   -7.500011155.1279   22.2308
    0.0000   -7.5000   -7.500011339.9434   22.2251
    7.5000   -7.5000   -7.500010781.1348   22.2117
   -7.5000    0.0000   -7.500011175.7754   22.2222
    0.0000    0.0000   -7.500011388.6172   22.2333
    7.5000    0.0000   -7.500010845.9844   22.2336
   -7.5000    7.5000   -7.500010559.8623   22.2024
    0.0000    7.5000   -7.500010769.0322   22.2168
    7.5000    7.5000   -7.500010264.7334   22.2161
   -7.5000   15.0000   -7.500010332.9844   22.1928
    0.0000   15.0000   -7.500010545.0322   22.1967
    7.5000   15.0000   -7.500010052.9854   22.1818
   -7.5000   22.5000   -7.5000 9555.0840   21.9118
    0.0000   22.5000   -7.5000 9764.3369   21.9029
    7.5000   22.5000   -7.5000 9301.5596   21.8743
   -7.5000   30.0000   -7.5000 8685.8311   21.4004
    0.0000   30.0000   -7.5000 8882.3428   21.3865
    7.5000   30.0000   -7.5000 8462.9033   21.3604
   -7.5000   37.5000   -7.5000 7847.1196   20.8503
    0.0000   37.5000   -7.5000 8026.4810   20.8437
    7.5000   37.5000   -7.5000 7633.7339   20.8298
   -7.5000   45.0000   -7.5000 7051.1802   20.4543
    0.0000   45.0000   -7.5000 7204.5767   20.4655
    7.5000   45.0000   -7.5000 6861.0957   20.4663
   -7.5000  -45.0000    0.0000 8576.0889   20.8781
    0.0000  -45.0000    0.0000 8732.0283   20.8925
    7.5000  -45.0000    0.0000 8339.7705   20.8796
   -7.5000  -37.5000    0.0000 9213.5117   22.1878
    0.0000  -37.5000    0.0000 9366.6025   22.2065
    7.5000  -37.5000    0.0000 8930.9395   22.1931
   -7.5000  -30.0000    0.0000 9889.6729   22.7584
    0.0000  -30.0000    0.000010039.0225   22.7629
    7.5000  -30.0000    0.0000 9583.2773   22.7318
   -7.5000  -22.5000    0.000010645.7314   22.7834
    0.0000  -22.5000    0.000010767.6191   22.7696
    7.5000  -22.5000    0.000010266.5195   22.7195
   -7.5000  -15.0000    0.000011326.6250   22.8126
    0.0000  -15.0000    0.000011390.0918   22.7921
    7.5000  -15.0000    0.000010812.0264   22.7418
   -7.5000   -7.5000    0.000011453.9287   22.8096
    0.0000   -7.5000    0.000011497.3848   22.8026
    7.5000   -7.5000    0.000010935.0420   22.7692
   -7.5000    0.0000    0.000011472.9365   22.7768
    0.0000    0.0000    0.000011548.1631   22.7925
    7.5000    0.0000    0.000010992.1641   22.7785
   -7.5000    7.5000    0.000010814.4053   22.7469
    0.0000    7.5000    0.000010914.4268   22.7661
    7.5000    7.5000    0.000010387.0635   22.7524
   -7.5000   15.0000    0.000010513.2021   22.7503
    0.0000   15.0000    0.000010645.0371   22.7549
    7.5000   15.0000    0.000010142.4609   22.7238
   -7.5000   22.5000    0.0000 9716.1348   22.4886
    0.0000   22.5000    0.0000 9865.8682   22.4750
    7.5000   22.5000    0.0000 9383.3818   22.4255
   -7.5000   30.0000    0.0000 8837.2490   21.9830
    0.0000   30.0000    0.0000 8999.4395   21.9632
    7.5000   30.0000    0.0000 8556.3369   21.9148
   -7.5000   37.5000    0.0000 7986.5327   21.4171
    0.0000   37.5000    0.0000 8141.8730   21.4086
    7.5000   37.5000    0.0000 7734.6333   21.3771
   -7.5000   45.0000    0.0000 7178.1973   21.0055
    0.0000   45.0000    0.0000 7335.7373   21.0202
    7.5000   45.0000    0.0000 6979.9600   21.0070
   -7.5000  -45.0000    7.5000 8322.1230   20.8928
    0.0000  -45.0000    7.5000 8426.1543   20.9099
    7.5000  -45.0000    7.5000 8077.4956   20.8991
   -7.5000  -37.5000    7.5000 8946.5820   22.2023
    0.0000  -37.5000    7.5000 9043.0020   22.2232
    7.5000  -37.5000    7.5000 8649.2539   22.2141
   -7.5000  -30.0000    7.5000 9640.3789   22.7781
    0.0000  -30.0000    7.5000 9778.2354   22.7913
    7.5000  -30.0000    7.5000 9329.9961   22.7685
   -7.5000  -22.5000    7.500010423.9443   22.8104
    0.0000  -22.5000    7.500010550.0928   22.8117
    7.5000  -22.5000    7.500010018.7275   22.7716
   -7.5000  -15.0000    7.500011065.5967   22.8419
    0.0000  -15.0000    7.500010978.8896   22.8368
    7.5000  -15.0000    7.500010475.1885   22.7944
   -7.5000   -7.5000    7.500011123.9971   22.8334
    0.0000   -7.5000    7.500011015.4414   22.8365
    7.5000   -7.5000    7.500010548.8662   22.8076
   -7.5000    0.0000    7.500011168.5996   22.7928
    0.0000    0.0000    7.500011133.0068   22.8115
    7.5000    0.0000    7.500010667.3193   22.7998
   -7.5000    7.5000    7.500010532.4951   22.7619
    0.0000    7.5000    7.500010573.5635   22.7832
    7.5000    7.5000    7.500010134.4785   22.7739
   -7.5000   15.0000    7.500010211.9580   22.7701
    0.0000   15.0000    7.500010260.3105   22.7832
    7.5000   15.0000    7.5000 9853.4951   22.7604
   -7.5000   22.5000    7.5000 9411.3223   22.5152
    0.0000   22.5000    7.5000 9497.4453   22.5165
    7.5000   22.5000    7.5000 9108.8662   22.4769
   -7.5000   30.0000    7.5000 8567.0996   22.0112
    0.0000   30.0000    7.5000 8671.5176   22.0063
    7.5000   30.0000    7.5000 8296.7031   21.9655
   -7.5000   37.5000    7.5000 7739.6055   21.4346
    0.0000   37.5000    7.5000 7859.0996   21.4369
    7.5000   37.5000    7.5000 7495.9326   21.4114
   -7.5000   45.0000    7.5000 6961.5918   21.0161
    0.0000   45.0000    7.5000 7090.2935   21.0330
    7.5000   45.0000    7.5000 6744.0776   21.0228
   -7.5000  -45.0000   15.0000 8302.8408   20.9618
    0.0000  -45.0000   15.0000 8395.0566   20.9788
    7.5000  -45.0000   15.0000 8017.5239   20.9807
   -7.5000  -37.5000   15.0000 8906.4473   22.2813
    0.0000  -37.5000   15.0000 9012.5566   22.3002
    7.5000  -37.5000   15.0000 8579.1807   22.3047
   -7.5000  -30.0000   15.0000 9569.0586   22.8525
    0.0000  -30.0000   15.0000 9739.5059   22.8721
    7.5000  -30.0000   15.0000 9265.3076   22.8698
   -7.5000  -22.5000   15.000010303.3799   22.8731
    0.0000  -22.5000   15.000010459.7314   22.8914
    7.5000  -22.5000   15.0000 9998.1533   22.8781
   -7.5000  -15.0000   15.000010898.7744   22.8981
    0.0000  -15.0000   15.000010925.8496   22.9124
    7.5000  -15.0000   15.000010539.4434   22.8979
   -7.5000   -7.5000   15.000010978.8984   22.8951
    0.0000   -7.5000   15.000010985.5498   22.9097
    7.5000   -7.5000   15.000010620.6816   22.9029
   -7.5000    0.0000   15.000011037.9902   22.8681
    0.0000    0.0000   15.000011101.0342   22.8866
    7.5000    0.0000   15.000010699.9268   22.8887
   -7.5000    7.5000   15.000010432.1426   22.8428
    0.0000    7.5000   15.000010517.0020   22.8622
    7.5000    7.5000   15.000010118.8008   22.8668
   -7.5000   15.0000   15.000010116.9297   22.8444
    0.0000   15.0000   15.000010181.6318   22.8640
    7.5000   15.0000   15.0000 9793.2480   22.8617
   -7.5000   22.5000   15.0000 9317.2373   22.5771
    0.0000   22.5000   15.0000 9407.7900   22.5951
    7.5000   22.5000   15.0000 9027.0869   22.5820
   -7.5000   30.0000   15.0000 8519.0293   22.0654
    0.0000   30.0000   15.0000 8597.7627   22.0791
    7.5000   30.0000   15.0000 8239.4844   22.0652
   -7.5000   37.5000   15.0000 7724.5986   21.4894
    0.0000   37.5000   15.0000 7803.3813   21.5043
    7.5000   37.5000   15.0000 7466.2832   21.5002
   -7.5000   45.0000   15.0000 6965.2739   21.0816
    0.0000   45.0000   15.0000 7057.5068   21.0983
    7.5000   45.0000   15.0000 6729.9980   21.1023
   -7.5000  -45.0000   22.5000 7811.3779   21.1680
    0.0000  -45.0000   22.5000 7901.8252   21.1803
    7.5000  -45.0000   22.5000 7619.6377   21.1964
   -7.5000  -37.5000   22.5000 8376.7822   22.5053
    0.0000  -37.5000   22.5000 8497.4160   22.5205
    7.5000  -37.5000   22.5000 8177.3364   22.5381
   -7.5000  -30.0000   22.5000 8988.1211   23.0670
    0.0000  -30.0000   22.5000 9157.0342   23.0874
    7.5000  -30.0000   22.5000 8813.5879   23.1006
   -7.5000  -22.5000   22.5000 9642.2695   23.0659
    0.0000  -22.5000   22.5000 9783.8711   23.0895
    7.5000  -22.5000   22.5000 9440.6719   23.0969
   -7.5000  -15.0000   22.500010208.9258   23.0844
    0.0000  -15.0000   22.500010262.6553   23.1037
    7.5000  -15.0000   22.5000 9906.5928   23.1132
   -7.5000   -7.5000   22.500010344.3330   23.0967
    0.0000   -7.5000   22.500010417.9756   23.1110
    7.5000   -7.5000   22.500010017.0928   23.1256
   -7.5000    0.0000   22.500010432.7480   23.0931
    0.0000    0.0000   22.500010525.4717   23.1065
    7.5000    0.0000   22.500010103.1592   23.1241
   -7.5000    7.5000   22.5000 9890.9424   23.0725
    0.0000    7.5000   22.5000 9959.0791   23.0881
    7.5000    7.5000   22.5000 9575.4502   23.1060
   -7.5000   15.0000   22.5000 9567.2227   23.0588
    0.0000   15.0000   22.5000 9631.0957   23.0792
    7.5000   15.0000   22.5000 9266.9141   23.0924
   -7.5000   22.5000   22.5000 8778.3154   22.7674
    0.0000   22.5000   22.5000 8868.6270   22.7907
    7.5000   22.5000   22.5000 8514.4307   22.7980
   -7.5000   30.0000   22.5000 8015.5200   22.2449
    0.0000   30.0000   22.5000 8103.9336   22.2635
    7.5000   30.0000   22.5000 7755.2642   22.2727
   -7.5000   37.5000   22.5000 7246.2310   21.6798
    0.0000   37.5000   22.5000 7307.7900   21.6951
    7.5000   37.5000   22.5000 7000.5879   21.7099
   -7.5000   45.0000   22.5000 6534.4014   21.2904
    0.0000   45.0000   22.5000 6583.9478   21.3030
    7.5000   45.0000   22.5000 6303.2495   21.3220
   -7.5000  -45.0000   30.0000 7302.2212   21.5230
    0.0000  -45.0000   30.0000 7430.9082   21.5309
    7.5000  -45.0000   30.0000 7141.5073   21.5407
   -7.5000  -37.5000   30.0000 7808.3418   22.8925
    0.0000  -37.5000   30.0000 7971.3950   22.9045
    7.5000  -37.5000   30.0000 7641.4268   22.9145
   -7.5000  -30.0000   30.0000 8377.3652   23.4608
    0.0000  -30.0000   30.0000 8539.7832   23.4724
    7.5000  -30.0000   30.0000 8184.8687   23.4747
   -7.5000  -22.5000   30.0000 8983.2637   23.4518
    0.0000  -22.5000   30.0000 9093.8721   23.4607
    7.5000  -22.5000   30.0000 8733.0137   23.4551
   -7.5000  -15.0000   30.0000 9517.7588   23.4712
    0.0000  -15.0000   30.0000 9581.9658   23.4747
    7.5000  -15.0000   30.0000 9205.6084   23.4717
   -7.5000   -7.5000   30.0000 9670.0205   23.4912
    0.0000   -7.5000   30.0000 9724.3057   23.4937
    7.5000   -7.5000   30.0000 9319.6816   23.4983
   -7.5000    0.0000   30.0000 9778.8135   23.4948
    0.0000    0.0000   30.0000 9836.2188   23.5034
    7.5000    0.0000   30.0000 9416.2969   23.5140
   -7.5000    7.5000   30.0000 9294.6582   23.4734
    0.0000    7.5000   30.0000 9361.5283   23.4857
    7.5000    7.5000   30.0000 8976.2412   23.4960
   -7.5000   15.0000   30.0000 9001.7822   23.4525
    0.0000   15.0000   30.0000 9067.4590   23.4640
    7.5000   15.0000   30.0000 8718.1621   23.4664
   -7.5000   22.5000   30.0000 8260.2949   23.1463
    0.0000   22.5000   30.0000 8345.5078   23.1550
    7.5000   22.5000   30.0000 7996.5645   23.1495
   -7.5000   30.0000   30.0000 7518.6182   22.6280
    0.0000   30.0000   30.0000 7614.8525   22.6314
    7.5000   30.0000   30.0000 7280.7578   22.6285
   -7.5000   37.5000   30.0000 6778.3418   22.0750
    0.0000   37.5000   30.0000 6843.2412   22.0779
    7.5000   37.5000   30.0000 6549.0879   22.0814
   -7.5000   45.0000   30.0000 6080.2842   21.6931
    0.0000   45.0000   30.0000 6130.5542   21.7021
    7.5000   45.0000   30.0000 5873.4028   21.7139
   -7.5000  -45.0000   37.5000 6816.6191   21.8318
    0.0000  -45.0000   37.5000 6950.9907   21.8476
    7.5000  -45.0000   37.5000 6663.5303   21.8516
   -7.5000  -37.5000   37.5000 7294.9673   23.2196
    0.0000  -37.5000   37.5000 7427.2720   23.2389
    7.5000  -37.5000   37.5000 7117.3428   23.2419
   -7.5000  -30.0000   37.5000 7810.4927   23.7893
    0.0000  -30.0000   37.5000 7938.3550   23.7961
    7.5000  -30.0000   37.5000 7617.4438   23.7833
   -7.5000  -22.5000   37.5000 8383.6494   23.7943
    0.0000  -22.5000   37.5000 8472.0811   23.7863
    7.5000  -22.5000   37.5000 8127.1177   23.7580
   -7.5000  -15.0000   37.5000 8886.1221   23.8211
    0.0000  -15.0000   37.5000 8939.7783   23.8081
    7.5000  -15.0000   37.5000 8577.8516   23.7821
   -7.5000   -7.5000   37.5000 9005.5137   23.8346
    0.0000   -7.5000   37.5000 9051.1553   23.8327
    7.5000   -7.5000   37.5000 8681.0713   23.8220
   -7.5000    0.0000   37.5000 9106.2812   23.8227
    0.0000    0.0000   37.5000 9146.8271   23.8400
    7.5000    0.0000   37.5000 8766.6553   23.8444
   -7.5000    7.5000   37.5000 8694.2812   23.7941
    0.0000    7.5000   37.5000 8739.2373   23.8139
    7.5000    7.5000   37.5000 8370.8994   23.8169
   -7.5000   15.0000   37.5000 8438.6338   23.7807
    0.0000   15.0000   37.5000 8488.4854   23.7875
    7.5000   15.0000   37.5000 8137.4946   23.7746
   -7.5000   22.5000   37.5000 7749.5508   23.4802
    0.0000   22.5000   37.5000 7819.9976   23.4723
    7.5000   22.5000   37.5000 7472.8926   23.4443
   -7.5000   30.0000   37.5000 7038.2715   22.9651
    0.0000   30.0000   37.5000 7113.5146   22.9526
    7.5000   30.0000   37.5000 6797.6680   22.9275
   -7.5000   37.5000   37.5000 6331.1499   22.3739
    0.0000   37.5000   37.5000 6389.2832   22.3703
    7.5000   37.5000   37.5000 6094.1182   22.3588
   -7.5000   45.0000   37.5000 5661.9648   21.9360
    0.0000   45.0000   37.5000 5715.1929   21.9526
    7.5000   45.0000   37.5000 5460.2549   21.9567
   -7.5000  -45.0000   45.0000 6337.0029   22.2076
    0.0000  -45.0000   45.0000 6465.6567   22.2320
    7.5000  -45.0000   45.0000 6209.2339   22.2394
   -7.5000  -37.5000   45.0000 6769.6841   23.6117
    0.0000  -37.5000   45.0000 6908.8013   23.6408
    7.5000  -37.5000   45.0000 6629.3379   23.6509
   -7.5000  -30.0000   45.0000 7239.4863   24.1814
    0.0000  -30.0000   45.0000 7362.7446   24.1944
    7.5000  -30.0000   45.0000 7074.3398   24.1861
   -7.5000  -22.5000   45.0000 7766.3335   24.2099
    0.0000  -22.5000   45.0000 7862.9971   24.2024
    7.5000  -22.5000   45.0000 7543.0947   24.1721
   -7.5000  -15.0000   45.0000 8227.3047   24.2490
    0.0000  -15.0000   45.0000 8299.9346   24.2344
    7.5000  -15.0000   45.0000 7958.0664   24.2018
   -7.5000   -7.5000   45.0000 8333.6016   24.2506
    0.0000   -7.5000   45.0000 8387.3994   24.2517
    7.5000   -7.5000   45.0000 8039.2476   24.2370
   -7.5000    0.0000   45.0000 8407.4619   24.2120
    0.0000    0.0000   45.0000 8441.1855   24.2386
    7.5000    0.0000   45.0000 8112.4263   24.2467
   -7.5000    7.5000   45.0000 8058.9360   24.1726
    0.0000    7.5000   45.0000 8106.3608   24.2024
    7.5000    7.5000   45.0000 7774.3901   24.2128
   -7.5000   15.0000   45.0000 7836.3228   24.1723
    0.0000   15.0000   45.0000 7903.9385   24.1853
    7.5000   15.0000   45.0000 7559.9395   24.1771
   -7.5000   22.5000   45.0000 7183.2017   23.8872
    0.0000   22.5000   45.0000 7245.2476   23.8797
    7.5000   22.5000   45.0000 6931.2388   23.8498
   -7.5000   30.0000   45.0000 6537.0996   23.3753
    0.0000   30.0000   45.0000 6592.2588   23.3612
    7.5000   30.0000   45.0000 6305.6611   23.3299
   -7.5000   37.5000   45.0000 5899.5156   22.7399
    0.0000   37.5000   45.0000 5932.2051   22.7402
    7.5000   37.5000   45.0000 5664.6792   22.7275
   -7.5000   45.0000   45.0000 5264.1045   22.2353
    0.0000   45.0000   45.0000 5285.0522   22.2573
    7.5000   45.0000   45.0000 5058.5215   22.2637

---------------------------------------------------------------------
imgreg_4dfp /opt/freesurfer/average/711-2C_as_mni_average_305 /opt/freesurfer/average/711-2B_as_mni_average_305_mask talsrcimg_g11 none talsrcimg_to_711-2C_as_mni_average_305_t4 4355
---------------------------------------------------------------------

freesurfer imgreg_4dfp.c
/opt/freesurfer/average/711-2C_as_mni_average_305.4dfp.img
       256       256       256         1
  1.000000  1.000000  1.000000
orientation T byte_order littleendian
Reading image: /opt/freesurfer/average/711-2C_as_mni_average_305.4dfp.img
dimensions:      256       256       256
mmppix:       1.0000   -1.0000   -1.0000
center:     128.0000 -129.0000 -129.0000
/opt/freesurfer/average/711-2B_as_mni_average_305_mask.4dfp.img
       256       256       256         1
  1.000000  1.000000  1.000000
orientation T byte_order littleendian
Reading mask: /opt/freesurfer/average/711-2B_as_mni_average_305_mask.4dfp.img (2306576 pixels)
talsrcimg_g11.4dfp.img
       256       256       256         1
  0.900000  0.900000  0.900000
orientation T byte_order littleendian
Reading image: talsrcimg_g11.4dfp.img
dimensions:      256       256       256
mmppix:       0.9000   -0.9000   -0.9000
center:     115.2000 -116.1000 -116.1000
rotation matrix determinant  1.000000
image alignment mode   4355 decimal     1103 hex
   -7.5000  -45.0000  -45.0000 2022.2081   20.4394
    0.0000  -45.0000  -45.0000 2046.6865   20.1626
    7.5000  -45.0000  -45.0000 2050.4846   20.1745
   -7.5000  -37.5000  -45.0000 2094.4026   19.1519
    0.0000  -37.5000  -45.0000 2120.8879   18.9188
    7.5000  -37.5000  -45.0000 2124.2134   18.9357
   -7.5000  -30.0000  -45.0000 2134.6831   18.2677
    0.0000  -30.0000  -45.0000 2158.4524   18.0066
    7.5000  -30.0000  -45.0000 2159.2720   18.0210
   -7.5000  -22.5000  -45.0000 2152.7097   17.7428
    0.0000  -22.5000  -45.0000 2173.6265   17.4204
    7.5000  -22.5000  -45.0000 2174.3145   17.3974
   -7.5000  -15.0000  -45.0000 2150.3147   17.5373
    0.0000  -15.0000  -45.0000 2174.4700   17.1784
    7.5000  -15.0000  -45.0000 2175.4219   17.1491
   -7.5000   -7.5000  -45.0000 2140.8328   17.6801
    0.0000   -7.5000  -45.0000 2161.3206   17.2675
    7.5000   -7.5000  -45.0000 2162.0532   17.2428
   -7.5000    0.0000  -45.0000 2119.4128   18.1642
    0.0000    0.0000  -45.0000 2143.7979   17.7582
    7.5000    0.0000  -45.0000 2137.7649   17.6908
   -7.5000    7.5000  -45.0000 2080.8828   18.9831
    0.0000    7.5000  -45.0000 2107.3906   18.5976
    7.5000    7.5000  -45.0000 2099.0845   18.5725
   -7.5000   15.0000  -45.0000 2023.1508   20.1788
    0.0000   15.0000  -45.0000 2047.1832   19.7660
    7.5000   15.0000  -45.0000 2036.4075   19.7619
   -7.5000   22.5000  -45.0000 1944.2491   21.8212
    0.0000   22.5000  -45.0000 1968.7308   21.3019
    7.5000   22.5000  -45.0000 1957.6991   21.3071
   -7.5000   30.0000  -45.0000 1848.0692   23.9689
    0.0000   30.0000  -45.0000 1871.8931   23.3998
    7.5000   30.0000  -45.0000 1862.4003   23.4122
   -7.5000   37.5000  -45.0000 1726.0070   26.6059
    0.0000   37.5000  -45.0000 1746.5289   26.0253
    7.5000   37.5000  -45.0000 1733.5972   26.0447
   -7.5000   45.0000  -45.0000 1571.4590   29.7178
    0.0000   45.0000  -45.0000 1589.9500   29.2053
    7.5000   45.0000  -45.0000 1579.3140   29.2820
   -7.5000  -45.0000  -37.5000 2172.9951   20.1291
    0.0000  -45.0000  -37.5000 2205.4109   19.8002
    7.5000  -45.0000  -37.5000 2213.1084   19.9178
   -7.5000  -37.5000  -37.5000 2251.7390   18.8058
    0.0000  -37.5000  -37.5000 2288.7070   18.5226
    7.5000  -37.5000  -37.5000 2294.9006   18.6001
   -7.5000  -30.0000  -37.5000 2305.3843   17.9177
    0.0000  -30.0000  -37.5000 2334.5156   17.6440
    7.5000  -30.0000  -37.5000 2338.4707   17.7005
   -7.5000  -22.5000  -37.5000 2328.2397   17.3534
    0.0000  -22.5000  -37.5000 2356.9414   17.0758
    7.5000  -22.5000  -37.5000 2356.7524   17.1118
   -7.5000  -15.0000  -37.5000 2336.2222   17.1617
    0.0000  -15.0000  -37.5000 2360.5322   16.8156
    7.5000  -15.0000  -37.5000 2359.8269   16.8254
   -7.5000   -7.5000  -37.5000 2321.3093   17.2885
    0.0000   -7.5000  -37.5000 2346.6750   16.9028
    7.5000   -7.5000  -37.5000 2344.0679   16.9329
   -7.5000    0.0000  -37.5000 2291.6731   17.7370
    0.0000    0.0000  -37.5000 2322.6968   17.3687
    7.5000    0.0000  -37.5000 2316.9583   17.3431
   -7.5000    7.5000  -37.5000 2249.6531   18.5534
    0.0000    7.5000  -37.5000 2280.7471   18.1800
    7.5000    7.5000  -37.5000 2274.9478   18.1679
   -7.5000   15.0000  -37.5000 2188.9163   19.6622
    0.0000   15.0000  -37.5000 2217.7283   19.3213
    7.5000   15.0000  -37.5000 2206.7383   19.3342
   -7.5000   22.5000  -37.5000 2105.1560   21.2368
    0.0000   22.5000  -37.5000 2127.2266   20.8552
    7.5000   22.5000  -37.5000 2117.3372   20.8953
   -7.5000   30.0000  -37.5000 1999.7578   23.3332
    0.0000   30.0000  -37.5000 2022.3893   22.8614
    7.5000   30.0000  -37.5000 2016.1356   22.8753
   -7.5000   37.5000  -37.5000 1864.0503   25.8999
    0.0000   37.5000  -37.5000 1882.9592   25.3172
    7.5000   37.5000  -37.5000 1877.7750   25.3836
   -7.5000   45.0000  -37.5000 1701.2590   28.9546
    0.0000   45.0000  -37.5000 1713.0963   28.3626
    7.5000   45.0000  -37.5000 1709.1840   28.4491
   -7.5000  -45.0000  -30.0000 2305.5759   19.7039
    0.0000  -45.0000  -30.0000 2342.8127   19.3568
    7.5000  -45.0000  -30.0000 2353.8943   19.5227
   -7.5000  -37.5000  -30.0000 2396.4695   18.3330
    0.0000  -37.5000  -30.0000 2435.7314   18.0010
    7.5000  -37.5000  -30.0000 2441.3008   18.1372
   -7.5000  -30.0000  -30.0000 2453.3652   17.4082
    0.0000  -30.0000  -30.0000 2490.3835   17.1154
    7.5000  -30.0000  -30.0000 2491.3242   17.2088
   -7.5000  -22.5000  -30.0000 2489.4785   16.8629
    0.0000  -22.5000  -30.0000 2517.8289   16.5827
    7.5000  -22.5000  -30.0000 2517.7925   16.6473
   -7.5000  -15.0000  -30.0000 2501.8750   16.6061
    0.0000  -15.0000  -30.0000 2536.2864   16.3068
    7.5000  -15.0000  -30.0000 2533.8699   16.3607
   -7.5000   -7.5000  -30.0000 2488.1443   16.7356
    0.0000   -7.5000  -30.0000 2523.3103   16.4148
    7.5000   -7.5000  -30.0000 2514.8672   16.4868
   -7.5000    0.0000  -30.0000 2456.7332   17.2206
    0.0000    0.0000  -30.0000 2493.0857   16.8830
    7.5000    0.0000  -30.0000 2485.7656   16.9147
   -7.5000    7.5000  -30.0000 2407.9460   17.9875
    0.0000    7.5000  -30.0000 2446.3252   17.6449
    7.5000    7.5000  -30.0000 2441.5083   17.7061
   -7.5000   15.0000  -30.0000 2342.7017   19.0483
    0.0000   15.0000  -30.0000 2379.7219   18.7065
    7.5000   15.0000  -30.0000 2370.5222   18.7785
   -7.5000   22.5000  -30.0000 2249.8538   20.5667
    0.0000   22.5000  -30.0000 2277.6453   20.2116
    7.5000   22.5000  -30.0000 2268.4587   20.2615
   -7.5000   30.0000  -30.0000 2134.7002   22.5779
    0.0000   30.0000  -30.0000 2162.3577   22.1636
    7.5000   30.0000  -30.0000 2154.5732   22.1757
   -7.5000   37.5000  -30.0000 1988.3594   25.0186
    0.0000   37.5000  -30.0000 2009.3060   24.5727
    7.5000   37.5000  -30.0000 2007.6368   24.6317
   -7.5000   45.0000  -30.0000 1812.2189   27.9749
    0.0000   45.0000  -30.0000 1834.8533   27.4742
    7.5000   45.0000  -30.0000 1828.1215   27.5712
   -7.5000  -45.0000  -22.5000 2412.1609   19.1935
    0.0000  -45.0000  -22.5000 2456.1765   18.8150
    7.5000  -45.0000  -22.5000 2459.4585   18.9074
   -7.5000  -37.5000  -22.5000 2515.6289   17.7797
    0.0000  -37.5000  -22.5000 2555.7434   17.4701
    7.5000  -37.5000  -22.5000 2560.1555   17.5419
   -7.5000  -30.0000  -22.5000 2586.1135   16.7877
    0.0000  -30.0000  -22.5000 2621.9583   16.4905
    7.5000  -30.0000  -22.5000 2625.8950   16.5730
   -7.5000  -22.5000  -22.5000 2628.0669   16.1733
    0.0000  -22.5000  -22.5000 2654.6812   15.8946
    7.5000  -22.5000  -22.5000 2653.7976   15.9705
   -7.5000  -15.0000  -22.5000 2646.4412   15.9147
    0.0000  -15.0000  -22.5000 2683.5234   15.6244
    7.5000  -15.0000  -22.5000 2676.3350   15.6626
   -7.5000   -7.5000  -22.5000 2636.9119   16.0822
    0.0000   -7.5000  -22.5000 2678.2390   15.7912
    7.5000   -7.5000  -22.5000 2669.5444   15.8175
   -7.5000    0.0000  -22.5000 2610.7642   16.5673
    0.0000    0.0000  -22.5000 2649.6670   16.2355
    7.5000    0.0000  -22.5000 2643.6362   16.3080
   -7.5000    7.5000  -22.5000 2557.6841   17.3197
    0.0000    7.5000  -22.5000 2597.5581   16.9757
    7.5000    7.5000  -22.5000 2589.5850   17.0322
   -7.5000   15.0000  -22.5000 2482.0818   18.3318
    0.0000   15.0000  -22.5000 2518.0029   17.9745
    7.5000   15.0000  -22.5000 2506.4834   18.0303
   -7.5000   22.5000  -22.5000 2382.9756   19.7901
    0.0000   22.5000  -22.5000 2411.1145   19.4027
    7.5000   22.5000  -22.5000 2401.4053   19.4362
   -7.5000   30.0000  -22.5000 2262.8394   21.7135
    0.0000   30.0000  -22.5000 2289.2468   21.2889
    7.5000   30.0000  -22.5000 2280.4275   21.2898
   -7.5000   37.5000  -22.5000 2105.2407   24.0479
    0.0000   37.5000  -22.5000 2122.1145   23.6218
    7.5000   37.5000  -22.5000 2115.2117   23.6408
   -7.5000   45.0000  -22.5000 1917.9103   26.9178
    0.0000   45.0000  -22.5000 1938.9276   26.4451
    7.5000   45.0000  -22.5000 1923.0845   26.4815
   -7.5000  -45.0000  -15.0000 2485.1406   18.6510
    0.0000  -45.0000  -15.0000 2530.0391   18.1878
    7.5000  -45.0000  -15.0000 2531.6807   18.1947
   -7.5000  -37.5000  -15.0000 2598.5984   17.1938
    0.0000  -37.5000  -15.0000 2640.8987   16.8080
    7.5000  -37.5000  -15.0000 2642.8977   16.8383
   -7.5000  -30.0000  -15.0000 2683.1101   16.1459
    0.0000  -30.0000  -15.0000 2725.1731   15.8142
    7.5000  -30.0000  -15.0000 2722.3704   15.8342
   -7.5000  -22.5000  -15.0000 2735.5759   15.4712
    0.0000  -22.5000  -15.0000 2770.4875   15.1302
    7.5000  -22.5000  -15.0000 2763.7920   15.1596
   -7.5000  -15.0000  -15.0000 2761.6040   15.1563
    0.0000  -15.0000  -15.0000 2804.2175   14.8157
    7.5000  -15.0000  -15.0000 2792.8132   14.8162
   -7.5000   -7.5000  -15.0000 2761.7715   15.3390
    0.0000   -7.5000  -15.0000 2802.5356   14.9823
    7.5000   -7.5000  -15.0000 2792.0801   14.9940
   -7.5000    0.0000  -15.0000 2734.6672   15.8152
    0.0000    0.0000  -15.0000 2776.3997   15.4760
    7.5000    0.0000  -15.0000 2767.6130   15.4870
   -7.5000    7.5000  -15.0000 2681.4160   16.4864
    0.0000    7.5000  -15.0000 2720.7397   16.1534
    7.5000    7.5000  -15.0000 2706.0012   16.1898
   -7.5000   15.0000  -15.0000 2594.4119   17.4749
    0.0000   15.0000  -15.0000 2629.7029   17.1030
    7.5000   15.0000  -15.0000 2615.3281   17.1525
   -7.5000   22.5000  -15.0000 2484.9956   18.8992
    0.0000   22.5000  -15.0000 2514.7703   18.4775
    7.5000   22.5000  -15.0000 2505.1340   18.5120
   -7.5000   30.0000  -15.0000 2357.0156   20.7873
    0.0000   30.0000  -15.0000 2382.3501   20.3469
    7.5000   30.0000  -15.0000 2376.8801   20.3578
   -7.5000   37.5000  -15.0000 2190.0979   23.0737
    0.0000   37.5000  -15.0000 2206.5637   22.6181
    7.5000   37.5000  -15.0000 2197.3945   22.6426
   -7.5000   45.0000  -15.0000 1995.5634   25.8121
    0.0000   45.0000  -15.0000 2012.5791   25.3709
    7.5000   45.0000  -15.0000 2000.5551   25.3639
   -7.5000  -45.0000   -7.5000 2510.0679   18.0863
    0.0000  -45.0000   -7.5000 2556.1287   17.5382
    7.5000  -45.0000   -7.5000 2557.4956   17.5084
   -7.5000  -37.5000   -7.5000 2635.0605   16.6379
    0.0000  -37.5000   -7.5000 2677.5327   16.1128
    7.5000  -37.5000   -7.5000 2677.0281   16.0935
   -7.5000  -30.0000   -7.5000 2733.0571   15.5213
    0.0000  -30.0000   -7.5000 2774.3262   15.0558
    7.5000  -30.0000   -7.5000 2770.2344   15.0493
   -7.5000  -22.5000   -7.5000 2800.7085   14.7854
    0.0000  -22.5000   -7.5000 2844.3511   14.3719
    7.5000  -22.5000   -7.5000 2834.8784   14.3299
   -7.5000  -15.0000   -7.5000 2843.7524   14.4340
    0.0000  -15.0000   -7.5000 2889.6008   13.9743
    7.5000  -15.0000   -7.5000 2871.1533   13.9445
   -7.5000   -7.5000   -7.5000 2850.5132   14.5532
    0.0000   -7.5000   -7.5000 2894.5430   14.1444
    7.5000   -7.5000   -7.5000 2878.9895   14.0876
   -7.5000    0.0000   -7.5000 2819.4731   14.9965
    0.0000    0.0000   -7.5000 2860.7300   14.5896
    7.5000    0.0000   -7.5000 2845.2395   14.5524
   -7.5000    7.5000   -7.5000 2763.3359   15.6331
    0.0000    7.5000   -7.5000 2793.4106   15.2423
    7.5000    7.5000   -7.5000 2777.0974   15.2444
   -7.5000   15.0000   -7.5000 2669.5200   16.6339
    0.0000   15.0000   -7.5000 2698.5645   16.1995
    7.5000   15.0000   -7.5000 2682.5334   16.2317
   -7.5000   22.5000   -7.5000 2550.4697   18.0499
    0.0000   22.5000   -7.5000 2576.7668   17.5952
    7.5000   22.5000   -7.5000 2565.0640   17.6087
   -7.5000   30.0000   -7.5000 2413.8733   19.8845
    0.0000   30.0000   -7.5000 2440.0920   19.4255
    7.5000   30.0000   -7.5000 2431.7815   19.4300
   -7.5000   37.5000   -7.5000 2237.2600   22.0755
    0.0000   37.5000   -7.5000 2259.5386   21.5970
    7.5000   37.5000   -7.5000 2249.3650   21.6161
   -7.5000   45.0000   -7.5000 2034.4568   24.6447
    0.0000   45.0000   -7.5000 2056.0378   24.2217
    7.5000   45.0000   -7.5000 2043.1921   24.2359
   -7.5000  -45.0000    0.0000 2529.5229   17.8979
    0.0000  -45.0000    0.0000 2568.9663   17.2766
    7.5000  -45.0000    0.0000 2571.2515   17.2174
   -7.5000  -37.5000    0.0000 2660.9827   16.3713
    0.0000  -37.5000    0.0000 2697.6660   15.7955
    7.5000  -37.5000    0.0000 2693.2859   15.7235
   -7.5000  -30.0000    0.0000 2763.8010   15.1894
    0.0000  -30.0000    0.0000 2803.9192   14.6760
    7.5000  -30.0000    0.0000 2797.9226   14.6134
   -7.5000  -22.5000    0.0000 2848.3357   14.4090
    0.0000  -22.5000    0.0000 2895.2170   13.9076
    7.5000  -22.5000    0.0000 2889.4424   13.8466
   -7.5000  -15.0000    0.0000 2913.2700   14.0357
    0.0000  -15.0000    0.0000 2958.9958   13.4363
    7.5000  -15.0000    0.0000 2942.2195   13.3964
   -7.5000   -7.5000    0.0000 2928.1960   14.0787
    0.0000   -7.5000    0.0000 2973.2715   13.5639
    7.5000   -7.5000    0.0000 2955.9128   13.4899
   -7.5000    0.0000    0.0000 2895.2026   14.5016
    0.0000    0.0000    0.0000 2934.1907   14.0467
    7.5000    0.0000    0.0000 2914.8267   13.9860
   -7.5000    7.5000    0.0000 2830.4707   15.1743
    0.0000    7.5000    0.0000 2860.1743   14.7080
    7.5000    7.5000    0.0000 2841.8999   14.6883
   -7.5000   15.0000    0.0000 2729.8472   16.1904
    0.0000   15.0000    0.0000 2760.0278   15.7166
    7.5000   15.0000    0.0000 2743.3577   15.7291
   -7.5000   22.5000    0.0000 2605.8044   17.6159
    0.0000   22.5000    0.0000 2630.2739   17.1225
    7.5000   22.5000    0.0000 2618.6138   17.1212
   -7.5000   30.0000    0.0000 2465.0327   19.4925
    0.0000   30.0000    0.0000 2486.4351   18.9599
    7.5000   30.0000    0.0000 2480.2085   18.9469
   -7.5000   37.5000    0.0000 2279.0391   21.6796
    0.0000   37.5000    0.0000 2301.9236   21.1422
    7.5000   37.5000    0.0000 2293.2224   21.1333
   -7.5000   45.0000    0.0000 2068.3325   24.0853
    0.0000   45.0000    0.0000 2091.6062   23.5813
    7.5000   45.0000    0.0000 2082.3613   23.6510
   -7.5000  -45.0000    7.5000 2523.9626   17.8053
    0.0000  -45.0000    7.5000 2556.8237   17.1248
    7.5000  -45.0000    7.5000 2560.8279   17.0840
   -7.5000  -37.5000    7.5000 2654.8105   16.2389
    0.0000  -37.5000    7.5000 2685.5366   15.6084
    7.5000  -37.5000    7.5000 2682.7358   15.5600
   -7.5000  -30.0000    7.5000 2767.4866   15.0427
    0.0000  -30.0000    7.5000 2795.8254   14.4684
    7.5000  -30.0000    7.5000 2794.5293   14.4042
   -7.5000  -22.5000    7.5000 2865.2476   14.2319
    0.0000  -22.5000    7.5000 2902.4536   13.6977
    7.5000  -22.5000    7.5000 2896.9590   13.6153
   -7.5000  -15.0000    7.5000 2937.9626   13.7686
    0.0000  -15.0000    7.5000 2985.3840   13.1855
    7.5000  -15.0000    7.5000 2968.4617   13.1216
   -7.5000   -7.5000    7.5000 2958.6731   13.7024
    0.0000   -7.5000    7.5000 3015.0381   13.1176
    7.5000   -7.5000    7.5000 2994.3630   13.0807
   -7.5000    0.0000    7.5000 2928.2593   14.1240
    0.0000    0.0000    7.5000 2975.1973   13.5833
    7.5000    0.0000    7.5000 2958.5068   13.5946
   -7.5000    7.5000    7.5000 2853.9221   14.8762
    0.0000    7.5000    7.5000 2891.9751   14.4032
    7.5000    7.5000    7.5000 2880.4111   14.4245
   -7.5000   15.0000    7.5000 2752.4727   15.8946
    0.0000   15.0000    7.5000 2780.3860   15.4406
    7.5000   15.0000    7.5000 2772.2319   15.4975
   -7.5000   22.5000    7.5000 2625.6477   17.3116
    0.0000   22.5000    7.5000 2654.4268   16.8680
    7.5000   22.5000    7.5000 2644.5620   16.9097
   -7.5000   30.0000    7.5000 2482.1338   19.1344
    0.0000   30.0000    7.5000 2507.8062   18.6713
    7.5000   30.0000    7.5000 2495.3872   18.7337
   -7.5000   37.5000    7.5000 2298.7422   21.2752
    0.0000   37.5000    7.5000 2321.9570   20.7780
    7.5000   37.5000    7.5000 2309.7278   20.8202
   -7.5000   45.0000    7.5000 2082.6438   23.6308
    0.0000   45.0000    7.5000 2106.3301   23.1701
    7.5000   45.0000    7.5000 2094.4653   23.2250
   -7.5000  -45.0000   15.0000 2512.2092   17.9464
    0.0000  -45.0000   15.0000 2534.7549   17.1524
    7.5000  -45.0000   15.0000 2534.6179   17.0654
   -7.5000  -37.5000   15.0000 2635.1782   16.3781
    0.0000  -37.5000   15.0000 2657.7527   15.6897
    7.5000  -37.5000   15.0000 2654.3494   15.6010
   -7.5000  -30.0000   15.0000 2748.7178   15.1678
    0.0000  -30.0000   15.0000 2772.6846   14.5744
    7.5000  -30.0000   15.0000 2766.3145   14.4833
   -7.5000  -22.5000   15.0000 2848.6904   14.3247
    0.0000  -22.5000   15.0000 2875.6594   13.8065
    7.5000  -22.5000   15.0000 2871.1882   13.7500
   -7.5000  -15.0000   15.0000 2919.4714   13.7690
    0.0000  -15.0000   15.0000 2951.7188   13.2149
    7.5000  -15.0000   15.0000 2947.9292   13.2988
   -7.5000   -7.5000   15.0000 2940.2942   13.6295
    0.0000   -7.5000   15.0000 2983.0054   13.0894
    7.5000   -7.5000   15.0000 2977.8713   13.2164
   -7.5000    0.0000   15.0000 2922.1509   13.9957
    0.0000    0.0000   15.0000 2969.4995   13.5300
    7.5000    0.0000   15.0000 2952.3481   13.6179
   -7.5000    7.5000   15.0000 2849.9915   14.8196
    0.0000    7.5000   15.0000 2886.8472   14.3867
    7.5000    7.5000   15.0000 2873.2397   14.4087
   -7.5000   15.0000   15.0000 2752.4880   15.8752
    0.0000   15.0000   15.0000 2779.3420   15.4506
    7.5000   15.0000   15.0000 2768.9429   15.4783
   -7.5000   22.5000   15.0000 2624.3774   17.3105
    0.0000   22.5000   15.0000 2655.2749   16.8849
    7.5000   22.5000   15.0000 2642.2314   16.8959
   -7.5000   30.0000   15.0000 2482.9377   19.0953
    0.0000   30.0000   15.0000 2511.7769   18.6818
    7.5000   30.0000   15.0000 2495.6956   18.6957
   -7.5000   37.5000   15.0000 2299.4399   21.1539
    0.0000   37.5000   15.0000 2323.1245   20.7520
    7.5000   37.5000   15.0000 2310.6064   20.7753
   -7.5000   45.0000   15.0000 2082.9553   23.4768
    0.0000   45.0000   15.0000 2107.4282   23.0954
    7.5000   45.0000   15.0000 2095.1704   23.0985
   -7.5000  -45.0000   22.5000 2475.6721   18.2378
    0.0000  -45.0000   22.5000 2500.0061   17.5130
    7.5000  -45.0000   22.5000 2503.0447   17.5571
   -7.5000  -37.5000   22.5000 2600.0190   16.7105
    0.0000  -37.5000   22.5000 2624.4387   16.0661
    7.5000  -37.5000   22.5000 2624.6379   16.0948
   -7.5000  -30.0000   22.5000 2714.8975   15.5038
    0.0000  -30.0000   22.5000 2740.7283   14.9529
    7.5000  -30.0000   22.5000 2736.7498   14.9770
   -7.5000  -22.5000   22.5000 2810.1306   14.6332
    0.0000  -22.5000   22.5000 2838.2385   14.1189
    7.5000  -22.5000   22.5000 2832.5264   14.1677
   -7.5000  -15.0000   22.5000 2879.8994   14.0876
    0.0000  -15.0000   22.5000 2907.9697   13.5285
    7.5000  -15.0000   22.5000 2903.7632   13.6593
   -7.5000   -7.5000   22.5000 2907.9126   13.9598
    0.0000   -7.5000   22.5000 2945.4111   13.5111
    7.5000   -7.5000   22.5000 2938.6345   13.5663
   -7.5000    0.0000   22.5000 2889.2385   14.3198
    0.0000    0.0000   22.5000 2928.8523   13.9645
    7.5000    0.0000   22.5000 2912.1660   14.0122
   -7.5000    7.5000   22.5000 2814.8276   15.1053
    0.0000    7.5000   22.5000 2851.3398   14.7545
    7.5000    7.5000   22.5000 2837.4983   14.7617
   -7.5000   15.0000   22.5000 2719.6208   16.1273
    0.0000   15.0000   22.5000 2750.3796   15.7314
    7.5000   15.0000   22.5000 2738.7290   15.7754
   -7.5000   22.5000   22.5000 2594.4705   17.4868
    0.0000   22.5000   22.5000 2628.0381   17.0962
    7.5000   22.5000   22.5000 2614.1921   17.1391
   -7.5000   30.0000   22.5000 2457.2271   19.2388
    0.0000   30.0000   22.5000 2488.6597   18.8346
    7.5000   30.0000   22.5000 2471.5535   18.8385
   -7.5000   37.5000   22.5000 2281.4128   21.3005
    0.0000   37.5000   22.5000 2300.0764   20.8417
    7.5000   37.5000   22.5000 2285.6157   20.8742
   -7.5000   45.0000   22.5000 2069.0820   23.6414
    0.0000   45.0000   22.5000 2088.6677   23.1886
    7.5000   45.0000   22.5000 2075.3591   23.2207
   -7.5000  -45.0000   30.0000 2440.1958   18.8560
    0.0000  -45.0000   30.0000 2465.9922   18.2559
    7.5000  -45.0000   30.0000 2465.9768   18.3626
   -7.5000  -37.5000   30.0000 2562.7268   17.2925
    0.0000  -37.5000   30.0000 2591.6252   16.7536
    7.5000  -37.5000   30.0000 2588.7659   16.8232
   -7.5000  -30.0000   30.0000 2678.5503   16.0830
    0.0000  -30.0000   30.0000 2705.8005   15.5666
    7.5000  -30.0000   30.0000 2700.3723   15.6028
   -7.5000  -22.5000   30.0000 2764.8398   15.1953
    0.0000  -22.5000   30.0000 2794.7236   14.6527
    7.5000  -22.5000   30.0000 2786.4631   14.7119
   -7.5000  -15.0000   30.0000 2829.6001   14.6953
    0.0000  -15.0000   30.0000 2861.7925   14.1571
    7.5000  -15.0000   30.0000 2848.8723   14.2384
   -7.5000   -7.5000   30.0000 2859.1035   14.6106
    0.0000   -7.5000   30.0000 2887.6599   14.1651
    7.5000   -7.5000   30.0000 2876.8740   14.1915
   -7.5000    0.0000   30.0000 2834.9128   14.9879
    0.0000    0.0000   30.0000 2865.3562   14.5844
    7.5000    0.0000   30.0000 2846.8445   14.6458
   -7.5000    7.5000   30.0000 2764.7317   15.7015
    0.0000    7.5000   30.0000 2799.0530   15.3147
    7.5000    7.5000   30.0000 2783.2715   15.3418
   -7.5000   15.0000   30.0000 2670.5061   16.6836
    0.0000   15.0000   30.0000 2700.3616   16.3190
    7.5000   15.0000   30.0000 2691.9114   16.3509
   -7.5000   22.5000   30.0000 2554.8716   17.9725
    0.0000   22.5000   30.0000 2585.6470   17.6125
    7.5000   22.5000   30.0000 2575.0576   17.6378
   -7.5000   30.0000   30.0000 2418.4324   19.6985
    0.0000   30.0000   30.0000 2451.2339   19.2643
    7.5000   30.0000   30.0000 2435.8628   19.2566
   -7.5000   37.5000   30.0000 2242.7434   21.6860
    0.0000   37.5000   30.0000 2262.3035   21.2371
    7.5000   37.5000   30.0000 2252.3992   21.2379
   -7.5000   45.0000   30.0000 2040.1278   24.0089
    0.0000   45.0000   30.0000 2058.4915   23.5323
    7.5000   45.0000   30.0000 2047.8905   23.5611
   -7.5000  -45.0000   37.5000 2398.0012   19.7365
    0.0000  -45.0000   37.5000 2426.5227   19.2231
    7.5000  -45.0000   37.5000 2420.8362   19.3107
   -7.5000  -37.5000   37.5000 2518.7917   18.0892
    0.0000  -37.5000   37.5000 2546.7927   17.5985
    7.5000  -37.5000   37.5000 2539.6101   17.6795
   -7.5000  -30.0000   37.5000 2623.7451   16.8305
    0.0000  -30.0000   37.5000 2654.0916   16.3397
    7.5000  -30.0000   37.5000 2647.3772   16.4120
   -7.5000  -22.5000   37.5000 2706.0535   15.9804
    0.0000  -22.5000   37.5000 2738.0232   15.4675
    7.5000  -22.5000   37.5000 2725.5959   15.5425
   -7.5000  -15.0000   37.5000 2766.9509   15.5233
    0.0000  -15.0000   37.5000 2794.5000   15.0423
    7.5000  -15.0000   37.5000 2779.1440   15.0910
   -7.5000   -7.5000   37.5000 2786.1311   15.4575
    0.0000   -7.5000   37.5000 2808.3850   15.0434
    7.5000   -7.5000   37.5000 2797.6409   15.0577
   -7.5000    0.0000   37.5000 2759.7021   15.8251
    0.0000    0.0000   37.5000 2783.6133   15.4214
    7.5000    0.0000   37.5000 2768.1008   15.4581
   -7.5000    7.5000   37.5000 2694.6218   16.4956
    0.0000    7.5000   37.5000 2724.1069   16.0809
    7.5000    7.5000   37.5000 2706.2288   16.1218
   -7.5000   15.0000   37.5000 2603.7192   17.4176
    0.0000   15.0000   37.5000 2633.1523   17.0370
    7.5000   15.0000   37.5000 2620.5503   17.0956
   -7.5000   22.5000   37.5000 2496.7615   18.6774
    0.0000   22.5000   37.5000 2523.1477   18.3411
    7.5000   22.5000   37.5000 2507.9873   18.4212
   -7.5000   30.0000   37.5000 2359.9841   20.4055
    0.0000   30.0000   37.5000 2388.8035   20.0249
    7.5000   30.0000   37.5000 2375.0188   20.0410
   -7.5000   37.5000   37.5000 2189.1260   22.3470
    0.0000   37.5000   37.5000 2213.3535   21.9042
    7.5000   37.5000   37.5000 2198.1846   21.9629
   -7.5000   45.0000   37.5000 1999.5415   24.5777
    0.0000   45.0000   37.5000 2018.7783   24.1496
    7.5000   45.0000   37.5000 2007.4025   24.2428
   -7.5000  -45.0000   45.0000 2324.5220   20.6954
    0.0000  -45.0000   45.0000 2354.5593   20.2700
    7.5000  -45.0000   45.0000 2346.4678   20.3626
   -7.5000  -37.5000   45.0000 2442.3381   19.0100
    0.0000  -37.5000   45.0000 2471.7634   18.6051
    7.5000  -37.5000   45.0000 2460.7488   18.6648
   -7.5000  -30.0000   45.0000 2537.7500   17.7425
    0.0000  -30.0000   45.0000 2564.6392   17.2990
    7.5000  -30.0000   45.0000 2556.1790   17.3686
   -7.5000  -22.5000   45.0000 2615.8149   16.9170
    0.0000  -22.5000   45.0000 2640.9324   16.4535
    7.5000  -22.5000   45.0000 2623.9697   16.5149
   -7.5000  -15.0000   45.0000 2666.8333   16.4884
    0.0000  -15.0000   45.0000 2686.5706   16.0563
    7.5000  -15.0000   45.0000 2672.5134   16.0868
   -7.5000   -7.5000   45.0000 2676.8796   16.4451
    0.0000   -7.5000   45.0000 2694.7896   16.0642
    7.5000   -7.5000   45.0000 2680.8264   16.0612
   -7.5000    0.0000   45.0000 2644.2488   16.7623
    0.0000    0.0000   45.0000 2660.5276   16.4014
    7.5000    0.0000   45.0000 2653.5740   16.4055
   -7.5000    7.5000   45.0000 2594.8936   17.3799
    0.0000    7.5000   45.0000 2618.5723   17.0005
    7.5000    7.5000   45.0000 2601.2747   17.0025
   -7.5000   15.0000   45.0000 2510.3770   18.2742
    0.0000   15.0000   45.0000 2539.3625   17.8759
    7.5000   15.0000   45.0000 2520.0974   17.8999
   -7.5000   22.5000   45.0000 2404.7266   19.5219
    0.0000   22.5000   45.0000 2425.5676   19.1517
    7.5000   22.5000   45.0000 2412.7361   19.1895
   -7.5000   30.0000   45.0000 2273.5859   21.2661
    0.0000   30.0000   45.0000 2293.8584   20.8839
    7.5000   30.0000   45.0000 2282.1995   20.8914
   -7.5000   37.5000   45.0000 2117.2310   23.2993
    0.0000   37.5000   45.0000 2133.9905   22.8930
    7.5000   37.5000   45.0000 2119.6155   22.9046
   -7.5000   45.0000   45.0000 1932.6278   25.4330
    0.0000   45.0000   45.0000 1944.5251   25.0508
    7.5000   45.0000   45.0000 1936.0956   25.1175

---------------------------------------------------------------------
imgreg_4dfp /opt/freesurfer/average/711-2C_as_mni_average_305 /opt/freesurfer/average/711-2B_as_mni_average_305_mask talsrcimg_g11 none talsrcimg_to_711-2C_as_mni_average_305_t4 1283
---------------------------------------------------------------------

freesurfer imgreg_4dfp.c
/opt/freesurfer/average/711-2C_as_mni_average_305.4dfp.img
       256       256       256         1
  1.000000  1.000000  1.000000
orientation T byte_order littleendian
Reading image: /opt/freesurfer/average/711-2C_as_mni_average_305.4dfp.img
dimensions:      256       256       256
mmppix:       1.0000   -1.0000   -1.0000
center:     128.0000 -129.0000 -129.0000
/opt/freesurfer/average/711-2B_as_mni_average_305_mask.4dfp.img
       256       256       256         1
  1.000000  1.000000  1.000000
orientation T byte_order littleendian
Reading mask: /opt/freesurfer/average/711-2B_as_mni_average_305_mask.4dfp.img (2306576 pixels)
talsrcimg_g11.4dfp.img
       256       256       256         1
  0.900000  0.900000  0.900000
orientation T byte_order littleendian
Reading image: talsrcimg_g11.4dfp.img
dimensions:      256       256       256
mmppix:       0.9000   -0.9000   -0.9000
center:     115.2000 -116.1000 -116.1000
rotation matrix determinant  1.000000
fimgreg.f
image alignment mode   1283 decimal      503 hex
parameters
    0.0000   -7.5000    7.5000    0.0000    0.0000    0.0000
eta,q 0.94734 13.06029
niter,ni,del,rscale     5    3   12.0000    1.2000
parameter  4  2.951876 ->  0.500000 qaram    1.1500
parameter  5 -0.545117 -> -0.500000 qaram    1.1500
parameter  6 -0.893727 -> -0.500000 qaram    1.1500
parameters
    0.4795   -7.6212    6.4468   -3.4500    3.4500    3.4500
eta,q 0.95119 12.95714
  0.0666  0.0609  0.0603  0.0518  0.0593  0.0601
  0.0608  0.0583  0.0579  0.0520  0.0557  0.0572
  0.0581  0.0568  0.0565  0.0542  0.0531  0.0541
  0.0571  0.0567  0.0567  0.0563  0.0525  0.0511
  0.0564  0.0570  0.0584  0.0581  0.0519  0.0494
  0.0591  0.0580  0.0602  0.0598  0.0508  0.0487
  0.0640  0.0616  0.0639  0.0623  0.0518  0.0490
niter,ni,del,rscale     7    3   12.0000    1.2000
parameters
    1.1028   -6.3877    7.3750   -4.1887    4.9511    4.7814
eta,q 0.95268 12.89950
  0.0577  0.0622  0.0571  0.0552  0.0546  0.0576
  0.0534  0.0562  0.0537  0.0491  0.0520  0.0526
  0.0516  0.0509  0.0497  0.0473  0.0494  0.0487
  0.0488  0.0481  0.0477  0.0478  0.0475  0.0473
  0.0482  0.0479  0.0478  0.0495  0.0476  0.0476
  0.0516  0.0497  0.0489  0.0533  0.0491  0.0491
  0.0552  0.0545  0.0536  0.0574  0.0506  0.0516
niter,ni,del,rscale     6    3   12.0000    1.2000
parameters
    1.4266   -6.2473    7.3525   -4.1993    5.5201    5.2374
eta,q 0.95244 12.90412
  0.0548  0.0594  0.0543  0.0567  0.0529  0.0554
  0.0513  0.0511  0.0500  0.0505  0.0498  0.0507
  0.0490  0.0475  0.0474  0.0475  0.0478  0.0480
  0.0473  0.0473  0.0473  0.0474  0.0474  0.0475
  0.0480  0.0484  0.0471  0.0485  0.0482  0.0482
  0.0499  0.0516  0.0500  0.0514  0.0494  0.0502
  0.0538  0.0571  0.0546  0.0559  0.0508  0.0528
niter,ni,del,rscale     5    3   12.0000    1.2000
parameters
    1.5224   -6.2841    7.2333   -4.1799    5.5933    5.3424
eta,q 0.95241 12.91245
  0.0545  0.0589  0.0541  0.0569  0.0520  0.0546
  0.0512  0.0507  0.0498  0.0507  0.0491  0.0501
  0.0484  0.0476  0.0474  0.0478  0.0476  0.0478
  0.0476  0.0476  0.0475  0.0476  0.0476  0.0476
  0.0480  0.0488  0.0475  0.0487  0.0483  0.0485
  0.0496  0.0522  0.0501  0.0516  0.0495  0.0505
  0.0550  0.0579  0.0547  0.0558  0.0511  0.0535
niter,ni,del,rscale     4    3   12.0000    1.2000
parameters
    1.5601   -6.3258    7.1910   -4.1644    5.6106    5.3757
eta,q 0.95240 12.91477
  0.0544  0.0590  0.0543  0.0569  0.0518  0.0544
  0.0511  0.0508  0.0500  0.0507  0.0490  0.0501
  0.0484  0.0476  0.0474  0.0478  0.0476  0.0478
  0.0476  0.0476  0.0476  0.0476  0.0476  0.0476
  0.0478  0.0489  0.0476  0.0487  0.0483  0.0485
  0.0495  0.0523  0.0499  0.0517  0.0495  0.0506
  0.0554  0.0580  0.0546  0.0558  0.0511  0.0536
registration optimization eta report
parameter search radius
    6.0000    6.0000    6.0000    6.9000    6.9000    6.9000
100000*second partial in parameter space
       21.       31.       21.       19.        8.       14.
  0.0544  0.0590  0.0543  0.0569  0.0518  0.0544
  0.0511  0.0508  0.0500  0.0507  0.0490  0.0501
  0.0484  0.0476  0.0474  0.0478  0.0476  0.0478
  0.0476  0.0476  0.0476  0.0476  0.0476  0.0476
  0.0478  0.0489  0.0476  0.0487  0.0483  0.0485
  0.0495  0.0523  0.0499  0.0517  0.0495  0.0506
  0.0554  0.0580  0.0546  0.0558  0.0511  0.0536
    1.5601   -6.3258    7.1910   -4.1644    5.6106    5.3757
eta,q 0.95240 12.91477

---------------------------------------------------------------------
imgreg_4dfp /opt/freesurfer/average/711-2C_as_mni_average_305 /opt/freesurfer/average/711-2B_as_mni_average_305_mask talsrcimg_g11 none talsrcimg_to_711-2C_as_mni_average_305_t4 3335
---------------------------------------------------------------------

freesurfer imgreg_4dfp.c
/opt/freesurfer/average/711-2C_as_mni_average_305.4dfp.img
       256       256       256         1
  1.000000  1.000000  1.000000
orientation T byte_order littleendian
Reading image: /opt/freesurfer/average/711-2C_as_mni_average_305.4dfp.img
dimensions:      256       256       256
mmppix:       1.0000   -1.0000   -1.0000
center:     128.0000 -129.0000 -129.0000
/opt/freesurfer/average/711-2B_as_mni_average_305_mask.4dfp.img
       256       256       256         1
  1.000000  1.000000  1.000000
orientation T byte_order littleendian
Reading mask: /opt/freesurfer/average/711-2B_as_mni_average_305_mask.4dfp.img (2306576 pixels)
talsrcimg_g11.4dfp.img
       256       256       256         1
  0.900000  0.900000  0.900000
orientation T byte_order littleendian
Reading image: talsrcimg_g11.4dfp.img
dimensions:      256       256       256
mmppix:       0.9000   -0.9000   -0.9000
center:     115.2000 -116.1000 -116.1000
fimgreg.f
image alignment mode   3335 decimal      D07 hex
parameters
    1.5601   -6.3258    7.1910   -0.9168   -0.6362   -0.7418
   -8.6370  -10.3883    9.3237    6.3164    9.7767   -7.2270
eta,q 0.95498 12.90810
niter,ni,del,rscale     5    3    5.0000    1.2000
parameter  4 18.045477 ->  0.500000 qaram    1.1500
parameter  5  2.265268 ->  0.500000 qaram    1.1500
parameter  6  1.385608 ->  0.500000 qaram    1.1500
parameters
    0.9784   -5.9882    7.1470   -5.0568   -4.7762   -4.8818
   -8.1685   -9.5158    7.7849    6.1389    8.4163   -7.5077
eta,q 0.97293 12.72072
  0.0458  0.0473  0.0468  0.0337  0.0315  0.0268  0.0305  0.0351  0.0285  0.0306  0.0288  0.0286
  0.0451  0.0462  0.0457  0.0372  0.0334  0.0271  0.0290  0.0317  0.0276  0.0289  0.0277  0.0278
  0.0449  0.0453  0.0450  0.0410  0.0356  0.0293  0.0279  0.0290  0.0272  0.0276  0.0271  0.0273
  0.0450  0.0449  0.0448  0.0448  0.0383  0.0339  0.0274  0.0274  0.0273  0.0272  0.0272  0.0271
  0.0455  0.0449  0.0452  0.0486  0.0417  0.0405  0.0275  0.0277  0.0278  0.0275  0.0279  0.0273
  0.0461  0.0454  0.0460  0.0525  0.0454  0.0461  0.0284  0.0296  0.0288  0.0289  0.0291  0.0279
  0.0470  0.0463  0.0468  0.0566  0.0491  0.0509  0.0299  0.0323  0.0303  0.0312  0.0307  0.0290
niter,ni,del,rscale     7    3    5.0000    1.2000
parameter  4  0.712204 ->  0.500000 qaram    1.3225
parameter  5  0.796119 ->  0.500000 qaram    1.3225
parameters
    1.1743   -6.2687    7.7173   -9.8178   -9.5372   -6.8171
   -7.9142   -8.9407    9.6805    7.3756    8.8609   -6.8372
eta,q 0.97729 12.55470
  0.0315  0.0288  0.0310  0.0250  0.0221  0.0255  0.0256  0.0286  0.0254  0.0258  0.0240  0.0240
  0.0293  0.0276  0.0291  0.0241  0.0222  0.0244  0.0242  0.0254  0.0242  0.0242  0.0233  0.0234
  0.0277  0.0271  0.0278  0.0243  0.0229  0.0233  0.0233  0.0234  0.0234  0.0232  0.0229  0.0229
  0.0271  0.0270  0.0270  0.0268  0.0240  0.0223  0.0229  0.0229  0.0229  0.0228  0.0227  0.0227
  0.0273  0.0275  0.0269  0.0310  0.0260  0.0230  0.0231  0.0232  0.0228  0.0228  0.0228  0.0227
  0.0284  0.0284  0.0274  0.0356  0.0290  0.0279  0.0239  0.0245  0.0230  0.0232  0.0231  0.0231
  0.0303  0.0298  0.0285  0.0403  0.0325  0.0348  0.0253  0.0269  0.0237  0.0242  0.0238  0.0237
niter,ni,del,rscale     7    3    5.0000    1.2000
parameters
    1.2115   -6.3729    7.6000  -10.8532  -11.5847   -7.0887
   -8.0814   -9.2290   10.0398    7.6283    9.4805   -7.1522
eta,q 0.97726 12.46000
  0.0258  0.0244  0.0240  0.0265  0.0252  0.0263  0.0251  0.0266  0.0244  0.0249  0.0236  0.0238
  0.0241  0.0234  0.0233  0.0250  0.0234  0.0249  0.0239  0.0240  0.0236  0.0236  0.0232  0.0232
  0.0231  0.0229  0.0228  0.0237  0.0227  0.0238  0.0231  0.0230  0.0230  0.0230  0.0229  0.0229
  0.0227  0.0227  0.0227  0.0227  0.0230  0.0227  0.0228  0.0228  0.0228  0.0228  0.0228  0.0227
  0.0230  0.0230  0.0229  0.0229  0.0240  0.0220  0.0231  0.0232  0.0228  0.0229  0.0227  0.0229
  0.0239  0.0236  0.0235  0.0258  0.0256  0.0234  0.0240  0.0246  0.0233  0.0234  0.0229  0.0233
  0.0256  0.0248  0.0243  0.0301  0.0285  0.0290  0.0254  0.0271  0.0242  0.0246  0.0234  0.0240
niter,ni,del,rscale     6    3    5.0000    1.2000
parameters
    1.1979   -6.2938    7.7701  -10.7494  -11.7970   -7.0595
   -8.1406   -9.3659   10.0135    7.6433    9.3116   -7.1853
eta,q 0.97732 12.45437
  0.0254  0.0248  0.0242  0.0268  0.0265  0.0265  0.0251  0.0267  0.0242  0.0247  0.0234  0.0238
  0.0239  0.0237  0.0235  0.0253  0.0243  0.0251  0.0238  0.0241  0.0234  0.0235  0.0230  0.0232
  0.0230  0.0230  0.0230  0.0239  0.0230  0.0239  0.0230  0.0229  0.0229  0.0229  0.0228  0.0228
  0.0227  0.0227  0.0227  0.0227  0.0227  0.0227  0.0227  0.0227  0.0227  0.0227  0.0227  0.0227
  0.0231  0.0229  0.0228  0.0222  0.0233  0.0219  0.0230  0.0231  0.0228  0.0228  0.0227  0.0228
  0.0240  0.0235  0.0232  0.0240  0.0246  0.0231  0.0238  0.0244  0.0234  0.0235  0.0230  0.0232
  0.0255  0.0245  0.0239  0.0279  0.0267  0.0283  0.0252  0.0269  0.0243  0.0247  0.0236  0.0239
niter,ni,del,rscale     5    3    5.0000    1.2000
parameters
    1.1695   -6.2767    7.7933  -10.7189  -11.8170   -7.0523
   -8.1432   -9.3512   10.0370    7.6530    9.2931   -7.1889
eta,q 0.97733 12.45424
  0.0253  0.0246  0.0240  0.0267  0.0266  0.0264  0.0251  0.0269  0.0242  0.0247  0.0234  0.0238
  0.0238  0.0235  0.0233  0.0252  0.0244  0.0250  0.0238  0.0242  0.0234  0.0235  0.0230  0.0232
  0.0230  0.0229  0.0229  0.0238  0.0230  0.0239  0.0230  0.0229  0.0229  0.0229  0.0228  0.0228
  0.0227  0.0227  0.0227  0.0227  0.0227  0.0227  0.0227  0.0227  0.0227  0.0227  0.0227  0.0227
  0.0230  0.0229  0.0228  0.0222  0.0233  0.0219  0.0229  0.0230  0.0228  0.0228  0.0227  0.0228
  0.0239  0.0235  0.0233  0.0240  0.0245  0.0231  0.0238  0.0243  0.0233  0.0235  0.0229  0.0232
  0.0254  0.0246  0.0240  0.0280  0.0265  0.0284  0.0252  0.0267  0.0242  0.0247  0.0235  0.0238
niter,ni,del,rscale     4    3    5.0000    1.2000
parameters
    1.1687   -6.2752    7.7918  -10.7158  -11.8150   -7.0532
   -8.1507   -9.3526   10.0433    7.6531    9.2836   -7.1871
eta,q 0.97734 12.45438
  0.0254  0.0246  0.0240  0.0267  0.0266  0.0264  0.0251  0.0269  0.0242  0.0246  0.0234  0.0238
  0.0239  0.0235  0.0233  0.0252  0.0244  0.0250  0.0238  0.0242  0.0234  0.0235  0.0230  0.0232
  0.0230  0.0229  0.0228  0.0238  0.0230  0.0239  0.0230  0.0229  0.0229  0.0229  0.0228  0.0228
  0.0227  0.0227  0.0227  0.0227  0.0227  0.0227  0.0227  0.0227  0.0227  0.0227  0.0227  0.0227
  0.0230  0.0229  0.0228  0.0222  0.0232  0.0219  0.0229  0.0230  0.0228  0.0228  0.0227  0.0228
  0.0239  0.0235  0.0233  0.0241  0.0245  0.0231  0.0238  0.0243  0.0233  0.0235  0.0229  0.0232
  0.0254  0.0246  0.0240  0.0280  0.0265  0.0284  0.0252  0.0267  0.0243  0.0247  0.0235  0.0238
registration optimization eta report
parameter search radius
    2.4000    2.4000    2.4000    9.5220    9.5220    8.2800
    7.2000    7.2000    7.2000    7.2000    7.2000    7.2000
100000*second partial in parameter space
       47.       33.       23.        5.        4.        7.
        5.        8.        3.        4.        2.        2.
  0.0254  0.0246  0.0240  0.0267  0.0266  0.0264  0.0251  0.0269  0.0242  0.0246  0.0234  0.0238
  0.0239  0.0235  0.0233  0.0252  0.0244  0.0250  0.0238  0.0242  0.0234  0.0235  0.0230  0.0232
  0.0230  0.0229  0.0228  0.0238  0.0230  0.0239  0.0230  0.0229  0.0229  0.0229  0.0228  0.0228
  0.0227  0.0227  0.0227  0.0227  0.0227  0.0227  0.0227  0.0227  0.0227  0.0227  0.0227  0.0227
  0.0230  0.0229  0.0228  0.0222  0.0232  0.0219  0.0229  0.0230  0.0228  0.0228  0.0227  0.0228
  0.0239  0.0235  0.0233  0.0241  0.0245  0.0231  0.0238  0.0243  0.0233  0.0235  0.0229  0.0232
  0.0254  0.0246  0.0240  0.0280  0.0265  0.0284  0.0252  0.0267  0.0243  0.0247  0.0235  0.0238
    1.1687   -6.2752    7.7918  -10.7158  -11.8150   -7.0532
   -8.1507   -9.3526   10.0433    7.6531    9.2836   -7.1871
eta,q 0.97734 12.45438

---------------------------------------------------------------------
imgreg_4dfp /opt/freesurfer/average/711-2C_as_mni_average_305 /opt/freesurfer/average/711-2B_as_mni_average_305_mask talsrcimg_g11 none talsrcimg_to_711-2C_as_mni_average_305_t4 2311
---------------------------------------------------------------------

freesurfer imgreg_4dfp.c
/opt/freesurfer/average/711-2C_as_mni_average_305.4dfp.img
       256       256       256         1
  1.000000  1.000000  1.000000
orientation T byte_order littleendian
Reading image: /opt/freesurfer/average/711-2C_as_mni_average_305.4dfp.img
dimensions:      256       256       256
mmppix:       1.0000   -1.0000   -1.0000
center:     128.0000 -129.0000 -129.0000
/opt/freesurfer/average/711-2B_as_mni_average_305_mask.4dfp.img
       256       256       256         1
  1.000000  1.000000  1.000000
orientation T byte_order littleendian
Reading mask: /opt/freesurfer/average/711-2B_as_mni_average_305_mask.4dfp.img (2306576 pixels)
talsrcimg_g11.4dfp.img
       256       256       256         1
  0.900000  0.900000  0.900000
orientation T byte_order littleendian
Reading image: talsrcimg_g11.4dfp.img
dimensions:      256       256       256
mmppix:       0.9000   -0.9000   -0.9000
center:     115.2000 -116.1000 -116.1000
fimgreg.f
image alignment mode   2311 decimal      907 hex
parameters
    1.1687   -6.2752    7.7918  -10.7158  -11.8150   -7.0532
   -8.1507   -9.3526   10.0433    7.6531    9.2836   -7.1871
eta,q 0.97734 12.45439
niter,ni,del,rscale     5    3    5.0000    0.8000
parameters
    1.1721   -6.2864    7.8141   -8.3371  -12.5208   -5.1565
   -8.0508   -9.5272    9.8079    7.5087    8.9825   -7.6856
eta,q 0.97839 12.54235
  0.0239  0.0235  0.0233  0.0245  0.0229  0.0244  0.0231  0.0249  0.0223  0.0225  0.0225  0.0221
  0.0232  0.0230  0.0230  0.0238  0.0224  0.0236  0.0223  0.0229  0.0219  0.0220  0.0220  0.0218
  0.0228  0.0228  0.0227  0.0232  0.0221  0.0229  0.0218  0.0218  0.0217  0.0217  0.0217  0.0216
  0.0227  0.0227  0.0227  0.0227  0.0222  0.0221  0.0216  0.0216  0.0216  0.0216  0.0216  0.0216
  0.0228  0.0228  0.0227  0.0223  0.0224  0.0217  0.0218  0.0222  0.0217  0.0217  0.0218  0.0217
  0.0232  0.0231  0.0229  0.0222  0.0229  0.0217  0.0222  0.0234  0.0220  0.0220  0.0222  0.0219
  0.0239  0.0235  0.0233  0.0228  0.0235  0.0226  0.0229  0.0252  0.0225  0.0227  0.0228  0.0223
niter,ni,del,rscale     4    3    5.0000    0.7000
parameters
    1.1802   -6.3669    7.8404   -9.1049  -12.4827   -5.2233
   -7.9640   -9.5069   10.1088    7.6631    8.9616   -7.5640
eta,q 0.97835 12.53246
  0.0230  0.0222  0.0223  0.0227  0.0225  0.0234  0.0227  0.0241  0.0223  0.0224  0.0223  0.0221
  0.0222  0.0219  0.0219  0.0222  0.0220  0.0227  0.0221  0.0226  0.0220  0.0220  0.0220  0.0219
  0.0218  0.0217  0.0217  0.0218  0.0217  0.0221  0.0218  0.0218  0.0218  0.0217  0.0217  0.0217
  0.0216  0.0216  0.0216  0.0216  0.0216  0.0216  0.0217  0.0217  0.0217  0.0216  0.0217  0.0216
  0.0218  0.0217  0.0217  0.0219  0.0218  0.0215  0.0218  0.0220  0.0217  0.0217  0.0217  0.0217
  0.0222  0.0220  0.0219  0.0229  0.0220  0.0222  0.0221  0.0227  0.0219  0.0219  0.0219  0.0218
  0.0230  0.0224  0.0223  0.0244  0.0224  0.0241  0.0226  0.0239  0.0222  0.0223  0.0223  0.0221
niter,ni,del,rscale     3    3    5.0000    0.6000
parameters
    1.2016   -6.3780    7.7800   -9.0629  -12.5269   -4.9876
   -8.0196   -9.5735   10.1385    7.6856    9.0026   -7.6505
eta,q 0.97841 12.53809
  0.0226  0.0221  0.0221  0.0228  0.0223  0.0231  0.0223  0.0234  0.0220  0.0221  0.0221  0.0219
  0.0221  0.0219  0.0218  0.0223  0.0219  0.0225  0.0219  0.0223  0.0218  0.0218  0.0218  0.0217
  0.0218  0.0217  0.0217  0.0219  0.0217  0.0220  0.0217  0.0217  0.0216  0.0216  0.0217  0.0216
  0.0217  0.0217  0.0217  0.0216  0.0216  0.0216  0.0216  0.0216  0.0216  0.0216  0.0216  0.0216
  0.0217  0.0217  0.0217  0.0217  0.0217  0.0215  0.0217  0.0219  0.0216  0.0216  0.0216  0.0216
  0.0220  0.0219  0.0219  0.0221  0.0219  0.0219  0.0219  0.0225  0.0218  0.0218  0.0218  0.0217
  0.0225  0.0222  0.0222  0.0230  0.0223  0.0231  0.0224  0.0234  0.0220  0.0221  0.0221  0.0219
niter,ni,del,rscale     2    3    5.0000    0.5000
parameters
    1.2032   -6.3791    7.7763   -9.0013  -12.5972   -4.7888
   -8.0128   -9.6366   10.1267    7.6910    9.0553   -7.7032
eta,q 0.97845 12.54065
  0.0223  0.0219  0.0219  0.0225  0.0220  0.0227  0.0221  0.0229  0.0219  0.0219  0.0220  0.0218
  0.0219  0.0217  0.0217  0.0221  0.0218  0.0222  0.0218  0.0221  0.0217  0.0217  0.0217  0.0217
  0.0217  0.0216  0.0216  0.0218  0.0216  0.0218  0.0216  0.0216  0.0216  0.0216  0.0216  0.0216
  0.0216  0.0216  0.0216  0.0216  0.0216  0.0216  0.0216  0.0216  0.0215  0.0216  0.0216  0.0216
  0.0217  0.0216  0.0216  0.0216  0.0216  0.0215  0.0216  0.0218  0.0216  0.0216  0.0216  0.0216
  0.0219  0.0217  0.0217  0.0219  0.0218  0.0218  0.0218  0.0222  0.0217  0.0217  0.0217  0.0217
  0.0223  0.0219  0.0219  0.0225  0.0220  0.0226  0.0221  0.0229  0.0219  0.0219  0.0219  0.0218
niter,ni,del,rscale     1    3    5.0000    0.4000
parameters
    1.2003   -6.3785    7.7847   -8.9443  -12.6663   -4.6167
   -8.0057   -9.6915   10.1254    7.7164    9.0893   -7.7532
eta,q 0.97848 12.54215
  0.0220  0.0218  0.0218  0.0222  0.0218  0.0223  0.0219  0.0224  0.0217  0.0217  0.0218  0.0217
  0.0217  0.0217  0.0217  0.0219  0.0217  0.0220  0.0217  0.0219  0.0216  0.0216  0.0216  0.0216
  0.0216  0.0216  0.0216  0.0217  0.0216  0.0217  0.0216  0.0216  0.0215  0.0215  0.0216  0.0215
  0.0216  0.0216  0.0216  0.0216  0.0215  0.0215  0.0215  0.0215  0.0215  0.0215  0.0215  0.0215
  0.0216  0.0216  0.0216  0.0216  0.0216  0.0215  0.0216  0.0217  0.0215  0.0215  0.0216  0.0215
  0.0217  0.0216  0.0216  0.0218  0.0217  0.0217  0.0217  0.0220  0.0216  0.0216  0.0216  0.0216
  0.0220  0.0218  0.0218  0.0222  0.0218  0.0222  0.0219  0.0225  0.0217  0.0217  0.0218  0.0217
registration optimization eta report
parameter search radius
    0.8000    0.8000    0.8000    2.4000    2.4000    2.4000
    2.4000    2.4000    2.4000    2.4000    2.4000    2.4000
100000*second partial in parameter space
       67.       34.       36.       11.        5.       12.
        6.       16.        4.        4.        5.        3.
  0.0220  0.0218  0.0218  0.0222  0.0218  0.0223  0.0219  0.0224  0.0217  0.0217  0.0218  0.0217
  0.0217  0.0217  0.0217  0.0219  0.0217  0.0220  0.0217  0.0219  0.0216  0.0216  0.0216  0.0216
  0.0216  0.0216  0.0216  0.0217  0.0216  0.0217  0.0216  0.0216  0.0215  0.0215  0.0216  0.0215
  0.0216  0.0216  0.0216  0.0216  0.0215  0.0215  0.0215  0.0215  0.0215  0.0215  0.0215  0.0215
  0.0216  0.0216  0.0216  0.0216  0.0216  0.0215  0.0216  0.0217  0.0215  0.0215  0.0216  0.0215
  0.0217  0.0216  0.0216  0.0218  0.0217  0.0217  0.0217  0.0220  0.0216  0.0216  0.0216  0.0216
  0.0220  0.0218  0.0218  0.0222  0.0218  0.0222  0.0219  0.0225  0.0217  0.0217  0.0218  0.0217
    1.2003   -6.3785    7.7847   -8.9443  -12.6663   -4.6167
   -8.0057   -9.6915   10.1254    7.7164    9.0893   -7.7532
eta,q 0.97848 12.54215

---------------------------------------------------------------------
imgreg_4dfp /opt/freesurfer/average/711-2C_as_mni_average_305 /opt/freesurfer/average/711-2B_as_mni_average_305_mask talsrcimg_g11 none talsrcimg_to_711-2C_as_mni_average_305_t4 2311
---------------------------------------------------------------------

freesurfer imgreg_4dfp.c
/opt/freesurfer/average/711-2C_as_mni_average_305.4dfp.img
       256       256       256         1
  1.000000  1.000000  1.000000
orientation T byte_order littleendian
Reading image: /opt/freesurfer/average/711-2C_as_mni_average_305.4dfp.img
dimensions:      256       256       256
mmppix:       1.0000   -1.0000   -1.0000
center:     128.0000 -129.0000 -129.0000
/opt/freesurfer/average/711-2B_as_mni_average_305_mask.4dfp.img
       256       256       256         1
  1.000000  1.000000  1.000000
orientation T byte_order littleendian
Reading mask: /opt/freesurfer/average/711-2B_as_mni_average_305_mask.4dfp.img (2306576 pixels)
talsrcimg_g11.4dfp.img
       256       256       256         1
  0.900000  0.900000  0.900000
orientation T byte_order littleendian
Reading image: talsrcimg_g11.4dfp.img
dimensions:      256       256       256
mmppix:       0.9000   -0.9000   -0.9000
center:     115.2000 -116.1000 -116.1000
fimgreg.f
image alignment mode   2311 decimal      907 hex
parameters
    1.2003   -6.3785    7.7847   -8.9444  -12.6663   -4.6167
   -8.0057   -9.6915   10.1254    7.7164    9.0893   -7.7532
eta,q 0.97848 12.54214
niter,ni,del,rscale     5    3    5.0000    0.8000
parameters
    1.1886   -6.3722    7.7980   -9.5655  -12.3891   -5.3188
   -8.0205   -9.5390   10.1666    7.6899    8.9965   -7.5797
eta,q 0.97825 12.52457
  0.0233  0.0224  0.0226  0.0231  0.0228  0.0235  0.0230  0.0248  0.0225  0.0226  0.0225  0.0223
  0.0223  0.0219  0.0220  0.0224  0.0221  0.0227  0.0223  0.0230  0.0221  0.0221  0.0221  0.0220
  0.0217  0.0216  0.0216  0.0218  0.0217  0.0220  0.0219  0.0220  0.0219  0.0218  0.0218  0.0218
  0.0215  0.0215  0.0215  0.0215  0.0216  0.0216  0.0217  0.0217  0.0217  0.0218  0.0217  0.0218
  0.0217  0.0216  0.0216  0.0218  0.0217  0.0217  0.0219  0.0221  0.0218  0.0218  0.0218  0.0218
  0.0223  0.0219  0.0220  0.0229  0.0220  0.0232  0.0223  0.0229  0.0221  0.0221  0.0221  0.0220
  0.0233  0.0224  0.0225  0.0247  0.0225  0.0263  0.0230  0.0243  0.0225  0.0227  0.0226  0.0223
niter,ni,del,rscale     4    3    5.0000    0.7000
parameters
    1.2006   -6.3790    7.7438   -9.2104  -12.4263   -5.2186
   -8.0351   -9.5415   10.1498    7.6831    8.9899   -7.6252
eta,q 0.97834 12.53449
  0.0229  0.0224  0.0223  0.0233  0.0225  0.0234  0.0226  0.0241  0.0222  0.0223  0.0223  0.0221
  0.0223  0.0220  0.0220  0.0227  0.0220  0.0228  0.0221  0.0226  0.0219  0.0219  0.0220  0.0219
  0.0219  0.0218  0.0218  0.0221  0.0217  0.0221  0.0218  0.0218  0.0217  0.0217  0.0217  0.0217
  0.0218  0.0218  0.0218  0.0217  0.0217  0.0217  0.0217  0.0217  0.0217  0.0217  0.0217  0.0217
  0.0219  0.0218  0.0218  0.0216  0.0218  0.0215  0.0218  0.0220  0.0217  0.0217  0.0217  0.0217
  0.0222  0.0221  0.0221  0.0221  0.0221  0.0221  0.0221  0.0227  0.0219  0.0219  0.0219  0.0218
  0.0229  0.0224  0.0224  0.0231  0.0225  0.0238  0.0227  0.0239  0.0223  0.0224  0.0223  0.0221
niter,ni,del,rscale     3    3    5.0000    0.6000
parameters
    1.2075   -6.3753    7.7649   -9.0800  -12.5182   -4.9872
   -8.0241   -9.5821   10.1396    7.7058    9.0111   -7.6767
eta,q 0.97841 12.53850
  0.0226  0.0222  0.0222  0.0228  0.0222  0.0231  0.0223  0.0234  0.0220  0.0221  0.0221  0.0219
  0.0221  0.0219  0.0219  0.0224  0.0219  0.0225  0.0219  0.0223  0.0218  0.0218  0.0218  0.0217
  0.0218  0.0217  0.0217  0.0219  0.0217  0.0220  0.0217  0.0217  0.0216  0.0216  0.0217  0.0216
  0.0217  0.0217  0.0217  0.0217  0.0216  0.0216  0.0216  0.0216  0.0216  0.0216  0.0216  0.0216
  0.0218  0.0217  0.0217  0.0216  0.0217  0.0215  0.0217  0.0219  0.0216  0.0216  0.0216  0.0216
  0.0221  0.0219  0.0219  0.0220  0.0219  0.0219  0.0219  0.0225  0.0218  0.0218  0.0218  0.0217
  0.0226  0.0222  0.0221  0.0229  0.0223  0.0231  0.0223  0.0234  0.0221  0.0221  0.0221  0.0219
niter,ni,del,rscale     2    3    5.0000    0.5000
parameters
    1.2051   -6.3747    7.7735   -9.0028  -12.6018   -4.7891
   -8.0140   -9.6400   10.1316    7.7134    9.0537   -7.7211
eta,q 0.97845 12.54070
  0.0223  0.0219  0.0219  0.0225  0.0220  0.0227  0.0221  0.0229  0.0219  0.0219  0.0220  0.0218
  0.0219  0.0218  0.0217  0.0221  0.0218  0.0222  0.0218  0.0221  0.0217  0.0217  0.0217  0.0217
  0.0217  0.0216  0.0216  0.0218  0.0216  0.0218  0.0216  0.0217  0.0216  0.0216  0.0216  0.0216
  0.0216  0.0216  0.0216  0.0216  0.0216  0.0216  0.0216  0.0215  0.0216  0.0216  0.0216  0.0216
  0.0217  0.0216  0.0216  0.0216  0.0217  0.0215  0.0216  0.0218  0.0216  0.0216  0.0216  0.0216
  0.0219  0.0217  0.0217  0.0219  0.0218  0.0218  0.0218  0.0222  0.0217  0.0217  0.0217  0.0217
  0.0223  0.0219  0.0219  0.0225  0.0220  0.0226  0.0221  0.0229  0.0219  0.0219  0.0219  0.0218
niter,ni,del,rscale     1    3    5.0000    0.4000
parameters
    1.2001   -6.3685    7.7850   -8.9422  -12.6757   -4.6173
   -8.0100   -9.6951   10.1213    7.7244    9.0900   -7.7588
eta,q 0.97848 12.54181
  0.0220  0.0218  0.0218  0.0222  0.0218  0.0223  0.0219  0.0224  0.0217  0.0217  0.0218  0.0217
  0.0217  0.0217  0.0217  0.0219  0.0217  0.0220  0.0217  0.0219  0.0216  0.0216  0.0216  0.0216
  0.0216  0.0216  0.0216  0.0217  0.0216  0.0217  0.0216  0.0216  0.0215  0.0215  0.0216  0.0215
  0.0216  0.0216  0.0216  0.0216  0.0215  0.0215  0.0215  0.0215  0.0215  0.0215  0.0215  0.0215
  0.0216  0.0216  0.0216  0.0216  0.0216  0.0215  0.0216  0.0217  0.0215  0.0215  0.0215  0.0215
  0.0218  0.0217  0.0217  0.0218  0.0217  0.0217  0.0217  0.0220  0.0216  0.0216  0.0216  0.0216
  0.0220  0.0218  0.0218  0.0222  0.0218  0.0222  0.0219  0.0225  0.0217  0.0217  0.0218  0.0217
registration optimization eta report
parameter search radius
    0.8000    0.8000    0.8000    2.4000    2.4000    2.4000
    2.4000    2.4000    2.4000    2.4000    2.4000    2.4000
100000*second partial in parameter space
       68.       35.       36.       11.        5.       12.
        6.       16.        3.        4.        5.        3.
  0.0220  0.0218  0.0218  0.0222  0.0218  0.0223  0.0219  0.0224  0.0217  0.0217  0.0218  0.0217
  0.0217  0.0217  0.0217  0.0219  0.0217  0.0220  0.0217  0.0219  0.0216  0.0216  0.0216  0.0216
  0.0216  0.0216  0.0216  0.0217  0.0216  0.0217  0.0216  0.0216  0.0215  0.0215  0.0216  0.0215
  0.0216  0.0216  0.0216  0.0216  0.0215  0.0215  0.0215  0.0215  0.0215  0.0215  0.0215  0.0215
  0.0216  0.0216  0.0216  0.0216  0.0216  0.0215  0.0216  0.0217  0.0215  0.0215  0.0215  0.0215
  0.0218  0.0217  0.0217  0.0218  0.0217  0.0217  0.0217  0.0220  0.0216  0.0216  0.0216  0.0216
  0.0220  0.0218  0.0218  0.0222  0.0218  0.0222  0.0219  0.0225  0.0217  0.0217  0.0218  0.0217
    1.2001   -6.3685    7.7850   -8.9422  -12.6757   -4.6173
   -8.0100   -9.6951   10.1213    7.7244    9.0900   -7.7588
eta,q 0.97848 12.54181

---------------------------------------------------------------------
compute_vox2vox talsrcimg talsrcimg_to_711-2C_as_mni_average_305_t4 /opt/freesurfer/average/711-2C_as_mni_average_305
---------------------------------------------------------------------

freesurfer compute_vox2vox.c
Reading: talsrcimg.4dfp.ifh
Reading: talsrcimg_to_711-2C_as_mni_average_305_t4
Reading: /opt/freesurfer/average/711-2C_as_mni_average_305.4dfp.ifh
Writing: talsrcimg_to_711-2C_as_mni_average_305_t4_vox2vox.txt

start time Thu Mar 12 19:54:16 CET 2026
end		time Thu Mar 12 19:55:43 CET 2026

mpr2mni305 success

avi2talxfm orig_nu.mgz /opt/freesurfer/average/mni305.cor.mgz talsrcimg_to_711-2C_as_mni_average_305_t4_vox2vox.txt transforms/talairach.auto.xfm
avi2talxfm done
mv -f /out/sourcedata/freesurfer/sub-v2s1x29904_ses-1/mri/talsrcimg_to_711-2C_as_mni_average_305_t4_vox2vox.txt /out/sourcedata/freesurfer/sub-v2s1x29904_ses-1/mri/transforms/talsrcimg_to_711-2C_as_mni_average_305_t4_vox2vox.txt
lta_convert --src orig_nu.mgz --trg /opt/freesurfer/average/mni305.cor.mgz --inxfm transforms/talairach.auto.xfm --outlta transforms/talairach.auto.xfm.lta --subject fsaverage
7.3.2

--src: orig_nu.mgz src image (geometry).
--trg: /opt/freesurfer/average/mni305.cor.mgz trg image (geometry).
--inmni: transforms/talairach.auto.xfm input MNI/XFM transform.
--outlta: transforms/talairach.auto.xfm.lta output LTA.
--s: fsaverage subject name
 LTA read, type : 1
 1.07619   0.10067   0.10766  -3.59819;
-0.11190   1.03045   0.08129  -47.48219;
-0.11484  -0.10282   1.12549  -30.77805;
 0.00000   0.00000   0.00000   1.00000;
setting subject to fsaverage
Writing  LTA to file transforms/talairach.auto.xfm.lta...
lta_convert successful.
 
 
Started at Thu Mar 12 19:54:15 CET 2026
Ended   at Thu Mar 12 19:55:43 CET 2026
talairach_avi done
