status file for recon-all
Thu Mar 12 22:34:58 CET 2026
#@# Tessellate rh Thu Mar 12 22:34:58 CET 2026
#@# Smooth1 rh Thu Mar 12 22:35:03 CET 2026
#@# Inflation1 rh Thu Mar 12 22:35:06 CET 2026
#@# QSphere rh Thu Mar 12 22:36:08 CET 2026
#@# Fix Topology rh Thu Mar 12 22:37:16 CET 2026
#@# Smooth2 rh Thu Mar 12 22:50:44 CET 2026
#@# Inflation2 rh Thu Mar 12 22:50:48 CET 2026
#@# Curv .H and .K rh Thu Mar 12 22:51:58 CET 2026
#@# Sphere rh Thu Mar 12 22:53:00 CET 2026
#@# Surf Reg rh Thu Mar 12 22:58:43 CET 2026
#@# Jacobian white rh Thu Mar 12 23:06:08 CET 2026
#@# AvgCurv rh Thu Mar 12 23:06:09 CET 2026
#@# Cortical Parc rh Thu Mar 12 23:06:09 CET 2026
#@# white curv rh Thu Mar 12 23:14:10 CET 2026
#@# white area rh Thu Mar 12 23:14:12 CET 2026
#@# pial curv rh Thu Mar 12 23:14:13 CET 2026
#@# pial area rh Thu Mar 12 23:14:15 CET 2026
#@# thickness rh Thu Mar 12 23:14:16 CET 2026
#@# area and vertex vol rh Thu Mar 12 23:14:57 CET 2026
#@# Curvature Stats rh Thu Mar 12 23:14:59 CET 2026
#@# Cortical Parc 2 rh Thu Mar 12 23:15:02 CET 2026
#@# Cortical Parc 3 rh Thu Mar 12 23:15:19 CET 2026
#@# WM/GM Contrast rh Thu Mar 12 23:15:32 CET 2026
recon-all -s sub-v2s1x29910_ses-1 finished without error at Thu Mar 12 23:15:36 CET 2026



#New# invocation of recon-all 



status file for recon-all
Thu Mar 12 23:26:49 CET 2026
#@# white curv rh Thu Mar 12 23:26:49 CET 2026
#@# white area rh Thu Mar 12 23:26:49 CET 2026
#@# pial curv rh Thu Mar 12 23:26:49 CET 2026
#@# pial area rh Thu Mar 12 23:26:49 CET 2026
#@# thickness rh Thu Mar 12 23:26:49 CET 2026
#@# area and vertex vol rh Thu Mar 12 23:26:49 CET 2026
#@# Parcellation Stats rh Thu Mar 12 23:26:49 CET 2026
#@# Parcellation Stats 2 rh Thu Mar 12 23:27:18 CET 2026
#@# Parcellation Stats 3 rh Thu Mar 12 23:27:33 CET 2026
#@# BA_exvivo Labels rh Thu Mar 12 23:27:47 CET 2026
recon-all -s sub-v2s1x29910_ses-1 finished without error at Thu Mar 12 23:31:03 CET 2026
