status file for recon-all
Thu Mar 12 20:10:59 CET 2026
#@# MotionCor Thu Mar 12 20:11:01 CET 2026
#@# Talairach Thu Mar 12 20:11:10 CET 2026
#@# Talairach Failure Detection Thu Mar 12 20:15:36 CET 2026
#@# Nu Intensity Correction Thu Mar 12 20:15:36 CET 2026
#@# Intensity Normalization Thu Mar 12 20:18:50 CET 2026
recon-all -s sub-v2s1x29910_ses-1 finished without error at Thu Mar 12 20:20:19 CET 2026



#New# invocation of recon-all 



status file for recon-all
Thu Mar 12 20:27:22 CET 2026
#@# EM Registration Thu Mar 12 20:27:22 CET 2026
recon-all -s sub-v2s1x29910_ses-1 finished without error at Thu Mar 12 20:28:48 CET 2026



#New# invocation of recon-all 



status file for recon-all
Thu Mar 12 20:28:50 CET 2026
#@# CA Normalize Thu Mar 12 20:28:50 CET 2026
#@# CA Reg Thu Mar 12 20:30:10 CET 2026
#@# SubCort Seg Thu Mar 12 21:09:40 CET 2026
#@# CC Seg Thu Mar 12 21:46:53 CET 2026
#@# Merge ASeg Thu Mar 12 21:47:55 CET 2026
#@# Intensity Normalization2 Thu Mar 12 21:47:55 CET 2026
#@# Mask BFS Thu Mar 12 21:50:08 CET 2026
#@# WM Segmentation Thu Mar 12 21:50:09 CET 2026
#@# Fill Thu Mar 12 21:52:22 CET 2026
recon-all -s sub-v2s1x29910_ses-1 finished without error at Thu Mar 12 21:53:27 CET 2026



#New# invocation of recon-all 



status file for recon-all
Thu Mar 12 23:15:39 CET 2026
#@# white curv lh Thu Mar 12 23:15:39 CET 2026
#@# white area lh Thu Mar 12 23:15:39 CET 2026
#@# pial curv lh Thu Mar 12 23:15:39 CET 2026
#@# pial area lh Thu Mar 12 23:15:39 CET 2026
#@# thickness lh Thu Mar 12 23:15:39 CET 2026
#@# area and vertex vol lh Thu Mar 12 23:15:39 CET 2026
#@# white curv rh Thu Mar 12 23:15:39 CET 2026
#@# white area rh Thu Mar 12 23:15:39 CET 2026
#@# pial curv rh Thu Mar 12 23:15:39 CET 2026
#@# pial area rh Thu Mar 12 23:15:39 CET 2026
#@# thickness rh Thu Mar 12 23:15:39 CET 2026
#@# area and vertex vol rh Thu Mar 12 23:15:39 CET 2026
#@# Cortical ribbon mask Thu Mar 12 23:15:39 CET 2026
recon-all -s sub-v2s1x29910_ses-1 finished without error at Thu Mar 12 23:22:34 CET 2026



#New# invocation of recon-all 



status file for recon-all
Thu Mar 12 23:31:07 CET 2026
#@# white curv lh Thu Mar 12 23:31:07 CET 2026
#@# white area lh Thu Mar 12 23:31:07 CET 2026
#@# pial curv lh Thu Mar 12 23:31:07 CET 2026
#@# pial area lh Thu Mar 12 23:31:07 CET 2026
#@# thickness lh Thu Mar 12 23:31:07 CET 2026
#@# area and vertex vol lh Thu Mar 12 23:31:07 CET 2026
#@# white curv rh Thu Mar 12 23:31:07 CET 2026
#@# white area rh Thu Mar 12 23:31:07 CET 2026
#@# pial curv rh Thu Mar 12 23:31:07 CET 2026
#@# pial area rh Thu Mar 12 23:31:07 CET 2026
#@# thickness rh Thu Mar 12 23:31:07 CET 2026
#@# area and vertex vol rh Thu Mar 12 23:31:07 CET 2026
#@# Curvature Stats lh Thu Mar 12 23:31:07 CET 2026
#@# Curvature Stats rh Thu Mar 12 23:31:10 CET 2026
#@# Relabel Hypointensities Thu Mar 12 23:31:13 CET 2026
#@# APas-to-ASeg Thu Mar 12 23:31:35 CET 2026
#@# AParc-to-ASeg aparc Thu Mar 12 23:31:45 CET 2026
#@# AParc-to-ASeg aparc.a2009s Thu Mar 12 23:32:55 CET 2026
#@# AParc-to-ASeg aparc.DKTatlas Thu Mar 12 23:34:06 CET 2026
#@# WMParc Thu Mar 12 23:35:17 CET 2026
#@# ASeg Stats Thu Mar 12 23:39:10 CET 2026
recon-all -s sub-v2s1x29910_ses-1 finished without error at Thu Mar 12 23:39:44 CET 2026
