/out/sourcedata/freesurfer/sub-v2s1x29912_ses-1/mri
/opt/freesurfer/bin/talairach_avi
--i orig_nu.mgz --xfm transforms/talairach.auto.xfm
talairach_avi 7.3.2
Linux dna050 5.14.0-427.37.1.el9_4.x86_64 #1 SMP PREEMPT_DYNAMIC Fri Sep 13 12:41:50 EDT 2024 x86_64 x86_64 x86_64 GNU/Linux
Thu Mar 12 20:15:51 CET 2026
mri_convert orig_nu.mgz talsrcimg.img 
reading from orig_nu.mgz...
TR=0.00, TE=0.00, TI=0.00, flip angle=0.00
i_ras = (-1, 0, 0)
j_ras = (0, 0, -1)
k_ras = (0, 1, 0)
writing to talsrcimg.img...
Analyze Output Matrix
-0.90000   0.00000   0.00000   122.49310;
 0.00000   0.00000   0.90000  -88.67905;
 0.00000  -0.90000   0.00000   128.72887;
 0.00000   0.00000   0.00000   1.00000;
--------------------
INFO: set hdr.hist.orient to -1
mpr2mni305 talsrcimg
Thu Mar 12 20:15:51 CET 2026
/opt/freesurfer/bin/mpr2mni305 talsrcimg
mpr2mni305 7.3.2
target=711-2C_as_mni_average_305

---------------------------------------------------------------------
analyzeto4dfp talsrcimg -O0 -y
---------------------------------------------------------------------

freesurfer ifh2hdr.c
Thu Mar 12 20:15:52 2026
Writing: talsrcimg.4dfp.hdr
freesurfer analyzeto4dfp.c
Reading: talsrcimg.hdr
header size 348 bytes
hdr.dime.datatype	offset=70	value=2
hdr.dime.bitpix		offset=72	value=8
hdr.hist.orient		offset=252	value=-1
dimensionality     4
dimensions       256       256       256         1
Reading: talsrcimg.img
Writing: talsrcimg.4dfp.img
Writing: talsrcimg.4dfp.ifh
ifh2hdr talsrcimg -r0to249
ori=2

---------------------------------------------------------------------
gauss_4dfp talsrcimg 1.1
---------------------------------------------------------------------

freesurfer gauss_4dfp.c
Reading: talsrcimg.4dfp.img
Writing: talsrcimg_g11.4dfp.img
image dimensions 256 256 256 padded to 288 288 288
processing volume 1freesurfer ifh2hdr.c
Thu Mar 12 20:15:54 2026
Writing: talsrcimg_g11.4dfp.hdr

Writing: talsrcimg_g11.4dfp.ifh
including: talsrcimg.4dfp.img.rec in talsrcimg_g11.4dfp.img.rec

---------------------------------------------------------------------
imgreg_4dfp /opt/freesurfer/average/711-2C_as_mni_average_305 none talsrcimg_g11 none talsrcimg_to_711-2C_as_mni_average_305_t4 4355
---------------------------------------------------------------------

freesurfer imgreg_4dfp.c
/opt/freesurfer/average/711-2C_as_mni_average_305.4dfp.img
       256       256       256         1
  1.000000  1.000000  1.000000
orientation T byte_order littleendian
Reading image: /opt/freesurfer/average/711-2C_as_mni_average_305.4dfp.img
dimensions:      256       256       256
mmppix:       1.0000   -1.0000   -1.0000
center:     128.0000 -129.0000 -129.0000
talsrcimg_g11.4dfp.img
       256       256       256         1
  0.900000  0.900000  0.900000
orientation T byte_order littleendian
Reading image: talsrcimg_g11.4dfp.img
dimensions:      256       256       256
mmppix:       0.9000   -0.9000   -0.9000
center:     115.2000 -116.1000 -116.1000
t4_read: open error in t4_sub.f l:  41 t4_file(1:l)talsrcimg_to_711-2C_as_mni_average_305_t4 
t4_read: transform initialized to I4
rotation matrix determinant  1.000000
image alignment mode   4355 decimal     1103 hex
   -7.5000  -45.0000  -45.0000 5803.8232   17.0864
    0.0000  -45.0000  -45.0000 5808.9507   17.1183
    7.5000  -45.0000  -45.0000 5510.4033   17.1077
   -7.5000  -37.5000  -45.0000 6262.8838   18.1563
    0.0000  -37.5000  -45.0000 6275.9897   18.1867
    7.5000  -37.5000  -45.0000 5938.0361   18.1797
   -7.5000  -30.0000  -45.0000 6698.8208   18.7328
    0.0000  -30.0000  -45.0000 6700.6191   18.7605
    7.5000  -30.0000  -45.0000 6353.7188   18.7565
   -7.5000  -22.5000  -45.0000 7210.5591   18.7347
    0.0000  -22.5000  -45.0000 7216.7983   18.7631
    7.5000  -22.5000  -45.0000 6839.3447   18.7609
   -7.5000  -15.0000  -45.0000 7687.5156   18.7327
    0.0000  -15.0000  -45.0000 7703.0728   18.7669
    7.5000  -15.0000  -45.0000 7299.5928   18.7642
   -7.5000   -7.5000  -45.0000 7821.6733   18.7313
    0.0000   -7.5000  -45.0000 7850.7236   18.7680
    7.5000   -7.5000  -45.0000 7435.9268   18.7596
   -7.5000    0.0000  -45.0000 7921.1895   18.7288
    0.0000    0.0000  -45.0000 7954.6362   18.7638
    7.5000    0.0000  -45.0000 7549.5942   18.7522
   -7.5000    7.5000  -45.0000 7627.5967   18.7287
    0.0000    7.5000  -45.0000 7661.6851   18.7600
    7.5000    7.5000  -45.0000 7258.2861   18.7528
   -7.5000   15.0000  -45.0000 7593.6685   18.7328
    0.0000   15.0000  -45.0000 7619.0557   18.7604
    7.5000   15.0000  -45.0000 7209.6870   18.7565
   -7.5000   22.5000  -45.0000 7031.0781   18.4827
    0.0000   22.5000  -45.0000 7041.9561   18.5107
    7.5000   22.5000  -45.0000 6662.8091   18.5086
   -7.5000   30.0000  -45.0000 6447.2617   17.9878
    0.0000   30.0000  -45.0000 6437.8901   18.0206
    7.5000   30.0000  -45.0000 6091.4746   18.0181
   -7.5000   37.5000  -45.0000 5900.4229   17.4294
    0.0000   37.5000  -45.0000 5898.2417   17.4638
    7.5000   37.5000  -45.0000 5592.0684   17.4559
   -7.5000   45.0000  -45.0000 5404.1709   17.0597
    0.0000   45.0000  -45.0000 5398.1299   17.0913
    7.5000   45.0000  -45.0000 5111.1421   17.0825
   -7.5000  -45.0000  -37.5000 6336.1973   17.8898
    0.0000  -45.0000  -37.5000 6351.0205   17.9123
    7.5000  -45.0000  -37.5000 6013.7031   17.9083
   -7.5000  -37.5000  -37.5000 6827.2285   19.0223
    0.0000  -37.5000  -37.5000 6848.8730   19.0499
    7.5000  -37.5000  -37.5000 6475.6846   19.0541
   -7.5000  -30.0000  -37.5000 7284.6646   19.5977
    0.0000  -30.0000  -37.5000 7302.5664   19.6241
    7.5000  -30.0000  -37.5000 6918.3896   19.6308
   -7.5000  -22.5000  -37.5000 7819.1616   19.6017
    0.0000  -22.5000  -37.5000 7841.3330   19.6225
    7.5000  -22.5000  -37.5000 7440.9038   19.6246
   -7.5000  -15.0000  -37.5000 8326.9434   19.5972
    0.0000  -15.0000  -37.5000 8366.2588   19.6167
    7.5000  -15.0000  -37.5000 7925.8745   19.6128
   -7.5000   -7.5000  -37.5000 8470.4160   19.5901
    0.0000   -7.5000  -37.5000 8511.4834   19.6112
    7.5000   -7.5000  -37.5000 8080.2388   19.6035
   -7.5000    0.0000  -37.5000 8552.9072   19.5844
    0.0000    0.0000  -37.5000 8599.2051   19.6091
    7.5000    0.0000  -37.5000 8160.9111   19.6047
   -7.5000    7.5000  -37.5000 8203.0605   19.5875
    0.0000    7.5000  -37.5000 8239.8496   19.6159
    7.5000    7.5000  -37.5000 7799.3247   19.6202
   -7.5000   15.0000  -37.5000 8136.4839   19.5968
    0.0000   15.0000  -37.5000 8183.0464   19.6232
    7.5000   15.0000  -37.5000 7741.5566   19.6299
   -7.5000   22.5000  -37.5000 7555.9800   19.3396
    0.0000   22.5000  -37.5000 7583.6104   19.3601
    7.5000   22.5000  -37.5000 7172.1172   19.3622
   -7.5000   30.0000  -37.5000 6906.5176   18.8313
    0.0000   30.0000  -37.5000 6908.3491   18.8501
    7.5000   30.0000  -37.5000 6528.7471   18.8463
   -7.5000   37.5000  -37.5000 6290.4194   18.2437
    0.0000   37.5000  -37.5000 6312.9517   18.2638
    7.5000   37.5000  -37.5000 5966.3643   18.2570
   -7.5000   45.0000  -37.5000 5760.0752   17.8432
    0.0000   45.0000  -37.5000 5783.0225   17.8658
    7.5000   45.0000  -37.5000 5466.2676   17.8642
   -7.5000  -45.0000  -30.0000 6922.5825   18.7566
    0.0000  -45.0000  -30.0000 6937.0020   18.7556
    7.5000  -45.0000  -30.0000 6572.3633   18.7529
   -7.5000  -37.5000  -30.0000 7446.4351   19.9570
    0.0000  -37.5000  -30.0000 7458.0015   19.9626
    7.5000  -37.5000  -30.0000 7060.2642   19.9634
   -7.5000  -30.0000  -30.0000 7950.2896   20.5450
    0.0000  -30.0000  -30.0000 7964.0771   20.5508
    7.5000  -30.0000  -30.0000 7538.8955   20.5529
   -7.5000  -22.5000  -30.0000 8514.7402   20.5604
    0.0000  -22.5000  -30.0000 8535.8086   20.5597
    7.5000  -22.5000  -30.0000 8088.3965   20.5594
   -7.5000  -15.0000  -30.0000 9032.3418   20.5522
    0.0000  -15.0000  -30.0000 9060.6396   20.5473
    7.5000  -15.0000  -30.0000 8585.1836   20.5443
   -7.5000   -7.5000  -30.0000 9167.0469   20.5294
    0.0000   -7.5000  -30.0000 9212.9092   20.5242
    7.5000   -7.5000  -30.0000 8744.8232   20.5199
   -7.5000    0.0000  -30.0000 9253.9629   20.5120
    0.0000    0.0000  -30.0000 9298.2441   20.5109
    7.5000    0.0000  -30.0000 8819.8848   20.5080
   -7.5000    7.5000  -30.0000 8853.1660   20.5189
    0.0000    7.5000  -30.0000 8886.4766   20.5246
    7.5000    7.5000  -30.0000 8422.6396   20.5254
   -7.5000   15.0000  -30.0000 8786.5830   20.5422
    0.0000   15.0000  -30.0000 8802.7441   20.5479
    7.5000   15.0000  -30.0000 8325.5098   20.5500
   -7.5000   22.5000  -30.0000 8163.9653   20.2864
    0.0000   22.5000  -30.0000 8176.8237   20.2857
    7.5000   22.5000  -30.0000 7708.0293   20.2854
   -7.5000   30.0000  -30.0000 7435.5278   19.7634
    0.0000   30.0000  -30.0000 7433.6450   19.7587
    7.5000   30.0000  -30.0000 7012.9146   19.7558
   -7.5000   37.5000  -30.0000 6716.7842   19.1451
    0.0000   37.5000  -30.0000 6750.1987   19.1404
    7.5000   37.5000  -30.0000 6380.0576   19.1371
   -7.5000   45.0000  -30.0000 6129.6313   18.7210
    0.0000   45.0000  -30.0000 6170.4395   18.7224
    7.5000   45.0000  -30.0000 5828.9951   18.7223
   -7.5000  -45.0000  -22.5000 7469.5200   19.5060
    0.0000  -45.0000  -22.5000 7493.8838   19.4908
    7.5000  -45.0000  -22.5000 7096.1401   19.4831
   -7.5000  -37.5000  -22.5000 8020.7856   20.7701
    0.0000  -37.5000  -22.5000 8035.9829   20.7566
    7.5000  -37.5000  -22.5000 7612.1763   20.7417
   -7.5000  -30.0000  -22.5000 8560.0469   21.3696
    0.0000  -30.0000  -22.5000 8584.0518   21.3540
    7.5000  -30.0000  -22.5000 8131.5000   21.3387
   -7.5000  -22.5000  -22.5000 9153.8193   21.3960
    0.0000  -22.5000  -22.5000 9186.5645   21.3775
    7.5000  -22.5000  -22.5000 8716.6660   21.3685
   -7.5000  -15.0000  -22.5000 9701.6641   21.3832
    0.0000  -15.0000  -22.5000 9762.6836   21.3652
    7.5000  -15.0000  -22.5000 9254.5771   21.3637
   -7.5000   -7.5000  -22.5000 9843.6387   21.3463
    0.0000   -7.5000  -22.5000 9923.2842   21.3285
    7.5000   -7.5000  -22.5000 9414.0615   21.3276
   -7.5000    0.0000  -22.5000 9936.8945   21.3193
    0.0000    0.0000  -22.500010012.0615   21.3027
    7.5000    0.0000  -22.5000 9475.9863   21.2943
   -7.5000    7.5000  -22.5000 9484.6846   21.3282
    0.0000    7.5000  -22.5000 9540.2725   21.3144
    7.5000    7.5000  -22.5000 8999.8262   21.2991
   -7.5000   15.0000  -22.5000 9380.7891   21.3644
    0.0000   15.0000  -22.5000 9408.6426   21.3488
    7.5000   15.0000  -22.5000 8868.2197   21.3336
   -7.5000   22.5000  -22.5000 8712.7959   21.1129
    0.0000   22.5000  -22.5000 8738.1318   21.0946
    7.5000   22.5000  -22.5000 8217.1240   21.0858
   -7.5000   30.0000  -22.5000 7929.4150   20.5776
    0.0000   30.0000  -22.5000 7952.6968   20.5603
    7.5000   30.0000  -22.5000 7476.9131   20.5589
   -7.5000   37.5000  -22.5000 7153.5508   19.9339
    0.0000   37.5000  -22.5000 7196.4209   19.9170
    7.5000   37.5000  -22.5000 6793.0737   19.9166
   -7.5000   45.0000  -22.5000 6496.5894   19.5004
    0.0000   45.0000  -22.5000 6546.6851   19.4898
    7.5000   45.0000  -22.5000 6174.8945   19.4846
   -7.5000  -45.0000  -15.0000 8010.3345   20.1772
    0.0000  -45.0000  -15.0000 8034.3013   20.1757
    7.5000  -45.0000  -15.0000 7593.2622   20.1586
   -7.5000  -37.5000  -15.0000 8588.6475   21.4786
    0.0000  -37.5000  -15.0000 8601.2500   21.4717
    7.5000  -37.5000  -15.0000 8148.9307   21.4433
   -7.5000  -30.0000  -15.0000 9160.0713   22.0727
    0.0000  -30.0000  -15.0000 9195.8564   22.0604
    7.5000  -30.0000  -15.0000 8718.1104   22.0330
   -7.5000  -22.5000  -15.0000 9776.6084   22.0983
    0.0000  -22.5000  -15.0000 9842.4004   22.0882
    7.5000  -22.5000  -15.0000 9346.3545   22.0740
   -7.5000  -15.0000  -15.000010331.6953   22.0876
    0.0000  -15.0000  -15.000010435.6436   22.0861
    7.5000  -15.0000  -15.0000 9918.0273   22.0850
   -7.5000   -7.5000  -15.000010477.6885   22.0557
    0.0000   -7.5000  -15.000010593.0439   22.0568
    7.5000   -7.5000  -15.000010063.2236   22.0533
   -7.5000    0.0000  -15.000010541.8877   22.0316
    0.0000    0.0000  -15.000010665.0479   22.0299
    7.5000    0.0000  -15.000010108.7236   22.0112
   -7.5000    7.5000  -15.000010044.2705   22.0344
    0.0000    7.5000  -15.000010126.9189   22.0274
    7.5000    7.5000  -15.0000 9584.3633   21.9981
   -7.5000   15.0000  -15.0000 9891.3311   22.0659
    0.0000   15.0000  -15.0000 9966.4941   22.0536
    7.5000   15.0000  -15.0000 9406.8955   22.0262
   -7.5000   22.5000  -15.0000 9181.2383   21.8093
    0.0000   22.5000  -15.0000 9267.2998   21.7992
    7.5000   22.5000  -15.0000 8725.4424   21.7853
   -7.5000   30.0000  -15.0000 8383.7266   21.2715
    0.0000   30.0000  -15.0000 8446.0352   21.2700
    7.5000   30.0000  -15.0000 7955.0430   21.2690
   -7.5000   37.5000  -15.0000 7550.1865   20.6274
    0.0000   37.5000  -15.0000 7621.9565   20.6279
    7.5000   37.5000  -15.0000 7185.6665   20.6245
   -7.5000   45.0000  -15.0000 6827.9727   20.1918
    0.0000   45.0000  -15.0000 6897.8848   20.1944
    7.5000   45.0000  -15.0000 6504.0664   20.1794
   -7.5000  -45.0000   -7.5000 8278.3164   20.2043
    0.0000  -45.0000   -7.5000 8338.6826   20.2282
    7.5000  -45.0000   -7.5000 7904.5654   20.2094
   -7.5000  -37.5000   -7.5000 8866.2607   21.5005
    0.0000  -37.5000   -7.5000 8926.9648   21.5171
    7.5000  -37.5000   -7.5000 8474.7139   21.4921
   -7.5000  -30.0000   -7.5000 9479.0576   22.0805
    0.0000  -30.0000   -7.5000 9555.3350   22.0909
    7.5000  -30.0000   -7.5000 9063.4893   22.0686
   -7.5000  -22.5000   -7.500010089.0957   22.0954
    0.0000  -22.5000   -7.500010207.2900   22.1099
    7.5000  -22.5000   -7.5000 9716.7090   22.0986
   -7.5000  -15.0000   -7.500010614.4580   22.0903
    0.0000  -15.0000   -7.500010757.5420   22.1164
    7.5000  -15.0000   -7.500010292.2822   22.1146
   -7.5000   -7.5000   -7.500010749.2158   22.0744
    0.0000   -7.5000   -7.500010879.2656   22.1050
    7.5000   -7.5000   -7.500010406.7783   22.0977
   -7.5000    0.0000   -7.500010810.7100   22.0611
    0.0000    0.0000   -7.500010939.7881   22.0872
    7.5000    0.0000   -7.500010412.8926   22.0666
   -7.5000    7.5000   -7.500010295.8320   22.0569
    0.0000    7.5000   -7.500010400.9043   22.0739
    7.5000    7.5000   -7.5000 9867.2070   22.0482
   -7.5000   15.0000   -7.500010105.0029   22.0737
    0.0000   15.0000   -7.500010211.6836   22.0840
    7.5000   15.0000   -7.5000 9654.3760   22.0617
   -7.5000   22.5000   -7.5000 9381.6973   21.8064
    0.0000   22.5000   -7.5000 9467.0244   21.8206
    7.5000   22.5000   -7.5000 8932.0635   21.8096
   -7.5000   30.0000   -7.5000 8562.5469   21.2740
    0.0000   30.0000   -7.5000 8635.2861   21.2992
    7.5000   30.0000   -7.5000 8139.3730   21.2974
   -7.5000   37.5000   -7.5000 7727.0410   20.6474
    0.0000   37.5000   -7.5000 7820.4521   20.6757
    7.5000   37.5000   -7.5000 7385.5254   20.6684
   -7.5000   45.0000   -7.5000 6973.7466   20.2149
    0.0000   45.0000   -7.5000 7052.8491   20.2406
    7.5000   45.0000   -7.5000 6654.1587   20.2236
   -7.5000  -45.0000    0.0000 8389.3613   20.7589
    0.0000  -45.0000    0.0000 8458.3623   20.7993
    7.5000  -45.0000    0.0000 8052.1772   20.7873
   -7.5000  -37.5000    0.0000 8985.6475   22.0806
    0.0000  -37.5000    0.0000 9047.5479   22.1188
    7.5000  -37.5000    0.0000 8623.8369   22.1107
   -7.5000  -30.0000    0.0000 9647.3809   22.6513
    0.0000  -30.0000    0.0000 9744.4463   22.6847
    7.5000  -30.0000    0.0000 9265.8896   22.6793
   -7.5000  -22.5000    0.000010259.8223   22.6548
    0.0000  -22.5000    0.000010428.4297   22.6879
    7.5000  -22.5000    0.0000 9953.2061   22.6840
   -7.5000  -15.0000    0.000010781.7695   22.6518
    0.0000  -15.0000    0.000010916.7871   22.6919
    7.5000  -15.0000    0.000010509.6123   22.6881
   -7.5000   -7.5000    0.000010891.1172   22.6481
    0.0000   -7.5000    0.000010961.3818   22.6928
    7.5000   -7.5000    0.000010558.5723   22.6833
   -7.5000    0.0000    0.000010953.7734   22.6443
    0.0000    0.0000    0.000011019.1289   22.6883
    7.5000    0.0000    0.000010559.3057   22.6753
   -7.5000    7.5000    0.000010414.5469   22.6370
    0.0000    7.5000    0.000010481.9424   22.6762
    7.5000    7.5000    0.000010020.7705   22.6679
   -7.5000   15.0000    0.000010183.9219   22.6432
    0.0000   15.0000    0.000010263.1143   22.6766
    7.5000   15.0000    0.0000 9772.3779   22.6713
   -7.5000   22.5000    0.0000 9451.1113   22.3616
    0.0000   22.5000    0.0000 9499.2217   22.3942
    7.5000   22.5000    0.0000 9000.7656   22.3904
   -7.5000   30.0000    0.0000 8601.4805   21.8279
    0.0000   30.0000    0.0000 8669.1230   21.8666
    7.5000   30.0000    0.0000 8200.7891   21.8630
   -7.5000   37.5000    0.0000 7785.8911   21.2125
    0.0000   37.5000    0.0000 7867.1797   21.2547
    7.5000   37.5000    0.0000 7440.0356   21.2456
   -7.5000   45.0000    0.0000 6988.1230   20.7944
    0.0000   45.0000    0.0000 7084.2720   20.8344
    7.5000   45.0000    0.0000 6691.1250   20.8247
   -7.5000  -45.0000    7.5000 8169.3032   20.7809
    0.0000  -45.0000    7.5000 8230.4424   20.8073
    7.5000  -45.0000    7.5000 7841.2168   20.8025
   -7.5000  -37.5000    7.5000 8727.8057   22.1073
    0.0000  -37.5000    7.5000 8783.4004   22.1396
    7.5000  -37.5000    7.5000 8398.4160   22.1443
   -7.5000  -30.0000    7.5000 9368.5254   22.6829
    0.0000  -30.0000    7.5000 9491.2607   22.7135
    7.5000  -30.0000    7.5000 9003.2705   22.7210
   -7.5000  -22.5000    7.500010038.6104   22.6876
    0.0000  -22.5000    7.500010119.6104   22.7118
    7.5000  -22.5000    7.5000 9650.2344   22.7139
   -7.5000  -15.0000    7.500010460.4961   22.6829
    0.0000  -15.0000    7.500010395.7334   22.7056
    7.5000  -15.0000    7.500010083.7842   22.7008
   -7.5000   -7.5000    7.500010494.6143   22.6749
    0.0000   -7.5000    7.500010413.3398   22.6996
    7.5000   -7.5000    7.500010117.1270   22.6904
   -7.5000    0.0000    7.500010562.4482   22.6683
    0.0000    0.0000    7.500010522.0156   22.6971
    7.5000    0.0000    7.500010201.2139   22.6918
   -7.5000    7.5000    7.500010023.9209   22.6644
    0.0000    7.5000    7.500010028.9580   22.6975
    7.5000    7.5000    7.5000 9691.2070   22.7023
   -7.5000   15.0000    7.5000 9785.7969   22.6749
    0.0000   15.0000    7.5000 9798.5088   22.7055
    7.5000   15.0000    7.5000 9431.3770   22.7130
   -7.5000   22.5000    7.5000 9075.6748   22.3940
    0.0000   22.5000    7.5000 9080.0098   22.4178
    7.5000   22.5000    7.5000 8680.1650   22.4200
   -7.5000   30.0000    7.5000 8285.9932   21.8579
    0.0000   30.0000    7.5000 8312.5312   21.8798
    7.5000   30.0000    7.5000 7928.8188   21.8752
   -7.5000   37.5000    7.5000 7527.7319   21.2383
    0.0000   37.5000    7.5000 7571.0908   21.2619
    7.5000   37.5000    7.5000 7215.1226   21.2538
   -7.5000   45.0000    7.5000 6759.5415   20.8257
    0.0000   45.0000    7.5000 6820.8252   20.8523
    7.5000   45.0000    7.5000 6479.8545   20.8502
   -7.5000  -45.0000   15.0000 8173.6621   20.7585
    0.0000  -45.0000   15.0000 8217.0840   20.7574
    7.5000  -45.0000   15.0000 7833.0054   20.7544
   -7.5000  -37.5000   15.0000 8736.1572   22.0899
    0.0000  -37.5000   15.0000 8779.1045   22.0961
    7.5000  -37.5000   15.0000 8369.0586   22.0968
   -7.5000  -30.0000   15.0000 9398.7529   22.6804
    0.0000  -30.0000   15.0000 9463.6211   22.6867
    7.5000  -30.0000   15.0000 8969.2246   22.6890
   -7.5000  -22.5000   15.000010089.9180   22.6975
    0.0000  -22.5000   15.000010051.6680   22.6967
    7.5000  -22.5000   15.0000 9595.7090   22.6964
   -7.5000  -15.0000   15.000010528.8955   22.6884
    0.0000  -15.0000   15.000010382.8887   22.6831
    7.5000  -15.0000   15.000010079.9316   22.6796
   -7.5000   -7.5000   15.000010489.4434   22.6632
    0.0000   -7.5000   15.000010406.5479   22.6574
    7.5000   -7.5000   15.000010160.6445   22.6526
   -7.5000    0.0000   15.000010543.2275   22.6439
    0.0000    0.0000   15.000010527.8125   22.6426
    7.5000    0.0000   15.000010251.0986   22.6393
   -7.5000    7.5000   15.000010026.9434   22.6465
    0.0000    7.5000   15.000010003.4404   22.6529
    7.5000    7.5000   15.0000 9729.3135   22.6537
   -7.5000   15.0000   15.0000 9816.3916   22.6724
    0.0000   15.0000   15.0000 9727.8545   22.6787
    7.5000   15.0000   15.0000 9447.0225   22.6810
   -7.5000   22.5000   15.0000 9107.9941   22.4038
    0.0000   22.5000   15.0000 9026.9580   22.4029
    7.5000   22.5000   15.0000 8682.2959   22.4026
   -7.5000   30.0000   15.0000 8327.4912   21.8632
    0.0000   30.0000   15.0000 8289.3018   21.8581
    7.5000   30.0000   15.0000 7911.2031   21.8548
   -7.5000   37.5000   15.0000 7557.5542   21.2248
    0.0000   37.5000   15.0000 7546.7236   21.2196
    7.5000   37.5000   15.0000 7180.3384   21.2159
   -7.5000   45.0000   15.0000 6786.4253   20.8071
    0.0000   45.0000   15.0000 6806.3413   20.8086
    7.5000   45.0000   15.0000 6449.8691   20.8085
   -7.5000  -45.0000   22.5000 7748.3125   20.7189
    0.0000  -45.0000   22.5000 7804.2852   20.7027
    7.5000  -45.0000   22.5000 7409.6528   20.6945
   -7.5000  -37.5000   22.5000 8281.2422   22.0518
    0.0000  -37.5000   22.5000 8346.5244   22.0374
    7.5000  -37.5000   22.5000 7925.6411   22.0215
   -7.5000  -30.0000   22.5000 8865.2324   22.6540
    0.0000  -30.0000   22.5000 8939.2002   22.6373
    7.5000  -30.0000   22.5000 8483.4082   22.6210
   -7.5000  -22.5000   22.5000 9534.3721   22.6820
    0.0000  -22.5000   22.5000 9502.9346   22.6622
    7.5000  -22.5000   22.5000 9063.5752   22.6526
   -7.5000  -15.0000   22.500010065.4756   22.6684
    0.0000  -15.0000   22.5000 9996.1328   22.6492
    7.5000  -15.0000   22.5000 9580.9551   22.6475
   -7.5000   -7.5000   22.500010160.0771   22.6292
    0.0000   -7.5000   22.500010138.9053   22.6101
    7.5000   -7.5000   22.5000 9731.2910   22.6092
   -7.5000    0.0000   22.500010252.9717   22.6006
    0.0000    0.0000   22.500010221.8018   22.5829
    7.5000    0.0000   22.5000 9806.4648   22.5739
   -7.5000    7.5000   22.5000 9746.6973   22.6075
    0.0000    7.5000   22.5000 9654.8340   22.5927
    7.5000    7.5000   22.5000 9282.0186   22.5764
   -7.5000   15.0000   22.5000 9465.2627   22.6459
    0.0000   15.0000   22.5000 9337.9941   22.6293
    7.5000   15.0000   22.5000 8969.4434   22.6129
   -7.5000   22.5000   22.5000 8704.1865   22.3884
    0.0000   22.5000   22.5000 8598.3398   22.3689
    7.5000   22.5000   22.5000 8226.4150   22.3594
   -7.5000   30.0000   22.5000 7946.3281   21.8440
    0.0000   30.0000   22.5000 7859.8677   21.8254
    7.5000   30.0000   22.5000 7482.6479   21.8239
   -7.5000   37.5000   22.5000 7194.3721   21.1896
    0.0000   37.5000   22.5000 7112.9790   21.1715
    7.5000   37.5000   22.5000 6757.0601   21.1710
   -7.5000   45.0000   22.5000 6448.1050   20.7628
    0.0000   45.0000   22.5000 6403.1313   20.7514
    7.5000   45.0000   22.5000 6050.3672   20.7458
   -7.5000  -45.0000   30.0000 7293.2427   20.7108
    0.0000  -45.0000   30.0000 7340.8857   20.7092
    7.5000  -45.0000   30.0000 6991.0991   20.6908
   -7.5000  -37.5000   30.0000 7782.8872   22.0485
    0.0000  -37.5000   30.0000 7856.1826   22.0415
    7.5000  -37.5000   30.0000 7478.4399   22.0111
   -7.5000  -30.0000   30.0000 8331.6270   22.6507
    0.0000  -30.0000   30.0000 8403.8428   22.6381
    7.5000  -30.0000   30.0000 7979.6133   22.6088
   -7.5000  -22.5000   30.0000 8967.7754   22.6789
    0.0000  -22.5000   30.0000 8969.9346   22.6687
    7.5000  -22.5000   30.0000 8527.4404   22.6533
   -7.5000  -15.0000   30.0000 9510.5518   22.6673
    0.0000  -15.0000   30.0000 9484.1221   22.6659
    7.5000  -15.0000   30.0000 9019.9658   22.6644
   -7.5000   -7.5000   30.0000 9672.4297   22.6322
    0.0000   -7.5000   30.0000 9659.1543   22.6335
    7.5000   -7.5000   30.0000 9167.5156   22.6293
   -7.5000    0.0000   30.0000 9789.4043   22.6056
    0.0000    0.0000   30.0000 9757.8613   22.6038
    7.5000    0.0000   30.0000 9241.4902   22.5838
   -7.5000    7.5000   30.0000 9278.5186   22.6080
    0.0000    7.5000   30.0000 9229.7148   22.6008
    7.5000    7.5000   30.0000 8767.0332   22.5696
   -7.5000   15.0000   30.0000 8956.3564   22.6426
    0.0000   15.0000   30.0000 8895.3711   22.6301
    7.5000   15.0000   30.0000 8470.9307   22.6007
   -7.5000   22.5000   30.0000 8179.5879   22.3834
    0.0000   22.5000   30.0000 8129.6709   22.3733
    7.5000   22.5000   30.0000 7740.5381   22.3582
   -7.5000   30.0000   30.0000 7451.4189   21.8529
    0.0000   30.0000   30.0000 7385.7393   21.8516
    7.5000   30.0000   30.0000 7015.1348   21.8501
   -7.5000   37.5000   30.0000 6711.6621   21.2120
    0.0000   37.5000   30.0000 6652.3940   21.2127
    7.5000   37.5000   30.0000 6312.1855   21.2086
   -7.5000   45.0000   30.0000 6010.6709   20.7888
    0.0000   45.0000   30.0000 5968.0425   20.7915
    7.5000   45.0000   30.0000 5658.2852   20.7752
   -7.5000  -45.0000   37.5000 6856.7266   20.6476
    0.0000  -45.0000   37.5000 6930.9590   20.6715
    7.5000  -45.0000   37.5000 6563.3394   20.6490
   -7.5000  -37.5000   37.5000 7313.7227   21.9775
    0.0000  -37.5000   37.5000 7412.7642   21.9932
    7.5000  -37.5000   37.5000 6996.7227   21.9636
   -7.5000  -30.0000   37.5000 7843.3418   22.5497
    0.0000  -30.0000   37.5000 7935.8394   22.5584
    7.5000  -30.0000   37.5000 7473.0259   22.5312
   -7.5000  -22.5000   37.5000 8408.5527   22.5694
    0.0000  -22.5000   37.5000 8449.7637   22.5826
    7.5000  -22.5000   37.5000 7983.4331   22.5668
   -7.5000  -15.0000   37.5000 8867.3691   22.5653
    0.0000  -15.0000   37.5000 8898.2656   22.5913
    7.5000  -15.0000   37.5000 8430.9697   22.5858
   -7.5000   -7.5000   37.5000 8976.7832   22.5462
    0.0000   -7.5000   37.5000 9018.0449   22.5771
    7.5000   -7.5000   37.5000 8555.3584   22.5663
   -7.5000    0.0000   37.5000 9069.5908   22.5280
    0.0000    0.0000   37.5000 9079.3516   22.5541
    7.5000    0.0000   37.5000 8629.4521   22.5295
   -7.5000    7.5000   37.5000 8628.4629   22.5213
    0.0000    7.5000   37.5000 8625.3027   22.5373
    7.5000    7.5000   37.5000 8218.0996   22.5070
   -7.5000   15.0000   37.5000 8361.3486   22.5415
    0.0000   15.0000   37.5000 8341.6152   22.5502
    7.5000   15.0000   37.5000 7944.8062   22.5230
   -7.5000   22.5000   37.5000 7636.9863   22.2715
    0.0000   22.5000   37.5000 7607.6323   22.2845
    7.5000   22.5000   37.5000 7235.0879   22.2689
   -7.5000   30.0000   37.5000 6936.5571   21.7545
    0.0000   30.0000   37.5000 6914.5264   21.7795
    7.5000   30.0000   37.5000 6562.9956   21.7742
   -7.5000   37.5000   37.5000 6240.1274   21.1340
    0.0000   37.5000   37.5000 6227.6396   21.1626
    7.5000   37.5000   37.5000 5888.0078   21.1520
   -7.5000   45.0000   37.5000 5587.0771   20.7155
    0.0000   45.0000   37.5000 5563.9365   20.7412
    7.5000   45.0000   37.5000 5267.5454   20.7206
   -7.5000  -45.0000   45.0000 6381.2310   20.8185
    0.0000  -45.0000   45.0000 6459.3237   20.8552
    7.5000  -45.0000   45.0000 6134.7231   20.8408
   -7.5000  -37.5000   45.0000 6810.9741   22.1640
    0.0000  -37.5000   45.0000 6892.2383   22.1983
    7.5000  -37.5000   45.0000 6525.7979   22.1864
   -7.5000  -30.0000   45.0000 7265.2573   22.7075
    0.0000  -30.0000   45.0000 7348.1553   22.7363
    7.5000  -30.0000   45.0000 6941.5576   22.7269
   -7.5000  -22.5000   45.0000 7766.5449   22.7102
    0.0000  -22.5000   45.0000 7833.8809   22.7379
    7.5000  -22.5000   45.0000 7408.8550   22.7310
   -7.5000  -15.0000   45.0000 8178.6221   22.7043
    0.0000  -15.0000   45.0000 8263.9199   22.7392
    7.5000  -15.0000   45.0000 7836.7583   22.7339
   -7.5000   -7.5000   45.0000 8263.6113   22.6984
    0.0000   -7.5000   45.0000 8345.4902   22.7384
    7.5000   -7.5000   45.0000 7933.5396   22.7275
   -7.5000    0.0000   45.0000 8348.6895   22.6949
    0.0000    0.0000   45.0000 8394.8340   22.7348
    7.5000    0.0000   45.0000 7998.0605   22.7192
   -7.5000    7.5000   45.0000 7963.4258   22.6905
    0.0000    7.5000   45.0000 7997.7100   22.7257
    7.5000    7.5000   45.0000 7628.8369   22.7135
   -7.5000   15.0000   45.0000 7741.8564   22.6991
    0.0000   15.0000   45.0000 7756.2134   22.7277
    7.5000   15.0000   45.0000 7379.2500   22.7183
   -7.5000   22.5000   45.0000 7078.1943   22.4074
    0.0000   22.5000   45.0000 7069.7192   22.4347
    7.5000   22.5000   45.0000 6724.4531   22.4280
   -7.5000   30.0000   45.0000 6430.1812   21.8862
    0.0000   30.0000   45.0000 6418.5015   21.9199
    7.5000   30.0000   45.0000 6109.3613   21.9148
   -7.5000   37.5000   45.0000 5797.1758   21.2739
    0.0000   37.5000   45.0000 5776.3384   21.3116
    7.5000   37.5000   45.0000 5494.4990   21.3013
   -7.5000   45.0000   45.0000 5178.8618   20.8669
    0.0000   45.0000   45.0000 5152.8794   20.9030
    7.5000   45.0000   45.0000 4905.0068   20.8909

---------------------------------------------------------------------
imgreg_4dfp /opt/freesurfer/average/711-2C_as_mni_average_305 /opt/freesurfer/average/711-2B_as_mni_average_305_mask talsrcimg_g11 none talsrcimg_to_711-2C_as_mni_average_305_t4 4355
---------------------------------------------------------------------

freesurfer imgreg_4dfp.c
/opt/freesurfer/average/711-2C_as_mni_average_305.4dfp.img
       256       256       256         1
  1.000000  1.000000  1.000000
orientation T byte_order littleendian
Reading image: /opt/freesurfer/average/711-2C_as_mni_average_305.4dfp.img
dimensions:      256       256       256
mmppix:       1.0000   -1.0000   -1.0000
center:     128.0000 -129.0000 -129.0000
/opt/freesurfer/average/711-2B_as_mni_average_305_mask.4dfp.img
       256       256       256         1
  1.000000  1.000000  1.000000
orientation T byte_order littleendian
Reading mask: /opt/freesurfer/average/711-2B_as_mni_average_305_mask.4dfp.img (2306576 pixels)
talsrcimg_g11.4dfp.img
       256       256       256         1
  0.900000  0.900000  0.900000
orientation T byte_order littleendian
Reading image: talsrcimg_g11.4dfp.img
dimensions:      256       256       256
mmppix:       0.9000   -0.9000   -0.9000
center:     115.2000 -116.1000 -116.1000
rotation matrix determinant  1.000000
image alignment mode   4355 decimal     1103 hex
   -7.5000  -45.0000  -45.0000 1883.4479   20.9017
    0.0000  -45.0000  -45.0000 1879.7002   20.9081
    7.5000  -45.0000  -45.0000 1865.3313   21.3213
   -7.5000  -37.5000  -45.0000 1958.6677   19.4214
    0.0000  -37.5000  -45.0000 1956.4458   19.4679
    7.5000  -37.5000  -45.0000 1932.3770   19.8330
   -7.5000  -30.0000  -45.0000 2004.8989   18.3656
    0.0000  -30.0000  -45.0000 1997.6719   18.4241
    7.5000  -30.0000  -45.0000 1974.3162   18.7479
   -7.5000  -22.5000  -45.0000 2033.2584   17.7316
    0.0000  -22.5000  -45.0000 2024.8134   17.7644
    7.5000  -22.5000  -45.0000 2000.1398   18.0697
   -7.5000  -15.0000  -45.0000 2045.9684   17.4294
    0.0000  -15.0000  -45.0000 2041.8903   17.4236
    7.5000  -15.0000  -45.0000 2019.4359   17.7530
   -7.5000   -7.5000  -45.0000 2038.7067   17.4102
    0.0000   -7.5000  -45.0000 2038.2009   17.4811
    7.5000   -7.5000  -45.0000 2016.1631   17.8908
   -7.5000    0.0000  -45.0000 2022.5344   17.9125
    0.0000    0.0000  -45.0000 2023.3563   17.9893
    7.5000    0.0000  -45.0000 2001.4062   18.4163
   -7.5000    7.5000  -45.0000 1990.1467   18.7404
    0.0000    7.5000  -45.0000 1990.6191   18.7580
    7.5000    7.5000  -45.0000 1968.8118   19.2012
   -7.5000   15.0000  -45.0000 1937.9249   19.8621
    0.0000   15.0000  -45.0000 1941.5682   19.8337
    7.5000   15.0000  -45.0000 1919.9154   20.2635
   -7.5000   22.5000  -45.0000 1866.0220   21.3391
    0.0000   22.5000  -45.0000 1867.0295   21.2736
    7.5000   22.5000  -45.0000 1847.7646   21.7669
   -7.5000   30.0000  -45.0000 1780.4691   23.3942
    0.0000   30.0000  -45.0000 1782.9792   23.3602
    7.5000   30.0000  -45.0000 1761.7791   23.9232
   -7.5000   37.5000  -45.0000 1659.5486   26.1010
    0.0000   37.5000  -45.0000 1667.5720   26.0523
    7.5000   37.5000  -45.0000 1651.9137   26.6811
   -7.5000   45.0000  -45.0000 1515.6586   29.2928
    0.0000   45.0000  -45.0000 1519.7655   29.3029
    7.5000   45.0000  -45.0000 1500.4070   29.9203
   -7.5000  -45.0000  -37.5000 2045.2955   20.2998
    0.0000  -45.0000  -37.5000 2042.1091   20.3293
    7.5000  -45.0000  -37.5000 2017.2296   20.7629
   -7.5000  -37.5000  -37.5000 2131.9529   18.8939
    0.0000  -37.5000  -37.5000 2128.1514   18.9238
    7.5000  -37.5000  -37.5000 2096.9468   19.2753
   -7.5000  -30.0000  -37.5000 2174.7920   17.8888
    0.0000  -30.0000  -37.5000 2171.0549   17.9019
    7.5000  -30.0000  -37.5000 2144.1277   18.2070
   -7.5000  -22.5000  -37.5000 2199.1943   17.2706
    0.0000  -22.5000  -37.5000 2199.5354   17.2276
    7.5000  -22.5000  -37.5000 2176.2534   17.5332
   -7.5000  -15.0000  -37.5000 2216.9016   16.9539
    0.0000  -15.0000  -37.5000 2218.3665   16.9337
    7.5000  -15.0000  -37.5000 2195.9153   17.2501
   -7.5000   -7.5000  -37.5000 2209.3652   16.9797
    0.0000   -7.5000  -37.5000 2218.4817   17.0018
    7.5000   -7.5000  -37.5000 2197.5386   17.3360
   -7.5000    0.0000  -37.5000 2190.2351   17.4017
    0.0000    0.0000  -37.5000 2199.5435   17.3922
    7.5000    0.0000  -37.5000 2175.8579   17.7679
   -7.5000    7.5000  -37.5000 2159.3752   18.1313
    0.0000    7.5000  -37.5000 2160.4348   18.1327
    7.5000    7.5000  -37.5000 2133.1160   18.4838
   -7.5000   15.0000  -37.5000 2100.7019   19.2003
    0.0000   15.0000  -37.5000 2104.6665   19.1637
    7.5000   15.0000  -37.5000 2080.9360   19.5280
   -7.5000   22.5000  -37.5000 2022.9863   20.6996
    0.0000   22.5000  -37.5000 2026.9221   20.6263
    7.5000   22.5000  -37.5000 2007.5951   21.0538
   -7.5000   30.0000  -37.5000 1929.7422   22.6843
    0.0000   30.0000  -37.5000 1933.7620   22.6055
    7.5000   30.0000  -37.5000 1912.3236   23.1049
   -7.5000   37.5000  -37.5000 1796.5244   25.2109
    0.0000   37.5000  -37.5000 1809.1544   25.0847
    7.5000   37.5000  -37.5000 1788.0906   25.6552
   -7.5000   45.0000  -37.5000 1642.4884   28.2512
    0.0000   45.0000  -37.5000 1653.4504   28.1994
    7.5000   45.0000  -37.5000 1628.5490   28.8191
   -7.5000  -45.0000  -30.0000 2202.1663   19.5653
    0.0000  -45.0000  -30.0000 2195.8960   19.5541
    7.5000  -45.0000  -30.0000 2169.6426   19.9750
   -7.5000  -37.5000  -30.0000 2294.6367   18.1705
    0.0000  -37.5000  -30.0000 2283.9377   18.1343
    7.5000  -37.5000  -30.0000 2255.1545   18.5014
   -7.5000  -30.0000  -30.0000 2346.2190   17.2201
    0.0000  -30.0000  -30.0000 2338.8694   17.2010
    7.5000  -30.0000  -30.0000 2307.4104   17.4790
   -7.5000  -22.5000  -30.0000 2372.3369   16.6199
    0.0000  -22.5000  -30.0000 2369.9480   16.5906
    7.5000  -22.5000  -30.0000 2338.9929   16.8556
   -7.5000  -15.0000  -30.0000 2387.0417   16.2602
    0.0000  -15.0000  -30.0000 2385.6306   16.2228
    7.5000  -15.0000  -30.0000 2358.2422   16.5086
   -7.5000   -7.5000  -30.0000 2379.9021   16.3075
    0.0000   -7.5000  -30.0000 2387.6699   16.2633
    7.5000   -7.5000  -30.0000 2362.5164   16.5511
   -7.5000    0.0000  -30.0000 2359.8110   16.6858
    0.0000    0.0000  -30.0000 2365.6841   16.6612
    7.5000    0.0000  -30.0000 2338.2542   16.9516
   -7.5000    7.5000  -30.0000 2323.8252   17.4114
    0.0000    7.5000  -30.0000 2328.7556   17.3836
    7.5000    7.5000  -30.0000 2303.5764   17.7002
   -7.5000   15.0000  -30.0000 2262.7559   18.4907
    0.0000   15.0000  -30.0000 2266.0415   18.4259
    7.5000   15.0000  -30.0000 2247.5176   18.7620
   -7.5000   22.5000  -30.0000 2175.7478   19.9231
    0.0000   22.5000  -30.0000 2181.9932   19.8154
    7.5000   22.5000  -30.0000 2160.2761   20.1781
   -7.5000   30.0000  -30.0000 2073.0764   21.8278
    0.0000   30.0000  -30.0000 2075.2422   21.6995
    7.5000   30.0000  -30.0000 2054.9429   22.1534
   -7.5000   37.5000  -30.0000 1925.4456   24.2140
    0.0000   37.5000  -30.0000 1936.4502   24.1041
    7.5000   37.5000  -30.0000 1917.2645   24.5932
   -7.5000   45.0000  -30.0000 1762.1189   27.0761
    0.0000   45.0000  -30.0000 1771.4241   26.9406
    7.5000   45.0000  -30.0000 1750.0754   27.5195
   -7.5000  -45.0000  -22.5000 2327.5510   18.7349
    0.0000  -45.0000  -22.5000 2319.6514   18.7135
    7.5000  -45.0000  -22.5000 2292.0176   19.0901
   -7.5000  -37.5000  -22.5000 2427.1091   17.3494
    0.0000  -37.5000  -22.5000 2417.8455   17.2995
    7.5000  -37.5000  -22.5000 2388.2468   17.6446
   -7.5000  -30.0000  -22.5000 2488.5593   16.3556
    0.0000  -30.0000  -22.5000 2480.1777   16.3563
    7.5000  -30.0000  -22.5000 2452.9231   16.6154
   -7.5000  -22.5000  -22.5000 2522.0908   15.7496
    0.0000  -22.5000  -22.5000 2520.1194   15.7541
    7.5000  -22.5000  -22.5000 2490.7395   16.0308
   -7.5000  -15.0000  -22.5000 2545.0129   15.4497
    0.0000  -15.0000  -22.5000 2545.3706   15.4420
    7.5000  -15.0000  -22.5000 2517.9468   15.7080
   -7.5000   -7.5000  -22.5000 2539.6104   15.5483
    0.0000   -7.5000  -22.5000 2547.4463   15.5299
    7.5000   -7.5000  -22.5000 2518.1838   15.7718
   -7.5000    0.0000  -22.5000 2524.2439   15.9398
    0.0000    0.0000  -22.5000 2529.8508   15.8833
    7.5000    0.0000  -22.5000 2498.5869   16.1237
   -7.5000    7.5000  -22.5000 2481.3403   16.6425
    0.0000    7.5000  -22.5000 2488.0215   16.5706
    7.5000    7.5000  -22.5000 2454.2883   16.7907
   -7.5000   15.0000  -22.5000 2414.5071   17.6700
    0.0000   15.0000  -22.5000 2419.7024   17.5792
    7.5000   15.0000  -22.5000 2390.9646   17.7941
   -7.5000   22.5000  -22.5000 2316.8689   19.0142
    0.0000   22.5000  -22.5000 2322.5684   18.9257
    7.5000   22.5000  -22.5000 2292.3174   19.2238
   -7.5000   30.0000  -22.5000 2197.4121   20.8701
    0.0000   30.0000  -22.5000 2206.3462   20.7677
    7.5000   30.0000  -22.5000 2179.1938   21.1153
   -7.5000   37.5000  -22.5000 2042.0621   23.0773
    0.0000   37.5000  -22.5000 2048.4871   22.9937
    7.5000   37.5000  -22.5000 2029.3853   23.3811
   -7.5000   45.0000  -22.5000 1860.0374   25.7918
    0.0000   45.0000  -22.5000 1871.0182   25.6803
    7.5000   45.0000  -22.5000 1848.1061   26.0899
   -7.5000  -45.0000  -15.0000 2423.0898   17.9050
    0.0000  -45.0000  -15.0000 2417.8860   17.8803
    7.5000  -45.0000  -15.0000 2383.1626   18.2597
   -7.5000  -37.5000  -15.0000 2531.9263   16.5344
    0.0000  -37.5000  -15.0000 2525.0020   16.5097
    7.5000  -37.5000  -15.0000 2491.4692   16.8285
   -7.5000  -30.0000  -15.0000 2603.8472   15.5272
    0.0000  -30.0000  -15.0000 2599.1538   15.5056
    7.5000  -30.0000  -15.0000 2568.7014   15.8002
   -7.5000  -22.5000  -15.0000 2650.2874   14.8817
    0.0000  -22.5000  -15.0000 2652.6494   14.8983
    7.5000  -22.5000  -15.0000 2621.4321   15.1865
   -7.5000  -15.0000  -15.0000 2677.7957   14.5877
    0.0000  -15.0000  -15.0000 2679.7156   14.6119
    7.5000  -15.0000  -15.0000 2652.6196   14.8841
   -7.5000   -7.5000  -15.0000 2679.1489   14.7399
    0.0000   -7.5000  -15.0000 2686.5315   14.7412
    7.5000   -7.5000  -15.0000 2654.8894   14.9617
   -7.5000    0.0000  -15.0000 2656.7510   15.1386
    0.0000    0.0000  -15.0000 2664.3135   15.1227
    7.5000    0.0000  -15.0000 2628.6287   15.2767
   -7.5000    7.5000  -15.0000 2606.6208   15.8412
    0.0000    7.5000  -15.0000 2615.5308   15.7879
    7.5000    7.5000  -15.0000 2583.6558   15.9261
   -7.5000   15.0000  -15.0000 2531.9827   16.8150
    0.0000   15.0000  -15.0000 2540.0815   16.7098
    7.5000   15.0000  -15.0000 2512.0337   16.8997
   -7.5000   22.5000  -15.0000 2425.9585   18.1556
    0.0000   22.5000  -15.0000 2436.0020   18.0369
    7.5000   22.5000  -15.0000 2407.9614   18.2656
   -7.5000   30.0000  -15.0000 2299.9229   19.9221
    0.0000   30.0000  -15.0000 2308.6074   19.8262
    7.5000   30.0000  -15.0000 2286.4329   20.1535
   -7.5000   37.5000  -15.0000 2126.5208   22.0106
    0.0000   37.5000  -15.0000 2136.9656   21.9836
    7.5000   37.5000  -15.0000 2118.2458   22.3662
   -7.5000   45.0000  -15.0000 1934.4425   24.5619
    0.0000   45.0000  -15.0000 1947.5258   24.4871
    7.5000   45.0000  -15.0000 1929.2915   24.8530
   -7.5000  -45.0000   -7.5000 2467.8035   17.0863
    0.0000  -45.0000   -7.5000 2470.1541   17.1161
    7.5000  -45.0000   -7.5000 2436.0242   17.5260
   -7.5000  -37.5000   -7.5000 2583.5334   15.7047
    0.0000  -37.5000   -7.5000 2586.0017   15.7134
    7.5000  -37.5000   -7.5000 2553.4106   16.0944
   -7.5000  -30.0000   -7.5000 2672.1931   14.7340
    0.0000  -30.0000   -7.5000 2676.6067   14.7202
    7.5000  -30.0000   -7.5000 2641.3479   15.0448
   -7.5000  -22.5000   -7.5000 2730.5188   14.0668
    0.0000  -22.5000   -7.5000 2740.5195   14.0491
    7.5000  -22.5000   -7.5000 2704.5945   14.3598
   -7.5000  -15.0000   -7.5000 2762.2290   13.7130
    0.0000  -15.0000   -7.5000 2775.3276   13.7463
    7.5000  -15.0000   -7.5000 2742.2073   14.0455
   -7.5000   -7.5000   -7.5000 2770.5742   13.8590
    0.0000   -7.5000   -7.5000 2787.4983   13.8485
    7.5000   -7.5000   -7.5000 2752.8083   14.0789
   -7.5000    0.0000   -7.5000 2749.3347   14.2746
    0.0000    0.0000   -7.5000 2762.9299   14.2683
    7.5000    0.0000   -7.5000 2726.0544   14.4133
   -7.5000    7.5000   -7.5000 2691.0273   14.9753
    0.0000    7.5000   -7.5000 2706.3530   14.9036
    7.5000    7.5000   -7.5000 2676.2583   15.0478
   -7.5000   15.0000   -7.5000 2604.2419   15.9383
    0.0000   15.0000   -7.5000 2622.6382   15.8336
    7.5000   15.0000   -7.5000 2597.9624   15.9951
   -7.5000   22.5000   -7.5000 2493.2163   17.2402
    0.0000   22.5000   -7.5000 2509.7146   17.1501
    7.5000   22.5000   -7.5000 2486.2175   17.3540
   -7.5000   30.0000   -7.5000 2361.3616   18.9358
    0.0000   30.0000   -7.5000 2374.7175   18.8924
    7.5000   30.0000   -7.5000 2351.9192   19.1725
   -7.5000   37.5000   -7.5000 2185.1157   20.9936
    0.0000   37.5000   -7.5000 2196.2454   20.9735
    7.5000   37.5000   -7.5000 2179.0842   21.2716
   -7.5000   45.0000   -7.5000 1982.3878   23.4621
    0.0000   45.0000   -7.5000 1995.3900   23.3643
    7.5000   45.0000   -7.5000 1977.1473   23.6691
   -7.5000  -45.0000    0.0000 2502.4197   16.6419
    0.0000  -45.0000    0.0000 2504.1465   16.6272
    7.5000  -45.0000    0.0000 2476.0903   17.0749
   -7.5000  -37.5000    0.0000 2628.2886   15.2480
    0.0000  -37.5000    0.0000 2631.2678   15.2039
    7.5000  -37.5000    0.0000 2604.3120   15.6010
   -7.5000  -30.0000    0.0000 2732.5569   14.2464
    0.0000  -30.0000    0.0000 2737.7239   14.1957
    7.5000  -30.0000    0.0000 2705.4136   14.5654
   -7.5000  -22.5000    0.0000 2805.4595   13.5807
    0.0000  -22.5000    0.0000 2816.4629   13.5283
    7.5000  -22.5000    0.0000 2778.5718   13.8648
   -7.5000  -15.0000    0.0000 2852.2354   13.1292
    0.0000  -15.0000    0.0000 2873.0430   13.1095
    7.5000  -15.0000    0.0000 2830.4817   13.4656
   -7.5000   -7.5000    0.0000 2864.7861   13.2147
    0.0000   -7.5000    0.0000 2887.5188   13.1623
    7.5000   -7.5000    0.0000 2850.8640   13.4726
   -7.5000    0.0000    0.0000 2831.4324   13.6751
    0.0000    0.0000    0.0000 2853.8469   13.6028
    7.5000    0.0000    0.0000 2820.0098   13.8477
   -7.5000    7.5000    0.0000 2766.5176   14.4046
    0.0000    7.5000    0.0000 2790.6035   14.2869
    7.5000    7.5000    0.0000 2761.6440   14.5027
   -7.5000   15.0000    0.0000 2668.2878   15.3445
    0.0000   15.0000    0.0000 2695.4021   15.2440
    7.5000   15.0000    0.0000 2668.7988   15.4462
   -7.5000   22.5000    0.0000 2553.4470   16.6472
    0.0000   22.5000    0.0000 2572.7793   16.5749
    7.5000   22.5000    0.0000 2547.1541   16.7939
   -7.5000   30.0000    0.0000 2413.3918   18.3139
    0.0000   30.0000    0.0000 2431.9919   18.2985
    7.5000   30.0000    0.0000 2408.4045   18.5564
   -7.5000   37.5000    0.0000 2233.4937   20.3345
    0.0000   37.5000    0.0000 2248.2114   20.3262
    7.5000   37.5000    0.0000 2227.2322   20.6239
   -7.5000   45.0000    0.0000 2017.2036   22.7508
    0.0000   45.0000    0.0000 2032.7494   22.6567
    7.5000   45.0000    0.0000 2013.3973   22.9820
   -7.5000  -45.0000    7.5000 2517.3872   16.3235
    0.0000  -45.0000    7.5000 2516.6904   16.1938
    7.5000  -45.0000    7.5000 2488.2620   16.6347
   -7.5000  -37.5000    7.5000 2644.2209   14.9302
    0.0000  -37.5000    7.5000 2648.4727   14.7988
    7.5000  -37.5000    7.5000 2621.7708   15.2109
   -7.5000  -30.0000    7.5000 2754.9890   13.8975
    0.0000  -30.0000    7.5000 2768.7402   13.7652
    7.5000  -30.0000    7.5000 2730.8701   14.1793
   -7.5000  -22.5000    7.5000 2851.0398   13.2097
    0.0000  -22.5000    7.5000 2866.0103   13.0744
    7.5000  -22.5000    7.5000 2818.9497   13.4648
   -7.5000  -15.0000    7.5000 2913.2000   12.6623
    0.0000  -15.0000    7.5000 2934.3445   12.5228
    7.5000  -15.0000    7.5000 2879.5012   12.9765
   -7.5000   -7.5000    7.5000 2929.3887   12.6441
    0.0000   -7.5000    7.5000 2951.6943   12.4199
    7.5000   -7.5000    7.5000 2902.6655   12.8798
   -7.5000    0.0000    7.5000 2880.7324   13.1462
    0.0000    0.0000    7.5000 2909.4854   12.9799
    7.5000    0.0000    7.5000 2880.2876   13.3415
   -7.5000    7.5000    7.5000 2806.3269   13.8516
    0.0000    7.5000    7.5000 2836.6479   13.7644
    7.5000    7.5000    7.5000 2812.2192   14.0781
   -7.5000   15.0000    7.5000 2705.1023   14.8407
    0.0000   15.0000    7.5000 2730.2002   14.7836
    7.5000   15.0000    7.5000 2709.5435   15.0581
   -7.5000   22.5000    7.5000 2580.4058   16.0949
    0.0000   22.5000    7.5000 2599.8787   16.0675
    7.5000   22.5000    7.5000 2578.4646   16.3563
   -7.5000   30.0000    7.5000 2436.1445   17.7631
    0.0000   30.0000    7.5000 2455.1707   17.7344
    7.5000   30.0000    7.5000 2435.1799   18.0708
   -7.5000   37.5000    7.5000 2253.0767   19.7619
    0.0000   37.5000    7.5000 2268.8787   19.7165
    7.5000   37.5000    7.5000 2253.0557   20.0949
   -7.5000   45.0000    7.5000 2036.2842   22.0270
    0.0000   45.0000    7.5000 2051.0950   22.0019
    7.5000   45.0000    7.5000 2035.0199   22.4326
   -7.5000  -45.0000   15.0000 2507.5486   16.2681
    0.0000  -45.0000   15.0000 2511.3896   16.0589
    7.5000  -45.0000   15.0000 2482.3049   16.4696
   -7.5000  -37.5000   15.0000 2641.6572   14.8947
    0.0000  -37.5000   15.0000 2646.7229   14.6224
    7.5000  -37.5000   15.0000 2615.9080   15.0395
   -7.5000  -30.0000   15.0000 2763.2715   13.8547
    0.0000  -30.0000   15.0000 2769.9817   13.5952
    7.5000  -30.0000   15.0000 2739.9065   13.9779
   -7.5000  -22.5000   15.0000 2863.2671   13.1084
    0.0000  -22.5000   15.0000 2875.0593   12.8854
    7.5000  -22.5000   15.0000 2840.4141   13.2551
   -7.5000  -15.0000   15.0000 2935.6436   12.5956
    0.0000  -15.0000   15.0000 2946.7866   12.2994
    7.5000  -15.0000   15.0000 2902.8838   12.7792
   -7.5000   -7.5000   15.0000 2955.2656   12.4621
    0.0000   -7.5000   15.0000 2972.3582   12.1954
    7.5000   -7.5000   15.0000 2932.1335   12.7294
   -7.5000    0.0000   15.0000 2907.6587   12.9025
    0.0000    0.0000   15.0000 2937.5312   12.7319
    7.5000    0.0000   15.0000 2905.0273   13.1611
   -7.5000    7.5000   15.0000 2822.8298   13.6744
    0.0000    7.5000   15.0000 2847.3606   13.5725
    7.5000    7.5000   15.0000 2827.8618   13.9387
   -7.5000   15.0000   15.0000 2718.6008   14.6958
    0.0000   15.0000   15.0000 2729.2803   14.5881
    7.5000   15.0000   15.0000 2717.6777   14.9098
   -7.5000   22.5000   15.0000 2584.7368   15.9667
    0.0000   22.5000   15.0000 2600.8745   15.8517
    7.5000   22.5000   15.0000 2582.7190   16.1848
   -7.5000   30.0000   15.0000 2438.3411   17.6160
    0.0000   30.0000   15.0000 2456.1848   17.5160
    7.5000   30.0000   15.0000 2436.6240   17.8448
   -7.5000   37.5000   15.0000 2253.7034   19.5387
    0.0000   37.5000   15.0000 2267.5750   19.4360
    7.5000   37.5000   15.0000 2255.2798   19.7985
   -7.5000   45.0000   15.0000 2035.5223   21.7824
    0.0000   45.0000   15.0000 2050.8462   21.6570
    7.5000   45.0000   15.0000 2034.2877   22.0773
   -7.5000  -45.0000   22.5000 2484.6438   16.4004
    0.0000  -45.0000   22.5000 2497.2563   16.2405
    7.5000  -45.0000   22.5000 2464.4036   16.5405
   -7.5000  -37.5000   22.5000 2615.6880   15.0419
    0.0000  -37.5000   22.5000 2629.1230   14.8340
    7.5000  -37.5000   22.5000 2599.1072   15.1391
   -7.5000  -30.0000   22.5000 2732.8933   13.9833
    0.0000  -30.0000   22.5000 2747.1360   13.7918
    7.5000  -30.0000   22.5000 2720.9944   14.1122
   -7.5000  -22.5000   22.5000 2826.2688   13.2463
    0.0000  -22.5000   22.5000 2846.4534   12.9838
    7.5000  -22.5000   22.5000 2816.0479   13.3703
   -7.5000  -15.0000   22.5000 2900.7236   12.8236
    0.0000  -15.0000   22.5000 2915.6536   12.4960
    7.5000  -15.0000   22.5000 2887.1956   12.9436
   -7.5000   -7.5000   22.5000 2931.6357   12.7974
    0.0000   -7.5000   22.5000 2953.4312   12.5495
    7.5000   -7.5000   22.5000 2920.9736   12.9506
   -7.5000    0.0000   22.5000 2891.4429   13.1658
    0.0000    0.0000   22.5000 2919.4495   12.9696
    7.5000    0.0000   22.5000 2890.2798   13.2874
   -7.5000    7.5000   22.5000 2807.8008   13.7921
    0.0000    7.5000   22.5000 2827.5164   13.6332
    7.5000    7.5000   22.5000 2804.9399   13.9412
   -7.5000   15.0000   22.5000 2690.2107   14.7667
    0.0000   15.0000   22.5000 2704.7925   14.6440
    7.5000   15.0000   22.5000 2690.9565   14.9454
   -7.5000   22.5000   22.5000 2560.0674   16.0638
    0.0000   22.5000   22.5000 2576.1006   15.9608
    7.5000   22.5000   22.5000 2563.3291   16.2437
   -7.5000   30.0000   22.5000 2416.0732   17.7318
    0.0000   30.0000   22.5000 2433.3223   17.6697
    7.5000   30.0000   22.5000 2418.1907   17.9170
   -7.5000   37.5000   22.5000 2232.2156   19.6592
    0.0000   37.5000   22.5000 2244.1675   19.6105
    7.5000   37.5000   22.5000 2232.3518   19.8708
   -7.5000   45.0000   22.5000 2016.9138   21.8984
    0.0000   45.0000   22.5000 2032.3219   21.7696
    7.5000   45.0000   22.5000 2017.0480   22.0185
   -7.5000  -45.0000   30.0000 2456.9751   16.8402
    0.0000  -45.0000   30.0000 2473.4248   16.6364
    7.5000  -45.0000   30.0000 2450.8159   16.9733
   -7.5000  -37.5000   30.0000 2578.6782   15.4798
    0.0000  -37.5000   30.0000 2601.1904   15.3084
    7.5000  -37.5000   30.0000 2583.0393   15.6094
   -7.5000  -30.0000   30.0000 2682.8123   14.4559
    0.0000  -30.0000   30.0000 2706.8535   14.3027
    7.5000  -30.0000   30.0000 2687.7051   14.5580
   -7.5000  -22.5000   30.0000 2768.8081   13.8074
    0.0000  -22.5000   30.0000 2796.1453   13.5508
    7.5000  -22.5000   30.0000 2772.2395   13.8509
   -7.5000  -15.0000   30.0000 2835.9790   13.3520
    0.0000  -15.0000   30.0000 2857.4182   13.1335
    7.5000  -15.0000   30.0000 2833.8074   13.4681
   -7.5000   -7.5000   30.0000 2864.4424   13.3243
    0.0000   -7.5000   30.0000 2888.5312   13.1534
    7.5000   -7.5000   30.0000 2863.8794   13.4262
   -7.5000    0.0000   30.0000 2826.6128   13.7279
    0.0000    0.0000   30.0000 2849.3687   13.5534
    7.5000    0.0000   30.0000 2826.7209   13.7482
   -7.5000    7.5000   30.0000 2746.5789   14.3920
    0.0000    7.5000   30.0000 2765.8877   14.1842
    7.5000    7.5000   30.0000 2748.1306   14.3982
   -7.5000   15.0000   30.0000 2636.4131   15.2781
    0.0000   15.0000   30.0000 2654.1489   15.1272
    7.5000   15.0000   30.0000 2641.1033   15.3291
   -7.5000   22.5000   30.0000 2512.5369   16.4417
    0.0000   22.5000   30.0000 2537.9709   16.3110
    7.5000   22.5000   30.0000 2525.0762   16.5437
   -7.5000   30.0000   30.0000 2372.6187   18.0234
    0.0000   30.0000   30.0000 2390.9204   17.9382
    7.5000   30.0000   30.0000 2380.5403   18.1865
   -7.5000   37.5000   30.0000 2191.8401   19.9453
    0.0000   37.5000   30.0000 2206.0769   19.8439
    7.5000   37.5000   30.0000 2196.6628   20.0934
   -7.5000   45.0000   30.0000 1992.7657   22.1302
    0.0000   45.0000   30.0000 2008.8076   21.9988
    7.5000   45.0000   30.0000 1994.7888   22.2918
   -7.5000  -45.0000   37.5000 2417.3284   17.6195
    0.0000  -45.0000   37.5000 2441.3123   17.4756
    7.5000  -45.0000   37.5000 2418.9182   17.7297
   -7.5000  -37.5000   37.5000 2528.1753   16.2440
    0.0000  -37.5000   37.5000 2557.9036   16.1571
    7.5000  -37.5000   37.5000 2536.0364   16.3241
   -7.5000  -30.0000   37.5000 2624.1282   15.2746
    0.0000  -30.0000   37.5000 2657.0374   15.1365
    7.5000  -30.0000   37.5000 2635.5034   15.3079
   -7.5000  -22.5000   37.5000 2695.0999   14.5662
    0.0000  -22.5000   37.5000 2730.5056   14.3692
    7.5000  -22.5000   37.5000 2708.4622   14.5956
   -7.5000  -15.0000   37.5000 2745.9575   14.0626
    0.0000  -15.0000   37.5000 2775.1318   13.9171
    7.5000  -15.0000   37.5000 2758.1958   14.1801
   -7.5000   -7.5000   37.5000 2767.6721   14.0009
    0.0000   -7.5000   37.5000 2795.6741   13.8873
    7.5000   -7.5000   37.5000 2780.5474   14.1199
   -7.5000    0.0000   37.5000 2734.0095   14.3885
    0.0000    0.0000   37.5000 2755.4897   14.2688
    7.5000    0.0000   37.5000 2741.5417   14.4711
   -7.5000    7.5000   37.5000 2663.4573   15.0505
    0.0000    7.5000   37.5000 2681.2153   14.8918
    7.5000    7.5000   37.5000 2672.5562   15.1000
   -7.5000   15.0000   37.5000 2561.0242   16.0073
    0.0000   15.0000   37.5000 2584.7141   15.8202
    7.5000   15.0000   37.5000 2570.9265   16.0138
   -7.5000   22.5000   37.5000 2441.7268   17.1499
    0.0000   22.5000   37.5000 2468.0381   17.0150
    7.5000   22.5000   37.5000 2453.0598   17.2087
   -7.5000   30.0000   37.5000 2310.0842   18.6979
    0.0000   30.0000   37.5000 2330.0049   18.5907
    7.5000   30.0000   37.5000 2321.2173   18.7929
   -7.5000   37.5000   37.5000 2143.5063   20.5615
    0.0000   37.5000   37.5000 2156.2483   20.4673
    7.5000   37.5000   37.5000 2142.8777   20.6778
   -7.5000   45.0000   37.5000 1955.2720   22.7884
    0.0000   45.0000   37.5000 1962.5234   22.6069
    7.5000   45.0000   37.5000 1952.8059   22.8495
   -7.5000  -45.0000   45.0000 2339.5581   18.6902
    0.0000  -45.0000   45.0000 2364.3799   18.5662
    7.5000  -45.0000   45.0000 2351.4224   18.7433
   -7.5000  -37.5000   45.0000 2446.9746   17.2799
    0.0000  -37.5000   45.0000 2473.9766   17.1648
    7.5000  -37.5000   45.0000 2456.8464   17.3187
   -7.5000  -30.0000   45.0000 2531.1550   16.1967
    0.0000  -30.0000   45.0000 2567.6042   16.0666
    7.5000  -30.0000   45.0000 2547.0300   16.2203
   -7.5000  -22.5000   45.0000 2596.1680   15.4314
    0.0000  -22.5000   45.0000 2631.3508   15.3049
    7.5000  -22.5000   45.0000 2612.1541   15.4853
   -7.5000  -15.0000   45.0000 2633.2000   14.9400
    0.0000  -15.0000   45.0000 2666.0366   14.8405
    7.5000  -15.0000   45.0000 2652.6292   15.0435
   -7.5000   -7.5000   45.0000 2635.4211   14.8908
    0.0000   -7.5000   45.0000 2670.4297   14.8015
    7.5000   -7.5000   45.0000 2658.9641   14.9924
   -7.5000    0.0000   45.0000 2603.1882   15.2471
    0.0000    0.0000   45.0000 2627.3140   15.1295
    7.5000    0.0000   45.0000 2618.8291   15.3485
   -7.5000    7.5000   45.0000 2542.4177   15.8952
    0.0000    7.5000   45.0000 2568.6143   15.7528
    7.5000    7.5000   45.0000 2561.8650   15.9727
   -7.5000   15.0000   45.0000 2454.7715   16.8321
    0.0000   15.0000   45.0000 2482.0769   16.6802
    7.5000   15.0000   45.0000 2470.6746   16.8538
   -7.5000   22.5000   45.0000 2349.2419   17.9917
    0.0000   22.5000   45.0000 2371.7209   17.8612
    7.5000   22.5000   45.0000 2359.4502   18.0270
   -7.5000   30.0000   45.0000 2221.6338   19.4883
    0.0000   30.0000   45.0000 2241.0859   19.3685
    7.5000   30.0000   45.0000 2230.6223   19.5450
   -7.5000   37.5000   45.0000 2065.5823   21.3790
    0.0000   37.5000   45.0000 2077.7590   21.3093
    7.5000   37.5000   45.0000 2069.1240   21.4918
   -7.5000   45.0000   45.0000 1883.8386   23.5559
    0.0000   45.0000   45.0000 1890.7316   23.3941
    7.5000   45.0000   45.0000 1886.6497   23.6218

---------------------------------------------------------------------
imgreg_4dfp /opt/freesurfer/average/711-2C_as_mni_average_305 /opt/freesurfer/average/711-2B_as_mni_average_305_mask talsrcimg_g11 none talsrcimg_to_711-2C_as_mni_average_305_t4 1283
---------------------------------------------------------------------

freesurfer imgreg_4dfp.c
/opt/freesurfer/average/711-2C_as_mni_average_305.4dfp.img
       256       256       256         1
  1.000000  1.000000  1.000000
orientation T byte_order littleendian
Reading image: /opt/freesurfer/average/711-2C_as_mni_average_305.4dfp.img
dimensions:      256       256       256
mmppix:       1.0000   -1.0000   -1.0000
center:     128.0000 -129.0000 -129.0000
/opt/freesurfer/average/711-2B_as_mni_average_305_mask.4dfp.img
       256       256       256         1
  1.000000  1.000000  1.000000
orientation T byte_order littleendian
Reading mask: /opt/freesurfer/average/711-2B_as_mni_average_305_mask.4dfp.img (2306576 pixels)
talsrcimg_g11.4dfp.img
       256       256       256         1
  0.900000  0.900000  0.900000
orientation T byte_order littleendian
Reading image: talsrcimg_g11.4dfp.img
dimensions:      256       256       256
mmppix:       0.9000   -0.9000   -0.9000
center:     115.2000 -116.1000 -116.1000
rotation matrix determinant  1.000000
fimgreg.f
image alignment mode   1283 decimal      503 hex
parameters
    0.0000   -7.5000   15.0000    0.0000    0.0000    0.0000
eta,q 0.93267 12.19147
niter,ni,del,rscale     5    3   12.0000    1.2000
parameter  5  1.106743 ->  0.500000 qaram    1.1500
parameters
    0.0288   -8.6362   16.0797   -1.1119   -3.4500   -2.2682
eta,q 0.93641 12.03323
  0.0755  0.0713  0.0744  0.0703  0.0635  0.0649
  0.0715  0.0688  0.0726  0.0678  0.0639  0.0643
  0.0685  0.0684  0.0705  0.0665  0.0645  0.0635
  0.0687  0.0687  0.0685  0.0673  0.0667  0.0638
  0.0703  0.0688  0.0670  0.0690  0.0696  0.0657
  0.0708  0.0714  0.0686  0.0706  0.0723  0.0683
  0.0752  0.0755  0.0725  0.0720  0.0754  0.0718
niter,ni,del,rscale     5    3   12.0000    1.2000
parameters
    0.5984   -8.3049   15.5330   -3.5171   -6.6611   -3.4054
eta,q 0.94080 12.00583
  0.0723  0.0713  0.0684  0.0641  0.0624  0.0635
  0.0700  0.0668  0.0676  0.0614  0.0599  0.0607
  0.0678  0.0635  0.0649  0.0611  0.0596  0.0593
  0.0636  0.0627  0.0628  0.0628  0.0610  0.0594
  0.0627  0.0632  0.0656  0.0647  0.0645  0.0609
  0.0667  0.0649  0.0686  0.0663  0.0690  0.0642
  0.0715  0.0699  0.0707  0.0678  0.0720  0.0681
niter,ni,del,rscale     4    3   12.0000    1.2000
parameters
    1.2715   -7.6318   15.3737   -4.5582   -7.0357   -3.5734
eta,q 0.94166 12.04743
  0.0693  0.0723  0.0651  0.0629  0.0658  0.0642
  0.0664  0.0666  0.0654  0.0594  0.0619  0.0606
  0.0632  0.0609  0.0619  0.0583  0.0592  0.0586
  0.0592  0.0584  0.0588  0.0588  0.0584  0.0584
  0.0582  0.0605  0.0623  0.0606  0.0595  0.0590
  0.0618  0.0629  0.0648  0.0628  0.0629  0.0613
  0.0677  0.0674  0.0663  0.0658  0.0679  0.0648
niter,ni,del,rscale     3    3   12.0000    1.2000
parameters
    1.3559   -7.0013   15.4683   -5.1685   -7.1411   -3.6399
eta,q 0.94141 12.06960
  0.0677  0.0718  0.0643  0.0634  0.0657  0.0637
  0.0645  0.0654  0.0645  0.0596  0.0620  0.0605
  0.0611  0.0597  0.0615  0.0580  0.0594  0.0587
  0.0583  0.0583  0.0589  0.0589  0.0586  0.0586
  0.0585  0.0605  0.0616  0.0601  0.0594  0.0591
  0.0628  0.0625  0.0634  0.0618  0.0618  0.0608
  0.0688  0.0666  0.0646  0.0646  0.0665  0.0637
niter,ni,del,rscale     2    3   12.0000    1.2000
parameters
    1.3724   -6.5886   15.6357   -5.4405   -7.1513   -3.6452
eta,q 0.94122 12.08694
  0.0672  0.0708  0.0639  0.0642  0.0654  0.0634
  0.0639  0.0640  0.0638  0.0602  0.0620  0.0606
  0.0609  0.0590  0.0609  0.0580  0.0595  0.0590
  0.0586  0.0586  0.0589  0.0590  0.0588  0.0588
  0.0584  0.0606  0.0615  0.0604  0.0594  0.0592
  0.0627  0.0626  0.0627  0.0615  0.0615  0.0607
  0.0686  0.0669  0.0638  0.0640  0.0658  0.0633
niter,ni,del,rscale     1    3   12.0000    1.2000
parameters
    1.3406   -6.3946   15.7117   -5.5660   -7.1246   -3.6564
eta,q 0.94105 12.09286
  0.0669  0.0701  0.0637  0.0646  0.0653  0.0633
  0.0637  0.0632  0.0633  0.0605  0.0620  0.0607
  0.0607  0.0589  0.0603  0.0581  0.0596  0.0592
  0.0588  0.0588  0.0590  0.0591  0.0589  0.0590
  0.0584  0.0607  0.0615  0.0606  0.0595  0.0593
  0.0628  0.0630  0.0623  0.0615  0.0614  0.0608
  0.0686  0.0676  0.0637  0.0638  0.0656  0.0633
registration optimization eta report
parameter search radius
    6.0000    6.0000    6.0000    6.0000    6.9000    6.0000
100000*second partial in parameter space
       25.       28.       10.       15.       14.       12.
  0.0669  0.0701  0.0637  0.0646  0.0653  0.0633
  0.0637  0.0632  0.0633  0.0605  0.0620  0.0607
  0.0607  0.0589  0.0603  0.0581  0.0596  0.0592
  0.0588  0.0588  0.0590  0.0591  0.0589  0.0590
  0.0584  0.0607  0.0615  0.0606  0.0595  0.0593
  0.0628  0.0630  0.0623  0.0615  0.0614  0.0608
  0.0686  0.0676  0.0637  0.0638  0.0656  0.0633
    1.3406   -6.3946   15.7117   -5.5660   -7.1246   -3.6564
eta,q 0.94105 12.09286

---------------------------------------------------------------------
imgreg_4dfp /opt/freesurfer/average/711-2C_as_mni_average_305 /opt/freesurfer/average/711-2B_as_mni_average_305_mask talsrcimg_g11 none talsrcimg_to_711-2C_as_mni_average_305_t4 3335
---------------------------------------------------------------------

freesurfer imgreg_4dfp.c
/opt/freesurfer/average/711-2C_as_mni_average_305.4dfp.img
       256       256       256         1
  1.000000  1.000000  1.000000
orientation T byte_order littleendian
Reading image: /opt/freesurfer/average/711-2C_as_mni_average_305.4dfp.img
dimensions:      256       256       256
mmppix:       1.0000   -1.0000   -1.0000
center:     128.0000 -129.0000 -129.0000
/opt/freesurfer/average/711-2B_as_mni_average_305_mask.4dfp.img
       256       256       256         1
  1.000000  1.000000  1.000000
orientation T byte_order littleendian
Reading mask: /opt/freesurfer/average/711-2B_as_mni_average_305_mask.4dfp.img (2306576 pixels)
talsrcimg_g11.4dfp.img
       256       256       256         1
  0.900000  0.900000  0.900000
orientation T byte_order littleendian
Reading image: talsrcimg_g11.4dfp.img
dimensions:      256       256       256
mmppix:       0.9000   -0.9000   -0.9000
center:     115.2000 -116.1000 -116.1000
fimgreg.f
image alignment mode   3335 decimal      D07 hex
parameters
    1.3406   -6.3946   15.7117   -0.9741   -0.5974   -1.2400
    5.1466   12.9377   -6.3280    8.8923  -12.4027   -9.6244
eta,q 0.94106 12.11757
niter,ni,del,rscale     5    3    5.0000    1.2000
parameter  2 -0.517688 -> -0.500000 qaram    1.1500
parameter  4172.944321 ->  0.500000 qaram    1.1500
parameter  5  3.455614 ->  0.500000 qaram    1.1500
parameter  6  2.684705 ->  0.500000 qaram    1.1500
parameter 11 -0.665075 -> -0.500000 qaram    1.1500
parameters
    1.4948   -5.0146   15.7070   -5.1141   -4.7374   -5.3800
    3.3818   13.9562   -5.4146    7.3470   -8.2627  -10.3002
eta,q 0.95949 11.59522
  0.0602  0.0616  0.0597  0.0484  0.0444  0.0390  0.0430  0.0467  0.0438  0.0435  0.0450  0.0419
  0.0595  0.0605  0.0593  0.0514  0.0467  0.0410  0.0421  0.0448  0.0427  0.0420  0.0436  0.0411
  0.0591  0.0596  0.0588  0.0547  0.0493  0.0446  0.0418  0.0432  0.0419  0.0413  0.0423  0.0406
  0.0589  0.0589  0.0585  0.0585  0.0523  0.0474  0.0419  0.0418  0.0415  0.0414  0.0413  0.0405
  0.0590  0.0586  0.0587  0.0622  0.0559  0.0514  0.0425  0.0415  0.0415  0.0424  0.0407  0.0409
  0.0593  0.0586  0.0592  0.0653  0.0594  0.0556  0.0435  0.0428  0.0420  0.0442  0.0405  0.0415
  0.0599  0.0589  0.0598  0.0686  0.0631  0.0603  0.0449  0.0451  0.0429  0.0465  0.0409  0.0424
niter,ni,del,rscale     7    3    5.0000    1.2000
parameter  4  1.027227 ->  0.500000 qaram    1.3225
parameter  5  2.030484 ->  0.500000 qaram    1.3225
parameter  6  1.109941 ->  0.500000 qaram    1.3225
parameter 11  0.697785 ->  0.500000 qaram    1.3225
parameter 12  0.785182 ->  0.500000 qaram    1.1500
parameters
    1.6557   -5.1972   14.5609   -9.8751   -9.4984  -10.1410
    3.4083   12.6730   -6.8083    6.3416  -13.0237  -14.4402
eta,q 0.97230 11.28336
  0.0438  0.0426  0.0406  0.0358  0.0297  0.0276  0.0313  0.0308  0.0301  0.0304  0.0284  0.0278
  0.0421  0.0413  0.0402  0.0359  0.0314  0.0286  0.0300  0.0295  0.0292  0.0294  0.0282  0.0277
  0.0410  0.0407  0.0401  0.0372  0.0336  0.0296  0.0291  0.0290  0.0288  0.0289  0.0284  0.0278
  0.0405  0.0405  0.0405  0.0401  0.0361  0.0320  0.0289  0.0289  0.0288  0.0287  0.0288  0.0282
  0.0407  0.0408  0.0413  0.0443  0.0387  0.0361  0.0291  0.0294  0.0294  0.0290  0.0294  0.0287
  0.0415  0.0417  0.0423  0.0493  0.0423  0.0401  0.0300  0.0308  0.0303  0.0301  0.0302  0.0294
  0.0431  0.0433  0.0436  0.0538  0.0463  0.0446  0.0312  0.0335  0.0316  0.0320  0.0312  0.0302
niter,ni,del,rscale     7    3    5.0000    1.2000
parameter  2  0.506066 ->  0.500000 qaram    1.3225
parameter  3  2.688224 ->  0.500000 qaram    1.1500
parameters
    1.1756   -6.7842   13.1809  -12.2361  -13.8481  -12.8380
    4.3135   13.6935   -6.3354    7.4755  -13.4236  -13.4158
eta,q 0.97765 11.15553
  0.0297  0.0276  0.0216  0.0262  0.0240  0.0258  0.0253  0.0263  0.0248  0.0260  0.0241  0.0241
  0.0284  0.0268  0.0227  0.0246  0.0227  0.0238  0.0240  0.0244  0.0236  0.0243  0.0230  0.0233
  0.0277  0.0268  0.0244  0.0236  0.0223  0.0227  0.0230  0.0232  0.0228  0.0231  0.0225  0.0227
  0.0277  0.0276  0.0267  0.0231  0.0233  0.0223  0.0226  0.0225  0.0225  0.0225  0.0224  0.0224
  0.0285  0.0290  0.0293  0.0246  0.0259  0.0248  0.0226  0.0226  0.0226  0.0224  0.0226  0.0224
  0.0301  0.0311  0.0318  0.0283  0.0294  0.0295  0.0232  0.0233  0.0232  0.0230  0.0233  0.0228
  0.0324  0.0336  0.0343  0.0337  0.0335  0.0355  0.0243  0.0247  0.0243  0.0244  0.0243  0.0235
niter,ni,del,rscale     7    3    5.0000    1.2000
parameter  3  0.713972 ->  0.500000 qaram    1.3225
parameters
    1.4010   -5.8044   11.5939  -10.1389  -13.6727  -13.9797
    4.1123   14.2112   -6.0613    8.4452  -13.3757  -16.4389
eta,q 0.97992 11.22015
  0.0255  0.0294  0.0208  0.0263  0.0250  0.0252  0.0230  0.0247  0.0230  0.0238  0.0226  0.0207
  0.0239  0.0263  0.0206  0.0242  0.0227  0.0231  0.0217  0.0223  0.0216  0.0221  0.0210  0.0202
  0.0229  0.0239  0.0209  0.0223  0.0209  0.0215  0.0208  0.0210  0.0207  0.0210  0.0204  0.0201
  0.0224  0.0223  0.0217  0.0206  0.0198  0.0197  0.0204  0.0204  0.0204  0.0204  0.0203  0.0203
  0.0224  0.0217  0.0231  0.0195  0.0202  0.0198  0.0208  0.0206  0.0206  0.0203  0.0206  0.0208
  0.0232  0.0224  0.0249  0.0205  0.0222  0.0249  0.0218  0.0216  0.0214  0.0210  0.0213  0.0216
  0.0246  0.0242  0.0272  0.0236  0.0251  0.0307  0.0234  0.0236  0.0226  0.0224  0.0222  0.0227
niter,ni,del,rscale     7    3    5.0000    1.2000
parameters
    1.2248   -5.5035   10.5526   -9.9813  -13.4561  -14.4562
    3.8511   14.4575   -5.8429    9.3970  -12.8773  -17.2275
eta,q 0.98009 11.24054
  0.0229  0.0257  0.0209  0.0251  0.0249  0.0254  0.0227  0.0240  0.0225  0.0232  0.0225  0.0212
  0.0213  0.0229  0.0200  0.0231  0.0227  0.0230  0.0213  0.0218  0.0212  0.0215  0.0208  0.0203
  0.0204  0.0210  0.0197  0.0213  0.0208  0.0214  0.0203  0.0205  0.0203  0.0204  0.0200  0.0199
  0.0201  0.0201  0.0200  0.0197  0.0197  0.0196  0.0200  0.0200  0.0200  0.0200  0.0199  0.0199
  0.0206  0.0203  0.0209  0.0196  0.0201  0.0188  0.0204  0.0202  0.0202  0.0200  0.0202  0.0203
  0.0219  0.0217  0.0223  0.0217  0.0221  0.0226  0.0215  0.0213  0.0210  0.0206  0.0207  0.0208
  0.0240  0.0240  0.0244  0.0260  0.0248  0.0290  0.0232  0.0236  0.0222  0.0218  0.0218  0.0217
niter,ni,del,rscale     6    3    5.0000    1.2000
parameters
    1.1619   -5.3606   10.3222   -9.8760  -13.4840  -14.5983
    3.8197   14.4226   -5.7990    9.7060  -12.7467  -17.3762
eta,q 0.98005 11.24215
  0.0230  0.0249  0.0221  0.0252  0.0248  0.0257  0.0228  0.0237  0.0223  0.0226  0.0223  0.0216
  0.0213  0.0223  0.0207  0.0232  0.0227  0.0233  0.0214  0.0216  0.0210  0.0211  0.0207  0.0205
  0.0203  0.0206  0.0200  0.0214  0.0209  0.0216  0.0204  0.0204  0.0202  0.0202  0.0200  0.0200
  0.0199  0.0199  0.0199  0.0199  0.0198  0.0198  0.0199  0.0199  0.0199  0.0199  0.0200  0.0200
  0.0203  0.0203  0.0203  0.0198  0.0204  0.0187  0.0203  0.0202  0.0202  0.0202  0.0202  0.0202
  0.0215  0.0218  0.0213  0.0219  0.0224  0.0220  0.0213  0.0215  0.0210  0.0208  0.0209  0.0207
  0.0235  0.0241  0.0228  0.0262  0.0253  0.0283  0.0230  0.0240  0.0222  0.0222  0.0219  0.0215
niter,ni,del,rscale     5    3    5.0000    1.2000
parameters
    1.1405   -5.2986   10.2633   -9.8339  -13.5320  -14.6527
    3.7939   14.4069   -5.7786    9.8047  -12.7330  -17.4460
eta,q 0.98002 11.24085
  0.0232  0.0246  0.0224  0.0252  0.0249  0.0258  0.0229  0.0238  0.0222  0.0225  0.0222  0.0216
  0.0215  0.0221  0.0209  0.0232  0.0227  0.0234  0.0214  0.0217  0.0210  0.0210  0.0207  0.0206
  0.0204  0.0205  0.0201  0.0215  0.0210  0.0217  0.0204  0.0205  0.0203  0.0202  0.0200  0.0201
  0.0200  0.0200  0.0200  0.0199  0.0199  0.0199  0.0200  0.0200  0.0200  0.0200  0.0200  0.0200
  0.0203  0.0205  0.0203  0.0199  0.0205  0.0187  0.0203  0.0202  0.0202  0.0202  0.0203  0.0202
  0.0214  0.0219  0.0211  0.0221  0.0225  0.0218  0.0214  0.0215  0.0210  0.0209  0.0209  0.0208
  0.0234  0.0242  0.0225  0.0264  0.0254  0.0281  0.0230  0.0240  0.0222  0.0223  0.0220  0.0215
niter,ni,del,rscale     4    3    5.0000    1.2000
parameters
    1.1353   -5.2713   10.2430   -9.8149  -13.5607  -14.6743
    3.7797   14.4091   -5.7720    9.8588  -12.7345  -17.4677
eta,q 0.98000 11.24028
  0.0232  0.0245  0.0225  0.0253  0.0249  0.0258  0.0229  0.0238  0.0222  0.0224  0.0222  0.0217
  0.0215  0.0221  0.0210  0.0233  0.0228  0.0235  0.0214  0.0217  0.0210  0.0210  0.0207  0.0206
  0.0204  0.0205  0.0202  0.0215  0.0210  0.0217  0.0204  0.0205  0.0203  0.0202  0.0200  0.0201
  0.0200  0.0200  0.0200  0.0200  0.0200  0.0200  0.0200  0.0200  0.0200  0.0200  0.0200  0.0200
  0.0203  0.0205  0.0203  0.0199  0.0205  0.0187  0.0203  0.0202  0.0202  0.0203  0.0203  0.0202
  0.0214  0.0220  0.0211  0.0221  0.0225  0.0218  0.0214  0.0215  0.0210  0.0209  0.0209  0.0208
  0.0234  0.0243  0.0225  0.0264  0.0254  0.0281  0.0230  0.0240  0.0222  0.0223  0.0220  0.0215
registration optimization eta report
parameter search radius
    2.4000    3.1740    3.1740    9.5220    9.5220    9.5220
    7.2000    7.2000    7.2000    7.2000    9.5220    8.2800
100000*second partial in parameter space
       57.       44.       25.        6.        6.        8.
        6.        8.        4.        5.        2.        2.
  0.0232  0.0245  0.0225  0.0253  0.0249  0.0258  0.0229  0.0238  0.0222  0.0224  0.0222  0.0217
  0.0215  0.0221  0.0210  0.0233  0.0228  0.0235  0.0214  0.0217  0.0210  0.0210  0.0207  0.0206
  0.0204  0.0205  0.0202  0.0215  0.0210  0.0217  0.0204  0.0205  0.0203  0.0202  0.0200  0.0201
  0.0200  0.0200  0.0200  0.0200  0.0200  0.0200  0.0200  0.0200  0.0200  0.0200  0.0200  0.0200
  0.0203  0.0205  0.0203  0.0199  0.0205  0.0187  0.0203  0.0202  0.0202  0.0203  0.0203  0.0202
  0.0214  0.0220  0.0211  0.0221  0.0225  0.0218  0.0214  0.0215  0.0210  0.0209  0.0209  0.0208
  0.0234  0.0243  0.0225  0.0264  0.0254  0.0281  0.0230  0.0240  0.0222  0.0223  0.0220  0.0215
    1.1353   -5.2713   10.2430   -9.8149  -13.5607  -14.6743
    3.7797   14.4091   -5.7720    9.8588  -12.7345  -17.4677
eta,q 0.98000 11.24028

---------------------------------------------------------------------
imgreg_4dfp /opt/freesurfer/average/711-2C_as_mni_average_305 /opt/freesurfer/average/711-2B_as_mni_average_305_mask talsrcimg_g11 none talsrcimg_to_711-2C_as_mni_average_305_t4 2311
---------------------------------------------------------------------

freesurfer imgreg_4dfp.c
/opt/freesurfer/average/711-2C_as_mni_average_305.4dfp.img
       256       256       256         1
  1.000000  1.000000  1.000000
orientation T byte_order littleendian
Reading image: /opt/freesurfer/average/711-2C_as_mni_average_305.4dfp.img
dimensions:      256       256       256
mmppix:       1.0000   -1.0000   -1.0000
center:     128.0000 -129.0000 -129.0000
/opt/freesurfer/average/711-2B_as_mni_average_305_mask.4dfp.img
       256       256       256         1
  1.000000  1.000000  1.000000
orientation T byte_order littleendian
Reading mask: /opt/freesurfer/average/711-2B_as_mni_average_305_mask.4dfp.img (2306576 pixels)
talsrcimg_g11.4dfp.img
       256       256       256         1
  0.900000  0.900000  0.900000
orientation T byte_order littleendian
Reading image: talsrcimg_g11.4dfp.img
dimensions:      256       256       256
mmppix:       0.9000   -0.9000   -0.9000
center:     115.2000 -116.1000 -116.1000
fimgreg.f
image alignment mode   2311 decimal      907 hex
parameters
    1.1353   -5.2713   10.2430   -9.8149  -13.5607  -14.6743
    3.7797   14.4091   -5.7720    9.8588  -12.7345  -17.4677
eta,q 0.98000 11.24028
niter,ni,del,rscale     5    3    5.0000    0.8000
parameters
    1.1754   -5.2852   10.1522   -8.4300  -13.3979  -12.2902
    3.4714   14.5384   -5.7464    9.6084  -12.6260  -17.2851
eta,q 0.98145 11.32351
  0.0215  0.0212  0.0205  0.0224  0.0215  0.0223  0.0200  0.0218  0.0198  0.0201  0.0198  0.0195
  0.0207  0.0205  0.0202  0.0215  0.0207  0.0215  0.0192  0.0203  0.0191  0.0192  0.0191  0.0189
  0.0202  0.0201  0.0200  0.0207  0.0200  0.0208  0.0187  0.0191  0.0187  0.0187  0.0187  0.0186
  0.0200  0.0200  0.0200  0.0200  0.0197  0.0197  0.0186  0.0186  0.0186  0.0186  0.0185  0.0185
  0.0201  0.0201  0.0201  0.0197  0.0198  0.0188  0.0188  0.0188  0.0187  0.0188  0.0187  0.0186
  0.0206  0.0206  0.0203  0.0200  0.0204  0.0187  0.0194  0.0199  0.0191  0.0195  0.0191  0.0189
  0.0214  0.0212  0.0206  0.0208  0.0213  0.0201  0.0204  0.0216  0.0198  0.0205  0.0197  0.0193
niter,ni,del,rscale     4    3    5.0000    0.7000
parameters
    0.9560   -5.4057   10.5550   -8.8256  -13.2683  -12.4294
    3.8217   14.3318   -5.9929    9.4245  -12.7987  -17.2609
eta,q 0.98154 11.32441
  0.0196  0.0194  0.0201  0.0201  0.0200  0.0210  0.0199  0.0204  0.0193  0.0196  0.0192  0.0191
  0.0189  0.0189  0.0193  0.0193  0.0193  0.0201  0.0192  0.0194  0.0188  0.0190  0.0188  0.0187
  0.0186  0.0186  0.0188  0.0187  0.0187  0.0191  0.0187  0.0187  0.0185  0.0186  0.0185  0.0185
  0.0185  0.0185  0.0185  0.0184  0.0185  0.0184  0.0185  0.0185  0.0185  0.0185  0.0185  0.0185
  0.0189  0.0187  0.0184  0.0188  0.0185  0.0186  0.0185  0.0188  0.0186  0.0186  0.0186  0.0185
  0.0196  0.0191  0.0186  0.0197  0.0191  0.0199  0.0189  0.0196  0.0190  0.0191  0.0189  0.0187
  0.0206  0.0198  0.0189  0.0210  0.0199  0.0220  0.0195  0.0210  0.0195  0.0198  0.0193  0.0190
niter,ni,del,rscale     3    3    5.0000    0.6000
parameters
    0.9849   -5.4673   10.5802   -8.7974  -13.1745  -12.2731
    3.8444   14.4200   -6.0164    9.3525  -12.8577  -17.2056
eta,q 0.98159 11.32992
  0.0196  0.0192  0.0192  0.0199  0.0196  0.0207  0.0193  0.0202  0.0191  0.0193  0.0190  0.0189
  0.0190  0.0188  0.0188  0.0193  0.0191  0.0199  0.0188  0.0193  0.0187  0.0188  0.0187  0.0186
  0.0186  0.0185  0.0185  0.0187  0.0187  0.0190  0.0185  0.0187  0.0185  0.0185  0.0185  0.0184
  0.0185  0.0185  0.0185  0.0185  0.0185  0.0184  0.0184  0.0184  0.0184  0.0184  0.0184  0.0184
  0.0186  0.0186  0.0185  0.0186  0.0185  0.0184  0.0185  0.0185  0.0185  0.0185  0.0185  0.0185
  0.0189  0.0189  0.0187  0.0191  0.0189  0.0192  0.0188  0.0191  0.0187  0.0189  0.0187  0.0186
  0.0195  0.0193  0.0191  0.0200  0.0196  0.0208  0.0193  0.0200  0.0191  0.0194  0.0191  0.0188
niter,ni,del,rscale     2    3    5.0000    0.5000
parameters
    0.9833   -5.4904   10.6067   -8.7778  -13.1369  -12.1052
    3.8782   14.4632   -6.0351    9.3164  -12.8758  -17.1772
eta,q 0.98164 11.33350
  0.0192  0.0190  0.0189  0.0195  0.0192  0.0202  0.0190  0.0196  0.0189  0.0191  0.0188  0.0187
  0.0188  0.0186  0.0186  0.0190  0.0188  0.0195  0.0187  0.0190  0.0186  0.0187  0.0186  0.0185
  0.0185  0.0185  0.0185  0.0186  0.0185  0.0188  0.0184  0.0185  0.0184  0.0184  0.0184  0.0184
  0.0184  0.0184  0.0184  0.0184  0.0184  0.0184  0.0184  0.0184  0.0184  0.0184  0.0184  0.0184
  0.0185  0.0185  0.0185  0.0185  0.0185  0.0184  0.0184  0.0185  0.0184  0.0184  0.0184  0.0184
  0.0188  0.0187  0.0186  0.0189  0.0188  0.0189  0.0186  0.0189  0.0186  0.0187  0.0186  0.0185
  0.0192  0.0190  0.0189  0.0196  0.0193  0.0201  0.0190  0.0196  0.0189  0.0191  0.0188  0.0187
niter,ni,del,rscale     1    3    5.0000    0.4000
parameters
    0.9793   -5.5047   10.6330   -8.7603  -13.1071  -11.9652
    3.9043   14.4838   -6.0699    9.2912  -12.8652  -17.1337
eta,q 0.98167 11.33633
  0.0189  0.0187  0.0187  0.0191  0.0189  0.0197  0.0188  0.0192  0.0187  0.0188  0.0187  0.0185
  0.0186  0.0185  0.0185  0.0187  0.0186  0.0191  0.0185  0.0187  0.0185  0.0185  0.0185  0.0184
  0.0184  0.0184  0.0184  0.0185  0.0184  0.0186  0.0184  0.0184  0.0184  0.0184  0.0184  0.0184
  0.0184  0.0184  0.0184  0.0184  0.0184  0.0184  0.0183  0.0183  0.0183  0.0183  0.0183  0.0183
  0.0184  0.0184  0.0184  0.0184  0.0184  0.0184  0.0184  0.0184  0.0184  0.0184  0.0184  0.0184
  0.0186  0.0185  0.0185  0.0187  0.0186  0.0187  0.0185  0.0187  0.0185  0.0186  0.0185  0.0184
  0.0189  0.0188  0.0187  0.0191  0.0189  0.0195  0.0187  0.0192  0.0187  0.0188  0.0186  0.0185
registration optimization eta report
parameter search radius
    0.8000    0.8000    0.8000    2.4000    2.4000    2.4000
    2.4000    2.4000    2.4000    2.4000    2.4000    2.4000
100000*second partial in parameter space
       80.       59.       50.       13.       10.       22.
        7.       14.        6.        8.        5.        4.
  0.0189  0.0187  0.0187  0.0191  0.0189  0.0197  0.0188  0.0192  0.0187  0.0188  0.0187  0.0185
  0.0186  0.0185  0.0185  0.0187  0.0186  0.0191  0.0185  0.0187  0.0185  0.0185  0.0185  0.0184
  0.0184  0.0184  0.0184  0.0185  0.0184  0.0186  0.0184  0.0184  0.0184  0.0184  0.0184  0.0184
  0.0184  0.0184  0.0184  0.0184  0.0184  0.0184  0.0183  0.0183  0.0183  0.0183  0.0183  0.0183
  0.0184  0.0184  0.0184  0.0184  0.0184  0.0184  0.0184  0.0184  0.0184  0.0184  0.0184  0.0184
  0.0186  0.0185  0.0185  0.0187  0.0186  0.0187  0.0185  0.0187  0.0185  0.0186  0.0185  0.0184
  0.0189  0.0188  0.0187  0.0191  0.0189  0.0195  0.0187  0.0192  0.0187  0.0188  0.0186  0.0185
    0.9793   -5.5047   10.6330   -8.7603  -13.1071  -11.9652
    3.9043   14.4838   -6.0699    9.2912  -12.8652  -17.1337
eta,q 0.98167 11.33633

---------------------------------------------------------------------
imgreg_4dfp /opt/freesurfer/average/711-2C_as_mni_average_305 /opt/freesurfer/average/711-2B_as_mni_average_305_mask talsrcimg_g11 none talsrcimg_to_711-2C_as_mni_average_305_t4 2311
---------------------------------------------------------------------

freesurfer imgreg_4dfp.c
/opt/freesurfer/average/711-2C_as_mni_average_305.4dfp.img
       256       256       256         1
  1.000000  1.000000  1.000000
orientation T byte_order littleendian
Reading image: /opt/freesurfer/average/711-2C_as_mni_average_305.4dfp.img
dimensions:      256       256       256
mmppix:       1.0000   -1.0000   -1.0000
center:     128.0000 -129.0000 -129.0000
/opt/freesurfer/average/711-2B_as_mni_average_305_mask.4dfp.img
       256       256       256         1
  1.000000  1.000000  1.000000
orientation T byte_order littleendian
Reading mask: /opt/freesurfer/average/711-2B_as_mni_average_305_mask.4dfp.img (2306576 pixels)
talsrcimg_g11.4dfp.img
       256       256       256         1
  0.900000  0.900000  0.900000
orientation T byte_order littleendian
Reading image: talsrcimg_g11.4dfp.img
dimensions:      256       256       256
mmppix:       0.9000   -0.9000   -0.9000
center:     115.2000 -116.1000 -116.1000
fimgreg.f
image alignment mode   2311 decimal      907 hex
parameters
    0.9793   -5.5047   10.6330   -8.7603  -13.1071  -11.9652
    3.9043   14.4838   -6.0699    9.2912  -12.8652  -17.1337
eta,q 0.98167 11.33633
niter,ni,del,rscale     5    3    5.0000    0.8000
parameters
    0.9603   -5.5145   10.6995   -9.1688  -13.2498  -12.4310
    3.9797   14.3209   -6.0610    9.2490  -12.8570  -17.1312
eta,q 0.98148 11.31924
  0.0203  0.0198  0.0198  0.0203  0.0202  0.0212  0.0201  0.0209  0.0197  0.0201  0.0195  0.0193
  0.0192  0.0190  0.0190  0.0195  0.0193  0.0202  0.0193  0.0197  0.0191  0.0192  0.0189  0.0188
  0.0186  0.0185  0.0185  0.0187  0.0187  0.0191  0.0187  0.0188  0.0186  0.0187  0.0186  0.0186
  0.0183  0.0183  0.0183  0.0183  0.0184  0.0184  0.0185  0.0185  0.0185  0.0185  0.0185  0.0185
  0.0186  0.0185  0.0185  0.0187  0.0186  0.0188  0.0187  0.0188  0.0187  0.0187  0.0187  0.0186
  0.0193  0.0190  0.0189  0.0198  0.0194  0.0207  0.0192  0.0198  0.0191  0.0192  0.0190  0.0189
  0.0204  0.0198  0.0195  0.0215  0.0205  0.0233  0.0200  0.0214  0.0197  0.0202  0.0195  0.0192
niter,ni,del,rscale     4    3    5.0000    0.7000
parameters
    1.0162   -5.4937   10.6139   -8.9435  -13.2016  -12.4124
    3.8797   14.4019   -6.0358    9.2996  -12.8854  -17.1732
eta,q 0.98154 11.32440
  0.0200  0.0196  0.0193  0.0204  0.0200  0.0210  0.0196  0.0207  0.0194  0.0198  0.0193  0.0190
  0.0193  0.0190  0.0188  0.0196  0.0193  0.0202  0.0190  0.0195  0.0189  0.0191  0.0188  0.0187
  0.0187  0.0186  0.0186  0.0190  0.0187  0.0192  0.0186  0.0188  0.0186  0.0186  0.0185  0.0185
  0.0185  0.0185  0.0185  0.0185  0.0185  0.0185  0.0185  0.0185  0.0185  0.0185  0.0185  0.0185
  0.0186  0.0186  0.0186  0.0185  0.0186  0.0184  0.0186  0.0186  0.0186  0.0186  0.0186  0.0185
  0.0191  0.0190  0.0190  0.0192  0.0191  0.0196  0.0190  0.0193  0.0189  0.0190  0.0189  0.0187
  0.0198  0.0196  0.0195  0.0203  0.0200  0.0216  0.0198  0.0206  0.0194  0.0197  0.0193  0.0190
niter,ni,del,rscale     3    3    5.0000    0.6000
parameters
    1.0048   -5.4909   10.5934   -8.8394  -13.1631  -12.2630
    3.8744   14.4514   -6.0263    9.3126  -12.8896  -17.1781
eta,q 0.98160 11.32958
  0.0195  0.0193  0.0191  0.0199  0.0196  0.0207  0.0193  0.0201  0.0191  0.0194  0.0191  0.0189
  0.0189  0.0188  0.0187  0.0193  0.0190  0.0199  0.0188  0.0192  0.0187  0.0189  0.0187  0.0186
  0.0186  0.0186  0.0185  0.0188  0.0186  0.0190  0.0185  0.0186  0.0185  0.0185  0.0185  0.0184
  0.0185  0.0185  0.0185  0.0185  0.0184  0.0184  0.0184  0.0184  0.0184  0.0184  0.0184  0.0184
  0.0186  0.0185  0.0185  0.0185  0.0185  0.0184  0.0185  0.0186  0.0185  0.0185  0.0185  0.0185
  0.0190  0.0188  0.0188  0.0190  0.0189  0.0192  0.0188  0.0191  0.0187  0.0188  0.0187  0.0186
  0.0196  0.0193  0.0191  0.0199  0.0196  0.0208  0.0193  0.0201  0.0191  0.0194  0.0190  0.0188
niter,ni,del,rscale     2    3    5.0000    0.5000
parameters
    0.9920   -5.4969   10.6109   -8.7951  -13.1329  -12.1024
    3.8872   14.4780   -6.0394    9.2967  -12.8800  -17.1648
eta,q 0.98164 11.33325
  0.0192  0.0190  0.0189  0.0195  0.0192  0.0202  0.0190  0.0196  0.0189  0.0191  0.0188  0.0187
  0.0187  0.0187  0.0186  0.0190  0.0188  0.0195  0.0187  0.0190  0.0186  0.0187  0.0186  0.0185
  0.0185  0.0185  0.0185  0.0186  0.0185  0.0188  0.0184  0.0185  0.0184  0.0184  0.0184  0.0184
  0.0184  0.0184  0.0184  0.0184  0.0184  0.0184  0.0184  0.0184  0.0184  0.0184  0.0184  0.0184
  0.0185  0.0185  0.0185  0.0185  0.0185  0.0184  0.0184  0.0185  0.0184  0.0184  0.0184  0.0184
  0.0188  0.0187  0.0186  0.0189  0.0188  0.0189  0.0186  0.0189  0.0186  0.0187  0.0186  0.0185
  0.0192  0.0190  0.0189  0.0195  0.0193  0.0201  0.0190  0.0196  0.0189  0.0191  0.0188  0.0187
niter,ni,del,rscale     1    3    5.0000    0.4000
parameters
    0.9818   -5.5097   10.6368   -8.7632  -13.1048  -11.9634
    3.9097   14.4884   -6.0647    9.2867  -12.8771  -17.1253
eta,q 0.98166 11.33641
  0.0189  0.0187  0.0187  0.0191  0.0189  0.0197  0.0188  0.0192  0.0187  0.0188  0.0187  0.0186
  0.0186  0.0185  0.0185  0.0188  0.0186  0.0191  0.0185  0.0187  0.0185  0.0186  0.0185  0.0184
  0.0184  0.0184  0.0184  0.0185  0.0184  0.0186  0.0184  0.0184  0.0184  0.0184  0.0184  0.0184
  0.0184  0.0184  0.0184  0.0184  0.0184  0.0184  0.0183  0.0183  0.0183  0.0183  0.0183  0.0183
  0.0184  0.0184  0.0184  0.0184  0.0184  0.0184  0.0184  0.0184  0.0184  0.0184  0.0184  0.0184
  0.0186  0.0185  0.0185  0.0187  0.0186  0.0187  0.0185  0.0187  0.0185  0.0186  0.0185  0.0184
  0.0189  0.0187  0.0187  0.0191  0.0189  0.0195  0.0187  0.0192  0.0187  0.0188  0.0186  0.0185
registration optimization eta report
parameter search radius
    0.8000    0.8000    0.8000    2.4000    2.4000    2.4000
    2.4000    2.4000    2.4000    2.4000    2.4000    2.4000
100000*second partial in parameter space
       80.       59.       50.       13.       10.       22.
        7.       14.        6.        8.        5.        4.
  0.0189  0.0187  0.0187  0.0191  0.0189  0.0197  0.0188  0.0192  0.0187  0.0188  0.0187  0.0186
  0.0186  0.0185  0.0185  0.0188  0.0186  0.0191  0.0185  0.0187  0.0185  0.0186  0.0185  0.0184
  0.0184  0.0184  0.0184  0.0185  0.0184  0.0186  0.0184  0.0184  0.0184  0.0184  0.0184  0.0184
  0.0184  0.0184  0.0184  0.0184  0.0184  0.0184  0.0183  0.0183  0.0183  0.0183  0.0183  0.0183
  0.0184  0.0184  0.0184  0.0184  0.0184  0.0184  0.0184  0.0184  0.0184  0.0184  0.0184  0.0184
  0.0186  0.0185  0.0185  0.0187  0.0186  0.0187  0.0185  0.0187  0.0185  0.0186  0.0185  0.0184
  0.0189  0.0187  0.0187  0.0191  0.0189  0.0195  0.0187  0.0192  0.0187  0.0188  0.0186  0.0185
    0.9818   -5.5097   10.6368   -8.7632  -13.1048  -11.9634
    3.9097   14.4884   -6.0647    9.2867  -12.8771  -17.1253
eta,q 0.98166 11.33641

---------------------------------------------------------------------
compute_vox2vox talsrcimg talsrcimg_to_711-2C_as_mni_average_305_t4 /opt/freesurfer/average/711-2C_as_mni_average_305
---------------------------------------------------------------------

freesurfer compute_vox2vox.c
Reading: talsrcimg.4dfp.ifh
Reading: talsrcimg_to_711-2C_as_mni_average_305_t4
Reading: /opt/freesurfer/average/711-2C_as_mni_average_305.4dfp.ifh
Writing: talsrcimg_to_711-2C_as_mni_average_305_t4_vox2vox.txt

start time Thu Mar 12 20:15:51 CET 2026
end		time Thu Mar 12 20:17:21 CET 2026

mpr2mni305 success

avi2talxfm orig_nu.mgz /opt/freesurfer/average/mni305.cor.mgz talsrcimg_to_711-2C_as_mni_average_305_t4_vox2vox.txt transforms/talairach.auto.xfm
avi2talxfm done
mv -f /out/sourcedata/freesurfer/sub-v2s1x29912_ses-1/mri/talsrcimg_to_711-2C_as_mni_average_305_t4_vox2vox.txt /out/sourcedata/freesurfer/sub-v2s1x29912_ses-1/mri/transforms/talsrcimg_to_711-2C_as_mni_average_305_t4_vox2vox.txt
lta_convert --src orig_nu.mgz --trg /opt/freesurfer/average/mni305.cor.mgz --inxfm transforms/talairach.auto.xfm --outlta transforms/talairach.auto.xfm.lta --subject fsaverage
7.3.2

--src: orig_nu.mgz src image (geometry).
--trg: /opt/freesurfer/average/mni305.cor.mgz trg image (geometry).
--inmni: transforms/talairach.auto.xfm input MNI/XFM transform.
--outlta: transforms/talairach.auto.xfm.lta output LTA.
--s: fsaverage subject name
 LTA read, type : 1
 1.06709  -0.16707  -0.08094  -1.08531;
 0.16710   1.08660   0.20663  -44.07879;
 0.05662  -0.12779   1.12308  -3.66478;
 0.00000   0.00000   0.00000   1.00000;
setting subject to fsaverage
Writing  LTA to file transforms/talairach.auto.xfm.lta...
lta_convert successful.
 
 
Started at Thu Mar 12 20:15:51 CET 2026
Ended   at Thu Mar 12 20:17:21 CET 2026
talairach_avi done
