/out/sourcedata/freesurfer/sub-v2s1x29882_ses-1/mri
/opt/freesurfer/bin/talairach_avi
--i orig_nu.mgz --xfm transforms/talairach.auto.xfm
talairach_avi 7.3.2
Linux dna055 5.14.0-427.37.1.el9_4.x86_64 #1 SMP PREEMPT_DYNAMIC Fri Sep 13 12:41:50 EDT 2024 x86_64 x86_64 x86_64 GNU/Linux
Wed Mar 11 20:18:32 CET 2026
mri_convert orig_nu.mgz talsrcimg.img 
reading from orig_nu.mgz...
TR=0.00, TE=0.00, TI=0.00, flip angle=0.00
i_ras = (-1, 0, 0)
j_ras = (0, 0, -1)
k_ras = (0, 1, 0)
writing to talsrcimg.img...
Analyze Output Matrix
-0.90000   0.00000   0.00000   125.14982;
 0.00000   0.00000   0.90000  -95.32461;
 0.00000  -0.90000   0.00000   154.58737;
 0.00000   0.00000   0.00000   1.00000;
--------------------
INFO: set hdr.hist.orient to -1
mpr2mni305 talsrcimg
Wed Mar 11 20:18:33 CET 2026
/opt/freesurfer/bin/mpr2mni305 talsrcimg
mpr2mni305 7.3.2
target=711-2C_as_mni_average_305

---------------------------------------------------------------------
analyzeto4dfp talsrcimg -O0 -y
---------------------------------------------------------------------

freesurfer ifh2hdr.c
Wed Mar 11 20:18:33 2026
Writing: talsrcimg.4dfp.hdr
freesurfer analyzeto4dfp.c
Reading: talsrcimg.hdr
header size 348 bytes
hdr.dime.datatype	offset=70	value=2
hdr.dime.bitpix		offset=72	value=8
hdr.hist.orient		offset=252	value=-1
dimensionality     4
dimensions       256       256       256         1
Reading: talsrcimg.img
Writing: talsrcimg.4dfp.img
Writing: talsrcimg.4dfp.ifh
ifh2hdr talsrcimg -r0to242
ori=2

---------------------------------------------------------------------
gauss_4dfp talsrcimg 1.1
---------------------------------------------------------------------

freesurfer gauss_4dfp.c
Reading: talsrcimg.4dfp.img
Writing: talsrcimg_g11.4dfp.img
image dimensions 256 256 256 padded to 288 288 288
processing volume 1freesurfer ifh2hdr.c
Wed Mar 11 20:18:35 2026
Writing: talsrcimg_g11.4dfp.hdr

Writing: talsrcimg_g11.4dfp.ifh
including: talsrcimg.4dfp.img.rec in talsrcimg_g11.4dfp.img.rec

---------------------------------------------------------------------
imgreg_4dfp /opt/freesurfer/average/711-2C_as_mni_average_305 none talsrcimg_g11 none talsrcimg_to_711-2C_as_mni_average_305_t4 4355
---------------------------------------------------------------------

freesurfer imgreg_4dfp.c
/opt/freesurfer/average/711-2C_as_mni_average_305.4dfp.img
       256       256       256         1
  1.000000  1.000000  1.000000
orientation T byte_order littleendian
Reading image: /opt/freesurfer/average/711-2C_as_mni_average_305.4dfp.img
dimensions:      256       256       256
mmppix:       1.0000   -1.0000   -1.0000
center:     128.0000 -129.0000 -129.0000
talsrcimg_g11.4dfp.img
       256       256       256         1
  0.900000  0.900000  0.900000
orientation T byte_order littleendian
Reading image: talsrcimg_g11.4dfp.img
dimensions:      256       256       256
mmppix:       0.9000   -0.9000   -0.9000
center:     115.2000 -116.1000 -116.1000
t4_read: open error in t4_sub.f l:  41 t4_file(1:l)talsrcimg_to_711-2C_as_mni_average_305_t4 
t4_read: transform initialized to I4
rotation matrix determinant  1.000000
image alignment mode   4355 decimal     1103 hex
   -7.5000  -45.0000  -45.0000 6425.0156   19.6328
    0.0000  -45.0000  -45.0000 6393.5254   19.5984
    7.5000  -45.0000  -45.0000 6014.5156   19.6766
   -7.5000  -37.5000  -45.0000 6733.4800   20.8747
    0.0000  -37.5000  -45.0000 6690.9707   20.8357
    7.5000  -37.5000  -45.0000 6295.7715   20.9022
   -7.5000  -30.0000  -45.0000 7054.3081   21.5244
    0.0000  -30.0000  -45.0000 7033.3838   21.4937
    7.5000  -30.0000  -45.0000 6624.4517   21.5614
   -7.5000  -22.5000  -45.0000 7505.5381   21.5072
    0.0000  -22.5000  -45.0000 7502.4019   21.4868
    7.5000  -22.5000  -45.0000 7086.0269   21.5654
   -7.5000  -15.0000  -45.0000 7932.8813   21.5056
    0.0000  -15.0000  -45.0000 7939.7148   21.4840
    7.5000  -15.0000  -45.0000 7504.8779   21.5767
   -7.5000   -7.5000  -45.0000 7999.4951   21.5120
    0.0000   -7.5000  -45.0000 8004.2256   21.4836
    7.5000   -7.5000  -45.0000 7572.1006   21.5819
   -7.5000    0.0000  -45.0000 7952.3140   21.5227
    0.0000    0.0000  -45.0000 7964.5747   21.4850
    7.5000    0.0000  -45.0000 7493.1333   21.5707
   -7.5000    7.5000  -45.0000 7546.4121   21.5328
    0.0000    7.5000  -45.0000 7564.5288   21.4925
    7.5000    7.5000  -45.0000 7077.8232   21.5612
   -7.5000   15.0000  -45.0000 7268.1118   21.5244
    0.0000   15.0000  -45.0000 7263.5732   21.4937
    7.5000   15.0000  -45.0000 6790.5752   21.5614
   -7.5000   22.5000  -45.0000 6601.1206   21.2179
    0.0000   22.5000  -45.0000 6588.0474   21.1977
    7.5000   22.5000  -45.0000 6158.7764   21.2754
   -7.5000   30.0000  -45.0000 6008.3872   20.7220
    0.0000   30.0000  -45.0000 5993.1362   20.7012
    7.5000   30.0000  -45.0000 5599.7500   20.7909
   -7.5000   37.5000  -45.0000 5479.5537   20.4439
    0.0000   37.5000  -45.0000 5463.9014   20.4161
    7.5000   37.5000  -45.0000 5101.3843   20.5108
   -7.5000   45.0000  -45.0000 4940.8462   20.4280
    0.0000   45.0000  -45.0000 4931.7974   20.3925
    7.5000   45.0000  -45.0000 4592.8774   20.4747
   -7.5000  -45.0000  -37.5000 6930.0049   20.5592
    0.0000  -45.0000  -37.5000 6908.3052   20.5419
    7.5000  -45.0000  -37.5000 6512.9268   20.6271
   -7.5000  -37.5000  -37.5000 7260.9453   21.8549
    0.0000  -37.5000  -37.5000 7249.7202   21.8386
    7.5000  -37.5000  -37.5000 6832.5186   21.9218
   -7.5000  -30.0000  -37.5000 7619.1440   22.5003
    0.0000  -30.0000  -37.5000 7606.6069   22.4914
    7.5000  -30.0000  -37.5000 7183.9365   22.5764
   -7.5000  -22.5000  -37.5000 8075.8389   22.4990
    0.0000  -22.5000  -37.5000 8072.3560   22.4951
    7.5000  -22.5000  -37.5000 7645.9092   22.5827
   -7.5000  -15.0000  -37.5000 8534.8965   22.5094
    0.0000  -15.0000  -37.5000 8543.3115   22.5004
    7.5000  -15.0000  -37.5000 8093.9097   22.5932
   -7.5000   -7.5000  -37.5000 8604.0654   22.5144
    0.0000   -7.5000  -37.5000 8602.8984   22.4990
    7.5000   -7.5000  -37.5000 8140.9531   22.5965
   -7.5000    0.0000  -37.5000 8544.4619   22.5095
    0.0000    0.0000  -37.5000 8549.5498   22.4905
    7.5000    0.0000  -37.5000 8048.0791   22.5838
   -7.5000    7.5000  -37.5000 8097.9453   22.5043
    0.0000    7.5000  -37.5000 8103.6870   22.4875
    7.5000    7.5000  -37.5000 7600.5801   22.5731
   -7.5000   15.0000  -37.5000 7788.1602   22.4993
    0.0000   15.0000  -37.5000 7776.3813   22.4903
    7.5000   15.0000  -37.5000 7284.7646   22.5754
   -7.5000   22.5000  -37.5000 7048.4756   22.1982
    0.0000   22.5000  -37.5000 7014.7202   22.1943
    7.5000   22.5000  -37.5000 6584.6328   22.2808
   -7.5000   30.0000  -37.5000 6394.1216   21.7027
    0.0000   30.0000  -37.5000 6361.5107   21.6948
    7.5000   30.0000  -37.5000 5959.5557   21.7849
   -7.5000   37.5000  -37.5000 5811.7466   21.4098
    0.0000   37.5000  -37.5000 5787.0991   21.3936
    7.5000   37.5000  -37.5000 5415.1943   21.4878
   -7.5000   45.0000  -37.5000 5232.0811   21.3561
    0.0000   45.0000  -37.5000 5224.4800   21.3403
    7.5000   45.0000  -37.5000 4870.1069   21.4319
   -7.5000  -45.0000  -30.0000 7512.9146   21.6536
    0.0000  -45.0000  -30.0000 7474.6475   21.6375
    7.5000  -45.0000  -30.0000 7024.2134   21.7140
   -7.5000  -37.5000  -30.0000 7873.8945   22.9962
    0.0000  -37.5000  -30.0000 7831.7510   22.9865
    7.5000  -37.5000  -30.0000 7369.5859   23.0692
   -7.5000  -30.0000  -30.0000 8259.1221   23.6344
    0.0000  -30.0000  -30.0000 8198.9043   23.6313
    7.5000  -30.0000  -30.0000 7755.0229   23.7136
   -7.5000  -22.5000  -30.0000 8757.7266   23.6549
    0.0000  -22.5000  -30.0000 8716.9326   23.6511
    7.5000  -22.5000  -30.0000 8244.0879   23.7259
   -7.5000  -15.0000  -30.0000 9238.1924   23.6956
    0.0000  -15.0000  -30.0000 9230.3320   23.6811
    7.5000  -15.0000  -30.0000 8739.1641   23.7531
   -7.5000   -7.5000  -30.0000 9307.5547   23.7099
    0.0000   -7.5000  -30.0000 9291.8535   23.6893
    7.5000   -7.5000  -30.0000 8779.5703   23.7669
   -7.5000    0.0000  -30.0000 9196.6797   23.6831
    0.0000    0.0000  -30.0000 9179.1533   23.6654
    7.5000    0.0000  -30.0000 8652.0400   23.7492
   -7.5000    7.5000  -30.0000 8703.1191   23.6436
    0.0000    7.5000  -30.0000 8680.0146   23.6337
    7.5000    7.5000  -30.0000 8144.5244   23.7187
   -7.5000   15.0000  -30.0000 8371.9463   23.6311
    0.0000   15.0000  -30.0000 8327.6504   23.6281
    7.5000   15.0000  -30.0000 7806.7651   23.7104
   -7.5000   22.5000  -30.0000 7541.1226   23.3397
    0.0000   22.5000  -30.0000 7494.9014   23.3359
    7.5000   22.5000  -30.0000 7038.4697   23.4098
   -7.5000   30.0000  -30.0000 6840.9751   22.8634
    0.0000   30.0000  -30.0000 6808.9932   22.8504
    7.5000   30.0000  -30.0000 6370.3643   22.9207
   -7.5000   37.5000  -30.0000 6174.3823   22.5806
    0.0000   37.5000  -30.0000 6164.4092   22.5603
    7.5000   37.5000  -30.0000 5769.8638   22.6366
   -7.5000   45.0000  -30.0000 5560.7515   22.5147
    0.0000   45.0000  -30.0000 5553.0889   22.5012
    7.5000   45.0000  -30.0000 5174.7324   22.5847
   -7.5000  -45.0000  -22.5000 8085.9521   22.6145
    0.0000  -45.0000  -22.5000 8046.0513   22.5796
    7.5000  -45.0000  -22.5000 7552.0181   22.6391
   -7.5000  -37.5000  -22.5000 8463.7510   24.0134
    0.0000  -37.5000  -22.5000 8423.3115   23.9841
    7.5000  -37.5000  -22.5000 7914.6836   24.0469
   -7.5000  -30.0000  -22.5000 8865.6602   24.6390
    0.0000  -30.0000  -22.5000 8807.7979   24.6181
    7.5000  -30.0000  -22.5000 8309.6768   24.6779
   -7.5000  -22.5000  -22.5000 9396.7168   24.6651
    0.0000  -22.5000  -22.5000 9369.5195   24.6443
    7.5000  -22.5000  -22.5000 8826.5244   24.6966
   -7.5000  -15.0000  -22.5000 9922.5977   24.7262
    0.0000  -15.0000  -22.5000 9922.3984   24.6929
    7.5000  -15.0000  -22.5000 9355.3643   24.7438
   -7.5000   -7.5000  -22.5000 9972.2422   24.7529
    0.0000   -7.5000  -22.5000 9965.4072   24.7122
    7.5000   -7.5000  -22.5000 9395.9463   24.7705
   -7.5000    0.0000  -22.5000 9806.5762   24.7200
    0.0000    0.0000  -22.5000 9799.3330   24.6818
    7.5000    0.0000  -22.5000 9212.7803   24.7469
   -7.5000    7.5000  -22.5000 9259.2217   24.6587
    0.0000    7.5000  -22.5000 9245.8174   24.6287
    7.5000    7.5000  -22.5000 8668.1758   24.6932
   -7.5000   15.0000  -22.5000 8965.0742   24.6331
    0.0000   15.0000  -22.5000 8921.8525   24.6122
    7.5000   15.0000  -22.5000 8350.9268   24.6719
   -7.5000   22.5000  -22.5000 8067.9849   24.3387
    0.0000   22.5000  -22.5000 8015.4810   24.3182
    7.5000   22.5000  -22.5000 7522.8530   24.3698
   -7.5000   30.0000  -22.5000 7299.8608   23.8768
    0.0000   30.0000  -22.5000 7262.5684   23.8452
    7.5000   30.0000  -22.5000 6800.1079   23.8950
   -7.5000   37.5000  -22.5000 6560.0884   23.6077
    0.0000   37.5000  -22.5000 6555.4321   23.5700
    7.5000   37.5000  -22.5000 6131.8193   23.6290
   -7.5000   45.0000  -22.5000 5869.9165   23.5623
    0.0000   45.0000  -22.5000 5867.7178   23.5281
    7.5000   45.0000  -22.5000 5478.8315   23.5925
   -7.5000  -45.0000  -15.0000 8652.4424   23.3853
    0.0000  -45.0000  -15.0000 8616.1387   23.3264
    7.5000  -45.0000  -15.0000 8061.8423   23.3799
   -7.5000  -37.5000  -15.0000 9042.4004   24.8493
    0.0000  -37.5000  -15.0000 9011.1973   24.7878
    7.5000  -37.5000  -15.0000 8448.7539   24.8328
   -7.5000  -30.0000  -15.0000 9436.0088   25.4718
    0.0000  -30.0000  -15.0000 9417.0010   25.4214
    7.5000  -30.0000  -15.0000 8876.4990   25.4634
   -7.5000  -22.5000  -15.0000 9992.2461   25.4801
    0.0000  -22.5000  -15.000010001.0889   25.4386
    7.5000  -22.5000  -15.0000 9419.0508   25.4843
   -7.5000  -15.0000  -15.000010552.6250   25.5267
    0.0000  -15.0000  -15.000010574.5010   25.4784
    7.5000  -15.0000  -15.0000 9954.4375   25.5331
   -7.5000   -7.5000  -15.000010575.9990   25.5532
    0.0000   -7.5000  -15.000010610.2490   25.4956
    7.5000   -7.5000  -15.0000 9984.4316   25.5584
   -7.5000    0.0000  -15.000010404.6680   25.5377
    0.0000    0.0000  -15.000010432.9316   25.4734
    7.5000    0.0000  -15.0000 9798.9014   25.5317
   -7.5000    7.5000  -15.0000 9816.6055   25.4923
    0.0000    7.5000  -15.0000 9815.3574   25.4293
    7.5000    7.5000  -15.0000 9193.4834   25.4754
   -7.5000   15.0000  -15.0000 9501.0312   25.4640
    0.0000   15.0000  -15.0000 9477.1680   25.4135
    7.5000   15.0000  -15.0000 8876.9268   25.4555
   -7.5000   22.5000  -15.0000 8552.7793   25.1469
    0.0000   22.5000  -15.0000 8510.7295   25.1059
    7.5000   22.5000  -15.0000 7968.6211   25.1510
   -7.5000   30.0000  -15.0000 7725.9409   24.6692
    0.0000   30.0000  -15.0000 7688.9614   24.6222
    7.5000   30.0000  -15.0000 7191.0044   24.6756
   -7.5000   37.5000  -15.0000 6925.0635   24.4060
    0.0000   37.5000  -15.0000 6927.6821   24.3533
    7.5000   37.5000  -15.0000 6468.1816   24.4165
   -7.5000   45.0000  -15.0000 6176.7383   24.3934
    0.0000   45.0000  -15.0000 6177.4814   24.3324
    7.5000   45.0000  -15.0000 5761.5317   24.3882
   -7.5000  -45.0000   -7.5000 8912.3291   23.3210
    0.0000  -45.0000   -7.5000 8903.1973   23.2599
    7.5000  -45.0000   -7.5000 8341.0977   23.3258
   -7.5000  -37.5000   -7.5000 9292.0254   24.8112
    0.0000  -37.5000   -7.5000 9289.3662   24.7425
    7.5000  -37.5000   -7.5000 8755.7256   24.7927
   -7.5000  -30.0000   -7.5000 9657.8633   25.4405
    0.0000  -30.0000   -7.5000 9685.3467   25.3830
    7.5000  -30.0000   -7.5000 9194.3965   25.4317
   -7.5000  -22.5000   -7.500010202.4307   25.4280
    0.0000  -22.5000   -7.500010238.2568   25.3842
    7.5000  -22.5000   -7.5000 9736.4307   25.4450
   -7.5000  -15.0000   -7.500010798.1240   25.4454
    0.0000  -15.0000   -7.500010820.4414   25.3997
    7.5000  -15.0000   -7.500010258.5000   25.4774
   -7.5000   -7.5000   -7.500010839.9365   25.4623
    0.0000   -7.5000   -7.500010861.3232   25.4079
    7.5000   -7.5000   -7.500010293.8564   25.4934
   -7.5000    0.0000   -7.500010639.2441   25.4675
    0.0000    0.0000   -7.500010686.7969   25.4007
    7.5000    0.0000   -7.500010093.4990   25.4727
   -7.5000    7.5000   -7.5000 9992.5479   25.4532
    0.0000    7.5000   -7.500010018.3330   25.3828
    7.5000    7.5000   -7.5000 9426.8408   25.4343
   -7.5000   15.0000   -7.5000 9682.4736   25.4327
    0.0000   15.0000   -7.5000 9661.0850   25.3752
    7.5000   15.0000   -7.5000 9084.4619   25.4238
   -7.5000   22.5000   -7.5000 8735.2529   25.0955
    0.0000   22.5000   -7.5000 8684.3848   25.0522
    7.5000   22.5000   -7.5000 8153.4863   25.1122
   -7.5000   30.0000   -7.5000 7861.1680   24.5902
    0.0000   30.0000   -7.5000 7828.2202   24.5457
    7.5000   30.0000   -7.5000 7334.2300   24.6210
   -7.5000   37.5000   -7.5000 7045.0342   24.3194
    0.0000   37.5000   -7.5000 7034.6006   24.2686
    7.5000   37.5000   -7.5000 6577.0825   24.3526
   -7.5000   45.0000   -7.5000 6278.4717   24.3138
    0.0000   45.0000   -7.5000 6273.5537   24.2497
    7.5000   45.0000   -7.5000 5861.1147   24.3176
   -7.5000  -45.0000    0.0000 8998.3848   23.8656
    0.0000  -45.0000    0.0000 8986.0137   23.8238
    7.5000  -45.0000    0.0000 8467.9932   23.9154
   -7.5000  -37.5000    0.0000 9411.8311   25.3990
    0.0000  -37.5000    0.0000 9418.9971   25.3514
    7.5000  -37.5000    0.0000 8935.7715   25.4291
   -7.5000  -30.0000    0.0000 9737.9746   26.0382
    0.0000  -30.0000    0.0000 9796.7637   26.0008
    7.5000  -30.0000    0.0000 9369.9922   26.0792
   -7.5000  -22.5000    0.000010264.8115   26.0181
    0.0000  -22.5000    0.000010283.7129   25.9928
    7.5000  -22.5000    0.0000 9912.1875   26.0842
   -7.5000  -15.0000    0.000010864.1934   26.0165
    0.0000  -15.0000    0.000010838.5547   25.9901
    7.5000  -15.0000    0.000010412.2979   26.0981
   -7.5000   -7.5000    0.000010937.2871   26.0240
    0.0000   -7.5000    0.000010913.0615   25.9895
    7.5000   -7.5000    0.000010444.0820   26.1043
   -7.5000    0.0000    0.000010741.2900   26.0364
    0.0000    0.0000    0.000010747.0215   25.9908
    7.5000    0.0000    0.000010241.3906   26.0907
   -7.5000    7.5000    0.000010063.0801   26.0390
    0.0000    7.5000    0.000010053.9150   25.9903
    7.5000    7.5000    0.0000 9541.4482   26.0699
   -7.5000   15.0000    0.0000 9724.5889   26.0290
    0.0000   15.0000    0.0000 9680.3525   25.9916
    7.5000   15.0000    0.0000 9161.5957   26.0700
   -7.5000   22.5000    0.0000 8776.9707   25.6814
    0.0000   22.5000    0.0000 8732.0459   25.6565
    7.5000   22.5000    0.0000 8239.9082   25.7466
   -7.5000   30.0000    0.0000 7866.8403   25.1560
    0.0000   30.0000    0.0000 7850.0752   25.1304
    7.5000   30.0000    0.0000 7373.0552   25.2353
   -7.5000   37.5000    0.0000 7036.6211   24.8873
    0.0000   37.5000    0.0000 7052.6328   24.8534
    7.5000   37.5000    0.0000 6610.9043   24.9647
   -7.5000   45.0000    0.0000 6266.5068   24.8995
    0.0000   45.0000    0.0000 6289.3389   24.8563
    7.5000   45.0000    0.0000 5888.4658   24.9526
   -7.5000  -45.0000    7.5000 8750.2822   23.8990
    0.0000  -45.0000    7.5000 8715.3213   23.8790
    7.5000  -45.0000    7.5000 8254.1465   23.9780
   -7.5000  -37.5000    7.5000 9189.0986   25.4182
    0.0000  -37.5000    7.5000 9182.5684   25.3993
    7.5000  -37.5000    7.5000 8690.0459   25.4960
   -7.5000  -30.0000    7.5000 9442.5889   26.0623
    0.0000  -30.0000    7.5000 9439.9717   26.0518
    7.5000  -30.0000    7.5000 9074.9590   26.1502
   -7.5000  -22.5000    7.5000 9823.2051   26.0609
    0.0000  -22.5000    7.5000 9782.5762   26.0561
    7.5000  -22.5000    7.5000 9541.0088   26.1575
   -7.5000  -15.0000    7.500010343.3164   26.0728
    0.0000  -15.0000    7.500010314.0918   26.0624
    7.5000  -15.0000    7.5000 9994.7217   26.1698
   -7.5000   -7.5000    7.500010435.8662   26.0785
    0.0000   -7.5000    7.500010438.4072   26.0608
    7.5000   -7.5000    7.500010042.4697   26.1737
   -7.5000    0.0000    7.500010265.8584   26.0728
    0.0000    0.0000    7.500010301.7510   26.0510
    7.5000    0.0000    7.5000 9862.1016   26.1590
   -7.5000    7.5000    7.5000 9617.4922   26.0588
    0.0000    7.5000    7.5000 9632.5928   26.0394
    7.5000    7.5000    7.5000 9183.8750   26.1385
   -7.5000   15.0000    7.5000 9319.3252   26.0531
    0.0000   15.0000    7.5000 9265.2256   26.0426
    7.5000   15.0000    7.5000 8814.8574   26.1410
   -7.5000   22.5000    7.5000 8439.8359   25.7236
    0.0000   22.5000    7.5000 8398.1328   25.7189
    7.5000   22.5000    7.5000 7944.5625   25.8190
   -7.5000   30.0000    7.5000 7574.6577   25.2093
    0.0000   30.0000    7.5000 7542.7051   25.2000
    7.5000   30.0000    7.5000 7116.6626   25.3047
   -7.5000   37.5000    7.5000 6778.2754   24.9416
    0.0000   37.5000    7.5000 6768.8540   24.9229
    7.5000   37.5000    7.5000 6372.7671   25.0326
   -7.5000   45.0000    7.5000 6037.6885   24.9431
    0.0000   45.0000    7.5000 6029.5479   24.9248
    7.5000   45.0000    7.5000 5683.9697   25.0317
   -7.5000  -45.0000   15.0000 8711.4736   23.9740
    0.0000  -45.0000   15.0000 8699.7822   23.9562
    7.5000  -45.0000   15.0000 8236.6260   24.0409
   -7.5000  -37.5000   15.0000 9195.6855   25.4636
    0.0000  -37.5000   15.0000 9142.1191   25.4530
    7.5000  -37.5000   15.0000 8633.0508   25.5444
   -7.5000  -30.0000   15.0000 9433.9980   26.1007
    0.0000  -30.0000   15.0000 9422.0879   26.0974
    7.5000  -30.0000   15.0000 9007.9004   26.1883
   -7.5000  -22.5000   15.0000 9782.0977   26.1234
    0.0000  -22.5000   15.0000 9844.0117   26.1193
    7.5000  -22.5000   15.0000 9505.4199   26.2020
   -7.5000  -15.0000   15.000010277.5811   26.1684
    0.0000  -15.0000   15.000010410.3984   26.1525
    7.5000  -15.0000   15.000010000.0293   26.2321
   -7.5000   -7.5000   15.000010390.7666   26.1842
    0.0000   -7.5000   15.000010517.4131   26.1616
    7.5000   -7.5000   15.000010077.1201   26.2473
   -7.5000    0.0000   15.000010277.9990   26.1547
    0.0000    0.0000   15.000010343.4414   26.1352
    7.5000    0.0000   15.0000 9901.5986   26.2276
   -7.5000    7.5000   15.0000 9617.4834   26.1053
    0.0000    7.5000   15.0000 9592.3018   26.0944
    7.5000    7.5000   15.0000 9186.7871   26.1882
   -7.5000   15.0000   15.0000 9290.5273   26.0915
    0.0000   15.0000   15.0000 9180.4258   26.0882
    7.5000   15.0000   15.0000 8769.6289   26.1790
   -7.5000   22.5000   15.0000 8410.0645   25.7853
    0.0000   22.5000   15.0000 8287.9502   25.7813
    7.5000   22.5000   15.0000 7888.3389   25.8629
   -7.5000   30.0000   15.0000 7549.8525   25.3022
    0.0000   30.0000   15.0000 7433.4980   25.2880
    7.5000   30.0000   15.0000 7060.4868   25.3658
   -7.5000   37.5000   15.0000 6741.8789   25.0434
    0.0000   37.5000   15.0000 6661.4902   25.0210
    7.5000   37.5000   15.0000 6310.6963   25.1057
   -7.5000   45.0000   15.0000 6008.5786   25.0338
    0.0000   45.0000   15.0000 5958.2139   25.0190
    7.5000   45.0000   15.0000 5627.2754   25.1118
   -7.5000  -45.0000   22.5000 8240.0078   24.0512
    0.0000  -45.0000   22.5000 8252.4297   24.0140
    7.5000  -45.0000   22.5000 7780.9707   24.0773
   -7.5000  -37.5000   22.5000 8615.6152   25.5273
    0.0000  -37.5000   22.5000 8601.0967   25.4960
    7.5000  -37.5000   22.5000 8128.5884   25.5627
   -7.5000  -30.0000   22.5000 8968.8887   26.1524
    0.0000  -30.0000   22.5000 8926.8857   26.1301
    7.5000  -30.0000   22.5000 8513.7773   26.1936
   -7.5000  -22.5000   22.5000 9509.9912   26.1800
    0.0000  -22.5000   22.5000 9474.3301   26.1581
    7.5000  -22.5000   22.5000 9038.6045   26.2139
   -7.5000  -15.0000   22.500010049.7588   26.2452
    0.0000  -15.0000   22.500010018.1689   26.2101
    7.5000  -15.0000   22.5000 9535.2041   26.2644
   -7.5000   -7.5000   22.500010091.9424   26.2738
    0.0000   -7.5000   22.500010044.9932   26.2307
    7.5000   -7.5000   22.5000 9580.1865   26.2928
   -7.5000    0.0000   22.5000 9903.7666   26.2389
    0.0000    0.0000   22.5000 9842.0283   26.1983
    7.5000    0.0000   22.5000 9405.7676   26.2673
   -7.5000    7.5000   22.5000 9173.8408   26.1706
    0.0000    7.5000   22.5000 9099.5928   26.1385
    7.5000    7.5000   22.5000 8692.9785   26.2069
   -7.5000   15.0000   22.5000 8807.8789   26.1431
    0.0000   15.0000   22.5000 8694.0420   26.1209
    7.5000   15.0000   22.5000 8279.4697   26.1844
   -7.5000   22.5000   22.5000 7969.8291   25.8412
    0.0000   22.5000   22.5000 7834.9307   25.8196
    7.5000   22.5000   22.5000 7445.7793   25.8747
   -7.5000   30.0000   22.5000 7155.3662   25.3780
    0.0000   30.0000   22.5000 7035.4253   25.3446
    7.5000   30.0000   22.5000 6659.9810   25.3979
   -7.5000   37.5000   22.5000 6376.0137   25.1268
    0.0000   37.5000   22.5000 6281.3643   25.0869
    7.5000   37.5000   22.5000 5935.8071   25.1498
   -7.5000   45.0000   22.5000 5663.0718   25.1203
    0.0000   45.0000   22.5000 5584.6089   25.0837
    7.5000   45.0000   22.5000 5281.3667   25.1523
   -7.5000  -45.0000   30.0000 7763.8911   24.2154
    0.0000  -45.0000   30.0000 7754.8657   24.1547
    7.5000  -45.0000   30.0000 7281.5537   24.2100
   -7.5000  -37.5000   30.0000 8147.5586   25.7314
    0.0000  -37.5000   30.0000 8094.4458   25.6681
    7.5000  -37.5000   30.0000 7605.1860   25.7149
   -7.5000  -30.0000   30.0000 8522.5000   26.3634
    0.0000  -30.0000   30.0000 8441.7480   26.3113
    7.5000  -30.0000   30.0000 7980.9033   26.3547
   -7.5000  -22.5000   30.0000 9026.5020   26.3725
    0.0000  -22.5000   30.0000 8948.4424   26.3294
    7.5000  -22.5000   30.0000 8470.2637   26.3761
   -7.5000  -15.0000   30.0000 9506.3389   26.4224
    0.0000  -15.0000   30.0000 9411.7168   26.3722
    7.5000  -15.0000   30.0000 8909.9766   26.4281
   -7.5000   -7.5000   30.0000 9561.5986   26.4508
    0.0000   -7.5000   30.0000 9430.5762   26.3913
    7.5000   -7.5000   30.0000 8931.8027   26.4559
   -7.5000    0.0000   30.0000 9386.9932   26.4342
    0.0000    0.0000   30.0000 9255.4941   26.3680
    7.5000    0.0000   30.0000 8788.4639   26.4283
   -7.5000    7.5000   30.0000 8686.1719   26.3843
    0.0000    7.5000   30.0000 8555.8262   26.3194
    7.5000    7.5000   30.0000 8130.1265   26.3674
   -7.5000   15.0000   30.0000 8288.8076   26.3540
    0.0000   15.0000   30.0000 8154.6821   26.3020
    7.5000   15.0000   30.0000 7733.0107   26.3453
   -7.5000   22.5000   30.0000 7471.0435   26.0289
    0.0000   22.5000   30.0000 7336.7139   25.9863
    7.5000   22.5000   30.0000 6949.2490   26.0324
   -7.5000   30.0000   30.0000 6678.3003   25.5614
    0.0000   30.0000   30.0000 6583.0737   25.5126
    7.5000   30.0000   30.0000 6209.9067   25.5671
   -7.5000   37.5000   30.0000 5945.2876   25.3220
    0.0000   37.5000   30.0000 5881.2720   25.2675
    7.5000   37.5000   30.0000 5535.7822   25.3327
   -7.5000   45.0000   30.0000 5273.0283   25.3488
    0.0000   45.0000   30.0000 5215.6147   25.2857
    7.5000   45.0000   30.0000 4907.7793   25.3438
   -7.5000  -45.0000   37.5000 7270.1201   24.2938
    0.0000  -45.0000   37.5000 7245.0625   24.2296
    7.5000  -45.0000   37.5000 6790.4087   24.3015
   -7.5000  -37.5000   37.5000 7604.0889   25.8482
    0.0000  -37.5000   37.5000 7565.4878   25.7767
    7.5000  -37.5000   37.5000 7090.2007   25.8321
   -7.5000  -30.0000   37.5000 7933.8076   26.4753
    0.0000  -30.0000   37.5000 7903.8340   26.4165
    7.5000  -30.0000   37.5000 7445.2480   26.4699
   -7.5000  -22.5000   37.5000 8381.8516   26.4677
    0.0000  -22.5000   37.5000 8363.1865   26.4233
    7.5000  -22.5000   37.5000 7889.0552   26.4890
   -7.5000  -15.0000   37.5000 8812.6719   26.4919
    0.0000  -15.0000   37.5000 8779.0967   26.4450
    7.5000  -15.0000   37.5000 8289.2500   26.5283
   -7.5000   -7.5000   37.5000 8865.1143   26.5100
    0.0000   -7.5000   37.5000 8801.9492   26.4529
    7.5000   -7.5000   37.5000 8317.1123   26.5452
   -7.5000    0.0000   37.5000 8731.1191   26.5098
    0.0000    0.0000   37.5000 8675.7500   26.4396
    7.5000    0.0000   37.5000 8195.9404   26.5181
   -7.5000    7.5000   37.5000 8113.7051   26.4877
    0.0000    7.5000   37.5000 8048.4004   26.4144
    7.5000    7.5000   37.5000 7601.9321   26.4713
   -7.5000   15.0000   37.5000 7719.9087   26.4657
    0.0000   15.0000   37.5000 7641.2222   26.4069
    7.5000   15.0000   37.5000 7216.2075   26.4603
   -7.5000   22.5000   37.5000 6944.3218   26.1183
    0.0000   22.5000   37.5000 6887.0171   26.0745
    7.5000   22.5000   37.5000 6501.3301   26.1393
   -7.5000   30.0000   37.5000 6219.6611   25.6270
    0.0000   30.0000   37.5000 6178.3257   25.5808
    7.5000   30.0000   37.5000 5817.6343   25.6617
   -7.5000   37.5000   37.5000 5563.1255   25.3846
    0.0000   37.5000   37.5000 5513.7402   25.3311
    7.5000   37.5000   37.5000 5185.2729   25.4218
   -7.5000   45.0000   37.5000 4924.6733   25.4200
    0.0000   45.0000   37.5000 4877.9297   25.3524
    7.5000   45.0000   37.5000 4596.5337   25.4273
   -7.5000  -45.0000   45.0000 6704.7417   24.5972
    0.0000  -45.0000   45.0000 6715.8022   24.5619
    7.5000  -45.0000   45.0000 6294.3359   24.6645
   -7.5000  -37.5000   45.0000 7021.5972   26.1864
    0.0000  -37.5000   45.0000 7026.6040   26.1445
    7.5000  -37.5000   45.0000 6580.5015   26.2305
   -7.5000  -30.0000   45.0000 7345.1270   26.8031
    0.0000  -30.0000   45.0000 7359.4062   26.7721
    7.5000  -30.0000   45.0000 6920.5801   26.8573
   -7.5000  -22.5000   45.0000 7757.9170   26.7888
    0.0000  -22.5000   45.0000 7771.7373   26.7718
    7.5000  -22.5000   45.0000 7327.8154   26.8707
   -7.5000  -15.0000   45.0000 8145.4277   26.7998
    0.0000  -15.0000   45.0000 8137.4893   26.7829
    7.5000  -15.0000   45.0000 7696.1455   26.9017
   -7.5000   -7.5000   45.0000 8192.4121   26.8119
    0.0000   -7.5000   45.0000 8167.8950   26.7866
    7.5000   -7.5000   45.0000 7731.3174   26.9147
   -7.5000    0.0000   45.0000 8122.4253   26.8177
    0.0000    0.0000   45.0000 8087.8833   26.7793
    7.5000    0.0000   45.0000 7668.8867   26.8911
   -7.5000    7.5000   45.0000 7557.7349   26.8085
    0.0000    7.5000   45.0000 7512.8579   26.7656
    7.5000    7.5000   45.0000 7125.5835   26.8537
   -7.5000   15.0000   45.0000 7182.1997   26.7930
    0.0000   15.0000   45.0000 7123.5293   26.7621
    7.5000   15.0000   45.0000 6743.2563   26.8472
   -7.5000   22.5000   45.0000 6467.3325   26.4317
    0.0000   22.5000   45.0000 6424.9180   26.4149
    7.5000   22.5000   45.0000 6082.3115   26.5124
   -7.5000   30.0000   45.0000 5801.0435   25.8984
    0.0000   30.0000   45.0000 5757.9556   25.8820
    7.5000   30.0000   45.0000 5435.4043   25.9972
   -7.5000   37.5000   45.0000 5163.2812   25.5965
    0.0000   37.5000   45.0000 5124.9487   25.5711
    7.5000   37.5000   45.0000 4838.4844   25.6943
   -7.5000   45.0000   45.0000 4574.6133   25.5937
    0.0000   45.0000   45.0000 4535.4512   25.5577
    7.5000   45.0000   45.0000 4284.6504   25.6652

---------------------------------------------------------------------
imgreg_4dfp /opt/freesurfer/average/711-2C_as_mni_average_305 /opt/freesurfer/average/711-2B_as_mni_average_305_mask talsrcimg_g11 none talsrcimg_to_711-2C_as_mni_average_305_t4 4355
---------------------------------------------------------------------

freesurfer imgreg_4dfp.c
/opt/freesurfer/average/711-2C_as_mni_average_305.4dfp.img
       256       256       256         1
  1.000000  1.000000  1.000000
orientation T byte_order littleendian
Reading image: /opt/freesurfer/average/711-2C_as_mni_average_305.4dfp.img
dimensions:      256       256       256
mmppix:       1.0000   -1.0000   -1.0000
center:     128.0000 -129.0000 -129.0000
/opt/freesurfer/average/711-2B_as_mni_average_305_mask.4dfp.img
       256       256       256         1
  1.000000  1.000000  1.000000
orientation T byte_order littleendian
Reading mask: /opt/freesurfer/average/711-2B_as_mni_average_305_mask.4dfp.img (2306576 pixels)
talsrcimg_g11.4dfp.img
       256       256       256         1
  0.900000  0.900000  0.900000
orientation T byte_order littleendian
Reading image: talsrcimg_g11.4dfp.img
dimensions:      256       256       256
mmppix:       0.9000   -0.9000   -0.9000
center:     115.2000 -116.1000 -116.1000
rotation matrix determinant  1.000000
image alignment mode   4355 decimal     1103 hex
  -15.0000  -52.5000  -45.0000 1920.0903   22.0565
   -7.5000  -52.5000  -45.0000 1925.6067   21.7951
    0.0000  -52.5000  -45.0000 1911.1670   21.9500
  -15.0000  -45.0000  -45.0000 2007.7844   20.8050
   -7.5000  -45.0000  -45.0000 2015.7961   20.5177
    0.0000  -45.0000  -45.0000 1997.4265   20.6806
  -15.0000  -37.5000  -45.0000 2047.7167   19.8366
   -7.5000  -37.5000  -45.0000 2054.1306   19.5315
    0.0000  -37.5000  -45.0000 2033.6204   19.6618
  -15.0000  -30.0000  -45.0000 2067.8926   19.3640
   -7.5000  -30.0000  -45.0000 2071.9832   18.9870
    0.0000  -30.0000  -45.0000 2056.5933   19.1174
  -15.0000  -22.5000  -45.0000 2068.2148   19.2162
   -7.5000  -22.5000  -45.0000 2079.9790   18.8562
    0.0000  -22.5000  -45.0000 2064.1431   18.9949
  -15.0000  -15.0000  -45.0000 2058.6482   19.5371
   -7.5000  -15.0000  -45.0000 2066.7964   19.1622
    0.0000  -15.0000  -45.0000 2056.2673   19.4085
  -15.0000   -7.5000  -45.0000 2024.3406   20.2691
   -7.5000   -7.5000  -45.0000 2039.5022   19.8937
    0.0000   -7.5000  -45.0000 2030.8085   20.1101
  -15.0000    0.0000  -45.0000 1978.6052   21.4022
   -7.5000    0.0000  -45.0000 1995.5366   20.9637
    0.0000    0.0000  -45.0000 1986.0582   21.1460
  -15.0000    7.5000  -45.0000 1915.0439   22.9607
   -7.5000    7.5000  -45.0000 1933.1255   22.4344
    0.0000    7.5000  -45.0000 1921.6073   22.5881
  -15.0000   15.0000  -45.0000 1832.9182   24.9728
   -7.5000   15.0000  -45.0000 1853.4760   24.3638
    0.0000   15.0000  -45.0000 1837.3602   24.6075
  -15.0000   22.5000  -45.0000 1733.0336   27.6441
   -7.5000   22.5000  -45.0000 1751.9017   27.0294
    0.0000   22.5000  -45.0000 1738.4506   27.2766
  -15.0000   30.0000  -45.0000 1625.1451   31.2260
   -7.5000   30.0000  -45.0000 1638.9246   30.6064
    0.0000   30.0000  -45.0000 1634.5082   30.8193
  -15.0000   37.5000  -45.0000 1494.4983   35.6947
   -7.5000   37.5000  -45.0000 1507.0215   35.0662
    0.0000   37.5000  -45.0000 1500.3383   35.3537
  -15.0000  -52.5000  -37.5000 2073.8323   21.6727
   -7.5000  -52.5000  -37.5000 2084.0603   21.4021
    0.0000  -52.5000  -37.5000 2065.3928   21.5162
  -15.0000  -45.0000  -37.5000 2168.2876   20.4330
   -7.5000  -45.0000  -37.5000 2176.9727   20.1720
    0.0000  -45.0000  -37.5000 2160.4934   20.2958
  -15.0000  -37.5000  -37.5000 2214.2400   19.4530
   -7.5000  -37.5000  -37.5000 2223.2854   19.2054
    0.0000  -37.5000  -37.5000 2211.4451   19.2724
  -15.0000  -30.0000  -37.5000 2232.1948   18.9457
   -7.5000  -30.0000  -37.5000 2250.7524   18.6628
    0.0000  -30.0000  -37.5000 2242.4595   18.7670
  -15.0000  -22.5000  -37.5000 2235.9231   18.8038
   -7.5000  -22.5000  -37.5000 2256.5300   18.4791
    0.0000  -22.5000  -37.5000 2245.2095   18.6402
  -15.0000  -15.0000  -37.5000 2225.4631   19.0771
   -7.5000  -15.0000  -37.5000 2239.9436   18.7394
    0.0000  -15.0000  -37.5000 2233.3325   18.9072
  -15.0000   -7.5000  -37.5000 2194.3765   19.7687
   -7.5000   -7.5000  -37.5000 2213.0601   19.3906
    0.0000   -7.5000  -37.5000 2202.5996   19.4834
  -15.0000    0.0000  -37.5000 2145.4072   20.8390
   -7.5000    0.0000  -37.5000 2167.9409   20.4114
    0.0000    0.0000  -37.5000 2157.4851   20.5187
  -15.0000    7.5000  -37.5000 2074.3850   22.3682
   -7.5000    7.5000  -37.5000 2099.2600   21.9087
    0.0000    7.5000  -37.5000 2088.2964   21.9952
  -15.0000   15.0000  -37.5000 1984.5154   24.4044
   -7.5000   15.0000  -37.5000 2006.6737   23.8358
    0.0000   15.0000  -37.5000 1995.2823   24.0229
  -15.0000   22.5000  -37.5000 1871.8303   27.0023
   -7.5000   22.5000  -37.5000 1893.2231   26.3893
    0.0000   22.5000  -37.5000 1882.7719   26.5934
  -15.0000   30.0000  -37.5000 1753.9882   30.5512
   -7.5000   30.0000  -37.5000 1773.8102   29.8527
    0.0000   30.0000  -37.5000 1766.5350   30.0701
  -15.0000   37.5000  -37.5000 1610.7455   34.8589
   -7.5000   37.5000  -37.5000 1631.1221   34.1319
    0.0000   37.5000  -37.5000 1622.4799   34.3918
  -15.0000  -52.5000  -30.0000 2219.2314   21.1924
   -7.5000  -52.5000  -30.0000 2232.6667   20.9310
    0.0000  -52.5000  -30.0000 2209.4797   20.9768
  -15.0000  -45.0000  -30.0000 2320.2539   19.9025
   -7.5000  -45.0000  -30.0000 2331.4819   19.6411
    0.0000  -45.0000  -30.0000 2311.5627   19.6962
  -15.0000  -37.5000  -30.0000 2373.1523   18.8778
   -7.5000  -37.5000  -30.0000 2386.9490   18.6366
    0.0000  -37.5000  -30.0000 2365.6804   18.6851
  -15.0000  -30.0000  -30.0000 2396.8206   18.2829
   -7.5000  -30.0000  -30.0000 2415.5718   18.0520
    0.0000  -30.0000  -30.0000 2395.2405   18.0911
  -15.0000  -22.5000  -30.0000 2405.2390   18.1524
   -7.5000  -22.5000  -30.0000 2429.4507   17.8609
    0.0000  -22.5000  -30.0000 2413.1584   17.9675
  -15.0000  -15.0000  -30.0000 2388.3999   18.4610
   -7.5000  -15.0000  -30.0000 2412.4333   18.1518
    0.0000  -15.0000  -30.0000 2402.0996   18.2504
  -15.0000   -7.5000  -30.0000 2353.7673   19.1200
   -7.5000   -7.5000  -30.0000 2381.4170   18.7730
    0.0000   -7.5000  -30.0000 2366.7290   18.8575
  -15.0000    0.0000  -30.0000 2295.9739   20.1566
   -7.5000    0.0000  -30.0000 2325.6111   19.7514
    0.0000    0.0000  -30.0000 2316.0645   19.8207
  -15.0000    7.5000  -30.0000 2218.9033   21.6363
   -7.5000    7.5000  -30.0000 2249.1855   21.1450
    0.0000    7.5000  -30.0000 2245.1003   21.2031
  -15.0000   15.0000  -30.0000 2119.9934   23.5679
   -7.5000   15.0000  -30.0000 2148.3201   23.0526
    0.0000   15.0000  -30.0000 2140.8831   23.1668
  -15.0000   22.5000  -30.0000 1998.3778   26.1800
   -7.5000   22.5000  -30.0000 2026.0913   25.5678
    0.0000   22.5000  -30.0000 2019.0319   25.6969
  -15.0000   30.0000  -30.0000 1873.2905   29.5916
   -7.5000   30.0000  -30.0000 1902.8564   28.9012
    0.0000   30.0000  -30.0000 1899.5924   29.0663
  -15.0000   37.5000  -30.0000 1719.2421   33.7136
   -7.5000   37.5000  -30.0000 1737.9050   32.9644
    0.0000   37.5000  -30.0000 1736.7750   33.1034
  -15.0000  -52.5000  -22.5000 2335.4963   20.5286
   -7.5000  -52.5000  -22.5000 2351.2178   20.2144
    0.0000  -52.5000  -22.5000 2332.9016   20.2714
  -15.0000  -45.0000  -22.5000 2442.7974   19.1713
   -7.5000  -45.0000  -22.5000 2462.5002   18.8803
    0.0000  -45.0000  -22.5000 2441.8079   18.9221
  -15.0000  -37.5000  -22.5000 2506.2539   18.0979
   -7.5000  -37.5000  -22.5000 2530.3552   17.8505
    0.0000  -37.5000  -22.5000 2505.7400   17.8910
  -15.0000  -30.0000  -22.5000 2536.2261   17.4382
   -7.5000  -30.0000  -22.5000 2564.1770   17.2270
    0.0000  -30.0000  -22.5000 2542.2708   17.2478
  -15.0000  -22.5000  -22.5000 2558.0293   17.3044
   -7.5000  -22.5000  -22.5000 2582.8706   17.0203
    0.0000  -22.5000  -22.5000 2568.1941   17.0907
  -15.0000  -15.0000  -22.5000 2542.4714   17.6911
   -7.5000  -15.0000  -22.5000 2573.3813   17.3511
    0.0000  -15.0000  -22.5000 2561.4775   17.4211
  -15.0000   -7.5000  -22.5000 2503.8267   18.3732
   -7.5000   -7.5000  -22.5000 2537.9463   17.9892
    0.0000   -7.5000  -22.5000 2523.6660   18.0362
  -15.0000    0.0000  -22.5000 2437.0398   19.3637
   -7.5000    0.0000  -22.5000 2474.3496   18.9453
    0.0000    0.0000  -22.5000 2461.9294   18.9393
  -15.0000    7.5000  -22.5000 2350.5920   20.7427
   -7.5000    7.5000  -22.5000 2390.0520   20.2563
    0.0000    7.5000  -22.5000 2381.0996   20.2522
  -15.0000   15.0000  -22.5000 2246.6982   22.5572
   -7.5000   15.0000  -22.5000 2283.3455   22.0359
    0.0000   15.0000  -22.5000 2271.3237   22.0608
  -15.0000   22.5000  -22.5000 2111.1680   24.9781
   -7.5000   22.5000  -22.5000 2146.6096   24.4205
    0.0000   22.5000  -22.5000 2137.6741   24.4756
  -15.0000   30.0000  -22.5000 1977.1122   28.2412
   -7.5000   30.0000  -22.5000 2008.7388   27.6900
    0.0000   30.0000  -22.5000 2004.4176   27.7617
  -15.0000   37.5000  -22.5000 1815.1880   32.1727
   -7.5000   37.5000  -22.5000 1838.8503   31.5065
    0.0000   37.5000  -22.5000 1839.8940   31.6420
  -15.0000  -52.5000  -15.0000 2422.6650   19.7700
   -7.5000  -52.5000  -15.0000 2439.9189   19.4090
    0.0000  -52.5000  -15.0000 2421.9827   19.4394
  -15.0000  -45.0000  -15.0000 2535.8926   18.4324
   -7.5000  -45.0000  -15.0000 2562.3157   18.1227
    0.0000  -45.0000  -15.0000 2544.1216   18.1247
  -15.0000  -37.5000  -15.0000 2612.1335   17.3247
   -7.5000  -37.5000  -15.0000 2644.0679   16.9960
    0.0000  -37.5000  -15.0000 2625.1296   17.0164
  -15.0000  -30.0000  -15.0000 2652.3154   16.6003
   -7.5000  -30.0000  -15.0000 2684.6548   16.3029
    0.0000  -30.0000  -15.0000 2668.3398   16.3515
  -15.0000  -22.5000  -15.0000 2678.5181   16.4498
   -7.5000  -22.5000  -15.0000 2711.0747   16.0873
    0.0000  -22.5000  -15.0000 2702.8906   16.1735
  -15.0000  -15.0000  -15.0000 2669.9941   16.8416
   -7.5000  -15.0000  -15.0000 2705.4626   16.4468
    0.0000  -15.0000  -15.0000 2696.0476   16.4994
  -15.0000   -7.5000  -15.0000 2631.7224   17.5020
   -7.5000   -7.5000  -15.0000 2668.0017   17.0928
    0.0000   -7.5000  -15.0000 2654.9509   17.0955
  -15.0000    0.0000  -15.0000 2556.1558   18.5266
   -7.5000    0.0000  -15.0000 2596.8662   18.0398
    0.0000    0.0000  -15.0000 2587.7888   17.9602
  -15.0000    7.5000  -15.0000 2461.2046   19.7900
   -7.5000    7.5000  -15.0000 2504.0618   19.2658
    0.0000    7.5000  -15.0000 2496.6692   19.1750
  -15.0000   15.0000  -15.0000 2347.8835   21.5215
   -7.5000   15.0000  -15.0000 2387.0505   20.9968
    0.0000   15.0000  -15.0000 2381.0667   20.9661
  -15.0000   22.5000  -15.0000 2204.8606   23.7667
   -7.5000   22.5000  -15.0000 2241.6323   23.2427
    0.0000   22.5000  -15.0000 2236.6482   23.2749
  -15.0000   30.0000  -15.0000 2055.9636   26.7996
   -7.5000   30.0000  -15.0000 2090.5178   26.2272
    0.0000   30.0000  -15.0000 2087.0688   26.2644
  -15.0000   37.5000  -15.0000 1886.7611   30.5313
   -7.5000   37.5000  -15.0000 1913.4679   29.8614
    0.0000   37.5000  -15.0000 1916.6890   29.8839
  -15.0000  -52.5000   -7.5000 2465.2537   18.9904
   -7.5000  -52.5000   -7.5000 2482.9043   18.5277
    0.0000  -52.5000   -7.5000 2467.4995   18.5735
  -15.0000  -45.0000   -7.5000 2590.2698   17.6776
   -7.5000  -45.0000   -7.5000 2614.6438   17.2089
    0.0000  -45.0000   -7.5000 2597.7649   17.2672
  -15.0000  -37.5000   -7.5000 2681.1572   16.5815
   -7.5000  -37.5000   -7.5000 2710.3562   16.1543
    0.0000  -37.5000   -7.5000 2695.7124   16.1906
  -15.0000  -30.0000   -7.5000 2732.6135   15.8069
   -7.5000  -30.0000   -7.5000 2763.7241   15.3948
    0.0000  -30.0000   -7.5000 2752.2607   15.4540
  -15.0000  -22.5000   -7.5000 2760.0569   15.6090
   -7.5000  -22.5000   -7.5000 2790.6179   15.1750
    0.0000  -22.5000   -7.5000 2790.6838   15.2340
  -15.0000  -15.0000   -7.5000 2755.8152   15.9162
   -7.5000  -15.0000   -7.5000 2796.9204   15.5042
    0.0000  -15.0000   -7.5000 2791.6418   15.4779
  -15.0000   -7.5000   -7.5000 2711.7190   16.5706
   -7.5000   -7.5000   -7.5000 2755.8843   16.1318
    0.0000   -7.5000   -7.5000 2746.8909   16.1023
  -15.0000    0.0000   -7.5000 2631.8459   17.5215
   -7.5000    0.0000   -7.5000 2678.3684   17.0069
    0.0000    0.0000   -7.5000 2675.1423   16.9136
  -15.0000    7.5000   -7.5000 2532.9714   18.7726
   -7.5000    7.5000   -7.5000 2573.6555   18.2222
    0.0000    7.5000   -7.5000 2574.4275   18.1288
  -15.0000   15.0000   -7.5000 2410.2188   20.4298
   -7.5000   15.0000   -7.5000 2452.0962   19.9183
    0.0000   15.0000   -7.5000 2448.4421   19.8449
  -15.0000   22.5000   -7.5000 2260.3408   22.6290
   -7.5000   22.5000   -7.5000 2302.5774   22.1079
    0.0000   22.5000   -7.5000 2294.3079   22.0871
  -15.0000   30.0000   -7.5000 2107.7419   25.4906
   -7.5000   30.0000   -7.5000 2140.8826   24.8779
    0.0000   30.0000   -7.5000 2134.1470   24.8501
  -15.0000   37.5000   -7.5000 1930.9424   28.9981
   -7.5000   37.5000   -7.5000 1954.8230   28.3057
    0.0000   37.5000   -7.5000 1952.7681   28.2582
  -15.0000  -52.5000    0.0000 2494.4460   18.6660
   -7.5000  -52.5000    0.0000 2509.5835   18.0920
    0.0000  -52.5000    0.0000 2492.2097   18.1065
  -15.0000  -45.0000    0.0000 2629.3528   17.3377
   -7.5000  -45.0000    0.0000 2653.9382   16.7855
    0.0000  -45.0000    0.0000 2634.5364   16.7936
  -15.0000  -37.5000    0.0000 2732.3662   16.2340
   -7.5000  -37.5000    0.0000 2765.1567   15.7033
    0.0000  -37.5000    0.0000 2750.7632   15.6892
  -15.0000  -30.0000    0.0000 2794.9009   15.3776
   -7.5000  -30.0000    0.0000 2835.2825   14.8455
    0.0000  -30.0000    0.0000 2820.7073   14.8756
  -15.0000  -22.5000    0.0000 2835.4656   15.0743
   -7.5000  -22.5000    0.0000 2873.4500   14.5925
    0.0000  -22.5000    0.0000 2868.4270   14.5800
  -15.0000  -15.0000    0.0000 2829.5015   15.3021
   -7.5000  -15.0000    0.0000 2882.2932   14.8452
    0.0000  -15.0000    0.0000 2878.8921   14.7909
  -15.0000   -7.5000    0.0000 2779.6389   15.9367
   -7.5000   -7.5000    0.0000 2832.5662   15.4780
    0.0000   -7.5000    0.0000 2831.8926   15.4038
  -15.0000    0.0000    0.0000 2693.6699   16.8433
   -7.5000    0.0000    0.0000 2744.7859   16.3491
    0.0000    0.0000    0.0000 2750.8545   16.2726
  -15.0000    7.5000    0.0000 2591.2473   18.1588
   -7.5000    7.5000    0.0000 2638.2585   17.6381
    0.0000    7.5000    0.0000 2642.0957   17.5832
  -15.0000   15.0000    0.0000 2466.3862   19.8327
   -7.5000   15.0000    0.0000 2510.1411   19.2847
    0.0000   15.0000    0.0000 2507.1680   19.2445
  -15.0000   22.5000    0.0000 2312.7639   21.9879
   -7.5000   22.5000    0.0000 2354.0574   21.4190
    0.0000   22.5000    0.0000 2352.0713   21.4048
  -15.0000   30.0000    0.0000 2149.8770   24.7364
   -7.5000   30.0000    0.0000 2183.4609   24.1512
    0.0000   30.0000    0.0000 2186.0808   24.1594
  -15.0000   37.5000    0.0000 1969.4709   28.1780
   -7.5000   37.5000    0.0000 1991.4458   27.4384
    0.0000   37.5000    0.0000 1992.6823   27.4722
  -15.0000  -52.5000    7.5000 2496.9150   18.4452
   -7.5000  -52.5000    7.5000 2516.7104   17.8527
    0.0000  -52.5000    7.5000 2501.4678   17.8303
  -15.0000  -45.0000    7.5000 2633.8870   17.1322
   -7.5000  -45.0000    7.5000 2660.3093   16.5292
    0.0000  -45.0000    7.5000 2647.8333   16.4880
  -15.0000  -37.5000    7.5000 2747.1467   16.0013
   -7.5000  -37.5000    7.5000 2776.8264   15.4174
    0.0000  -37.5000    7.5000 2763.8774   15.3570
  -15.0000  -30.0000    7.5000 2822.4922   15.0936
   -7.5000  -30.0000    7.5000 2867.2852   14.5079
    0.0000  -30.0000    7.5000 2848.8064   14.5229
  -15.0000  -22.5000    7.5000 2869.8706   14.6599
   -7.5000  -22.5000    7.5000 2915.0010   14.0258
    0.0000  -22.5000    7.5000 2901.3425   14.1039
  -15.0000  -15.0000    7.5000 2866.0608   14.8259
   -7.5000  -15.0000    7.5000 2916.1848   14.2305
    0.0000  -15.0000    7.5000 2916.2510   14.2014
  -15.0000   -7.5000    7.5000 2809.9329   15.4502
   -7.5000   -7.5000    7.5000 2864.2253   14.9060
    0.0000   -7.5000    7.5000 2874.8962   14.9234
  -15.0000    0.0000    7.5000 2726.9312   16.3583
   -7.5000    0.0000    7.5000 2777.9707   15.8600
    0.0000    0.0000    7.5000 2793.7507   15.9283
  -15.0000    7.5000    7.5000 2623.7742   17.6250
   -7.5000    7.5000    7.5000 2671.7998   17.1252
    0.0000    7.5000    7.5000 2682.2324   17.2126
  -15.0000   15.0000    7.5000 2494.4873   19.2779
   -7.5000   15.0000    7.5000 2540.5134   18.7686
    0.0000   15.0000    7.5000 2541.1030   18.8505
  -15.0000   22.5000    7.5000 2339.5906   21.4437
   -7.5000   22.5000    7.5000 2381.5149   20.9061
    0.0000   22.5000    7.5000 2384.7043   20.9880
  -15.0000   30.0000    7.5000 2174.2644   24.1963
   -7.5000   30.0000    7.5000 2208.2463   23.6138
    0.0000   30.0000    7.5000 2210.2681   23.6792
  -15.0000   37.5000    7.5000 1988.5112   27.4610
   -7.5000   37.5000    7.5000 2013.3226   26.7987
    0.0000   37.5000    7.5000 2009.5084   26.9149
  -15.0000  -52.5000   15.0000 2477.9797   18.5337
   -7.5000  -52.5000   15.0000 2498.7957   17.8457
    0.0000  -52.5000   15.0000 2485.7473   17.8066
  -15.0000  -45.0000   15.0000 2618.1311   17.2252
   -7.5000  -45.0000   15.0000 2646.5154   16.5363
    0.0000  -45.0000   15.0000 2635.1060   16.4706
  -15.0000  -37.5000   15.0000 2730.7122   16.0624
   -7.5000  -37.5000   15.0000 2765.1453   15.4040
    0.0000  -37.5000   15.0000 2757.6812   15.3681
  -15.0000  -30.0000   15.0000 2814.2080   15.1432
   -7.5000  -30.0000   15.0000 2857.8230   14.4936
    0.0000  -30.0000   15.0000 2851.9851   14.5038
  -15.0000  -22.5000   15.0000 2868.8721   14.7211
   -7.5000  -22.5000   15.0000 2914.8203   13.9996
    0.0000  -22.5000   15.0000 2910.8970   14.0727
  -15.0000  -15.0000   15.0000 2878.0010   14.7700
   -7.5000  -15.0000   15.0000 2929.9402   14.1140
    0.0000  -15.0000   15.0000 2945.1726   14.2682
  -15.0000   -7.5000   15.0000 2824.7502   15.4131
   -7.5000   -7.5000   15.0000 2877.2869   14.8478
    0.0000   -7.5000   15.0000 2899.1787   14.9812
  -15.0000    0.0000   15.0000 2738.1892   16.2989
   -7.5000    0.0000   15.0000 2785.0586   15.7720
    0.0000    0.0000   15.0000 2803.6389   15.8798
  -15.0000    7.5000   15.0000 2626.5232   17.5198
   -7.5000    7.5000   15.0000 2672.6221   16.9831
    0.0000    7.5000   15.0000 2682.2859   17.0667
  -15.0000   15.0000   15.0000 2495.9753   19.2011
   -7.5000   15.0000   15.0000 2543.5122   18.6351
    0.0000   15.0000   15.0000 2545.4246   18.6805
  -15.0000   22.5000   15.0000 2341.8040   21.3099
   -7.5000   22.5000   15.0000 2387.8809   20.7681
    0.0000   22.5000   15.0000 2387.1606   20.8008
  -15.0000   30.0000   15.0000 2176.5718   24.0236
   -7.5000   30.0000   15.0000 2212.5247   23.4504
    0.0000   30.0000   15.0000 2211.6514   23.4368
  -15.0000   37.5000   15.0000 1987.8875   27.2885
   -7.5000   37.5000   15.0000 2012.7913   26.5793
    0.0000   37.5000   15.0000 2012.4017   26.5533
  -15.0000  -52.5000   22.5000 2445.4727   18.9310
   -7.5000  -52.5000   22.5000 2470.7878   18.1962
    0.0000  -52.5000   22.5000 2464.5315   18.1451
  -15.0000  -45.0000   22.5000 2581.8401   17.6040
   -7.5000  -45.0000   22.5000 2612.8853   16.8601
    0.0000  -45.0000   22.5000 2614.3232   16.8366
  -15.0000  -37.5000   22.5000 2686.1211   16.4335
   -7.5000  -37.5000   22.5000 2719.1995   15.7092
    0.0000  -37.5000   22.5000 2729.9792   15.7136
  -15.0000  -30.0000   22.5000 2771.6348   15.6149
   -7.5000  -30.0000   22.5000 2814.0466   14.8602
    0.0000  -30.0000   22.5000 2818.4622   14.8195
  -15.0000  -22.5000   22.5000 2834.4683   15.2544
   -7.5000  -22.5000   22.5000 2887.9966   14.5324
    0.0000  -22.5000   22.5000 2890.0542   14.5191
  -15.0000  -15.0000   22.5000 2852.6511   15.3031
   -7.5000  -15.0000   22.5000 2914.3118   14.6970
    0.0000  -15.0000   22.5000 2919.1140   14.6833
  -15.0000   -7.5000   22.5000 2800.4263   15.8033
   -7.5000   -7.5000   22.5000 2861.7043   15.2649
    0.0000   -7.5000   22.5000 2870.2839   15.2040
  -15.0000    0.0000   22.5000 2708.2903   16.5998
   -7.5000    0.0000   22.5000 2767.4751   16.0565
    0.0000    0.0000   22.5000 2778.9810   15.9985
  -15.0000    7.5000   22.5000 2596.9944   17.7621
   -7.5000    7.5000   22.5000 2649.9568   17.2198
    0.0000    7.5000   22.5000 2658.4824   17.1793
  -15.0000   15.0000   22.5000 2475.0933   19.3853
   -7.5000   15.0000   22.5000 2522.0232   18.8285
    0.0000   15.0000   22.5000 2524.5271   18.7881
  -15.0000   22.5000   22.5000 2329.3450   21.5392
   -7.5000   22.5000   22.5000 2368.4009   20.9775
    0.0000   22.5000   22.5000 2366.0461   20.9240
  -15.0000   30.0000   22.5000 2163.8625   24.3201
   -7.5000   30.0000   22.5000 2195.8530   23.6982
    0.0000   30.0000   22.5000 2192.0417   23.5886
  -15.0000   37.5000   22.5000 1973.3694   27.5748
   -7.5000   37.5000   22.5000 2000.9031   26.9108
    0.0000   37.5000   22.5000 1999.1582   26.7504
  -15.0000  -52.5000   30.0000 2403.2878   19.6984
   -7.5000  -52.5000   30.0000 2435.6013   18.9705
    0.0000  -52.5000   30.0000 2442.2363   18.8751
  -15.0000  -45.0000   30.0000 2534.1821   18.4062
   -7.5000  -45.0000   30.0000 2576.5024   17.7186
    0.0000  -45.0000   30.0000 2586.4570   17.6080
  -15.0000  -37.5000   30.0000 2635.3972   17.2598
   -7.5000  -37.5000   30.0000 2677.6414   16.5756
    0.0000  -37.5000   30.0000 2690.6035   16.4512
  -15.0000  -30.0000   30.0000 2721.2529   16.4818
   -7.5000  -30.0000   30.0000 2767.0371   15.7286
    0.0000  -30.0000   30.0000 2773.0796   15.5900
  -15.0000  -22.5000   30.0000 2772.9326   16.0388
   -7.5000  -22.5000   30.0000 2829.9827   15.3557
    0.0000  -22.5000   30.0000 2835.9780   15.2766
  -15.0000  -15.0000   30.0000 2792.9851   16.0323
   -7.5000  -15.0000   30.0000 2846.9607   15.4397
    0.0000  -15.0000   30.0000 2852.5308   15.3570
  -15.0000   -7.5000   30.0000 2741.7979   16.5140
   -7.5000   -7.5000   30.0000 2797.7190   15.9614
    0.0000   -7.5000   30.0000 2800.8374   15.8269
  -15.0000    0.0000   30.0000 2657.1477   17.2883
   -7.5000    0.0000   30.0000 2712.1423   16.8149
    0.0000    0.0000   30.0000 2718.4783   16.6233
  -15.0000    7.5000   30.0000 2552.4204   18.3796
   -7.5000    7.5000   30.0000 2602.6680   17.9053
    0.0000    7.5000   30.0000 2606.2600   17.7311
  -15.0000   15.0000   30.0000 2433.0840   19.9137
   -7.5000   15.0000   30.0000 2477.3489   19.3973
    0.0000   15.0000   30.0000 2484.5151   19.2628
  -15.0000   22.5000   30.0000 2292.0000   21.9885
   -7.5000   22.5000   30.0000 2323.1816   21.4488
    0.0000   22.5000   30.0000 2325.6047   21.3284
  -15.0000   30.0000   30.0000 2130.3130   24.7006
   -7.5000   30.0000   30.0000 2159.4995   24.0648
    0.0000   30.0000   30.0000 2160.1565   23.9437
  -15.0000   37.5000   30.0000 1947.1096   28.0120
   -7.5000   37.5000   30.0000 1979.2748   27.1662
    0.0000   37.5000   30.0000 1980.3282   27.0855
  -15.0000  -52.5000   37.5000 2354.0085   20.8097
   -7.5000  -52.5000   37.5000 2395.1062   20.1245
    0.0000  -52.5000   37.5000 2404.6543   20.0013
  -15.0000  -45.0000   37.5000 2473.1829   19.4493
   -7.5000  -45.0000   37.5000 2524.2825   18.7348
    0.0000  -45.0000   37.5000 2536.5835   18.6229
  -15.0000  -37.5000   37.5000 2569.0710   18.2912
   -7.5000  -37.5000   37.5000 2621.8804   17.5586
    0.0000  -37.5000   37.5000 2637.2346   17.3969
  -15.0000  -30.0000   37.5000 2647.6133   17.4059
   -7.5000  -30.0000   37.5000 2698.0635   16.6694
    0.0000  -30.0000   37.5000 2714.2129   16.5879
  -15.0000  -22.5000   37.5000 2696.4387   16.9457
   -7.5000  -22.5000   37.5000 2745.2039   16.2862
    0.0000  -22.5000   37.5000 2759.3694   16.2371
  -15.0000  -15.0000   37.5000 2708.8223   16.9408
   -7.5000  -15.0000   37.5000 2750.9785   16.3583
    0.0000  -15.0000   37.5000 2760.6953   16.3114
  -15.0000   -7.5000   37.5000 2661.5203   17.3700
   -7.5000   -7.5000   37.5000 2704.2488   16.8308
    0.0000   -7.5000   37.5000 2710.9763   16.7490
  -15.0000    0.0000   37.5000 2587.6367   18.1081
   -7.5000    0.0000   37.5000 2632.0476   17.5702
    0.0000    0.0000   37.5000 2639.3391   17.4787
  -15.0000    7.5000   37.5000 2488.4722   19.2428
   -7.5000    7.5000   37.5000 2533.8049   18.7189
    0.0000    7.5000   37.5000 2538.6433   18.5846
  -15.0000   15.0000   37.5000 2375.5654   20.7767
   -7.5000   15.0000   37.5000 2413.7603   20.2242
    0.0000   15.0000   37.5000 2415.0601   20.0625
  -15.0000   22.5000   37.5000 2238.5010   22.7613
   -7.5000   22.5000   37.5000 2262.5544   22.1556
    0.0000   22.5000   37.5000 2268.1892   22.0353
  -15.0000   30.0000   37.5000 2083.4360   25.4434
   -7.5000   30.0000   37.5000 2109.6006   24.7702
    0.0000   30.0000   37.5000 2115.4697   24.6441
  -15.0000   37.5000   37.5000 1911.0774   28.7008
   -7.5000   37.5000   37.5000 1945.5004   27.9023
    0.0000   37.5000   37.5000 1944.0892   27.7913
  -15.0000  -52.5000   45.0000 2269.3872   21.9408
   -7.5000  -52.5000   45.0000 2314.6348   21.2295
    0.0000  -52.5000   45.0000 2325.5142   21.0895
  -15.0000  -45.0000   45.0000 2381.9058   20.5248
   -7.5000  -45.0000   45.0000 2435.0037   19.7866
    0.0000  -45.0000   45.0000 2451.1194   19.6772
  -15.0000  -37.5000   45.0000 2469.7888   19.3061
   -7.5000  -37.5000   45.0000 2527.3215   18.6070
    0.0000  -37.5000   45.0000 2548.8699   18.4916
  -15.0000  -30.0000   45.0000 2545.6658   18.4138
   -7.5000  -30.0000   45.0000 2592.2258   17.7137
    0.0000  -30.0000   45.0000 2614.1533   17.6737
  -15.0000  -22.5000   45.0000 2588.5332   17.9334
   -7.5000  -22.5000   45.0000 2628.9290   17.3146
    0.0000  -22.5000   45.0000 2649.4048   17.2816
  -15.0000  -15.0000   45.0000 2589.5828   17.9675
   -7.5000  -15.0000   45.0000 2624.9929   17.3796
    0.0000  -15.0000   45.0000 2641.0146   17.3325
  -15.0000   -7.5000   45.0000 2548.5542   18.3592
   -7.5000   -7.5000   45.0000 2585.0854   17.8255
    0.0000   -7.5000   45.0000 2595.3645   17.7615
  -15.0000    0.0000   45.0000 2478.6782   19.0809
   -7.5000    0.0000   45.0000 2517.2012   18.5555
    0.0000    0.0000   45.0000 2529.8425   18.4784
  -15.0000    7.5000   45.0000 2394.0730   20.1601
   -7.5000    7.5000   45.0000 2427.4465   19.6301
    0.0000    7.5000   45.0000 2435.1760   19.5651
  -15.0000   15.0000   45.0000 2284.1855   21.6714
   -7.5000   15.0000   45.0000 2315.3704   21.0941
    0.0000   15.0000   45.0000 2316.5793   20.9909
  -15.0000   22.5000   45.0000 2151.6301   23.6918
   -7.5000   22.5000   45.0000 2180.7104   23.0797
    0.0000   22.5000   45.0000 2183.5186   22.9698
  -15.0000   30.0000   45.0000 2013.2590   26.3275
   -7.5000   30.0000   45.0000 2039.3295   25.6952
    0.0000   30.0000   45.0000 2040.9850   25.5976
  -15.0000   37.5000   45.0000 1851.4230   29.6049
   -7.5000   37.5000   45.0000 1875.5295   28.8040
    0.0000   37.5000   45.0000 1878.1431   28.7292

---------------------------------------------------------------------
imgreg_4dfp /opt/freesurfer/average/711-2C_as_mni_average_305 /opt/freesurfer/average/711-2B_as_mni_average_305_mask talsrcimg_g11 none talsrcimg_to_711-2C_as_mni_average_305_t4 1283
---------------------------------------------------------------------

freesurfer imgreg_4dfp.c
/opt/freesurfer/average/711-2C_as_mni_average_305.4dfp.img
       256       256       256         1
  1.000000  1.000000  1.000000
orientation T byte_order littleendian
Reading image: /opt/freesurfer/average/711-2C_as_mni_average_305.4dfp.img
dimensions:      256       256       256
mmppix:       1.0000   -1.0000   -1.0000
center:     128.0000 -129.0000 -129.0000
/opt/freesurfer/average/711-2B_as_mni_average_305_mask.4dfp.img
       256       256       256         1
  1.000000  1.000000  1.000000
orientation T byte_order littleendian
Reading mask: /opt/freesurfer/average/711-2B_as_mni_average_305_mask.4dfp.img (2306576 pixels)
talsrcimg_g11.4dfp.img
       256       256       256         1
  0.900000  0.900000  0.900000
orientation T byte_order littleendian
Reading image: talsrcimg_g11.4dfp.img
dimensions:      256       256       256
mmppix:       0.9000   -0.9000   -0.9000
center:     115.2000 -116.1000 -116.1000
rotation matrix determinant  1.000000
fimgreg.f
image alignment mode   1283 decimal      503 hex
parameters
    0.0000  -15.0000   15.0000    0.0000    0.0000    0.0000
eta,q 0.92385 14.27393
niter,ni,del,rscale     5    3   12.0000    1.2000
parameter  4  1.591966 ->  0.500000 qaram    1.1500
parameter  5  2.253281 ->  0.500000 qaram    1.1500
parameters
   -0.8798  -16.2166   15.0616   -3.4500   -3.4500   -0.1107
eta,q 0.92763 14.03501
  0.0850  0.0810  0.0809  0.0737  0.0717  0.0752
  0.0805  0.0795  0.0785  0.0749  0.0723  0.0743
  0.0775  0.0781  0.0778  0.0763  0.0731  0.0732
  0.0771  0.0770  0.0776  0.0775  0.0752  0.0724
  0.0785  0.0781  0.0769  0.0782  0.0773  0.0727
  0.0835  0.0830  0.0780  0.0804  0.0789  0.0741
  0.0947  0.0877  0.0813  0.0838  0.0806  0.0759
niter,ni,del,rscale     6    3   12.0000    1.2000
parameter  4  1.206718 ->  0.500000 qaram    1.3225
parameter  5  1.061804 ->  0.500000 qaram    1.3225
parameters
   -0.2258  -14.0058   14.7064   -7.4175   -7.4175   -1.7653
eta,q 0.93467 14.02392
  0.0820  0.0817  0.0770  0.0680  0.0658  0.0681
  0.0776  0.0778  0.0738  0.0674  0.0654  0.0663
  0.0744  0.0741  0.0713  0.0694  0.0667  0.0654
  0.0724  0.0716  0.0714  0.0713  0.0679  0.0658
  0.0707  0.0714  0.0718  0.0731  0.0701  0.0675
  0.0732  0.0714  0.0739  0.0753  0.0722  0.0699
  0.0799  0.0737  0.0795  0.0789  0.0747  0.0728
niter,ni,del,rscale     7    3   12.0000    1.2000
parameters
    0.1037  -13.3839   14.4435   -8.0614   -7.2650   -2.0902
eta,q 0.93512 14.02316
  0.0737  0.0774  0.0703  0.0740  0.0728  0.0694
  0.0700  0.0739  0.0698  0.0712  0.0685  0.0671
  0.0673  0.0681  0.0674  0.0663  0.0645  0.0654
  0.0653  0.0651  0.0649  0.0651  0.0648  0.0649
  0.0644  0.0656  0.0658  0.0680  0.0654  0.0656
  0.0672  0.0694  0.0696  0.0730  0.0683  0.0678
  0.0736  0.0744  0.0726  0.0772  0.0717  0.0705
niter,ni,del,rscale     6    3   12.0000    1.2000
parameters
   -0.1110  -13.0917   14.1381   -8.5506   -7.2706   -2.0400
eta,q 0.93489 13.99588
  0.0721  0.0775  0.0694  0.0745  0.0722  0.0700
  0.0684  0.0730  0.0693  0.0719  0.0682  0.0676
  0.0663  0.0672  0.0676  0.0669  0.0647  0.0658
  0.0649  0.0651  0.0650  0.0653  0.0651  0.0651
  0.0643  0.0662  0.0658  0.0678  0.0655  0.0655
  0.0683  0.0706  0.0690  0.0729  0.0684  0.0674
  0.0748  0.0760  0.0718  0.0775  0.0718  0.0700
niter,ni,del,rscale     5    3   12.0000    1.2000
parameters
   -0.2029  -12.9008   13.8078   -8.8436   -7.2538   -2.0169
eta,q 0.93465 13.97393
  0.0722  0.0777  0.0690  0.0750  0.0721  0.0703
  0.0687  0.0727  0.0690  0.0726  0.0683  0.0679
  0.0665  0.0672  0.0679  0.0677  0.0652  0.0660
  0.0651  0.0652  0.0652  0.0654  0.0654  0.0654
  0.0643  0.0665  0.0658  0.0677  0.0658  0.0658
  0.0680  0.0712  0.0686  0.0725  0.0685  0.0677
  0.0742  0.0766  0.0714  0.0774  0.0716  0.0703
niter,ni,del,rscale     4    3   12.0000    1.2000
parameters
   -0.2757  -12.7961   13.5749   -9.0353   -7.2156   -2.0044
eta,q 0.93439 13.95937
  0.0721  0.0778  0.0687  0.0754  0.0721  0.0706
  0.0690  0.0725  0.0688  0.0730  0.0684  0.0681
  0.0670  0.0672  0.0683  0.0683  0.0656  0.0662
  0.0653  0.0654  0.0654  0.0657  0.0656  0.0656
  0.0644  0.0670  0.0655  0.0678  0.0661  0.0661
  0.0683  0.0718  0.0682  0.0724  0.0687  0.0680
  0.0741  0.0771  0.0710  0.0775  0.0716  0.0706
niter,ni,del,rscale     3    3   12.0000    1.2000
parameters
   -0.3213  -12.7414   13.3904   -9.1622   -7.2018   -1.9996
eta,q 0.93413 13.94686
  0.0721  0.0779  0.0686  0.0756  0.0722  0.0708
  0.0693  0.0725  0.0686  0.0734  0.0686  0.0684
  0.0675  0.0673  0.0685  0.0688  0.0659  0.0664
  0.0656  0.0657  0.0657  0.0659  0.0659  0.0659
  0.0645  0.0674  0.0655  0.0679  0.0664  0.0664
  0.0684  0.0723  0.0680  0.0724  0.0689  0.0683
  0.0740  0.0774  0.0707  0.0775  0.0717  0.0709
niter,ni,del,rscale     2    3   12.0000    1.2000
parameters
   -0.3614  -12.7207   13.2536   -9.2310   -7.1968   -1.9981
eta,q 0.93390 13.93637
  0.0720  0.0780  0.0685  0.0758  0.0722  0.0711
  0.0695  0.0726  0.0685  0.0737  0.0687  0.0686
  0.0678  0.0675  0.0687  0.0692  0.0661  0.0667
  0.0659  0.0659  0.0659  0.0661  0.0661  0.0661
  0.0647  0.0677  0.0654  0.0681  0.0667  0.0666
  0.0686  0.0726  0.0678  0.0724  0.0690  0.0686
  0.0740  0.0776  0.0705  0.0776  0.0718  0.0711
niter,ni,del,rscale     1    3   12.0000    1.2000
parameters
   -0.3870  -12.7158   13.1494   -9.2686   -7.2030   -1.9936
eta,q 0.93371 13.92887
  0.0720  0.0781  0.0685  0.0760  0.0722  0.0713
  0.0697  0.0727  0.0684  0.0739  0.0689  0.0688
  0.0681  0.0677  0.0688  0.0695  0.0663  0.0668
  0.0661  0.0661  0.0661  0.0663  0.0663  0.0663
  0.0648  0.0679  0.0654  0.0683  0.0669  0.0668
  0.0686  0.0729  0.0677  0.0725  0.0692  0.0688
  0.0740  0.0778  0.0704  0.0776  0.0718  0.0713
registration optimization eta report
parameter search radius
    6.0000    6.0000    6.0000    7.9350    7.9350    6.0000
100000*second partial in parameter space
       20.       32.        8.       15.        9.       14.
  0.0720  0.0781  0.0685  0.0760  0.0722  0.0713
  0.0697  0.0727  0.0684  0.0739  0.0689  0.0688
  0.0681  0.0677  0.0688  0.0695  0.0663  0.0668
  0.0661  0.0661  0.0661  0.0663  0.0663  0.0663
  0.0648  0.0679  0.0654  0.0683  0.0669  0.0668
  0.0686  0.0729  0.0677  0.0725  0.0692  0.0688
  0.0740  0.0778  0.0704  0.0776  0.0718  0.0713
   -0.3870  -12.7158   13.1494   -9.2686   -7.2030   -1.9936
eta,q 0.93371 13.92887

---------------------------------------------------------------------
imgreg_4dfp /opt/freesurfer/average/711-2C_as_mni_average_305 /opt/freesurfer/average/711-2B_as_mni_average_305_mask talsrcimg_g11 none talsrcimg_to_711-2C_as_mni_average_305_t4 3335
---------------------------------------------------------------------

freesurfer imgreg_4dfp.c
/opt/freesurfer/average/711-2C_as_mni_average_305.4dfp.img
       256       256       256         1
  1.000000  1.000000  1.000000
orientation T byte_order littleendian
Reading image: /opt/freesurfer/average/711-2C_as_mni_average_305.4dfp.img
dimensions:      256       256       256
mmppix:       1.0000   -1.0000   -1.0000
center:     128.0000 -129.0000 -129.0000
/opt/freesurfer/average/711-2B_as_mni_average_305_mask.4dfp.img
       256       256       256         1
  1.000000  1.000000  1.000000
orientation T byte_order littleendian
Reading mask: /opt/freesurfer/average/711-2B_as_mni_average_305_mask.4dfp.img (2306576 pixels)
talsrcimg_g11.4dfp.img
       256       256       256         1
  0.900000  0.900000  0.900000
orientation T byte_order littleendian
Reading image: talsrcimg_g11.4dfp.img
dimensions:      256       256       256
mmppix:       0.9000   -0.9000   -0.9000
center:     115.2000 -116.1000 -116.1000
fimgreg.f
image alignment mode   3335 decimal      D07 hex
parameters
   -0.3870  -12.7158   13.1494   -0.8492   -1.2951   -2.0845
    1.4151   12.9275   -3.4513   15.6660  -12.5384  -15.9792
eta,q 0.93270 13.94067
niter,ni,del,rscale     5    3    5.0000    1.2000
parameter  3  1.148589 -> -0.500000 qaram    1.1500
parameter  4  6.014953 ->  0.500000 qaram    1.1500
parameter  5  3.017355 ->  0.500000 qaram    1.1500
parameter  6  2.028538 ->  0.500000 qaram    1.1500
parameter 11 -2.545786 -> -0.500000 qaram    1.1500
parameter 12 -0.837681 -> -0.500000 qaram    1.1500
parameters
   -0.0650  -12.8026   14.5294   -4.9892   -5.4351   -6.2245
    0.1410   15.8305   -4.5059   12.7376   -8.3984  -11.8392
eta,q 0.95383 13.16016
  0.0687  0.0691  0.0674  0.0565  0.0515  0.0478  0.0510  0.0539  0.0505  0.0500  0.0517  0.0501
  0.0681  0.0680  0.0672  0.0597  0.0543  0.0494  0.0504  0.0525  0.0497  0.0489  0.0506  0.0489
  0.0676  0.0673  0.0672  0.0634  0.0574  0.0519  0.0500  0.0511  0.0494  0.0486  0.0496  0.0478
  0.0673  0.0672  0.0672  0.0669  0.0607  0.0552  0.0500  0.0500  0.0494  0.0493  0.0486  0.0470
  0.0672  0.0676  0.0671  0.0709  0.0647  0.0582  0.0504  0.0494  0.0497  0.0507  0.0476  0.0464
  0.0676  0.0683  0.0669  0.0752  0.0693  0.0625  0.0511  0.0496  0.0503  0.0528  0.0468  0.0461
  0.0682  0.0692  0.0668  0.0794  0.0738  0.0667  0.0522  0.0507  0.0513  0.0555  0.0465  0.0462
niter,ni,del,rscale     7    3    5.0000    1.2000
parameter  4  2.148248 ->  0.500000 qaram    1.3225
parameter  5  1.110874 ->  0.500000 qaram    1.3225
parameter  6  0.768827 ->  0.500000 qaram    1.3225
parameters
   -0.6937  -12.8497   13.9299   -9.7502  -10.1961  -10.9855
    3.5193   14.4916   -4.3828   12.4369   -8.7252   -8.9290
eta,q 0.96679 12.65995
  0.0473  0.0482  0.0474  0.0368  0.0342  0.0328  0.0378  0.0361  0.0352  0.0354  0.0349  0.0349
  0.0465  0.0471  0.0464  0.0379  0.0351  0.0337  0.0362  0.0343  0.0342  0.0342  0.0339  0.0343
  0.0461  0.0463  0.0459  0.0412  0.0363  0.0341  0.0349  0.0335  0.0336  0.0336  0.0334  0.0338
  0.0462  0.0460  0.0460  0.0459  0.0386  0.0353  0.0340  0.0334  0.0334  0.0334  0.0334  0.0334
  0.0469  0.0464  0.0467  0.0512  0.0420  0.0400  0.0335  0.0343  0.0335  0.0335  0.0336  0.0332
  0.0481  0.0472  0.0478  0.0565  0.0461  0.0452  0.0335  0.0364  0.0341  0.0343  0.0342  0.0333
  0.0499  0.0485  0.0492  0.0610  0.0507  0.0506  0.0342  0.0393  0.0350  0.0359  0.0351  0.0337
niter,ni,del,rscale     7    3    5.0000    1.2000
parameter  2  0.653583 ->  0.500000 qaram    1.1500
parameter  3  2.689499 ->  0.500000 qaram    1.3225
parameter  5  0.721996 ->  0.500000 qaram    1.5209
parameter 11  0.829191 ->  0.500000 qaram    1.3225
parameter 12  0.621185 ->  0.500000 qaram    1.3225
parameters
   -1.1828  -14.2297   12.3429  -13.8769  -15.6713  -14.5282
    3.0857   13.3663   -5.2847   10.1435  -13.4862  -13.6900
eta,q 0.97499 12.40457
  0.0351  0.0326  0.0280  0.0302  0.0270  0.0282  0.0284  0.0287  0.0275  0.0274  0.0257  0.0254
  0.0337  0.0323  0.0288  0.0291  0.0268  0.0270  0.0274  0.0273  0.0269  0.0264  0.0256  0.0250
  0.0331  0.0325  0.0303  0.0284  0.0274  0.0266  0.0268  0.0266  0.0265  0.0261  0.0258  0.0251
  0.0332  0.0331  0.0323  0.0291  0.0285  0.0269  0.0266  0.0266  0.0265  0.0265  0.0261  0.0256
  0.0340  0.0340  0.0345  0.0323  0.0300  0.0286  0.0269  0.0272  0.0268  0.0273  0.0267  0.0265
  0.0354  0.0352  0.0366  0.0373  0.0329  0.0335  0.0277  0.0286  0.0273  0.0285  0.0273  0.0275
  0.0375  0.0368  0.0387  0.0431  0.0362  0.0398  0.0290  0.0307  0.0282  0.0302  0.0281  0.0288
niter,ni,del,rscale     7    3    5.0000    1.2000
parameter  3  0.505488 ->  0.500000 qaram    1.5209
parameters
   -0.9570  -14.6847   10.5179  -14.1021  -15.1542  -15.4472
    2.8663   14.6614   -5.1512   11.7130  -13.4858  -15.3404
eta,q 0.97563 12.43708
  0.0282  0.0271  0.0248  0.0285  0.0304  0.0284  0.0268  0.0296  0.0263  0.0282  0.0264  0.0258
  0.0267  0.0256  0.0243  0.0268  0.0277  0.0266  0.0256  0.0269  0.0254  0.0264  0.0249  0.0249
  0.0256  0.0249  0.0242  0.0254  0.0254  0.0252  0.0248  0.0252  0.0248  0.0252  0.0244  0.0244
  0.0250  0.0250  0.0248  0.0242  0.0243  0.0243  0.0245  0.0245  0.0245  0.0245  0.0245  0.0245
  0.0251  0.0257  0.0261  0.0243  0.0251  0.0240  0.0248  0.0247  0.0247  0.0245  0.0248  0.0250
  0.0258  0.0271  0.0279  0.0265  0.0266  0.0266  0.0257  0.0254  0.0253  0.0249  0.0253  0.0259
  0.0273  0.0289  0.0302  0.0299  0.0296  0.0326  0.0271  0.0267  0.0262  0.0260  0.0259  0.0271
niter,ni,del,rscale     7    3    5.0000    1.2000
parameters
   -1.1200  -14.7229   10.1222  -13.7155  -15.1729  -15.0705
    2.8179   15.1195   -5.1995   12.1854  -12.8492  -15.7038
eta,q 0.97583 12.47063
  0.0267  0.0274  0.0265  0.0288  0.0299  0.0289  0.0265  0.0284  0.0259  0.0271  0.0266  0.0262
  0.0254  0.0256  0.0252  0.0271  0.0273  0.0270  0.0253  0.0259  0.0249  0.0255  0.0248  0.0250
  0.0246  0.0246  0.0246  0.0256  0.0252  0.0254  0.0244  0.0244  0.0243  0.0245  0.0241  0.0244
  0.0244  0.0244  0.0244  0.0244  0.0242  0.0242  0.0241  0.0241  0.0241  0.0241  0.0241  0.0242
  0.0247  0.0248  0.0248  0.0240  0.0252  0.0230  0.0244  0.0245  0.0244  0.0243  0.0244  0.0245
  0.0258  0.0259  0.0259  0.0258  0.0270  0.0244  0.0252  0.0255  0.0250  0.0249  0.0249  0.0253
  0.0275  0.0274  0.0278  0.0290  0.0302  0.0301  0.0266  0.0272  0.0259  0.0264  0.0256  0.0264
niter,ni,del,rscale     6    3    5.0000    1.2000
parameters
   -1.1899  -14.7217    9.9320  -13.5139  -15.1916  -14.9605
    2.8954   15.1359   -5.2573   12.3546  -12.4689  -15.8310
eta,q 0.97589 12.48201
  0.0267  0.0273  0.0265  0.0286  0.0299  0.0287  0.0266  0.0278  0.0258  0.0268  0.0264  0.0262
  0.0253  0.0255  0.0251  0.0269  0.0273  0.0268  0.0253  0.0255  0.0248  0.0253  0.0247  0.0250
  0.0245  0.0244  0.0244  0.0254  0.0252  0.0253  0.0244  0.0243  0.0242  0.0243  0.0240  0.0243
  0.0242  0.0242  0.0242  0.0242  0.0241  0.0241  0.0241  0.0241  0.0241  0.0241  0.0241  0.0241
  0.0245  0.0246  0.0244  0.0238  0.0251  0.0227  0.0243  0.0245  0.0243  0.0242  0.0244  0.0244
  0.0254  0.0256  0.0254  0.0258  0.0270  0.0245  0.0252  0.0256  0.0249  0.0250  0.0249  0.0252
  0.0271  0.0271  0.0272  0.0293  0.0301  0.0307  0.0265  0.0276  0.0259  0.0266  0.0256  0.0262
niter,ni,del,rscale     5    3    5.0000    1.2000
parameters
   -1.2383  -14.7273    9.8784  -13.4273  -15.2080  -14.9289
    2.9277   15.0945   -5.2838   12.4145  -12.3272  -15.8623
eta,q 0.97592 12.48634
  0.0267  0.0272  0.0266  0.0285  0.0298  0.0287  0.0265  0.0278  0.0258  0.0267  0.0262  0.0262
  0.0253  0.0254  0.0251  0.0268  0.0273  0.0268  0.0253  0.0255  0.0248  0.0252  0.0246  0.0250
  0.0244  0.0244  0.0244  0.0254  0.0251  0.0253  0.0244  0.0243  0.0242  0.0243  0.0240  0.0243
  0.0241  0.0241  0.0241  0.0241  0.0241  0.0241  0.0241  0.0241  0.0241  0.0241  0.0241  0.0241
  0.0244  0.0245  0.0243  0.0238  0.0251  0.0227  0.0243  0.0245  0.0243  0.0243  0.0244  0.0244
  0.0253  0.0255  0.0252  0.0259  0.0270  0.0245  0.0252  0.0256  0.0249  0.0250  0.0249  0.0251
  0.0270  0.0271  0.0269  0.0294  0.0301  0.0309  0.0265  0.0277  0.0258  0.0267  0.0256  0.0262
niter,ni,del,rscale     4    3    5.0000    1.2000
parameters
   -1.2581  -14.7261    9.8654  -13.3988  -15.2145  -14.9235
    2.9371   15.0704   -5.2903   12.4313  -12.2859  -15.8742
eta,q 0.97593 12.48739
  0.0267  0.0272  0.0267  0.0285  0.0298  0.0287  0.0265  0.0278  0.0259  0.0267  0.0261  0.0262
  0.0253  0.0254  0.0251  0.0268  0.0273  0.0268  0.0253  0.0255  0.0248  0.0252  0.0245  0.0250
  0.0244  0.0243  0.0244  0.0253  0.0251  0.0253  0.0244  0.0243  0.0242  0.0243  0.0240  0.0243
  0.0241  0.0241  0.0241  0.0241  0.0241  0.0241  0.0241  0.0241  0.0241  0.0241  0.0241  0.0241
  0.0243  0.0245  0.0243  0.0238  0.0251  0.0226  0.0243  0.0245  0.0243  0.0243  0.0244  0.0243
  0.0253  0.0255  0.0251  0.0259  0.0270  0.0246  0.0252  0.0256  0.0249  0.0250  0.0249  0.0251
  0.0269  0.0270  0.0268  0.0295  0.0301  0.0310  0.0266  0.0277  0.0258  0.0268  0.0256  0.0262
registration optimization eta report
parameter search radius
    2.4000    2.7600    3.6501    9.5220   10.9503    9.5220
    7.2000    7.2000    7.2000    7.2000    9.5220    9.5220
100000*second partial in parameter space
       48.       40.       20.        5.        5.        7.
        5.        7.        3.        5.        2.        2.
  0.0267  0.0272  0.0267  0.0285  0.0298  0.0287  0.0265  0.0278  0.0259  0.0267  0.0261  0.0262
  0.0253  0.0254  0.0251  0.0268  0.0273  0.0268  0.0253  0.0255  0.0248  0.0252  0.0245  0.0250
  0.0244  0.0243  0.0244  0.0253  0.0251  0.0253  0.0244  0.0243  0.0242  0.0243  0.0240  0.0243
  0.0241  0.0241  0.0241  0.0241  0.0241  0.0241  0.0241  0.0241  0.0241  0.0241  0.0241  0.0241
  0.0243  0.0245  0.0243  0.0238  0.0251  0.0226  0.0243  0.0245  0.0243  0.0243  0.0244  0.0243
  0.0253  0.0255  0.0251  0.0259  0.0270  0.0246  0.0252  0.0256  0.0249  0.0250  0.0249  0.0251
  0.0269  0.0270  0.0268  0.0295  0.0301  0.0310  0.0266  0.0277  0.0258  0.0268  0.0256  0.0262
   -1.2581  -14.7261    9.8654  -13.3988  -15.2145  -14.9235
    2.9371   15.0704   -5.2903   12.4313  -12.2859  -15.8742
eta,q 0.97593 12.48739

---------------------------------------------------------------------
imgreg_4dfp /opt/freesurfer/average/711-2C_as_mni_average_305 /opt/freesurfer/average/711-2B_as_mni_average_305_mask talsrcimg_g11 none talsrcimg_to_711-2C_as_mni_average_305_t4 2311
---------------------------------------------------------------------

freesurfer imgreg_4dfp.c
/opt/freesurfer/average/711-2C_as_mni_average_305.4dfp.img
       256       256       256         1
  1.000000  1.000000  1.000000
orientation T byte_order littleendian
Reading image: /opt/freesurfer/average/711-2C_as_mni_average_305.4dfp.img
dimensions:      256       256       256
mmppix:       1.0000   -1.0000   -1.0000
center:     128.0000 -129.0000 -129.0000
/opt/freesurfer/average/711-2B_as_mni_average_305_mask.4dfp.img
       256       256       256         1
  1.000000  1.000000  1.000000
orientation T byte_order littleendian
Reading mask: /opt/freesurfer/average/711-2B_as_mni_average_305_mask.4dfp.img (2306576 pixels)
talsrcimg_g11.4dfp.img
       256       256       256         1
  0.900000  0.900000  0.900000
orientation T byte_order littleendian
Reading image: talsrcimg_g11.4dfp.img
dimensions:      256       256       256
mmppix:       0.9000   -0.9000   -0.9000
center:     115.2000 -116.1000 -116.1000
fimgreg.f
image alignment mode   2311 decimal      907 hex
parameters
   -1.2581  -14.7261    9.8654  -13.3988  -15.2145  -14.9235
    2.9371   15.0704   -5.2903   12.4313  -12.2859  -15.8742
eta,q 0.97593 12.48739
niter,ni,del,rscale     5    3    5.0000    0.8000
parameter  6 -0.850026 -> -0.500000 qaram    1.1500
parameters
   -1.2058  -14.7990   10.0061  -11.7918  -15.3626  -12.1635
    2.9118   15.7756   -4.9149   12.6310  -11.5941  -15.7686
eta,q 0.97761 12.60408
  0.0254  0.0250  0.0245  0.0260  0.0253  0.0257  0.0239  0.0264  0.0236  0.0244  0.0239  0.0232
  0.0247  0.0244  0.0243  0.0253  0.0244  0.0250  0.0231  0.0247  0.0230  0.0234  0.0231  0.0227
  0.0242  0.0241  0.0241  0.0247  0.0238  0.0243  0.0227  0.0233  0.0226  0.0227  0.0226  0.0225
  0.0241  0.0241  0.0241  0.0241  0.0237  0.0237  0.0225  0.0225  0.0224  0.0224  0.0224  0.0224
  0.0242  0.0242  0.0241  0.0237  0.0240  0.0229  0.0226  0.0225  0.0225  0.0225  0.0225  0.0225
  0.0245  0.0246  0.0242  0.0238  0.0246  0.0225  0.0231  0.0233  0.0228  0.0230  0.0227  0.0227
  0.0252  0.0252  0.0244  0.0246  0.0254  0.0232  0.0239  0.0248  0.0232  0.0242  0.0232  0.0231
niter,ni,del,rscale     5    3    5.0000    0.8000
parameters
   -1.4595  -14.8385    9.8720  -12.2971  -15.5085  -12.8183
    3.0248   15.3405   -5.1424   12.9071  -11.7474  -15.8647
eta,q 0.97740 12.58631
  0.0236  0.0236  0.0233  0.0241  0.0242  0.0251  0.0240  0.0249  0.0235  0.0243  0.0235  0.0233
  0.0228  0.0228  0.0227  0.0233  0.0233  0.0243  0.0233  0.0235  0.0230  0.0235  0.0229  0.0229
  0.0224  0.0224  0.0224  0.0227  0.0226  0.0234  0.0228  0.0228  0.0227  0.0229  0.0226  0.0227
  0.0224  0.0224  0.0224  0.0223  0.0224  0.0224  0.0227  0.0227  0.0226  0.0226  0.0226  0.0226
  0.0228  0.0225  0.0226  0.0226  0.0227  0.0226  0.0228  0.0231  0.0228  0.0226  0.0228  0.0227
  0.0235  0.0230  0.0230  0.0237  0.0234  0.0245  0.0232  0.0242  0.0231  0.0231  0.0231  0.0229
  0.0247  0.0236  0.0237  0.0254  0.0244  0.0285  0.0239  0.0259  0.0236  0.0241  0.0235  0.0233
niter,ni,del,rscale     4    3    5.0000    0.7000
parameters
   -1.4532  -14.8175    9.7676  -12.0533  -15.4620  -12.7772
    3.0320   15.4615   -5.1583   12.9594  -11.6839  -15.9826
eta,q 0.97748 12.59498
  0.0238  0.0235  0.0233  0.0243  0.0241  0.0250  0.0235  0.0250  0.0233  0.0238  0.0233  0.0230
  0.0232  0.0230  0.0228  0.0236  0.0233  0.0243  0.0230  0.0237  0.0228  0.0231  0.0228  0.0227
  0.0228  0.0227  0.0226  0.0230  0.0228  0.0235  0.0227  0.0229  0.0226  0.0227  0.0226  0.0226
  0.0226  0.0226  0.0226  0.0226  0.0226  0.0226  0.0225  0.0225  0.0225  0.0225  0.0225  0.0225
  0.0227  0.0227  0.0227  0.0226  0.0227  0.0224  0.0226  0.0227  0.0226  0.0226  0.0226  0.0226
  0.0231  0.0230  0.0230  0.0231  0.0233  0.0234  0.0230  0.0235  0.0229  0.0230  0.0229  0.0228
  0.0238  0.0235  0.0234  0.0242  0.0240  0.0259  0.0236  0.0247  0.0233  0.0238  0.0232  0.0231
niter,ni,del,rscale     3    3    5.0000    0.6000
parameters
   -1.4681  -14.8132    9.7467  -11.9118  -15.5058  -12.4448
    3.0226   15.5066   -5.1440   12.9381  -11.5579  -16.0972
eta,q 0.97762 12.60334
  0.0234  0.0232  0.0231  0.0239  0.0237  0.0247  0.0231  0.0243  0.0229  0.0233  0.0231  0.0228
  0.0230  0.0228  0.0228  0.0233  0.0230  0.0241  0.0227  0.0233  0.0226  0.0228  0.0227  0.0225
  0.0226  0.0226  0.0226  0.0228  0.0226  0.0233  0.0225  0.0226  0.0224  0.0225  0.0224  0.0224
  0.0225  0.0225  0.0225  0.0225  0.0225  0.0225  0.0224  0.0224  0.0224  0.0224  0.0224  0.0224
  0.0226  0.0226  0.0226  0.0225  0.0227  0.0223  0.0225  0.0226  0.0224  0.0224  0.0225  0.0224
  0.0230  0.0228  0.0228  0.0230  0.0231  0.0230  0.0227  0.0232  0.0226  0.0228  0.0226  0.0226
  0.0235  0.0232  0.0231  0.0239  0.0237  0.0247  0.0232  0.0242  0.0229  0.0234  0.0229  0.0228
niter,ni,del,rscale     2    3    5.0000    0.5000
parameters
   -1.4901  -14.7952    9.7877  -11.8461  -15.5921  -12.1142
    3.0126   15.4962   -5.1481   12.9507  -11.4653  -16.1982
eta,q 0.97771 12.60795
  0.0230  0.0229  0.0229  0.0234  0.0232  0.0243  0.0228  0.0237  0.0227  0.0230  0.0228  0.0226
  0.0227  0.0226  0.0226  0.0229  0.0227  0.0237  0.0225  0.0229  0.0225  0.0226  0.0225  0.0224
  0.0225  0.0224  0.0224  0.0226  0.0225  0.0230  0.0224  0.0224  0.0223  0.0224  0.0223  0.0223
  0.0224  0.0224  0.0224  0.0224  0.0224  0.0224  0.0223  0.0223  0.0223  0.0223  0.0223  0.0223
  0.0225  0.0224  0.0224  0.0224  0.0225  0.0223  0.0223  0.0224  0.0223  0.0223  0.0223  0.0223
  0.0227  0.0226  0.0226  0.0228  0.0228  0.0228  0.0225  0.0229  0.0225  0.0226  0.0225  0.0224
  0.0231  0.0228  0.0228  0.0234  0.0233  0.0240  0.0228  0.0237  0.0227  0.0230  0.0227  0.0226
niter,ni,del,rscale     1    3    5.0000    0.4000
parameters
   -1.5076  -14.7687    9.8519  -11.8046  -15.6914  -11.8619
    3.0185   15.4795   -5.1704   12.9920  -11.4123  -16.2861
eta,q 0.97776 12.60996
  0.0227  0.0226  0.0226  0.0230  0.0228  0.0238  0.0226  0.0232  0.0225  0.0227  0.0226  0.0224
  0.0225  0.0224  0.0225  0.0227  0.0225  0.0232  0.0224  0.0227  0.0223  0.0225  0.0224  0.0223
  0.0223  0.0223  0.0223  0.0224  0.0223  0.0227  0.0223  0.0224  0.0223  0.0223  0.0223  0.0223
  0.0223  0.0223  0.0223  0.0223  0.0223  0.0223  0.0222  0.0222  0.0222  0.0222  0.0222  0.0222
  0.0223  0.0223  0.0223  0.0223  0.0224  0.0223  0.0223  0.0224  0.0223  0.0223  0.0223  0.0223
  0.0225  0.0224  0.0224  0.0225  0.0226  0.0227  0.0224  0.0227  0.0224  0.0224  0.0224  0.0223
  0.0228  0.0226  0.0225  0.0230  0.0229  0.0235  0.0226  0.0232  0.0225  0.0227  0.0225  0.0224
registration optimization eta report
parameter search radius
    0.8000    0.8000    0.8000    2.4000    2.4000    2.7600
    2.4000    2.4000    2.4000    2.4000    2.4000    2.4000
100000*second partial in parameter space
       71.       48.       49.       12.       10.       17.
        6.       16.        4.        8.        5.        3.
  0.0227  0.0226  0.0226  0.0230  0.0228  0.0238  0.0226  0.0232  0.0225  0.0227  0.0226  0.0224
  0.0225  0.0224  0.0225  0.0227  0.0225  0.0232  0.0224  0.0227  0.0223  0.0225  0.0224  0.0223
  0.0223  0.0223  0.0223  0.0224  0.0223  0.0227  0.0223  0.0224  0.0223  0.0223  0.0223  0.0223
  0.0223  0.0223  0.0223  0.0223  0.0223  0.0223  0.0222  0.0222  0.0222  0.0222  0.0222  0.0222
  0.0223  0.0223  0.0223  0.0223  0.0224  0.0223  0.0223  0.0224  0.0223  0.0223  0.0223  0.0223
  0.0225  0.0224  0.0224  0.0225  0.0226  0.0227  0.0224  0.0227  0.0224  0.0224  0.0224  0.0223
  0.0228  0.0226  0.0225  0.0230  0.0229  0.0235  0.0226  0.0232  0.0225  0.0227  0.0225  0.0224
   -1.5076  -14.7687    9.8519  -11.8046  -15.6914  -11.8619
    3.0185   15.4795   -5.1704   12.9920  -11.4123  -16.2861
eta,q 0.97776 12.60996

---------------------------------------------------------------------
imgreg_4dfp /opt/freesurfer/average/711-2C_as_mni_average_305 /opt/freesurfer/average/711-2B_as_mni_average_305_mask talsrcimg_g11 none talsrcimg_to_711-2C_as_mni_average_305_t4 2311
---------------------------------------------------------------------

freesurfer imgreg_4dfp.c
/opt/freesurfer/average/711-2C_as_mni_average_305.4dfp.img
       256       256       256         1
  1.000000  1.000000  1.000000
orientation T byte_order littleendian
Reading image: /opt/freesurfer/average/711-2C_as_mni_average_305.4dfp.img
dimensions:      256       256       256
mmppix:       1.0000   -1.0000   -1.0000
center:     128.0000 -129.0000 -129.0000
/opt/freesurfer/average/711-2B_as_mni_average_305_mask.4dfp.img
       256       256       256         1
  1.000000  1.000000  1.000000
orientation T byte_order littleendian
Reading mask: /opt/freesurfer/average/711-2B_as_mni_average_305_mask.4dfp.img (2306576 pixels)
talsrcimg_g11.4dfp.img
       256       256       256         1
  0.900000  0.900000  0.900000
orientation T byte_order littleendian
Reading image: talsrcimg_g11.4dfp.img
dimensions:      256       256       256
mmppix:       0.9000   -0.9000   -0.9000
center:     115.2000 -116.1000 -116.1000
fimgreg.f
image alignment mode   2311 decimal      907 hex
parameters
   -1.5076  -14.7687    9.8519  -11.8046  -15.6914  -11.8619
    3.0185   15.4795   -5.1704   12.9920  -11.4123  -16.2861
eta,q 0.97776 12.60995
niter,ni,del,rscale     5    3    5.0000    0.8000
parameters
   -1.5507  -14.7102    9.9216  -12.3150  -15.7334  -12.4062
    3.0345   15.2842   -5.1836   13.0253  -11.5588  -16.0782
eta,q 0.97756 12.58813
  0.0239  0.0236  0.0236  0.0240  0.0242  0.0247  0.0237  0.0251  0.0234  0.0241  0.0234  0.0232
  0.0230  0.0228  0.0229  0.0232  0.0233  0.0240  0.0231  0.0236  0.0228  0.0233  0.0228  0.0228
  0.0224  0.0224  0.0224  0.0226  0.0226  0.0230  0.0226  0.0227  0.0225  0.0227  0.0225  0.0225
  0.0222  0.0222  0.0222  0.0222  0.0223  0.0223  0.0225  0.0224  0.0225  0.0225  0.0225  0.0224
  0.0225  0.0224  0.0224  0.0225  0.0226  0.0226  0.0226  0.0228  0.0226  0.0225  0.0226  0.0225
  0.0231  0.0227  0.0227  0.0237  0.0233  0.0242  0.0230  0.0239  0.0229  0.0231  0.0229  0.0227
  0.0242  0.0234  0.0234  0.0254  0.0243  0.0273  0.0238  0.0256  0.0234  0.0242  0.0234  0.0231
niter,ni,del,rscale     4    3    5.0000    0.7000
parameters
   -1.4837  -14.7569    9.8256  -12.1078  -15.6057  -12.3862
    3.0245   15.4127   -5.1586   12.9591  -11.5347  -16.0878
eta,q 0.97762 12.59641
  0.0238  0.0233  0.0232  0.0242  0.0240  0.0246  0.0234  0.0249  0.0231  0.0236  0.0232  0.0229
  0.0231  0.0228  0.0227  0.0235  0.0232  0.0240  0.0229  0.0236  0.0227  0.0230  0.0227  0.0226
  0.0226  0.0225  0.0225  0.0229  0.0226  0.0231  0.0225  0.0227  0.0225  0.0226  0.0224  0.0224
  0.0224  0.0224  0.0224  0.0224  0.0224  0.0224  0.0224  0.0224  0.0224  0.0224  0.0224  0.0224
  0.0225  0.0226  0.0226  0.0224  0.0226  0.0224  0.0225  0.0226  0.0225  0.0225  0.0225  0.0224
  0.0229  0.0229  0.0229  0.0230  0.0231  0.0233  0.0228  0.0234  0.0227  0.0229  0.0228  0.0226
  0.0236  0.0234  0.0234  0.0241  0.0238  0.0252  0.0234  0.0247  0.0231  0.0239  0.0231  0.0229
niter,ni,del,rscale     3    3    5.0000    0.6000
parameters
   -1.4874  -14.7820    9.8064  -11.9842  -15.6021  -12.1378
    3.0193   15.4566   -5.1448   12.9119  -11.4622  -16.1444
eta,q 0.97770 12.60358
  0.0233  0.0230  0.0230  0.0237  0.0236  0.0243  0.0231  0.0243  0.0229  0.0233  0.0230  0.0227
  0.0228  0.0227  0.0227  0.0232  0.0229  0.0237  0.0227  0.0232  0.0225  0.0228  0.0226  0.0225
  0.0225  0.0224  0.0224  0.0227  0.0225  0.0230  0.0224  0.0225  0.0224  0.0224  0.0224  0.0223
  0.0224  0.0224  0.0224  0.0224  0.0224  0.0224  0.0223  0.0223  0.0223  0.0223  0.0223  0.0223
  0.0225  0.0225  0.0225  0.0224  0.0225  0.0223  0.0224  0.0225  0.0224  0.0224  0.0224  0.0224
  0.0228  0.0227  0.0227  0.0229  0.0229  0.0229  0.0226  0.0231  0.0225  0.0227  0.0226  0.0225
  0.0234  0.0231  0.0230  0.0238  0.0236  0.0243  0.0231  0.0242  0.0228  0.0234  0.0229  0.0227
niter,ni,del,rscale     2    3    5.0000    0.5000
parameters
   -1.5023  -14.7784    9.8472  -11.9091  -15.6611  -11.9023
    3.0179   15.4581   -5.1445   12.9270  -11.4195  -16.2050
eta,q 0.97774 12.60735
  0.0230  0.0228  0.0228  0.0233  0.0231  0.0239  0.0228  0.0237  0.0226  0.0230  0.0227  0.0225
  0.0226  0.0225  0.0225  0.0229  0.0227  0.0233  0.0225  0.0229  0.0224  0.0226  0.0225  0.0224
  0.0224  0.0223  0.0224  0.0225  0.0224  0.0227  0.0223  0.0224  0.0223  0.0224  0.0223  0.0223
  0.0223  0.0223  0.0223  0.0223  0.0223  0.0223  0.0223  0.0223  0.0223  0.0223  0.0222  0.0223
  0.0224  0.0224  0.0223  0.0223  0.0224  0.0223  0.0223  0.0224  0.0223  0.0223  0.0223  0.0223
  0.0226  0.0225  0.0225  0.0227  0.0227  0.0228  0.0225  0.0229  0.0224  0.0225  0.0225  0.0224
  0.0230  0.0228  0.0227  0.0233  0.0232  0.0237  0.0228  0.0237  0.0226  0.0230  0.0227  0.0226
niter,ni,del,rscale     1    3    5.0000    0.4000
parameters
   -1.5158  -14.7591    9.8961  -11.8641  -15.7330  -11.7337
    3.0211   15.4546   -5.1659   12.9649  -11.3995  -16.2757
eta,q 0.97777 12.60881
  0.0227  0.0226  0.0226  0.0229  0.0228  0.0234  0.0226  0.0232  0.0225  0.0227  0.0226  0.0224
  0.0225  0.0224  0.0224  0.0226  0.0225  0.0230  0.0224  0.0227  0.0223  0.0225  0.0224  0.0223
  0.0223  0.0223  0.0223  0.0224  0.0223  0.0225  0.0223  0.0223  0.0223  0.0223  0.0223  0.0223
  0.0223  0.0223  0.0223  0.0223  0.0222  0.0222  0.0222  0.0222  0.0222  0.0222  0.0222  0.0222
  0.0223  0.0223  0.0223  0.0223  0.0223  0.0223  0.0223  0.0223  0.0223  0.0223  0.0223  0.0223
  0.0225  0.0224  0.0224  0.0225  0.0225  0.0226  0.0224  0.0227  0.0223  0.0224  0.0224  0.0223
  0.0227  0.0225  0.0225  0.0230  0.0229  0.0233  0.0226  0.0232  0.0225  0.0227  0.0225  0.0224
registration optimization eta report
parameter search radius
    0.8000    0.8000    0.8000    2.4000    2.4000    2.4000
    2.4000    2.4000    2.4000    2.4000    2.4000    2.4000
100000*second partial in parameter space
       71.       48.       49.       12.       10.       19.
        6.       16.        4.        8.        5.        3.
  0.0227  0.0226  0.0226  0.0229  0.0228  0.0234  0.0226  0.0232  0.0225  0.0227  0.0226  0.0224
  0.0225  0.0224  0.0224  0.0226  0.0225  0.0230  0.0224  0.0227  0.0223  0.0225  0.0224  0.0223
  0.0223  0.0223  0.0223  0.0224  0.0223  0.0225  0.0223  0.0223  0.0223  0.0223  0.0223  0.0223
  0.0223  0.0223  0.0223  0.0223  0.0222  0.0222  0.0222  0.0222  0.0222  0.0222  0.0222  0.0222
  0.0223  0.0223  0.0223  0.0223  0.0223  0.0223  0.0223  0.0223  0.0223  0.0223  0.0223  0.0223
  0.0225  0.0224  0.0224  0.0225  0.0225  0.0226  0.0224  0.0227  0.0223  0.0224  0.0224  0.0223
  0.0227  0.0225  0.0225  0.0230  0.0229  0.0233  0.0226  0.0232  0.0225  0.0227  0.0225  0.0224
   -1.5158  -14.7591    9.8961  -11.8641  -15.7330  -11.7337
    3.0211   15.4546   -5.1659   12.9649  -11.3995  -16.2757
eta,q 0.97777 12.60881

---------------------------------------------------------------------
compute_vox2vox talsrcimg talsrcimg_to_711-2C_as_mni_average_305_t4 /opt/freesurfer/average/711-2C_as_mni_average_305
---------------------------------------------------------------------

freesurfer compute_vox2vox.c
Reading: talsrcimg.4dfp.ifh
Reading: talsrcimg_to_711-2C_as_mni_average_305_t4
Reading: /opt/freesurfer/average/711-2C_as_mni_average_305.4dfp.ifh
Writing: talsrcimg_to_711-2C_as_mni_average_305_t4_vox2vox.txt

start time Wed Mar 11 20:18:33 CET 2026
end		time Wed Mar 11 20:20:00 CET 2026

mpr2mni305 success

avi2talxfm orig_nu.mgz /opt/freesurfer/average/mni305.cor.mgz talsrcimg_to_711-2C_as_mni_average_305_t4_vox2vox.txt transforms/talairach.auto.xfm
avi2talxfm done
mv -f /out/sourcedata/freesurfer/sub-v2s1x29882_ses-1/mri/talsrcimg_to_711-2C_as_mni_average_305_t4_vox2vox.txt /out/sourcedata/freesurfer/sub-v2s1x29882_ses-1/mri/transforms/talsrcimg_to_711-2C_as_mni_average_305_t4_vox2vox.txt
lta_convert --src orig_nu.mgz --trg /opt/freesurfer/average/mni305.cor.mgz --inxfm transforms/talairach.auto.xfm --outlta transforms/talairach.auto.xfm.lta --subject fsaverage
7.3.2

--src: orig_nu.mgz src image (geometry).
--trg: /opt/freesurfer/average/mni305.cor.mgz trg image (geometry).
--inmni: transforms/talairach.auto.xfm input MNI/XFM transform.
--outlta: transforms/talairach.auto.xfm.lta output LTA.
--s: fsaverage subject name
 LTA read, type : 1
 1.10658  -0.18274  -0.07497  -1.11763;
 0.15113   1.07672   0.20254  -39.00026;
 0.04459  -0.17686   1.15095  -22.38040;
 0.00000   0.00000   0.00000   1.00000;
setting subject to fsaverage
Writing  LTA to file transforms/talairach.auto.xfm.lta...
lta_convert successful.
 
 
Started at Wed Mar 11 20:18:32 CET 2026
Ended   at Wed Mar 11 20:20:01 CET 2026
talairach_avi done
