status file for recon-all
Wed Mar 11 18:34:34 CET 2026
#@# MotionCor Wed Mar 11 18:34:35 CET 2026
#@# Talairach Wed Mar 11 18:34:41 CET 2026
#@# Talairach Failure Detection Wed Mar 11 18:37:33 CET 2026
#@# Nu Intensity Correction Wed Mar 11 18:37:33 CET 2026
#@# Intensity Normalization Wed Mar 11 18:40:21 CET 2026
recon-all -s sub-v2s1x29868_ses-1 finished without error at Wed Mar 11 18:41:35 CET 2026



#New# invocation of recon-all 



status file for recon-all
Wed Mar 11 18:47:53 CET 2026
#@# EM Registration Wed Mar 11 18:47:53 CET 2026
recon-all -s sub-v2s1x29868_ses-1 finished without error at Wed Mar 11 18:49:53 CET 2026



#New# invocation of recon-all 



status file for recon-all
Wed Mar 11 18:49:56 CET 2026
#@# CA Normalize Wed Mar 11 18:49:56 CET 2026
#@# CA Reg Wed Mar 11 18:50:52 CET 2026
#@# SubCort Seg Wed Mar 11 19:37:48 CET 2026
#@# CC Seg Wed Mar 11 20:06:39 CET 2026
#@# Merge ASeg Wed Mar 11 20:06:58 CET 2026
#@# Intensity Normalization2 Wed Mar 11 20:06:58 CET 2026
#@# Mask BFS Wed Mar 11 20:08:20 CET 2026
#@# WM Segmentation Wed Mar 11 20:08:21 CET 2026
#@# Fill Wed Mar 11 20:10:09 CET 2026
recon-all -s sub-v2s1x29868_ses-1 finished without error at Wed Mar 11 20:10:47 CET 2026



#New# invocation of recon-all 



status file for recon-all
Wed Mar 11 21:07:54 CET 2026
#@# white curv lh Wed Mar 11 21:07:54 CET 2026
#@# white area lh Wed Mar 11 21:07:54 CET 2026
#@# pial curv lh Wed Mar 11 21:07:54 CET 2026
#@# pial area lh Wed Mar 11 21:07:54 CET 2026
#@# thickness lh Wed Mar 11 21:07:54 CET 2026
#@# area and vertex vol lh Wed Mar 11 21:07:54 CET 2026
#@# white curv rh Wed Mar 11 21:07:54 CET 2026
#@# white area rh Wed Mar 11 21:07:54 CET 2026
#@# pial curv rh Wed Mar 11 21:07:54 CET 2026
#@# pial area rh Wed Mar 11 21:07:54 CET 2026
#@# thickness rh Wed Mar 11 21:07:54 CET 2026
#@# area and vertex vol rh Wed Mar 11 21:07:54 CET 2026
#@# Cortical ribbon mask Wed Mar 11 21:07:54 CET 2026
recon-all -s sub-v2s1x29868_ses-1 finished without error at Wed Mar 11 21:14:38 CET 2026



#New# invocation of recon-all 



status file for recon-all
Wed Mar 11 21:21:44 CET 2026
#@# white curv lh Wed Mar 11 21:21:44 CET 2026
#@# white area lh Wed Mar 11 21:21:44 CET 2026
#@# pial curv lh Wed Mar 11 21:21:44 CET 2026
#@# pial area lh Wed Mar 11 21:21:44 CET 2026
#@# thickness lh Wed Mar 11 21:21:44 CET 2026
#@# area and vertex vol lh Wed Mar 11 21:21:44 CET 2026
#@# white curv rh Wed Mar 11 21:21:44 CET 2026
#@# white area rh Wed Mar 11 21:21:44 CET 2026
#@# pial curv rh Wed Mar 11 21:21:44 CET 2026
#@# pial area rh Wed Mar 11 21:21:44 CET 2026
#@# thickness rh Wed Mar 11 21:21:45 CET 2026
#@# area and vertex vol rh Wed Mar 11 21:21:45 CET 2026
#@# Curvature Stats lh Wed Mar 11 21:21:45 CET 2026
#@# Curvature Stats rh Wed Mar 11 21:21:47 CET 2026
#@# Relabel Hypointensities Wed Mar 11 21:21:50 CET 2026
#@# APas-to-ASeg Wed Mar 11 21:22:05 CET 2026
#@# AParc-to-ASeg aparc Wed Mar 11 21:22:14 CET 2026
#@# AParc-to-ASeg aparc.a2009s Wed Mar 11 21:22:56 CET 2026
#@# AParc-to-ASeg aparc.DKTatlas Wed Mar 11 21:23:39 CET 2026
#@# WMParc Wed Mar 11 21:24:20 CET 2026
#@# ASeg Stats Wed Mar 11 21:26:14 CET 2026
recon-all -s sub-v2s1x29868_ses-1 finished without error at Wed Mar 11 21:26:35 CET 2026
