status file for recon-all
Wed Mar 11 20:10:53 CET 2026
#@# Tessellate lh Wed Mar 11 20:10:53 CET 2026
#@# Smooth1 lh Wed Mar 11 20:10:56 CET 2026
#@# Inflation1 lh Wed Mar 11 20:10:58 CET 2026
#@# QSphere lh Wed Mar 11 20:12:21 CET 2026
#@# Fix Topology lh Wed Mar 11 20:13:43 CET 2026
#@# Smooth2 lh Wed Mar 11 20:19:28 CET 2026
#@# Inflation2 lh Wed Mar 11 20:19:31 CET 2026
#@# Curv .H and .K lh Wed Mar 11 20:20:00 CET 2026
#@# Sphere lh Wed Mar 11 20:20:50 CET 2026
#@# Surf Reg lh Wed Mar 11 20:24:00 CET 2026
#@# Jacobian white lh Wed Mar 11 20:29:35 CET 2026
#@# AvgCurv lh Wed Mar 11 20:29:36 CET 2026
#@# Cortical Parc lh Wed Mar 11 20:29:37 CET 2026
#@# white curv lh Wed Mar 11 20:37:35 CET 2026
#@# white area lh Wed Mar 11 20:37:37 CET 2026
#@# pial curv lh Wed Mar 11 20:37:38 CET 2026
#@# pial area lh Wed Mar 11 20:37:40 CET 2026
#@# thickness lh Wed Mar 11 20:37:41 CET 2026
#@# area and vertex vol lh Wed Mar 11 20:38:08 CET 2026
#@# Curvature Stats lh Wed Mar 11 20:38:10 CET 2026
#@# Cortical Parc 2 lh Wed Mar 11 20:38:13 CET 2026
#@# Cortical Parc 3 lh Wed Mar 11 20:38:26 CET 2026
#@# WM/GM Contrast lh Wed Mar 11 20:38:36 CET 2026
recon-all -s sub-v2s1x29868_ses-1 finished without error at Wed Mar 11 20:38:40 CET 2026



#New# invocation of recon-all 



status file for recon-all
Wed Mar 11 21:14:42 CET 2026
#@# white curv lh Wed Mar 11 21:14:42 CET 2026
#@# white area lh Wed Mar 11 21:14:42 CET 2026
#@# pial curv lh Wed Mar 11 21:14:42 CET 2026
#@# pial area lh Wed Mar 11 21:14:42 CET 2026
#@# thickness lh Wed Mar 11 21:14:42 CET 2026
#@# area and vertex vol lh Wed Mar 11 21:14:42 CET 2026
#@# Parcellation Stats lh Wed Mar 11 21:14:42 CET 2026
#@# Parcellation Stats 2 lh Wed Mar 11 21:15:07 CET 2026
#@# Parcellation Stats 3 lh Wed Mar 11 21:15:19 CET 2026
#@# BA_exvivo Labels lh Wed Mar 11 21:15:32 CET 2026
recon-all -s sub-v2s1x29868_ses-1 finished without error at Wed Mar 11 21:18:10 CET 2026
