status file for recon-all
Thu Mar 12 21:30:44 CET 2026
#@# Tessellate rh Thu Mar 12 21:30:44 CET 2026
#@# Smooth1 rh Thu Mar 12 21:30:46 CET 2026
#@# Inflation1 rh Thu Mar 12 21:30:48 CET 2026
#@# QSphere rh Thu Mar 12 21:32:05 CET 2026
#@# Fix Topology rh Thu Mar 12 21:33:00 CET 2026
#@# Smooth2 rh Thu Mar 12 21:46:44 CET 2026
#@# Inflation2 rh Thu Mar 12 21:46:47 CET 2026
#@# Curv .H and .K rh Thu Mar 12 21:47:54 CET 2026
#@# Sphere rh Thu Mar 12 21:48:34 CET 2026
#@# Surf Reg rh Thu Mar 12 21:53:23 CET 2026
#@# Jacobian white rh Thu Mar 12 22:03:21 CET 2026
#@# AvgCurv rh Thu Mar 12 22:03:22 CET 2026
#@# Cortical Parc rh Thu Mar 12 22:03:22 CET 2026
#@# white curv rh Thu Mar 12 22:09:06 CET 2026
#@# white area rh Thu Mar 12 22:09:07 CET 2026
#@# pial curv rh Thu Mar 12 22:09:08 CET 2026
#@# pial area rh Thu Mar 12 22:09:09 CET 2026
#@# thickness rh Thu Mar 12 22:09:10 CET 2026
#@# area and vertex vol rh Thu Mar 12 22:09:32 CET 2026
#@# Curvature Stats rh Thu Mar 12 22:09:33 CET 2026
#@# Cortical Parc 2 rh Thu Mar 12 22:09:35 CET 2026
#@# Cortical Parc 3 rh Thu Mar 12 22:09:46 CET 2026
#@# WM/GM Contrast rh Thu Mar 12 22:09:54 CET 2026
recon-all -s sub-v2s1x29897_ses-1 finished without error at Thu Mar 12 22:09:56 CET 2026



#New# invocation of recon-all 



status file for recon-all
Thu Mar 12 22:18:27 CET 2026
#@# white curv rh Thu Mar 12 22:18:27 CET 2026
#@# white area rh Thu Mar 12 22:18:27 CET 2026
#@# pial curv rh Thu Mar 12 22:18:27 CET 2026
#@# pial area rh Thu Mar 12 22:18:27 CET 2026
#@# thickness rh Thu Mar 12 22:18:27 CET 2026
#@# area and vertex vol rh Thu Mar 12 22:18:27 CET 2026
#@# Parcellation Stats rh Thu Mar 12 22:18:27 CET 2026
#@# Parcellation Stats 2 rh Thu Mar 12 22:18:44 CET 2026
#@# Parcellation Stats 3 rh Thu Mar 12 22:18:53 CET 2026
#@# BA_exvivo Labels rh Thu Mar 12 22:19:02 CET 2026
recon-all -s sub-v2s1x29897_ses-1 finished without error at Thu Mar 12 22:21:06 CET 2026
