status file for recon-all
Thu Mar 12 19:39:32 CET 2026
#@# MotionCor Thu Mar 12 19:39:34 CET 2026
#@# Talairach Thu Mar 12 19:39:40 CET 2026
#@# Talairach Failure Detection Thu Mar 12 19:42:30 CET 2026
#@# Nu Intensity Correction Thu Mar 12 19:42:30 CET 2026
#@# Intensity Normalization Thu Mar 12 19:45:18 CET 2026
recon-all -s sub-v2s1x29897_ses-1 finished without error at Thu Mar 12 19:46:19 CET 2026



#New# invocation of recon-all 



status file for recon-all
Thu Mar 12 19:52:53 CET 2026
#@# EM Registration Thu Mar 12 19:52:53 CET 2026
recon-all -s sub-v2s1x29897_ses-1 finished without error at Thu Mar 12 19:54:51 CET 2026



#New# invocation of recon-all 



status file for recon-all
Thu Mar 12 19:54:53 CET 2026
#@# CA Normalize Thu Mar 12 19:54:53 CET 2026
#@# CA Reg Thu Mar 12 19:55:45 CET 2026
#@# SubCort Seg Thu Mar 12 20:35:04 CET 2026
#@# CC Seg Thu Mar 12 21:01:13 CET 2026
#@# Merge ASeg Thu Mar 12 21:01:41 CET 2026
#@# Intensity Normalization2 Thu Mar 12 21:01:41 CET 2026
#@# Mask BFS Thu Mar 12 21:03:07 CET 2026
#@# WM Segmentation Thu Mar 12 21:03:08 CET 2026
#@# Fill Thu Mar 12 21:04:54 CET 2026
recon-all -s sub-v2s1x29897_ses-1 finished without error at Thu Mar 12 21:05:36 CET 2026



#New# invocation of recon-all 



status file for recon-all
Thu Mar 12 22:10:00 CET 2026
#@# white curv lh Thu Mar 12 22:10:00 CET 2026
#@# white area lh Thu Mar 12 22:10:00 CET 2026
#@# pial curv lh Thu Mar 12 22:10:00 CET 2026
#@# pial area lh Thu Mar 12 22:10:00 CET 2026
#@# thickness lh Thu Mar 12 22:10:00 CET 2026
#@# area and vertex vol lh Thu Mar 12 22:10:00 CET 2026
#@# white curv rh Thu Mar 12 22:10:00 CET 2026
#@# white area rh Thu Mar 12 22:10:00 CET 2026
#@# pial curv rh Thu Mar 12 22:10:01 CET 2026
#@# pial area rh Thu Mar 12 22:10:01 CET 2026
#@# thickness rh Thu Mar 12 22:10:01 CET 2026
#@# area and vertex vol rh Thu Mar 12 22:10:01 CET 2026
#@# Cortical ribbon mask Thu Mar 12 22:10:01 CET 2026
recon-all -s sub-v2s1x29897_ses-1 finished without error at Thu Mar 12 22:15:33 CET 2026



#New# invocation of recon-all 



status file for recon-all
Thu Mar 12 22:21:11 CET 2026
#@# white curv lh Thu Mar 12 22:21:11 CET 2026
#@# white area lh Thu Mar 12 22:21:11 CET 2026
#@# pial curv lh Thu Mar 12 22:21:11 CET 2026
#@# pial area lh Thu Mar 12 22:21:11 CET 2026
#@# thickness lh Thu Mar 12 22:21:11 CET 2026
#@# area and vertex vol lh Thu Mar 12 22:21:11 CET 2026
#@# white curv rh Thu Mar 12 22:21:11 CET 2026
#@# white area rh Thu Mar 12 22:21:11 CET 2026
#@# pial curv rh Thu Mar 12 22:21:11 CET 2026
#@# pial area rh Thu Mar 12 22:21:11 CET 2026
#@# thickness rh Thu Mar 12 22:21:11 CET 2026
#@# area and vertex vol rh Thu Mar 12 22:21:11 CET 2026
#@# Curvature Stats lh Thu Mar 12 22:21:11 CET 2026
#@# Curvature Stats rh Thu Mar 12 22:21:13 CET 2026
#@# Relabel Hypointensities Thu Mar 12 22:21:15 CET 2026
#@# APas-to-ASeg Thu Mar 12 22:21:29 CET 2026
#@# AParc-to-ASeg aparc Thu Mar 12 22:21:35 CET 2026
#@# AParc-to-ASeg aparc.a2009s Thu Mar 12 22:22:01 CET 2026
#@# AParc-to-ASeg aparc.DKTatlas Thu Mar 12 22:22:28 CET 2026
#@# WMParc Thu Mar 12 22:23:01 CET 2026
#@# ASeg Stats Thu Mar 12 22:25:10 CET 2026
recon-all -s sub-v2s1x29897_ses-1 finished without error at Thu Mar 12 22:25:31 CET 2026
