status file for recon-all
Thu Mar 12 21:05:40 CET 2026
#@# Tessellate lh Thu Mar 12 21:05:40 CET 2026
#@# Smooth1 lh Thu Mar 12 21:05:43 CET 2026
#@# Inflation1 lh Thu Mar 12 21:05:46 CET 2026
#@# QSphere lh Thu Mar 12 21:07:02 CET 2026
#@# Fix Topology lh Thu Mar 12 21:07:57 CET 2026
#@# Smooth2 lh Thu Mar 12 21:14:58 CET 2026
#@# Inflation2 lh Thu Mar 12 21:15:01 CET 2026
#@# Curv .H and .K lh Thu Mar 12 21:15:38 CET 2026
#@# Sphere lh Thu Mar 12 21:16:22 CET 2026
#@# Surf Reg lh Thu Mar 12 21:19:22 CET 2026
#@# Jacobian white lh Thu Mar 12 21:23:58 CET 2026
#@# AvgCurv lh Thu Mar 12 21:23:59 CET 2026
#@# Cortical Parc lh Thu Mar 12 21:24:00 CET 2026
#@# white curv lh Thu Mar 12 21:29:47 CET 2026
#@# white area lh Thu Mar 12 21:29:48 CET 2026
#@# pial curv lh Thu Mar 12 21:29:49 CET 2026
#@# pial area lh Thu Mar 12 21:29:51 CET 2026
#@# thickness lh Thu Mar 12 21:29:51 CET 2026
#@# area and vertex vol lh Thu Mar 12 21:30:14 CET 2026
#@# Curvature Stats lh Thu Mar 12 21:30:15 CET 2026
#@# Cortical Parc 2 lh Thu Mar 12 21:30:17 CET 2026
#@# Cortical Parc 3 lh Thu Mar 12 21:30:29 CET 2026
#@# WM/GM Contrast lh Thu Mar 12 21:30:37 CET 2026
recon-all -s sub-v2s1x29897_ses-1 finished without error at Thu Mar 12 21:30:40 CET 2026



#New# invocation of recon-all 



status file for recon-all
Thu Mar 12 22:15:37 CET 2026
#@# white curv lh Thu Mar 12 22:15:37 CET 2026
#@# white area lh Thu Mar 12 22:15:37 CET 2026
#@# pial curv lh Thu Mar 12 22:15:37 CET 2026
#@# pial area lh Thu Mar 12 22:15:37 CET 2026
#@# thickness lh Thu Mar 12 22:15:37 CET 2026
#@# area and vertex vol lh Thu Mar 12 22:15:37 CET 2026
#@# Parcellation Stats lh Thu Mar 12 22:15:37 CET 2026
#@# Parcellation Stats 2 lh Thu Mar 12 22:15:55 CET 2026
#@# Parcellation Stats 3 lh Thu Mar 12 22:16:04 CET 2026
#@# BA_exvivo Labels lh Thu Mar 12 22:16:14 CET 2026
recon-all -s sub-v2s1x29897_ses-1 finished without error at Thu Mar 12 22:18:24 CET 2026
