status file for recon-all
Thu Mar 12 23:00:50 CET 2026
#@# Tessellate rh Thu Mar 12 23:00:50 CET 2026
#@# Smooth1 rh Thu Mar 12 23:00:54 CET 2026
#@# Inflation1 rh Thu Mar 12 23:00:57 CET 2026
#@# QSphere rh Thu Mar 12 23:02:11 CET 2026
#@# Fix Topology rh Thu Mar 12 23:03:31 CET 2026
#@# Smooth2 rh Thu Mar 12 23:11:24 CET 2026
#@# Inflation2 rh Thu Mar 12 23:11:27 CET 2026
#@# Curv .H and .K rh Thu Mar 12 23:12:11 CET 2026
#@# Sphere rh Thu Mar 12 23:13:08 CET 2026
#@# Surf Reg rh Thu Mar 12 23:16:15 CET 2026
#@# Jacobian white rh Thu Mar 12 23:21:11 CET 2026
#@# AvgCurv rh Thu Mar 12 23:21:12 CET 2026
#@# Cortical Parc rh Thu Mar 12 23:21:13 CET 2026
#@# white curv rh Thu Mar 12 23:29:03 CET 2026
#@# white area rh Thu Mar 12 23:29:05 CET 2026
#@# pial curv rh Thu Mar 12 23:29:06 CET 2026
#@# pial area rh Thu Mar 12 23:29:08 CET 2026
#@# thickness rh Thu Mar 12 23:29:09 CET 2026
#@# area and vertex vol rh Thu Mar 12 23:29:48 CET 2026
#@# Curvature Stats rh Thu Mar 12 23:29:49 CET 2026
#@# Cortical Parc 2 rh Thu Mar 12 23:29:52 CET 2026
#@# Cortical Parc 3 rh Thu Mar 12 23:30:08 CET 2026
#@# WM/GM Contrast rh Thu Mar 12 23:30:21 CET 2026
recon-all -s sub-v2s1x29916_ses-1 finished without error at Thu Mar 12 23:30:25 CET 2026



#New# invocation of recon-all 



status file for recon-all
Thu Mar 12 23:41:06 CET 2026
#@# white curv rh Thu Mar 12 23:41:06 CET 2026
#@# white area rh Thu Mar 12 23:41:06 CET 2026
#@# pial curv rh Thu Mar 12 23:41:06 CET 2026
#@# pial area rh Thu Mar 12 23:41:06 CET 2026
#@# thickness rh Thu Mar 12 23:41:06 CET 2026
#@# area and vertex vol rh Thu Mar 12 23:41:06 CET 2026
#@# Parcellation Stats rh Thu Mar 12 23:41:06 CET 2026
#@# Parcellation Stats 2 rh Thu Mar 12 23:41:31 CET 2026
#@# Parcellation Stats 3 rh Thu Mar 12 23:41:44 CET 2026
#@# BA_exvivo Labels rh Thu Mar 12 23:41:56 CET 2026
recon-all -s sub-v2s1x29916_ses-1 finished without error at Thu Mar 12 23:44:53 CET 2026
