status file for recon-all
Thu Mar 12 22:31:22 CET 2026
#@# Tessellate lh Thu Mar 12 22:31:22 CET 2026
#@# Smooth1 lh Thu Mar 12 22:31:25 CET 2026
#@# Inflation1 lh Thu Mar 12 22:31:28 CET 2026
#@# QSphere lh Thu Mar 12 22:32:46 CET 2026
#@# Fix Topology lh Thu Mar 12 22:34:12 CET 2026
#@# Smooth2 lh Thu Mar 12 22:42:05 CET 2026
#@# Inflation2 lh Thu Mar 12 22:42:09 CET 2026
#@# Curv .H and .K lh Thu Mar 12 22:42:48 CET 2026
#@# Sphere lh Thu Mar 12 22:43:45 CET 2026
#@# Surf Reg lh Thu Mar 12 22:46:45 CET 2026
#@# Jacobian white lh Thu Mar 12 22:52:09 CET 2026
#@# AvgCurv lh Thu Mar 12 22:52:11 CET 2026
#@# Cortical Parc lh Thu Mar 12 22:52:12 CET 2026
#@# white curv lh Thu Mar 12 22:59:30 CET 2026
#@# white area lh Thu Mar 12 22:59:32 CET 2026
#@# pial curv lh Thu Mar 12 22:59:32 CET 2026
#@# pial area lh Thu Mar 12 22:59:35 CET 2026
#@# thickness lh Thu Mar 12 22:59:36 CET 2026
#@# area and vertex vol lh Thu Mar 12 23:00:12 CET 2026
#@# Curvature Stats lh Thu Mar 12 23:00:13 CET 2026
#@# Cortical Parc 2 lh Thu Mar 12 23:00:17 CET 2026
#@# Cortical Parc 3 lh Thu Mar 12 23:00:33 CET 2026
#@# WM/GM Contrast lh Thu Mar 12 23:00:44 CET 2026
recon-all -s sub-v2s1x29916_ses-1 finished without error at Thu Mar 12 23:00:48 CET 2026



#New# invocation of recon-all 



status file for recon-all
Thu Mar 12 23:37:10 CET 2026
#@# white curv lh Thu Mar 12 23:37:10 CET 2026
#@# white area lh Thu Mar 12 23:37:10 CET 2026
#@# pial curv lh Thu Mar 12 23:37:10 CET 2026
#@# pial area lh Thu Mar 12 23:37:10 CET 2026
#@# thickness lh Thu Mar 12 23:37:10 CET 2026
#@# area and vertex vol lh Thu Mar 12 23:37:10 CET 2026
#@# Parcellation Stats lh Thu Mar 12 23:37:10 CET 2026
#@# Parcellation Stats 2 lh Thu Mar 12 23:37:35 CET 2026
#@# Parcellation Stats 3 lh Thu Mar 12 23:37:48 CET 2026
#@# BA_exvivo Labels lh Thu Mar 12 23:38:01 CET 2026
recon-all -s sub-v2s1x29916_ses-1 finished without error at Thu Mar 12 23:41:05 CET 2026
