status file for recon-all
Thu Mar 12 22:33:42 CET 2026
#@# Tessellate rh Thu Mar 12 22:33:42 CET 2026
#@# Smooth1 rh Thu Mar 12 22:33:46 CET 2026
#@# Inflation1 rh Thu Mar 12 22:33:49 CET 2026
#@# QSphere rh Thu Mar 12 22:35:01 CET 2026
#@# Fix Topology rh Thu Mar 12 22:36:11 CET 2026
#@# Smooth2 rh Thu Mar 12 22:43:16 CET 2026
#@# Inflation2 rh Thu Mar 12 22:43:20 CET 2026
#@# Curv .H and .K rh Thu Mar 12 22:43:47 CET 2026
#@# Sphere rh Thu Mar 12 22:44:46 CET 2026
#@# Surf Reg rh Thu Mar 12 22:47:49 CET 2026
#@# Jacobian white rh Thu Mar 12 22:53:34 CET 2026
#@# AvgCurv rh Thu Mar 12 22:53:36 CET 2026
#@# Cortical Parc rh Thu Mar 12 22:53:36 CET 2026
#@# white curv rh Thu Mar 12 23:01:24 CET 2026
#@# white area rh Thu Mar 12 23:01:27 CET 2026
#@# pial curv rh Thu Mar 12 23:01:28 CET 2026
#@# pial area rh Thu Mar 12 23:01:30 CET 2026
#@# thickness rh Thu Mar 12 23:01:31 CET 2026
#@# area and vertex vol rh Thu Mar 12 23:02:09 CET 2026
#@# Curvature Stats rh Thu Mar 12 23:02:10 CET 2026
#@# Cortical Parc 2 rh Thu Mar 12 23:02:14 CET 2026
#@# Cortical Parc 3 rh Thu Mar 12 23:02:33 CET 2026
#@# WM/GM Contrast rh Thu Mar 12 23:02:45 CET 2026
recon-all -s sub-v2s1x29913_ses-1 finished without error at Thu Mar 12 23:02:49 CET 2026



#New# invocation of recon-all 



status file for recon-all
Thu Mar 12 23:16:22 CET 2026
#@# white curv rh Thu Mar 12 23:16:22 CET 2026
#@# white area rh Thu Mar 12 23:16:22 CET 2026
#@# pial curv rh Thu Mar 12 23:16:22 CET 2026
#@# pial area rh Thu Mar 12 23:16:22 CET 2026
#@# thickness rh Thu Mar 12 23:16:22 CET 2026
#@# area and vertex vol rh Thu Mar 12 23:16:22 CET 2026
#@# Parcellation Stats rh Thu Mar 12 23:16:22 CET 2026
#@# Parcellation Stats 2 rh Thu Mar 12 23:16:49 CET 2026
#@# Parcellation Stats 3 rh Thu Mar 12 23:17:03 CET 2026
#@# BA_exvivo Labels rh Thu Mar 12 23:17:17 CET 2026
recon-all -s sub-v2s1x29913_ses-1 finished without error at Thu Mar 12 23:20:29 CET 2026
