status file for recon-all
Thu Mar 12 19:45:14 CET 2026
#@# MotionCor Thu Mar 12 19:45:16 CET 2026
#@# Talairach Thu Mar 12 19:45:21 CET 2026
#@# Talairach Failure Detection Thu Mar 12 19:48:12 CET 2026
#@# Nu Intensity Correction Thu Mar 12 19:48:12 CET 2026
#@# Intensity Normalization Thu Mar 12 19:50:57 CET 2026
recon-all -s sub-v2s1x29900_ses-1 finished without error at Thu Mar 12 19:51:59 CET 2026



#New# invocation of recon-all 



status file for recon-all
Thu Mar 12 19:58:24 CET 2026
#@# EM Registration Thu Mar 12 19:58:24 CET 2026
recon-all -s sub-v2s1x29900_ses-1 finished without error at Thu Mar 12 20:04:27 CET 2026



#New# invocation of recon-all 



status file for recon-all
Thu Mar 12 20:04:31 CET 2026
#@# CA Normalize Thu Mar 12 20:04:31 CET 2026
#@# CA Reg Thu Mar 12 20:05:24 CET 2026
#@# SubCort Seg Thu Mar 12 20:47:28 CET 2026
#@# CC Seg Thu Mar 12 21:13:08 CET 2026
#@# Merge ASeg Thu Mar 12 21:13:30 CET 2026
#@# Intensity Normalization2 Thu Mar 12 21:13:30 CET 2026
#@# Mask BFS Thu Mar 12 21:15:05 CET 2026
#@# WM Segmentation Thu Mar 12 21:15:06 CET 2026
#@# Fill Thu Mar 12 21:16:51 CET 2026
recon-all -s sub-v2s1x29900_ses-1 finished without error at Thu Mar 12 21:17:29 CET 2026



#New# invocation of recon-all 



status file for recon-all
Thu Mar 12 22:27:38 CET 2026
#@# white curv lh Thu Mar 12 22:27:38 CET 2026
#@# white area lh Thu Mar 12 22:27:38 CET 2026
#@# pial curv lh Thu Mar 12 22:27:38 CET 2026
#@# pial area lh Thu Mar 12 22:27:38 CET 2026
#@# thickness lh Thu Mar 12 22:27:38 CET 2026
#@# area and vertex vol lh Thu Mar 12 22:27:38 CET 2026
#@# white curv rh Thu Mar 12 22:27:38 CET 2026
#@# white area rh Thu Mar 12 22:27:38 CET 2026
#@# pial curv rh Thu Mar 12 22:27:38 CET 2026
#@# pial area rh Thu Mar 12 22:27:38 CET 2026
#@# thickness rh Thu Mar 12 22:27:38 CET 2026
#@# area and vertex vol rh Thu Mar 12 22:27:38 CET 2026
#@# Cortical ribbon mask Thu Mar 12 22:27:38 CET 2026
recon-all -s sub-v2s1x29900_ses-1 finished without error at Thu Mar 12 22:34:04 CET 2026



#New# invocation of recon-all 



status file for recon-all
Thu Mar 12 22:40:11 CET 2026
#@# white curv lh Thu Mar 12 22:40:11 CET 2026
#@# white area lh Thu Mar 12 22:40:11 CET 2026
#@# pial curv lh Thu Mar 12 22:40:11 CET 2026
#@# pial area lh Thu Mar 12 22:40:11 CET 2026
#@# thickness lh Thu Mar 12 22:40:11 CET 2026
#@# area and vertex vol lh Thu Mar 12 22:40:11 CET 2026
#@# white curv rh Thu Mar 12 22:40:11 CET 2026
#@# white area rh Thu Mar 12 22:40:11 CET 2026
#@# pial curv rh Thu Mar 12 22:40:11 CET 2026
#@# pial area rh Thu Mar 12 22:40:11 CET 2026
#@# thickness rh Thu Mar 12 22:40:11 CET 2026
#@# area and vertex vol rh Thu Mar 12 22:40:11 CET 2026
#@# Curvature Stats lh Thu Mar 12 22:40:11 CET 2026
#@# Curvature Stats rh Thu Mar 12 22:40:13 CET 2026
#@# Relabel Hypointensities Thu Mar 12 22:40:15 CET 2026
#@# APas-to-ASeg Thu Mar 12 22:40:29 CET 2026
#@# AParc-to-ASeg aparc Thu Mar 12 22:40:36 CET 2026
#@# AParc-to-ASeg aparc.a2009s Thu Mar 12 22:41:16 CET 2026
#@# AParc-to-ASeg aparc.DKTatlas Thu Mar 12 22:41:55 CET 2026
#@# WMParc Thu Mar 12 22:42:40 CET 2026
#@# ASeg Stats Thu Mar 12 22:45:01 CET 2026
recon-all -s sub-v2s1x29900_ses-1 finished without error at Thu Mar 12 22:45:23 CET 2026
