status file for recon-all
Thu Mar 12 21:53:51 CET 2026
#@# Tessellate rh Thu Mar 12 21:53:51 CET 2026
#@# Smooth1 rh Thu Mar 12 21:53:54 CET 2026
#@# Inflation1 rh Thu Mar 12 21:53:56 CET 2026
#@# QSphere rh Thu Mar 12 21:55:06 CET 2026
#@# Fix Topology rh Thu Mar 12 21:57:07 CET 2026
#@# Smooth2 rh Thu Mar 12 22:05:46 CET 2026
#@# Inflation2 rh Thu Mar 12 22:05:49 CET 2026
#@# Curv .H and .K rh Thu Mar 12 22:07:07 CET 2026
#@# Sphere rh Thu Mar 12 22:07:51 CET 2026
#@# Surf Reg rh Thu Mar 12 22:12:37 CET 2026
#@# Jacobian white rh Thu Mar 12 22:20:18 CET 2026
#@# AvgCurv rh Thu Mar 12 22:20:19 CET 2026
#@# Cortical Parc rh Thu Mar 12 22:20:19 CET 2026
#@# white curv rh Thu Mar 12 22:26:37 CET 2026
#@# white area rh Thu Mar 12 22:26:39 CET 2026
#@# pial curv rh Thu Mar 12 22:26:40 CET 2026
#@# pial area rh Thu Mar 12 22:26:41 CET 2026
#@# thickness rh Thu Mar 12 22:26:42 CET 2026
#@# area and vertex vol rh Thu Mar 12 22:27:09 CET 2026
#@# Curvature Stats rh Thu Mar 12 22:27:10 CET 2026
#@# Cortical Parc 2 rh Thu Mar 12 22:27:12 CET 2026
#@# Cortical Parc 3 rh Thu Mar 12 22:27:24 CET 2026
#@# WM/GM Contrast rh Thu Mar 12 22:27:32 CET 2026
recon-all -s sub-v2s1x29900_ses-1 finished without error at Thu Mar 12 22:27:35 CET 2026



#New# invocation of recon-all 



status file for recon-all
Thu Mar 12 22:37:10 CET 2026
#@# white curv rh Thu Mar 12 22:37:10 CET 2026
#@# white area rh Thu Mar 12 22:37:10 CET 2026
#@# pial curv rh Thu Mar 12 22:37:10 CET 2026
#@# pial area rh Thu Mar 12 22:37:10 CET 2026
#@# thickness rh Thu Mar 12 22:37:10 CET 2026
#@# area and vertex vol rh Thu Mar 12 22:37:10 CET 2026
#@# Parcellation Stats rh Thu Mar 12 22:37:10 CET 2026
#@# Parcellation Stats 2 rh Thu Mar 12 22:37:29 CET 2026
#@# Parcellation Stats 3 rh Thu Mar 12 22:37:39 CET 2026
#@# BA_exvivo Labels rh Thu Mar 12 22:37:49 CET 2026
recon-all -s sub-v2s1x29900_ses-1 finished without error at Thu Mar 12 22:40:06 CET 2026
