/out/sourcedata/freesurfer/sub-v2s1x29881_ses-1/mri
/opt/freesurfer/bin/talairach_avi
--i orig_nu.mgz --xfm transforms/talairach.auto.xfm
talairach_avi 7.3.2
Linux dna063 5.14.0-427.37.1.el9_4.x86_64 #1 SMP PREEMPT_DYNAMIC Fri Sep 13 12:41:50 EDT 2024 x86_64 x86_64 x86_64 GNU/Linux
Wed Mar 11 20:17:04 CET 2026
mri_convert orig_nu.mgz talsrcimg.img 
reading from orig_nu.mgz...
TR=0.00, TE=0.00, TI=0.00, flip angle=0.00
i_ras = (-1, 0, 0)
j_ras = (0, 0, -1)
k_ras = (0, 1, 0)
writing to talsrcimg.img...
Analyze Output Matrix
-0.90000   0.00000   0.00000   120.50522;
 0.00000   0.00000   0.90000  -96.69458;
 0.00000  -0.90000   0.00000   162.69669;
 0.00000   0.00000   0.00000   1.00000;
--------------------
INFO: set hdr.hist.orient to -1
mpr2mni305 talsrcimg
Wed Mar 11 20:17:04 CET 2026
/opt/freesurfer/bin/mpr2mni305 talsrcimg
mpr2mni305 7.3.2
target=711-2C_as_mni_average_305

---------------------------------------------------------------------
analyzeto4dfp talsrcimg -O0 -y
---------------------------------------------------------------------

freesurfer ifh2hdr.c
Wed Mar 11 20:17:04 2026
Writing: talsrcimg.4dfp.hdr
freesurfer analyzeto4dfp.c
Reading: talsrcimg.hdr
header size 348 bytes
hdr.dime.datatype	offset=70	value=2
hdr.dime.bitpix		offset=72	value=8
hdr.hist.orient		offset=252	value=-1
dimensionality     4
dimensions       256       256       256         1
Reading: talsrcimg.img
Writing: talsrcimg.4dfp.img
Writing: talsrcimg.4dfp.ifh
ifh2hdr talsrcimg -r0to240
ori=2

---------------------------------------------------------------------
gauss_4dfp talsrcimg 1.1
---------------------------------------------------------------------

freesurfer gauss_4dfp.c
Reading: talsrcimg.4dfp.img
Writing: talsrcimg_g11.4dfp.img
image dimensions 256 256 256 padded to 288 288 288
processing volume 1freesurfer ifh2hdr.c
Wed Mar 11 20:17:06 2026
Writing: talsrcimg_g11.4dfp.hdr

Writing: talsrcimg_g11.4dfp.ifh
including: talsrcimg.4dfp.img.rec in talsrcimg_g11.4dfp.img.rec

---------------------------------------------------------------------
imgreg_4dfp /opt/freesurfer/average/711-2C_as_mni_average_305 none talsrcimg_g11 none talsrcimg_to_711-2C_as_mni_average_305_t4 4355
---------------------------------------------------------------------

freesurfer imgreg_4dfp.c
/opt/freesurfer/average/711-2C_as_mni_average_305.4dfp.img
       256       256       256         1
  1.000000  1.000000  1.000000
orientation T byte_order littleendian
Reading image: /opt/freesurfer/average/711-2C_as_mni_average_305.4dfp.img
dimensions:      256       256       256
mmppix:       1.0000   -1.0000   -1.0000
center:     128.0000 -129.0000 -129.0000
talsrcimg_g11.4dfp.img
       256       256       256         1
  0.900000  0.900000  0.900000
orientation T byte_order littleendian
Reading image: talsrcimg_g11.4dfp.img
dimensions:      256       256       256
mmppix:       0.9000   -0.9000   -0.9000
center:     115.2000 -116.1000 -116.1000
t4_read: open error in t4_sub.f l:  41 t4_file(1:l)talsrcimg_to_711-2C_as_mni_average_305_t4 
t4_read: transform initialized to I4
rotation matrix determinant  1.000000
image alignment mode   4355 decimal     1103 hex
   -7.5000  -45.0000  -45.0000 5695.2036   17.1610
    0.0000  -45.0000  -45.0000 5747.8379   17.1691
    7.5000  -45.0000  -45.0000 5477.7344   17.0977
   -7.5000  -37.5000  -45.0000 6187.1323   18.2431
    0.0000  -37.5000  -45.0000 6246.8564   18.2502
    7.5000  -37.5000  -45.0000 5941.5132   18.1730
   -7.5000  -30.0000  -45.0000 6710.4790   18.8633
    0.0000  -30.0000  -45.0000 6767.9580   18.8715
    7.5000  -30.0000  -45.0000 6444.0542   18.7947
   -7.5000  -22.5000  -45.0000 7218.4482   18.9063
    0.0000  -22.5000  -45.0000 7290.6309   18.9181
    7.5000  -22.5000  -45.0000 6939.6973   18.8472
   -7.5000  -15.0000  -45.0000 7691.4277   18.8908
    0.0000  -15.0000  -45.0000 7758.7397   18.9068
    7.5000  -15.0000  -45.0000 7391.7266   18.8410
   -7.5000   -7.5000  -45.0000 7768.8096   18.8472
    0.0000   -7.5000  -45.0000 7833.2529   18.8613
    7.5000   -7.5000  -45.0000 7469.4839   18.7911
   -7.5000    0.0000  -45.0000 7832.4150   18.8129
    0.0000    0.0000  -45.0000 7892.5591   18.8219
    7.5000    0.0000  -45.0000 7517.3071   18.7435
   -7.5000    7.5000  -45.0000 7562.1782   18.8183
    0.0000    7.5000  -45.0000 7619.9355   18.8256
    7.5000    7.5000  -45.0000 7264.0835   18.7460
   -7.5000   15.0000  -45.0000 7567.1851   18.8633
    0.0000   15.0000  -45.0000 7630.0566   18.8715
    7.5000   15.0000  -45.0000 7275.7935   18.7947
   -7.5000   22.5000  -45.0000 7229.3994   18.6519
    0.0000   22.5000  -45.0000 7269.2817   18.6636
    7.5000   22.5000  -45.0000 6937.2007   18.5937
   -7.5000   30.0000  -45.0000 6681.6938   18.1397
    0.0000   30.0000  -45.0000 6701.3999   18.1550
    7.5000   30.0000  -45.0000 6402.0884   18.0918
   -7.5000   37.5000  -45.0000 6087.3413   17.5149
    0.0000   37.5000  -45.0000 6100.0898   17.5280
    7.5000   37.5000  -45.0000 5827.1802   17.4629
   -7.5000   45.0000  -45.0000 5530.5542   16.8442
    0.0000   45.0000  -45.0000 5536.0854   16.8521
    7.5000   45.0000  -45.0000 5292.8672   16.7820
   -7.5000  -45.0000  -37.5000 6231.5645   18.0854
    0.0000  -45.0000  -37.5000 6300.5718   18.0764
    7.5000  -45.0000  -37.5000 6004.0249   17.9842
   -7.5000  -37.5000  -37.5000 6755.0312   19.2409
    0.0000  -37.5000  -37.5000 6829.4170   19.2287
    7.5000  -37.5000  -37.5000 6497.6558   19.1308
   -7.5000  -30.0000  -37.5000 7312.0552   19.8670
    0.0000  -30.0000  -37.5000 7399.9746   19.8541
    7.5000  -30.0000  -37.5000 7026.9858   19.7516
   -7.5000  -22.5000  -37.5000 7866.2324   19.9095
    0.0000  -22.5000  -37.5000 7966.0757   19.9006
    7.5000  -22.5000  -37.5000 7562.0244   19.7990
   -7.5000  -15.0000  -37.5000 8358.5254   19.8868
    0.0000  -15.0000  -37.5000 8446.4971   19.8827
    7.5000  -15.0000  -37.5000 8020.3521   19.7855
   -7.5000   -7.5000  -37.5000 8439.6602   19.8371
    0.0000   -7.5000  -37.5000 8516.3057   19.8319
    7.5000   -7.5000  -37.5000 8092.9692   19.7335
   -7.5000    0.0000  -37.5000 8494.8984   19.8010
    0.0000    0.0000  -37.5000 8571.2764   19.7911
    7.5000    0.0000  -37.5000 8149.4336   19.6903
   -7.5000    7.5000  -37.5000 8187.5020   19.8126
    0.0000    7.5000  -37.5000 8275.0166   19.8000
    7.5000    7.5000  -37.5000 7868.3940   19.6992
   -7.5000   15.0000  -37.5000 8160.5649   19.8661
    0.0000   15.0000  -37.5000 8227.7441   19.8532
    7.5000   15.0000  -37.5000 7837.1885   19.7507
   -7.5000   22.5000  -37.5000 7800.1338   19.6433
    0.0000   22.5000  -37.5000 7832.8867   19.6345
    7.5000   22.5000  -37.5000 7458.8706   19.5343
   -7.5000   30.0000  -37.5000 7199.1504   19.1096
    0.0000   30.0000  -37.5000 7222.8521   19.1057
    7.5000   30.0000  -37.5000 6877.7695   19.0122
   -7.5000   37.5000  -37.5000 6533.1948   18.4500
    0.0000   37.5000  -37.5000 6548.7642   18.4451
    7.5000   37.5000  -37.5000 6255.3750   18.3536
   -7.5000   45.0000  -37.5000 5912.2100   17.7295
    0.0000   45.0000  -37.5000 5923.3970   17.7206
    7.5000   45.0000  -37.5000 5666.4966   17.6303
   -7.5000  -45.0000  -30.0000 6751.0229   19.0113
    0.0000  -45.0000  -30.0000 6822.7559   18.9946
    7.5000  -45.0000  -30.0000 6510.3921   18.8922
   -7.5000  -37.5000  -30.0000 7306.7183   20.2393
    0.0000  -37.5000  -30.0000 7377.0093   20.2220
    7.5000  -37.5000  -30.0000 7036.4697   20.1145
   -7.5000  -30.0000  -30.0000 7888.1401   20.8762
    0.0000  -30.0000  -30.0000 7973.3867   20.8584
    7.5000  -30.0000  -30.0000 7584.5635   20.7417
   -7.5000  -22.5000  -30.0000 8469.8730   20.9232
    0.0000  -22.5000  -30.0000 8571.7510   20.9072
    7.5000  -22.5000  -30.0000 8148.4141   20.7863
   -7.5000  -15.0000  -30.0000 8951.8252   20.8922
    0.0000  -15.0000  -30.0000 9060.9902   20.8782
    7.5000  -15.0000  -30.0000 8603.7529   20.7607
   -7.5000   -7.5000  -30.0000 9055.3076   20.8328
    0.0000   -7.5000  -30.0000 9171.6387   20.8166
    7.5000   -7.5000  -30.0000 8695.2734   20.7014
   -7.5000    0.0000  -30.0000 9138.3223   20.7931
    0.0000    0.0000  -30.0000 9258.8535   20.7749
    7.5000    0.0000  -30.0000 8774.4736   20.6629
   -7.5000    7.5000  -30.0000 8802.3203   20.8091
    0.0000    7.5000  -30.0000 8922.7471   20.7913
    7.5000    7.5000  -30.0000 8459.5762   20.6808
   -7.5000   15.0000  -30.0000 8727.1602   20.8733
    0.0000   15.0000  -30.0000 8825.2344   20.8555
    7.5000   15.0000  -30.0000 8384.1934   20.7389
   -7.5000   22.5000  -30.0000 8308.6084   20.6444
    0.0000   22.5000  -30.0000 8376.0273   20.6286
    7.5000   22.5000  -30.0000 7944.7837   20.5093
   -7.5000   30.0000  -30.0000 7681.7183   20.0904
    0.0000   30.0000  -30.0000 7725.4292   20.0769
    7.5000   30.0000  -30.0000 7322.5640   19.9639
   -7.5000   37.5000  -30.0000 6951.6646   19.4052
    0.0000   37.5000  -30.0000 6986.4517   19.3902
    7.5000   37.5000  -30.0000 6645.1919   19.2829
   -7.5000   45.0000  -30.0000 6279.4697   18.6476
    0.0000   45.0000  -30.0000 6318.7822   18.6312
    7.5000   45.0000  -30.0000 6028.9272   18.5309
   -7.5000  -45.0000  -22.5000 7274.5186   19.8484
    0.0000  -45.0000  -22.5000 7353.3765   19.8423
    7.5000  -45.0000  -22.5000 7016.1504   19.7463
   -7.5000  -37.5000  -22.5000 7841.3613   21.1378
    0.0000  -37.5000  -22.5000 7940.4214   21.1357
    7.5000  -37.5000  -22.5000 7561.2339   21.0371
   -7.5000  -30.0000  -22.5000 8435.0752   21.7771
    0.0000  -30.0000  -22.5000 8546.7617   21.7767
    7.5000  -30.0000  -22.5000 8119.3213   21.6711
   -7.5000  -22.5000  -22.5000 9048.9746   21.8327
    0.0000  -22.5000  -22.5000 9160.6904   21.8322
    7.5000  -22.5000  -22.5000 8698.0244   21.7210
   -7.5000  -15.0000  -22.5000 9557.8867   21.8038
    0.0000  -15.0000  -22.5000 9673.3691   21.8017
    7.5000  -15.0000  -22.5000 9177.7432   21.6911
   -7.5000   -7.5000  -22.5000 9672.7520   21.7404
    0.0000   -7.5000  -22.5000 9810.1113   21.7340
    7.5000   -7.5000  -22.5000 9286.8389   21.6250
   -7.5000    0.0000  -22.5000 9783.3721   21.6963
    0.0000    0.0000  -22.5000 9930.6758   21.6896
    7.5000    0.0000  -22.5000 9390.8730   21.5847
   -7.5000    7.5000  -22.5000 9402.2354   21.7059
    0.0000    7.5000  -22.5000 9557.1172   21.7037
    7.5000    7.5000  -22.5000 9031.8193   21.6025
   -7.5000   15.0000  -22.5000 9293.1191   21.7719
    0.0000   15.0000  -22.5000 9418.4580   21.7714
    7.5000   15.0000  -22.5000 8925.5615   21.6659
   -7.5000   22.5000  -22.5000 8793.3027   21.5438
    0.0000   22.5000  -22.5000 8890.0479   21.5433
    7.5000   22.5000  -22.5000 8410.2139   21.4336
   -7.5000   30.0000  -22.5000 8119.3745   20.9824
    0.0000   30.0000  -22.5000 8202.7266   20.9803
    7.5000   30.0000  -22.5000 7765.0337   20.8739
   -7.5000   37.5000  -22.5000 7357.0713   20.2815
    0.0000   37.5000  -22.5000 7423.1626   20.2755
    7.5000   37.5000  -22.5000 7045.3438   20.1738
   -7.5000   45.0000  -22.5000 6644.1128   19.5041
    0.0000   45.0000  -22.5000 6706.1548   19.4981
    7.5000   45.0000  -22.5000 6359.2397   19.4038
   -7.5000  -45.0000  -15.0000 7801.4731   20.5657
    0.0000  -45.0000  -15.0000 7889.6265   20.5804
    7.5000  -45.0000  -15.0000 7518.8428   20.5013
   -7.5000  -37.5000  -15.0000 8389.1943   21.8934
    0.0000  -37.5000  -15.0000 8487.5801   21.9134
    7.5000  -37.5000  -15.0000 8086.0137   21.8316
   -7.5000  -30.0000  -15.0000 8997.0234   22.5273
    0.0000  -30.0000  -15.0000 9113.0469   22.5507
    7.5000  -30.0000  -15.0000 8660.6182   22.4672
   -7.5000  -22.5000  -15.0000 9629.8535   22.5865
    0.0000  -22.5000  -15.0000 9738.0166   22.6107
    7.5000  -22.5000  -15.0000 9245.6064   22.5269
   -7.5000  -15.0000  -15.000010151.4883   22.5642
    0.0000  -15.0000  -15.000010250.0205   22.5872
    7.5000  -15.0000  -15.0000 9740.0527   22.5046
   -7.5000   -7.5000  -15.000010276.4482   22.5030
    0.0000   -7.5000  -15.000010381.3691   22.5212
    7.5000   -7.5000  -15.0000 9857.8008   22.4367
   -7.5000    0.0000  -15.000010373.7080   22.4585
    0.0000    0.0000  -15.000010520.5703   22.4746
    7.5000    0.0000  -15.0000 9968.2227   22.3882
   -7.5000    7.5000  -15.0000 9968.4551   22.4600
    0.0000    7.5000  -15.000010115.5186   22.4805
    7.5000    7.5000  -15.0000 9580.5850   22.3965
   -7.5000   15.0000  -15.0000 9843.0264   22.5203
    0.0000   15.0000  -15.0000 9976.0459   22.5437
    7.5000   15.0000  -15.0000 9453.0664   22.4603
   -7.5000   22.5000  -15.0000 9258.9697   22.2911
    0.0000   22.5000  -15.0000 9359.9941   22.3149
    7.5000   22.5000  -15.0000 8857.9268   22.2322
   -7.5000   30.0000  -15.0000 8565.9678   21.7305
    0.0000   30.0000  -15.0000 8663.3223   21.7526
    7.5000   30.0000  -15.0000 8199.5205   21.6730
   -7.5000   37.5000  -15.0000 7718.5493   21.0250
    0.0000   37.5000  -15.0000 7810.6279   21.0421
    7.5000   37.5000  -15.0000 7407.1650   20.9631
   -7.5000   45.0000  -15.0000 6986.2588   20.2378
    0.0000   45.0000  -15.0000 7039.2334   20.2523
    7.5000   45.0000  -15.0000 6671.8276   20.1744
   -7.5000  -45.0000   -7.5000 8069.9907   20.5541
    0.0000  -45.0000   -7.5000 8154.5059   20.5762
    7.5000  -45.0000   -7.5000 7774.5942   20.5045
   -7.5000  -37.5000   -7.5000 8661.0840   21.8782
    0.0000  -37.5000   -7.5000 8764.5928   21.9034
    7.5000  -37.5000   -7.5000 8344.5850   21.8263
   -7.5000  -30.0000   -7.5000 9270.0293   22.5063
    0.0000  -30.0000   -7.5000 9368.3643   22.5347
    7.5000  -30.0000   -7.5000 8912.9883   22.4591
   -7.5000  -22.5000   -7.5000 9895.0781   22.5627
    0.0000  -22.5000   -7.5000 9957.0352   22.5935
    7.5000  -22.5000   -7.5000 9499.6514   22.5238
   -7.5000  -15.0000   -7.500010418.2266   22.5444
    0.0000  -15.0000   -7.500010439.4561   22.5767
    7.5000  -15.0000   -7.5000 9990.7080   22.5117
   -7.5000   -7.5000   -7.500010525.5195   22.4885
    0.0000   -7.5000   -7.500010569.9297   22.5168
    7.5000   -7.5000   -7.500010100.5771   22.4473
   -7.5000    0.0000   -7.500010616.1113   22.4459
    0.0000    0.0000   -7.500010703.7676   22.4700
    7.5000    0.0000   -7.500010202.8984   22.3917
   -7.5000    7.5000   -7.500010216.5498   22.4443
    0.0000    7.5000   -7.500010295.6641   22.4702
    7.5000    7.5000   -7.5000 9805.2510   22.3911
   -7.5000   15.0000   -7.500010074.9951   22.4994
    0.0000   15.0000   -7.500010156.2822   22.5277
    7.5000   15.0000   -7.5000 9657.5625   22.4522
   -7.5000   22.5000   -7.5000 9413.3965   22.2676
    0.0000   22.5000   -7.5000 9475.5762   22.2979
    7.5000   22.5000   -7.5000 8997.5840   22.2292
   -7.5000   30.0000   -7.5000 8705.5166   21.7114
    0.0000   30.0000   -7.5000 8774.8945   21.7424
    7.5000   30.0000   -7.5000 8314.3818   21.6799
   -7.5000   37.5000   -7.5000 7851.1021   21.0114
    0.0000   37.5000   -7.5000 7921.8755   21.0379
    7.5000   37.5000   -7.5000 7517.2524   20.9729
   -7.5000   45.0000   -7.5000 7089.4023   20.2263
    0.0000   45.0000   -7.5000 7145.5479   20.2480
    7.5000   45.0000   -7.5000 6773.4932   20.1773
   -7.5000  -45.0000    0.0000 8151.6489   21.0471
    0.0000  -45.0000    0.0000 8222.7168   21.0567
    7.5000  -45.0000    0.0000 7853.8804   20.9693
   -7.5000  -37.5000    0.0000 8726.3428   22.3946
    0.0000  -37.5000    0.0000 8812.4346   22.4031
    7.5000  -37.5000    0.0000 8403.9961   22.3090
   -7.5000  -30.0000    0.0000 9345.2402   23.0217
    0.0000  -30.0000    0.0000 9428.3848   23.0315
    7.5000  -30.0000    0.0000 8979.6104   22.9386
   -7.5000  -22.5000    0.0000 9959.9160   23.0745
    0.0000  -22.5000    0.000010002.6357   23.0887
    7.5000  -22.5000    0.0000 9554.3975   23.0028
   -7.5000  -15.0000    0.000010455.6416   23.0567
    0.0000  -15.0000    0.000010431.5508   23.0757
    7.5000  -15.0000    0.000010026.7559   22.9955
   -7.5000   -7.5000    0.000010548.0693   23.0039
    0.0000   -7.5000    0.000010540.6367   23.0205
    7.5000   -7.5000    0.000010137.1270   22.9349
   -7.5000    0.0000    0.000010626.5146   22.9615
    0.0000    0.0000    0.000010666.7783   22.9720
    7.5000    0.0000    0.000010214.7344   22.8767
   -7.5000    7.5000    0.000010208.4502   22.9589
    0.0000    7.5000    0.000010255.8701   22.9677
    7.5000    7.5000    0.0000 9810.6924   22.8712
   -7.5000   15.0000    0.000010031.8242   23.0135
    0.0000   15.0000    0.000010086.5811   23.0233
    7.5000   15.0000    0.0000 9639.0645   22.9305
   -7.5000   22.5000    0.0000 9341.7939   22.7759
    0.0000   22.5000    0.0000 9354.9619   22.7899
    7.5000   22.5000    0.0000 8932.3232   22.7051
   -7.5000   30.0000    0.0000 8624.2383   22.2182
    0.0000   30.0000    0.0000 8627.2363   22.2364
    7.5000   30.0000    0.0000 8223.4932   22.1592
   -7.5000   37.5000    0.0000 7805.2290   21.5187
    0.0000   37.5000    0.0000 7823.3989   21.5343
    7.5000   37.5000    0.0000 7453.4907   21.4542
   -7.5000   45.0000    0.0000 7045.9346   20.7312
    0.0000   45.0000    0.0000 7070.1440   20.7406
    7.5000   45.0000    0.0000 6724.9380   20.6545
   -7.5000  -45.0000    7.5000 7903.2871   21.0341
    0.0000  -45.0000    7.5000 7987.4307   21.0236
    7.5000  -45.0000    7.5000 7608.5029   20.9164
   -7.5000  -37.5000    7.5000 8455.7988   22.3893
    0.0000  -37.5000    7.5000 8540.6338   22.3750
    7.5000  -37.5000    7.5000 8141.3438   22.2611
   -7.5000  -30.0000    7.5000 9043.6992   23.0233
    0.0000  -30.0000    7.5000 9137.9365   23.0084
    7.5000  -30.0000    7.5000 8695.8477   22.8895
   -7.5000  -22.5000    7.5000 9604.5352   23.0725
    0.0000  -22.5000    7.5000 9596.7217   23.0621
    7.5000  -22.5000    7.5000 9214.7881   22.9443
   -7.5000  -15.0000    7.500010032.4512   23.0464
    0.0000  -15.0000    7.5000 9966.3369   23.0416
    7.5000  -15.0000    7.5000 9633.2861   22.9288
   -7.5000   -7.5000    7.500010119.9424   22.9891
    0.0000   -7.5000    7.500010096.7803   22.9830
    7.5000   -7.5000    7.5000 9733.5801   22.8689
   -7.5000    0.0000    7.500010187.3174   22.9474
    0.0000    0.0000    7.500010214.8994   22.9359
    7.5000    0.0000    7.5000 9816.7393   22.8189
   -7.5000    7.5000    7.5000 9800.1660   22.9535
    0.0000    7.5000    7.5000 9801.7061   22.9389
    7.5000    7.5000    7.5000 9431.1016   22.8221
   -7.5000   15.0000    7.5000 9620.1211   23.0152
    0.0000   15.0000    7.5000 9603.0127   23.0002
    7.5000   15.0000    7.5000 9255.2852   22.8814
   -7.5000   22.5000    7.5000 8934.8936   22.7739
    0.0000   22.5000    7.5000 8879.2598   22.7636
    7.5000   22.5000    7.5000 8554.8330   22.6473
   -7.5000   30.0000    7.5000 8273.4502   22.2082
    0.0000   30.0000    7.5000 8200.9854   22.2036
    7.5000   30.0000    7.5000 7875.8052   22.0949
   -7.5000   37.5000    7.5000 7514.7798   21.5049
    0.0000   37.5000    7.5000 7476.3911   21.4991
    7.5000   37.5000    7.5000 7159.6582   21.3924
   -7.5000   45.0000    7.5000 6763.8525   20.7192
    0.0000   45.0000    7.5000 6754.8228   20.7088
    7.5000   45.0000    7.5000 6454.8755   20.6032
   -7.5000  -45.0000   15.0000 7859.9097   21.0546
    0.0000  -45.0000   15.0000 7963.0801   21.0360
    7.5000  -45.0000   15.0000 7584.9229   20.9225
   -7.5000  -37.5000   15.0000 8414.7285   22.4175
    0.0000  -37.5000   15.0000 8521.6104   22.3982
    7.5000  -37.5000   15.0000 8115.4380   22.2790
   -7.5000  -30.0000   15.0000 8985.8682   23.0614
    0.0000  -30.0000   15.0000 9101.9824   23.0417
    7.5000  -30.0000   15.0000 8652.7432   22.9127
   -7.5000  -22.5000   15.0000 9554.1377   23.1134
    0.0000  -22.5000   15.0000 9574.5518   23.0957
    7.5000  -22.5000   15.0000 9193.7686   22.9620
   -7.5000  -15.0000   15.000010044.1396   23.0792
    0.0000  -15.0000   15.0000 9987.5195   23.0636
    7.5000  -15.0000   15.0000 9622.4492   22.9336
   -7.5000   -7.5000   15.000010120.5127   23.0135
    0.0000   -7.5000   15.000010058.0918   22.9955
    7.5000   -7.5000   15.0000 9679.3105   22.8681
   -7.5000    0.0000   15.000010170.6533   22.9697
    0.0000    0.0000   15.000010122.6270   22.9494
    7.5000    0.0000   15.0000 9749.4111   22.8256
   -7.5000    7.5000   15.0000 9823.9502   22.9824
    0.0000    7.5000   15.0000 9782.4287   22.9627
    7.5000    7.5000   15.0000 9414.8281   22.8404
   -7.5000   15.0000   15.0000 9642.7324   23.0533
    0.0000   15.0000   15.0000 9595.5303   23.0336
    7.5000   15.0000   15.0000 9255.6592   22.9046
   -7.5000   22.5000   15.0000 8911.1113   22.8143
    0.0000   22.5000   15.0000 8855.2695   22.7968
    7.5000   22.5000   15.0000 8540.3994   22.6648
   -7.5000   30.0000   15.0000 8230.8779   22.2398
    0.0000   30.0000   15.0000 8163.1030   22.2248
    7.5000   30.0000   15.0000 7856.1621   22.0996
   -7.5000   37.5000   15.0000 7449.4189   21.5277
    0.0000   37.5000   15.0000 7409.0894   21.5109
    7.5000   37.5000   15.0000 7124.5620   21.3917
   -7.5000   45.0000   15.0000 6692.5869   20.7395
    0.0000   45.0000   15.0000 6674.7964   20.7212
    7.5000   45.0000   15.0000 6409.4375   20.6094
   -7.5000  -45.0000   22.5000 7422.1514   21.1510
    0.0000  -45.0000   22.5000 7522.7515   21.1449
    7.5000  -45.0000   22.5000 7169.2256   21.0423
   -7.5000  -37.5000   22.5000 7941.4204   22.5150
    0.0000  -37.5000   22.5000 8055.5342   22.5129
    7.5000  -37.5000   22.5000 7669.4023   22.4077
   -7.5000  -30.0000   22.5000 8486.4736   23.1614
    0.0000  -30.0000   22.5000 8584.1572   23.1610
    7.5000  -30.0000   22.5000 8176.4072   23.0484
   -7.5000  -22.5000   22.5000 9031.3018   23.2212
    0.0000  -22.5000   22.5000 9067.4619   23.2208
    7.5000  -22.5000   22.5000 8703.9219   23.1021
   -7.5000  -15.0000   22.5000 9554.7344   23.1904
    0.0000  -15.0000   22.5000 9574.8525   23.1885
    7.5000  -15.0000   22.5000 9208.3643   23.0705
   -7.5000   -7.5000   22.5000 9687.5596   23.1223
    0.0000   -7.5000   22.5000 9668.9385   23.1161
    7.5000   -7.5000   22.5000 9317.9551   22.9998
   -7.5000    0.0000   22.5000 9730.2715   23.0749
    0.0000    0.0000   22.5000 9669.4023   23.0682
    7.5000    0.0000   22.5000 9339.8916   22.9563
   -7.5000    7.5000   22.5000 9375.8037   23.0823
    0.0000    7.5000   22.5000 9308.7305   23.0803
    7.5000    7.5000   22.5000 8975.8926   22.9723
   -7.5000   15.0000   22.5000 9208.2744   23.1532
    0.0000   15.0000   22.5000 9161.2324   23.1528
    7.5000   15.0000   22.5000 8820.1074   23.0402
   -7.5000   22.5000   22.5000 8481.1035   22.9207
    0.0000   22.5000   22.5000 8449.3936   22.9203
    7.5000   22.5000   22.5000 8126.3311   22.8032
   -7.5000   30.0000   22.5000 7808.7368   22.3470
    0.0000   30.0000   22.5000 7766.7700   22.3452
    7.5000   30.0000   22.5000 7451.8843   22.2315
   -7.5000   37.5000   22.5000 7048.0220   21.6295
    0.0000   37.5000   22.5000 7028.6641   21.6237
    7.5000   37.5000   22.5000 6723.5630   21.5149
   -7.5000   45.0000   22.5000 6326.0693   20.8339
    0.0000   45.0000   22.5000 6325.7534   20.8279
    7.5000   45.0000   22.5000 6035.6548   20.7269
   -7.5000  -45.0000   30.0000 6943.7715   21.2662
    0.0000  -45.0000   30.0000 7053.5688   21.2781
    7.5000  -45.0000   30.0000 6712.0518   21.1936
   -7.5000  -37.5000   30.0000 7428.5449   22.6399
    0.0000  -37.5000   30.0000 7545.3315   22.6568
    7.5000  -37.5000   30.0000 7176.6973   22.5702
   -7.5000  -30.0000   30.0000 7928.0518   23.2874
    0.0000  -30.0000   30.0000 8046.9048   23.3080
    7.5000  -30.0000   30.0000 7645.8398   23.2203
   -7.5000  -22.5000   30.0000 8486.4307   23.3519
    0.0000  -22.5000   30.0000 8577.4453   23.3739
    7.5000  -22.5000   30.0000 8180.2974   23.2857
   -7.5000  -15.0000   30.0000 9008.6748   23.3293
    0.0000  -15.0000   30.0000 9113.1875   23.3504
    7.5000  -15.0000   30.0000 8685.0322   23.2625
   -7.5000   -7.5000   30.0000 9104.0322   23.2638
    0.0000   -7.5000   30.0000 9189.2139   23.2796
    7.5000   -7.5000   30.0000 8757.1260   23.1890
   -7.5000    0.0000   30.0000 9129.0742   23.2148
    0.0000    0.0000   30.0000 9218.7021   23.2278
    7.5000    0.0000   30.0000 8775.9834   23.1355
   -7.5000    7.5000   30.0000 8779.2598   23.2144
    0.0000    7.5000   30.0000 8849.1416   23.2317
    7.5000    7.5000   30.0000 8423.1553   23.1429
   -7.5000   15.0000   30.0000 8640.9990   23.2791
    0.0000   15.0000   30.0000 8686.9355   23.2997
    7.5000   15.0000   30.0000 8292.3330   23.2121
   -7.5000   22.5000   30.0000 7966.8857   23.0477
    0.0000   22.5000   30.0000 7989.5352   23.0694
    7.5000   22.5000   30.0000 7636.2930   22.9823
   -7.5000   30.0000   30.0000 7317.8691   22.4912
    0.0000   30.0000   30.0000 7310.8188   22.5115
    7.5000   30.0000   30.0000 6985.7056   22.4267
   -7.5000   37.5000   30.0000 6608.9741   21.7823
    0.0000   37.5000   30.0000 6610.3350   21.7971
    7.5000   37.5000   30.0000 6299.3867   21.7123
   -7.5000   45.0000   30.0000 5914.8628   20.9880
    0.0000   45.0000   30.0000 5931.1777   20.9998
    7.5000   45.0000   30.0000 5644.3584   20.9163
   -7.5000  -45.0000   37.5000 6477.4966   21.3048
    0.0000  -45.0000   37.5000 6593.6660   21.3244
    7.5000  -45.0000   37.5000 6258.1113   21.2455
   -7.5000  -37.5000   37.5000 6928.6323   22.6828
    0.0000  -37.5000   37.5000 7059.0063   22.7056
    7.5000  -37.5000   37.5000 6692.6597   22.6221
   -7.5000  -30.0000   37.5000 7402.0503   23.3151
    0.0000  -30.0000   37.5000 7528.9712   23.3412
    7.5000  -30.0000   37.5000 7141.9819   23.2596
   -7.5000  -22.5000   37.5000 7943.2896   23.3812
    0.0000  -22.5000   37.5000 8062.3145   23.4099
    7.5000  -22.5000   37.5000 7660.4458   23.3332
   -7.5000  -15.0000   37.5000 8426.5830   23.3632
    0.0000  -15.0000   37.5000 8544.8047   23.3932
    7.5000  -15.0000   37.5000 8125.9370   23.3204
   -7.5000   -7.5000   37.5000 8491.6416   23.2993
    0.0000   -7.5000   37.5000 8605.2568   23.3251
    7.5000   -7.5000   37.5000 8184.0845   23.2472
   -7.5000    0.0000   37.5000 8502.4248   23.2481
    0.0000    0.0000   37.5000 8602.5215   23.2694
    7.5000    0.0000   37.5000 8194.4424   23.1833
   -7.5000    7.5000   37.5000 8175.1807   23.2440
    0.0000    7.5000   37.5000 8249.6250   23.2674
    7.5000    7.5000   37.5000 7879.0718   23.1818
   -7.5000   15.0000   37.5000 8074.8140   23.3066
    0.0000   15.0000   37.5000 8137.8755   23.3327
    7.5000   15.0000   37.5000 7788.4043   23.2511
   -7.5000   22.5000   37.5000 7445.1411   23.0725
    0.0000   22.5000   37.5000 7477.2578   23.1008
    7.5000   22.5000   37.5000 7172.4004   23.0252
   -7.5000   30.0000   37.5000 6821.2520   22.5236
    0.0000   30.0000   37.5000 6836.6782   22.5526
    7.5000   30.0000   37.5000 6534.8242   22.4824
   -7.5000   37.5000   37.5000 6171.9351   21.8158
    0.0000   37.5000   37.5000 6199.3066   21.8400
    7.5000   37.5000   37.5000 5908.8628   21.7671
   -7.5000   45.0000   37.5000 5516.8252   21.0150
    0.0000   45.0000   37.5000 5545.0605   21.0343
    7.5000   45.0000   37.5000 5286.3154   20.9564
   -7.5000  -45.0000   45.0000 6028.6660   21.5421
    0.0000  -45.0000   45.0000 6116.0713   21.5471
    7.5000  -45.0000   45.0000 5805.7212   21.4411
   -7.5000  -37.5000   45.0000 6451.6919   22.9496
    0.0000  -37.5000   45.0000 6544.3232   22.9531
    7.5000  -37.5000   45.0000 6207.3003   22.8400
   -7.5000  -30.0000   45.0000 6887.1055   23.5733
    0.0000  -30.0000   45.0000 6978.5566   23.5787
    7.5000  -30.0000   45.0000 6621.7676   23.4671
   -7.5000  -22.5000   45.0000 7374.8848   23.6315
    0.0000  -22.5000   45.0000 7480.0703   23.6421
    7.5000  -22.5000   45.0000 7095.3159   23.5373
   -7.5000  -15.0000   45.0000 7806.2969   23.6012
    0.0000  -15.0000   45.0000 7928.5049   23.6166
    7.5000  -15.0000   45.0000 7522.1777   23.5172
   -7.5000   -7.5000   45.0000 7858.0210   23.5333
    0.0000   -7.5000   45.0000 7964.2319   23.5458
    7.5000   -7.5000   45.0000 7557.9956   23.4402
   -7.5000    0.0000   45.0000 7865.4863   23.4868
    0.0000    0.0000   45.0000 7947.2476   23.4923
    7.5000    0.0000   45.0000 7566.2627   23.3766
   -7.5000    7.5000   45.0000 7565.3286   23.4948
    0.0000    7.5000   45.0000 7626.7085   23.4984
    7.5000    7.5000   45.0000 7280.5464   23.3826
   -7.5000   15.0000   45.0000 7504.3003   23.5645
    0.0000   15.0000   45.0000 7566.0244   23.5699
    7.5000   15.0000   45.0000 7223.5879   23.4583
   -7.5000   22.5000   45.0000 6934.5308   23.3164
    0.0000   22.5000   45.0000 6974.6484   23.3269
    7.5000   22.5000   45.0000 6672.4507   23.2235
   -7.5000   30.0000   45.0000 6350.8018   22.7508
    0.0000   30.0000   45.0000 6377.1636   22.7657
    7.5000   30.0000   45.0000 6086.5483   22.6699
   -7.5000   37.5000   45.0000 5750.9917   22.0291
    0.0000   37.5000   45.0000 5780.5752   22.0408
    7.5000   37.5000   45.0000 5509.0171   21.9420
   -7.5000   45.0000   45.0000 5138.2559   21.2172
    0.0000   45.0000   45.0000 5163.0825   21.2221
    7.5000   45.0000   45.0000 4922.7812   21.1176

---------------------------------------------------------------------
imgreg_4dfp /opt/freesurfer/average/711-2C_as_mni_average_305 /opt/freesurfer/average/711-2B_as_mni_average_305_mask talsrcimg_g11 none talsrcimg_to_711-2C_as_mni_average_305_t4 4355
---------------------------------------------------------------------

freesurfer imgreg_4dfp.c
/opt/freesurfer/average/711-2C_as_mni_average_305.4dfp.img
       256       256       256         1
  1.000000  1.000000  1.000000
orientation T byte_order littleendian
Reading image: /opt/freesurfer/average/711-2C_as_mni_average_305.4dfp.img
dimensions:      256       256       256
mmppix:       1.0000   -1.0000   -1.0000
center:     128.0000 -129.0000 -129.0000
/opt/freesurfer/average/711-2B_as_mni_average_305_mask.4dfp.img
       256       256       256         1
  1.000000  1.000000  1.000000
orientation T byte_order littleendian
Reading mask: /opt/freesurfer/average/711-2B_as_mni_average_305_mask.4dfp.img (2306576 pixels)
talsrcimg_g11.4dfp.img
       256       256       256         1
  0.900000  0.900000  0.900000
orientation T byte_order littleendian
Reading image: talsrcimg_g11.4dfp.img
dimensions:      256       256       256
mmppix:       0.9000   -0.9000   -0.9000
center:     115.2000 -116.1000 -116.1000
rotation matrix determinant  1.000000
image alignment mode   4355 decimal     1103 hex
   -7.5000  -45.0000  -52.5000 1650.8125   20.7606
    0.0000  -45.0000  -52.5000 1660.0095   20.6013
    7.5000  -45.0000  -52.5000 1654.5671   20.7665
   -7.5000  -37.5000  -52.5000 1733.4801   18.9635
    0.0000  -37.5000  -52.5000 1746.6282   18.8004
    7.5000  -37.5000  -52.5000 1734.4451   18.9532
   -7.5000  -30.0000  -52.5000 1795.7272   17.6639
    0.0000  -30.0000  -52.5000 1808.0333   17.5249
    7.5000  -30.0000  -52.5000 1796.4875   17.6345
   -7.5000  -22.5000  -52.5000 1831.4434   16.7697
    0.0000  -22.5000  -52.5000 1844.6304   16.6149
    7.5000  -22.5000  -52.5000 1831.9060   16.7392
   -7.5000  -15.0000  -52.5000 1853.9611   16.1869
    0.0000  -15.0000  -52.5000 1867.2632   16.0350
    7.5000  -15.0000  -52.5000 1853.4216   16.1732
   -7.5000   -7.5000  -52.5000 1865.3790   15.9629
    0.0000   -7.5000  -52.5000 1880.1178   15.7859
    7.5000   -7.5000  -52.5000 1864.6017   15.9461
   -7.5000    0.0000  -52.5000 1855.2742   16.2268
    0.0000    0.0000  -52.5000 1871.4127   16.0102
    7.5000    0.0000  -52.5000 1854.7859   16.1668
   -7.5000    7.5000  -52.5000 1823.6957   16.8549
    0.0000    7.5000  -52.5000 1836.9026   16.6713
    7.5000    7.5000  -52.5000 1823.4825   16.8406
   -7.5000   15.0000  -52.5000 1776.8214   17.8662
    0.0000   15.0000  -52.5000 1790.5502   17.6750
    7.5000   15.0000  -52.5000 1777.4172   17.8728
   -7.5000   22.5000  -52.5000 1710.3859   19.3288
    0.0000   22.5000  -52.5000 1728.9004   19.0961
    7.5000   22.5000  -52.5000 1712.4170   19.3261
   -7.5000   30.0000  -52.5000 1629.0554   21.2731
    0.0000   30.0000  -52.5000 1646.5411   21.0476
    7.5000   30.0000  -52.5000 1630.8931   21.2417
   -7.5000   37.5000  -52.5000 1512.2762   23.7271
    0.0000   37.5000  -52.5000 1530.6111   23.4594
    7.5000   37.5000  -52.5000 1515.0590   23.6078
   -7.5000   45.0000  -52.5000 1376.1685   26.8114
    0.0000   45.0000  -52.5000 1388.6002   26.5952
    7.5000   45.0000  -52.5000 1377.7882   26.6466
   -7.5000  -45.0000  -45.0000 1815.0725   20.4335
    0.0000  -45.0000  -45.0000 1825.6556   20.2449
    7.5000  -45.0000  -45.0000 1813.7572   20.3588
   -7.5000  -37.5000  -45.0000 1907.0287   18.6383
    0.0000  -37.5000  -45.0000 1922.7037   18.4874
    7.5000  -37.5000  -45.0000 1907.4674   18.5798
   -7.5000  -30.0000  -45.0000 1980.3904   17.3656
    0.0000  -30.0000  -45.0000 1995.6003   17.2196
    7.5000  -30.0000  -45.0000 1982.1323   17.2881
   -7.5000  -22.5000  -45.0000 2012.8445   16.4779
    0.0000  -22.5000  -45.0000 2028.4692   16.3167
    7.5000  -22.5000  -45.0000 2017.5162   16.4114
   -7.5000  -15.0000  -45.0000 2035.9579   15.9578
    0.0000  -15.0000  -45.0000 2052.3140   15.7901
    7.5000  -15.0000  -45.0000 2038.7321   15.8982
   -7.5000   -7.5000  -45.0000 2038.9988   15.7678
    0.0000   -7.5000  -45.0000 2056.5476   15.5855
    7.5000   -7.5000  -45.0000 2041.9521   15.7119
   -7.5000    0.0000  -45.0000 2027.7021   16.0198
    0.0000    0.0000  -45.0000 2043.3496   15.8173
    7.5000    0.0000  -45.0000 2024.4232   15.9536
   -7.5000    7.5000  -45.0000 1994.9333   16.6361
    0.0000    7.5000  -45.0000 2007.4343   16.4333
    7.5000    7.5000  -45.0000 1992.9406   16.6147
   -7.5000   15.0000  -45.0000 1945.5870   17.5998
    0.0000   15.0000  -45.0000 1964.3950   17.4169
    7.5000   15.0000  -45.0000 1948.5206   17.5892
   -7.5000   22.5000  -45.0000 1870.5360   19.0045
    0.0000   22.5000  -45.0000 1889.4471   18.7665
    7.5000   22.5000  -45.0000 1872.7344   18.9344
   -7.5000   30.0000  -45.0000 1778.7271   20.9081
    0.0000   30.0000  -45.0000 1799.1421   20.5995
    7.5000   30.0000  -45.0000 1781.9565   20.7858
   -7.5000   37.5000  -45.0000 1653.5294   23.2856
    0.0000   37.5000  -45.0000 1668.7399   22.9449
    7.5000   37.5000  -45.0000 1653.4797   23.1261
   -7.5000   45.0000  -45.0000 1498.9762   26.2488
    0.0000   45.0000  -45.0000 1509.3640   25.9115
    7.5000   45.0000  -45.0000 1497.0402   26.0238
   -7.5000  -45.0000  -37.5000 1967.6724   19.9465
    0.0000  -45.0000  -37.5000 1984.1578   19.7150
    7.5000  -45.0000  -37.5000 1967.4893   19.7945
   -7.5000  -37.5000  -37.5000 2069.0933   18.1885
    0.0000  -37.5000  -37.5000 2088.5703   17.9947
    7.5000  -37.5000  -37.5000 2071.7778   18.0624
   -7.5000  -30.0000  -37.5000 2148.4583   16.9263
    0.0000  -30.0000  -37.5000 2171.9592   16.7595
    7.5000  -30.0000  -37.5000 2150.4104   16.8003
   -7.5000  -22.5000  -37.5000 2185.6499   16.0622
    0.0000  -22.5000  -37.5000 2206.3352   15.9224
    7.5000  -22.5000  -37.5000 2190.6628   15.9444
   -7.5000  -15.0000  -37.5000 2212.0513   15.5835
    0.0000  -15.0000  -37.5000 2228.5828   15.4254
    7.5000  -15.0000  -37.5000 2214.2864   15.4750
   -7.5000   -7.5000  -37.5000 2217.4739   15.4248
    0.0000   -7.5000  -37.5000 2234.0168   15.2723
    7.5000   -7.5000  -37.5000 2216.1335   15.3405
   -7.5000    0.0000  -37.5000 2198.1023   15.6869
    0.0000    0.0000  -37.5000 2213.6450   15.5123
    7.5000    0.0000  -37.5000 2197.0686   15.5876
   -7.5000    7.5000  -37.5000 2159.7273   16.2678
    0.0000    7.5000  -37.5000 2179.9863   16.0681
    7.5000    7.5000  -37.5000 2162.5586   16.1767
   -7.5000   15.0000  -37.5000 2106.6833   17.1967
    0.0000   15.0000  -37.5000 2127.6218   16.9835
    7.5000   15.0000  -37.5000 2107.7234   17.1170
   -7.5000   22.5000  -37.5000 2026.9663   18.5594
    0.0000   22.5000  -37.5000 2045.4456   18.3035
    7.5000   22.5000  -37.5000 2026.9214   18.4560
   -7.5000   30.0000  -37.5000 1922.9061   20.3790
    0.0000   30.0000  -37.5000 1943.2582   20.0306
    7.5000   30.0000  -37.5000 1924.6410   20.2145
   -7.5000   37.5000  -37.5000 1786.8883   22.6534
    0.0000   37.5000  -37.5000 1802.2823   22.3118
    7.5000   37.5000  -37.5000 1785.0504   22.4402
   -7.5000   45.0000  -37.5000 1619.5320   25.5452
    0.0000   45.0000  -37.5000 1632.5343   25.1808
    7.5000   45.0000  -37.5000 1619.6692   25.3091
   -7.5000  -45.0000  -30.0000 2099.6208   19.3079
    0.0000  -45.0000  -30.0000 2119.4207   19.0721
    7.5000  -45.0000  -30.0000 2102.3174   19.1530
   -7.5000  -37.5000  -30.0000 2213.3804   17.6050
    0.0000  -37.5000  -30.0000 2229.6013   17.4100
    7.5000  -37.5000  -30.0000 2216.1475   17.4778
   -7.5000  -30.0000  -30.0000 2299.6421   16.3759
    0.0000  -30.0000  -30.0000 2318.7844   16.2255
    7.5000  -30.0000  -30.0000 2301.7881   16.2425
   -7.5000  -22.5000  -30.0000 2346.0208   15.5134
    0.0000  -22.5000  -30.0000 2362.8333   15.3990
    7.5000  -22.5000  -30.0000 2349.0215   15.4046
   -7.5000  -15.0000  -30.0000 2372.4915   15.0521
    0.0000  -15.0000  -30.0000 2393.5808   14.9182
    7.5000  -15.0000  -30.0000 2377.2480   14.9108
   -7.5000   -7.5000  -30.0000 2383.9094   14.9366
    0.0000   -7.5000  -30.0000 2410.0112   14.7931
    7.5000   -7.5000  -30.0000 2386.0220   14.8142
   -7.5000    0.0000  -30.0000 2365.1899   15.2329
    0.0000    0.0000  -30.0000 2387.8494   15.0922
    7.5000    0.0000  -30.0000 2368.4080   15.1236
   -7.5000    7.5000  -30.0000 2325.2205   15.8150
    0.0000    7.5000  -30.0000 2349.0903   15.6587
    7.5000    7.5000  -30.0000 2329.6777   15.7255
   -7.5000   15.0000  -30.0000 2260.7654   16.7567
    0.0000   15.0000  -30.0000 2284.9888   16.5567
    7.5000   15.0000  -30.0000 2264.6826   16.6414
   -7.5000   22.5000  -30.0000 2171.3679   18.0375
    0.0000   22.5000  -30.0000 2193.2205   17.8170
    7.5000   22.5000  -30.0000 2174.3599   17.9029
   -7.5000   30.0000  -30.0000 2055.6592   19.7422
    0.0000   30.0000  -30.0000 2074.7637   19.4572
    7.5000   30.0000  -30.0000 2055.3123   19.5335
   -7.5000   37.5000  -30.0000 1905.8490   21.9619
    0.0000   37.5000  -30.0000 1923.7474   21.6638
    7.5000   37.5000  -30.0000 1902.4331   21.7452
   -7.5000   45.0000  -30.0000 1728.1777   24.7175
    0.0000   45.0000  -30.0000 1746.1628   24.3751
    7.5000   45.0000  -30.0000 1729.2065   24.4378
   -7.5000  -45.0000  -22.5000 2209.1030   18.6334
    0.0000  -45.0000  -22.5000 2229.5566   18.4043
    7.5000  -45.0000  -22.5000 2213.4771   18.5082
   -7.5000  -37.5000  -22.5000 2329.4497   16.9455
    0.0000  -37.5000  -22.5000 2350.9956   16.7719
    7.5000  -37.5000  -22.5000 2333.2805   16.8331
   -7.5000  -30.0000  -22.5000 2427.6001   15.7088
    0.0000  -30.0000  -22.5000 2446.9392   15.5786
    7.5000  -30.0000  -22.5000 2427.7542   15.6201
   -7.5000  -22.5000  -22.5000 2484.7363   14.8762
    0.0000  -22.5000  -22.5000 2505.0706   14.7941
    7.5000  -22.5000  -22.5000 2485.0632   14.7851
   -7.5000  -15.0000  -22.5000 2521.2688   14.3821
    0.0000  -15.0000  -22.5000 2541.7302   14.2994
    7.5000  -15.0000  -22.5000 2524.0078   14.2838
   -7.5000   -7.5000  -22.5000 2536.2395   14.3048
    0.0000   -7.5000  -22.5000 2566.7974   14.1901
    7.5000   -7.5000  -22.5000 2539.8569   14.2019
   -7.5000    0.0000  -22.5000 2520.1975   14.6482
    0.0000    0.0000  -22.5000 2552.1338   14.5332
    7.5000    0.0000  -22.5000 2525.9202   14.5459
   -7.5000    7.5000  -22.5000 2473.7827   15.2420
    0.0000    7.5000  -22.5000 2504.6494   15.1235
    7.5000    7.5000  -22.5000 2480.4236   15.1512
   -7.5000   15.0000  -22.5000 2401.1763   16.1548
    0.0000   15.0000  -22.5000 2429.1570   16.0111
    7.5000   15.0000  -22.5000 2405.6299   16.0609
   -7.5000   22.5000  -22.5000 2298.2771   17.3675
    0.0000   22.5000  -22.5000 2324.2114   17.1903
    7.5000   22.5000  -22.5000 2301.8921   17.2772
   -7.5000   30.0000  -22.5000 2170.8167   19.0038
    0.0000   30.0000  -22.5000 2192.3164   18.7792
    7.5000   30.0000  -22.5000 2173.2539   18.8635
   -7.5000   37.5000  -22.5000 2007.9557   21.1700
    0.0000   37.5000  -22.5000 2023.6293   20.8915
    7.5000   37.5000  -22.5000 2007.0781   20.9788
   -7.5000   45.0000  -22.5000 1820.1694   23.7786
    0.0000   45.0000  -22.5000 1838.6708   23.4328
    7.5000   45.0000  -22.5000 1821.9698   23.5387
   -7.5000  -45.0000  -15.0000 2291.9595   17.8680
    0.0000  -45.0000  -15.0000 2310.6641   17.6292
    7.5000  -45.0000  -15.0000 2294.5928   17.7923
   -7.5000  -37.5000  -15.0000 2418.2522   16.2297
    0.0000  -37.5000  -15.0000 2437.3257   16.0400
    7.5000  -37.5000  -15.0000 2422.6125   16.1737
   -7.5000  -30.0000  -15.0000 2526.7981   15.0280
    0.0000  -30.0000  -15.0000 2544.0232   14.8843
    7.5000  -30.0000  -15.0000 2526.6960   14.9709
   -7.5000  -22.5000  -15.0000 2600.9800   14.1773
    0.0000  -22.5000  -15.0000 2622.6643   14.0413
    7.5000  -22.5000  -15.0000 2598.3599   14.1338
   -7.5000  -15.0000  -15.0000 2651.6135   13.6751
    0.0000  -15.0000  -15.0000 2673.5742   13.5925
    7.5000  -15.0000  -15.0000 2648.2458   13.6439
   -7.5000   -7.5000  -15.0000 2670.0835   13.6168
    0.0000   -7.5000  -15.0000 2698.4919   13.5216
    7.5000   -7.5000  -15.0000 2667.7383   13.5782
   -7.5000    0.0000  -15.0000 2653.7764   13.9570
    0.0000    0.0000  -15.0000 2688.0300   13.8537
    7.5000    0.0000  -15.0000 2656.4700   13.9062
   -7.5000    7.5000  -15.0000 2599.0244   14.5567
    0.0000    7.5000  -15.0000 2635.3457   14.4615
    7.5000    7.5000  -15.0000 2604.5725   14.5087
   -7.5000   15.0000  -15.0000 2515.3479   15.4201
    0.0000   15.0000  -15.0000 2547.9292   15.3085
    7.5000   15.0000  -15.0000 2519.6953   15.3813
   -7.5000   22.5000  -15.0000 2399.0237   16.5718
    0.0000   22.5000  -15.0000 2426.6636   16.4409
    7.5000   22.5000  -15.0000 2403.1309   16.5409
   -7.5000   30.0000  -15.0000 2262.9092   18.1877
    0.0000   30.0000  -15.0000 2286.0417   18.0337
    7.5000   30.0000  -15.0000 2268.3281   18.1306
   -7.5000   37.5000  -15.0000 2086.9106   20.2178
    0.0000   37.5000  -15.0000 2106.1577   19.9849
    7.5000   37.5000  -15.0000 2090.9343   20.1318
   -7.5000   45.0000  -15.0000 1891.2227   22.6144
    0.0000   45.0000  -15.0000 1906.2446   22.3886
    7.5000   45.0000  -15.0000 1891.2159   22.5772
   -7.5000  -45.0000   -7.5000 2334.4934   17.0719
    0.0000  -45.0000   -7.5000 2351.9417   16.8324
    7.5000  -45.0000   -7.5000 2336.1594   17.0075
   -7.5000  -37.5000   -7.5000 2468.8828   15.4815
    0.0000  -37.5000   -7.5000 2488.1611   15.2281
    7.5000  -37.5000   -7.5000 2468.9915   15.4435
   -7.5000  -30.0000   -7.5000 2586.9258   14.2922
    0.0000  -30.0000   -7.5000 2606.7351   14.0939
    7.5000  -30.0000   -7.5000 2586.2874   14.2636
   -7.5000  -22.5000   -7.5000 2678.8787   13.4620
    0.0000  -22.5000   -7.5000 2702.4377   13.2711
    7.5000  -22.5000   -7.5000 2677.8777   13.4322
   -7.5000  -15.0000   -7.5000 2741.4387   12.9763
    0.0000  -15.0000   -7.5000 2764.4080   12.8144
    7.5000  -15.0000   -7.5000 2738.4287   12.9517
   -7.5000   -7.5000   -7.5000 2764.6938   12.9235
    0.0000   -7.5000   -7.5000 2798.2937   12.7845
    7.5000   -7.5000   -7.5000 2764.2642   12.9031
   -7.5000    0.0000   -7.5000 2751.0991   13.2129
    0.0000    0.0000   -7.5000 2792.2307   13.1062
    7.5000    0.0000   -7.5000 2752.9910   13.1927
   -7.5000    7.5000   -7.5000 2688.0464   13.7901
    0.0000    7.5000   -7.5000 2725.7991   13.6901
    7.5000    7.5000   -7.5000 2690.7097   13.7735
   -7.5000   15.0000   -7.5000 2592.5950   14.6147
    0.0000   15.0000   -7.5000 2625.7080   14.4976
    7.5000   15.0000   -7.5000 2594.2925   14.5929
   -7.5000   22.5000   -7.5000 2465.7927   15.7389
    0.0000   22.5000   -7.5000 2494.2686   15.6208
    7.5000   22.5000   -7.5000 2468.8840   15.7272
   -7.5000   30.0000   -7.5000 2315.9192   17.2965
    0.0000   30.0000   -7.5000 2344.3279   17.1684
    7.5000   30.0000   -7.5000 2320.1946   17.2662
   -7.5000   37.5000   -7.5000 2135.3408   19.2410
    0.0000   37.5000   -7.5000 2158.8667   19.0805
    7.5000   37.5000   -7.5000 2141.2019   19.1647
   -7.5000   45.0000   -7.5000 1931.2001   21.5643
    0.0000   45.0000   -7.5000 1949.7007   21.3584
    7.5000   45.0000   -7.5000 1934.0125   21.4918
   -7.5000  -45.0000    0.0000 2363.3020   16.6510
    0.0000  -45.0000    0.0000 2381.9451   16.3587
    7.5000  -45.0000    0.0000 2366.2527   16.5778
   -7.5000  -37.5000    0.0000 2502.6323   15.0627
    0.0000  -37.5000    0.0000 2523.3245   14.7995
    7.5000  -37.5000    0.0000 2503.4365   15.0056
   -7.5000  -30.0000    0.0000 2634.0781   13.8912
    0.0000  -30.0000    0.0000 2654.2236   13.6531
    7.5000  -30.0000    0.0000 2633.8596   13.8497
   -7.5000  -22.5000    0.0000 2743.3848   13.0621
    0.0000  -22.5000    0.0000 2771.1116   12.8199
    7.5000  -22.5000    0.0000 2743.0955   13.0172
   -7.5000  -15.0000    0.0000 2824.7437   12.5581
    0.0000  -15.0000    0.0000 2857.5061   12.3138
    7.5000  -15.0000    0.0000 2822.3369   12.5143
   -7.5000   -7.5000    0.0000 2861.4436   12.4499
    0.0000   -7.5000    0.0000 2902.3691   12.2881
    7.5000   -7.5000    0.0000 2860.1680   12.4343
   -7.5000    0.0000    0.0000 2844.5979   12.7343
    0.0000    0.0000    0.0000 2891.8484   12.6025
    7.5000    0.0000    0.0000 2843.8071   12.7042
   -7.5000    7.5000    0.0000 2764.5962   13.3445
    0.0000    7.5000    0.0000 2808.0681   13.2229
    7.5000    7.5000    0.0000 2766.9009   13.3091
   -7.5000   15.0000    0.0000 2652.5210   14.1095
    0.0000   15.0000    0.0000 2688.1343   13.9924
    7.5000   15.0000    0.0000 2656.3770   14.0797
   -7.5000   22.5000    0.0000 2517.2810   15.2352
    0.0000   22.5000    0.0000 2546.8538   15.1101
    7.5000   22.5000    0.0000 2520.8567   15.1754
   -7.5000   30.0000    0.0000 2363.9250   16.7528
    0.0000   30.0000    0.0000 2390.0718   16.6142
    7.5000   30.0000    0.0000 2367.2488   16.6752
   -7.5000   37.5000    0.0000 2176.1675   18.6758
    0.0000   37.5000    0.0000 2198.9319   18.4947
    7.5000   37.5000    0.0000 2178.4268   18.5594
   -7.5000   45.0000    0.0000 1966.1428   20.9521
    0.0000   45.0000    0.0000 1986.7437   20.7226
    7.5000   45.0000    0.0000 1968.1476   20.8548
   -7.5000  -45.0000    7.5000 2366.5571   16.4382
    0.0000  -45.0000    7.5000 2391.3555   16.1490
    7.5000  -45.0000    7.5000 2369.5830   16.3399
   -7.5000  -37.5000    7.5000 2508.9014   14.8706
    0.0000  -37.5000    7.5000 2535.0059   14.5699
    7.5000  -37.5000    7.5000 2511.3931   14.7501
   -7.5000  -30.0000    7.5000 2646.8562   13.6955
    0.0000  -30.0000    7.5000 2675.2456   13.4015
    7.5000  -30.0000    7.5000 2649.7510   13.5863
   -7.5000  -22.5000    7.5000 2766.0845   12.8539
    0.0000  -22.5000    7.5000 2801.7109   12.5496
    7.5000  -22.5000    7.5000 2769.1663   12.7550
   -7.5000  -15.0000    7.5000 2863.5132   12.2826
    0.0000  -15.0000    7.5000 2906.7656   11.9505
    7.5000  -15.0000    7.5000 2863.8037   12.2037
   -7.5000   -7.5000    7.5000 2913.4612   12.1266
    0.0000   -7.5000    7.5000 2958.1646   11.8525
    7.5000   -7.5000    7.5000 2913.8962   12.0496
   -7.5000    0.0000    7.5000 2895.5913   12.3500
    0.0000    0.0000    7.5000 2943.4900   12.1532
    7.5000    0.0000    7.5000 2902.1208   12.2744
   -7.5000    7.5000    7.5000 2802.4187   13.0102
    0.0000    7.5000    7.5000 2846.1538   12.8054
    7.5000    7.5000    7.5000 2810.3433   12.8906
   -7.5000   15.0000    7.5000 2678.5869   13.8764
    0.0000   15.0000    7.5000 2713.7827   13.6545
    7.5000   15.0000    7.5000 2684.7407   13.7320
   -7.5000   22.5000    7.5000 2535.5715   14.9756
    0.0000   22.5000    7.5000 2566.5027   14.7404
    7.5000   22.5000    7.5000 2540.4255   14.8224
   -7.5000   30.0000    7.5000 2380.7939   16.4753
    0.0000   30.0000    7.5000 2407.5837   16.2477
    7.5000   30.0000    7.5000 2380.5027   16.3064
   -7.5000   37.5000    7.5000 2192.5459   18.3463
    0.0000   37.5000    7.5000 2216.0239   18.0955
    7.5000   37.5000    7.5000 2193.6201   18.1620
   -7.5000   45.0000    7.5000 1979.7410   20.5531
    0.0000   45.0000    7.5000 2003.0400   20.2438
    7.5000   45.0000    7.5000 1983.2596   20.3660
   -7.5000  -45.0000   15.0000 2360.1299   16.4713
    0.0000  -45.0000   15.0000 2387.9639   16.2212
    7.5000  -45.0000   15.0000 2363.3599   16.3705
   -7.5000  -37.5000   15.0000 2499.7021   14.8928
    0.0000  -37.5000   15.0000 2528.4990   14.6434
    7.5000  -37.5000   15.0000 2504.0154   14.8008
   -7.5000  -30.0000   15.0000 2638.6067   13.7342
    0.0000  -30.0000   15.0000 2671.7883   13.4640
    7.5000  -30.0000   15.0000 2639.9226   13.6272
   -7.5000  -22.5000   15.0000 2757.0671   12.8841
    0.0000  -22.5000   15.0000 2796.8523   12.5998
    7.5000  -22.5000   15.0000 2759.8838   12.7830
   -7.5000  -15.0000   15.0000 2856.2065   12.3449
    0.0000  -15.0000   15.0000 2903.9761   11.9957
    7.5000  -15.0000   15.0000 2857.9829   12.2225
   -7.5000   -7.5000   15.0000 2908.7583   12.1473
    0.0000   -7.5000   15.0000 2957.6587   11.7872
    7.5000   -7.5000   15.0000 2913.3438   11.9899
   -7.5000    0.0000   15.0000 2893.7488   12.3417
    0.0000    0.0000   15.0000 2937.8015   12.0358
    7.5000    0.0000   15.0000 2898.8040   12.2014
   -7.5000    7.5000   15.0000 2808.1035   12.9983
    0.0000    7.5000   15.0000 2849.0881   12.6968
    7.5000    7.5000   15.0000 2810.9897   12.8418
   -7.5000   15.0000   15.0000 2676.7688   13.8437
    0.0000   15.0000   15.0000 2714.7354   13.5651
    7.5000   15.0000   15.0000 2681.6626   13.6777
   -7.5000   22.5000   15.0000 2529.9441   14.9319
    0.0000   22.5000   15.0000 2559.6743   14.6687
    7.5000   22.5000   15.0000 2535.5884   14.7674
   -7.5000   30.0000   15.0000 2374.1067   16.3904
    0.0000   30.0000   15.0000 2398.7576   16.1593
    7.5000   30.0000   15.0000 2377.0784   16.2468
   -7.5000   37.5000   15.0000 2188.7849   18.2054
    0.0000   37.5000   15.0000 2208.1401   17.9594
    7.5000   37.5000   15.0000 2190.6160   18.0668
   -7.5000   45.0000   15.0000 1977.1260   20.3238
    0.0000   45.0000   15.0000 2000.2622   20.0310
    7.5000   45.0000   15.0000 1981.8749   20.1839
   -7.5000  -45.0000   22.5000 2345.6433   16.7718
    0.0000  -45.0000   22.5000 2375.1284   16.5184
    7.5000  -45.0000   22.5000 2351.0417   16.6757
   -7.5000  -37.5000   22.5000 2485.4299   15.2081
    0.0000  -37.5000   22.5000 2516.6646   14.9547
    7.5000  -37.5000   22.5000 2491.9368   15.1190
   -7.5000  -30.0000   22.5000 2618.6655   14.0555
    0.0000  -30.0000   22.5000 2654.1025   13.7977
    7.5000  -30.0000   22.5000 2621.5222   13.9506
   -7.5000  -22.5000   22.5000 2726.0300   13.2148
    0.0000  -22.5000   22.5000 2762.3420   12.8960
    7.5000  -22.5000   22.5000 2729.2668   13.0977
   -7.5000  -15.0000   22.5000 2813.3169   12.7031
    0.0000  -15.0000   22.5000 2853.8340   12.3937
    7.5000  -15.0000   22.5000 2816.5232   12.6004
   -7.5000   -7.5000   22.5000 2859.1497   12.5435
    0.0000   -7.5000   22.5000 2897.6406   12.2452
    7.5000   -7.5000   22.5000 2862.7825   12.4028
   -7.5000    0.0000   22.5000 2840.0232   12.6829
    0.0000    0.0000   22.5000 2874.1665   12.3723
    7.5000    0.0000   22.5000 2842.8745   12.5491
   -7.5000    7.5000   22.5000 2764.2935   13.2130
    0.0000    7.5000   22.5000 2800.4675   12.8891
    7.5000    7.5000   22.5000 2766.9026   13.0730
   -7.5000   15.0000   22.5000 2645.2720   14.0609
    0.0000   15.0000   22.5000 2678.4927   13.7480
    7.5000   15.0000   22.5000 2651.0264   13.9095
   -7.5000   22.5000   22.5000 2506.5410   15.1487
    0.0000   22.5000   22.5000 2534.4272   14.8668
    7.5000   22.5000   22.5000 2513.4094   14.9840
   -7.5000   30.0000   22.5000 2355.2786   16.5772
    0.0000   30.0000   22.5000 2381.4937   16.3046
    7.5000   30.0000   22.5000 2360.8149   16.4269
   -7.5000   37.5000   22.5000 2169.4207   18.3482
    0.0000   37.5000   22.5000 2191.6333   18.0768
    7.5000   37.5000   22.5000 2171.1067   18.1720
   -7.5000   45.0000   22.5000 1962.4446   20.3828
    0.0000   45.0000   22.5000 1983.1525   20.0845
    7.5000   45.0000   22.5000 1965.7208   20.2163
   -7.5000  -45.0000   30.0000 2322.6309   17.3500
    0.0000  -45.0000   30.0000 2352.9243   17.1245
    7.5000  -45.0000   30.0000 2329.4294   17.2600
   -7.5000  -37.5000   30.0000 2459.5317   15.7916
    0.0000  -37.5000   30.0000 2492.5081   15.5770
    7.5000  -37.5000   30.0000 2463.3665   15.6791
   -7.5000  -30.0000   30.0000 2581.5161   14.6364
    0.0000  -30.0000   30.0000 2618.8413   14.4230
    7.5000  -30.0000   30.0000 2583.4036   14.5485
   -7.5000  -22.5000   30.0000 2681.0503   13.8275
    0.0000  -22.5000   30.0000 2716.0452   13.6002
    7.5000  -22.5000   30.0000 2679.4360   13.7518
   -7.5000  -15.0000   30.0000 2751.6248   13.3607
    0.0000  -15.0000   30.0000 2785.5403   13.1609
    7.5000  -15.0000   30.0000 2751.1375   13.2684
   -7.5000   -7.5000   30.0000 2775.3809   13.1672
    0.0000   -7.5000   30.0000 2809.2871   12.9406
    7.5000   -7.5000   30.0000 2776.5269   13.0168
   -7.5000    0.0000   30.0000 2753.4990   13.2465
    0.0000    0.0000   30.0000 2786.0686   13.0398
    7.5000    0.0000   30.0000 2756.4854   13.0975
   -7.5000    7.5000   30.0000 2684.8162   13.7481
    0.0000    7.5000   30.0000 2713.1536   13.5259
    7.5000    7.5000   30.0000 2684.3865   13.6150
   -7.5000   15.0000   30.0000 2578.5588   14.5470
    0.0000   15.0000   30.0000 2604.3545   14.3211
    7.5000   15.0000   30.0000 2576.4832   14.4252
   -7.5000   22.5000   30.0000 2455.8960   15.6207
    0.0000   22.5000   30.0000 2480.8835   15.3733
    7.5000   22.5000   30.0000 2456.0657   15.4737
   -7.5000   30.0000   30.0000 2312.4600   16.9818
    0.0000   30.0000   30.0000 2333.1072   16.7555
    7.5000   30.0000   30.0000 2312.3611   16.8595
   -7.5000   37.5000   30.0000 2134.1709   18.7066
    0.0000   37.5000   30.0000 2155.8276   18.4302
    7.5000   37.5000   30.0000 2133.9087   18.5374
   -7.5000   45.0000   30.0000 1934.6713   20.6905
    0.0000   45.0000   30.0000 1957.0514   20.3660
    7.5000   45.0000   30.0000 1937.2327   20.5575
   -7.5000  -45.0000   37.5000 2281.0596   18.1863
    0.0000  -45.0000   37.5000 2312.7849   17.9988
    7.5000  -45.0000   37.5000 2284.4214   18.1185
   -7.5000  -37.5000   37.5000 2415.2405   16.6174
    0.0000  -37.5000   37.5000 2446.0112   16.4788
    7.5000  -37.5000   37.5000 2413.8936   16.5640
   -7.5000  -30.0000   37.5000 2522.7656   15.4944
    0.0000  -30.0000   37.5000 2556.8677   15.3520
    7.5000  -30.0000   37.5000 2523.4495   15.4405
   -7.5000  -22.5000   37.5000 2612.5112   14.7037
    0.0000  -22.5000   37.5000 2647.0972   14.5568
    7.5000  -22.5000   37.5000 2611.3096   14.6459
   -7.5000  -15.0000   37.5000 2667.8113   14.2158
    0.0000  -15.0000   37.5000 2699.6750   14.0659
    7.5000  -15.0000   37.5000 2670.1489   14.1307
   -7.5000   -7.5000   37.5000 2682.0417   13.9946
    0.0000   -7.5000   37.5000 2714.3616   13.8057
    7.5000   -7.5000   37.5000 2683.9900   13.8620
   -7.5000    0.0000   37.5000 2652.3459   14.0633
    0.0000    0.0000   37.5000 2680.3828   13.8941
    7.5000    0.0000   37.5000 2654.9607   13.9430
   -7.5000    7.5000   37.5000 2585.1799   14.5518
    0.0000    7.5000   37.5000 2606.4685   14.3396
    7.5000    7.5000   37.5000 2589.1692   14.4393
   -7.5000   15.0000   37.5000 2495.2781   15.2816
    0.0000   15.0000   37.5000 2516.1860   15.0816
    7.5000   15.0000   37.5000 2496.8225   15.1741
   -7.5000   22.5000   37.5000 2379.3708   16.3445
    0.0000   22.5000   37.5000 2395.1873   16.1471
    7.5000   22.5000   37.5000 2378.0264   16.2319
   -7.5000   30.0000   37.5000 2248.4431   17.6130
    0.0000   30.0000   37.5000 2263.2175   17.4344
    7.5000   30.0000   37.5000 2242.0840   17.5249
   -7.5000   37.5000   37.5000 2087.3582   19.2845
    0.0000   37.5000   37.5000 2107.4558   19.0813
    7.5000   37.5000   37.5000 2084.3596   19.1558
   -7.5000   45.0000   37.5000 1895.3020   21.3210
    0.0000   45.0000   37.5000 1912.5000   21.0548
    7.5000   45.0000   37.5000 1895.0424   21.1723

---------------------------------------------------------------------
imgreg_4dfp /opt/freesurfer/average/711-2C_as_mni_average_305 /opt/freesurfer/average/711-2B_as_mni_average_305_mask talsrcimg_g11 none talsrcimg_to_711-2C_as_mni_average_305_t4 1283
---------------------------------------------------------------------

freesurfer imgreg_4dfp.c
/opt/freesurfer/average/711-2C_as_mni_average_305.4dfp.img
       256       256       256         1
  1.000000  1.000000  1.000000
orientation T byte_order littleendian
Reading image: /opt/freesurfer/average/711-2C_as_mni_average_305.4dfp.img
dimensions:      256       256       256
mmppix:       1.0000   -1.0000   -1.0000
center:     128.0000 -129.0000 -129.0000
/opt/freesurfer/average/711-2B_as_mni_average_305_mask.4dfp.img
       256       256       256         1
  1.000000  1.000000  1.000000
orientation T byte_order littleendian
Reading mask: /opt/freesurfer/average/711-2B_as_mni_average_305_mask.4dfp.img (2306576 pixels)
talsrcimg_g11.4dfp.img
       256       256       256         1
  0.900000  0.900000  0.900000
orientation T byte_order littleendian
Reading image: talsrcimg_g11.4dfp.img
dimensions:      256       256       256
mmppix:       0.9000   -0.9000   -0.9000
center:     115.2000 -116.1000 -116.1000
rotation matrix determinant  1.000000
fimgreg.f
image alignment mode   1283 decimal      503 hex
parameters
    0.0000   -7.5000    7.5000    0.0000    0.0000    0.0000
eta,q 0.93019 11.78372
niter,ni,del,rscale     5    3   12.0000    1.2000
parameters
    0.0702   -6.1398    9.6091   -1.0303   -0.1561    0.5077
eta,q 0.93428 11.71575
  0.0761  0.0809  0.0783  0.0688  0.0698  0.0704
  0.0707  0.0765  0.0716  0.0678  0.0673  0.0680
  0.0682  0.0713  0.0672  0.0662  0.0658  0.0663
  0.0670  0.0670  0.0655  0.0657  0.0657  0.0657
  0.0676  0.0654  0.0657  0.0670  0.0664  0.0660
  0.0711  0.0680  0.0665  0.0693  0.0679  0.0670
  0.0754  0.0740  0.0669  0.0725  0.0698  0.0690
niter,ni,del,rscale     4    3   12.0000    1.2000
parameters
    0.1402   -5.6906    9.9027   -1.4334   -0.0643    0.5463
eta,q 0.93431 11.73942
  0.0738  0.0765  0.0709  0.0693  0.0703  0.0697
  0.0684  0.0724  0.0670  0.0683  0.0676  0.0675
  0.0657  0.0687  0.0652  0.0667  0.0659  0.0661
  0.0657  0.0658  0.0654  0.0656  0.0657  0.0657
  0.0667  0.0656  0.0665  0.0664  0.0662  0.0661
  0.0689  0.0697  0.0671  0.0684  0.0677  0.0674
  0.0726  0.0749  0.0690  0.0712  0.0697  0.0696
niter,ni,del,rscale     3    3   12.0000    1.2000
parameters
    0.1021   -5.4893    9.7463   -1.6737   -0.0365    0.4680
eta,q 0.93450 11.74055
  0.0736  0.0754  0.0701  0.0693  0.0702  0.0693
  0.0685  0.0716  0.0666  0.0685  0.0675  0.0673
  0.0657  0.0683  0.0650  0.0669  0.0657  0.0659
  0.0657  0.0657  0.0655  0.0654  0.0655  0.0655
  0.0668  0.0660  0.0666  0.0660  0.0661  0.0660
  0.0692  0.0702  0.0675  0.0681  0.0677  0.0674
  0.0731  0.0751  0.0697  0.0709  0.0698  0.0695
niter,ni,del,rscale     2    3   12.0000    1.2000
parameters
    0.1082   -5.3610    9.7115   -1.8465   -0.0429    0.4160
eta,q 0.93454 11.74363
  0.0737  0.0749  0.0704  0.0692  0.0702  0.0693
  0.0683  0.0714  0.0669  0.0686  0.0675  0.0673
  0.0655  0.0681  0.0651  0.0670  0.0657  0.0659
  0.0655  0.0655  0.0654  0.0654  0.0655  0.0655
  0.0665  0.0661  0.0666  0.0659  0.0661  0.0659
  0.0690  0.0703  0.0675  0.0680  0.0678  0.0673
  0.0728  0.0751  0.0697  0.0707  0.0699  0.0695
niter,ni,del,rscale     1    3   12.0000    1.2000
parameters
    0.1148   -5.2796    9.6779   -1.9641   -0.0473    0.3737
eta,q 0.93455 11.74573
  0.0737  0.0745  0.0705  0.0692  0.0703  0.0693
  0.0684  0.0713  0.0670  0.0686  0.0676  0.0673
  0.0655  0.0680  0.0651  0.0670  0.0657  0.0659
  0.0655  0.0655  0.0654  0.0654  0.0654  0.0654
  0.0665  0.0661  0.0666  0.0657  0.0661  0.0659
  0.0690  0.0703  0.0675  0.0679  0.0679  0.0673
  0.0729  0.0751  0.0699  0.0706  0.0700  0.0694
registration optimization eta report
parameter search radius
    6.0000    6.0000    6.0000    6.0000    6.0000    6.0000
100000*second partial in parameter space
       22.       25.       13.       12.       13.       11.
  0.0737  0.0745  0.0705  0.0692  0.0703  0.0693
  0.0684  0.0713  0.0670  0.0686  0.0676  0.0673
  0.0655  0.0680  0.0651  0.0670  0.0657  0.0659
  0.0655  0.0655  0.0654  0.0654  0.0654  0.0654
  0.0665  0.0661  0.0666  0.0657  0.0661  0.0659
  0.0690  0.0703  0.0675  0.0679  0.0679  0.0673
  0.0729  0.0751  0.0699  0.0706  0.0700  0.0694
    0.1148   -5.2796    9.6779   -1.9641   -0.0473    0.3737
eta,q 0.93455 11.74573

---------------------------------------------------------------------
imgreg_4dfp /opt/freesurfer/average/711-2C_as_mni_average_305 /opt/freesurfer/average/711-2B_as_mni_average_305_mask talsrcimg_g11 none talsrcimg_to_711-2C_as_mni_average_305_t4 3335
---------------------------------------------------------------------

freesurfer imgreg_4dfp.c
/opt/freesurfer/average/711-2C_as_mni_average_305.4dfp.img
       256       256       256         1
  1.000000  1.000000  1.000000
orientation T byte_order littleendian
Reading image: /opt/freesurfer/average/711-2C_as_mni_average_305.4dfp.img
dimensions:      256       256       256
mmppix:       1.0000   -1.0000   -1.0000
center:     128.0000 -129.0000 -129.0000
/opt/freesurfer/average/711-2B_as_mni_average_305_mask.4dfp.img
       256       256       256         1
  1.000000  1.000000  1.000000
orientation T byte_order littleendian
Reading mask: /opt/freesurfer/average/711-2B_as_mni_average_305_mask.4dfp.img (2306576 pixels)
talsrcimg_g11.4dfp.img
       256       256       256         1
  0.900000  0.900000  0.900000
orientation T byte_order littleendian
Reading image: talsrcimg_g11.4dfp.img
dimensions:      256       256       256
mmppix:       0.9000   -0.9000   -0.9000
center:     115.2000 -116.1000 -116.1000
fimgreg.f
image alignment mode   3335 decimal      D07 hex
parameters
    0.1148   -5.2796    9.6779   -0.0022   -0.0609   -0.0588
   -0.6546    0.0601    0.6522    3.4278   -0.0825   -3.4273
eta,q 0.93416 11.78474
niter,ni,del,rscale     5    3    5.0000    1.2000
parameter  4  3.549387 ->  0.500000 qaram    1.1500
parameter  5  3.619946 ->  0.500000 qaram    1.1500
parameter  6  2.149985 ->  0.500000 qaram    1.1500
parameters
   -0.1374   -4.7199   10.8336   -4.1422   -4.2009   -4.1988
   -0.3306   -1.1307    0.4199    2.8084   -1.5182   -5.2366
eta,q 0.95386 10.73389
  0.0671  0.0680  0.0677  0.0559  0.0475  0.0427  0.0484  0.0483  0.0476  0.0479  0.0468  0.0465
  0.0663  0.0670  0.0669  0.0585  0.0510  0.0455  0.0473  0.0471  0.0468  0.0467  0.0464  0.0462
  0.0659  0.0663  0.0663  0.0618  0.0549  0.0487  0.0467  0.0464  0.0464  0.0462  0.0462  0.0461
  0.0658  0.0658  0.0657  0.0654  0.0593  0.0520  0.0464  0.0464  0.0463  0.0463  0.0463  0.0462
  0.0661  0.0657  0.0654  0.0691  0.0643  0.0565  0.0466  0.0470  0.0465  0.0465  0.0465  0.0464
  0.0667  0.0660  0.0655  0.0733  0.0696  0.0615  0.0471  0.0483  0.0470  0.0472  0.0470  0.0467
  0.0677  0.0667  0.0658  0.0778  0.0750  0.0673  0.0481  0.0504  0.0477  0.0485  0.0475  0.0473
niter,ni,del,rscale     7    3    5.0000    1.2000
parameter  3  0.817464 ->  0.500000 qaram    1.1500
parameter  4  1.558001 ->  0.500000 qaram    1.3225
parameter  5  2.165205 ->  0.500000 qaram    1.3225
parameter  6  1.249809 ->  0.500000 qaram    1.3225
parameters
   -0.3440   -3.9962    9.4536   -8.9032   -8.9619   -8.9598
   -0.2951   -1.1477    0.9343    3.9897   -1.4454   -6.8313
eta,q 0.97150 10.14482
  0.0479  0.0483  0.0455  0.0392  0.0311  0.0282  0.0312  0.0335  0.0307  0.0325  0.0303  0.0293
  0.0469  0.0472  0.0455  0.0404  0.0336  0.0284  0.0299  0.0311  0.0296  0.0308  0.0294  0.0288
  0.0463  0.0465  0.0457  0.0425  0.0369  0.0303  0.0290  0.0293  0.0289  0.0295  0.0288  0.0285
  0.0461  0.0461  0.0461  0.0455  0.0409  0.0344  0.0287  0.0287  0.0287  0.0287  0.0286  0.0286
  0.0465  0.0461  0.0466  0.0495  0.0454  0.0394  0.0290  0.0294  0.0289  0.0286  0.0288  0.0289
  0.0474  0.0462  0.0472  0.0537  0.0505  0.0440  0.0298  0.0311  0.0293  0.0294  0.0294  0.0296
  0.0486  0.0466  0.0481  0.0582  0.0565  0.0495  0.0311  0.0335  0.0302  0.0308  0.0302  0.0305
niter,ni,del,rscale     7    3    5.0000    1.2000
parameter  2 -0.625129 -> -0.500000 qaram    1.1500
parameter  5  0.941207 ->  0.500000 qaram    1.5209
parameter 10 -0.550587 -> -0.500000 qaram    1.1500
parameters
   -0.3588   -2.6162    8.3880  -12.8861  -14.4370  -12.1278
    0.3446   -0.8901    1.6496    8.1297   -0.3293   -8.4598
eta,q 0.97791  9.82413
  0.0315  0.0326  0.0282  0.0283  0.0221  0.0253  0.0259  0.0274  0.0257  0.0284  0.0238  0.0228
  0.0299  0.0309  0.0274  0.0268  0.0225  0.0244  0.0246  0.0254  0.0245  0.0263  0.0230  0.0224
  0.0288  0.0296  0.0272  0.0262  0.0237  0.0233  0.0237  0.0239  0.0236  0.0245  0.0225  0.0221
  0.0285  0.0285  0.0276  0.0272  0.0262  0.0227  0.0233  0.0233  0.0232  0.0232  0.0222  0.0221
  0.0289  0.0278  0.0286  0.0297  0.0301  0.0253  0.0234  0.0235  0.0233  0.0224  0.0222  0.0225
  0.0299  0.0277  0.0299  0.0337  0.0350  0.0308  0.0240  0.0249  0.0239  0.0222  0.0225  0.0231
  0.0316  0.0281  0.0318  0.0385  0.0404  0.0370  0.0252  0.0270  0.0249  0.0231  0.0231  0.0240
niter,ni,del,rscale     7    3    5.0000    1.2000
parameters
   -0.2596   -2.1198    7.4614  -11.6479  -18.2151  -13.1039
    0.2820   -0.9984    1.4432    8.3944    0.2065   -9.9290
eta,q 0.97871  9.68663
  0.0251  0.0267  0.0226  0.0270  0.0232  0.0250  0.0236  0.0256  0.0231  0.0250  0.0227  0.0219
  0.0235  0.0244  0.0220  0.0250  0.0217  0.0236  0.0224  0.0235  0.0222  0.0232  0.0220  0.0215
  0.0225  0.0229  0.0218  0.0232  0.0210  0.0222  0.0216  0.0220  0.0216  0.0220  0.0215  0.0213
  0.0221  0.0221  0.0220  0.0218  0.0215  0.0210  0.0214  0.0214  0.0214  0.0213  0.0213  0.0213
  0.0223  0.0221  0.0226  0.0214  0.0233  0.0208  0.0216  0.0220  0.0216  0.0215  0.0214  0.0216
  0.0232  0.0228  0.0237  0.0227  0.0272  0.0242  0.0225  0.0236  0.0223  0.0226  0.0217  0.0220
  0.0247  0.0243  0.0251  0.0255  0.0324  0.0290  0.0237  0.0259  0.0234  0.0248  0.0224  0.0228
niter,ni,del,rscale     6    3    5.0000    1.2000
parameters
   -0.2097   -1.9811    7.5629  -10.8565  -18.8195  -13.0557
    0.3146   -1.0839    1.3473    8.7302    0.1695  -10.1819
eta,q 0.97892  9.68898
  0.0243  0.0246  0.0229  0.0261  0.0254  0.0255  0.0235  0.0254  0.0229  0.0247  0.0223  0.0220
  0.0227  0.0228  0.0220  0.0244  0.0232  0.0239  0.0222  0.0234  0.0219  0.0228  0.0217  0.0215
  0.0217  0.0217  0.0215  0.0227  0.0217  0.0224  0.0214  0.0217  0.0213  0.0216  0.0212  0.0212
  0.0213  0.0213  0.0213  0.0213  0.0211  0.0211  0.0211  0.0211  0.0211  0.0211  0.0211  0.0211
  0.0215  0.0216  0.0214  0.0211  0.0215  0.0203  0.0214  0.0217  0.0213  0.0213  0.0212  0.0212
  0.0225  0.0225  0.0219  0.0225  0.0233  0.0225  0.0222  0.0234  0.0220  0.0223  0.0217  0.0216
  0.0241  0.0239  0.0227  0.0256  0.0272  0.0270  0.0235  0.0257  0.0230  0.0244  0.0224  0.0221
niter,ni,del,rscale     5    3    5.0000    1.2000
parameters
   -0.2348   -1.9050    7.6639  -10.7509  -18.9417  -12.9680
    0.3480   -1.1157    1.3009    8.8214    0.1109  -10.2169
eta,q 0.97897  9.69050
  0.0240  0.0242  0.0228  0.0257  0.0257  0.0256  0.0234  0.0254  0.0228  0.0245  0.0223  0.0220
  0.0225  0.0225  0.0219  0.0240  0.0234  0.0239  0.0222  0.0234  0.0219  0.0226  0.0216  0.0215
  0.0215  0.0214  0.0213  0.0223  0.0218  0.0224  0.0213  0.0217  0.0212  0.0215  0.0212  0.0211
  0.0211  0.0211  0.0211  0.0211  0.0211  0.0211  0.0210  0.0210  0.0210  0.0210  0.0210  0.0210
  0.0214  0.0214  0.0212  0.0213  0.0213  0.0202  0.0213  0.0217  0.0213  0.0213  0.0212  0.0211
  0.0225  0.0224  0.0217  0.0230  0.0229  0.0225  0.0221  0.0233  0.0219  0.0224  0.0216  0.0215
  0.0242  0.0238  0.0226  0.0264  0.0265  0.0270  0.0234  0.0256  0.0229  0.0245  0.0224  0.0220
niter,ni,del,rscale     4    3    5.0000    1.2000
parameters
   -0.2503   -1.8951    7.6876  -10.7327  -18.9689  -12.9489
    0.3705   -1.1226    1.2908    8.8316    0.0849  -10.2067
eta,q 0.97897  9.69065
  0.0240  0.0240  0.0227  0.0256  0.0257  0.0255  0.0234  0.0255  0.0228  0.0244  0.0223  0.0220
  0.0224  0.0223  0.0218  0.0239  0.0235  0.0239  0.0222  0.0234  0.0219  0.0226  0.0216  0.0215
  0.0214  0.0213  0.0212  0.0223  0.0218  0.0224  0.0213  0.0217  0.0212  0.0214  0.0212  0.0211
  0.0210  0.0210  0.0210  0.0210  0.0210  0.0210  0.0210  0.0210  0.0210  0.0210  0.0210  0.0210
  0.0214  0.0214  0.0212  0.0213  0.0213  0.0202  0.0213  0.0216  0.0212  0.0213  0.0212  0.0211
  0.0224  0.0224  0.0217  0.0230  0.0228  0.0226  0.0221  0.0233  0.0219  0.0224  0.0216  0.0214
  0.0241  0.0238  0.0226  0.0265  0.0264  0.0271  0.0234  0.0256  0.0228  0.0246  0.0223  0.0220
registration optimization eta report
parameter search radius
    2.4000    2.7600    2.7600    9.5220   10.9503    9.5220
    7.2000    7.2000    7.2000    8.2800    7.2000    7.2000
100000*second partial in parameter space
       52.       38.       22.        5.        4.        6.
        5.        8.        3.        5.        2.        2.
  0.0240  0.0240  0.0227  0.0256  0.0257  0.0255  0.0234  0.0255  0.0228  0.0244  0.0223  0.0220
  0.0224  0.0223  0.0218  0.0239  0.0235  0.0239  0.0222  0.0234  0.0219  0.0226  0.0216  0.0215
  0.0214  0.0213  0.0212  0.0223  0.0218  0.0224  0.0213  0.0217  0.0212  0.0214  0.0212  0.0211
  0.0210  0.0210  0.0210  0.0210  0.0210  0.0210  0.0210  0.0210  0.0210  0.0210  0.0210  0.0210
  0.0214  0.0214  0.0212  0.0213  0.0213  0.0202  0.0213  0.0216  0.0212  0.0213  0.0212  0.0211
  0.0224  0.0224  0.0217  0.0230  0.0228  0.0226  0.0221  0.0233  0.0219  0.0224  0.0216  0.0214
  0.0241  0.0238  0.0226  0.0265  0.0264  0.0271  0.0234  0.0256  0.0228  0.0246  0.0223  0.0220
   -0.2503   -1.8951    7.6876  -10.7327  -18.9689  -12.9489
    0.3705   -1.1226    1.2908    8.8316    0.0849  -10.2067
eta,q 0.97897  9.69065

---------------------------------------------------------------------
imgreg_4dfp /opt/freesurfer/average/711-2C_as_mni_average_305 /opt/freesurfer/average/711-2B_as_mni_average_305_mask talsrcimg_g11 none talsrcimg_to_711-2C_as_mni_average_305_t4 2311
---------------------------------------------------------------------

freesurfer imgreg_4dfp.c
/opt/freesurfer/average/711-2C_as_mni_average_305.4dfp.img
       256       256       256         1
  1.000000  1.000000  1.000000
orientation T byte_order littleendian
Reading image: /opt/freesurfer/average/711-2C_as_mni_average_305.4dfp.img
dimensions:      256       256       256
mmppix:       1.0000   -1.0000   -1.0000
center:     128.0000 -129.0000 -129.0000
/opt/freesurfer/average/711-2B_as_mni_average_305_mask.4dfp.img
       256       256       256         1
  1.000000  1.000000  1.000000
orientation T byte_order littleendian
Reading mask: /opt/freesurfer/average/711-2B_as_mni_average_305_mask.4dfp.img (2306576 pixels)
talsrcimg_g11.4dfp.img
       256       256       256         1
  0.900000  0.900000  0.900000
orientation T byte_order littleendian
Reading image: talsrcimg_g11.4dfp.img
dimensions:      256       256       256
mmppix:       0.9000   -0.9000   -0.9000
center:     115.2000 -116.1000 -116.1000
fimgreg.f
image alignment mode   2311 decimal      907 hex
parameters
   -0.2503   -1.8951    7.6876  -10.7327  -18.9689  -12.9489
    0.3705   -1.1226    1.2908    8.8316    0.0849  -10.2067
eta,q 0.97897  9.69066
niter,ni,del,rscale     5    3    5.0000    0.8000
parameters
   -0.2318   -1.9826    7.7164   -9.7328  -18.3159  -10.8260
    0.2502   -1.3183    1.3262    8.5303   -0.5180  -11.1270
eta,q 0.97975  9.77299
  0.0224  0.0219  0.0216  0.0231  0.0221  0.0230  0.0214  0.0228  0.0212  0.0216  0.0209  0.0206
  0.0217  0.0214  0.0213  0.0223  0.0215  0.0222  0.0208  0.0214  0.0207  0.0209  0.0205  0.0204
  0.0212  0.0211  0.0211  0.0215  0.0211  0.0215  0.0204  0.0205  0.0204  0.0204  0.0203  0.0203
  0.0210  0.0210  0.0210  0.0210  0.0209  0.0209  0.0203  0.0203  0.0203  0.0203  0.0203  0.0203
  0.0212  0.0212  0.0211  0.0209  0.0209  0.0204  0.0204  0.0207  0.0204  0.0205  0.0205  0.0204
  0.0216  0.0216  0.0212  0.0213  0.0211  0.0203  0.0209  0.0217  0.0207  0.0211  0.0208  0.0207
  0.0224  0.0221  0.0215  0.0220  0.0216  0.0212  0.0215  0.0231  0.0212  0.0221  0.0213  0.0211
niter,ni,del,rscale     4    3    5.0000    0.7000
parameters
   -0.3425   -1.9853    7.9274  -10.2670  -18.3977  -10.7709
    0.3981   -1.2513    1.5039    8.7567   -0.6744  -11.0959
eta,q 0.97982  9.76769
  0.0212  0.0211  0.0211  0.0213  0.0210  0.0219  0.0212  0.0224  0.0210  0.0214  0.0208  0.0206
  0.0206  0.0206  0.0207  0.0207  0.0205  0.0213  0.0206  0.0213  0.0206  0.0208  0.0205  0.0204
  0.0203  0.0203  0.0204  0.0203  0.0203  0.0207  0.0203  0.0205  0.0203  0.0204  0.0202  0.0202
  0.0202  0.0202  0.0202  0.0202  0.0202  0.0202  0.0202  0.0202  0.0202  0.0202  0.0202  0.0202
  0.0204  0.0203  0.0202  0.0205  0.0203  0.0201  0.0203  0.0204  0.0202  0.0202  0.0203  0.0202
  0.0209  0.0206  0.0204  0.0211  0.0206  0.0208  0.0206  0.0212  0.0205  0.0206  0.0205  0.0204
  0.0216  0.0211  0.0207  0.0220  0.0211  0.0222  0.0210  0.0223  0.0209  0.0212  0.0209  0.0206
niter,ni,del,rscale     3    3    5.0000    0.6000
parameters
   -0.3221   -2.0264    7.8850  -10.3621  -18.3546  -10.6169
    0.3777   -1.2116    1.5529    8.7336   -0.7086  -11.1701
eta,q 0.97986  9.76919
  0.0211  0.0208  0.0207  0.0212  0.0208  0.0216  0.0208  0.0219  0.0207  0.0210  0.0207  0.0205
  0.0206  0.0204  0.0204  0.0207  0.0205  0.0211  0.0204  0.0210  0.0204  0.0205  0.0204  0.0203
  0.0203  0.0202  0.0202  0.0203  0.0203  0.0206  0.0202  0.0204  0.0202  0.0202  0.0202  0.0202
  0.0202  0.0202  0.0202  0.0202  0.0202  0.0202  0.0201  0.0201  0.0201  0.0201  0.0201  0.0201
  0.0203  0.0203  0.0202  0.0203  0.0202  0.0201  0.0202  0.0203  0.0202  0.0202  0.0202  0.0202
  0.0206  0.0205  0.0204  0.0207  0.0204  0.0206  0.0204  0.0209  0.0204  0.0205  0.0204  0.0203
  0.0210  0.0208  0.0207  0.0213  0.0208  0.0217  0.0208  0.0218  0.0207  0.0210  0.0207  0.0205
niter,ni,del,rscale     2    3    5.0000    0.5000
parameters
   -0.3095   -2.0353    7.8777  -10.4185  -18.3299  -10.4244
    0.3664   -1.2070    1.5830    8.7329   -0.7252  -11.2776
eta,q 0.97990  9.77123
  0.0208  0.0206  0.0205  0.0209  0.0206  0.0213  0.0206  0.0213  0.0205  0.0207  0.0205  0.0203
  0.0204  0.0203  0.0203  0.0205  0.0203  0.0208  0.0203  0.0207  0.0203  0.0204  0.0203  0.0202
  0.0202  0.0202  0.0202  0.0202  0.0202  0.0204  0.0202  0.0203  0.0201  0.0202  0.0201  0.0201
  0.0201  0.0201  0.0201  0.0201  0.0201  0.0201  0.0201  0.0201  0.0201  0.0201  0.0201  0.0201
  0.0202  0.0202  0.0202  0.0202  0.0202  0.0201  0.0202  0.0202  0.0201  0.0202  0.0202  0.0201
  0.0204  0.0203  0.0203  0.0205  0.0203  0.0205  0.0203  0.0207  0.0203  0.0204  0.0203  0.0202
  0.0207  0.0206  0.0205  0.0209  0.0206  0.0212  0.0206  0.0213  0.0205  0.0207  0.0205  0.0204
niter,ni,del,rscale     1    3    5.0000    0.4000
parameters
   -0.3044   -2.0434    7.8822  -10.5007  -18.3408  -10.2376
    0.3740   -1.2036    1.6080    8.7294   -0.7357  -11.3590
eta,q 0.97992  9.77151
  0.0205  0.0204  0.0204  0.0206  0.0204  0.0210  0.0204  0.0209  0.0203  0.0205  0.0203  0.0202
  0.0203  0.0202  0.0202  0.0203  0.0202  0.0206  0.0202  0.0204  0.0202  0.0203  0.0202  0.0201
  0.0202  0.0201  0.0201  0.0202  0.0201  0.0203  0.0201  0.0202  0.0201  0.0201  0.0201  0.0201
  0.0201  0.0201  0.0201  0.0201  0.0201  0.0201  0.0201  0.0201  0.0201  0.0201  0.0201  0.0201
  0.0201  0.0201  0.0201  0.0202  0.0201  0.0201  0.0201  0.0202  0.0201  0.0201  0.0201  0.0201
  0.0203  0.0202  0.0202  0.0204  0.0202  0.0203  0.0202  0.0204  0.0202  0.0203  0.0202  0.0202
  0.0205  0.0204  0.0204  0.0207  0.0204  0.0208  0.0204  0.0209  0.0203  0.0205  0.0203  0.0202
registration optimization eta report
parameter search radius
    0.8000    0.8000    0.8000    2.4000    2.4000    2.4000
    2.4000    2.4000    2.4000    2.4000    2.4000    2.4000
100000*second partial in parameter space
       61.       46.       40.        9.        5.       14.
        5.       14.        4.        7.        4.        3.
  0.0205  0.0204  0.0204  0.0206  0.0204  0.0210  0.0204  0.0209  0.0203  0.0205  0.0203  0.0202
  0.0203  0.0202  0.0202  0.0203  0.0202  0.0206  0.0202  0.0204  0.0202  0.0203  0.0202  0.0201
  0.0202  0.0201  0.0201  0.0202  0.0201  0.0203  0.0201  0.0202  0.0201  0.0201  0.0201  0.0201
  0.0201  0.0201  0.0201  0.0201  0.0201  0.0201  0.0201  0.0201  0.0201  0.0201  0.0201  0.0201
  0.0201  0.0201  0.0201  0.0202  0.0201  0.0201  0.0201  0.0202  0.0201  0.0201  0.0201  0.0201
  0.0203  0.0202  0.0202  0.0204  0.0202  0.0203  0.0202  0.0204  0.0202  0.0203  0.0202  0.0202
  0.0205  0.0204  0.0204  0.0207  0.0204  0.0208  0.0204  0.0209  0.0203  0.0205  0.0203  0.0202
   -0.3044   -2.0434    7.8822  -10.5007  -18.3408  -10.2376
    0.3740   -1.2036    1.6080    8.7294   -0.7357  -11.3590
eta,q 0.97992  9.77151

---------------------------------------------------------------------
imgreg_4dfp /opt/freesurfer/average/711-2C_as_mni_average_305 /opt/freesurfer/average/711-2B_as_mni_average_305_mask talsrcimg_g11 none talsrcimg_to_711-2C_as_mni_average_305_t4 2311
---------------------------------------------------------------------

freesurfer imgreg_4dfp.c
/opt/freesurfer/average/711-2C_as_mni_average_305.4dfp.img
       256       256       256         1
  1.000000  1.000000  1.000000
orientation T byte_order littleendian
Reading image: /opt/freesurfer/average/711-2C_as_mni_average_305.4dfp.img
dimensions:      256       256       256
mmppix:       1.0000   -1.0000   -1.0000
center:     128.0000 -129.0000 -129.0000
/opt/freesurfer/average/711-2B_as_mni_average_305_mask.4dfp.img
       256       256       256         1
  1.000000  1.000000  1.000000
orientation T byte_order littleendian
Reading mask: /opt/freesurfer/average/711-2B_as_mni_average_305_mask.4dfp.img (2306576 pixels)
talsrcimg_g11.4dfp.img
       256       256       256         1
  0.900000  0.900000  0.900000
orientation T byte_order littleendian
Reading image: talsrcimg_g11.4dfp.img
dimensions:      256       256       256
mmppix:       0.9000   -0.9000   -0.9000
center:     115.2000 -116.1000 -116.1000
fimgreg.f
image alignment mode   2311 decimal      907 hex
parameters
   -0.3044   -2.0434    7.8822  -10.5007  -18.3408  -10.2376
    0.3740   -1.2036    1.6080    8.7294   -0.7357  -11.3590
eta,q 0.97992  9.77151
niter,ni,del,rscale     5    3    5.0000    0.8000
parameters
   -0.3095   -2.0149    7.9056  -10.6485  -18.5132  -10.7726
    0.3784   -1.1769    1.5912    8.7878   -0.6785  -11.0800
eta,q 0.97981  9.75736
  0.0216  0.0213  0.0211  0.0217  0.0211  0.0220  0.0214  0.0230  0.0211  0.0217  0.0211  0.0208
  0.0208  0.0206  0.0206  0.0209  0.0205  0.0213  0.0207  0.0216  0.0206  0.0209  0.0206  0.0205
  0.0203  0.0202  0.0202  0.0203  0.0202  0.0206  0.0203  0.0206  0.0203  0.0204  0.0203  0.0203
  0.0201  0.0201  0.0201  0.0201  0.0201  0.0201  0.0202  0.0202  0.0202  0.0202  0.0202  0.0202
  0.0203  0.0202  0.0202  0.0203  0.0202  0.0204  0.0203  0.0205  0.0203  0.0203  0.0203  0.0202
  0.0208  0.0206  0.0205  0.0210  0.0206  0.0217  0.0207  0.0215  0.0206  0.0208  0.0206  0.0204
  0.0216  0.0212  0.0210  0.0219  0.0213  0.0237  0.0214  0.0229  0.0211  0.0217  0.0211  0.0207
niter,ni,del,rscale     4    3    5.0000    0.7000
parameters
   -0.2883   -2.0276    7.8471  -10.4247  -18.3676  -10.8090
    0.3492   -1.1746    1.5663    8.7446   -0.6779  -11.1032
eta,q 0.97982  9.76483
  0.0214  0.0210  0.0208  0.0217  0.0210  0.0219  0.0211  0.0224  0.0209  0.0213  0.0209  0.0206
  0.0207  0.0206  0.0205  0.0210  0.0206  0.0213  0.0206  0.0212  0.0205  0.0207  0.0205  0.0204
  0.0203  0.0203  0.0202  0.0204  0.0203  0.0207  0.0203  0.0205  0.0203  0.0203  0.0203  0.0202
  0.0202  0.0202  0.0202  0.0202  0.0202  0.0202  0.0202  0.0202  0.0202  0.0202  0.0202  0.0202
  0.0203  0.0203  0.0203  0.0203  0.0202  0.0202  0.0203  0.0205  0.0203  0.0203  0.0203  0.0202
  0.0207  0.0206  0.0205  0.0207  0.0205  0.0209  0.0206  0.0212  0.0205  0.0207  0.0205  0.0204
  0.0213  0.0210  0.0209  0.0214  0.0209  0.0224  0.0211  0.0224  0.0209  0.0214  0.0209  0.0206
niter,ni,del,rscale     3    3    5.0000    0.6000
parameters
   -0.2957   -2.0239    7.8573  -10.3703  -18.3316  -10.6304
    0.3532   -1.1860    1.5662    8.7391   -0.7106  -11.1936
eta,q 0.97986  9.76931
  0.0210  0.0208  0.0207  0.0213  0.0208  0.0216  0.0208  0.0218  0.0207  0.0210  0.0207  0.0205
  0.0206  0.0205  0.0204  0.0207  0.0205  0.0211  0.0205  0.0209  0.0204  0.0205  0.0204  0.0203
  0.0203  0.0202  0.0202  0.0203  0.0203  0.0206  0.0202  0.0203  0.0202  0.0202  0.0202  0.0202
  0.0202  0.0202  0.0202  0.0202  0.0202  0.0202  0.0201  0.0201  0.0201  0.0201  0.0201  0.0201
  0.0203  0.0203  0.0202  0.0203  0.0202  0.0201  0.0202  0.0204  0.0202  0.0202  0.0202  0.0202
  0.0206  0.0205  0.0204  0.0207  0.0204  0.0206  0.0204  0.0209  0.0204  0.0205  0.0204  0.0203
  0.0211  0.0208  0.0207  0.0212  0.0208  0.0217  0.0208  0.0218  0.0207  0.0210  0.0207  0.0205
niter,ni,del,rscale     2    3    5.0000    0.5000
parameters
   -0.3059   -2.0320    7.8706  -10.4184  -18.3339  -10.4266
    0.3661   -1.2024    1.5861    8.7424   -0.7348  -11.2901
eta,q 0.97989  9.77103
  0.0207  0.0206  0.0205  0.0209  0.0206  0.0213  0.0206  0.0213  0.0205  0.0207  0.0205  0.0203
  0.0204  0.0203  0.0203  0.0205  0.0203  0.0208  0.0203  0.0207  0.0203  0.0204  0.0203  0.0202
  0.0202  0.0202  0.0202  0.0202  0.0202  0.0204  0.0202  0.0202  0.0202  0.0202  0.0201  0.0201
  0.0201  0.0201  0.0201  0.0201  0.0201  0.0201  0.0201  0.0201  0.0201  0.0201  0.0201  0.0201
  0.0202  0.0202  0.0202  0.0202  0.0202  0.0201  0.0202  0.0203  0.0201  0.0202  0.0201  0.0201
  0.0204  0.0204  0.0203  0.0205  0.0203  0.0205  0.0203  0.0207  0.0203  0.0204  0.0203  0.0202
  0.0208  0.0206  0.0205  0.0209  0.0206  0.0212  0.0206  0.0213  0.0205  0.0207  0.0205  0.0204
niter,ni,del,rscale     1    3    5.0000    0.4000
parameters
   -0.3054   -2.0394    7.8811  -10.4991  -18.3327  -10.2426
    0.3709   -1.2024    1.6092    8.7320   -0.7491  -11.3465
eta,q 0.97992  9.77172
  0.0205  0.0204  0.0204  0.0206  0.0204  0.0209  0.0204  0.0209  0.0203  0.0205  0.0203  0.0202
  0.0203  0.0202  0.0202  0.0203  0.0202  0.0206  0.0202  0.0204  0.0202  0.0203  0.0202  0.0201
  0.0201  0.0201  0.0201  0.0202  0.0201  0.0203  0.0201  0.0202  0.0201  0.0201  0.0201  0.0201
  0.0201  0.0201  0.0201  0.0201  0.0201  0.0201  0.0201  0.0201  0.0201  0.0201  0.0201  0.0201
  0.0201  0.0201  0.0201  0.0202  0.0201  0.0201  0.0201  0.0202  0.0201  0.0201  0.0201  0.0201
  0.0203  0.0202  0.0202  0.0204  0.0202  0.0203  0.0202  0.0204  0.0202  0.0203  0.0202  0.0202
  0.0205  0.0204  0.0204  0.0207  0.0204  0.0208  0.0204  0.0209  0.0203  0.0205  0.0203  0.0202
registration optimization eta report
parameter search radius
    0.8000    0.8000    0.8000    2.4000    2.4000    2.4000
    2.4000    2.4000    2.4000    2.4000    2.4000    2.4000
100000*second partial in parameter space
       62.       45.       40.        9.        5.       14.
        5.       14.        4.        7.        4.        3.
  0.0205  0.0204  0.0204  0.0206  0.0204  0.0209  0.0204  0.0209  0.0203  0.0205  0.0203  0.0202
  0.0203  0.0202  0.0202  0.0203  0.0202  0.0206  0.0202  0.0204  0.0202  0.0203  0.0202  0.0201
  0.0201  0.0201  0.0201  0.0202  0.0201  0.0203  0.0201  0.0202  0.0201  0.0201  0.0201  0.0201
  0.0201  0.0201  0.0201  0.0201  0.0201  0.0201  0.0201  0.0201  0.0201  0.0201  0.0201  0.0201
  0.0201  0.0201  0.0201  0.0202  0.0201  0.0201  0.0201  0.0202  0.0201  0.0201  0.0201  0.0201
  0.0203  0.0202  0.0202  0.0204  0.0202  0.0203  0.0202  0.0204  0.0202  0.0203  0.0202  0.0202
  0.0205  0.0204  0.0204  0.0207  0.0204  0.0208  0.0204  0.0209  0.0203  0.0205  0.0203  0.0202
   -0.3054   -2.0394    7.8811  -10.4991  -18.3327  -10.2426
    0.3709   -1.2024    1.6092    8.7320   -0.7491  -11.3465
eta,q 0.97992  9.77172

---------------------------------------------------------------------
compute_vox2vox talsrcimg talsrcimg_to_711-2C_as_mni_average_305_t4 /opt/freesurfer/average/711-2C_as_mni_average_305
---------------------------------------------------------------------

freesurfer compute_vox2vox.c
Reading: talsrcimg.4dfp.ifh
Reading: talsrcimg_to_711-2C_as_mni_average_305_t4
Reading: /opt/freesurfer/average/711-2C_as_mni_average_305.4dfp.ifh
Writing: talsrcimg_to_711-2C_as_mni_average_305_t4_vox2vox.txt

start time Wed Mar 11 20:17:04 CET 2026
end		time Wed Mar 11 20:18:30 CET 2026

mpr2mni305 success

avi2talxfm orig_nu.mgz /opt/freesurfer/average/mni305.cor.mgz talsrcimg_to_711-2C_as_mni_average_305_t4_vox2vox.txt transforms/talairach.auto.xfm
avi2talxfm done
mv -f /out/sourcedata/freesurfer/sub-v2s1x29881_ses-1/mri/talsrcimg_to_711-2C_as_mni_average_305_t4_vox2vox.txt /out/sourcedata/freesurfer/sub-v2s1x29881_ses-1/mri/transforms/talsrcimg_to_711-2C_as_mni_average_305_t4_vox2vox.txt
lta_convert --src orig_nu.mgz --trg /opt/freesurfer/average/mni305.cor.mgz --inxfm transforms/talairach.auto.xfm --outlta transforms/talairach.auto.xfm.lta --subject fsaverage
7.3.2

--src: orig_nu.mgz src image (geometry).
--trg: /opt/freesurfer/average/mni305.cor.mgz trg image (geometry).
--inmni: transforms/talairach.auto.xfm input MNI/XFM transform.
--outlta: transforms/talairach.auto.xfm.lta output LTA.
--s: fsaverage subject name
 LTA read, type : 1
 1.11749   0.01526  -0.00295  -4.85252;
 0.00646   1.09934   0.15271  -36.83850;
-0.02271  -0.11784   1.20821  -50.63182;
 0.00000   0.00000   0.00000   1.00000;
setting subject to fsaverage
Writing  LTA to file transforms/talairach.auto.xfm.lta...
lta_convert successful.
 
 
Started at Wed Mar 11 20:17:04 CET 2026
Ended   at Wed Mar 11 20:18:31 CET 2026
talairach_avi done
