status file for recon-all
Thu Mar 12 22:08:11 CET 2026
#@# Tessellate rh Thu Mar 12 22:08:11 CET 2026
#@# Smooth1 rh Thu Mar 12 22:08:15 CET 2026
#@# Inflation1 rh Thu Mar 12 22:08:18 CET 2026
#@# QSphere rh Thu Mar 12 22:09:38 CET 2026
#@# Fix Topology rh Thu Mar 12 22:10:58 CET 2026
#@# Smooth2 rh Thu Mar 12 22:18:21 CET 2026
#@# Inflation2 rh Thu Mar 12 22:18:24 CET 2026
#@# Curv .H and .K rh Thu Mar 12 22:18:57 CET 2026
#@# Sphere rh Thu Mar 12 22:19:56 CET 2026
#@# Surf Reg rh Thu Mar 12 22:22:51 CET 2026
#@# Jacobian white rh Thu Mar 12 22:28:17 CET 2026
#@# AvgCurv rh Thu Mar 12 22:28:18 CET 2026
#@# Cortical Parc rh Thu Mar 12 22:28:19 CET 2026
#@# white curv rh Thu Mar 12 22:36:16 CET 2026
#@# white area rh Thu Mar 12 22:36:18 CET 2026
#@# pial curv rh Thu Mar 12 22:36:19 CET 2026
#@# pial area rh Thu Mar 12 22:36:21 CET 2026
#@# thickness rh Thu Mar 12 22:36:22 CET 2026
#@# area and vertex vol rh Thu Mar 12 22:37:00 CET 2026
#@# Curvature Stats rh Thu Mar 12 22:37:01 CET 2026
#@# Cortical Parc 2 rh Thu Mar 12 22:37:05 CET 2026
#@# Cortical Parc 3 rh Thu Mar 12 22:37:21 CET 2026
#@# WM/GM Contrast rh Thu Mar 12 22:37:34 CET 2026
recon-all -s sub-v2s1x29898_ses-1 finished without error at Thu Mar 12 22:37:38 CET 2026



#New# invocation of recon-all 



status file for recon-all
Thu Mar 12 22:54:41 CET 2026
#@# white curv rh Thu Mar 12 22:54:41 CET 2026
#@# white area rh Thu Mar 12 22:54:41 CET 2026
#@# pial curv rh Thu Mar 12 22:54:41 CET 2026
#@# pial area rh Thu Mar 12 22:54:41 CET 2026
#@# thickness rh Thu Mar 12 22:54:41 CET 2026
#@# area and vertex vol rh Thu Mar 12 22:54:41 CET 2026
#@# Parcellation Stats rh Thu Mar 12 22:54:41 CET 2026
#@# Parcellation Stats 2 rh Thu Mar 12 22:55:08 CET 2026
#@# Parcellation Stats 3 rh Thu Mar 12 22:55:22 CET 2026
#@# BA_exvivo Labels rh Thu Mar 12 22:55:35 CET 2026
recon-all -s sub-v2s1x29898_ses-1 finished without error at Thu Mar 12 22:58:41 CET 2026
