status file for recon-all
Thu Mar 12 21:32:39 CET 2026
#@# Tessellate lh Thu Mar 12 21:32:39 CET 2026
#@# Smooth1 lh Thu Mar 12 21:32:43 CET 2026
#@# Inflation1 lh Thu Mar 12 21:32:46 CET 2026
#@# QSphere lh Thu Mar 12 21:34:00 CET 2026
#@# Fix Topology lh Thu Mar 12 21:35:17 CET 2026
#@# Smooth2 lh Thu Mar 12 21:43:57 CET 2026
#@# Inflation2 lh Thu Mar 12 21:44:01 CET 2026
#@# Curv .H and .K lh Thu Mar 12 21:45:28 CET 2026
#@# Sphere lh Thu Mar 12 21:46:27 CET 2026
#@# Surf Reg lh Thu Mar 12 21:50:42 CET 2026
#@# Jacobian white lh Thu Mar 12 21:58:39 CET 2026
#@# AvgCurv lh Thu Mar 12 21:58:40 CET 2026
#@# Cortical Parc lh Thu Mar 12 21:58:41 CET 2026
#@# white curv lh Thu Mar 12 22:06:49 CET 2026
#@# white area lh Thu Mar 12 22:06:51 CET 2026
#@# pial curv lh Thu Mar 12 22:06:52 CET 2026
#@# pial area lh Thu Mar 12 22:06:54 CET 2026
#@# thickness lh Thu Mar 12 22:06:55 CET 2026
#@# area and vertex vol lh Thu Mar 12 22:07:33 CET 2026
#@# Curvature Stats lh Thu Mar 12 22:07:34 CET 2026
#@# Cortical Parc 2 lh Thu Mar 12 22:07:37 CET 2026
#@# Cortical Parc 3 lh Thu Mar 12 22:07:53 CET 2026
#@# WM/GM Contrast lh Thu Mar 12 22:08:05 CET 2026
recon-all -s sub-v2s1x29898_ses-1 finished without error at Thu Mar 12 22:08:09 CET 2026



#New# invocation of recon-all 



status file for recon-all
Thu Mar 12 22:50:41 CET 2026
#@# white curv lh Thu Mar 12 22:50:41 CET 2026
#@# white area lh Thu Mar 12 22:50:41 CET 2026
#@# pial curv lh Thu Mar 12 22:50:41 CET 2026
#@# pial area lh Thu Mar 12 22:50:41 CET 2026
#@# thickness lh Thu Mar 12 22:50:41 CET 2026
#@# area and vertex vol lh Thu Mar 12 22:50:41 CET 2026
#@# Parcellation Stats lh Thu Mar 12 22:50:41 CET 2026
#@# Parcellation Stats 2 lh Thu Mar 12 22:51:08 CET 2026
#@# Parcellation Stats 3 lh Thu Mar 12 22:51:21 CET 2026
#@# BA_exvivo Labels lh Thu Mar 12 22:51:34 CET 2026
recon-all -s sub-v2s1x29898_ses-1 finished without error at Thu Mar 12 22:54:39 CET 2026
