status file for recon-all
Thu Mar 12 19:42:28 CET 2026
#@# MotionCor Thu Mar 12 19:42:30 CET 2026
#@# Talairach Thu Mar 12 19:42:38 CET 2026
#@# Talairach Failure Detection Thu Mar 12 19:47:02 CET 2026
#@# Nu Intensity Correction Thu Mar 12 19:47:02 CET 2026
#@# Intensity Normalization Thu Mar 12 19:50:18 CET 2026
recon-all -s sub-v2s1x29898_ses-1 finished without error at Thu Mar 12 19:51:42 CET 2026



#New# invocation of recon-all 



status file for recon-all
Thu Mar 12 19:59:08 CET 2026
#@# EM Registration Thu Mar 12 19:59:08 CET 2026
recon-all -s sub-v2s1x29898_ses-1 finished without error at Thu Mar 12 20:01:10 CET 2026



#New# invocation of recon-all 



status file for recon-all
Thu Mar 12 20:01:12 CET 2026
#@# CA Normalize Thu Mar 12 20:01:12 CET 2026
#@# CA Reg Thu Mar 12 20:02:30 CET 2026
#@# SubCort Seg Thu Mar 12 20:52:57 CET 2026
#@# CC Seg Thu Mar 12 21:26:26 CET 2026
#@# Merge ASeg Thu Mar 12 21:27:00 CET 2026
#@# Intensity Normalization2 Thu Mar 12 21:27:00 CET 2026
#@# Mask BFS Thu Mar 12 21:29:12 CET 2026
#@# WM Segmentation Thu Mar 12 21:29:12 CET 2026
#@# Fill Thu Mar 12 21:31:27 CET 2026
recon-all -s sub-v2s1x29898_ses-1 finished without error at Thu Mar 12 21:32:33 CET 2026



#New# invocation of recon-all 



status file for recon-all
Thu Mar 12 22:37:41 CET 2026
#@# white curv lh Thu Mar 12 22:37:41 CET 2026
#@# white area lh Thu Mar 12 22:37:41 CET 2026
#@# pial curv lh Thu Mar 12 22:37:41 CET 2026
#@# pial area lh Thu Mar 12 22:37:41 CET 2026
#@# thickness lh Thu Mar 12 22:37:41 CET 2026
#@# area and vertex vol lh Thu Mar 12 22:37:41 CET 2026
#@# white curv rh Thu Mar 12 22:37:41 CET 2026
#@# white area rh Thu Mar 12 22:37:41 CET 2026
#@# pial curv rh Thu Mar 12 22:37:41 CET 2026
#@# pial area rh Thu Mar 12 22:37:41 CET 2026
#@# thickness rh Thu Mar 12 22:37:41 CET 2026
#@# area and vertex vol rh Thu Mar 12 22:37:41 CET 2026
#@# Cortical ribbon mask Thu Mar 12 22:37:41 CET 2026
recon-all -s sub-v2s1x29898_ses-1 finished without error at Thu Mar 12 22:50:34 CET 2026



#New# invocation of recon-all 



status file for recon-all
Thu Mar 12 22:58:46 CET 2026
#@# white curv lh Thu Mar 12 22:58:46 CET 2026
#@# white area lh Thu Mar 12 22:58:46 CET 2026
#@# pial curv lh Thu Mar 12 22:58:46 CET 2026
#@# pial area lh Thu Mar 12 22:58:46 CET 2026
#@# thickness lh Thu Mar 12 22:58:46 CET 2026
#@# area and vertex vol lh Thu Mar 12 22:58:46 CET 2026
#@# white curv rh Thu Mar 12 22:58:46 CET 2026
#@# white area rh Thu Mar 12 22:58:46 CET 2026
#@# pial curv rh Thu Mar 12 22:58:46 CET 2026
#@# pial area rh Thu Mar 12 22:58:46 CET 2026
#@# thickness rh Thu Mar 12 22:58:46 CET 2026
#@# area and vertex vol rh Thu Mar 12 22:58:46 CET 2026
#@# Curvature Stats lh Thu Mar 12 22:58:46 CET 2026
#@# Curvature Stats rh Thu Mar 12 22:58:49 CET 2026
#@# Relabel Hypointensities Thu Mar 12 22:58:52 CET 2026
#@# APas-to-ASeg Thu Mar 12 22:59:11 CET 2026
#@# AParc-to-ASeg aparc Thu Mar 12 22:59:21 CET 2026
#@# AParc-to-ASeg aparc.a2009s Thu Mar 12 23:00:30 CET 2026
#@# AParc-to-ASeg aparc.DKTatlas Thu Mar 12 23:01:49 CET 2026
#@# WMParc Thu Mar 12 23:03:15 CET 2026
#@# ASeg Stats Thu Mar 12 23:07:09 CET 2026
recon-all -s sub-v2s1x29898_ses-1 finished without error at Thu Mar 12 23:07:50 CET 2026
