status file for recon-all
Wed Mar 11 22:20:02 CET 2026
#@# Tessellate lh Wed Mar 11 22:20:02 CET 2026
#@# Smooth1 lh Wed Mar 11 22:20:06 CET 2026
#@# Inflation1 lh Wed Mar 11 22:20:08 CET 2026
#@# QSphere lh Wed Mar 11 22:21:09 CET 2026
#@# Fix Topology lh Wed Mar 11 22:22:19 CET 2026
#@# Smooth2 lh Wed Mar 11 22:27:41 CET 2026
#@# Inflation2 lh Wed Mar 11 22:27:44 CET 2026
#@# Curv .H and .K lh Wed Mar 11 22:28:35 CET 2026
#@# Sphere lh Wed Mar 11 22:29:20 CET 2026
#@# Surf Reg lh Wed Mar 11 22:32:18 CET 2026
#@# Jacobian white lh Wed Mar 11 22:36:04 CET 2026
#@# AvgCurv lh Wed Mar 11 22:36:05 CET 2026
#@# Cortical Parc lh Wed Mar 11 22:36:06 CET 2026
#@# white curv lh Wed Mar 11 22:42:16 CET 2026
#@# white area lh Wed Mar 11 22:42:18 CET 2026
#@# pial curv lh Wed Mar 11 22:42:19 CET 2026
#@# pial area lh Wed Mar 11 22:42:21 CET 2026
#@# thickness lh Wed Mar 11 22:42:21 CET 2026
#@# area and vertex vol lh Wed Mar 11 22:42:50 CET 2026
#@# Curvature Stats lh Wed Mar 11 22:42:52 CET 2026
#@# Cortical Parc 2 lh Wed Mar 11 22:42:54 CET 2026
#@# Cortical Parc 3 lh Wed Mar 11 22:43:07 CET 2026
#@# WM/GM Contrast lh Wed Mar 11 22:43:18 CET 2026
recon-all -s sub-v2s1x29889_ses-1 finished without error at Wed Mar 11 22:43:21 CET 2026



#New# invocation of recon-all 



status file for recon-all
Wed Mar 11 23:11:46 CET 2026
#@# white curv lh Wed Mar 11 23:11:46 CET 2026
#@# white area lh Wed Mar 11 23:11:46 CET 2026
#@# pial curv lh Wed Mar 11 23:11:46 CET 2026
#@# pial area lh Wed Mar 11 23:11:46 CET 2026
#@# thickness lh Wed Mar 11 23:11:46 CET 2026
#@# area and vertex vol lh Wed Mar 11 23:11:46 CET 2026
#@# Parcellation Stats lh Wed Mar 11 23:11:47 CET 2026
#@# Parcellation Stats 2 lh Wed Mar 11 23:12:04 CET 2026
#@# Parcellation Stats 3 lh Wed Mar 11 23:12:13 CET 2026
#@# BA_exvivo Labels lh Wed Mar 11 23:12:22 CET 2026
recon-all -s sub-v2s1x29889_ses-1 finished without error at Wed Mar 11 23:15:00 CET 2026
