/out/sourcedata/freesurfer/sub-v2s1x29909_ses-1/mri
/opt/freesurfer/bin/talairach_avi
--i orig_nu.mgz --xfm transforms/talairach.auto.xfm
talairach_avi 7.3.2
Linux dna017 5.14.0-427.37.1.el9_4.x86_64 #1 SMP PREEMPT_DYNAMIC Fri Sep 13 12:41:50 EDT 2024 x86_64 x86_64 x86_64 GNU/Linux
Thu Mar 12 20:12:03 CET 2026
mri_convert orig_nu.mgz talsrcimg.img 
reading from orig_nu.mgz...
TR=0.00, TE=0.00, TI=0.00, flip angle=0.00
i_ras = (-1, 0, 0)
j_ras = (0, 0, -1)
k_ras = (0, 1, 0)
writing to talsrcimg.img...
Analyze Output Matrix
-0.90000   0.00000   0.00000   120.95425;
 0.00000   0.00000   0.90000  -90.68349;
 0.00000  -0.90000   0.00000   139.45708;
 0.00000   0.00000   0.00000   1.00000;
--------------------
INFO: set hdr.hist.orient to -1
mpr2mni305 talsrcimg
Thu Mar 12 20:12:04 CET 2026
/opt/freesurfer/bin/mpr2mni305 talsrcimg
mpr2mni305 7.3.2
target=711-2C_as_mni_average_305

---------------------------------------------------------------------
analyzeto4dfp talsrcimg -O0 -y
---------------------------------------------------------------------

freesurfer ifh2hdr.c
Thu Mar 12 20:12:04 2026
Writing: talsrcimg.4dfp.hdr
freesurfer analyzeto4dfp.c
Reading: talsrcimg.hdr
header size 348 bytes
hdr.dime.datatype	offset=70	value=2
hdr.dime.bitpix		offset=72	value=8
hdr.hist.orient		offset=252	value=-1
dimensionality     4
dimensions       256       256       256         1
Reading: talsrcimg.img
Writing: talsrcimg.4dfp.img
Writing: talsrcimg.4dfp.ifh
ifh2hdr talsrcimg -r0to247
ori=2

---------------------------------------------------------------------
gauss_4dfp talsrcimg 1.1
---------------------------------------------------------------------

freesurfer gauss_4dfp.c
Reading: talsrcimg.4dfp.img
Writing: talsrcimg_g11.4dfp.img
image dimensions 256 256 256 padded to 288 288 288
processing volume 1freesurfer ifh2hdr.c
Thu Mar 12 20:12:06 2026
Writing: talsrcimg_g11.4dfp.hdr

Writing: talsrcimg_g11.4dfp.ifh
including: talsrcimg.4dfp.img.rec in talsrcimg_g11.4dfp.img.rec

---------------------------------------------------------------------
imgreg_4dfp /opt/freesurfer/average/711-2C_as_mni_average_305 none talsrcimg_g11 none talsrcimg_to_711-2C_as_mni_average_305_t4 4355
---------------------------------------------------------------------

freesurfer imgreg_4dfp.c
/opt/freesurfer/average/711-2C_as_mni_average_305.4dfp.img
       256       256       256         1
  1.000000  1.000000  1.000000
orientation T byte_order littleendian
Reading image: /opt/freesurfer/average/711-2C_as_mni_average_305.4dfp.img
dimensions:      256       256       256
mmppix:       1.0000   -1.0000   -1.0000
center:     128.0000 -129.0000 -129.0000
talsrcimg_g11.4dfp.img
       256       256       256         1
  0.900000  0.900000  0.900000
orientation T byte_order littleendian
Reading image: talsrcimg_g11.4dfp.img
dimensions:      256       256       256
mmppix:       0.9000   -0.9000   -0.9000
center:     115.2000 -116.1000 -116.1000
t4_read: open error in t4_sub.f l:  41 t4_file(1:l)talsrcimg_to_711-2C_as_mni_average_305_t4 
t4_read: transform initialized to I4
rotation matrix determinant  1.000000
image alignment mode   4355 decimal     1103 hex
   -7.5000  -45.0000  -45.0000 5853.6055   14.8852
    0.0000  -45.0000  -45.0000 5890.4385   14.8694
    7.5000  -45.0000  -45.0000 5645.2480   14.9038
   -7.5000  -37.5000  -45.0000 6244.0732   15.8184
    0.0000  -37.5000  -45.0000 6284.6841   15.8071
    7.5000  -37.5000  -45.0000 6014.5005   15.8505
   -7.5000  -30.0000  -45.0000 6609.7124   16.3162
    0.0000  -30.0000  -45.0000 6656.5693   16.3111
    7.5000  -30.0000  -45.0000 6368.2905   16.3545
   -7.5000  -22.5000  -45.0000 7066.8716   16.3184
    0.0000  -22.5000  -45.0000 7120.1880   16.3160
    7.5000  -22.5000  -45.0000 6803.9619   16.3505
   -7.5000  -15.0000  -45.0000 7537.8369   16.3181
    0.0000  -15.0000  -45.0000 7597.8198   16.3101
    7.5000  -15.0000  -45.0000 7265.8716   16.3360
   -7.5000   -7.5000  -45.0000 7677.8516   16.3167
    0.0000   -7.5000  -45.0000 7739.2114   16.3010
    7.5000   -7.5000  -45.0000 7379.5732   16.3286
   -7.5000    0.0000  -45.0000 7801.1001   16.3179
    0.0000    0.0000  -45.0000 7844.3574   16.3006
    7.5000    0.0000  -45.0000 7478.6934   16.3382
   -7.5000    7.5000  -45.0000 7557.4316   16.3171
    0.0000    7.5000  -45.0000 7598.5073   16.3055
    7.5000    7.5000  -45.0000 7240.1411   16.3502
   -7.5000   15.0000  -45.0000 7393.6489   16.3162
    0.0000   15.0000  -45.0000 7409.8110   16.3111
    7.5000   15.0000  -45.0000 7058.6294   16.3545
   -7.5000   22.5000  -45.0000 6810.7285   16.0989
    0.0000   22.5000  -45.0000 6828.3394   16.0965
    7.5000   22.5000  -45.0000 6482.0659   16.1305
   -7.5000   30.0000  -45.0000 6278.1733   15.6692
    0.0000   30.0000  -45.0000 6307.4229   15.6615
    7.5000   30.0000  -45.0000 5978.1211   15.6864
   -7.5000   37.5000  -45.0000 5745.9014   15.1732
    0.0000   37.5000  -45.0000 5766.7314   15.1585
    7.5000   37.5000  -45.0000 5454.2915   15.1835
   -7.5000   45.0000  -45.0000 5231.4019   15.0764
    0.0000   45.0000  -45.0000 5265.7334   15.0668
    7.5000   45.0000  -45.0000 4979.2158   15.1041
   -7.5000  -45.0000  -37.5000 6406.6406   15.4891
    0.0000  -45.0000  -37.5000 6469.3750   15.4628
    7.5000  -45.0000  -37.5000 6177.2861   15.5027
   -7.5000  -37.5000  -37.5000 6835.7778   16.4772
    0.0000  -37.5000  -37.5000 6893.2568   16.4572
    7.5000  -37.5000  -37.5000 6573.3618   16.5061
   -7.5000  -30.0000  -37.5000 7252.0747   16.9755
    0.0000  -30.0000  -37.5000 7306.5557   16.9643
    7.5000  -30.0000  -37.5000 6961.1226   17.0169
   -7.5000  -22.5000  -37.5000 7726.9014   16.9766
    0.0000  -22.5000  -37.5000 7792.7500   16.9687
    7.5000  -22.5000  -37.5000 7407.2095   17.0172
   -7.5000  -15.0000  -37.5000 8209.8623   16.9654
    0.0000  -15.0000  -37.5000 8284.5098   16.9493
    7.5000  -15.0000  -37.5000 7881.3960   16.9900
   -7.5000   -7.5000  -37.5000 8337.8457   16.9559
    0.0000   -7.5000  -37.5000 8423.4648   16.9293
    7.5000   -7.5000  -37.5000 7996.6816   16.9677
   -7.5000    0.0000  -37.5000 8451.3369   16.9582
    0.0000    0.0000  -37.5000 8541.9795   16.9295
    7.5000    0.0000  -37.5000 8107.1143   16.9731
   -7.5000    7.5000  -37.5000 8177.9473   16.9667
    0.0000    7.5000  -37.5000 8255.5869   16.9461
    7.5000    7.5000  -37.5000 7824.3481   16.9965
   -7.5000   15.0000  -37.5000 7985.3623   16.9748
    0.0000   15.0000  -37.5000 8034.2852   16.9635
    7.5000   15.0000  -37.5000 7596.8438   17.0162
   -7.5000   22.5000  -37.5000 7329.5029   16.7496
    0.0000   22.5000  -37.5000 7377.2417   16.7418
    7.5000   22.5000  -37.5000 6957.8091   16.7897
   -7.5000   30.0000  -37.5000 6726.8716   16.3024
    0.0000   30.0000  -37.5000 6788.8984   16.2869
    7.5000   30.0000  -37.5000 6390.0469   16.3260
   -7.5000   37.5000  -37.5000 6125.3184   15.7800
    0.0000   37.5000  -37.5000 6181.5732   15.7550
    7.5000   37.5000  -37.5000 5809.7095   15.7902
   -7.5000   45.0000  -37.5000 5559.1606   15.6606
    0.0000   45.0000  -37.5000 5615.3950   15.6414
    7.5000   45.0000  -37.5000 5289.6870   15.6851
   -7.5000  -45.0000  -30.0000 6977.4873   16.0748
    0.0000  -45.0000  -30.0000 7049.2622   16.0417
    7.5000  -45.0000  -30.0000 6734.1128   16.0809
   -7.5000  -37.5000  -30.0000 7421.4507   17.1227
    0.0000  -37.5000  -30.0000 7494.0742   17.0944
    7.5000  -37.5000  -30.0000 7151.0845   17.1401
   -7.5000  -30.0000  -30.0000 7872.2671   17.6248
    0.0000  -30.0000  -30.0000 7947.9121   17.6049
    7.5000  -30.0000  -30.0000 7561.3730   17.6560
   -7.5000  -22.5000  -30.0000 8385.7363   17.6203
    0.0000  -22.5000  -30.0000 8482.5664   17.6041
    7.5000  -22.5000  -30.0000 8039.8716   17.6558
   -7.5000  -15.0000  -30.0000 8892.2334   17.5919
    0.0000  -15.0000  -30.0000 8992.7637   17.5677
    7.5000  -15.0000  -30.0000 8525.1826   17.6149
   -7.5000   -7.5000  -30.0000 9005.5127   17.5723
    0.0000   -7.5000  -30.0000 9107.8721   17.5384
    7.5000   -7.5000  -30.0000 8628.5146   17.5811
   -7.5000    0.0000  -30.0000 9107.5723   17.5812
    0.0000    0.0000  -30.0000 9206.0664   17.5450
    7.5000    0.0000  -30.0000 8717.1348   17.5879
   -7.5000    7.5000  -30.0000 8793.6680   17.6048
    0.0000    7.5000  -30.0000 8882.4053   17.5757
    7.5000    7.5000  -30.0000 8395.4004   17.6227
   -7.5000   15.0000  -30.0000 8562.4980   17.6224
    0.0000   15.0000  -30.0000 8635.7002   17.6025
    7.5000   15.0000  -30.0000 8138.9746   17.6536
   -7.5000   22.5000  -30.0000 7845.1089   17.3855
    0.0000   22.5000  -30.0000 7909.4683   17.3695
    7.5000   22.5000  -30.0000 7448.7495   17.4206
   -7.5000   30.0000  -30.0000 7181.2461   16.9168
    0.0000   30.0000  -30.0000 7255.9766   16.8935
    7.5000   30.0000  -30.0000 6814.3105   16.9388
   -7.5000   37.5000  -30.0000 6517.5762   16.3779
    0.0000   37.5000  -30.0000 6578.2686   16.3462
    7.5000   37.5000  -30.0000 6176.8906   16.3855
   -7.5000   45.0000  -30.0000 5901.6201   16.2550
    0.0000   45.0000  -30.0000 5953.2197   16.2312
    7.5000   45.0000  -30.0000 5607.5981   16.2755
   -7.5000  -45.0000  -22.5000 7583.3208   16.6815
    0.0000  -45.0000  -22.5000 7655.8335   16.6494
    7.5000  -45.0000  -22.5000 7302.7695   16.6828
   -7.5000  -37.5000  -22.5000 8037.7524   17.7875
    0.0000  -37.5000  -22.5000 8110.9082   17.7571
    7.5000  -37.5000  -22.5000 7734.3599   17.7927
   -7.5000  -30.0000  -22.5000 8528.4629   18.2931
    0.0000  -30.0000  -22.5000 8614.8877   18.2699
    7.5000  -30.0000  -22.5000 8195.4287   18.3086
   -7.5000  -22.5000  -22.5000 9114.4512   18.2867
    0.0000  -22.5000  -22.5000 9194.1777   18.2685
    7.5000  -22.5000  -22.5000 8731.6914   18.3094
   -7.5000  -15.0000  -22.5000 9648.2861   18.2487
    0.0000  -15.0000  -22.5000 9752.4502   18.2252
    7.5000  -15.0000  -22.5000 9234.9551   18.2656
   -7.5000   -7.5000  -22.5000 9756.4307   18.2220
    0.0000   -7.5000  -22.5000 9871.7061   18.1905
    7.5000   -7.5000  -22.5000 9321.6270   18.2289
   -7.5000    0.0000  -22.5000 9834.1465   18.2343
    0.0000    0.0000  -22.5000 9940.6045   18.1992
    7.5000    0.0000  -22.5000 9381.8047   18.2358
   -7.5000    7.5000  -22.5000 9475.2070   18.2655
    0.0000    7.5000  -22.5000 9558.3457   18.2343
    7.5000    7.5000  -22.5000 9006.0889   18.2709
   -7.5000   15.0000  -22.5000 9205.7812   18.2887
    0.0000   15.0000  -22.5000 9269.4893   18.2655
    7.5000   15.0000  -22.5000 8714.7500   18.3042
   -7.5000   22.5000  -22.5000 8408.2305   18.0447
    0.0000   22.5000  -22.5000 8489.2900   18.0267
    7.5000   22.5000  -22.5000 7979.8252   18.0671
   -7.5000   30.0000  -22.5000 7674.4409   17.5612
    0.0000   30.0000  -22.5000 7748.7705   17.5386
    7.5000   30.0000  -22.5000 7271.7007   17.5774
   -7.5000   37.5000  -22.5000 6934.2900   17.0095
    0.0000   37.5000  -22.5000 7007.9814   16.9800
    7.5000   37.5000  -22.5000 6582.4048   17.0154
   -7.5000   45.0000  -22.5000 6269.8379   16.8957
    0.0000   45.0000  -22.5000 6333.3394   16.8745
    7.5000   45.0000  -22.5000 5963.9658   16.9138
   -7.5000  -45.0000  -15.0000 8178.6387   17.2442
    0.0000  -45.0000  -15.0000 8244.1943   17.2215
    7.5000  -45.0000  -15.0000 7852.7036   17.2511
   -7.5000  -37.5000  -15.0000 8677.1855   18.3750
    0.0000  -37.5000  -15.0000 8752.2158   18.3525
    7.5000  -37.5000  -15.0000 8334.8438   18.3840
   -7.5000  -30.0000  -15.0000 9208.3184   18.8711
    0.0000  -30.0000  -15.0000 9285.3086   18.8536
    7.5000  -30.0000  -15.0000 8831.0020   18.8842
   -7.5000  -22.5000  -15.0000 9841.3730   18.8664
    0.0000  -22.5000  -15.0000 9914.9590   18.8537
    7.5000  -22.5000  -15.0000 9397.8955   18.8818
   -7.5000  -15.0000  -15.000010414.8408   18.8394
    0.0000  -15.0000  -15.000010505.9717   18.8242
    7.5000  -15.0000  -15.0000 9917.7949   18.8515
   -7.5000   -7.5000  -15.000010523.0674   18.8204
    0.0000   -7.5000  -15.000010628.0605   18.7993
    7.5000   -7.5000  -15.000010027.0938   18.8289
   -7.5000    0.0000  -15.000010592.9775   18.8311
    0.0000    0.0000  -15.000010697.7334   18.8063
    7.5000    0.0000  -15.000010090.9062   18.8386
   -7.5000    7.5000  -15.000010157.8467   18.8505
    0.0000    7.5000  -15.000010252.7646   18.8275
    7.5000    7.5000  -15.0000 9647.5928   18.8598
   -7.5000   15.0000  -15.0000 9841.9512   18.8653
    0.0000   15.0000  -15.0000 9923.5996   18.8478
    7.5000   15.0000  -15.0000 9327.7861   18.8784
   -7.5000   22.5000  -15.0000 8997.3887   18.6196
    0.0000   22.5000  -15.0000 9080.9873   18.6071
    7.5000   22.5000  -15.0000 8528.1865   18.6348
   -7.5000   30.0000  -15.0000 8190.2104   18.1432
    0.0000   30.0000  -15.0000 8244.8535   18.1286
    7.5000   30.0000  -15.0000 7733.9209   18.1549
   -7.5000   37.5000  -15.0000 7370.2163   17.5953
    0.0000   37.5000  -15.0000 7423.9771   17.5755
    7.5000   37.5000  -15.0000 6961.1987   17.6026
   -7.5000   45.0000  -15.0000 6658.9268   17.4884
    0.0000   45.0000  -15.0000 6703.3418   17.4762
    7.5000   45.0000  -15.0000 6294.7739   17.5110
   -7.5000  -45.0000   -7.5000 8542.7852   17.2486
    0.0000  -45.0000   -7.5000 8604.7139   17.2339
    7.5000  -45.0000   -7.5000 8177.2021   17.2654
   -7.5000  -37.5000   -7.5000 9075.8457   18.3621
    0.0000  -37.5000   -7.5000 9142.4951   18.3491
    7.5000  -37.5000   -7.5000 8684.8447   18.3859
   -7.5000  -30.0000   -7.5000 9629.0264   18.8467
    0.0000  -30.0000   -7.5000 9697.2725   18.8387
    7.5000  -30.0000   -7.5000 9220.9248   18.8732
   -7.5000  -22.5000   -7.500010267.3008   18.8474
    0.0000  -22.5000   -7.500010346.7061   18.8434
    7.5000  -22.5000   -7.5000 9805.5322   18.8704
   -7.5000  -15.0000   -7.500010845.8926   18.8391
    0.0000  -15.0000   -7.500010916.6670   18.8323
    7.5000  -15.0000   -7.500010315.1787   18.8544
   -7.5000   -7.5000   -7.500010950.1670   18.8317
    0.0000   -7.5000   -7.500011018.4424   18.8186
    7.5000   -7.5000   -7.500010409.4951   18.8446
   -7.5000    0.0000   -7.500010996.4092   18.8359
    0.0000    0.0000   -7.500011085.0547   18.8198
    7.5000    0.0000   -7.500010463.1523   18.8543
   -7.5000    7.5000   -7.500010511.0625   18.8372
    0.0000    7.5000   -7.500010593.3389   18.8239
    7.5000    7.5000   -7.5000 9974.0107   18.8617
   -7.5000   15.0000   -7.500010157.7139   18.8409
    0.0000   15.0000   -7.500010227.8076   18.8328
    7.5000   15.0000   -7.5000 9619.0537   18.8674
   -7.5000   22.5000   -7.5000 9306.1436   18.6008
    0.0000   22.5000   -7.5000 9358.2705   18.5969
    7.5000   22.5000   -7.5000 8793.7773   18.6235
   -7.5000   30.0000   -7.5000 8447.8799   18.1430
    0.0000   30.0000   -7.5000 8493.2168   18.1364
    7.5000   30.0000   -7.5000 7974.6445   18.1577
   -7.5000   37.5000   -7.5000 7577.0117   17.6061
    0.0000   37.5000   -7.5000 7622.9258   17.5938
    7.5000   37.5000   -7.5000 7151.7368   17.6174
   -7.5000   45.0000   -7.5000 6838.9038   17.4931
    0.0000   45.0000   -7.5000 6867.0259   17.4868
    7.5000   45.0000   -7.5000 6453.7739   17.5223
   -7.5000  -45.0000    0.0000 8747.7617   17.7068
    0.0000  -45.0000    0.0000 8784.9346   17.6893
    7.5000  -45.0000    0.0000 8348.9990   17.7298
   -7.5000  -37.5000    0.0000 9297.9375   18.8347
    0.0000  -37.5000    0.0000 9334.5752   18.8225
    7.5000  -37.5000    0.0000 8881.3467   18.8726
   -7.5000  -30.0000    0.0000 9869.7578   19.3160
    0.0000  -30.0000    0.0000 9926.7881   19.3119
    7.5000  -30.0000    0.0000 9452.0840   19.3620
   -7.5000  -22.5000    0.000010531.7168   19.3197
    0.0000  -22.5000    0.000010584.4795   19.3199
    7.5000  -22.5000    0.000010050.9160   19.3608
   -7.5000  -15.0000    0.000011106.9609   19.3196
    0.0000  -15.0000    0.000011113.3740   19.3134
    7.5000  -15.0000    0.000010537.7090   19.3454
   -7.5000   -7.5000    0.000011176.4863   19.3169
    0.0000   -7.5000    0.000011183.4385   19.3010
    7.5000   -7.5000    0.000010618.8633   19.3346
   -7.5000    0.0000    0.000011189.5166   19.3172
    0.0000    0.0000    0.000011210.7412   19.2981
    7.5000    0.0000    0.000010647.3662   19.3422
   -7.5000    7.5000    0.000010633.8164   19.3094
    0.0000    7.5000    0.000010657.6660   19.2968
    7.5000    7.5000    0.000010085.2295   19.3482
   -7.5000   15.0000    0.000010254.8936   19.3091
    0.0000   15.0000    0.000010286.1123   19.3051
    7.5000   15.0000    0.0000 9707.7686   19.3552
   -7.5000   22.5000    0.0000 9422.6582   19.0696
    0.0000   22.5000    0.0000 9435.2510   19.0698
    7.5000   22.5000    0.0000 8882.8262   19.1102
   -7.5000   30.0000    0.0000 8567.1875   18.6169
    0.0000   30.0000    0.0000 8591.5967   18.6110
    7.5000   30.0000    0.0000 8084.4248   18.6418
   -7.5000   37.5000    0.0000 7678.2231   18.0812
    0.0000   37.5000    0.0000 7695.3975   18.0661
    7.5000   37.5000    0.0000 7240.0151   18.0969
   -7.5000   45.0000    0.0000 6873.7285   17.9774
    0.0000   45.0000    0.0000 6904.5029   17.9671
    7.5000   45.0000    0.0000 6493.1538   18.0109
   -7.5000  -45.0000    7.5000 8596.4404   17.7289
    0.0000  -45.0000    7.5000 8639.1045   17.7004
    7.5000  -45.0000    7.5000 8211.7178   17.7462
   -7.5000  -37.5000    7.5000 9142.2891   18.8690
    0.0000  -37.5000    7.5000 9162.4883   18.8475
    7.5000  -37.5000    7.5000 8726.4180   18.9041
   -7.5000  -30.0000    7.5000 9759.7822   19.3587
    0.0000  -30.0000    7.5000 9777.8477   19.3471
    7.5000  -30.0000    7.5000 9307.5957   19.4076
   -7.5000  -22.5000    7.500010432.0830   19.3586
    0.0000  -22.5000    7.500010418.1035   19.3505
    7.5000  -22.5000    7.5000 9874.2715   19.4062
   -7.5000  -15.0000    7.500010961.0254   19.3466
    0.0000  -15.0000    7.500010880.4521   19.3293
    7.5000  -15.0000    7.500010347.5693   19.3760
   -7.5000   -7.5000    7.500010961.4756   19.3375
    0.0000   -7.5000    7.500010871.9775   19.3086
    7.5000   -7.5000    7.500010393.9746   19.3524
   -7.5000    0.0000    7.500010957.0264   19.3413
    0.0000    0.0000    7.500010880.1650   19.3101
    7.5000    0.0000    7.500010403.5557   19.3601
   -7.5000    7.5000    7.500010367.8965   19.3445
    0.0000    7.5000    7.500010307.8652   19.3225
    7.5000    7.5000    7.5000 9820.8164   19.3805
   -7.5000   15.0000    7.5000 9997.3330   19.3519
    0.0000   15.0000    7.5000 9935.8467   19.3402
    7.5000   15.0000    7.5000 9447.4414   19.4008
   -7.5000   22.5000    7.5000 9194.1738   19.1080
    0.0000   22.5000    7.5000 9146.5947   19.1001
    7.5000   22.5000    7.5000 8663.8389   19.1550
   -7.5000   30.0000    7.5000 8382.3672   18.6430
    0.0000   30.0000    7.5000 8363.7246   18.6264
    7.5000   30.0000    7.5000 7884.1431   18.6713
   -7.5000   37.5000    7.5000 7518.3555   18.1000
    0.0000   37.5000    7.5000 7504.8809   18.0728
    7.5000   37.5000    7.5000 7078.8369   18.1132
   -7.5000   45.0000    7.5000 6687.0498   18.0020
    0.0000   45.0000    7.5000 6701.5674   17.9814
    7.5000   45.0000    7.5000 6325.1836   18.0317
   -7.5000  -45.0000   15.0000 8640.1865   17.7287
    0.0000  -45.0000   15.0000 8711.9453   17.6926
    7.5000  -45.0000   15.0000 8291.7764   17.7358
   -7.5000  -37.5000   15.0000 9196.7158   18.8867
    0.0000  -37.5000   15.0000 9245.1045   18.8559
    7.5000  -37.5000   15.0000 8809.7920   18.9063
   -7.5000  -30.0000   15.0000 9826.3555   19.3890
    0.0000  -30.0000   15.0000 9883.9600   19.3674
    7.5000  -30.0000   15.0000 9395.0410   19.4236
   -7.5000  -22.5000   15.000010467.3096   19.3844
    0.0000  -22.5000   15.000010434.8662   19.3668
    7.5000  -22.5000   15.0000 9961.6318   19.4235
   -7.5000  -15.0000   15.000010983.4111   19.3534
    0.0000  -15.0000   15.000010827.7256   19.3268
    7.5000  -15.0000   15.000010411.1934   19.3785
   -7.5000   -7.5000   15.000011018.8105   19.3316
    0.0000   -7.5000   15.000010836.6807   19.2945
    7.5000   -7.5000   15.000010475.8730   19.3414
   -7.5000    0.0000   15.000011057.1533   19.3411
    0.0000    0.0000   15.000010896.8145   19.3016
    7.5000    0.0000   15.000010528.8447   19.3488
   -7.5000    7.5000   15.000010446.6533   19.3627
    0.0000    7.5000   15.000010331.6055   19.3311
    7.5000    7.5000   15.0000 9931.2383   19.3828
   -7.5000   15.0000   15.000010069.3672   19.3821
    0.0000   15.0000   15.000010002.0527   19.3606
    7.5000   15.0000   15.0000 9548.9951   19.4168
   -7.5000   22.5000   15.0000 9231.8994   19.1336
    0.0000   22.5000   15.0000 9205.2656   19.1161
    7.5000   22.5000   15.0000 8754.7812   19.1722
   -7.5000   30.0000   15.0000 8409.5518   18.6495
    0.0000   30.0000   15.0000 8420.7188   18.6239
    7.5000   30.0000   15.0000 7964.2090   18.6737
   -7.5000   37.5000   15.0000 7543.0195   18.0943
    0.0000   37.5000   15.0000 7555.9648   18.0593
    7.5000   37.5000   15.0000 7151.1445   18.1027
   -7.5000   45.0000   15.0000 6691.3960   18.0017
    0.0000   45.0000   15.0000 6723.4810   17.9756
    7.5000   45.0000   15.0000 6359.5869   18.0247
   -7.5000  -45.0000   22.5000 8288.4736   17.7137
    0.0000  -45.0000   22.5000 8355.9746   17.6795
    7.5000  -45.0000   22.5000 7939.5776   17.7152
   -7.5000  -37.5000   22.5000 8805.6807   18.8799
    0.0000  -37.5000   22.5000 8840.2988   18.8476
    7.5000  -37.5000   22.5000 8423.6221   18.8856
   -7.5000  -30.0000   22.5000 9337.3379   19.3872
    0.0000  -30.0000   22.5000 9380.2051   19.3626
    7.5000  -30.0000   22.5000 8983.8779   19.4039
   -7.5000  -22.5000   22.5000 9908.0732   19.3804
    0.0000  -22.5000   22.5000 9929.5078   19.3610
    7.5000  -22.5000   22.5000 9578.6455   19.4046
   -7.5000  -15.0000   22.500010477.2100   19.3399
    0.0000  -15.0000   22.500010424.3828   19.3149
    7.5000  -15.0000   22.500010075.7227   19.3580
   -7.5000   -7.5000   22.500010559.5625   19.3115
    0.0000   -7.5000   22.500010500.2109   19.2780
    7.5000   -7.5000   22.500010132.1885   19.3189
   -7.5000    0.0000   22.500010601.4346   19.3246
    0.0000    0.0000   22.500010577.2783   19.2874
    7.5000    0.0000   22.500010161.6943   19.3264
   -7.5000    7.5000   22.5000 9981.3369   19.3557
    0.0000    7.5000   22.5000 9972.6797   19.3226
    7.5000    7.5000   22.5000 9538.9150   19.3616
   -7.5000   15.0000   22.5000 9603.6855   19.3804
    0.0000   15.0000   22.5000 9602.1416   19.3557
    7.5000   15.0000   22.5000 9161.7910   19.3970
   -7.5000   22.5000   22.5000 8801.2363   19.1296
    0.0000   22.5000   22.5000 8816.7822   19.1104
    7.5000   22.5000   22.5000 8400.5518   19.1535
   -7.5000   30.0000   22.5000 8020.5576   18.6365
    0.0000   30.0000   22.5000 8044.2930   18.6124
    7.5000   30.0000   22.5000 7632.2119   18.6539
   -7.5000   37.5000   22.5000 7191.4238   18.0756
    0.0000   37.5000   22.5000 7213.2012   18.0442
    7.5000   37.5000   22.5000 6849.3115   18.0820
   -7.5000   45.0000   22.5000 6381.5693   17.9842
    0.0000   45.0000   22.5000 6415.6279   17.9616
    7.5000   45.0000   22.5000 6080.6045   18.0037
   -7.5000  -45.0000   30.0000 7838.0015   17.7239
    0.0000  -45.0000   30.0000 7906.5977   17.7001
    7.5000  -45.0000   30.0000 7521.5068   17.7306
   -7.5000  -37.5000   30.0000 8320.9092   18.8884
    0.0000  -37.5000   30.0000 8384.6094   18.8647
    7.5000  -37.5000   30.0000 7977.5239   18.8967
   -7.5000  -30.0000   30.0000 8814.7324   19.3903
    0.0000  -30.0000   30.0000 8895.8066   19.3716
    7.5000  -30.0000   30.0000 8493.6523   19.4030
   -7.5000  -22.5000   30.0000 9365.4873   19.3853
    0.0000  -22.5000   30.0000 9437.6279   19.3717
    7.5000  -22.5000   30.0000 9056.8066   19.4010
   -7.5000  -15.0000   30.0000 9907.2852   19.3567
    0.0000  -15.0000   30.0000 9986.2432   19.3406
    7.5000  -15.0000   30.0000 9530.6074   19.3693
   -7.5000   -7.5000   30.0000 9984.5176   19.3364
    0.0000   -7.5000   30.000010078.3330   19.3143
    7.5000   -7.5000   30.0000 9614.2246   19.3452
   -7.5000    0.0000   30.000010011.5449   19.3476
    0.0000    0.0000   30.000010092.9658   19.3216
    7.5000    0.0000   30.0000 9644.1729   19.3549
   -7.5000    7.5000   30.0000 9407.6367   19.3677
    0.0000    7.5000   30.0000 9449.8965   19.3433
    7.5000    7.5000   30.0000 9030.5596   19.3762
   -7.5000   15.0000   30.0000 9044.0127   19.3834
    0.0000   15.0000   30.0000 9069.5078   19.3648
    7.5000   15.0000   30.0000 8649.9033   19.3961
   -7.5000   22.5000   30.0000 8276.4453   19.1328
    0.0000   22.5000   30.0000 8305.1055   19.1193
    7.5000   22.5000   30.0000 7919.0718   19.1482
   -7.5000   30.0000   30.0000 7517.0503   18.6612
    0.0000   30.0000   30.0000 7537.6143   18.6457
    7.5000   30.0000   30.0000 7183.2686   18.6734
   -7.5000   37.5000   30.0000 6729.8965   18.1165
    0.0000   37.5000   30.0000 6753.9712   18.0957
    7.5000   37.5000   30.0000 6445.7632   18.1241
   -7.5000   45.0000   30.0000 5978.9907   18.0328
    0.0000   45.0000   30.0000 6014.8960   18.0198
    7.5000   45.0000   30.0000 5736.0532   18.0557
   -7.5000  -45.0000   37.5000 7380.1348   17.6560
    0.0000  -45.0000   37.5000 7483.0259   17.6398
    7.5000  -45.0000   37.5000 7062.3491   17.6738
   -7.5000  -37.5000   37.5000 7818.4863   18.8027
    0.0000  -37.5000   37.5000 7915.7163   18.7884
    7.5000  -37.5000   37.5000 7490.6626   18.8274
   -7.5000  -30.0000   37.5000 8273.7109   19.2811
    0.0000  -30.0000   37.5000 8369.2158   19.2715
    7.5000  -30.0000   37.5000 7952.2354   19.3077
   -7.5000  -22.5000   37.5000 8792.1719   19.2835
    0.0000  -22.5000   37.5000 8880.3691   19.2775
    7.5000  -22.5000   37.5000 8467.5186   19.3056
   -7.5000  -15.0000   37.5000 9291.7617   19.2737
    0.0000  -15.0000   37.5000 9380.4414   19.2646
    7.5000  -15.0000   37.5000 8920.4131   19.2882
   -7.5000   -7.5000   37.5000 9375.5361   19.2633
    0.0000   -7.5000   37.5000 9463.3115   19.2482
    7.5000   -7.5000   37.5000 9017.9102   19.2764
   -7.5000    0.0000   37.5000 9434.3623   19.2662
    0.0000    0.0000   37.5000 9514.2285   19.2485
    7.5000    0.0000   37.5000 9076.5361   19.2856
   -7.5000    7.5000   37.5000 8860.2900   19.2679
    0.0000    7.5000   37.5000 8916.3711   19.2532
    7.5000    7.5000   37.5000 8497.7090   19.2933
   -7.5000   15.0000   37.5000 8512.8750   19.2741
    0.0000   15.0000   37.5000 8554.2246   19.2645
    7.5000   15.0000   37.5000 8151.1211   19.3007
   -7.5000   22.5000   37.5000 7778.9722   19.0289
    0.0000   22.5000   37.5000 7828.5957   19.0230
    7.5000   22.5000   37.5000 7464.1846   19.0508
   -7.5000   30.0000   37.5000 7022.5508   18.5812
    0.0000   30.0000   37.5000 7074.3247   18.5724
    7.5000   30.0000   37.5000 6754.8550   18.5951
   -7.5000   37.5000   37.5000 6277.8745   18.0487
    0.0000   37.5000   37.5000 6327.6489   18.0344
    7.5000   37.5000   37.5000 6046.9727   18.0602
   -7.5000   45.0000   37.5000 5584.2554   17.9637
    0.0000   45.0000   37.5000 5623.8125   17.9564
    7.5000   45.0000   37.5000 5381.5933   17.9947
   -7.5000  -45.0000   45.0000 6905.8301   17.6871
    0.0000  -45.0000   45.0000 6960.8032   17.6621
    7.5000  -45.0000   45.0000 6591.9766   17.7031
   -7.5000  -37.5000   45.0000 7302.9263   18.8304
    0.0000  -37.5000   45.0000 7362.3735   18.8101
    7.5000  -37.5000   45.0000 6963.2017   18.8604
   -7.5000  -30.0000   45.0000 7707.0947   19.2954
    0.0000  -30.0000   45.0000 7771.3555   19.2827
    7.5000  -30.0000   45.0000 7376.6538   19.3325
   -7.5000  -22.5000   45.0000 8192.6484   19.3090
    0.0000  -22.5000   45.0000 8252.0195   19.3002
    7.5000  -22.5000   45.0000 7852.0068   19.3408
   -7.5000  -15.0000   45.0000 8649.7744   19.3076
    0.0000  -15.0000   45.0000 8709.8945   19.2926
    7.5000  -15.0000   45.0000 8289.2949   19.3249
   -7.5000   -7.5000   45.0000 8744.8281   19.2938
    0.0000   -7.5000   45.0000 8805.8203   19.2693
    7.5000   -7.5000   45.0000 8374.8760   19.3038
   -7.5000    0.0000   45.0000 8795.4053   19.2835
    0.0000    0.0000   45.0000 8852.5352   19.2562
    7.5000    0.0000   45.0000 8439.2588   19.3010
   -7.5000    7.5000   45.0000 8258.4629   19.2778
    0.0000    7.5000   45.0000 8309.3047   19.2570
    7.5000    7.5000   45.0000 7915.6328   19.3084
   -7.5000   15.0000   45.0000 7960.6211   19.2882
    0.0000   15.0000   45.0000 8001.6494   19.2755
    7.5000   15.0000   45.0000 7620.3652   19.3253
   -7.5000   22.5000   45.0000 7281.5693   19.0516
    0.0000   22.5000   45.0000 7313.2485   19.0429
    7.5000   22.5000   45.0000 6974.2295   19.0830
   -7.5000   30.0000   45.0000 6574.8687   18.6120
    0.0000   30.0000   45.0000 6606.7422   18.5975
    7.5000   30.0000   45.0000 6301.7700   18.6287
   -7.5000   37.5000   45.0000 5870.5146   18.0726
    0.0000   37.5000   45.0000 5895.6792   18.0495
    7.5000   37.5000   45.0000 5623.2793   18.0811
   -7.5000   45.0000   45.0000 5214.3198   17.9777
    0.0000   45.0000   45.0000 5238.3433   17.9598
    7.5000   45.0000   45.0000 5005.8525   18.0047

---------------------------------------------------------------------
imgreg_4dfp /opt/freesurfer/average/711-2C_as_mni_average_305 /opt/freesurfer/average/711-2B_as_mni_average_305_mask talsrcimg_g11 none talsrcimg_to_711-2C_as_mni_average_305_t4 4355
---------------------------------------------------------------------

freesurfer imgreg_4dfp.c
/opt/freesurfer/average/711-2C_as_mni_average_305.4dfp.img
       256       256       256         1
  1.000000  1.000000  1.000000
orientation T byte_order littleendian
Reading image: /opt/freesurfer/average/711-2C_as_mni_average_305.4dfp.img
dimensions:      256       256       256
mmppix:       1.0000   -1.0000   -1.0000
center:     128.0000 -129.0000 -129.0000
/opt/freesurfer/average/711-2B_as_mni_average_305_mask.4dfp.img
       256       256       256         1
  1.000000  1.000000  1.000000
orientation T byte_order littleendian
Reading mask: /opt/freesurfer/average/711-2B_as_mni_average_305_mask.4dfp.img (2306576 pixels)
talsrcimg_g11.4dfp.img
       256       256       256         1
  0.900000  0.900000  0.900000
orientation T byte_order littleendian
Reading image: talsrcimg_g11.4dfp.img
dimensions:      256       256       256
mmppix:       0.9000   -0.9000   -0.9000
center:     115.2000 -116.1000 -116.1000
rotation matrix determinant  1.000000
image alignment mode   4355 decimal     1103 hex
   -7.5000  -45.0000  -45.0000 1900.2725   18.7047
    0.0000  -45.0000  -45.0000 1916.5385   18.4899
    7.5000  -45.0000  -45.0000 1914.7983   18.6159
   -7.5000  -37.5000  -45.0000 1957.6954   17.6471
    0.0000  -37.5000  -45.0000 1972.2192   17.4776
    7.5000  -37.5000  -45.0000 1968.7273   17.5781
   -7.5000  -30.0000  -45.0000 1990.8740   16.7891
    0.0000  -30.0000  -45.0000 2003.4432   16.6742
    7.5000  -30.0000  -45.0000 1998.5632   16.7595
   -7.5000  -22.5000  -45.0000 2009.8794   16.1723
    0.0000  -22.5000  -45.0000 2022.6801   16.0198
    7.5000  -22.5000  -45.0000 2017.9574   16.1248
   -7.5000  -15.0000  -45.0000 2013.3326   16.0039
    0.0000  -15.0000  -45.0000 2026.8922   15.8117
    7.5000  -15.0000  -45.0000 2021.1467   15.9273
   -7.5000   -7.5000  -45.0000 1999.6335   16.2630
    0.0000   -7.5000  -45.0000 2014.1195   16.0423
    7.5000   -7.5000  -45.0000 2007.2378   16.1329
   -7.5000    0.0000  -45.0000 1975.3795   16.8322
    0.0000    0.0000  -45.0000 1986.3806   16.5966
    7.5000    0.0000  -45.0000 1979.4268   16.6913
   -7.5000    7.5000  -45.0000 1937.0044   17.6416
    0.0000    7.5000  -45.0000 1951.3136   17.4186
    7.5000    7.5000  -45.0000 1940.8846   17.5496
   -7.5000   15.0000  -45.0000 1883.8459   18.8474
    0.0000   15.0000  -45.0000 1898.7062   18.5882
    7.5000   15.0000  -45.0000 1887.3932   18.6991
   -7.5000   22.5000  -45.0000 1810.9462   20.4729
    0.0000   22.5000  -45.0000 1825.3461   20.1556
    7.5000   22.5000  -45.0000 1816.5961   20.3142
   -7.5000   30.0000  -45.0000 1716.9138   22.6165
    0.0000   30.0000  -45.0000 1734.5520   22.2591
    7.5000   30.0000  -45.0000 1726.5110   22.4605
   -7.5000   37.5000  -45.0000 1596.4352   25.4298
    0.0000   37.5000  -45.0000 1611.0408   25.0021
    7.5000   37.5000  -45.0000 1605.3479   25.2094
   -7.5000   45.0000  -45.0000 1454.3933   28.8613
    0.0000   45.0000  -45.0000 1471.8188   28.3551
    7.5000   45.0000  -45.0000 1460.2700   28.6341
   -7.5000  -45.0000  -37.5000 2069.3804   18.1577
    0.0000  -45.0000  -37.5000 2087.7378   17.9362
    7.5000  -45.0000  -37.5000 2082.2925   18.0350
   -7.5000  -37.5000  -37.5000 2128.2205   17.1369
    0.0000  -37.5000  -37.5000 2145.9360   16.9846
    7.5000  -37.5000  -37.5000 2139.8503   17.0862
   -7.5000  -30.0000  -37.5000 2166.0520   16.3069
    0.0000  -30.0000  -37.5000 2180.8374   16.1959
    7.5000  -30.0000  -37.5000 2173.3340   16.2860
   -7.5000  -22.5000  -37.5000 2186.9160   15.6755
    0.0000  -22.5000  -37.5000 2199.1409   15.5669
    7.5000  -22.5000  -37.5000 2189.1279   15.6730
   -7.5000  -15.0000  -37.5000 2188.1011   15.5008
    0.0000  -15.0000  -37.5000 2202.7212   15.3528
    7.5000  -15.0000  -37.5000 2194.1323   15.4544
   -7.5000   -7.5000  -37.5000 2171.2854   15.7157
    0.0000   -7.5000  -37.5000 2188.4895   15.5438
    7.5000   -7.5000  -37.5000 2177.8433   15.6415
   -7.5000    0.0000  -37.5000 2144.0945   16.2264
    0.0000    0.0000  -37.5000 2163.9094   16.0544
    7.5000    0.0000  -37.5000 2150.5154   16.1570
   -7.5000    7.5000  -37.5000 2101.2356   17.0111
    0.0000    7.5000  -37.5000 2124.1741   16.8048
    7.5000    7.5000  -37.5000 2109.8975   16.9303
   -7.5000   15.0000  -37.5000 2046.1169   18.2172
    0.0000   15.0000  -37.5000 2064.3943   17.9776
    7.5000   15.0000  -37.5000 2048.3438   18.0934
   -7.5000   22.5000  -37.5000 1965.3601   19.7968
    0.0000   22.5000  -37.5000 1984.2937   19.5112
    7.5000   22.5000  -37.5000 1970.8071   19.6836
   -7.5000   30.0000  -37.5000 1865.8729   21.9123
    0.0000   30.0000  -37.5000 1883.0083   21.5430
    7.5000   30.0000  -37.5000 1870.6012   21.7211
   -7.5000   37.5000  -37.5000 1733.7153   24.6248
    0.0000   37.5000  -37.5000 1750.1318   24.1871
    7.5000   37.5000  -37.5000 1734.4498   24.3601
   -7.5000   45.0000  -37.5000 1574.6444   27.9416
    0.0000   45.0000  -37.5000 1591.2178   27.4924
    7.5000   45.0000  -37.5000 1581.8666   27.7103
   -7.5000  -45.0000  -30.0000 2220.9500   17.4149
    0.0000  -45.0000  -30.0000 2241.3733   17.2473
    7.5000  -45.0000  -30.0000 2234.6631   17.3698
   -7.5000  -37.5000  -30.0000 2286.2300   16.4826
    0.0000  -37.5000  -30.0000 2302.0825   16.3073
    7.5000  -37.5000  -30.0000 2299.3486   16.4098
   -7.5000  -30.0000  -30.0000 2323.8914   15.6732
    0.0000  -30.0000  -30.0000 2342.5649   15.5311
    7.5000  -30.0000  -30.0000 2335.1826   15.6155
   -7.5000  -22.5000  -30.0000 2348.6174   15.0837
    0.0000  -22.5000  -30.0000 2370.4390   14.9687
    7.5000  -22.5000  -30.0000 2354.3196   15.0578
   -7.5000  -15.0000  -30.0000 2357.9751   14.8647
    0.0000  -15.0000  -30.0000 2378.0789   14.7249
    7.5000  -15.0000  -30.0000 2366.1726   14.8166
   -7.5000   -7.5000  -30.0000 2339.1978   15.0321
    0.0000   -7.5000  -30.0000 2360.2708   14.9059
    7.5000   -7.5000  -30.0000 2348.0415   15.0065
   -7.5000    0.0000  -30.0000 2307.7869   15.5141
    0.0000    0.0000  -30.0000 2334.4451   15.3507
    7.5000    0.0000  -30.0000 2317.1279   15.4642
   -7.5000    7.5000  -30.0000 2261.9717   16.2880
    0.0000    7.5000  -30.0000 2285.7629   16.0837
    7.5000    7.5000  -30.0000 2272.5181   16.2039
   -7.5000   15.0000  -30.0000 2199.1853   17.4684
    0.0000   15.0000  -30.0000 2220.1501   17.2469
    7.5000   15.0000  -30.0000 2204.9165   17.3521
   -7.5000   22.5000  -30.0000 2113.4651   19.0275
    0.0000   22.5000  -30.0000 2130.9319   18.7653
    7.5000   22.5000  -30.0000 2115.5823   18.8727
   -7.5000   30.0000  -30.0000 2005.2606   21.0552
    0.0000   30.0000  -30.0000 2021.0549   20.7501
    7.5000   30.0000  -30.0000 2004.1272   20.8715
   -7.5000   37.5000  -30.0000 1866.6786   23.5934
    0.0000   37.5000  -30.0000 1880.6987   23.2485
    7.5000   37.5000  -30.0000 1865.5112   23.3935
   -7.5000   45.0000  -30.0000 1690.8506   26.6985
    0.0000   45.0000  -30.0000 1704.3650   26.3207
    7.5000   45.0000  -30.0000 1696.2802   26.5011
   -7.5000  -45.0000  -22.5000 2352.6133   16.5897
    0.0000  -45.0000  -22.5000 2374.2522   16.4330
    7.5000  -45.0000  -22.5000 2365.9492   16.5317
   -7.5000  -37.5000  -22.5000 2419.9099   15.6219
    0.0000  -37.5000  -22.5000 2439.0625   15.5067
    7.5000  -37.5000  -22.5000 2431.8052   15.5660
   -7.5000  -30.0000  -22.5000 2468.1191   14.8929
    0.0000  -30.0000  -22.5000 2486.3169   14.7719
    7.5000  -30.0000  -22.5000 2475.1848   14.8304
   -7.5000  -22.5000  -22.5000 2498.9106   14.3380
    0.0000  -22.5000  -22.5000 2519.2288   14.2183
    7.5000  -22.5000  -22.5000 2508.1311   14.2991
   -7.5000  -15.0000  -22.5000 2518.8662   14.0979
    0.0000  -15.0000  -22.5000 2538.7141   13.9616
    7.5000  -15.0000  -22.5000 2529.0398   14.0466
   -7.5000   -7.5000  -22.5000 2505.1509   14.2575
    0.0000   -7.5000  -22.5000 2528.1650   14.1437
    7.5000   -7.5000  -22.5000 2511.9590   14.2157
   -7.5000    0.0000  -22.5000 2472.2786   14.7218
    0.0000    0.0000  -22.5000 2496.2659   14.5750
    7.5000    0.0000  -22.5000 2477.3230   14.6553
   -7.5000    7.5000  -22.5000 2419.1467   15.4928
    0.0000    7.5000  -22.5000 2443.6716   15.3021
    7.5000    7.5000  -22.5000 2424.9993   15.3871
   -7.5000   15.0000  -22.5000 2345.5288   16.5814
    0.0000   15.0000  -22.5000 2367.2603   16.4024
    7.5000   15.0000  -22.5000 2349.7087   16.5116
   -7.5000   22.5000  -22.5000 2245.9131   18.0424
    0.0000   22.5000  -22.5000 2267.0388   17.8596
    7.5000   22.5000  -22.5000 2250.6233   17.9750
   -7.5000   30.0000  -22.5000 2128.8354   19.9540
    0.0000   30.0000  -22.5000 2147.8716   19.7290
    7.5000   30.0000  -22.5000 2131.4690   19.8581
   -7.5000   37.5000  -22.5000 1976.5300   22.3479
    0.0000   37.5000  -22.5000 1996.7538   22.0691
    7.5000   37.5000  -22.5000 1980.5062   22.2220
   -7.5000   45.0000  -22.5000 1795.7207   25.2910
    0.0000   45.0000  -22.5000 1810.7761   24.9350
    7.5000   45.0000  -22.5000 1799.5690   25.1901
   -7.5000  -45.0000  -15.0000 2452.6223   15.7354
    0.0000  -45.0000  -15.0000 2474.2610   15.5670
    7.5000  -45.0000  -15.0000 2468.6885   15.6632
   -7.5000  -37.5000  -15.0000 2529.3503   14.7357
    0.0000  -37.5000  -15.0000 2550.6846   14.6197
    7.5000  -37.5000  -15.0000 2543.3428   14.6845
   -7.5000  -30.0000  -15.0000 2585.4456   13.9883
    0.0000  -30.0000  -15.0000 2604.0808   13.8967
    7.5000  -30.0000  -15.0000 2590.5706   13.9757
   -7.5000  -22.5000  -15.0000 2630.6936   13.4761
    0.0000  -22.5000  -15.0000 2648.2332   13.3739
    7.5000  -22.5000  -15.0000 2632.3635   13.4604
   -7.5000  -15.0000  -15.0000 2658.4138   13.2446
    0.0000  -15.0000  -15.0000 2678.7849   13.1260
    7.5000  -15.0000  -15.0000 2660.9255   13.2018
   -7.5000   -7.5000  -15.0000 2647.5686   13.3883
    0.0000   -7.5000  -15.0000 2673.7678   13.2889
    7.5000   -7.5000  -15.0000 2653.3643   13.3703
   -7.5000    0.0000  -15.0000 2610.9507   13.8330
    0.0000    0.0000  -15.0000 2638.0693   13.7269
    7.5000    0.0000  -15.0000 2617.1833   13.8409
   -7.5000    7.5000  -15.0000 2554.8484   14.5554
    0.0000    7.5000  -15.0000 2582.7385   14.4228
    7.5000    7.5000  -15.0000 2559.6458   14.5560
   -7.5000   15.0000  -15.0000 2468.6550   15.5876
    0.0000   15.0000  -15.0000 2492.8513   15.4382
    7.5000   15.0000  -15.0000 2474.4507   15.5710
   -7.5000   22.5000  -15.0000 2360.1919   17.0266
    0.0000   22.5000  -15.0000 2382.5146   16.8434
    7.5000   22.5000  -15.0000 2365.0662   16.9626
   -7.5000   30.0000  -15.0000 2235.0339   18.8856
    0.0000   30.0000  -15.0000 2253.6135   18.6630
    7.5000   30.0000  -15.0000 2235.0645   18.7557
   -7.5000   37.5000  -15.0000 2068.4170   21.1059
    0.0000   37.5000  -15.0000 2087.8689   20.8754
    7.5000   37.5000  -15.0000 2068.0388   20.9979
   -7.5000   45.0000  -15.0000 1878.5422   23.8353
    0.0000   45.0000  -15.0000 1895.0022   23.5943
    7.5000   45.0000  -15.0000 1874.8800   23.7361
   -7.5000  -45.0000   -7.5000 2512.4050   14.8512
    0.0000  -45.0000   -7.5000 2533.3708   14.6425
    7.5000  -45.0000   -7.5000 2522.1116   14.7971
   -7.5000  -37.5000   -7.5000 2603.6985   13.8207
    0.0000  -37.5000   -7.5000 2627.3787   13.6896
    7.5000  -37.5000   -7.5000 2613.9329   13.8177
   -7.5000  -30.0000   -7.5000 2671.1416   13.0766
    0.0000  -30.0000   -7.5000 2690.7839   12.9854
    7.5000  -30.0000   -7.5000 2675.7942   13.0903
   -7.5000  -22.5000   -7.5000 2726.0227   12.6029
    0.0000  -22.5000   -7.5000 2748.2786   12.4963
    7.5000  -22.5000   -7.5000 2726.6152   12.6034
   -7.5000  -15.0000   -7.5000 2756.3584   12.3674
    0.0000  -15.0000   -7.5000 2781.6785   12.2663
    7.5000  -15.0000   -7.5000 2758.0640   12.3574
   -7.5000   -7.5000   -7.5000 2752.0586   12.5017
    0.0000   -7.5000   -7.5000 2784.1279   12.3938
    7.5000   -7.5000   -7.5000 2756.7346   12.5082
   -7.5000    0.0000   -7.5000 2713.9590   12.9360
    0.0000    0.0000   -7.5000 2745.9634   12.8234
    7.5000    0.0000   -7.5000 2717.9739   12.9725
   -7.5000    7.5000   -7.5000 2652.1050   13.6327
    0.0000    7.5000   -7.5000 2679.6123   13.5056
    7.5000    7.5000   -7.5000 2652.4075   13.6758
   -7.5000   15.0000   -7.5000 2557.3613   14.6215
    0.0000   15.0000   -7.5000 2576.4597   14.4807
    7.5000   15.0000   -7.5000 2557.2971   14.6301
   -7.5000   22.5000   -7.5000 2435.7114   15.9947
    0.0000   22.5000   -7.5000 2454.7136   15.8134
    7.5000   22.5000   -7.5000 2435.2419   15.9346
   -7.5000   30.0000   -7.5000 2297.8772   17.7868
    0.0000   30.0000   -7.5000 2317.9451   17.6032
    7.5000   30.0000   -7.5000 2297.6824   17.6711
   -7.5000   37.5000   -7.5000 2126.0798   19.9653
    0.0000   37.5000   -7.5000 2139.8013   19.7798
    7.5000   37.5000   -7.5000 2120.5393   19.8478
   -7.5000   45.0000   -7.5000 1928.2880   22.4776
    0.0000   45.0000   -7.5000 1940.4982   22.2844
    7.5000   45.0000   -7.5000 1922.2124   22.4038
   -7.5000  -45.0000    0.0000 2560.9841   14.2406
    0.0000  -45.0000    0.0000 2579.4951   14.0111
    7.5000  -45.0000    0.0000 2565.5295   14.2370
   -7.5000  -37.5000    0.0000 2668.5891   13.2029
    0.0000  -37.5000    0.0000 2692.3010   13.0083
    7.5000  -37.5000    0.0000 2672.4360   13.2423
   -7.5000  -30.0000    0.0000 2753.4041   12.4717
    0.0000  -30.0000    0.0000 2779.1506   12.3121
    7.5000  -30.0000    0.0000 2753.5098   12.5132
   -7.5000  -22.5000    0.0000 2819.8120   12.0042
    0.0000  -22.5000    0.0000 2845.1240   11.8682
    7.5000  -22.5000    0.0000 2817.1743   12.0171
   -7.5000  -15.0000    0.0000 2856.7786   11.7811
    0.0000  -15.0000    0.0000 2888.6187   11.6441
    7.5000  -15.0000    0.0000 2854.8481   11.7802
   -7.5000   -7.5000    0.0000 2857.8562   11.9187
    0.0000   -7.5000    0.0000 2893.0962   11.7584
    7.5000   -7.5000    0.0000 2857.0630   11.9226
   -7.5000    0.0000    0.0000 2814.4407   12.3235
    0.0000    0.0000    0.0000 2847.5088   12.1673
    7.5000    0.0000    0.0000 2813.7351   12.3609
   -7.5000    7.5000    0.0000 2739.0730   13.0132
    0.0000    7.5000    0.0000 2763.0205   12.8676
    7.5000    7.5000    0.0000 2733.3860   13.0468
   -7.5000   15.0000    0.0000 2630.3567   14.0028
    0.0000   15.0000    0.0000 2652.4097   13.8537
    7.5000   15.0000    0.0000 2626.7900   14.0230
   -7.5000   22.5000    0.0000 2500.8757   15.3666
    0.0000   22.5000    0.0000 2518.4207   15.1978
    7.5000   22.5000    0.0000 2499.1753   15.3442
   -7.5000   30.0000    0.0000 2357.1785   17.1463
    0.0000   30.0000    0.0000 2376.2556   16.9497
    7.5000   30.0000    0.0000 2356.3130   17.0619
   -7.5000   37.5000    0.0000 2173.7051   19.2659
    0.0000   37.5000    0.0000 2187.3293   19.0548
    7.5000   37.5000    0.0000 2170.9441   19.1733
   -7.5000   45.0000    0.0000 1963.5557   21.6935
    0.0000   45.0000    0.0000 1978.4573   21.4720
    7.5000   45.0000    0.0000 1960.8599   21.6607
   -7.5000  -45.0000    7.5000 2588.0664   13.7670
    0.0000  -45.0000    7.5000 2607.1357   13.5035
    7.5000  -45.0000    7.5000 2590.7039   13.7909
   -7.5000  -37.5000    7.5000 2706.4985   12.7363
    0.0000  -37.5000    7.5000 2728.1887   12.4956
    7.5000  -37.5000    7.5000 2705.2036   12.7635
   -7.5000  -30.0000    7.5000 2808.4622   12.0056
    0.0000  -30.0000    7.5000 2831.1243   11.7782
    7.5000  -30.0000    7.5000 2801.4272   12.0516
   -7.5000  -22.5000    7.5000 2892.1221   11.5356
    0.0000  -22.5000    7.5000 2918.6816   11.3143
    7.5000  -22.5000    7.5000 2880.6062   11.5397
   -7.5000  -15.0000    7.5000 2941.8110   11.3132
    0.0000  -15.0000    7.5000 2978.8691   11.0472
    7.5000  -15.0000    7.5000 2933.1824   11.2776
   -7.5000   -7.5000    7.5000 2939.2856   11.4332
    0.0000   -7.5000    7.5000 2969.4106   11.1790
    7.5000   -7.5000    7.5000 2931.8623   11.3865
   -7.5000    0.0000    7.5000 2886.6018   11.8425
    0.0000    0.0000    7.5000 2908.3467   11.6165
    7.5000    0.0000    7.5000 2877.0928   11.8226
   -7.5000    7.5000    7.5000 2795.5151   12.5758
    0.0000    7.5000    7.5000 2814.0105   12.3540
    7.5000    7.5000    7.5000 2785.6802   12.5293
   -7.5000   15.0000    7.5000 2677.0481   13.6105
    0.0000   15.0000    7.5000 2691.5813   13.3642
    7.5000   15.0000    7.5000 2671.0242   13.5517
   -7.5000   22.5000    7.5000 2543.8440   14.9747
    0.0000   22.5000    7.5000 2556.0068   14.7063
    7.5000   22.5000    7.5000 2537.1204   14.8951
   -7.5000   30.0000    7.5000 2392.0007   16.7066
    0.0000   30.0000    7.5000 2410.3777   16.4055
    7.5000   30.0000    7.5000 2386.5005   16.5793
   -7.5000   37.5000    7.5000 2202.2285   18.7122
    0.0000   37.5000    7.5000 2217.6045   18.4355
    7.5000   37.5000    7.5000 2199.4082   18.6023
   -7.5000   45.0000    7.5000 1982.7014   21.0106
    0.0000   45.0000    7.5000 1999.4855   20.7125
    7.5000   45.0000    7.5000 1985.1456   20.9541
   -7.5000  -45.0000   15.0000 2600.9182   13.5024
    0.0000  -45.0000   15.0000 2619.7419   13.2579
    7.5000  -45.0000   15.0000 2599.9504   13.5343
   -7.5000  -37.5000   15.0000 2723.0225   12.4534
    0.0000  -37.5000   15.0000 2741.8293   12.2198
    7.5000  -37.5000   15.0000 2718.6155   12.5127
   -7.5000  -30.0000   15.0000 2834.5037   11.7015
    0.0000  -30.0000   15.0000 2852.3298   11.4858
    7.5000  -30.0000   15.0000 2823.0339   11.7796
   -7.5000  -22.5000   15.0000 2932.9041   11.2194
    0.0000  -22.5000   15.0000 2952.5269   11.0074
    7.5000  -22.5000   15.0000 2910.4429   11.2634
   -7.5000  -15.0000   15.0000 2999.4412   10.9619
    0.0000  -15.0000   15.0000 3032.4709   10.6540
    7.5000  -15.0000   15.0000 2972.4060   10.9822
   -7.5000   -7.5000   15.0000 2991.3948   11.1261
    0.0000   -7.5000   15.0000 3019.5125   10.7913
    7.5000   -7.5000   15.0000 2973.8555   11.1420
   -7.5000    0.0000   15.0000 2924.4126   11.6062
    0.0000    0.0000   15.0000 2946.2510   11.3403
    7.5000    0.0000   15.0000 2915.2942   11.5961
   -7.5000    7.5000   15.0000 2823.4604   12.3679
    0.0000    7.5000   15.0000 2843.4814   12.1210
    7.5000    7.5000   15.0000 2815.1270   12.3059
   -7.5000   15.0000   15.0000 2699.2134   13.3888
    0.0000   15.0000   15.0000 2716.3650   13.1636
    7.5000   15.0000   15.0000 2690.8406   13.3144
   -7.5000   22.5000   15.0000 2557.0928   14.7225
    0.0000   22.5000   15.0000 2572.5237   14.4978
    7.5000   22.5000   15.0000 2549.6021   14.6367
   -7.5000   30.0000   15.0000 2403.4810   16.3884
    0.0000   30.0000   15.0000 2422.5662   16.1622
    7.5000   30.0000   15.0000 2396.1865   16.3084
   -7.5000   37.5000   15.0000 2213.0166   18.3608
    0.0000   37.5000   15.0000 2227.9578   18.1188
    7.5000   37.5000   15.0000 2207.3557   18.2806
   -7.5000   45.0000   15.0000 1988.5995   20.6052
    0.0000   45.0000   15.0000 2005.7999   20.3476
    7.5000   45.0000   15.0000 1987.1898   20.5303
   -7.5000  -45.0000   22.5000 2612.6196   13.4991
    0.0000  -45.0000   22.5000 2627.4233   13.3202
    7.5000  -45.0000   22.5000 2596.4026   13.5783
   -7.5000  -37.5000   22.5000 2734.9431   12.4744
    0.0000  -37.5000   22.5000 2747.6201   12.2336
    7.5000  -37.5000   22.5000 2717.8477   12.5377
   -7.5000  -30.0000   22.5000 2841.2798   11.7127
    0.0000  -30.0000   22.5000 2851.5793   11.4588
    7.5000  -30.0000   22.5000 2824.5173   11.7756
   -7.5000  -22.5000   22.5000 2926.9534   11.1720
    0.0000  -22.5000   22.5000 2942.6160   10.9480
    7.5000  -22.5000   22.5000 2909.6731   11.2564
   -7.5000  -15.0000   22.5000 2997.7666   10.9158
    0.0000  -15.0000   22.5000 3021.5076   10.6675
    7.5000  -15.0000   22.5000 2965.2888   11.0175
   -7.5000   -7.5000   22.5000 2991.1785   11.0988
    0.0000   -7.5000   22.5000 3021.3958   10.8681
    7.5000   -7.5000   22.5000 2967.0535   11.1741
   -7.5000    0.0000   22.5000 2923.3223   11.5870
    0.0000    0.0000   22.5000 2954.5105   11.3842
    7.5000    0.0000   22.5000 2912.1250   11.5971
   -7.5000    7.5000   22.5000 2820.1975   12.3469
    0.0000    7.5000   22.5000 2843.4688   12.1686
    7.5000    7.5000   22.5000 2811.3760   12.3062
   -7.5000   15.0000   22.5000 2695.1145   13.3563
    0.0000   15.0000   22.5000 2711.5547   13.1722
    7.5000   15.0000   22.5000 2688.6055   13.2909
   -7.5000   22.5000   22.5000 2555.6516   14.6430
    0.0000   22.5000   22.5000 2569.2292   14.4496
    7.5000   22.5000   22.5000 2548.3108   14.5841
   -7.5000   30.0000   22.5000 2403.2170   16.2758
    0.0000   30.0000   22.5000 2418.4724   16.0981
    7.5000   30.0000   22.5000 2392.6006   16.2367
   -7.5000   37.5000   22.5000 2205.6013   18.1866
    0.0000   37.5000   22.5000 2219.4529   18.0226
    7.5000   37.5000   22.5000 2197.1604   18.1984
   -7.5000   45.0000   22.5000 1987.1770   20.4256
    0.0000   45.0000   22.5000 2002.7751   20.2496
    7.5000   45.0000   22.5000 1983.4265   20.4397
   -7.5000  -45.0000   30.0000 2604.2368   13.7589
    0.0000  -45.0000   30.0000 2618.4707   13.5920
    7.5000  -45.0000   30.0000 2586.6851   13.8501
   -7.5000  -37.5000   30.0000 2726.3608   12.7537
    0.0000  -37.5000   30.0000 2736.5625   12.5748
    7.5000  -37.5000   30.0000 2700.4175   12.8235
   -7.5000  -30.0000   30.0000 2824.3994   11.9885
    0.0000  -30.0000   30.0000 2834.3877   11.8186
    7.5000  -30.0000   30.0000 2797.4995   12.0672
   -7.5000  -22.5000   30.0000 2904.3909   11.4375
    0.0000  -22.5000   30.0000 2916.5698   11.2617
    7.5000  -22.5000   30.0000 2874.3584   11.5723
   -7.5000  -15.0000   30.0000 2963.5884   11.2043
    0.0000  -15.0000   30.0000 2976.6455   11.0260
    7.5000  -15.0000   30.0000 2920.6438   11.3175
   -7.5000   -7.5000   30.0000 2947.6355   11.3897
    0.0000   -7.5000   30.0000 2967.6096   11.2406
    7.5000   -7.5000   30.0000 2925.2644   11.4456
   -7.5000    0.0000   30.0000 2884.3040   11.8376
    0.0000    0.0000   30.0000 2903.9087   11.7152
    7.5000    0.0000   30.0000 2866.3711   11.8775
   -7.5000    7.5000   30.0000 2787.7737   12.5480
    0.0000    7.5000   30.0000 2805.0718   12.4212
    7.5000    7.5000   30.0000 2769.3562   12.5633
   -7.5000   15.0000   30.0000 2666.5210   13.5010
    0.0000   15.0000   30.0000 2683.5151   13.3472
    7.5000   15.0000   30.0000 2652.8579   13.4646
   -7.5000   22.5000   30.0000 2530.8281   14.7542
    0.0000   22.5000   30.0000 2547.6367   14.5844
    7.5000   22.5000   30.0000 2520.7903   14.7047
   -7.5000   30.0000   30.0000 2378.5286   16.3875
    0.0000   30.0000   30.0000 2391.7761   16.2121
    7.5000   30.0000   30.0000 2368.4619   16.3170
   -7.5000   37.5000   30.0000 2183.9343   18.3091
    0.0000   37.5000   30.0000 2196.8425   18.1396
    7.5000   37.5000   30.0000 2179.0571   18.2758
   -7.5000   45.0000   30.0000 1972.7184   20.4884
    0.0000   45.0000   30.0000 1986.7845   20.3266
    7.5000   45.0000   30.0000 1969.6309   20.5522
   -7.5000  -45.0000   37.5000 2585.4976   14.2423
    0.0000  -45.0000   37.5000 2597.6184   14.1550
    7.5000  -45.0000   37.5000 2555.9395   14.3501
   -7.5000  -37.5000   37.5000 2701.1304   13.2171
    0.0000  -37.5000   37.5000 2707.0510   13.1295
    7.5000  -37.5000   37.5000 2667.8008   13.3150
   -7.5000  -30.0000   37.5000 2788.3760   12.4387
    0.0000  -30.0000   37.5000 2797.2583   12.3275
    7.5000  -30.0000   37.5000 2758.9565   12.5539
   -7.5000  -22.5000   37.5000 2851.0493   11.9288
    0.0000  -22.5000   37.5000 2866.1760   11.7720
    7.5000  -22.5000   37.5000 2822.5781   12.0551
   -7.5000  -15.0000   37.5000 2894.4778   11.7244
    0.0000  -15.0000   37.5000 2906.5269   11.5757
    7.5000  -15.0000   37.5000 2856.0962   11.8273
   -7.5000   -7.5000   37.5000 2876.7715   11.8747
    0.0000   -7.5000   37.5000 2892.2954   11.7247
    7.5000   -7.5000   37.5000 2851.9182   11.9229
   -7.5000    0.0000   37.5000 2816.2952   12.3368
    0.0000    0.0000   37.5000 2831.3772   12.1985
    7.5000    0.0000   37.5000 2796.4082   12.3662
   -7.5000    7.5000   37.5000 2727.7981   12.9963
    0.0000    7.5000   37.5000 2743.0498   12.8586
    7.5000    7.5000   37.5000 2710.3420   13.0175
   -7.5000   15.0000   37.5000 2616.3289   13.9013
    0.0000   15.0000   37.5000 2629.7439   13.7643
    7.5000   15.0000   37.5000 2601.6663   13.8959
   -7.5000   22.5000   37.5000 2486.4648   15.0731
    0.0000   22.5000   37.5000 2502.6235   14.9289
    7.5000   22.5000   37.5000 2479.5112   15.0611
   -7.5000   30.0000   37.5000 2331.9629   16.6621
    0.0000   30.0000   37.5000 2344.5752   16.5238
    7.5000   30.0000   37.5000 2329.5793   16.6720
   -7.5000   37.5000   37.5000 2146.2285   18.5881
    0.0000   37.5000   37.5000 2161.0601   18.4635
    7.5000   37.5000   37.5000 2141.4744   18.6544
   -7.5000   45.0000   37.5000 1943.6656   20.8150
    0.0000   45.0000   37.5000 1955.7543   20.6543
    7.5000   45.0000   37.5000 1935.9558   20.8596
   -7.5000  -45.0000   45.0000 2522.7234   14.8414
    0.0000  -45.0000   45.0000 2531.3792   14.7470
    7.5000  -45.0000   45.0000 2492.6396   14.9370
   -7.5000  -37.5000   45.0000 2630.7568   13.7852
    0.0000  -37.5000   45.0000 2640.4719   13.6886
    7.5000  -37.5000   45.0000 2596.0239   13.8864
   -7.5000  -30.0000   45.0000 2707.3137   13.0287
    0.0000  -30.0000   45.0000 2718.0715   12.9279
    7.5000  -30.0000   45.0000 2677.4314   13.1274
   -7.5000  -22.5000   45.0000 2758.8484   12.5549
    0.0000  -22.5000   45.0000 2771.2588   12.4411
    7.5000  -22.5000   45.0000 2730.5918   12.6625
   -7.5000  -15.0000   45.0000 2788.6826   12.3480
    0.0000  -15.0000   45.0000 2796.0913   12.2400
    7.5000  -15.0000   45.0000 2759.0146   12.4402
   -7.5000   -7.5000   45.0000 2772.7571   12.4627
    0.0000   -7.5000   45.0000 2783.9648   12.3379
    7.5000   -7.5000   45.0000 2743.4963   12.5346
   -7.5000    0.0000   45.0000 2711.3577   12.9036
    0.0000    0.0000   45.0000 2720.2439   12.7845
    7.5000    0.0000   45.0000 2686.1597   12.9655
   -7.5000    7.5000   45.0000 2627.0994   13.5690
    0.0000    7.5000   45.0000 2641.6345   13.4543
    7.5000    7.5000   45.0000 2607.5288   13.6107
   -7.5000   15.0000   45.0000 2527.3740   14.4552
    0.0000   15.0000   45.0000 2539.1370   14.3456
    7.5000   15.0000   45.0000 2510.1533   14.4788
   -7.5000   22.5000   45.0000 2401.9192   15.5992
    0.0000   22.5000   45.0000 2411.4338   15.4903
    7.5000   22.5000   45.0000 2390.8352   15.6365
   -7.5000   30.0000   45.0000 2257.2590   17.1813
    0.0000   30.0000   45.0000 2267.7305   17.0337
    7.5000   30.0000   45.0000 2249.3025   17.1918
   -7.5000   37.5000   45.0000 2084.3523   19.0987
    0.0000   37.5000   45.0000 2094.9492   18.9406
    7.5000   37.5000   45.0000 2071.4795   19.1373
   -7.5000   45.0000   45.0000 1884.3676   21.2598
    0.0000   45.0000   45.0000 1893.2952   21.1170
    7.5000   45.0000   45.0000 1880.2411   21.3686

---------------------------------------------------------------------
imgreg_4dfp /opt/freesurfer/average/711-2C_as_mni_average_305 /opt/freesurfer/average/711-2B_as_mni_average_305_mask talsrcimg_g11 none talsrcimg_to_711-2C_as_mni_average_305_t4 1283
---------------------------------------------------------------------

freesurfer imgreg_4dfp.c
/opt/freesurfer/average/711-2C_as_mni_average_305.4dfp.img
       256       256       256         1
  1.000000  1.000000  1.000000
orientation T byte_order littleendian
Reading image: /opt/freesurfer/average/711-2C_as_mni_average_305.4dfp.img
dimensions:      256       256       256
mmppix:       1.0000   -1.0000   -1.0000
center:     128.0000 -129.0000 -129.0000
/opt/freesurfer/average/711-2B_as_mni_average_305_mask.4dfp.img
       256       256       256         1
  1.000000  1.000000  1.000000
orientation T byte_order littleendian
Reading mask: /opt/freesurfer/average/711-2B_as_mni_average_305_mask.4dfp.img (2306576 pixels)
talsrcimg_g11.4dfp.img
       256       256       256         1
  0.900000  0.900000  0.900000
orientation T byte_order littleendian
Reading image: talsrcimg_g11.4dfp.img
dimensions:      256       256       256
mmppix:       0.9000   -0.9000   -0.9000
center:     115.2000 -116.1000 -116.1000
rotation matrix determinant  1.000000
fimgreg.f
image alignment mode   1283 decimal      503 hex
parameters
    0.0000  -15.0000   15.0000    0.0000    0.0000    0.0000
eta,q 0.95135 10.67820
niter,ni,del,rscale     5    3   12.0000    1.2000
parameter  2 -0.828646 -> -0.500000 qaram    1.1500
parameter  4 -0.720913 -> -0.500000 qaram    1.1500
parameter  5 -1.821549 -> -0.500000 qaram    1.1500
parameters
   -1.5784  -11.5500   17.5754    3.4500    3.4500    0.2575
eta,q 0.95710 10.46120
  0.0574  0.0658  0.0598  0.0534  0.0583  0.0461
  0.0538  0.0605  0.0539  0.0517  0.0545  0.0442
  0.0530  0.0565  0.0506  0.0498  0.0503  0.0431
  0.0533  0.0530  0.0481  0.0471  0.0467  0.0429
  0.0547  0.0495  0.0470  0.0465  0.0444  0.0433
  0.0609  0.0482  0.0479  0.0468  0.0423  0.0439
  0.0676  0.0498  0.0487  0.0467  0.0405  0.0454
niter,ni,del,rscale     7    3   12.0000    1.2000
parameters
   -2.2176  -12.8262   19.8796    4.1681    5.8515    0.3708
eta,q 0.96148 10.41075
  0.0527  0.0524  0.0471  0.0523  0.0535  0.0459
  0.0463  0.0430  0.0447  0.0480  0.0483  0.0420
  0.0430  0.0397  0.0420  0.0417  0.0436  0.0394
  0.0429  0.0428  0.0406  0.0397  0.0399  0.0385
  0.0441  0.0477  0.0398  0.0410  0.0385  0.0395
  0.0501  0.0522  0.0398  0.0442  0.0395  0.0419
  0.0587  0.0586  0.0418  0.0484  0.0432  0.0451
niter,ni,del,rscale     6    3   12.0000    1.2000
parameters
   -2.7060  -12.8871   19.1073    4.4915    6.0739    0.2032
eta,q 0.96094 10.39077
  0.0511  0.0555  0.0424  0.0493  0.0484  0.0449
  0.0449  0.0457  0.0394  0.0443  0.0437  0.0416
  0.0404  0.0386  0.0391  0.0394  0.0406  0.0396
  0.0385  0.0387  0.0386  0.0390  0.0391  0.0391
  0.0407  0.0423  0.0388  0.0402  0.0397  0.0400
  0.0476  0.0474  0.0410  0.0429  0.0430  0.0422
  0.0571  0.0540  0.0461  0.0472  0.0474  0.0455
niter,ni,del,rscale     5    3   12.0000    1.2000
parameters
   -2.7635  -13.0673   19.1738    4.6666    6.1149    0.1241
eta,q 0.96104 10.39196
  0.0527  0.0549  0.0437  0.0491  0.0478  0.0451
  0.0464  0.0452  0.0401  0.0437  0.0432  0.0416
  0.0417  0.0387  0.0387  0.0390  0.0403  0.0395
  0.0391  0.0391  0.0389  0.0389  0.0390  0.0390
  0.0398  0.0427  0.0385  0.0403  0.0398  0.0398
  0.0455  0.0479  0.0399  0.0432  0.0432  0.0420
  0.0548  0.0543  0.0436  0.0475  0.0477  0.0452
niter,ni,del,rscale     4    3   12.0000    1.2000
parameters
   -2.7980  -13.1524   19.1810    4.7456    6.1316    0.0771
eta,q 0.96107 10.39209
  0.0528  0.0553  0.0437  0.0489  0.0477  0.0451
  0.0463  0.0456  0.0400  0.0434  0.0432  0.0416
  0.0416  0.0389  0.0386  0.0389  0.0402  0.0395
  0.0390  0.0390  0.0389  0.0389  0.0389  0.0389
  0.0396  0.0424  0.0385  0.0404  0.0398  0.0397
  0.0453  0.0476  0.0399  0.0434  0.0433  0.0419
  0.0546  0.0540  0.0437  0.0477  0.0477  0.0451
niter,ni,del,rscale     3    3   12.0000    1.2000
parameters
   -2.8135  -13.1950   19.1854    4.7861    6.1387    0.0524
eta,q 0.96109 10.39230
  0.0528  0.0554  0.0437  0.0488  0.0477  0.0451
  0.0464  0.0459  0.0399  0.0433  0.0431  0.0416
  0.0416  0.0390  0.0386  0.0388  0.0402  0.0395
  0.0389  0.0389  0.0389  0.0389  0.0389  0.0389
  0.0396  0.0423  0.0386  0.0405  0.0398  0.0397
  0.0452  0.0475  0.0399  0.0435  0.0433  0.0418
  0.0545  0.0539  0.0437  0.0478  0.0477  0.0451
registration optimization eta report
parameter search radius
    6.0000    6.9000    6.0000    6.9000    6.9000    6.0000
100000*second partial in parameter space
       41.       33.       15.       20.       18.       17.
  0.0528  0.0554  0.0437  0.0488  0.0477  0.0451
  0.0464  0.0459  0.0399  0.0433  0.0431  0.0416
  0.0416  0.0390  0.0386  0.0388  0.0402  0.0395
  0.0389  0.0389  0.0389  0.0389  0.0389  0.0389
  0.0396  0.0423  0.0386  0.0405  0.0398  0.0397
  0.0452  0.0475  0.0399  0.0435  0.0433  0.0418
  0.0545  0.0539  0.0437  0.0478  0.0477  0.0451
   -2.8135  -13.1950   19.1854    4.7861    6.1387    0.0524
eta,q 0.96109 10.39230

---------------------------------------------------------------------
imgreg_4dfp /opt/freesurfer/average/711-2C_as_mni_average_305 /opt/freesurfer/average/711-2B_as_mni_average_305_mask talsrcimg_g11 none talsrcimg_to_711-2C_as_mni_average_305_t4 3335
---------------------------------------------------------------------

freesurfer imgreg_4dfp.c
/opt/freesurfer/average/711-2C_as_mni_average_305.4dfp.img
       256       256       256         1
  1.000000  1.000000  1.000000
orientation T byte_order littleendian
Reading image: /opt/freesurfer/average/711-2C_as_mni_average_305.4dfp.img
dimensions:      256       256       256
mmppix:       1.0000   -1.0000   -1.0000
center:     128.0000 -129.0000 -129.0000
/opt/freesurfer/average/711-2B_as_mni_average_305_mask.4dfp.img
       256       256       256         1
  1.000000  1.000000  1.000000
orientation T byte_order littleendian
Reading mask: /opt/freesurfer/average/711-2B_as_mni_average_305_mask.4dfp.img (2306576 pixels)
talsrcimg_g11.4dfp.img
       256       256       256         1
  0.900000  0.900000  0.900000
orientation T byte_order littleendian
Reading image: talsrcimg_g11.4dfp.img
dimensions:      256       256       256
mmppix:       0.9000   -0.9000   -0.9000
center:     115.2000 -116.1000 -116.1000
fimgreg.f
image alignment mode   3335 decimal      D07 hex
parameters
   -2.8135  -13.1950   19.1854   -0.5735   -0.3496   -0.9201
   -0.9834  -10.6487    0.0909   -8.3534   10.6936    8.2958
eta,q 0.96362 10.53690
niter,ni,del,rscale     5    3    5.0000    1.2000
parameter  4  2.546628 ->  0.500000 qaram    1.1500
parameter  5  1.323548 ->  0.500000 qaram    1.1500
parameter  6  1.317589 ->  0.500000 qaram    1.1500
parameters
   -2.7545  -13.2607   18.5870   -4.7135   -4.4896   -5.0601
   -0.5037  -10.3319    0.5405  -10.3417    7.5986    5.1017
eta,q 0.97722 10.18281
  0.0388  0.0384  0.0372  0.0282  0.0268  0.0231  0.0268  0.0298  0.0261  0.0254  0.0239  0.0233
  0.0374  0.0373  0.0366  0.0300  0.0275  0.0235  0.0253  0.0266  0.0250  0.0241  0.0233  0.0229
  0.0366  0.0367  0.0363  0.0326  0.0286  0.0250  0.0243  0.0245  0.0242  0.0235  0.0231  0.0228
  0.0364  0.0364  0.0364  0.0363  0.0306  0.0277  0.0238  0.0238  0.0238  0.0238  0.0235  0.0231
  0.0366  0.0366  0.0369  0.0402  0.0331  0.0318  0.0240  0.0244  0.0240  0.0249  0.0245  0.0237
  0.0373  0.0374  0.0377  0.0440  0.0359  0.0356  0.0248  0.0262  0.0246  0.0268  0.0259  0.0246
  0.0384  0.0388  0.0387  0.0483  0.0392  0.0392  0.0262  0.0287  0.0256  0.0292  0.0276  0.0258
niter,ni,del,rscale     7    3    5.0000    1.2000
parameters
   -2.6735  -13.2176   17.4706   -8.3452   -6.5010   -6.8303
    0.1072   -9.7545    1.2648   -9.2129    8.3793    7.0613
eta,q 0.97867 10.05035
  0.0271  0.0255  0.0231  0.0231  0.0230  0.0247  0.0246  0.0273  0.0237  0.0251  0.0233  0.0233
  0.0248  0.0239  0.0223  0.0218  0.0218  0.0232  0.0232  0.0243  0.0226  0.0233  0.0225  0.0225
  0.0234  0.0230  0.0222  0.0212  0.0212  0.0221  0.0222  0.0225  0.0220  0.0221  0.0219  0.0219
  0.0228  0.0228  0.0228  0.0222  0.0213  0.0212  0.0217  0.0217  0.0216  0.0216  0.0215  0.0215
  0.0231  0.0231  0.0238  0.0248  0.0220  0.0224  0.0218  0.0219  0.0217  0.0216  0.0215  0.0213
  0.0244  0.0239  0.0252  0.0291  0.0240  0.0263  0.0225  0.0233  0.0221  0.0221  0.0219  0.0215
  0.0266  0.0252  0.0268  0.0334  0.0269  0.0314  0.0238  0.0257  0.0230  0.0235  0.0228  0.0221
niter,ni,del,rscale     6    3    5.0000    1.2000
parameters
   -2.6514  -13.2907   17.6617   -8.5535   -6.7202   -7.3125
   -0.2082   -9.7409    1.1087   -9.5709    8.6216    7.6623
eta,q 0.97849 10.02693
  0.0250  0.0235  0.0237  0.0254  0.0242  0.0257  0.0239  0.0263  0.0232  0.0241  0.0231  0.0229
  0.0230  0.0222  0.0224  0.0237  0.0227  0.0240  0.0226  0.0238  0.0223  0.0226  0.0223  0.0222
  0.0218  0.0215  0.0217  0.0223  0.0217  0.0225  0.0218  0.0222  0.0217  0.0218  0.0218  0.0218
  0.0213  0.0213  0.0213  0.0213  0.0214  0.0214  0.0215  0.0215  0.0215  0.0215  0.0215  0.0215
  0.0217  0.0217  0.0214  0.0215  0.0215  0.0213  0.0219  0.0221  0.0217  0.0219  0.0216  0.0216
  0.0229  0.0225  0.0220  0.0233  0.0226  0.0238  0.0229  0.0237  0.0223  0.0229  0.0221  0.0219
  0.0249  0.0236  0.0230  0.0267  0.0249  0.0282  0.0244  0.0263  0.0233  0.0247  0.0230  0.0226
niter,ni,del,rscale     5    3    5.0000    1.2000
parameters
   -2.6944  -13.3969   17.7742   -8.5166   -6.7332   -7.4277
   -0.2880   -9.7535    1.0470   -9.7322    8.6714    7.9272
eta,q 0.97849 10.02428
  0.0249  0.0236  0.0235  0.0256  0.0244  0.0259  0.0241  0.0263  0.0232  0.0243  0.0230  0.0228
  0.0230  0.0223  0.0225  0.0240  0.0229  0.0242  0.0227  0.0238  0.0223  0.0228  0.0223  0.0222
  0.0219  0.0216  0.0218  0.0225  0.0219  0.0227  0.0218  0.0221  0.0217  0.0218  0.0218  0.0217
  0.0215  0.0215  0.0215  0.0215  0.0215  0.0215  0.0215  0.0215  0.0215  0.0215  0.0215  0.0215
  0.0220  0.0219  0.0216  0.0216  0.0216  0.0212  0.0218  0.0221  0.0217  0.0218  0.0216  0.0216
  0.0232  0.0227  0.0222  0.0231  0.0226  0.0233  0.0228  0.0238  0.0223  0.0228  0.0221  0.0220
  0.0251  0.0239  0.0232  0.0264  0.0248  0.0275  0.0242  0.0264  0.0233  0.0246  0.0231  0.0227
niter,ni,del,rscale     4    3    5.0000    1.2000
parameters
   -2.7099  -13.4328   17.8038   -8.5159   -6.7429   -7.4655
   -0.3041   -9.7540    1.0193   -9.7947    8.6950    8.0133
eta,q 0.97848 10.02309
  0.0250  0.0238  0.0234  0.0256  0.0245  0.0260  0.0241  0.0263  0.0233  0.0244  0.0230  0.0228
  0.0231  0.0224  0.0224  0.0240  0.0229  0.0243  0.0228  0.0238  0.0223  0.0228  0.0223  0.0221
  0.0219  0.0217  0.0218  0.0225  0.0219  0.0227  0.0219  0.0222  0.0218  0.0219  0.0218  0.0217
  0.0215  0.0215  0.0215  0.0215  0.0215  0.0215  0.0215  0.0215  0.0215  0.0215  0.0215  0.0215
  0.0219  0.0218  0.0217  0.0216  0.0216  0.0212  0.0218  0.0221  0.0217  0.0218  0.0216  0.0216
  0.0231  0.0226  0.0223  0.0232  0.0226  0.0232  0.0227  0.0238  0.0223  0.0228  0.0222  0.0220
  0.0250  0.0238  0.0234  0.0265  0.0248  0.0273  0.0242  0.0264  0.0234  0.0246  0.0231  0.0228
niter,ni,del,rscale     3    3    5.0000    1.2000
parameters
   -2.7137  -13.4446   17.8132   -8.5158   -6.7445   -7.4774
   -0.3099   -9.7549    1.0145   -9.8208    8.7025    8.0426
eta,q 0.97848 10.02274
  0.0250  0.0238  0.0234  0.0256  0.0245  0.0260  0.0241  0.0263  0.0233  0.0244  0.0230  0.0228
  0.0231  0.0225  0.0224  0.0240  0.0229  0.0243  0.0228  0.0238  0.0224  0.0229  0.0223  0.0221
  0.0219  0.0217  0.0218  0.0225  0.0219  0.0227  0.0219  0.0222  0.0218  0.0219  0.0218  0.0217
  0.0215  0.0215  0.0215  0.0215  0.0215  0.0215  0.0215  0.0215  0.0215  0.0215  0.0215  0.0215
  0.0219  0.0218  0.0217  0.0216  0.0217  0.0212  0.0218  0.0221  0.0217  0.0218  0.0216  0.0216
  0.0231  0.0226  0.0223  0.0232  0.0226  0.0232  0.0227  0.0238  0.0223  0.0228  0.0222  0.0221
  0.0250  0.0237  0.0234  0.0265  0.0248  0.0273  0.0242  0.0264  0.0234  0.0245  0.0231  0.0228
registration optimization eta report
parameter search radius
    2.4000    2.4000    2.4000    8.2800    8.2800    8.2800
    7.2000    7.2000    7.2000    7.2000    7.2000    7.2000
100000*second partial in parameter space
       60.       39.       33.        7.        5.        8.
        5.        9.        3.        6.        3.        2.
  0.0250  0.0238  0.0234  0.0256  0.0245  0.0260  0.0241  0.0263  0.0233  0.0244  0.0230  0.0228
  0.0231  0.0225  0.0224  0.0240  0.0229  0.0243  0.0228  0.0238  0.0224  0.0229  0.0223  0.0221
  0.0219  0.0217  0.0218  0.0225  0.0219  0.0227  0.0219  0.0222  0.0218  0.0219  0.0218  0.0217
  0.0215  0.0215  0.0215  0.0215  0.0215  0.0215  0.0215  0.0215  0.0215  0.0215  0.0215  0.0215
  0.0219  0.0218  0.0217  0.0216  0.0217  0.0212  0.0218  0.0221  0.0217  0.0218  0.0216  0.0216
  0.0231  0.0226  0.0223  0.0232  0.0226  0.0232  0.0227  0.0238  0.0223  0.0228  0.0222  0.0221
  0.0250  0.0237  0.0234  0.0265  0.0248  0.0273  0.0242  0.0264  0.0234  0.0245  0.0231  0.0228
   -2.7137  -13.4446   17.8132   -8.5158   -6.7445   -7.4774
   -0.3099   -9.7549    1.0145   -9.8208    8.7025    8.0426
eta,q 0.97848 10.02274

---------------------------------------------------------------------
imgreg_4dfp /opt/freesurfer/average/711-2C_as_mni_average_305 /opt/freesurfer/average/711-2B_as_mni_average_305_mask talsrcimg_g11 none talsrcimg_to_711-2C_as_mni_average_305_t4 2311
---------------------------------------------------------------------

freesurfer imgreg_4dfp.c
/opt/freesurfer/average/711-2C_as_mni_average_305.4dfp.img
       256       256       256         1
  1.000000  1.000000  1.000000
orientation T byte_order littleendian
Reading image: /opt/freesurfer/average/711-2C_as_mni_average_305.4dfp.img
dimensions:      256       256       256
mmppix:       1.0000   -1.0000   -1.0000
center:     128.0000 -129.0000 -129.0000
/opt/freesurfer/average/711-2B_as_mni_average_305_mask.4dfp.img
       256       256       256         1
  1.000000  1.000000  1.000000
orientation T byte_order littleendian
Reading mask: /opt/freesurfer/average/711-2B_as_mni_average_305_mask.4dfp.img (2306576 pixels)
talsrcimg_g11.4dfp.img
       256       256       256         1
  0.900000  0.900000  0.900000
orientation T byte_order littleendian
Reading image: talsrcimg_g11.4dfp.img
dimensions:      256       256       256
mmppix:       0.9000   -0.9000   -0.9000
center:     115.2000 -116.1000 -116.1000
fimgreg.f
image alignment mode   2311 decimal      907 hex
parameters
   -2.7137  -13.4446   17.8132   -8.5158   -6.7445   -7.4774
   -0.3099   -9.7549    1.0145   -9.8208    8.7025    8.0426
eta,q 0.97848 10.02274
niter,ni,del,rscale     5    3    5.0000    0.8000
parameters
   -2.7171  -13.5070   17.8528   -7.6080   -6.5005   -6.5349
   -0.3582   -9.8827    1.1532   -9.8562    8.3951    7.5800
eta,q 0.97887 10.07025
  0.0231  0.0225  0.0224  0.0236  0.0224  0.0237  0.0224  0.0237  0.0220  0.0225  0.0219  0.0217
  0.0222  0.0219  0.0219  0.0227  0.0218  0.0228  0.0217  0.0223  0.0216  0.0218  0.0215  0.0214
  0.0217  0.0216  0.0216  0.0220  0.0215  0.0220  0.0213  0.0214  0.0213  0.0213  0.0212  0.0212
  0.0215  0.0215  0.0215  0.0215  0.0214  0.0214  0.0211  0.0211  0.0211  0.0211  0.0211  0.0211
  0.0217  0.0217  0.0216  0.0214  0.0214  0.0211  0.0213  0.0215  0.0212  0.0213  0.0213  0.0212
  0.0222  0.0220  0.0219  0.0218  0.0217  0.0214  0.0217  0.0225  0.0215  0.0217  0.0216  0.0215
  0.0231  0.0226  0.0223  0.0226  0.0222  0.0226  0.0225  0.0239  0.0220  0.0226  0.0222  0.0219
niter,ni,del,rscale     4    3    5.0000    0.7000
parameters
   -2.6851  -13.4375   17.6631   -7.7085   -6.4064   -6.3133
   -0.2460   -9.8988    1.2853   -9.7637    8.3387    7.2488
eta,q 0.97893 10.07660
  0.0225  0.0220  0.0217  0.0225  0.0218  0.0229  0.0221  0.0232  0.0218  0.0222  0.0218  0.0215
  0.0218  0.0215  0.0213  0.0219  0.0214  0.0222  0.0216  0.0220  0.0214  0.0216  0.0214  0.0213
  0.0213  0.0212  0.0211  0.0214  0.0212  0.0216  0.0212  0.0213  0.0212  0.0212  0.0212  0.0211
  0.0211  0.0211  0.0211  0.0211  0.0211  0.0211  0.0211  0.0211  0.0211  0.0211  0.0211  0.0211
  0.0213  0.0212  0.0213  0.0213  0.0212  0.0210  0.0212  0.0213  0.0211  0.0212  0.0211  0.0211
  0.0217  0.0214  0.0216  0.0218  0.0214  0.0216  0.0215  0.0221  0.0213  0.0215  0.0214  0.0213
  0.0224  0.0218  0.0221  0.0228  0.0218  0.0228  0.0220  0.0232  0.0217  0.0221  0.0218  0.0217
niter,ni,del,rscale     3    3    5.0000    0.6000
parameters
   -2.6541  -13.4081   17.6019   -7.6738   -6.3564   -6.0808
   -0.2223   -9.9279    1.3844   -9.7216    8.2753    7.0016
eta,q 0.97898 10.08296
  0.0221  0.0217  0.0216  0.0222  0.0216  0.0225  0.0218  0.0226  0.0215  0.0218  0.0215  0.0213
  0.0216  0.0213  0.0213  0.0217  0.0213  0.0219  0.0214  0.0217  0.0213  0.0214  0.0213  0.0212
  0.0212  0.0211  0.0211  0.0213  0.0211  0.0214  0.0211  0.0212  0.0211  0.0211  0.0211  0.0210
  0.0211  0.0211  0.0211  0.0211  0.0211  0.0211  0.0210  0.0210  0.0210  0.0210  0.0210  0.0210
  0.0212  0.0211  0.0212  0.0212  0.0211  0.0210  0.0211  0.0212  0.0210  0.0211  0.0211  0.0211
  0.0215  0.0213  0.0214  0.0216  0.0213  0.0214  0.0213  0.0218  0.0212  0.0213  0.0213  0.0212
  0.0220  0.0216  0.0217  0.0222  0.0216  0.0224  0.0218  0.0227  0.0215  0.0218  0.0216  0.0215
niter,ni,del,rscale     2    3    5.0000    0.5000
parameters
   -2.6372  -13.3835   17.5593   -7.6527   -6.3146   -5.8646
   -0.1951   -9.9582    1.4759   -9.7156    8.2030    6.7923
eta,q 0.97903 10.08783
  0.0217  0.0214  0.0214  0.0218  0.0214  0.0221  0.0215  0.0221  0.0213  0.0215  0.0213  0.0212
  0.0213  0.0212  0.0212  0.0214  0.0212  0.0217  0.0212  0.0215  0.0211  0.0212  0.0211  0.0211
  0.0211  0.0211  0.0211  0.0211  0.0210  0.0213  0.0210  0.0211  0.0210  0.0210  0.0210  0.0210
  0.0210  0.0210  0.0210  0.0210  0.0210  0.0210  0.0210  0.0210  0.0210  0.0210  0.0210  0.0210
  0.0211  0.0211  0.0211  0.0211  0.0210  0.0210  0.0210  0.0211  0.0210  0.0210  0.0210  0.0210
  0.0213  0.0212  0.0212  0.0214  0.0211  0.0213  0.0212  0.0215  0.0211  0.0212  0.0212  0.0211
  0.0217  0.0214  0.0215  0.0219  0.0213  0.0220  0.0215  0.0222  0.0213  0.0215  0.0214  0.0213
niter,ni,del,rscale     1    3    5.0000    0.4000
parameters
   -2.6245  -13.3605   17.5261   -7.6424   -6.2953   -5.6479
   -0.1684   -9.9837    1.5477   -9.7134    8.1238    6.5670
eta,q 0.97905 10.09137
  0.0214  0.0212  0.0212  0.0215  0.0212  0.0218  0.0213  0.0217  0.0212  0.0213  0.0212  0.0211
  0.0212  0.0211  0.0211  0.0213  0.0211  0.0215  0.0211  0.0213  0.0211  0.0211  0.0211  0.0210
  0.0210  0.0210  0.0210  0.0211  0.0210  0.0212  0.0210  0.0210  0.0210  0.0210  0.0210  0.0210
  0.0210  0.0210  0.0210  0.0210  0.0210  0.0210  0.0209  0.0209  0.0209  0.0209  0.0209  0.0209
  0.0210  0.0210  0.0210  0.0210  0.0210  0.0210  0.0210  0.0210  0.0210  0.0210  0.0210  0.0210
  0.0212  0.0211  0.0211  0.0212  0.0211  0.0212  0.0211  0.0213  0.0210  0.0211  0.0211  0.0210
  0.0214  0.0212  0.0213  0.0215  0.0212  0.0216  0.0213  0.0217  0.0211  0.0213  0.0212  0.0212
registration optimization eta report
parameter search radius
    0.8000    0.8000    0.8000    2.4000    2.4000    2.4000
    2.4000    2.4000    2.4000    2.4000    2.4000    2.4000
100000*second partial in parameter space
       71.       40.       44.       10.        4.       13.
        6.       13.        4.        6.        4.        3.
  0.0214  0.0212  0.0212  0.0215  0.0212  0.0218  0.0213  0.0217  0.0212  0.0213  0.0212  0.0211
  0.0212  0.0211  0.0211  0.0213  0.0211  0.0215  0.0211  0.0213  0.0211  0.0211  0.0211  0.0210
  0.0210  0.0210  0.0210  0.0211  0.0210  0.0212  0.0210  0.0210  0.0210  0.0210  0.0210  0.0210
  0.0210  0.0210  0.0210  0.0210  0.0210  0.0210  0.0209  0.0209  0.0209  0.0209  0.0209  0.0209
  0.0210  0.0210  0.0210  0.0210  0.0210  0.0210  0.0210  0.0210  0.0210  0.0210  0.0210  0.0210
  0.0212  0.0211  0.0211  0.0212  0.0211  0.0212  0.0211  0.0213  0.0210  0.0211  0.0211  0.0210
  0.0214  0.0212  0.0213  0.0215  0.0212  0.0216  0.0213  0.0217  0.0211  0.0213  0.0212  0.0212
   -2.6245  -13.3605   17.5261   -7.6424   -6.2953   -5.6479
   -0.1684   -9.9837    1.5477   -9.7134    8.1238    6.5670
eta,q 0.97905 10.09137

---------------------------------------------------------------------
imgreg_4dfp /opt/freesurfer/average/711-2C_as_mni_average_305 /opt/freesurfer/average/711-2B_as_mni_average_305_mask talsrcimg_g11 none talsrcimg_to_711-2C_as_mni_average_305_t4 2311
---------------------------------------------------------------------

freesurfer imgreg_4dfp.c
/opt/freesurfer/average/711-2C_as_mni_average_305.4dfp.img
       256       256       256         1
  1.000000  1.000000  1.000000
orientation T byte_order littleendian
Reading image: /opt/freesurfer/average/711-2C_as_mni_average_305.4dfp.img
dimensions:      256       256       256
mmppix:       1.0000   -1.0000   -1.0000
center:     128.0000 -129.0000 -129.0000
/opt/freesurfer/average/711-2B_as_mni_average_305_mask.4dfp.img
       256       256       256         1
  1.000000  1.000000  1.000000
orientation T byte_order littleendian
Reading mask: /opt/freesurfer/average/711-2B_as_mni_average_305_mask.4dfp.img (2306576 pixels)
talsrcimg_g11.4dfp.img
       256       256       256         1
  0.900000  0.900000  0.900000
orientation T byte_order littleendian
Reading image: talsrcimg_g11.4dfp.img
dimensions:      256       256       256
mmppix:       0.9000   -0.9000   -0.9000
center:     115.2000 -116.1000 -116.1000
fimgreg.f
image alignment mode   2311 decimal      907 hex
parameters
   -2.6245  -13.3605   17.5261   -7.6424   -6.2953   -5.6479
   -0.1684   -9.9837    1.5477   -9.7134    8.1238    6.5670
eta,q 0.97905 10.09137
niter,ni,del,rscale     5    3    5.0000    0.8000
parameters
   -2.6133  -13.3000   17.5199   -7.9373   -6.3713   -6.1813
   -0.1691   -9.8734    1.3720   -9.5280    8.3004    6.8591
eta,q 0.97894 10.07571
  0.0228  0.0221  0.0221  0.0226  0.0219  0.0228  0.0224  0.0238  0.0218  0.0225  0.0220  0.0218
  0.0218  0.0214  0.0214  0.0218  0.0214  0.0221  0.0217  0.0224  0.0214  0.0217  0.0215  0.0214
  0.0212  0.0211  0.0211  0.0212  0.0211  0.0214  0.0212  0.0214  0.0212  0.0212  0.0212  0.0212
  0.0209  0.0209  0.0209  0.0209  0.0210  0.0210  0.0211  0.0211  0.0211  0.0211  0.0211  0.0211
  0.0211  0.0210  0.0211  0.0212  0.0210  0.0212  0.0212  0.0213  0.0212  0.0212  0.0211  0.0211
  0.0217  0.0214  0.0215  0.0220  0.0213  0.0224  0.0217  0.0222  0.0215  0.0216  0.0214  0.0213
  0.0227  0.0219  0.0221  0.0233  0.0220  0.0246  0.0224  0.0236  0.0220  0.0223  0.0219  0.0217
niter,ni,del,rscale     4    3    5.0000    0.7000
parameters
   -2.6318  -13.3497   17.5655   -7.7689   -6.3644   -6.1717
   -0.2000   -9.9004    1.3526   -9.6181    8.2959    6.9615
eta,q 0.97896 10.07959
  0.0224  0.0218  0.0219  0.0226  0.0217  0.0228  0.0220  0.0231  0.0217  0.0220  0.0217  0.0216
  0.0216  0.0213  0.0214  0.0219  0.0213  0.0221  0.0215  0.0220  0.0213  0.0215  0.0214  0.0213
  0.0212  0.0211  0.0212  0.0214  0.0211  0.0215  0.0212  0.0213  0.0211  0.0211  0.0211  0.0211
  0.0211  0.0211  0.0211  0.0211  0.0210  0.0210  0.0210  0.0210  0.0210  0.0210  0.0210  0.0210
  0.0212  0.0212  0.0211  0.0211  0.0211  0.0210  0.0212  0.0213  0.0211  0.0212  0.0211  0.0211
  0.0217  0.0214  0.0214  0.0216  0.0213  0.0217  0.0215  0.0220  0.0213  0.0215  0.0213  0.0213
  0.0224  0.0219  0.0218  0.0225  0.0218  0.0231  0.0221  0.0232  0.0217  0.0221  0.0218  0.0215
niter,ni,del,rscale     3    3    5.0000    0.6000
parameters
   -2.6377  -13.3681   17.5686   -7.6960   -6.3464   -6.0240
   -0.1897   -9.9301    1.3985   -9.6648    8.2522    6.8909
eta,q 0.97900 10.08382
  0.0220  0.0216  0.0216  0.0222  0.0215  0.0224  0.0218  0.0226  0.0215  0.0217  0.0215  0.0214
  0.0215  0.0213  0.0213  0.0217  0.0213  0.0219  0.0213  0.0217  0.0212  0.0213  0.0213  0.0212
  0.0211  0.0211  0.0211  0.0212  0.0211  0.0214  0.0211  0.0212  0.0211  0.0211  0.0211  0.0211
  0.0210  0.0210  0.0210  0.0210  0.0210  0.0210  0.0210  0.0210  0.0210  0.0210  0.0210  0.0210
  0.0212  0.0211  0.0211  0.0211  0.0211  0.0210  0.0211  0.0212  0.0210  0.0211  0.0211  0.0211
  0.0215  0.0213  0.0213  0.0215  0.0212  0.0215  0.0213  0.0218  0.0212  0.0213  0.0212  0.0212
  0.0220  0.0216  0.0216  0.0222  0.0215  0.0225  0.0217  0.0227  0.0215  0.0218  0.0216  0.0214
niter,ni,del,rscale     2    3    5.0000    0.5000
parameters
   -2.6338  -13.3669   17.5438   -7.6631   -6.3099   -5.8386
   -0.1849   -9.9593    1.4880   -9.7043    8.2007    6.7296
eta,q 0.97903 10.08817
  0.0217  0.0214  0.0214  0.0218  0.0213  0.0221  0.0215  0.0221  0.0213  0.0215  0.0213  0.0212
  0.0213  0.0212  0.0212  0.0214  0.0212  0.0217  0.0212  0.0215  0.0211  0.0212  0.0211  0.0211
  0.0211  0.0210  0.0210  0.0211  0.0210  0.0213  0.0210  0.0211  0.0210  0.0210  0.0210  0.0210
  0.0210  0.0210  0.0210  0.0210  0.0210  0.0210  0.0210  0.0210  0.0210  0.0210  0.0210  0.0210
  0.0211  0.0211  0.0211  0.0211  0.0210  0.0210  0.0210  0.0211  0.0210  0.0210  0.0210  0.0210
  0.0213  0.0212  0.0212  0.0214  0.0211  0.0213  0.0212  0.0215  0.0211  0.0212  0.0211  0.0211
  0.0217  0.0214  0.0215  0.0218  0.0213  0.0220  0.0215  0.0222  0.0213  0.0215  0.0214  0.0213
niter,ni,del,rscale     1    3    5.0000    0.4000
parameters
   -2.6235  -13.3561   17.5166   -7.6475   -6.2885   -5.6351
   -0.1619   -9.9900    1.5597   -9.7083    8.1248    6.5503
eta,q 0.97906 10.09168
  0.0214  0.0212  0.0212  0.0215  0.0212  0.0218  0.0213  0.0217  0.0212  0.0213  0.0212  0.0211
  0.0212  0.0211  0.0211  0.0213  0.0211  0.0214  0.0211  0.0213  0.0211  0.0211  0.0210  0.0210
  0.0210  0.0210  0.0210  0.0211  0.0210  0.0212  0.0210  0.0210  0.0210  0.0210  0.0210  0.0210
  0.0210  0.0210  0.0210  0.0210  0.0210  0.0210  0.0209  0.0209  0.0209  0.0209  0.0209  0.0209
  0.0210  0.0210  0.0210  0.0210  0.0210  0.0210  0.0210  0.0210  0.0210  0.0210  0.0210  0.0210
  0.0212  0.0211  0.0211  0.0212  0.0211  0.0212  0.0211  0.0213  0.0210  0.0211  0.0211  0.0210
  0.0214  0.0212  0.0213  0.0215  0.0212  0.0216  0.0213  0.0217  0.0211  0.0213  0.0212  0.0212
registration optimization eta report
parameter search radius
    0.8000    0.8000    0.8000    2.4000    2.4000    2.4000
    2.4000    2.4000    2.4000    2.4000    2.4000    2.4000
100000*second partial in parameter space
       71.       40.       44.       10.        4.       13.
        6.       13.        4.        6.        4.        3.
  0.0214  0.0212  0.0212  0.0215  0.0212  0.0218  0.0213  0.0217  0.0212  0.0213  0.0212  0.0211
  0.0212  0.0211  0.0211  0.0213  0.0211  0.0214  0.0211  0.0213  0.0211  0.0211  0.0210  0.0210
  0.0210  0.0210  0.0210  0.0211  0.0210  0.0212  0.0210  0.0210  0.0210  0.0210  0.0210  0.0210
  0.0210  0.0210  0.0210  0.0210  0.0210  0.0210  0.0209  0.0209  0.0209  0.0209  0.0209  0.0209
  0.0210  0.0210  0.0210  0.0210  0.0210  0.0210  0.0210  0.0210  0.0210  0.0210  0.0210  0.0210
  0.0212  0.0211  0.0211  0.0212  0.0211  0.0212  0.0211  0.0213  0.0210  0.0211  0.0211  0.0210
  0.0214  0.0212  0.0213  0.0215  0.0212  0.0216  0.0213  0.0217  0.0211  0.0213  0.0212  0.0212
   -2.6235  -13.3561   17.5166   -7.6475   -6.2885   -5.6351
   -0.1619   -9.9900    1.5597   -9.7083    8.1248    6.5503
eta,q 0.97906 10.09168

---------------------------------------------------------------------
compute_vox2vox talsrcimg talsrcimg_to_711-2C_as_mni_average_305_t4 /opt/freesurfer/average/711-2C_as_mni_average_305
---------------------------------------------------------------------

freesurfer compute_vox2vox.c
Reading: talsrcimg.4dfp.ifh
Reading: talsrcimg_to_711-2C_as_mni_average_305_t4
Reading: /opt/freesurfer/average/711-2C_as_mni_average_305.4dfp.ifh
Writing: talsrcimg_to_711-2C_as_mni_average_305_t4_vox2vox.txt

start time Thu Mar 12 20:12:04 CET 2026
end		time Thu Mar 12 20:13:33 CET 2026

mpr2mni305 success

avi2talxfm orig_nu.mgz /opt/freesurfer/average/mni305.cor.mgz talsrcimg_to_711-2C_as_mni_average_305_t4_vox2vox.txt transforms/talairach.auto.xfm
avi2talxfm done
mv -f /out/sourcedata/freesurfer/sub-v2s1x29909_ses-1/mri/talsrcimg_to_711-2C_as_mni_average_305_t4_vox2vox.txt /out/sourcedata/freesurfer/sub-v2s1x29909_ses-1/mri/transforms/talsrcimg_to_711-2C_as_mni_average_305_t4_vox2vox.txt
lta_convert --src orig_nu.mgz --trg /opt/freesurfer/average/mni305.cor.mgz --inxfm transforms/talairach.auto.xfm --outlta transforms/talairach.auto.xfm.lta --subject fsaverage
7.3.2

--src: orig_nu.mgz src image (geometry).
--trg: /opt/freesurfer/average/mni305.cor.mgz trg image (geometry).
--inmni: transforms/talairach.auto.xfm input MNI/XFM transform.
--outlta: transforms/talairach.auto.xfm.lta output LTA.
--s: fsaverage subject name
 LTA read, type : 1
 1.07297   0.11297  -0.00604  -7.08151;
-0.09049   1.04262  -0.07303  -43.89235;
-0.02723   0.10613   1.05964  -14.99773;
 0.00000   0.00000   0.00000   1.00000;
setting subject to fsaverage
Writing  LTA to file transforms/talairach.auto.xfm.lta...
lta_convert successful.
 
 
Started at Thu Mar 12 20:12:03 CET 2026
Ended   at Thu Mar 12 20:13:33 CET 2026
talairach_avi done
