/out/sourcedata/freesurfer/sub-v2s1x29888_ses-1/mri
/opt/freesurfer/bin/talairach_avi
--i orig_nu.mgz --xfm transforms/talairach.auto.xfm
talairach_avi 7.3.2
Linux dna013 5.14.0-427.37.1.el9_4.x86_64 #1 SMP PREEMPT_DYNAMIC Fri Sep 13 12:41:50 EDT 2024 x86_64 x86_64 x86_64 GNU/Linux
Wed Mar 11 20:25:32 CET 2026
mri_convert orig_nu.mgz talsrcimg.img 
reading from orig_nu.mgz...
TR=0.00, TE=0.00, TI=0.00, flip angle=0.00
i_ras = (-1, 0, 0)
j_ras = (0, 0, -1)
k_ras = (0, 1, 0)
writing to talsrcimg.img...
Analyze Output Matrix
-0.90000   0.00000   0.00000   117.77536;
 0.00000   0.00000   0.90000  -80.05930;
 0.00000  -0.90000   0.00000   161.71387;
 0.00000   0.00000   0.00000   1.00000;
--------------------
INFO: set hdr.hist.orient to -1
mpr2mni305 talsrcimg
Wed Mar 11 20:25:32 CET 2026
/opt/freesurfer/bin/mpr2mni305 talsrcimg
mpr2mni305 7.3.2
target=711-2C_as_mni_average_305

---------------------------------------------------------------------
analyzeto4dfp talsrcimg -O0 -y
---------------------------------------------------------------------

freesurfer ifh2hdr.c
Wed Mar 11 20:25:33 2026
Writing: talsrcimg.4dfp.hdr
freesurfer analyzeto4dfp.c
Reading: talsrcimg.hdr
header size 348 bytes
hdr.dime.datatype	offset=70	value=2
hdr.dime.bitpix		offset=72	value=8
hdr.hist.orient		offset=252	value=-1
dimensionality     4
dimensions       256       256       256         1
Reading: talsrcimg.img
Writing: talsrcimg.4dfp.img
Writing: talsrcimg.4dfp.ifh
ifh2hdr talsrcimg -r0to241
ori=2

---------------------------------------------------------------------
gauss_4dfp talsrcimg 1.1
---------------------------------------------------------------------

freesurfer gauss_4dfp.c
Reading: talsrcimg.4dfp.img
Writing: talsrcimg_g11.4dfp.img
image dimensions 256 256 256 padded to 288 288 288
processing volume 1freesurfer ifh2hdr.c
Wed Mar 11 20:25:34 2026
Writing: talsrcimg_g11.4dfp.hdr

Writing: talsrcimg_g11.4dfp.ifh
including: talsrcimg.4dfp.img.rec in talsrcimg_g11.4dfp.img.rec

---------------------------------------------------------------------
imgreg_4dfp /opt/freesurfer/average/711-2C_as_mni_average_305 none talsrcimg_g11 none talsrcimg_to_711-2C_as_mni_average_305_t4 4355
---------------------------------------------------------------------

freesurfer imgreg_4dfp.c
/opt/freesurfer/average/711-2C_as_mni_average_305.4dfp.img
       256       256       256         1
  1.000000  1.000000  1.000000
orientation T byte_order littleendian
Reading image: /opt/freesurfer/average/711-2C_as_mni_average_305.4dfp.img
dimensions:      256       256       256
mmppix:       1.0000   -1.0000   -1.0000
center:     128.0000 -129.0000 -129.0000
talsrcimg_g11.4dfp.img
       256       256       256         1
  0.900000  0.900000  0.900000
orientation T byte_order littleendian
Reading image: talsrcimg_g11.4dfp.img
dimensions:      256       256       256
mmppix:       0.9000   -0.9000   -0.9000
center:     115.2000 -116.1000 -116.1000
t4_read: open error in t4_sub.f l:  41 t4_file(1:l)talsrcimg_to_711-2C_as_mni_average_305_t4 
t4_read: transform initialized to I4
rotation matrix determinant  1.000000
image alignment mode   4355 decimal     1103 hex
   -7.5000  -45.0000  -45.0000 5744.8955   18.9779
    0.0000  -45.0000  -45.0000 5773.0493   18.9388
    7.5000  -45.0000  -45.0000 5493.3174   18.9179
   -7.5000  -37.5000  -45.0000 6192.5723   20.1454
    0.0000  -37.5000  -45.0000 6231.8027   20.1210
    7.5000  -37.5000  -45.0000 5934.2871   20.0993
   -7.5000  -30.0000  -45.0000 6652.7090   20.7459
    0.0000  -30.0000  -45.0000 6689.6851   20.7350
    7.5000  -30.0000  -45.0000 6370.2041   20.7221
   -7.5000  -22.5000  -45.0000 7174.8057   20.7237
    0.0000  -22.5000  -45.0000 7205.8066   20.7120
    7.5000  -22.5000  -45.0000 6849.4434   20.7084
   -7.5000  -15.0000  -45.0000 7684.5317   20.7399
    0.0000  -15.0000  -45.0000 7682.7271   20.7115
    7.5000  -15.0000  -45.0000 7305.6748   20.7092
   -7.5000   -7.5000  -45.0000 7805.1235   20.7793
    0.0000   -7.5000  -45.0000 7809.3364   20.7354
    7.5000   -7.5000  -45.0000 7429.5454   20.7243
   -7.5000    0.0000  -45.0000 7889.7524   20.8016
    0.0000    0.0000  -45.0000 7903.2197   20.7587
    7.5000    0.0000  -45.0000 7495.1865   20.7358
   -7.5000    7.5000  -45.0000 7627.8174   20.7806
    0.0000    7.5000  -45.0000 7665.7158   20.7554
    7.5000    7.5000  -45.0000 7252.4229   20.7329
   -7.5000   15.0000  -45.0000 7592.8027   20.7459
    0.0000   15.0000  -45.0000 7602.1460   20.7349
    7.5000   15.0000  -45.0000 7221.1484   20.7221
   -7.5000   22.5000  -45.0000 7047.1743   20.4449
    0.0000   22.5000  -45.0000 7031.1553   20.4334
    7.5000   22.5000  -45.0000 6688.6904   20.4299
   -7.5000   30.0000  -45.0000 6516.8052   19.9152
    0.0000   30.0000  -45.0000 6507.0562   19.8879
    7.5000   30.0000  -45.0000 6160.8521   19.8857
   -7.5000   37.5000  -45.0000 5996.2178   19.3110
    0.0000   37.5000  -45.0000 5973.5630   19.2701
    7.5000   37.5000  -45.0000 5645.9209   19.2598
   -7.5000   45.0000  -45.0000 5459.1392   18.8507
    0.0000   45.0000  -45.0000 5432.5308   18.8110
    7.5000   45.0000  -45.0000 5143.6147   18.7936
   -7.5000  -45.0000  -37.5000 6296.0044   19.7564
    0.0000  -45.0000  -37.5000 6325.9307   19.7312
    7.5000  -45.0000  -37.5000 6006.8506   19.7366
   -7.5000  -37.5000  -37.5000 6773.7280   20.9765
    0.0000  -37.5000  -37.5000 6811.5244   20.9718
    7.5000  -37.5000  -37.5000 6466.4048   20.9725
   -7.5000  -30.0000  -37.5000 7271.3481   21.5516
    0.0000  -30.0000  -37.5000 7301.7559   21.5618
    7.5000  -30.0000  -37.5000 6928.9087   21.5631
   -7.5000  -22.5000  -37.5000 7845.5928   21.5196
    0.0000  -22.5000  -37.5000 7851.5029   21.5251
    7.5000  -22.5000  -37.5000 7456.1836   21.5322
   -7.5000  -15.0000  -37.5000 8366.4941   21.5457
    0.0000  -15.0000  -37.5000 8378.7207   21.5288
    7.5000  -15.0000  -37.5000 7928.5591   21.5429
   -7.5000   -7.5000  -37.5000 8459.9219   21.5990
    0.0000   -7.5000  -37.5000 8489.5322   21.5656
    7.5000   -7.5000  -37.5000 8033.8706   21.5792
   -7.5000    0.0000  -37.5000 8524.8564   21.6274
    0.0000    0.0000  -37.5000 8567.7734   21.5998
    7.5000    0.0000  -37.5000 8099.7593   21.6057
   -7.5000    7.5000  -37.5000 8255.9229   21.5998
    0.0000    7.5000  -37.5000 8289.5527   21.5949
    7.5000    7.5000  -37.5000 7843.2021   21.5956
   -7.5000   15.0000  -37.5000 8210.1250   21.5506
    0.0000   15.0000  -37.5000 8224.8887   21.5608
    7.5000   15.0000  -37.5000 7791.3252   21.5621
   -7.5000   22.5000  -37.5000 7597.2720   21.2319
    0.0000   22.5000  -37.5000 7595.9375   21.2373
    7.5000   22.5000  -37.5000 7194.2295   21.2443
   -7.5000   30.0000  -37.5000 7001.5322   20.7037
    0.0000   30.0000  -37.5000 6984.5381   20.6875
    7.5000   30.0000  -37.5000 6606.1670   20.7010
   -7.5000   37.5000  -37.5000 6417.6904   20.0890
    0.0000   37.5000  -37.5000 6388.8521   20.0580
    7.5000   37.5000  -37.5000 6033.2710   20.0706
   -7.5000   45.0000  -37.5000 5817.9272   19.5953
    0.0000   45.0000  -37.5000 5808.0303   19.5709
    7.5000   45.0000  -37.5000 5481.1201   19.5803
   -7.5000  -45.0000  -30.0000 6858.9019   20.5006
    0.0000  -45.0000  -30.0000 6871.3169   20.4971
    7.5000  -45.0000  -30.0000 6523.7197   20.5232
   -7.5000  -37.5000  -30.0000 7368.2725   21.7737
    0.0000  -37.5000  -30.0000 7388.7197   21.7915
    7.5000  -37.5000  -30.0000 7016.4497   21.8160
   -7.5000  -30.0000  -30.0000 7897.8491   22.3397
    0.0000  -30.0000  -30.0000 7904.7339   22.3729
    7.5000  -30.0000  -30.0000 7506.1621   22.3931
   -7.5000  -22.5000  -30.0000 8517.1670   22.3088
    0.0000  -22.5000  -30.0000 8508.5879   22.3375
    7.5000  -22.5000  -30.0000 8071.1782   22.3575
   -7.5000  -15.0000  -30.0000 9052.7363   22.3403
    0.0000  -15.0000  -30.0000 9090.4219   22.3464
    7.5000  -15.0000  -30.0000 8574.6279   22.3718
   -7.5000   -7.5000  -30.0000 9126.1807   22.3947
    0.0000   -7.5000  -30.0000 9175.8672   22.3847
    7.5000   -7.5000  -30.0000 8672.0391   22.4132
   -7.5000    0.0000  -30.0000 9160.3770   22.4187
    0.0000    0.0000  -30.0000 9215.3525   22.4149
    7.5000    0.0000  -30.0000 8720.0977   22.4434
   -7.5000    7.5000  -30.0000 8883.0830   22.3867
    0.0000    7.5000  -30.0000 8934.8330   22.4050
    7.5000    7.5000  -30.0000 8434.5498   22.4302
   -7.5000   15.0000  -30.0000 8816.5674   22.3367
    0.0000   15.0000  -30.0000 8850.6738   22.3698
    7.5000   15.0000  -30.0000 8341.4199   22.3900
   -7.5000   22.5000  -30.0000 8138.4263   22.0115
    0.0000   22.5000  -30.0000 8157.9038   22.0398
    7.5000   22.5000  -30.0000 7699.6240   22.0596
   -7.5000   30.0000  -30.0000 7485.0249   21.4829
    0.0000   30.0000  -30.0000 7462.6113   21.4887
    7.5000   30.0000  -30.0000 7065.8740   21.5131
   -7.5000   37.5000  -30.0000 6813.1064   20.8606
    0.0000   37.5000  -30.0000 6801.6899   20.8513
    7.5000   37.5000  -30.0000 6422.2808   20.8778
   -7.5000   45.0000  -30.0000 6177.8560   20.3403
    0.0000   45.0000  -30.0000 6183.3096   20.3388
    7.5000   45.0000  -30.0000 5816.8398   20.3701
   -7.5000  -45.0000  -22.5000 7441.9253   21.3267
    0.0000  -45.0000  -22.5000 7472.7681   21.3348
    7.5000  -45.0000  -22.5000 7080.2773   21.3576
   -7.5000  -37.5000  -22.5000 7999.1685   22.6688
    0.0000  -37.5000  -22.5000 8014.7651   22.6937
    7.5000  -37.5000  -22.5000 7603.6201   22.7217
   -7.5000  -30.0000  -22.5000 8570.8916   23.2469
    0.0000  -30.0000  -22.5000 8565.7939   23.2859
    7.5000  -30.0000  -22.5000 8130.3872   23.3111
   -7.5000  -22.5000  -22.5000 9242.1797   23.2263
    0.0000  -22.5000  -22.5000 9212.1592   23.2628
    7.5000  -22.5000  -22.5000 8735.5518   23.2834
   -7.5000  -15.0000  -22.5000 9806.9844   23.2530
    0.0000  -15.0000  -22.5000 9843.0010   23.2717
    7.5000  -15.0000  -22.5000 9277.9824   23.2903
   -7.5000   -7.5000  -22.5000 9871.4707   23.2947
    0.0000   -7.5000  -22.5000 9925.2109   23.3003
    7.5000   -7.5000  -22.5000 9372.0059   23.3195
   -7.5000    0.0000  -22.5000 9890.3799   23.3088
    0.0000    0.0000  -22.5000 9959.7246   23.3177
    7.5000    0.0000  -22.5000 9421.0078   23.3425
   -7.5000    7.5000  -22.5000 9567.2891   23.2780
    0.0000    7.5000  -22.5000 9625.5938   23.3036
    7.5000    7.5000  -22.5000 9084.5967   23.3324
   -7.5000   15.0000  -22.5000 9485.9521   23.2414
    0.0000   15.0000  -22.5000 9509.8115   23.2803
    7.5000   15.0000  -22.5000 8953.6611   23.3055
   -7.5000   22.5000  -22.5000 8735.3008   22.9190
    0.0000   22.5000  -22.5000 8759.9238   22.9550
    7.5000   22.5000  -22.5000 8263.0283   22.9753
   -7.5000   30.0000  -22.5000 7998.1270   22.3770
    0.0000   30.0000  -22.5000 8021.3896   22.3949
    7.5000   30.0000  -22.5000 7575.4624   22.4128
   -7.5000   37.5000  -22.5000 7259.3892   21.7319
    0.0000   37.5000  -22.5000 7274.6719   21.7372
    7.5000   37.5000  -22.5000 6858.4395   21.7551
   -7.5000   45.0000  -22.5000 6554.3838   21.1970
    0.0000   45.0000  -22.5000 6556.0171   21.2072
    7.5000   45.0000  -22.5000 6184.6001   21.2361
   -7.5000  -45.0000  -15.0000 8009.7520   22.0815
    0.0000  -45.0000  -15.0000 8049.2476   22.0737
    7.5000  -45.0000  -15.0000 7634.0806   22.0683
   -7.5000  -37.5000  -15.0000 8593.6348   23.4790
    0.0000  -37.5000  -15.0000 8629.3203   23.4822
    7.5000  -37.5000  -15.0000 8178.5542   23.4845
   -7.5000  -30.0000  -15.0000 9238.4229   24.0741
    0.0000  -30.0000  -15.0000 9229.2539   24.0895
    7.5000  -30.0000  -15.0000 8753.0078   24.0957
   -7.5000  -22.5000  -15.0000 9936.0859   24.0619
    0.0000  -22.5000  -15.0000 9911.6914   24.0783
    7.5000  -22.5000  -15.0000 9372.2314   24.0826
   -7.5000  -15.0000  -15.000010527.7539   24.0744
    0.0000  -15.0000  -15.000010552.3750   24.0794
    7.5000  -15.0000  -15.0000 9950.6133   24.0779
   -7.5000   -7.5000  -15.000010598.0088   24.1003
    0.0000   -7.5000  -15.000010646.6445   24.0937
    7.5000   -7.5000  -15.000010057.1816   24.0864
   -7.5000    0.0000  -15.000010650.7949   24.1102
    0.0000    0.0000  -15.000010726.1758   24.1017
    7.5000    0.0000  -15.000010123.2559   24.0957
   -7.5000    7.5000  -15.000010290.1611   24.0866
    0.0000    7.5000  -15.000010348.4248   24.0898
    7.5000    7.5000  -15.0000 9752.5752   24.0922
   -7.5000   15.0000  -15.000010168.1465   24.0667
    0.0000   15.0000  -15.000010192.2383   24.0821
    7.5000   15.0000  -15.0000 9585.4229   24.0882
   -7.5000   22.5000  -15.0000 9346.9658   23.7471
    0.0000   22.5000  -15.0000 9370.7461   23.7633
    7.5000   22.5000  -15.0000 8818.0508   23.7676
   -7.5000   30.0000  -15.0000 8533.8320   23.1848
    0.0000   30.0000  -15.0000 8556.2490   23.1896
    7.5000   30.0000  -15.0000 8064.1680   23.1882
   -7.5000   37.5000  -15.0000 7708.7515   22.5178
    0.0000   37.5000  -15.0000 7724.9399   22.5117
    7.5000   37.5000  -15.0000 7276.5239   22.5048
   -7.5000   45.0000  -15.0000 6917.9585   21.9789
    0.0000   45.0000  -15.0000 6922.1387   21.9718
    7.5000   45.0000  -15.0000 6534.3413   21.9721
   -7.5000  -45.0000   -7.5000 8313.8271   22.1114
    0.0000  -45.0000   -7.5000 8365.5645   22.0790
    7.5000  -45.0000   -7.5000 7921.0020   22.0498
   -7.5000  -37.5000   -7.5000 8923.0205   23.5107
    0.0000  -37.5000   -7.5000 8970.8975   23.4890
    7.5000  -37.5000   -7.5000 8492.3174   23.4649
   -7.5000  -30.0000   -7.5000 9603.2578   24.1041
    0.0000  -30.0000   -7.5000 9629.0039   24.0946
    7.5000  -30.0000   -7.5000 9106.1279   24.0808
   -7.5000  -22.5000   -7.500010319.3213   24.0891
    0.0000  -22.5000   -7.500010323.0850   24.0814
    7.5000  -22.5000   -7.5000 9743.3770   24.0729
   -7.5000  -15.0000   -7.500010892.9160   24.0983
    0.0000  -15.0000   -7.500010920.5977   24.0792
    7.5000  -15.0000   -7.500010300.5674   24.0661
   -7.5000   -7.5000   -7.500010956.1055   24.1268
    0.0000   -7.5000   -7.500010999.4375   24.0943
    7.5000   -7.5000   -7.500010402.5332   24.0700
   -7.5000    0.0000   -7.500011008.5029   24.1429
    0.0000    0.0000   -7.500011109.5596   24.1076
    7.5000    0.0000   -7.500010460.8311   24.0756
   -7.5000    7.5000   -7.500010640.3584   24.1191
    0.0000    7.5000   -7.500010703.0625   24.0968
    7.5000    7.5000   -7.500010076.7686   24.0721
   -7.5000   15.0000   -7.500010473.1621   24.0966
    0.0000   15.0000   -7.500010496.7656   24.0871
    7.5000   15.0000   -7.5000 9881.7861   24.0734
   -7.5000   22.5000   -7.5000 9613.6777   23.7740
    0.0000   22.5000   -7.5000 9632.0518   23.7664
    7.5000   22.5000   -7.5000 9052.6953   23.7580
   -7.5000   30.0000   -7.5000 8786.3818   23.2078
    0.0000   30.0000   -7.5000 8813.0215   23.1894
    7.5000   30.0000   -7.5000 8266.7480   23.1769
   -7.5000   37.5000   -7.5000 7914.7114   22.5426
    0.0000   37.5000   -7.5000 7925.6494   22.5122
    7.5000   37.5000   -7.5000 7459.1162   22.4895
   -7.5000   45.0000   -7.5000 7089.6143   22.0100
    0.0000   45.0000   -7.5000 7088.4512   21.9770
    7.5000   45.0000   -7.5000 6692.5156   21.9525
   -7.5000  -45.0000    0.0000 8470.1016   22.6877
    0.0000  -45.0000    0.0000 8504.6123   22.6429
    7.5000  -45.0000    0.0000 8048.8594   22.6174
   -7.5000  -37.5000    0.0000 9096.1133   24.1065
    0.0000  -37.5000    0.0000 9122.9619   24.0787
    7.5000  -37.5000    0.0000 8637.4170   24.0519
   -7.5000  -30.0000    0.0000 9800.9756   24.6799
    0.0000  -30.0000    0.0000 9820.9336   24.6667
    7.5000  -30.0000    0.0000 9307.2588   24.6498
   -7.5000  -22.5000    0.000010519.2178   24.6517
    0.0000  -22.5000    0.000010553.3369   24.6367
    7.5000  -22.5000    0.0000 9995.5986   24.6298
   -7.5000  -15.0000    0.000011096.7275   24.6709
    0.0000  -15.0000    0.000011109.1162   24.6368
    7.5000  -15.0000    0.000010520.2119   24.6316
   -7.5000   -7.5000    0.000011101.2041   24.7192
    0.0000   -7.5000    0.000011169.7295   24.6683
    7.5000   -7.5000    0.000010564.9707   24.6536
   -7.5000    0.0000    0.000011144.1328   24.7478
    0.0000    0.0000    0.000011227.1523   24.6989
    7.5000    0.0000    0.000010603.9756   24.6710
   -7.5000    7.5000    0.000010726.0430   24.7140
    0.0000    7.5000    0.000010784.8320   24.6854
    7.5000    7.5000    0.000010170.8340   24.6581
   -7.5000   15.0000    0.000010504.5889   24.6712
    0.0000   15.0000    0.000010535.3770   24.6580
    7.5000   15.0000    0.0000 9933.4971   24.6411
   -7.5000   22.5000    0.0000 9672.4219   24.3327
    0.0000   22.5000    0.0000 9700.5732   24.3179
    7.5000   22.5000    0.0000 9127.2754   24.3110
   -7.5000   30.0000    0.0000 8871.2422   23.7736
    0.0000   30.0000    0.0000 8881.3906   23.7408
    7.5000   30.0000    0.0000 8339.2686   23.7358
   -7.5000   37.5000    0.0000 8029.4580   23.1238
    0.0000   37.5000    0.0000 8029.1260   23.0761
    7.5000   37.5000    0.0000 7551.3921   23.0624
   -7.5000   45.0000    0.0000 7185.7178   22.6067
    0.0000   45.0000    0.0000 7182.5103   22.5611
    7.5000   45.0000    0.0000 6773.1636   22.5396
   -7.5000  -45.0000    7.5000 8275.8213   22.6800
    0.0000  -45.0000    7.5000 8307.2959   22.6505
    7.5000  -45.0000    7.5000 7864.0615   22.6562
   -7.5000  -37.5000    7.5000 8874.8701   24.0935
    0.0000  -37.5000    7.5000 8901.1729   24.0868
    7.5000  -37.5000    7.5000 8437.3418   24.0871
   -7.5000  -30.0000    7.5000 9627.7500   24.6531
    0.0000  -30.0000    7.5000 9627.9980   24.6634
    7.5000  -30.0000    7.5000 9132.7998   24.6645
   -7.5000  -22.5000    7.500010383.4189   24.6161
    0.0000  -22.5000    7.500010400.2363   24.6214
    7.5000  -22.5000    7.5000 9855.9834   24.6292
   -7.5000  -15.0000    7.500010864.4854   24.6455
    0.0000  -15.0000    7.500010875.2197   24.6257
    7.5000  -15.0000    7.500010336.0967   24.6415
   -7.5000   -7.5000    7.500010869.8213   24.7064
    0.0000   -7.5000    7.500010886.6309   24.6680
    7.5000   -7.5000    7.500010348.0273   24.6831
   -7.5000    0.0000    7.500010885.0205   24.7394
    0.0000    0.0000    7.500010885.9414   24.7072
    7.5000    0.0000    7.500010370.3672   24.7134
   -7.5000    7.5000    7.500010452.3623   24.7006
    0.0000    7.5000    7.500010427.4727   24.6938
    7.5000    7.5000    7.5000 9942.8604   24.6941
   -7.5000   15.0000    7.500010239.8457   24.6444
    0.0000   15.0000    7.500010197.2861   24.6547
    7.5000   15.0000    7.5000 9709.7666   24.6557
   -7.5000   22.5000    7.5000 9442.0137   24.2975
    0.0000   22.5000    7.5000 9423.8145   24.3027
    7.5000   22.5000    7.5000 8933.5479   24.3104
   -7.5000   30.0000    7.5000 8680.9521   23.7492
    0.0000   30.0000    7.5000 8663.8809   23.7301
    7.5000   30.0000    7.5000 8174.2910   23.7453
   -7.5000   37.5000    7.5000 7839.3062   23.1119
    0.0000   37.5000    7.5000 7842.8218   23.0759
    7.5000   37.5000    7.5000 7401.9775   23.0900
   -7.5000   45.0000    7.5000 7028.5342   22.5994
    0.0000   45.0000    7.5000 7021.3823   22.5706
    7.5000   45.0000    7.5000 6639.5991   22.5810
   -7.5000  -45.0000   15.0000 8316.8379   22.6626
    0.0000  -45.0000   15.0000 8351.5078   22.6586
    7.5000  -45.0000   15.0000 7894.9365   22.6872
   -7.5000  -37.5000   15.0000 8910.6104   24.0731
    0.0000  -37.5000   15.0000 8920.1992   24.0925
    7.5000  -37.5000   15.0000 8461.5586   24.1195
   -7.5000  -30.0000   15.0000 9640.4502   24.6335
    0.0000  -30.0000   15.0000 9634.0332   24.6699
    7.5000  -30.0000   15.0000 9130.9932   24.6920
   -7.5000  -22.5000   15.000010339.2129   24.5995
    0.0000  -22.5000   15.000010330.9014   24.6311
    7.5000  -22.5000   15.0000 9845.2676   24.6529
   -7.5000  -15.0000   15.000010868.1045   24.6343
    0.0000  -15.0000   15.000010822.2393   24.6408
    7.5000  -15.0000   15.000010424.3633   24.6684
   -7.5000   -7.5000   15.000010914.2793   24.6940
    0.0000   -7.5000   15.000010836.9404   24.6829
    7.5000   -7.5000   15.000010469.4326   24.7139
   -7.5000    0.0000   15.000010949.2480   24.7204
    0.0000    0.0000   15.000010858.6650   24.7160
    7.5000    0.0000   15.000010495.9131   24.7471
   -7.5000    7.5000   15.000010520.8076   24.6798
    0.0000    7.5000   15.000010428.0537   24.6997
    7.5000    7.5000   15.000010058.0332   24.7273
   -7.5000   15.0000   15.000010283.2471   24.6248
    0.0000   15.0000   15.000010186.3740   24.6611
    7.5000   15.0000   15.0000 9754.5527   24.6832
   -7.5000   22.5000   15.0000 9458.5176   24.2812
    0.0000   22.5000   15.0000 9409.4570   24.3123
    7.5000   22.5000   15.0000 8972.1621   24.3338
   -7.5000   30.0000   15.0000 8689.1436   23.7383
    0.0000   30.0000   15.0000 8685.4307   23.7446
    7.5000   30.0000   15.0000 8230.0225   23.7713
   -7.5000   37.5000   15.0000 7863.3594   23.1002
    0.0000   37.5000   15.0000 7874.9653   23.0898
    7.5000   37.5000   15.0000 7446.5576   23.1188
   -7.5000   45.0000   15.0000 7057.3359   22.5806
    0.0000   45.0000   15.0000 7078.2070   22.5788
    7.5000   45.0000   15.0000 6675.5747   22.6133
   -7.5000  -45.0000   22.5000 7918.9482   22.8174
    0.0000  -45.0000   22.5000 7947.8472   22.8268
    7.5000  -45.0000   22.5000 7520.7612   22.8532
   -7.5000  -37.5000   22.5000 8477.6963   24.2429
    0.0000  -37.5000   22.5000 8492.7520   24.2705
    7.5000  -37.5000   22.5000 8049.5117   24.3030
   -7.5000  -30.0000   22.5000 9095.3789   24.8228
    0.0000  -30.0000   22.5000 9104.9951   24.8653
    7.5000  -30.0000   22.5000 8647.9688   24.8948
   -7.5000  -22.5000   22.5000 9716.5723   24.7995
    0.0000  -22.5000   22.5000 9717.6846   24.8392
    7.5000  -22.5000   22.5000 9307.3740   24.8634
   -7.5000  -15.0000   22.500010320.4580   24.8276
    0.0000  -15.0000   22.500010311.2080   24.8480
    7.5000  -15.0000   22.5000 9912.3955   24.8699
   -7.5000   -7.5000   22.500010480.4121   24.8730
    0.0000   -7.5000   22.500010469.0088   24.8794
    7.5000   -7.5000   22.500010048.7920   24.9018
   -7.5000    0.0000   22.500010485.3848   24.8891
    0.0000    0.0000   22.500010473.9717   24.8993
    7.5000    0.0000   22.500010058.0840   24.9281
   -7.5000    7.5000   22.500010008.9316   24.8538
    0.0000    7.5000   22.5000 9987.9990   24.8821
    7.5000    7.5000   22.5000 9565.3984   24.9154
   -7.5000   15.0000   22.5000 9730.1494   24.8140
    0.0000   15.0000   22.5000 9695.5420   24.8565
    7.5000   15.0000   22.5000 9259.5576   24.8860
   -7.5000   22.5000   22.5000 8940.9219   24.4785
    0.0000   22.5000   22.5000 8900.9336   24.5177
    7.5000   22.5000   22.5000 8505.5742   24.5416
   -7.5000   30.0000   22.5000 8223.0537   23.9247
    0.0000   30.0000   22.5000 8189.6836   23.9443
    7.5000   30.0000   22.5000 7829.2310   23.9654
   -7.5000   37.5000   22.5000 7444.4683   23.2676
    0.0000   37.5000   22.5000 7411.0303   23.2736
    7.5000   37.5000   22.5000 7068.4780   23.2946
   -7.5000   45.0000   22.5000 6681.8286   22.7351
    0.0000   45.0000   22.5000 6663.0991   22.7467
    7.5000   45.0000   22.5000 6319.6733   22.7798
   -7.5000  -45.0000   30.0000 7475.6499   22.9878
    0.0000  -45.0000   30.0000 7515.0361   22.9832
    7.5000  -45.0000   30.0000 7103.3862   22.9799
   -7.5000  -37.5000   30.0000 7967.5322   24.4412
    0.0000  -37.5000   30.0000 8018.5532   24.4487
    7.5000  -37.5000   30.0000 7583.8022   24.4550
   -7.5000  -30.0000   30.0000 8532.4561   25.0476
    0.0000  -30.0000   30.0000 8575.7998   25.0673
    7.5000  -30.0000   30.0000 8133.5234   25.0770
   -7.5000  -22.5000   30.0000 9134.7568   25.0356
    0.0000  -22.5000   30.0000 9165.6553   25.0551
    7.5000  -22.5000   30.0000 8743.3965   25.0608
   -7.5000  -15.0000   30.0000 9710.6406   25.0519
    0.0000  -15.0000   30.0000 9728.9512   25.0589
    7.5000  -15.0000   30.0000 9279.2803   25.0572
   -7.5000   -7.5000   30.0000 9854.7617   25.0810
    0.0000   -7.5000   30.0000 9855.8086   25.0767
    7.5000   -7.5000   30.0000 9405.8389   25.0694
   -7.5000    0.0000   30.0000 9889.0059   25.0903
    0.0000    0.0000   30.0000 9886.3984   25.0852
    7.5000    0.0000   30.0000 9432.1045   25.0815
   -7.5000    7.5000   30.0000 9427.3037   25.0614
    0.0000    7.5000   30.0000 9422.8936   25.0691
    7.5000    7.5000   30.0000 8999.8047   25.0755
   -7.5000   15.0000   30.0000 9118.1318   25.0387
    0.0000   15.0000   30.0000 9127.9941   25.0584
    7.5000   15.0000   30.0000 8707.1846   25.0681
   -7.5000   22.5000   30.0000 8364.8311   24.7095
    0.0000   22.5000   30.0000 8381.0850   24.7287
    7.5000   22.5000   30.0000 7974.0913   24.7343
   -7.5000   30.0000   30.0000 7667.6396   24.1518
    0.0000   30.0000   30.0000 7669.6001   24.1586
    7.5000   30.0000   30.0000 7308.5610   24.1569
   -7.5000   37.5000   30.0000 6910.6724   23.4843
    0.0000   37.5000   30.0000 6907.4731   23.4802
    7.5000   37.5000   30.0000 6586.2749   23.4735
   -7.5000   45.0000   30.0000 6214.7744   22.9540
    0.0000   45.0000   30.0000 6210.6392   22.9501
    7.5000   45.0000   30.0000 5920.7026   22.9530
   -7.5000  -45.0000   37.5000 7020.3530   23.1363
    0.0000  -45.0000   37.5000 7077.0186   23.1057
    7.5000  -45.0000   37.5000 6670.0977   23.0808
   -7.5000  -37.5000   37.5000 7468.5068   24.6008
    0.0000  -37.5000   37.5000 7543.9805   24.5813
    7.5000  -37.5000   37.5000 7113.2764   24.5631
   -7.5000  -30.0000   37.5000 7970.0811   25.1934
    0.0000  -30.0000   37.5000 8029.5283   25.1855
    7.5000  -30.0000   37.5000 7601.9810   25.1772
   -7.5000  -22.5000   37.5000 8551.4180   25.1821
    0.0000  -22.5000   37.5000 8575.6953   25.1748
    7.5000  -22.5000   37.5000 8142.9331   25.1698
   -7.5000  -15.0000   37.5000 9087.7266   25.1984
    0.0000  -15.0000   37.5000 9096.5430   25.1792
    7.5000  -15.0000   37.5000 8640.1787   25.1687
   -7.5000   -7.5000   37.5000 9199.7988   25.2305
    0.0000   -7.5000   37.5000 9211.3770   25.1987
    7.5000   -7.5000   37.5000 8751.5586   25.1775
   -7.5000    0.0000   37.5000 9262.5635   25.2427
    0.0000    0.0000   37.5000 9252.9102   25.2093
    7.5000    0.0000   37.5000 8803.6318   25.1821
   -7.5000    7.5000   37.5000 8851.9600   25.2095
    0.0000    7.5000   37.5000 8843.4131   25.1895
    7.5000    7.5000   37.5000 8429.3955   25.1708
   -7.5000   15.0000   37.5000 8563.6836   25.1842
    0.0000   15.0000   37.5000 8571.0498   25.1764
    7.5000   15.0000   37.5000 8168.6978   25.1680
   -7.5000   22.5000   37.5000 7859.1748   24.8497
    0.0000   22.5000   37.5000 7881.8052   24.8424
    7.5000   22.5000   37.5000 7502.3604   24.8376
   -7.5000   30.0000   37.5000 7200.5815   24.2929
    0.0000   30.0000   37.5000 7209.3159   24.2744
    7.5000   30.0000   37.5000 6862.2886   24.2643
   -7.5000   37.5000   37.5000 6468.8647   23.6246
    0.0000   37.5000   37.5000 6481.3350   23.5948
    7.5000   37.5000   37.5000 6164.6465   23.5750
   -7.5000   45.0000   37.5000 5800.8438   23.0991
    0.0000   45.0000   37.5000 5809.0430   23.0679
    7.5000   45.0000   37.5000 5525.1040   23.0481
   -7.5000  -45.0000   45.0000 6568.7681   23.3338
    0.0000  -45.0000   45.0000 6607.3071   23.2895
    7.5000  -45.0000   45.0000 6236.1646   23.2784
   -7.5000  -37.5000   45.0000 6969.1602   24.8093
    0.0000  -37.5000   45.0000 7033.0854   24.7835
    7.5000  -37.5000   45.0000 6630.9541   24.7723
   -7.5000  -30.0000   45.0000 7426.1357   25.3723
    0.0000  -30.0000   45.0000 7490.3120   25.3615
    7.5000  -30.0000   45.0000 7072.1909   25.3573
   -7.5000  -22.5000   45.0000 7963.6597   25.3535
    0.0000  -22.5000   45.0000 8007.9141   25.3401
    7.5000  -22.5000   45.0000 7573.5659   25.3421
   -7.5000  -15.0000   45.0000 8447.4023   25.3745
    0.0000  -15.0000   45.0000 8473.7363   25.3405
    7.5000  -15.0000   45.0000 8017.4883   25.3443
   -7.5000   -7.5000   45.0000 8550.4688   25.4170
    0.0000   -7.5000   45.0000 8573.6963   25.3656
    7.5000   -7.5000   45.0000 8133.4712   25.3631
   -7.5000    0.0000   45.0000 8615.9805   25.4363
    0.0000    0.0000   45.0000 8632.3242   25.3879
    7.5000    0.0000   45.0000 8197.9365   25.3758
   -7.5000    7.5000   45.0000 8223.9385   25.3987
    0.0000    7.5000   45.0000 8220.7207   25.3723
    7.5000    7.5000   45.0000 7838.0967   25.3608
   -7.5000   15.0000   45.0000 7972.6147   25.3628
    0.0000   15.0000   45.0000 7970.4409   25.3521
    7.5000   15.0000   45.0000 7602.8228   25.3478
   -7.5000   22.5000   45.0000 7324.2227   25.0155
    0.0000   22.5000   45.0000 7331.2339   25.0023
    7.5000   22.5000   45.0000 6988.2656   25.0042
   -7.5000   30.0000   45.0000 6707.3237   24.4602
    0.0000   30.0000   45.0000 6710.9297   24.4275
    7.5000   30.0000   45.0000 6382.6650   24.4311
   -7.5000   37.5000   45.0000 6038.0913   23.7930
    0.0000   37.5000   45.0000 6049.7974   23.7448
    7.5000   37.5000   45.0000 5743.5259   23.7424
   -7.5000   45.0000   45.0000 5414.3701   23.2710
    0.0000   45.0000   45.0000 5411.9526   23.2259
    7.5000   45.0000   45.0000 5135.1392   23.2194

---------------------------------------------------------------------
imgreg_4dfp /opt/freesurfer/average/711-2C_as_mni_average_305 /opt/freesurfer/average/711-2B_as_mni_average_305_mask talsrcimg_g11 none talsrcimg_to_711-2C_as_mni_average_305_t4 4355
---------------------------------------------------------------------

freesurfer imgreg_4dfp.c
/opt/freesurfer/average/711-2C_as_mni_average_305.4dfp.img
       256       256       256         1
  1.000000  1.000000  1.000000
orientation T byte_order littleendian
Reading image: /opt/freesurfer/average/711-2C_as_mni_average_305.4dfp.img
dimensions:      256       256       256
mmppix:       1.0000   -1.0000   -1.0000
center:     128.0000 -129.0000 -129.0000
/opt/freesurfer/average/711-2B_as_mni_average_305_mask.4dfp.img
       256       256       256         1
  1.000000  1.000000  1.000000
orientation T byte_order littleendian
Reading mask: /opt/freesurfer/average/711-2B_as_mni_average_305_mask.4dfp.img (2306576 pixels)
talsrcimg_g11.4dfp.img
       256       256       256         1
  0.900000  0.900000  0.900000
orientation T byte_order littleendian
Reading image: talsrcimg_g11.4dfp.img
dimensions:      256       256       256
mmppix:       0.9000   -0.9000   -0.9000
center:     115.2000 -116.1000 -116.1000
rotation matrix determinant  1.000000
image alignment mode   4355 decimal     1103 hex
   -7.5000  -45.0000  -45.0000 1907.4583   23.8784
    0.0000  -45.0000  -45.0000 1918.5037   23.7769
    7.5000  -45.0000  -45.0000 1903.1567   24.0459
   -7.5000  -37.5000  -45.0000 1986.7826   22.1794
    0.0000  -37.5000  -45.0000 1998.4214   22.0821
    7.5000  -37.5000  -45.0000 1986.3585   22.2946
   -7.5000  -30.0000  -45.0000 2041.3470   20.8048
    0.0000  -30.0000  -45.0000 2050.0916   20.7491
    7.5000  -30.0000  -45.0000 2036.5624   20.9550
   -7.5000  -22.5000  -45.0000 2072.2195   19.8795
    0.0000  -22.5000  -45.0000 2079.2942   19.7956
    7.5000  -22.5000  -45.0000 2063.4133   20.0465
   -7.5000  -15.0000  -45.0000 2089.5056   19.4323
    0.0000  -15.0000  -45.0000 2093.7578   19.2884
    7.5000  -15.0000  -45.0000 2076.9150   19.5776
   -7.5000   -7.5000  -45.0000 2084.1804   19.4095
    0.0000   -7.5000  -45.0000 2091.9602   19.2744
    7.5000   -7.5000  -45.0000 2075.8608   19.5564
   -7.5000    0.0000  -45.0000 2069.4836   19.7855
    0.0000    0.0000  -45.0000 2073.2158   19.5798
    7.5000    0.0000  -45.0000 2053.4697   19.9408
   -7.5000    7.5000  -45.0000 2029.2821   20.4378
    0.0000    7.5000  -45.0000 2042.7722   20.3009
    7.5000    7.5000  -45.0000 2019.1693   20.6264
   -7.5000   15.0000  -45.0000 1981.1235   21.5152
    0.0000   15.0000  -45.0000 1993.0729   21.3755
    7.5000   15.0000  -45.0000 1971.2020   21.7534
   -7.5000   22.5000  -45.0000 1916.3662   23.1480
    0.0000   22.5000  -45.0000 1925.7123   22.9872
    7.5000   22.5000  -45.0000 1902.2285   23.4815
   -7.5000   30.0000  -45.0000 1833.4076   25.3475
    0.0000   30.0000  -45.0000 1844.1146   25.1715
    7.5000   30.0000  -45.0000 1818.2059   25.6991
   -7.5000   37.5000  -45.0000 1719.1523   28.1074
    0.0000   37.5000  -45.0000 1723.6746   27.8822
    7.5000   37.5000  -45.0000 1697.1680   28.3652
   -7.5000   45.0000  -45.0000 1569.5482   31.3862
    0.0000   45.0000  -45.0000 1573.3081   31.1403
    7.5000   45.0000  -45.0000 1554.9883   31.5661
   -7.5000  -45.0000  -37.5000 2072.7812   23.3225
    0.0000  -45.0000  -37.5000 2084.3894   23.2093
    7.5000  -45.0000  -37.5000 2066.0742   23.5560
   -7.5000  -37.5000  -37.5000 2156.4536   21.6447
    0.0000  -37.5000  -37.5000 2170.2463   21.5505
    7.5000  -37.5000  -37.5000 2152.4373   21.8122
   -7.5000  -30.0000  -37.5000 2217.2026   20.2727
    0.0000  -30.0000  -37.5000 2226.6602   20.2164
    7.5000  -30.0000  -37.5000 2205.8022   20.4261
   -7.5000  -22.5000  -37.5000 2251.6794   19.2985
    0.0000  -22.5000  -37.5000 2257.3623   19.2523
    7.5000  -22.5000  -37.5000 2237.6870   19.4895
   -7.5000  -15.0000  -37.5000 2267.0325   18.8939
    0.0000  -15.0000  -37.5000 2274.5388   18.7846
    7.5000  -15.0000  -37.5000 2252.7314   19.0851
   -7.5000   -7.5000  -37.5000 2256.2480   18.8490
    0.0000   -7.5000  -37.5000 2270.1416   18.7556
    7.5000   -7.5000  -37.5000 2245.7244   19.0341
   -7.5000    0.0000  -37.5000 2241.2979   19.1696
    0.0000    0.0000  -37.5000 2251.8882   19.0313
    7.5000    0.0000  -37.5000 2225.4434   19.3682
   -7.5000    7.5000  -37.5000 2208.9802   19.7762
    0.0000    7.5000  -37.5000 2222.0796   19.6553
    7.5000    7.5000  -37.5000 2195.4043   20.0434
   -7.5000   15.0000  -37.5000 2158.1460   20.8726
    0.0000   15.0000  -37.5000 2168.1399   20.7496
    7.5000   15.0000  -37.5000 2145.7017   21.1916
   -7.5000   22.5000  -37.5000 2081.7375   22.4616
    0.0000   22.5000  -37.5000 2091.8735   22.3240
    7.5000   22.5000  -37.5000 2067.0381   22.8738
   -7.5000   30.0000  -37.5000 1990.3323   24.6550
    0.0000   30.0000  -37.5000 1996.4983   24.4750
    7.5000   30.0000  -37.5000 1968.9963   25.0359
   -7.5000   37.5000  -37.5000 1864.8512   27.3596
    0.0000   37.5000  -37.5000 1866.8696   27.1949
    7.5000   37.5000  -37.5000 1837.1823   27.7091
   -7.5000   45.0000  -37.5000 1701.2415   30.5049
    0.0000   45.0000  -37.5000 1707.2169   30.3420
    7.5000   45.0000  -37.5000 1682.5206   30.8300
   -7.5000  -45.0000  -30.0000 2211.6772   22.5368
    0.0000  -45.0000  -30.0000 2223.4448   22.4441
    7.5000  -45.0000  -30.0000 2203.1707   22.8159
   -7.5000  -37.5000  -30.0000 2306.7463   20.8752
    0.0000  -37.5000  -30.0000 2318.1121   20.7971
    7.5000  -37.5000  -30.0000 2298.5063   21.1062
   -7.5000  -30.0000  -30.0000 2373.7688   19.5246
    0.0000  -30.0000  -30.0000 2381.2808   19.4781
    7.5000  -30.0000  -30.0000 2360.1716   19.6828
   -7.5000  -22.5000  -30.0000 2419.8738   18.5733
    0.0000  -22.5000  -30.0000 2426.0056   18.5393
    7.5000  -22.5000  -30.0000 2400.5403   18.7692
   -7.5000  -15.0000  -30.0000 2436.1975   18.1326
    0.0000  -15.0000  -30.0000 2448.6643   18.1165
    7.5000  -15.0000  -30.0000 2419.1636   18.3783
   -7.5000   -7.5000  -30.0000 2430.9243   18.1252
    0.0000   -7.5000  -30.0000 2446.1240   18.0811
    7.5000   -7.5000  -30.0000 2416.8733   18.3642
   -7.5000    0.0000  -30.0000 2412.3608   18.3675
    0.0000    0.0000  -30.0000 2424.1016   18.3333
    7.5000    0.0000  -30.0000 2395.8591   18.6662
   -7.5000    7.5000  -30.0000 2380.5623   19.0059
    0.0000    7.5000  -30.0000 2395.0361   18.9447
    7.5000    7.5000  -30.0000 2362.8030   19.3086
   -7.5000   15.0000  -30.0000 2324.1594   20.1188
    0.0000   15.0000  -30.0000 2336.5298   20.0469
    7.5000   15.0000  -30.0000 2303.2666   20.4509
   -7.5000   22.5000  -30.0000 2237.5076   21.6800
    0.0000   22.5000  -30.0000 2249.1692   21.6306
    7.5000   22.5000  -30.0000 2217.9851   22.0742
   -7.5000   30.0000  -30.0000 2138.6079   23.7770
    0.0000   30.0000  -30.0000 2139.3086   23.7151
    7.5000   30.0000  -30.0000 2111.9858   24.2257
   -7.5000   37.5000  -30.0000 1989.1276   26.3782
    0.0000   37.5000  -30.0000 1995.6150   26.2358
    7.5000   37.5000  -30.0000 1963.7550   26.7509
   -7.5000   45.0000  -30.0000 1820.9139   29.3481
    0.0000   45.0000  -30.0000 1831.4143   29.2309
    7.5000   45.0000  -30.0000 1798.3060   29.7612
   -7.5000  -45.0000  -22.5000 2327.9580   21.5655
    0.0000  -45.0000  -22.5000 2345.9656   21.4902
    7.5000  -45.0000  -22.5000 2322.7590   21.7781
   -7.5000  -37.5000  -22.5000 2428.9316   19.9329
    0.0000  -37.5000  -22.5000 2444.0488   19.9214
    7.5000  -37.5000  -22.5000 2422.9529   20.1454
   -7.5000  -30.0000  -22.5000 2503.6248   18.6010
    0.0000  -30.0000  -22.5000 2510.0173   18.5706
    7.5000  -30.0000  -22.5000 2490.3242   18.7868
   -7.5000  -22.5000  -22.5000 2562.9441   17.7333
    0.0000  -22.5000  -22.5000 2572.8132   17.7392
    7.5000  -22.5000  -22.5000 2542.4924   17.9365
   -7.5000  -15.0000  -22.5000 2591.0544   17.2750
    0.0000  -15.0000  -22.5000 2604.8955   17.2929
    7.5000  -15.0000  -22.5000 2568.3530   17.5260
   -7.5000   -7.5000  -22.5000 2594.7964   17.2549
    0.0000   -7.5000  -22.5000 2610.2300   17.2419
    7.5000   -7.5000  -22.5000 2573.4563   17.5132
   -7.5000    0.0000  -22.5000 2573.0940   17.5260
    0.0000    0.0000  -22.5000 2588.5444   17.5214
    7.5000    0.0000  -22.5000 2551.3982   17.7913
   -7.5000    7.5000  -22.5000 2536.0896   18.1887
    0.0000    7.5000  -22.5000 2552.7397   18.1967
    7.5000    7.5000  -22.5000 2511.5957   18.5023
   -7.5000   15.0000  -22.5000 2471.3069   19.2850
    0.0000   15.0000  -22.5000 2485.1106   19.2656
    7.5000   15.0000  -22.5000 2442.8862   19.6221
   -7.5000   22.5000  -22.5000 2377.8672   20.7730
    0.0000   22.5000  -22.5000 2387.2744   20.7589
    7.5000   22.5000  -22.5000 2352.5779   21.1687
   -7.5000   30.0000  -22.5000 2262.3867   22.8160
    0.0000   30.0000  -22.5000 2273.3933   22.7628
    7.5000   30.0000  -22.5000 2237.0593   23.2401
   -7.5000   37.5000  -22.5000 2105.2720   25.3336
    0.0000   37.5000  -22.5000 2112.1321   25.1919
    7.5000   37.5000  -22.5000 2077.4766   25.6971
   -7.5000   45.0000  -22.5000 1918.7106   28.1616
    0.0000   45.0000  -22.5000 1924.6631   27.9884
    7.5000   45.0000  -22.5000 1893.0209   28.5873
   -7.5000  -45.0000  -15.0000 2412.3599   20.5567
    0.0000  -45.0000  -15.0000 2428.5574   20.4504
    7.5000  -45.0000  -15.0000 2409.7854   20.7559
   -7.5000  -37.5000  -15.0000 2524.6274   18.9520
    0.0000  -37.5000  -15.0000 2541.3877   18.8825
    7.5000  -37.5000  -15.0000 2516.3320   19.1025
   -7.5000  -30.0000  -15.0000 2613.3176   17.6978
    0.0000  -30.0000  -15.0000 2620.0649   17.6719
    7.5000  -30.0000  -15.0000 2598.2107   17.8818
   -7.5000  -22.5000  -15.0000 2677.1694   16.8692
    0.0000  -22.5000  -15.0000 2687.1418   16.8186
    7.5000  -22.5000  -15.0000 2654.2532   17.0268
   -7.5000  -15.0000  -15.0000 2713.6414   16.4047
    0.0000  -15.0000  -15.0000 2725.6189   16.4114
    7.5000  -15.0000  -15.0000 2688.6211   16.6036
   -7.5000   -7.5000  -15.0000 2726.0176   16.3531
    0.0000   -7.5000  -15.0000 2738.7642   16.3214
    7.5000   -7.5000  -15.0000 2703.6035   16.5550
   -7.5000    0.0000  -15.0000 2708.5300   16.6407
    0.0000    0.0000  -15.0000 2727.4668   16.6207
    7.5000    0.0000  -15.0000 2681.1028   16.8460
   -7.5000    7.5000  -15.0000 2666.7908   17.3407
    0.0000    7.5000  -15.0000 2684.2483   17.3265
    7.5000    7.5000  -15.0000 2635.1877   17.5732
   -7.5000   15.0000  -15.0000 2592.5193   18.4194
    0.0000   15.0000  -15.0000 2604.0989   18.4236
    7.5000   15.0000  -15.0000 2558.1030   18.7102
   -7.5000   22.5000  -15.0000 2486.7422   19.9260
    0.0000   22.5000  -15.0000 2496.0920   19.8952
    7.5000   22.5000  -15.0000 2456.5664   20.2277
   -7.5000   30.0000  -15.0000 2360.1230   21.8792
    0.0000   30.0000  -15.0000 2369.3804   21.8029
    7.5000   30.0000  -15.0000 2334.1365   22.2374
   -7.5000   37.5000  -15.0000 2185.9331   24.2674
    0.0000   37.5000  -15.0000 2195.6387   24.1715
    7.5000   37.5000  -15.0000 2161.5710   24.6154
   -7.5000   45.0000  -15.0000 1987.0817   26.9801
    0.0000   45.0000  -15.0000 1992.6334   26.8589
    7.5000   45.0000  -15.0000 1963.5787   27.3650
   -7.5000  -45.0000   -7.5000 2458.7229   19.5596
    0.0000  -45.0000   -7.5000 2474.4009   19.4512
    7.5000  -45.0000   -7.5000 2456.2886   19.7241
   -7.5000  -37.5000   -7.5000 2582.5627   17.9780
    0.0000  -37.5000   -7.5000 2594.3167   17.8795
    7.5000  -37.5000   -7.5000 2572.8557   18.1389
   -7.5000  -30.0000   -7.5000 2678.6323   16.7531
    0.0000  -30.0000   -7.5000 2691.1643   16.6875
    7.5000  -30.0000   -7.5000 2666.3477   16.9158
   -7.5000  -22.5000   -7.5000 2754.8467   15.9385
    0.0000  -22.5000   -7.5000 2768.0474   15.8516
    7.5000  -22.5000   -7.5000 2733.3464   16.0875
   -7.5000  -15.0000   -7.5000 2797.8831   15.4397
    0.0000  -15.0000   -7.5000 2815.6055   15.4184
    7.5000  -15.0000   -7.5000 2772.8931   15.6282
   -7.5000   -7.5000   -7.5000 2815.0293   15.3823
    0.0000   -7.5000   -7.5000 2831.4744   15.3186
    7.5000   -7.5000   -7.5000 2791.2522   15.5510
   -7.5000    0.0000   -7.5000 2801.9663   15.6643
    0.0000    0.0000   -7.5000 2824.9114   15.6274
    7.5000    0.0000   -7.5000 2773.1763   15.8597
   -7.5000    7.5000   -7.5000 2755.2266   16.3811
    0.0000    7.5000   -7.5000 2771.0842   16.3528
    7.5000    7.5000   -7.5000 2718.3687   16.5904
   -7.5000   15.0000   -7.5000 2670.2559   17.4556
    0.0000   15.0000   -7.5000 2680.0027   17.4267
    7.5000   15.0000   -7.5000 2634.8125   17.6981
   -7.5000   22.5000   -7.5000 2550.1116   18.9506
    0.0000   22.5000   -7.5000 2558.4282   18.9007
    7.5000   22.5000   -7.5000 2519.2197   19.1976
   -7.5000   30.0000   -7.5000 2414.2769   20.9426
    0.0000   30.0000   -7.5000 2424.6860   20.8813
    7.5000   30.0000   -7.5000 2382.4094   21.1779
   -7.5000   37.5000   -7.5000 2233.4199   23.2334
    0.0000   37.5000   -7.5000 2243.5598   23.1252
    7.5000   37.5000   -7.5000 2208.1052   23.4901
   -7.5000   45.0000   -7.5000 2025.8723   25.8020
    0.0000   45.0000   -7.5000 2028.4482   25.7017
    7.5000   45.0000   -7.5000 2000.7300   26.1297
   -7.5000  -45.0000    0.0000 2498.9912   18.9772
    0.0000  -45.0000    0.0000 2515.3984   18.8359
    7.5000  -45.0000    0.0000 2490.2637   19.2002
   -7.5000  -37.5000    0.0000 2626.0615   17.3826
    0.0000  -37.5000    0.0000 2641.0120   17.2618
    7.5000  -37.5000    0.0000 2615.7087   17.5590
   -7.5000  -30.0000    0.0000 2733.0391   16.1288
    0.0000  -30.0000    0.0000 2752.0312   16.0308
    7.5000  -30.0000    0.0000 2722.9351   16.3153
   -7.5000  -22.5000    0.0000 2823.3853   15.2710
    0.0000  -22.5000    0.0000 2848.0830   15.1736
    7.5000  -22.5000    0.0000 2809.0508   15.4811
   -7.5000  -15.0000    0.0000 2886.8850   14.7159
    0.0000  -15.0000    0.0000 2910.6399   14.6398
    7.5000  -15.0000    0.0000 2854.4561   14.9777
   -7.5000   -7.5000    0.0000 2908.8398   14.6497
    0.0000   -7.5000    0.0000 2929.1462   14.5695
    7.5000   -7.5000    0.0000 2875.1431   14.8611
   -7.5000    0.0000    0.0000 2891.0964   14.9664
    0.0000    0.0000    0.0000 2913.9719   14.8921
    7.5000    0.0000    0.0000 2853.2751   15.1679
   -7.5000    7.5000    0.0000 2830.9297   15.6833
    0.0000    7.5000    0.0000 2847.7493   15.6280
    7.5000    7.5000    0.0000 2792.8262   15.8953
   -7.5000   15.0000    0.0000 2727.1086   16.7912
    0.0000   15.0000    0.0000 2740.6584   16.7384
    7.5000   15.0000    0.0000 2695.0024   17.0062
   -7.5000   22.5000    0.0000 2603.9565   18.3439
    0.0000   22.5000    0.0000 2612.8210   18.2949
    7.5000   22.5000    0.0000 2571.1130   18.5854
   -7.5000   30.0000    0.0000 2462.5227   20.2806
    0.0000   30.0000    0.0000 2472.3884   20.1769
    7.5000   30.0000    0.0000 2429.6741   20.5275
   -7.5000   37.5000    0.0000 2278.2834   22.5404
    0.0000   37.5000    0.0000 2287.6304   22.4023
    7.5000   37.5000    0.0000 2247.7271   22.8091
   -7.5000   45.0000    0.0000 2063.8542   25.0438
    0.0000   45.0000    0.0000 2067.4495   24.9062
    7.5000   45.0000    0.0000 2037.0753   25.4106
   -7.5000  -45.0000    7.5000 2519.2561   18.5197
    0.0000  -45.0000    7.5000 2530.9121   18.3527
    7.5000  -45.0000    7.5000 2505.7610   18.7737
   -7.5000  -37.5000    7.5000 2648.5479   16.8437
    0.0000  -37.5000    7.5000 2661.2983   16.7088
    7.5000  -37.5000    7.5000 2636.2454   17.1080
   -7.5000  -30.0000    7.5000 2767.7905   15.5958
    0.0000  -30.0000    7.5000 2786.4177   15.4454
    7.5000  -30.0000    7.5000 2754.2983   15.8411
   -7.5000  -22.5000    7.5000 2872.1184   14.7385
    0.0000  -22.5000    7.5000 2898.3010   14.5711
    7.5000  -22.5000    7.5000 2854.9019   14.9423
   -7.5000  -15.0000    7.5000 2952.5234   14.1710
    0.0000  -15.0000    7.5000 2989.7798   14.0130
    7.5000  -15.0000    7.5000 2913.1118   14.4481
   -7.5000   -7.5000    7.5000 2986.0312   14.0373
    0.0000   -7.5000    7.5000 3010.4490   13.8873
    7.5000   -7.5000    7.5000 2931.8247   14.2820
   -7.5000    0.0000    7.5000 2951.4321   14.4365
    0.0000    0.0000    7.5000 2966.9797   14.2831
    7.5000    0.0000    7.5000 2904.9536   14.6121
   -7.5000    7.5000    7.5000 2873.8125   15.1883
    0.0000    7.5000    7.5000 2886.1147   15.0796
    7.5000    7.5000    7.5000 2835.8396   15.3881
   -7.5000   15.0000    7.5000 2764.7964   16.3078
    0.0000   15.0000    7.5000 2775.9268   16.2183
    7.5000   15.0000    7.5000 2730.5266   16.5627
   -7.5000   22.5000    7.5000 2631.8105   17.7847
    0.0000   22.5000    7.5000 2642.3467   17.7066
    7.5000   22.5000    7.5000 2598.0229   18.0699
   -7.5000   30.0000    7.5000 2487.0361   19.7215
    0.0000   30.0000    7.5000 2492.4863   19.6113
    7.5000   30.0000    7.5000 2450.3164   20.0244
   -7.5000   37.5000    7.5000 2295.3057   21.9872
    0.0000   37.5000    7.5000 2303.4661   21.8467
    7.5000   37.5000    7.5000 2269.5850   22.3385
   -7.5000   45.0000    7.5000 2078.0320   24.4093
    0.0000   45.0000    7.5000 2081.8286   24.2551
    7.5000   45.0000    7.5000 2052.6619   24.8645
   -7.5000  -45.0000   15.0000 2525.0210   18.3992
    0.0000  -45.0000   15.0000 2540.4680   18.1825
    7.5000  -45.0000   15.0000 2509.6543   18.6335
   -7.5000  -37.5000   15.0000 2656.4197   16.6565
    0.0000  -37.5000   15.0000 2669.1140   16.4826
    7.5000  -37.5000   15.0000 2637.4207   16.9371
   -7.5000  -30.0000   15.0000 2779.7817   15.3470
    0.0000  -30.0000   15.0000 2794.6638   15.1674
    7.5000  -30.0000   15.0000 2758.3623   15.6307
   -7.5000  -22.5000   15.0000 2889.5078   14.4637
    0.0000  -22.5000   15.0000 2906.2859   14.2685
    7.5000  -22.5000   15.0000 2861.0217   14.6915
   -7.5000  -15.0000   15.0000 2972.8472   13.9111
    0.0000  -15.0000   15.0000 3008.3337   13.7290
    7.5000  -15.0000   15.0000 2931.6611   14.2193
   -7.5000   -7.5000   15.0000 3011.3604   13.8743
    0.0000   -7.5000   15.0000 3037.3535   13.6065
    7.5000   -7.5000   15.0000 2956.8862   14.1921
   -7.5000    0.0000   15.0000 2973.8013   14.2849
    0.0000    0.0000   15.0000 2990.1565   14.0596
    7.5000    0.0000   15.0000 2924.3125   14.5282
   -7.5000    7.5000   15.0000 2884.9277   15.0139
    0.0000    7.5000   15.0000 2900.9788   14.8291
    7.5000    7.5000   15.0000 2848.7954   15.2099
   -7.5000   15.0000   15.0000 2775.1001   16.0762
    0.0000   15.0000   15.0000 2785.0581   15.9415
    7.5000   15.0000   15.0000 2735.8196   16.2842
   -7.5000   22.5000   15.0000 2637.9885   17.5525
    0.0000   22.5000   15.0000 2644.1030   17.4648
    7.5000   22.5000   15.0000 2600.9895   17.8011
   -7.5000   30.0000   15.0000 2485.8997   19.4721
    0.0000   30.0000   15.0000 2493.2349   19.4027
    7.5000   30.0000   15.0000 2455.0139   19.7790
   -7.5000   37.5000   15.0000 2299.3379   21.7174
    0.0000   37.5000   15.0000 2303.6589   21.6559
    7.5000   37.5000   15.0000 2273.3994   22.1020
   -7.5000   45.0000   15.0000 2078.9395   24.1947
    0.0000   45.0000   15.0000 2084.3867   24.1057
    7.5000   45.0000   15.0000 2052.8767   24.5784
   -7.5000  -45.0000   22.5000 2522.7349   18.4574
    0.0000  -45.0000   22.5000 2538.8845   18.2627
    7.5000  -45.0000   22.5000 2508.6804   18.6804
   -7.5000  -37.5000   22.5000 2649.0671   16.7919
    0.0000  -37.5000   22.5000 2669.1509   16.6265
    7.5000  -37.5000   22.5000 2631.2998   17.0607
   -7.5000  -30.0000   22.5000 2776.3806   15.5314
    0.0000  -30.0000   22.5000 2790.2561   15.3242
    7.5000  -30.0000   22.5000 2747.7810   15.8115
   -7.5000  -22.5000   22.5000 2877.9014   14.6269
    0.0000  -22.5000   22.5000 2896.1482   14.4619
    7.5000  -22.5000   22.5000 2847.8545   14.9314
   -7.5000  -15.0000   22.5000 2955.7881   14.1417
    0.0000  -15.0000   22.5000 2978.9338   13.9681
    7.5000  -15.0000   22.5000 2915.3462   14.5081
   -7.5000   -7.5000   22.5000 2989.5564   14.1597
    0.0000   -7.5000   22.5000 3009.8716   14.0140
    7.5000   -7.5000   22.5000 2938.9949   14.4716
   -7.5000    0.0000   22.5000 2944.5901   14.5443
    0.0000    0.0000   22.5000 2961.0742   14.4036
    7.5000    0.0000   22.5000 2898.1511   14.7665
   -7.5000    7.5000   22.5000 2864.7971   15.2196
    0.0000    7.5000   22.5000 2876.7197   15.0954
    7.5000    7.5000   22.5000 2821.5408   15.4271
   -7.5000   15.0000   22.5000 2754.4917   16.2573
    0.0000   15.0000   22.5000 2764.4790   16.1268
    7.5000   15.0000   22.5000 2713.3889   16.4572
   -7.5000   22.5000   22.5000 2618.0801   17.6805
    0.0000   22.5000   22.5000 2622.9138   17.5690
    7.5000   22.5000   22.5000 2585.4468   17.8938
   -7.5000   30.0000   22.5000 2472.5674   19.5424
    0.0000   30.0000   22.5000 2476.8123   19.4207
    7.5000   30.0000   22.5000 2444.6819   19.8149
   -7.5000   37.5000   22.5000 2285.7485   21.7103
    0.0000   37.5000   22.5000 2286.0435   21.6023
    7.5000   37.5000   22.5000 2257.1047   22.0675
   -7.5000   45.0000   22.5000 2065.0356   24.1754
    0.0000   45.0000   22.5000 2073.7207   24.0608
    7.5000   45.0000   22.5000 2040.0601   24.5858
   -7.5000  -45.0000   30.0000 2508.2256   18.8414
    0.0000  -45.0000   30.0000 2528.2837   18.6744
    7.5000  -45.0000   30.0000 2497.5334   19.0551
   -7.5000  -37.5000   30.0000 2633.6169   17.2188
    0.0000  -37.5000   30.0000 2654.4390   17.0691
    7.5000  -37.5000   30.0000 2616.1633   17.5083
   -7.5000  -30.0000   30.0000 2755.8723   15.9850
    0.0000  -30.0000   30.0000 2768.4646   15.8564
    7.5000  -30.0000   30.0000 2723.5317   16.2985
   -7.5000  -22.5000   30.0000 2848.5901   15.1065
    0.0000  -22.5000   30.0000 2862.2183   14.9390
    7.5000  -22.5000   30.0000 2814.4495   15.4294
   -7.5000  -15.0000   30.0000 2915.8760   14.6739
    0.0000  -15.0000   30.0000 2926.7256   14.5204
    7.5000  -15.0000   30.0000 2869.5923   15.0023
   -7.5000   -7.5000   30.0000 2932.5881   14.7223
    0.0000   -7.5000   30.0000 2945.7786   14.5577
    7.5000   -7.5000   30.0000 2889.8823   14.9816
   -7.5000    0.0000   30.0000 2890.4290   15.0904
    0.0000    0.0000   30.0000 2901.6013   14.9199
    7.5000    0.0000   30.0000 2846.4106   15.2473
   -7.5000    7.5000   30.0000 2814.3303   15.7219
    0.0000    7.5000   30.0000 2820.9155   15.5904
    7.5000    7.5000   30.0000 2770.6282   15.8890
   -7.5000   15.0000   30.0000 2704.9456   16.7101
    0.0000   15.0000   30.0000 2715.7205   16.6445
    7.5000   15.0000   30.0000 2668.7065   16.9415
   -7.5000   22.5000   30.0000 2576.4915   18.0460
    0.0000   22.5000   30.0000 2586.6946   17.9812
    7.5000   22.5000   30.0000 2544.8008   18.3303
   -7.5000   30.0000   30.0000 2436.1384   19.8069
    0.0000   30.0000   30.0000 2440.9968   19.7489
    7.5000   30.0000   30.0000 2407.3423   20.1333
   -7.5000   37.5000   30.0000 2252.6055   22.0072
    0.0000   37.5000   30.0000 2256.9978   21.9244
    7.5000   37.5000   30.0000 2226.1250   22.3418
   -7.5000   45.0000   30.0000 2042.2336   24.4648
    0.0000   45.0000   30.0000 2049.3809   24.3460
    7.5000   45.0000   30.0000 2020.0149   24.8549
   -7.5000  -45.0000   37.5000 2480.7554   19.5162
    0.0000  -45.0000   37.5000 2496.7871   19.4051
    7.5000  -45.0000   37.5000 2464.9841   19.7434
   -7.5000  -37.5000   37.5000 2603.1528   17.9077
    0.0000  -37.5000   37.5000 2624.7168   17.8059
    7.5000  -37.5000   37.5000 2582.1968   18.1469
   -7.5000  -30.0000   37.5000 2710.3911   16.6499
    0.0000  -30.0000   37.5000 2728.0791   16.5425
    7.5000  -30.0000   37.5000 2682.4072   16.9161
   -7.5000  -22.5000   37.5000 2797.8254   15.8109
    0.0000  -22.5000   37.5000 2811.3337   15.6660
    7.5000  -22.5000   37.5000 2759.0889   16.0577
   -7.5000  -15.0000   37.5000 2853.6714   15.3953
    0.0000  -15.0000   37.5000 2859.8899   15.2603
    7.5000  -15.0000   37.5000 2808.5657   15.6387
   -7.5000   -7.5000   37.5000 2854.5347   15.4275
    0.0000   -7.5000   37.5000 2863.2720   15.2586
    7.5000   -7.5000   37.5000 2810.1084   15.6496
   -7.5000    0.0000   37.5000 2813.8708   15.7891
    0.0000    0.0000   37.5000 2816.7437   15.6047
    7.5000    0.0000   37.5000 2766.0620   15.9309
   -7.5000    7.5000   37.5000 2740.1926   16.4235
    0.0000    7.5000   37.5000 2741.4070   16.2946
    7.5000    7.5000   37.5000 2699.2422   16.5847
   -7.5000   15.0000   37.5000 2636.8403   17.3388
    0.0000   15.0000   37.5000 2644.1082   17.2750
    7.5000   15.0000   37.5000 2605.3086   17.5739
   -7.5000   22.5000   37.5000 2515.9182   18.6525
    0.0000   22.5000   37.5000 2526.3059   18.5974
    7.5000   22.5000   37.5000 2488.4495   18.9489
   -7.5000   30.0000   37.5000 2378.6951   20.4307
    0.0000   30.0000   37.5000 2382.0854   20.3395
    7.5000   30.0000   37.5000 2354.5701   20.7412
   -7.5000   37.5000   37.5000 2203.8823   22.5331
    0.0000   37.5000   37.5000 2205.4233   22.4645
    7.5000   37.5000   37.5000 2173.8645   22.9218
   -7.5000   45.0000   37.5000 2007.6240   25.0289
    0.0000   45.0000   37.5000 2009.6814   24.9437
    7.5000   45.0000   37.5000 1977.2153   25.4260
   -7.5000  -45.0000   45.0000 2421.5161   20.2683
    0.0000  -45.0000   45.0000 2433.4692   20.1484
    7.5000  -45.0000   45.0000 2397.2773   20.4647
   -7.5000  -37.5000   45.0000 2534.5208   18.6654
    0.0000  -37.5000   45.0000 2553.5952   18.5623
    7.5000  -37.5000   45.0000 2506.7759   18.9005
   -7.5000  -30.0000   45.0000 2631.7703   17.4180
    0.0000  -30.0000   45.0000 2650.2261   17.3506
    7.5000  -30.0000   45.0000 2598.9438   17.6687
   -7.5000  -22.5000   45.0000 2706.3513   16.6317
    0.0000  -22.5000   45.0000 2719.9236   16.5309
    7.5000  -22.5000   45.0000 2665.1614   16.8579
   -7.5000  -15.0000   45.0000 2745.6321   16.2397
    0.0000  -15.0000   45.0000 2748.7278   16.1219
    7.5000  -15.0000   45.0000 2699.6558   16.4519
   -7.5000   -7.5000   45.0000 2739.6682   16.2570
    0.0000   -7.5000   45.0000 2750.6104   16.1016
    7.5000   -7.5000   45.0000 2702.0508   16.4386
   -7.5000    0.0000   45.0000 2704.7676   16.5764
    0.0000    0.0000   45.0000 2710.6147   16.4017
    7.5000    0.0000   45.0000 2663.1731   16.7310
   -7.5000    7.5000   45.0000 2630.1785   17.1666
    0.0000    7.5000   45.0000 2630.2170   17.0421
    7.5000    7.5000   45.0000 2594.6094   17.3719
   -7.5000   15.0000   45.0000 2540.0496   18.0832
    0.0000   15.0000   45.0000 2541.9014   17.9986
    7.5000   15.0000   45.0000 2505.2649   18.3207
   -7.5000   22.5000   45.0000 2426.5002   19.3611
    0.0000   22.5000   45.0000 2429.3491   19.3168
    7.5000   22.5000   45.0000 2394.4773   19.6742
   -7.5000   30.0000   45.0000 2290.9834   21.1295
    0.0000   30.0000   45.0000 2294.0276   21.0800
    7.5000   30.0000   45.0000 2261.3362   21.4979
   -7.5000   37.5000   45.0000 2129.1633   23.3159
    0.0000   37.5000   45.0000 2131.1028   23.2003
    7.5000   37.5000   45.0000 2100.0981   23.7055
   -7.5000   45.0000   45.0000 1937.2445   25.7488
    0.0000   45.0000   45.0000 1936.5022   25.6085
    7.5000   45.0000   45.0000 1909.2792   26.1514

---------------------------------------------------------------------
imgreg_4dfp /opt/freesurfer/average/711-2C_as_mni_average_305 /opt/freesurfer/average/711-2B_as_mni_average_305_mask talsrcimg_g11 none talsrcimg_to_711-2C_as_mni_average_305_t4 1283
---------------------------------------------------------------------

freesurfer imgreg_4dfp.c
/opt/freesurfer/average/711-2C_as_mni_average_305.4dfp.img
       256       256       256         1
  1.000000  1.000000  1.000000
orientation T byte_order littleendian
Reading image: /opt/freesurfer/average/711-2C_as_mni_average_305.4dfp.img
dimensions:      256       256       256
mmppix:       1.0000   -1.0000   -1.0000
center:     128.0000 -129.0000 -129.0000
/opt/freesurfer/average/711-2B_as_mni_average_305_mask.4dfp.img
       256       256       256         1
  1.000000  1.000000  1.000000
orientation T byte_order littleendian
Reading mask: /opt/freesurfer/average/711-2B_as_mni_average_305_mask.4dfp.img (2306576 pixels)
talsrcimg_g11.4dfp.img
       256       256       256         1
  0.900000  0.900000  0.900000
orientation T byte_order littleendian
Reading image: talsrcimg_g11.4dfp.img
dimensions:      256       256       256
mmppix:       0.9000   -0.9000   -0.9000
center:     115.2000 -116.1000 -116.1000
rotation matrix determinant  1.000000
fimgreg.f
image alignment mode   1283 decimal      503 hex
parameters
    0.0000   -7.5000   15.0000    0.0000    0.0000    0.0000
eta,q 0.95332 13.60585
niter,ni,del,rscale     5    3   12.0000    1.2000
parameter  4 -0.600976 -> -0.500000 qaram    1.1500
parameter  6 -0.541240 -> -0.500000 qaram    1.1500
parameters
   -1.7186   -8.4267   13.6471    3.4500    0.9628    3.4500
eta,q 0.95476 13.50792
  0.0540  0.0547  0.0512  0.0540  0.0540  0.0552
  0.0506  0.0500  0.0479  0.0525  0.0508  0.0516
  0.0492  0.0476  0.0474  0.0496  0.0480  0.0485
  0.0491  0.0490  0.0480  0.0476  0.0467  0.0464
  0.0525  0.0513  0.0492  0.0469  0.0465  0.0455
  0.0590  0.0538  0.0526  0.0468  0.0480  0.0452
  0.0689  0.0583  0.0546  0.0475  0.0506  0.0462
niter,ni,del,rscale     6    3   12.0000    1.2000
parameters
   -1.6705  -10.6521   13.9890    3.4438    1.5400    2.9371
eta,q 0.95792 13.51367
  0.0587  0.0489  0.0524  0.0529  0.0513  0.0488
  0.0515  0.0425  0.0465  0.0475  0.0471  0.0449
  0.0475  0.0423  0.0426  0.0421  0.0439  0.0426
  0.0452  0.0452  0.0421  0.0423  0.0423  0.0422
  0.0477  0.0493  0.0438  0.0452  0.0428  0.0436
  0.0525  0.0548  0.0466  0.0482  0.0456  0.0467
  0.0574  0.0590  0.0489  0.0515  0.0483  0.0509
niter,ni,del,rscale     5    3   12.0000    1.2000
parameters
   -1.5611  -10.3530   14.0917    3.4233    1.5914    2.9442
eta,q 0.95767 13.50368
  0.0580  0.0590  0.0514  0.0532  0.0500  0.0500
  0.0502  0.0502  0.0459  0.0476  0.0462  0.0458
  0.0451  0.0433  0.0426  0.0422  0.0435  0.0432
  0.0421  0.0421  0.0423  0.0424  0.0423  0.0423
  0.0445  0.0449  0.0440  0.0455  0.0438  0.0433
  0.0497  0.0492  0.0474  0.0485  0.0465  0.0459
  0.0569  0.0547  0.0491  0.0517  0.0493  0.0498
niter,ni,del,rscale     4    3   12.0000    1.2000
parameters
   -1.5682  -10.2867   14.1182    3.3868    1.6025    2.9540
eta,q 0.95762 13.50059
  0.0572  0.0580  0.0511  0.0532  0.0500  0.0500
  0.0499  0.0489  0.0457  0.0476  0.0462  0.0458
  0.0452  0.0429  0.0426  0.0422  0.0435  0.0432
  0.0423  0.0423  0.0424  0.0424  0.0424  0.0424
  0.0450  0.0455  0.0442  0.0456  0.0439  0.0433
  0.0500  0.0500  0.0475  0.0485  0.0466  0.0459
  0.0573  0.0554  0.0491  0.0518  0.0494  0.0498
niter,ni,del,rscale     3    3   12.0000    1.2000
parameters
   -1.5690  -10.2648   14.1217    3.3666    1.6043    2.9594
eta,q 0.95763 13.49977
  0.0572  0.0578  0.0509  0.0533  0.0499  0.0500
  0.0499  0.0487  0.0456  0.0477  0.0462  0.0458
  0.0452  0.0428  0.0426  0.0423  0.0435  0.0432
  0.0424  0.0424  0.0424  0.0424  0.0424  0.0424
  0.0450  0.0456  0.0442  0.0456  0.0439  0.0433
  0.0500  0.0502  0.0475  0.0485  0.0467  0.0459
  0.0572  0.0555  0.0491  0.0518  0.0494  0.0498
registration optimization eta report
parameter search radius
    6.0000    6.0000    6.0000    6.9000    6.0000    6.9000
100000*second partial in parameter space
       39.       39.       21.       21.       19.       16.
  0.0572  0.0578  0.0509  0.0533  0.0499  0.0500
  0.0499  0.0487  0.0456  0.0477  0.0462  0.0458
  0.0452  0.0428  0.0426  0.0423  0.0435  0.0432
  0.0424  0.0424  0.0424  0.0424  0.0424  0.0424
  0.0450  0.0456  0.0442  0.0456  0.0439  0.0433
  0.0500  0.0502  0.0475  0.0485  0.0467  0.0459
  0.0572  0.0555  0.0491  0.0518  0.0494  0.0498
   -1.5690  -10.2648   14.1217    3.3666    1.6043    2.9594
eta,q 0.95763 13.49977

---------------------------------------------------------------------
imgreg_4dfp /opt/freesurfer/average/711-2C_as_mni_average_305 /opt/freesurfer/average/711-2B_as_mni_average_305_mask talsrcimg_g11 none talsrcimg_to_711-2C_as_mni_average_305_t4 3335
---------------------------------------------------------------------

freesurfer imgreg_4dfp.c
/opt/freesurfer/average/711-2C_as_mni_average_305.4dfp.img
       256       256       256         1
  1.000000  1.000000  1.000000
orientation T byte_order littleendian
Reading image: /opt/freesurfer/average/711-2C_as_mni_average_305.4dfp.img
dimensions:      256       256       256
mmppix:       1.0000   -1.0000   -1.0000
center:     128.0000 -129.0000 -129.0000
/opt/freesurfer/average/711-2B_as_mni_average_305_mask.4dfp.img
       256       256       256         1
  1.000000  1.000000  1.000000
orientation T byte_order littleendian
Reading mask: /opt/freesurfer/average/711-2B_as_mni_average_305_mask.4dfp.img (2306576 pixels)
talsrcimg_g11.4dfp.img
       256       256       256         1
  0.900000  0.900000  0.900000
orientation T byte_order littleendian
Reading image: talsrcimg_g11.4dfp.img
dimensions:      256       256       256
mmppix:       0.9000   -0.9000   -0.9000
center:     115.2000 -116.1000 -116.1000
fimgreg.f
image alignment mode   3335 decimal      D07 hex
parameters
   -1.5690  -10.2648   14.1217   -0.1725   -0.3142   -0.2117
   -5.3182   -2.4880    5.1609   -6.0089    2.7997    5.8701
eta,q 0.95869 13.48806
niter,ni,del,rscale     5    3    5.0000    1.2000
parameter  4  1.799377 ->  0.500000 qaram    1.1500
parameter  5  1.918963 ->  0.500000 qaram    1.1500
parameter  6  1.114990 ->  0.500000 qaram    1.1500
parameter 11  0.567189 ->  0.500000 qaram    1.1500
parameter 12  0.546724 ->  0.500000 qaram    1.1500
parameters
   -1.8817   -9.4361   14.2115   -4.3125   -4.4542   -4.3517
   -6.0297   -2.7731    4.5656   -8.0054   -1.3403    1.7301
eta,q 0.97273 12.96225
  0.0435  0.0442  0.0425  0.0334  0.0307  0.0283  0.0308  0.0331  0.0301  0.0302  0.0280  0.0276
  0.0421  0.0429  0.0416  0.0350  0.0319  0.0284  0.0295  0.0305  0.0292  0.0289  0.0277  0.0273
  0.0413  0.0419  0.0411  0.0376  0.0335  0.0294  0.0287  0.0289  0.0286  0.0282  0.0277  0.0273
  0.0413  0.0412  0.0410  0.0410  0.0356  0.0323  0.0285  0.0285  0.0285  0.0285  0.0282  0.0276
  0.0419  0.0410  0.0412  0.0450  0.0381  0.0360  0.0291  0.0294  0.0288  0.0297  0.0290  0.0284
  0.0432  0.0411  0.0416  0.0496  0.0407  0.0395  0.0303  0.0312  0.0296  0.0317  0.0302  0.0294
  0.0449  0.0418  0.0422  0.0544  0.0439  0.0434  0.0319  0.0336  0.0308  0.0340  0.0316  0.0307
niter,ni,del,rscale     7    3    5.0000    1.2000
parameter  4  0.519811 ->  0.500000 qaram    1.3225
parameters
   -1.7162   -9.5733   13.9139   -9.0735   -7.7985   -5.6468
   -4.7181   -1.3406    7.0874   -7.2456   -0.6703    0.4459
eta,q 0.97516 12.72348
  0.0315  0.0293  0.0285  0.0271  0.0267  0.0281  0.0289  0.0306  0.0278  0.0286  0.0265  0.0262
  0.0294  0.0280  0.0276  0.0262  0.0256  0.0269  0.0274  0.0284  0.0267  0.0267  0.0257  0.0254
  0.0279  0.0273  0.0272  0.0261  0.0254  0.0260  0.0263  0.0266  0.0258  0.0254  0.0252  0.0249
  0.0273  0.0272  0.0272  0.0272  0.0261  0.0253  0.0256  0.0255  0.0252  0.0249  0.0249  0.0249
  0.0275  0.0277  0.0275  0.0300  0.0273  0.0250  0.0255  0.0252  0.0249  0.0251  0.0250  0.0253
  0.0286  0.0285  0.0282  0.0340  0.0294  0.0280  0.0261  0.0260  0.0251  0.0258  0.0253  0.0261
  0.0306  0.0296  0.0293  0.0389  0.0320  0.0333  0.0273  0.0280  0.0257  0.0273  0.0261  0.0273
niter,ni,del,rscale     7    3    5.0000    1.2000
parameters
   -1.5374   -9.1869   13.6948   -9.4734   -7.8030   -5.9009
   -5.1565   -1.3334    7.2320   -6.4971   -0.3713   -0.2386
eta,q 0.97515 12.69953
  0.0285  0.0278  0.0259  0.0291  0.0284  0.0283  0.0274  0.0289  0.0266  0.0284  0.0262  0.0264
  0.0266  0.0263  0.0252  0.0273  0.0266  0.0269  0.0260  0.0270  0.0257  0.0265  0.0256  0.0256
  0.0254  0.0253  0.0248  0.0258  0.0252  0.0257  0.0251  0.0256  0.0251  0.0253  0.0251  0.0250
  0.0248  0.0248  0.0248  0.0247  0.0248  0.0248  0.0249  0.0249  0.0249  0.0249  0.0249  0.0249
  0.0250  0.0248  0.0250  0.0250  0.0255  0.0242  0.0253  0.0252  0.0250  0.0250  0.0250  0.0252
  0.0260  0.0254  0.0255  0.0271  0.0266  0.0256  0.0264  0.0267  0.0255  0.0257  0.0254  0.0259
  0.0276  0.0263  0.0263  0.0309  0.0284  0.0306  0.0281  0.0292  0.0265  0.0271  0.0261  0.0270
niter,ni,del,rscale     6    3    5.0000    1.2000
parameters
   -1.5043   -9.0170   13.5864   -9.4983   -7.8683   -5.8895
   -5.2248   -1.3727    7.3415   -6.1168   -0.2980   -0.5720
eta,q 0.97518 12.69531
  0.0280  0.0273  0.0261  0.0293  0.0283  0.0285  0.0275  0.0288  0.0264  0.0280  0.0261  0.0265
  0.0263  0.0260  0.0253  0.0275  0.0265  0.0270  0.0261  0.0269  0.0256  0.0262  0.0255  0.0256
  0.0252  0.0252  0.0249  0.0260  0.0251  0.0258  0.0252  0.0255  0.0250  0.0252  0.0250  0.0250
  0.0248  0.0248  0.0248  0.0248  0.0248  0.0248  0.0248  0.0248  0.0248  0.0248  0.0248  0.0248
  0.0252  0.0250  0.0251  0.0249  0.0255  0.0242  0.0251  0.0251  0.0249  0.0250  0.0249  0.0251
  0.0262  0.0256  0.0256  0.0267  0.0266  0.0253  0.0261  0.0266  0.0254  0.0258  0.0254  0.0258
  0.0279  0.0267  0.0263  0.0303  0.0284  0.0301  0.0277  0.0292  0.0264  0.0274  0.0262  0.0268
niter,ni,del,rscale     5    3    5.0000    1.2000
parameters
   -1.5042   -8.9293   13.5474   -9.5151   -7.9612   -5.8627
   -5.2359   -1.4057    7.4197   -5.9259   -0.2878   -0.7364
eta,q 0.97520 12.69154
  0.0279  0.0271  0.0261  0.0293  0.0283  0.0285  0.0275  0.0287  0.0263  0.0278  0.0261  0.0265
  0.0262  0.0259  0.0254  0.0275  0.0265  0.0270  0.0261  0.0269  0.0255  0.0261  0.0255  0.0257
  0.0252  0.0251  0.0249  0.0260  0.0251  0.0258  0.0252  0.0255  0.0250  0.0251  0.0250  0.0250
  0.0248  0.0248  0.0248  0.0248  0.0248  0.0248  0.0248  0.0248  0.0248  0.0248  0.0248  0.0248
  0.0252  0.0250  0.0250  0.0249  0.0255  0.0242  0.0251  0.0251  0.0249  0.0250  0.0249  0.0251
  0.0262  0.0256  0.0255  0.0267  0.0266  0.0253  0.0261  0.0266  0.0254  0.0258  0.0253  0.0257
  0.0279  0.0268  0.0262  0.0302  0.0284  0.0301  0.0276  0.0292  0.0264  0.0275  0.0262  0.0267
niter,ni,del,rscale     4    3    5.0000    1.2000
parameters
   -1.5089   -8.8767   13.5287   -9.5127   -8.0260   -5.8509
   -5.2523   -1.4254    7.4641   -5.8164   -0.2914   -0.8293
eta,q 0.97521 12.68922
  0.0279  0.0270  0.0261  0.0292  0.0283  0.0285  0.0275  0.0287  0.0263  0.0277  0.0261  0.0266
  0.0262  0.0258  0.0254  0.0275  0.0266  0.0270  0.0261  0.0268  0.0255  0.0260  0.0254  0.0257
  0.0252  0.0251  0.0249  0.0260  0.0251  0.0258  0.0251  0.0255  0.0250  0.0251  0.0250  0.0250
  0.0248  0.0248  0.0248  0.0248  0.0248  0.0248  0.0248  0.0248  0.0248  0.0248  0.0248  0.0248
  0.0252  0.0250  0.0250  0.0248  0.0255  0.0241  0.0251  0.0251  0.0249  0.0250  0.0249  0.0250
  0.0262  0.0257  0.0254  0.0266  0.0266  0.0253  0.0261  0.0266  0.0254  0.0259  0.0253  0.0257
  0.0279  0.0268  0.0261  0.0302  0.0284  0.0301  0.0276  0.0291  0.0264  0.0275  0.0262  0.0267
niter,ni,del,rscale     3    3    5.0000    1.2000
parameters
   -1.5120   -8.8448   13.5163   -9.5113   -8.0701   -5.8444
   -5.2611   -1.4364    7.5040   -5.7464   -0.3035   -0.8863
eta,q 0.97522 12.68764
  0.0279  0.0270  0.0261  0.0292  0.0284  0.0285  0.0275  0.0287  0.0263  0.0276  0.0261  0.0266
  0.0262  0.0258  0.0254  0.0274  0.0266  0.0270  0.0261  0.0268  0.0255  0.0260  0.0254  0.0257
  0.0251  0.0251  0.0249  0.0259  0.0251  0.0257  0.0251  0.0255  0.0250  0.0251  0.0250  0.0250
  0.0248  0.0248  0.0248  0.0248  0.0248  0.0248  0.0248  0.0248  0.0248  0.0248  0.0248  0.0248
  0.0251  0.0250  0.0250  0.0248  0.0255  0.0241  0.0251  0.0251  0.0249  0.0250  0.0249  0.0250
  0.0262  0.0257  0.0254  0.0266  0.0266  0.0253  0.0260  0.0265  0.0254  0.0259  0.0253  0.0256
  0.0279  0.0269  0.0261  0.0301  0.0283  0.0302  0.0276  0.0291  0.0263  0.0275  0.0262  0.0267
niter,ni,del,rscale     2    3    5.0000    1.2000
parameters
   -1.5130   -8.8222   13.5107   -9.5115   -8.0996   -5.8378
   -5.2673   -1.4422    7.5259   -5.7052   -0.3096   -0.9212
eta,q 0.97522 12.68651
  0.0278  0.0269  0.0261  0.0292  0.0284  0.0285  0.0275  0.0287  0.0263  0.0276  0.0261  0.0266
  0.0262  0.0258  0.0254  0.0274  0.0266  0.0270  0.0261  0.0268  0.0255  0.0260  0.0254  0.0257
  0.0251  0.0251  0.0249  0.0259  0.0252  0.0257  0.0251  0.0255  0.0250  0.0251  0.0250  0.0250
  0.0248  0.0248  0.0248  0.0248  0.0248  0.0248  0.0248  0.0248  0.0248  0.0248  0.0248  0.0248
  0.0251  0.0250  0.0250  0.0248  0.0255  0.0241  0.0251  0.0251  0.0249  0.0250  0.0249  0.0250
  0.0262  0.0257  0.0254  0.0266  0.0266  0.0253  0.0260  0.0265  0.0254  0.0259  0.0253  0.0256
  0.0279  0.0269  0.0261  0.0301  0.0283  0.0302  0.0276  0.0291  0.0264  0.0276  0.0262  0.0266
registration optimization eta report
parameter search radius
    2.4000    2.4000    2.4000    9.5220    8.2800    8.2800
    7.2000    7.2000    7.2000    7.2000    8.2800    8.2800
100000*second partial in parameter space
       53.       37.       23.        5.        5.        7.
        5.        8.        3.        5.        2.        3.
  0.0278  0.0269  0.0261  0.0292  0.0284  0.0285  0.0275  0.0287  0.0263  0.0276  0.0261  0.0266
  0.0262  0.0258  0.0254  0.0274  0.0266  0.0270  0.0261  0.0268  0.0255  0.0260  0.0254  0.0257
  0.0251  0.0251  0.0249  0.0259  0.0252  0.0257  0.0251  0.0255  0.0250  0.0251  0.0250  0.0250
  0.0248  0.0248  0.0248  0.0248  0.0248  0.0248  0.0248  0.0248  0.0248  0.0248  0.0248  0.0248
  0.0251  0.0250  0.0250  0.0248  0.0255  0.0241  0.0251  0.0251  0.0249  0.0250  0.0249  0.0250
  0.0262  0.0257  0.0254  0.0266  0.0266  0.0253  0.0260  0.0265  0.0254  0.0259  0.0253  0.0256
  0.0279  0.0269  0.0261  0.0301  0.0283  0.0302  0.0276  0.0291  0.0264  0.0276  0.0262  0.0266
   -1.5130   -8.8222   13.5107   -9.5115   -8.0996   -5.8378
   -5.2673   -1.4422    7.5259   -5.7052   -0.3096   -0.9212
eta,q 0.97522 12.68651

---------------------------------------------------------------------
imgreg_4dfp /opt/freesurfer/average/711-2C_as_mni_average_305 /opt/freesurfer/average/711-2B_as_mni_average_305_mask talsrcimg_g11 none talsrcimg_to_711-2C_as_mni_average_305_t4 2311
---------------------------------------------------------------------

freesurfer imgreg_4dfp.c
/opt/freesurfer/average/711-2C_as_mni_average_305.4dfp.img
       256       256       256         1
  1.000000  1.000000  1.000000
orientation T byte_order littleendian
Reading image: /opt/freesurfer/average/711-2C_as_mni_average_305.4dfp.img
dimensions:      256       256       256
mmppix:       1.0000   -1.0000   -1.0000
center:     128.0000 -129.0000 -129.0000
/opt/freesurfer/average/711-2B_as_mni_average_305_mask.4dfp.img
       256       256       256         1
  1.000000  1.000000  1.000000
orientation T byte_order littleendian
Reading mask: /opt/freesurfer/average/711-2B_as_mni_average_305_mask.4dfp.img (2306576 pixels)
talsrcimg_g11.4dfp.img
       256       256       256         1
  0.900000  0.900000  0.900000
orientation T byte_order littleendian
Reading image: talsrcimg_g11.4dfp.img
dimensions:      256       256       256
mmppix:       0.9000   -0.9000   -0.9000
center:     115.2000 -116.1000 -116.1000
fimgreg.f
image alignment mode   2311 decimal      907 hex
parameters
   -1.5130   -8.8222   13.5107   -9.5115   -8.0996   -5.8378
   -5.2673   -1.4422    7.5259   -5.7052   -0.3096   -0.9212
eta,q 0.97522 12.68651
niter,ni,del,rscale     5    3    5.0000    0.8000
parameter  6 -0.519106 -> -0.500000 qaram    1.1500
parameters
   -1.5092   -8.7911   13.4744   -8.2454   -8.5477   -3.0778
   -5.3010   -1.7351    7.4586   -5.5522   -1.0167   -0.8710
eta,q 0.97601 12.76018
  0.0262  0.0258  0.0254  0.0267  0.0259  0.0265  0.0254  0.0264  0.0248  0.0259  0.0245  0.0249
  0.0254  0.0252  0.0250  0.0259  0.0251  0.0257  0.0247  0.0251  0.0244  0.0249  0.0242  0.0244
  0.0249  0.0249  0.0248  0.0253  0.0246  0.0251  0.0242  0.0243  0.0241  0.0243  0.0240  0.0241
  0.0248  0.0248  0.0248  0.0248  0.0246  0.0246  0.0240  0.0240  0.0240  0.0240  0.0240  0.0240
  0.0249  0.0249  0.0249  0.0246  0.0250  0.0242  0.0242  0.0244  0.0241  0.0241  0.0242  0.0241
  0.0254  0.0252  0.0251  0.0248  0.0256  0.0240  0.0247  0.0255  0.0244  0.0247  0.0245  0.0244
  0.0262  0.0257  0.0254  0.0255  0.0263  0.0246  0.0255  0.0271  0.0249  0.0257  0.0250  0.0249
niter,ni,del,rscale     5    3    5.0000    0.8000
parameters
   -1.5686   -8.8241   13.7566   -8.6721   -9.1056   -4.0830
   -5.1513   -1.4259    7.8898   -5.7048   -0.7525   -0.7559
eta,q 0.97586 12.72472
  0.0254  0.0251  0.0252  0.0253  0.0254  0.0257  0.0256  0.0266  0.0250  0.0254  0.0248  0.0249
  0.0246  0.0245  0.0246  0.0246  0.0245  0.0250  0.0249  0.0255  0.0246  0.0247  0.0245  0.0245
  0.0241  0.0241  0.0242  0.0241  0.0240  0.0244  0.0244  0.0246  0.0243  0.0243  0.0243  0.0243
  0.0240  0.0240  0.0240  0.0240  0.0240  0.0239  0.0242  0.0242  0.0242  0.0241  0.0241  0.0241
  0.0242  0.0241  0.0240  0.0242  0.0244  0.0240  0.0243  0.0243  0.0242  0.0243  0.0242  0.0242
  0.0248  0.0245  0.0242  0.0249  0.0252  0.0259  0.0247  0.0250  0.0244  0.0248  0.0244  0.0245
  0.0257  0.0252  0.0246  0.0261  0.0260  0.0294  0.0255  0.0262  0.0248  0.0256  0.0247  0.0249
niter,ni,del,rscale     4    3    5.0000    0.7000
parameters
   -1.5468   -8.7365   13.5739   -8.3642   -9.0893   -4.1763
   -5.3302   -1.4273    7.8241   -5.5727   -0.8072   -0.8251
eta,q 0.97587 12.73052
  0.0253  0.0251  0.0245  0.0255  0.0256  0.0257  0.0251  0.0260  0.0247  0.0253  0.0246  0.0247
  0.0247  0.0246  0.0243  0.0249  0.0248  0.0250  0.0246  0.0250  0.0244  0.0247  0.0243  0.0244
  0.0243  0.0243  0.0241  0.0244  0.0243  0.0245  0.0242  0.0244  0.0242  0.0243  0.0242  0.0242
  0.0241  0.0241  0.0241  0.0241  0.0241  0.0241  0.0241  0.0241  0.0241  0.0241  0.0241  0.0241
  0.0243  0.0242  0.0242  0.0242  0.0243  0.0238  0.0243  0.0243  0.0242  0.0242  0.0242  0.0242
  0.0246  0.0244  0.0244  0.0246  0.0248  0.0245  0.0247  0.0250  0.0244  0.0245  0.0244  0.0244
  0.0253  0.0249  0.0247  0.0253  0.0255  0.0265  0.0253  0.0261  0.0248  0.0252  0.0246  0.0248
niter,ni,del,rscale     3    3    5.0000    0.6000
parameters
   -1.5448   -8.6818   13.5795   -8.2294   -9.1466   -3.7841
   -5.3256   -1.4531    7.8126   -5.4516   -0.9692   -0.8657
eta,q 0.97599 12.73777
  0.0250  0.0248  0.0245  0.0252  0.0252  0.0254  0.0248  0.0254  0.0245  0.0249  0.0244  0.0245
  0.0245  0.0245  0.0243  0.0247  0.0246  0.0249  0.0244  0.0247  0.0242  0.0245  0.0242  0.0242
  0.0242  0.0242  0.0242  0.0243  0.0242  0.0245  0.0241  0.0242  0.0241  0.0242  0.0241  0.0241
  0.0241  0.0241  0.0241  0.0241  0.0241  0.0241  0.0240  0.0240  0.0240  0.0240  0.0240  0.0240
  0.0242  0.0242  0.0242  0.0242  0.0243  0.0238  0.0241  0.0242  0.0241  0.0241  0.0241  0.0241
  0.0245  0.0244  0.0243  0.0245  0.0247  0.0241  0.0244  0.0247  0.0242  0.0243  0.0242  0.0242
  0.0250  0.0247  0.0245  0.0251  0.0252  0.0253  0.0248  0.0255  0.0245  0.0248  0.0245  0.0245
niter,ni,del,rscale     2    3    5.0000    0.5000
parameters
   -1.5524   -8.6634   13.5906   -8.2651   -9.2780   -3.4139
   -5.3034   -1.4666    7.8791   -5.3911   -1.1718   -0.8929
eta,q 0.97608 12.73757
  0.0246  0.0245  0.0243  0.0247  0.0248  0.0250  0.0245  0.0250  0.0243  0.0246  0.0242  0.0243
  0.0243  0.0242  0.0241  0.0243  0.0243  0.0246  0.0242  0.0244  0.0241  0.0242  0.0240  0.0241
  0.0241  0.0241  0.0241  0.0241  0.0241  0.0243  0.0240  0.0241  0.0240  0.0240  0.0240  0.0240
  0.0240  0.0240  0.0240  0.0240  0.0240  0.0240  0.0239  0.0239  0.0239  0.0239  0.0239  0.0239
  0.0241  0.0241  0.0241  0.0241  0.0242  0.0238  0.0240  0.0240  0.0240  0.0240  0.0240  0.0240
  0.0243  0.0242  0.0241  0.0243  0.0245  0.0240  0.0242  0.0244  0.0241  0.0242  0.0241  0.0241
  0.0246  0.0245  0.0243  0.0247  0.0249  0.0249  0.0245  0.0250  0.0242  0.0246  0.0243  0.0243
niter,ni,del,rscale     1    3    5.0000    0.4000
parameters
   -1.5608   -8.6518   13.6161   -8.3147   -9.4119   -3.0279
   -5.3042   -1.4768    7.9404   -5.3354   -1.3207   -0.9609
eta,q 0.97616 12.73649
  0.0243  0.0242  0.0241  0.0244  0.0244  0.0247  0.0242  0.0245  0.0241  0.0243  0.0240  0.0240
  0.0241  0.0241  0.0240  0.0241  0.0241  0.0244  0.0240  0.0242  0.0239  0.0241  0.0239  0.0239
  0.0240  0.0240  0.0239  0.0240  0.0240  0.0242  0.0239  0.0239  0.0239  0.0239  0.0239  0.0239
  0.0239  0.0239  0.0239  0.0239  0.0239  0.0239  0.0238  0.0238  0.0238  0.0238  0.0238  0.0238
  0.0240  0.0240  0.0240  0.0240  0.0240  0.0238  0.0239  0.0239  0.0239  0.0239  0.0239  0.0239
  0.0241  0.0241  0.0240  0.0241  0.0242  0.0239  0.0240  0.0242  0.0239  0.0240  0.0239  0.0239
  0.0243  0.0242  0.0241  0.0244  0.0245  0.0245  0.0242  0.0246  0.0240  0.0243  0.0241  0.0241
registration optimization eta report
parameter search radius
    0.8000    0.8000    0.8000    2.4000    2.4000    2.7600
    2.4000    2.4000    2.4000    2.4000    2.4000    2.4000
100000*second partial in parameter space
       60.       47.       29.        8.       10.        9.
        6.       12.        4.        8.        3.        4.
  0.0243  0.0242  0.0241  0.0244  0.0244  0.0247  0.0242  0.0245  0.0241  0.0243  0.0240  0.0240
  0.0241  0.0241  0.0240  0.0241  0.0241  0.0244  0.0240  0.0242  0.0239  0.0241  0.0239  0.0239
  0.0240  0.0240  0.0239  0.0240  0.0240  0.0242  0.0239  0.0239  0.0239  0.0239  0.0239  0.0239
  0.0239  0.0239  0.0239  0.0239  0.0239  0.0239  0.0238  0.0238  0.0238  0.0238  0.0238  0.0238
  0.0240  0.0240  0.0240  0.0240  0.0240  0.0238  0.0239  0.0239  0.0239  0.0239  0.0239  0.0239
  0.0241  0.0241  0.0240  0.0241  0.0242  0.0239  0.0240  0.0242  0.0239  0.0240  0.0239  0.0239
  0.0243  0.0242  0.0241  0.0244  0.0245  0.0245  0.0242  0.0246  0.0240  0.0243  0.0241  0.0241
   -1.5608   -8.6518   13.6161   -8.3147   -9.4119   -3.0279
   -5.3042   -1.4768    7.9404   -5.3354   -1.3207   -0.9609
eta,q 0.97616 12.73649

---------------------------------------------------------------------
imgreg_4dfp /opt/freesurfer/average/711-2C_as_mni_average_305 /opt/freesurfer/average/711-2B_as_mni_average_305_mask talsrcimg_g11 none talsrcimg_to_711-2C_as_mni_average_305_t4 2311
---------------------------------------------------------------------

freesurfer imgreg_4dfp.c
/opt/freesurfer/average/711-2C_as_mni_average_305.4dfp.img
       256       256       256         1
  1.000000  1.000000  1.000000
orientation T byte_order littleendian
Reading image: /opt/freesurfer/average/711-2C_as_mni_average_305.4dfp.img
dimensions:      256       256       256
mmppix:       1.0000   -1.0000   -1.0000
center:     128.0000 -129.0000 -129.0000
/opt/freesurfer/average/711-2B_as_mni_average_305_mask.4dfp.img
       256       256       256         1
  1.000000  1.000000  1.000000
orientation T byte_order littleendian
Reading mask: /opt/freesurfer/average/711-2B_as_mni_average_305_mask.4dfp.img (2306576 pixels)
talsrcimg_g11.4dfp.img
       256       256       256         1
  0.900000  0.900000  0.900000
orientation T byte_order littleendian
Reading image: talsrcimg_g11.4dfp.img
dimensions:      256       256       256
mmppix:       0.9000   -0.9000   -0.9000
center:     115.2000 -116.1000 -116.1000
fimgreg.f
image alignment mode   2311 decimal      907 hex
parameters
   -1.5608   -8.6518   13.6161   -8.3147   -9.4119   -3.0279
   -5.3042   -1.4768    7.9404   -5.3354   -1.3207   -0.9609
eta,q 0.97616 12.73649
niter,ni,del,rscale     5    3    5.0000    0.8000
parameters
   -1.5486   -8.6641   13.7110   -8.6087   -9.3551   -3.8230
   -5.2782   -1.4095    8.0209   -5.4605   -0.9594   -0.9220
eta,q 0.97596 12.72084
  0.0254  0.0250  0.0248  0.0253  0.0258  0.0253  0.0254  0.0264  0.0248  0.0254  0.0248  0.0248
  0.0245  0.0244  0.0243  0.0246  0.0248  0.0247  0.0247  0.0253  0.0244  0.0247  0.0244  0.0244
  0.0240  0.0240  0.0239  0.0240  0.0241  0.0243  0.0242  0.0244  0.0242  0.0242  0.0242  0.0242
  0.0238  0.0238  0.0238  0.0238  0.0238  0.0238  0.0240  0.0240  0.0240  0.0240  0.0240  0.0240
  0.0240  0.0240  0.0239  0.0241  0.0241  0.0239  0.0242  0.0242  0.0241  0.0242  0.0241  0.0241
  0.0245  0.0244  0.0242  0.0247  0.0248  0.0253  0.0246  0.0250  0.0244  0.0247  0.0243  0.0244
  0.0253  0.0250  0.0246  0.0258  0.0256  0.0280  0.0254  0.0264  0.0248  0.0256  0.0246  0.0248
niter,ni,del,rscale     4    3    5.0000    0.7000
parameters
   -1.5425   -8.6583   13.5688   -8.3757   -9.2227   -3.8310
   -5.3572   -1.4505    7.9094   -5.4080   -0.9657   -0.9262
eta,q 0.97597 12.73103
  0.0252  0.0249  0.0245  0.0254  0.0256  0.0253  0.0250  0.0259  0.0246  0.0252  0.0245  0.0246
  0.0246  0.0244  0.0242  0.0248  0.0248  0.0248  0.0245  0.0249  0.0243  0.0246  0.0243  0.0243
  0.0242  0.0242  0.0241  0.0243  0.0242  0.0244  0.0241  0.0243  0.0241  0.0242  0.0241  0.0241
  0.0240  0.0240  0.0240  0.0240  0.0240  0.0240  0.0240  0.0240  0.0240  0.0240  0.0240  0.0240
  0.0242  0.0241  0.0242  0.0241  0.0242  0.0238  0.0242  0.0242  0.0241  0.0241  0.0241  0.0241
  0.0246  0.0244  0.0243  0.0245  0.0247  0.0243  0.0245  0.0249  0.0243  0.0245  0.0243  0.0243
  0.0252  0.0249  0.0247  0.0252  0.0254  0.0259  0.0251  0.0260  0.0247  0.0252  0.0246  0.0247
niter,ni,del,rscale     3    3    5.0000    0.6000
parameters
   -1.5456   -8.6495   13.5764   -8.2926   -9.2487   -3.5019
   -5.3218   -1.4818    7.8786   -5.3812   -1.1131   -0.9252
eta,q 0.97606 12.73625
  0.0249  0.0247  0.0244  0.0250  0.0252  0.0251  0.0247  0.0254  0.0244  0.0248  0.0243  0.0244
  0.0244  0.0243  0.0242  0.0245  0.0245  0.0247  0.0243  0.0246  0.0241  0.0244  0.0241  0.0242
  0.0241  0.0241  0.0241  0.0242  0.0241  0.0243  0.0240  0.0241  0.0240  0.0241  0.0240  0.0240
  0.0240  0.0240  0.0240  0.0240  0.0240  0.0240  0.0239  0.0239  0.0239  0.0239  0.0239  0.0239
  0.0241  0.0241  0.0241  0.0241  0.0242  0.0238  0.0240  0.0241  0.0240  0.0240  0.0240  0.0240
  0.0244  0.0243  0.0242  0.0244  0.0246  0.0241  0.0243  0.0246  0.0241  0.0243  0.0241  0.0242
  0.0249  0.0247  0.0244  0.0250  0.0251  0.0250  0.0247  0.0255  0.0244  0.0249  0.0244  0.0244
niter,ni,del,rscale     2    3    5.0000    0.5000
parameters
   -1.5585   -8.6498   13.6083   -8.3161   -9.3571   -3.1634
   -5.3077   -1.4869    7.9198   -5.3518   -1.2773   -0.9447
eta,q 0.97613 12.73641
  0.0245  0.0244  0.0243  0.0246  0.0247  0.0248  0.0244  0.0249  0.0242  0.0246  0.0241  0.0242
  0.0242  0.0242  0.0241  0.0243  0.0243  0.0245  0.0241  0.0244  0.0240  0.0242  0.0240  0.0240
  0.0240  0.0240  0.0240  0.0240  0.0240  0.0242  0.0239  0.0240  0.0239  0.0240  0.0239  0.0239
  0.0239  0.0239  0.0239  0.0239  0.0239  0.0239  0.0239  0.0239  0.0239  0.0239  0.0239  0.0239
  0.0240  0.0240  0.0240  0.0240  0.0241  0.0238  0.0239  0.0240  0.0239  0.0239  0.0239  0.0239
  0.0242  0.0241  0.0241  0.0243  0.0244  0.0240  0.0241  0.0243  0.0240  0.0242  0.0240  0.0240
  0.0246  0.0244  0.0242  0.0246  0.0248  0.0247  0.0244  0.0250  0.0242  0.0246  0.0242  0.0242
niter,ni,del,rscale     1    3    5.0000    0.4000
parameters
   -1.5652   -8.6534   13.6527   -8.3686   -9.4726   -2.8150
   -5.2932   -1.4937    7.9816   -5.3351   -1.3768   -1.0076
eta,q 0.97620 12.73526
  0.0243  0.0242  0.0241  0.0243  0.0244  0.0245  0.0241  0.0245  0.0240  0.0243  0.0240  0.0240
  0.0240  0.0240  0.0240  0.0241  0.0241  0.0243  0.0240  0.0241  0.0239  0.0240  0.0239  0.0239
  0.0239  0.0239  0.0239  0.0239  0.0239  0.0241  0.0238  0.0239  0.0238  0.0239  0.0238  0.0238
  0.0239  0.0239  0.0239  0.0239  0.0239  0.0239  0.0238  0.0238  0.0238  0.0238  0.0238  0.0238
  0.0239  0.0239  0.0239  0.0239  0.0240  0.0238  0.0238  0.0239  0.0238  0.0238  0.0238  0.0238
  0.0240  0.0240  0.0239  0.0241  0.0242  0.0239  0.0239  0.0241  0.0239  0.0240  0.0239  0.0239
  0.0243  0.0242  0.0240  0.0243  0.0245  0.0244  0.0241  0.0245  0.0240  0.0243  0.0240  0.0240
registration optimization eta report
parameter search radius
    0.8000    0.8000    0.8000    2.4000    2.4000    2.4000
    2.4000    2.4000    2.4000    2.4000    2.4000    2.4000
100000*second partial in parameter space
       61.       47.       32.        8.       10.       10.
        6.       13.        4.        8.        3.        4.
  0.0243  0.0242  0.0241  0.0243  0.0244  0.0245  0.0241  0.0245  0.0240  0.0243  0.0240  0.0240
  0.0240  0.0240  0.0240  0.0241  0.0241  0.0243  0.0240  0.0241  0.0239  0.0240  0.0239  0.0239
  0.0239  0.0239  0.0239  0.0239  0.0239  0.0241  0.0238  0.0239  0.0238  0.0239  0.0238  0.0238
  0.0239  0.0239  0.0239  0.0239  0.0239  0.0239  0.0238  0.0238  0.0238  0.0238  0.0238  0.0238
  0.0239  0.0239  0.0239  0.0239  0.0240  0.0238  0.0238  0.0239  0.0238  0.0238  0.0238  0.0238
  0.0240  0.0240  0.0239  0.0241  0.0242  0.0239  0.0239  0.0241  0.0239  0.0240  0.0239  0.0239
  0.0243  0.0242  0.0240  0.0243  0.0245  0.0244  0.0241  0.0245  0.0240  0.0243  0.0240  0.0240
   -1.5652   -8.6534   13.6527   -8.3686   -9.4726   -2.8150
   -5.2932   -1.4937    7.9816   -5.3351   -1.3768   -1.0076
eta,q 0.97620 12.73526

---------------------------------------------------------------------
compute_vox2vox talsrcimg talsrcimg_to_711-2C_as_mni_average_305_t4 /opt/freesurfer/average/711-2C_as_mni_average_305
---------------------------------------------------------------------

freesurfer compute_vox2vox.c
Reading: talsrcimg.4dfp.ifh
Reading: talsrcimg_to_711-2C_as_mni_average_305_t4
Reading: /opt/freesurfer/average/711-2C_as_mni_average_305.4dfp.ifh
Writing: talsrcimg_to_711-2C_as_mni_average_305_t4_vox2vox.txt

start time Wed Mar 11 20:25:32 CET 2026
end		time Wed Mar 11 20:26:58 CET 2026

mpr2mni305 success

avi2talxfm orig_nu.mgz /opt/freesurfer/average/mni305.cor.mgz talsrcimg_to_711-2C_as_mni_average_305_t4_vox2vox.txt transforms/talairach.auto.xfm
avi2talxfm done
mv -f /out/sourcedata/freesurfer/sub-v2s1x29888_ses-1/mri/talsrcimg_to_711-2C_as_mni_average_305_t4_vox2vox.txt /out/sourcedata/freesurfer/sub-v2s1x29888_ses-1/mri/transforms/talsrcimg_to_711-2C_as_mni_average_305_t4_vox2vox.txt
lta_convert --src orig_nu.mgz --trg /opt/freesurfer/average/mni305.cor.mgz --inxfm transforms/talairach.auto.xfm --outlta transforms/talairach.auto.xfm.lta --subject fsaverage
7.3.2

--src: orig_nu.mgz src image (geometry).
--trg: /opt/freesurfer/average/mni305.cor.mgz trg image (geometry).
--inmni: transforms/talairach.auto.xfm input MNI/XFM transform.
--outlta: transforms/talairach.auto.xfm.lta output LTA.
--s: fsaverage subject name
 LTA read, type : 1
 1.08608   0.02019   0.06373  -3.46019;
 0.01440   1.02986   0.01230  -51.70697;
-0.09491   0.05891   1.09974  -43.51121;
 0.00000   0.00000   0.00000   1.00000;
setting subject to fsaverage
Writing  LTA to file transforms/talairach.auto.xfm.lta...
lta_convert successful.
 
 
Started at Wed Mar 11 20:25:32 CET 2026
Ended   at Wed Mar 11 20:26:59 CET 2026
talairach_avi done
