status file for recon-all
Thu Mar 12 19:34:18 CET 2026
#@# MotionCor Thu Mar 12 19:34:20 CET 2026
#@# Talairach Thu Mar 12 19:34:26 CET 2026
#@# Talairach Failure Detection Thu Mar 12 19:37:15 CET 2026
#@# Nu Intensity Correction Thu Mar 12 19:37:15 CET 2026
#@# Intensity Normalization Thu Mar 12 19:40:01 CET 2026
recon-all -s sub-v2s1x29893_ses-1 finished without error at Thu Mar 12 19:41:02 CET 2026



#New# invocation of recon-all 



status file for recon-all
Thu Mar 12 19:47:19 CET 2026
#@# EM Registration Thu Mar 12 19:47:19 CET 2026
recon-all -s sub-v2s1x29893_ses-1 finished without error at Thu Mar 12 19:48:41 CET 2026



#New# invocation of recon-all 



status file for recon-all
Thu Mar 12 19:48:45 CET 2026
#@# CA Normalize Thu Mar 12 19:48:45 CET 2026
#@# CA Reg Thu Mar 12 19:49:38 CET 2026
#@# SubCort Seg Thu Mar 12 20:33:53 CET 2026
#@# CC Seg Thu Mar 12 21:03:00 CET 2026
#@# Merge ASeg Thu Mar 12 21:04:00 CET 2026
#@# Intensity Normalization2 Thu Mar 12 21:04:00 CET 2026
#@# Mask BFS Thu Mar 12 21:05:33 CET 2026
#@# WM Segmentation Thu Mar 12 21:05:34 CET 2026
#@# Fill Thu Mar 12 21:07:19 CET 2026
recon-all -s sub-v2s1x29893_ses-1 finished without error at Thu Mar 12 21:07:58 CET 2026



#New# invocation of recon-all 



status file for recon-all
Thu Mar 12 22:18:14 CET 2026
#@# white curv lh Thu Mar 12 22:18:14 CET 2026
#@# white area lh Thu Mar 12 22:18:14 CET 2026
#@# pial curv lh Thu Mar 12 22:18:14 CET 2026
#@# pial area lh Thu Mar 12 22:18:14 CET 2026
#@# thickness lh Thu Mar 12 22:18:14 CET 2026
#@# area and vertex vol lh Thu Mar 12 22:18:14 CET 2026
#@# white curv rh Thu Mar 12 22:18:14 CET 2026
#@# white area rh Thu Mar 12 22:18:14 CET 2026
#@# pial curv rh Thu Mar 12 22:18:14 CET 2026
#@# pial area rh Thu Mar 12 22:18:14 CET 2026
#@# thickness rh Thu Mar 12 22:18:14 CET 2026
#@# area and vertex vol rh Thu Mar 12 22:18:14 CET 2026
#@# Cortical ribbon mask Thu Mar 12 22:18:14 CET 2026
recon-all -s sub-v2s1x29893_ses-1 finished without error at Thu Mar 12 22:26:01 CET 2026



#New# invocation of recon-all 



status file for recon-all
Thu Mar 12 22:34:00 CET 2026
#@# white curv lh Thu Mar 12 22:34:01 CET 2026
#@# white area lh Thu Mar 12 22:34:01 CET 2026
#@# pial curv lh Thu Mar 12 22:34:01 CET 2026
#@# pial area lh Thu Mar 12 22:34:01 CET 2026
#@# thickness lh Thu Mar 12 22:34:01 CET 2026
#@# area and vertex vol lh Thu Mar 12 22:34:01 CET 2026
#@# white curv rh Thu Mar 12 22:34:01 CET 2026
#@# white area rh Thu Mar 12 22:34:01 CET 2026
#@# pial curv rh Thu Mar 12 22:34:01 CET 2026
#@# pial area rh Thu Mar 12 22:34:01 CET 2026
#@# thickness rh Thu Mar 12 22:34:01 CET 2026
#@# area and vertex vol rh Thu Mar 12 22:34:01 CET 2026
#@# Curvature Stats lh Thu Mar 12 22:34:01 CET 2026
#@# Curvature Stats rh Thu Mar 12 22:34:04 CET 2026
#@# Relabel Hypointensities Thu Mar 12 22:34:06 CET 2026
#@# APas-to-ASeg Thu Mar 12 22:34:22 CET 2026
#@# AParc-to-ASeg aparc Thu Mar 12 22:34:33 CET 2026
#@# AParc-to-ASeg aparc.a2009s Thu Mar 12 22:35:34 CET 2026
#@# AParc-to-ASeg aparc.DKTatlas Thu Mar 12 22:36:40 CET 2026
#@# WMParc Thu Mar 12 22:37:38 CET 2026
#@# ASeg Stats Thu Mar 12 22:39:56 CET 2026
recon-all -s sub-v2s1x29893_ses-1 finished without error at Thu Mar 12 22:40:15 CET 2026
