status file for recon-all
Thu Mar 12 21:44:14 CET 2026
#@# Tessellate rh Thu Mar 12 21:44:14 CET 2026
#@# Smooth1 rh Thu Mar 12 21:44:17 CET 2026
#@# Inflation1 rh Thu Mar 12 21:44:20 CET 2026
#@# QSphere rh Thu Mar 12 21:46:02 CET 2026
#@# Fix Topology rh Thu Mar 12 21:47:25 CET 2026
#@# Smooth2 rh Thu Mar 12 21:56:35 CET 2026
#@# Inflation2 rh Thu Mar 12 21:56:38 CET 2026
#@# Curv .H and .K rh Thu Mar 12 21:57:23 CET 2026
#@# Sphere rh Thu Mar 12 21:58:18 CET 2026
#@# Surf Reg rh Thu Mar 12 22:01:42 CET 2026
#@# Jacobian white rh Thu Mar 12 22:08:31 CET 2026
#@# AvgCurv rh Thu Mar 12 22:08:32 CET 2026
#@# Cortical Parc rh Thu Mar 12 22:08:34 CET 2026
#@# white curv rh Thu Mar 12 22:16:58 CET 2026
#@# white area rh Thu Mar 12 22:17:01 CET 2026
#@# pial curv rh Thu Mar 12 22:17:01 CET 2026
#@# pial area rh Thu Mar 12 22:17:04 CET 2026
#@# thickness rh Thu Mar 12 22:17:04 CET 2026
#@# area and vertex vol rh Thu Mar 12 22:17:37 CET 2026
#@# Curvature Stats rh Thu Mar 12 22:17:40 CET 2026
#@# Cortical Parc 2 rh Thu Mar 12 22:17:42 CET 2026
#@# Cortical Parc 3 rh Thu Mar 12 22:17:57 CET 2026
#@# WM/GM Contrast rh Thu Mar 12 22:18:07 CET 2026
recon-all -s sub-v2s1x29893_ses-1 finished without error at Thu Mar 12 22:18:10 CET 2026



#New# invocation of recon-all 



status file for recon-all
Thu Mar 12 22:29:58 CET 2026
#@# white curv rh Thu Mar 12 22:29:58 CET 2026
#@# white area rh Thu Mar 12 22:29:58 CET 2026
#@# pial curv rh Thu Mar 12 22:29:58 CET 2026
#@# pial area rh Thu Mar 12 22:29:58 CET 2026
#@# thickness rh Thu Mar 12 22:29:58 CET 2026
#@# area and vertex vol rh Thu Mar 12 22:29:58 CET 2026
#@# Parcellation Stats rh Thu Mar 12 22:29:58 CET 2026
#@# Parcellation Stats 2 rh Thu Mar 12 22:30:28 CET 2026
#@# Parcellation Stats 3 rh Thu Mar 12 22:30:44 CET 2026
#@# BA_exvivo Labels rh Thu Mar 12 22:30:59 CET 2026
recon-all -s sub-v2s1x29893_ses-1 finished without error at Thu Mar 12 22:33:56 CET 2026
