/out/sourcedata/freesurfer/sub-v2s1x29880_ses-1/mri
/opt/freesurfer/bin/talairach_avi
--i orig_nu.mgz --xfm transforms/talairach.auto.xfm
talairach_avi 7.3.2
Linux dna056 5.14.0-427.37.1.el9_4.x86_64 #1 SMP PREEMPT_DYNAMIC Fri Sep 13 12:41:50 EDT 2024 x86_64 x86_64 x86_64 GNU/Linux
Wed Mar 11 20:15:13 CET 2026
mri_convert orig_nu.mgz talsrcimg.img 
reading from orig_nu.mgz...
TR=0.00, TE=0.00, TI=0.00, flip angle=0.00
i_ras = (-1, 0, 0)
j_ras = (0, 0, -1)
k_ras = (0, 1, 0)
writing to talsrcimg.img...
Analyze Output Matrix
-0.90000   0.00000   0.00000   118.50666;
 0.00000   0.00000   0.90000  -104.29066;
 0.00000  -0.90000   0.00000   152.44736;
 0.00000   0.00000   0.00000   1.00000;
--------------------
INFO: set hdr.hist.orient to -1
mpr2mni305 talsrcimg
Wed Mar 11 20:15:14 CET 2026
/opt/freesurfer/bin/mpr2mni305 talsrcimg
mpr2mni305 7.3.2
target=711-2C_as_mni_average_305

---------------------------------------------------------------------
analyzeto4dfp talsrcimg -O0 -y
---------------------------------------------------------------------

freesurfer ifh2hdr.c
Wed Mar 11 20:15:14 2026
Writing: talsrcimg.4dfp.hdr
freesurfer analyzeto4dfp.c
Reading: talsrcimg.hdr
header size 348 bytes
hdr.dime.datatype	offset=70	value=2
hdr.dime.bitpix		offset=72	value=8
hdr.hist.orient		offset=252	value=-1
dimensionality     4
dimensions       256       256       256         1
Reading: talsrcimg.img
Writing: talsrcimg.4dfp.img
Writing: talsrcimg.4dfp.ifh
ifh2hdr talsrcimg -r0to228
ori=2

---------------------------------------------------------------------
gauss_4dfp talsrcimg 1.1
---------------------------------------------------------------------

freesurfer gauss_4dfp.c
Reading: talsrcimg.4dfp.img
Writing: talsrcimg_g11.4dfp.img
image dimensions 256 256 256 padded to 288 288 288
processing volume 1freesurfer ifh2hdr.c
Wed Mar 11 20:15:16 2026
Writing: talsrcimg_g11.4dfp.hdr

Writing: talsrcimg_g11.4dfp.ifh
including: talsrcimg.4dfp.img.rec in talsrcimg_g11.4dfp.img.rec

---------------------------------------------------------------------
imgreg_4dfp /opt/freesurfer/average/711-2C_as_mni_average_305 none talsrcimg_g11 none talsrcimg_to_711-2C_as_mni_average_305_t4 4355
---------------------------------------------------------------------

freesurfer imgreg_4dfp.c
/opt/freesurfer/average/711-2C_as_mni_average_305.4dfp.img
       256       256       256         1
  1.000000  1.000000  1.000000
orientation T byte_order littleendian
Reading image: /opt/freesurfer/average/711-2C_as_mni_average_305.4dfp.img
dimensions:      256       256       256
mmppix:       1.0000   -1.0000   -1.0000
center:     128.0000 -129.0000 -129.0000
talsrcimg_g11.4dfp.img
       256       256       256         1
  0.900000  0.900000  0.900000
orientation T byte_order littleendian
Reading image: talsrcimg_g11.4dfp.img
dimensions:      256       256       256
mmppix:       0.9000   -0.9000   -0.9000
center:     115.2000 -116.1000 -116.1000
t4_read: open error in t4_sub.f l:  41 t4_file(1:l)talsrcimg_to_711-2C_as_mni_average_305_t4 
t4_read: transform initialized to I4
rotation matrix determinant  1.000000
image alignment mode   4355 decimal     1103 hex
   -7.5000  -45.0000  -45.0000 5629.9580   15.5828
    0.0000  -45.0000  -45.0000 5631.1753   15.6079
    7.5000  -45.0000  -45.0000 5338.8638   15.6129
   -7.5000  -37.5000  -45.0000 6062.2290   16.5773
    0.0000  -37.5000  -45.0000 6067.7646   16.6033
    7.5000  -37.5000  -45.0000 5758.6729   16.6064
   -7.5000  -30.0000  -45.0000 6514.1904   17.1197
    0.0000  -30.0000  -45.0000 6516.3574   17.1466
    7.5000  -30.0000  -45.0000 6193.3896   17.1481
   -7.5000  -22.5000  -45.0000 7021.2183   17.1260
    0.0000  -22.5000  -45.0000 7034.7310   17.1531
    7.5000  -22.5000  -45.0000 6664.4033   17.1547
   -7.5000  -15.0000  -45.0000 7508.2192   17.1095
    0.0000  -15.0000  -45.0000 7506.1338   17.1364
    7.5000  -15.0000  -45.0000 7122.0103   17.1391
   -7.5000   -7.5000  -45.0000 7648.2676   17.0882
    0.0000   -7.5000  -45.0000 7653.5654   17.1155
    7.5000   -7.5000  -45.0000 7260.1367   17.1202
   -7.5000    0.0000  -45.0000 7730.1431   17.0826
    0.0000    0.0000  -45.0000 7741.3940   17.1102
    7.5000    0.0000  -45.0000 7352.0078   17.1157
   -7.5000    7.5000  -45.0000 7413.9829   17.0998
    0.0000    7.5000  -45.0000 7420.2305   17.1267
    7.5000    7.5000  -45.0000 7054.1411   17.1299
   -7.5000   15.0000  -45.0000 7378.5083   17.1197
    0.0000   15.0000  -45.0000 7375.0981   17.1466
    7.5000   15.0000  -45.0000 7012.6387   17.1481
   -7.5000   22.5000  -45.0000 6942.4248   16.8956
    0.0000   22.5000  -45.0000 6947.5801   16.9224
    7.5000   22.5000  -45.0000 6594.8540   16.9239
   -7.5000   30.0000  -45.0000 6385.6167   16.4292
    0.0000   30.0000  -45.0000 6382.9043   16.4550
    7.5000   30.0000  -45.0000 6041.6670   16.4576
   -7.5000   37.5000  -45.0000 5845.7661   15.8826
    0.0000   37.5000  -45.0000 5829.5596   15.9080
    7.5000   37.5000  -45.0000 5516.3945   15.9124
   -7.5000   45.0000  -45.0000 5327.0835   15.4485
    0.0000   45.0000  -45.0000 5307.5952   15.4737
    7.5000   45.0000  -45.0000 5008.9224   15.4778
   -7.5000  -45.0000  -37.5000 6133.0137   16.1621
    0.0000  -45.0000  -37.5000 6121.6353   16.1972
    7.5000  -45.0000  -37.5000 5796.5996   16.2090
   -7.5000  -37.5000  -37.5000 6613.0288   17.2003
    0.0000  -37.5000  -37.5000 6596.2153   17.2383
    7.5000  -37.5000  -37.5000 6247.4458   17.2502
   -7.5000  -30.0000  -37.5000 7108.9897   17.7267
    0.0000  -30.0000  -37.5000 7099.0415   17.7624
    7.5000  -30.0000  -37.5000 6734.7158   17.7747
   -7.5000  -22.5000  -37.5000 7645.8306   17.7284
    0.0000  -22.5000  -37.5000 7640.1074   17.7597
    7.5000  -22.5000  -37.5000 7235.1543   17.7725
   -7.5000  -15.0000  -37.5000 8140.4600   17.7120
    0.0000  -15.0000  -37.5000 8136.0439   17.7423
    7.5000  -15.0000  -37.5000 7712.4956   17.7550
   -7.5000   -7.5000  -37.5000 8293.7803   17.6950
    0.0000   -7.5000  -37.5000 8296.4365   17.7286
    7.5000   -7.5000  -37.5000 7858.6509   17.7415
   -7.5000    0.0000  -37.5000 8377.2168   17.6951
    0.0000    0.0000  -37.5000 8375.4834   17.7335
    7.5000    0.0000  -37.5000 7944.3789   17.7465
   -7.5000    7.5000  -37.5000 8023.1514   17.7113
    0.0000    7.5000  -37.5000 8021.9263   17.7504
    7.5000    7.5000  -37.5000 7632.2949   17.7627
   -7.5000   15.0000  -37.5000 7981.8145   17.7258
    0.0000   15.0000  -37.5000 7978.2710   17.7616
    7.5000   15.0000  -37.5000 7576.0396   17.7739
   -7.5000   22.5000  -37.5000 7525.8364   17.4914
    0.0000   22.5000  -37.5000 7518.5498   17.5223
    7.5000   22.5000  -37.5000 7127.7759   17.5349
   -7.5000   30.0000  -37.5000 6910.2827   17.0198
    0.0000   30.0000  -37.5000 6892.2881   17.0489
    7.5000   30.0000  -37.5000 6521.8247   17.0612
   -7.5000   37.5000  -37.5000 6288.7993   16.4599
    0.0000   37.5000  -37.5000 6264.5693   16.4912
    7.5000   37.5000  -37.5000 5937.0317   16.5033
   -7.5000   45.0000  -37.5000 5714.8208   15.9966
    0.0000   45.0000  -37.5000 5690.6094   16.0312
    7.5000   45.0000  -37.5000 5388.1089   16.0411
   -7.5000  -45.0000  -30.0000 6667.1436   16.7842
    0.0000  -45.0000  -30.0000 6668.3438   16.8254
    7.5000  -45.0000  -30.0000 6323.2739   16.8308
   -7.5000  -37.5000  -30.0000 7183.2881   17.8742
    0.0000  -37.5000  -30.0000 7184.5488   17.9186
    7.5000  -37.5000  -30.0000 6807.5405   17.9266
   -7.5000  -30.0000  -30.0000 7728.1587   18.3891
    0.0000  -30.0000  -30.0000 7733.7734   18.4293
    7.5000  -30.0000  -30.0000 7329.3032   18.4419
   -7.5000  -22.5000  -30.0000 8303.0996   18.3809
    0.0000  -22.5000  -30.0000 8294.8213   18.4147
    7.5000  -22.5000  -30.0000 7863.6597   18.4295
   -7.5000  -15.0000  -30.0000 8820.7949   18.3586
    0.0000  -15.0000  -30.0000 8816.5127   18.3914
    7.5000  -15.0000  -30.0000 8351.9404   18.4035
   -7.5000   -7.5000  -30.0000 8954.3320   18.3454
    0.0000   -7.5000  -30.0000 8949.8652   18.3833
    7.5000   -7.5000  -30.0000 8482.8838   18.3913
   -7.5000    0.0000  -30.0000 9040.7578   18.3571
    0.0000    0.0000  -30.0000 9030.8506   18.4022
    7.5000    0.0000  -30.0000 8576.6816   18.4081
   -7.5000    7.5000  -30.0000 8681.0635   18.3773
    0.0000    7.5000  -30.0000 8679.0859   18.4230
    7.5000    7.5000  -30.0000 8249.0723   18.4312
   -7.5000   15.0000  -30.0000 8626.5410   18.3866
    0.0000   15.0000  -30.0000 8615.7686   18.4267
    7.5000   15.0000  -30.0000 8172.9883   18.4394
   -7.5000   22.5000  -30.0000 8120.7251   18.1359
    0.0000   22.5000  -30.0000 8096.5557   18.1693
    7.5000   22.5000  -30.0000 7672.6953   18.1839
   -7.5000   30.0000  -30.0000 7442.1992   17.6540
    0.0000   30.0000  -30.0000 7413.7954   17.6855
    7.5000   30.0000  -30.0000 7019.5508   17.6972
   -7.5000   37.5000  -30.0000 6740.6582   17.0906
    0.0000   37.5000  -30.0000 6717.9204   17.1260
    7.5000   37.5000  -30.0000 6366.8706   17.1335
   -7.5000   45.0000  -30.0000 6120.2612   16.6165
    0.0000   45.0000  -30.0000 6095.5342   16.6572
    7.5000   45.0000  -30.0000 5777.6841   16.6616
   -7.5000  -45.0000  -22.5000 7246.9170   17.4167
    0.0000  -45.0000  -22.5000 7249.7568   17.4552
    7.5000  -45.0000  -22.5000 6875.3369   17.4483
   -7.5000  -37.5000  -22.5000 7795.2100   18.5669
    0.0000  -37.5000  -22.5000 7800.1548   18.6058
    7.5000  -37.5000  -22.5000 7384.4038   18.6037
   -7.5000  -30.0000  -22.5000 8372.2891   19.0756
    0.0000  -30.0000  -22.5000 8380.3066   19.1110
    7.5000  -30.0000  -22.5000 7929.9863   19.1171
   -7.5000  -22.5000  -22.5000 8983.3828   19.0535
    0.0000  -22.5000  -22.5000 8978.6318   19.0862
    7.5000  -22.5000  -22.5000 8504.1553   19.0959
   -7.5000  -15.0000  -22.5000 9524.3828   19.0213
    0.0000  -15.0000  -22.5000 9531.6758   19.0546
    7.5000  -15.0000  -22.5000 9022.5977   19.0587
   -7.5000   -7.5000  -22.5000 9664.1748   19.0118
    0.0000   -7.5000  -22.5000 9663.3945   19.0495
    7.5000   -7.5000  -22.5000 9150.1475   19.0456
   -7.5000    0.0000  -22.5000 9761.8965   19.0380
    0.0000    0.0000  -22.5000 9766.4912   19.0801
    7.5000    0.0000  -22.5000 9249.4141   19.0726
   -7.5000    7.5000  -22.5000 9363.1562   19.0658
    0.0000    7.5000  -22.5000 9369.4043   19.1057
    7.5000    7.5000  -22.5000 8870.9150   19.1036
   -7.5000   15.0000  -22.5000 9282.1670   19.0710
    0.0000   15.0000  -22.5000 9263.9219   19.1064
    7.5000   15.0000  -22.5000 8754.4229   19.1125
   -7.5000   22.5000  -22.5000 8722.7129   18.8014
    0.0000   22.5000  -22.5000 8707.3379   18.8336
    7.5000   22.5000  -22.5000 8234.2236   18.8432
   -7.5000   30.0000  -22.5000 7992.5913   18.3047
    0.0000   30.0000  -22.5000 7966.8994   18.3368
    7.5000   30.0000  -22.5000 7547.3096   18.3407
   -7.5000   37.5000  -22.5000 7220.6934   17.7385
    0.0000   37.5000  -22.5000 7197.9277   17.7737
    7.5000   37.5000  -22.5000 6824.0542   17.7701
   -7.5000   45.0000  -22.5000 6547.1255   17.2729
    0.0000   45.0000  -22.5000 6521.3843   17.3113
    7.5000   45.0000  -22.5000 6172.8979   17.3054
   -7.5000  -45.0000  -15.0000 7801.6274   18.0227
    0.0000  -45.0000  -15.0000 7813.1201   18.0526
    7.5000  -45.0000  -15.0000 7404.9268   18.0404
   -7.5000  -37.5000  -15.0000 8378.0898   19.2126
    0.0000  -37.5000  -15.0000 8395.0752   19.2396
    7.5000  -37.5000  -15.0000 7945.7563   19.2307
   -7.5000  -30.0000  -15.0000 9003.7910   19.7263
    0.0000  -30.0000  -15.0000 9034.4863   19.7521
    7.5000  -30.0000  -15.0000 8536.0527   19.7499
   -7.5000  -22.5000  -15.0000 9644.2197   19.7070
    0.0000  -22.5000  -15.0000 9667.4619   19.7350
    7.5000  -22.5000  -15.0000 9146.5762   19.7364
   -7.5000  -15.0000  -15.000010219.1621   19.6730
    0.0000  -15.0000  -15.000010258.8311   19.7036
    7.5000  -15.0000  -15.0000 9695.7881   19.7000
   -7.5000   -7.5000  -15.000010378.0703   19.6592
    0.0000   -7.5000  -15.000010420.0400   19.6923
    7.5000   -7.5000  -15.0000 9827.9346   19.6818
   -7.5000    0.0000  -15.000010493.3467   19.6814
    0.0000    0.0000  -15.000010548.9756   19.7140
    7.5000    0.0000  -15.0000 9947.3877   19.7007
   -7.5000    7.5000  -15.000010045.9395   19.7097
    0.0000    7.5000  -15.000010103.9980   19.7374
    7.5000    7.5000  -15.0000 9526.9541   19.7282
   -7.5000   15.0000  -15.0000 9927.5225   19.7202
    0.0000   15.0000  -15.0000 9964.8164   19.7460
    7.5000   15.0000  -15.0000 9377.2666   19.7438
   -7.5000   22.5000  -15.0000 9330.1299   19.4492
    0.0000   22.5000  -15.0000 9354.9941   19.4768
    7.5000   22.5000  -15.0000 8812.1436   19.4782
   -7.5000   30.0000  -15.0000 8553.7354   18.9461
    0.0000   30.0000  -15.0000 8564.4600   18.9755
    7.5000   30.0000  -15.0000 8089.8452   18.9721
   -7.5000   37.5000  -15.0000 7721.8604   18.3706
    0.0000   37.5000  -15.0000 7719.4004   18.4016
    7.5000   37.5000  -15.0000 7305.7939   18.3917
   -7.5000   45.0000  -15.0000 6971.9307   17.9025
    0.0000   45.0000  -15.0000 6970.3369   17.9328
    7.5000   45.0000  -15.0000 6591.6226   17.9224
   -7.5000  -45.0000   -7.5000 8152.3115   18.0152
    0.0000  -45.0000   -7.5000 8168.9561   18.0404
    7.5000  -45.0000   -7.5000 7727.1118   18.0355
   -7.5000  -37.5000   -7.5000 8743.7490   19.1990
    0.0000  -37.5000   -7.5000 8768.9727   19.2213
    7.5000  -37.5000   -7.5000 8293.2930   19.2159
   -7.5000  -30.0000   -7.5000 9383.6562   19.7224
    0.0000  -30.0000   -7.5000 9430.6895   19.7453
    7.5000  -30.0000   -7.5000 8899.8164   19.7411
   -7.5000  -22.5000   -7.500010024.4004   19.7187
    0.0000  -22.5000   -7.500010084.3877   19.7452
    7.5000  -22.5000   -7.5000 9536.1797   19.7426
   -7.5000  -15.0000   -7.500010603.1387   19.6909
    0.0000  -15.0000   -7.500010669.3086   19.7201
    7.5000  -15.0000   -7.500010081.1777   19.7163
   -7.5000   -7.5000   -7.500010767.2891   19.6683
    0.0000   -7.5000   -7.500010835.6074   19.6984
    7.5000   -7.5000   -7.500010210.4492   19.6932
   -7.5000    0.0000   -7.500010912.5449   19.6732
    0.0000    0.0000   -7.500010994.6592   19.7007
    7.5000    0.0000   -7.500010348.0322   19.6953
   -7.5000    7.5000   -7.500010471.5244   19.6957
    0.0000    7.5000   -7.500010558.7734   19.7186
    7.5000    7.5000   -7.5000 9942.1650   19.7130
   -7.5000   15.0000   -7.500010302.9092   19.7163
    0.0000   15.0000   -7.500010366.1250   19.7392
    7.5000   15.0000   -7.5000 9763.0410   19.7350
   -7.5000   22.5000   -7.5000 9664.5977   19.4607
    0.0000   22.5000   -7.5000 9721.4023   19.4869
    7.5000   22.5000   -7.5000 9144.3350   19.4844
   -7.5000   30.0000   -7.5000 8857.9111   18.9633
    0.0000   30.0000   -7.5000 8912.1865   18.9915
    7.5000   30.0000   -7.5000 8406.3369   18.9877
   -7.5000   37.5000   -7.5000 7986.4517   18.3791
    0.0000   37.5000   -7.5000 8011.7412   18.4072
    7.5000   37.5000   -7.5000 7580.4858   18.4024
   -7.5000   45.0000   -7.5000 7193.3096   17.8982
    0.0000   45.0000   -7.5000 7204.2739   17.9238
    7.5000   45.0000   -7.5000 6829.8784   17.9198
   -7.5000  -45.0000    0.0000 8345.5576   18.4504
    0.0000  -45.0000    0.0000 8379.7461   18.4803
    7.5000  -45.0000    0.0000 7909.3389   18.4872
   -7.5000  -37.5000    0.0000 8951.8477   19.6468
    0.0000  -37.5000    0.0000 9001.8994   19.6770
    7.5000  -37.5000    0.0000 8507.7734   19.6822
   -7.5000  -30.0000    0.0000 9602.3350   20.1716
    0.0000  -30.0000    0.0000 9669.5127   20.2023
    7.5000  -30.0000    0.0000 9132.6191   20.2059
   -7.5000  -22.5000    0.000010259.4131   20.1782
    0.0000  -22.5000    0.000010325.2148   20.2096
    7.5000  -22.5000    0.0000 9781.7070   20.2132
   -7.5000  -15.0000    0.000010831.8838   20.1588
    0.0000  -15.0000    0.000010871.5254   20.1906
    7.5000  -15.0000    0.000010308.6094   20.1951
   -7.5000   -7.5000    0.000011003.4922   20.1342
    0.0000   -7.5000    0.000011045.7520   20.1668
    7.5000   -7.5000    0.000010451.0830   20.1735
   -7.5000    0.0000    0.000011157.7832   20.1285
    0.0000    0.0000    0.000011249.9736   20.1610
    7.5000    0.0000    0.000010610.1816   20.1686
   -7.5000    7.5000    0.000010711.9873   20.1418
    0.0000    7.5000    0.000010806.2725   20.1728
    7.5000    7.5000    0.000010198.2080   20.1781
   -7.5000   15.0000    0.000010520.3887   20.1645
    0.0000   15.0000    0.000010574.1650   20.1952
    7.5000   15.0000    0.0000 9984.0293   20.1987
   -7.5000   22.5000    0.0000 9853.7979   19.9171
    0.0000   22.5000    0.0000 9880.8799   19.9481
    7.5000   22.5000    0.0000 9302.9014   19.9516
   -7.5000   30.0000    0.0000 9028.2402   19.4256
    0.0000   30.0000    0.0000 9072.8418   19.4563
    7.5000   30.0000    0.0000 8548.6787   19.4606
   -7.5000   37.5000    0.0000 8114.7847   18.8368
    0.0000   37.5000    0.0000 8157.3999   18.8674
    7.5000   37.5000    0.0000 7708.9443   18.8736
   -7.5000   45.0000    0.0000 7299.6519   18.3484
    0.0000   45.0000    0.0000 7323.7275   18.3784
    7.5000   45.0000    0.0000 6936.0186   18.3844
   -7.5000  -45.0000    7.5000 8212.5469   18.4402
    0.0000  -45.0000    7.5000 8226.1221   18.4804
    7.5000  -45.0000    7.5000 7792.6133   18.4923
   -7.5000  -37.5000    7.5000 8821.2539   19.6333
    0.0000  -37.5000    7.5000 8843.3828   19.6770
    7.5000  -37.5000    7.5000 8384.2979   19.6889
   -7.5000  -30.0000    7.5000 9473.8750   20.1505
    0.0000  -30.0000    7.5000 9501.0264   20.1919
    7.5000  -30.0000    7.5000 9020.9023   20.2048
   -7.5000  -22.5000    7.500010129.2285   20.1530
    0.0000  -22.5000    7.500010141.9570   20.1896
    7.5000  -22.5000    7.5000 9663.3867   20.2036
   -7.5000  -15.0000    7.500010649.4121   20.1360
    0.0000  -15.0000    7.500010655.8438   20.1712
    7.5000  -15.0000    7.500010188.4307   20.1852
   -7.5000   -7.5000    7.500010794.0557   20.1175
    0.0000   -7.5000    7.500010825.4971   20.1563
    7.5000   -7.5000    7.500010323.4307   20.1699
   -7.5000    0.0000    7.500010964.6807   20.1173
    0.0000    0.0000    7.500011010.0986   20.1612
    7.5000    0.0000    7.500010462.5615   20.1742
   -7.5000    7.5000    7.500010523.1328   20.1280
    0.0000    7.5000    7.500010566.1396   20.1727
    7.5000    7.5000    7.500010052.3506   20.1850
   -7.5000   15.0000    7.500010283.9453   20.1434
    0.0000   15.0000    7.500010305.9805   20.1847
    7.5000   15.0000    7.5000 9809.8428   20.1977
   -7.5000   22.5000    7.5000 9598.5098   19.8922
    0.0000   22.5000    7.5000 9601.5596   19.9283
    7.5000   22.5000    7.5000 9103.3525   19.9422
   -7.5000   30.0000    7.5000 8801.0400   19.4036
    0.0000   30.0000    7.5000 8837.5254   19.4376
    7.5000   30.0000    7.5000 8352.3096   19.4510
   -7.5000   37.5000    7.5000 7934.6436   18.8213
    0.0000   37.5000    7.5000 7980.7705   18.8575
    7.5000   37.5000    7.5000 7521.9966   18.8703
   -7.5000   45.0000    7.5000 7148.9512   18.3354
    0.0000   45.0000    7.5000 7170.3013   18.3753
    7.5000   45.0000    7.5000 6769.5146   18.3852
   -7.5000  -45.0000   15.0000 8291.0127   18.4480
    0.0000  -45.0000   15.0000 8317.6611   18.4939
    7.5000  -45.0000   15.0000 7886.8306   18.4994
   -7.5000  -37.5000   15.0000 8912.4658   19.6484
    0.0000  -37.5000   15.0000 8937.9814   19.6978
    7.5000  -37.5000   15.0000 8458.5156   19.7061
   -7.5000  -30.0000   15.0000 9609.1094   20.1597
    0.0000  -30.0000   15.0000 9604.4258   20.2045
    7.5000  -30.0000   15.0000 9107.3379   20.2182
   -7.5000  -22.5000   15.000010299.6924   20.1494
    0.0000  -22.5000   15.000010300.8779   20.1877
    7.5000  -22.5000   15.0000 9810.9062   20.2042
   -7.5000  -15.0000   15.000010777.3174   20.1249
    0.0000  -15.0000   15.000010782.3213   20.1621
    7.5000  -15.0000   15.000010346.5400   20.1758
   -7.5000   -7.5000   15.000010886.4414   20.1116
    0.0000   -7.5000   15.000010871.6797   20.1542
    7.5000   -7.5000   15.000010446.4941   20.1630
   -7.5000    0.0000   15.000011055.8838   20.1258
    0.0000    0.0000   15.000011047.5303   20.1759
    7.5000    0.0000   15.000010576.1943   20.1819
   -7.5000    7.5000   15.000010600.8447   20.1435
    0.0000    7.5000   15.000010599.6299   20.1940
    7.5000    7.5000   15.000010138.3291   20.2026
   -7.5000   15.0000   15.000010349.4766   20.1525
    0.0000   15.0000   15.000010349.9824   20.1973
    7.5000   15.0000   15.0000 9889.5068   20.2111
   -7.5000   22.5000   15.0000 9641.9541   19.8887
    0.0000   22.5000   15.0000 9612.3789   19.9265
    7.5000   22.5000   15.0000 9150.0557   19.9428
   -7.5000   30.0000   15.0000 8881.0254   19.3930
    0.0000   30.0000   15.0000 8871.6104   19.4289
    7.5000   30.0000   15.0000 8404.8047   19.4420
   -7.5000   37.5000   15.0000 8028.2964   18.8157
    0.0000   37.5000   15.0000 8033.2275   18.8556
    7.5000   37.5000   15.0000 7584.2095   18.8639
   -7.5000   45.0000   15.0000 7236.1147   18.3400
    0.0000   45.0000   15.0000 7229.3696   18.3855
    7.5000   45.0000   15.0000 6832.4258   18.3900
   -7.5000  -45.0000   22.5000 7950.4189   18.4933
    0.0000  -45.0000   22.5000 7977.0205   18.5340
    7.5000  -45.0000   22.5000 7551.0410   18.5263
   -7.5000  -37.5000   22.5000 8549.6318   19.7057
    0.0000  -37.5000   22.5000 8544.3633   19.7467
    7.5000  -37.5000   22.5000 8095.3467   19.7442
   -7.5000  -30.0000   22.5000 9203.8906   20.2146
    0.0000  -30.0000   22.5000 9193.1191   20.2520
    7.5000  -30.0000   22.5000 8719.6787   20.2584
   -7.5000  -22.5000   22.5000 9891.5127   20.1911
    0.0000  -22.5000   22.5000 9903.8594   20.2257
    7.5000  -22.5000   22.5000 9404.1709   20.2362
   -7.5000  -15.0000   22.500010368.5967   20.1571
    0.0000  -15.0000   22.500010345.1768   20.1924
    7.5000  -15.0000   22.5000 9934.0010   20.1968
   -7.5000   -7.5000   22.500010464.4590   20.1473
    0.0000   -7.5000   22.500010410.9033   20.1872
    7.5000   -7.5000   22.500010030.4004   20.1828
   -7.5000    0.0000   22.500010610.8223   20.1752
    0.0000    0.0000   22.500010572.4990   20.2196
    7.5000    0.0000   22.500010147.5303   20.2113
   -7.5000    7.5000   22.500010175.3154   20.2022
    0.0000    7.5000   22.500010151.3506   20.2442
    7.5000    7.5000   22.5000 9724.4648   20.2416
   -7.5000   15.0000   22.5000 9962.1240   20.2075
    0.0000   15.0000   22.5000 9914.5889   20.2448
    7.5000   15.0000   22.5000 9473.7998   20.2513
   -7.5000   22.5000   22.5000 9250.9648   19.9298
    0.0000   22.5000   22.5000 9165.0049   19.9639
    7.5000   22.5000   22.5000 8723.8916   19.9743
   -7.5000   30.0000   22.5000 8534.6943   19.4240
    0.0000   30.0000   22.5000 8453.7842   19.4581
    7.5000   30.0000   22.5000 8019.3696   19.4622
   -7.5000   37.5000   22.5000 7708.4116   18.8491
    0.0000   37.5000   22.5000 7655.8975   18.8865
    7.5000   37.5000   22.5000 7238.7070   18.8823
   -7.5000   45.0000   22.5000 6928.7939   18.3840
    0.0000   45.0000   22.5000 6895.4990   18.4247
    7.5000   45.0000   22.5000 6511.3506   18.4180
   -7.5000  -45.0000   30.0000 7522.5391   18.5108
    0.0000  -45.0000   30.0000 7544.5864   18.5413
    7.5000  -45.0000   30.0000 7139.5703   18.5282
   -7.5000  -37.5000   30.0000 8075.1187   19.7336
    0.0000  -37.5000   30.0000 8079.2891   19.7613
    7.5000  -37.5000   30.0000 7657.6685   19.7520
   -7.5000  -30.0000   30.0000 8684.6260   20.2518
    0.0000  -30.0000   30.0000 8705.2900   20.2785
    7.5000  -30.0000   30.0000 8252.7695   20.2765
   -7.5000  -22.5000   30.0000 9321.4531   20.2320
    0.0000  -22.5000   30.0000 9345.5557   20.2611
    7.5000  -22.5000   30.0000 8881.0869   20.2626
   -7.5000  -15.0000   30.0000 9875.9521   20.1977
    0.0000  -15.0000   30.0000 9824.6406   20.2292
    7.5000  -15.0000   30.0000 9379.3408   20.2251
   -7.5000   -7.5000   30.000010074.9941   20.1841
    0.0000   -7.5000   30.0000 9978.0400   20.2178
    7.5000   -7.5000   30.0000 9525.5098   20.2063
   -7.5000    0.0000   30.000010178.9502   20.2067
    0.0000    0.0000   30.000010098.2148   20.2400
    7.5000    0.0000   30.0000 9633.5312   20.2257
   -7.5000    7.5000   30.0000 9737.3604   20.2342
    0.0000    7.5000   30.0000 9672.5840   20.2626
    7.5000    7.5000   30.0000 9225.0479   20.2531
   -7.5000   15.0000   30.0000 9502.0234   20.2446
    0.0000   15.0000   30.0000 9438.5918   20.2713
    7.5000   15.0000   30.0000 8994.3994   20.2693
   -7.5000   22.5000   30.0000 8758.6865   19.9684
    0.0000   22.5000   30.0000 8672.6719   19.9971
    7.5000   22.5000   30.0000 8248.8125   19.9986
   -7.5000   30.0000   30.0000 8051.6309   19.4721
    0.0000   30.0000   30.0000 7987.9043   19.5024
    7.5000   30.0000   30.0000 7566.8330   19.4985
   -7.5000   37.5000   30.0000 7270.2520   18.9008
    0.0000   37.5000   30.0000 7228.4570   18.9324
    7.5000   37.5000   30.0000 6828.8027   18.9216
   -7.5000   45.0000   30.0000 6537.8804   18.4399
    0.0000   45.0000   30.0000 6498.7754   18.4706
    7.5000   45.0000   30.0000 6129.9277   18.4594
   -7.5000  -45.0000   37.5000 7102.7744   18.4328
    0.0000  -45.0000   37.5000 7107.8193   18.4606
    7.5000  -45.0000   37.5000 6728.3545   18.4562
   -7.5000  -37.5000   37.5000 7624.7227   19.6499
    0.0000  -37.5000   37.5000 7634.9741   19.6753
    7.5000  -37.5000   37.5000 7223.5898   19.6707
   -7.5000  -30.0000   37.5000 8199.9922   20.1651
    0.0000  -30.0000   37.5000 8237.7705   20.1919
    7.5000  -30.0000   37.5000 7786.3374   20.1891
   -7.5000  -22.5000   37.5000 8816.8145   20.1619
    0.0000  -22.5000   37.5000 8832.5146   20.1932
    7.5000  -22.5000   37.5000 8364.5654   20.1920
   -7.5000  -15.0000   37.5000 9344.1416   20.1334
    0.0000  -15.0000   37.5000 9304.8252   20.1670
    7.5000  -15.0000   37.5000 8832.9404   20.1641
   -7.5000   -7.5000   37.5000 9494.3691   20.1095
    0.0000   -7.5000   37.5000 9445.5195   20.1431
    7.5000   -7.5000   37.5000 8957.6533   20.1385
   -7.5000    0.0000   37.5000 9596.4746   20.1139
    0.0000    0.0000   37.5000 9558.4219   20.1443
    7.5000    0.0000   37.5000 9057.2480   20.1394
   -7.5000    7.5000   37.5000 9207.6982   20.1360
    0.0000    7.5000   37.5000 9159.4258   20.1620
    7.5000    7.5000   37.5000 8691.9062   20.1573
   -7.5000   15.0000   37.5000 9009.7637   20.1577
    0.0000   15.0000   37.5000 8958.4434   20.1846
    7.5000   15.0000   37.5000 8514.1230   20.1817
   -7.5000   22.5000   37.5000 8263.6611   19.8958
    0.0000   22.5000   37.5000 8206.8389   19.9267
    7.5000   22.5000   37.5000 7806.4194   19.9255
   -7.5000   30.0000   37.5000 7562.4229   19.4100
    0.0000   30.0000   37.5000 7526.9233   19.4423
    7.5000   30.0000   37.5000 7146.9854   19.4395
   -7.5000   37.5000   37.5000 6817.5771   18.8307
    0.0000   37.5000   37.5000 6788.0054   18.8621
    7.5000   37.5000   37.5000 6430.4897   18.8577
   -7.5000   45.0000   37.5000 6137.2432   18.3547
    0.0000   45.0000   37.5000 6110.9609   18.3831
    7.5000   45.0000   37.5000 5773.2886   18.3799
   -7.5000  -45.0000   45.0000 6646.8022   18.4894
    0.0000  -45.0000   45.0000 6678.1318   18.5248
    7.5000  -45.0000   45.0000 6310.0742   18.5335
   -7.5000  -37.5000   45.0000 7122.1182   19.7042
    0.0000  -37.5000   45.0000 7164.5679   19.7408
    7.5000  -37.5000   45.0000 6763.1021   19.7488
   -7.5000  -30.0000   45.0000 7642.0708   20.2036
    0.0000  -30.0000   45.0000 7706.1074   20.2413
    7.5000  -30.0000   45.0000 7269.8818   20.2487
   -7.5000  -22.5000   45.0000 8215.6045   20.2107
    0.0000  -22.5000   45.0000 8265.9033   20.2490
    7.5000  -22.5000   45.0000 7805.4214   20.2565
   -7.5000  -15.0000   45.0000 8719.5361   20.1903
    0.0000  -15.0000   45.0000 8733.1113   20.2284
    7.5000  -15.0000   45.0000 8254.9014   20.2358
   -7.5000   -7.5000   45.0000 8843.8477   20.1645
    0.0000   -7.5000   45.0000 8833.5518   20.2030
    7.5000   -7.5000   45.0000 8354.2275   20.2115
   -7.5000    0.0000   45.0000 8928.4678   20.1584
    0.0000    0.0000   45.0000 8916.0381   20.1970
    7.5000    0.0000   45.0000 8428.8564   20.2065
   -7.5000    7.5000   45.0000 8583.6973   20.1722
    0.0000    7.5000   45.0000 8580.0586   20.2097
    7.5000    7.5000   45.0000 8117.4307   20.2179
   -7.5000   15.0000   45.0000 8427.5391   20.1960
    0.0000   15.0000   45.0000 8409.5332   20.2337
    7.5000   15.0000   45.0000 7964.3843   20.2412
   -7.5000   22.5000   45.0000 7732.7568   19.9413
    0.0000   22.5000   45.0000 7707.0420   19.9790
    7.5000   22.5000   45.0000 7305.6631   19.9865
   -7.5000   30.0000   45.0000 7063.4116   19.4629
    0.0000   30.0000   45.0000 7053.7979   19.4996
    7.5000   30.0000   45.0000 6678.2231   19.5067
   -7.5000   37.5000   45.0000 6364.1841   18.8763
    0.0000   37.5000   45.0000 6358.8062   18.9123
    7.5000   37.5000   45.0000 6011.3091   18.9203
   -7.5000   45.0000   45.0000 5723.5366   18.3761
    0.0000   45.0000   45.0000 5714.3896   18.4117
    7.5000   45.0000   45.0000 5396.0913   18.4197

---------------------------------------------------------------------
imgreg_4dfp /opt/freesurfer/average/711-2C_as_mni_average_305 /opt/freesurfer/average/711-2B_as_mni_average_305_mask talsrcimg_g11 none talsrcimg_to_711-2C_as_mni_average_305_t4 4355
---------------------------------------------------------------------

freesurfer imgreg_4dfp.c
/opt/freesurfer/average/711-2C_as_mni_average_305.4dfp.img
       256       256       256         1
  1.000000  1.000000  1.000000
orientation T byte_order littleendian
Reading image: /opt/freesurfer/average/711-2C_as_mni_average_305.4dfp.img
dimensions:      256       256       256
mmppix:       1.0000   -1.0000   -1.0000
center:     128.0000 -129.0000 -129.0000
/opt/freesurfer/average/711-2B_as_mni_average_305_mask.4dfp.img
       256       256       256         1
  1.000000  1.000000  1.000000
orientation T byte_order littleendian
Reading mask: /opt/freesurfer/average/711-2B_as_mni_average_305_mask.4dfp.img (2306576 pixels)
talsrcimg_g11.4dfp.img
       256       256       256         1
  0.900000  0.900000  0.900000
orientation T byte_order littleendian
Reading image: talsrcimg_g11.4dfp.img
dimensions:      256       256       256
mmppix:       0.9000   -0.9000   -0.9000
center:     115.2000 -116.1000 -116.1000
rotation matrix determinant  1.000000
image alignment mode   4355 decimal     1103 hex
   -7.5000  -45.0000  -45.0000 1894.7379   20.1093
    0.0000  -45.0000  -45.0000 1884.2542   20.1479
    7.5000  -45.0000  -45.0000 1860.9677   20.5330
   -7.5000  -37.5000  -45.0000 1967.5278   18.6933
    0.0000  -37.5000  -45.0000 1958.3490   18.7215
    7.5000  -37.5000  -45.0000 1936.6520   19.0607
   -7.5000  -30.0000  -45.0000 2013.5931   17.6472
    0.0000  -30.0000  -45.0000 2004.2841   17.6556
    7.5000  -30.0000  -45.0000 1981.4492   17.9841
   -7.5000  -22.5000  -45.0000 2042.8896   16.9266
    0.0000  -22.5000  -45.0000 2035.0891   16.9314
    7.5000  -22.5000  -45.0000 2006.3445   17.2900
   -7.5000  -15.0000  -45.0000 2056.3748   16.5917
    0.0000  -15.0000  -45.0000 2049.9043   16.5851
    7.5000  -15.0000  -45.0000 2020.5179   16.9910
   -7.5000   -7.5000  -45.0000 2046.3380   16.6294
    0.0000   -7.5000  -45.0000 2039.6267   16.6222
    7.5000   -7.5000  -45.0000 2009.1136   17.0672
   -7.5000    0.0000  -45.0000 2027.1877   17.0305
    0.0000    0.0000  -45.0000 2022.3197   17.0319
    7.5000    0.0000  -45.0000 1989.6864   17.4816
   -7.5000    7.5000  -45.0000 1992.7842   17.8952
    0.0000    7.5000  -45.0000 1987.9414   17.8956
    7.5000    7.5000  -45.0000 1955.2166   18.3301
   -7.5000   15.0000  -45.0000 1938.0498   19.0686
    0.0000   15.0000  -45.0000 1934.0219   19.0349
    7.5000   15.0000  -45.0000 1904.5485   19.4799
   -7.5000   22.5000  -45.0000 1869.6875   20.5614
    0.0000   22.5000  -45.0000 1867.8529   20.5111
    7.5000   22.5000  -45.0000 1838.6412   21.0106
   -7.5000   30.0000  -45.0000 1785.3192   22.4515
    0.0000   30.0000  -45.0000 1783.6359   22.4082
    7.5000   30.0000  -45.0000 1752.8435   22.9577
   -7.5000   37.5000  -45.0000 1671.4675   24.7441
    0.0000   37.5000  -45.0000 1666.6411   24.6839
    7.5000   37.5000  -45.0000 1640.8099   25.3038
   -7.5000   45.0000  -45.0000 1527.2393   27.6981
    0.0000   45.0000  -45.0000 1524.9727   27.6650
    7.5000   45.0000  -45.0000 1497.9121   28.2988
   -7.5000  -45.0000  -37.5000 2054.7244   19.6565
    0.0000  -45.0000  -37.5000 2041.7341   19.6291
    7.5000  -45.0000  -37.5000 2014.1584   19.9890
   -7.5000  -37.5000  -37.5000 2138.7429   18.2395
    0.0000  -37.5000  -37.5000 2127.2095   18.2296
    7.5000  -37.5000  -37.5000 2097.8306   18.5409
   -7.5000  -30.0000  -37.5000 2187.9067   17.1469
    0.0000  -30.0000  -37.5000 2178.4568   17.1364
    7.5000  -30.0000  -37.5000 2153.6343   17.4393
   -7.5000  -22.5000  -37.5000 2217.0029   16.4103
    0.0000  -22.5000  -37.5000 2209.1536   16.4085
    7.5000  -22.5000  -37.5000 2180.1658   16.7455
   -7.5000  -15.0000  -37.5000 2229.8362   16.0811
    0.0000  -15.0000  -37.5000 2225.9580   16.0727
    7.5000  -15.0000  -37.5000 2196.6404   16.4268
   -7.5000   -7.5000  -37.5000 2224.5479   16.1150
    0.0000   -7.5000  -37.5000 2221.3230   16.1204
    7.5000   -7.5000  -37.5000 2188.8145   16.5072
   -7.5000    0.0000  -37.5000 2203.6338   16.5112
    0.0000    0.0000  -37.5000 2197.0366   16.5129
    7.5000    0.0000  -37.5000 2160.1685   16.9223
   -7.5000    7.5000  -37.5000 2163.5916   17.2808
    0.0000    7.5000  -37.5000 2155.9771   17.2460
    7.5000    7.5000  -37.5000 2121.9348   17.6885
   -7.5000   15.0000  -37.5000 2106.4644   18.3470
    0.0000   15.0000  -37.5000 2102.7551   18.2756
    7.5000   15.0000  -37.5000 2071.6482   18.7236
   -7.5000   22.5000  -37.5000 2033.7579   19.7308
    0.0000   22.5000  -37.5000 2028.7150   19.6560
    7.5000   22.5000  -37.5000 2000.0237   20.1077
   -7.5000   30.0000  -37.5000 1940.7302   21.5390
    0.0000   30.0000  -37.5000 1937.5013   21.5019
    7.5000   30.0000  -37.5000 1903.2498   21.9910
   -7.5000   37.5000  -37.5000 1812.0326   23.7774
    0.0000   37.5000  -37.5000 1810.4415   23.7125
    7.5000   37.5000  -37.5000 1784.2679   24.2545
   -7.5000   45.0000  -37.5000 1652.8884   26.5114
    0.0000   45.0000  -37.5000 1654.0100   26.5011
    7.5000   45.0000  -37.5000 1633.4534   27.0660
   -7.5000  -45.0000  -30.0000 2195.3645   19.0750
    0.0000  -45.0000  -30.0000 2188.5820   19.0531
    7.5000  -45.0000  -30.0000 2155.9116   19.3770
   -7.5000  -37.5000  -30.0000 2288.3130   17.6700
    0.0000  -37.5000  -30.0000 2281.5327   17.6486
    7.5000  -37.5000  -30.0000 2248.3352   17.9397
   -7.5000  -30.0000  -30.0000 2349.8362   16.5773
    0.0000  -30.0000  -30.0000 2344.7942   16.5694
    7.5000  -30.0000  -30.0000 2316.5552   16.8311
   -7.5000  -22.5000  -30.0000 2381.3298   15.8230
    0.0000  -22.5000  -30.0000 2373.9202   15.8184
    7.5000  -22.5000  -30.0000 2347.2319   16.1067
   -7.5000  -15.0000  -30.0000 2396.4810   15.4752
    0.0000  -15.0000  -30.0000 2390.0813   15.4550
    7.5000  -15.0000  -30.0000 2356.8806   15.7788
   -7.5000   -7.5000  -30.0000 2386.0129   15.4706
    0.0000   -7.5000  -30.0000 2381.1082   15.4681
    7.5000   -7.5000  -30.0000 2346.9263   15.7798
   -7.5000    0.0000  -30.0000 2363.8967   15.8571
    0.0000    0.0000  -30.0000 2353.6917   15.8271
    7.5000    0.0000  -30.0000 2322.2319   16.1961
   -7.5000    7.5000  -30.0000 2327.3577   16.5620
    0.0000    7.5000  -30.0000 2319.5972   16.5413
    7.5000    7.5000  -30.0000 2284.6187   16.9203
   -7.5000   15.0000  -30.0000 2268.1035   17.5561
    0.0000   15.0000  -30.0000 2264.6812   17.5215
    7.5000   15.0000  -30.0000 2233.1057   17.9418
   -7.5000   22.5000  -30.0000 2183.3691   18.8816
    0.0000   22.5000  -30.0000 2179.7151   18.8125
    7.5000   22.5000  -30.0000 2152.4824   19.2488
   -7.5000   30.0000  -30.0000 2082.3679   20.5600
    0.0000   30.0000  -30.0000 2083.0740   20.5090
    7.5000   30.0000  -30.0000 2052.6909   20.9980
   -7.5000   37.5000  -30.0000 1943.0497   22.7521
    0.0000   37.5000  -30.0000 1946.5081   22.6362
    7.5000   37.5000  -30.0000 1920.3585   23.1481
   -7.5000   45.0000  -30.0000 1774.5356   25.3809
    0.0000   45.0000  -30.0000 1777.7185   25.3433
    7.5000   45.0000  -30.0000 1755.7675   25.8449
   -7.5000  -45.0000  -22.5000 2318.0381   18.4002
    0.0000  -45.0000  -22.5000 2313.0574   18.3753
    7.5000  -45.0000  -22.5000 2279.0249   18.6211
   -7.5000  -37.5000  -22.5000 2422.9937   16.9722
    0.0000  -37.5000  -22.5000 2415.2795   16.9247
    7.5000  -37.5000  -22.5000 2380.0891   17.1604
   -7.5000  -30.0000  -22.5000 2488.9553   15.8898
    0.0000  -30.0000  -22.5000 2483.4236   15.8768
    7.5000  -30.0000  -22.5000 2451.4531   16.1081
   -7.5000  -22.5000  -22.5000 2527.9370   15.1414
    0.0000  -22.5000  -22.5000 2519.8396   15.1353
    7.5000  -22.5000  -22.5000 2488.7615   15.3708
   -7.5000  -15.0000  -22.5000 2549.8708   14.7389
    0.0000  -15.0000  -22.5000 2544.1804   14.7209
    7.5000  -15.0000  -22.5000 2507.1145   15.0039
   -7.5000   -7.5000  -22.5000 2545.3394   14.7455
    0.0000   -7.5000  -22.5000 2539.1733   14.7175
    7.5000   -7.5000  -22.5000 2502.4204   14.9932
   -7.5000    0.0000  -22.5000 2522.4700   15.1197
    0.0000    0.0000  -22.5000 2512.5598   15.0997
    7.5000    0.0000  -22.5000 2476.2434   15.3735
   -7.5000    7.5000  -22.5000 2480.2014   15.8089
    0.0000    7.5000  -22.5000 2472.8787   15.7616
    7.5000    7.5000  -22.5000 2433.3755   16.0770
   -7.5000   15.0000  -22.5000 2414.6196   16.7582
    0.0000   15.0000  -22.5000 2411.1372   16.6953
    7.5000   15.0000  -22.5000 2374.1514   17.0517
   -7.5000   22.5000  -22.5000 2321.5388   17.9978
    0.0000   22.5000  -22.5000 2320.7292   17.9136
    7.5000   22.5000  -22.5000 2291.5933   18.2766
   -7.5000   30.0000  -22.5000 2215.0820   19.5913
    0.0000   30.0000  -22.5000 2213.2102   19.5297
    7.5000   30.0000  -22.5000 2184.1099   19.9410
   -7.5000   37.5000  -22.5000 2066.0374   21.6491
    0.0000   37.5000  -22.5000 2065.6704   21.5266
    7.5000   37.5000  -22.5000 2038.2452   21.9409
   -7.5000   45.0000  -22.5000 1891.0574   24.1800
    0.0000   45.0000  -22.5000 1889.0057   24.0734
    7.5000   45.0000  -22.5000 1865.5786   24.5551
   -7.5000  -45.0000  -15.0000 2412.9182   17.6012
    0.0000  -45.0000  -15.0000 2408.5552   17.5538
    7.5000  -45.0000  -15.0000 2369.5742   17.7975
   -7.5000  -37.5000  -15.0000 2518.1116   16.1668
    0.0000  -37.5000  -15.0000 2515.3569   16.1348
    7.5000  -37.5000  -15.0000 2479.3354   16.3352
   -7.5000  -30.0000  -15.0000 2601.6208   15.0990
    0.0000  -30.0000  -15.0000 2599.5857   15.0916
    7.5000  -30.0000  -15.0000 2560.6084   15.2578
   -7.5000  -22.5000  -15.0000 2645.1936   14.3658
    0.0000  -22.5000  -15.0000 2640.8474   14.3626
    7.5000  -22.5000  -15.0000 2602.8123   14.5704
   -7.5000  -15.0000  -15.0000 2676.4553   13.9485
    0.0000  -15.0000  -15.0000 2674.6282   13.9417
    7.5000  -15.0000  -15.0000 2631.5334   14.1668
   -7.5000   -7.5000  -15.0000 2684.3499   13.9422
    0.0000   -7.5000  -15.0000 2681.9741   13.9084
    7.5000   -7.5000  -15.0000 2634.9258   14.1394
   -7.5000    0.0000  -15.0000 2662.4587   14.3130
    0.0000    0.0000  -15.0000 2656.2771   14.2731
    7.5000    0.0000  -15.0000 2610.2947   14.4985
   -7.5000    7.5000  -15.0000 2612.2354   14.9809
    0.0000    7.5000  -15.0000 2610.4426   14.9264
    7.5000    7.5000  -15.0000 2563.2524   15.1672
   -7.5000   15.0000  -15.0000 2543.9670   15.8890
    0.0000   15.0000  -15.0000 2543.2056   15.8151
    7.5000   15.0000  -15.0000 2495.7573   16.0685
   -7.5000   22.5000  -15.0000 2443.7100   17.0549
    0.0000   22.5000  -15.0000 2446.3140   16.9697
    7.5000   22.5000  -15.0000 2405.1113   17.2539
   -7.5000   30.0000  -15.0000 2323.0286   18.5554
    0.0000   30.0000  -15.0000 2327.6055   18.4830
    7.5000   30.0000  -15.0000 2291.5271   18.8150
   -7.5000   37.5000  -15.0000 2162.2690   20.4938
    0.0000   37.5000  -15.0000 2163.8938   20.3966
    7.5000   37.5000  -15.0000 2134.3120   20.7484
   -7.5000   45.0000  -15.0000 1975.0396   22.8564
    0.0000   45.0000  -15.0000 1980.1246   22.7725
    7.5000   45.0000  -15.0000 1953.0800   23.1672
   -7.5000  -45.0000   -7.5000 2466.8171   16.6946
    0.0000  -45.0000   -7.5000 2463.6428   16.6501
    7.5000  -45.0000   -7.5000 2421.5571   16.9434
   -7.5000  -37.5000   -7.5000 2580.8301   15.3046
    0.0000  -37.5000   -7.5000 2578.7644   15.2713
    7.5000  -37.5000   -7.5000 2538.2729   15.5037
   -7.5000  -30.0000   -7.5000 2671.8960   14.2294
    0.0000  -30.0000   -7.5000 2673.0396   14.2230
    7.5000  -30.0000   -7.5000 2631.3994   14.4261
   -7.5000  -22.5000   -7.5000 2726.1257   13.4873
    0.0000  -22.5000   -7.5000 2724.6382   13.5024
    7.5000  -22.5000   -7.5000 2682.5120   13.6889
   -7.5000  -15.0000   -7.5000 2764.3162   13.0479
    0.0000  -15.0000   -7.5000 2762.1528   13.0630
    7.5000  -15.0000   -7.5000 2717.5139   13.2751
   -7.5000   -7.5000   -7.5000 2777.5073   13.0214
    0.0000   -7.5000   -7.5000 2777.7681   13.0130
    7.5000   -7.5000   -7.5000 2730.5095   13.2139
   -7.5000    0.0000   -7.5000 2760.1418   13.4048
    0.0000    0.0000   -7.5000 2761.6462   13.3838
    7.5000    0.0000   -7.5000 2707.9531   13.5650
   -7.5000    7.5000   -7.5000 2711.1877   14.0242
    0.0000    7.5000   -7.5000 2716.6611   13.9610
    7.5000    7.5000   -7.5000 2661.8140   14.1618
   -7.5000   15.0000   -7.5000 2634.4814   14.8486
    0.0000   15.0000   -7.5000 2638.1614   14.7832
    7.5000   15.0000   -7.5000 2588.2178   15.0101
   -7.5000   22.5000   -7.5000 2525.4546   15.9658
    0.0000   22.5000   -7.5000 2531.6816   15.8978
    7.5000   22.5000   -7.5000 2489.3823   16.1632
   -7.5000   30.0000   -7.5000 2396.3875   17.4304
    0.0000   30.0000   -7.5000 2404.2695   17.3740
    7.5000   30.0000   -7.5000 2370.2363   17.6704
   -7.5000   37.5000   -7.5000 2227.2329   19.2362
    0.0000   37.5000   -7.5000 2230.5483   19.1637
    7.5000   37.5000   -7.5000 2199.5273   19.4995
   -7.5000   45.0000   -7.5000 2030.3546   21.4875
    0.0000   45.0000   -7.5000 2037.0485   21.3693
    7.5000   45.0000   -7.5000 2011.7440   21.7843
   -7.5000  -45.0000    0.0000 2511.9983   16.1318
    0.0000  -45.0000    0.0000 2510.7952   16.1047
    7.5000  -45.0000    0.0000 2469.2795   16.4354
   -7.5000  -37.5000    0.0000 2631.7734   14.7193
    0.0000  -37.5000    0.0000 2633.3472   14.7139
    7.5000  -37.5000    0.0000 2592.9700   15.0027
   -7.5000  -30.0000    0.0000 2730.4504   13.6254
    0.0000  -30.0000    0.0000 2735.5557   13.6204
    7.5000  -30.0000    0.0000 2691.3469   13.8889
   -7.5000  -22.5000    0.0000 2798.5117   12.8609
    0.0000  -22.5000    0.0000 2804.1306   12.8775
    7.5000  -22.5000    0.0000 2759.1277   13.1148
   -7.5000  -15.0000    0.0000 2847.3315   12.3898
    0.0000  -15.0000    0.0000 2848.8862   12.3911
    7.5000  -15.0000    0.0000 2799.9709   12.6364
   -7.5000   -7.5000    0.0000 2873.1882   12.3179
    0.0000   -7.5000    0.0000 2874.9282   12.3026
    7.5000   -7.5000    0.0000 2822.9792   12.5222
   -7.5000    0.0000    0.0000 2854.8889   12.6889
    0.0000    0.0000    0.0000 2864.8821   12.6793
    7.5000    0.0000    0.0000 2805.2012   12.8747
   -7.5000    7.5000    0.0000 2803.7253   13.2553
    0.0000    7.5000    0.0000 2816.2385   13.2258
    7.5000    7.5000    0.0000 2759.4797   13.4399
   -7.5000   15.0000    0.0000 2719.1697   14.0397
    0.0000   15.0000    0.0000 2724.4824   13.9898
    7.5000   15.0000    0.0000 2677.8928   14.2258
   -7.5000   22.5000    0.0000 2602.0657   15.1352
    0.0000   22.5000    0.0000 2607.8625   15.0642
    7.5000   22.5000    0.0000 2571.2419   15.3384
   -7.5000   30.0000    0.0000 2464.8889   16.6056
    0.0000   30.0000    0.0000 2470.6050   16.5391
    7.5000   30.0000    0.0000 2438.4644   16.8665
   -7.5000   37.5000    0.0000 2286.1016   18.3847
    0.0000   37.5000    0.0000 2290.7996   18.3046
    7.5000   37.5000    0.0000 2263.3413   18.6920
   -7.5000   45.0000    0.0000 2085.0356   20.5197
    0.0000   45.0000    0.0000 2088.9878   20.4269
    7.5000   45.0000    0.0000 2065.0623   20.8506
   -7.5000  -45.0000    7.5000 2532.0129   15.7168
    0.0000  -45.0000    7.5000 2527.3416   15.6816
    7.5000  -45.0000    7.5000 2490.2217   16.0319
   -7.5000  -37.5000    7.5000 2656.7334   14.2919
    0.0000  -37.5000    7.5000 2655.0420   14.2434
    7.5000  -37.5000    7.5000 2618.6057   14.5969
   -7.5000  -30.0000    7.5000 2763.8162   13.1712
    0.0000  -30.0000    7.5000 2763.6218   13.1345
    7.5000  -30.0000    7.5000 2726.0481   13.4837
   -7.5000  -22.5000    7.5000 2850.3877   12.3606
    0.0000  -22.5000    7.5000 2852.0188   12.3283
    7.5000  -22.5000    7.5000 2806.1807   12.6592
   -7.5000  -15.0000    7.5000 2910.3564   11.8034
    0.0000  -15.0000    7.5000 2913.1548   11.7750
    7.5000  -15.0000    7.5000 2862.0864   12.1128
   -7.5000   -7.5000    7.5000 2946.5540   11.7008
    0.0000   -7.5000    7.5000 2952.7234   11.6593
    7.5000   -7.5000    7.5000 2899.5442   11.9624
   -7.5000    0.0000    7.5000 2933.6567   12.0326
    0.0000    0.0000    7.5000 2942.8738   12.0050
    7.5000    0.0000    7.5000 2887.4810   12.2584
   -7.5000    7.5000    7.5000 2875.0469   12.5741
    0.0000    7.5000    7.5000 2881.5625   12.5484
    7.5000    7.5000    7.5000 2836.8210   12.8204
   -7.5000   15.0000    7.5000 2777.8652   13.3677
    0.0000   15.0000    7.5000 2782.5085   13.3115
    7.5000   15.0000    7.5000 2743.3374   13.6113
   -7.5000   22.5000    7.5000 2655.3491   14.4549
    0.0000   22.5000    7.5000 2661.7493   14.3842
    7.5000   22.5000    7.5000 2623.1162   14.7133
   -7.5000   30.0000    7.5000 2511.4761   15.8973
    0.0000   30.0000    7.5000 2519.6406   15.8388
    7.5000   30.0000    7.5000 2484.1233   16.1869
   -7.5000   37.5000    7.5000 2330.3877   17.6635
    0.0000   37.5000    7.5000 2335.1318   17.6058
    7.5000   37.5000    7.5000 2303.2876   17.9806
   -7.5000   45.0000    7.5000 2121.1821   19.7278
    0.0000   45.0000    7.5000 2124.8823   19.6722
    7.5000   45.0000    7.5000 2097.3794   20.0852
   -7.5000  -45.0000   15.0000 2530.1597   15.5295
    0.0000  -45.0000   15.0000 2528.3408   15.4848
    7.5000  -45.0000   15.0000 2494.4172   15.8257
   -7.5000  -37.5000   15.0000 2654.6235   14.1013
    0.0000  -37.5000   15.0000 2653.7019   14.0315
    7.5000  -37.5000   15.0000 2616.1577   14.3752
   -7.5000  -30.0000   15.0000 2767.3408   12.9837
    0.0000  -30.0000   15.0000 2764.7061   12.8970
    7.5000  -30.0000   15.0000 2727.3843   13.2524
   -7.5000  -22.5000   15.0000 2868.8438   12.1180
    0.0000  -22.5000   15.0000 2867.8840   12.0431
    7.5000  -22.5000   15.0000 2822.9011   12.4104
   -7.5000  -15.0000   15.0000 2945.9570   11.4861
    0.0000  -15.0000   15.0000 2949.0042   11.4191
    7.5000  -15.0000   15.0000 2895.3228   11.8188
   -7.5000   -7.5000   15.0000 2993.6514   11.2857
    0.0000   -7.5000   15.0000 3001.0283   11.2328
    7.5000   -7.5000   15.0000 2945.4968   11.6250
   -7.5000    0.0000   15.0000 2979.2095   11.6073
    0.0000    0.0000   15.0000 2993.4370   11.5463
    7.5000    0.0000   15.0000 2939.6694   11.8836
   -7.5000    7.5000   15.0000 2913.3708   12.1880
    0.0000    7.5000   15.0000 2924.7112   12.1357
    7.5000    7.5000   15.0000 2880.6379   12.4623
   -7.5000   15.0000   15.0000 2809.1604   12.9669
    0.0000   15.0000   15.0000 2820.3684   12.9284
    7.5000   15.0000   15.0000 2782.6086   13.2396
   -7.5000   22.5000   15.0000 2685.1782   14.0488
    0.0000   22.5000   15.0000 2693.4802   14.0134
    7.5000   22.5000   15.0000 2657.8149   14.3075
   -7.5000   30.0000   15.0000 2542.0747   15.5054
    0.0000   30.0000   15.0000 2550.9050   15.4706
    7.5000   30.0000   15.0000 2514.6016   15.7800
   -7.5000   37.5000   15.0000 2357.6633   17.2693
    0.0000   37.5000   15.0000 2365.4053   17.2484
    7.5000   37.5000   15.0000 2330.9883   17.6048
   -7.5000   45.0000   15.0000 2141.6523   19.3303
    0.0000   45.0000   15.0000 2146.9785   19.2764
    7.5000   45.0000   15.0000 2119.7314   19.7131
   -7.5000  -45.0000   22.5000 2516.5703   15.6642
    0.0000  -45.0000   22.5000 2521.0925   15.5401
    7.5000  -45.0000   22.5000 2481.8391   15.8994
   -7.5000  -37.5000   22.5000 2637.4204   14.2211
    0.0000  -37.5000   22.5000 2640.0747   14.0623
    7.5000  -37.5000   22.5000 2598.7656   14.4254
   -7.5000  -30.0000   22.5000 2750.3616   13.0454
    0.0000  -30.0000   22.5000 2752.2070   12.8808
    7.5000  -30.0000   22.5000 2712.4539   13.2788
   -7.5000  -22.5000   22.5000 2857.5930   12.1413
    0.0000  -22.5000   22.5000 2857.7673   12.0115
    7.5000  -22.5000   22.5000 2819.9558   12.4115
   -7.5000  -15.0000   22.5000 2940.9648   11.4836
    0.0000  -15.0000   22.5000 2953.2930   11.3990
    7.5000  -15.0000   22.5000 2906.8518   11.7930
   -7.5000   -7.5000   22.5000 3002.7764   11.2500
    0.0000   -7.5000   22.5000 3019.1521   11.1657
    7.5000   -7.5000   22.5000 2962.1289   11.5890
   -7.5000    0.0000   22.5000 2998.5535   11.5009
    0.0000    0.0000   22.5000 3013.3708   11.4251
    7.5000    0.0000   22.5000 2960.3225   11.7896
   -7.5000    7.5000   22.5000 2922.6311   12.0828
    0.0000    7.5000   22.5000 2937.1216   12.0174
    7.5000    7.5000   22.5000 2899.2864   12.3456
   -7.5000   15.0000   22.5000 2817.8762   12.9230
    0.0000   15.0000   22.5000 2828.1670   12.8462
    7.5000   15.0000   22.5000 2795.3433   13.1432
   -7.5000   22.5000   22.5000 2693.0996   14.0237
    0.0000   22.5000   22.5000 2699.7859   13.9353
    7.5000   22.5000   22.5000 2667.1667   14.2320
   -7.5000   30.0000   22.5000 2548.1799   15.4530
    0.0000   30.0000   22.5000 2556.9519   15.3505
    7.5000   30.0000   22.5000 2525.6904   15.6903
   -7.5000   37.5000   22.5000 2364.8472   17.2036
    0.0000   37.5000   22.5000 2373.1118   17.0912
    7.5000   37.5000   22.5000 2342.4995   17.4697
   -7.5000   45.0000   22.5000 2145.9209   19.2107
    0.0000   45.0000   22.5000 2156.1667   19.0959
    7.5000   45.0000   22.5000 2129.2788   19.5544
   -7.5000  -45.0000   30.0000 2487.9006   15.8716
    0.0000  -45.0000   30.0000 2497.9021   15.7466
    7.5000  -45.0000   30.0000 2464.8970   16.1131
   -7.5000  -37.5000   30.0000 2601.2917   14.4294
    0.0000  -37.5000   30.0000 2611.8804   14.2872
    7.5000  -37.5000   30.0000 2578.2109   14.6475
   -7.5000  -30.0000   30.0000 2714.8647   13.2866
    0.0000  -30.0000   30.0000 2725.8726   13.1326
    7.5000  -30.0000   30.0000 2692.1555   13.5117
   -7.5000  -22.5000   30.0000 2822.5220   12.4167
    0.0000  -22.5000   30.0000 2833.7002   12.2819
    7.5000  -22.5000   30.0000 2802.7275   12.6461
   -7.5000  -15.0000   30.0000 2912.0190   11.8202
    0.0000  -15.0000   30.0000 2926.4119   11.6614
    7.5000  -15.0000   30.0000 2889.2292   12.0461
   -7.5000   -7.5000   30.0000 2976.8335   11.6571
    0.0000   -7.5000   30.0000 2991.2153   11.4717
    7.5000   -7.5000   30.0000 2948.2419   11.8384
   -7.5000    0.0000   30.0000 2968.7271   11.8309
    0.0000    0.0000   30.0000 2988.0115   11.6927
    7.5000    0.0000   30.0000 2947.3884   11.9914
   -7.5000    7.5000   30.0000 2906.0608   12.3457
    0.0000    7.5000   30.0000 2922.8853   12.2487
    7.5000    7.5000   30.0000 2886.1260   12.5292
   -7.5000   15.0000   30.0000 2799.7012   13.1402
    0.0000   15.0000   30.0000 2814.3672   13.0436
    7.5000   15.0000   30.0000 2780.6501   13.3202
   -7.5000   22.5000   30.0000 2670.0408   14.1858
    0.0000   22.5000   30.0000 2679.1736   14.1008
    7.5000   22.5000   30.0000 2653.6382   14.3848
   -7.5000   30.0000   30.0000 2530.1816   15.5663
    0.0000   30.0000   30.0000 2540.7024   15.4845
    7.5000   30.0000   30.0000 2513.3569   15.7947
   -7.5000   37.5000   30.0000 2350.4031   17.2670
    0.0000   37.5000   30.0000 2362.5925   17.1890
    7.5000   37.5000   30.0000 2337.8462   17.5202
   -7.5000   45.0000   30.0000 2135.5989   19.2702
    0.0000   45.0000   30.0000 2145.1875   19.1724
    7.5000   45.0000   30.0000 2120.8311   19.5481
   -7.5000  -45.0000   37.5000 2450.9453   16.4225
    0.0000  -45.0000   37.5000 2464.9375   16.2563
    7.5000  -45.0000   37.5000 2438.3083   16.6089
   -7.5000  -37.5000   37.5000 2565.3408   14.9739
    0.0000  -37.5000   37.5000 2582.2219   14.8375
    7.5000  -37.5000   37.5000 2553.8660   15.1540
   -7.5000  -30.0000   37.5000 2678.2935   13.8149
    0.0000  -30.0000   37.5000 2697.1514   13.7101
    7.5000  -30.0000   37.5000 2669.2048   14.0118
   -7.5000  -22.5000   37.5000 2778.6755   12.9134
    0.0000  -22.5000   37.5000 2799.2930   12.8230
    7.5000  -22.5000   37.5000 2772.5684   13.1165
   -7.5000  -15.0000   37.5000 2864.1597   12.3428
    0.0000  -15.0000   37.5000 2884.0645   12.1732
    7.5000  -15.0000   37.5000 2850.5603   12.5090
   -7.5000   -7.5000   37.5000 2915.9067   12.1570
    0.0000   -7.5000   37.5000 2935.2732   12.0039
    7.5000   -7.5000   37.5000 2899.3005   12.2990
   -7.5000    0.0000   37.5000 2910.8147   12.3099
    0.0000    0.0000   37.5000 2931.9841   12.1874
    7.5000    0.0000   37.5000 2898.7783   12.4336
   -7.5000    7.5000   37.5000 2850.6807   12.8353
    0.0000    7.5000   37.5000 2870.0413   12.7158
    7.5000    7.5000   37.5000 2837.4238   12.9563
   -7.5000   15.0000   37.5000 2751.7341   13.6251
    0.0000   15.0000   37.5000 2767.3240   13.5053
    7.5000   15.0000   37.5000 2741.5962   13.7313
   -7.5000   22.5000   37.5000 2626.0466   14.6217
    0.0000   22.5000   37.5000 2641.3650   14.5249
    7.5000   22.5000   37.5000 2620.7068   14.7886
   -7.5000   30.0000   37.5000 2492.0103   15.9234
    0.0000   30.0000   37.5000 2508.4988   15.8431
    7.5000   30.0000   37.5000 2487.7083   16.1396
   -7.5000   37.5000   37.5000 2316.2283   17.5639
    0.0000   37.5000   37.5000 2326.9458   17.4747
    7.5000   37.5000   37.5000 2307.4451   17.7916
   -7.5000   45.0000   37.5000 2109.8950   19.5337
    0.0000   45.0000   37.5000 2119.8008   19.4057
    7.5000   45.0000   37.5000 2096.5454   19.7473
   -7.5000  -45.0000   45.0000 2382.9607   17.1282
    0.0000  -45.0000   45.0000 2402.4849   16.9916
    7.5000  -45.0000   45.0000 2378.2397   17.2707
   -7.5000  -37.5000   45.0000 2498.2896   15.6376
    0.0000  -37.5000   45.0000 2519.4719   15.5351
    7.5000  -37.5000   45.0000 2495.4148   15.7956
   -7.5000  -30.0000   45.0000 2608.1411   14.4205
    0.0000  -30.0000   45.0000 2634.9888   14.3449
    7.5000  -30.0000   45.0000 2608.5813   14.5958
   -7.5000  -22.5000   45.0000 2705.5933   13.5258
    0.0000  -22.5000   45.0000 2733.0786   13.4430
    7.5000  -22.5000   45.0000 2705.4390   13.6959
   -7.5000  -15.0000   45.0000 2781.5308   12.9844
    0.0000  -15.0000   45.0000 2809.7749   12.8763
    7.5000  -15.0000   45.0000 2773.3401   13.1296
   -7.5000   -7.5000   45.0000 2819.0137   12.7967
    0.0000   -7.5000   45.0000 2839.0356   12.6755
    7.5000   -7.5000   45.0000 2806.4619   12.9172
   -7.5000    0.0000   45.0000 2813.4663   12.9218
    0.0000    0.0000   45.0000 2829.4805   12.8081
    7.5000    0.0000   45.0000 2800.0051   13.0282
   -7.5000    7.5000   45.0000 2750.3831   13.4264
    0.0000    7.5000   45.0000 2771.4683   13.3304
    7.5000    7.5000   45.0000 2742.2495   13.5279
   -7.5000   15.0000   45.0000 2660.5906   14.1578
    0.0000   15.0000   45.0000 2679.0605   14.0622
    7.5000   15.0000   45.0000 2651.5920   14.2758
   -7.5000   22.5000   45.0000 2546.0793   15.1781
    0.0000   22.5000   45.0000 2563.5886   15.0714
    7.5000   22.5000   45.0000 2540.3037   15.3017
   -7.5000   30.0000   45.0000 2414.4580   16.4528
    0.0000   30.0000   45.0000 2434.5688   16.3518
    7.5000   30.0000   45.0000 2413.0442   16.6357
   -7.5000   37.5000   45.0000 2246.5020   18.0144
    0.0000   37.5000   45.0000 2260.0442   17.9268
    7.5000   37.5000   45.0000 2239.5542   18.1956
   -7.5000   45.0000   45.0000 2049.9338   19.9370
    0.0000   45.0000   45.0000 2061.9646   19.8129
    7.5000   45.0000   45.0000 2037.2853   20.1122

---------------------------------------------------------------------
imgreg_4dfp /opt/freesurfer/average/711-2C_as_mni_average_305 /opt/freesurfer/average/711-2B_as_mni_average_305_mask talsrcimg_g11 none talsrcimg_to_711-2C_as_mni_average_305_t4 1283
---------------------------------------------------------------------

freesurfer imgreg_4dfp.c
/opt/freesurfer/average/711-2C_as_mni_average_305.4dfp.img
       256       256       256         1
  1.000000  1.000000  1.000000
orientation T byte_order littleendian
Reading image: /opt/freesurfer/average/711-2C_as_mni_average_305.4dfp.img
dimensions:      256       256       256
mmppix:       1.0000   -1.0000   -1.0000
center:     128.0000 -129.0000 -129.0000
/opt/freesurfer/average/711-2B_as_mni_average_305_mask.4dfp.img
       256       256       256         1
  1.000000  1.000000  1.000000
orientation T byte_order littleendian
Reading mask: /opt/freesurfer/average/711-2B_as_mni_average_305_mask.4dfp.img (2306576 pixels)
talsrcimg_g11.4dfp.img
       256       256       256         1
  0.900000  0.900000  0.900000
orientation T byte_order littleendian
Reading image: talsrcimg_g11.4dfp.img
dimensions:      256       256       256
mmppix:       0.9000   -0.9000   -0.9000
center:     115.2000 -116.1000 -116.1000
rotation matrix determinant  1.000000
fimgreg.f
image alignment mode   1283 decimal      503 hex
parameters
    0.0000   -7.5000   22.5000    0.0000    0.0000    0.0000
eta,q 0.94834 11.12922
niter,ni,del,rscale     5    3   12.0000    1.2000
parameter  2 -0.555672 -> -0.500000 qaram    1.1500
parameter  4  0.769102 ->  0.500000 qaram    1.1500
parameter  5  0.503144 ->  0.500000 qaram    1.1500
parameters
   -2.6530   -4.0500   21.0187   -3.4500   -3.4500   -0.0557
eta,q 0.95106 10.92401
  0.0560  0.0714  0.0523  0.0501  0.0496  0.0514
  0.0539  0.0642  0.0528  0.0492  0.0492  0.0500
  0.0547  0.0583  0.0515  0.0496  0.0484  0.0493
  0.0555  0.0544  0.0514  0.0512  0.0492  0.0489
  0.0569  0.0522  0.0520  0.0535  0.0514  0.0495
  0.0598  0.0514  0.0534  0.0559  0.0534  0.0502
  0.0640  0.0536  0.0560  0.0581  0.0554  0.0514
niter,ni,del,rscale     7    3   12.0000    1.2000
parameters
    0.0863   -2.8002   21.4088   -5.4835   -5.2848    1.0200
eta,q 0.95622 11.01792
  0.0585  0.0616  0.0489  0.0497  0.0485  0.0504
  0.0528  0.0553  0.0475  0.0463  0.0455  0.0475
  0.0504  0.0501  0.0468  0.0452  0.0440  0.0452
  0.0489  0.0470  0.0464  0.0464  0.0452  0.0440
  0.0473  0.0466  0.0462  0.0492  0.0478  0.0438
  0.0472  0.0491  0.0462  0.0525  0.0502  0.0450
  0.0488  0.0545  0.0489  0.0556  0.0539  0.0472
niter,ni,del,rscale     6    3   12.0000    1.2000
parameters
    0.2172   -1.8715   21.6759   -6.1383   -5.4506    1.2477
eta,q 0.95694 11.05514
  0.0525  0.0590  0.0476  0.0509  0.0503  0.0486
  0.0495  0.0529  0.0461  0.0468  0.0468  0.0458
  0.0465  0.0468  0.0442  0.0433  0.0440  0.0439
  0.0438  0.0437  0.0434  0.0434  0.0431  0.0431
  0.0445  0.0441  0.0431  0.0456  0.0447  0.0436
  0.0477  0.0475  0.0440  0.0493  0.0473  0.0454
  0.0532  0.0533  0.0481  0.0536  0.0508  0.0478
niter,ni,del,rscale     5    3   12.0000    1.2000
parameters
    0.1705   -1.5575   21.4998   -6.4055   -5.4603    1.3479
eta,q 0.95694 11.05895
  0.0518  0.0572  0.0471  0.0517  0.0503  0.0484
  0.0486  0.0511  0.0454  0.0476  0.0469  0.0456
  0.0456  0.0454  0.0437  0.0436  0.0442  0.0437
  0.0431  0.0431  0.0431  0.0431  0.0431  0.0431
  0.0443  0.0447  0.0428  0.0451  0.0443  0.0437
  0.0477  0.0488  0.0444  0.0486  0.0468  0.0456
  0.0532  0.0554  0.0490  0.0527  0.0503  0.0479
niter,ni,del,rscale     4    3   12.0000    1.2000
parameters
    0.1441   -1.4576   21.4032   -6.5152   -5.4579    1.3828
eta,q 0.95692 11.05965
  0.0518  0.0565  0.0471  0.0520  0.0501  0.0483
  0.0484  0.0506  0.0453  0.0480  0.0468  0.0455
  0.0456  0.0451  0.0437  0.0438  0.0443  0.0437
  0.0431  0.0431  0.0431  0.0431  0.0431  0.0431
  0.0442  0.0450  0.0428  0.0448  0.0442  0.0438
  0.0476  0.0492  0.0442  0.0483  0.0467  0.0457
  0.0530  0.0562  0.0486  0.0523  0.0502  0.0480
niter,ni,del,rscale     3    3   12.0000    1.2000
parameters
    0.1339   -1.4239   21.3653   -6.5558   -5.4551    1.3938
eta,q 0.95692 11.05990
  0.0518  0.0562  0.0471  0.0521  0.0501  0.0483
  0.0484  0.0504  0.0453  0.0482  0.0468  0.0454
  0.0456  0.0450  0.0437  0.0439  0.0443  0.0436
  0.0431  0.0431  0.0431  0.0431  0.0431  0.0431
  0.0442  0.0451  0.0428  0.0447  0.0442  0.0438
  0.0476  0.0494  0.0441  0.0482  0.0467  0.0457
  0.0530  0.0565  0.0484  0.0522  0.0502  0.0480
registration optimization eta report
parameter search radius
    6.0000    6.9000    6.0000    6.9000    6.9000    6.0000
100000*second partial in parameter space
       24.       27.       14.       19.       14.       14.
  0.0518  0.0562  0.0471  0.0521  0.0501  0.0483
  0.0484  0.0504  0.0453  0.0482  0.0468  0.0454
  0.0456  0.0450  0.0437  0.0439  0.0443  0.0436
  0.0431  0.0431  0.0431  0.0431  0.0431  0.0431
  0.0442  0.0451  0.0428  0.0447  0.0442  0.0438
  0.0476  0.0494  0.0441  0.0482  0.0467  0.0457
  0.0530  0.0565  0.0484  0.0522  0.0502  0.0480
    0.1339   -1.4239   21.3653   -6.5558   -5.4551    1.3938
eta,q 0.95692 11.05990

---------------------------------------------------------------------
imgreg_4dfp /opt/freesurfer/average/711-2C_as_mni_average_305 /opt/freesurfer/average/711-2B_as_mni_average_305_mask talsrcimg_g11 none talsrcimg_to_711-2C_as_mni_average_305_t4 3335
---------------------------------------------------------------------

freesurfer imgreg_4dfp.c
/opt/freesurfer/average/711-2C_as_mni_average_305.4dfp.img
       256       256       256         1
  1.000000  1.000000  1.000000
orientation T byte_order littleendian
Reading image: /opt/freesurfer/average/711-2C_as_mni_average_305.4dfp.img
dimensions:      256       256       256
mmppix:       1.0000   -1.0000   -1.0000
center:     128.0000 -129.0000 -129.0000
/opt/freesurfer/average/711-2B_as_mni_average_305_mask.4dfp.img
       256       256       256         1
  1.000000  1.000000  1.000000
orientation T byte_order littleendian
Reading mask: /opt/freesurfer/average/711-2B_as_mni_average_305_mask.4dfp.img (2306576 pixels)
talsrcimg_g11.4dfp.img
       256       256       256         1
  0.900000  0.900000  0.900000
orientation T byte_order littleendian
Reading image: talsrcimg_g11.4dfp.img
dimensions:      256       256       256
mmppix:       0.9000   -0.9000   -0.9000
center:     115.2000 -116.1000 -116.1000
fimgreg.f
image alignment mode   3335 decimal      D07 hex
parameters
    0.1339   -1.4239   21.3653   -0.4824   -0.7097   -1.1038
   -3.5015    9.1640    2.4214   11.6434   -9.5066  -11.3653
eta,q 0.95764 11.14149
niter,ni,del,rscale     5    3    5.0000    1.2000
parameter  4  2.964113 ->  0.500000 qaram    1.1500
parameter  5  2.083630 ->  0.500000 qaram    1.1500
parameter  6  1.137558 ->  0.500000 qaram    1.1500
parameters
    0.1388   -1.2784   21.2511   -4.6224   -4.8497   -5.2438
   -2.3580    9.8711    2.2426    9.9744   -6.8152   -8.8484
eta,q 0.96997 10.61764
  0.0439  0.0439  0.0432  0.0357  0.0311  0.0306  0.0333  0.0351  0.0324  0.0323  0.0328  0.0319
  0.0430  0.0431  0.0428  0.0373  0.0327  0.0306  0.0321  0.0331  0.0314  0.0311  0.0318  0.0312
  0.0425  0.0426  0.0425  0.0396  0.0350  0.0313  0.0312  0.0315  0.0308  0.0304  0.0309  0.0306
  0.0424  0.0424  0.0423  0.0423  0.0378  0.0333  0.0307  0.0306  0.0306  0.0306  0.0304  0.0302
  0.0425  0.0424  0.0425  0.0452  0.0408  0.0357  0.0307  0.0308  0.0308  0.0315  0.0302  0.0300
  0.0430  0.0428  0.0428  0.0482  0.0444  0.0380  0.0312  0.0320  0.0315  0.0330  0.0303  0.0301
  0.0439  0.0436  0.0434  0.0516  0.0487  0.0405  0.0322  0.0338  0.0326  0.0350  0.0308  0.0305
niter,ni,del,rscale     7    3    5.0000    1.2000
parameter  4  0.729100 ->  0.500000 qaram    1.3225
parameter  5  0.810532 ->  0.500000 qaram    1.3225
parameters
    0.2221   -1.5179   20.4089   -9.3834   -9.6107   -7.2849
   -2.1474    9.2417    1.9097    9.4368   -7.5430   -9.9307
eta,q 0.97390 10.32302
  0.0329  0.0318  0.0305  0.0283  0.0259  0.0284  0.0284  0.0296  0.0276  0.0282  0.0271  0.0269
  0.0314  0.0307  0.0299  0.0277  0.0259  0.0274  0.0273  0.0277  0.0268  0.0270  0.0265  0.0264
  0.0305  0.0301  0.0298  0.0282  0.0265  0.0264  0.0265  0.0265  0.0263  0.0263  0.0262  0.0261
  0.0300  0.0300  0.0300  0.0298  0.0277  0.0260  0.0262  0.0262  0.0262  0.0262  0.0262  0.0261
  0.0302  0.0304  0.0305  0.0324  0.0300  0.0272  0.0264  0.0270  0.0264  0.0266  0.0264  0.0264
  0.0311  0.0313  0.0314  0.0357  0.0330  0.0303  0.0271  0.0287  0.0270  0.0274  0.0268  0.0268
  0.0326  0.0326  0.0325  0.0392  0.0363  0.0335  0.0282  0.0309  0.0279  0.0290  0.0275  0.0274
niter,ni,del,rscale     7    3    5.0000    1.2000
parameters
    0.2126   -1.4483   19.8682   -9.7511  -11.9747   -7.9388
   -2.1428    9.1513    2.1601    9.8041   -7.6696  -11.0542
eta,q 0.97401 10.23653
  0.0288  0.0280  0.0269  0.0298  0.0277  0.0287  0.0279  0.0296  0.0275  0.0286  0.0269  0.0267
  0.0273  0.0270  0.0263  0.0283  0.0266  0.0277  0.0269  0.0278  0.0267  0.0272  0.0264  0.0262
  0.0264  0.0263  0.0260  0.0269  0.0259  0.0267  0.0263  0.0265  0.0262  0.0263  0.0261  0.0260
  0.0261  0.0261  0.0261  0.0260  0.0261  0.0259  0.0260  0.0260  0.0260  0.0260  0.0260  0.0260
  0.0264  0.0263  0.0265  0.0263  0.0268  0.0260  0.0262  0.0265  0.0261  0.0263  0.0262  0.0263
  0.0274  0.0268  0.0272  0.0281  0.0287  0.0279  0.0269  0.0278  0.0266  0.0270  0.0265  0.0267
  0.0288  0.0278  0.0280  0.0312  0.0317  0.0307  0.0279  0.0299  0.0273  0.0280  0.0269  0.0272
niter,ni,del,rscale     6    3    5.0000    1.2000
parameters
    0.2179   -1.2474   19.7864   -9.3106  -12.2596   -8.0707
   -2.2815    9.1444    2.1797   10.0741   -7.6163  -11.3234
eta,q 0.97406 10.23446
  0.0285  0.0281  0.0271  0.0299  0.0289  0.0289  0.0278  0.0296  0.0273  0.0285  0.0269  0.0269
  0.0272  0.0270  0.0265  0.0284  0.0273  0.0279  0.0268  0.0278  0.0265  0.0271  0.0264  0.0263
  0.0263  0.0263  0.0261  0.0270  0.0264  0.0269  0.0262  0.0265  0.0261  0.0262  0.0261  0.0260
  0.0260  0.0260  0.0260  0.0260  0.0259  0.0259  0.0259  0.0259  0.0259  0.0259  0.0259  0.0259
  0.0263  0.0261  0.0262  0.0259  0.0263  0.0257  0.0262  0.0264  0.0261  0.0262  0.0261  0.0261
  0.0271  0.0266  0.0266  0.0272  0.0273  0.0273  0.0269  0.0277  0.0265  0.0269  0.0264  0.0265
  0.0285  0.0275  0.0273  0.0299  0.0296  0.0300  0.0280  0.0297  0.0273  0.0280  0.0268  0.0270
niter,ni,del,rscale     5    3    5.0000    1.2000
parameters
    0.2134   -1.1882   19.7774   -9.2281  -12.3237   -8.0575
   -2.2955    9.1388    2.1600   10.1725   -7.5839  -11.4007
eta,q 0.97407 10.23437
  0.0285  0.0278  0.0272  0.0297  0.0291  0.0290  0.0279  0.0296  0.0273  0.0283  0.0269  0.0269
  0.0271  0.0268  0.0265  0.0282  0.0274  0.0279  0.0269  0.0278  0.0265  0.0270  0.0264  0.0263
  0.0262  0.0262  0.0261  0.0269  0.0264  0.0269  0.0262  0.0265  0.0261  0.0261  0.0260  0.0260
  0.0259  0.0259  0.0259  0.0259  0.0259  0.0259  0.0259  0.0259  0.0259  0.0259  0.0259  0.0259
  0.0262  0.0261  0.0261  0.0260  0.0263  0.0257  0.0261  0.0264  0.0261  0.0263  0.0260  0.0261
  0.0271  0.0267  0.0265  0.0275  0.0272  0.0272  0.0268  0.0277  0.0265  0.0270  0.0263  0.0264
  0.0285  0.0276  0.0272  0.0303  0.0294  0.0299  0.0279  0.0297  0.0273  0.0281  0.0268  0.0269
niter,ni,del,rscale     4    3    5.0000    1.2000
parameters
    0.2101   -1.1727   19.7736   -9.2121  -12.3358   -8.0466
   -2.2880    9.1390    2.1501   10.2083   -7.5766  -11.4274
eta,q 0.97407 10.23459
  0.0285  0.0277  0.0272  0.0297  0.0291  0.0290  0.0279  0.0296  0.0272  0.0283  0.0268  0.0269
  0.0271  0.0268  0.0265  0.0282  0.0275  0.0279  0.0269  0.0278  0.0265  0.0269  0.0263  0.0263
  0.0262  0.0261  0.0261  0.0269  0.0264  0.0269  0.0262  0.0265  0.0261  0.0261  0.0260  0.0260
  0.0259  0.0259  0.0259  0.0259  0.0259  0.0259  0.0259  0.0259  0.0259  0.0259  0.0259  0.0259
  0.0262  0.0261  0.0261  0.0261  0.0263  0.0257  0.0261  0.0264  0.0261  0.0263  0.0260  0.0261
  0.0271  0.0267  0.0265  0.0275  0.0272  0.0272  0.0268  0.0277  0.0265  0.0270  0.0264  0.0264
  0.0285  0.0277  0.0272  0.0304  0.0293  0.0299  0.0279  0.0297  0.0273  0.0281  0.0268  0.0269
registration optimization eta report
parameter search radius
    2.4000    2.4000    2.4000    9.5220    9.5220    8.2800
    7.2000    7.2000    7.2000    7.2000    7.2000    7.2000
100000*second partial in parameter space
       44.       30.       21.        4.        4.        5.
        4.        7.        3.        4.        2.        2.
  0.0285  0.0277  0.0272  0.0297  0.0291  0.0290  0.0279  0.0296  0.0272  0.0283  0.0268  0.0269
  0.0271  0.0268  0.0265  0.0282  0.0275  0.0279  0.0269  0.0278  0.0265  0.0269  0.0263  0.0263
  0.0262  0.0261  0.0261  0.0269  0.0264  0.0269  0.0262  0.0265  0.0261  0.0261  0.0260  0.0260
  0.0259  0.0259  0.0259  0.0259  0.0259  0.0259  0.0259  0.0259  0.0259  0.0259  0.0259  0.0259
  0.0262  0.0261  0.0261  0.0261  0.0263  0.0257  0.0261  0.0264  0.0261  0.0263  0.0260  0.0261
  0.0271  0.0267  0.0265  0.0275  0.0272  0.0272  0.0268  0.0277  0.0265  0.0270  0.0264  0.0264
  0.0285  0.0277  0.0272  0.0304  0.0293  0.0299  0.0279  0.0297  0.0273  0.0281  0.0268  0.0269
    0.2101   -1.1727   19.7736   -9.2121  -12.3358   -8.0466
   -2.2880    9.1390    2.1501   10.2083   -7.5766  -11.4274
eta,q 0.97407 10.23459

---------------------------------------------------------------------
imgreg_4dfp /opt/freesurfer/average/711-2C_as_mni_average_305 /opt/freesurfer/average/711-2B_as_mni_average_305_mask talsrcimg_g11 none talsrcimg_to_711-2C_as_mni_average_305_t4 2311
---------------------------------------------------------------------

freesurfer imgreg_4dfp.c
/opt/freesurfer/average/711-2C_as_mni_average_305.4dfp.img
       256       256       256         1
  1.000000  1.000000  1.000000
orientation T byte_order littleendian
Reading image: /opt/freesurfer/average/711-2C_as_mni_average_305.4dfp.img
dimensions:      256       256       256
mmppix:       1.0000   -1.0000   -1.0000
center:     128.0000 -129.0000 -129.0000
/opt/freesurfer/average/711-2B_as_mni_average_305_mask.4dfp.img
       256       256       256         1
  1.000000  1.000000  1.000000
orientation T byte_order littleendian
Reading mask: /opt/freesurfer/average/711-2B_as_mni_average_305_mask.4dfp.img (2306576 pixels)
talsrcimg_g11.4dfp.img
       256       256       256         1
  0.900000  0.900000  0.900000
orientation T byte_order littleendian
Reading image: talsrcimg_g11.4dfp.img
dimensions:      256       256       256
mmppix:       0.9000   -0.9000   -0.9000
center:     115.2000 -116.1000 -116.1000
fimgreg.f
image alignment mode   2311 decimal      907 hex
parameters
    0.2101   -1.1727   19.7736   -9.2121  -12.3358   -8.0465
   -2.2880    9.1390    2.1501   10.2083   -7.5766  -11.4274
eta,q 0.97407 10.23458
niter,ni,del,rscale     5    3    5.0000    0.8000
parameters
    0.2087   -1.1706   19.7640   -8.0619  -12.2243   -7.0827
   -2.0945    9.4041    2.1864   10.2073   -7.2075  -11.5352
eta,q 0.97435 10.26494
  0.0271  0.0267  0.0265  0.0275  0.0268  0.0275  0.0267  0.0279  0.0263  0.0269  0.0263  0.0261
  0.0265  0.0263  0.0262  0.0269  0.0263  0.0269  0.0262  0.0268  0.0260  0.0261  0.0259  0.0259
  0.0261  0.0260  0.0260  0.0263  0.0260  0.0263  0.0258  0.0260  0.0257  0.0257  0.0257  0.0257
  0.0259  0.0259  0.0259  0.0259  0.0258  0.0258  0.0257  0.0257  0.0257  0.0257  0.0257  0.0257
  0.0261  0.0260  0.0260  0.0259  0.0259  0.0256  0.0258  0.0258  0.0257  0.0258  0.0257  0.0257
  0.0265  0.0263  0.0262  0.0261  0.0263  0.0259  0.0261  0.0264  0.0259  0.0262  0.0258  0.0259
  0.0271  0.0267  0.0265  0.0266  0.0267  0.0268  0.0266  0.0275  0.0263  0.0268  0.0261  0.0262
niter,ni,del,rscale     4    3    5.0000    0.7000
parameters
    0.1816   -1.2504   19.8983   -8.2536  -12.3073   -6.7441
   -2.0449    9.3701    2.2273   10.1432   -7.1786  -11.5763
eta,q 0.97441 10.26326
  0.0265  0.0262  0.0262  0.0266  0.0263  0.0270  0.0264  0.0272  0.0261  0.0265  0.0260  0.0260
  0.0260  0.0259  0.0259  0.0261  0.0260  0.0265  0.0260  0.0264  0.0258  0.0260  0.0258  0.0258
  0.0257  0.0257  0.0257  0.0257  0.0257  0.0260  0.0257  0.0258  0.0257  0.0257  0.0256  0.0256
  0.0257  0.0256  0.0256  0.0256  0.0256  0.0256  0.0256  0.0256  0.0256  0.0256  0.0256  0.0256
  0.0258  0.0258  0.0257  0.0258  0.0257  0.0256  0.0257  0.0258  0.0256  0.0257  0.0256  0.0256
  0.0261  0.0260  0.0258  0.0262  0.0260  0.0259  0.0259  0.0264  0.0258  0.0261  0.0258  0.0258
  0.0266  0.0264  0.0260  0.0268  0.0264  0.0268  0.0263  0.0273  0.0261  0.0265  0.0260  0.0260
niter,ni,del,rscale     3    3    5.0000    0.6000
parameters
    0.1826   -1.2751   19.9466   -8.3063  -12.3612   -6.5259
   -2.0500    9.4014    2.2873   10.0934   -7.1754  -11.6186
eta,q 0.97443 10.26246
  0.0263  0.0261  0.0260  0.0264  0.0261  0.0266  0.0261  0.0268  0.0260  0.0263  0.0259  0.0259
  0.0259  0.0258  0.0258  0.0259  0.0259  0.0262  0.0258  0.0262  0.0258  0.0258  0.0257  0.0257
  0.0257  0.0256  0.0256  0.0257  0.0257  0.0258  0.0256  0.0257  0.0256  0.0256  0.0256  0.0256
  0.0256  0.0256  0.0256  0.0256  0.0256  0.0256  0.0256  0.0256  0.0256  0.0256  0.0256  0.0256
  0.0257  0.0257  0.0256  0.0257  0.0257  0.0256  0.0256  0.0257  0.0256  0.0257  0.0256  0.0256
  0.0259  0.0258  0.0257  0.0260  0.0259  0.0259  0.0258  0.0261  0.0257  0.0259  0.0257  0.0257
  0.0263  0.0261  0.0259  0.0264  0.0262  0.0266  0.0261  0.0268  0.0259  0.0263  0.0259  0.0259
niter,ni,del,rscale     2    3    5.0000    0.5000
parameters
    0.1903   -1.2922   19.9827   -8.3666  -12.3847   -6.3355
   -2.0602    9.4359    2.3562   10.0502   -7.1590  -11.6601
eta,q 0.97444 10.26204
  0.0261  0.0259  0.0259  0.0261  0.0260  0.0263  0.0259  0.0265  0.0258  0.0260  0.0258  0.0258
  0.0258  0.0257  0.0257  0.0258  0.0258  0.0260  0.0257  0.0260  0.0257  0.0258  0.0257  0.0256
  0.0256  0.0256  0.0256  0.0256  0.0256  0.0257  0.0256  0.0257  0.0256  0.0256  0.0256  0.0256
  0.0256  0.0256  0.0256  0.0256  0.0256  0.0256  0.0256  0.0256  0.0256  0.0256  0.0256  0.0256
  0.0256  0.0256  0.0256  0.0257  0.0256  0.0256  0.0256  0.0257  0.0256  0.0256  0.0256  0.0256
  0.0258  0.0257  0.0257  0.0258  0.0258  0.0258  0.0257  0.0260  0.0257  0.0258  0.0257  0.0257
  0.0261  0.0259  0.0258  0.0261  0.0260  0.0263  0.0260  0.0264  0.0258  0.0260  0.0258  0.0258
niter,ni,del,rscale     1    3    5.0000    0.4000
parameters
    0.1952   -1.3091   20.0177   -8.4377  -12.3898   -6.1570
   -2.0759    9.4619    2.4196   10.0194   -7.1304  -11.6787
eta,q 0.97446 10.26206
  0.0259  0.0258  0.0257  0.0259  0.0258  0.0261  0.0258  0.0262  0.0257  0.0259  0.0257  0.0257
  0.0257  0.0256  0.0256  0.0257  0.0257  0.0258  0.0257  0.0258  0.0256  0.0257  0.0256  0.0256
  0.0256  0.0256  0.0256  0.0256  0.0256  0.0257  0.0256  0.0256  0.0256  0.0256  0.0256  0.0256
  0.0256  0.0256  0.0256  0.0256  0.0256  0.0256  0.0255  0.0255  0.0255  0.0255  0.0255  0.0255
  0.0256  0.0256  0.0256  0.0256  0.0256  0.0256  0.0256  0.0256  0.0256  0.0256  0.0256  0.0256
  0.0257  0.0257  0.0256  0.0257  0.0257  0.0257  0.0257  0.0258  0.0256  0.0257  0.0256  0.0256
  0.0259  0.0258  0.0257  0.0259  0.0258  0.0260  0.0258  0.0261  0.0257  0.0259  0.0257  0.0257
registration optimization eta report
parameter search radius
    0.8000    0.8000    0.8000    2.4000    2.4000    2.4000
    2.4000    2.4000    2.4000    2.4000    2.4000    2.4000
100000*second partial in parameter space
       49.       35.       26.        6.        5.        8.
        4.       10.        3.        6.        3.        2.
  0.0259  0.0258  0.0257  0.0259  0.0258  0.0261  0.0258  0.0262  0.0257  0.0259  0.0257  0.0257
  0.0257  0.0256  0.0256  0.0257  0.0257  0.0258  0.0257  0.0258  0.0256  0.0257  0.0256  0.0256
  0.0256  0.0256  0.0256  0.0256  0.0256  0.0257  0.0256  0.0256  0.0256  0.0256  0.0256  0.0256
  0.0256  0.0256  0.0256  0.0256  0.0256  0.0256  0.0255  0.0255  0.0255  0.0255  0.0255  0.0255
  0.0256  0.0256  0.0256  0.0256  0.0256  0.0256  0.0256  0.0256  0.0256  0.0256  0.0256  0.0256
  0.0257  0.0257  0.0256  0.0257  0.0257  0.0257  0.0257  0.0258  0.0256  0.0257  0.0256  0.0256
  0.0259  0.0258  0.0257  0.0259  0.0258  0.0260  0.0258  0.0261  0.0257  0.0259  0.0257  0.0257
    0.1952   -1.3091   20.0177   -8.4377  -12.3898   -6.1570
   -2.0759    9.4619    2.4196   10.0194   -7.1304  -11.6787
eta,q 0.97446 10.26206

---------------------------------------------------------------------
imgreg_4dfp /opt/freesurfer/average/711-2C_as_mni_average_305 /opt/freesurfer/average/711-2B_as_mni_average_305_mask talsrcimg_g11 none talsrcimg_to_711-2C_as_mni_average_305_t4 2311
---------------------------------------------------------------------

freesurfer imgreg_4dfp.c
/opt/freesurfer/average/711-2C_as_mni_average_305.4dfp.img
       256       256       256         1
  1.000000  1.000000  1.000000
orientation T byte_order littleendian
Reading image: /opt/freesurfer/average/711-2C_as_mni_average_305.4dfp.img
dimensions:      256       256       256
mmppix:       1.0000   -1.0000   -1.0000
center:     128.0000 -129.0000 -129.0000
/opt/freesurfer/average/711-2B_as_mni_average_305_mask.4dfp.img
       256       256       256         1
  1.000000  1.000000  1.000000
orientation T byte_order littleendian
Reading mask: /opt/freesurfer/average/711-2B_as_mni_average_305_mask.4dfp.img (2306576 pixels)
talsrcimg_g11.4dfp.img
       256       256       256         1
  0.900000  0.900000  0.900000
orientation T byte_order littleendian
Reading image: talsrcimg_g11.4dfp.img
dimensions:      256       256       256
mmppix:       0.9000   -0.9000   -0.9000
center:     115.2000 -116.1000 -116.1000
fimgreg.f
image alignment mode   2311 decimal      907 hex
parameters
    0.1952   -1.3091   20.0177   -8.4377  -12.3899   -6.1570
   -2.0759    9.4619    2.4196   10.0194   -7.1304  -11.6787
eta,q 0.97446 10.26205
niter,ni,del,rscale     5    3    5.0000    0.8000
parameters
    0.1992   -1.3251   20.0885   -8.5486  -12.4829   -6.6116
   -2.1363    9.3236    2.3200   10.1051   -7.2851  -11.5774
eta,q 0.97441 10.25691
  0.0268  0.0264  0.0263  0.0268  0.0264  0.0270  0.0265  0.0275  0.0262  0.0268  0.0261  0.0261
  0.0261  0.0259  0.0259  0.0262  0.0260  0.0263  0.0260  0.0265  0.0259  0.0261  0.0258  0.0258
  0.0257  0.0256  0.0256  0.0257  0.0257  0.0258  0.0257  0.0258  0.0257  0.0257  0.0256  0.0256
  0.0255  0.0255  0.0255  0.0255  0.0255  0.0255  0.0256  0.0256  0.0256  0.0256  0.0256  0.0256
  0.0257  0.0257  0.0256  0.0257  0.0257  0.0257  0.0257  0.0259  0.0257  0.0257  0.0257  0.0256
  0.0261  0.0260  0.0258  0.0262  0.0260  0.0265  0.0260  0.0266  0.0259  0.0261  0.0259  0.0258
  0.0268  0.0264  0.0261  0.0270  0.0265  0.0280  0.0266  0.0278  0.0263  0.0267  0.0262  0.0261
niter,ni,del,rscale     4    3    5.0000    0.7000
parameters
    0.1968   -1.2750   19.9848   -8.3641  -12.4056   -6.6563
   -2.1001    9.3838    2.2814   10.0996   -7.2434  -11.5976
eta,q 0.97442 10.26010
  0.0265  0.0263  0.0260  0.0267  0.0263  0.0268  0.0263  0.0273  0.0261  0.0265  0.0260  0.0260
  0.0260  0.0259  0.0258  0.0261  0.0260  0.0263  0.0259  0.0264  0.0258  0.0260  0.0258  0.0258
  0.0257  0.0257  0.0256  0.0257  0.0257  0.0258  0.0257  0.0258  0.0256  0.0257  0.0256  0.0256
  0.0256  0.0256  0.0256  0.0256  0.0256  0.0256  0.0256  0.0256  0.0256  0.0256  0.0256  0.0256
  0.0257  0.0256  0.0257  0.0257  0.0257  0.0256  0.0257  0.0258  0.0256  0.0257  0.0256  0.0256
  0.0260  0.0259  0.0259  0.0260  0.0259  0.0261  0.0259  0.0263  0.0258  0.0260  0.0258  0.0258
  0.0265  0.0262  0.0261  0.0265  0.0263  0.0271  0.0263  0.0272  0.0261  0.0265  0.0260  0.0260
niter,ni,del,rscale     3    3    5.0000    0.6000
parameters
    0.1941   -1.2798   19.9712   -8.3173  -12.3921   -6.5097
   -2.0676    9.4164    2.3146   10.0759   -7.2024  -11.6173
eta,q 0.97443 10.26164
  0.0263  0.0261  0.0259  0.0264  0.0262  0.0266  0.0261  0.0268  0.0259  0.0263  0.0259  0.0259
  0.0259  0.0258  0.0257  0.0260  0.0259  0.0262  0.0258  0.0262  0.0257  0.0259  0.0257  0.0257
  0.0257  0.0256  0.0256  0.0257  0.0257  0.0258  0.0256  0.0257  0.0256  0.0256  0.0256  0.0256
  0.0256  0.0256  0.0256  0.0256  0.0256  0.0256  0.0256  0.0256  0.0256  0.0256  0.0256  0.0256
  0.0257  0.0256  0.0256  0.0257  0.0256  0.0256  0.0256  0.0257  0.0256  0.0257  0.0256  0.0256
  0.0259  0.0258  0.0258  0.0259  0.0259  0.0259  0.0258  0.0261  0.0257  0.0259  0.0257  0.0257
  0.0263  0.0261  0.0260  0.0263  0.0262  0.0266  0.0261  0.0268  0.0259  0.0263  0.0259  0.0259
niter,ni,del,rscale     2    3    5.0000    0.5000
parameters
    0.1948   -1.2968   19.9896   -8.3579  -12.3873   -6.3294
   -2.0691    9.4512    2.3684   10.0453   -7.1708  -11.6663
eta,q 0.97444 10.26223
  0.0261  0.0259  0.0258  0.0261  0.0260  0.0263  0.0259  0.0265  0.0258  0.0260  0.0258  0.0258
  0.0258  0.0257  0.0257  0.0258  0.0258  0.0260  0.0257  0.0260  0.0257  0.0258  0.0257  0.0256
  0.0256  0.0256  0.0256  0.0256  0.0256  0.0257  0.0256  0.0257  0.0256  0.0256  0.0256  0.0256
  0.0256  0.0256  0.0256  0.0256  0.0256  0.0256  0.0256  0.0256  0.0256  0.0256  0.0256  0.0256
  0.0256  0.0256  0.0256  0.0256  0.0256  0.0256  0.0256  0.0257  0.0256  0.0256  0.0256  0.0256
  0.0258  0.0257  0.0257  0.0258  0.0258  0.0258  0.0257  0.0260  0.0257  0.0258  0.0257  0.0257
  0.0261  0.0259  0.0258  0.0261  0.0260  0.0263  0.0259  0.0264  0.0258  0.0260  0.0258  0.0258
niter,ni,del,rscale     1    3    5.0000    0.4000
parameters
    0.1979   -1.3141   20.0200   -8.4366  -12.3841   -6.1533
   -2.0752    9.4688    2.4170   10.0171   -7.1376  -11.6625
eta,q 0.97446 10.26230
  0.0259  0.0258  0.0257  0.0259  0.0258  0.0261  0.0258  0.0262  0.0257  0.0259  0.0257  0.0257
  0.0257  0.0256  0.0256  0.0257  0.0257  0.0258  0.0257  0.0258  0.0256  0.0257  0.0256  0.0256
  0.0256  0.0256  0.0256  0.0256  0.0256  0.0257  0.0256  0.0256  0.0256  0.0256  0.0256  0.0256
  0.0256  0.0256  0.0256  0.0256  0.0256  0.0256  0.0255  0.0255  0.0255  0.0255  0.0255  0.0255
  0.0256  0.0256  0.0256  0.0256  0.0256  0.0256  0.0256  0.0256  0.0256  0.0256  0.0256  0.0256
  0.0257  0.0257  0.0256  0.0257  0.0257  0.0257  0.0257  0.0258  0.0256  0.0257  0.0256  0.0256
  0.0259  0.0258  0.0257  0.0259  0.0258  0.0260  0.0258  0.0261  0.0257  0.0259  0.0257  0.0257
registration optimization eta report
parameter search radius
    0.8000    0.8000    0.8000    2.4000    2.4000    2.4000
    2.4000    2.4000    2.4000    2.4000    2.4000    2.4000
100000*second partial in parameter space
       49.       35.       25.        6.        5.        8.
        4.       10.        3.        5.        3.        2.
  0.0259  0.0258  0.0257  0.0259  0.0258  0.0261  0.0258  0.0262  0.0257  0.0259  0.0257  0.0257
  0.0257  0.0256  0.0256  0.0257  0.0257  0.0258  0.0257  0.0258  0.0256  0.0257  0.0256  0.0256
  0.0256  0.0256  0.0256  0.0256  0.0256  0.0257  0.0256  0.0256  0.0256  0.0256  0.0256  0.0256
  0.0256  0.0256  0.0256  0.0256  0.0256  0.0256  0.0255  0.0255  0.0255  0.0255  0.0255  0.0255
  0.0256  0.0256  0.0256  0.0256  0.0256  0.0256  0.0256  0.0256  0.0256  0.0256  0.0256  0.0256
  0.0257  0.0257  0.0256  0.0257  0.0257  0.0257  0.0257  0.0258  0.0256  0.0257  0.0256  0.0256
  0.0259  0.0258  0.0257  0.0259  0.0258  0.0260  0.0258  0.0261  0.0257  0.0259  0.0257  0.0257
    0.1979   -1.3141   20.0200   -8.4366  -12.3841   -6.1533
   -2.0752    9.4688    2.4170   10.0171   -7.1376  -11.6625
eta,q 0.97446 10.26230

---------------------------------------------------------------------
compute_vox2vox talsrcimg talsrcimg_to_711-2C_as_mni_average_305_t4 /opt/freesurfer/average/711-2C_as_mni_average_305
---------------------------------------------------------------------

freesurfer compute_vox2vox.c
Reading: talsrcimg.4dfp.ifh
Reading: talsrcimg_to_711-2C_as_mni_average_305_t4
Reading: /opt/freesurfer/average/711-2C_as_mni_average_305.4dfp.ifh
Writing: talsrcimg_to_711-2C_as_mni_average_305_t4_vox2vox.txt

start time Wed Mar 11 20:15:14 CET 2026
end		time Wed Mar 11 20:16:39 CET 2026

mpr2mni305 success

avi2talxfm orig_nu.mgz /opt/freesurfer/average/mni305.cor.mgz talsrcimg_to_711-2C_as_mni_average_305_t4_vox2vox.txt transforms/talairach.auto.xfm
avi2talxfm done
mv -f /out/sourcedata/freesurfer/sub-v2s1x29880_ses-1/mri/talsrcimg_to_711-2C_as_mni_average_305_t4_vox2vox.txt /out/sourcedata/freesurfer/sub-v2s1x29880_ses-1/mri/transforms/talsrcimg_to_711-2C_as_mni_average_305_t4_vox2vox.txt
lta_convert --src orig_nu.mgz --trg /opt/freesurfer/average/mni305.cor.mgz --inxfm transforms/talairach.auto.xfm --outlta transforms/talairach.auto.xfm.lta --subject fsaverage
7.3.2

--src: orig_nu.mgz src image (geometry).
--trg: /opt/freesurfer/average/mni305.cor.mgz trg image (geometry).
--inmni: transforms/talairach.auto.xfm input MNI/XFM transform.
--outlta: transforms/talairach.auto.xfm.lta output LTA.
--s: fsaverage subject name
 LTA read, type : 1
 1.08324  -0.11046   0.01095   0.21143;
 0.07757   1.04273   0.14063  -38.37982;
-0.03875  -0.11617   1.12496  -35.71710;
 0.00000   0.00000   0.00000   1.00000;
setting subject to fsaverage
Writing  LTA to file transforms/talairach.auto.xfm.lta...
lta_convert successful.
 
 
Started at Wed Mar 11 20:15:13 CET 2026
Ended   at Wed Mar 11 20:16:40 CET 2026
talairach_avi done
