status file for recon-all
Wed Mar 11 22:12:27 CET 2026
#@# Tessellate lh Wed Mar 11 22:12:27 CET 2026
#@# Smooth1 lh Wed Mar 11 22:12:31 CET 2026
#@# Inflation1 lh Wed Mar 11 22:12:35 CET 2026
#@# QSphere lh Wed Mar 11 22:13:53 CET 2026
#@# Fix Topology lh Wed Mar 11 22:15:21 CET 2026
#@# Smooth2 lh Wed Mar 11 22:44:33 CET 2026
#@# Inflation2 lh Wed Mar 11 22:44:37 CET 2026
#@# Curv .H and .K lh Wed Mar 11 22:46:11 CET 2026
#@# Sphere lh Wed Mar 11 22:47:09 CET 2026
#@# Surf Reg lh Wed Mar 11 22:56:17 CET 2026
#@# Jacobian white lh Wed Mar 11 23:06:23 CET 2026
#@# AvgCurv lh Wed Mar 11 23:06:24 CET 2026
#@# Cortical Parc lh Wed Mar 11 23:06:25 CET 2026
#@# white curv lh Wed Mar 11 23:18:35 CET 2026
#@# white area lh Wed Mar 11 23:18:37 CET 2026
#@# pial curv lh Wed Mar 11 23:18:38 CET 2026
#@# pial area lh Wed Mar 11 23:18:40 CET 2026
#@# thickness lh Wed Mar 11 23:18:41 CET 2026
#@# area and vertex vol lh Wed Mar 11 23:19:23 CET 2026
#@# Curvature Stats lh Wed Mar 11 23:19:25 CET 2026
#@# Cortical Parc 2 lh Wed Mar 11 23:19:29 CET 2026
#@# Cortical Parc 3 lh Wed Mar 11 23:19:44 CET 2026
#@# WM/GM Contrast lh Wed Mar 11 23:19:56 CET 2026
recon-all -s sub-v2s1x29883_ses-1 finished without error at Wed Mar 11 23:20:00 CET 2026



#New# invocation of recon-all 



status file for recon-all
Thu Mar 12 00:01:33 CET 2026
#@# white curv lh Thu Mar 12 00:01:34 CET 2026
#@# white area lh Thu Mar 12 00:01:34 CET 2026
#@# pial curv lh Thu Mar 12 00:01:34 CET 2026
#@# pial area lh Thu Mar 12 00:01:34 CET 2026
#@# thickness lh Thu Mar 12 00:01:34 CET 2026
#@# area and vertex vol lh Thu Mar 12 00:01:34 CET 2026
#@# Parcellation Stats lh Thu Mar 12 00:01:34 CET 2026
#@# Parcellation Stats 2 lh Thu Mar 12 00:02:02 CET 2026
#@# Parcellation Stats 3 lh Thu Mar 12 00:02:16 CET 2026
#@# BA_exvivo Labels lh Thu Mar 12 00:02:30 CET 2026
recon-all -s sub-v2s1x29883_ses-1 finished without error at Thu Mar 12 00:05:53 CET 2026
