status file for recon-all
Wed Mar 11 23:20:03 CET 2026
#@# Tessellate rh Wed Mar 11 23:20:03 CET 2026
#@# Smooth1 rh Wed Mar 11 23:20:07 CET 2026
#@# Inflation1 rh Wed Mar 11 23:20:10 CET 2026
#@# QSphere rh Wed Mar 11 23:21:32 CET 2026
#@# Fix Topology rh Wed Mar 11 23:23:08 CET 2026
#@# Smooth2 rh Wed Mar 11 23:32:42 CET 2026
#@# Inflation2 rh Wed Mar 11 23:32:46 CET 2026
#@# Curv .H and .K rh Wed Mar 11 23:33:59 CET 2026
#@# Sphere rh Wed Mar 11 23:34:58 CET 2026
#@# Surf Reg rh Wed Mar 11 23:38:34 CET 2026
#@# Jacobian white rh Wed Mar 11 23:44:56 CET 2026
#@# AvgCurv rh Wed Mar 11 23:44:57 CET 2026
#@# Cortical Parc rh Wed Mar 11 23:44:58 CET 2026
#@# white curv rh Wed Mar 11 23:52:54 CET 2026
#@# white area rh Wed Mar 11 23:52:57 CET 2026
#@# pial curv rh Wed Mar 11 23:52:57 CET 2026
#@# pial area rh Wed Mar 11 23:53:00 CET 2026
#@# thickness rh Wed Mar 11 23:53:01 CET 2026
#@# area and vertex vol rh Wed Mar 11 23:53:36 CET 2026
#@# Curvature Stats rh Wed Mar 11 23:53:38 CET 2026
#@# Cortical Parc 2 rh Wed Mar 11 23:53:41 CET 2026
#@# Cortical Parc 3 rh Wed Mar 11 23:53:59 CET 2026
#@# WM/GM Contrast rh Wed Mar 11 23:54:12 CET 2026
recon-all -s sub-v2s1x29883_ses-1 finished without error at Wed Mar 11 23:54:16 CET 2026



#New# invocation of recon-all 



status file for recon-all
Thu Mar 12 00:05:55 CET 2026
#@# white curv rh Thu Mar 12 00:05:56 CET 2026
#@# white area rh Thu Mar 12 00:05:56 CET 2026
#@# pial curv rh Thu Mar 12 00:05:56 CET 2026
#@# pial area rh Thu Mar 12 00:05:56 CET 2026
#@# thickness rh Thu Mar 12 00:05:56 CET 2026
#@# area and vertex vol rh Thu Mar 12 00:05:56 CET 2026
#@# Parcellation Stats rh Thu Mar 12 00:05:56 CET 2026
#@# Parcellation Stats 2 rh Thu Mar 12 00:06:21 CET 2026
#@# Parcellation Stats 3 rh Thu Mar 12 00:06:34 CET 2026
#@# BA_exvivo Labels rh Thu Mar 12 00:06:46 CET 2026
recon-all -s sub-v2s1x29883_ses-1 finished without error at Thu Mar 12 00:10:03 CET 2026
