status file for recon-all
Wed Mar 11 20:17:34 CET 2026
#@# MotionCor Wed Mar 11 20:17:36 CET 2026
#@# Talairach Wed Mar 11 20:17:44 CET 2026
#@# Talairach Failure Detection Wed Mar 11 20:22:06 CET 2026
#@# Nu Intensity Correction Wed Mar 11 20:22:06 CET 2026
#@# Intensity Normalization Wed Mar 11 20:25:22 CET 2026
recon-all -s sub-v2s1x29883_ses-1 finished without error at Wed Mar 11 20:26:58 CET 2026



#New# invocation of recon-all 



status file for recon-all
Wed Mar 11 20:34:30 CET 2026
#@# EM Registration Wed Mar 11 20:34:30 CET 2026
recon-all -s sub-v2s1x29883_ses-1 finished without error at Wed Mar 11 20:37:26 CET 2026



#New# invocation of recon-all 



status file for recon-all
Wed Mar 11 20:37:31 CET 2026
#@# CA Normalize Wed Mar 11 20:37:31 CET 2026
#@# CA Reg Wed Mar 11 20:38:52 CET 2026
#@# SubCort Seg Wed Mar 11 21:30:03 CET 2026
#@# CC Seg Wed Mar 11 22:06:09 CET 2026
#@# Merge ASeg Wed Mar 11 22:06:49 CET 2026
#@# Intensity Normalization2 Wed Mar 11 22:06:49 CET 2026
#@# Mask BFS Wed Mar 11 22:09:07 CET 2026
#@# WM Segmentation Wed Mar 11 22:09:08 CET 2026
#@# Fill Wed Mar 11 22:11:20 CET 2026
recon-all -s sub-v2s1x29883_ses-1 finished without error at Wed Mar 11 22:12:23 CET 2026



#New# invocation of recon-all 



status file for recon-all
Wed Mar 11 23:54:21 CET 2026
#@# white curv lh Wed Mar 11 23:54:21 CET 2026
#@# white area lh Wed Mar 11 23:54:21 CET 2026
#@# pial curv lh Wed Mar 11 23:54:21 CET 2026
#@# pial area lh Wed Mar 11 23:54:21 CET 2026
#@# thickness lh Wed Mar 11 23:54:21 CET 2026
#@# area and vertex vol lh Wed Mar 11 23:54:21 CET 2026
#@# white curv rh Wed Mar 11 23:54:21 CET 2026
#@# white area rh Wed Mar 11 23:54:21 CET 2026
#@# pial curv rh Wed Mar 11 23:54:21 CET 2026
#@# pial area rh Wed Mar 11 23:54:21 CET 2026
#@# thickness rh Wed Mar 11 23:54:21 CET 2026
#@# area and vertex vol rh Wed Mar 11 23:54:21 CET 2026
#@# Cortical ribbon mask Wed Mar 11 23:54:21 CET 2026
recon-all -s sub-v2s1x29883_ses-1 finished without error at Thu Mar 12 00:01:29 CET 2026



#New# invocation of recon-all 



status file for recon-all
Thu Mar 12 00:10:08 CET 2026
#@# white curv lh Thu Mar 12 00:10:08 CET 2026
#@# white area lh Thu Mar 12 00:10:08 CET 2026
#@# pial curv lh Thu Mar 12 00:10:08 CET 2026
#@# pial area lh Thu Mar 12 00:10:08 CET 2026
#@# thickness lh Thu Mar 12 00:10:08 CET 2026
#@# area and vertex vol lh Thu Mar 12 00:10:08 CET 2026
#@# white curv rh Thu Mar 12 00:10:08 CET 2026
#@# white area rh Thu Mar 12 00:10:08 CET 2026
#@# pial curv rh Thu Mar 12 00:10:08 CET 2026
#@# pial area rh Thu Mar 12 00:10:08 CET 2026
#@# thickness rh Thu Mar 12 00:10:08 CET 2026
#@# area and vertex vol rh Thu Mar 12 00:10:08 CET 2026
#@# Curvature Stats lh Thu Mar 12 00:10:08 CET 2026
#@# Curvature Stats rh Thu Mar 12 00:10:12 CET 2026
#@# Relabel Hypointensities Thu Mar 12 00:10:15 CET 2026
#@# APas-to-ASeg Thu Mar 12 00:10:36 CET 2026
#@# AParc-to-ASeg aparc Thu Mar 12 00:10:47 CET 2026
#@# AParc-to-ASeg aparc.a2009s Thu Mar 12 00:11:57 CET 2026
#@# AParc-to-ASeg aparc.DKTatlas Thu Mar 12 00:13:11 CET 2026
#@# WMParc Thu Mar 12 00:14:28 CET 2026
#@# ASeg Stats Thu Mar 12 00:19:04 CET 2026
recon-all -s sub-v2s1x29883_ses-1 finished without error at Thu Mar 12 00:19:47 CET 2026
