/out/sourcedata/freesurfer/sub-v2s1x29879_ses-1/mri
/opt/freesurfer/bin/talairach_avi
--i orig_nu.mgz --xfm transforms/talairach.auto.xfm
talairach_avi 7.3.2
Linux dna050 5.14.0-427.37.1.el9_4.x86_64 #1 SMP PREEMPT_DYNAMIC Fri Sep 13 12:41:50 EDT 2024 x86_64 x86_64 x86_64 GNU/Linux
Wed Mar 11 20:14:58 CET 2026
mri_convert orig_nu.mgz talsrcimg.img 
reading from orig_nu.mgz...
TR=0.00, TE=0.00, TI=0.00, flip angle=0.00
i_ras = (-1, 0, 0)
j_ras = (0, 0, -1)
k_ras = (0, 1, 0)
writing to talsrcimg.img...
Analyze Output Matrix
-0.90000   0.00000   0.00000   118.50850;
 0.00000   0.00000   0.90000  -86.02302;
 0.00000  -0.90000   0.00000   136.69791;
 0.00000   0.00000   0.00000   1.00000;
--------------------
INFO: set hdr.hist.orient to -1
mpr2mni305 talsrcimg
Wed Mar 11 20:14:58 CET 2026
/opt/freesurfer/bin/mpr2mni305 talsrcimg
mpr2mni305 7.3.2
target=711-2C_as_mni_average_305

---------------------------------------------------------------------
analyzeto4dfp talsrcimg -O0 -y
---------------------------------------------------------------------

freesurfer ifh2hdr.c
Wed Mar 11 20:14:59 2026
Writing: talsrcimg.4dfp.hdr
freesurfer analyzeto4dfp.c
Reading: talsrcimg.hdr
header size 348 bytes
hdr.dime.datatype	offset=70	value=2
hdr.dime.bitpix		offset=72	value=8
hdr.hist.orient		offset=252	value=-1
dimensionality     4
dimensions       256       256       256         1
Reading: talsrcimg.img
Writing: talsrcimg.4dfp.img
Writing: talsrcimg.4dfp.ifh
ifh2hdr talsrcimg -r0to252
ori=2

---------------------------------------------------------------------
gauss_4dfp talsrcimg 1.1
---------------------------------------------------------------------

freesurfer gauss_4dfp.c
Reading: talsrcimg.4dfp.img
Writing: talsrcimg_g11.4dfp.img
image dimensions 256 256 256 padded to 288 288 288
processing volume 1freesurfer ifh2hdr.c
Wed Mar 11 20:15:00 2026
Writing: talsrcimg_g11.4dfp.hdr

Writing: talsrcimg_g11.4dfp.ifh
including: talsrcimg.4dfp.img.rec in talsrcimg_g11.4dfp.img.rec

---------------------------------------------------------------------
imgreg_4dfp /opt/freesurfer/average/711-2C_as_mni_average_305 none talsrcimg_g11 none talsrcimg_to_711-2C_as_mni_average_305_t4 4355
---------------------------------------------------------------------

freesurfer imgreg_4dfp.c
/opt/freesurfer/average/711-2C_as_mni_average_305.4dfp.img
       256       256       256         1
  1.000000  1.000000  1.000000
orientation T byte_order littleendian
Reading image: /opt/freesurfer/average/711-2C_as_mni_average_305.4dfp.img
dimensions:      256       256       256
mmppix:       1.0000   -1.0000   -1.0000
center:     128.0000 -129.0000 -129.0000
talsrcimg_g11.4dfp.img
       256       256       256         1
  0.900000  0.900000  0.900000
orientation T byte_order littleendian
Reading image: talsrcimg_g11.4dfp.img
dimensions:      256       256       256
mmppix:       0.9000   -0.9000   -0.9000
center:     115.2000 -116.1000 -116.1000
t4_read: open error in t4_sub.f l:  41 t4_file(1:l)talsrcimg_to_711-2C_as_mni_average_305_t4 
t4_read: transform initialized to I4
rotation matrix determinant  1.000000
image alignment mode   4355 decimal     1103 hex
   -7.5000  -45.0000  -45.0000 6321.7568   17.4718
    0.0000  -45.0000  -45.0000 6281.7798   17.4706
    7.5000  -45.0000  -45.0000 5933.1958   17.4409
   -7.5000  -37.5000  -45.0000 6729.1514   18.5646
    0.0000  -37.5000  -45.0000 6699.9541   18.5573
    7.5000  -37.5000  -45.0000 6321.6655   18.5214
   -7.5000  -30.0000  -45.0000 7094.9805   19.2159
    0.0000  -30.0000  -45.0000 7085.0835   19.1993
    7.5000  -30.0000  -45.0000 6684.4858   19.1555
   -7.5000  -22.5000  -45.0000 7565.2124   19.2876
    0.0000  -22.5000  -45.0000 7557.1689   19.2671
    7.5000  -22.5000  -45.0000 7127.0483   19.2202
   -7.5000  -15.0000  -45.0000 8018.2554   19.2844
    0.0000  -15.0000  -45.0000 8007.6538   19.2689
    7.5000  -15.0000  -45.0000 7562.4185   19.2257
   -7.5000   -7.5000  -45.0000 8124.3003   19.2225
    0.0000   -7.5000  -45.0000 8105.0195   19.2163
    7.5000   -7.5000  -45.0000 7648.8662   19.1798
   -7.5000    0.0000  -45.0000 8235.4990   19.1533
    0.0000    0.0000  -45.0000 8210.8301   19.1521
    7.5000    0.0000  -45.0000 7754.1890   19.1194
   -7.5000    7.5000  -45.0000 7910.9751   19.1499
    0.0000    7.5000  -45.0000 7892.9097   19.1423
    7.5000    7.5000  -45.0000 7457.4155   19.1054
   -7.5000   15.0000  -45.0000 7682.7280   19.2159
    0.0000   15.0000  -45.0000 7645.5264   19.1993
    7.5000   15.0000  -45.0000 7233.9688   19.1555
   -7.5000   22.5000  -45.0000 7076.2446   19.0281
    0.0000   22.5000  -45.0000 7024.8511   19.0079
    7.5000   22.5000  -45.0000 6645.3569   18.9616
   -7.5000   30.0000  -45.0000 6461.2026   18.5176
    0.0000   30.0000  -45.0000 6422.6860   18.5027
    7.5000   30.0000  -45.0000 6077.2964   18.4612
   -7.5000   37.5000  -45.0000 5842.8481   17.8834
    0.0000   37.5000  -45.0000 5821.6211   17.8774
    7.5000   37.5000  -45.0000 5509.9883   17.8433
   -7.5000   45.0000  -45.0000 5326.1973   17.7975
    0.0000   45.0000  -45.0000 5299.5684   17.8000
    7.5000   45.0000  -45.0000 5004.3027   17.7721
   -7.5000  -45.0000  -37.5000 6874.6890   18.2571
    0.0000  -45.0000  -37.5000 6834.6509   18.2640
    7.5000  -45.0000  -37.5000 6454.5332   18.2453
   -7.5000  -37.5000  -37.5000 7308.1733   19.4103
    0.0000  -37.5000  -37.5000 7272.1035   19.4148
    7.5000  -37.5000  -37.5000 6873.2124   19.3904
   -7.5000  -30.0000  -37.5000 7715.6543   20.0458
    0.0000  -30.0000  -37.5000 7687.0596   20.0417
    7.5000  -30.0000  -37.5000 7270.3975   20.0097
   -7.5000  -22.5000  -37.5000 8220.8203   20.1077
    0.0000  -22.5000  -37.5000 8201.9873   20.0950
    7.5000  -22.5000  -37.5000 7724.6680   20.0600
   -7.5000  -15.0000  -37.5000 8693.9736   20.1023
    0.0000  -15.0000  -37.5000 8679.2451   20.0910
    7.5000  -15.0000  -37.5000 8163.7412   20.0597
   -7.5000   -7.5000  -37.5000 8777.2539   20.0470
    0.0000   -7.5000  -37.5000 8769.1289   20.0461
    7.5000   -7.5000  -37.5000 8261.2949   20.0218
   -7.5000    0.0000  -37.5000 8872.2578   19.9887
    0.0000    0.0000  -37.5000 8857.3984   19.9962
    7.5000    0.0000  -37.5000 8358.8877   19.9758
   -7.5000    7.5000  -37.5000 8514.6602   19.9870
    0.0000    7.5000  -37.5000 8493.3389   19.9916
    7.5000    7.5000  -37.5000 8008.1475   19.9665
   -7.5000   15.0000  -37.5000 8243.7188   20.0448
    0.0000   15.0000  -37.5000 8214.4971   20.0408
    7.5000   15.0000  -37.5000 7743.0156   20.0088
   -7.5000   22.5000  -37.5000 7576.4902   19.8388
    0.0000   22.5000  -37.5000 7529.8525   19.8264
    7.5000   22.5000  -37.5000 7112.8330   19.7917
   -7.5000   30.0000  -37.5000 6887.3218   19.3167
    0.0000   30.0000  -37.5000 6856.3652   19.3059
    7.5000   30.0000  -37.5000 6497.9268   19.2757
   -7.5000   37.5000  -37.5000 6235.8872   18.6653
    0.0000   37.5000  -37.5000 6202.8491   18.6642
    7.5000   37.5000  -37.5000 5887.1016   18.6415
   -7.5000   45.0000  -37.5000 5669.9893   18.5618
    0.0000   45.0000  -37.5000 5634.8438   18.5745
    7.5000   45.0000  -37.5000 5336.5430   18.5598
   -7.5000  -45.0000  -30.0000 7447.9658   19.1257
    0.0000  -45.0000  -30.0000 7424.6562   19.1396
    7.5000  -45.0000  -30.0000 7010.4702   19.1237
   -7.5000  -37.5000  -30.0000 7908.8174   20.3340
    0.0000  -37.5000  -30.0000 7885.9282   20.3472
    7.5000  -37.5000  -30.0000 7463.8276   20.3297
   -7.5000  -30.0000  -30.0000 8360.7734   20.9576
    0.0000  -30.0000  -30.0000 8340.9375   20.9644
    7.5000  -30.0000  -30.0000 7895.0908   20.9461
   -7.5000  -22.5000  -30.0000 8918.1494   21.0185
    0.0000  -22.5000  -30.0000 8904.3828   21.0171
    7.5000  -22.5000  -30.0000 8386.6211   20.9987
   -7.5000  -15.0000  -30.0000 9429.3359   21.0200
    0.0000  -15.0000  -30.0000 9422.9424   21.0194
    7.5000  -15.0000  -30.0000 8841.1758   21.0007
   -7.5000   -7.5000  -30.0000 9500.8965   20.9724
    0.0000   -7.5000  -30.0000 9497.6318   20.9809
    7.5000   -7.5000  -30.0000 8930.9629   20.9630
   -7.5000    0.0000  -30.0000 9585.1729   20.9180
    0.0000    0.0000  -30.0000 9565.6895   20.9331
    7.5000    0.0000  -30.0000 9015.8486   20.9157
   -7.5000    7.5000  -30.0000 9187.3662   20.9065
    0.0000    7.5000  -30.0000 9145.7607   20.9200
    7.5000    7.5000  -30.0000 8620.4932   20.9020
   -7.5000   15.0000  -30.0000 8876.5537   20.9547
    0.0000   15.0000  -30.0000 8847.1289   20.9616
    7.5000   15.0000  -30.0000 8336.4551   20.9433
   -7.5000   22.5000  -30.0000 8128.8613   20.7384
    0.0000   22.5000  -30.0000 8098.0410   20.7370
    7.5000   22.5000  -30.0000 7657.8174   20.7189
   -7.5000   30.0000  -30.0000 7363.9502   20.2132
    0.0000   30.0000  -30.0000 7342.8364   20.2127
    7.5000   30.0000  -30.0000 6952.8438   20.1947
   -7.5000   37.5000  -30.0000 6639.9072   19.5551
    0.0000   37.5000  -30.0000 6623.0366   19.5628
    7.5000   37.5000  -30.0000 6273.4507   19.5461
   -7.5000   45.0000  -30.0000 6023.3184   19.4456
    0.0000   45.0000  -30.0000 5994.6265   19.4645
    7.5000   45.0000  -30.0000 5674.8179   19.4515
   -7.5000  -45.0000  -22.5000 7975.2153   19.9091
    0.0000  -45.0000  -22.5000 7987.0503   19.9206
    7.5000  -45.0000  -22.5000 7536.0698   19.8934
   -7.5000  -37.5000  -22.5000 8473.5840   21.1642
    0.0000  -37.5000  -22.5000 8481.6328   21.1742
    7.5000  -37.5000  -22.5000 8014.2837   21.1507
   -7.5000  -30.0000  -22.5000 8973.6406   21.7803
    0.0000  -30.0000  -22.5000 8985.9023   21.7873
    7.5000  -30.0000  -22.5000 8497.1152   21.7726
   -7.5000  -22.5000  -22.5000 9576.9053   21.8501
    0.0000  -22.5000  -22.5000 9591.2041   21.8546
    7.5000  -22.5000  -22.5000 9046.9609   21.8443
   -7.5000  -15.0000  -22.500010098.5469   21.8651
    0.0000  -15.0000  -22.500010123.8203   21.8726
    7.5000  -15.0000  -22.5000 9514.1611   21.8560
   -7.5000   -7.5000  -22.500010180.0898   21.8237
    0.0000   -7.5000  -22.500010210.0889   21.8356
    7.5000   -7.5000  -22.5000 9586.0576   21.8101
   -7.5000    0.0000  -22.500010275.5986   21.7623
    0.0000    0.0000  -22.500010290.6279   21.7749
    7.5000    0.0000  -22.5000 9668.1025   21.7452
   -7.5000    7.5000  -22.5000 9828.2754   21.7330
    0.0000    7.5000  -22.5000 9819.4043   21.7433
    7.5000    7.5000  -22.5000 9223.7129   21.7191
   -7.5000   15.0000  -22.5000 9499.7188   21.7751
    0.0000   15.0000  -22.5000 9490.7705   21.7821
    7.5000   15.0000  -22.5000 8917.4355   21.7674
   -7.5000   22.5000  -22.5000 8684.5527   21.5610
    0.0000   22.5000  -22.5000 8680.8779   21.5654
    7.5000   22.5000  -22.5000 8190.1108   21.5552
   -7.5000   30.0000  -22.5000 7844.1885   21.0413
    0.0000   30.0000  -22.5000 7843.6968   21.0486
    7.5000   30.0000  -22.5000 7410.3008   21.0326
   -7.5000   37.5000  -22.5000 7021.1392   20.3786
    0.0000   37.5000  -22.5000 7029.7700   20.3897
    7.5000   37.5000  -22.5000 6656.1514   20.3660
   -7.5000   45.0000  -22.5000 6357.8755   20.2734
    0.0000   45.0000  -22.5000 6343.6538   20.2865
    7.5000   45.0000  -22.5000 6004.0806   20.2583
   -7.5000  -45.0000  -15.0000 8513.2139   20.6179
    0.0000  -45.0000  -15.0000 8543.3643   20.6185
    7.5000  -45.0000  -15.0000 8066.2783   20.5756
   -7.5000  -37.5000  -15.0000 9055.4805   21.9149
    0.0000  -37.5000  -15.0000 9089.0479   21.9098
    7.5000  -37.5000  -15.0000 8598.8555   21.8704
   -7.5000  -30.0000  -15.0000 9602.4912   22.5425
    0.0000  -30.0000  -15.0000 9648.9492   22.5345
    7.5000  -30.0000  -15.0000 9130.9443   22.5038
   -7.5000  -22.5000  -15.000010234.1084   22.6246
    0.0000  -22.5000  -15.000010279.1328   22.6198
    7.5000  -22.5000  -15.0000 9696.3047   22.5932
   -7.5000  -15.0000  -15.000010746.7002   22.6405
    0.0000  -15.0000  -15.000010815.5889   22.6425
    7.5000  -15.0000  -15.000010172.3740   22.6091
   -7.5000   -7.5000  -15.000010832.6689   22.5898
    0.0000   -7.5000  -15.000010907.1152   22.5942
    7.5000   -7.5000  -15.000010229.7949   22.5513
   -7.5000    0.0000  -15.000010957.5117   22.5151
    0.0000    0.0000  -15.000011003.2510   22.5158
    7.5000    0.0000  -15.000010309.0645   22.4690
   -7.5000    7.5000  -15.000010436.6084   22.4820
    0.0000    7.5000  -15.000010448.9258   22.4768
    7.5000    7.5000  -15.0000 9785.9248   22.4363
   -7.5000   15.0000  -15.000010062.9424   22.5356
    0.0000   15.0000  -15.000010073.0859   22.5275
    7.5000   15.0000  -15.0000 9444.8076   22.4968
   -7.5000   22.5000  -15.0000 9224.0342   22.3287
    0.0000   22.5000  -15.0000 9235.2979   22.3239
    7.5000   22.5000  -15.0000 8684.5586   22.2977
   -7.5000   30.0000  -15.0000 8329.6660   21.8039
    0.0000   30.0000  -15.0000 8333.6758   21.8058
    7.5000   30.0000  -15.0000 7852.0171   21.7737
   -7.5000   37.5000  -15.0000 7413.3086   21.1266
    0.0000   37.5000  -15.0000 7432.0371   21.1305
    7.5000   37.5000  -15.0000 7029.9102   21.0906
   -7.5000   45.0000  -15.0000 6685.2017   21.0281
    0.0000   45.0000  -15.0000 6675.4707   21.0283
    7.5000   45.0000  -15.0000 6313.6270   20.9824
   -7.5000  -45.0000   -7.5000 8783.1914   20.6445
    0.0000  -45.0000   -7.5000 8825.0449   20.6400
    7.5000  -45.0000   -7.5000 8344.5869   20.5947
   -7.5000  -37.5000   -7.5000 9359.9395   21.9546
    0.0000  -37.5000   -7.5000 9408.3125   21.9412
    7.5000  -37.5000   -7.5000 8903.9873   21.8936
   -7.5000  -30.0000   -7.5000 9981.5605   22.6020
    0.0000  -30.0000   -7.500010020.3438   22.5813
    7.5000  -30.0000   -7.5000 9476.0811   22.5329
   -7.5000  -22.5000   -7.500010587.1943   22.6912
    0.0000  -22.5000   -7.500010640.9756   22.6724
    7.5000  -22.5000   -7.500010033.1738   22.6239
   -7.5000  -15.0000   -7.500011075.3779   22.6962
    0.0000  -15.0000   -7.500011159.7949   22.6860
    7.5000  -15.0000   -7.500010506.0947   22.6362
   -7.5000   -7.5000   -7.500011140.1953   22.6287
    0.0000   -7.5000   -7.500011250.1338   22.6245
    7.5000   -7.5000   -7.500010551.0088   22.5743
   -7.5000    0.0000   -7.500011244.9248   22.5442
    0.0000    0.0000   -7.500011325.7363   22.5393
    7.5000    0.0000   -7.500010622.2607   22.4898
   -7.5000    7.5000   -7.500010645.4795   22.5227
    0.0000    7.5000   -7.500010692.9014   22.5090
    7.5000    7.5000   -7.500010030.9541   22.4601
   -7.5000   15.0000   -7.500010266.7383   22.5951
    0.0000   15.0000   -7.500010309.8994   22.5743
    7.5000   15.0000   -7.5000 9672.0303   22.5260
   -7.5000   22.5000   -7.5000 9434.0498   22.3944
    0.0000   22.5000   -7.5000 9468.5781   22.3758
    7.5000   22.5000   -7.5000 8882.9150   22.3280
   -7.5000   30.0000   -7.5000 8528.5059   21.8576
    0.0000   30.0000   -7.5000 8568.8887   21.8478
    7.5000   30.0000   -7.5000 8045.2935   21.7998
   -7.5000   37.5000   -7.5000 7597.7280   21.1643
    0.0000   37.5000   -7.5000 7633.2280   21.1601
    7.5000   37.5000   -7.5000 7203.4048   21.1131
   -7.5000   45.0000   -7.5000 6818.6445   21.0636
    0.0000   45.0000   -7.5000 6838.7075   21.0599
    7.5000   45.0000   -7.5000 6458.5703   21.0133
   -7.5000  -45.0000    0.0000 8902.5498   21.1901
    0.0000  -45.0000    0.0000 8935.9189   21.1894
    7.5000  -45.0000    0.0000 8478.1260   21.1535
   -7.5000  -37.5000    0.0000 9492.5156   22.5362
    0.0000  -37.5000    0.0000 9516.1816   22.5284
    7.5000  -37.5000    0.0000 9045.8877   22.4851
   -7.5000  -30.0000    0.000010177.7910   23.1907
    0.0000  -30.0000    0.000010225.3389   23.1720
    7.5000  -30.0000    0.0000 9683.4521   23.1196
   -7.5000  -22.5000    0.000010730.0771   23.2767
    0.0000  -22.5000    0.000010810.4912   23.2531
    7.5000  -22.5000    0.000010246.4229   23.1970
   -7.5000  -15.0000    0.000011186.6729   23.2737
    0.0000  -15.0000    0.000011271.5420   23.2557
    7.5000  -15.0000    0.000010698.3457   23.2040
   -7.5000   -7.5000    0.000011265.3848   23.2002
    0.0000   -7.5000    0.000011343.8066   23.1933
    7.5000   -7.5000    0.000010749.0820   23.1495
   -7.5000    0.0000    0.000011331.8037   23.1172
    0.0000    0.0000    0.000011380.0928   23.1164
    7.5000    0.0000    0.000010792.5137   23.0773
   -7.5000    7.5000    0.000010653.2471   23.1042
    0.0000    7.5000    0.000010705.3818   23.0961
    7.5000    7.5000    0.000010126.5879   23.0518
   -7.5000   15.0000    0.000010270.9414   23.1825
    0.0000   15.0000    0.000010351.5928   23.1638
    7.5000   15.0000    0.0000 9755.8096   23.1114
   -7.5000   22.5000    0.0000 9464.9082   22.9755
    0.0000   22.5000    0.0000 9533.5693   22.9521
    7.5000   22.5000    0.0000 8976.0898   22.8968
   -7.5000   30.0000    0.0000 8582.2773   22.4273
    0.0000   30.0000    0.0000 8650.6250   22.4100
    7.5000   30.0000    0.0000 8130.8174   22.3601
   -7.5000   37.5000    0.0000 7667.0669   21.7259
    0.0000   37.5000    0.0000 7718.0728   21.7191
    7.5000   37.5000    0.0000 7266.1816   21.6780
   -7.5000   45.0000    0.0000 6861.3394   21.6482
    0.0000   45.0000    0.0000 6906.1162   21.6519
    7.5000   45.0000    0.0000 6498.2104   21.6182
   -7.5000  -45.0000    7.5000 8615.3896   21.1954
    0.0000  -45.0000    7.5000 8626.2949   21.2036
    7.5000  -45.0000    7.5000 8197.0869   21.1819
   -7.5000  -37.5000    7.5000 9209.4834   22.5449
    0.0000  -37.5000    7.5000 9235.8252   22.5504
    7.5000  -37.5000    7.5000 8772.5410   22.5220
   -7.5000  -30.0000    7.5000 9846.5156   23.1875
    0.0000  -30.0000    7.5000 9903.3779   23.1831
    7.5000  -30.0000    7.5000 9358.9814   23.1459
   -7.5000  -22.5000    7.500010300.5195   23.2591
    0.0000  -22.5000    7.500010344.4795   23.2448
    7.5000  -22.5000    7.5000 9932.7959   23.2040
   -7.5000  -15.0000    7.500010711.2510   23.2538
    0.0000  -15.0000    7.500010752.3486   23.2410
    7.5000  -15.0000    7.500010404.1445   23.2045
   -7.5000   -7.5000    7.500010823.8818   23.1903
    0.0000   -7.5000    7.500010873.2490   23.1896
    7.5000   -7.5000    7.500010467.6377   23.1614
   -7.5000    0.0000    7.500010921.0361   23.1229
    0.0000    0.0000    7.500010954.9980   23.1319
    7.5000    0.0000    7.500010503.1533   23.1082
   -7.5000    7.5000    7.500010307.5879   23.1131
    0.0000    7.5000    7.500010307.5283   23.1187
    7.5000    7.5000    7.5000 9813.8428   23.0896
   -7.5000   15.0000    7.5000 9946.3135   23.1793
    0.0000   15.0000    7.5000 9978.8730   23.1749
    7.5000   15.0000    7.5000 9428.1895   23.1377
   -7.5000   22.5000    7.5000 9151.4619   22.9581
    0.0000   22.5000    7.5000 9183.2783   22.9439
    7.5000   22.5000    7.5000 8643.3574   22.9037
   -7.5000   30.0000    7.5000 8316.2754   22.4081
    0.0000   30.0000    7.5000 8376.7695   22.3957
    7.5000   30.0000    7.5000 7849.5898   22.3606
   -7.5000   37.5000    7.5000 7433.4058   21.7165
    0.0000   37.5000    7.5000 7485.9170   21.7156
    7.5000   37.5000    7.5000 7031.7769   21.6890
   -7.5000   45.0000    7.5000 6665.4971   21.6507
    0.0000   45.0000    7.5000 6697.3159   21.6658
    7.5000   45.0000    7.5000 6290.7339   21.6486
   -7.5000  -45.0000   15.0000 8607.1309   21.1817
    0.0000  -45.0000   15.0000 8635.9541   21.1970
    7.5000  -45.0000   15.0000 8221.3105   21.1794
   -7.5000  -37.5000   15.0000 9182.4102   22.5225
    0.0000  -37.5000   15.0000 9223.6182   22.5371
    7.5000  -37.5000   15.0000 8760.2500   22.5177
   -7.5000  -30.0000   15.0000 9769.7373   23.1515
    0.0000  -30.0000   15.0000 9764.4395   23.1593
    7.5000  -30.0000   15.0000 9270.5918   23.1391
   -7.5000  -22.5000   15.000010316.2119   23.2192
    0.0000  -22.5000   15.000010297.8457   23.2177
    7.5000  -22.5000   15.0000 9887.8125   23.1974
   -7.5000  -15.0000   15.000010794.9834   23.2209
    0.0000  -15.0000   15.000010823.0479   23.2203
    7.5000  -15.0000   15.000010461.2041   23.1997
   -7.5000   -7.5000   15.000010864.0107   23.1684
    0.0000   -7.5000   15.000010888.4932   23.1777
    7.5000   -7.5000   15.000010494.2158   23.1579
   -7.5000    0.0000   15.000010967.3818   23.1080
    0.0000    0.0000   15.000010958.4307   23.1246
    7.5000    0.0000   15.000010495.9707   23.1055
   -7.5000    7.5000   15.000010351.6064   23.0901
    0.0000    7.5000   15.000010271.9902   23.1050
    7.5000    7.5000   15.0000 9790.2920   23.0852
   -7.5000   15.0000   15.0000 9973.9023   23.1434
    0.0000   15.0000   15.0000 9892.8008   23.1511
    7.5000   15.0000   15.0000 9401.8320   23.1309
   -7.5000   22.5000   15.0000 9191.4199   22.9187
    0.0000   22.5000   15.0000 9116.6924   22.9172
    7.5000   22.5000   15.0000 8645.9648   22.8972
   -7.5000   30.0000   15.0000 8331.6484   22.3764
    0.0000   30.0000   15.0000 8293.8359   22.3758
    7.5000   30.0000   15.0000 7842.6836   22.3560
   -7.5000   37.5000   15.0000 7462.6382   21.6945
    0.0000   37.5000   15.0000 7455.0415   21.7031
    7.5000   37.5000   15.0000 7002.5264   21.6845
   -7.5000   45.0000   15.0000 6673.4741   21.6273
    0.0000   45.0000   15.0000 6677.7427   21.6482
    7.5000   45.0000   15.0000 6250.9502   21.6338
   -7.5000  -45.0000   22.5000 8155.0249   21.3387
    0.0000  -45.0000   22.5000 8215.9004   21.3514
    7.5000  -45.0000   22.5000 7772.8882   21.3228
   -7.5000  -37.5000   22.5000 8703.6631   22.6729
    0.0000  -37.5000   22.5000 8743.5479   22.6842
    7.5000  -37.5000   22.5000 8240.4414   22.6595
   -7.5000  -30.0000   22.5000 9256.3076   23.2991
    0.0000  -30.0000   22.5000 9213.7783   23.3070
    7.5000  -30.0000   22.5000 8701.1064   23.2915
   -7.5000  -22.5000   22.5000 9861.4580   23.3764
    0.0000  -22.5000   22.5000 9742.1797   23.3815
    7.5000  -22.5000   22.5000 9291.1055   23.3704
   -7.5000  -15.0000   22.500010427.2363   23.3933
    0.0000  -15.0000   22.500010295.7773   23.4015
    7.5000  -15.0000   22.5000 9826.2139   23.3838
   -7.5000   -7.5000   22.500010496.8750   23.3474
    0.0000   -7.5000   22.500010377.9912   23.3603
    7.5000   -7.5000   22.5000 9889.8311   23.3334
   -7.5000    0.0000   22.500010494.4756   23.2793
    0.0000    0.0000   22.500010390.7627   23.2931
    7.5000    0.0000   22.5000 9912.6924   23.2619
   -7.5000    7.5000   22.5000 9787.8730   23.2443
    0.0000    7.5000   22.5000 9698.2588   23.2558
    7.5000    7.5000   22.5000 9228.9746   23.2305
   -7.5000   15.0000   22.5000 9402.2383   23.2909
    0.0000   15.0000   22.5000 9333.5293   23.2988
    7.5000   15.0000   22.5000 8862.5010   23.2832
   -7.5000   22.5000   22.5000 8644.0342   23.0739
    0.0000   22.5000   22.5000 8597.6582   23.0789
    7.5000   22.5000   22.5000 8135.0903   23.0679
   -7.5000   30.0000   22.5000 7803.9937   22.5425
    0.0000   30.0000   22.5000 7776.3105   22.5504
    7.5000   30.0000   22.5000 7364.5327   22.5334
   -7.5000   37.5000   22.5000 7002.6611   21.8611
    0.0000   37.5000   22.5000 6990.5737   21.8732
    7.5000   37.5000   22.5000 6587.5747   21.8482
   -7.5000   45.0000   22.5000 6300.0518   21.7871
    0.0000   45.0000   22.5000 6261.0083   21.8016
    7.5000   45.0000   22.5000 5894.8057   21.7719
   -7.5000  -45.0000   30.0000 7664.3086   21.6379
    0.0000  -45.0000   30.0000 7709.6616   21.6400
    7.5000  -45.0000   30.0000 7256.3315   21.5950
   -7.5000  -37.5000   30.0000 8157.3770   22.9967
    0.0000  -37.5000   30.0000 8174.9756   22.9932
    7.5000  -37.5000   30.0000 7678.1548   22.9521
   -7.5000  -30.0000   30.0000 8642.0205   23.6473
    0.0000  -30.0000   30.0000 8598.1846   23.6406
    7.5000  -30.0000   30.0000 8119.2339   23.6092
   -7.5000  -22.5000   30.0000 9190.2725   23.7403
    0.0000  -22.5000   30.0000 9126.9873   23.7367
    7.5000  -22.5000   30.0000 8660.0508   23.7100
   -7.5000  -15.0000   30.0000 9715.9092   23.7606
    0.0000  -15.0000   30.0000 9633.5547   23.7640
    7.5000  -15.0000   30.0000 9146.1855   23.7298
   -7.5000   -7.5000   30.0000 9806.2559   23.7048
    0.0000   -7.5000   30.0000 9718.8418   23.7106
    7.5000   -7.5000   30.0000 9211.9121   23.6659
   -7.5000    0.0000   30.0000 9878.4414   23.6201
    0.0000    0.0000   30.0000 9762.8730   23.6225
    7.5000    0.0000   30.0000 9277.1270   23.5733
   -7.5000    7.5000   30.0000 9220.4834   23.5802
    0.0000    7.5000   30.0000 9114.9209   23.5766
    7.5000    7.5000   30.0000 8671.8428   23.5345
   -7.5000   15.0000   30.0000 8850.9248   23.6389
    0.0000   15.0000   30.0000 8768.2119   23.6322
    7.5000   15.0000   30.0000 8335.1670   23.6008
   -7.5000   22.5000   30.0000 8100.6558   23.4310
    0.0000   22.5000   30.0000 8049.4146   23.4275
    7.5000   22.5000   30.0000 7626.1650   23.4011
   -7.5000   30.0000   30.0000 7297.9595   22.9070
    0.0000   30.0000   30.0000 7269.7661   22.9102
    7.5000   30.0000   30.0000 6889.1055   22.8772
   -7.5000   37.5000   30.0000 6536.9351   22.2174
    0.0000   37.5000   30.0000 6530.1978   22.2228
    7.5000   37.5000   30.0000 6160.9502   22.1811
   -7.5000   45.0000   30.0000 5883.0830   22.1428
    0.0000   45.0000   30.0000 5839.8945   22.1446
    7.5000   45.0000   30.0000 5519.0166   22.0963
   -7.5000  -45.0000   37.5000 7163.7310   21.8506
    0.0000  -45.0000   37.5000 7220.7485   21.8509
    7.5000  -45.0000   37.5000 6782.0210   21.8086
   -7.5000  -37.5000   37.5000 7583.0098   23.2283
    0.0000  -37.5000   37.5000 7630.8799   23.2191
    7.5000  -37.5000   37.5000 7166.2334   23.1741
   -7.5000  -30.0000   37.5000 8016.4316   23.8827
    0.0000  -30.0000   37.5000 8030.4907   23.8655
    7.5000  -30.0000   37.5000 7575.0737   23.8201
   -7.5000  -22.5000   37.5000 8517.3291   23.9880
    0.0000  -22.5000   37.5000 8523.8779   23.9728
    7.5000  -22.5000   37.5000 8064.8135   23.9282
   -7.5000  -15.0000   37.5000 8993.6357   24.0077
    0.0000  -15.0000   37.5000 8977.7725   24.0019
    7.5000  -15.0000   37.5000 8515.6328   23.9564
   -7.5000   -7.5000   37.5000 9092.1709   23.9408
    0.0000   -7.5000   37.5000 9067.2803   23.9418
    7.5000   -7.5000   37.5000 8596.8320   23.8958
   -7.5000    0.0000   37.5000 9171.3506   23.8432
    0.0000    0.0000   37.5000 9108.3047   23.8436
    7.5000    0.0000   37.5000 8641.4961   23.7975
   -7.5000    7.5000   37.5000 8583.2139   23.8030
    0.0000    7.5000   37.5000 8522.2344   23.7936
    7.5000    7.5000   37.5000 8060.9600   23.7475
   -7.5000   15.0000   37.5000 8252.8115   23.8740
    0.0000   15.0000   37.5000 8212.6826   23.8568
    7.5000   15.0000   37.5000 7765.0571   23.8114
   -7.5000   22.5000   37.5000 7535.5190   23.6713
    0.0000   22.5000   37.5000 7512.6616   23.6564
    7.5000   22.5000   37.5000 7103.9819   23.6123
   -7.5000   30.0000   37.5000 6795.3818   23.1450
    0.0000   30.0000   37.5000 6796.7930   23.1394
    7.5000   30.0000   37.5000 6413.8262   23.0955
   -7.5000   37.5000   37.5000 6090.4858   22.4410
    0.0000   37.5000   37.5000 6098.3452   22.4417
    7.5000   37.5000   37.5000 5741.9263   22.3985
   -7.5000   45.0000   37.5000 5464.6729   22.3396
    0.0000   45.0000   37.5000 5459.2617   22.3418
    7.5000   45.0000   37.5000 5144.8140   22.2994
   -7.5000  -45.0000   45.0000 6661.3867   22.2064
    0.0000  -45.0000   45.0000 6723.1860   22.2259
    7.5000  -45.0000   45.0000 6341.5127   22.2030
   -7.5000  -37.5000   45.0000 7033.5029   23.6177
    0.0000  -37.5000   45.0000 7087.0298   23.6259
    7.5000  -37.5000   45.0000 6676.1938   23.5939
   -7.5000  -30.0000   45.0000 7428.5142   24.2556
    0.0000  -30.0000   45.0000 7472.3013   24.2513
    7.5000  -30.0000   45.0000 7058.0352   24.2094
   -7.5000  -22.5000   45.0000 7863.5874   24.3508
    0.0000  -22.5000   45.0000 7920.3931   24.3447
    7.5000  -22.5000   45.0000 7501.9365   24.3000
   -7.5000  -15.0000   45.0000 8284.9512   24.3635
    0.0000  -15.0000   45.0000 8326.0322   24.3679
    7.5000  -15.0000   45.0000 7900.6841   24.3296
   -7.5000   -7.5000   45.0000 8383.7432   24.2978
    0.0000   -7.5000   45.0000 8399.5625   24.3156
    7.5000   -7.5000   45.0000 7982.2241   24.2868
   -7.5000    0.0000   45.0000 8481.8691   24.2107
    0.0000    0.0000   45.0000 8467.7100   24.2319
    7.5000    0.0000   45.0000 8048.6855   24.2069
   -7.5000    7.5000   45.0000 7930.3315   24.1788
    0.0000    7.5000   45.0000 7899.2534   24.1872
    7.5000    7.5000   45.0000 7490.5371   24.1544
   -7.5000   15.0000   45.0000 7627.7432   24.2465
    0.0000   15.0000   45.0000 7612.1865   24.2423
    7.5000   15.0000   45.0000 7203.4424   24.2003
   -7.5000   22.5000   45.0000 6971.0942   24.0261
    0.0000   22.5000   45.0000 6962.1372   24.0201
    7.5000   22.5000   45.0000 6576.5381   23.9760
   -7.5000   30.0000   45.0000 6316.3857   23.4857
    0.0000   30.0000   45.0000 6312.6992   23.4899
    7.5000   30.0000   45.0000 5959.0728   23.4530
   -7.5000   37.5000   45.0000 5654.1582   22.7720
    0.0000   37.5000   45.0000 5650.8706   22.7883
    7.5000   37.5000   45.0000 5339.8774   22.7611
   -7.5000   45.0000   45.0000 5066.0864   22.6480
    0.0000   45.0000   45.0000 5055.8320   22.6722
    7.5000   45.0000   45.0000 4774.2148   22.6509

---------------------------------------------------------------------
imgreg_4dfp /opt/freesurfer/average/711-2C_as_mni_average_305 /opt/freesurfer/average/711-2B_as_mni_average_305_mask talsrcimg_g11 none talsrcimg_to_711-2C_as_mni_average_305_t4 4355
---------------------------------------------------------------------

freesurfer imgreg_4dfp.c
/opt/freesurfer/average/711-2C_as_mni_average_305.4dfp.img
       256       256       256         1
  1.000000  1.000000  1.000000
orientation T byte_order littleendian
Reading image: /opt/freesurfer/average/711-2C_as_mni_average_305.4dfp.img
dimensions:      256       256       256
mmppix:       1.0000   -1.0000   -1.0000
center:     128.0000 -129.0000 -129.0000
/opt/freesurfer/average/711-2B_as_mni_average_305_mask.4dfp.img
       256       256       256         1
  1.000000  1.000000  1.000000
orientation T byte_order littleendian
Reading mask: /opt/freesurfer/average/711-2B_as_mni_average_305_mask.4dfp.img (2306576 pixels)
talsrcimg_g11.4dfp.img
       256       256       256         1
  0.900000  0.900000  0.900000
orientation T byte_order littleendian
Reading image: talsrcimg_g11.4dfp.img
dimensions:      256       256       256
mmppix:       0.9000   -0.9000   -0.9000
center:     115.2000 -116.1000 -116.1000
rotation matrix determinant  1.000000
image alignment mode   4355 decimal     1103 hex
   -7.5000  -45.0000  -45.0000 2022.1265   20.3113
    0.0000  -45.0000  -45.0000 2008.0594   20.2765
    7.5000  -45.0000  -45.0000 1976.7123   20.6093
   -7.5000  -37.5000  -45.0000 2075.3042   19.1540
    0.0000  -37.5000  -45.0000 2066.5469   19.1280
    7.5000  -37.5000  -45.0000 2037.2339   19.4032
   -7.5000  -30.0000  -45.0000 2097.8440   18.3036
    0.0000  -30.0000  -45.0000 2096.2756   18.2647
    7.5000  -30.0000  -45.0000 2064.9883   18.4992
   -7.5000  -22.5000  -45.0000 2110.8848   17.6634
    0.0000  -22.5000  -45.0000 2110.4192   17.6304
    7.5000  -22.5000  -45.0000 2079.0486   17.9444
   -7.5000  -15.0000  -45.0000 2113.3335   17.4052
    0.0000  -15.0000  -45.0000 2113.4080   17.4172
    7.5000  -15.0000  -45.0000 2083.6318   17.7436
   -7.5000   -7.5000  -45.0000 2097.0530   17.5751
    0.0000   -7.5000  -45.0000 2094.7280   17.6002
    7.5000   -7.5000  -45.0000 2062.9397   17.9881
   -7.5000    0.0000  -45.0000 2072.0039   18.1787
    0.0000    0.0000  -45.0000 2066.1843   18.1435
    7.5000    0.0000  -45.0000 2037.5797   18.5863
   -7.5000    7.5000  -45.0000 2029.0957   19.0758
    0.0000    7.5000  -45.0000 2029.6342   19.0790
    7.5000    7.5000  -45.0000 1999.2540   19.5359
   -7.5000   15.0000  -45.0000 1974.2999   20.4346
    0.0000   15.0000  -45.0000 1970.2653   20.3974
    7.5000   15.0000  -45.0000 1939.8273   20.8913
   -7.5000   22.5000  -45.0000 1893.3248   22.1900
    0.0000   22.5000  -45.0000 1889.4515   22.1208
    7.5000   22.5000  -45.0000 1859.0536   22.6441
   -7.5000   30.0000  -45.0000 1790.9763   24.5105
    0.0000   30.0000  -45.0000 1791.7716   24.4483
    7.5000   30.0000  -45.0000 1761.2657   25.0169
   -7.5000   37.5000  -45.0000 1664.1400   27.5171
    0.0000   37.5000  -45.0000 1666.2864   27.5077
    7.5000   37.5000  -45.0000 1639.1517   28.0874
   -7.5000   45.0000  -45.0000 1502.7540   31.2674
    0.0000   45.0000  -45.0000 1498.9291   31.2762
    7.5000   45.0000  -45.0000 1481.3870   31.9171
   -7.5000  -45.0000  -37.5000 2182.5481   19.7485
    0.0000  -45.0000  -37.5000 2168.2104   19.7163
    7.5000  -45.0000  -37.5000 2135.9351   20.0817
   -7.5000  -37.5000  -37.5000 2247.6367   18.6580
    0.0000  -37.5000  -37.5000 2236.5920   18.6425
    7.5000  -37.5000  -37.5000 2204.4844   18.8732
   -7.5000  -30.0000  -37.5000 2274.8914   17.8119
    0.0000  -30.0000  -37.5000 2265.9067   17.8094
    7.5000  -30.0000  -37.5000 2238.1794   18.0770
   -7.5000  -22.5000  -37.5000 2289.4622   17.2384
    0.0000  -22.5000  -37.5000 2285.0100   17.2051
    7.5000  -22.5000  -37.5000 2251.3501   17.4724
   -7.5000  -15.0000  -37.5000 2293.4639   16.9956
    0.0000  -15.0000  -37.5000 2288.5251   16.9636
    7.5000  -15.0000  -37.5000 2255.6704   17.2036
   -7.5000   -7.5000  -37.5000 2275.0095   17.1352
    0.0000   -7.5000  -37.5000 2274.0022   17.1333
    7.5000   -7.5000  -37.5000 2242.5168   17.3930
   -7.5000    0.0000  -37.5000 2249.6323   17.6605
    0.0000    0.0000  -37.5000 2250.8569   17.6748
    7.5000    0.0000  -37.5000 2217.7373   18.0298
   -7.5000    7.5000  -37.5000 2202.8564   18.5732
    0.0000    7.5000  -37.5000 2202.9736   18.5776
    7.5000    7.5000  -37.5000 2172.1418   19.0143
   -7.5000   15.0000  -37.5000 2135.9563   19.9505
    0.0000   15.0000  -37.5000 2135.1760   19.9115
    7.5000   15.0000  -37.5000 2102.8965   20.4043
   -7.5000   22.5000  -37.5000 2051.8018   21.7018
    0.0000   22.5000  -37.5000 2045.4642   21.5997
    7.5000   22.5000  -37.5000 2012.5540   22.1052
   -7.5000   30.0000  -37.5000 1935.9613   24.0224
    0.0000   30.0000  -37.5000 1935.5654   23.8771
    7.5000   30.0000  -37.5000 1906.4701   24.3879
   -7.5000   37.5000  -37.5000 1798.9543   26.9389
    0.0000   37.5000  -37.5000 1795.9246   26.8312
    7.5000   37.5000  -37.5000 1768.7916   27.4198
   -7.5000   45.0000  -37.5000 1621.6245   30.5115
    0.0000   45.0000  -37.5000 1620.3256   30.4618
    7.5000   45.0000  -37.5000 1597.0267   31.1369
   -7.5000  -45.0000  -30.0000 2329.0146   19.0694
    0.0000  -45.0000  -30.0000 2316.8196   19.0597
    7.5000  -45.0000  -30.0000 2278.7471   19.3419
   -7.5000  -37.5000  -30.0000 2399.2786   17.9597
    0.0000  -37.5000  -30.0000 2386.2856   17.9583
    7.5000  -37.5000  -30.0000 2357.4248   18.2274
   -7.5000  -30.0000  -30.0000 2432.7749   17.1825
    0.0000  -30.0000  -30.0000 2427.4165   17.2002
    7.5000  -30.0000  -30.0000 2395.5105   17.4413
   -7.5000  -22.5000  -30.0000 2457.8440   16.6167
    0.0000  -22.5000  -30.0000 2450.1819   16.6072
    7.5000  -22.5000  -30.0000 2410.9077   16.8598
   -7.5000  -15.0000  -30.0000 2469.9060   16.3885
    0.0000  -15.0000  -30.0000 2462.7854   16.3398
    7.5000  -15.0000  -30.0000 2424.7637   16.5737
   -7.5000   -7.5000  -30.0000 2454.5337   16.5234
    0.0000   -7.5000  -30.0000 2450.4854   16.4966
    7.5000   -7.5000  -30.0000 2413.5273   16.7331
   -7.5000    0.0000  -30.0000 2425.7471   17.0974
    0.0000    0.0000  -30.0000 2421.1553   17.0667
    7.5000    0.0000  -30.0000 2381.7051   17.4145
   -7.5000    7.5000  -30.0000 2377.5591   18.0289
    0.0000    7.5000  -30.0000 2367.4670   18.0093
    7.5000    7.5000  -30.0000 2331.8201   18.3845
   -7.5000   15.0000  -30.0000 2295.6318   19.3403
    0.0000   15.0000  -30.0000 2290.8726   19.2994
    7.5000   15.0000  -30.0000 2256.3320   19.7162
   -7.5000   22.5000  -30.0000 2196.8694   21.0428
    0.0000   22.5000  -30.0000 2192.7656   20.9592
    7.5000   22.5000  -30.0000 2160.8306   21.3925
   -7.5000   30.0000  -30.0000 2072.7781   23.3173
    0.0000   30.0000  -30.0000 2068.2166   23.1583
    7.5000   30.0000  -30.0000 2039.5175   23.6131
   -7.5000   37.5000  -30.0000 1918.8995   26.0959
    0.0000   37.5000  -30.0000 1913.9771   25.9748
    7.5000   37.5000  -30.0000 1888.3094   26.4964
   -7.5000   45.0000  -30.0000 1730.4999   29.5304
    0.0000   45.0000  -30.0000 1724.3755   29.3916
    7.5000   45.0000  -30.0000 1703.9346   30.0940
   -7.5000  -45.0000  -22.5000 2448.6018   18.3350
    0.0000  -45.0000  -22.5000 2437.7144   18.3679
    7.5000  -45.0000  -22.5000 2395.5425   18.6086
   -7.5000  -37.5000  -22.5000 2526.9631   17.1692
    0.0000  -37.5000  -22.5000 2515.9797   17.1957
    7.5000  -37.5000  -22.5000 2478.8667   17.4098
   -7.5000  -30.0000  -22.5000 2569.5369   16.3830
    0.0000  -30.0000  -22.5000 2567.2480   16.4196
    7.5000  -30.0000  -22.5000 2527.9678   16.6491
   -7.5000  -22.5000  -22.5000 2603.4312   15.8763
    0.0000  -22.5000  -22.5000 2598.4043   15.8875
    7.5000  -22.5000  -22.5000 2559.7705   16.1362
   -7.5000  -15.0000  -22.5000 2625.7090   15.6341
    0.0000  -15.0000  -22.5000 2619.2068   15.6280
    7.5000  -15.0000  -22.5000 2575.1252   15.8527
   -7.5000   -7.5000  -22.5000 2618.9407   15.8008
    0.0000   -7.5000  -22.5000 2614.6104   15.7742
    7.5000   -7.5000  -22.5000 2567.3821   15.9955
   -7.5000    0.0000  -22.5000 2586.4595   16.3783
    0.0000    0.0000  -22.5000 2581.0959   16.3498
    7.5000    0.0000  -22.5000 2532.4187   16.6116
   -7.5000    7.5000  -22.5000 2524.5383   17.3114
    0.0000    7.5000  -22.5000 2522.3359   17.2981
    7.5000    7.5000  -22.5000 2473.3193   17.5731
   -7.5000   15.0000  -22.5000 2437.3625   18.5212
    0.0000   15.0000  -22.5000 2435.1936   18.5216
    7.5000   15.0000  -22.5000 2386.9370   18.8206
   -7.5000   22.5000  -22.5000 2319.8479   20.2270
    0.0000   22.5000  -22.5000 2319.6707   20.1958
    7.5000   22.5000  -22.5000 2280.7349   20.5267
   -7.5000   30.0000  -22.5000 2185.6658   22.4387
    0.0000   30.0000  -22.5000 2186.9431   22.3932
    7.5000   30.0000  -22.5000 2149.2883   22.7672
   -7.5000   37.5000  -22.5000 2013.7858   25.1325
    0.0000   37.5000  -22.5000 2014.2657   25.1041
    7.5000   37.5000  -22.5000 1983.1472   25.5002
   -7.5000   45.0000  -22.5000 1819.4218   28.3280
    0.0000   45.0000  -22.5000 1817.8145   28.3472
    7.5000   45.0000  -22.5000 1791.6929   28.8554
   -7.5000  -45.0000  -15.0000 2540.3787   17.5455
    0.0000  -45.0000  -15.0000 2527.9697   17.5905
    7.5000  -45.0000  -15.0000 2487.3647   17.8610
   -7.5000  -37.5000  -15.0000 2633.2715   16.3889
    0.0000  -37.5000  -15.0000 2624.3403   16.3953
    7.5000  -37.5000  -15.0000 2584.8176   16.6491
   -7.5000  -30.0000  -15.0000 2685.3005   15.6057
    0.0000  -30.0000  -15.0000 2681.7214   15.6154
    7.5000  -30.0000  -15.0000 2643.7781   15.8685
   -7.5000  -22.5000  -15.0000 2727.7952   15.1104
    0.0000  -22.5000  -15.0000 2726.3958   15.1278
    7.5000  -22.5000  -15.0000 2681.1313   15.3480
   -7.5000  -15.0000  -15.0000 2753.2883   14.8903
    0.0000  -15.0000  -15.0000 2755.5750   14.8800
    7.5000  -15.0000  -15.0000 2704.5991   15.0909
   -7.5000   -7.5000  -15.0000 2752.4973   15.0369
    0.0000   -7.5000  -15.0000 2754.2710   15.0298
    7.5000   -7.5000  -15.0000 2698.9624   15.2346
   -7.5000    0.0000  -15.0000 2718.6306   15.6255
    0.0000    0.0000  -15.0000 2716.4897   15.5906
    7.5000    0.0000  -15.0000 2659.9402   15.8226
   -7.5000    7.5000  -15.0000 2646.3870   16.5054
    0.0000    7.5000  -15.0000 2646.9543   16.4903
    7.5000    7.5000  -15.0000 2593.0989   16.7215
   -7.5000   15.0000  -15.0000 2547.0090   17.7260
    0.0000   15.0000  -15.0000 2541.8730   17.7003
    7.5000   15.0000  -15.0000 2496.6990   17.9576
   -7.5000   22.5000  -15.0000 2416.2170   19.4354
    0.0000   22.5000  -15.0000 2412.5901   19.3574
    7.5000   22.5000  -15.0000 2373.3972   19.6826
   -7.5000   30.0000  -15.0000 2275.2815   21.6382
    0.0000   30.0000  -15.0000 2271.6311   21.5273
    7.5000   30.0000  -15.0000 2235.4258   21.9064
   -7.5000   37.5000  -15.0000 2087.2710   24.2793
    0.0000   37.5000  -15.0000 2084.8123   24.1426
    7.5000   37.5000  -15.0000 2058.7148   24.5470
   -7.5000   45.0000  -15.0000 1879.0281   27.2682
    0.0000   45.0000  -15.0000 1880.6624   27.2255
    7.5000   45.0000  -15.0000 1854.7827   27.7202
   -7.5000  -45.0000   -7.5000 2579.2327   16.7333
    0.0000  -45.0000   -7.5000 2577.0413   16.7468
    7.5000  -45.0000   -7.5000 2535.8970   17.0984
   -7.5000  -37.5000   -7.5000 2687.7964   15.5566
    0.0000  -37.5000   -7.5000 2683.3923   15.5534
    7.5000  -37.5000   -7.5000 2642.1560   15.8700
   -7.5000  -30.0000   -7.5000 2764.8999   14.7901
    0.0000  -30.0000   -7.5000 2762.3462   14.7820
    7.5000  -30.0000   -7.5000 2717.2771   15.0548
   -7.5000  -22.5000   -7.5000 2817.1863   14.3047
    0.0000  -22.5000   -7.5000 2813.8923   14.3104
    7.5000  -22.5000   -7.5000 2762.1655   14.5521
   -7.5000  -15.0000   -7.5000 2848.3657   14.0775
    0.0000  -15.0000   -7.5000 2849.1624   14.0647
    7.5000  -15.0000   -7.5000 2790.7439   14.2930
   -7.5000   -7.5000   -7.5000 2847.7397   14.2274
    0.0000   -7.5000   -7.5000 2850.3552   14.2150
    7.5000   -7.5000   -7.5000 2792.2844   14.4258
   -7.5000    0.0000   -7.5000 2799.9211   14.7619
    0.0000    0.0000   -7.5000 2805.0374   14.7461
    7.5000    0.0000   -7.5000 2750.2144   14.9743
   -7.5000    7.5000   -7.5000 2717.1702   15.6528
    0.0000    7.5000   -7.5000 2719.4875   15.6241
    7.5000    7.5000   -7.5000 2672.0747   15.8784
   -7.5000   15.0000   -7.5000 2606.9495   16.9166
    0.0000   15.0000   -7.5000 2604.1289   16.8613
    7.5000   15.0000   -7.5000 2562.6101   17.1704
   -7.5000   22.5000   -7.5000 2470.4683   18.6462
    0.0000   22.5000   -7.5000 2470.0110   18.5357
    7.5000   22.5000   -7.5000 2425.7412   18.8836
   -7.5000   30.0000   -7.5000 2324.5808   20.7817
    0.0000   30.0000   -7.5000 2320.1455   20.6630
    7.5000   30.0000   -7.5000 2281.9492   21.0316
   -7.5000   37.5000   -7.5000 2127.3584   23.2725
    0.0000   37.5000   -7.5000 2122.7109   23.1760
    7.5000   37.5000   -7.5000 2100.1931   23.5611
   -7.5000   45.0000   -7.5000 1908.7408   26.1746
    0.0000   45.0000   -7.5000 1914.6426   26.0434
    7.5000   45.0000   -7.5000 1892.2153   26.6310
   -7.5000  -45.0000    0.0000 2618.5710   16.2761
    0.0000  -45.0000    0.0000 2614.7087   16.2662
    7.5000  -45.0000    0.0000 2577.2605   16.6916
   -7.5000  -37.5000    0.0000 2732.1428   15.0478
    0.0000  -37.5000    0.0000 2733.3066   15.0488
    7.5000  -37.5000    0.0000 2691.8418   15.4491
   -7.5000  -30.0000    0.0000 2831.2778   14.2605
    0.0000  -30.0000    0.0000 2833.1816   14.2695
    7.5000  -30.0000    0.0000 2783.9263   14.6218
   -7.5000  -22.5000    0.0000 2898.4727   13.7669
    0.0000  -22.5000    0.0000 2900.3877   13.7730
    7.5000  -22.5000    0.0000 2839.1284   14.1188
   -7.5000  -15.0000    0.0000 2935.6216   13.4449
    0.0000  -15.0000    0.0000 2939.3892   13.4608
    7.5000  -15.0000    0.0000 2875.2585   13.8225
   -7.5000   -7.5000    0.0000 2926.4248   13.6713
    0.0000   -7.5000    0.0000 2932.8545   13.6715
    7.5000   -7.5000    0.0000 2879.0178   13.9576
   -7.5000    0.0000    0.0000 2867.6333   14.2548
    0.0000    0.0000    0.0000 2873.1663   14.2160
    7.5000    0.0000    0.0000 2828.8037   14.5384
   -7.5000    7.5000    0.0000 2771.1091   15.1521
    0.0000    7.5000    0.0000 2780.3838   15.1214
    7.5000    7.5000    0.0000 2737.5723   15.4774
   -7.5000   15.0000    0.0000 2650.0950   16.4708
    0.0000   15.0000    0.0000 2658.1812   16.4315
    7.5000   15.0000    0.0000 2617.4224   16.8038
   -7.5000   22.5000    0.0000 2513.2822   18.1571
    0.0000   22.5000    0.0000 2516.3789   18.1105
    7.5000   22.5000    0.0000 2478.8340   18.4780
   -7.5000   30.0000    0.0000 2360.1174   20.2308
    0.0000   30.0000    0.0000 2358.7673   20.2125
    7.5000   30.0000    0.0000 2322.5527   20.5701
   -7.5000   37.5000    0.0000 2162.7415   22.6463
    0.0000   37.5000    0.0000 2163.9272   22.6142
    7.5000   37.5000    0.0000 2135.0974   23.0314
   -7.5000   45.0000    0.0000 1942.0833   25.5513
    0.0000   45.0000    0.0000 1949.9320   25.4919
    7.5000   45.0000    0.0000 1921.3623   26.0191
   -7.5000  -45.0000    7.5000 2623.1465   15.9943
    0.0000  -45.0000    7.5000 2620.6902   15.9367
    7.5000  -45.0000    7.5000 2581.9175   16.3913
   -7.5000  -37.5000    7.5000 2747.6267   14.7169
    0.0000  -37.5000    7.5000 2747.3167   14.6806
    7.5000  -37.5000    7.5000 2710.0806   15.1355
   -7.5000  -30.0000    7.5000 2859.0220   13.8867
    0.0000  -30.0000    7.5000 2863.4602   13.8476
    7.5000  -30.0000    7.5000 2817.9426   14.2886
   -7.5000  -22.5000    7.5000 2931.5706   13.2901
    0.0000  -22.5000    7.5000 2946.3035   13.3158
    7.5000  -22.5000    7.5000 2879.8979   13.7504
   -7.5000  -15.0000    7.5000 2978.1707   12.9320
    0.0000  -15.0000    7.5000 2994.0046   12.9482
    7.5000  -15.0000    7.5000 2921.4138   13.5440
   -7.5000   -7.5000    7.5000 2971.1416   13.2480
    0.0000   -7.5000    7.5000 2987.6692   13.2288
    7.5000   -7.5000    7.5000 2921.3528   13.7522
   -7.5000    0.0000    7.5000 2897.7244   13.9047
    0.0000    0.0000    7.5000 2911.1597   13.9040
    7.5000    0.0000    7.5000 2864.2949   14.2981
   -7.5000    7.5000    7.5000 2796.8711   14.8267
    0.0000    7.5000    7.5000 2808.1638   14.8586
    7.5000    7.5000    7.5000 2766.3408   15.2279
   -7.5000   15.0000    7.5000 2668.7690   16.0943
    0.0000   15.0000    7.5000 2680.2026   16.1342
    7.5000   15.0000    7.5000 2641.3518   16.4687
   -7.5000   22.5000    7.5000 2522.7166   17.7426
    0.0000   22.5000    7.5000 2531.9734   17.7640
    7.5000   22.5000    7.5000 2497.4268   18.1000
   -7.5000   30.0000    7.5000 2366.9353   19.8064
    0.0000   30.0000    7.5000 2377.0464   19.8094
    7.5000   30.0000    7.5000 2342.2454   20.1627
   -7.5000   37.5000    7.5000 2177.2681   22.2428
    0.0000   37.5000    7.5000 2181.1152   22.2900
    7.5000   37.5000    7.5000 2155.9016   22.7199
   -7.5000   45.0000    7.5000 1959.0699   25.1310
    0.0000   45.0000    7.5000 1966.8372   25.1319
    7.5000   45.0000    7.5000 1935.3989   25.7034
   -7.5000  -45.0000   15.0000 2620.8113   16.0676
    0.0000  -45.0000   15.0000 2625.7832   15.9292
    7.5000  -45.0000   15.0000 2591.2896   16.4769
   -7.5000  -37.5000   15.0000 2746.2148   14.7895
    0.0000  -37.5000   15.0000 2752.5005   14.6663
    7.5000  -37.5000   15.0000 2723.0613   15.2092
   -7.5000  -30.0000   15.0000 2850.6006   13.9036
    0.0000  -30.0000   15.0000 2863.2002   13.8069
    7.5000  -30.0000   15.0000 2825.4001   14.2944
   -7.5000  -22.5000   15.0000 2924.5750   13.2946
    0.0000  -22.5000   15.0000 2945.8586   13.2128
    7.5000  -22.5000   15.0000 2891.0630   13.7295
   -7.5000  -15.0000   15.0000 2980.5288   13.0713
    0.0000  -15.0000   15.0000 3000.9778   12.9861
    7.5000  -15.0000   15.0000 2937.4988   13.5692
   -7.5000   -7.5000   15.0000 2966.1321   13.2380
    0.0000   -7.5000   15.0000 2982.4683   13.2487
    7.5000   -7.5000   15.0000 2923.6106   13.7496
   -7.5000    0.0000   15.0000 2898.1187   13.8881
    0.0000    0.0000   15.0000 2910.4106   13.8937
    7.5000    0.0000   15.0000 2861.1685   14.3017
   -7.5000    7.5000   15.0000 2794.8813   14.8611
    0.0000    7.5000   15.0000 2805.4604   14.8644
    7.5000    7.5000   15.0000 2763.8518   15.2334
   -7.5000   15.0000   15.0000 2665.8479   16.1101
    0.0000   15.0000   15.0000 2673.4985   16.1033
    7.5000   15.0000   15.0000 2638.9209   16.4567
   -7.5000   22.5000   15.0000 2524.9124   17.7132
    0.0000   22.5000   15.0000 2527.3394   17.6805
    7.5000   22.5000   15.0000 2498.4666   18.0314
   -7.5000   30.0000   15.0000 2365.0811   19.7502
    0.0000   30.0000   15.0000 2368.5286   19.6959
    7.5000   30.0000   15.0000 2340.6658   20.0706
   -7.5000   37.5000   15.0000 2175.7671   22.1914
    0.0000   37.5000   15.0000 2178.7749   22.1010
    7.5000   37.5000   15.0000 2147.7192   22.5446
   -7.5000   45.0000   15.0000 1960.8190   24.9983
    0.0000   45.0000   15.0000 1963.9978   24.8626
    7.5000   45.0000   15.0000 1934.1384   25.3952
   -7.5000  -45.0000   22.5000 2603.6636   16.4117
    0.0000  -45.0000   22.5000 2618.9922   16.2545
    7.5000  -45.0000   22.5000 2585.5676   16.7006
   -7.5000  -37.5000   22.5000 2729.3469   15.2073
    0.0000  -37.5000   22.5000 2744.5037   15.0270
    7.5000  -37.5000   22.5000 2711.8896   15.4611
   -7.5000  -30.0000   22.5000 2830.7266   14.3282
    0.0000  -30.0000   22.5000 2843.7480   14.0991
    7.5000  -30.0000   22.5000 2806.6499   14.5502
   -7.5000  -22.5000   22.5000 2905.9856   13.8003
    0.0000  -22.5000   22.5000 2913.3433   13.5002
    7.5000  -22.5000   22.5000 2875.8369   14.0574
   -7.5000  -15.0000   22.5000 2944.3777   13.6530
    0.0000  -15.0000   22.5000 2956.7097   13.4023
    7.5000  -15.0000   22.5000 2914.3188   13.9077
   -7.5000   -7.5000   22.5000 2925.5042   13.8684
    0.0000   -7.5000   22.5000 2941.3840   13.6864
    7.5000   -7.5000   22.5000 2892.3372   14.0769
   -7.5000    0.0000   22.5000 2857.9822   14.4100
    0.0000    0.0000   22.5000 2866.7561   14.3005
    7.5000    0.0000   22.5000 2824.4932   14.6252
   -7.5000    7.5000   22.5000 2753.5842   15.1867
    0.0000    7.5000   22.5000 2763.7639   15.1615
    7.5000    7.5000   22.5000 2726.7595   15.4990
   -7.5000   15.0000   22.5000 2636.1101   16.3047
    0.0000   15.0000   22.5000 2644.4392   16.3216
    7.5000   15.0000   22.5000 2610.8862   16.6442
   -7.5000   22.5000   22.5000 2498.9878   17.8149
    0.0000   22.5000   22.5000 2508.2915   17.8463
    7.5000   22.5000   22.5000 2479.2773   18.1464
   -7.5000   30.0000   22.5000 2341.9780   19.8192
    0.0000   30.0000   22.5000 2347.2400   19.8398
    7.5000   30.0000   22.5000 2323.3872   20.1578
   -7.5000   37.5000   22.5000 2154.7085   22.3051
    0.0000   37.5000   22.5000 2160.3135   22.2094
    7.5000   37.5000   22.5000 2131.9412   22.6166
   -7.5000   45.0000   22.5000 1947.8784   25.0598
    0.0000   45.0000   22.5000 1947.3597   24.9306
    7.5000   45.0000   22.5000 1923.2682   25.4499
   -7.5000  -45.0000   30.0000 2576.0686   17.1284
    0.0000  -45.0000   30.0000 2597.0156   16.9559
    7.5000  -45.0000   30.0000 2561.7827   17.2691
   -7.5000  -37.5000   30.0000 2695.7363   15.8467
    0.0000  -37.5000   30.0000 2719.9980   15.6554
    7.5000  -37.5000   30.0000 2682.3386   15.9481
   -7.5000  -30.0000   30.0000 2789.1892   14.9548
    0.0000  -30.0000   30.0000 2810.2380   14.6601
    7.5000  -30.0000   30.0000 2772.5474   15.0846
   -7.5000  -22.5000   30.0000 2852.8098   14.4548
    0.0000  -22.5000   30.0000 2871.6111   14.1878
    7.5000  -22.5000   30.0000 2835.3020   14.6332
   -7.5000  -15.0000   30.0000 2881.9558   14.3064
    0.0000  -15.0000   30.0000 2898.8530   14.0804
    7.5000  -15.0000   30.0000 2861.3215   14.4692
   -7.5000   -7.5000   30.0000 2855.0852   14.5315
    0.0000   -7.5000   30.0000 2874.3950   14.3061
    7.5000   -7.5000   30.0000 2832.1658   14.6488
   -7.5000    0.0000   30.0000 2790.6814   15.0724
    0.0000    0.0000   30.0000 2798.6162   14.8886
    7.5000    0.0000   30.0000 2768.7854   15.1868
   -7.5000    7.5000   30.0000 2695.9094   15.8476
    0.0000    7.5000   30.0000 2704.3433   15.7286
    7.5000    7.5000   30.0000 2678.6670   16.0214
   -7.5000   15.0000   30.0000 2584.2700   16.9417
    0.0000   15.0000   30.0000 2594.3091   16.8528
    7.5000   15.0000   30.0000 2566.8484   17.1690
   -7.5000   22.5000   30.0000 2455.7209   18.3241
    0.0000   22.5000   30.0000 2463.3940   18.2621
    7.5000   22.5000   30.0000 2438.2649   18.6026
   -7.5000   30.0000   30.0000 2301.2861   20.2524
    0.0000   30.0000   30.0000 2307.9241   20.2078
    7.5000   30.0000   30.0000 2286.7922   20.5202
   -7.5000   37.5000   30.0000 2122.3342   22.5776
    0.0000   37.5000   30.0000 2136.3284   22.5407
    7.5000   37.5000   30.0000 2105.7859   22.9293
   -7.5000   45.0000   30.0000 1923.3192   25.3333
    0.0000   45.0000   30.0000 1930.0693   25.2383
    7.5000   45.0000   30.0000 1905.4785   25.7619
   -7.5000  -45.0000   37.5000 2534.0181   17.9382
    0.0000  -45.0000   37.5000 2558.9551   17.7940
    7.5000  -45.0000   37.5000 2524.5913   18.0100
   -7.5000  -37.5000   37.5000 2643.6670   16.6437
    0.0000  -37.5000   37.5000 2672.9812   16.4569
    7.5000  -37.5000   37.5000 2638.7808   16.6952
   -7.5000  -30.0000   37.5000 2729.0378   15.7648
    0.0000  -30.0000   37.5000 2755.8110   15.5518
    7.5000  -30.0000   37.5000 2721.2949   15.8560
   -7.5000  -22.5000   37.5000 2782.0269   15.2840
    0.0000  -22.5000   37.5000 2802.9966   15.1273
    7.5000  -22.5000   37.5000 2770.3398   15.4329
   -7.5000  -15.0000   37.5000 2797.1113   15.1754
    0.0000  -15.0000   37.5000 2815.1733   14.9681
    7.5000  -15.0000   37.5000 2785.9333   15.2858
   -7.5000   -7.5000   37.5000 2774.5044   15.3551
    0.0000   -7.5000   37.5000 2797.1895   15.1191
    7.5000   -7.5000   37.5000 2764.3030   15.4050
   -7.5000    0.0000   37.5000 2711.1711   15.8678
    0.0000    0.0000   37.5000 2721.8008   15.6674
    7.5000    0.0000   37.5000 2694.9753   15.9325
   -7.5000    7.5000   37.5000 2625.2141   16.6589
    0.0000    7.5000   37.5000 2635.3606   16.5149
    7.5000    7.5000   37.5000 2604.6863   16.7445
   -7.5000   15.0000   37.5000 2518.0854   17.7326
    0.0000   15.0000   37.5000 2529.4768   17.6396
    7.5000   15.0000   37.5000 2497.7234   17.8917
   -7.5000   22.5000   37.5000 2386.5295   19.1304
    0.0000   22.5000   37.5000 2397.7317   19.0477
    7.5000   22.5000   37.5000 2372.6338   19.3031
   -7.5000   30.0000   37.5000 2240.9429   20.9722
    0.0000   30.0000   37.5000 2258.4460   20.9203
    7.5000   30.0000   37.5000 2231.1941   21.2186
   -7.5000   37.5000   37.5000 2074.1509   23.2849
    0.0000   37.5000   37.5000 2088.7329   23.2092
    7.5000   37.5000   37.5000 2062.6836   23.6370
   -7.5000   45.0000   37.5000 1881.4592   26.1286
    0.0000   45.0000   37.5000 1887.5808   25.9698
    7.5000   45.0000   37.5000 1868.7412   26.5333
   -7.5000  -45.0000   45.0000 2459.5762   18.8452
    0.0000  -45.0000   45.0000 2482.1143   18.7285
    7.5000  -45.0000   45.0000 2454.5625   18.9255
   -7.5000  -37.5000   45.0000 2558.7473   17.5130
    0.0000  -37.5000   45.0000 2587.4893   17.4110
    7.5000  -37.5000   45.0000 2555.9600   17.6160
   -7.5000  -30.0000   45.0000 2633.1646   16.6848
    0.0000  -30.0000   45.0000 2663.1433   16.5513
    7.5000  -30.0000   45.0000 2628.7876   16.8056
   -7.5000  -22.5000   45.0000 2667.5598   16.2428
    0.0000  -22.5000   45.0000 2691.3760   16.1451
    7.5000  -22.5000   45.0000 2665.6797   16.3863
   -7.5000  -15.0000   45.0000 2672.3247   16.1313
    0.0000  -15.0000   45.0000 2692.9121   15.9758
    7.5000  -15.0000   45.0000 2666.7476   16.2400
   -7.5000   -7.5000   45.0000 2655.3777   16.2633
    0.0000   -7.5000   45.0000 2673.3894   16.0914
    7.5000   -7.5000   45.0000 2650.5410   16.3169
   -7.5000    0.0000   45.0000 2600.3564   16.7683
    0.0000    0.0000   45.0000 2612.2876   16.6014
    7.5000    0.0000   45.0000 2587.8381   16.8173
   -7.5000    7.5000   45.0000 2519.6213   17.5566
    0.0000    7.5000   45.0000 2531.0168   17.4118
    7.5000    7.5000   45.0000 2500.9336   17.6509
   -7.5000   15.0000   45.0000 2417.0117   18.6512
    0.0000   15.0000   45.0000 2430.6438   18.4908
    7.5000   15.0000   45.0000 2398.8589   18.7379
   -7.5000   22.5000   45.0000 2289.6296   20.0577
    0.0000   22.5000   45.0000 2303.6606   19.9859
    7.5000   22.5000   45.0000 2276.1763   20.1357
   -7.5000   30.0000   45.0000 2158.4419   21.9167
    0.0000   30.0000   45.0000 2172.1804   21.8157
    7.5000   30.0000   45.0000 2148.0989   22.0103
   -7.5000   37.5000   45.0000 1994.1592   24.2964
    0.0000   37.5000   45.0000 2007.1455   24.1946
    7.5000   37.5000   45.0000 1989.3511   24.5201
   -7.5000   45.0000   45.0000 1812.5333   27.0697
    0.0000   45.0000   45.0000 1821.3744   26.9300
    7.5000   45.0000   45.0000 1803.8987   27.4713

---------------------------------------------------------------------
imgreg_4dfp /opt/freesurfer/average/711-2C_as_mni_average_305 /opt/freesurfer/average/711-2B_as_mni_average_305_mask talsrcimg_g11 none talsrcimg_to_711-2C_as_mni_average_305_t4 1283
---------------------------------------------------------------------

freesurfer imgreg_4dfp.c
/opt/freesurfer/average/711-2C_as_mni_average_305.4dfp.img
       256       256       256         1
  1.000000  1.000000  1.000000
orientation T byte_order littleendian
Reading image: /opt/freesurfer/average/711-2C_as_mni_average_305.4dfp.img
dimensions:      256       256       256
mmppix:       1.0000   -1.0000   -1.0000
center:     128.0000 -129.0000 -129.0000
/opt/freesurfer/average/711-2B_as_mni_average_305_mask.4dfp.img
       256       256       256         1
  1.000000  1.000000  1.000000
orientation T byte_order littleendian
Reading mask: /opt/freesurfer/average/711-2B_as_mni_average_305_mask.4dfp.img (2306576 pixels)
talsrcimg_g11.4dfp.img
       256       256       256         1
  0.900000  0.900000  0.900000
orientation T byte_order littleendian
Reading image: talsrcimg_g11.4dfp.img
dimensions:      256       256       256
mmppix:       0.9000   -0.9000   -0.9000
center:     115.2000 -116.1000 -116.1000
rotation matrix determinant  1.000000
fimgreg.f
image alignment mode   1283 decimal      503 hex
parameters
    0.0000  -15.0000   15.0000    0.0000    0.0000    0.0000
eta,q 0.94289 12.93713
niter,ni,del,rscale     5    3   12.0000    1.2000
parameters
   -1.0743  -13.2542   12.1349    2.2165   -1.3799   -0.0639
eta,q 0.94744 12.64664
  0.0608  0.0720  0.0557  0.0650  0.0565  0.0586
  0.0598  0.0671  0.0531  0.0623  0.0540  0.0554
  0.0574  0.0615  0.0532  0.0571  0.0528  0.0532
  0.0550  0.0559  0.0547  0.0529  0.0525  0.0526
  0.0573  0.0548  0.0579  0.0524  0.0544  0.0536
  0.0629  0.0584  0.0625  0.0539  0.0584  0.0558
  0.0690  0.0615  0.0661  0.0561  0.0633  0.0586
niter,ni,del,rscale     4    3   12.0000    1.2000
parameters
   -0.6022  -13.3627   11.6068    2.4398   -1.8645   -0.2532
eta,q 0.94791 12.64922
  0.0623  0.0646  0.0568  0.0621  0.0573  0.0578
  0.0606  0.0579  0.0551  0.0561  0.0547  0.0547
  0.0564  0.0532  0.0523  0.0520  0.0525  0.0526
  0.0526  0.0523  0.0522  0.0520  0.0522  0.0521
  0.0528  0.0542  0.0533  0.0539  0.0528  0.0531
  0.0560  0.0589  0.0559  0.0563  0.0555  0.0554
  0.0621  0.0651  0.0591  0.0593  0.0599  0.0583
niter,ni,del,rscale     3    3   12.0000    1.2000
parameters
   -0.5661  -13.5103   11.4297    2.4972   -1.9977   -0.3184
eta,q 0.94803 12.64367
  0.0616  0.0643  0.0571  0.0617  0.0575  0.0579
  0.0601  0.0575  0.0555  0.0555  0.0552  0.0547
  0.0552  0.0529  0.0527  0.0517  0.0526  0.0526
  0.0521  0.0521  0.0520  0.0519  0.0520  0.0520
  0.0537  0.0539  0.0533  0.0541  0.0526  0.0528
  0.0571  0.0588  0.0552  0.0566  0.0548  0.0551
  0.0638  0.0650  0.0581  0.0596  0.0586  0.0580
niter,ni,del,rscale     2    3   12.0000    1.2000
parameters
   -0.6123  -13.5654   11.3744    2.5180   -2.0260   -0.3409
eta,q 0.94808 12.63914
  0.0614  0.0646  0.0572  0.0617  0.0576  0.0580
  0.0599  0.0577  0.0556  0.0554  0.0553  0.0548
  0.0551  0.0529  0.0529  0.0516  0.0527  0.0527
  0.0520  0.0520  0.0519  0.0519  0.0519  0.0519
  0.0538  0.0537  0.0533  0.0541  0.0525  0.0527
  0.0573  0.0583  0.0549  0.0568  0.0546  0.0550
  0.0640  0.0647  0.0578  0.0597  0.0583  0.0580
registration optimization eta report
parameter search radius
    6.0000    6.0000    6.0000    6.0000    6.0000    6.0000
100000*second partial in parameter space
       28.       35.       14.       24.       17.       17.
  0.0614  0.0646  0.0572  0.0617  0.0576  0.0580
  0.0599  0.0577  0.0556  0.0554  0.0553  0.0548
  0.0551  0.0529  0.0529  0.0516  0.0527  0.0527
  0.0520  0.0520  0.0519  0.0519  0.0519  0.0519
  0.0538  0.0537  0.0533  0.0541  0.0525  0.0527
  0.0573  0.0583  0.0549  0.0568  0.0546  0.0550
  0.0640  0.0647  0.0578  0.0597  0.0583  0.0580
   -0.6123  -13.5654   11.3744    2.5180   -2.0260   -0.3409
eta,q 0.94808 12.63914

---------------------------------------------------------------------
imgreg_4dfp /opt/freesurfer/average/711-2C_as_mni_average_305 /opt/freesurfer/average/711-2B_as_mni_average_305_mask talsrcimg_g11 none talsrcimg_to_711-2C_as_mni_average_305_t4 3335
---------------------------------------------------------------------

freesurfer imgreg_4dfp.c
/opt/freesurfer/average/711-2C_as_mni_average_305.4dfp.img
       256       256       256         1
  1.000000  1.000000  1.000000
orientation T byte_order littleendian
Reading image: /opt/freesurfer/average/711-2C_as_mni_average_305.4dfp.img
dimensions:      256       256       256
mmppix:       1.0000   -1.0000   -1.0000
center:     128.0000 -129.0000 -129.0000
/opt/freesurfer/average/711-2B_as_mni_average_305_mask.4dfp.img
       256       256       256         1
  1.000000  1.000000  1.000000
orientation T byte_order littleendian
Reading mask: /opt/freesurfer/average/711-2B_as_mni_average_305_mask.4dfp.img (2306576 pixels)
talsrcimg_g11.4dfp.img
       256       256       256         1
  0.900000  0.900000  0.900000
orientation T byte_order littleendian
Reading image: talsrcimg_g11.4dfp.img
dimensions:      256       256       256
mmppix:       0.9000   -0.9000   -0.9000
center:     115.2000 -116.1000 -116.1000
fimgreg.f
image alignment mode   3335 decimal      D07 hex
parameters
   -0.6123  -13.5654   11.3744   -0.0643   -0.0992   -0.1590
    0.7498    3.5057   -0.5947   -4.4143   -3.5353    4.3906
eta,q 0.94865 12.73496
niter,ni,del,rscale     5    3    5.0000    1.2000
parameter  4  4.094308 ->  0.500000 qaram    1.1500
parameter  5  3.770760 ->  0.500000 qaram    1.1500
parameter  6  2.469130 ->  0.500000 qaram    1.1500
parameters
   -1.1640  -13.7085   10.9313   -4.2043   -4.2392   -4.2990
   -0.8044    6.2408   -0.6310   -4.9350   -4.2620    2.7043
eta,q 0.96614 12.22552
  0.0521  0.0527  0.0518  0.0425  0.0375  0.0324  0.0358  0.0411  0.0359  0.0372  0.0349  0.0346
  0.0516  0.0519  0.0515  0.0448  0.0397  0.0338  0.0348  0.0383  0.0348  0.0355  0.0343  0.0341
  0.0514  0.0515  0.0514  0.0478  0.0425  0.0365  0.0344  0.0359  0.0342  0.0343  0.0340  0.0339
  0.0514  0.0513  0.0513  0.0513  0.0456  0.0404  0.0344  0.0343  0.0340  0.0339  0.0339  0.0339
  0.0516  0.0515  0.0515  0.0545  0.0487  0.0446  0.0351  0.0339  0.0342  0.0347  0.0341  0.0343
  0.0524  0.0521  0.0519  0.0581  0.0522  0.0490  0.0362  0.0344  0.0349  0.0362  0.0346  0.0349
  0.0537  0.0531  0.0524  0.0622  0.0561  0.0526  0.0377  0.0353  0.0359  0.0383  0.0353  0.0358
niter,ni,del,rscale     7    3    5.0000    1.2000
parameter  4  2.070934 ->  0.500000 qaram    1.3225
parameter  5  1.285700 ->  0.500000 qaram    1.3225
parameter  6  0.542826 ->  0.500000 qaram    1.3225
parameters
   -1.7043  -14.1999   10.6898   -8.9653   -9.0002   -9.0600
    1.2866    7.1064   -0.3273   -7.0725   -3.4816    3.0039
eta,q 0.97723 12.07174
  0.0353  0.0352  0.0352  0.0263  0.0239  0.0249  0.0283  0.0304  0.0256  0.0246  0.0250  0.0241
  0.0343  0.0342  0.0342  0.0276  0.0246  0.0239  0.0262  0.0274  0.0243  0.0233  0.0239  0.0234
  0.0339  0.0337  0.0337  0.0304  0.0260  0.0234  0.0247  0.0248  0.0235  0.0228  0.0232  0.0229
  0.0339  0.0338  0.0337  0.0336  0.0283  0.0249  0.0237  0.0234  0.0232  0.0232  0.0228  0.0228
  0.0345  0.0345  0.0340  0.0372  0.0316  0.0291  0.0233  0.0234  0.0234  0.0243  0.0229  0.0229
  0.0358  0.0356  0.0348  0.0414  0.0351  0.0341  0.0238  0.0252  0.0241  0.0259  0.0234  0.0232
  0.0379  0.0370  0.0358  0.0455  0.0389  0.0391  0.0250  0.0280  0.0252  0.0281  0.0243  0.0239
niter,ni,del,rscale     7    3    5.0000    1.2000
parameters
   -1.7011  -14.2128    9.7683  -11.5543  -11.0100   -9.5231
    1.4550    7.1208   -0.3071   -7.4111   -3.5821    3.4447
eta,q 0.97775 11.94813
  0.0266  0.0255  0.0231  0.0256  0.0253  0.0269  0.0252  0.0276  0.0243  0.0249  0.0236  0.0235
  0.0246  0.0240  0.0226  0.0239  0.0235  0.0250  0.0237  0.0248  0.0233  0.0233  0.0228  0.0229
  0.0232  0.0231  0.0225  0.0225  0.0223  0.0234  0.0227  0.0229  0.0226  0.0225  0.0224  0.0224
  0.0228  0.0228  0.0228  0.0225  0.0223  0.0221  0.0223  0.0223  0.0223  0.0223  0.0223  0.0223
  0.0232  0.0231  0.0233  0.0248  0.0238  0.0211  0.0225  0.0228  0.0225  0.0228  0.0224  0.0223
  0.0245  0.0241  0.0242  0.0281  0.0262  0.0242  0.0235  0.0247  0.0232  0.0239  0.0229  0.0226
  0.0266  0.0255  0.0255  0.0326  0.0294  0.0302  0.0250  0.0276  0.0243  0.0253  0.0236  0.0233
niter,ni,del,rscale     6    3    5.0000    1.2000
parameters
   -1.7003  -14.0018    9.4507  -11.7016  -11.1072   -9.8585
    1.4901    7.1414   -0.2592   -7.2869   -3.5802    3.1196
eta,q 0.97762 11.92535
  0.0256  0.0254  0.0232  0.0270  0.0268  0.0269  0.0253  0.0277  0.0244  0.0253  0.0237  0.0234
  0.0238  0.0238  0.0225  0.0252  0.0248  0.0251  0.0238  0.0249  0.0234  0.0236  0.0229  0.0228
  0.0226  0.0227  0.0222  0.0235  0.0231  0.0235  0.0228  0.0230  0.0227  0.0227  0.0225  0.0225
  0.0223  0.0223  0.0222  0.0222  0.0222  0.0222  0.0224  0.0224  0.0224  0.0224  0.0224  0.0224
  0.0226  0.0224  0.0225  0.0225  0.0229  0.0212  0.0227  0.0229  0.0226  0.0228  0.0225  0.0225
  0.0238  0.0232  0.0230  0.0248  0.0247  0.0239  0.0237  0.0248  0.0233  0.0237  0.0230  0.0229
  0.0256  0.0244  0.0238  0.0280  0.0272  0.0299  0.0253  0.0277  0.0244  0.0249  0.0237  0.0236
niter,ni,del,rscale     5    3    5.0000    1.2000
parameters
   -1.7144  -13.9113    9.3740  -11.6650  -11.0840   -9.9361
    1.4747    7.1349   -0.2513   -7.1533   -3.5795    2.9382
eta,q 0.97759 11.92288
  0.0257  0.0252  0.0235  0.0272  0.0270  0.0271  0.0253  0.0277  0.0244  0.0253  0.0238  0.0235
  0.0239  0.0237  0.0228  0.0254  0.0250  0.0252  0.0238  0.0249  0.0234  0.0236  0.0230  0.0229
  0.0227  0.0227  0.0225  0.0237  0.0233  0.0237  0.0228  0.0230  0.0227  0.0227  0.0225  0.0225
  0.0224  0.0224  0.0224  0.0224  0.0224  0.0224  0.0224  0.0224  0.0224  0.0224  0.0224  0.0224
  0.0228  0.0227  0.0226  0.0225  0.0229  0.0213  0.0227  0.0230  0.0226  0.0228  0.0226  0.0225
  0.0239  0.0235  0.0230  0.0248  0.0248  0.0234  0.0237  0.0249  0.0233  0.0237  0.0230  0.0229
  0.0257  0.0247  0.0237  0.0278  0.0271  0.0294  0.0253  0.0277  0.0244  0.0249  0.0237  0.0236
niter,ni,del,rscale     4    3    5.0000    1.2000
parameters
   -1.7206  -13.8802    9.3429  -11.6553  -11.0697   -9.9413
    1.4622    7.1311   -0.2485   -7.0930   -3.5665    2.8649
eta,q 0.97758 11.92284
  0.0257  0.0250  0.0236  0.0272  0.0270  0.0272  0.0253  0.0277  0.0244  0.0253  0.0238  0.0235
  0.0239  0.0236  0.0229  0.0254  0.0250  0.0253  0.0238  0.0249  0.0234  0.0235  0.0230  0.0229
  0.0228  0.0227  0.0225  0.0237  0.0233  0.0237  0.0228  0.0230  0.0227  0.0227  0.0225  0.0225
  0.0224  0.0224  0.0224  0.0224  0.0224  0.0224  0.0224  0.0224  0.0224  0.0224  0.0224  0.0224
  0.0228  0.0228  0.0226  0.0226  0.0230  0.0213  0.0227  0.0230  0.0227  0.0229  0.0226  0.0225
  0.0239  0.0236  0.0230  0.0248  0.0248  0.0233  0.0238  0.0249  0.0233  0.0237  0.0230  0.0229
  0.0258  0.0248  0.0236  0.0279  0.0272  0.0293  0.0253  0.0277  0.0244  0.0249  0.0237  0.0236
niter,ni,del,rscale     3    3    5.0000    1.2000
parameters
   -1.7226  -13.8663    9.3287  -11.6571  -11.0630   -9.9461
    1.4565    7.1304   -0.2535   -7.0685   -3.5722    2.8430
eta,q 0.97758 11.92264
  0.0258  0.0250  0.0236  0.0272  0.0270  0.0272  0.0253  0.0277  0.0244  0.0252  0.0238  0.0235
  0.0239  0.0236  0.0229  0.0254  0.0250  0.0253  0.0238  0.0249  0.0234  0.0235  0.0230  0.0229
  0.0228  0.0227  0.0225  0.0237  0.0233  0.0237  0.0228  0.0230  0.0227  0.0227  0.0225  0.0225
  0.0224  0.0224  0.0224  0.0224  0.0224  0.0224  0.0224  0.0224  0.0224  0.0224  0.0224  0.0224
  0.0228  0.0228  0.0226  0.0226  0.0230  0.0213  0.0227  0.0230  0.0227  0.0229  0.0226  0.0225
  0.0239  0.0236  0.0230  0.0248  0.0248  0.0234  0.0238  0.0249  0.0234  0.0238  0.0230  0.0229
  0.0258  0.0249  0.0236  0.0279  0.0272  0.0293  0.0253  0.0277  0.0244  0.0250  0.0237  0.0236
registration optimization eta report
parameter search radius
    2.4000    2.4000    2.4000    9.5220    9.5220    9.5220
    7.2000    7.2000    7.2000    7.2000    7.2000    7.2000
100000*second partial in parameter space
       58.       43.       21.        6.        5.        7.
        6.       10.        4.        5.        3.        2.
  0.0258  0.0250  0.0236  0.0272  0.0270  0.0272  0.0253  0.0277  0.0244  0.0252  0.0238  0.0235
  0.0239  0.0236  0.0229  0.0254  0.0250  0.0253  0.0238  0.0249  0.0234  0.0235  0.0230  0.0229
  0.0228  0.0227  0.0225  0.0237  0.0233  0.0237  0.0228  0.0230  0.0227  0.0227  0.0225  0.0225
  0.0224  0.0224  0.0224  0.0224  0.0224  0.0224  0.0224  0.0224  0.0224  0.0224  0.0224  0.0224
  0.0228  0.0228  0.0226  0.0226  0.0230  0.0213  0.0227  0.0230  0.0227  0.0229  0.0226  0.0225
  0.0239  0.0236  0.0230  0.0248  0.0248  0.0234  0.0238  0.0249  0.0234  0.0238  0.0230  0.0229
  0.0258  0.0249  0.0236  0.0279  0.0272  0.0293  0.0253  0.0277  0.0244  0.0250  0.0237  0.0236
   -1.7226  -13.8663    9.3287  -11.6571  -11.0630   -9.9461
    1.4565    7.1304   -0.2535   -7.0685   -3.5722    2.8430
eta,q 0.97758 11.92264

---------------------------------------------------------------------
imgreg_4dfp /opt/freesurfer/average/711-2C_as_mni_average_305 /opt/freesurfer/average/711-2B_as_mni_average_305_mask talsrcimg_g11 none talsrcimg_to_711-2C_as_mni_average_305_t4 2311
---------------------------------------------------------------------

freesurfer imgreg_4dfp.c
/opt/freesurfer/average/711-2C_as_mni_average_305.4dfp.img
       256       256       256         1
  1.000000  1.000000  1.000000
orientation T byte_order littleendian
Reading image: /opt/freesurfer/average/711-2C_as_mni_average_305.4dfp.img
dimensions:      256       256       256
mmppix:       1.0000   -1.0000   -1.0000
center:     128.0000 -129.0000 -129.0000
/opt/freesurfer/average/711-2B_as_mni_average_305_mask.4dfp.img
       256       256       256         1
  1.000000  1.000000  1.000000
orientation T byte_order littleendian
Reading mask: /opt/freesurfer/average/711-2B_as_mni_average_305_mask.4dfp.img (2306576 pixels)
talsrcimg_g11.4dfp.img
       256       256       256         1
  0.900000  0.900000  0.900000
orientation T byte_order littleendian
Reading image: talsrcimg_g11.4dfp.img
dimensions:      256       256       256
mmppix:       0.9000   -0.9000   -0.9000
center:     115.2000 -116.1000 -116.1000
fimgreg.f
image alignment mode   2311 decimal      907 hex
parameters
   -1.7226  -13.8663    9.3287  -11.6571  -11.0630   -9.9461
    1.4565    7.1304   -0.2535   -7.0685   -3.5722    2.8430
eta,q 0.97758 11.92263
niter,ni,del,rscale     5    3    5.0000    0.8000
parameter  6 -0.668517 -> -0.500000 qaram    1.1500
parameters
   -1.7246  -13.9048    9.2879  -10.7096  -10.9040   -7.1861
    1.2958    7.3326   -0.3215   -6.5313   -3.2673    2.6933
eta,q 0.97864 12.00368
  0.0239  0.0236  0.0229  0.0246  0.0239  0.0243  0.0229  0.0254  0.0224  0.0236  0.0227  0.0221
  0.0231  0.0229  0.0226  0.0238  0.0231  0.0235  0.0221  0.0234  0.0219  0.0224  0.0220  0.0217
  0.0226  0.0225  0.0225  0.0230  0.0225  0.0229  0.0215  0.0220  0.0215  0.0217  0.0215  0.0214
  0.0224  0.0224  0.0224  0.0224  0.0222  0.0222  0.0214  0.0214  0.0214  0.0214  0.0214  0.0214
  0.0226  0.0226  0.0225  0.0222  0.0224  0.0216  0.0216  0.0217  0.0215  0.0215  0.0215  0.0215
  0.0231  0.0230  0.0227  0.0226  0.0229  0.0214  0.0222  0.0229  0.0219  0.0220  0.0218  0.0217
  0.0239  0.0236  0.0230  0.0236  0.0238  0.0220  0.0231  0.0248  0.0225  0.0227  0.0224  0.0222
niter,ni,del,rscale     5    3    5.0000    0.8000
parameters
   -1.7113  -14.0361    9.7706  -11.1816  -11.1132   -7.8158
    1.4297    7.2130   -0.3669   -7.0768   -3.4247    3.2743
eta,q 0.97854 11.98849
  0.0233  0.0225  0.0230  0.0231  0.0227  0.0236  0.0231  0.0246  0.0225  0.0227  0.0223  0.0222
  0.0223  0.0218  0.0222  0.0222  0.0220  0.0228  0.0223  0.0229  0.0220  0.0219  0.0218  0.0219
  0.0216  0.0214  0.0217  0.0215  0.0215  0.0220  0.0217  0.0219  0.0216  0.0215  0.0216  0.0216
  0.0214  0.0214  0.0214  0.0213  0.0213  0.0213  0.0215  0.0215  0.0215  0.0215  0.0215  0.0215
  0.0216  0.0216  0.0213  0.0217  0.0215  0.0213  0.0216  0.0219  0.0216  0.0219  0.0216  0.0215
  0.0222  0.0221  0.0214  0.0227  0.0221  0.0230  0.0221  0.0231  0.0220  0.0225  0.0219  0.0216
  0.0233  0.0228  0.0217  0.0241  0.0231  0.0264  0.0229  0.0249  0.0225  0.0233  0.0224  0.0220
niter,ni,del,rscale     4    3    5.0000    0.7000
parameters
   -1.7095  -14.0801    9.6362  -11.0134  -11.0575   -7.8076
    1.4482    7.2586   -0.3181   -7.1544   -3.4083    3.3110
eta,q 0.97858 11.99227
  0.0228  0.0224  0.0219  0.0232  0.0227  0.0234  0.0226  0.0241  0.0223  0.0226  0.0222  0.0219
  0.0221  0.0219  0.0216  0.0224  0.0221  0.0227  0.0220  0.0227  0.0218  0.0219  0.0218  0.0217
  0.0216  0.0215  0.0215  0.0218  0.0216  0.0221  0.0216  0.0218  0.0215  0.0215  0.0215  0.0215
  0.0215  0.0215  0.0215  0.0214  0.0214  0.0214  0.0214  0.0214  0.0214  0.0214  0.0214  0.0214
  0.0216  0.0216  0.0216  0.0215  0.0215  0.0212  0.0216  0.0217  0.0215  0.0216  0.0215  0.0215
  0.0221  0.0220  0.0218  0.0221  0.0220  0.0220  0.0219  0.0226  0.0218  0.0220  0.0218  0.0216
  0.0228  0.0225  0.0221  0.0231  0.0227  0.0242  0.0226  0.0240  0.0222  0.0227  0.0222  0.0219
niter,ni,del,rscale     3    3    5.0000    0.6000
parameters
   -1.7064  -14.0886    9.6637  -10.9271  -11.0510   -7.4811
    1.4229    7.2845   -0.3115   -7.1150   -3.3916    3.3480
eta,q 0.97869 11.99933
  0.0225  0.0222  0.0219  0.0228  0.0224  0.0231  0.0222  0.0234  0.0219  0.0223  0.0219  0.0217
  0.0219  0.0218  0.0216  0.0222  0.0219  0.0225  0.0217  0.0223  0.0216  0.0218  0.0216  0.0215
  0.0215  0.0215  0.0215  0.0217  0.0216  0.0220  0.0214  0.0216  0.0214  0.0214  0.0214  0.0214
  0.0214  0.0214  0.0214  0.0214  0.0214  0.0214  0.0213  0.0213  0.0213  0.0213  0.0213  0.0213
  0.0215  0.0215  0.0215  0.0215  0.0215  0.0211  0.0214  0.0215  0.0214  0.0214  0.0214  0.0213
  0.0219  0.0218  0.0216  0.0220  0.0219  0.0216  0.0217  0.0223  0.0216  0.0218  0.0216  0.0215
  0.0224  0.0222  0.0218  0.0228  0.0224  0.0231  0.0222  0.0234  0.0219  0.0222  0.0219  0.0217
niter,ni,del,rscale     2    3    5.0000    0.5000
parameters
   -1.7032  -14.1140    9.7374  -10.9389  -11.0770   -7.1319
    1.4185    7.3012   -0.3212   -7.1030   -3.4032    3.4323
eta,q 0.97879 12.00360
  0.0221  0.0218  0.0217  0.0223  0.0220  0.0227  0.0218  0.0228  0.0217  0.0219  0.0217  0.0215
  0.0217  0.0215  0.0215  0.0218  0.0216  0.0222  0.0215  0.0219  0.0214  0.0215  0.0214  0.0213
  0.0214  0.0214  0.0214  0.0215  0.0214  0.0217  0.0213  0.0214  0.0213  0.0213  0.0213  0.0212
  0.0213  0.0213  0.0213  0.0213  0.0213  0.0213  0.0212  0.0212  0.0212  0.0212  0.0212  0.0212
  0.0214  0.0214  0.0213  0.0214  0.0214  0.0211  0.0213  0.0214  0.0213  0.0213  0.0213  0.0212
  0.0216  0.0216  0.0214  0.0217  0.0216  0.0215  0.0215  0.0219  0.0214  0.0215  0.0214  0.0213
  0.0220  0.0219  0.0216  0.0223  0.0220  0.0226  0.0218  0.0228  0.0217  0.0219  0.0217  0.0215
niter,ni,del,rscale     1    3    5.0000    0.4000
parameters
   -1.7038  -14.1494    9.8166  -10.9850  -11.1153   -6.8147
    1.4075    7.3191   -0.3177   -7.0968   -3.4229    3.4766
eta,q 0.97887 12.00610
  0.0217  0.0215  0.0215  0.0218  0.0216  0.0223  0.0215  0.0222  0.0214  0.0216  0.0214  0.0213
  0.0214  0.0213  0.0213  0.0215  0.0214  0.0219  0.0213  0.0216  0.0213  0.0213  0.0213  0.0212
  0.0213  0.0212  0.0212  0.0213  0.0213  0.0215  0.0212  0.0213  0.0212  0.0212  0.0212  0.0212
  0.0212  0.0212  0.0212  0.0212  0.0212  0.0212  0.0211  0.0211  0.0211  0.0211  0.0211  0.0211
  0.0213  0.0213  0.0212  0.0213  0.0213  0.0211  0.0212  0.0212  0.0212  0.0212  0.0212  0.0211
  0.0214  0.0214  0.0213  0.0215  0.0214  0.0214  0.0213  0.0216  0.0213  0.0213  0.0213  0.0212
  0.0217  0.0216  0.0214  0.0219  0.0217  0.0221  0.0215  0.0222  0.0214  0.0216  0.0214  0.0213
registration optimization eta report
parameter search radius
    0.8000    0.8000    0.8000    2.4000    2.4000    2.7600
    2.4000    2.4000    2.4000    2.4000    2.4000    2.4000
100000*second partial in parameter space
       75.       55.       39.       12.        8.       13.
        7.       18.        5.        8.        5.        3.
  0.0217  0.0215  0.0215  0.0218  0.0216  0.0223  0.0215  0.0222  0.0214  0.0216  0.0214  0.0213
  0.0214  0.0213  0.0213  0.0215  0.0214  0.0219  0.0213  0.0216  0.0213  0.0213  0.0213  0.0212
  0.0213  0.0212  0.0212  0.0213  0.0213  0.0215  0.0212  0.0213  0.0212  0.0212  0.0212  0.0212
  0.0212  0.0212  0.0212  0.0212  0.0212  0.0212  0.0211  0.0211  0.0211  0.0211  0.0211  0.0211
  0.0213  0.0213  0.0212  0.0213  0.0213  0.0211  0.0212  0.0212  0.0212  0.0212  0.0212  0.0211
  0.0214  0.0214  0.0213  0.0215  0.0214  0.0214  0.0213  0.0216  0.0213  0.0213  0.0213  0.0212
  0.0217  0.0216  0.0214  0.0219  0.0217  0.0221  0.0215  0.0222  0.0214  0.0216  0.0214  0.0213
   -1.7038  -14.1494    9.8166  -10.9850  -11.1153   -6.8147
    1.4075    7.3191   -0.3177   -7.0968   -3.4229    3.4766
eta,q 0.97887 12.00610

---------------------------------------------------------------------
imgreg_4dfp /opt/freesurfer/average/711-2C_as_mni_average_305 /opt/freesurfer/average/711-2B_as_mni_average_305_mask talsrcimg_g11 none talsrcimg_to_711-2C_as_mni_average_305_t4 2311
---------------------------------------------------------------------

freesurfer imgreg_4dfp.c
/opt/freesurfer/average/711-2C_as_mni_average_305.4dfp.img
       256       256       256         1
  1.000000  1.000000  1.000000
orientation T byte_order littleendian
Reading image: /opt/freesurfer/average/711-2C_as_mni_average_305.4dfp.img
dimensions:      256       256       256
mmppix:       1.0000   -1.0000   -1.0000
center:     128.0000 -129.0000 -129.0000
/opt/freesurfer/average/711-2B_as_mni_average_305_mask.4dfp.img
       256       256       256         1
  1.000000  1.000000  1.000000
orientation T byte_order littleendian
Reading mask: /opt/freesurfer/average/711-2B_as_mni_average_305_mask.4dfp.img (2306576 pixels)
talsrcimg_g11.4dfp.img
       256       256       256         1
  0.900000  0.900000  0.900000
orientation T byte_order littleendian
Reading image: talsrcimg_g11.4dfp.img
dimensions:      256       256       256
mmppix:       0.9000   -0.9000   -0.9000
center:     115.2000 -116.1000 -116.1000
fimgreg.f
image alignment mode   2311 decimal      907 hex
parameters
   -1.7038  -14.1494    9.8166  -10.9850  -11.1153   -6.8147
    1.4075    7.3191   -0.3177   -7.0968   -3.4229    3.4766
eta,q 0.97887 12.00610
niter,ni,del,rscale     5    3    5.0000    0.8000
parameters
   -1.7096  -14.1571    9.9023  -11.3064  -11.2920   -7.4287
    1.4573    7.2525   -0.3275   -7.2525   -3.4916    3.5853
eta,q 0.97866 11.98906
  0.0230  0.0225  0.0224  0.0231  0.0226  0.0231  0.0228  0.0246  0.0224  0.0229  0.0223  0.0220
  0.0220  0.0217  0.0217  0.0221  0.0219  0.0224  0.0220  0.0229  0.0218  0.0220  0.0218  0.0217
  0.0213  0.0213  0.0213  0.0214  0.0214  0.0218  0.0215  0.0217  0.0215  0.0215  0.0214  0.0214
  0.0211  0.0211  0.0211  0.0211  0.0211  0.0211  0.0213  0.0213  0.0214  0.0214  0.0213  0.0213
  0.0213  0.0213  0.0212  0.0215  0.0213  0.0213  0.0215  0.0218  0.0215  0.0216  0.0215  0.0214
  0.0220  0.0218  0.0216  0.0224  0.0220  0.0228  0.0220  0.0230  0.0218  0.0222  0.0218  0.0216
  0.0230  0.0225  0.0221  0.0238  0.0229  0.0255  0.0228  0.0248  0.0224  0.0230  0.0223  0.0220
niter,ni,del,rscale     4    3    5.0000    0.7000
parameters
   -1.7091  -14.1269    9.7437  -11.0932  -11.1694   -7.4473
    1.4434    7.2850   -0.3030   -7.2040   -3.4445    3.4629
eta,q 0.97869 11.99453
  0.0227  0.0224  0.0219  0.0232  0.0226  0.0230  0.0225  0.0241  0.0221  0.0226  0.0221  0.0218
  0.0220  0.0218  0.0215  0.0224  0.0220  0.0224  0.0218  0.0226  0.0217  0.0219  0.0217  0.0215
  0.0215  0.0215  0.0213  0.0217  0.0215  0.0219  0.0214  0.0217  0.0214  0.0215  0.0214  0.0214
  0.0213  0.0213  0.0213  0.0213  0.0213  0.0213  0.0213  0.0213  0.0213  0.0213  0.0213  0.0213
  0.0215  0.0215  0.0215  0.0214  0.0214  0.0211  0.0214  0.0216  0.0214  0.0215  0.0214  0.0214
  0.0220  0.0218  0.0217  0.0220  0.0218  0.0219  0.0218  0.0225  0.0217  0.0219  0.0217  0.0216
  0.0227  0.0223  0.0221  0.0230  0.0225  0.0237  0.0225  0.0240  0.0221  0.0225  0.0221  0.0219
niter,ni,del,rscale     3    3    5.0000    0.6000
parameters
   -1.7039  -14.1221    9.7472  -11.0078  -11.1236   -7.1856
    1.4197    7.3053   -0.2986   -7.1240   -3.4272    3.4470
eta,q 0.97878 12.00086
  0.0224  0.0221  0.0218  0.0227  0.0223  0.0228  0.0221  0.0234  0.0219  0.0223  0.0219  0.0216
  0.0218  0.0217  0.0215  0.0220  0.0218  0.0223  0.0216  0.0223  0.0215  0.0217  0.0215  0.0214
  0.0214  0.0214  0.0214  0.0216  0.0215  0.0218  0.0213  0.0215  0.0213  0.0214  0.0213  0.0213
  0.0213  0.0213  0.0213  0.0213  0.0213  0.0213  0.0212  0.0212  0.0212  0.0212  0.0212  0.0212
  0.0214  0.0214  0.0214  0.0214  0.0214  0.0211  0.0213  0.0215  0.0213  0.0213  0.0213  0.0213
  0.0218  0.0217  0.0215  0.0219  0.0217  0.0216  0.0216  0.0222  0.0215  0.0217  0.0215  0.0214
  0.0223  0.0221  0.0218  0.0227  0.0223  0.0228  0.0221  0.0234  0.0219  0.0222  0.0218  0.0216
niter,ni,del,rscale     2    3    5.0000    0.5000
parameters
   -1.7039  -14.1365    9.8067  -11.0144  -11.1429   -6.8985
    1.4076    7.3156   -0.3111   -7.1003   -3.4318    3.4810
eta,q 0.97885 12.00385
  0.0220  0.0217  0.0217  0.0222  0.0219  0.0224  0.0218  0.0227  0.0216  0.0219  0.0216  0.0214
  0.0216  0.0214  0.0214  0.0217  0.0216  0.0220  0.0214  0.0219  0.0213  0.0215  0.0214  0.0213
  0.0213  0.0213  0.0213  0.0214  0.0213  0.0216  0.0212  0.0213  0.0212  0.0212  0.0212  0.0212
  0.0212  0.0212  0.0212  0.0212  0.0212  0.0212  0.0211  0.0211  0.0211  0.0211  0.0211  0.0211
  0.0213  0.0213  0.0212  0.0213  0.0213  0.0211  0.0212  0.0213  0.0212  0.0212  0.0212  0.0212
  0.0216  0.0215  0.0214  0.0217  0.0215  0.0214  0.0214  0.0219  0.0213  0.0215  0.0214  0.0213
  0.0220  0.0218  0.0216  0.0223  0.0219  0.0223  0.0218  0.0227  0.0216  0.0219  0.0216  0.0214
niter,ni,del,rscale     1    3    5.0000    0.4000
parameters
   -1.7068  -14.1657    9.8640  -11.0511  -11.1703   -6.6479
    1.4156    7.3283   -0.3131   -7.0847   -3.4595    3.4976
eta,q 0.97890 12.00546
  0.0216  0.0215  0.0215  0.0218  0.0216  0.0221  0.0215  0.0222  0.0214  0.0216  0.0214  0.0213
  0.0214  0.0213  0.0213  0.0214  0.0214  0.0217  0.0213  0.0216  0.0212  0.0213  0.0212  0.0212
  0.0212  0.0212  0.0212  0.0212  0.0212  0.0214  0.0211  0.0212  0.0211  0.0212  0.0211  0.0211
  0.0211  0.0211  0.0211  0.0211  0.0211  0.0211  0.0211  0.0211  0.0211  0.0211  0.0211  0.0211
  0.0212  0.0212  0.0212  0.0212  0.0212  0.0211  0.0211  0.0212  0.0211  0.0212  0.0211  0.0211
  0.0214  0.0213  0.0212  0.0214  0.0214  0.0213  0.0213  0.0216  0.0212  0.0213  0.0212  0.0212
  0.0216  0.0215  0.0214  0.0219  0.0216  0.0219  0.0215  0.0222  0.0214  0.0216  0.0214  0.0213
registration optimization eta report
parameter search radius
    0.8000    0.8000    0.8000    2.4000    2.4000    2.4000
    2.4000    2.4000    2.4000    2.4000    2.4000    2.4000
100000*second partial in parameter space
       76.       54.       42.       12.        8.       15.
        7.       18.        5.        8.        5.        3.
  0.0216  0.0215  0.0215  0.0218  0.0216  0.0221  0.0215  0.0222  0.0214  0.0216  0.0214  0.0213
  0.0214  0.0213  0.0213  0.0214  0.0214  0.0217  0.0213  0.0216  0.0212  0.0213  0.0212  0.0212
  0.0212  0.0212  0.0212  0.0212  0.0212  0.0214  0.0211  0.0212  0.0211  0.0212  0.0211  0.0211
  0.0211  0.0211  0.0211  0.0211  0.0211  0.0211  0.0211  0.0211  0.0211  0.0211  0.0211  0.0211
  0.0212  0.0212  0.0212  0.0212  0.0212  0.0211  0.0211  0.0212  0.0211  0.0212  0.0211  0.0211
  0.0214  0.0213  0.0212  0.0214  0.0214  0.0213  0.0213  0.0216  0.0212  0.0213  0.0212  0.0212
  0.0216  0.0215  0.0214  0.0219  0.0216  0.0219  0.0215  0.0222  0.0214  0.0216  0.0214  0.0213
   -1.7068  -14.1657    9.8640  -11.0511  -11.1703   -6.6479
    1.4156    7.3283   -0.3131   -7.0847   -3.4595    3.4976
eta,q 0.97890 12.00546

---------------------------------------------------------------------
compute_vox2vox talsrcimg talsrcimg_to_711-2C_as_mni_average_305_t4 /opt/freesurfer/average/711-2C_as_mni_average_305
---------------------------------------------------------------------

freesurfer compute_vox2vox.c
Reading: talsrcimg.4dfp.ifh
Reading: talsrcimg_to_711-2C_as_mni_average_305_t4
Reading: /opt/freesurfer/average/711-2C_as_mni_average_305.4dfp.ifh
Writing: talsrcimg_to_711-2C_as_mni_average_305_t4_vox2vox.txt

start time Wed Mar 11 20:14:58 CET 2026
end		time Wed Mar 11 20:16:27 CET 2026

mpr2mni305 success

avi2talxfm orig_nu.mgz /opt/freesurfer/average/mni305.cor.mgz talsrcimg_to_711-2C_as_mni_average_305_t4_vox2vox.txt transforms/talairach.auto.xfm
avi2talxfm done
mv -f /out/sourcedata/freesurfer/sub-v2s1x29879_ses-1/mri/talsrcimg_to_711-2C_as_mni_average_305_t4_vox2vox.txt /out/sourcedata/freesurfer/sub-v2s1x29879_ses-1/mri/transforms/talsrcimg_to_711-2C_as_mni_average_305_t4_vox2vox.txt
lta_convert --src orig_nu.mgz --trg /opt/freesurfer/average/mni305.cor.mgz --inxfm transforms/talairach.auto.xfm --outlta transforms/talairach.auto.xfm.lta --subject fsaverage
7.3.2

--src: orig_nu.mgz src image (geometry).
--trg: /opt/freesurfer/average/mni305.cor.mgz trg image (geometry).
--inmni: transforms/talairach.auto.xfm input MNI/XFM transform.
--outlta: transforms/talairach.auto.xfm.lta output LTA.
--s: fsaverage subject name
 LTA read, type : 1
 1.12073  -0.08907  -0.01435   2.78319;
 0.04126   1.06474  -0.04258  -42.32374;
 0.00724   0.08461   1.12230  -10.52701;
 0.00000   0.00000   0.00000   1.00000;
setting subject to fsaverage
Writing  LTA to file transforms/talairach.auto.xfm.lta...
lta_convert successful.
 
 
Started at Wed Mar 11 20:14:58 CET 2026
Ended   at Wed Mar 11 20:16:27 CET 2026
talairach_avi done
