status file for recon-all
Thu Mar 12 22:22:52 CET 2026
#@# Tessellate rh Thu Mar 12 22:22:52 CET 2026
#@# Smooth1 rh Thu Mar 12 22:22:56 CET 2026
#@# Inflation1 rh Thu Mar 12 22:23:00 CET 2026
#@# QSphere rh Thu Mar 12 22:24:25 CET 2026
#@# Fix Topology rh Thu Mar 12 22:26:23 CET 2026
#@# Smooth2 rh Thu Mar 12 22:34:51 CET 2026
#@# Inflation2 rh Thu Mar 12 22:34:55 CET 2026
#@# Curv .H and .K rh Thu Mar 12 22:35:24 CET 2026
#@# Sphere rh Thu Mar 12 22:36:28 CET 2026
#@# Surf Reg rh Thu Mar 12 22:39:28 CET 2026
#@# Jacobian white rh Thu Mar 12 22:45:51 CET 2026
#@# AvgCurv rh Thu Mar 12 22:45:52 CET 2026
#@# Cortical Parc rh Thu Mar 12 22:45:53 CET 2026
#@# white curv rh Thu Mar 12 22:54:46 CET 2026
#@# white area rh Thu Mar 12 22:54:49 CET 2026
#@# pial curv rh Thu Mar 12 22:54:50 CET 2026
#@# pial area rh Thu Mar 12 22:54:53 CET 2026
#@# thickness rh Thu Mar 12 22:54:54 CET 2026
#@# area and vertex vol rh Thu Mar 12 22:55:34 CET 2026
#@# Curvature Stats rh Thu Mar 12 22:55:36 CET 2026
#@# Cortical Parc 2 rh Thu Mar 12 22:55:40 CET 2026
#@# Cortical Parc 3 rh Thu Mar 12 22:55:58 CET 2026
#@# WM/GM Contrast rh Thu Mar 12 22:56:11 CET 2026
recon-all -s sub-v2s1x29903_ses-1 finished without error at Thu Mar 12 22:56:15 CET 2026



#New# invocation of recon-all 



status file for recon-all
Thu Mar 12 23:10:00 CET 2026
#@# white curv rh Thu Mar 12 23:10:00 CET 2026
#@# white area rh Thu Mar 12 23:10:00 CET 2026
#@# pial curv rh Thu Mar 12 23:10:00 CET 2026
#@# pial area rh Thu Mar 12 23:10:00 CET 2026
#@# thickness rh Thu Mar 12 23:10:00 CET 2026
#@# area and vertex vol rh Thu Mar 12 23:10:00 CET 2026
#@# Parcellation Stats rh Thu Mar 12 23:10:00 CET 2026
#@# Parcellation Stats 2 rh Thu Mar 12 23:10:32 CET 2026
#@# Parcellation Stats 3 rh Thu Mar 12 23:10:48 CET 2026
#@# BA_exvivo Labels rh Thu Mar 12 23:11:04 CET 2026
recon-all -s sub-v2s1x29903_ses-1 finished without error at Thu Mar 12 23:14:42 CET 2026
