status file for recon-all
Thu Mar 12 19:48:58 CET 2026
#@# MotionCor Thu Mar 12 19:49:00 CET 2026
#@# Talairach Thu Mar 12 19:49:08 CET 2026
#@# Talairach Failure Detection Thu Mar 12 19:53:30 CET 2026
#@# Nu Intensity Correction Thu Mar 12 19:53:31 CET 2026
#@# Intensity Normalization Thu Mar 12 19:56:47 CET 2026
recon-all -s sub-v2s1x29903_ses-1 finished without error at Thu Mar 12 19:58:21 CET 2026



#New# invocation of recon-all 



status file for recon-all
Thu Mar 12 20:05:57 CET 2026
#@# EM Registration Thu Mar 12 20:05:57 CET 2026
recon-all -s sub-v2s1x29903_ses-1 finished without error at Thu Mar 12 20:08:39 CET 2026



#New# invocation of recon-all 



status file for recon-all
Thu Mar 12 20:08:43 CET 2026
#@# CA Normalize Thu Mar 12 20:08:43 CET 2026
#@# CA Reg Thu Mar 12 20:10:03 CET 2026
#@# SubCort Seg Thu Mar 12 21:01:09 CET 2026
#@# CC Seg Thu Mar 12 21:39:35 CET 2026
#@# Merge ASeg Thu Mar 12 21:40:24 CET 2026
#@# Intensity Normalization2 Thu Mar 12 21:40:24 CET 2026
#@# Mask BFS Thu Mar 12 21:42:39 CET 2026
#@# WM Segmentation Thu Mar 12 21:42:40 CET 2026
#@# Fill Thu Mar 12 21:45:00 CET 2026
recon-all -s sub-v2s1x29903_ses-1 finished without error at Thu Mar 12 21:46:08 CET 2026



#New# invocation of recon-all 



status file for recon-all
Thu Mar 12 22:56:20 CET 2026
#@# white curv lh Thu Mar 12 22:56:20 CET 2026
#@# white area lh Thu Mar 12 22:56:20 CET 2026
#@# pial curv lh Thu Mar 12 22:56:20 CET 2026
#@# pial area lh Thu Mar 12 22:56:20 CET 2026
#@# thickness lh Thu Mar 12 22:56:20 CET 2026
#@# area and vertex vol lh Thu Mar 12 22:56:20 CET 2026
#@# white curv rh Thu Mar 12 22:56:20 CET 2026
#@# white area rh Thu Mar 12 22:56:20 CET 2026
#@# pial curv rh Thu Mar 12 22:56:20 CET 2026
#@# pial area rh Thu Mar 12 22:56:20 CET 2026
#@# thickness rh Thu Mar 12 22:56:20 CET 2026
#@# area and vertex vol rh Thu Mar 12 22:56:20 CET 2026
#@# Cortical ribbon mask Thu Mar 12 22:56:20 CET 2026
recon-all -s sub-v2s1x29903_ses-1 finished without error at Thu Mar 12 23:05:02 CET 2026



#New# invocation of recon-all 



status file for recon-all
Thu Mar 12 23:14:46 CET 2026
#@# white curv lh Thu Mar 12 23:14:46 CET 2026
#@# white area lh Thu Mar 12 23:14:46 CET 2026
#@# pial curv lh Thu Mar 12 23:14:46 CET 2026
#@# pial area lh Thu Mar 12 23:14:47 CET 2026
#@# thickness lh Thu Mar 12 23:14:47 CET 2026
#@# area and vertex vol lh Thu Mar 12 23:14:47 CET 2026
#@# white curv rh Thu Mar 12 23:14:47 CET 2026
#@# white area rh Thu Mar 12 23:14:47 CET 2026
#@# pial curv rh Thu Mar 12 23:14:47 CET 2026
#@# pial area rh Thu Mar 12 23:14:47 CET 2026
#@# thickness rh Thu Mar 12 23:14:47 CET 2026
#@# area and vertex vol rh Thu Mar 12 23:14:47 CET 2026
#@# Curvature Stats lh Thu Mar 12 23:14:47 CET 2026
#@# Curvature Stats rh Thu Mar 12 23:14:50 CET 2026
#@# Relabel Hypointensities Thu Mar 12 23:14:54 CET 2026
#@# APas-to-ASeg Thu Mar 12 23:15:17 CET 2026
#@# AParc-to-ASeg aparc Thu Mar 12 23:15:30 CET 2026
#@# AParc-to-ASeg aparc.a2009s Thu Mar 12 23:17:14 CET 2026
#@# AParc-to-ASeg aparc.DKTatlas Thu Mar 12 23:18:43 CET 2026
#@# WMParc Thu Mar 12 23:20:25 CET 2026
#@# ASeg Stats Thu Mar 12 23:24:29 CET 2026
recon-all -s sub-v2s1x29903_ses-1 finished without error at Thu Mar 12 23:25:11 CET 2026
