status file for recon-all
Wed Mar 11 23:00:43 CET 2026
#@# Tessellate rh Wed Mar 11 23:00:43 CET 2026
#@# Smooth1 rh Wed Mar 11 23:00:47 CET 2026
#@# Inflation1 rh Wed Mar 11 23:00:51 CET 2026
#@# QSphere rh Wed Mar 11 23:02:16 CET 2026
#@# Fix Topology rh Wed Mar 11 23:03:43 CET 2026
#@# Smooth2 rh Wed Mar 11 23:11:24 CET 2026
#@# Inflation2 rh Wed Mar 11 23:11:29 CET 2026
#@# Curv .H and .K rh Wed Mar 11 23:11:56 CET 2026
#@# Sphere rh Wed Mar 11 23:12:59 CET 2026
#@# Surf Reg rh Wed Mar 11 23:17:48 CET 2026
#@# Jacobian white rh Wed Mar 11 23:24:18 CET 2026
#@# AvgCurv rh Wed Mar 11 23:24:19 CET 2026
#@# Cortical Parc rh Wed Mar 11 23:24:20 CET 2026
#@# white curv rh Wed Mar 11 23:33:08 CET 2026
#@# white area rh Wed Mar 11 23:33:10 CET 2026
#@# pial curv rh Wed Mar 11 23:33:11 CET 2026
#@# pial area rh Wed Mar 11 23:33:14 CET 2026
#@# thickness rh Wed Mar 11 23:33:15 CET 2026
#@# area and vertex vol rh Wed Mar 11 23:33:54 CET 2026
#@# Curvature Stats rh Wed Mar 11 23:33:56 CET 2026
#@# Cortical Parc 2 rh Wed Mar 11 23:34:00 CET 2026
#@# Cortical Parc 3 rh Wed Mar 11 23:34:17 CET 2026
#@# WM/GM Contrast rh Wed Mar 11 23:34:29 CET 2026
recon-all -s sub-v2s1x29888_ses-1 finished without error at Wed Mar 11 23:34:33 CET 2026



#New# invocation of recon-all 



status file for recon-all
Wed Mar 11 23:53:37 CET 2026
#@# white curv rh Wed Mar 11 23:53:37 CET 2026
#@# white area rh Wed Mar 11 23:53:37 CET 2026
#@# pial curv rh Wed Mar 11 23:53:37 CET 2026
#@# pial area rh Wed Mar 11 23:53:37 CET 2026
#@# thickness rh Wed Mar 11 23:53:37 CET 2026
#@# area and vertex vol rh Wed Mar 11 23:53:37 CET 2026
#@# Parcellation Stats rh Wed Mar 11 23:53:37 CET 2026
#@# Parcellation Stats 2 rh Wed Mar 11 23:54:06 CET 2026
#@# Parcellation Stats 3 rh Wed Mar 11 23:54:27 CET 2026
#@# BA_exvivo Labels rh Wed Mar 11 23:54:42 CET 2026
recon-all -s sub-v2s1x29888_ses-1 finished without error at Wed Mar 11 23:58:07 CET 2026
