status file for recon-all
Wed Mar 11 22:23:34 CET 2026
#@# Tessellate lh Wed Mar 11 22:23:34 CET 2026
#@# Smooth1 lh Wed Mar 11 22:23:39 CET 2026
#@# Inflation1 lh Wed Mar 11 22:23:42 CET 2026
#@# QSphere lh Wed Mar 11 22:25:15 CET 2026
#@# Fix Topology lh Wed Mar 11 22:26:49 CET 2026
#@# Smooth2 lh Wed Mar 11 22:35:32 CET 2026
#@# Inflation2 lh Wed Mar 11 22:35:36 CET 2026
#@# Curv .H and .K lh Wed Mar 11 22:36:13 CET 2026
#@# Sphere lh Wed Mar 11 22:37:19 CET 2026
#@# Surf Reg lh Wed Mar 11 22:41:05 CET 2026
#@# Jacobian white lh Wed Mar 11 22:50:24 CET 2026
#@# AvgCurv lh Wed Mar 11 22:50:25 CET 2026
#@# Cortical Parc lh Wed Mar 11 22:50:26 CET 2026
#@# white curv lh Wed Mar 11 22:59:06 CET 2026
#@# white area lh Wed Mar 11 22:59:08 CET 2026
#@# pial curv lh Wed Mar 11 22:59:10 CET 2026
#@# pial area lh Wed Mar 11 22:59:12 CET 2026
#@# thickness lh Wed Mar 11 22:59:13 CET 2026
#@# area and vertex vol lh Wed Mar 11 22:59:57 CET 2026
#@# Curvature Stats lh Wed Mar 11 22:59:59 CET 2026
#@# Cortical Parc 2 lh Wed Mar 11 23:00:03 CET 2026
#@# Cortical Parc 3 lh Wed Mar 11 23:00:22 CET 2026
#@# WM/GM Contrast lh Wed Mar 11 23:00:37 CET 2026
recon-all -s sub-v2s1x29888_ses-1 finished without error at Wed Mar 11 23:00:41 CET 2026



#New# invocation of recon-all 



status file for recon-all
Wed Mar 11 23:48:45 CET 2026
#@# white curv lh Wed Mar 11 23:48:45 CET 2026
#@# white area lh Wed Mar 11 23:48:45 CET 2026
#@# pial curv lh Wed Mar 11 23:48:45 CET 2026
#@# pial area lh Wed Mar 11 23:48:45 CET 2026
#@# thickness lh Wed Mar 11 23:48:45 CET 2026
#@# area and vertex vol lh Wed Mar 11 23:48:45 CET 2026
#@# Parcellation Stats lh Wed Mar 11 23:48:45 CET 2026
#@# Parcellation Stats 2 lh Wed Mar 11 23:49:27 CET 2026
#@# Parcellation Stats 3 lh Wed Mar 11 23:49:43 CET 2026
#@# BA_exvivo Labels lh Wed Mar 11 23:50:00 CET 2026
recon-all -s sub-v2s1x29888_ses-1 finished without error at Wed Mar 11 23:53:34 CET 2026
