status file for recon-all
Thu Mar 12 21:44:31 CET 2026
#@# Tessellate lh Thu Mar 12 21:44:31 CET 2026
#@# Smooth1 lh Thu Mar 12 21:44:35 CET 2026
#@# Inflation1 lh Thu Mar 12 21:44:38 CET 2026
#@# QSphere lh Thu Mar 12 21:45:52 CET 2026
#@# Fix Topology lh Thu Mar 12 21:47:18 CET 2026
#@# Smooth2 lh Thu Mar 12 21:55:28 CET 2026
#@# Inflation2 lh Thu Mar 12 21:55:31 CET 2026
#@# Curv .H and .K lh Thu Mar 12 21:55:57 CET 2026
#@# Sphere lh Thu Mar 12 21:57:00 CET 2026
#@# Surf Reg lh Thu Mar 12 22:01:06 CET 2026
#@# Jacobian white lh Thu Mar 12 22:05:55 CET 2026
#@# AvgCurv lh Thu Mar 12 22:05:56 CET 2026
#@# Cortical Parc lh Thu Mar 12 22:05:57 CET 2026
#@# white curv lh Thu Mar 12 22:14:29 CET 2026
#@# white area lh Thu Mar 12 22:14:31 CET 2026
#@# pial curv lh Thu Mar 12 22:14:32 CET 2026
#@# pial area lh Thu Mar 12 22:14:34 CET 2026
#@# thickness lh Thu Mar 12 22:14:35 CET 2026
#@# area and vertex vol lh Thu Mar 12 22:15:15 CET 2026
#@# Curvature Stats lh Thu Mar 12 22:15:17 CET 2026
#@# Cortical Parc 2 lh Thu Mar 12 22:15:20 CET 2026
#@# Cortical Parc 3 lh Thu Mar 12 22:15:37 CET 2026
#@# WM/GM Contrast lh Thu Mar 12 22:15:50 CET 2026
recon-all -s sub-v2s1x29907_ses-1 finished without error at Thu Mar 12 22:15:53 CET 2026



#New# invocation of recon-all 



status file for recon-all
Thu Mar 12 22:56:16 CET 2026
#@# white curv lh Thu Mar 12 22:56:16 CET 2026
#@# white area lh Thu Mar 12 22:56:16 CET 2026
#@# pial curv lh Thu Mar 12 22:56:16 CET 2026
#@# pial area lh Thu Mar 12 22:56:16 CET 2026
#@# thickness lh Thu Mar 12 22:56:16 CET 2026
#@# area and vertex vol lh Thu Mar 12 22:56:16 CET 2026
#@# Parcellation Stats lh Thu Mar 12 22:56:16 CET 2026
#@# Parcellation Stats 2 lh Thu Mar 12 22:56:46 CET 2026
#@# Parcellation Stats 3 lh Thu Mar 12 22:57:02 CET 2026
#@# BA_exvivo Labels lh Thu Mar 12 22:57:16 CET 2026
recon-all -s sub-v2s1x29907_ses-1 finished without error at Thu Mar 12 23:00:34 CET 2026
