status file for recon-all
Thu Mar 12 21:22:48 CET 2026
#@# Tessellate lh Thu Mar 12 21:22:48 CET 2026
#@# Smooth1 lh Thu Mar 12 21:22:52 CET 2026
#@# Inflation1 lh Thu Mar 12 21:22:55 CET 2026
#@# QSphere lh Thu Mar 12 21:24:06 CET 2026
#@# Fix Topology lh Thu Mar 12 21:25:25 CET 2026
#@# Smooth2 lh Thu Mar 12 21:33:33 CET 2026
#@# Inflation2 lh Thu Mar 12 21:33:37 CET 2026
#@# Curv .H and .K lh Thu Mar 12 21:34:18 CET 2026
#@# Sphere lh Thu Mar 12 21:35:10 CET 2026
#@# Surf Reg lh Thu Mar 12 21:38:24 CET 2026
#@# Jacobian white lh Thu Mar 12 21:43:48 CET 2026
#@# AvgCurv lh Thu Mar 12 21:43:49 CET 2026
#@# Cortical Parc lh Thu Mar 12 21:43:50 CET 2026
#@# white curv lh Thu Mar 12 21:51:07 CET 2026
#@# white area lh Thu Mar 12 21:51:09 CET 2026
#@# pial curv lh Thu Mar 12 21:51:10 CET 2026
#@# pial area lh Thu Mar 12 21:51:12 CET 2026
#@# thickness lh Thu Mar 12 21:51:13 CET 2026
#@# area and vertex vol lh Thu Mar 12 21:51:48 CET 2026
#@# Curvature Stats lh Thu Mar 12 21:51:50 CET 2026
#@# Cortical Parc 2 lh Thu Mar 12 21:51:53 CET 2026
#@# Cortical Parc 3 lh Thu Mar 12 21:52:09 CET 2026
#@# WM/GM Contrast lh Thu Mar 12 21:52:21 CET 2026
recon-all -s sub-v2s1x29890_ses-1 finished without error at Thu Mar 12 21:52:24 CET 2026



#New# invocation of recon-all 



status file for recon-all
Thu Mar 12 22:28:45 CET 2026
#@# white curv lh Thu Mar 12 22:28:45 CET 2026
#@# white area lh Thu Mar 12 22:28:45 CET 2026
#@# pial curv lh Thu Mar 12 22:28:45 CET 2026
#@# pial area lh Thu Mar 12 22:28:45 CET 2026
#@# thickness lh Thu Mar 12 22:28:45 CET 2026
#@# area and vertex vol lh Thu Mar 12 22:28:45 CET 2026
#@# Parcellation Stats lh Thu Mar 12 22:28:45 CET 2026
#@# Parcellation Stats 2 lh Thu Mar 12 22:29:08 CET 2026
#@# Parcellation Stats 3 lh Thu Mar 12 22:29:20 CET 2026
#@# BA_exvivo Labels lh Thu Mar 12 22:29:31 CET 2026
recon-all -s sub-v2s1x29890_ses-1 finished without error at Thu Mar 12 22:32:37 CET 2026
