/out/sourcedata/freesurfer/sub-v2s1x29867_ses-1/mri
/opt/freesurfer/bin/talairach_avi
--i orig_nu.mgz --xfm transforms/talairach.auto.xfm
talairach_avi 7.3.2
Linux dna060 5.14.0-427.37.1.el9_4.x86_64 #1 SMP PREEMPT_DYNAMIC Fri Sep 13 12:41:50 EDT 2024 x86_64 x86_64 x86_64 GNU/Linux
Wed Mar 11 18:25:23 CET 2026
mri_convert orig_nu.mgz talsrcimg.img 
reading from orig_nu.mgz...
TR=0.00, TE=0.00, TI=0.00, flip angle=0.00
i_ras = (-1, 0, 0)
j_ras = (0, 0, -1)
k_ras = (0, 1, 0)
writing to talsrcimg.img...
Analyze Output Matrix
-0.90000   0.00000   0.00000   120.50113;
 0.00000   0.00000   0.90000  -107.27859;
 0.00000  -0.90000   0.00000   118.06137;
 0.00000   0.00000   0.00000   1.00000;
--------------------
INFO: set hdr.hist.orient to -1
mpr2mni305 talsrcimg
Wed Mar 11 18:25:23 CET 2026
/opt/freesurfer/bin/mpr2mni305 talsrcimg
mpr2mni305 7.3.2
target=711-2C_as_mni_average_305

---------------------------------------------------------------------
analyzeto4dfp talsrcimg -O0 -y
---------------------------------------------------------------------

freesurfer ifh2hdr.c
Wed Mar 11 18:25:23 2026
Writing: talsrcimg.4dfp.hdr
freesurfer analyzeto4dfp.c
Reading: talsrcimg.hdr
header size 348 bytes
hdr.dime.datatype	offset=70	value=2
hdr.dime.bitpix		offset=72	value=8
hdr.hist.orient		offset=252	value=-1
dimensionality     4
dimensions       256       256       256         1
Reading: talsrcimg.img
Writing: talsrcimg.4dfp.img
Writing: talsrcimg.4dfp.ifh
ifh2hdr talsrcimg -r0to240
ori=2

---------------------------------------------------------------------
gauss_4dfp talsrcimg 1.1
---------------------------------------------------------------------

freesurfer gauss_4dfp.c
Reading: talsrcimg.4dfp.img
Writing: talsrcimg_g11.4dfp.img
image dimensions 256 256 256 padded to 288 288 288
processing volume 1freesurfer ifh2hdr.c
Wed Mar 11 18:25:25 2026
Writing: talsrcimg_g11.4dfp.hdr

Writing: talsrcimg_g11.4dfp.ifh
including: talsrcimg.4dfp.img.rec in talsrcimg_g11.4dfp.img.rec

---------------------------------------------------------------------
imgreg_4dfp /opt/freesurfer/average/711-2C_as_mni_average_305 none talsrcimg_g11 none talsrcimg_to_711-2C_as_mni_average_305_t4 4355
---------------------------------------------------------------------

freesurfer imgreg_4dfp.c
/opt/freesurfer/average/711-2C_as_mni_average_305.4dfp.img
       256       256       256         1
  1.000000  1.000000  1.000000
orientation T byte_order littleendian
Reading image: /opt/freesurfer/average/711-2C_as_mni_average_305.4dfp.img
dimensions:      256       256       256
mmppix:       1.0000   -1.0000   -1.0000
center:     128.0000 -129.0000 -129.0000
talsrcimg_g11.4dfp.img
       256       256       256         1
  0.900000  0.900000  0.900000
orientation T byte_order littleendian
Reading image: talsrcimg_g11.4dfp.img
dimensions:      256       256       256
mmppix:       0.9000   -0.9000   -0.9000
center:     115.2000 -116.1000 -116.1000
t4_read: open error in t4_sub.f l:  41 t4_file(1:l)talsrcimg_to_711-2C_as_mni_average_305_t4 
t4_read: transform initialized to I4
rotation matrix determinant  1.000000
image alignment mode   4355 decimal     1103 hex
   -7.5000  -45.0000  -45.0000 5135.8760   21.6020
    0.0000  -45.0000  -45.0000 5164.2061   21.5758
    7.5000  -45.0000  -45.0000 4905.7231   21.5672
   -7.5000  -37.5000  -45.0000 5586.5332   22.9622
    0.0000  -37.5000  -45.0000 5613.1758   22.9458
    7.5000  -37.5000  -45.0000 5328.5586   22.9416
   -7.5000  -30.0000  -45.0000 6079.0640   23.6987
    0.0000  -30.0000  -45.0000 6096.2744   23.6873
    7.5000  -30.0000  -45.0000 5775.2188   23.6720
   -7.5000  -22.5000  -45.0000 6591.0054   23.7079
    0.0000  -22.5000  -45.0000 6605.0298   23.6884
    7.5000  -22.5000  -45.0000 6255.8696   23.6536
   -7.5000  -15.0000  -45.0000 7038.6143   23.6998
    0.0000  -15.0000  -45.0000 7051.1704   23.6671
    7.5000  -15.0000  -45.0000 6674.2227   23.6272
   -7.5000   -7.5000  -45.0000 7166.6577   23.6869
    0.0000   -7.5000  -45.0000 7160.4624   23.6511
    7.5000   -7.5000  -45.0000 6773.8481   23.6245
   -7.5000    0.0000  -45.0000 7238.4658   23.6812
    0.0000    0.0000  -45.0000 7244.8599   23.6526
    7.5000    0.0000  -45.0000 6849.8940   23.6431
   -7.5000    7.5000  -45.0000 6956.8521   23.6861
    0.0000    7.5000  -45.0000 6949.8354   23.6692
    7.5000    7.5000  -45.0000 6590.7393   23.6649
   -7.5000   15.0000  -45.0000 6952.8872   23.6987
    0.0000   15.0000  -45.0000 6946.4971   23.6873
    7.5000   15.0000  -45.0000 6594.1924   23.6720
   -7.5000   22.5000  -45.0000 6640.3159   23.3890
    0.0000   22.5000  -45.0000 6636.1763   23.3698
    7.5000   22.5000  -45.0000 6287.5425   23.3354
   -7.5000   30.0000  -45.0000 6214.4204   22.7574
    0.0000   30.0000  -45.0000 6213.7886   22.7260
    7.5000   30.0000  -45.0000 5877.9414   22.6877
   -7.5000   37.5000  -45.0000 5685.9355   22.0125
    0.0000   37.5000  -45.0000 5680.8022   21.9792
    7.5000   37.5000  -45.0000 5358.7231   21.9545
   -7.5000   45.0000  -45.0000 5165.3940   21.1979
    0.0000   45.0000  -45.0000 5151.4097   21.1722
    7.5000   45.0000  -45.0000 4878.2744   21.1638
   -7.5000  -45.0000  -37.5000 5660.8604   22.6297
    0.0000  -45.0000  -37.5000 5681.6245   22.6175
    7.5000  -45.0000  -37.5000 5390.5435   22.6128
   -7.5000  -37.5000  -37.5000 6145.3223   24.0693
    0.0000  -37.5000  -37.5000 6163.2397   24.0659
    7.5000  -37.5000  -37.5000 5845.8213   24.0659
   -7.5000  -30.0000  -37.5000 6660.9360   24.8059
    0.0000  -30.0000  -37.5000 6667.2573   24.8039
    7.5000  -30.0000  -37.5000 6308.8022   24.7945
   -7.5000  -22.5000  -37.5000 7220.5283   24.8178
    0.0000  -22.5000  -37.5000 7229.1455   24.8073
    7.5000  -22.5000  -37.5000 6815.1333   24.7809
   -7.5000  -15.0000  -37.5000 7701.0303   24.8018
    0.0000  -15.0000  -37.5000 7711.8550   24.7816
    7.5000  -15.0000  -37.5000 7265.6880   24.7510
   -7.5000   -7.5000  -37.5000 7789.9199   24.7824
    0.0000   -7.5000  -37.5000 7775.3154   24.7613
    7.5000   -7.5000  -37.5000 7348.6562   24.7414
   -7.5000    0.0000  -37.5000 7824.7383   24.7762
    0.0000    0.0000  -37.5000 7825.1958   24.7629
    7.5000    0.0000  -37.5000 7415.1724   24.7577
   -7.5000    7.5000  -37.5000 7549.0308   24.7845
    0.0000    7.5000  -37.5000 7531.5449   24.7809
    7.5000    7.5000  -37.5000 7133.3271   24.7809
   -7.5000   15.0000  -37.5000 7553.3018   24.8047
    0.0000   15.0000  -37.5000 7550.6113   24.8028
    7.5000   15.0000  -37.5000 7141.4482   24.7934
   -7.5000   22.5000  -37.5000 7179.1235   24.4860
    0.0000   22.5000  -37.5000 7169.6860   24.4756
    7.5000   22.5000  -37.5000 6797.0967   24.4496
   -7.5000   30.0000  -37.5000 6683.8940   23.8325
    0.0000   30.0000  -37.5000 6671.5015   23.8131
    7.5000   30.0000  -37.5000 6317.7642   23.7838
   -7.5000   37.5000  -37.5000 6098.0298   23.0495
    0.0000   37.5000  -37.5000 6064.4438   23.0298
    7.5000   37.5000  -37.5000 5748.3140   23.0113
   -7.5000   45.0000  -37.5000 5528.9727   22.1781
    0.0000   45.0000  -37.5000 5502.4644   22.1662
    7.5000   45.0000  -37.5000 5222.3530   22.1615
   -7.5000  -45.0000  -30.0000 6205.9082   23.7906
    0.0000  -45.0000  -30.0000 6220.9956   23.7914
    7.5000  -45.0000  -30.0000 5901.9526   23.7840
   -7.5000  -37.5000  -30.0000 6722.5400   25.3263
    0.0000  -37.5000  -30.0000 6733.4971   25.3242
    7.5000  -37.5000  -30.0000 6383.0186   25.3182
   -7.5000  -30.0000  -30.0000 7283.3613   26.0697
    0.0000  -30.0000  -30.0000 7274.1963   26.0638
    7.5000  -30.0000  -30.0000 6882.4902   26.0490
   -7.5000  -22.5000  -30.0000 7868.5283   26.0753
    0.0000  -22.5000  -30.0000 7865.1167   26.0683
    7.5000  -22.5000  -30.0000 7428.9541   26.0414
   -7.5000  -15.0000  -30.0000 8358.8848   26.0481
    0.0000  -15.0000  -30.0000 8352.3545   26.0445
    7.5000  -15.0000  -30.0000 7891.5825   26.0160
   -7.5000   -7.5000  -30.0000 8458.3389   26.0223
    0.0000   -7.5000  -30.0000 8443.7812   26.0227
    7.5000   -7.5000  -30.0000 7981.0410   26.0033
   -7.5000    0.0000  -30.0000 8503.5225   26.0201
    0.0000    0.0000  -30.0000 8484.3184   26.0210
    7.5000    0.0000  -30.0000 8029.7373   26.0129
   -7.5000    7.5000  -30.0000 8169.4917   26.0393
    0.0000    7.5000  -30.0000 8145.8062   26.0371
    7.5000    7.5000  -30.0000 7708.9141   26.0309
   -7.5000   15.0000  -30.0000 8132.0190   26.0661
    0.0000   15.0000  -30.0000 8116.6719   26.0603
    7.5000   15.0000  -30.0000 7693.0898   26.0455
   -7.5000   22.5000  -30.0000 7721.0942   25.7278
    0.0000   22.5000  -30.0000 7709.1992   25.7209
    7.5000   22.5000  -30.0000 7307.3057   25.6944
   -7.5000   30.0000  -30.0000 7189.9453   25.0484
    0.0000   30.0000  -30.0000 7165.6387   25.0449
    7.5000   30.0000  -30.0000 6759.4912   25.0175
   -7.5000   37.5000  -30.0000 6525.7886   24.2392
    0.0000   37.5000  -30.0000 6498.2534   24.2395
    7.5000   37.5000  -30.0000 6139.7144   24.2215
   -7.5000   45.0000  -30.0000 5895.6299   23.3286
    0.0000   45.0000  -30.0000 5872.0972   23.3294
    7.5000   45.0000  -30.0000 5566.2002   23.3221
   -7.5000  -45.0000  -22.5000 6744.2295   24.7875
    0.0000  -45.0000  -22.5000 6746.0342   24.7910
    7.5000  -45.0000  -22.5000 6420.9414   24.7745
   -7.5000  -37.5000  -22.5000 7282.5688   26.4144
    0.0000  -37.5000  -22.5000 7268.2109   26.4024
    7.5000  -37.5000  -22.5000 6902.1587   26.3830
   -7.5000  -30.0000  -22.5000 7861.4141   27.1573
    0.0000  -30.0000  -22.5000 7831.3198   27.1384
    7.5000  -30.0000  -22.5000 7411.9263   27.1093
   -7.5000  -22.5000  -22.5000 8490.6611   27.1509
    0.0000  -22.5000  -22.5000 8452.6855   27.1395
    7.5000  -22.5000  -22.5000 7993.7979   27.1014
   -7.5000  -15.0000  -22.5000 8995.2539   27.1177
    0.0000  -15.0000  -22.5000 8958.1885   27.1215
    7.5000  -15.0000  -22.5000 8473.5361   27.0840
   -7.5000   -7.5000  -22.5000 9107.2549   27.0911
    0.0000   -7.5000  -22.5000 9074.5146   27.1029
    7.5000   -7.5000  -22.5000 8579.7520   27.0752
   -7.5000    0.0000  -22.5000 9167.2129   27.0950
    0.0000    0.0000  -22.5000 9124.5371   27.0989
    7.5000    0.0000  -22.5000 8620.9053   27.0809
   -7.5000    7.5000  -22.5000 8779.5400   27.1243
    0.0000    7.5000  -22.5000 8738.0293   27.1119
    7.5000    7.5000  -22.5000 8263.0244   27.0920
   -7.5000   15.0000  -22.5000 8695.7686   27.1507
    0.0000   15.0000  -22.5000 8672.3838   27.1319
    7.5000   15.0000  -22.5000 8231.9482   27.1028
   -7.5000   22.5000  -22.5000 8229.5879   26.7917
    0.0000   22.5000  -22.5000 8187.2583   26.7804
    7.5000   22.5000  -22.5000 7770.9990   26.7428
   -7.5000   30.0000  -22.5000 7665.2720   26.0961
    0.0000   30.0000  -22.5000 7623.3096   26.0997
    7.5000   30.0000  -22.5000 7191.6611   26.0636
   -7.5000   37.5000  -22.5000 6937.5000   25.2731
    0.0000   37.5000  -22.5000 6916.8174   25.2842
    7.5000   37.5000  -22.5000 6509.7070   25.2583
   -7.5000   45.0000  -22.5000 6229.0620   24.3511
    0.0000   45.0000  -22.5000 6214.6338   24.3546
    7.5000   45.0000  -22.5000 5880.4014   24.3384
   -7.5000  -45.0000  -15.0000 7251.5742   25.6215
    0.0000  -45.0000  -15.0000 7267.8042   25.6098
    7.5000  -45.0000  -15.0000 6911.9800   25.5838
   -7.5000  -37.5000  -15.0000 7799.6982   27.2988
    0.0000  -37.5000  -15.0000 7807.5703   27.2747
    7.5000  -37.5000  -15.0000 7410.9292   27.2464
   -7.5000  -30.0000  -15.0000 8395.4375   28.0343
    0.0000  -30.0000  -15.0000 8378.7080   28.0074
    7.5000  -30.0000  -15.0000 7928.6104   27.9684
   -7.5000  -22.5000  -15.0000 9044.6631   28.0238
    0.0000  -22.5000  -15.0000 9019.8477   28.0027
    7.5000  -22.5000  -15.0000 8524.1875   27.9510
   -7.5000  -15.0000  -15.0000 9575.1240   27.9955
    0.0000  -15.0000  -15.0000 9553.5918   27.9832
    7.5000  -15.0000  -15.0000 9039.4941   27.9293
   -7.5000   -7.5000  -15.0000 9697.0361   27.9739
    0.0000   -7.5000  -15.0000 9655.0000   27.9673
    7.5000   -7.5000  -15.0000 9149.9932   27.9256
   -7.5000    0.0000  -15.0000 9746.3037   27.9795
    0.0000    0.0000  -15.0000 9720.8662   27.9667
    7.5000    0.0000  -15.0000 9194.2490   27.9383
   -7.5000    7.5000  -15.0000 9330.2920   28.0052
    0.0000    7.5000  -15.0000 9303.6934   27.9805
    7.5000    7.5000  -15.0000 8803.1797   27.9515
   -7.5000   15.0000  -15.0000 9219.7266   28.0256
    0.0000   15.0000  -15.0000 9210.4492   27.9988
    7.5000   15.0000  -15.0000 8741.0449   27.9597
   -7.5000   22.5000  -15.0000 8684.2266   27.6572
    0.0000   22.5000  -15.0000 8624.9893   27.6364
    7.5000   22.5000  -15.0000 8196.0869   27.5854
   -7.5000   30.0000  -15.0000 8095.5854   26.9611
    0.0000   30.0000  -15.0000 8018.0303   26.9492
    7.5000   30.0000  -15.0000 7597.1958   26.8973
   -7.5000   37.5000  -15.0000 7320.6938   26.1366
    0.0000   37.5000  -15.0000 7268.3579   26.1304
    7.5000   37.5000  -15.0000 6878.6860   26.0914
   -7.5000   45.0000  -15.0000 6583.1221   25.2072
    0.0000   45.0000  -15.0000 6548.6289   25.1957
    7.5000   45.0000  -15.0000 6199.0513   25.1701
   -7.5000  -45.0000   -7.5000 7566.1133   25.5958
    0.0000  -45.0000   -7.5000 7578.8970   25.5680
    7.5000  -45.0000   -7.5000 7184.2666   25.5448
   -7.5000  -37.5000   -7.5000 8117.8335   27.2547
    0.0000  -37.5000   -7.5000 8111.2139   27.2277
    7.5000  -37.5000   -7.5000 7676.2822   27.2071
   -7.5000  -30.0000   -7.5000 8699.6895   27.9811
    0.0000  -30.0000   -7.5000 8676.2090   27.9581
    7.5000  -30.0000   -7.5000 8196.1260   27.9262
   -7.5000  -22.5000   -7.5000 9338.5840   27.9790
    0.0000  -22.5000   -7.5000 9295.0547   27.9537
    7.5000  -22.5000   -7.5000 8786.6396   27.9027
   -7.5000  -15.0000   -7.5000 9859.0439   27.9643
    0.0000  -15.0000   -7.5000 9806.8604   27.9326
    7.5000  -15.0000   -7.5000 9304.1660   27.8755
   -7.5000   -7.5000   -7.5000 9952.2773   27.9506
    0.0000   -7.5000   -7.5000 9900.8135   27.9188
    7.5000   -7.5000   -7.5000 9396.1533   27.8754
   -7.5000    0.0000   -7.500010001.7578   27.9514
    0.0000    0.0000   -7.5000 9957.0547   27.9210
    7.5000    0.0000   -7.5000 9429.8535   27.8957
   -7.5000    7.5000   -7.5000 9536.3955   27.9599
    0.0000    7.5000   -7.5000 9521.9893   27.9322
    7.5000    7.5000   -7.5000 9015.0186   27.9111
   -7.5000   15.0000   -7.5000 9427.4199   27.9724
    0.0000   15.0000   -7.5000 9421.9092   27.9495
    7.5000   15.0000   -7.5000 8925.8545   27.9176
   -7.5000   22.5000   -7.5000 8840.2344   27.6130
    0.0000   22.5000   -7.5000 8798.8086   27.5880
    7.5000   22.5000   -7.5000 8371.5703   27.5377
   -7.5000   30.0000   -7.5000 8227.9482   26.9310
    0.0000   30.0000   -7.5000 8175.9961   26.9005
    7.5000   30.0000   -7.5000 7759.0156   26.8454
   -7.5000   37.5000   -7.5000 7443.0229   26.1148
    0.0000   37.5000   -7.5000 7392.9058   26.0851
    7.5000   37.5000   -7.5000 7024.8545   26.0446
   -7.5000   45.0000   -7.5000 6690.7188   25.1819
    0.0000   45.0000   -7.5000 6646.3286   25.1545
    7.5000   45.0000   -7.5000 6317.6421   25.1317
   -7.5000  -45.0000    0.0000 7724.9712   26.2564
    0.0000  -45.0000    0.0000 7746.6489   26.2272
    7.5000  -45.0000    0.0000 7323.2734   26.2157
   -7.5000  -37.5000    0.0000 8288.0801   27.9341
    0.0000  -37.5000    0.0000 8301.9287   27.9170
    7.5000  -37.5000    0.0000 7823.9170   27.9116
   -7.5000  -30.0000    0.0000 8873.1572   28.6609
    0.0000  -30.0000    0.0000 8857.0430   28.6497
    7.5000  -30.0000    0.0000 8339.1240   28.6323
   -7.5000  -22.5000    0.0000 9486.9092   28.6711
    0.0000  -22.5000    0.0000 9444.3906   28.6499
    7.5000  -22.5000    0.0000 8930.1074   28.6095
   -7.5000  -15.0000    0.0000 9943.4336   28.6630
    0.0000  -15.0000    0.0000 9917.1650   28.6259
    7.5000  -15.0000    0.0000 9459.8369   28.5785
   -7.5000   -7.5000    0.000010020.5303   28.6502
    0.0000   -7.5000    0.0000 9996.1045   28.6096
    7.5000   -7.5000    0.0000 9567.8906   28.5768
   -7.5000    0.0000    0.000010099.1963   28.6444
    0.0000    0.0000    0.000010075.2334   28.6126
    7.5000    0.0000    0.0000 9587.1992   28.6000
   -7.5000    7.5000    0.0000 9638.6455   28.6380
    0.0000    7.5000    0.0000 9635.1250   28.6205
    7.5000    7.5000    0.0000 9161.3965   28.6150
   -7.5000   15.0000    0.0000 9529.6191   28.6507
    0.0000   15.0000    0.0000 9520.1357   28.6396
    7.5000   15.0000    0.0000 9049.2402   28.6222
   -7.5000   22.5000    0.0000 8856.6416   28.3000
    0.0000   22.5000    0.0000 8820.3643   28.2791
    7.5000   22.5000    0.0000 8421.5557   28.2392
   -7.5000   30.0000    0.0000 8205.8721   27.6205
    0.0000   30.0000    0.0000 8155.2852   27.5848
    7.5000   30.0000    0.0000 7760.8125   27.5391
   -7.5000   37.5000    0.0000 7420.1108   26.8005
    0.0000   37.5000    0.0000 7387.4429   26.7625
    7.5000   37.5000    0.0000 7027.2090   26.7318
   -7.5000   45.0000    0.0000 6686.2993   25.8559
    0.0000   45.0000    0.0000 6667.4741   25.8272
    7.5000   45.0000    0.0000 6326.4463   25.8158
   -7.5000  -45.0000    7.5000 7594.2495   26.3050
    0.0000  -45.0000    7.5000 7604.2827   26.2911
    7.5000  -45.0000    7.5000 7196.8848   26.2857
   -7.5000  -37.5000    7.5000 8122.2275   27.9922
    0.0000  -37.5000    7.5000 8128.2095   27.9885
    7.5000  -37.5000    7.5000 7684.3574   27.9887
   -7.5000  -30.0000    7.5000 8624.2354   28.7305
    0.0000  -30.0000    7.5000 8636.7734   28.7285
    7.5000  -30.0000    7.5000 8160.1992   28.7179
   -7.5000  -22.5000    7.5000 9053.6807   28.7442
    0.0000  -22.5000    7.5000 9051.5684   28.7322
    7.5000  -22.5000    7.5000 8657.6523   28.7019
   -7.5000  -15.0000    7.5000 9463.3135   28.7263
    0.0000  -15.0000    7.5000 9462.9502   28.7029
    7.5000  -15.0000    7.5000 9132.1602   28.6677
   -7.5000   -7.5000    7.5000 9607.3760   28.7045
    0.0000   -7.5000    7.5000 9621.2441   28.6802
    7.5000   -7.5000    7.5000 9247.4160   28.6571
   -7.5000    0.0000    7.5000 9720.6377   28.6974
    0.0000    0.0000    7.5000 9724.8457   28.6823
    7.5000    0.0000    7.5000 9288.6797   28.6763
   -7.5000    7.5000    7.5000 9284.5820   28.6976
    0.0000    7.5000    7.5000 9279.7344   28.6938
    7.5000    7.5000    7.5000 8863.6797   28.6940
   -7.5000   15.0000    7.5000 9172.1602   28.7204
    0.0000   15.0000    7.5000 9142.4316   28.7184
    7.5000   15.0000    7.5000 8746.3730   28.7078
   -7.5000   22.5000    7.5000 8494.0000   28.3722
    0.0000   22.5000    7.5000 8463.4668   28.3604
    7.5000   22.5000    7.5000 8111.5288   28.3305
   -7.5000   30.0000    7.5000 7837.4526   27.6815
    0.0000   30.0000    7.5000 7790.4976   27.6591
    7.5000   30.0000    7.5000 7456.6235   27.6251
   -7.5000   37.5000    7.5000 7097.9048   26.8513
    0.0000   37.5000    7.5000 7076.1064   26.8285
    7.5000   37.5000    7.5000 6783.4443   26.8070
   -7.5000   45.0000    7.5000 6398.9487   25.9038
    0.0000   45.0000    7.5000 6385.4492   25.8901
    7.5000   45.0000    7.5000 6095.6294   25.8847
   -7.5000  -45.0000   15.0000 7646.1045   26.3285
    0.0000  -45.0000   15.0000 7656.1177   26.3294
    7.5000  -45.0000   15.0000 7232.6611   26.3212
   -7.5000  -37.5000   15.0000 8182.4810   28.0316
    0.0000  -37.5000   15.0000 8191.7222   28.0292
    7.5000  -37.5000   15.0000 7732.3696   28.0226
   -7.5000  -30.0000   15.0000 8669.0918   28.7777
    0.0000  -30.0000   15.0000 8696.3076   28.7713
    7.5000  -30.0000   15.0000 8209.8066   28.7550
   -7.5000  -22.5000   15.0000 9058.0020   28.7840
    0.0000  -22.5000   15.0000 9075.1621   28.7762
    7.5000  -22.5000   15.0000 8696.1504   28.7466
   -7.5000  -15.0000   15.0000 9466.9072   28.7539
    0.0000  -15.0000   15.0000 9476.5166   28.7500
    7.5000  -15.0000   15.0000 9124.3584   28.7185
   -7.5000   -7.5000   15.0000 9643.8477   28.7255
    0.0000   -7.5000   15.0000 9664.2207   28.7259
    7.5000   -7.5000   15.0000 9240.1855   28.7045
   -7.5000    0.0000   15.0000 9756.0225   28.7230
    0.0000    0.0000   15.0000 9786.6934   28.7240
    7.5000    0.0000   15.0000 9306.2617   28.7151
   -7.5000    7.5000   15.0000 9313.4951   28.7380
    0.0000    7.5000   15.0000 9302.8467   28.7355
    7.5000    7.5000   15.0000 8899.3232   28.7288
   -7.5000   15.0000   15.0000 9156.4209   28.7675
    0.0000   15.0000   15.0000 9130.1348   28.7611
    7.5000   15.0000   15.0000 8775.5410   28.7448
   -7.5000   22.5000   15.0000 8445.2646   28.4115
    0.0000   22.5000   15.0000 8404.8174   28.4038
    7.5000   22.5000   15.0000 8110.4868   28.3745
   -7.5000   30.0000   15.0000 7770.4165   27.7082
    0.0000   30.0000   15.0000 7712.9429   27.7044
    7.5000   30.0000   15.0000 7436.2646   27.6740
   -7.5000   37.5000   15.0000 7027.2549   26.8709
    0.0000   37.5000   15.0000 7002.5576   26.8713
    7.5000   37.5000   15.0000 6750.3003   26.8513
   -7.5000   45.0000   15.0000 6335.4878   25.9269
    0.0000   45.0000   15.0000 6318.0156   25.9278
    7.5000   45.0000   15.0000 6061.3130   25.9197
   -7.5000  -45.0000   22.5000 7307.5459   26.3136
    0.0000  -45.0000   22.5000 7307.7412   26.3173
    7.5000  -45.0000   22.5000 6914.8276   26.2997
   -7.5000  -37.5000   22.5000 7804.9102   28.0282
    0.0000  -37.5000   22.5000 7796.6440   28.0154
    7.5000  -37.5000   22.5000 7353.5938   27.9947
   -7.5000  -30.0000   22.5000 8316.9150   28.7727
    0.0000  -30.0000   22.5000 8319.7002   28.7527
    7.5000  -30.0000   22.5000 7822.7588   28.7218
   -7.5000  -22.5000   22.5000 8763.6533   28.7660
    0.0000  -22.5000   22.5000 8766.6768   28.7539
    7.5000  -22.5000   22.5000 8356.4844   28.7135
   -7.5000  -15.0000   22.5000 9118.9688   28.7308
    0.0000  -15.0000   22.5000 9109.1367   28.7348
    7.5000  -15.0000   22.5000 8749.7871   28.6950
   -7.5000   -7.5000   22.5000 9167.1895   28.7026
    0.0000   -7.5000   22.5000 9173.3799   28.7151
    7.5000   -7.5000   22.5000 8802.6787   28.6857
   -7.5000    0.0000   22.5000 9223.9062   28.7068
    0.0000    0.0000   22.5000 9244.2354   28.7109
    7.5000    0.0000   22.5000 8863.2109   28.6917
   -7.5000    7.5000   22.5000 8860.1338   28.7345
    0.0000    7.5000   22.5000 8855.7939   28.7213
    7.5000    7.5000   22.5000 8506.2246   28.7002
   -7.5000   15.0000   22.5000 8740.1953   28.7625
    0.0000   15.0000   22.5000 8725.5771   28.7425
    7.5000   15.0000   22.5000 8410.6709   28.7117
   -7.5000   22.5000   22.5000 8057.6206   28.3937
    0.0000   22.5000   22.5000 8035.1504   28.3818
    7.5000   22.5000   22.5000 7756.1846   28.3419
   -7.5000   30.0000   22.5000 7383.8662   27.6859
    0.0000   30.0000   22.5000 7362.8979   27.6898
    7.5000   30.0000   22.5000 7111.2559   27.6514
   -7.5000   37.5000   22.5000 6684.2603   26.8495
    0.0000   37.5000   22.5000 6657.3726   26.8612
    7.5000   37.5000   22.5000 6432.6343   26.8337
   -7.5000   45.0000   22.5000 6000.3687   25.9122
    0.0000   45.0000   22.5000 5978.4536   25.9159
    7.5000   45.0000   22.5000 5761.8140   25.8986
   -7.5000  -45.0000   30.0000 6903.2490   26.0943
    0.0000  -45.0000   30.0000 6930.7285   26.0823
    7.5000  -45.0000   30.0000 6530.8481   26.0555
   -7.5000  -37.5000   30.0000 7375.8794   27.8045
    0.0000  -37.5000   30.0000 7383.3223   27.7800
    7.5000  -37.5000   30.0000 6959.3062   27.7509
   -7.5000  -30.0000   30.0000 7869.1592   28.5412
    0.0000  -30.0000   30.0000 7863.7568   28.5138
    7.5000  -30.0000   30.0000 7408.4570   28.4737
   -7.5000  -22.5000   30.0000 8369.2666   28.5304
    0.0000  -22.5000   30.0000 8364.3291   28.5088
    7.5000  -22.5000   30.0000 7937.7432   28.4558
   -7.5000  -15.0000   30.0000 8777.5898   28.5014
    0.0000  -15.0000   30.0000 8757.7041   28.4886
    7.5000  -15.0000   30.0000 8362.8369   28.4334
   -7.5000   -7.5000   30.0000 8780.3867   28.4792
    0.0000   -7.5000   30.0000 8737.2686   28.4723
    7.5000   -7.5000   30.0000 8409.4307   28.4295
   -7.5000    0.0000   30.0000 8787.0869   28.4849
    0.0000    0.0000   30.0000 8746.0273   28.4719
    7.5000    0.0000   30.0000 8445.9092   28.4427
   -7.5000    7.5000   30.0000 8453.5039   28.5100
    0.0000    7.5000   30.0000 8427.5166   28.4848
    7.5000    7.5000   30.0000 8106.4443   28.4550
   -7.5000   15.0000   30.0000 8382.2012   28.5310
    0.0000   15.0000   30.0000 8359.4824   28.5036
    7.5000   15.0000   30.0000 8018.0376   28.4635
   -7.5000   22.5000   30.0000 7720.9878   28.1587
    0.0000   22.5000   30.0000 7726.5518   28.1373
    7.5000   22.5000   30.0000 7400.5308   28.0850
   -7.5000   30.0000   30.0000 7044.1040   27.4774
    0.0000   30.0000   30.0000 7048.3638   27.4651
    7.5000   30.0000   30.0000 6768.7695   27.4119
   -7.5000   37.5000   30.0000 6366.1523   26.6656
    0.0000   37.5000   30.0000 6363.8848   26.6591
    7.5000   37.5000   30.0000 6107.4370   26.6190
   -7.5000   45.0000   30.0000 5686.2515   25.7472
    0.0000   45.0000   30.0000 5686.2920   25.7354
    7.5000   45.0000   30.0000 5440.6226   25.7090
   -7.5000  -45.0000   37.5000 6485.6362   25.7624
    0.0000  -45.0000   37.5000 6493.7524   25.7350
    7.5000  -45.0000   37.5000 6137.8535   25.7103
   -7.5000  -37.5000   37.5000 6942.1655   27.4402
    0.0000  -37.5000   37.5000 6927.0020   27.4140
    7.5000  -37.5000   37.5000 6543.0801   27.3923
   -7.5000  -30.0000   37.5000 7410.7905   28.1421
    0.0000  -30.0000   37.5000 7389.7676   28.1204
    7.5000  -30.0000   37.5000 6978.5981   28.0872
   -7.5000  -22.5000   37.5000 7930.5884   28.1405
    0.0000  -22.5000   37.5000 7921.3696   28.1165
    7.5000  -22.5000   37.5000 7485.4097   28.0632
   -7.5000  -15.0000   37.5000 8382.5430   28.1262
    0.0000  -15.0000   37.5000 8379.8262   28.0952
    7.5000  -15.0000   37.5000 7912.0259   28.0351
   -7.5000   -7.5000   37.5000 8413.3457   28.1118
    0.0000   -7.5000   37.5000 8406.3926   28.0804
    7.5000   -7.5000   37.5000 7958.7305   28.0345
   -7.5000    0.0000   37.5000 8397.6318   28.1120
    0.0000    0.0000   37.5000 8396.3086   28.0821
    7.5000    0.0000   37.5000 7977.2363   28.0552
   -7.5000    7.5000   37.5000 8012.4663   28.1190
    0.0000    7.5000   37.5000 8023.8877   28.0922
    7.5000    7.5000   37.5000 7618.4375   28.0700
   -7.5000   15.0000   37.5000 7932.4512   28.1318
    0.0000   15.0000   37.5000 7928.7031   28.1101
    7.5000   15.0000   37.5000 7535.3345   28.0769
   -7.5000   22.5000   37.5000 7302.6655   27.7690
    0.0000   22.5000   37.5000 7308.5059   27.7453
    7.5000   22.5000   37.5000 6974.8926   27.6928
   -7.5000   30.0000   37.5000 6655.2021   27.1155
    0.0000   30.0000   37.5000 6663.7534   27.0856
    7.5000   30.0000   37.5000 6369.6860   27.0277
   -7.5000   37.5000   37.5000 6029.5825   26.3219
    0.0000   37.5000   37.5000 6025.1089   26.2925
    7.5000   37.5000   37.5000 5753.2261   26.2496
   -7.5000   45.0000   37.5000 5400.6079   25.4070
    0.0000   45.0000   37.5000 5383.7256   25.3800
    7.5000   45.0000   37.5000 5145.2676   25.3557
   -7.5000  -45.0000   45.0000 6040.7939   25.6742
    0.0000  -45.0000   45.0000 6064.8931   25.6471
    7.5000  -45.0000   45.0000 5726.7759   25.6334
   -7.5000  -37.5000   45.0000 6474.3804   27.3349
    0.0000  -37.5000   45.0000 6483.0962   27.3208
    7.5000  -37.5000   45.0000 6102.8574   27.3148
   -7.5000  -30.0000   45.0000 6921.1772   28.0050
    0.0000  -30.0000   45.0000 6924.2285   27.9974
    7.5000  -30.0000   45.0000 6520.2412   27.9805
   -7.5000  -22.5000   45.0000 7431.1743   28.0138
    0.0000  -22.5000   45.0000 7437.2437   27.9963
    7.5000  -22.5000   45.0000 6993.7100   27.9552
   -7.5000  -15.0000   45.0000 7877.4409   28.0065
    0.0000  -15.0000   45.0000 7865.1919   27.9723
    7.5000  -15.0000   45.0000 7401.8589   27.9222
   -7.5000   -7.5000   45.0000 7897.2041   27.9957
    0.0000   -7.5000   45.0000 7883.4937   27.9572
    7.5000   -7.5000   45.0000 7440.5034   27.9209
   -7.5000    0.0000   45.0000 7862.6147   27.9917
    0.0000    0.0000   45.0000 7856.9688   27.9621
    7.5000    0.0000   45.0000 7439.3569   27.9471
   -7.5000    7.5000   45.0000 7519.1304   27.9842
    0.0000    7.5000   45.0000 7499.9336   27.9698
    7.5000    7.5000   45.0000 7114.5684   27.9637
   -7.5000   15.0000   45.0000 7449.1602   27.9945
    0.0000   15.0000   45.0000 7427.1997   27.9870
    7.5000   15.0000   45.0000 7053.5103   27.9701
   -7.5000   22.5000   45.0000 6869.0938   27.6404
    0.0000   22.5000   45.0000 6859.1670   27.6230
    7.5000   22.5000   45.0000 6529.1377   27.5825
   -7.5000   30.0000   45.0000 6250.2300   26.9974
    0.0000   30.0000   45.0000 6251.7729   26.9645
    7.5000   30.0000   45.0000 5964.9009   26.9162
   -7.5000   37.5000   45.0000 5663.1753   26.2062
    0.0000   37.5000   45.0000 5664.7788   26.1702
    7.5000   37.5000   45.0000 5392.9092   26.1362
   -7.5000   45.0000   45.0000 5072.7075   25.2823
    0.0000   45.0000   45.0000 5071.5415   25.2556
    7.5000   45.0000   45.0000 4823.0454   25.2421

---------------------------------------------------------------------
imgreg_4dfp /opt/freesurfer/average/711-2C_as_mni_average_305 /opt/freesurfer/average/711-2B_as_mni_average_305_mask talsrcimg_g11 none talsrcimg_to_711-2C_as_mni_average_305_t4 4355
---------------------------------------------------------------------

freesurfer imgreg_4dfp.c
/opt/freesurfer/average/711-2C_as_mni_average_305.4dfp.img
       256       256       256         1
  1.000000  1.000000  1.000000
orientation T byte_order littleendian
Reading image: /opt/freesurfer/average/711-2C_as_mni_average_305.4dfp.img
dimensions:      256       256       256
mmppix:       1.0000   -1.0000   -1.0000
center:     128.0000 -129.0000 -129.0000
/opt/freesurfer/average/711-2B_as_mni_average_305_mask.4dfp.img
       256       256       256         1
  1.000000  1.000000  1.000000
orientation T byte_order littleendian
Reading mask: /opt/freesurfer/average/711-2B_as_mni_average_305_mask.4dfp.img (2306576 pixels)
talsrcimg_g11.4dfp.img
       256       256       256         1
  0.900000  0.900000  0.900000
orientation T byte_order littleendian
Reading image: talsrcimg_g11.4dfp.img
dimensions:      256       256       256
mmppix:       0.9000   -0.9000   -0.9000
center:     115.2000 -116.1000 -116.1000
rotation matrix determinant  1.000000
image alignment mode   4355 decimal     1103 hex
  -15.0000  -45.0000  -45.0000 1637.4937   27.3383
   -7.5000  -45.0000  -45.0000 1654.5494   26.7658
    0.0000  -45.0000  -45.0000 1658.1243   26.8642
  -15.0000  -37.5000  -45.0000 1728.0791   24.8495
   -7.5000  -37.5000  -45.0000 1746.9287   24.4119
    0.0000  -37.5000  -45.0000 1749.1243   24.4926
  -15.0000  -30.0000  -45.0000 1796.9174   23.0720
   -7.5000  -30.0000  -45.0000 1824.4978   22.6757
    0.0000  -30.0000  -45.0000 1826.3978   22.6987
  -15.0000  -22.5000  -45.0000 1836.5962   21.8980
   -7.5000  -22.5000  -45.0000 1864.4729   21.5716
    0.0000  -22.5000  -45.0000 1867.7716   21.5153
  -15.0000  -15.0000  -45.0000 1858.4457   21.2309
   -7.5000  -15.0000  -45.0000 1888.2729   20.8103
    0.0000  -15.0000  -45.0000 1891.1471   20.7557
  -15.0000   -7.5000  -45.0000 1873.1914   20.9156
   -7.5000   -7.5000  -45.0000 1900.7228   20.4811
    0.0000   -7.5000  -45.0000 1899.9556   20.3835
  -15.0000    0.0000  -45.0000 1857.6278   21.1725
   -7.5000    0.0000  -45.0000 1888.3326   20.6727
    0.0000    0.0000  -45.0000 1890.9680   20.5947
  -15.0000    7.5000  -45.0000 1825.0251   21.9433
   -7.5000    7.5000  -45.0000 1857.4144   21.3948
    0.0000    7.5000  -45.0000 1855.0157   21.3700
  -15.0000   15.0000  -45.0000 1779.2822   23.1781
   -7.5000   15.0000  -45.0000 1806.7303   22.6123
    0.0000   15.0000  -45.0000 1804.4423   22.6266
  -15.0000   22.5000  -45.0000 1718.8451   25.0038
   -7.5000   22.5000  -45.0000 1743.4846   24.4339
    0.0000   22.5000  -45.0000 1743.8782   24.4346
  -15.0000   30.0000  -45.0000 1639.6393   27.4924
   -7.5000   30.0000  -45.0000 1668.2787   26.9105
    0.0000   30.0000  -45.0000 1667.8875   26.9465
  -15.0000   37.5000  -45.0000 1528.8859   30.7529
   -7.5000   37.5000  -45.0000 1556.6299   30.0567
    0.0000   37.5000  -45.0000 1555.7090   30.0721
  -15.0000   45.0000  -45.0000 1385.2910   34.6491
   -7.5000   45.0000  -45.0000 1409.8401   33.8375
    0.0000   45.0000  -45.0000 1400.6056   33.8379
  -15.0000  -45.0000  -37.5000 1789.1227   26.5100
   -7.5000  -45.0000  -37.5000 1810.9146   26.0090
    0.0000  -45.0000  -37.5000 1815.2778   25.9815
  -15.0000  -37.5000  -37.5000 1877.7427   24.1694
   -7.5000  -37.5000  -37.5000 1910.4034   23.7178
    0.0000  -37.5000  -37.5000 1916.6523   23.8066
  -15.0000  -30.0000  -37.5000 1954.2048   22.3816
   -7.5000  -30.0000  -37.5000 1989.3361   22.0404
    0.0000  -30.0000  -37.5000 1991.1398   22.0707
  -15.0000  -22.5000  -37.5000 2001.2670   21.2670
   -7.5000  -22.5000  -37.5000 2035.7920   20.8882
    0.0000  -22.5000  -37.5000 2035.7061   20.8662
  -15.0000  -15.0000  -37.5000 2027.3821   20.5742
   -7.5000  -15.0000  -37.5000 2062.5735   20.2013
    0.0000  -15.0000  -37.5000 2062.4978   20.1599
  -15.0000   -7.5000  -37.5000 2032.7909   20.3237
   -7.5000   -7.5000  -37.5000 2065.0847   19.8969
    0.0000   -7.5000  -37.5000 2059.4836   19.8224
  -15.0000    0.0000  -37.5000 2016.2319   20.5976
   -7.5000    0.0000  -37.5000 2046.8378   20.1128
    0.0000    0.0000  -37.5000 2044.9594   20.0434
  -15.0000    7.5000  -37.5000 1989.5870   21.3250
   -7.5000    7.5000  -37.5000 2019.4291   20.8103
    0.0000    7.5000  -37.5000 2012.1501   20.7815
  -15.0000   15.0000  -37.5000 1938.2162   22.5538
   -7.5000   15.0000  -37.5000 1972.6343   22.0111
    0.0000   15.0000  -37.5000 1967.4952   22.0162
  -15.0000   22.5000  -37.5000 1861.7996   24.2644
   -7.5000   22.5000  -37.5000 1896.4991   23.6766
    0.0000   22.5000  -37.5000 1891.6056   23.7626
  -15.0000   30.0000  -37.5000 1775.6925   26.6408
   -7.5000   30.0000  -37.5000 1804.9857   26.0841
    0.0000   30.0000  -37.5000 1802.7224   26.1269
  -15.0000   37.5000  -37.5000 1656.4087   29.7746
   -7.5000   37.5000  -37.5000 1685.7781   29.0991
    0.0000   37.5000  -37.5000 1677.6421   29.0795
  -15.0000   45.0000  -37.5000 1505.6243   33.5582
   -7.5000   45.0000  -37.5000 1529.8055   32.8466
    0.0000   45.0000  -37.5000 1515.7451   32.8810
  -15.0000  -45.0000  -30.0000 1912.5745   25.4297
   -7.5000  -45.0000  -30.0000 1943.4071   25.0260
    0.0000  -45.0000  -30.0000 1950.7502   24.9149
  -15.0000  -37.5000  -30.0000 2012.9937   23.1820
   -7.5000  -37.5000  -30.0000 2051.2766   22.7904
    0.0000  -37.5000  -30.0000 2060.6846   22.7574
  -15.0000  -30.0000  -30.0000 2100.9688   21.4741
   -7.5000  -30.0000  -30.0000 2137.5063   21.1153
    0.0000  -30.0000  -30.0000 2140.9670   21.0852
  -15.0000  -22.5000  -30.0000 2153.4224   20.3620
   -7.5000  -22.5000  -30.0000 2190.1448   20.0432
    0.0000  -22.5000  -30.0000 2188.2542   19.9901
  -15.0000  -15.0000  -30.0000 2185.1152   19.7537
   -7.5000  -15.0000  -30.0000 2218.8293   19.4158
    0.0000  -15.0000  -30.0000 2217.0210   19.3740
  -15.0000   -7.5000  -30.0000 2194.5933   19.5108
   -7.5000   -7.5000  -30.0000 2226.5310   19.1420
    0.0000   -7.5000  -30.0000 2223.9138   19.1044
  -15.0000    0.0000  -30.0000 2178.5955   19.7901
   -7.5000    0.0000  -30.0000 2209.1851   19.4019
    0.0000    0.0000  -30.0000 2205.6890   19.3188
  -15.0000    7.5000  -30.0000 2138.0166   20.4582
   -7.5000    7.5000  -30.0000 2173.5532   20.0176
    0.0000    7.5000  -30.0000 2167.0693   19.9460
  -15.0000   15.0000  -30.0000 2081.3821   21.5943
   -7.5000   15.0000  -30.0000 2120.0547   21.1062
    0.0000   15.0000  -30.0000 2111.9871   21.0837
  -15.0000   22.5000  -30.0000 2003.6921   23.2910
   -7.5000   22.5000  -30.0000 2039.1504   22.7774
    0.0000   22.5000  -30.0000 2033.9281   22.7998
  -15.0000   30.0000  -30.0000 1903.6947   25.6754
   -7.5000   30.0000  -30.0000 1937.3047   25.1394
    0.0000   30.0000  -30.0000 1932.7188   25.1448
  -15.0000   37.5000  -30.0000 1772.0043   28.6502
   -7.5000   37.5000  -30.0000 1802.9974   28.0489
    0.0000   37.5000  -30.0000 1797.9423   28.0753
  -15.0000   45.0000  -30.0000 1609.5370   32.2792
   -7.5000   45.0000  -30.0000 1636.4424   31.5773
    0.0000   45.0000  -30.0000 1630.1188   31.5995
  -15.0000  -45.0000  -22.5000 2026.5895   24.1133
   -7.5000  -45.0000  -22.5000 2062.7976   23.7339
    0.0000  -45.0000  -22.5000 2070.5391   23.6649
  -15.0000  -37.5000  -22.5000 2136.9312   21.9453
   -7.5000  -37.5000  -22.5000 2177.1470   21.5952
    0.0000  -37.5000  -22.5000 2180.7600   21.5024
  -15.0000  -30.0000  -22.5000 2232.5293   20.3437
   -7.5000  -30.0000  -22.5000 2270.9050   20.0019
    0.0000  -30.0000  -22.5000 2268.6030   19.8863
  -15.0000  -22.5000  -22.5000 2290.8904   19.2723
   -7.5000  -22.5000  -22.5000 2331.9216   18.9478
    0.0000  -22.5000  -22.5000 2328.0796   18.8735
  -15.0000  -15.0000  -22.5000 2328.4119   18.7047
   -7.5000  -15.0000  -22.5000 2365.1917   18.4201
    0.0000  -15.0000  -22.5000 2360.4001   18.3424
  -15.0000   -7.5000  -22.5000 2340.7581   18.5402
   -7.5000   -7.5000  -22.5000 2380.4158   18.2076
    0.0000   -7.5000  -22.5000 2380.2466   18.1655
  -15.0000    0.0000  -22.5000 2325.1074   18.8121
   -7.5000    0.0000  -22.5000 2367.9849   18.4659
    0.0000    0.0000  -22.5000 2364.9900   18.3840
  -15.0000    7.5000  -22.5000 2285.3418   19.4818
   -7.5000    7.5000  -22.5000 2331.0566   19.0989
    0.0000    7.5000  -22.5000 2323.1909   19.0437
  -15.0000   15.0000  -22.5000 2222.1184   20.6269
   -7.5000   15.0000  -22.5000 2264.4470   20.1662
    0.0000   15.0000  -22.5000 2259.7803   20.1328
  -15.0000   22.5000  -22.5000 2132.0298   22.2036
   -7.5000   22.5000  -22.5000 2172.8730   21.7405
    0.0000   22.5000  -22.5000 2166.4189   21.7105
  -15.0000   30.0000  -22.5000 2018.3492   24.4877
   -7.5000   30.0000  -22.5000 2054.7256   23.9645
    0.0000   30.0000  -22.5000 2050.1201   23.9205
  -15.0000   37.5000  -22.5000 1875.4258   27.3149
   -7.5000   37.5000  -22.5000 1910.9005   26.7402
    0.0000   37.5000  -22.5000 1907.1957   26.7364
  -15.0000   45.0000  -22.5000 1702.2654   30.6675
   -7.5000   45.0000  -22.5000 1728.5582   30.0074
    0.0000   45.0000  -22.5000 1725.6721   29.9837
  -15.0000  -45.0000  -15.0000 2116.2883   22.8436
   -7.5000  -45.0000  -15.0000 2151.7368   22.5378
    0.0000  -45.0000  -15.0000 2159.3062   22.4491
  -15.0000  -37.5000  -15.0000 2236.9456   20.7708
   -7.5000  -37.5000  -15.0000 2273.4695   20.3978
    0.0000  -37.5000  -15.0000 2279.5759   20.3220
  -15.0000  -30.0000  -15.0000 2342.0610   19.1925
   -7.5000  -30.0000  -15.0000 2380.3523   18.8428
    0.0000  -30.0000  -15.0000 2377.0051   18.7410
  -15.0000  -22.5000  -15.0000 2414.8792   18.1703
   -7.5000  -22.5000  -15.0000 2453.7141   17.8263
    0.0000  -22.5000  -15.0000 2450.2366   17.7484
  -15.0000  -15.0000  -15.0000 2455.0847   17.6256
   -7.5000  -15.0000  -15.0000 2495.8083   17.3098
    0.0000  -15.0000  -15.0000 2495.5442   17.2440
  -15.0000   -7.5000  -15.0000 2475.1858   17.5619
   -7.5000   -7.5000  -15.0000 2519.3416   17.1717
    0.0000   -7.5000  -15.0000 2520.5864   17.1091
  -15.0000    0.0000  -15.0000 2459.9275   17.8327
   -7.5000    0.0000  -15.0000 2509.1909   17.4885
    0.0000    0.0000  -15.0000 2510.6326   17.3998
  -15.0000    7.5000  -15.0000 2411.9556   18.4873
   -7.5000    7.5000  -15.0000 2465.3760   18.1628
    0.0000    7.5000  -15.0000 2466.1033   18.0711
  -15.0000   15.0000  -15.0000 2337.1406   19.5896
   -7.5000   15.0000  -15.0000 2387.9937   19.1979
    0.0000   15.0000  -15.0000 2390.4697   19.1024
  -15.0000   22.5000  -15.0000 2239.1531   21.1418
   -7.5000   22.5000  -15.0000 2281.9653   20.7285
    0.0000   22.5000  -15.0000 2276.6770   20.6483
  -15.0000   30.0000  -15.0000 2122.4639   23.3466
   -7.5000   30.0000  -15.0000 2159.4624   22.8382
    0.0000   30.0000  -15.0000 2147.8743   22.7816
  -15.0000   37.5000  -15.0000 1964.1719   25.9376
   -7.5000   37.5000  -15.0000 1999.8953   25.4304
    0.0000   37.5000  -15.0000 1992.9929   25.3703
  -15.0000   45.0000  -15.0000 1778.5812   28.9911
   -7.5000   45.0000  -15.0000 1810.6655   28.4570
    0.0000   45.0000  -15.0000 1807.6243   28.3272
  -15.0000  -45.0000   -7.5000 2170.8804   21.6618
   -7.5000  -45.0000   -7.5000 2207.6624   21.2414
    0.0000  -45.0000   -7.5000 2215.5369   21.1841
  -15.0000  -37.5000   -7.5000 2299.6533   19.6940
   -7.5000  -37.5000   -7.5000 2339.9053   19.2580
    0.0000  -37.5000   -7.5000 2341.2400   19.1791
  -15.0000  -30.0000   -7.5000 2417.7310   18.1539
   -7.5000  -30.0000   -7.5000 2459.3264   17.7345
    0.0000  -30.0000   -7.5000 2453.9827   17.6493
  -15.0000  -22.5000   -7.5000 2501.1987   17.1054
   -7.5000  -22.5000   -7.5000 2544.6772   16.7494
    0.0000  -22.5000   -7.5000 2540.9614   16.6664
  -15.0000  -15.0000   -7.5000 2552.9146   16.6001
   -7.5000  -15.0000   -7.5000 2602.5728   16.2139
    0.0000  -15.0000   -7.5000 2599.8181   16.1383
  -15.0000   -7.5000   -7.5000 2577.8210   16.5856
   -7.5000   -7.5000   -7.5000 2632.4761   16.1724
    0.0000   -7.5000   -7.5000 2632.4363   16.0806
  -15.0000    0.0000   -7.5000 2559.8230   16.8268
   -7.5000    0.0000   -7.5000 2623.8547   16.4716
    0.0000    0.0000   -7.5000 2623.5618   16.4029
  -15.0000    7.5000   -7.5000 2501.7388   17.4831
   -7.5000    7.5000   -7.5000 2563.3718   17.1675
    0.0000    7.5000   -7.5000 2563.1282   17.0956
  -15.0000   15.0000   -7.5000 2417.6812   18.5477
   -7.5000   15.0000   -7.5000 2475.3677   18.2108
    0.0000   15.0000   -7.5000 2474.5774   18.1331
  -15.0000   22.5000   -7.5000 2314.5469   20.0460
   -7.5000   22.5000   -7.5000 2361.5906   19.6736
    0.0000   22.5000   -7.5000 2357.1638   19.5876
  -15.0000   30.0000   -7.5000 2183.1409   22.1027
   -7.5000   30.0000   -7.5000 2225.8567   21.6574
    0.0000   30.0000   -7.5000 2221.0745   21.5542
  -15.0000   37.5000   -7.5000 2017.4352   24.5866
   -7.5000   37.5000   -7.5000 2052.1602   24.0869
    0.0000   37.5000   -7.5000 2045.8555   23.9818
  -15.0000   45.0000   -7.5000 1822.8483   27.3883
   -7.5000   45.0000   -7.5000 1855.7457   26.9131
    0.0000   45.0000   -7.5000 1852.2003   26.8281
  -15.0000  -45.0000    0.0000 2219.6807   20.9777
   -7.5000  -45.0000    0.0000 2259.2424   20.4043
    0.0000  -45.0000    0.0000 2269.9231   20.3841
  -15.0000  -37.5000    0.0000 2357.7615   18.9917
   -7.5000  -37.5000    0.0000 2400.0977   18.4754
    0.0000  -37.5000    0.0000 2404.0522   18.4622
  -15.0000  -30.0000    0.0000 2484.6948   17.5053
   -7.5000  -30.0000    0.0000 2528.5129   17.0042
    0.0000  -30.0000    0.0000 2527.1128   16.9887
  -15.0000  -22.5000    0.0000 2579.6162   16.4766
   -7.5000  -22.5000    0.0000 2632.5054   15.9929
    0.0000  -22.5000    0.0000 2624.8020   15.9663
  -15.0000  -15.0000    0.0000 2649.5366   15.9620
   -7.5000  -15.0000    0.0000 2706.2505   15.4777
    0.0000  -15.0000    0.0000 2701.6162   15.4330
  -15.0000   -7.5000    0.0000 2675.9253   15.9048
   -7.5000   -7.5000    0.0000 2741.2908   15.4619
    0.0000   -7.5000    0.0000 2742.5247   15.4175
  -15.0000    0.0000    0.0000 2655.5183   16.2422
   -7.5000    0.0000    0.0000 2731.8833   15.8186
    0.0000    0.0000    0.0000 2731.1157   15.7890
  -15.0000    7.5000    0.0000 2589.1892   16.9134
   -7.5000    7.5000    0.0000 2655.2915   16.5579
    0.0000    7.5000    0.0000 2654.2595   16.5074
  -15.0000   15.0000    0.0000 2496.2195   17.9447
   -7.5000   15.0000    0.0000 2557.4653   17.5574
    0.0000   15.0000    0.0000 2550.9534   17.4947
  -15.0000   22.5000    0.0000 2374.5383   19.3810
   -7.5000   22.5000    0.0000 2426.6780   18.9761
    0.0000   22.5000    0.0000 2422.5852   18.9102
  -15.0000   30.0000    0.0000 2236.4099   21.3013
   -7.5000   30.0000    0.0000 2281.7048   20.8795
    0.0000   30.0000    0.0000 2280.6802   20.7730
  -15.0000   37.5000    0.0000 2061.8035   23.6692
   -7.5000   37.5000    0.0000 2099.4399   23.2060
    0.0000   37.5000    0.0000 2099.4053   23.1031
  -15.0000   45.0000    0.0000 1863.3732   26.4046
   -7.5000   45.0000    0.0000 1898.8546   25.8718
    0.0000   45.0000    0.0000 1896.9839   25.7959
  -15.0000  -45.0000    7.5000 2252.0835   20.3892
   -7.5000  -45.0000    7.5000 2295.9421   19.7982
    0.0000  -45.0000    7.5000 2301.0493   19.8121
  -15.0000  -37.5000    7.5000 2392.1682   18.4757
   -7.5000  -37.5000    7.5000 2437.1208   17.9115
    0.0000  -37.5000    7.5000 2441.9221   17.9492
  -15.0000  -30.0000    7.5000 2517.3533   16.9982
   -7.5000  -30.0000    7.5000 2567.6072   16.4797
    0.0000  -30.0000    7.5000 2570.9868   16.4752
  -15.0000  -22.5000    7.5000 2621.0850   15.9627
   -7.5000  -22.5000    7.5000 2683.7639   15.3792
    0.0000  -22.5000    7.5000 2682.7048   15.3764
  -15.0000  -15.0000    7.5000 2703.0896   15.3891
   -7.5000  -15.0000    7.5000 2774.0854   14.7846
    0.0000  -15.0000    7.5000 2773.3240   14.7637
  -15.0000   -7.5000    7.5000 2739.0884   15.3170
   -7.5000   -7.5000    7.5000 2820.3276   14.8182
    0.0000   -7.5000    7.5000 2824.8110   14.7618
  -15.0000    0.0000    7.5000 2721.9966   15.6531
   -7.5000    0.0000    7.5000 2807.4988   15.2691
    0.0000    0.0000    7.5000 2810.6472   15.2272
  -15.0000    7.5000    7.5000 2650.0544   16.3858
   -7.5000    7.5000    7.5000 2716.7769   16.0635
    0.0000    7.5000    7.5000 2719.9250   15.9722
  -15.0000   15.0000    7.5000 2545.2810   17.3766
   -7.5000   15.0000    7.5000 2606.3943   17.0078
    0.0000   15.0000    7.5000 2601.0122   16.9340
  -15.0000   22.5000    7.5000 2413.5554   18.7406
   -7.5000   22.5000    7.5000 2468.7300   18.3309
    0.0000   22.5000    7.5000 2469.2407   18.2708
  -15.0000   30.0000    7.5000 2266.5276   20.6238
   -7.5000   30.0000    7.5000 2316.9243   20.1709
    0.0000   30.0000    7.5000 2315.4233   20.1141
  -15.0000   37.5000    7.5000 2089.7581   22.9068
   -7.5000   37.5000    7.5000 2126.8044   22.4649
    0.0000   37.5000    7.5000 2125.4705   22.3582
  -15.0000   45.0000    7.5000 1887.9016   25.4643
   -7.5000   45.0000    7.5000 1919.5178   25.0189
    0.0000   45.0000    7.5000 1920.3027   24.9557
  -15.0000  -45.0000   15.0000 2265.5117   20.0987
   -7.5000  -45.0000   15.0000 2311.6816   19.5041
    0.0000  -45.0000   15.0000 2321.1086   19.5178
  -15.0000  -37.5000   15.0000 2409.3083   18.2648
   -7.5000  -37.5000   15.0000 2457.8420   17.6623
    0.0000  -37.5000   15.0000 2462.9851   17.6826
  -15.0000  -30.0000   15.0000 2529.8938   16.8379
   -7.5000  -30.0000   15.0000 2590.0940   16.2632
    0.0000  -30.0000   15.0000 2590.1282   16.2826
  -15.0000  -22.5000   15.0000 2642.4702   15.7763
   -7.5000  -22.5000   15.0000 2711.5430   15.1821
    0.0000  -22.5000   15.0000 2717.2827   15.2413
  -15.0000  -15.0000   15.0000 2735.9890   15.1686
   -7.5000  -15.0000   15.0000 2812.3311   14.4781
    0.0000  -15.0000   15.0000 2814.4832   14.4900
  -15.0000   -7.5000   15.0000 2776.6555   15.0633
   -7.5000   -7.5000   15.0000 2864.4268   14.5482
    0.0000   -7.5000   15.0000 2870.8059   14.5133
  -15.0000    0.0000   15.0000 2761.0803   15.3830
   -7.5000    0.0000   15.0000 2851.5530   14.9578
    0.0000    0.0000   15.0000 2859.7603   14.9213
  -15.0000    7.5000   15.0000 2680.4006   16.1271
   -7.5000    7.5000   15.0000 2759.7544   15.7032
    0.0000    7.5000   15.0000 2757.3320   15.5983
  -15.0000   15.0000   15.0000 2570.3445   17.1446
   -7.5000   15.0000   15.0000 2632.2993   16.7002
    0.0000   15.0000   15.0000 2628.5610   16.5808
  -15.0000   22.5000   15.0000 2432.6929   18.4382
   -7.5000   22.5000   15.0000 2483.5093   17.9709
    0.0000   22.5000   15.0000 2481.2329   17.8747
  -15.0000   30.0000   15.0000 2280.7395   20.2217
   -7.5000   30.0000   15.0000 2328.4929   19.7201
    0.0000   30.0000   15.0000 2324.9163   19.6504
  -15.0000   37.5000   15.0000 2098.5525   22.3358
   -7.5000   37.5000   15.0000 2134.1995   21.7849
    0.0000   37.5000   15.0000 2133.5037   21.7877
  -15.0000   45.0000   15.0000 1895.3058   24.8537
   -7.5000   45.0000   15.0000 1927.5793   24.2915
    0.0000   45.0000   15.0000 1925.7687   24.3271
  -15.0000  -45.0000   22.5000 2266.0117   20.0789
   -7.5000  -45.0000   22.5000 2318.0667   19.6227
    0.0000  -45.0000   22.5000 2325.7751   19.5504
  -15.0000  -37.5000   22.5000 2402.1433   18.2767
   -7.5000  -37.5000   22.5000 2456.0413   17.8099
    0.0000  -37.5000   22.5000 2459.6008   17.7448
  -15.0000  -30.0000   22.5000 2524.8909   16.8895
   -7.5000  -30.0000   22.5000 2591.6465   16.4173
    0.0000  -30.0000   22.5000 2587.9087   16.3866
  -15.0000  -22.5000   22.5000 2634.4390   15.8722
   -7.5000  -22.5000   22.5000 2711.0620   15.3458
    0.0000  -22.5000   22.5000 2712.3113   15.3605
  -15.0000  -15.0000   22.5000 2719.3833   15.2431
   -7.5000  -15.0000   22.5000 2804.8274   14.6355
    0.0000  -15.0000   22.5000 2803.7627   14.6311
  -15.0000   -7.5000   22.5000 2761.7661   15.0747
   -7.5000   -7.5000   22.5000 2844.1125   14.4737
    0.0000   -7.5000   22.5000 2850.4780   14.4416
  -15.0000    0.0000   22.5000 2749.3047   15.3457
   -7.5000    0.0000   22.5000 2825.8396   14.7939
    0.0000    0.0000   22.5000 2835.3040   14.7429
  -15.0000    7.5000   22.5000 2676.7241   16.0925
   -7.5000    7.5000   22.5000 2750.8347   15.5550
    0.0000    7.5000   22.5000 2757.3916   15.4278
  -15.0000   15.0000   22.5000 2561.6045   17.1342
   -7.5000   15.0000   22.5000 2627.6265   16.5869
    0.0000   15.0000   22.5000 2627.5039   16.4427
  -15.0000   22.5000   22.5000 2426.4585   18.3753
   -7.5000   22.5000   22.5000 2476.7388   17.9002
    0.0000   22.5000   22.5000 2476.7908   17.7537
  -15.0000   30.0000   22.5000 2273.4580   20.0638
   -7.5000   30.0000   22.5000 2319.9016   19.5966
    0.0000   30.0000   22.5000 2319.4365   19.4671
  -15.0000   37.5000   22.5000 2093.4331   22.1105
   -7.5000   37.5000   22.5000 2130.4043   21.6368
    0.0000   37.5000   22.5000 2126.2212   21.5448
  -15.0000   45.0000   22.5000 1885.8516   24.5814
   -7.5000   45.0000   22.5000 1922.6643   24.0929
    0.0000   45.0000   22.5000 1918.7141   24.0110
  -15.0000  -45.0000   30.0000 2256.0483   20.5304
   -7.5000  -45.0000   30.0000 2310.2217   20.0203
    0.0000  -45.0000   30.0000 2321.1030   20.0049
  -15.0000  -37.5000   30.0000 2385.9988   18.6942
   -7.5000  -37.5000   30.0000 2443.0171   18.2150
    0.0000  -37.5000   30.0000 2450.9866   18.1875
  -15.0000  -30.0000   30.0000 2503.6069   17.2830
   -7.5000  -30.0000   30.0000 2571.1096   16.8259
    0.0000  -30.0000   30.0000 2572.1980   16.7794
  -15.0000  -22.5000   30.0000 2605.5649   16.2871
   -7.5000  -22.5000   30.0000 2679.7456   15.7878
    0.0000  -22.5000   30.0000 2679.1128   15.7491
  -15.0000  -15.0000   30.0000 2679.5166   15.6695
   -7.5000  -15.0000   30.0000 2755.2761   15.1676
    0.0000  -15.0000   30.0000 2754.8662   15.0917
  -15.0000   -7.5000   30.0000 2712.5698   15.4867
   -7.5000   -7.5000   30.0000 2785.7634   14.9628
    0.0000   -7.5000   30.0000 2786.2703   14.8322
  -15.0000    0.0000   30.0000 2699.0930   15.6892
   -7.5000    0.0000   30.0000 2767.9814   15.1262
    0.0000    0.0000   30.0000 2771.9749   15.0080
  -15.0000    7.5000   30.0000 2633.7195   16.3114
   -7.5000    7.5000   30.0000 2697.1338   15.7536
    0.0000    7.5000   30.0000 2705.5671   15.6183
  -15.0000   15.0000   30.0000 2526.6765   17.2819
   -7.5000   15.0000   30.0000 2585.9507   16.7148
    0.0000   15.0000   30.0000 2589.2668   16.5590
  -15.0000   22.5000   30.0000 2394.3054   18.5384
   -7.5000   22.5000   30.0000 2446.6724   18.0035
    0.0000   22.5000   30.0000 2453.9924   17.8915
  -15.0000   30.0000   30.0000 2252.0618   20.2496
   -7.5000   30.0000   30.0000 2291.7859   19.7207
    0.0000   30.0000   30.0000 2292.8386   19.6285
  -15.0000   37.5000   30.0000 2073.6040   22.3434
   -7.5000   37.5000   30.0000 2110.1411   21.7934
    0.0000   37.5000   30.0000 2106.0264   21.7474
  -15.0000   45.0000   30.0000 1867.6310   24.7268
   -7.5000   45.0000   30.0000 1902.6001   24.1728
    0.0000   45.0000   30.0000 1901.9810   24.1421
  -15.0000  -45.0000   37.5000 2229.9890   21.2445
   -7.5000  -45.0000   37.5000 2281.7300   20.7319
    0.0000  -45.0000   37.5000 2289.3254   20.6539
  -15.0000  -37.5000   37.5000 2355.6926   19.3942
   -7.5000  -37.5000   37.5000 2413.3511   18.9191
    0.0000  -37.5000   37.5000 2416.5698   18.8311
  -15.0000  -30.0000   37.5000 2464.5771   18.0287
   -7.5000  -30.0000   37.5000 2527.4075   17.5635
    0.0000  -30.0000   37.5000 2527.1675   17.4759
  -15.0000  -22.5000   37.5000 2555.2449   17.0303
   -7.5000  -22.5000   37.5000 2623.5864   16.6342
    0.0000  -22.5000   37.5000 2625.4170   16.5717
  -15.0000  -15.0000   37.5000 2615.8923   16.4580
   -7.5000  -15.0000   37.5000 2681.5684   16.0571
    0.0000  -15.0000   37.5000 2681.5911   16.0152
  -15.0000   -7.5000   37.5000 2637.7537   16.2539
   -7.5000   -7.5000   37.5000 2694.7341   15.7957
    0.0000   -7.5000   37.5000 2696.1709   15.7199
  -15.0000    0.0000   37.5000 2618.0288   16.3523
   -7.5000    0.0000   37.5000 2673.5107   15.8308
    0.0000    0.0000   37.5000 2673.4526   15.7454
  -15.0000    7.5000   37.5000 2559.8618   16.8784
   -7.5000    7.5000   37.5000 2603.9724   16.3167
    0.0000    7.5000   37.5000 2609.0938   16.2294
  -15.0000   15.0000   37.5000 2464.5046   17.7481
   -7.5000   15.0000   37.5000 2511.1074   17.1757
    0.0000   15.0000   37.5000 2509.2617   17.0601
  -15.0000   22.5000   37.5000 2344.6570   19.0135
   -7.5000   22.5000   37.5000 2388.0310   18.4226
    0.0000   22.5000   37.5000 2388.9648   18.3389
  -15.0000   30.0000   37.5000 2207.3860   20.7229
   -7.5000   30.0000   37.5000 2248.4082   20.1358
    0.0000   30.0000   37.5000 2247.4775   20.0498
  -15.0000   37.5000   37.5000 2036.6334   22.8442
   -7.5000   37.5000   37.5000 2078.1357   22.2465
    0.0000   37.5000   37.5000 2074.5659   22.1401
  -15.0000   45.0000   37.5000 1843.7188   25.2104
   -7.5000   45.0000   37.5000 1881.0729   24.6331
    0.0000   45.0000   37.5000 1877.0237   24.5727
  -15.0000  -45.0000   45.0000 2168.8926   22.3616
   -7.5000  -45.0000   45.0000 2218.5007   21.8436
    0.0000  -45.0000   45.0000 2225.8235   21.7023
  -15.0000  -37.5000   45.0000 2288.7048   20.4516
   -7.5000  -37.5000   45.0000 2344.1074   20.0060
    0.0000  -37.5000   45.0000 2342.5122   19.9429
  -15.0000  -30.0000   45.0000 2387.2163   19.0564
   -7.5000  -30.0000   45.0000 2447.5391   18.6939
    0.0000  -30.0000   45.0000 2441.3508   18.6368
  -15.0000  -22.5000   45.0000 2466.5393   18.0614
   -7.5000  -22.5000   45.0000 2524.9441   17.7392
    0.0000  -22.5000   45.0000 2523.4578   17.6997
  -15.0000  -15.0000   45.0000 2513.9978   17.4525
   -7.5000  -15.0000   45.0000 2571.0317   17.1207
    0.0000  -15.0000   45.0000 2569.0095   17.0487
  -15.0000   -7.5000   45.0000 2525.3254   17.1794
   -7.5000   -7.5000   45.0000 2577.4043   16.8019
    0.0000   -7.5000   45.0000 2575.9353   16.7120
  -15.0000    0.0000   45.0000 2501.8940   17.2257
   -7.5000    0.0000   45.0000 2549.4490   16.7897
    0.0000    0.0000   45.0000 2549.0430   16.7010
  -15.0000    7.5000   45.0000 2449.3147   17.6946
   -7.5000    7.5000   45.0000 2490.5078   17.1841
    0.0000    7.5000   45.0000 2490.8984   17.0700
  -15.0000   15.0000   45.0000 2369.1313   18.5096
   -7.5000   15.0000   45.0000 2404.6714   18.0138
    0.0000   15.0000   45.0000 2402.8164   17.8765
  -15.0000   22.5000   45.0000 2261.5002   19.7129
   -7.5000   22.5000   45.0000 2294.5466   19.2069
    0.0000   22.5000   45.0000 2292.1238   19.0944
  -15.0000   30.0000   45.0000 2133.8430   21.3659
   -7.5000   30.0000   45.0000 2167.0139   20.8261
    0.0000   30.0000   45.0000 2167.8425   20.7246
  -15.0000   37.5000   45.0000 1974.6971   23.5311
   -7.5000   37.5000   45.0000 2011.1337   22.9063
    0.0000   37.5000   45.0000 2010.6547   22.8047
  -15.0000   45.0000   45.0000 1787.8549   26.0372
   -7.5000   45.0000   45.0000 1821.0725   25.3486
    0.0000   45.0000   45.0000 1820.1451   25.2520

---------------------------------------------------------------------
imgreg_4dfp /opt/freesurfer/average/711-2C_as_mni_average_305 /opt/freesurfer/average/711-2B_as_mni_average_305_mask talsrcimg_g11 none talsrcimg_to_711-2C_as_mni_average_305_t4 1283
---------------------------------------------------------------------

freesurfer imgreg_4dfp.c
/opt/freesurfer/average/711-2C_as_mni_average_305.4dfp.img
       256       256       256         1
  1.000000  1.000000  1.000000
orientation T byte_order littleendian
Reading image: /opt/freesurfer/average/711-2C_as_mni_average_305.4dfp.img
dimensions:      256       256       256
mmppix:       1.0000   -1.0000   -1.0000
center:     128.0000 -129.0000 -129.0000
/opt/freesurfer/average/711-2B_as_mni_average_305_mask.4dfp.img
       256       256       256         1
  1.000000  1.000000  1.000000
orientation T byte_order littleendian
Reading mask: /opt/freesurfer/average/711-2B_as_mni_average_305_mask.4dfp.img (2306576 pixels)
talsrcimg_g11.4dfp.img
       256       256       256         1
  0.900000  0.900000  0.900000
orientation T byte_order littleendian
Reading image: talsrcimg_g11.4dfp.img
dimensions:      256       256       256
mmppix:       0.9000   -0.9000   -0.9000
center:     115.2000 -116.1000 -116.1000
rotation matrix determinant  1.000000
fimgreg.f
image alignment mode   1283 decimal      503 hex
parameters
    0.0000   -7.5000   15.0000    0.0000    0.0000    0.0000
eta,q 0.90201 14.43312
niter,ni,del,rscale     5    3   12.0000    1.2000
parameter  4 -0.520320 -> -0.500000 qaram    1.1500
parameter  6 -0.561228 -> -0.500000 qaram    1.1500
parameters
   -2.7540   -5.4308   16.1827    3.4500    0.5926    3.4500
eta,q 0.90933 14.42000
  0.0978  0.1083  0.1070  0.0942  0.0983  0.0997
  0.0936  0.1012  0.1015  0.0933  0.0956  0.0963
  0.0922  0.0952  0.0937  0.0933  0.0928  0.0935
  0.0952  0.0922  0.0916  0.0921  0.0917  0.0918
  0.1025  0.0915  0.0926  0.0915  0.0926  0.0908
  0.1121  0.0927  0.0945  0.0917  0.0948  0.0907
  0.1199  0.0950  0.0986  0.0924  0.0958  0.0913
niter,ni,del,rscale     6    3   12.0000    1.2000
parameters
   -3.1402   -7.1496   16.8002    4.5666    1.1115    4.3110
eta,q 0.91127 14.34119
  0.1013  0.0948  0.1043  0.0959  0.0954  0.0958
  0.0955  0.0898  0.0974  0.0935  0.0932  0.0927
  0.0917  0.0891  0.0896  0.0917  0.0905  0.0907
  0.0907  0.0905  0.0892  0.0897  0.0891  0.0891
  0.0935  0.0937  0.0899  0.0890  0.0901  0.0886
  0.0978  0.0976  0.0927  0.0906  0.0924  0.0904
  0.1038  0.1023  0.0990  0.0937  0.0934  0.0936
niter,ni,del,rscale     5    3   12.0000    1.2000
parameters
   -3.1266   -7.3739   16.9238    4.7908    1.3582    4.4753
eta,q 0.91152 14.33539
  0.1003  0.1001  0.1017  0.0949  0.0948  0.0946
  0.0945  0.0935  0.0941  0.0928  0.0923  0.0919
  0.0911  0.0889  0.0882  0.0907  0.0897  0.0900
  0.0887  0.0887  0.0886  0.0886  0.0885  0.0886
  0.0904  0.0917  0.0889  0.0890  0.0899  0.0887
  0.0945  0.0958  0.0937  0.0915  0.0922  0.0912
  0.1004  0.1002  0.1001  0.0951  0.0935  0.0946
niter,ni,del,rscale     4    3   12.0000    1.2000
parameters
   -3.2025   -7.4501   16.9484    4.8924    1.4930    4.5828
eta,q 0.91162 14.33480
  0.0996  0.1008  0.1011  0.0947  0.0946  0.0945
  0.0941  0.0943  0.0935  0.0926  0.0919  0.0918
  0.0908  0.0892  0.0880  0.0904  0.0894  0.0899
  0.0885  0.0885  0.0884  0.0885  0.0884  0.0884
  0.0903  0.0914  0.0888  0.0891  0.0899  0.0888
  0.0944  0.0956  0.0939  0.0916  0.0922  0.0913
  0.1004  0.1001  0.1002  0.0953  0.0935  0.0946
niter,ni,del,rscale     3    3   12.0000    1.2000
parameters
   -3.2398   -7.4917   16.9556    4.9477    1.5549    4.6368
eta,q 0.91167 14.33409
  0.0997  0.1010  0.1009  0.0947  0.0944  0.0944
  0.0941  0.0945  0.0933  0.0926  0.0917  0.0918
  0.0908  0.0893  0.0879  0.0903  0.0893  0.0898
  0.0884  0.0884  0.0884  0.0884  0.0884  0.0884
  0.0901  0.0913  0.0886  0.0891  0.0899  0.0888
  0.0942  0.0955  0.0939  0.0916  0.0922  0.0914
  0.1002  0.1001  0.1002  0.0954  0.0935  0.0947
niter,ni,del,rscale     2    3   12.0000    1.2000
parameters
   -3.2585   -7.5129   16.9580    4.9726    1.5798    4.6610
eta,q 0.91168 14.33348
  0.0997  0.1011  0.1008  0.0946  0.0944  0.0944
  0.0941  0.0946  0.0932  0.0925  0.0916  0.0917
  0.0908  0.0894  0.0879  0.0903  0.0892  0.0898
  0.0883  0.0883  0.0883  0.0883  0.0883  0.0883
  0.0901  0.0912  0.0886  0.0891  0.0899  0.0889
  0.0942  0.0955  0.0938  0.0917  0.0923  0.0915
  0.1001  0.1001  0.1002  0.0954  0.0936  0.0947
registration optimization eta report
parameter search radius
    6.0000    6.0000    6.0000    6.9000    6.0000    6.9000
100000*second partial in parameter space
       31.       33.       36.       13.       15.       13.
  0.0997  0.1011  0.1008  0.0946  0.0944  0.0944
  0.0941  0.0946  0.0932  0.0925  0.0916  0.0917
  0.0908  0.0894  0.0879  0.0903  0.0892  0.0898
  0.0883  0.0883  0.0883  0.0883  0.0883  0.0883
  0.0901  0.0912  0.0886  0.0891  0.0899  0.0889
  0.0942  0.0955  0.0938  0.0917  0.0923  0.0915
  0.1001  0.1001  0.1002  0.0954  0.0936  0.0947
   -3.2585   -7.5129   16.9580    4.9726    1.5798    4.6610
eta,q 0.91168 14.33348

---------------------------------------------------------------------
imgreg_4dfp /opt/freesurfer/average/711-2C_as_mni_average_305 /opt/freesurfer/average/711-2B_as_mni_average_305_mask talsrcimg_g11 none talsrcimg_to_711-2C_as_mni_average_305_t4 3335
---------------------------------------------------------------------

freesurfer imgreg_4dfp.c
/opt/freesurfer/average/711-2C_as_mni_average_305.4dfp.img
       256       256       256         1
  1.000000  1.000000  1.000000
orientation T byte_order littleendian
Reading image: /opt/freesurfer/average/711-2C_as_mni_average_305.4dfp.img
dimensions:      256       256       256
mmppix:       1.0000   -1.0000   -1.0000
center:     128.0000 -129.0000 -129.0000
/opt/freesurfer/average/711-2B_as_mni_average_305_mask.4dfp.img
       256       256       256         1
  1.000000  1.000000  1.000000
orientation T byte_order littleendian
Reading mask: /opt/freesurfer/average/711-2B_as_mni_average_305_mask.4dfp.img (2306576 pixels)
talsrcimg_g11.4dfp.img
       256       256       256         1
  0.900000  0.900000  0.900000
orientation T byte_order littleendian
Reading image: talsrcimg_g11.4dfp.img
dimensions:      256       256       256
mmppix:       0.9000   -0.9000   -0.9000
center:     115.2000 -116.1000 -116.1000
fimgreg.f
image alignment mode   3335 decimal      D07 hex
parameters
   -3.2585   -7.5129   16.9580   -0.3686   -0.7253   -0.4142
   -8.3337   -2.0331    8.1230   -8.8625    2.7569    8.6647
eta,q 0.90809 14.41008
niter,ni,del,rscale     5    3    5.0000    1.2000
parameter  4  4.066317 ->  0.500000 qaram    1.1500
parameter  5  3.639118 ->  0.500000 qaram    1.1500
parameter  6  1.977881 ->  0.500000 qaram    1.1500
parameter  9  0.596672 ->  0.500000 qaram    1.1500
parameter 12  1.009161 ->  0.500000 qaram    1.1500
parameters
   -3.1316   -6.8708   17.6801   -4.5086   -4.8653   -4.5542
   -6.5813   -2.0371    3.9830   -6.6482    1.7505    4.5247
eta,q 0.93305 12.78486
  0.0939  0.0940  0.0939  0.0792  0.0716  0.0650  0.0712  0.0717  0.0682  0.0725  0.0687  0.0668
  0.0928  0.0930  0.0929  0.0831  0.0751  0.0677  0.0700  0.0701  0.0681  0.0704  0.0683  0.0669
  0.0922  0.0923  0.0922  0.0871  0.0794  0.0715  0.0692  0.0689  0.0682  0.0688  0.0681  0.0673
  0.0919  0.0919  0.0918  0.0917  0.0842  0.0762  0.0686  0.0685  0.0685  0.0681  0.0680  0.0680
  0.0920  0.0918  0.0917  0.0966  0.0894  0.0821  0.0685  0.0689  0.0691  0.0680  0.0682  0.0690
  0.0926  0.0920  0.0918  0.1017  0.0949  0.0883  0.0688  0.0701  0.0700  0.0684  0.0686  0.0702
  0.0935  0.0926  0.0923  0.1075  0.1008  0.0953  0.0696  0.0717  0.0712  0.0690  0.0693  0.0716
niter,ni,del,rscale     7    3    5.0000    1.2000
parameter  2 -0.613324 -> -0.500000 qaram    1.1500
parameter  3  0.515740 ->  0.500000 qaram    1.1500
parameter  4  2.898070 ->  0.500000 qaram    1.3225
parameter  5  1.999365 ->  0.500000 qaram    1.3225
parameter  6  3.839763 ->  0.500000 qaram    1.3225
parameter 11  0.594960 ->  0.500000 qaram    1.1500
parameter 12  1.178031 ->  0.500000 qaram    1.3225
parameters
   -3.1154   -5.4908   16.3001   -9.2696   -9.6263   -9.3152
   -7.6465   -2.7705    2.9786   -5.1066   -2.3895   -0.2363
eta,q 0.95725 11.63877
  0.0687  0.0699  0.0664  0.0552  0.0489  0.0384  0.0463  0.0472  0.0461  0.0477  0.0442  0.0425
  0.0678  0.0686  0.0662  0.0580  0.0514  0.0433  0.0453  0.0453  0.0450  0.0460  0.0439  0.0426
  0.0672  0.0676  0.0662  0.0618  0.0547  0.0478  0.0447  0.0444  0.0445  0.0450  0.0440  0.0431
  0.0670  0.0670  0.0665  0.0662  0.0589  0.0522  0.0447  0.0446  0.0445  0.0444  0.0443  0.0439
  0.0671  0.0666  0.0671  0.0708  0.0639  0.0570  0.0452  0.0453  0.0449  0.0443  0.0448  0.0448
  0.0676  0.0665  0.0680  0.0761  0.0696  0.0632  0.0462  0.0465  0.0458  0.0447  0.0453  0.0459
  0.0687  0.0666  0.0692  0.0816  0.0757  0.0700  0.0476  0.0482  0.0469  0.0457  0.0459  0.0473
niter,ni,del,rscale     7    3    5.0000    1.2000
parameter  2 -0.619120 -> -0.500000 qaram    1.3225
parameter  3  0.545995 ->  0.500000 qaram    1.3225
parameter  4  0.855596 ->  0.500000 qaram    1.5209
parameter  5  1.124415 ->  0.500000 qaram    1.5209
parameter  6  1.022232 ->  0.500000 qaram    1.5209
parameter  9 -0.634600 -> -0.500000 qaram    1.3225
parameter 10 -0.565351 -> -0.500000 qaram    1.1500
parameters
   -2.9542   -3.9038   14.7131  -14.7448  -15.1014  -14.7903
   -5.7345   -1.0426    7.7396   -0.9666    0.3829   -3.1379
eta,q 0.97689 11.16963
  0.0464  0.0482  0.0416  0.0372  0.0319  0.0273  0.0305  0.0334  0.0310  0.0317  0.0284  0.0248
  0.0447  0.0460  0.0414  0.0374  0.0332  0.0265  0.0288  0.0306  0.0290  0.0292  0.0265  0.0236
  0.0434  0.0441  0.0414  0.0385  0.0349  0.0287  0.0275  0.0282  0.0274  0.0270  0.0249  0.0231
  0.0427  0.0427  0.0418  0.0414  0.0376  0.0336  0.0267  0.0265  0.0261  0.0251  0.0238  0.0234
  0.0429  0.0419  0.0426  0.0464  0.0413  0.0387  0.0265  0.0261  0.0253  0.0240  0.0234  0.0246
  0.0439  0.0418  0.0439  0.0522  0.0463  0.0451  0.0270  0.0271  0.0251  0.0239  0.0238  0.0265
  0.0457  0.0422  0.0455  0.0588  0.0523  0.0519  0.0279  0.0293  0.0256  0.0249  0.0248  0.0288
niter,ni,del,rscale     7    3    5.0000    1.2000
parameters
   -3.2893   -3.0108   13.9215  -16.9493  -18.6041  -17.3962
   -6.3909   -2.4087    8.2774   -0.1435    2.0522   -3.8186
eta,q 0.97747 10.92623
  0.0259  0.0304  0.0254  0.0268  0.0248  0.0274  0.0252  0.0254  0.0262  0.0279  0.0240  0.0246
  0.0241  0.0269  0.0232  0.0247  0.0224  0.0253  0.0239  0.0234  0.0245  0.0252  0.0232  0.0233
  0.0232  0.0244  0.0223  0.0231  0.0216  0.0235  0.0231  0.0227  0.0233  0.0234  0.0228  0.0227
  0.0231  0.0230  0.0227  0.0222  0.0226  0.0216  0.0229  0.0229  0.0227  0.0226  0.0226  0.0226
  0.0239  0.0227  0.0243  0.0238  0.0245  0.0247  0.0234  0.0238  0.0228  0.0229  0.0226  0.0230
  0.0256  0.0234  0.0269  0.0282  0.0281  0.0314  0.0246  0.0256  0.0239  0.0241  0.0227  0.0239
  0.0279  0.0251  0.0298  0.0345  0.0331  0.0391  0.0262  0.0284  0.0257  0.0261  0.0232  0.0251
niter,ni,del,rscale     6    3    5.0000    1.2000
parameters
   -3.3443   -2.6892   13.4807  -16.0050  -18.4561  -18.2632
   -6.7426   -2.4658    8.0043    0.5477    2.7337   -4.0301
eta,q 0.97730 10.93905
  0.0254  0.0280  0.0244  0.0279  0.0280  0.0288  0.0252  0.0268  0.0256  0.0273  0.0237  0.0248
  0.0238  0.0252  0.0231  0.0257  0.0253  0.0261  0.0239  0.0244  0.0241  0.0249  0.0232  0.0236
  0.0228  0.0234  0.0225  0.0239  0.0229  0.0242  0.0230  0.0231  0.0231  0.0234  0.0229  0.0229
  0.0225  0.0225  0.0225  0.0224  0.0221  0.0222  0.0227  0.0227  0.0227  0.0227  0.0227  0.0227
  0.0229  0.0228  0.0230  0.0218  0.0230  0.0213  0.0232  0.0231  0.0231  0.0230  0.0227  0.0231
  0.0240  0.0241  0.0241  0.0232  0.0246  0.0268  0.0242  0.0244  0.0243  0.0241  0.0229  0.0238
  0.0257  0.0261  0.0258  0.0275  0.0280  0.0340  0.0258  0.0270  0.0260  0.0259  0.0235  0.0249
niter,ni,del,rscale     5    3    5.0000    1.2000
parameters
   -3.3310   -2.4996   13.1928  -15.9573  -18.4308  -18.6443
   -6.6553   -2.4985    7.6484    0.9459    3.2818   -4.1249
eta,q 0.97710 10.92549
  0.0258  0.0275  0.0246  0.0277  0.0281  0.0293  0.0257  0.0269  0.0255  0.0269  0.0239  0.0250
  0.0242  0.0249  0.0234  0.0257  0.0256  0.0266  0.0243  0.0247  0.0242  0.0247  0.0234  0.0238
  0.0231  0.0233  0.0228  0.0240  0.0234  0.0246  0.0233  0.0234  0.0233  0.0234  0.0231  0.0231
  0.0227  0.0227  0.0227  0.0227  0.0227  0.0227  0.0229  0.0229  0.0229  0.0229  0.0229  0.0229
  0.0230  0.0231  0.0231  0.0224  0.0234  0.0212  0.0232  0.0232  0.0233  0.0233  0.0229  0.0232
  0.0241  0.0244  0.0240  0.0244  0.0250  0.0257  0.0242  0.0246  0.0244  0.0243  0.0231  0.0239
  0.0258  0.0263  0.0254  0.0290  0.0284  0.0329  0.0256  0.0272  0.0260  0.0261  0.0238  0.0250
niter,ni,del,rscale     4    3    5.0000    1.2000
parameters
   -3.3367   -2.3539   13.0396  -15.9183  -18.5145  -18.8567
   -6.5327   -2.5500    7.3472    1.2578    3.6712   -4.1860
eta,q 0.97698 10.91481
  0.0260  0.0273  0.0249  0.0279  0.0281  0.0294  0.0258  0.0270  0.0255  0.0267  0.0239  0.0251
  0.0243  0.0249  0.0237  0.0259  0.0256  0.0267  0.0244  0.0248  0.0242  0.0247  0.0235  0.0239
  0.0233  0.0234  0.0231  0.0242  0.0235  0.0247  0.0234  0.0235  0.0234  0.0234  0.0232  0.0232
  0.0229  0.0229  0.0229  0.0229  0.0229  0.0229  0.0230  0.0230  0.0230  0.0230  0.0230  0.0230
  0.0232  0.0234  0.0232  0.0227  0.0237  0.0213  0.0233  0.0233  0.0234  0.0234  0.0230  0.0234
  0.0243  0.0246  0.0240  0.0246  0.0252  0.0253  0.0242  0.0247  0.0244  0.0243  0.0232  0.0240
  0.0261  0.0264  0.0253  0.0291  0.0286  0.0325  0.0257  0.0273  0.0259  0.0262  0.0239  0.0251
niter,ni,del,rscale     3    3    5.0000    1.2000
parameters
   -3.3505   -2.2397   12.9306  -15.8693  -18.6170  -19.0167
   -6.4041   -2.6126    7.0831    1.5187    3.9974   -4.2070
eta,q 0.97691 10.90621
  0.0261  0.0272  0.0251  0.0280  0.0281  0.0294  0.0258  0.0270  0.0255  0.0266  0.0240  0.0252
  0.0244  0.0249  0.0238  0.0260  0.0256  0.0268  0.0245  0.0249  0.0242  0.0246  0.0236  0.0240
  0.0234  0.0235  0.0232  0.0243  0.0236  0.0248  0.0235  0.0236  0.0234  0.0235  0.0233  0.0233
  0.0230  0.0230  0.0230  0.0230  0.0230  0.0230  0.0231  0.0231  0.0231  0.0231  0.0231  0.0231
  0.0234  0.0235  0.0233  0.0228  0.0238  0.0214  0.0234  0.0234  0.0234  0.0234  0.0231  0.0234
  0.0244  0.0247  0.0241  0.0247  0.0253  0.0252  0.0243  0.0247  0.0244  0.0244  0.0233  0.0241
  0.0262  0.0265  0.0253  0.0292  0.0286  0.0324  0.0257  0.0274  0.0259  0.0262  0.0240  0.0251
niter,ni,del,rscale     2    3    5.0000    1.2000
parameters
   -3.3709   -2.1407   12.8348  -15.8162  -18.7330  -19.1632
   -6.2834   -2.6748    6.8461    1.7544    4.2862   -4.2203
eta,q 0.97684 10.89798
  0.0262  0.0272  0.0252  0.0281  0.0280  0.0294  0.0259  0.0271  0.0255  0.0265  0.0241  0.0252
  0.0245  0.0249  0.0239  0.0260  0.0256  0.0268  0.0246  0.0249  0.0243  0.0246  0.0237  0.0241
  0.0234  0.0235  0.0233  0.0244  0.0237  0.0248  0.0236  0.0237  0.0235  0.0235  0.0234  0.0233
  0.0231  0.0231  0.0231  0.0231  0.0231  0.0231  0.0232  0.0232  0.0232  0.0232  0.0232  0.0232
  0.0235  0.0236  0.0234  0.0229  0.0238  0.0215  0.0234  0.0234  0.0235  0.0235  0.0231  0.0235
  0.0245  0.0248  0.0242  0.0248  0.0253  0.0252  0.0244  0.0248  0.0244  0.0244  0.0234  0.0241
  0.0263  0.0266  0.0254  0.0292  0.0286  0.0323  0.0258  0.0275  0.0258  0.0262  0.0241  0.0251
niter,ni,del,rscale     1    3    5.0000    1.2000
parameters
   -3.3923   -2.0478   12.7520  -15.7693  -18.8541  -19.2947
   -6.1726   -2.7327    6.6336    1.9833    4.5540   -4.2213
eta,q 0.97678 10.89016
  0.0262  0.0272  0.0252  0.0281  0.0280  0.0294  0.0259  0.0271  0.0256  0.0265  0.0241  0.0253
  0.0245  0.0249  0.0240  0.0261  0.0257  0.0268  0.0246  0.0250  0.0243  0.0246  0.0237  0.0241
  0.0235  0.0236  0.0233  0.0244  0.0237  0.0249  0.0236  0.0237  0.0235  0.0235  0.0234  0.0234
  0.0232  0.0232  0.0232  0.0232  0.0231  0.0231  0.0232  0.0232  0.0232  0.0232  0.0232  0.0232
  0.0235  0.0236  0.0234  0.0230  0.0239  0.0215  0.0235  0.0235  0.0235  0.0235  0.0232  0.0235
  0.0246  0.0248  0.0242  0.0249  0.0253  0.0252  0.0244  0.0248  0.0244  0.0244  0.0235  0.0242
  0.0264  0.0266  0.0254  0.0293  0.0285  0.0322  0.0258  0.0275  0.0258  0.0262  0.0242  0.0252
registration optimization eta report
parameter search radius
    2.4000    3.1740    3.1740   10.9503   10.9503   10.9503
    7.2000    7.2000    9.5220    8.2800    8.2800    9.5220
100000*second partial in parameter space
       54.       37.       22.        5.        4.        7.
        5.        8.        3.        5.        1.        2.
  0.0262  0.0272  0.0252  0.0281  0.0280  0.0294  0.0259  0.0271  0.0256  0.0265  0.0241  0.0253
  0.0245  0.0249  0.0240  0.0261  0.0257  0.0268  0.0246  0.0250  0.0243  0.0246  0.0237  0.0241
  0.0235  0.0236  0.0233  0.0244  0.0237  0.0249  0.0236  0.0237  0.0235  0.0235  0.0234  0.0234
  0.0232  0.0232  0.0232  0.0232  0.0231  0.0231  0.0232  0.0232  0.0232  0.0232  0.0232  0.0232
  0.0235  0.0236  0.0234  0.0230  0.0239  0.0215  0.0235  0.0235  0.0235  0.0235  0.0232  0.0235
  0.0246  0.0248  0.0242  0.0249  0.0253  0.0252  0.0244  0.0248  0.0244  0.0244  0.0235  0.0242
  0.0264  0.0266  0.0254  0.0293  0.0285  0.0322  0.0258  0.0275  0.0258  0.0262  0.0242  0.0252
   -3.3923   -2.0478   12.7520  -15.7693  -18.8541  -19.2947
   -6.1726   -2.7327    6.6336    1.9833    4.5540   -4.2213
eta,q 0.97678 10.89016

---------------------------------------------------------------------
imgreg_4dfp /opt/freesurfer/average/711-2C_as_mni_average_305 /opt/freesurfer/average/711-2B_as_mni_average_305_mask talsrcimg_g11 none talsrcimg_to_711-2C_as_mni_average_305_t4 2311
---------------------------------------------------------------------

freesurfer imgreg_4dfp.c
/opt/freesurfer/average/711-2C_as_mni_average_305.4dfp.img
       256       256       256         1
  1.000000  1.000000  1.000000
orientation T byte_order littleendian
Reading image: /opt/freesurfer/average/711-2C_as_mni_average_305.4dfp.img
dimensions:      256       256       256
mmppix:       1.0000   -1.0000   -1.0000
center:     128.0000 -129.0000 -129.0000
/opt/freesurfer/average/711-2B_as_mni_average_305_mask.4dfp.img
       256       256       256         1
  1.000000  1.000000  1.000000
orientation T byte_order littleendian
Reading mask: /opt/freesurfer/average/711-2B_as_mni_average_305_mask.4dfp.img (2306576 pixels)
talsrcimg_g11.4dfp.img
       256       256       256         1
  0.900000  0.900000  0.900000
orientation T byte_order littleendian
Reading image: talsrcimg_g11.4dfp.img
dimensions:      256       256       256
mmppix:       0.9000   -0.9000   -0.9000
center:     115.2000 -116.1000 -116.1000
fimgreg.f
image alignment mode   2311 decimal      907 hex
parameters
   -3.3923   -2.0478   12.7520  -15.7693  -18.8541  -19.2947
   -6.1726   -2.7327    6.6336    1.9833    4.5540   -4.2213
eta,q 0.97678 10.89015
niter,ni,del,rscale     5    3    5.0000    0.8000
parameter  6 -0.911389 -> -0.500000 qaram    1.1500
parameters
   -3.4091   -2.0340   12.6435  -13.5352  -19.3166  -16.5347
   -5.9080   -3.2301    6.1519    1.6935    3.7411   -4.9392
eta,q 0.97865 11.02080
  0.0246  0.0242  0.0237  0.0250  0.0238  0.0252  0.0231  0.0241  0.0221  0.0229  0.0221  0.0220
  0.0238  0.0237  0.0234  0.0243  0.0232  0.0245  0.0223  0.0226  0.0217  0.0221  0.0217  0.0216
  0.0234  0.0233  0.0233  0.0237  0.0229  0.0238  0.0217  0.0216  0.0214  0.0215  0.0214  0.0214
  0.0232  0.0232  0.0232  0.0232  0.0229  0.0228  0.0214  0.0214  0.0214  0.0214  0.0214  0.0214
  0.0234  0.0233  0.0233  0.0229  0.0232  0.0218  0.0216  0.0221  0.0215  0.0216  0.0216  0.0215
  0.0239  0.0237  0.0235  0.0229  0.0236  0.0214  0.0220  0.0235  0.0219  0.0223  0.0221  0.0219
  0.0247  0.0242  0.0238  0.0234  0.0241  0.0223  0.0228  0.0254  0.0224  0.0234  0.0228  0.0225
niter,ni,del,rscale     5    3    5.0000    0.8000
parameters
   -3.4994   -2.2358   13.2233  -13.9913  -19.3368  -16.6743
   -5.7154   -3.0806    6.9081    1.4637    3.1531   -4.9380
eta,q 0.97877 11.02087
  0.0230  0.0222  0.0234  0.0226  0.0226  0.0245  0.0228  0.0243  0.0223  0.0226  0.0218  0.0220
  0.0220  0.0217  0.0225  0.0219  0.0218  0.0236  0.0220  0.0227  0.0218  0.0218  0.0215  0.0216
  0.0215  0.0214  0.0217  0.0214  0.0213  0.0224  0.0215  0.0217  0.0214  0.0213  0.0213  0.0213
  0.0214  0.0213  0.0213  0.0212  0.0212  0.0212  0.0213  0.0213  0.0213  0.0212  0.0212  0.0212
  0.0216  0.0216  0.0212  0.0215  0.0214  0.0210  0.0214  0.0215  0.0213  0.0215  0.0214  0.0213
  0.0223  0.0221  0.0213  0.0222  0.0219  0.0228  0.0218  0.0224  0.0214  0.0220  0.0217  0.0216
  0.0234  0.0228  0.0217  0.0235  0.0225  0.0261  0.0226  0.0240  0.0218  0.0229  0.0223  0.0220
niter,ni,del,rscale     4    3    5.0000    0.7000
parameters
   -3.5119   -2.4267   13.2670  -13.8493  -19.2318  -16.2998
   -5.9235   -3.0042    7.3333    1.1098    2.7838   -4.8800
eta,q 0.97901 11.03816
  0.0225  0.0219  0.0221  0.0226  0.0225  0.0243  0.0221  0.0235  0.0218  0.0221  0.0216  0.0216
  0.0218  0.0215  0.0216  0.0220  0.0218  0.0234  0.0215  0.0222  0.0214  0.0214  0.0212  0.0213
  0.0214  0.0212  0.0213  0.0215  0.0213  0.0223  0.0211  0.0213  0.0211  0.0211  0.0210  0.0211
  0.0212  0.0212  0.0212  0.0212  0.0212  0.0212  0.0210  0.0210  0.0210  0.0210  0.0210  0.0210
  0.0214  0.0214  0.0213  0.0213  0.0214  0.0208  0.0212  0.0213  0.0210  0.0212  0.0211  0.0210
  0.0218  0.0218  0.0215  0.0217  0.0218  0.0218  0.0216  0.0221  0.0212  0.0217  0.0214  0.0213
  0.0226  0.0223  0.0220  0.0225  0.0223  0.0244  0.0223  0.0234  0.0215  0.0225  0.0218  0.0216
niter,ni,del,rscale     3    3    5.0000    0.6000
parameters
   -3.5108   -2.5608   13.4240  -13.8894  -19.2441  -15.8539
   -6.0496   -2.9327    7.6795    0.7900    2.4978   -4.8269
eta,q 0.97924 11.04598
  0.0220  0.0215  0.0218  0.0220  0.0219  0.0238  0.0216  0.0228  0.0214  0.0216  0.0212  0.0213
  0.0214  0.0212  0.0214  0.0215  0.0214  0.0229  0.0211  0.0217  0.0211  0.0211  0.0210  0.0210
  0.0211  0.0210  0.0211  0.0211  0.0211  0.0219  0.0209  0.0210  0.0209  0.0208  0.0208  0.0208
  0.0210  0.0210  0.0210  0.0210  0.0210  0.0210  0.0208  0.0208  0.0208  0.0208  0.0208  0.0208
  0.0211  0.0211  0.0210  0.0211  0.0211  0.0207  0.0209  0.0210  0.0208  0.0210  0.0208  0.0208
  0.0214  0.0214  0.0212  0.0215  0.0214  0.0214  0.0212  0.0216  0.0209  0.0214  0.0211  0.0210
  0.0220  0.0218  0.0215  0.0221  0.0219  0.0234  0.0217  0.0226  0.0212  0.0220  0.0214  0.0212
niter,ni,del,rscale     2    3    5.0000    0.5000
parameters
   -3.5152   -2.6742   13.5841  -13.9707  -19.3260  -15.4740
   -6.1377   -2.8693    7.9642    0.5368    2.2973   -4.7606
eta,q 0.97939 11.04879
  0.0215  0.0212  0.0214  0.0215  0.0214  0.0231  0.0212  0.0221  0.0211  0.0213  0.0210  0.0210
  0.0211  0.0209  0.0211  0.0211  0.0210  0.0223  0.0209  0.0213  0.0209  0.0209  0.0208  0.0208
  0.0208  0.0208  0.0209  0.0209  0.0208  0.0214  0.0207  0.0208  0.0207  0.0207  0.0206  0.0206
  0.0208  0.0208  0.0208  0.0207  0.0207  0.0207  0.0206  0.0206  0.0206  0.0206  0.0206  0.0206
  0.0209  0.0209  0.0208  0.0208  0.0209  0.0206  0.0207  0.0208  0.0206  0.0208  0.0207  0.0206
  0.0211  0.0211  0.0209  0.0211  0.0211  0.0212  0.0209  0.0212  0.0207  0.0211  0.0208  0.0207
  0.0215  0.0214  0.0211  0.0216  0.0214  0.0227  0.0213  0.0220  0.0209  0.0215  0.0211  0.0209
niter,ni,del,rscale     1    3    5.0000    0.4000
parameters
   -3.5175   -2.7519   13.7095  -14.0524  -19.4316  -15.1825
   -6.2071   -2.8141    8.1681    0.3527    2.1876   -4.7088
eta,q 0.97948 11.04861
  0.0211  0.0209  0.0211  0.0211  0.0210  0.0224  0.0209  0.0215  0.0208  0.0210  0.0208  0.0208
  0.0208  0.0207  0.0208  0.0208  0.0208  0.0217  0.0207  0.0210  0.0207  0.0207  0.0206  0.0206
  0.0207  0.0206  0.0207  0.0207  0.0206  0.0210  0.0206  0.0206  0.0206  0.0206  0.0206  0.0206
  0.0206  0.0206  0.0206  0.0206  0.0206  0.0206  0.0205  0.0205  0.0205  0.0205  0.0205  0.0205
  0.0207  0.0207  0.0206  0.0207  0.0207  0.0205  0.0206  0.0206  0.0205  0.0206  0.0206  0.0205
  0.0208  0.0208  0.0207  0.0209  0.0208  0.0210  0.0207  0.0209  0.0206  0.0208  0.0207  0.0206
  0.0211  0.0210  0.0208  0.0212  0.0211  0.0220  0.0210  0.0214  0.0207  0.0211  0.0208  0.0207
registration optimization eta report
parameter search radius
    0.8000    0.8000    0.8000    2.4000    2.4000    2.7600
    2.4000    2.4000    2.4000    2.4000    2.4000    2.4000
100000*second partial in parameter space
       77.       52.       54.       10.        8.       21.
        7.       16.        5.        9.        5.        4.
  0.0211  0.0209  0.0211  0.0211  0.0210  0.0224  0.0209  0.0215  0.0208  0.0210  0.0208  0.0208
  0.0208  0.0207  0.0208  0.0208  0.0208  0.0217  0.0207  0.0210  0.0207  0.0207  0.0206  0.0206
  0.0207  0.0206  0.0207  0.0207  0.0206  0.0210  0.0206  0.0206  0.0206  0.0206  0.0206  0.0206
  0.0206  0.0206  0.0206  0.0206  0.0206  0.0206  0.0205  0.0205  0.0205  0.0205  0.0205  0.0205
  0.0207  0.0207  0.0206  0.0207  0.0207  0.0205  0.0206  0.0206  0.0205  0.0206  0.0206  0.0205
  0.0208  0.0208  0.0207  0.0209  0.0208  0.0210  0.0207  0.0209  0.0206  0.0208  0.0207  0.0206
  0.0211  0.0210  0.0208  0.0212  0.0211  0.0220  0.0210  0.0214  0.0207  0.0211  0.0208  0.0207
   -3.5175   -2.7519   13.7095  -14.0524  -19.4316  -15.1825
   -6.2071   -2.8141    8.1681    0.3527    2.1876   -4.7088
eta,q 0.97948 11.04861

---------------------------------------------------------------------
imgreg_4dfp /opt/freesurfer/average/711-2C_as_mni_average_305 /opt/freesurfer/average/711-2B_as_mni_average_305_mask talsrcimg_g11 none talsrcimg_to_711-2C_as_mni_average_305_t4 2311
---------------------------------------------------------------------

freesurfer imgreg_4dfp.c
/opt/freesurfer/average/711-2C_as_mni_average_305.4dfp.img
       256       256       256         1
  1.000000  1.000000  1.000000
orientation T byte_order littleendian
Reading image: /opt/freesurfer/average/711-2C_as_mni_average_305.4dfp.img
dimensions:      256       256       256
mmppix:       1.0000   -1.0000   -1.0000
center:     128.0000 -129.0000 -129.0000
/opt/freesurfer/average/711-2B_as_mni_average_305_mask.4dfp.img
       256       256       256         1
  1.000000  1.000000  1.000000
orientation T byte_order littleendian
Reading mask: /opt/freesurfer/average/711-2B_as_mni_average_305_mask.4dfp.img (2306576 pixels)
talsrcimg_g11.4dfp.img
       256       256       256         1
  0.900000  0.900000  0.900000
orientation T byte_order littleendian
Reading image: talsrcimg_g11.4dfp.img
dimensions:      256       256       256
mmppix:       0.9000   -0.9000   -0.9000
center:     115.2000 -116.1000 -116.1000
fimgreg.f
image alignment mode   2311 decimal      907 hex
parameters
   -3.5175   -2.7519   13.7095  -14.0524  -19.4316  -15.1825
   -6.2071   -2.8141    8.1681    0.3527    2.1876   -4.7088
eta,q 0.97948 11.04861
niter,ni,del,rscale     5    3    5.0000    0.8000
parameters
   -3.5140   -2.7713   13.7994  -14.4765  -19.2279  -15.6665
   -6.3256   -2.7915    8.2593    0.4063    2.0589   -4.6318
eta,q 0.97931 11.03874
  0.0224  0.0219  0.0221  0.0221  0.0223  0.0236  0.0221  0.0237  0.0217  0.0226  0.0215  0.0216
  0.0214  0.0211  0.0213  0.0213  0.0214  0.0225  0.0213  0.0221  0.0212  0.0216  0.0211  0.0211
  0.0207  0.0207  0.0207  0.0208  0.0207  0.0214  0.0209  0.0211  0.0208  0.0209  0.0208  0.0208
  0.0205  0.0205  0.0205  0.0205  0.0205  0.0205  0.0207  0.0207  0.0207  0.0207  0.0207  0.0207
  0.0207  0.0207  0.0206  0.0208  0.0208  0.0209  0.0209  0.0210  0.0208  0.0209  0.0208  0.0208
  0.0214  0.0212  0.0211  0.0216  0.0213  0.0229  0.0214  0.0220  0.0211  0.0215  0.0211  0.0210
  0.0224  0.0219  0.0218  0.0230  0.0220  0.0260  0.0223  0.0237  0.0217  0.0225  0.0217  0.0215
niter,ni,del,rscale     4    3    5.0000    0.7000
parameters
   -3.4879   -2.7930   13.6767  -14.2677  -19.1675  -15.6331
   -6.3524   -2.7317    8.2571    0.4101    2.0799   -4.6218
eta,q 0.97935 11.04697
  0.0221  0.0217  0.0215  0.0222  0.0220  0.0235  0.0218  0.0232  0.0214  0.0222  0.0214  0.0213
  0.0214  0.0211  0.0210  0.0215  0.0213  0.0225  0.0212  0.0219  0.0210  0.0213  0.0210  0.0210
  0.0209  0.0208  0.0207  0.0210  0.0208  0.0215  0.0208  0.0210  0.0208  0.0208  0.0208  0.0207
  0.0207  0.0207  0.0207  0.0207  0.0207  0.0207  0.0207  0.0207  0.0207  0.0207  0.0207  0.0207
  0.0208  0.0208  0.0209  0.0207  0.0209  0.0206  0.0208  0.0209  0.0207  0.0208  0.0207  0.0207
  0.0213  0.0212  0.0212  0.0212  0.0213  0.0218  0.0212  0.0217  0.0210  0.0213  0.0210  0.0209
  0.0220  0.0217  0.0218  0.0220  0.0219  0.0241  0.0219  0.0231  0.0214  0.0221  0.0214  0.0213
niter,ni,del,rscale     3    3    5.0000    0.6000
parameters
   -3.4828   -2.7887   13.6776  -14.1960  -19.2511  -15.4348
   -6.3364   -2.7285    8.2631    0.3640    2.0835   -4.6479
eta,q 0.97942 11.04832
  0.0217  0.0214  0.0214  0.0218  0.0216  0.0231  0.0215  0.0225  0.0212  0.0217  0.0212  0.0211
  0.0211  0.0210  0.0210  0.0213  0.0211  0.0222  0.0210  0.0215  0.0209  0.0211  0.0209  0.0208
  0.0208  0.0207  0.0207  0.0209  0.0207  0.0213  0.0207  0.0208  0.0207  0.0207  0.0207  0.0206
  0.0207  0.0207  0.0207  0.0207  0.0206  0.0206  0.0206  0.0206  0.0206  0.0206  0.0206  0.0206
  0.0208  0.0207  0.0207  0.0207  0.0208  0.0206  0.0207  0.0208  0.0206  0.0207  0.0206  0.0206
  0.0211  0.0210  0.0210  0.0211  0.0212  0.0213  0.0210  0.0215  0.0208  0.0211  0.0208  0.0208
  0.0217  0.0214  0.0214  0.0218  0.0216  0.0231  0.0215  0.0225  0.0212  0.0218  0.0212  0.0211
niter,ni,del,rscale     2    3    5.0000    0.5000
parameters
   -3.4890   -2.7994   13.7323  -14.1771  -19.3689  -15.2139
   -6.3201   -2.7332    8.2933    0.2944    2.0802   -4.6591
eta,q 0.97947 11.04800
  0.0213  0.0211  0.0212  0.0214  0.0212  0.0225  0.0212  0.0219  0.0209  0.0213  0.0210  0.0209
  0.0209  0.0208  0.0209  0.0210  0.0209  0.0218  0.0208  0.0212  0.0207  0.0209  0.0207  0.0207
  0.0207  0.0206  0.0207  0.0207  0.0206  0.0211  0.0206  0.0207  0.0206  0.0206  0.0206  0.0206
  0.0206  0.0206  0.0206  0.0206  0.0206  0.0206  0.0205  0.0205  0.0205  0.0205  0.0205  0.0205
  0.0207  0.0207  0.0206  0.0206  0.0207  0.0205  0.0206  0.0207  0.0206  0.0206  0.0206  0.0206
  0.0209  0.0208  0.0208  0.0209  0.0210  0.0211  0.0208  0.0212  0.0207  0.0209  0.0207  0.0207
  0.0213  0.0211  0.0211  0.0214  0.0213  0.0223  0.0212  0.0219  0.0209  0.0214  0.0210  0.0209
niter,ni,del,rscale     1    3    5.0000    0.4000
parameters
   -3.4952   -2.8116   13.7972  -14.1771  -19.4771  -15.0272
   -6.3101   -2.7363    8.3310    0.2284    2.0757   -4.6497
eta,q 0.97951 11.04702
  0.0210  0.0209  0.0209  0.0211  0.0210  0.0219  0.0209  0.0214  0.0208  0.0210  0.0208  0.0207
  0.0207  0.0207  0.0207  0.0208  0.0207  0.0213  0.0207  0.0209  0.0206  0.0207  0.0206  0.0206
  0.0206  0.0206  0.0206  0.0206  0.0206  0.0208  0.0205  0.0206  0.0205  0.0205  0.0205  0.0205
  0.0205  0.0205  0.0205  0.0205  0.0205  0.0205  0.0205  0.0205  0.0205  0.0205  0.0205  0.0205
  0.0206  0.0206  0.0206  0.0206  0.0206  0.0205  0.0205  0.0206  0.0205  0.0206  0.0205  0.0205
  0.0207  0.0207  0.0206  0.0208  0.0208  0.0209  0.0207  0.0209  0.0206  0.0208  0.0206  0.0206
  0.0210  0.0209  0.0208  0.0211  0.0210  0.0217  0.0209  0.0214  0.0208  0.0211  0.0208  0.0207
registration optimization eta report
parameter search radius
    0.8000    0.8000    0.8000    2.4000    2.4000    2.4000
    2.4000    2.4000    2.4000    2.4000    2.4000    2.4000
100000*second partial in parameter space
       76.       54.       55.       10.        8.       22.
        7.       16.        5.        9.        5.        4.
  0.0210  0.0209  0.0209  0.0211  0.0210  0.0219  0.0209  0.0214  0.0208  0.0210  0.0208  0.0207
  0.0207  0.0207  0.0207  0.0208  0.0207  0.0213  0.0207  0.0209  0.0206  0.0207  0.0206  0.0206
  0.0206  0.0206  0.0206  0.0206  0.0206  0.0208  0.0205  0.0206  0.0205  0.0205  0.0205  0.0205
  0.0205  0.0205  0.0205  0.0205  0.0205  0.0205  0.0205  0.0205  0.0205  0.0205  0.0205  0.0205
  0.0206  0.0206  0.0206  0.0206  0.0206  0.0205  0.0205  0.0206  0.0205  0.0206  0.0205  0.0205
  0.0207  0.0207  0.0206  0.0208  0.0208  0.0209  0.0207  0.0209  0.0206  0.0208  0.0206  0.0206
  0.0210  0.0209  0.0208  0.0211  0.0210  0.0217  0.0209  0.0214  0.0208  0.0211  0.0208  0.0207
   -3.4952   -2.8116   13.7972  -14.1771  -19.4771  -15.0272
   -6.3101   -2.7363    8.3310    0.2284    2.0757   -4.6497
eta,q 0.97951 11.04702

---------------------------------------------------------------------
compute_vox2vox talsrcimg talsrcimg_to_711-2C_as_mni_average_305_t4 /opt/freesurfer/average/711-2C_as_mni_average_305
---------------------------------------------------------------------

freesurfer compute_vox2vox.c
Reading: talsrcimg.4dfp.ifh
Reading: talsrcimg_to_711-2C_as_mni_average_305_t4
Reading: /opt/freesurfer/average/711-2C_as_mni_average_305.4dfp.ifh
Writing: talsrcimg_to_711-2C_as_mni_average_305_t4_vox2vox.txt

start time Wed Mar 11 18:25:23 CET 2026
end		time Wed Mar 11 18:26:50 CET 2026

mpr2mni305 success

avi2talxfm orig_nu.mgz /opt/freesurfer/average/mni305.cor.mgz talsrcimg_to_711-2C_as_mni_average_305_t4_vox2vox.txt transforms/talairach.auto.xfm
avi2talxfm done
mv -f /out/sourcedata/freesurfer/sub-v2s1x29867_ses-1/mri/talsrcimg_to_711-2C_as_mni_average_305_t4_vox2vox.txt /out/sourcedata/freesurfer/sub-v2s1x29867_ses-1/mri/transforms/talsrcimg_to_711-2C_as_mni_average_305_t4_vox2vox.txt
lta_convert --src orig_nu.mgz --trg /opt/freesurfer/average/mni305.cor.mgz --inxfm transforms/talairach.auto.xfm --outlta transforms/talairach.auto.xfm.lta --subject fsaverage
7.3.2

--src: orig_nu.mgz src image (geometry).
--trg: /opt/freesurfer/average/mni305.cor.mgz trg image (geometry).
--inmni: transforms/talairach.auto.xfm input MNI/XFM transform.
--outlta: transforms/talairach.auto.xfm.lta output LTA.
--s: fsaverage subject name
 LTA read, type : 1
 1.15530   0.03695   0.09267  -1.77037;
-0.03476   1.17555   0.06516  -26.44449;
-0.11943  -0.00716   1.23211   1.31122;
 0.00000   0.00000   0.00000   1.00000;
setting subject to fsaverage
Writing  LTA to file transforms/talairach.auto.xfm.lta...
lta_convert successful.
 
 
Started at Wed Mar 11 18:25:23 CET 2026
Ended   at Wed Mar 11 18:26:50 CET 2026
talairach_avi done
