status file for recon-all
Wed Mar 11 22:27:13 CET 2026
#@# Tessellate rh Wed Mar 11 22:27:13 CET 2026
#@# Smooth1 rh Wed Mar 11 22:27:17 CET 2026
#@# Inflation1 rh Wed Mar 11 22:27:20 CET 2026
#@# QSphere rh Wed Mar 11 22:28:29 CET 2026
#@# Fix Topology rh Wed Mar 11 22:29:37 CET 2026
#@# Smooth2 rh Wed Mar 11 22:37:28 CET 2026
#@# Inflation2 rh Wed Mar 11 22:37:31 CET 2026
#@# Curv .H and .K rh Wed Mar 11 22:38:34 CET 2026
#@# Sphere rh Wed Mar 11 22:39:21 CET 2026
#@# Surf Reg rh Wed Mar 11 22:42:07 CET 2026
#@# Jacobian white rh Wed Mar 11 22:47:09 CET 2026
#@# AvgCurv rh Wed Mar 11 22:47:10 CET 2026
#@# Cortical Parc rh Wed Mar 11 22:47:11 CET 2026
#@# white curv rh Wed Mar 11 22:53:50 CET 2026
#@# white area rh Wed Mar 11 22:53:52 CET 2026
#@# pial curv rh Wed Mar 11 22:53:53 CET 2026
#@# pial area rh Wed Mar 11 22:53:55 CET 2026
#@# thickness rh Wed Mar 11 22:53:55 CET 2026
#@# area and vertex vol rh Wed Mar 11 22:54:30 CET 2026
#@# Curvature Stats rh Wed Mar 11 22:54:32 CET 2026
#@# Cortical Parc 2 rh Wed Mar 11 22:54:34 CET 2026
#@# Cortical Parc 3 rh Wed Mar 11 22:54:50 CET 2026
#@# WM/GM Contrast rh Wed Mar 11 22:55:01 CET 2026
recon-all -s sub-v2s1x29875_ses-1 finished without error at Wed Mar 11 22:55:04 CET 2026



#New# invocation of recon-all 



status file for recon-all
Wed Mar 11 23:05:40 CET 2026
#@# white curv rh Wed Mar 11 23:05:40 CET 2026
#@# white area rh Wed Mar 11 23:05:40 CET 2026
#@# pial curv rh Wed Mar 11 23:05:40 CET 2026
#@# pial area rh Wed Mar 11 23:05:40 CET 2026
#@# thickness rh Wed Mar 11 23:05:40 CET 2026
#@# area and vertex vol rh Wed Mar 11 23:05:40 CET 2026
#@# Parcellation Stats rh Wed Mar 11 23:05:40 CET 2026
#@# Parcellation Stats 2 rh Wed Mar 11 23:06:01 CET 2026
#@# Parcellation Stats 3 rh Wed Mar 11 23:06:11 CET 2026
#@# BA_exvivo Labels rh Wed Mar 11 23:06:22 CET 2026
recon-all -s sub-v2s1x29875_ses-1 finished without error at Wed Mar 11 23:09:24 CET 2026
