status file for recon-all
Wed Mar 11 21:54:57 CET 2026
#@# Tessellate lh Wed Mar 11 21:54:57 CET 2026
#@# Smooth1 lh Wed Mar 11 21:55:02 CET 2026
#@# Inflation1 lh Wed Mar 11 21:55:05 CET 2026
#@# QSphere lh Wed Mar 11 21:56:16 CET 2026
#@# Fix Topology lh Wed Mar 11 21:57:46 CET 2026
#@# Smooth2 lh Wed Mar 11 22:08:28 CET 2026
#@# Inflation2 lh Wed Mar 11 22:08:32 CET 2026
#@# Curv .H and .K lh Wed Mar 11 22:09:49 CET 2026
#@# Sphere lh Wed Mar 11 22:10:38 CET 2026
#@# Surf Reg lh Wed Mar 11 22:13:52 CET 2026
#@# Jacobian white lh Wed Mar 11 22:19:19 CET 2026
#@# AvgCurv lh Wed Mar 11 22:19:20 CET 2026
#@# Cortical Parc lh Wed Mar 11 22:19:21 CET 2026
#@# white curv lh Wed Mar 11 22:25:59 CET 2026
#@# white area lh Wed Mar 11 22:26:01 CET 2026
#@# pial curv lh Wed Mar 11 22:26:02 CET 2026
#@# pial area lh Wed Mar 11 22:26:04 CET 2026
#@# thickness lh Wed Mar 11 22:26:05 CET 2026
#@# area and vertex vol lh Wed Mar 11 22:26:37 CET 2026
#@# Curvature Stats lh Wed Mar 11 22:26:39 CET 2026
#@# Cortical Parc 2 lh Wed Mar 11 22:26:41 CET 2026
#@# Cortical Parc 3 lh Wed Mar 11 22:26:58 CET 2026
#@# WM/GM Contrast lh Wed Mar 11 22:27:09 CET 2026
recon-all -s sub-v2s1x29875_ses-1 finished without error at Wed Mar 11 22:27:12 CET 2026



#New# invocation of recon-all 



status file for recon-all
Wed Mar 11 23:01:36 CET 2026
#@# white curv lh Wed Mar 11 23:01:36 CET 2026
#@# white area lh Wed Mar 11 23:01:36 CET 2026
#@# pial curv lh Wed Mar 11 23:01:36 CET 2026
#@# pial area lh Wed Mar 11 23:01:36 CET 2026
#@# thickness lh Wed Mar 11 23:01:36 CET 2026
#@# area and vertex vol lh Wed Mar 11 23:01:36 CET 2026
#@# Parcellation Stats lh Wed Mar 11 23:01:36 CET 2026
#@# Parcellation Stats 2 lh Wed Mar 11 23:01:59 CET 2026
#@# Parcellation Stats 3 lh Wed Mar 11 23:02:13 CET 2026
#@# BA_exvivo Labels lh Wed Mar 11 23:02:27 CET 2026
recon-all -s sub-v2s1x29875_ses-1 finished without error at Wed Mar 11 23:05:35 CET 2026
