status file for recon-all
Wed Mar 11 20:05:53 CET 2026
#@# MotionCor Wed Mar 11 20:05:55 CET 2026
#@# Talairach Wed Mar 11 20:06:03 CET 2026
#@# Talairach Failure Detection Wed Mar 11 20:10:26 CET 2026
#@# Nu Intensity Correction Wed Mar 11 20:10:27 CET 2026
#@# Intensity Normalization Wed Mar 11 20:13:42 CET 2026
recon-all -s sub-v2s1x29875_ses-1 finished without error at Wed Mar 11 20:15:08 CET 2026



#New# invocation of recon-all 



status file for recon-all
Wed Mar 11 20:22:33 CET 2026
#@# EM Registration Wed Mar 11 20:22:33 CET 2026
recon-all -s sub-v2s1x29875_ses-1 finished without error at Wed Mar 11 20:25:43 CET 2026



#New# invocation of recon-all 



status file for recon-all
Wed Mar 11 20:25:45 CET 2026
#@# CA Normalize Wed Mar 11 20:25:45 CET 2026
#@# CA Reg Wed Mar 11 20:27:04 CET 2026
#@# SubCort Seg Wed Mar 11 21:16:06 CET 2026
#@# CC Seg Wed Mar 11 21:48:35 CET 2026
#@# Merge ASeg Wed Mar 11 21:49:32 CET 2026
#@# Intensity Normalization2 Wed Mar 11 21:49:32 CET 2026
#@# Mask BFS Wed Mar 11 21:51:38 CET 2026
#@# WM Segmentation Wed Mar 11 21:51:39 CET 2026
#@# Fill Wed Mar 11 21:53:49 CET 2026
recon-all -s sub-v2s1x29875_ses-1 finished without error at Wed Mar 11 21:54:53 CET 2026



#New# invocation of recon-all 



status file for recon-all
Wed Mar 11 22:55:08 CET 2026
#@# white curv lh Wed Mar 11 22:55:08 CET 2026
#@# white area lh Wed Mar 11 22:55:08 CET 2026
#@# pial curv lh Wed Mar 11 22:55:08 CET 2026
#@# pial area lh Wed Mar 11 22:55:08 CET 2026
#@# thickness lh Wed Mar 11 22:55:08 CET 2026
#@# area and vertex vol lh Wed Mar 11 22:55:08 CET 2026
#@# white curv rh Wed Mar 11 22:55:08 CET 2026
#@# white area rh Wed Mar 11 22:55:08 CET 2026
#@# pial curv rh Wed Mar 11 22:55:08 CET 2026
#@# pial area rh Wed Mar 11 22:55:08 CET 2026
#@# thickness rh Wed Mar 11 22:55:08 CET 2026
#@# area and vertex vol rh Wed Mar 11 22:55:08 CET 2026
#@# Cortical ribbon mask Wed Mar 11 22:55:08 CET 2026
recon-all -s sub-v2s1x29875_ses-1 finished without error at Wed Mar 11 23:01:31 CET 2026



#New# invocation of recon-all 



status file for recon-all
Wed Mar 11 23:09:28 CET 2026
#@# white curv lh Wed Mar 11 23:09:28 CET 2026
#@# white area lh Wed Mar 11 23:09:28 CET 2026
#@# pial curv lh Wed Mar 11 23:09:28 CET 2026
#@# pial area lh Wed Mar 11 23:09:28 CET 2026
#@# thickness lh Wed Mar 11 23:09:28 CET 2026
#@# area and vertex vol lh Wed Mar 11 23:09:28 CET 2026
#@# white curv rh Wed Mar 11 23:09:28 CET 2026
#@# white area rh Wed Mar 11 23:09:28 CET 2026
#@# pial curv rh Wed Mar 11 23:09:28 CET 2026
#@# pial area rh Wed Mar 11 23:09:28 CET 2026
#@# thickness rh Wed Mar 11 23:09:28 CET 2026
#@# area and vertex vol rh Wed Mar 11 23:09:28 CET 2026
#@# Curvature Stats lh Wed Mar 11 23:09:28 CET 2026
#@# Curvature Stats rh Wed Mar 11 23:09:31 CET 2026
#@# Relabel Hypointensities Wed Mar 11 23:09:34 CET 2026
#@# APas-to-ASeg Wed Mar 11 23:09:52 CET 2026
#@# AParc-to-ASeg aparc Wed Mar 11 23:10:01 CET 2026
#@# AParc-to-ASeg aparc.a2009s Wed Mar 11 23:10:54 CET 2026
#@# AParc-to-ASeg aparc.DKTatlas Wed Mar 11 23:11:42 CET 2026
#@# WMParc Wed Mar 11 23:12:30 CET 2026
#@# ASeg Stats Wed Mar 11 23:16:59 CET 2026
recon-all -s sub-v2s1x29875_ses-1 finished without error at Wed Mar 11 23:17:41 CET 2026
