status file for recon-all
Wed Mar 11 22:08:30 CET 2026
#@# Tessellate lh Wed Mar 11 22:08:30 CET 2026
#@# Smooth1 lh Wed Mar 11 22:08:34 CET 2026
#@# Inflation1 lh Wed Mar 11 22:08:38 CET 2026
#@# QSphere lh Wed Mar 11 22:09:55 CET 2026
#@# Fix Topology lh Wed Mar 11 22:11:19 CET 2026
#@# Smooth2 lh Wed Mar 11 23:16:01 CET 2026
#@# Inflation2 lh Wed Mar 11 23:16:03 CET 2026
#@# Curv .H and .K lh Wed Mar 11 23:17:12 CET 2026
#@# Sphere lh Wed Mar 11 23:17:54 CET 2026
#@# Surf Reg lh Wed Mar 11 23:25:07 CET 2026
#@# Jacobian white lh Wed Mar 11 23:32:34 CET 2026
#@# AvgCurv lh Wed Mar 11 23:32:35 CET 2026
#@# Cortical Parc lh Wed Mar 11 23:32:36 CET 2026
#@# white curv lh Wed Mar 11 23:41:18 CET 2026
#@# white area lh Wed Mar 11 23:41:20 CET 2026
#@# pial curv lh Wed Mar 11 23:41:21 CET 2026
#@# pial area lh Wed Mar 11 23:41:23 CET 2026
#@# thickness lh Wed Mar 11 23:41:24 CET 2026
#@# area and vertex vol lh Wed Mar 11 23:41:51 CET 2026
#@# Curvature Stats lh Wed Mar 11 23:41:53 CET 2026
#@# Cortical Parc 2 lh Wed Mar 11 23:41:56 CET 2026
#@# Cortical Parc 3 lh Wed Mar 11 23:42:09 CET 2026
#@# WM/GM Contrast lh Wed Mar 11 23:42:19 CET 2026
recon-all -s sub-v2s1x29880_ses-1 finished without error at Wed Mar 11 23:42:22 CET 2026



#New# invocation of recon-all 



status file for recon-all
Thu Mar 12 01:25:02 CET 2026
#@# white curv lh Thu Mar 12 01:25:02 CET 2026
#@# white area lh Thu Mar 12 01:25:02 CET 2026
#@# pial curv lh Thu Mar 12 01:25:02 CET 2026
#@# pial area lh Thu Mar 12 01:25:02 CET 2026
#@# thickness lh Thu Mar 12 01:25:02 CET 2026
#@# area and vertex vol lh Thu Mar 12 01:25:02 CET 2026
#@# Parcellation Stats lh Thu Mar 12 01:25:02 CET 2026
#@# Parcellation Stats 2 lh Thu Mar 12 01:25:18 CET 2026
#@# Parcellation Stats 3 lh Thu Mar 12 01:25:26 CET 2026
#@# BA_exvivo Labels lh Thu Mar 12 01:25:34 CET 2026
recon-all -s sub-v2s1x29880_ses-1 finished without error at Thu Mar 12 01:28:03 CET 2026
