status file for recon-all
Wed Mar 11 20:12:09 CET 2026
#@# MotionCor Wed Mar 11 20:12:11 CET 2026
#@# Talairach Wed Mar 11 20:12:19 CET 2026
#@# Talairach Failure Detection Wed Mar 11 20:16:42 CET 2026
#@# Nu Intensity Correction Wed Mar 11 20:16:42 CET 2026
#@# Intensity Normalization Wed Mar 11 20:19:57 CET 2026
recon-all -s sub-v2s1x29880_ses-1 finished without error at Wed Mar 11 20:21:28 CET 2026



#New# invocation of recon-all 



status file for recon-all
Wed Mar 11 20:29:01 CET 2026
#@# EM Registration Wed Mar 11 20:29:01 CET 2026
recon-all -s sub-v2s1x29880_ses-1 finished without error at Wed Mar 11 20:31:12 CET 2026



#New# invocation of recon-all 



status file for recon-all
Wed Mar 11 20:31:15 CET 2026
#@# CA Normalize Wed Mar 11 20:31:15 CET 2026
#@# CA Reg Wed Mar 11 20:32:36 CET 2026
#@# SubCort Seg Wed Mar 11 21:21:19 CET 2026
#@# CC Seg Wed Mar 11 22:01:57 CET 2026
#@# Merge ASeg Wed Mar 11 22:02:44 CET 2026
#@# Intensity Normalization2 Wed Mar 11 22:02:44 CET 2026
#@# Mask BFS Wed Mar 11 22:05:01 CET 2026
#@# WM Segmentation Wed Mar 11 22:05:02 CET 2026
#@# Fill Wed Mar 11 22:07:19 CET 2026
recon-all -s sub-v2s1x29880_ses-1 finished without error at Wed Mar 11 22:08:26 CET 2026



#New# invocation of recon-all 



status file for recon-all
Thu Mar 12 01:18:55 CET 2026
#@# white curv lh Thu Mar 12 01:18:55 CET 2026
#@# white area lh Thu Mar 12 01:18:55 CET 2026
#@# pial curv lh Thu Mar 12 01:18:55 CET 2026
#@# pial area lh Thu Mar 12 01:18:55 CET 2026
#@# thickness lh Thu Mar 12 01:18:55 CET 2026
#@# area and vertex vol lh Thu Mar 12 01:18:55 CET 2026
#@# white curv rh Thu Mar 12 01:18:55 CET 2026
#@# white area rh Thu Mar 12 01:18:55 CET 2026
#@# pial curv rh Thu Mar 12 01:18:55 CET 2026
#@# pial area rh Thu Mar 12 01:18:55 CET 2026
#@# thickness rh Thu Mar 12 01:18:55 CET 2026
#@# area and vertex vol rh Thu Mar 12 01:18:55 CET 2026
#@# Cortical ribbon mask Thu Mar 12 01:18:55 CET 2026
recon-all -s sub-v2s1x29880_ses-1 finished without error at Thu Mar 12 01:24:56 CET 2026



#New# invocation of recon-all 



status file for recon-all
Thu Mar 12 01:30:47 CET 2026
#@# white curv lh Thu Mar 12 01:30:47 CET 2026
#@# white area lh Thu Mar 12 01:30:47 CET 2026
#@# pial curv lh Thu Mar 12 01:30:47 CET 2026
#@# pial area lh Thu Mar 12 01:30:47 CET 2026
#@# thickness lh Thu Mar 12 01:30:47 CET 2026
#@# area and vertex vol lh Thu Mar 12 01:30:47 CET 2026
#@# white curv rh Thu Mar 12 01:30:47 CET 2026
#@# white area rh Thu Mar 12 01:30:47 CET 2026
#@# pial curv rh Thu Mar 12 01:30:47 CET 2026
#@# pial area rh Thu Mar 12 01:30:47 CET 2026
#@# thickness rh Thu Mar 12 01:30:47 CET 2026
#@# area and vertex vol rh Thu Mar 12 01:30:47 CET 2026
#@# Curvature Stats lh Thu Mar 12 01:30:47 CET 2026
#@# Curvature Stats rh Thu Mar 12 01:30:50 CET 2026
#@# Relabel Hypointensities Thu Mar 12 01:30:52 CET 2026
#@# APas-to-ASeg Thu Mar 12 01:31:10 CET 2026
#@# AParc-to-ASeg aparc Thu Mar 12 01:31:18 CET 2026
#@# AParc-to-ASeg aparc.a2009s Thu Mar 12 01:31:51 CET 2026
#@# AParc-to-ASeg aparc.DKTatlas Thu Mar 12 01:32:22 CET 2026
#@# WMParc Thu Mar 12 01:32:55 CET 2026
#@# ASeg Stats Thu Mar 12 01:37:04 CET 2026
recon-all -s sub-v2s1x29880_ses-1 finished without error at Thu Mar 12 01:37:48 CET 2026
