status file for recon-all
Thu Mar 12 21:47:06 CET 2026
#@# Tessellate lh Thu Mar 12 21:47:06 CET 2026
#@# Smooth1 lh Thu Mar 12 21:47:09 CET 2026
#@# Inflation1 lh Thu Mar 12 21:47:11 CET 2026
#@# QSphere lh Thu Mar 12 21:48:33 CET 2026
#@# Fix Topology lh Thu Mar 12 21:49:54 CET 2026
#@# Smooth2 lh Thu Mar 12 21:55:58 CET 2026
#@# Inflation2 lh Thu Mar 12 21:56:01 CET 2026
#@# Curv .H and .K lh Thu Mar 12 21:57:17 CET 2026
#@# Sphere lh Thu Mar 12 21:58:02 CET 2026
#@# Surf Reg lh Thu Mar 12 22:01:11 CET 2026
#@# Jacobian white lh Thu Mar 12 22:06:27 CET 2026
#@# AvgCurv lh Thu Mar 12 22:06:28 CET 2026
#@# Cortical Parc lh Thu Mar 12 22:06:29 CET 2026
#@# white curv lh Thu Mar 12 22:13:38 CET 2026
#@# white area lh Thu Mar 12 22:13:39 CET 2026
#@# pial curv lh Thu Mar 12 22:13:40 CET 2026
#@# pial area lh Thu Mar 12 22:13:42 CET 2026
#@# thickness lh Thu Mar 12 22:13:43 CET 2026
#@# area and vertex vol lh Thu Mar 12 22:14:07 CET 2026
#@# Curvature Stats lh Thu Mar 12 22:14:09 CET 2026
#@# Cortical Parc 2 lh Thu Mar 12 22:14:11 CET 2026
#@# Cortical Parc 3 lh Thu Mar 12 22:14:23 CET 2026
#@# WM/GM Contrast lh Thu Mar 12 22:14:33 CET 2026
recon-all -s sub-v2s1x29911_ses-1 finished without error at Thu Mar 12 22:14:36 CET 2026



#New# invocation of recon-all 



status file for recon-all
Thu Mar 12 22:49:52 CET 2026
#@# white curv lh Thu Mar 12 22:49:52 CET 2026
#@# white area lh Thu Mar 12 22:49:52 CET 2026
#@# pial curv lh Thu Mar 12 22:49:52 CET 2026
#@# pial area lh Thu Mar 12 22:49:52 CET 2026
#@# thickness lh Thu Mar 12 22:49:52 CET 2026
#@# area and vertex vol lh Thu Mar 12 22:49:52 CET 2026
#@# Parcellation Stats lh Thu Mar 12 22:49:52 CET 2026
#@# Parcellation Stats 2 lh Thu Mar 12 22:50:14 CET 2026
#@# Parcellation Stats 3 lh Thu Mar 12 22:50:26 CET 2026
#@# BA_exvivo Labels lh Thu Mar 12 22:50:40 CET 2026
recon-all -s sub-v2s1x29911_ses-1 finished without error at Thu Mar 12 22:53:16 CET 2026
