status file for recon-all
Thu Mar 12 20:11:28 CET 2026
#@# MotionCor Thu Mar 12 20:11:30 CET 2026
#@# Talairach Thu Mar 12 20:11:36 CET 2026
#@# Talairach Failure Detection Thu Mar 12 20:14:25 CET 2026
#@# Nu Intensity Correction Thu Mar 12 20:14:25 CET 2026
#@# Intensity Normalization Thu Mar 12 20:17:11 CET 2026
recon-all -s sub-v2s1x29911_ses-1 finished without error at Thu Mar 12 20:18:12 CET 2026



#New# invocation of recon-all 



status file for recon-all
Thu Mar 12 20:24:24 CET 2026
#@# EM Registration Thu Mar 12 20:24:24 CET 2026
recon-all -s sub-v2s1x29911_ses-1 finished without error at Thu Mar 12 20:26:10 CET 2026



#New# invocation of recon-all 



status file for recon-all
Thu Mar 12 20:26:13 CET 2026
#@# CA Normalize Thu Mar 12 20:26:13 CET 2026
#@# CA Reg Thu Mar 12 20:27:06 CET 2026
#@# SubCort Seg Thu Mar 12 21:16:16 CET 2026
#@# CC Seg Thu Mar 12 21:42:41 CET 2026
#@# Merge ASeg Thu Mar 12 21:43:01 CET 2026
#@# Intensity Normalization2 Thu Mar 12 21:43:01 CET 2026
#@# Mask BFS Thu Mar 12 21:44:25 CET 2026
#@# WM Segmentation Thu Mar 12 21:44:26 CET 2026
#@# Fill Thu Mar 12 21:46:17 CET 2026
recon-all -s sub-v2s1x29911_ses-1 finished without error at Thu Mar 12 21:47:02 CET 2026



#New# invocation of recon-all 



status file for recon-all
Thu Mar 12 22:41:50 CET 2026
#@# white curv lh Thu Mar 12 22:41:50 CET 2026
#@# white area lh Thu Mar 12 22:41:50 CET 2026
#@# pial curv lh Thu Mar 12 22:41:50 CET 2026
#@# pial area lh Thu Mar 12 22:41:50 CET 2026
#@# thickness lh Thu Mar 12 22:41:50 CET 2026
#@# area and vertex vol lh Thu Mar 12 22:41:50 CET 2026
#@# white curv rh Thu Mar 12 22:41:50 CET 2026
#@# white area rh Thu Mar 12 22:41:50 CET 2026
#@# pial curv rh Thu Mar 12 22:41:50 CET 2026
#@# pial area rh Thu Mar 12 22:41:50 CET 2026
#@# thickness rh Thu Mar 12 22:41:50 CET 2026
#@# area and vertex vol rh Thu Mar 12 22:41:50 CET 2026
#@# Cortical ribbon mask Thu Mar 12 22:41:50 CET 2026
recon-all -s sub-v2s1x29911_ses-1 finished without error at Thu Mar 12 22:49:48 CET 2026



#New# invocation of recon-all 



status file for recon-all
Thu Mar 12 22:56:36 CET 2026
#@# white curv lh Thu Mar 12 22:56:36 CET 2026
#@# white area lh Thu Mar 12 22:56:36 CET 2026
#@# pial curv lh Thu Mar 12 22:56:36 CET 2026
#@# pial area lh Thu Mar 12 22:56:36 CET 2026
#@# thickness lh Thu Mar 12 22:56:36 CET 2026
#@# area and vertex vol lh Thu Mar 12 22:56:36 CET 2026
#@# white curv rh Thu Mar 12 22:56:36 CET 2026
#@# white area rh Thu Mar 12 22:56:36 CET 2026
#@# pial curv rh Thu Mar 12 22:56:36 CET 2026
#@# pial area rh Thu Mar 12 22:56:36 CET 2026
#@# thickness rh Thu Mar 12 22:56:36 CET 2026
#@# area and vertex vol rh Thu Mar 12 22:56:36 CET 2026
#@# Curvature Stats lh Thu Mar 12 22:56:36 CET 2026
#@# Curvature Stats rh Thu Mar 12 22:56:38 CET 2026
#@# Relabel Hypointensities Thu Mar 12 22:56:41 CET 2026
#@# APas-to-ASeg Thu Mar 12 22:56:55 CET 2026
#@# AParc-to-ASeg aparc Thu Mar 12 22:57:03 CET 2026
#@# AParc-to-ASeg aparc.a2009s Thu Mar 12 22:57:47 CET 2026
#@# AParc-to-ASeg aparc.DKTatlas Thu Mar 12 22:58:31 CET 2026
#@# WMParc Thu Mar 12 22:59:22 CET 2026
#@# ASeg Stats Thu Mar 12 23:01:25 CET 2026
recon-all -s sub-v2s1x29911_ses-1 finished without error at Thu Mar 12 23:01:46 CET 2026
