status file for recon-all
Thu Mar 12 21:29:30 CET 2026
#@# Tessellate lh Thu Mar 12 21:29:30 CET 2026
#@# Smooth1 lh Thu Mar 12 21:29:34 CET 2026
#@# Inflation1 lh Thu Mar 12 21:29:37 CET 2026
#@# QSphere lh Thu Mar 12 21:30:46 CET 2026
#@# Fix Topology lh Thu Mar 12 21:32:19 CET 2026
#@# Smooth2 lh Thu Mar 12 21:40:17 CET 2026
#@# Inflation2 lh Thu Mar 12 21:40:21 CET 2026
#@# Curv .H and .K lh Thu Mar 12 21:40:55 CET 2026
#@# Sphere lh Thu Mar 12 21:41:51 CET 2026
#@# Surf Reg lh Thu Mar 12 21:45:05 CET 2026
#@# Jacobian white lh Thu Mar 12 21:50:59 CET 2026
#@# AvgCurv lh Thu Mar 12 21:51:00 CET 2026
#@# Cortical Parc lh Thu Mar 12 21:51:01 CET 2026
#@# white curv lh Thu Mar 12 21:58:03 CET 2026
#@# white area lh Thu Mar 12 21:58:05 CET 2026
#@# pial curv lh Thu Mar 12 21:58:06 CET 2026
#@# pial area lh Thu Mar 12 21:58:09 CET 2026
#@# thickness lh Thu Mar 12 21:58:10 CET 2026
#@# area and vertex vol lh Thu Mar 12 21:58:49 CET 2026
#@# Curvature Stats lh Thu Mar 12 21:58:51 CET 2026
#@# Cortical Parc 2 lh Thu Mar 12 21:58:54 CET 2026
#@# Cortical Parc 3 lh Thu Mar 12 21:59:11 CET 2026
#@# WM/GM Contrast lh Thu Mar 12 21:59:23 CET 2026
recon-all -s sub-v2s1x29892_ses-1 finished without error at Thu Mar 12 21:59:27 CET 2026



#New# invocation of recon-all 



status file for recon-all
Thu Mar 12 22:35:54 CET 2026
#@# white curv lh Thu Mar 12 22:35:54 CET 2026
#@# white area lh Thu Mar 12 22:35:54 CET 2026
#@# pial curv lh Thu Mar 12 22:35:54 CET 2026
#@# pial area lh Thu Mar 12 22:35:54 CET 2026
#@# thickness lh Thu Mar 12 22:35:54 CET 2026
#@# area and vertex vol lh Thu Mar 12 22:35:54 CET 2026
#@# Parcellation Stats lh Thu Mar 12 22:35:55 CET 2026
#@# Parcellation Stats 2 lh Thu Mar 12 22:36:19 CET 2026
#@# Parcellation Stats 3 lh Thu Mar 12 22:36:32 CET 2026
#@# BA_exvivo Labels lh Thu Mar 12 22:36:44 CET 2026
recon-all -s sub-v2s1x29892_ses-1 finished without error at Thu Mar 12 22:39:58 CET 2026
