status file for recon-all
Thu Mar 12 21:59:32 CET 2026
#@# Tessellate rh Thu Mar 12 21:59:32 CET 2026
#@# Smooth1 rh Thu Mar 12 21:59:36 CET 2026
#@# Inflation1 rh Thu Mar 12 21:59:39 CET 2026
#@# QSphere rh Thu Mar 12 22:00:55 CET 2026
#@# Fix Topology rh Thu Mar 12 22:02:58 CET 2026
#@# Smooth2 rh Thu Mar 12 22:09:21 CET 2026
#@# Inflation2 rh Thu Mar 12 22:09:24 CET 2026
#@# Curv .H and .K rh Thu Mar 12 22:09:56 CET 2026
#@# Sphere rh Thu Mar 12 22:10:51 CET 2026
#@# Surf Reg rh Thu Mar 12 22:13:53 CET 2026
#@# Jacobian white rh Thu Mar 12 22:19:32 CET 2026
#@# AvgCurv rh Thu Mar 12 22:19:33 CET 2026
#@# Cortical Parc rh Thu Mar 12 22:19:34 CET 2026
#@# white curv rh Thu Mar 12 22:27:03 CET 2026
#@# white area rh Thu Mar 12 22:27:05 CET 2026
#@# pial curv rh Thu Mar 12 22:27:06 CET 2026
#@# pial area rh Thu Mar 12 22:27:08 CET 2026
#@# thickness rh Thu Mar 12 22:27:09 CET 2026
#@# area and vertex vol rh Thu Mar 12 22:27:48 CET 2026
#@# Curvature Stats rh Thu Mar 12 22:27:50 CET 2026
#@# Cortical Parc 2 rh Thu Mar 12 22:27:54 CET 2026
#@# Cortical Parc 3 rh Thu Mar 12 22:28:11 CET 2026
#@# WM/GM Contrast rh Thu Mar 12 22:28:22 CET 2026
recon-all -s sub-v2s1x29892_ses-1 finished without error at Thu Mar 12 22:28:25 CET 2026



#New# invocation of recon-all 



status file for recon-all
Thu Mar 12 22:40:00 CET 2026
#@# white curv rh Thu Mar 12 22:40:00 CET 2026
#@# white area rh Thu Mar 12 22:40:00 CET 2026
#@# pial curv rh Thu Mar 12 22:40:00 CET 2026
#@# pial area rh Thu Mar 12 22:40:00 CET 2026
#@# thickness rh Thu Mar 12 22:40:00 CET 2026
#@# area and vertex vol rh Thu Mar 12 22:40:01 CET 2026
#@# Parcellation Stats rh Thu Mar 12 22:40:01 CET 2026
#@# Parcellation Stats 2 rh Thu Mar 12 22:40:25 CET 2026
#@# Parcellation Stats 3 rh Thu Mar 12 22:40:37 CET 2026
#@# BA_exvivo Labels rh Thu Mar 12 22:40:49 CET 2026
recon-all -s sub-v2s1x29892_ses-1 finished without error at Thu Mar 12 22:44:07 CET 2026
