/out/sourcedata/freesurfer/sub-v2s1x29866_ses-1/mri
/opt/freesurfer/bin/talairach_avi
--i orig_nu.mgz --xfm transforms/talairach.auto.xfm
talairach_avi 7.3.2
Linux dna059 5.14.0-427.37.1.el9_4.x86_64 #1 SMP PREEMPT_DYNAMIC Fri Sep 13 12:41:50 EDT 2024 x86_64 x86_64 x86_64 GNU/Linux
Wed Mar 11 17:55:49 CET 2026
mri_convert orig_nu.mgz talsrcimg.img 
reading from orig_nu.mgz...
TR=0.00, TE=0.00, TI=0.00, flip angle=0.00
i_ras = (-1, 0, 0)
j_ras = (0, 0, -1)
k_ras = (0, 1, 0)
writing to talsrcimg.img...
Analyze Output Matrix
-0.90000   0.00000   0.00000   130.58325;
 0.00000   0.00000   0.90000  -112.05035;
 0.00000  -0.90000   0.00000   129.29895;
 0.00000   0.00000   0.00000   1.00000;
--------------------
INFO: set hdr.hist.orient to -1
mpr2mni305 talsrcimg
Wed Mar 11 17:55:50 CET 2026
/opt/freesurfer/bin/mpr2mni305 talsrcimg
mpr2mni305 7.3.2
target=711-2C_as_mni_average_305

---------------------------------------------------------------------
analyzeto4dfp talsrcimg -O0 -y
---------------------------------------------------------------------

freesurfer ifh2hdr.c
Wed Mar 11 17:55:50 2026
Writing: talsrcimg.4dfp.hdr
freesurfer analyzeto4dfp.c
Reading: talsrcimg.hdr
header size 348 bytes
hdr.dime.datatype	offset=70	value=2
hdr.dime.bitpix		offset=72	value=8
hdr.hist.orient		offset=252	value=-1
dimensionality     4
dimensions       256       256       256         1
Reading: talsrcimg.img
Writing: talsrcimg.4dfp.img
Writing: talsrcimg.4dfp.ifh
ifh2hdr talsrcimg -r0to235
ori=2

---------------------------------------------------------------------
gauss_4dfp talsrcimg 1.1
---------------------------------------------------------------------

freesurfer gauss_4dfp.c
Reading: talsrcimg.4dfp.img
Writing: talsrcimg_g11.4dfp.img
image dimensions 256 256 256 padded to 288 288 288
processing volume 1freesurfer ifh2hdr.c
Wed Mar 11 17:55:52 2026
Writing: talsrcimg_g11.4dfp.hdr

Writing: talsrcimg_g11.4dfp.ifh
including: talsrcimg.4dfp.img.rec in talsrcimg_g11.4dfp.img.rec

---------------------------------------------------------------------
imgreg_4dfp /opt/freesurfer/average/711-2C_as_mni_average_305 none talsrcimg_g11 none talsrcimg_to_711-2C_as_mni_average_305_t4 4355
---------------------------------------------------------------------

freesurfer imgreg_4dfp.c
/opt/freesurfer/average/711-2C_as_mni_average_305.4dfp.img
       256       256       256         1
  1.000000  1.000000  1.000000
orientation T byte_order littleendian
Reading image: /opt/freesurfer/average/711-2C_as_mni_average_305.4dfp.img
dimensions:      256       256       256
mmppix:       1.0000   -1.0000   -1.0000
center:     128.0000 -129.0000 -129.0000
talsrcimg_g11.4dfp.img
       256       256       256         1
  0.900000  0.900000  0.900000
orientation T byte_order littleendian
Reading image: talsrcimg_g11.4dfp.img
dimensions:      256       256       256
mmppix:       0.9000   -0.9000   -0.9000
center:     115.2000 -116.1000 -116.1000
t4_read: open error in t4_sub.f l:  41 t4_file(1:l)talsrcimg_to_711-2C_as_mni_average_305_t4 
t4_read: transform initialized to I4
rotation matrix determinant  1.000000
image alignment mode   4355 decimal     1103 hex
   -7.5000  -45.0000  -45.0000 4510.9399   21.3715
    0.0000  -45.0000  -45.0000 4535.7388   21.4512
    7.5000  -45.0000  -45.0000 4341.0610   21.4441
   -7.5000  -37.5000  -45.0000 5006.2456   22.5119
    0.0000  -37.5000  -45.0000 5030.1411   22.6008
    7.5000  -37.5000  -45.0000 4795.4414   22.6048
   -7.5000  -30.0000  -45.0000 5562.6367   23.2035
    0.0000  -30.0000  -45.0000 5587.6016   23.2925
    7.5000  -30.0000  -45.0000 5311.9272   23.2989
   -7.5000  -22.5000  -45.0000 6262.9600   23.1512
    0.0000  -22.5000  -45.0000 6284.9971   23.2316
    7.5000  -22.5000  -45.0000 5959.6069   23.2297
   -7.5000  -15.0000  -45.0000 6878.8589   23.0734
    0.0000  -15.0000  -45.0000 6893.3120   23.1516
    7.5000  -15.0000  -45.0000 6530.1030   23.1426
   -7.5000   -7.5000  -45.0000 7095.1323   23.0484
    0.0000   -7.5000  -45.0000 7077.7861   23.1279
    7.5000   -7.5000  -45.0000 6702.2134   23.1167
   -7.5000    0.0000  -45.0000 7243.4971   23.1087
    0.0000    0.0000  -45.0000 7230.8501   23.1928
    7.5000    0.0000  -45.0000 6843.9404   23.1862
   -7.5000    7.5000  -45.0000 7075.3281   23.1869
    0.0000    7.5000  -45.0000 7071.1167   23.2779
    7.5000    7.5000  -45.0000 6695.4087   23.2820
   -7.5000   15.0000  -45.0000 7159.8086   23.2020
    0.0000   15.0000  -45.0000 7150.7583   23.2910
    7.5000   15.0000  -45.0000 6795.7666   23.2973
   -7.5000   22.5000  -45.0000 6973.2949   22.8398
    0.0000   22.5000  -45.0000 6948.6245   22.9190
    7.5000   22.5000  -45.0000 6604.0737   22.9172
   -7.5000   30.0000  -45.0000 6745.2681   22.1560
    0.0000   30.0000  -45.0000 6723.9878   22.2310
    7.5000   30.0000  -45.0000 6369.7422   22.2224
   -7.5000   37.5000  -45.0000 6369.2139   21.4192
    0.0000   37.5000  -45.0000 6353.6909   21.4931
    7.5000   37.5000  -45.0000 6017.1851   21.4826
   -7.5000   45.0000  -45.0000 5848.8540   20.6853
    0.0000   45.0000  -45.0000 5829.0620   20.7607
    7.5000   45.0000  -45.0000 5521.6235   20.7548
   -7.5000  -45.0000  -37.5000 4962.9570   22.3855
    0.0000  -45.0000  -37.5000 4986.7456   22.4736
    7.5000  -45.0000  -37.5000 4757.6118   22.4783
   -7.5000  -37.5000  -37.5000 5503.3984   23.5994
    0.0000  -37.5000  -37.5000 5534.8877   23.6860
    7.5000  -37.5000  -37.5000 5251.4590   23.6934
   -7.5000  -30.0000  -37.5000 6121.0522   24.2817
    0.0000  -30.0000  -37.5000 6167.4814   24.3679
    7.5000  -30.0000  -37.5000 5827.9995   24.3802
   -7.5000  -22.5000  -37.5000 6865.5239   24.2228
    0.0000  -22.5000  -37.5000 6905.5732   24.3090
    7.5000  -22.5000  -37.5000 6522.8159   24.3245
   -7.5000  -15.0000  -37.5000 7507.8794   24.1354
    0.0000  -15.0000  -37.5000 7538.8755   24.2313
    7.5000  -15.0000  -37.5000 7119.3428   24.2495
   -7.5000   -7.5000  -37.5000 7735.9043   24.1072
    0.0000   -7.5000  -37.5000 7739.6211   24.2065
    7.5000   -7.5000  -37.5000 7314.8726   24.2204
   -7.5000    0.0000  -37.5000 7894.9595   24.1780
    0.0000    0.0000  -37.5000 7894.0801   24.2704
    7.5000    0.0000  -37.5000 7465.4619   24.2764
   -7.5000    7.5000  -37.5000 7688.5967   24.2648
    0.0000    7.5000  -37.5000 7709.7417   24.3533
    7.5000    7.5000  -37.5000 7284.2451   24.3608
   -7.5000   15.0000  -37.5000 7770.2646   24.2791
    0.0000   15.0000  -37.5000 7792.7119   24.3652
    7.5000   15.0000  -37.5000 7368.9116   24.3774
   -7.5000   22.5000  -37.5000 7535.4365   23.8990
    0.0000   22.5000  -37.5000 7539.3203   23.9840
    7.5000   22.5000  -37.5000 7143.3530   23.9993
   -7.5000   30.0000  -37.5000 7260.3213   23.1921
    0.0000   30.0000  -37.5000 7245.3872   23.2844
    7.5000   30.0000  -37.5000 6867.3623   23.3018
   -7.5000   37.5000  -37.5000 6862.7920   22.4215
    0.0000   37.5000  -37.5000 6841.8105   22.5138
    7.5000   37.5000  -37.5000 6473.6328   22.5267
   -7.5000   45.0000  -37.5000 6300.0669   21.6426
    0.0000   45.0000  -37.5000 6283.7773   21.7253
    7.5000   45.0000  -37.5000 5941.7075   21.7307
   -7.5000  -45.0000  -30.0000 5460.0669   23.4869
    0.0000  -45.0000  -30.0000 5491.1953   23.5822
    7.5000  -45.0000  -30.0000 5209.9385   23.6052
   -7.5000  -37.5000  -30.0000 6042.7368   24.7597
    0.0000  -37.5000  -30.0000 6068.4634   24.8419
    7.5000  -37.5000  -30.0000 5746.8345   24.8627
   -7.5000  -30.0000  -30.0000 6715.9922   25.4406
    0.0000  -30.0000  -30.0000 6747.0894   25.5167
    7.5000  -30.0000  -30.0000 6382.3394   25.5420
   -7.5000  -22.5000  -30.0000 7489.1060   25.3892
    0.0000  -22.5000  -30.0000 7520.9370   25.4698
    7.5000  -22.5000  -30.0000 7110.8350   25.5020
   -7.5000  -15.0000  -30.0000 8173.3887   25.3074
    0.0000  -15.0000  -30.0000 8197.9346   25.4112
    7.5000  -15.0000  -30.0000 7764.5713   25.4522
   -7.5000   -7.5000  -30.0000 8390.4219   25.2790
    0.0000   -7.5000  -30.0000 8412.3125   25.3935
    7.5000   -7.5000  -30.0000 7972.6182   25.4320
   -7.5000    0.0000  -30.0000 8554.7168   25.3424
    0.0000    0.0000  -30.0000 8584.4561   25.4424
    7.5000    0.0000  -30.0000 8113.0962   25.4679
   -7.5000    7.5000  -30.0000 8330.5664   25.4194
    0.0000    7.5000  -30.0000 8375.9072   25.5033
    7.5000    7.5000  -30.0000 7901.0010   25.5246
   -7.5000   15.0000  -30.0000 8404.6475   25.4355
    0.0000   15.0000  -30.0000 8454.5000   25.5116
    7.5000   15.0000  -30.0000 7964.4370   25.5368
   -7.5000   22.5000  -30.0000 8120.5596   25.0509
    0.0000   22.5000  -30.0000 8154.2666   25.1304
    7.5000   22.5000  -30.0000 7700.7744   25.1621
   -7.5000   30.0000  -30.0000 7795.2192   24.3361
    0.0000   30.0000  -30.0000 7795.8193   24.4359
    7.5000   30.0000  -30.0000 7380.3198   24.4753
   -7.5000   37.5000  -30.0000 7373.7290   23.5468
    0.0000   37.5000  -30.0000 7362.7295   23.6535
    7.5000   37.5000  -30.0000 6948.1826   23.6893
   -7.5000   45.0000  -30.0000 6764.5122   22.7209
    0.0000   45.0000  -30.0000 6739.8647   22.8106
    7.5000   45.0000  -30.0000 6360.2095   22.8335
   -7.5000  -45.0000  -22.5000 5937.9551   24.4297
    0.0000  -45.0000  -22.5000 5974.6323   24.5227
    7.5000  -45.0000  -22.5000 5674.9023   24.5526
   -7.5000  -37.5000  -22.5000 6560.1362   25.7483
    0.0000  -37.5000  -22.5000 6589.8491   25.8272
    7.5000  -37.5000  -22.5000 6241.8774   25.8587
   -7.5000  -30.0000  -22.5000 7274.9731   26.4224
    0.0000  -30.0000  -22.5000 7308.5898   26.4914
    7.5000  -30.0000  -22.5000 6901.6523   26.5262
   -7.5000  -22.5000  -22.5000 8086.0776   26.3801
    0.0000  -22.5000  -22.5000 8117.4639   26.4501
    7.5000  -22.5000  -22.5000 7672.0859   26.4864
   -7.5000  -15.0000  -22.5000 8812.7598   26.3153
    0.0000  -15.0000  -22.5000 8829.7500   26.4109
    7.5000  -15.0000  -22.5000 8365.2627   26.4513
   -7.5000   -7.5000  -22.5000 9035.8027   26.2958
    0.0000   -7.5000  -22.5000 9053.3760   26.4064
    7.5000   -7.5000  -22.5000 8583.7402   26.4461
   -7.5000    0.0000  -22.5000 9195.0400   26.3458
    0.0000    0.0000  -22.5000 9227.8867   26.4438
    7.5000    0.0000  -22.5000 8719.3760   26.4769
   -7.5000    7.5000  -22.5000 8965.7852   26.4014
    0.0000    7.5000  -22.5000 9005.4912   26.4818
    7.5000    7.5000  -22.5000 8498.4922   26.5142
   -7.5000   15.0000  -22.5000 9042.7227   26.4144
    0.0000   15.0000  -22.5000 9099.5186   26.4834
    7.5000   15.0000  -22.5000 8564.3105   26.5182
   -7.5000   22.5000  -22.5000 8712.1543   26.0310
    0.0000   22.5000  -22.5000 8766.3447   26.1001
    7.5000   22.5000  -22.5000 8256.1680   26.1360
   -7.5000   30.0000  -22.5000 8313.5264   25.3239
    0.0000   30.0000  -22.5000 8335.2109   25.4159
    7.5000   30.0000  -22.5000 7862.0732   25.4548
   -7.5000   37.5000  -22.5000 7839.7090   24.5312
    0.0000   37.5000  -22.5000 7837.7456   24.6343
    7.5000   37.5000  -22.5000 7393.2739   24.6714
   -7.5000   45.0000  -22.5000 7176.6670   23.6778
    0.0000   45.0000  -22.5000 7157.7573   23.7659
    7.5000   45.0000  -22.5000 6767.6260   23.7955
   -7.5000  -45.0000  -15.0000 6409.5791   25.2702
    0.0000  -45.0000  -15.0000 6436.3140   25.3599
    7.5000  -45.0000  -15.0000 6114.8467   25.3761
   -7.5000  -37.5000  -15.0000 7060.1182   26.6284
    0.0000  -37.5000  -15.0000 7088.7339   26.7156
    7.5000  -37.5000  -15.0000 6724.4019   26.7421
   -7.5000  -30.0000  -15.0000 7812.8613   27.2967
    0.0000  -30.0000  -15.0000 7848.1685   27.3731
    7.5000  -30.0000  -15.0000 7431.4639   27.4009
   -7.5000  -22.5000  -15.0000 8657.0850   27.2501
    0.0000  -22.5000  -15.0000 8686.1680   27.3174
    7.5000  -22.5000  -15.0000 8228.5762   27.3356
   -7.5000  -15.0000  -15.0000 9420.1211   27.1879
    0.0000  -15.0000  -15.0000 9446.2080   27.2688
    7.5000  -15.0000  -15.0000 8955.0996   27.2812
   -7.5000   -7.5000  -15.0000 9638.8037   27.1741
    0.0000   -7.5000  -15.0000 9650.5879   27.2688
    7.5000   -7.5000  -15.0000 9158.6123   27.2823
   -7.5000    0.0000  -15.0000 9771.5029   27.2258
    0.0000    0.0000  -15.0000 9780.0830   27.3207
    7.5000    0.0000  -15.0000 9288.7842   27.3395
   -7.5000    7.5000  -15.0000 9527.5635   27.2771
    0.0000    7.5000  -15.0000 9565.0703   27.3660
    7.5000    7.5000  -15.0000 9043.0010   27.3932
   -7.5000   15.0000  -15.0000 9607.4482   27.2865
    0.0000   15.0000  -15.0000 9666.1582   27.3630
    7.5000   15.0000  -15.0000 9100.2910   27.3907
   -7.5000   22.5000  -15.0000 9242.5908   26.8937
    0.0000   22.5000  -15.0000 9286.3145   26.9601
    7.5000   22.5000  -15.0000 8746.9365   26.9780
   -7.5000   30.0000  -15.0000 8785.9121   26.1833
    0.0000   30.0000  -15.0000 8793.3486   26.2612
    7.5000   30.0000  -15.0000 8297.1709   26.2731
   -7.5000   37.5000  -15.0000 8261.0469   25.3893
    0.0000   37.5000  -15.0000 8255.4180   25.4778
    7.5000   37.5000  -15.0000 7788.4385   25.4904
   -7.5000   45.0000  -15.0000 7537.5029   24.5282
    0.0000   45.0000  -15.0000 7533.7222   24.6137
    7.5000   45.0000  -15.0000 7120.0864   24.6306
   -7.5000  -45.0000   -7.5000 6677.2173   25.3063
    0.0000  -45.0000   -7.5000 6708.3062   25.3936
    7.5000  -45.0000   -7.5000 6363.0479   25.3897
   -7.5000  -37.5000   -7.5000 7340.1279   26.6778
    0.0000  -37.5000   -7.5000 7372.8687   26.7751
    7.5000  -37.5000   -7.5000 6991.8916   26.7874
   -7.5000  -30.0000   -7.5000 8085.3599   27.3494
    0.0000  -30.0000   -7.5000 8112.0239   27.4407
    7.5000  -30.0000   -7.5000 7703.0859   27.4539
   -7.5000  -22.5000   -7.5000 8942.4658   27.2951
    0.0000  -22.5000   -7.5000 8958.9219   27.3714
    7.5000  -22.5000   -7.5000 8525.7031   27.3692
   -7.5000  -15.0000   -7.5000 9704.6055   27.2215
    0.0000  -15.0000   -7.5000 9725.7715   27.2970
    7.5000  -15.0000   -7.5000 9254.0947   27.2828
   -7.5000   -7.5000   -7.5000 9919.5830   27.2035
    0.0000   -7.5000   -7.5000 9909.4766   27.2860
    7.5000   -7.5000   -7.5000 9461.0752   27.2719
   -7.5000    0.0000   -7.500010034.1436   27.2637
    0.0000    0.0000   -7.500010019.8555   27.3560
    7.5000    0.0000   -7.5000 9583.0322   27.3534
   -7.5000    7.5000   -7.5000 9762.1299   27.3276
    0.0000    7.5000   -7.5000 9776.0674   27.4268
    7.5000    7.5000   -7.5000 9286.5527   27.4394
   -7.5000   15.0000   -7.5000 9812.8633   27.3392
    0.0000   15.0000   -7.5000 9826.0186   27.4305
    7.5000   15.0000   -7.5000 9317.3281   27.4436
   -7.5000   22.5000   -7.5000 9438.7139   26.9381
    0.0000   22.5000   -7.5000 9444.4150   27.0133
    7.5000   22.5000   -7.5000 8944.2646   27.0112
   -7.5000   30.0000   -7.5000 8946.2920   26.2156
    0.0000   30.0000   -7.5000 8914.9717   26.2883
    7.5000   30.0000   -7.5000 8452.8750   26.2747
   -7.5000   37.5000   -7.5000 8387.8203   25.4168
    0.0000   37.5000   -7.5000 8337.2939   25.4939
    7.5000   37.5000   -7.5000 7902.2100   25.4807
   -7.5000   45.0000   -7.5000 7635.6455   24.5623
    0.0000   45.0000   -7.5000 7609.3325   24.6454
    7.5000   45.0000   -7.5000 7217.8994   24.6431
   -7.5000  -45.0000    0.0000 6812.3887   26.0064
    0.0000  -45.0000    0.0000 6832.1714   26.0993
    7.5000  -45.0000    0.0000 6492.1445   26.0882
   -7.5000  -37.5000    0.0000 7477.1704   27.4223
    0.0000  -37.5000    0.0000 7509.2935   27.5273
    7.5000  -37.5000    0.0000 7134.7241   27.5303
   -7.5000  -30.0000    0.0000 8222.6875   28.0987
    0.0000  -30.0000    0.0000 8273.9453   28.2042
    7.5000  -30.0000    0.0000 7846.2046   28.2112
   -7.5000  -22.5000    0.0000 9077.9473   28.0338
    0.0000  -22.5000    0.0000 9126.8252   28.1291
    7.5000  -22.5000    0.0000 8665.5449   28.1270
   -7.5000  -15.0000    0.0000 9825.0449   27.9416
    0.0000  -15.0000    0.0000 9874.2500   28.0332
    7.5000  -15.0000    0.0000 9376.2100   28.0218
   -7.5000   -7.5000    0.000010032.9941   27.9144
    0.0000   -7.5000    0.000010071.1387   28.0066
    7.5000   -7.5000    0.0000 9583.9873   27.9912
   -7.5000    0.0000    0.000010136.3682   27.9890
    0.0000    0.0000    0.000010157.4346   28.0866
    7.5000    0.0000    0.0000 9686.5088   28.0762
   -7.5000    7.5000    0.0000 9836.4854   28.0718
    0.0000    7.5000    0.0000 9875.1963   28.1787
    7.5000    7.5000    0.0000 9389.1289   28.1817
   -7.5000   15.0000    0.0000 9902.5400   28.0870
    0.0000   15.0000    0.0000 9929.9551   28.1924
    7.5000   15.0000    0.0000 9427.1406   28.1994
   -7.5000   22.5000    0.0000 9506.4160   27.6710
    0.0000   22.5000    0.0000 9517.2715   27.7650
    7.5000   22.5000    0.0000 9037.9619   27.7630
   -7.5000   30.0000    0.0000 8951.2559   26.9254
    0.0000   30.0000    0.0000 8900.8027   27.0137
    7.5000   30.0000    0.0000 8484.8896   27.0027
   -7.5000   37.5000    0.0000 8340.7334   26.1122
    0.0000   37.5000    0.0000 8269.8545   26.1984
    7.5000   37.5000    0.0000 7890.1592   26.1841
   -7.5000   45.0000    0.0000 7615.0806   25.2643
    0.0000   45.0000    0.0000 7570.0029   25.3523
    7.5000   45.0000    0.0000 7226.9282   25.3430
   -7.5000  -45.0000    7.5000 6709.5576   26.0287
    0.0000  -45.0000    7.5000 6749.4863   26.1312
    7.5000  -45.0000    7.5000 6388.1631   26.1368
   -7.5000  -37.5000    7.5000 7327.8013   27.4546
    0.0000  -37.5000    7.5000 7379.3335   27.5553
    7.5000  -37.5000    7.5000 6990.2471   27.5640
   -7.5000  -30.0000    7.5000 8020.7153   28.1336
    0.0000  -30.0000    7.5000 8075.3853   28.2334
    7.5000  -30.0000    7.5000 7661.3506   28.2476
   -7.5000  -22.5000    7.5000 8829.7139   28.0656
    0.0000  -22.5000    7.5000 8863.5469   28.1653
    7.5000  -22.5000    7.5000 8438.0977   28.1832
   -7.5000  -15.0000    7.5000 9557.8721   27.9642
    0.0000  -15.0000    7.5000 9609.1367   28.0753
    7.5000  -15.0000    7.5000 9125.8438   28.0963
   -7.5000   -7.5000    7.5000 9718.2080   27.9313
    0.0000   -7.5000    7.5000 9721.5254   28.0463
    7.5000   -7.5000    7.5000 9290.0244   28.0624
   -7.5000    0.0000    7.5000 9740.5469   28.0130
    0.0000    0.0000    7.5000 9703.8779   28.1201
    7.5000    0.0000    7.5000 9333.6963   28.1271
   -7.5000    7.5000    7.5000 9457.0000   28.1050
    0.0000    7.5000    7.5000 9462.2617   28.2075
    7.5000    7.5000    7.5000 9046.5371   28.2163
   -7.5000   15.0000    7.5000 9550.5498   28.1218
    0.0000   15.0000    7.5000 9558.7783   28.2216
    7.5000   15.0000    7.5000 9120.2119   28.2357
   -7.5000   22.5000    7.5000 9133.8926   27.7024
    0.0000   22.5000    7.5000 9125.2441   27.8008
    7.5000   22.5000    7.5000 8727.4121   27.8185
   -7.5000   30.0000    7.5000 8558.8965   26.9472
    0.0000   30.0000    7.5000 8506.4199   27.0543
    7.5000   30.0000    7.5000 8163.0186   27.0745
   -7.5000   37.5000    7.5000 7965.1201   26.1280
    0.0000   37.5000    7.5000 7880.1738   26.2356
    7.5000   37.5000    7.5000 7560.7031   26.2506
   -7.5000   45.0000    7.5000 7311.6147   25.2859
    0.0000   45.0000    7.5000 7261.3086   25.3826
    7.5000   45.0000    7.5000 6948.9365   25.3890
   -7.5000  -45.0000   15.0000 6805.5684   25.9925
    0.0000  -45.0000   15.0000 6841.9912   26.0979
    7.5000  -45.0000   15.0000 6481.0024   26.1234
   -7.5000  -37.5000   15.0000 7405.6099   27.4045
    0.0000  -37.5000   15.0000 7456.9111   27.4955
    7.5000  -37.5000   15.0000 7078.1396   27.5185
   -7.5000  -30.0000   15.0000 8090.7139   28.0833
    0.0000  -30.0000   15.0000 8139.2490   28.1673
    7.5000  -30.0000   15.0000 7737.4502   28.1953
   -7.5000  -22.5000   15.0000 8875.6807   28.0266
    0.0000  -22.5000   15.0000 8943.3350   28.1156
    7.5000  -22.5000   15.0000 8493.1533   28.1511
   -7.5000  -15.0000   15.0000 9629.7695   27.9363
    0.0000  -15.0000   15.0000 9694.1777   28.0509
    7.5000  -15.0000   15.0000 9188.4434   28.0961
   -7.5000   -7.5000   15.0000 9765.2285   27.9049
    0.0000   -7.5000   15.0000 9783.6885   28.0314
    7.5000   -7.5000   15.0000 9353.9551   28.0738
   -7.5000    0.0000   15.0000 9726.5371   27.9749
    0.0000    0.0000   15.0000 9732.7910   28.0853
    7.5000    0.0000   15.0000 9368.0029   28.1134
   -7.5000    7.5000   15.0000 9447.2080   28.0538
    0.0000    7.5000   15.0000 9463.1846   28.1464
    7.5000    7.5000   15.0000 9088.4766   28.1700
   -7.5000   15.0000   15.0000 9547.9922   28.0716
    0.0000   15.0000   15.0000 9593.9727   28.1556
    7.5000   15.0000   15.0000 9160.5117   28.1834
   -7.5000   22.5000   15.0000 9137.7070   27.6639
    0.0000   22.5000   15.0000 9153.7686   27.7517
    7.5000   22.5000   15.0000 8763.3633   27.7867
   -7.5000   30.0000   15.0000 8534.3789   26.9203
    0.0000   30.0000   15.0000 8530.7354   27.0307
    7.5000   30.0000   15.0000 8172.4512   27.0743
   -7.5000   37.5000   15.0000 7889.2603   26.1033
    0.0000   37.5000   15.0000 7854.1035   26.2216
    7.5000   37.5000   15.0000 7547.7446   26.2613
   -7.5000   45.0000   15.0000 7259.3643   25.2515
    0.0000   45.0000   15.0000 7236.3716   25.3512
    7.5000   45.0000   15.0000 6945.4199   25.3766
   -7.5000  -45.0000   22.5000 6539.9731   25.9329
    0.0000  -45.0000   22.5000 6567.0801   26.0316
    7.5000  -45.0000   22.5000 6211.8413   26.0633
   -7.5000  -37.5000   22.5000 7127.8369   27.3204
    0.0000  -37.5000   22.5000 7170.4741   27.4040
    7.5000  -37.5000   22.5000 6785.9932   27.4375
   -7.5000  -30.0000   22.5000 7790.7622   27.9932
    0.0000  -30.0000   22.5000 7839.8159   28.0662
    7.5000  -30.0000   22.5000 7422.2944   28.1031
   -7.5000  -22.5000   22.5000 8535.8535   27.9483
    0.0000  -22.5000   22.5000 8587.3604   28.0225
    7.5000  -22.5000   22.5000 8146.3501   28.0609
   -7.5000  -15.0000   22.5000 9221.7646   27.8796
    0.0000  -15.0000   22.5000 9280.0996   27.9809
    7.5000  -15.0000   22.5000 8800.9600   28.0237
   -7.5000   -7.5000   22.5000 9371.4170   27.8589
    0.0000   -7.5000   22.5000 9389.1768   27.9761
    7.5000   -7.5000   22.5000 8973.2783   28.0182
   -7.5000    0.0000   22.5000 9344.7578   27.9120
    0.0000    0.0000   22.5000 9353.7451   28.0158
    7.5000    0.0000   22.5000 9014.6816   28.0508
   -7.5000    7.5000   22.5000 9018.2041   27.9677
    0.0000    7.5000   22.5000 9028.8975   28.0529
    7.5000    7.5000   22.5000 8705.6738   28.0872
   -7.5000   15.0000   22.5000 9093.1689   27.9815
    0.0000   15.0000   22.5000 9116.9043   28.0545
    7.5000   15.0000   22.5000 8760.6328   28.0914
   -7.5000   22.5000   22.5000 8753.6709   27.5866
    0.0000   22.5000   22.5000 8750.6416   27.6598
    7.5000   22.5000   22.5000 8379.1787   27.6977
   -7.5000   30.0000   22.5000 8205.7510   26.8657
    0.0000   30.0000   22.5000 8191.7163   26.9633
    7.5000   30.0000   22.5000 7822.9561   27.0045
   -7.5000   37.5000   22.5000 7573.2236   26.0603
    0.0000   37.5000   22.5000 7538.9385   26.1699
    7.5000   37.5000   22.5000 7211.2734   26.2093
   -7.5000   45.0000   22.5000 6944.8809   25.1948
    0.0000   45.0000   22.5000 6905.5649   25.2885
    7.5000   45.0000   22.5000 6605.7451   25.3201
   -7.5000  -45.0000   30.0000 6163.6904   25.7339
    0.0000  -45.0000   30.0000 6199.5537   25.8253
    7.5000  -45.0000   30.0000 5859.9126   25.8417
   -7.5000  -37.5000   30.0000 6753.0977   27.1185
    0.0000  -37.5000   30.0000 6808.1719   27.2073
    7.5000  -37.5000   30.0000 6430.4390   27.2342
   -7.5000  -30.0000   30.0000 7396.2480   27.7867
    0.0000  -30.0000   30.0000 7474.2217   27.8645
    7.5000  -30.0000   30.0000 7047.3179   27.8928
   -7.5000  -22.5000   30.0000 8098.1660   27.7393
    0.0000  -22.5000   30.0000 8174.8477   27.8078
    7.5000  -22.5000   30.0000 7726.4800   27.8262
   -7.5000  -15.0000   30.0000 8755.6445   27.6760
    0.0000  -15.0000   30.0000 8831.7305   27.7583
    7.5000  -15.0000   30.0000 8349.8867   27.7708
   -7.5000   -7.5000   30.0000 8933.5488   27.6621
    0.0000   -7.5000   30.0000 8988.1279   27.7584
    7.5000   -7.5000   30.0000 8528.5234   27.7720
   -7.5000    0.0000   30.0000 9013.3799   27.7147
    0.0000    0.0000   30.0000 9039.4199   27.8113
    7.5000    0.0000   30.0000 8601.3486   27.8302
   -7.5000    7.5000   30.0000 8690.0000   27.7655
    0.0000    7.5000   30.0000 8694.7344   27.8560
    7.5000    7.5000   30.0000 8293.2920   27.8836
   -7.5000   15.0000   30.0000 8705.5293   27.7750
    0.0000   15.0000   30.0000 8683.8232   27.8528
    7.5000   15.0000   30.0000 8293.7490   27.8810
   -7.5000   22.5000   30.0000 8354.8389   27.3779
    0.0000   22.5000   30.0000 8327.5908   27.4455
    7.5000   22.5000   30.0000 7944.6802   27.4637
   -7.5000   30.0000   30.0000 7818.4551   26.6817
    0.0000   30.0000   30.0000 7782.2876   26.7610
    7.5000   30.0000   30.0000 7438.8613   26.7731
   -7.5000   37.5000   30.0000 7217.2305   25.9005
    0.0000   37.5000   30.0000 7184.1426   25.9907
    7.5000   37.5000   30.0000 6857.7847   26.0034
   -7.5000   45.0000   30.0000 6609.8286   25.0510
    0.0000   45.0000   30.0000 6571.1079   25.1383
    7.5000   45.0000   30.0000 6272.3804   25.1554
   -7.5000  -45.0000   37.5000 5768.4722   25.3679
    0.0000  -45.0000   37.5000 5805.5317   25.4563
    7.5000  -45.0000   37.5000 5504.1289   25.4541
   -7.5000  -37.5000   37.5000 6323.6533   26.7481
    0.0000  -37.5000   37.5000 6371.5830   26.8469
    7.5000  -37.5000   37.5000 6041.7109   26.8611
   -7.5000  -30.0000   37.5000 6954.8750   27.3924
    0.0000  -30.0000   37.5000 7004.3535   27.4852
    7.5000  -30.0000   37.5000 6627.9941   27.5004
   -7.5000  -22.5000   37.5000 7637.5347   27.3386
    0.0000  -22.5000   37.5000 7695.7476   27.4161
    7.5000  -22.5000   37.5000 7263.2900   27.4156
   -7.5000  -15.0000   37.5000 8279.4727   27.2652
    0.0000  -15.0000   37.5000 8347.3047   27.3416
    7.5000  -15.0000   37.5000 7871.7578   27.3291
   -7.5000   -7.5000   37.5000 8483.2178   27.2471
    0.0000   -7.5000   37.5000 8540.4756   27.3305
    7.5000   -7.5000   37.5000 8062.2246   27.3181
   -7.5000    0.0000   37.5000 8579.3740   27.3069
    0.0000    0.0000   37.5000 8641.8877   27.4003
    7.5000    0.0000   37.5000 8159.5137   27.3996
   -7.5000    7.5000   37.5000 8279.3311   27.3690
    0.0000    7.5000   37.5000 8324.8242   27.4696
    7.5000    7.5000   37.5000 7861.4170   27.4841
   -7.5000   15.0000   37.5000 8275.3984   27.3807
    0.0000   15.0000   37.5000 8299.4424   27.4735
    7.5000   15.0000   37.5000 7843.5908   27.4885
   -7.5000   22.5000   37.5000 7916.8076   26.9777
    0.0000   22.5000   37.5000 7931.4937   27.0542
    7.5000   22.5000   37.5000 7517.0723   27.0537
   -7.5000   30.0000   37.5000 7388.3008   26.2855
    0.0000   30.0000   37.5000 7381.3203   26.3591
    7.5000   30.0000   37.5000 7020.9844   26.3470
   -7.5000   37.5000   37.5000 6810.3257   25.5122
    0.0000   37.5000   37.5000 6789.5752   25.5903
    7.5000   37.5000   37.5000 6470.0571   25.5788
   -7.5000   45.0000   37.5000 6235.1567   24.6794
    0.0000   45.0000   37.5000 6229.5972   24.7638
    7.5000   45.0000   37.5000 5937.7305   24.7631
   -7.5000  -45.0000   45.0000 5331.5298   25.2072
    0.0000  -45.0000   45.0000 5370.9746   25.3006
    7.5000  -45.0000   45.0000 5083.7739   25.2936
   -7.5000  -37.5000   45.0000 5864.8906   26.5970
    0.0000  -37.5000   45.0000 5909.7100   26.7034
    7.5000  -37.5000   45.0000 5584.7500   26.7092
   -7.5000  -30.0000   45.0000 6458.6260   27.2168
    0.0000  -30.0000   45.0000 6507.9355   27.3230
    7.5000  -30.0000   45.0000 6140.7319   27.3322
   -7.5000  -22.5000   45.0000 7111.4023   27.1515
    0.0000  -22.5000   45.0000 7163.0464   27.2462
    7.5000  -22.5000   45.0000 6756.5566   27.2468
   -7.5000  -15.0000   45.0000 7705.2256   27.0569
    0.0000  -15.0000   45.0000 7761.3374   27.1471
    7.5000  -15.0000   45.0000 7326.2593   27.1395
   -7.5000   -7.5000   45.0000 7883.0161   27.0281
    0.0000   -7.5000   45.0000 7939.0688   27.1194
    7.5000   -7.5000   45.0000 7505.4897   27.1087
   -7.5000    0.0000   45.0000 7980.9189   27.1029
    0.0000    0.0000   45.0000 8040.1562   27.2009
    7.5000    0.0000   45.0000 7601.3560   27.1947
   -7.5000    7.5000   45.0000 7696.9233   27.1876
    0.0000    7.5000   45.0000 7758.8892   27.2958
    7.5000    7.5000   45.0000 7335.0933   27.3017
   -7.5000   15.0000   45.0000 7711.6899   27.2048
    0.0000   15.0000   45.0000 7747.8013   27.3110
    7.5000   15.0000   45.0000 7344.5366   27.3202
   -7.5000   22.5000   45.0000 7411.5039   26.7895
    0.0000   22.5000   45.0000 7451.4834   26.8829
    7.5000   22.5000   45.0000 7052.7183   26.8835
   -7.5000   30.0000   45.0000 6934.2910   26.0820
    0.0000   30.0000   45.0000 6949.7900   26.1690
    7.5000   30.0000   45.0000 6594.9575   26.1617
   -7.5000   37.5000   45.0000 6385.7935   25.3005
    0.0000   37.5000   45.0000 6386.9668   25.3859
    7.5000   37.5000   45.0000 6068.5225   25.3759
   -7.5000   45.0000   45.0000 5850.2383   24.4795
    0.0000   45.0000   45.0000 5866.9810   24.5681
    7.5000   45.0000   45.0000 5576.9292   24.5625

---------------------------------------------------------------------
imgreg_4dfp /opt/freesurfer/average/711-2C_as_mni_average_305 /opt/freesurfer/average/711-2B_as_mni_average_305_mask talsrcimg_g11 none talsrcimg_to_711-2C_as_mni_average_305_t4 4355
---------------------------------------------------------------------

freesurfer imgreg_4dfp.c
/opt/freesurfer/average/711-2C_as_mni_average_305.4dfp.img
       256       256       256         1
  1.000000  1.000000  1.000000
orientation T byte_order littleendian
Reading image: /opt/freesurfer/average/711-2C_as_mni_average_305.4dfp.img
dimensions:      256       256       256
mmppix:       1.0000   -1.0000   -1.0000
center:     128.0000 -129.0000 -129.0000
/opt/freesurfer/average/711-2B_as_mni_average_305_mask.4dfp.img
       256       256       256         1
  1.000000  1.000000  1.000000
orientation T byte_order littleendian
Reading mask: /opt/freesurfer/average/711-2B_as_mni_average_305_mask.4dfp.img (2306576 pixels)
talsrcimg_g11.4dfp.img
       256       256       256         1
  0.900000  0.900000  0.900000
orientation T byte_order littleendian
Reading image: talsrcimg_g11.4dfp.img
dimensions:      256       256       256
mmppix:       0.9000   -0.9000   -0.9000
center:     115.2000 -116.1000 -116.1000
rotation matrix determinant  1.000000
image alignment mode   4355 decimal     1103 hex
   -7.5000  -45.0000  -45.0000 1523.7010   32.8820
    0.0000  -45.0000  -45.0000 1527.7665   32.8042
    7.5000  -45.0000  -45.0000 1519.1382   33.2007
   -7.5000  -37.5000  -45.0000 1629.7719   29.2399
    0.0000  -37.5000  -45.0000 1631.5381   29.1105
    7.5000  -37.5000  -45.0000 1617.4413   29.6793
   -7.5000  -30.0000  -45.0000 1721.2841   26.2332
    0.0000  -30.0000  -45.0000 1724.3705   26.0548
    7.5000  -30.0000  -45.0000 1699.8319   26.4675
   -7.5000  -22.5000  -45.0000 1804.2471   23.9806
    0.0000  -22.5000  -45.0000 1807.0984   23.8017
    7.5000  -22.5000  -45.0000 1782.0619   24.0927
   -7.5000  -15.0000  -45.0000 1854.5162   22.2480
    0.0000  -15.0000  -45.0000 1859.9299   22.1771
    7.5000  -15.0000  -45.0000 1835.7736   22.4543
   -7.5000   -7.5000  -45.0000 1881.6788   21.2098
    0.0000   -7.5000  -45.0000 1881.8184   21.1403
    7.5000   -7.5000  -45.0000 1856.6685   21.4275
   -7.5000    0.0000  -45.0000 1893.4579   20.6872
    0.0000    0.0000  -45.0000 1897.5100   20.5910
    7.5000    0.0000  -45.0000 1869.2877   20.8952
   -7.5000    7.5000  -45.0000 1895.3961   20.5839
    0.0000    7.5000  -45.0000 1898.5271   20.4691
    7.5000    7.5000  -45.0000 1874.5831   20.9269
   -7.5000   15.0000  -45.0000 1877.8540   20.9667
    0.0000   15.0000  -45.0000 1884.7040   20.9245
    7.5000   15.0000  -45.0000 1862.2902   21.3472
   -7.5000   22.5000  -45.0000 1851.8778   21.8241
    0.0000   22.5000  -45.0000 1857.0649   21.7577
    7.5000   22.5000  -45.0000 1833.7117   22.2102
   -7.5000   30.0000  -45.0000 1807.4203   23.1970
    0.0000   30.0000  -45.0000 1814.4318   23.1553
    7.5000   30.0000  -45.0000 1787.7822   23.5599
   -7.5000   37.5000  -45.0000 1720.7167   25.0046
    0.0000   37.5000  -45.0000 1727.9293   24.9450
    7.5000   37.5000  -45.0000 1699.0248   25.3982
   -7.5000   45.0000  -45.0000 1596.5854   27.1575
    0.0000   45.0000  -45.0000 1603.7445   27.0456
    7.5000   45.0000  -45.0000 1579.8890   27.5684
   -7.5000  -45.0000  -37.5000 1662.6019   31.7389
    0.0000  -45.0000  -37.5000 1663.7772   31.6228
    7.5000  -45.0000  -37.5000 1655.6105   32.0983
   -7.5000  -37.5000  -37.5000 1777.8013   28.2359
    0.0000  -37.5000  -37.5000 1781.9916   28.1008
    7.5000  -37.5000  -37.5000 1758.1464   28.5707
   -7.5000  -30.0000  -37.5000 1877.5789   25.3238
    0.0000  -30.0000  -37.5000 1885.0679   25.1595
    7.5000  -30.0000  -37.5000 1854.9784   25.5721
   -7.5000  -22.5000  -37.5000 1970.6442   23.1025
    0.0000  -22.5000  -37.5000 1976.3802   22.9690
    7.5000  -22.5000  -37.5000 1946.1111   23.3105
   -7.5000  -15.0000  -37.5000 2022.4165   21.4888
    0.0000  -15.0000  -37.5000 2029.8029   21.3771
    7.5000  -15.0000  -37.5000 2000.0100   21.6318
   -7.5000   -7.5000  -37.5000 2051.6531   20.4232
    0.0000   -7.5000  -37.5000 2054.9236   20.3279
    7.5000   -7.5000  -37.5000 2030.8667   20.5949
   -7.5000    0.0000  -37.5000 2065.0867   19.9688
    0.0000    0.0000  -37.5000 2073.4758   19.8842
    7.5000    0.0000  -37.5000 2045.5913   20.1474
   -7.5000    7.5000  -37.5000 2061.8215   19.9177
    0.0000    7.5000  -37.5000 2069.2014   19.8489
    7.5000    7.5000  -37.5000 2046.7451   20.1862
   -7.5000   15.0000  -37.5000 2045.2123   20.2978
    0.0000   15.0000  -37.5000 2054.8113   20.2531
    7.5000   15.0000  -37.5000 2028.9845   20.6608
   -7.5000   22.5000  -37.5000 2012.1993   21.0565
    0.0000   22.5000  -37.5000 2022.6606   20.9892
    7.5000   22.5000  -37.5000 1994.6870   21.4671
   -7.5000   30.0000  -37.5000 1966.7012   22.2723
    0.0000   30.0000  -37.5000 1975.5654   22.2247
    7.5000   30.0000  -37.5000 1944.6211   22.7438
   -7.5000   37.5000  -37.5000 1871.1472   23.9913
    0.0000   37.5000  -37.5000 1877.5948   23.9576
    7.5000   37.5000  -37.5000 1849.0427   24.4752
   -7.5000   45.0000  -37.5000 1739.2711   26.1169
    0.0000   45.0000  -37.5000 1748.8931   25.9787
    7.5000   45.0000  -37.5000 1719.0137   26.5571
   -7.5000  -45.0000  -30.0000 1786.8877   30.2745
    0.0000  -45.0000  -30.0000 1791.2114   30.1653
    7.5000  -45.0000  -30.0000 1767.9691   30.7048
   -7.5000  -37.5000  -30.0000 1912.1486   26.9192
    0.0000  -37.5000  -30.0000 1917.8936   26.7220
    7.5000  -37.5000  -30.0000 1885.5739   27.2607
   -7.5000  -30.0000  -30.0000 2023.2400   24.1640
    0.0000  -30.0000  -30.0000 2029.7759   23.9429
    7.5000  -30.0000  -30.0000 1998.2529   24.4204
   -7.5000  -22.5000  -30.0000 2117.5310   22.0262
    0.0000  -22.5000  -30.0000 2124.4446   21.8516
    7.5000  -22.5000  -30.0000 2095.2556   22.2458
   -7.5000  -15.0000  -30.0000 2179.1411   20.4805
    0.0000  -15.0000  -30.0000 2185.7271   20.3529
    7.5000  -15.0000  -30.0000 2157.5591   20.6911
   -7.5000   -7.5000  -30.0000 2210.8745   19.5072
    0.0000   -7.5000  -30.0000 2216.9453   19.4109
    7.5000   -7.5000  -30.0000 2195.4248   19.7085
   -7.5000    0.0000  -30.0000 2228.9536   19.0506
    0.0000    0.0000  -30.0000 2242.4563   18.9714
    7.5000    0.0000  -30.0000 2209.0359   19.2688
   -7.5000    7.5000  -30.0000 2230.3867   18.9904
    0.0000    7.5000  -30.0000 2241.5503   18.9497
    7.5000    7.5000  -30.0000 2209.0645   19.2611
   -7.5000   15.0000  -30.0000 2215.0984   19.3894
    0.0000   15.0000  -30.0000 2225.5452   19.3205
    7.5000   15.0000  -30.0000 2191.8008   19.6817
   -7.5000   22.5000  -30.0000 2177.2642   20.1320
    0.0000   22.5000  -30.0000 2189.5139   20.0408
    7.5000   22.5000  -30.0000 2154.9272   20.4546
   -7.5000   30.0000  -30.0000 2122.3503   21.3487
    0.0000   30.0000  -30.0000 2131.5476   21.2554
    7.5000   30.0000  -30.0000 2100.3232   21.7070
   -7.5000   37.5000  -30.0000 2020.1954   22.9224
    0.0000   37.5000  -30.0000 2031.3481   22.8659
    7.5000   37.5000  -30.0000 1996.8011   23.3508
   -7.5000   45.0000  -30.0000 1873.0004   24.8299
    0.0000   45.0000  -30.0000 1883.0477   24.7125
    7.5000   45.0000  -30.0000 1849.0670   25.3100
   -7.5000  -45.0000  -22.5000 1891.6962   28.5925
    0.0000  -45.0000  -22.5000 1898.1538   28.4174
    7.5000  -45.0000  -22.5000 1875.2729   29.0567
   -7.5000  -37.5000  -22.5000 2026.3604   25.4988
    0.0000  -37.5000  -22.5000 2033.7271   25.2566
    7.5000  -37.5000  -22.5000 2006.4957   25.8432
   -7.5000  -30.0000  -22.5000 2149.3066   22.9066
    0.0000  -30.0000  -22.5000 2154.4539   22.7009
    7.5000  -30.0000  -22.5000 2120.1035   23.1883
   -7.5000  -22.5000  -22.5000 2247.9712   20.8434
    0.0000  -22.5000  -22.5000 2252.6711   20.6837
    7.5000  -22.5000  -22.5000 2221.6665   21.1049
   -7.5000  -15.0000  -22.5000 2319.0525   19.3946
    0.0000  -15.0000  -22.5000 2322.9131   19.3175
    7.5000  -15.0000  -22.5000 2293.4260   19.6743
   -7.5000   -7.5000  -22.5000 2356.3943   18.4084
    0.0000   -7.5000  -22.5000 2361.8130   18.3818
    7.5000   -7.5000  -22.5000 2334.8552   18.6874
   -7.5000    0.0000  -22.5000 2383.1809   17.9617
    0.0000    0.0000  -22.5000 2396.4617   17.9088
    7.5000    0.0000  -22.5000 2356.3101   18.2251
   -7.5000    7.5000  -22.5000 2395.4387   17.9692
    0.0000    7.5000  -22.5000 2409.2053   17.9353
    7.5000    7.5000  -22.5000 2366.6311   18.2039
   -7.5000   15.0000  -22.5000 2379.4004   18.3906
    0.0000   15.0000  -22.5000 2393.7332   18.3348
    7.5000   15.0000  -22.5000 2353.7671   18.6129
   -7.5000   22.5000  -22.5000 2338.5896   19.1198
    0.0000   22.5000  -22.5000 2353.4539   19.0341
    7.5000   22.5000  -22.5000 2312.9954   19.3749
   -7.5000   30.0000  -22.5000 2269.3193   20.2722
    0.0000   30.0000  -22.5000 2283.8792   20.1401
    7.5000   30.0000  -22.5000 2245.1504   20.5500
   -7.5000   37.5000  -22.5000 2155.4702   21.7717
    0.0000   37.5000  -22.5000 2165.9033   21.6736
    7.5000   37.5000  -22.5000 2129.7781   22.1213
   -7.5000   45.0000  -22.5000 1993.2926   23.6227
    0.0000   45.0000  -22.5000 2001.9574   23.4909
    7.5000   45.0000  -22.5000 1972.0190   23.9548
   -7.5000  -45.0000  -15.0000 1977.1045   27.1948
    0.0000  -45.0000  -15.0000 1981.7603   27.0319
    7.5000  -45.0000  -15.0000 1961.2998   27.6383
   -7.5000  -37.5000  -15.0000 2118.3442   24.2810
    0.0000  -37.5000  -15.0000 2122.6497   24.0881
    7.5000  -37.5000  -15.0000 2096.8918   24.6128
   -7.5000  -30.0000  -15.0000 2237.4941   21.7848
    0.0000  -30.0000  -15.0000 2244.5554   21.6160
    7.5000  -30.0000  -15.0000 2213.2200   22.1053
   -7.5000  -22.5000  -15.0000 2345.7932   19.8105
    0.0000  -22.5000  -15.0000 2352.2070   19.6752
    7.5000  -22.5000  -15.0000 2323.1128   20.1039
   -7.5000  -15.0000  -15.0000 2433.6406   18.3382
    0.0000  -15.0000  -15.0000 2439.3242   18.2551
    7.5000  -15.0000  -15.0000 2406.7131   18.6352
   -7.5000   -7.5000  -15.0000 2482.5798   17.3967
    0.0000   -7.5000  -15.0000 2490.4429   17.3732
    7.5000   -7.5000  -15.0000 2456.1685   17.6900
   -7.5000    0.0000  -15.0000 2518.2488   16.9552
    0.0000    0.0000  -15.0000 2529.5835   16.8988
    7.5000    0.0000  -15.0000 2488.1516   17.2436
   -7.5000    7.5000  -15.0000 2534.9668   16.9985
    0.0000    7.5000  -15.0000 2554.3438   16.9466
    7.5000    7.5000  -15.0000 2501.0078   17.2627
   -7.5000   15.0000  -15.0000 2519.7915   17.4338
    0.0000   15.0000  -15.0000 2541.1099   17.3661
    7.5000   15.0000  -15.0000 2488.1130   17.6287
   -7.5000   22.5000  -15.0000 2472.0554   18.1214
    0.0000   22.5000  -15.0000 2492.2271   18.0729
    7.5000   22.5000  -15.0000 2439.5037   18.3239
   -7.5000   30.0000  -15.0000 2394.8074   19.1934
    0.0000   30.0000  -15.0000 2410.6758   19.1313
    7.5000   30.0000  -15.0000 2361.8694   19.4402
   -7.5000   37.5000  -15.0000 2266.8989   20.6642
    0.0000   37.5000  -15.0000 2281.8677   20.5914
    7.5000   37.5000  -15.0000 2239.8860   20.9580
   -7.5000   45.0000  -15.0000 2088.7866   22.4816
    0.0000   45.0000  -15.0000 2102.8213   22.4108
    7.5000   45.0000  -15.0000 2069.7178   22.7657
   -7.5000  -45.0000   -7.5000 2026.1249   25.8810
    0.0000  -45.0000   -7.5000 2033.4924   25.7973
    7.5000  -45.0000   -7.5000 2009.9019   26.3278
   -7.5000  -37.5000   -7.5000 2171.2114   23.0615
    0.0000  -37.5000   -7.5000 2176.4785   22.9588
    7.5000  -37.5000   -7.5000 2147.7507   23.4071
   -7.5000  -30.0000   -7.5000 2291.4990   20.7193
    0.0000  -30.0000   -7.5000 2299.6965   20.5762
    7.5000  -30.0000   -7.5000 2268.1584   21.0223
   -7.5000  -22.5000   -7.5000 2406.2271   18.8586
    0.0000  -22.5000   -7.5000 2413.0967   18.6966
    7.5000  -22.5000   -7.5000 2387.2454   19.1135
   -7.5000  -15.0000   -7.5000 2506.5625   17.3952
    0.0000  -15.0000   -7.5000 2516.7612   17.2954
    7.5000  -15.0000   -7.5000 2486.0359   17.6562
   -7.5000   -7.5000   -7.5000 2577.7407   16.4291
    0.0000   -7.5000   -7.5000 2587.5037   16.3803
    7.5000   -7.5000   -7.5000 2551.3137   16.7150
   -7.5000    0.0000   -7.5000 2620.7959   16.0101
    0.0000    0.0000   -7.5000 2635.4387   15.9418
    7.5000    0.0000   -7.5000 2596.1396   16.2814
   -7.5000    7.5000   -7.5000 2644.1689   16.0873
    0.0000    7.5000   -7.5000 2669.1113   16.0273
    7.5000    7.5000   -7.5000 2610.4253   16.3298
   -7.5000   15.0000   -7.5000 2623.1492   16.4938
    0.0000   15.0000   -7.5000 2649.9570   16.4426
    7.5000   15.0000   -7.5000 2587.3298   16.6895
   -7.5000   22.5000   -7.5000 2571.5732   17.1082
    0.0000   22.5000   -7.5000 2591.0554   17.0781
    7.5000   22.5000   -7.5000 2536.0066   17.3214
   -7.5000   30.0000   -7.5000 2479.4331   18.1469
    0.0000   30.0000   -7.5000 2499.3159   18.1036
    7.5000   30.0000   -7.5000 2446.2336   18.3869
   -7.5000   37.5000   -7.5000 2338.8843   19.5782
    0.0000   37.5000   -7.5000 2353.0923   19.5369
    7.5000   37.5000   -7.5000 2311.0818   19.8871
   -7.5000   45.0000   -7.5000 2150.1313   21.3726
    0.0000   45.0000   -7.5000 2166.0854   21.3088
    7.5000   45.0000   -7.5000 2131.0413   21.6386
   -7.5000  -45.0000    0.0000 2064.4639   25.1523
    0.0000  -45.0000    0.0000 2071.9458   25.0704
    7.5000  -45.0000    0.0000 2046.2273   25.5979
   -7.5000  -37.5000    0.0000 2208.2993   22.2739
    0.0000  -37.5000    0.0000 2215.8250   22.2469
    7.5000  -37.5000    0.0000 2188.1958   22.7382
   -7.5000  -30.0000    0.0000 2339.0889   20.0111
    0.0000  -30.0000    0.0000 2347.9678   19.9163
    7.5000  -30.0000    0.0000 2314.0415   20.3605
   -7.5000  -22.5000    0.0000 2463.5437   18.1733
    0.0000  -22.5000    0.0000 2472.9778   18.0582
    7.5000  -22.5000    0.0000 2441.4934   18.4826
   -7.5000  -15.0000    0.0000 2576.5342   16.7614
    0.0000  -15.0000    0.0000 2587.9060   16.6713
    7.5000  -15.0000    0.0000 2552.8511   17.0436
   -7.5000   -7.5000    0.0000 2664.8999   15.8008
    0.0000   -7.5000    0.0000 2679.3096   15.7131
    7.5000   -7.5000    0.0000 2636.9221   16.0667
   -7.5000    0.0000    0.0000 2728.6575   15.3417
    0.0000    0.0000    0.0000 2748.9763   15.2638
    7.5000    0.0000    0.0000 2695.5393   15.6016
   -7.5000    7.5000    0.0000 2759.8560   15.4321
    0.0000    7.5000    0.0000 2793.5745   15.3694
    7.5000    7.5000    0.0000 2722.1121   15.6597
   -7.5000   15.0000    0.0000 2731.2217   15.8591
    0.0000   15.0000    0.0000 2764.6199   15.8093
    7.5000   15.0000    0.0000 2690.6458   16.0720
   -7.5000   22.5000    0.0000 2661.4636   16.4809
    0.0000   22.5000    0.0000 2683.5371   16.4428
    7.5000   22.5000    0.0000 2626.2317   16.7147
   -7.5000   30.0000    0.0000 2555.1931   17.4794
    0.0000   30.0000    0.0000 2571.1973   17.4467
    7.5000   30.0000    0.0000 2523.1748   17.7223
   -7.5000   37.5000    0.0000 2404.7239   18.8893
    0.0000   37.5000    0.0000 2419.0701   18.8443
    7.5000   37.5000    0.0000 2376.0872   19.1475
   -7.5000   45.0000    0.0000 2209.4165   20.6092
    0.0000   45.0000    0.0000 2223.7954   20.5747
    7.5000   45.0000    0.0000 2189.9468   20.8663
   -7.5000  -45.0000    7.5000 2084.3125   24.4284
    0.0000  -45.0000    7.5000 2094.4534   24.4410
    7.5000  -45.0000    7.5000 2062.8474   24.9780
   -7.5000  -37.5000    7.5000 2228.1511   21.5863
    0.0000  -37.5000    7.5000 2237.8357   21.5579
    7.5000  -37.5000    7.5000 2208.7439   22.0608
   -7.5000  -30.0000    7.5000 2359.6028   19.2912
    0.0000  -30.0000    7.5000 2372.6611   19.2671
    7.5000  -30.0000    7.5000 2337.7053   19.6989
   -7.5000  -22.5000    7.5000 2492.6282   17.5223
    0.0000  -22.5000    7.5000 2503.5684   17.4336
    7.5000  -22.5000    7.5000 2469.9705   17.8857
   -7.5000  -15.0000    7.5000 2616.1143   16.1862
    0.0000  -15.0000    7.5000 2628.1460   16.1090
    7.5000  -15.0000    7.5000 2592.5781   16.5340
   -7.5000   -7.5000    7.5000 2727.8965   15.2640
    0.0000   -7.5000    7.5000 2744.3159   15.1623
    7.5000   -7.5000    7.5000 2697.7026   15.5917
   -7.5000    0.0000    7.5000 2812.6936   14.7118
    0.0000    0.0000    7.5000 2830.6196   14.6111
    7.5000    0.0000    7.5000 2767.0244   15.0458
   -7.5000    7.5000    7.5000 2850.1938   14.7747
    0.0000    7.5000    7.5000 2879.4558   14.6429
    7.5000    7.5000    7.5000 2803.9192   15.0548
   -7.5000   15.0000    7.5000 2819.3420   15.2530
    0.0000   15.0000    7.5000 2851.8064   15.1288
    7.5000   15.0000    7.5000 2775.5725   15.5016
   -7.5000   22.5000    7.5000 2721.3184   15.9398
    0.0000   22.5000    7.5000 2744.5271   15.8752
    7.5000   22.5000    7.5000 2690.5945   16.1616
   -7.5000   30.0000    7.5000 2601.6646   16.8893
    0.0000   30.0000    7.5000 2619.1956   16.8342
    7.5000   30.0000    7.5000 2573.4590   17.1299
   -7.5000   37.5000    7.5000 2444.2847   18.2105
    0.0000   37.5000    7.5000 2455.7517   18.1755
    7.5000   37.5000    7.5000 2413.3604   18.4693
   -7.5000   45.0000    7.5000 2244.5281   19.8453
    0.0000   45.0000    7.5000 2260.2581   19.8001
    7.5000   45.0000    7.5000 2221.9124   20.1182
   -7.5000  -45.0000   15.0000 2095.2495   24.1142
    0.0000  -45.0000   15.0000 2105.4827   24.0765
    7.5000  -45.0000   15.0000 2074.2864   24.6354
   -7.5000  -37.5000   15.0000 2236.9438   21.2011
    0.0000  -37.5000   15.0000 2251.6667   21.1709
    7.5000  -37.5000   15.0000 2219.5759   21.7141
   -7.5000  -30.0000   15.0000 2373.1299   18.9074
    0.0000  -30.0000   15.0000 2385.9084   18.8707
    7.5000  -30.0000   15.0000 2350.6201   19.3733
   -7.5000  -22.5000   15.0000 2507.0835   17.1700
    0.0000  -22.5000   15.0000 2522.8257   17.1345
    7.5000  -22.5000   15.0000 2481.8491   17.6101
   -7.5000  -15.0000   15.0000 2643.3088   15.9012
    0.0000  -15.0000   15.0000 2662.3848   15.8549
    7.5000  -15.0000   15.0000 2617.7190   16.2904
   -7.5000   -7.5000   15.0000 2762.7864   15.0293
    0.0000   -7.5000   15.0000 2790.8572   14.9562
    7.5000   -7.5000   15.0000 2729.5222   15.3751
   -7.5000    0.0000   15.0000 2844.7764   14.4240
    0.0000    0.0000   15.0000 2872.0811   14.3162
    7.5000    0.0000   15.0000 2803.2046   14.8422
   -7.5000    7.5000   15.0000 2888.1121   14.4577
    0.0000    7.5000   15.0000 2912.6479   14.3556
    7.5000    7.5000   15.0000 2844.3513   14.8153
   -7.5000   15.0000   15.0000 2858.9900   14.9406
    0.0000   15.0000   15.0000 2892.8008   14.8340
    7.5000   15.0000   15.0000 2820.4285   15.2187
   -7.5000   22.5000   15.0000 2753.4519   15.6561
    0.0000   22.5000   15.0000 2777.6516   15.5937
    7.5000   22.5000   15.0000 2721.1707   15.9208
   -7.5000   30.0000   15.0000 2625.2686   16.5857
    0.0000   30.0000   15.0000 2644.3591   16.5397
    7.5000   30.0000   15.0000 2598.3958   16.8848
   -7.5000   37.5000   15.0000 2454.8882   17.8041
    0.0000   37.5000   15.0000 2469.4963   17.7812
    7.5000   37.5000   15.0000 2433.4370   18.1477
   -7.5000   45.0000   15.0000 2257.9473   19.2914
    0.0000   45.0000   15.0000 2273.3997   19.2703
    7.5000   45.0000   15.0000 2240.0566   19.6391
   -7.5000  -45.0000   22.5000 2090.8843   24.2898
    0.0000  -45.0000   22.5000 2102.8772   24.1980
    7.5000  -45.0000   22.5000 2072.1331   24.7393
   -7.5000  -37.5000   22.5000 2236.1602   21.3170
    0.0000  -37.5000   22.5000 2251.0439   21.2509
    7.5000  -37.5000   22.5000 2218.6138   21.7741
   -7.5000  -30.0000   22.5000 2373.4963   18.9989
    0.0000  -30.0000   22.5000 2390.4133   18.9549
    7.5000  -30.0000   22.5000 2350.6428   19.4162
   -7.5000  -22.5000   22.5000 2506.7795   17.2367
    0.0000  -22.5000   22.5000 2527.4541   17.1902
    7.5000  -22.5000   22.5000 2485.2539   17.6292
   -7.5000  -15.0000   22.5000 2644.2798   15.9371
    0.0000  -15.0000   22.5000 2664.0491   15.8877
    7.5000  -15.0000   22.5000 2617.8367   16.2925
   -7.5000   -7.5000   22.5000 2760.0974   15.0413
    0.0000   -7.5000   22.5000 2784.6091   14.9753
    7.5000   -7.5000   22.5000 2724.9150   15.3948
   -7.5000    0.0000   22.5000 2839.1331   14.5169
    0.0000    0.0000   22.5000 2865.6768   14.4105
    7.5000    0.0000   22.5000 2798.4226   14.9013
   -7.5000    7.5000   22.5000 2875.7209   14.4778
    0.0000    7.5000   22.5000 2897.0042   14.3644
    7.5000    7.5000   22.5000 2831.6755   14.8448
   -7.5000   15.0000   22.5000 2843.9341   14.9433
    0.0000   15.0000   22.5000 2866.4978   14.8160
    7.5000   15.0000   22.5000 2808.0054   15.2140
   -7.5000   22.5000   22.5000 2748.3062   15.6746
    0.0000   22.5000   22.5000 2766.8198   15.5631
    7.5000   22.5000   22.5000 2712.4692   15.8993
   -7.5000   30.0000   22.5000 2619.7783   16.6241
    0.0000   30.0000   22.5000 2638.8640   16.5110
    7.5000   30.0000   22.5000 2588.4001   16.8689
   -7.5000   37.5000   22.5000 2447.4580   17.7906
    0.0000   37.5000   22.5000 2465.4832   17.6925
    7.5000   37.5000   22.5000 2428.1165   18.0919
   -7.5000   45.0000   22.5000 2252.3301   19.1940
    0.0000   45.0000   22.5000 2264.3406   19.0974
    7.5000   45.0000   22.5000 2234.0146   19.5007
   -7.5000  -45.0000   30.0000 2066.5625   24.7294
    0.0000  -45.0000   30.0000 2082.2795   24.7157
    7.5000  -45.0000   30.0000 2050.0813   25.2124
   -7.5000  -37.5000   30.0000 2215.6167   21.8008
    0.0000  -37.5000   30.0000 2235.9846   21.7813
    7.5000  -37.5000   30.0000 2201.1719   22.2150
   -7.5000  -30.0000   30.0000 2356.1038   19.4860
    0.0000  -30.0000   30.0000 2379.0229   19.4693
    7.5000  -30.0000   30.0000 2338.7493   19.8186
   -7.5000  -22.5000   30.0000 2482.5918   17.6677
    0.0000  -22.5000   30.0000 2510.1553   17.6232
    7.5000  -22.5000   30.0000 2466.6511   18.0080
   -7.5000  -15.0000   30.0000 2611.6023   16.3149
    0.0000  -15.0000   30.0000 2638.7134   16.2736
    7.5000  -15.0000   30.0000 2594.2908   16.6426
   -7.5000   -7.5000   30.0000 2716.5447   15.4335
    0.0000   -7.5000   30.0000 2743.3977   15.3684
    7.5000   -7.5000   30.0000 2693.2556   15.7316
   -7.5000    0.0000   30.0000 2789.3611   14.9846
    0.0000    0.0000   30.0000 2809.4209   14.8963
    7.5000    0.0000   30.0000 2756.2734   15.2476
   -7.5000    7.5000   30.0000 2812.8743   14.9412
    0.0000    7.5000   30.0000 2834.8025   14.8316
    7.5000    7.5000   30.0000 2778.7722   15.1713
   -7.5000   15.0000   30.0000 2781.7178   15.1929
    0.0000   15.0000   30.0000 2800.7581   15.0988
    7.5000   15.0000   30.0000 2750.6404   15.4570
   -7.5000   22.5000   30.0000 2691.4131   15.8964
    0.0000   22.5000   30.0000 2713.4458   15.7833
    7.5000   22.5000   30.0000 2662.5430   16.1259
   -7.5000   30.0000   30.0000 2577.9714   16.8330
    0.0000   30.0000   30.0000 2591.5251   16.7340
    7.5000   30.0000   30.0000 2554.3938   17.0532
   -7.5000   37.5000   30.0000 2420.6470   17.9840
    0.0000   37.5000   30.0000 2438.4949   17.9191
    7.5000   37.5000   30.0000 2402.6675   18.2250
   -7.5000   45.0000   30.0000 2227.6489   19.3728
    0.0000   45.0000   30.0000 2242.4099   19.2902
    7.5000   45.0000   30.0000 2212.0396   19.5944
   -7.5000  -45.0000   37.5000 2026.7559   25.6608
    0.0000  -45.0000   37.5000 2043.9415   25.5750
    7.5000  -45.0000   37.5000 2014.1738   26.1179
   -7.5000  -37.5000   37.5000 2178.7639   22.6330
    0.0000  -37.5000   37.5000 2199.2327   22.5123
    7.5000  -37.5000   37.5000 2167.3916   23.0062
   -7.5000  -30.0000   37.5000 2315.8479   20.2719
    0.0000  -30.0000   37.5000 2339.8242   20.1683
    7.5000  -30.0000   37.5000 2304.8987   20.5728
   -7.5000  -22.5000   37.5000 2440.7751   18.4749
    0.0000  -22.5000   37.5000 2465.8958   18.3884
    7.5000  -22.5000   37.5000 2427.6584   18.7478
   -7.5000  -15.0000   37.5000 2556.7544   17.1423
    0.0000  -15.0000   37.5000 2585.2854   17.1096
    7.5000  -15.0000   37.5000 2544.5046   17.3962
   -7.5000   -7.5000   37.5000 2644.5979   16.2466
    0.0000   -7.5000   37.5000 2671.9419   16.2333
    7.5000   -7.5000   37.5000 2626.7961   16.5229
   -7.5000    0.0000   37.5000 2698.4993   15.7910
    0.0000    0.0000   37.5000 2722.5830   15.7688
    7.5000    0.0000   37.5000 2682.0149   16.0303
   -7.5000    7.5000   37.5000 2710.1821   15.7292
    0.0000    7.5000   37.5000 2733.5537   15.6802
    7.5000    7.5000   37.5000 2693.9685   15.9054
   -7.5000   15.0000   37.5000 2683.1138   15.9356
    0.0000   15.0000   37.5000 2701.5930   15.8556
    7.5000   15.0000   37.5000 2661.4275   16.1173
   -7.5000   22.5000   37.5000 2613.5933   16.4561
    0.0000   22.5000   37.5000 2634.7034   16.3988
    7.5000   22.5000   37.5000 2590.6089   16.6793
   -7.5000   30.0000   37.5000 2512.9458   17.2650
    0.0000   30.0000   37.5000 2528.0566   17.1876
    7.5000   30.0000   37.5000 2489.7876   17.5211
   -7.5000   37.5000   37.5000 2370.4443   18.3214
    0.0000   37.5000   37.5000 2381.1475   18.2300
    7.5000   37.5000   37.5000 2352.5491   18.5868
   -7.5000   45.0000   37.5000 2188.5796   19.6869
    0.0000   45.0000   37.5000 2203.7129   19.6198
    7.5000   45.0000   37.5000 2174.4133   19.9772
   -7.5000  -45.0000   45.0000 1952.9619   27.0744
    0.0000  -45.0000   45.0000 1966.3822   26.8729
    7.5000  -45.0000   45.0000 1947.9067   27.3343
   -7.5000  -37.5000   45.0000 2105.5134   23.8678
    0.0000  -37.5000   45.0000 2123.2639   23.7384
    7.5000  -37.5000   45.0000 2096.7817   24.1240
   -7.5000  -30.0000   45.0000 2244.5051   21.4389
    0.0000  -30.0000   45.0000 2264.8938   21.2892
    7.5000  -30.0000   45.0000 2233.2246   21.6700
   -7.5000  -22.5000   45.0000 2360.4612   19.5931
    0.0000  -22.5000   45.0000 2381.8340   19.4951
    7.5000  -22.5000   45.0000 2349.3054   19.7903
   -7.5000  -15.0000   45.0000 2462.5032   18.2351
    0.0000  -15.0000   45.0000 2486.3904   18.1569
    7.5000  -15.0000   45.0000 2453.3823   18.4527
   -7.5000   -7.5000   45.0000 2534.0276   17.2938
    0.0000   -7.5000   45.0000 2556.3660   17.2663
    7.5000   -7.5000   45.0000 2524.9075   17.5315
   -7.5000    0.0000   45.0000 2576.9890   16.8150
    0.0000    0.0000   45.0000 2597.3152   16.7872
    7.5000    0.0000   45.0000 2567.9192   17.0465
   -7.5000    7.5000   45.0000 2578.6379   16.6986
    0.0000    7.5000   45.0000 2601.9700   16.6622
    7.5000    7.5000   45.0000 2569.8972   16.9082
   -7.5000   15.0000   45.0000 2554.7412   16.8835
    0.0000   15.0000   45.0000 2568.7324   16.8101
    7.5000   15.0000   45.0000 2539.5269   17.0802
   -7.5000   22.5000   45.0000 2494.0820   17.3651
    0.0000   22.5000   45.0000 2513.9644   17.2852
    7.5000   22.5000   45.0000 2480.0212   17.5442
   -7.5000   30.0000   45.0000 2407.8484   18.0778
    0.0000   30.0000   45.0000 2421.3438   18.0254
    7.5000   30.0000   45.0000 2391.2200   18.3263
   -7.5000   37.5000   45.0000 2281.1008   19.0000
    0.0000   37.5000   45.0000 2290.2708   18.9451
    7.5000   37.5000   45.0000 2265.5266   19.2656
   -7.5000   45.0000   45.0000 2113.3188   20.2206
    0.0000   45.0000   45.0000 2126.6365   20.1700
    7.5000   45.0000   45.0000 2103.0840   20.5139

---------------------------------------------------------------------
imgreg_4dfp /opt/freesurfer/average/711-2C_as_mni_average_305 /opt/freesurfer/average/711-2B_as_mni_average_305_mask talsrcimg_g11 none talsrcimg_to_711-2C_as_mni_average_305_t4 1283
---------------------------------------------------------------------

freesurfer imgreg_4dfp.c
/opt/freesurfer/average/711-2C_as_mni_average_305.4dfp.img
       256       256       256         1
  1.000000  1.000000  1.000000
orientation T byte_order littleendian
Reading image: /opt/freesurfer/average/711-2C_as_mni_average_305.4dfp.img
dimensions:      256       256       256
mmppix:       1.0000   -1.0000   -1.0000
center:     128.0000 -129.0000 -129.0000
/opt/freesurfer/average/711-2B_as_mni_average_305_mask.4dfp.img
       256       256       256         1
  1.000000  1.000000  1.000000
orientation T byte_order littleendian
Reading mask: /opt/freesurfer/average/711-2B_as_mni_average_305_mask.4dfp.img (2306576 pixels)
talsrcimg_g11.4dfp.img
       256       256       256         1
  0.900000  0.900000  0.900000
orientation T byte_order littleendian
Reading image: talsrcimg_g11.4dfp.img
dimensions:      256       256       256
mmppix:       0.9000   -0.9000   -0.9000
center:     115.2000 -116.1000 -116.1000
rotation matrix determinant  1.000000
fimgreg.f
image alignment mode   1283 decimal      503 hex
parameters
    0.0000    7.5000   15.0000    0.0000    0.0000    0.0000
eta,q 0.91749 14.21515
niter,ni,del,rscale     5    3   12.0000    1.2000
parameters
   -1.2968    8.7995   16.2547   -1.5027   -0.8244   -0.1529
eta,q 0.92210 14.29206
  0.0867  0.0899  0.0914  0.0816  0.0824  0.0837
  0.0839  0.0868  0.0876  0.0795  0.0797  0.0807
  0.0809  0.0828  0.0823  0.0781  0.0782  0.0782
  0.0800  0.0802  0.0800  0.0789  0.0781  0.0780
  0.0834  0.0803  0.0788  0.0807  0.0794  0.0795
  0.0895  0.0818  0.0807  0.0831  0.0822  0.0816
  0.0980  0.0848  0.0857  0.0863  0.0852  0.0835
niter,ni,del,rscale     4    3   12.0000    1.2000
parameters
   -1.1433    9.6354   16.0962   -1.9376   -0.9403   -0.2734
eta,q 0.92310 14.32135
  0.0876  0.0891  0.0867  0.0833  0.0824  0.0833
  0.0833  0.0873  0.0812  0.0803  0.0793  0.0797
  0.0799  0.0826  0.0787  0.0773  0.0775  0.0770
  0.0779  0.0779  0.0772  0.0773  0.0770  0.0770
  0.0786  0.0778  0.0781  0.0794  0.0776  0.0787
  0.0817  0.0812  0.0818  0.0817  0.0797  0.0807
  0.0875  0.0868  0.0881  0.0846  0.0828  0.0828
niter,ni,del,rscale     3    3   12.0000    1.2000
parameters
   -1.2239    9.8294   15.9925   -2.1117   -0.9225   -0.2382
eta,q 0.92318 14.32573
  0.0850  0.0890  0.0861  0.0840  0.0824  0.0835
  0.0809  0.0864  0.0809  0.0809  0.0793  0.0798
  0.0782  0.0807  0.0783  0.0775  0.0773  0.0770
  0.0769  0.0769  0.0769  0.0769  0.0768  0.0768
  0.0777  0.0786  0.0777  0.0791  0.0773  0.0784
  0.0806  0.0830  0.0811  0.0815  0.0792  0.0804
  0.0861  0.0897  0.0873  0.0843  0.0823  0.0825
niter,ni,del,rscale     2    3   12.0000    1.2000
parameters
   -1.2581    9.9077   15.9353   -2.1916   -0.9158   -0.2127
eta,q 0.92320 14.32761
  0.0847  0.0890  0.0861  0.0842  0.0823  0.0834
  0.0805  0.0862  0.0809  0.0812  0.0792  0.0797
  0.0781  0.0803  0.0783  0.0776  0.0773  0.0770
  0.0768  0.0768  0.0768  0.0768  0.0768  0.0768
  0.0775  0.0788  0.0776  0.0790  0.0773  0.0783
  0.0802  0.0834  0.0809  0.0814  0.0792  0.0803
  0.0854  0.0904  0.0869  0.0842  0.0822  0.0824
niter,ni,del,rscale     1    3   12.0000    1.2000
parameters
   -1.2717    9.9400   15.9087   -2.2285   -0.9151   -0.2023
eta,q 0.92321 14.32858
  0.0846  0.0889  0.0861  0.0843  0.0822  0.0834
  0.0804  0.0861  0.0810  0.0813  0.0792  0.0797
  0.0780  0.0801  0.0783  0.0777  0.0773  0.0770
  0.0768  0.0768  0.0768  0.0768  0.0768  0.0768
  0.0774  0.0789  0.0775  0.0789  0.0773  0.0783
  0.0801  0.0835  0.0807  0.0814  0.0792  0.0803
  0.0852  0.0906  0.0867  0.0842  0.0822  0.0825
registration optimization eta report
parameter search radius
    6.0000    6.0000    6.0000    6.0000    6.0000    6.0000
100000*second partial in parameter space
       22.       34.       27.       19.       15.       17.
  0.0846  0.0889  0.0861  0.0843  0.0822  0.0834
  0.0804  0.0861  0.0810  0.0813  0.0792  0.0797
  0.0780  0.0801  0.0783  0.0777  0.0773  0.0770
  0.0768  0.0768  0.0768  0.0768  0.0768  0.0768
  0.0774  0.0789  0.0775  0.0789  0.0773  0.0783
  0.0801  0.0835  0.0807  0.0814  0.0792  0.0803
  0.0852  0.0906  0.0867  0.0842  0.0822  0.0825
   -1.2717    9.9400   15.9087   -2.2285   -0.9151   -0.2023
eta,q 0.92321 14.32858

---------------------------------------------------------------------
imgreg_4dfp /opt/freesurfer/average/711-2C_as_mni_average_305 /opt/freesurfer/average/711-2B_as_mni_average_305_mask talsrcimg_g11 none talsrcimg_to_711-2C_as_mni_average_305_t4 3335
---------------------------------------------------------------------

freesurfer imgreg_4dfp.c
/opt/freesurfer/average/711-2C_as_mni_average_305.4dfp.img
       256       256       256         1
  1.000000  1.000000  1.000000
orientation T byte_order littleendian
Reading image: /opt/freesurfer/average/711-2C_as_mni_average_305.4dfp.img
dimensions:      256       256       256
mmppix:       1.0000   -1.0000   -1.0000
center:     128.0000 -129.0000 -129.0000
/opt/freesurfer/average/711-2B_as_mni_average_305_mask.4dfp.img
       256       256       256         1
  1.000000  1.000000  1.000000
orientation T byte_order littleendian
Reading mask: /opt/freesurfer/average/711-2B_as_mni_average_305_mask.4dfp.img (2306576 pixels)
talsrcimg_g11.4dfp.img
       256       256       256         1
  0.900000  0.900000  0.900000
orientation T byte_order littleendian
Reading image: talsrcimg_g11.4dfp.img
dimensions:      256       256       256
mmppix:       0.9000   -0.9000   -0.9000
center:     115.2000 -116.1000 -116.1000
fimgreg.f
image alignment mode   3335 decimal      D07 hex
parameters
   -1.2717    9.9400   15.9087   -0.0134   -0.0760   -0.0884
    0.2908    1.6096   -0.3531    3.8828   -1.5971   -3.8879
eta,q 0.91967 14.26702
niter,ni,del,rscale     5    3    5.0000    1.2000
parameter  4  6.363833 ->  0.500000 qaram    1.1500
parameter  5  3.962502 ->  0.500000 qaram    1.1500
parameter  6  4.043816 ->  0.500000 qaram    1.1500
parameter 12 -1.813631 -> -0.500000 qaram    1.1500
parameters
   -1.5466    9.6888   15.8755   -4.1534   -4.2160   -4.2284
   -0.3047    2.0037   -1.1388    5.3427   -0.6987    0.2521
eta,q 0.94479 12.95205
  0.0815  0.0815  0.0815  0.0682  0.0609  0.0507  0.0585  0.0605  0.0577  0.0598  0.0580  0.0601
  0.0808  0.0807  0.0808  0.0717  0.0647  0.0555  0.0575  0.0584  0.0570  0.0580  0.0573  0.0588
  0.0804  0.0803  0.0803  0.0759  0.0686  0.0601  0.0568  0.0571  0.0568  0.0571  0.0568  0.0576
  0.0803  0.0803  0.0803  0.0803  0.0728  0.0658  0.0567  0.0567  0.0567  0.0567  0.0566  0.0566
  0.0806  0.0807  0.0806  0.0847  0.0776  0.0719  0.0571  0.0572  0.0569  0.0566  0.0567  0.0558
  0.0812  0.0812  0.0810  0.0894  0.0828  0.0781  0.0580  0.0581  0.0574  0.0569  0.0570  0.0550
  0.0822  0.0819  0.0814  0.0943  0.0882  0.0851  0.0592  0.0595  0.0583  0.0579  0.0574  0.0546
niter,ni,del,rscale     7    3    5.0000    1.2000
parameter  4  1.396975 ->  0.500000 qaram    1.3225
parameter  5  2.349127 ->  0.500000 qaram    1.3225
parameter  6  2.184187 ->  0.500000 qaram    1.3225
parameters
   -1.2349   10.0924   15.0519   -8.9144   -8.9770   -8.9894
    0.6958    2.6174   -0.9674    3.8243   -0.3773    3.1858
eta,q 0.96683 12.05907
  0.0586  0.0570  0.0553  0.0480  0.0398  0.0298  0.0375  0.0394  0.0364  0.0361  0.0357  0.0372
  0.0570  0.0560  0.0551  0.0491  0.0420  0.0329  0.0358  0.0369  0.0350  0.0345  0.0345  0.0356
  0.0558  0.0554  0.0550  0.0514  0.0454  0.0371  0.0345  0.0349  0.0341  0.0335  0.0338  0.0343
  0.0552  0.0551  0.0551  0.0550  0.0496  0.0428  0.0338  0.0337  0.0336  0.0336  0.0334  0.0334
  0.0552  0.0551  0.0553  0.0601  0.0538  0.0487  0.0338  0.0339  0.0339  0.0349  0.0336  0.0332
  0.0559  0.0554  0.0559  0.0654  0.0587  0.0557  0.0346  0.0355  0.0348  0.0369  0.0343  0.0334
  0.0573  0.0561  0.0567  0.0708  0.0644  0.0633  0.0360  0.0380  0.0362  0.0393  0.0353  0.0341
niter,ni,del,rscale     7    3    5.0000    1.2000
parameter  5  0.826429 ->  0.500000 qaram    1.5209
parameter  6  0.688240 ->  0.500000 qaram    1.5209
parameters
   -1.5282   10.2074   14.2826  -12.9756  -14.4522  -14.4646
    0.7185    2.0317   -1.8355    2.5594   -1.0297    4.7010
eta,q 0.97519 11.40340
  0.0361  0.0361  0.0337  0.0339  0.0295  0.0268  0.0277  0.0285  0.0264  0.0272  0.0259  0.0272
  0.0343  0.0346  0.0332  0.0328  0.0295  0.0251  0.0264  0.0265  0.0256  0.0257  0.0253  0.0261
  0.0333  0.0336  0.0330  0.0324  0.0305  0.0261  0.0255  0.0252  0.0251  0.0250  0.0249  0.0253
  0.0332  0.0331  0.0331  0.0330  0.0324  0.0296  0.0250  0.0250  0.0250  0.0250  0.0249  0.0249
  0.0340  0.0333  0.0337  0.0356  0.0358  0.0345  0.0253  0.0258  0.0254  0.0258  0.0251  0.0249
  0.0356  0.0342  0.0348  0.0403  0.0402  0.0417  0.0263  0.0274  0.0261  0.0273  0.0256  0.0253
  0.0379  0.0357  0.0363  0.0463  0.0452  0.0490  0.0278  0.0298  0.0273  0.0295  0.0263  0.0260
niter,ni,del,rscale     7    3    5.0000    1.2000
parameters
   -1.4936    9.7582   13.6637  -11.1028  -16.7900  -17.1702
    0.8437    1.9877   -1.8017    1.6032   -0.6796    6.1387
eta,q 0.97575 11.27137
  0.0278  0.0264  0.0258  0.0293  0.0272  0.0289  0.0272  0.0281  0.0260  0.0266  0.0254  0.0263
  0.0262  0.0253  0.0250  0.0273  0.0253  0.0267  0.0257  0.0260  0.0252  0.0251  0.0247  0.0253
  0.0252  0.0247  0.0246  0.0257  0.0241  0.0249  0.0248  0.0247  0.0246  0.0243  0.0244  0.0246
  0.0248  0.0248  0.0247  0.0246  0.0241  0.0240  0.0244  0.0244  0.0244  0.0244  0.0243  0.0243
  0.0251  0.0255  0.0253  0.0239  0.0254  0.0268  0.0246  0.0248  0.0245  0.0251  0.0244  0.0243
  0.0261  0.0266  0.0265  0.0245  0.0281  0.0324  0.0256  0.0261  0.0251  0.0263  0.0247  0.0247
  0.0277  0.0280  0.0282  0.0271  0.0324  0.0401  0.0270  0.0281  0.0260  0.0279  0.0252  0.0252
niter,ni,del,rscale     6    3    5.0000    1.2000
parameters
   -1.4307   10.0049   12.8345  -10.8092  -16.4938  -18.5833
    0.7857    2.0141   -1.8741    1.6437   -0.2510    5.9920
eta,q 0.97556 11.22260
  0.0273  0.0271  0.0248  0.0277  0.0288  0.0298  0.0270  0.0281  0.0260  0.0272  0.0255  0.0258
  0.0257  0.0256  0.0242  0.0260  0.0265  0.0272  0.0257  0.0260  0.0252  0.0256  0.0249  0.0250
  0.0246  0.0247  0.0240  0.0248  0.0248  0.0255  0.0248  0.0248  0.0246  0.0246  0.0246  0.0245
  0.0243  0.0242  0.0242  0.0240  0.0239  0.0239  0.0244  0.0244  0.0244  0.0244  0.0244  0.0244
  0.0245  0.0244  0.0248  0.0236  0.0243  0.0251  0.0248  0.0249  0.0246  0.0249  0.0245  0.0247
  0.0254  0.0250  0.0258  0.0247  0.0258  0.0289  0.0257  0.0261  0.0252  0.0257  0.0248  0.0252
  0.0270  0.0261  0.0269  0.0281  0.0287  0.0356  0.0272  0.0280  0.0261  0.0269  0.0252  0.0258
niter,ni,del,rscale     5    3    5.0000    1.2000
parameters
   -1.4103   10.1395   12.2160  -10.7709  -16.3613  -19.2672
    0.8186    1.9953   -1.9886    1.9087   -0.0277    5.8293
eta,q 0.97544 11.19126
  0.0273  0.0269  0.0252  0.0277  0.0289  0.0303  0.0272  0.0281  0.0260  0.0273  0.0256  0.0260
  0.0258  0.0256  0.0245  0.0261  0.0267  0.0277  0.0258  0.0261  0.0252  0.0257  0.0250  0.0252
  0.0248  0.0248  0.0243  0.0250  0.0250  0.0259  0.0249  0.0249  0.0247  0.0248  0.0246  0.0247
  0.0244  0.0244  0.0244  0.0243  0.0243  0.0243  0.0245  0.0246  0.0245  0.0245  0.0246  0.0246
  0.0247  0.0246  0.0249  0.0240  0.0247  0.0247  0.0248  0.0250  0.0247  0.0249  0.0247  0.0248
  0.0257  0.0253  0.0256  0.0251  0.0262  0.0278  0.0257  0.0262  0.0253  0.0257  0.0249  0.0253
  0.0272  0.0264  0.0265  0.0285  0.0290  0.0336  0.0272  0.0281  0.0262  0.0267  0.0254  0.0260
niter,ni,del,rscale     4    3    5.0000    1.2000
parameters
   -1.4228   10.2459   11.9590  -10.7452  -16.3815  -19.5331
    0.8674    1.9688   -2.1018    2.1288    0.1090    5.7503
eta,q 0.97535 11.17598
  0.0273  0.0269  0.0258  0.0278  0.0290  0.0306  0.0273  0.0282  0.0261  0.0272  0.0256  0.0261
  0.0258  0.0256  0.0250  0.0262  0.0268  0.0280  0.0259  0.0261  0.0253  0.0256  0.0250  0.0253
  0.0249  0.0248  0.0246  0.0252  0.0252  0.0261  0.0250  0.0249  0.0248  0.0248  0.0247  0.0248
  0.0246  0.0246  0.0246  0.0245  0.0245  0.0245  0.0246  0.0246  0.0246  0.0246  0.0246  0.0247
  0.0249  0.0248  0.0249  0.0242  0.0250  0.0246  0.0249  0.0251  0.0248  0.0250  0.0248  0.0249
  0.0258  0.0254  0.0255  0.0253  0.0265  0.0274  0.0258  0.0262  0.0253  0.0257  0.0250  0.0254
  0.0274  0.0265  0.0263  0.0286  0.0294  0.0326  0.0272  0.0281  0.0262  0.0267  0.0255  0.0261
niter,ni,del,rscale     3    3    5.0000    1.2000
parameters
   -1.4356   10.3221   11.8421  -10.7238  -16.4310  -19.6652
    0.9049    1.9443   -2.1745    2.2763    0.1802    5.7132
eta,q 0.97530 11.16698
  0.0274  0.0269  0.0260  0.0278  0.0290  0.0307  0.0273  0.0282  0.0261  0.0271  0.0256  0.0262
  0.0259  0.0256  0.0252  0.0263  0.0269  0.0281  0.0260  0.0262  0.0253  0.0256  0.0251  0.0253
  0.0250  0.0249  0.0247  0.0253  0.0253  0.0262  0.0251  0.0250  0.0248  0.0248  0.0248  0.0248
  0.0246  0.0247  0.0247  0.0246  0.0246  0.0246  0.0247  0.0247  0.0247  0.0247  0.0247  0.0247
  0.0250  0.0249  0.0249  0.0244  0.0251  0.0245  0.0250  0.0251  0.0249  0.0251  0.0248  0.0249
  0.0259  0.0255  0.0255  0.0254  0.0266  0.0273  0.0259  0.0263  0.0253  0.0257  0.0251  0.0254
  0.0274  0.0265  0.0262  0.0287  0.0294  0.0323  0.0273  0.0282  0.0262  0.0267  0.0255  0.0261
niter,ni,del,rscale     2    3    5.0000    1.2000
parameters
   -1.4424   10.3727   11.7825  -10.7119  -16.4723  -19.7386
    0.9334    1.9307   -2.2158    2.3750    0.2202    5.6924
eta,q 0.97526 11.16130
  0.0274  0.0268  0.0262  0.0279  0.0290  0.0308  0.0273  0.0282  0.0261  0.0271  0.0256  0.0262
  0.0259  0.0256  0.0253  0.0263  0.0269  0.0281  0.0260  0.0262  0.0254  0.0256  0.0251  0.0254
  0.0250  0.0249  0.0248  0.0253  0.0254  0.0263  0.0251  0.0250  0.0249  0.0248  0.0248  0.0249
  0.0247  0.0247  0.0247  0.0247  0.0247  0.0247  0.0247  0.0247  0.0247  0.0247  0.0247  0.0247
  0.0250  0.0249  0.0250  0.0244  0.0252  0.0245  0.0250  0.0252  0.0249  0.0251  0.0249  0.0250
  0.0259  0.0256  0.0255  0.0255  0.0266  0.0273  0.0259  0.0263  0.0254  0.0257  0.0251  0.0255
  0.0275  0.0266  0.0262  0.0287  0.0294  0.0322  0.0273  0.0282  0.0262  0.0267  0.0255  0.0261
niter,ni,del,rscale     1    3    5.0000    1.2000
parameters
   -1.4460   10.4078   11.7442  -10.7081  -16.4991  -19.7900
    0.9513    1.9230   -2.2403    2.4403    0.2400    5.6729
eta,q 0.97523 11.15729
  0.0274  0.0268  0.0262  0.0279  0.0291  0.0308  0.0273  0.0282  0.0262  0.0270  0.0256  0.0262
  0.0260  0.0256  0.0253  0.0264  0.0270  0.0282  0.0260  0.0262  0.0254  0.0256  0.0251  0.0254
  0.0250  0.0249  0.0248  0.0254  0.0254  0.0263  0.0251  0.0250  0.0249  0.0248  0.0248  0.0249
  0.0247  0.0247  0.0247  0.0247  0.0247  0.0247  0.0248  0.0248  0.0248  0.0248  0.0248  0.0248
  0.0250  0.0250  0.0250  0.0245  0.0252  0.0245  0.0250  0.0252  0.0249  0.0251  0.0249  0.0250
  0.0260  0.0256  0.0255  0.0255  0.0266  0.0273  0.0259  0.0263  0.0254  0.0258  0.0251  0.0255
  0.0275  0.0266  0.0262  0.0288  0.0294  0.0321  0.0274  0.0282  0.0262  0.0267  0.0256  0.0262
registration optimization eta report
parameter search radius
    2.4000    2.4000    2.4000    9.5220   10.9503   10.9503
    7.2000    7.2000    7.2000    7.2000    7.2000    8.2800
100000*second partial in parameter space
       47.       34.       25.        4.        4.        6.
        5.        7.        3.        4.        2.        2.
  0.0274  0.0268  0.0262  0.0279  0.0291  0.0308  0.0273  0.0282  0.0262  0.0270  0.0256  0.0262
  0.0260  0.0256  0.0253  0.0264  0.0270  0.0282  0.0260  0.0262  0.0254  0.0256  0.0251  0.0254
  0.0250  0.0249  0.0248  0.0254  0.0254  0.0263  0.0251  0.0250  0.0249  0.0248  0.0248  0.0249
  0.0247  0.0247  0.0247  0.0247  0.0247  0.0247  0.0248  0.0248  0.0248  0.0248  0.0248  0.0248
  0.0250  0.0250  0.0250  0.0245  0.0252  0.0245  0.0250  0.0252  0.0249  0.0251  0.0249  0.0250
  0.0260  0.0256  0.0255  0.0255  0.0266  0.0273  0.0259  0.0263  0.0254  0.0258  0.0251  0.0255
  0.0275  0.0266  0.0262  0.0288  0.0294  0.0321  0.0274  0.0282  0.0262  0.0267  0.0256  0.0262
   -1.4460   10.4078   11.7442  -10.7081  -16.4991  -19.7900
    0.9513    1.9230   -2.2403    2.4403    0.2400    5.6729
eta,q 0.97523 11.15729

---------------------------------------------------------------------
imgreg_4dfp /opt/freesurfer/average/711-2C_as_mni_average_305 /opt/freesurfer/average/711-2B_as_mni_average_305_mask talsrcimg_g11 none talsrcimg_to_711-2C_as_mni_average_305_t4 2311
---------------------------------------------------------------------

freesurfer imgreg_4dfp.c
/opt/freesurfer/average/711-2C_as_mni_average_305.4dfp.img
       256       256       256         1
  1.000000  1.000000  1.000000
orientation T byte_order littleendian
Reading image: /opt/freesurfer/average/711-2C_as_mni_average_305.4dfp.img
dimensions:      256       256       256
mmppix:       1.0000   -1.0000   -1.0000
center:     128.0000 -129.0000 -129.0000
/opt/freesurfer/average/711-2B_as_mni_average_305_mask.4dfp.img
       256       256       256         1
  1.000000  1.000000  1.000000
orientation T byte_order littleendian
Reading mask: /opt/freesurfer/average/711-2B_as_mni_average_305_mask.4dfp.img (2306576 pixels)
talsrcimg_g11.4dfp.img
       256       256       256         1
  0.900000  0.900000  0.900000
orientation T byte_order littleendian
Reading image: talsrcimg_g11.4dfp.img
dimensions:      256       256       256
mmppix:       0.9000   -0.9000   -0.9000
center:     115.2000 -116.1000 -116.1000
fimgreg.f
image alignment mode   2311 decimal      907 hex
parameters
   -1.4460   10.4078   11.7442  -10.7081  -16.4991  -19.7900
    0.9513    1.9230   -2.2403    2.4403    0.2400    5.6729
eta,q 0.97523 11.15729
niter,ni,del,rscale     5    3    5.0000    0.8000
parameter  4 -0.530031 -> -0.500000 qaram    1.1500
parameters
   -1.4386   10.3924   11.6302   -7.9481  -16.4365  -18.3579
    1.3038    2.3315   -2.2538    2.8622    0.9444    5.6591
eta,q 0.97604 11.33824
  0.0260  0.0256  0.0254  0.0258  0.0255  0.0267  0.0255  0.0267  0.0247  0.0253  0.0249  0.0245
  0.0253  0.0251  0.0250  0.0254  0.0249  0.0260  0.0247  0.0254  0.0243  0.0246  0.0244  0.0242
  0.0249  0.0248  0.0248  0.0250  0.0246  0.0253  0.0242  0.0244  0.0240  0.0241  0.0241  0.0240
  0.0248  0.0248  0.0248  0.0248  0.0245  0.0245  0.0240  0.0240  0.0240  0.0240  0.0240  0.0240
  0.0249  0.0249  0.0249  0.0245  0.0246  0.0240  0.0241  0.0241  0.0240  0.0241  0.0240  0.0240
  0.0253  0.0252  0.0252  0.0245  0.0249  0.0243  0.0245  0.0248  0.0243  0.0244  0.0242  0.0242
  0.0260  0.0256  0.0255  0.0248  0.0254  0.0254  0.0251  0.0260  0.0247  0.0249  0.0245  0.0245
niter,ni,del,rscale     5    3    5.0000    0.8000
parameters
   -1.5759   10.2097   12.0038   -9.0298  -15.9662  -17.6482
    1.3615    2.1678   -2.3904    2.7315    1.0271    5.7427
eta,q 0.97626 11.35761
  0.0252  0.0247  0.0253  0.0249  0.0251  0.0263  0.0251  0.0259  0.0244  0.0249  0.0244  0.0243
  0.0245  0.0242  0.0246  0.0245  0.0245  0.0256  0.0244  0.0247  0.0240  0.0242  0.0240  0.0240
  0.0240  0.0240  0.0242  0.0241  0.0241  0.0248  0.0239  0.0240  0.0238  0.0238  0.0238  0.0238
  0.0240  0.0239  0.0239  0.0239  0.0240  0.0239  0.0237  0.0237  0.0237  0.0237  0.0237  0.0237
  0.0242  0.0241  0.0239  0.0242  0.0240  0.0237  0.0239  0.0240  0.0238  0.0239  0.0238  0.0238
  0.0248  0.0245  0.0241  0.0251  0.0243  0.0243  0.0243  0.0249  0.0241  0.0243  0.0240  0.0240
  0.0258  0.0251  0.0244  0.0269  0.0248  0.0257  0.0251  0.0263  0.0245  0.0250  0.0243  0.0243
niter,ni,del,rscale     4    3    5.0000    0.7000
parameters
   -1.5723   10.0482   12.2998   -9.0584  -15.9268  -17.1603
    1.4180    2.1802   -2.2741    2.5751    0.9182    5.8301
eta,q 0.97643 11.38459
  0.0249  0.0243  0.0247  0.0248  0.0245  0.0259  0.0247  0.0255  0.0242  0.0246  0.0241  0.0241
  0.0243  0.0240  0.0242  0.0244  0.0241  0.0252  0.0241  0.0244  0.0239  0.0240  0.0238  0.0238
  0.0239  0.0237  0.0239  0.0240  0.0238  0.0243  0.0237  0.0238  0.0237  0.0237  0.0236  0.0236
  0.0237  0.0237  0.0237  0.0237  0.0237  0.0237  0.0236  0.0236  0.0236  0.0236  0.0236  0.0236
  0.0239  0.0239  0.0237  0.0237  0.0238  0.0236  0.0237  0.0238  0.0236  0.0237  0.0236  0.0236
  0.0242  0.0242  0.0238  0.0241  0.0240  0.0242  0.0240  0.0244  0.0238  0.0241  0.0238  0.0238
  0.0249  0.0247  0.0241  0.0251  0.0245  0.0254  0.0246  0.0254  0.0242  0.0247  0.0241  0.0240
niter,ni,del,rscale     3    3    5.0000    0.6000
parameters
   -1.5790    9.9625   12.5409   -8.8930  -15.9684  -16.7879
    1.4220    2.2056   -2.1339    2.4813    0.7651    5.8535
eta,q 0.97654 11.40804
  0.0244  0.0241  0.0243  0.0245  0.0241  0.0254  0.0243  0.0249  0.0240  0.0243  0.0238  0.0238
  0.0240  0.0238  0.0239  0.0241  0.0238  0.0247  0.0238  0.0241  0.0237  0.0238  0.0236  0.0236
  0.0237  0.0236  0.0237  0.0238  0.0236  0.0240  0.0236  0.0236  0.0235  0.0236  0.0235  0.0235
  0.0236  0.0236  0.0236  0.0235  0.0235  0.0235  0.0235  0.0235  0.0235  0.0235  0.0235  0.0235
  0.0237  0.0237  0.0236  0.0235  0.0236  0.0235  0.0236  0.0236  0.0235  0.0236  0.0235  0.0235
  0.0240  0.0239  0.0237  0.0238  0.0238  0.0240  0.0238  0.0241  0.0237  0.0239  0.0237  0.0236
  0.0244  0.0243  0.0239  0.0245  0.0242  0.0250  0.0243  0.0249  0.0239  0.0244  0.0239  0.0238
niter,ni,del,rscale     2    3    5.0000    0.5000
parameters
   -1.5904    9.9057   12.7239   -8.7443  -16.0226  -16.5111
    1.4024    2.2238   -1.9917    2.4156    0.6375    5.8241
eta,q 0.97660 11.42510
  0.0241  0.0239  0.0240  0.0242  0.0239  0.0249  0.0240  0.0244  0.0238  0.0240  0.0237  0.0236
  0.0237  0.0236  0.0237  0.0239  0.0236  0.0243  0.0237  0.0239  0.0236  0.0237  0.0235  0.0235
  0.0235  0.0235  0.0235  0.0236  0.0235  0.0238  0.0235  0.0235  0.0235  0.0235  0.0234  0.0234
  0.0235  0.0235  0.0235  0.0234  0.0234  0.0234  0.0234  0.0234  0.0234  0.0234  0.0234  0.0234
  0.0235  0.0235  0.0235  0.0234  0.0235  0.0234  0.0235  0.0235  0.0234  0.0235  0.0234  0.0234
  0.0237  0.0237  0.0235  0.0237  0.0236  0.0239  0.0237  0.0239  0.0235  0.0237  0.0236  0.0235
  0.0241  0.0239  0.0237  0.0242  0.0239  0.0246  0.0240  0.0244  0.0237  0.0240  0.0237  0.0236
niter,ni,del,rscale     1    3    5.0000    0.4000
parameters
   -1.6047    9.8651   12.8535   -8.6258  -16.0693  -16.3122
    1.3869    2.2235   -1.8927    2.3683    0.5303    5.7916
eta,q 0.97664 11.43707
  0.0238  0.0237  0.0238  0.0239  0.0237  0.0245  0.0237  0.0240  0.0236  0.0238  0.0235  0.0235
  0.0236  0.0235  0.0236  0.0237  0.0235  0.0240  0.0235  0.0237  0.0235  0.0235  0.0234  0.0234
  0.0234  0.0234  0.0234  0.0235  0.0234  0.0236  0.0234  0.0234  0.0234  0.0234  0.0234  0.0234
  0.0234  0.0234  0.0234  0.0234  0.0234  0.0234  0.0234  0.0234  0.0234  0.0234  0.0234  0.0234
  0.0234  0.0234  0.0234  0.0234  0.0234  0.0234  0.0234  0.0234  0.0234  0.0234  0.0234  0.0234
  0.0236  0.0236  0.0235  0.0236  0.0235  0.0237  0.0235  0.0237  0.0235  0.0236  0.0235  0.0234
  0.0238  0.0237  0.0236  0.0239  0.0237  0.0242  0.0237  0.0240  0.0236  0.0238  0.0236  0.0235
registration optimization eta report
parameter search radius
    0.8000    0.8000    0.8000    2.7600    2.4000    2.4000
    2.4000    2.4000    2.4000    2.4000    2.4000    2.4000
100000*second partial in parameter space
       64.       44.       42.        6.        5.       16.
        6.       12.        4.        7.        3.        3.
  0.0238  0.0237  0.0238  0.0239  0.0237  0.0245  0.0237  0.0240  0.0236  0.0238  0.0235  0.0235
  0.0236  0.0235  0.0236  0.0237  0.0235  0.0240  0.0235  0.0237  0.0235  0.0235  0.0234  0.0234
  0.0234  0.0234  0.0234  0.0235  0.0234  0.0236  0.0234  0.0234  0.0234  0.0234  0.0234  0.0234
  0.0234  0.0234  0.0234  0.0234  0.0234  0.0234  0.0234  0.0234  0.0234  0.0234  0.0234  0.0234
  0.0234  0.0234  0.0234  0.0234  0.0234  0.0234  0.0234  0.0234  0.0234  0.0234  0.0234  0.0234
  0.0236  0.0236  0.0235  0.0236  0.0235  0.0237  0.0235  0.0237  0.0235  0.0236  0.0235  0.0234
  0.0238  0.0237  0.0236  0.0239  0.0237  0.0242  0.0237  0.0240  0.0236  0.0238  0.0236  0.0235
   -1.6047    9.8651   12.8535   -8.6258  -16.0693  -16.3122
    1.3869    2.2235   -1.8927    2.3683    0.5303    5.7916
eta,q 0.97664 11.43707

---------------------------------------------------------------------
imgreg_4dfp /opt/freesurfer/average/711-2C_as_mni_average_305 /opt/freesurfer/average/711-2B_as_mni_average_305_mask talsrcimg_g11 none talsrcimg_to_711-2C_as_mni_average_305_t4 2311
---------------------------------------------------------------------

freesurfer imgreg_4dfp.c
/opt/freesurfer/average/711-2C_as_mni_average_305.4dfp.img
       256       256       256         1
  1.000000  1.000000  1.000000
orientation T byte_order littleendian
Reading image: /opt/freesurfer/average/711-2C_as_mni_average_305.4dfp.img
dimensions:      256       256       256
mmppix:       1.0000   -1.0000   -1.0000
center:     128.0000 -129.0000 -129.0000
/opt/freesurfer/average/711-2B_as_mni_average_305_mask.4dfp.img
       256       256       256         1
  1.000000  1.000000  1.000000
orientation T byte_order littleendian
Reading mask: /opt/freesurfer/average/711-2B_as_mni_average_305_mask.4dfp.img (2306576 pixels)
talsrcimg_g11.4dfp.img
       256       256       256         1
  0.900000  0.900000  0.900000
orientation T byte_order littleendian
Reading image: talsrcimg_g11.4dfp.img
dimensions:      256       256       256
mmppix:       0.9000   -0.9000   -0.9000
center:     115.2000 -116.1000 -116.1000
fimgreg.f
image alignment mode   2311 decimal      907 hex
parameters
   -1.6047    9.8651   12.8535   -8.6258  -16.0693  -16.3122
    1.3869    2.2235   -1.8927    2.3683    0.5303    5.7916
eta,q 0.97663 11.43707
niter,ni,del,rscale     5    3    5.0000    0.8000
parameters
   -1.6140    9.8850   12.9926   -9.1633  -16.1149  -16.4518
    1.2545    2.1554   -1.9913    2.2418    0.4524    5.9194
eta,q 0.97658 11.40910
  0.0250  0.0245  0.0246  0.0244  0.0245  0.0258  0.0247  0.0257  0.0242  0.0249  0.0241  0.0240
  0.0241  0.0239  0.0239  0.0240  0.0239  0.0250  0.0240  0.0245  0.0238  0.0241  0.0237  0.0237
  0.0235  0.0235  0.0235  0.0236  0.0235  0.0240  0.0236  0.0237  0.0235  0.0236  0.0235  0.0235
  0.0234  0.0234  0.0234  0.0234  0.0234  0.0234  0.0234  0.0234  0.0234  0.0234  0.0234  0.0234
  0.0236  0.0235  0.0234  0.0235  0.0235  0.0237  0.0236  0.0237  0.0235  0.0236  0.0235  0.0235
  0.0241  0.0239  0.0237  0.0241  0.0239  0.0249  0.0241  0.0245  0.0238  0.0242  0.0237  0.0237
  0.0250  0.0244  0.0242  0.0254  0.0245  0.0264  0.0249  0.0259  0.0243  0.0250  0.0241  0.0240
niter,ni,del,rscale     4    3    5.0000    0.7000
parameters
   -1.5854    9.8843   12.9434   -8.9957  -16.1407  -16.4544
    1.2937    2.2149   -1.9401    2.2419    0.4618    5.8974
eta,q 0.97660 11.41386
  0.0247  0.0243  0.0241  0.0244  0.0242  0.0255  0.0245  0.0253  0.0241  0.0246  0.0240  0.0239
  0.0240  0.0238  0.0237  0.0240  0.0238  0.0247  0.0239  0.0243  0.0237  0.0239  0.0236  0.0236
  0.0236  0.0235  0.0235  0.0237  0.0235  0.0239  0.0235  0.0236  0.0235  0.0235  0.0235  0.0234
  0.0234  0.0234  0.0234  0.0234  0.0234  0.0234  0.0234  0.0234  0.0234  0.0234  0.0234  0.0234
  0.0235  0.0235  0.0235  0.0234  0.0235  0.0236  0.0235  0.0236  0.0235  0.0235  0.0235  0.0235
  0.0239  0.0238  0.0238  0.0237  0.0238  0.0245  0.0239  0.0242  0.0237  0.0239  0.0236  0.0236
  0.0246  0.0243  0.0242  0.0244  0.0243  0.0258  0.0245  0.0252  0.0240  0.0246  0.0239  0.0238
niter,ni,del,rscale     3    3    5.0000    0.6000
parameters
   -1.5891    9.8764   12.9272   -8.8125  -16.1385  -16.3823
    1.3254    2.2318   -1.9148    2.2678    0.4766    5.8610
eta,q 0.97662 11.42400
  0.0243  0.0240  0.0240  0.0242  0.0240  0.0252  0.0242  0.0248  0.0239  0.0243  0.0238  0.0237
  0.0238  0.0237  0.0236  0.0239  0.0237  0.0244  0.0238  0.0240  0.0236  0.0238  0.0236  0.0235
  0.0235  0.0235  0.0235  0.0236  0.0235  0.0238  0.0235  0.0235  0.0234  0.0235  0.0234  0.0234
  0.0234  0.0234  0.0234  0.0234  0.0234  0.0234  0.0234  0.0234  0.0234  0.0234  0.0234  0.0234
  0.0235  0.0235  0.0235  0.0234  0.0235  0.0235  0.0235  0.0235  0.0234  0.0235  0.0234  0.0234
  0.0238  0.0237  0.0237  0.0236  0.0237  0.0242  0.0237  0.0240  0.0236  0.0238  0.0236  0.0235
  0.0243  0.0240  0.0240  0.0242  0.0240  0.0252  0.0242  0.0248  0.0239  0.0243  0.0238  0.0237
niter,ni,del,rscale     2    3    5.0000    0.5000
parameters
   -1.6000    9.8598   12.9500   -8.6817  -16.1514  -16.2855
    1.3425    2.2349   -1.8738    2.2893    0.4444    5.8169
eta,q 0.97664 11.43279
  0.0240  0.0238  0.0238  0.0240  0.0238  0.0248  0.0239  0.0244  0.0237  0.0240  0.0237  0.0236
  0.0237  0.0236  0.0236  0.0237  0.0236  0.0242  0.0236  0.0238  0.0235  0.0237  0.0235  0.0235
  0.0234  0.0234  0.0234  0.0235  0.0234  0.0236  0.0234  0.0235  0.0234  0.0234  0.0234  0.0234
  0.0234  0.0234  0.0234  0.0234  0.0234  0.0234  0.0234  0.0234  0.0234  0.0234  0.0234  0.0234
  0.0234  0.0234  0.0234  0.0234  0.0234  0.0235  0.0234  0.0235  0.0234  0.0234  0.0234  0.0234
  0.0237  0.0236  0.0235  0.0236  0.0236  0.0239  0.0236  0.0238  0.0235  0.0236  0.0235  0.0235
  0.0240  0.0238  0.0238  0.0239  0.0238  0.0247  0.0239  0.0244  0.0237  0.0240  0.0237  0.0236
niter,ni,del,rscale     1    3    5.0000    0.4000
parameters
   -1.6108    9.8475   12.9859   -8.5709  -16.1716  -16.1897
    1.3507    2.2313   -1.8220    2.2950    0.3866    5.7519
eta,q 0.97666 11.44031
  0.0238  0.0236  0.0236  0.0238  0.0236  0.0244  0.0237  0.0240  0.0236  0.0238  0.0235  0.0235
  0.0235  0.0235  0.0235  0.0236  0.0235  0.0239  0.0235  0.0236  0.0235  0.0235  0.0234  0.0234
  0.0234  0.0234  0.0234  0.0234  0.0234  0.0235  0.0234  0.0234  0.0234  0.0234  0.0234  0.0234
  0.0234  0.0234  0.0234  0.0234  0.0234  0.0234  0.0233  0.0233  0.0233  0.0233  0.0233  0.0233
  0.0234  0.0234  0.0234  0.0234  0.0234  0.0234  0.0234  0.0234  0.0234  0.0234  0.0234  0.0234
  0.0235  0.0235  0.0235  0.0235  0.0235  0.0237  0.0235  0.0237  0.0234  0.0235  0.0234  0.0234
  0.0238  0.0237  0.0236  0.0237  0.0236  0.0243  0.0237  0.0240  0.0236  0.0238  0.0236  0.0235
registration optimization eta report
parameter search radius
    0.8000    0.8000    0.8000    2.4000    2.4000    2.4000
    2.4000    2.4000    2.4000    2.4000    2.4000    2.4000
100000*second partial in parameter space
       64.       45.       41.        7.        5.       17.
        6.       12.        4.        7.        4.        3.
  0.0238  0.0236  0.0236  0.0238  0.0236  0.0244  0.0237  0.0240  0.0236  0.0238  0.0235  0.0235
  0.0235  0.0235  0.0235  0.0236  0.0235  0.0239  0.0235  0.0236  0.0235  0.0235  0.0234  0.0234
  0.0234  0.0234  0.0234  0.0234  0.0234  0.0235  0.0234  0.0234  0.0234  0.0234  0.0234  0.0234
  0.0234  0.0234  0.0234  0.0234  0.0234  0.0234  0.0233  0.0233  0.0233  0.0233  0.0233  0.0233
  0.0234  0.0234  0.0234  0.0234  0.0234  0.0234  0.0234  0.0234  0.0234  0.0234  0.0234  0.0234
  0.0235  0.0235  0.0235  0.0235  0.0235  0.0237  0.0235  0.0237  0.0234  0.0235  0.0234  0.0234
  0.0238  0.0237  0.0236  0.0237  0.0236  0.0243  0.0237  0.0240  0.0236  0.0238  0.0236  0.0235
   -1.6108    9.8475   12.9859   -8.5709  -16.1716  -16.1897
    1.3507    2.2313   -1.8220    2.2950    0.3866    5.7519
eta,q 0.97666 11.44031

---------------------------------------------------------------------
compute_vox2vox talsrcimg talsrcimg_to_711-2C_as_mni_average_305_t4 /opt/freesurfer/average/711-2C_as_mni_average_305
---------------------------------------------------------------------

freesurfer compute_vox2vox.c
Reading: talsrcimg.4dfp.ifh
Reading: talsrcimg_to_711-2C_as_mni_average_305_t4
Reading: /opt/freesurfer/average/711-2C_as_mni_average_305.4dfp.ifh
Writing: talsrcimg_to_711-2C_as_mni_average_305_t4_vox2vox.txt

start time Wed Mar 11 17:55:50 CET 2026
end		time Wed Mar 11 17:57:19 CET 2026

mpr2mni305 success

avi2talxfm orig_nu.mgz /opt/freesurfer/average/mni305.cor.mgz talsrcimg_to_711-2C_as_mni_average_305_t4_vox2vox.txt transforms/talairach.auto.xfm
avi2talxfm done
mv -f /out/sourcedata/freesurfer/sub-v2s1x29866_ses-1/mri/talsrcimg_to_711-2C_as_mni_average_305_t4_vox2vox.txt /out/sourcedata/freesurfer/sub-v2s1x29866_ses-1/mri/transforms/talsrcimg_to_711-2C_as_mni_average_305_t4_vox2vox.txt
lta_convert --src orig_nu.mgz --trg /opt/freesurfer/average/mni305.cor.mgz --inxfm transforms/talairach.auto.xfm --outlta transforms/talairach.auto.xfm.lta --subject fsaverage
7.3.2

--src: orig_nu.mgz src image (geometry).
--trg: /opt/freesurfer/average/mni305.cor.mgz trg image (geometry).
--inmni: transforms/talairach.auto.xfm input MNI/XFM transform.
--outlta: transforms/talairach.auto.xfm.lta output LTA.
--s: fsaverage subject name
 LTA read, type : 1
 1.09355  -0.02868  -0.01565  -13.25307;
-0.00669   1.19559  -0.08193  -18.31725;
 0.02395  -0.03336   1.19482  -27.30626;
 0.00000   0.00000   0.00000   1.00000;
setting subject to fsaverage
Writing  LTA to file transforms/talairach.auto.xfm.lta...
lta_convert successful.
 
 
Started at Wed Mar 11 17:55:49 CET 2026
Ended   at Wed Mar 11 17:57:19 CET 2026
talairach_avi done
