/out/sourcedata/freesurfer/sub-v2s1x29895_ses-1/mri
/opt/freesurfer/bin/talairach_avi
--i orig_nu.mgz --xfm transforms/talairach.auto.xfm
talairach_avi 7.3.2
Linux dna078 5.14.0-427.37.1.el9_4.x86_64 #1 SMP PREEMPT_DYNAMIC Fri Sep 13 12:41:50 EDT 2024 x86_64 x86_64 x86_64 GNU/Linux
Thu Mar 12 19:39:52 CET 2026
mri_convert orig_nu.mgz talsrcimg.img 
reading from orig_nu.mgz...
TR=0.00, TE=0.00, TI=0.00, flip angle=0.00
i_ras = (-1, 0, 0)
j_ras = (0, 0, -1)
k_ras = (0, 1, 0)
writing to talsrcimg.img...
Analyze Output Matrix
-0.90000   0.00000   0.00000   122.00106;
 0.00000   0.00000   0.90000  -78.71768;
 0.00000  -0.90000   0.00000   152.86440;
 0.00000   0.00000   0.00000   1.00000;
--------------------
INFO: set hdr.hist.orient to -1
mpr2mni305 talsrcimg
Thu Mar 12 19:39:52 CET 2026
/opt/freesurfer/bin/mpr2mni305 talsrcimg
mpr2mni305 7.3.2
target=711-2C_as_mni_average_305

---------------------------------------------------------------------
analyzeto4dfp talsrcimg -O0 -y
---------------------------------------------------------------------

freesurfer ifh2hdr.c
Thu Mar 12 19:39:53 2026
Writing: talsrcimg.4dfp.hdr
freesurfer analyzeto4dfp.c
Reading: talsrcimg.hdr
header size 348 bytes
hdr.dime.datatype	offset=70	value=2
hdr.dime.bitpix		offset=72	value=8
hdr.hist.orient		offset=252	value=-1
dimensionality     4
dimensions       256       256       256         1
Reading: talsrcimg.img
Writing: talsrcimg.4dfp.img
Writing: talsrcimg.4dfp.ifh
ifh2hdr talsrcimg -r0to236
ori=2

---------------------------------------------------------------------
gauss_4dfp talsrcimg 1.1
---------------------------------------------------------------------

freesurfer gauss_4dfp.c
Reading: talsrcimg.4dfp.img
Writing: talsrcimg_g11.4dfp.img
image dimensions 256 256 256 padded to 288 288 288
processing volume 1freesurfer ifh2hdr.c
Thu Mar 12 19:39:54 2026
Writing: talsrcimg_g11.4dfp.hdr

Writing: talsrcimg_g11.4dfp.ifh
including: talsrcimg.4dfp.img.rec in talsrcimg_g11.4dfp.img.rec

---------------------------------------------------------------------
imgreg_4dfp /opt/freesurfer/average/711-2C_as_mni_average_305 none talsrcimg_g11 none talsrcimg_to_711-2C_as_mni_average_305_t4 4355
---------------------------------------------------------------------

freesurfer imgreg_4dfp.c
/opt/freesurfer/average/711-2C_as_mni_average_305.4dfp.img
       256       256       256         1
  1.000000  1.000000  1.000000
orientation T byte_order littleendian
Reading image: /opt/freesurfer/average/711-2C_as_mni_average_305.4dfp.img
dimensions:      256       256       256
mmppix:       1.0000   -1.0000   -1.0000
center:     128.0000 -129.0000 -129.0000
talsrcimg_g11.4dfp.img
       256       256       256         1
  0.900000  0.900000  0.900000
orientation T byte_order littleendian
Reading image: talsrcimg_g11.4dfp.img
dimensions:      256       256       256
mmppix:       0.9000   -0.9000   -0.9000
center:     115.2000 -116.1000 -116.1000
t4_read: open error in t4_sub.f l:  41 t4_file(1:l)talsrcimg_to_711-2C_as_mni_average_305_t4 
t4_read: transform initialized to I4
rotation matrix determinant  1.000000
image alignment mode   4355 decimal     1103 hex
   -7.5000  -45.0000  -45.0000 6423.2925   17.9179
    0.0000  -45.0000  -45.0000 6446.5249   17.9346
    7.5000  -45.0000  -45.0000 6120.9536   17.9158
   -7.5000  -37.5000  -45.0000 6937.3750   18.9589
    0.0000  -37.5000  -45.0000 6967.7788   18.9635
    7.5000  -37.5000  -45.0000 6606.6177   18.9410
   -7.5000  -30.0000  -45.0000 7431.0962   19.4801
    0.0000  -30.0000  -45.0000 7467.8691   19.4703
    7.5000  -30.0000  -45.0000 7076.4233   19.4380
   -7.5000  -22.5000  -45.0000 7973.2422   19.4703
    0.0000  -22.5000  -45.0000 8023.8584   19.4585
    7.5000  -22.5000  -45.0000 7594.3848   19.4193
   -7.5000  -15.0000  -45.0000 8452.4502   19.5599
    0.0000  -15.0000  -45.0000 8517.6328   19.5614
    7.5000  -15.0000  -45.0000 8031.5620   19.5235
   -7.5000   -7.5000  -45.0000 8496.1133   19.6467
    0.0000   -7.5000  -45.0000 8551.6523   19.6624
    7.5000   -7.5000  -45.0000 8077.4902   19.6329
   -7.5000    0.0000  -45.0000 8517.3711   19.6418
    0.0000    0.0000  -45.0000 8569.5518   19.6601
    7.5000    0.0000  -45.0000 8110.7666   19.6395
   -7.5000    7.5000  -45.0000 8241.9414   19.5566
    0.0000    7.5000  -45.0000 8284.9521   19.5613
    7.5000    7.5000  -45.0000 7859.1807   19.5381
   -7.5000   15.0000  -45.0000 8233.1797   19.4801
    0.0000   15.0000  -45.0000 8241.2812   19.4703
    7.5000   15.0000  -45.0000 7811.2954   19.4380
   -7.5000   22.5000  -45.0000 7579.2158   19.2084
    0.0000   22.5000  -45.0000 7580.2842   19.1968
    7.5000   22.5000  -45.0000 7166.9668   19.1580
   -7.5000   30.0000  -45.0000 6907.1533   18.7821
    0.0000   30.0000  -45.0000 6903.5596   18.7836
    7.5000   30.0000  -45.0000 6538.7729   18.7471
   -7.5000   37.5000  -45.0000 6267.2397   18.2580
    0.0000   37.5000  -45.0000 6266.4639   18.2726
    7.5000   37.5000  -45.0000 5947.7188   18.2452
   -7.5000   45.0000  -45.0000 5632.3394   17.6387
    0.0000   45.0000  -45.0000 5619.8428   17.6558
    7.5000   45.0000  -45.0000 5341.6636   17.6369
   -7.5000  -45.0000  -37.5000 6983.2700   18.9459
    0.0000  -45.0000  -37.5000 7004.8359   18.9607
    7.5000  -45.0000  -37.5000 6656.9136   18.9238
   -7.5000  -37.5000  -37.5000 7528.2148   20.0436
    0.0000  -37.5000  -37.5000 7547.8413   20.0484
    7.5000  -37.5000  -37.5000 7166.8105   20.0040
   -7.5000  -30.0000  -37.5000 8068.8726   20.5438
    0.0000  -30.0000  -37.5000 8096.9922   20.5344
    7.5000  -30.0000  -37.5000 7669.5498   20.4841
   -7.5000  -22.5000  -37.5000 8654.1436   20.5291
    0.0000  -22.5000  -37.5000 8697.0059   20.5152
    7.5000  -22.5000  -37.5000 8219.0244   20.4650
   -7.5000  -15.0000  -37.5000 9136.7334   20.6362
    0.0000  -15.0000  -37.5000 9211.5068   20.6334
    7.5000  -15.0000  -37.5000 8668.7324   20.5867
   -7.5000   -7.5000  -37.5000 9167.6602   20.7428
    0.0000   -7.5000  -37.5000 9253.7891   20.7544
    7.5000   -7.5000  -37.5000 8719.6133   20.7123
   -7.5000    0.0000  -37.5000 9189.5957   20.7421
    0.0000    0.0000  -37.5000 9267.2715   20.7583
    7.5000    0.0000  -37.5000 8733.7100   20.7180
   -7.5000    7.5000  -37.5000 8863.8096   20.6392
    0.0000    7.5000  -37.5000 8935.9092   20.6440
    7.5000    7.5000  -37.5000 8438.1143   20.5984
   -7.5000   15.0000  -37.5000 8813.4102   20.5428
    0.0000   15.0000  -37.5000 8848.0273   20.5334
    7.5000   15.0000  -37.5000 8343.6533   20.4832
   -7.5000   22.5000  -37.5000 8102.2725   20.2546
    0.0000   22.5000  -37.5000 8135.1914   20.2409
    7.5000   22.5000  -37.5000 7683.9580   20.1914
   -7.5000   30.0000  -37.5000 7386.1431   19.8297
    0.0000   30.0000  -37.5000 7403.2964   19.8270
    7.5000   30.0000  -37.5000 7008.2124   19.7822
   -7.5000   37.5000  -37.5000 6682.0630   19.2923
    0.0000   37.5000  -37.5000 6691.8491   19.3031
    7.5000   37.5000  -37.5000 6334.3545   19.2640
   -7.5000   45.0000  -37.5000 5979.5845   18.6287
    0.0000   45.0000  -37.5000 5981.1016   18.6443
    7.5000   45.0000  -37.5000 5665.9893   18.6074
   -7.5000  -45.0000  -30.0000 7482.1572   19.8871
    0.0000  -45.0000  -30.0000 7530.9282   19.9095
    7.5000  -45.0000  -30.0000 7147.1812   19.8814
   -7.5000  -37.5000  -30.0000 8059.8115   21.0342
    0.0000  -37.5000  -30.0000 8094.4224   21.0522
    7.5000  -37.5000  -30.0000 7686.4380   21.0185
   -7.5000  -30.0000  -30.0000 8632.8945   21.5124
    0.0000  -30.0000  -30.0000 8676.8730   21.5229
    7.5000  -30.0000  -30.0000 8224.4727   21.4895
   -7.5000  -22.5000  -30.0000 9255.1191   21.4933
    0.0000  -22.5000  -30.0000 9309.9414   21.5002
    7.5000  -22.5000  -30.0000 8818.4336   21.4712
   -7.5000  -15.0000  -30.0000 9754.9834   21.6183
    0.0000  -15.0000  -30.0000 9822.6396   21.6318
    7.5000  -15.0000  -30.0000 9283.8311   21.6060
   -7.5000   -7.5000  -30.0000 9800.3701   21.7458
    0.0000   -7.5000  -30.0000 9888.0654   21.7681
    7.5000   -7.5000  -30.0000 9330.2822   21.7418
   -7.5000    0.0000  -30.0000 9806.1973   21.7500
    0.0000    0.0000  -30.0000 9909.8506   21.7744
    7.5000    0.0000  -30.0000 9330.0986   21.7438
   -7.5000    7.5000  -30.0000 9461.7295   21.6264
    0.0000    7.5000  -30.0000 9547.2930   21.6448
    7.5000    7.5000  -30.0000 9014.7979   21.6102
   -7.5000   15.0000  -30.0000 9349.6016   21.5095
    0.0000   15.0000  -30.0000 9413.0303   21.5200
    7.5000   15.0000  -30.0000 8867.2686   21.4865
   -7.5000   22.5000  -30.0000 8595.3086   21.2069
    0.0000   22.5000  -30.0000 8668.1445   21.2137
    7.5000   22.5000  -30.0000 8157.8247   21.1850
   -7.5000   30.0000  -30.0000 7835.2217   20.7886
    0.0000   30.0000  -30.0000 7894.4580   20.8016
    7.5000   30.0000  -30.0000 7443.2534   20.7768
   -7.5000   37.5000  -30.0000 7045.7729   20.2557
    0.0000   37.5000  -30.0000 7070.0420   20.2765
    7.5000   37.5000  -30.0000 6685.4053   20.2520
   -7.5000   45.0000  -30.0000 6276.5957   19.5658
    0.0000   45.0000  -30.0000 6283.0410   19.5885
    7.5000   45.0000  -30.0000 5960.6895   19.5602
   -7.5000  -45.0000  -22.5000 7936.6533   20.6823
    0.0000  -45.0000  -22.5000 7999.7661   20.7165
    7.5000  -45.0000  -22.5000 7595.7749   20.7186
   -7.5000  -37.5000  -22.5000 8534.8682   21.8861
    0.0000  -37.5000  -22.5000 8596.9385   21.9215
    7.5000  -37.5000  -22.5000 8167.2939   21.9249
   -7.5000  -30.0000  -22.5000 9147.3594   22.3579
    0.0000  -30.0000  -22.5000 9232.0059   22.3936
    7.5000  -30.0000  -22.5000 8749.0664   22.4000
   -7.5000  -22.5000  -22.5000 9784.9336   22.3395
    0.0000  -22.5000  -22.5000 9876.2090   22.3742
    7.5000  -22.5000  -22.5000 9362.2422   22.3821
   -7.5000  -15.0000  -22.500010270.5723   22.4695
    0.0000  -15.0000  -22.500010355.6504   22.5071
    7.5000  -15.0000  -22.5000 9833.4062   22.5153
   -7.5000   -7.5000  -22.500010320.7295   22.6024
    0.0000   -7.5000  -22.500010438.7139   22.6418
    7.5000   -7.5000  -22.5000 9897.0371   22.6475
   -7.5000    0.0000  -22.500010350.0781   22.6068
    0.0000    0.0000  -22.500010498.3428   22.6442
    7.5000    0.0000  -22.5000 9916.2900   22.6465
   -7.5000    7.5000  -22.500010009.4512   22.4743
    0.0000    7.5000  -22.500010122.5811   22.5106
    7.5000    7.5000  -22.5000 9567.3232   22.5141
   -7.5000   15.0000  -22.5000 9832.2012   22.3525
    0.0000   15.0000  -22.5000 9918.3027   22.3883
    7.5000   15.0000  -22.5000 9352.8184   22.3947
   -7.5000   22.5000  -22.5000 9012.1201   22.0439
    0.0000   22.5000  -22.5000 9091.7666   22.0782
    7.5000   22.5000  -22.5000 8567.7695   22.0860
   -7.5000   30.0000  -22.5000 8227.7549   21.6230
    0.0000   30.0000  -22.5000 8304.4668   21.6592
    7.5000   30.0000  -22.5000 7820.1519   21.6670
   -7.5000   37.5000  -22.5000 7380.2710   21.0856
    0.0000   37.5000  -22.5000 7426.4946   21.1224
    7.5000   37.5000  -22.5000 7015.2622   21.1277
   -7.5000   45.0000  -22.5000 6543.7109   20.3845
    0.0000   45.0000  -22.5000 6579.0669   20.4184
    7.5000   45.0000  -22.5000 6229.0435   20.4198
   -7.5000  -45.0000  -15.0000 8390.4941   21.3968
    0.0000  -45.0000  -15.0000 8453.9795   21.4355
    7.5000  -45.0000  -15.0000 8046.2188   21.4577
   -7.5000  -37.5000  -15.0000 9006.7764   22.6517
    0.0000  -37.5000  -15.0000 9075.7852   22.6895
    7.5000  -37.5000  -15.0000 8652.8867   22.7175
   -7.5000  -30.0000  -15.0000 9704.2988   23.1372
    0.0000  -30.0000  -15.0000 9791.3066   23.1752
    7.5000  -30.0000  -15.0000 9304.0068   23.2016
   -7.5000  -22.5000  -15.000010361.2910   23.1260
    0.0000  -22.5000  -15.000010453.7305   23.1661
    7.5000  -22.5000  -15.0000 9917.6826   23.1857
   -7.5000  -15.0000  -15.000010826.2930   23.2486
    0.0000  -15.0000  -15.000010888.1260   23.2942
    7.5000  -15.0000  -15.000010383.1670   23.3114
   -7.5000   -7.5000  -15.000010864.9170   23.3685
    0.0000   -7.5000  -15.000010972.2480   23.4153
    7.5000   -7.5000  -15.000010423.9805   23.4345
   -7.5000    0.0000  -15.000010891.5137   23.3651
    0.0000    0.0000  -15.000011007.3281   23.4073
    7.5000    0.0000  -15.000010429.4072   23.4316
   -7.5000    7.5000  -15.000010510.1611   23.2379
    0.0000    7.5000  -15.000010600.9209   23.2766
    7.5000    7.5000  -15.000010055.4482   23.3054
   -7.5000   15.0000  -15.000010278.6396   23.1300
    0.0000   15.0000  -15.000010363.1797   23.1681
    7.5000   15.0000  -15.0000 9792.0156   23.1944
   -7.5000   22.5000  -15.0000 9398.1279   22.8235
    0.0000   22.5000  -15.0000 9473.6152   22.8631
    7.5000   22.5000  -15.0000 8950.8936   22.8825
   -7.5000   30.0000  -15.0000 8595.9307   22.3896
    0.0000   30.0000  -15.0000 8661.1689   22.4335
    7.5000   30.0000  -15.0000 8173.6436   22.4500
   -7.5000   37.5000  -15.0000 7730.7266   21.8337
    0.0000   37.5000  -15.0000 7775.6265   21.8774
    7.5000   37.5000  -15.0000 7353.3726   21.8953
   -7.5000   45.0000  -15.0000 6840.2314   21.1174
    0.0000   45.0000  -15.0000 6884.3604   21.1553
    7.5000   45.0000  -15.0000 6516.5825   21.1767
   -7.5000  -45.0000   -7.5000 8627.5957   21.4368
    0.0000  -45.0000   -7.5000 8675.6816   21.4679
    7.5000  -45.0000   -7.5000 8261.4492   21.4782
   -7.5000  -37.5000   -7.5000 9267.8203   22.7073
    0.0000  -37.5000   -7.5000 9335.2832   22.7293
    7.5000  -37.5000   -7.5000 8891.1445   22.7425
   -7.5000  -30.0000   -7.500010002.5684   23.2100
    0.0000  -30.0000   -7.500010134.1777   23.2239
    7.5000  -30.0000   -7.5000 9589.6514   23.2282
   -7.5000  -22.5000   -7.500010679.3096   23.2024
    0.0000  -22.5000   -7.500010781.2969   23.2182
    7.5000  -22.5000   -7.500010227.6787   23.2109
   -7.5000  -15.0000   -7.500011102.6924   23.3124
    0.0000  -15.0000   -7.500011137.9902   23.3406
    7.5000  -15.0000   -7.500010654.5566   23.3316
   -7.5000   -7.5000   -7.500011159.1504   23.4169
    0.0000   -7.5000   -7.500011204.1982   23.4536
    7.5000   -7.5000   -7.500010691.6035   23.4531
   -7.5000    0.0000   -7.500011165.1777   23.4088
    0.0000    0.0000   -7.500011219.0938   23.4427
    7.5000    0.0000   -7.500010700.9639   23.4540
   -7.5000    7.5000   -7.500010743.2568   23.2949
    0.0000    7.5000   -7.500010760.5469   23.3175
    7.5000    7.5000   -7.500010284.8496   23.3310
   -7.5000   15.0000   -7.500010454.7617   23.2029
    0.0000   15.0000   -7.500010461.5723   23.2168
    7.5000   15.0000   -7.5000 9966.8770   23.2210
   -7.5000   22.5000   -7.5000 9549.0186   22.8989
    0.0000   22.5000   -7.5000 9563.2480   22.9145
    7.5000   22.5000   -7.5000 9098.8291   22.9073
   -7.5000   30.0000   -7.5000 8728.1475   22.4510
    0.0000   30.0000   -7.5000 8773.3525   22.4781
    7.5000   30.0000   -7.5000 8322.5674   22.4695
   -7.5000   37.5000   -7.5000 7882.9375   21.8789
    0.0000   37.5000   -7.5000 7921.9609   21.9132
    7.5000   37.5000   -7.5000 7492.2036   21.9127
   -7.5000   45.0000   -7.5000 7011.6987   21.1560
    0.0000   45.0000   -7.5000 7041.0269   21.1868
    7.5000   45.0000   -7.5000 6654.6128   21.1965
   -7.5000  -45.0000    0.0000 8636.4053   22.0262
    0.0000  -45.0000    0.0000 8677.9248   22.0465
    7.5000  -45.0000    0.0000 8261.7959   22.0235
   -7.5000  -37.5000    0.0000 9277.3877   23.3277
    0.0000  -37.5000    0.0000 9315.3281   23.3333
    7.5000  -37.5000    0.0000 8869.1279   23.3057
   -7.5000  -30.0000    0.0000 9964.5430   23.8305
    0.0000  -30.0000    0.000010020.4160   23.8187
    7.5000  -30.0000    0.0000 9514.4355   23.7793
   -7.5000  -22.5000    0.000010608.9990   23.8188
    0.0000  -22.5000    0.000010538.1699   23.8046
    7.5000  -22.5000    0.000010138.0420   23.7568
   -7.5000  -15.0000    0.000011016.2344   23.9286
    0.0000  -15.0000    0.000010883.4873   23.9305
    7.5000  -15.0000    0.000010593.7734   23.8842
   -7.5000   -7.5000    0.000011076.3955   24.0348
    0.0000   -7.5000    0.000010990.5898   24.0539
    7.5000   -7.5000    0.000010681.6670   24.0179
   -7.5000    0.0000    0.000011121.8779   24.0285
    0.0000    0.0000    0.000011057.2715   24.0507
    7.5000    0.0000    0.000010719.4170   24.0256
   -7.5000    7.5000    0.000010727.3682   23.9156
    0.0000    7.5000    0.000010651.6475   23.9213
    7.5000    7.5000    0.000010296.5322   23.8931
   -7.5000   15.0000    0.000010442.7646   23.8221
    0.0000   15.0000    0.000010341.6748   23.8102
    7.5000   15.0000    0.0000 9942.1348   23.7708
   -7.5000   22.5000    0.0000 9561.2744   23.5106
    0.0000   22.5000    0.0000 9496.3496   23.4965
    7.5000   22.5000    0.0000 9077.9639   23.4493
   -7.5000   30.0000    0.0000 8749.7559   23.0583
    0.0000   30.0000    0.0000 8723.9805   23.0602
    7.5000   30.0000    0.0000 8309.0225   23.0156
   -7.5000   37.5000    0.0000 7923.6450   22.4830
    0.0000   37.5000    0.0000 7907.6201   22.5009
    7.5000   37.5000    0.0000 7502.5278   22.4672
   -7.5000   45.0000    0.0000 7052.1519   21.7591
    0.0000   45.0000    0.0000 7040.1401   21.7800
    7.5000   45.0000    0.0000 6665.2080   21.7568
   -7.5000  -45.0000    7.5000 8265.5352   22.0592
    0.0000  -45.0000    7.5000 8324.7041   22.0764
    7.5000  -45.0000    7.5000 7925.3188   22.0334
   -7.5000  -37.5000    7.5000 8833.9551   23.3491
    0.0000  -37.5000    7.5000 8874.8564   23.3546
    7.5000  -37.5000    7.5000 8458.4355   23.3029
   -7.5000  -30.0000    7.5000 9423.6064   23.8342
    0.0000  -30.0000    7.5000 9410.5352   23.8232
    7.5000  -30.0000    7.5000 9017.6826   23.7648
   -7.5000  -22.5000    7.500010077.0928   23.8172
    0.0000  -22.5000    7.5000 9974.7227   23.8010
    7.5000  -22.5000    7.5000 9635.1533   23.7428
   -7.5000  -15.0000    7.500010665.5879   23.9416
    0.0000  -15.0000    7.500010523.4277   23.9384
    7.5000  -15.0000    7.500010239.0986   23.8842
   -7.5000   -7.5000    7.500010773.4424   24.0654
    0.0000   -7.5000    7.500010664.5957   24.0788
    7.5000   -7.5000    7.500010351.6016   24.0300
   -7.5000    0.0000    7.500010808.4551   24.0645
    0.0000    0.0000    7.500010703.4834   24.0833
    7.5000    0.0000    7.500010343.4404   24.0364
   -7.5000    7.5000    7.500010402.3936   23.9375
    0.0000    7.5000    7.500010316.4951   23.9431
    7.5000    7.5000    7.5000 9918.3203   23.8901
   -7.5000   15.0000    7.500010072.2744   23.8257
    0.0000   15.0000    7.5000 9953.3262   23.8148
    7.5000   15.0000    7.5000 9527.7285   23.7564
   -7.5000   22.5000    7.5000 9191.0498   23.5089
    0.0000   22.5000    7.5000 9103.2119   23.4930
    7.5000   22.5000    7.5000 8692.9932   23.4355
   -7.5000   30.0000    7.5000 8407.4863   23.0709
    0.0000   30.0000    7.5000 8361.1816   23.0677
    7.5000   30.0000    7.5000 7961.2656   23.0155
   -7.5000   37.5000    7.5000 7601.8506   22.5117
    0.0000   37.5000    7.5000 7585.0718   22.5242
    7.5000   37.5000    7.5000 7184.2827   22.4786
   -7.5000   45.0000    7.5000 6773.2178   21.7940
    0.0000   45.0000    7.5000 6776.5200   21.8122
    7.5000   45.0000    7.5000 6405.7295   21.7690
   -7.5000  -45.0000   15.0000 8138.8599   22.2628
    0.0000  -45.0000   15.0000 8184.3687   22.2881
    7.5000  -45.0000   15.0000 7802.2124   22.2555
   -7.5000  -37.5000   15.0000 8674.3682   23.5481
    0.0000  -37.5000   15.0000 8718.2070   23.5685
    7.5000  -37.5000   15.0000 8302.6328   23.5294
   -7.5000  -30.0000   15.0000 9261.8789   24.0185
    0.0000  -30.0000   15.0000 9276.9209   24.0308
    7.5000  -30.0000   15.0000 8844.1914   23.9921
   -7.5000  -22.5000   15.0000 9964.9014   23.9979
    0.0000  -22.5000   15.0000 9944.3672   24.0063
    7.5000  -22.5000   15.0000 9496.8125   23.9727
   -7.5000  -15.0000   15.000010603.4854   24.1393
    0.0000  -15.0000   15.000010612.6807   24.1552
    7.5000  -15.0000   15.000010087.1445   24.1252
   -7.5000   -7.5000   15.000010731.4570   24.2827
    0.0000   -7.5000   15.000010750.9619   24.3082
    7.5000   -7.5000   15.000010184.8086   24.2776
   -7.5000    0.0000   15.000010733.2666   24.2866
    0.0000    0.0000   15.000010722.9219   24.3143
    7.5000    0.0000   15.000010161.4688   24.2787
   -7.5000    7.5000   15.000010274.1318   24.1415
    0.0000    7.5000   15.000010253.2266   24.1624
    7.5000    7.5000   15.0000 9752.0801   24.1224
   -7.5000   15.0000   15.0000 9879.6299   24.0100
    0.0000   15.0000   15.0000 9834.3564   24.0223
    7.5000   15.0000   15.0000 9350.4668   23.9836
   -7.5000   22.5000   15.0000 9011.0957   23.6873
    0.0000   22.5000   15.0000 8973.3564   23.6956
    7.5000   22.5000   15.0000 8540.9141   23.6625
   -7.5000   30.0000   15.0000 8243.4727   23.2614
    0.0000   30.0000   15.0000 8209.3271   23.2767
    7.5000   30.0000   15.0000 7806.3916   23.2478
   -7.5000   37.5000   15.0000 7449.1846   22.7150
    0.0000   37.5000   15.0000 7415.4463   22.7388
    7.5000   37.5000   15.0000 7049.4326   22.7102
   -7.5000   45.0000   15.0000 6654.1284   21.9968
    0.0000   45.0000   15.0000 6615.9082   22.0227
    7.5000   45.0000   15.0000 6301.6519   21.9896
   -7.5000  -45.0000   22.5000 7576.6416   22.6207
    0.0000  -45.0000   22.5000 7700.9727   22.6607
    7.5000  -45.0000   22.5000 7286.4741   22.6666
   -7.5000  -37.5000   22.5000 8093.0654   23.9201
    0.0000  -37.5000   22.5000 8205.6240   23.9621
    7.5000  -37.5000   22.5000 7749.0322   23.9691
   -7.5000  -30.0000   22.5000 8647.1543   24.3926
    0.0000  -30.0000   22.5000 8735.1953   24.4357
    7.5000  -30.0000   22.5000 8265.3623   24.4458
   -7.5000  -22.5000   22.5000 9268.9521   24.3720
    0.0000  -22.5000   22.5000 9338.5635   24.4144
    7.5000  -22.5000   22.5000 8856.5264   24.4261
   -7.5000  -15.0000   22.5000 9830.3535   24.5207
    0.0000  -15.0000   22.5000 9904.5566   24.5655
    7.5000  -15.0000   22.5000 9376.6191   24.5780
   -7.5000   -7.5000   22.5000 9937.9863   24.6722
    0.0000   -7.5000   22.500010005.9033   24.7184
    7.5000   -7.5000   22.5000 9468.7217   24.7286
   -7.5000    0.0000   22.5000 9950.4766   24.6770
    0.0000    0.0000   22.5000 9995.8779   24.7207
    7.5000    0.0000   22.5000 9469.3486   24.7272
   -7.5000    7.5000   22.5000 9570.5527   24.5229
    0.0000    7.5000   22.5000 9594.0059   24.5659
    7.5000    7.5000   22.5000 9113.4551   24.5731
   -7.5000   15.0000   22.5000 9217.8350   24.3839
    0.0000   15.0000   22.5000 9239.3213   24.4271
    7.5000   15.0000   22.5000 8773.4434   24.4371
   -7.5000   22.5000   22.5000 8397.9619   24.0566
    0.0000   22.5000   22.5000 8407.4785   24.0984
    7.5000   22.5000   22.5000 7981.8633   24.1100
   -7.5000   30.0000   22.5000 7657.3188   23.6289
    0.0000   30.0000   22.5000 7664.0166   23.6721
    7.5000   30.0000   22.5000 7270.2212   23.6841
   -7.5000   37.5000   22.5000 6908.5176   23.0793
    0.0000   37.5000   22.5000 6918.7031   23.1225
    7.5000   37.5000   22.5000 6551.8491   23.1320
   -7.5000   45.0000   22.5000 6138.2607   22.3500
    0.0000   45.0000   22.5000 6147.1113   22.3898
    7.5000   45.0000   22.5000 5845.5430   22.3949
   -7.5000  -45.0000   30.0000 7042.3403   23.1451
    0.0000  -45.0000   30.0000 7118.9878   23.1838
    7.5000  -45.0000   30.0000 6756.4756   23.2047
   -7.5000  -37.5000   30.0000 7502.5513   24.4996
    0.0000  -37.5000   30.0000 7576.1606   24.5369
    7.5000  -37.5000   30.0000 7194.6675   24.5632
   -7.5000  -30.0000   30.0000 7991.8755   25.0085
    0.0000  -30.0000   30.0000 8060.2769   25.0475
    7.5000  -30.0000   30.0000 7661.0781   25.0710
   -7.5000  -22.5000   30.0000 8544.4102   24.9956
    0.0000  -22.5000   30.0000 8610.6074   25.0383
    7.5000  -22.5000   30.0000 8191.2295   25.0541
   -7.5000  -15.0000   30.0000 9042.9014   25.1334
    0.0000  -15.0000   30.0000 9101.5791   25.1822
    7.5000  -15.0000   30.0000 8657.7148   25.1962
   -7.5000   -7.5000   30.0000 9125.1621   25.2679
    0.0000   -7.5000   30.0000 9173.2764   25.3169
    7.5000   -7.5000   30.0000 8736.5176   25.3340
   -7.5000    0.0000   30.0000 9172.3975   25.2645
    0.0000    0.0000   30.0000 9196.9717   25.3068
    7.5000    0.0000   30.0000 8771.5264   25.3297
   -7.5000    7.5000   30.0000 8839.7051   25.1212
    0.0000    7.5000   30.0000 8874.2178   25.1595
    7.5000    7.5000   30.0000 8456.9375   25.1865
   -7.5000   15.0000   30.0000 8519.9307   24.9996
    0.0000   15.0000   30.0000 8545.7520   25.0386
    7.5000   15.0000   30.0000 8142.9971   25.0620
   -7.5000   22.5000   30.0000 7767.6016   24.6699
    0.0000   22.5000   30.0000 7789.8501   24.7120
    7.5000   22.5000   30.0000 7416.4126   24.7277
   -7.5000   30.0000   30.0000 7081.5229   24.2305
    0.0000   30.0000   30.0000 7109.8013   24.2775
    7.5000   30.0000   30.0000 6756.2563   24.2909
   -7.5000   37.5000   30.0000 6394.5889   23.6588
    0.0000   37.5000   30.0000 6406.4189   23.7047
    7.5000   37.5000   30.0000 6084.3384   23.7207
   -7.5000   45.0000   30.0000 5675.3013   22.9104
    0.0000   45.0000   30.0000 5677.8281   22.9485
    7.5000   45.0000   30.0000 5403.0625   22.9686
   -7.5000  -45.0000   37.5000 6571.3384   23.6837
    0.0000  -45.0000   37.5000 6639.5537   23.7097
    7.5000  -45.0000   37.5000 6298.9561   23.6987
   -7.5000  -37.5000   37.5000 6984.2344   25.0897
    0.0000  -37.5000   37.5000 7045.7769   25.1057
    7.5000  -37.5000   37.5000 6677.7002   25.0966
   -7.5000  -30.0000   37.5000 7425.2876   25.6202
    0.0000  -30.0000   37.5000 7494.8711   25.6281
    7.5000  -30.0000   37.5000 7098.6118   25.6087
   -7.5000  -22.5000   37.5000 7928.3867   25.6196
    0.0000  -22.5000   37.5000 8011.5298   25.6299
    7.5000  -22.5000   37.5000 7588.0259   25.5974
   -7.5000  -15.0000   37.5000 8374.1709   25.7480
    0.0000  -15.0000   37.5000 8428.9707   25.7713
    7.5000  -15.0000   37.5000 8006.5200   25.7367
   -7.5000   -7.5000   37.5000 8411.7266   25.8609
    0.0000   -7.5000   37.5000 8449.8271   25.8928
    7.5000   -7.5000   37.5000 8052.0171   25.8675
   -7.5000    0.0000   37.5000 8467.5342   25.8427
    0.0000    0.0000   37.5000 8501.4863   25.8710
    7.5000    0.0000   37.5000 8094.1367   25.8589
   -7.5000    7.5000   37.5000 8190.8823   25.7104
    0.0000    7.5000   37.5000 8198.2725   25.7269
    7.5000    7.5000   37.5000 7809.6167   25.7175
   -7.5000   15.0000   37.5000 7888.2764   25.6109
    0.0000   15.0000   37.5000 7881.8853   25.6188
    7.5000   15.0000   37.5000 7515.6504   25.5994
   -7.5000   22.5000   37.5000 7200.2173   25.2814
    0.0000   22.5000   37.5000 7203.1743   25.2915
    7.5000   22.5000   37.5000 6856.8594   25.2595
   -7.5000   30.0000   37.5000 6587.7222   24.8228
    0.0000   30.0000   37.5000 6572.6680   24.8453
    7.5000   30.0000   37.5000 6262.0942   24.8119
   -7.5000   37.5000   37.5000 5922.6431   24.2144
    0.0000   37.5000   37.5000 5903.4878   24.2442
    7.5000   37.5000   37.5000 5636.8120   24.2205
   -7.5000   45.0000   37.5000 5250.5903   23.4280
    0.0000   45.0000   37.5000 5238.8623   23.4540
    7.5000   45.0000   37.5000 5001.4819   23.4426
   -7.5000  -45.0000   45.0000 6106.1743   24.3719
    0.0000  -45.0000   45.0000 6181.5435   24.4317
    7.5000  -45.0000   45.0000 5892.2256   24.4208
   -7.5000  -37.5000   45.0000 6469.5591   25.8110
    0.0000  -37.5000   45.0000 6531.6899   25.8601
    7.5000  -37.5000   45.0000 6222.7832   25.8430
   -7.5000  -30.0000   45.0000 6872.1606   26.3189
    0.0000  -30.0000   45.0000 6930.8887   26.3523
    7.5000  -30.0000   45.0000 6603.5518   26.3215
   -7.5000  -22.5000   45.0000 7317.0156   26.3146
    0.0000  -22.5000   45.0000 7382.3682   26.3445
    7.5000  -22.5000   45.0000 7025.3145   26.3054
   -7.5000  -15.0000   45.0000 7723.1841   26.4608
    0.0000  -15.0000   45.0000 7761.3867   26.5051
    7.5000  -15.0000   45.0000 7404.2866   26.4694
   -7.5000   -7.5000   45.0000 7746.0981   26.5895
    0.0000   -7.5000   45.0000 7776.0952   26.6505
    7.5000   -7.5000   45.0000 7425.8872   26.6272
   -7.5000    0.0000   45.0000 7782.3877   26.5705
    0.0000    0.0000   45.0000 7825.2085   26.6358
    7.5000    0.0000   45.0000 7466.2041   26.6239
   -7.5000    7.5000   45.0000 7546.0239   26.4242
    0.0000    7.5000   45.0000 7577.9727   26.4745
    7.5000    7.5000   45.0000 7227.1177   26.4569
   -7.5000   15.0000   45.0000 7251.3408   26.3091
    0.0000   15.0000   45.0000 7271.3271   26.3425
    7.5000   15.0000   45.0000 6932.1147   26.3117
   -7.5000   22.5000   45.0000 6634.2354   25.9637
    0.0000   22.5000   45.0000 6652.3940   25.9933
    7.5000   22.5000   45.0000 6346.4980   25.9547
   -7.5000   30.0000   45.0000 6080.1777   25.5074
    0.0000   30.0000   45.0000 6089.4692   25.5501
    7.5000   30.0000   45.0000 5801.2305   25.5157
   -7.5000   37.5000   45.0000 5477.4438   24.8899
    0.0000   37.5000   45.0000 5479.7515   24.9470
    7.5000   37.5000   45.0000 5236.9121   24.9252
   -7.5000   45.0000   45.0000 4853.6162   24.0709
    0.0000   45.0000   45.0000 4831.1089   24.1311
    7.5000   45.0000   45.0000 4638.0542   24.1197

---------------------------------------------------------------------
imgreg_4dfp /opt/freesurfer/average/711-2C_as_mni_average_305 /opt/freesurfer/average/711-2B_as_mni_average_305_mask talsrcimg_g11 none talsrcimg_to_711-2C_as_mni_average_305_t4 4355
---------------------------------------------------------------------

freesurfer imgreg_4dfp.c
/opt/freesurfer/average/711-2C_as_mni_average_305.4dfp.img
       256       256       256         1
  1.000000  1.000000  1.000000
orientation T byte_order littleendian
Reading image: /opt/freesurfer/average/711-2C_as_mni_average_305.4dfp.img
dimensions:      256       256       256
mmppix:       1.0000   -1.0000   -1.0000
center:     128.0000 -129.0000 -129.0000
/opt/freesurfer/average/711-2B_as_mni_average_305_mask.4dfp.img
       256       256       256         1
  1.000000  1.000000  1.000000
orientation T byte_order littleendian
Reading mask: /opt/freesurfer/average/711-2B_as_mni_average_305_mask.4dfp.img (2306576 pixels)
talsrcimg_g11.4dfp.img
       256       256       256         1
  0.900000  0.900000  0.900000
orientation T byte_order littleendian
Reading image: talsrcimg_g11.4dfp.img
dimensions:      256       256       256
mmppix:       0.9000   -0.9000   -0.9000
center:     115.2000 -116.1000 -116.1000
rotation matrix determinant  1.000000
image alignment mode   4355 decimal     1103 hex
   -7.5000  -45.0000  -52.5000 1864.4235   19.7937
    0.0000  -45.0000  -52.5000 1873.4574   19.6290
    7.5000  -45.0000  -52.5000 1851.7582   19.9047
   -7.5000  -37.5000  -52.5000 1951.1064   18.3650
    0.0000  -37.5000  -52.5000 1961.1927   18.2092
    7.5000  -37.5000  -52.5000 1940.6542   18.4303
   -7.5000  -30.0000  -52.5000 2002.6455   17.2970
    0.0000  -30.0000  -52.5000 2010.4386   17.1531
    7.5000  -30.0000  -52.5000 1992.6039   17.3293
   -7.5000  -22.5000  -52.5000 2031.8657   16.5569
    0.0000  -22.5000  -52.5000 2035.0981   16.4548
    7.5000  -22.5000  -52.5000 2022.3485   16.6498
   -7.5000  -15.0000  -52.5000 2035.1606   16.2520
    0.0000  -15.0000  -52.5000 2042.1624   16.0876
    7.5000  -15.0000  -52.5000 2028.5647   16.3439
   -7.5000   -7.5000  -52.5000 2027.9584   16.2001
    0.0000   -7.5000  -52.5000 2033.4906   16.0678
    7.5000   -7.5000  -52.5000 2019.2092   16.3175
   -7.5000    0.0000  -52.5000 2015.2371   16.5737
    0.0000    0.0000  -52.5000 2020.3167   16.3844
    7.5000    0.0000  -52.5000 2000.4165   16.6947
   -7.5000    7.5000  -52.5000 1983.0977   17.2796
    0.0000    7.5000  -52.5000 1989.7747   17.0795
    7.5000    7.5000  -52.5000 1969.1821   17.4101
   -7.5000   15.0000  -52.5000 1932.4250   18.3751
    0.0000   15.0000  -52.5000 1941.3495   18.1586
    7.5000   15.0000  -52.5000 1922.0133   18.5254
   -7.5000   22.5000  -52.5000 1858.7119   19.9075
    0.0000   22.5000  -52.5000 1869.9387   19.7204
    7.5000   22.5000  -52.5000 1848.8456   20.1156
   -7.5000   30.0000  -52.5000 1766.5339   21.8968
    0.0000   30.0000  -52.5000 1779.7051   21.6714
    7.5000   30.0000  -52.5000 1757.9866   22.1137
   -7.5000   37.5000  -52.5000 1641.7128   24.3411
    0.0000   37.5000  -52.5000 1653.0099   24.0650
    7.5000   37.5000  -52.5000 1634.4066   24.5255
   -7.5000   45.0000  -52.5000 1495.7729   27.3568
    0.0000   45.0000  -52.5000 1499.2288   27.0276
    7.5000   45.0000  -52.5000 1484.6221   27.4830
   -7.5000  -45.0000  -45.0000 2038.9592   19.6959
    0.0000  -45.0000  -45.0000 2042.2928   19.5268
    7.5000  -45.0000  -45.0000 2022.8704   19.7733
   -7.5000  -37.5000  -45.0000 2130.8074   18.2095
    0.0000  -37.5000  -45.0000 2137.0151   18.0455
    7.5000  -37.5000  -45.0000 2110.3533   18.2371
   -7.5000  -30.0000  -45.0000 2189.1243   17.1566
    0.0000  -30.0000  -45.0000 2194.6309   17.0148
    7.5000  -30.0000  -45.0000 2167.4731   17.1379
   -7.5000  -22.5000  -45.0000 2218.7627   16.4382
    0.0000  -22.5000  -45.0000 2224.3289   16.3217
    7.5000  -22.5000  -45.0000 2197.8889   16.4463
   -7.5000  -15.0000  -45.0000 2230.9346   16.1286
    0.0000  -15.0000  -45.0000 2238.6665   15.9788
    7.5000  -15.0000  -45.0000 2211.4832   16.1563
   -7.5000   -7.5000  -45.0000 2219.8748   16.1205
    0.0000   -7.5000  -45.0000 2229.5498   16.0029
    7.5000   -7.5000  -45.0000 2205.0715   16.1597
   -7.5000    0.0000  -45.0000 2202.0120   16.4814
    0.0000    0.0000  -45.0000 2209.9973   16.3291
    7.5000    0.0000  -45.0000 2189.0007   16.5349
   -7.5000    7.5000  -45.0000 2167.4792   17.1951
    0.0000    7.5000  -45.0000 2177.0620   17.0178
    7.5000    7.5000  -45.0000 2155.6646   17.2665
   -7.5000   15.0000  -45.0000 2111.7292   18.3238
    0.0000   15.0000  -45.0000 2117.7961   18.0890
    7.5000   15.0000  -45.0000 2096.3435   18.3937
   -7.5000   22.5000  -45.0000 2027.5770   19.8677
    0.0000   22.5000  -45.0000 2037.6121   19.6297
    7.5000   22.5000  -45.0000 2010.8707   19.9656
   -7.5000   30.0000  -45.0000 1921.9465   21.8746
    0.0000   30.0000  -45.0000 1933.3213   21.6179
    7.5000   30.0000  -45.0000 1905.7837   21.9695
   -7.5000   37.5000  -45.0000 1786.3944   24.3243
    0.0000   37.5000  -45.0000 1794.3439   24.0800
    7.5000   37.5000  -45.0000 1770.5162   24.4776
   -7.5000   45.0000  -45.0000 1619.3701   27.2702
    0.0000   45.0000  -45.0000 1624.3815   26.9886
    7.5000   45.0000  -45.0000 1607.6617   27.4252
   -7.5000  -45.0000  -37.5000 2191.9351   19.3974
    0.0000  -45.0000  -37.5000 2199.7617   19.2194
    7.5000  -45.0000  -37.5000 2175.6470   19.4225
   -7.5000  -37.5000  -37.5000 2290.3782   17.8453
    0.0000  -37.5000  -37.5000 2297.8030   17.7179
    7.5000  -37.5000  -37.5000 2273.3625   17.8418
   -7.5000  -30.0000  -37.5000 2356.6667   16.7800
    0.0000  -30.0000  -37.5000 2363.1777   16.6595
    7.5000  -30.0000  -37.5000 2336.6733   16.7676
   -7.5000  -22.5000  -37.5000 2391.4556   16.1121
    0.0000  -22.5000  -37.5000 2401.0986   16.0150
    7.5000  -22.5000  -37.5000 2372.0378   16.1152
   -7.5000  -15.0000  -37.5000 2412.8840   15.7710
    0.0000  -15.0000  -37.5000 2423.2832   15.6637
    7.5000  -15.0000  -37.5000 2389.1899   15.7844
   -7.5000   -7.5000  -37.5000 2409.9370   15.8284
    0.0000   -7.5000  -37.5000 2424.4553   15.7213
    7.5000   -7.5000  -37.5000 2393.0933   15.8255
   -7.5000    0.0000  -37.5000 2391.5923   16.1998
    0.0000    0.0000  -37.5000 2405.6106   16.0720
    7.5000    0.0000  -37.5000 2375.8909   16.2040
   -7.5000    7.5000  -37.5000 2348.1345   16.9412
    0.0000    7.5000  -37.5000 2363.7522   16.8047
    7.5000    7.5000  -37.5000 2333.3574   16.9681
   -7.5000   15.0000  -37.5000 2277.3660   18.0558
    0.0000   15.0000  -37.5000 2291.1599   17.9026
    7.5000   15.0000  -37.5000 2259.3535   18.1159
   -7.5000   22.5000  -37.5000 2183.6184   19.5686
    0.0000   22.5000  -37.5000 2198.6809   19.3945
    7.5000   22.5000  -37.5000 2168.1289   19.6443
   -7.5000   30.0000  -37.5000 2070.8035   21.5767
    0.0000   30.0000  -37.5000 2082.1121   21.3438
    7.5000   30.0000  -37.5000 2054.0510   21.6164
   -7.5000   37.5000  -37.5000 1918.8915   23.9714
    0.0000   37.5000  -37.5000 1926.2593   23.7403
    7.5000   37.5000  -37.5000 1900.9142   24.0399
   -7.5000   45.0000  -37.5000 1736.8131   26.8338
    0.0000   45.0000  -37.5000 1746.4214   26.5440
    7.5000   45.0000  -37.5000 1722.3387   26.9084
   -7.5000  -45.0000  -30.0000 2318.4094   18.9605
    0.0000  -45.0000  -30.0000 2332.4724   18.8440
    7.5000  -45.0000  -30.0000 2304.2734   19.0281
   -7.5000  -37.5000  -30.0000 2427.5400   17.4449
    0.0000  -37.5000  -30.0000 2440.2263   17.3493
    7.5000  -37.5000  -30.0000 2411.8643   17.4712
   -7.5000  -30.0000  -30.0000 2499.8684   16.2912
    0.0000  -30.0000  -30.0000 2511.9011   16.2304
    7.5000  -30.0000  -30.0000 2485.3528   16.3121
   -7.5000  -22.5000  -30.0000 2549.2515   15.6106
    0.0000  -22.5000  -30.0000 2562.0273   15.5821
    7.5000  -22.5000  -30.0000 2531.8435   15.6786
   -7.5000  -15.0000  -30.0000 2581.6287   15.3092
    0.0000  -15.0000  -30.0000 2592.6472   15.2456
    7.5000  -15.0000  -30.0000 2557.7363   15.3895
   -7.5000   -7.5000  -30.0000 2584.0361   15.3852
    0.0000   -7.5000  -30.0000 2602.8269   15.3213
    7.5000   -7.5000  -30.0000 2565.7476   15.4331
   -7.5000    0.0000  -30.0000 2558.9761   15.8034
    0.0000    0.0000  -30.0000 2580.1309   15.7112
    7.5000    0.0000  -30.0000 2541.6577   15.8219
   -7.5000    7.5000  -30.0000 2510.4231   16.5919
    0.0000    7.5000  -30.0000 2530.2366   16.4954
    7.5000    7.5000  -30.0000 2495.1970   16.6182
   -7.5000   15.0000  -30.0000 2429.9434   17.6845
    0.0000   15.0000  -30.0000 2449.8784   17.5593
    7.5000   15.0000  -30.0000 2414.1865   17.7316
   -7.5000   22.5000  -30.0000 2325.7998   19.1723
    0.0000   22.5000  -30.0000 2344.5840   19.0216
    7.5000   22.5000  -30.0000 2309.6536   19.2333
   -7.5000   30.0000  -30.0000 2201.3044   21.1436
    0.0000   30.0000  -30.0000 2217.6462   20.9872
    7.5000   30.0000  -30.0000 2183.7507   21.2329
   -7.5000   37.5000  -30.0000 2032.9633   23.5209
    0.0000   37.5000  -30.0000 2040.0945   23.3039
    7.5000   37.5000  -30.0000 2017.5792   23.6337
   -7.5000   45.0000  -30.0000 1840.4956   26.3216
    0.0000   45.0000  -30.0000 1844.7432   26.0880
    7.5000   45.0000  -30.0000 1827.3896   26.3933
   -7.5000  -45.0000  -22.5000 2414.5430   18.5377
    0.0000  -45.0000  -22.5000 2428.4561   18.3776
    7.5000  -45.0000  -22.5000 2403.0022   18.6498
   -7.5000  -37.5000  -22.5000 2536.5312   16.9680
    0.0000  -37.5000  -22.5000 2549.5908   16.8298
    7.5000  -37.5000  -22.5000 2522.0183   17.0310
   -7.5000  -30.0000  -22.5000 2626.4421   15.7952
    0.0000  -30.0000  -22.5000 2639.8938   15.7274
    7.5000  -30.0000  -22.5000 2611.5916   15.8601
   -7.5000  -22.5000  -22.5000 2685.2844   15.0824
    0.0000  -22.5000  -22.5000 2701.5635   15.0292
    7.5000  -22.5000  -22.5000 2671.0422   15.1523
   -7.5000  -15.0000  -22.5000 2718.4714   14.7656
    0.0000  -15.0000  -22.5000 2733.6985   14.7327
    7.5000  -15.0000  -22.5000 2701.9683   14.8698
   -7.5000   -7.5000  -22.5000 2725.9277   14.8507
    0.0000   -7.5000  -22.5000 2750.4131   14.8005
    7.5000   -7.5000  -22.5000 2712.6553   14.9330
   -7.5000    0.0000  -22.5000 2703.2698   15.2820
    0.0000    0.0000  -22.5000 2733.2751   15.2141
    7.5000    0.0000  -22.5000 2691.6941   15.3385
   -7.5000    7.5000  -22.5000 2649.0015   16.0805
    0.0000    7.5000  -22.5000 2673.8933   16.0063
    7.5000    7.5000  -22.5000 2636.8301   16.1454
   -7.5000   15.0000  -22.5000 2552.8958   17.1963
    0.0000   15.0000  -22.5000 2577.6531   17.1098
    7.5000   15.0000  -22.5000 2545.0508   17.2909
   -7.5000   22.5000  -22.5000 2434.9805   18.6532
    0.0000   22.5000  -22.5000 2455.1858   18.5730
    7.5000   22.5000  -22.5000 2425.3896   18.8047
   -7.5000   30.0000  -22.5000 2299.8105   20.6150
    0.0000   30.0000  -22.5000 2319.8870   20.5046
    7.5000   30.0000  -22.5000 2291.3176   20.7742
   -7.5000   37.5000  -22.5000 2125.5784   22.9761
    0.0000   37.5000  -22.5000 2136.2385   22.8556
    7.5000   37.5000  -22.5000 2117.4260   23.1378
   -7.5000   45.0000  -22.5000 1916.7516   25.6899
    0.0000   45.0000  -22.5000 1930.6382   25.5844
    7.5000   45.0000  -22.5000 1910.2816   25.8879
   -7.5000  -45.0000  -15.0000 2477.6289   18.0790
    0.0000  -45.0000  -15.0000 2492.7988   17.8839
    7.5000  -45.0000  -15.0000 2467.0508   18.1894
   -7.5000  -37.5000  -15.0000 2603.7493   16.4762
    0.0000  -37.5000  -15.0000 2618.3789   16.3098
    7.5000  -37.5000  -15.0000 2596.5002   16.5821
   -7.5000  -30.0000  -15.0000 2711.4465   15.3217
    0.0000  -30.0000  -15.0000 2730.0754   15.1532
    7.5000  -30.0000  -15.0000 2702.6213   15.3732
   -7.5000  -22.5000  -15.0000 2788.1914   14.5753
    0.0000  -22.5000  -15.0000 2816.3037   14.4522
    7.5000  -22.5000  -15.0000 2772.4478   14.6153
   -7.5000  -15.0000  -15.0000 2829.6543   14.2159
    0.0000  -15.0000  -15.0000 2850.7329   14.1129
    7.5000  -15.0000  -15.0000 2811.6130   14.3072
   -7.5000   -7.5000  -15.0000 2842.1465   14.3175
    0.0000   -7.5000  -15.0000 2870.5195   14.2216
    7.5000   -7.5000  -15.0000 2824.1604   14.3996
   -7.5000    0.0000  -15.0000 2817.6450   14.7350
    0.0000    0.0000  -15.0000 2844.0112   14.6453
    7.5000    0.0000  -15.0000 2804.0183   14.7814
   -7.5000    7.5000  -15.0000 2753.1914   15.5317
    0.0000    7.5000  -15.0000 2775.7307   15.4120
    7.5000    7.5000  -15.0000 2742.4009   15.5718
   -7.5000   15.0000  -15.0000 2644.1997   16.6620
    0.0000   15.0000  -15.0000 2669.1274   16.5679
    7.5000   15.0000  -15.0000 2637.0063   16.7388
   -7.5000   22.5000  -15.0000 2512.5559   18.1788
    0.0000   22.5000  -15.0000 2533.9380   18.0969
    7.5000   22.5000  -15.0000 2504.7151   18.3108
   -7.5000   30.0000  -15.0000 2370.7654   20.1411
    0.0000   30.0000  -15.0000 2386.0168   20.0497
    7.5000   30.0000  -15.0000 2361.2644   20.2832
   -7.5000   37.5000  -15.0000 2188.0850   22.4759
    0.0000   37.5000  -15.0000 2197.8904   22.3444
    7.5000   37.5000  -15.0000 2180.6128   22.6125
   -7.5000   45.0000  -15.0000 1967.8800   25.1050
    0.0000   45.0000  -15.0000 1986.2527   24.8777
    7.5000   45.0000  -15.0000 1962.8561   25.2521
   -7.5000  -45.0000   -7.5000 2508.5391   17.5510
    0.0000  -45.0000   -7.5000 2520.4185   17.3460
    7.5000  -45.0000   -7.5000 2491.1047   17.6778
   -7.5000  -37.5000   -7.5000 2635.3953   15.9524
    0.0000  -37.5000   -7.5000 2651.1514   15.7608
    7.5000  -37.5000   -7.5000 2625.6914   16.0608
   -7.5000  -30.0000   -7.5000 2747.6760   14.7819
    0.0000  -30.0000   -7.5000 2769.2937   14.5705
    7.5000  -30.0000   -7.5000 2740.7441   14.8515
   -7.5000  -22.5000   -7.5000 2843.5112   14.0525
    0.0000  -22.5000   -7.5000 2874.2729   13.8516
    7.5000  -22.5000   -7.5000 2827.3293   14.0948
   -7.5000  -15.0000   -7.5000 2896.3345   13.5902
    0.0000  -15.0000   -7.5000 2928.8328   13.3999
    7.5000  -15.0000   -7.5000 2875.5884   13.7293
   -7.5000   -7.5000   -7.5000 2911.7942   13.6784
    0.0000   -7.5000   -7.5000 2943.1555   13.5252
    7.5000   -7.5000   -7.5000 2888.1597   13.8013
   -7.5000    0.0000   -7.5000 2871.5439   14.1859
    0.0000    0.0000   -7.5000 2897.5098   14.0251
    7.5000    0.0000   -7.5000 2859.9534   14.2326
   -7.5000    7.5000   -7.5000 2795.6870   14.9612
    0.0000    7.5000   -7.5000 2817.3044   14.8261
    7.5000    7.5000   -7.5000 2786.3267   15.0317
   -7.5000   15.0000   -7.5000 2684.1428   16.1055
    0.0000   15.0000   -7.5000 2707.0635   15.9630
    7.5000   15.0000   -7.5000 2676.0715   16.2007
   -7.5000   22.5000   -7.5000 2548.2170   17.6225
    0.0000   22.5000   -7.5000 2563.6077   17.5069
    7.5000   22.5000   -7.5000 2536.7173   17.7649
   -7.5000   30.0000   -7.5000 2396.5815   19.5565
    0.0000   30.0000   -7.5000 2413.8638   19.4699
    7.5000   30.0000   -7.5000 2386.1694   19.7344
   -7.5000   37.5000   -7.5000 2204.8943   21.8065
    0.0000   37.5000   -7.5000 2217.7603   21.6918
    7.5000   37.5000   -7.5000 2194.3103   21.9860
   -7.5000   45.0000   -7.5000 1991.7201   24.3679
    0.0000   45.0000   -7.5000 2006.7362   24.1763
    7.5000   45.0000   -7.5000 1984.4182   24.5560
   -7.5000  -45.0000    0.0000 2518.4373   17.4220
    0.0000  -45.0000    0.0000 2536.0447   17.1123
    7.5000  -45.0000    0.0000 2508.4976   17.4618
   -7.5000  -37.5000    0.0000 2649.7739   15.7977
    0.0000  -37.5000    0.0000 2665.6670   15.5062
    7.5000  -37.5000    0.0000 2639.0994   15.8398
   -7.5000  -30.0000    0.0000 2772.5378   14.5979
    0.0000  -30.0000    0.0000 2788.8076   14.2662
    7.5000  -30.0000    0.0000 2764.2493   14.6122
   -7.5000  -22.5000    0.0000 2874.9207   13.7780
    0.0000  -22.5000    0.0000 2900.4150   13.4600
    7.5000  -22.5000    0.0000 2856.7910   13.8172
   -7.5000  -15.0000    0.0000 2934.8293   13.3446
    0.0000  -15.0000    0.0000 2960.9355   12.9543
    7.5000  -15.0000    0.0000 2913.5630   13.4659
   -7.5000   -7.5000    0.0000 2956.0261   13.4050
    0.0000   -7.5000    0.0000 2983.9595   13.0598
    7.5000   -7.5000    0.0000 2935.9785   13.5943
   -7.5000    0.0000    0.0000 2912.4543   13.9958
    0.0000    0.0000    0.0000 2932.9766   13.7322
    7.5000    0.0000    0.0000 2903.1956   14.1166
   -7.5000    7.5000    0.0000 2824.2893   14.8333
    0.0000    7.5000    0.0000 2844.1331   14.5959
    7.5000    7.5000    0.0000 2815.1072   14.9024
   -7.5000   15.0000    0.0000 2706.7419   15.9838
    0.0000   15.0000    0.0000 2724.5183   15.7404
    7.5000   15.0000    0.0000 2695.4780   16.0107
   -7.5000   22.5000    0.0000 2566.7803   17.5012
    0.0000   22.5000    0.0000 2583.1726   17.2606
    7.5000   22.5000    0.0000 2554.1699   17.5414
   -7.5000   30.0000    0.0000 2412.3169   19.4363
    0.0000   30.0000    0.0000 2428.5811   19.1925
    7.5000   30.0000    0.0000 2400.9167   19.4860
   -7.5000   37.5000    0.0000 2223.3325   21.6982
    0.0000   37.5000    0.0000 2232.9099   21.4672
    7.5000   37.5000    0.0000 2211.4700   21.8371
   -7.5000   45.0000    0.0000 2007.1190   24.2527
    0.0000   45.0000    0.0000 2019.6272   23.9457
    7.5000   45.0000    0.0000 1997.0077   24.4104
   -7.5000  -45.0000    7.5000 2515.2151   17.5037
    0.0000  -45.0000    7.5000 2539.6226   17.1456
    7.5000  -45.0000    7.5000 2510.1941   17.5000
   -7.5000  -37.5000    7.5000 2647.7744   15.8708
    0.0000  -37.5000    7.5000 2669.6743   15.5014
    7.5000  -37.5000    7.5000 2639.0032   15.8433
   -7.5000  -30.0000    7.5000 2767.2820   14.6091
    0.0000  -30.0000    7.5000 2784.5247   14.2404
    7.5000  -30.0000    7.5000 2761.0640   14.6030
   -7.5000  -22.5000    7.5000 2867.4846   13.8082
    0.0000  -22.5000    7.5000 2880.2515   13.3801
    7.5000  -22.5000    7.5000 2854.8538   13.8184
   -7.5000  -15.0000    7.5000 2937.4690   13.5359
    0.0000  -15.0000    7.5000 2953.3726   13.1162
    7.5000  -15.0000    7.5000 2922.1372   13.5820
   -7.5000   -7.5000    7.5000 2955.1870   13.6650
    0.0000   -7.5000    7.5000 2984.6262   13.2941
    7.5000   -7.5000    7.5000 2937.7766   13.7161
   -7.5000    0.0000    7.5000 2909.3757   14.1412
    0.0000    0.0000    7.5000 2935.7021   13.8270
    7.5000    0.0000    7.5000 2893.4055   14.1480
   -7.5000    7.5000    7.5000 2821.0996   14.9468
    0.0000    7.5000    7.5000 2840.5862   14.6398
    7.5000    7.5000    7.5000 2805.2581   14.9062
   -7.5000   15.0000    7.5000 2698.8301   16.0658
    0.0000   15.0000    7.5000 2716.1929   15.7857
    7.5000   15.0000    7.5000 2689.2822   16.0217
   -7.5000   22.5000    7.5000 2557.9492   17.4937
    0.0000   22.5000    7.5000 2574.5964   17.2709
    7.5000   22.5000    7.5000 2548.9104   17.5352
   -7.5000   30.0000    7.5000 2402.0183   19.3802
    0.0000   30.0000    7.5000 2420.3010   19.1961
    7.5000   30.0000    7.5000 2395.0637   19.4655
   -7.5000   37.5000    7.5000 2209.0630   21.6309
    0.0000   37.5000    7.5000 2225.8862   21.4708
    7.5000   37.5000    7.5000 2199.4043   21.7533
   -7.5000   45.0000    7.5000 2002.6985   24.2211
    0.0000   45.0000    7.5000 2016.7554   24.0401
    7.5000   45.0000    7.5000 1994.6868   24.3625
   -7.5000  -45.0000   15.0000 2500.0596   17.7936
    0.0000  -45.0000   15.0000 2522.8225   17.4355
    7.5000  -45.0000   15.0000 2500.3997   17.7505
   -7.5000  -37.5000   15.0000 2630.3057   16.2293
    0.0000  -37.5000   15.0000 2654.8215   15.8774
    7.5000  -37.5000   15.0000 2626.0171   16.1659
   -7.5000  -30.0000   15.0000 2744.4307   15.0244
    0.0000  -30.0000   15.0000 2768.2698   14.7025
    7.5000  -30.0000   15.0000 2739.9673   14.9602
   -7.5000  -22.5000   15.0000 2840.9668   14.3086
    0.0000  -22.5000   15.0000 2864.6208   13.9666
    7.5000  -22.5000   15.0000 2834.6138   14.2882
   -7.5000  -15.0000   15.0000 2901.8096   14.0257
    0.0000  -15.0000   15.0000 2922.3923   13.7892
    7.5000  -15.0000   15.0000 2892.6113   14.0526
   -7.5000   -7.5000   15.0000 2904.5596   14.1629
    0.0000   -7.5000   15.0000 2936.3965   13.9553
    7.5000   -7.5000   15.0000 2896.2578   14.1598
   -7.5000    0.0000   15.0000 2852.8948   14.5807
    0.0000    0.0000   15.0000 2881.7861   14.3873
    7.5000    0.0000   15.0000 2842.0220   14.5601
   -7.5000    7.5000   15.0000 2765.2783   15.3479
    0.0000    7.5000   15.0000 2789.8118   15.1707
    7.5000    7.5000   15.0000 2754.1902   15.2925
   -7.5000   15.0000   15.0000 2653.9993   16.4082
    0.0000   15.0000   15.0000 2674.7090   16.2320
    7.5000   15.0000   15.0000 2643.0530   16.4029
   -7.5000   22.5000   15.0000 2520.5632   17.8304
    0.0000   22.5000   15.0000 2541.9683   17.6510
    7.5000   22.5000   15.0000 2518.7163   17.8827
   -7.5000   30.0000   15.0000 2369.0618   19.6617
    0.0000   30.0000   15.0000 2388.0010   19.4714
    7.5000   30.0000   15.0000 2366.8975   19.7566
   -7.5000   37.5000   15.0000 2186.1282   21.9225
    0.0000   37.5000   15.0000 2201.6562   21.6671
    7.5000   37.5000   15.0000 2182.4302   21.9530
   -7.5000   45.0000   15.0000 1985.1584   24.4420
    0.0000   45.0000   15.0000 1998.9797   24.1958
    7.5000   45.0000   15.0000 1980.2726   24.4842
   -7.5000  -45.0000   22.5000 2470.0601   18.4114
    0.0000  -45.0000   22.5000 2497.8276   18.1632
    7.5000  -45.0000   22.5000 2466.5281   18.3603
   -7.5000  -37.5000   22.5000 2597.5330   16.8731
    0.0000  -37.5000   22.5000 2625.9910   16.6366
    7.5000  -37.5000   22.5000 2590.3796   16.7805
   -7.5000  -30.0000   22.5000 2705.1738   15.7183
    0.0000  -30.0000   22.5000 2734.4922   15.4362
    7.5000  -30.0000   22.5000 2702.7761   15.6064
   -7.5000  -22.5000   22.5000 2784.9612   14.9962
    0.0000  -22.5000   22.5000 2817.5100   14.7529
    7.5000  -22.5000   22.5000 2785.1462   14.9564
   -7.5000  -15.0000   22.5000 2831.7466   14.7317
    0.0000  -15.0000   22.5000 2858.1929   14.5539
    7.5000  -15.0000   22.5000 2824.3608   14.7484
   -7.5000   -7.5000   22.5000 2826.4197   14.8314
    0.0000   -7.5000   22.5000 2855.6021   14.6610
    7.5000   -7.5000   22.5000 2820.7034   14.8324
   -7.5000    0.0000   22.5000 2770.1035   15.2406
    0.0000    0.0000   22.5000 2797.3889   15.0463
    7.5000    0.0000   22.5000 2764.0715   15.2279
   -7.5000    7.5000   22.5000 2684.4246   15.9771
    0.0000    7.5000   22.5000 2706.9829   15.7490
    7.5000    7.5000   22.5000 2680.1997   15.8926
   -7.5000   15.0000   22.5000 2583.0762   17.0396
    0.0000   15.0000   22.5000 2608.1013   16.8720
    7.5000   15.0000   22.5000 2581.7441   17.0199
   -7.5000   22.5000   22.5000 2453.9097   18.4725
    0.0000   22.5000   22.5000 2475.0532   18.3256
    7.5000   22.5000   22.5000 2454.9668   18.4628
   -7.5000   30.0000   22.5000 2313.1838   20.2119
    0.0000   30.0000   22.5000 2330.8188   20.0511
    7.5000   30.0000   22.5000 2312.1426   20.2705
   -7.5000   37.5000   22.5000 2149.9561   22.3738
    0.0000   37.5000   22.5000 2167.9155   22.1755
    7.5000   37.5000   22.5000 2141.1494   22.4380
   -7.5000   45.0000   22.5000 1950.6790   24.9355
    0.0000   45.0000   22.5000 1968.3578   24.7026
    7.5000   45.0000   22.5000 1948.8425   25.0220
   -7.5000  -45.0000   30.0000 2429.4453   19.2282
    0.0000  -45.0000   30.0000 2454.7424   19.0128
    7.5000  -45.0000   30.0000 2426.2883   19.2076
   -7.5000  -37.5000   30.0000 2548.3291   17.6950
    0.0000  -37.5000   30.0000 2577.5894   17.4729
    7.5000  -37.5000   30.0000 2548.3459   17.6325
   -7.5000  -30.0000   30.0000 2646.7588   16.5261
    0.0000  -30.0000   30.0000 2679.7739   16.3139
    7.5000  -30.0000   30.0000 2649.6858   16.4902
   -7.5000  -22.5000   30.0000 2715.9436   15.8568
    0.0000  -22.5000   30.0000 2744.7786   15.6909
    7.5000  -22.5000   30.0000 2715.1462   15.8545
   -7.5000  -15.0000   30.0000 2747.9150   15.6367
    0.0000  -15.0000   30.0000 2770.6997   15.5009
    7.5000  -15.0000   30.0000 2739.0049   15.6661
   -7.5000   -7.5000   30.0000 2732.2151   15.7075
    0.0000   -7.5000   30.0000 2760.0693   15.5570
    7.5000   -7.5000   30.0000 2730.5754   15.7170
   -7.5000    0.0000   30.0000 2680.9492   16.0896
    0.0000    0.0000   30.0000 2703.0806   15.9027
    7.5000    0.0000   30.0000 2675.6990   16.1140
   -7.5000    7.5000   30.0000 2599.7554   16.7862
    0.0000    7.5000   30.0000 2621.3406   16.5990
    7.5000    7.5000   30.0000 2597.6548   16.7997
   -7.5000   15.0000   30.0000 2501.9434   17.8539
    0.0000   15.0000   30.0000 2521.5591   17.6707
    7.5000   15.0000   30.0000 2499.7007   17.9021
   -7.5000   22.5000   30.0000 2382.0635   19.2909
    0.0000   22.5000   30.0000 2401.6797   19.1197
    7.5000   22.5000   30.0000 2378.8376   19.3555
   -7.5000   30.0000   30.0000 2247.4949   21.0844
    0.0000   30.0000   30.0000 2266.8264   20.9157
    7.5000   30.0000   30.0000 2245.1497   21.1117
   -7.5000   37.5000   30.0000 2097.4463   23.2311
    0.0000   37.5000   30.0000 2108.7817   23.0367
    7.5000   37.5000   30.0000 2087.0305   23.2891
   -7.5000   45.0000   30.0000 1904.4707   25.8293
    0.0000   45.0000   30.0000 1913.3447   25.5706
    7.5000   45.0000   30.0000 1899.0006   25.8972
   -7.5000  -45.0000   37.5000 2379.5303   20.3271
    0.0000  -45.0000   37.5000 2403.7192   20.1191
    7.5000  -45.0000   37.5000 2377.0073   20.2995
   -7.5000  -37.5000   37.5000 2493.8469   18.7705
    0.0000  -37.5000   37.5000 2517.9075   18.5865
    7.5000  -37.5000   37.5000 2491.6047   18.7308
   -7.5000  -30.0000   37.5000 2580.7119   17.6459
    0.0000  -30.0000   37.5000 2609.1028   17.4685
    7.5000  -30.0000   37.5000 2581.1687   17.6106
   -7.5000  -22.5000   37.5000 2638.3740   16.9869
    0.0000  -22.5000   37.5000 2665.0437   16.8366
    7.5000  -22.5000   37.5000 2639.0828   16.9674
   -7.5000  -15.0000   37.5000 2652.9666   16.8040
    0.0000  -15.0000   37.5000 2671.6377   16.6420
    7.5000  -15.0000   37.5000 2645.2715   16.8022
   -7.5000   -7.5000   37.5000 2628.3281   16.8413
    0.0000   -7.5000   37.5000 2649.0000   16.6895
    7.5000   -7.5000   37.5000 2628.7417   16.8459
   -7.5000    0.0000   37.5000 2585.9106   17.1728
    0.0000    0.0000   37.5000 2611.1377   16.9890
    7.5000    0.0000   37.5000 2586.3696   17.1620
   -7.5000    7.5000   37.5000 2511.0352   17.9069
    0.0000    7.5000   37.5000 2529.2151   17.7100
    7.5000    7.5000   37.5000 2506.4326   17.8774
   -7.5000   15.0000   37.5000 2419.2493   18.9494
    0.0000   15.0000   37.5000 2430.2976   18.7682
    7.5000   15.0000   37.5000 2411.8708   18.9605
   -7.5000   22.5000   37.5000 2305.2920   20.3641
    0.0000   22.5000   37.5000 2321.4937   20.1731
    7.5000   22.5000   37.5000 2302.8228   20.4239
   -7.5000   30.0000   37.5000 2176.8867   22.2866
    0.0000   30.0000   37.5000 2188.6587   22.0857
    7.5000   30.0000   37.5000 2176.3013   22.3205
   -7.5000   37.5000   37.5000 2020.7129   24.5186
    0.0000   37.5000   37.5000 2032.2173   24.3079
    7.5000   37.5000   37.5000 2020.6991   24.6084
   -7.5000   45.0000   37.5000 1841.0760   27.1155
    0.0000   45.0000   37.5000 1852.3956   26.8735
    7.5000   45.0000   37.5000 1839.3285   27.2268

---------------------------------------------------------------------
imgreg_4dfp /opt/freesurfer/average/711-2C_as_mni_average_305 /opt/freesurfer/average/711-2B_as_mni_average_305_mask talsrcimg_g11 none talsrcimg_to_711-2C_as_mni_average_305_t4 1283
---------------------------------------------------------------------

freesurfer imgreg_4dfp.c
/opt/freesurfer/average/711-2C_as_mni_average_305.4dfp.img
       256       256       256         1
  1.000000  1.000000  1.000000
orientation T byte_order littleendian
Reading image: /opt/freesurfer/average/711-2C_as_mni_average_305.4dfp.img
dimensions:      256       256       256
mmppix:       1.0000   -1.0000   -1.0000
center:     128.0000 -129.0000 -129.0000
/opt/freesurfer/average/711-2B_as_mni_average_305_mask.4dfp.img
       256       256       256         1
  1.000000  1.000000  1.000000
orientation T byte_order littleendian
Reading mask: /opt/freesurfer/average/711-2B_as_mni_average_305_mask.4dfp.img (2306576 pixels)
talsrcimg_g11.4dfp.img
       256       256       256         1
  0.900000  0.900000  0.900000
orientation T byte_order littleendian
Reading image: talsrcimg_g11.4dfp.img
dimensions:      256       256       256
mmppix:       0.9000   -0.9000   -0.9000
center:     115.2000 -116.1000 -116.1000
rotation matrix determinant  1.000000
fimgreg.f
image alignment mode   1283 decimal      503 hex
parameters
    0.0000   -7.5000    7.5000    0.0000    0.0000    0.0000
eta,q 0.93559 13.17444
niter,ni,del,rscale     5    3   12.0000    1.2000
parameters
    0.4373   -7.4265    5.1381    0.7117    0.1251    1.3474
eta,q 0.93292 12.97564
  0.0673  0.0772  0.0644  0.0754  0.0699  0.0717
  0.0659  0.0721  0.0668  0.0726  0.0677  0.0705
  0.0641  0.0668  0.0672  0.0688  0.0672  0.0690
  0.0650  0.0652  0.0652  0.0673  0.0675  0.0676
  0.0648  0.0667  0.0645  0.0684  0.0673  0.0670
  0.0635  0.0712  0.0685  0.0702  0.0676  0.0679
  0.0674  0.0770  0.0755  0.0725  0.0696  0.0697
niter,ni,del,rscale     4    3   12.0000    1.2000
parameter  3 -0.394173 ->  0.500000 qaram    1.1500
parameters
    0.2975   -7.7872    1.6881    1.4406   -1.1418    0.8580
eta,q 0.93535 12.91085
  0.0689  0.0774  0.0620  0.0735  0.0667  0.0672
  0.0682  0.0708  0.0640  0.0699  0.0653  0.0657
  0.0659  0.0670  0.0659  0.0660  0.0646  0.0650
  0.0671  0.0670  0.0668  0.0647  0.0647  0.0645
  0.0662  0.0695  0.0648  0.0652  0.0660  0.0647
  0.0655  0.0737  0.0639  0.0669  0.0672  0.0663
  0.0712  0.0788  0.0666  0.0703  0.0689  0.0687
niter,ni,del,rscale     4    3   12.0000    1.2000
parameter  3  3.388288 ->  0.500000 qaram    1.3225
parameters
    0.2425   -8.4208   -2.2794    0.0887   -0.8691    0.7826
eta,q 0.93719 12.97795
  0.0685  0.0723  0.0654  0.0670  0.0669  0.0670
  0.0673  0.0668  0.0644  0.0646  0.0648  0.0652
  0.0659  0.0649  0.0627  0.0627  0.0635  0.0637
  0.0646  0.0647  0.0647  0.0638  0.0629  0.0628
  0.0649  0.0666  0.0667  0.0661  0.0629  0.0631
  0.0664  0.0703  0.0657  0.0684  0.0643  0.0651
  0.0698  0.0755  0.0641  0.0696  0.0664  0.0675
niter,ni,del,rscale     4    3   12.0000    1.2000
parameters
   -0.7054   -7.6985   -0.7699    0.1603   -1.8298    1.0609
eta,q 0.93789 12.97706
  0.0654  0.0720  0.0742  0.0702  0.0651  0.0661
  0.0643  0.0705  0.0642  0.0671  0.0628  0.0646
  0.0639  0.0666  0.0652  0.0631  0.0620  0.0633
  0.0628  0.0634  0.0629  0.0624  0.0625  0.0622
  0.0629  0.0625  0.0636  0.0642  0.0633  0.0619
  0.0656  0.0649  0.0656  0.0668  0.0648  0.0635
  0.0692  0.0711  0.0659  0.0695  0.0670  0.0662
niter,ni,del,rscale     3    3   12.0000    1.2000
parameters
   -0.1092   -8.0534   -0.4635    0.2949   -1.8191    0.9839
eta,q 0.93789 12.96638
  0.0685  0.0712  0.0672  0.0699  0.0662  0.0658
  0.0645  0.0675  0.0642  0.0672  0.0636  0.0642
  0.0630  0.0635  0.0641  0.0632  0.0622  0.0630
  0.0621  0.0618  0.0618  0.0620  0.0621  0.0621
  0.0614  0.0640  0.0649  0.0635  0.0625  0.0621
  0.0632  0.0684  0.0669  0.0662  0.0639  0.0641
  0.0664  0.0743  0.0645  0.0694  0.0658  0.0665
niter,ni,del,rscale     2    3   12.0000    1.2000
parameters
   -0.0596   -8.2332   -0.1756    0.4468   -1.9196    0.9401
eta,q 0.93759 12.95201
  0.0670  0.0717  0.0663  0.0699  0.0662  0.0661
  0.0640  0.0677  0.0651  0.0673  0.0637  0.0645
  0.0627  0.0638  0.0640  0.0636  0.0624  0.0632
  0.0621  0.0621  0.0621  0.0624  0.0624  0.0624
  0.0618  0.0639  0.0653  0.0636  0.0629  0.0624
  0.0641  0.0680  0.0668  0.0661  0.0643  0.0643
  0.0669  0.0733  0.0643  0.0696  0.0661  0.0667
niter,ni,del,rscale     1    3   12.0000    1.2000
parameters
   -0.0261   -8.3495   -0.6641    0.2929   -1.8458    0.9185
eta,q 0.93790 12.96662
  0.0670  0.0720  0.0654  0.0691  0.0663  0.0660
  0.0642  0.0678  0.0650  0.0665  0.0638  0.0644
  0.0629  0.0639  0.0639  0.0629  0.0623  0.0630
  0.0624  0.0624  0.0624  0.0622  0.0621  0.0621
  0.0622  0.0641  0.0655  0.0638  0.0624  0.0621
  0.0643  0.0681  0.0667  0.0667  0.0639  0.0642
  0.0670  0.0729  0.0641  0.0699  0.0659  0.0665
registration optimization eta report
parameter search radius
    6.0000    6.0000    7.9350    6.0000    6.0000    6.0000
100000*second partial in parameter space
       13.       27.        2.       20.       11.       12.
  0.0670  0.0720  0.0654  0.0691  0.0663  0.0660
  0.0642  0.0678  0.0650  0.0665  0.0638  0.0644
  0.0629  0.0639  0.0639  0.0629  0.0623  0.0630
  0.0624  0.0624  0.0624  0.0622  0.0621  0.0621
  0.0622  0.0641  0.0655  0.0638  0.0624  0.0621
  0.0643  0.0681  0.0667  0.0667  0.0639  0.0642
  0.0670  0.0729  0.0641  0.0699  0.0659  0.0665
   -0.0261   -8.3495   -0.6641    0.2929   -1.8458    0.9185
eta,q 0.93790 12.96662

---------------------------------------------------------------------
imgreg_4dfp /opt/freesurfer/average/711-2C_as_mni_average_305 /opt/freesurfer/average/711-2B_as_mni_average_305_mask talsrcimg_g11 none talsrcimg_to_711-2C_as_mni_average_305_t4 3335
---------------------------------------------------------------------

freesurfer imgreg_4dfp.c
/opt/freesurfer/average/711-2C_as_mni_average_305.4dfp.img
       256       256       256         1
  1.000000  1.000000  1.000000
orientation T byte_order littleendian
Reading image: /opt/freesurfer/average/711-2C_as_mni_average_305.4dfp.img
dimensions:      256       256       256
mmppix:       1.0000   -1.0000   -1.0000
center:     128.0000 -129.0000 -129.0000
/opt/freesurfer/average/711-2B_as_mni_average_305_mask.4dfp.img
       256       256       256         1
  1.000000  1.000000  1.000000
orientation T byte_order littleendian
Reading mask: /opt/freesurfer/average/711-2B_as_mni_average_305_mask.4dfp.img (2306576 pixels)
talsrcimg_g11.4dfp.img
       256       256       256         1
  0.900000  0.900000  0.900000
orientation T byte_order littleendian
Reading image: talsrcimg_g11.4dfp.img
dimensions:      256       256       256
mmppix:       0.9000   -0.9000   -0.9000
center:     115.2000 -116.1000 -116.1000
fimgreg.f
image alignment mode   3335 decimal      D07 hex
parameters
   -0.0261   -8.3495   -0.6641   -0.0647   -0.0139   -0.0532
   -1.5865    3.2287    1.6021   -0.4595   -3.2209    0.5109
eta,q 0.93881 12.90435
niter,ni,del,rscale     5    3    5.0000    1.2000
parameter  4  4.098084 ->  0.500000 qaram    1.1500
parameter  5  3.604722 ->  0.500000 qaram    1.1500
parameter  6 29.273060 ->  0.500000 qaram    1.1500
parameter  8  0.561801 ->  0.500000 qaram    1.1500
parameter  9  0.583682 ->  0.500000 qaram    1.1500
parameter 12  0.842602 ->  0.500000 qaram    1.1500
parameters
   -0.4725   -8.3853   -1.4757   -4.2047   -4.1539   -4.1932
   -2.7202   -0.9113   -2.5379   -3.8947   -4.9668   -3.6291
eta,q 0.95789 12.30731
  0.0621  0.0625  0.0615  0.0525  0.0481  0.0393  0.0453  0.0446  0.0438  0.0437  0.0436  0.0420
  0.0617  0.0617  0.0612  0.0550  0.0508  0.0435  0.0449  0.0439  0.0436  0.0429  0.0430  0.0421
  0.0613  0.0613  0.0611  0.0580  0.0534  0.0473  0.0447  0.0442  0.0436  0.0429  0.0427  0.0423
  0.0612  0.0612  0.0612  0.0611  0.0558  0.0515  0.0447  0.0447  0.0439  0.0436  0.0428  0.0426
  0.0615  0.0614  0.0615  0.0643  0.0585  0.0561  0.0449  0.0451  0.0445  0.0446  0.0433  0.0433
  0.0623  0.0618  0.0619  0.0683  0.0621  0.0597  0.0453  0.0457  0.0453  0.0460  0.0441  0.0441
  0.0636  0.0625  0.0622  0.0720  0.0659  0.0644  0.0459  0.0465  0.0464  0.0481  0.0450  0.0451
niter,ni,del,rscale     7    3    5.0000    1.2000
parameter  3 -0.655396 -> -0.500000 qaram    1.1500
parameter  4  1.217727 ->  0.500000 qaram    1.3225
parameter  5  2.930556 ->  0.500000 qaram    1.3225
parameter  6  0.921189 ->  0.500000 qaram    1.3225
parameter  8 -0.886987 -> -0.500000 qaram    1.3225
parameters
    0.0219   -8.2127   -0.0957   -8.9657   -8.9149   -8.9542
   -0.4794    3.8497    1.0485   -2.4121   -2.7854   -2.7974
eta,q 0.97515 12.14027
  0.0452  0.0439  0.0457  0.0359  0.0304  0.0294  0.0333  0.0389  0.0305  0.0299  0.0288  0.0272
  0.0437  0.0431  0.0442  0.0369  0.0325  0.0297  0.0318  0.0356  0.0285  0.0278  0.0272  0.0260
  0.0427  0.0424  0.0430  0.0384  0.0348  0.0305  0.0306  0.0326  0.0269  0.0262  0.0259  0.0252
  0.0421  0.0421  0.0420  0.0412  0.0372  0.0331  0.0298  0.0296  0.0258  0.0253  0.0251  0.0249
  0.0421  0.0421  0.0414  0.0448  0.0400  0.0377  0.0296  0.0268  0.0253  0.0251  0.0249  0.0249
  0.0425  0.0426  0.0412  0.0489  0.0432  0.0432  0.0300  0.0257  0.0254  0.0258  0.0252  0.0254
  0.0434  0.0436  0.0416  0.0539  0.0469  0.0477  0.0307  0.0273  0.0262  0.0273  0.0261  0.0264
niter,ni,del,rscale     7    3    5.0000    1.2000
parameter  5  0.609022 ->  0.500000 qaram    1.5209
parameters
   -0.4634   -8.6722    0.0483  -12.2993  -14.3900   -9.9769
   -0.4088    3.3886    1.2810   -3.7839   -2.9358   -4.3167
eta,q 0.97689 11.89398
  0.0273  0.0260  0.0277  0.0271  0.0237  0.0275  0.0255  0.0298  0.0255  0.0249  0.0239  0.0240
  0.0256  0.0250  0.0259  0.0256  0.0227  0.0258  0.0244  0.0260  0.0244  0.0238  0.0234  0.0235
  0.0247  0.0246  0.0249  0.0244  0.0229  0.0244  0.0236  0.0238  0.0236  0.0232  0.0232  0.0231
  0.0248  0.0247  0.0246  0.0246  0.0244  0.0226  0.0233  0.0233  0.0233  0.0233  0.0232  0.0231
  0.0259  0.0252  0.0249  0.0276  0.0265  0.0219  0.0235  0.0241  0.0234  0.0240  0.0232  0.0235
  0.0278  0.0261  0.0257  0.0324  0.0294  0.0262  0.0242  0.0271  0.0242  0.0252  0.0235  0.0242
  0.0305  0.0275  0.0269  0.0377  0.0328  0.0335  0.0255  0.0313  0.0254  0.0267  0.0239  0.0251
niter,ni,del,rscale     7    3    5.0000    1.2000
parameters
   -0.4320   -8.5334    0.1781  -12.2294  -14.4575   -9.8921
   -0.5251    3.3451    1.3155   -3.5875   -2.9839   -4.5536
eta,q 0.97698 11.89561
  0.0259  0.0257  0.0245  0.0275  0.0290  0.0279  0.0253  0.0302  0.0254  0.0260  0.0238  0.0244
  0.0244  0.0244  0.0237  0.0259  0.0263  0.0261  0.0241  0.0263  0.0242  0.0243  0.0233  0.0237
  0.0235  0.0235  0.0232  0.0244  0.0241  0.0246  0.0233  0.0237  0.0234  0.0234  0.0231  0.0232
  0.0231  0.0231  0.0231  0.0231  0.0231  0.0231  0.0230  0.0230  0.0230  0.0230  0.0230  0.0230
  0.0233  0.0233  0.0232  0.0227  0.0240  0.0214  0.0233  0.0237  0.0232  0.0233  0.0231  0.0232
  0.0242  0.0240  0.0235  0.0247  0.0264  0.0235  0.0241  0.0263  0.0241  0.0243  0.0234  0.0237
  0.0258  0.0252  0.0242  0.0287  0.0292  0.0304  0.0254  0.0304  0.0254  0.0256  0.0238  0.0246
niter,ni,del,rscale     6    3    5.0000    1.2000
parameters
   -0.4339   -8.5071    0.1605  -12.2296  -14.4654   -9.8873
   -0.5593    3.3519    1.3407   -3.5341   -2.9651   -4.6091
eta,q 0.97699 11.89565
  0.0257  0.0254  0.0243  0.0275  0.0290  0.0279  0.0253  0.0302  0.0254  0.0259  0.0238  0.0244
  0.0243  0.0241  0.0235  0.0258  0.0263  0.0261  0.0241  0.0264  0.0241  0.0243  0.0233  0.0237
  0.0234  0.0233  0.0231  0.0244  0.0241  0.0246  0.0233  0.0238  0.0234  0.0233  0.0231  0.0232
  0.0230  0.0230  0.0230  0.0230  0.0230  0.0230  0.0230  0.0230  0.0230  0.0230  0.0230  0.0230
  0.0233  0.0233  0.0231  0.0226  0.0239  0.0214  0.0233  0.0236  0.0232  0.0234  0.0231  0.0232
  0.0242  0.0241  0.0236  0.0247  0.0263  0.0236  0.0241  0.0262  0.0241  0.0243  0.0233  0.0237
  0.0258  0.0253  0.0243  0.0288  0.0291  0.0305  0.0254  0.0303  0.0254  0.0257  0.0238  0.0245
niter,ni,del,rscale     5    3    5.0000    1.2000
parameters
   -0.4311   -8.4997    0.1490  -12.2284  -14.4646   -9.8861
   -0.5621    3.3546    1.3447   -3.5142   -2.9446   -4.6296
eta,q 0.97699 11.89581
  0.0257  0.0254  0.0243  0.0275  0.0290  0.0279  0.0253  0.0302  0.0254  0.0259  0.0238  0.0244
  0.0243  0.0241  0.0235  0.0258  0.0263  0.0261  0.0241  0.0263  0.0241  0.0242  0.0233  0.0237
  0.0234  0.0233  0.0231  0.0244  0.0241  0.0246  0.0233  0.0238  0.0234  0.0233  0.0231  0.0232
  0.0230  0.0230  0.0230  0.0230  0.0230  0.0230  0.0230  0.0230  0.0230  0.0230  0.0230  0.0230
  0.0233  0.0233  0.0231  0.0226  0.0239  0.0214  0.0233  0.0236  0.0233  0.0234  0.0231  0.0232
  0.0242  0.0241  0.0236  0.0247  0.0263  0.0237  0.0241  0.0262  0.0241  0.0243  0.0234  0.0237
  0.0258  0.0254  0.0243  0.0288  0.0291  0.0305  0.0254  0.0303  0.0254  0.0257  0.0238  0.0245
registration optimization eta report
parameter search radius
    2.4000    2.4000    2.7600    9.5220   10.9503    9.5220
    7.2000    9.5220    8.2800    7.2000    7.2000    8.2800
100000*second partial in parameter space
       48.       41.       17.        6.        5.        7.
        4.        8.        3.        5.        2.        2.
  0.0257  0.0254  0.0243  0.0275  0.0290  0.0279  0.0253  0.0302  0.0254  0.0259  0.0238  0.0244
  0.0243  0.0241  0.0235  0.0258  0.0263  0.0261  0.0241  0.0263  0.0241  0.0242  0.0233  0.0237
  0.0234  0.0233  0.0231  0.0244  0.0241  0.0246  0.0233  0.0238  0.0234  0.0233  0.0231  0.0232
  0.0230  0.0230  0.0230  0.0230  0.0230  0.0230  0.0230  0.0230  0.0230  0.0230  0.0230  0.0230
  0.0233  0.0233  0.0231  0.0226  0.0239  0.0214  0.0233  0.0236  0.0233  0.0234  0.0231  0.0232
  0.0242  0.0241  0.0236  0.0247  0.0263  0.0237  0.0241  0.0262  0.0241  0.0243  0.0234  0.0237
  0.0258  0.0254  0.0243  0.0288  0.0291  0.0305  0.0254  0.0303  0.0254  0.0257  0.0238  0.0245
   -0.4311   -8.4997    0.1490  -12.2284  -14.4646   -9.8861
   -0.5621    3.3546    1.3447   -3.5142   -2.9446   -4.6296
eta,q 0.97699 11.89581

---------------------------------------------------------------------
imgreg_4dfp /opt/freesurfer/average/711-2C_as_mni_average_305 /opt/freesurfer/average/711-2B_as_mni_average_305_mask talsrcimg_g11 none talsrcimg_to_711-2C_as_mni_average_305_t4 2311
---------------------------------------------------------------------

freesurfer imgreg_4dfp.c
/opt/freesurfer/average/711-2C_as_mni_average_305.4dfp.img
       256       256       256         1
  1.000000  1.000000  1.000000
orientation T byte_order littleendian
Reading image: /opt/freesurfer/average/711-2C_as_mni_average_305.4dfp.img
dimensions:      256       256       256
mmppix:       1.0000   -1.0000   -1.0000
center:     128.0000 -129.0000 -129.0000
/opt/freesurfer/average/711-2B_as_mni_average_305_mask.4dfp.img
       256       256       256         1
  1.000000  1.000000  1.000000
orientation T byte_order littleendian
Reading mask: /opt/freesurfer/average/711-2B_as_mni_average_305_mask.4dfp.img (2306576 pixels)
talsrcimg_g11.4dfp.img
       256       256       256         1
  0.900000  0.900000  0.900000
orientation T byte_order littleendian
Reading image: talsrcimg_g11.4dfp.img
dimensions:      256       256       256
mmppix:       0.9000   -0.9000   -0.9000
center:     115.2000 -116.1000 -116.1000
fimgreg.f
image alignment mode   2311 decimal      907 hex
parameters
   -0.4311   -8.4997    0.1490  -12.2284  -14.4646   -9.8861
   -0.5621    3.3546    1.3447   -3.5142   -2.9446   -4.6296
eta,q 0.97699 11.89581
niter,ni,del,rscale     5    3    5.0000    0.8000
parameter  6 -0.799398 -> -0.500000 qaram    1.1500
parameters
   -0.4031   -8.5063    0.1314  -10.2477  -14.5841   -7.1261
   -0.4596    3.5773    1.6297   -3.3784   -2.8252   -4.8980
eta,q 0.97871 11.99744
  0.0243  0.0241  0.0234  0.0251  0.0241  0.0250  0.0227  0.0253  0.0223  0.0231  0.0225  0.0219
  0.0236  0.0235  0.0232  0.0244  0.0233  0.0242  0.0220  0.0234  0.0218  0.0221  0.0218  0.0216
  0.0232  0.0231  0.0230  0.0237  0.0227  0.0234  0.0215  0.0219  0.0215  0.0215  0.0214  0.0213
  0.0230  0.0230  0.0230  0.0230  0.0225  0.0225  0.0213  0.0213  0.0213  0.0213  0.0213  0.0213
  0.0231  0.0231  0.0231  0.0226  0.0227  0.0216  0.0214  0.0216  0.0214  0.0215  0.0214  0.0214
  0.0235  0.0235  0.0232  0.0226  0.0233  0.0213  0.0219  0.0229  0.0216  0.0220  0.0218  0.0217
  0.0242  0.0241  0.0234  0.0234  0.0243  0.0221  0.0226  0.0247  0.0221  0.0229  0.0224  0.0221
niter,ni,del,rscale     5    3    5.0000    0.8000
parameters
   -0.5576   -8.5885    0.5365  -11.1212  -14.8451   -7.8221
   -0.4215    3.3627    1.5954   -3.6560   -3.0977   -4.3716
eta,q 0.97856 11.96954
  0.0228  0.0224  0.0229  0.0228  0.0228  0.0242  0.0226  0.0242  0.0223  0.0228  0.0222  0.0222
  0.0219  0.0217  0.0221  0.0220  0.0219  0.0233  0.0220  0.0226  0.0219  0.0220  0.0218  0.0218
  0.0214  0.0214  0.0216  0.0214  0.0214  0.0221  0.0216  0.0217  0.0216  0.0216  0.0215  0.0216
  0.0213  0.0213  0.0213  0.0212  0.0212  0.0212  0.0215  0.0215  0.0215  0.0215  0.0215  0.0215
  0.0216  0.0215  0.0212  0.0218  0.0215  0.0214  0.0216  0.0219  0.0216  0.0217  0.0216  0.0215
  0.0224  0.0219  0.0214  0.0231  0.0221  0.0237  0.0220  0.0230  0.0219  0.0223  0.0219  0.0216
  0.0235  0.0226  0.0218  0.0250  0.0232  0.0281  0.0226  0.0247  0.0224  0.0231  0.0224  0.0219
niter,ni,del,rscale     4    3    5.0000    0.7000
parameters
   -0.5374   -8.6234    0.4007  -10.9066  -14.6976   -7.7157
   -0.4260    3.4547    1.6595   -3.6958   -3.1261   -4.3851
eta,q 0.97865 11.98032
  0.0227  0.0223  0.0220  0.0232  0.0228  0.0241  0.0223  0.0240  0.0221  0.0225  0.0221  0.0218
  0.0220  0.0218  0.0217  0.0225  0.0221  0.0233  0.0218  0.0226  0.0217  0.0219  0.0216  0.0216
  0.0216  0.0215  0.0215  0.0219  0.0216  0.0223  0.0215  0.0217  0.0215  0.0215  0.0214  0.0214
  0.0214  0.0214  0.0214  0.0214  0.0214  0.0214  0.0214  0.0214  0.0214  0.0214  0.0213  0.0214
  0.0216  0.0216  0.0216  0.0214  0.0215  0.0212  0.0214  0.0216  0.0214  0.0215  0.0215  0.0214
  0.0220  0.0219  0.0218  0.0220  0.0219  0.0221  0.0218  0.0225  0.0216  0.0219  0.0217  0.0216
  0.0227  0.0224  0.0223  0.0232  0.0227  0.0249  0.0223  0.0238  0.0220  0.0225  0.0221  0.0218
niter,ni,del,rscale     3    3    5.0000    0.6000
parameters
   -0.5395   -8.6277    0.4175  -10.8159  -14.6876   -7.3849
   -0.4133    3.4860    1.6980   -3.7159   -3.1397   -4.4826
eta,q 0.97877 11.98607
  0.0223  0.0220  0.0219  0.0228  0.0223  0.0237  0.0219  0.0233  0.0218  0.0221  0.0218  0.0216
  0.0218  0.0216  0.0216  0.0222  0.0218  0.0230  0.0215  0.0222  0.0215  0.0216  0.0215  0.0214
  0.0215  0.0214  0.0214  0.0217  0.0215  0.0221  0.0213  0.0215  0.0213  0.0213  0.0213  0.0213
  0.0213  0.0214  0.0213  0.0213  0.0213  0.0213  0.0212  0.0212  0.0212  0.0212  0.0212  0.0212
  0.0215  0.0214  0.0214  0.0214  0.0214  0.0211  0.0213  0.0215  0.0213  0.0213  0.0213  0.0213
  0.0218  0.0217  0.0216  0.0219  0.0218  0.0217  0.0215  0.0222  0.0214  0.0216  0.0215  0.0214
  0.0223  0.0220  0.0219  0.0228  0.0224  0.0237  0.0219  0.0232  0.0218  0.0221  0.0218  0.0216
niter,ni,del,rscale     2    3    5.0000    0.5000
parameters
   -0.5501   -8.6412    0.4907  -10.8055  -14.7195   -7.0795
   -0.4017    3.4776    1.7211   -3.7441   -3.1294   -4.5607
eta,q 0.97885 11.98808
  0.0219  0.0217  0.0217  0.0223  0.0219  0.0232  0.0216  0.0226  0.0215  0.0218  0.0216  0.0214
  0.0215  0.0214  0.0214  0.0218  0.0215  0.0225  0.0214  0.0218  0.0213  0.0214  0.0213  0.0213
  0.0213  0.0213  0.0213  0.0214  0.0213  0.0218  0.0212  0.0213  0.0212  0.0212  0.0212  0.0212
  0.0212  0.0212  0.0212  0.0212  0.0212  0.0212  0.0212  0.0212  0.0212  0.0212  0.0212  0.0211
  0.0213  0.0213  0.0213  0.0213  0.0213  0.0211  0.0212  0.0213  0.0212  0.0212  0.0212  0.0212
  0.0216  0.0214  0.0214  0.0217  0.0215  0.0216  0.0214  0.0218  0.0213  0.0215  0.0213  0.0213
  0.0220  0.0217  0.0216  0.0224  0.0220  0.0230  0.0216  0.0226  0.0215  0.0218  0.0216  0.0214
niter,ni,del,rscale     1    3    5.0000    0.4000
parameters
   -0.5609   -8.6619    0.5662  -10.7921  -14.7490   -6.8321
   -0.3830    3.4699    1.7536   -3.7925   -3.1162   -4.6317
eta,q 0.97889 11.98870
  0.0216  0.0214  0.0215  0.0219  0.0216  0.0226  0.0214  0.0221  0.0214  0.0215  0.0214  0.0213
  0.0213  0.0213  0.0213  0.0215  0.0214  0.0220  0.0212  0.0215  0.0212  0.0213  0.0212  0.0212
  0.0212  0.0212  0.0212  0.0213  0.0212  0.0215  0.0211  0.0212  0.0211  0.0212  0.0211  0.0211
  0.0212  0.0212  0.0212  0.0211  0.0211  0.0211  0.0211  0.0211  0.0211  0.0211  0.0211  0.0211
  0.0212  0.0212  0.0212  0.0212  0.0212  0.0211  0.0211  0.0212  0.0211  0.0212  0.0211  0.0211
  0.0214  0.0213  0.0212  0.0214  0.0214  0.0215  0.0212  0.0216  0.0212  0.0213  0.0212  0.0212
  0.0216  0.0215  0.0214  0.0219  0.0216  0.0224  0.0214  0.0221  0.0213  0.0216  0.0214  0.0213
registration optimization eta report
parameter search radius
    0.8000    0.8000    0.8000    2.4000    2.4000    2.7600
    2.4000    2.4000    2.4000    2.4000    2.4000    2.4000
100000*second partial in parameter space
       73.       47.       42.       13.        8.       17.
        5.       17.        4.        8.        5.        3.
  0.0216  0.0214  0.0215  0.0219  0.0216  0.0226  0.0214  0.0221  0.0214  0.0215  0.0214  0.0213
  0.0213  0.0213  0.0213  0.0215  0.0214  0.0220  0.0212  0.0215  0.0212  0.0213  0.0212  0.0212
  0.0212  0.0212  0.0212  0.0213  0.0212  0.0215  0.0211  0.0212  0.0211  0.0212  0.0211  0.0211
  0.0212  0.0212  0.0212  0.0211  0.0211  0.0211  0.0211  0.0211  0.0211  0.0211  0.0211  0.0211
  0.0212  0.0212  0.0212  0.0212  0.0212  0.0211  0.0211  0.0212  0.0211  0.0212  0.0211  0.0211
  0.0214  0.0213  0.0212  0.0214  0.0214  0.0215  0.0212  0.0216  0.0212  0.0213  0.0212  0.0212
  0.0216  0.0215  0.0214  0.0219  0.0216  0.0224  0.0214  0.0221  0.0213  0.0216  0.0214  0.0213
   -0.5609   -8.6619    0.5662  -10.7921  -14.7490   -6.8321
   -0.3830    3.4699    1.7536   -3.7925   -3.1162   -4.6317
eta,q 0.97889 11.98870

---------------------------------------------------------------------
imgreg_4dfp /opt/freesurfer/average/711-2C_as_mni_average_305 /opt/freesurfer/average/711-2B_as_mni_average_305_mask talsrcimg_g11 none talsrcimg_to_711-2C_as_mni_average_305_t4 2311
---------------------------------------------------------------------

freesurfer imgreg_4dfp.c
/opt/freesurfer/average/711-2C_as_mni_average_305.4dfp.img
       256       256       256         1
  1.000000  1.000000  1.000000
orientation T byte_order littleendian
Reading image: /opt/freesurfer/average/711-2C_as_mni_average_305.4dfp.img
dimensions:      256       256       256
mmppix:       1.0000   -1.0000   -1.0000
center:     128.0000 -129.0000 -129.0000
/opt/freesurfer/average/711-2B_as_mni_average_305_mask.4dfp.img
       256       256       256         1
  1.000000  1.000000  1.000000
orientation T byte_order littleendian
Reading mask: /opt/freesurfer/average/711-2B_as_mni_average_305_mask.4dfp.img (2306576 pixels)
talsrcimg_g11.4dfp.img
       256       256       256         1
  0.900000  0.900000  0.900000
orientation T byte_order littleendian
Reading image: talsrcimg_g11.4dfp.img
dimensions:      256       256       256
mmppix:       0.9000   -0.9000   -0.9000
center:     115.2000 -116.1000 -116.1000
fimgreg.f
image alignment mode   2311 decimal      907 hex
parameters
   -0.5609   -8.6619    0.5662  -10.7921  -14.7490   -6.8321
   -0.3830    3.4699    1.7536   -3.7925   -3.1162   -4.6317
eta,q 0.97889 11.98870
niter,ni,del,rscale     5    3    5.0000    0.8000
parameters
   -0.5733   -8.6803    0.5962  -11.3056  -14.8923   -7.4309
   -0.4422    3.4188    1.6171   -3.7489   -3.1354   -4.3531
eta,q 0.97867 11.97143
  0.0229  0.0223  0.0223  0.0230  0.0228  0.0238  0.0225  0.0244  0.0222  0.0229  0.0222  0.0220
  0.0219  0.0216  0.0217  0.0221  0.0219  0.0229  0.0218  0.0227  0.0217  0.0220  0.0217  0.0217
  0.0213  0.0212  0.0213  0.0214  0.0214  0.0218  0.0215  0.0216  0.0214  0.0215  0.0214  0.0214
  0.0211  0.0211  0.0211  0.0211  0.0212  0.0212  0.0213  0.0213  0.0213  0.0213  0.0213  0.0213
  0.0213  0.0212  0.0212  0.0215  0.0213  0.0214  0.0215  0.0217  0.0214  0.0215  0.0215  0.0214
  0.0219  0.0217  0.0216  0.0226  0.0220  0.0233  0.0219  0.0228  0.0217  0.0220  0.0218  0.0216
  0.0230  0.0223  0.0222  0.0244  0.0231  0.0269  0.0225  0.0245  0.0223  0.0228  0.0222  0.0219
niter,ni,del,rscale     4    3    5.0000    0.7000
parameters
   -0.5394   -8.6574    0.4717  -11.0205  -14.7597   -7.3665
   -0.4103    3.4691    1.6617   -3.7424   -3.1161   -4.4280
eta,q 0.97876 11.98115
  0.0226  0.0222  0.0219  0.0232  0.0227  0.0237  0.0222  0.0239  0.0219  0.0225  0.0220  0.0217
  0.0219  0.0217  0.0216  0.0224  0.0220  0.0229  0.0217  0.0225  0.0216  0.0218  0.0216  0.0215
  0.0215  0.0214  0.0214  0.0218  0.0215  0.0220  0.0214  0.0216  0.0213  0.0214  0.0213  0.0213
  0.0213  0.0213  0.0213  0.0213  0.0213  0.0213  0.0212  0.0212  0.0212  0.0212  0.0212  0.0212
  0.0214  0.0214  0.0214  0.0213  0.0214  0.0212  0.0213  0.0216  0.0213  0.0214  0.0213  0.0213
  0.0218  0.0217  0.0217  0.0218  0.0218  0.0220  0.0216  0.0224  0.0215  0.0218  0.0216  0.0215
  0.0225  0.0222  0.0222  0.0230  0.0226  0.0243  0.0222  0.0238  0.0219  0.0224  0.0220  0.0218
niter,ni,del,rscale     3    3    5.0000    0.6000
parameters
   -0.5464   -8.6484    0.4867  -10.9189  -14.7440   -7.1144
   -0.4017    3.4796    1.6997   -3.7506   -3.1187   -4.5341
eta,q 0.97884 11.98548
  0.0222  0.0219  0.0218  0.0227  0.0222  0.0233  0.0219  0.0233  0.0217  0.0221  0.0218  0.0215
  0.0217  0.0215  0.0215  0.0221  0.0217  0.0226  0.0215  0.0221  0.0214  0.0216  0.0214  0.0213
  0.0214  0.0213  0.0213  0.0216  0.0214  0.0218  0.0212  0.0214  0.0212  0.0213  0.0212  0.0212
  0.0212  0.0212  0.0212  0.0212  0.0212  0.0212  0.0212  0.0212  0.0212  0.0212  0.0212  0.0212
  0.0214  0.0213  0.0213  0.0213  0.0213  0.0211  0.0212  0.0214  0.0212  0.0213  0.0212  0.0212
  0.0217  0.0215  0.0215  0.0218  0.0217  0.0217  0.0215  0.0221  0.0214  0.0216  0.0214  0.0214
  0.0222  0.0219  0.0218  0.0227  0.0223  0.0232  0.0219  0.0232  0.0217  0.0221  0.0218  0.0216
niter,ni,del,rscale     2    3    5.0000    0.5000
parameters
   -0.5555   -8.6591    0.5491  -10.8835  -14.7710   -6.8890
   -0.3873    3.4725    1.7265   -3.7796   -3.1124   -4.5897
eta,q 0.97888 11.98665
  0.0219  0.0216  0.0216  0.0222  0.0219  0.0228  0.0216  0.0226  0.0215  0.0218  0.0216  0.0214
  0.0215  0.0214  0.0214  0.0217  0.0215  0.0221  0.0213  0.0218  0.0213  0.0214  0.0213  0.0212
  0.0212  0.0212  0.0212  0.0214  0.0212  0.0215  0.0212  0.0213  0.0212  0.0212  0.0212  0.0211
  0.0212  0.0212  0.0212  0.0212  0.0212  0.0212  0.0211  0.0211  0.0211  0.0211  0.0211  0.0211
  0.0212  0.0212  0.0212  0.0212  0.0212  0.0211  0.0212  0.0213  0.0212  0.0212  0.0212  0.0212
  0.0215  0.0214  0.0213  0.0216  0.0215  0.0215  0.0213  0.0218  0.0213  0.0214  0.0213  0.0213
  0.0219  0.0216  0.0215  0.0223  0.0219  0.0226  0.0216  0.0226  0.0215  0.0218  0.0216  0.0214
niter,ni,del,rscale     1    3    5.0000    0.4000
parameters
   -0.5632   -8.6758    0.6076  -10.8545  -14.7892   -6.7075
   -0.3858    3.4661    1.7521   -3.8119   -3.1039   -4.6496
eta,q 0.97890 11.98722
  0.0216  0.0214  0.0214  0.0218  0.0216  0.0223  0.0214  0.0221  0.0213  0.0215  0.0214  0.0213
  0.0213  0.0212  0.0213  0.0215  0.0213  0.0218  0.0212  0.0215  0.0212  0.0213  0.0212  0.0212
  0.0212  0.0212  0.0212  0.0212  0.0212  0.0214  0.0211  0.0212  0.0211  0.0211  0.0211  0.0211
  0.0211  0.0211  0.0211  0.0211  0.0211  0.0211  0.0211  0.0211  0.0211  0.0211  0.0211  0.0211
  0.0212  0.0212  0.0211  0.0212  0.0212  0.0211  0.0211  0.0212  0.0211  0.0212  0.0211  0.0211
  0.0213  0.0213  0.0212  0.0214  0.0213  0.0214  0.0212  0.0216  0.0212  0.0213  0.0212  0.0212
  0.0216  0.0214  0.0214  0.0219  0.0216  0.0221  0.0214  0.0221  0.0213  0.0215  0.0214  0.0213
registration optimization eta report
parameter search radius
    0.8000    0.8000    0.8000    2.4000    2.4000    2.4000
    2.4000    2.4000    2.4000    2.4000    2.4000    2.4000
100000*second partial in parameter space
       73.       48.       44.       13.        8.       19.
        5.       18.        4.        8.        5.        3.
  0.0216  0.0214  0.0214  0.0218  0.0216  0.0223  0.0214  0.0221  0.0213  0.0215  0.0214  0.0213
  0.0213  0.0212  0.0213  0.0215  0.0213  0.0218  0.0212  0.0215  0.0212  0.0213  0.0212  0.0212
  0.0212  0.0212  0.0212  0.0212  0.0212  0.0214  0.0211  0.0212  0.0211  0.0211  0.0211  0.0211
  0.0211  0.0211  0.0211  0.0211  0.0211  0.0211  0.0211  0.0211  0.0211  0.0211  0.0211  0.0211
  0.0212  0.0212  0.0211  0.0212  0.0212  0.0211  0.0211  0.0212  0.0211  0.0212  0.0211  0.0211
  0.0213  0.0213  0.0212  0.0214  0.0213  0.0214  0.0212  0.0216  0.0212  0.0213  0.0212  0.0212
  0.0216  0.0214  0.0214  0.0219  0.0216  0.0221  0.0214  0.0221  0.0213  0.0215  0.0214  0.0213
   -0.5632   -8.6758    0.6076  -10.8545  -14.7892   -6.7075
   -0.3858    3.4661    1.7521   -3.8119   -3.1039   -4.6496
eta,q 0.97890 11.98722

---------------------------------------------------------------------
compute_vox2vox talsrcimg talsrcimg_to_711-2C_as_mni_average_305_t4 /opt/freesurfer/average/711-2C_as_mni_average_305
---------------------------------------------------------------------

freesurfer compute_vox2vox.c
Reading: talsrcimg.4dfp.ifh
Reading: talsrcimg_to_711-2C_as_mni_average_305_t4
Reading: /opt/freesurfer/average/711-2C_as_mni_average_305.4dfp.ifh
Writing: talsrcimg_to_711-2C_as_mni_average_305_t4_vox2vox.txt

start time Thu Mar 12 19:39:52 CET 2026
end		time Thu Mar 12 19:40:05 CET 2026

mpr2mni305 success

avi2talxfm orig_nu.mgz /opt/freesurfer/average/mni305.cor.mgz talsrcimg_to_711-2C_as_mni_average_305_t4_vox2vox.txt transforms/talairach.auto.xfm
avi2talxfm done
mv -f /out/sourcedata/freesurfer/sub-v2s1x29895_ses-1/mri/talsrcimg_to_711-2C_as_mni_average_305_t4_vox2vox.txt /out/sourcedata/freesurfer/sub-v2s1x29895_ses-1/mri/transforms/talsrcimg_to_711-2C_as_mni_average_305_t4_vox2vox.txt
lta_convert --src orig_nu.mgz --trg /opt/freesurfer/average/mni305.cor.mgz --inxfm transforms/talairach.auto.xfm --outlta transforms/talairach.auto.xfm.lta --subject fsaverage
7.3.2

--src: orig_nu.mgz src image (geometry).
--trg: /opt/freesurfer/average/mni305.cor.mgz trg image (geometry).
--inmni: transforms/talairach.auto.xfm input MNI/XFM transform.
--outlta: transforms/talairach.auto.xfm.lta output LTA.
--s: fsaverage subject name
 LTA read, type : 1
 1.12026  -0.04151   0.00281  -4.51918;
 0.03621   1.07295   0.05871  -42.63794;
-0.02142   0.04885   1.17613  -34.73335;
 0.00000   0.00000   0.00000   1.00000;
setting subject to fsaverage
Writing  LTA to file transforms/talairach.auto.xfm.lta...
lta_convert successful.
 
 
Started at Thu Mar 12 19:39:52 CET 2026
Ended   at Thu Mar 12 19:40:06 CET 2026
talairach_avi done
