status file for recon-all
Wed Mar 11 16:32:29 CET 2026
#@# Tessellate lh Wed Mar 11 16:32:29 CET 2026
#@# Smooth1 lh Wed Mar 11 16:32:33 CET 2026
#@# Inflation1 lh Wed Mar 11 16:32:37 CET 2026
#@# QSphere lh Wed Mar 11 16:34:00 CET 2026
#@# Fix Topology lh Wed Mar 11 16:35:38 CET 2026
#@# Smooth2 lh Wed Mar 11 16:45:59 CET 2026
#@# Inflation2 lh Wed Mar 11 16:46:02 CET 2026
#@# Curv .H and .K lh Wed Mar 11 16:46:37 CET 2026
#@# Sphere lh Wed Mar 11 16:47:39 CET 2026
#@# Surf Reg lh Wed Mar 11 16:51:50 CET 2026
#@# Jacobian white lh Wed Mar 11 16:56:53 CET 2026
#@# AvgCurv lh Wed Mar 11 16:56:54 CET 2026
#@# Cortical Parc lh Wed Mar 11 16:56:55 CET 2026
#@# white curv lh Wed Mar 11 17:04:45 CET 2026
#@# white area lh Wed Mar 11 17:04:47 CET 2026
#@# pial curv lh Wed Mar 11 17:04:48 CET 2026
#@# pial area lh Wed Mar 11 17:04:50 CET 2026
#@# thickness lh Wed Mar 11 17:04:51 CET 2026
#@# area and vertex vol lh Wed Mar 11 17:05:31 CET 2026
#@# Curvature Stats lh Wed Mar 11 17:05:32 CET 2026
#@# Cortical Parc 2 lh Wed Mar 11 17:05:35 CET 2026
#@# Cortical Parc 3 lh Wed Mar 11 17:05:52 CET 2026
#@# WM/GM Contrast lh Wed Mar 11 17:06:06 CET 2026
recon-all -s sub-v2s1x29864_ses-1 finished without error at Wed Mar 11 17:06:09 CET 2026



#New# invocation of recon-all 



status file for recon-all
Wed Mar 11 17:55:23 CET 2026
#@# white curv lh Wed Mar 11 17:55:23 CET 2026
#@# white area lh Wed Mar 11 17:55:23 CET 2026
#@# pial curv lh Wed Mar 11 17:55:23 CET 2026
#@# pial area lh Wed Mar 11 17:55:23 CET 2026
#@# thickness lh Wed Mar 11 17:55:23 CET 2026
#@# area and vertex vol lh Wed Mar 11 17:55:23 CET 2026
#@# Parcellation Stats lh Wed Mar 11 17:55:23 CET 2026
#@# Parcellation Stats 2 lh Wed Mar 11 17:55:52 CET 2026
#@# Parcellation Stats 3 lh Wed Mar 11 17:56:07 CET 2026
#@# BA_exvivo Labels lh Wed Mar 11 17:56:21 CET 2026
recon-all -s sub-v2s1x29864_ses-1 finished without error at Wed Mar 11 17:59:34 CET 2026
