status file for recon-all
Wed Mar 11 14:44:48 CET 2026
#@# MotionCor Wed Mar 11 14:44:50 CET 2026
#@# Talairach Wed Mar 11 14:44:58 CET 2026
#@# Talairach Failure Detection Wed Mar 11 14:49:22 CET 2026
#@# Nu Intensity Correction Wed Mar 11 14:49:22 CET 2026
#@# Intensity Normalization Wed Mar 11 14:52:39 CET 2026
recon-all -s sub-v2s1x29864_ses-1 finished without error at Wed Mar 11 14:54:07 CET 2026



#New# invocation of recon-all 



status file for recon-all
Wed Mar 11 15:01:34 CET 2026
#@# EM Registration Wed Mar 11 15:01:34 CET 2026
recon-all -s sub-v2s1x29864_ses-1 finished without error at Wed Mar 11 15:03:57 CET 2026



#New# invocation of recon-all 



status file for recon-all
Wed Mar 11 15:04:00 CET 2026
#@# CA Normalize Wed Mar 11 15:04:00 CET 2026
#@# CA Reg Wed Mar 11 15:05:18 CET 2026
#@# SubCort Seg Wed Mar 11 15:50:38 CET 2026
#@# CC Seg Wed Mar 11 16:26:26 CET 2026
#@# Merge ASeg Wed Mar 11 16:27:06 CET 2026
#@# Intensity Normalization2 Wed Mar 11 16:27:06 CET 2026
#@# Mask BFS Wed Mar 11 16:29:13 CET 2026
#@# WM Segmentation Wed Mar 11 16:29:14 CET 2026
#@# Fill Wed Mar 11 16:31:21 CET 2026
recon-all -s sub-v2s1x29864_ses-1 finished without error at Wed Mar 11 16:32:23 CET 2026



#New# invocation of recon-all 



status file for recon-all
Wed Mar 11 17:37:51 CET 2026
#@# white curv lh Wed Mar 11 17:37:51 CET 2026
#@# white area lh Wed Mar 11 17:37:51 CET 2026
#@# pial curv lh Wed Mar 11 17:37:51 CET 2026
#@# pial area lh Wed Mar 11 17:37:51 CET 2026
#@# thickness lh Wed Mar 11 17:37:51 CET 2026
#@# area and vertex vol lh Wed Mar 11 17:37:51 CET 2026
#@# white curv rh Wed Mar 11 17:37:51 CET 2026
#@# white area rh Wed Mar 11 17:37:51 CET 2026
#@# pial curv rh Wed Mar 11 17:37:51 CET 2026
#@# pial area rh Wed Mar 11 17:37:51 CET 2026
#@# thickness rh Wed Mar 11 17:37:51 CET 2026
#@# area and vertex vol rh Wed Mar 11 17:37:51 CET 2026
#@# Cortical ribbon mask Wed Mar 11 17:37:51 CET 2026
recon-all -s sub-v2s1x29864_ses-1 finished without error at Wed Mar 11 17:55:19 CET 2026



#New# invocation of recon-all 



status file for recon-all
Wed Mar 11 18:03:53 CET 2026
#@# white curv lh Wed Mar 11 18:03:53 CET 2026
#@# white area lh Wed Mar 11 18:03:53 CET 2026
#@# pial curv lh Wed Mar 11 18:03:53 CET 2026
#@# pial area lh Wed Mar 11 18:03:53 CET 2026
#@# thickness lh Wed Mar 11 18:03:53 CET 2026
#@# area and vertex vol lh Wed Mar 11 18:03:53 CET 2026
#@# white curv rh Wed Mar 11 18:03:53 CET 2026
#@# white area rh Wed Mar 11 18:03:53 CET 2026
#@# pial curv rh Wed Mar 11 18:03:53 CET 2026
#@# pial area rh Wed Mar 11 18:03:53 CET 2026
#@# thickness rh Wed Mar 11 18:03:53 CET 2026
#@# area and vertex vol rh Wed Mar 11 18:03:53 CET 2026
#@# Curvature Stats lh Wed Mar 11 18:03:53 CET 2026
#@# Curvature Stats rh Wed Mar 11 18:03:56 CET 2026
#@# Relabel Hypointensities Wed Mar 11 18:04:00 CET 2026
#@# APas-to-ASeg Wed Mar 11 18:04:21 CET 2026
#@# AParc-to-ASeg aparc Wed Mar 11 18:04:31 CET 2026
#@# AParc-to-ASeg aparc.a2009s Wed Mar 11 18:05:53 CET 2026
#@# AParc-to-ASeg aparc.DKTatlas Wed Mar 11 18:07:13 CET 2026
#@# WMParc Wed Mar 11 18:08:26 CET 2026
#@# ASeg Stats Wed Mar 11 18:13:02 CET 2026
recon-all -s sub-v2s1x29864_ses-1 finished without error at Wed Mar 11 18:13:42 CET 2026
