status file for recon-all
Thu Mar 12 21:34:54 CET 2026
#@# Tessellate rh Thu Mar 12 21:34:54 CET 2026
#@# Smooth1 rh Thu Mar 12 21:34:56 CET 2026
#@# Inflation1 rh Thu Mar 12 21:34:58 CET 2026
#@# QSphere rh Thu Mar 12 21:36:04 CET 2026
#@# Fix Topology rh Thu Mar 12 21:37:15 CET 2026
#@# Smooth2 rh Thu Mar 12 21:42:34 CET 2026
#@# Inflation2 rh Thu Mar 12 21:42:37 CET 2026
#@# Curv .H and .K rh Thu Mar 12 21:43:01 CET 2026
#@# Sphere rh Thu Mar 12 21:43:40 CET 2026
#@# Surf Reg rh Thu Mar 12 21:46:06 CET 2026
#@# Jacobian white rh Thu Mar 12 21:50:22 CET 2026
#@# AvgCurv rh Thu Mar 12 21:50:23 CET 2026
#@# Cortical Parc rh Thu Mar 12 21:50:24 CET 2026
#@# white curv rh Thu Mar 12 21:56:37 CET 2026
#@# white area rh Thu Mar 12 21:56:39 CET 2026
#@# pial curv rh Thu Mar 12 21:56:39 CET 2026
#@# pial area rh Thu Mar 12 21:56:41 CET 2026
#@# thickness rh Thu Mar 12 21:56:41 CET 2026
#@# area and vertex vol rh Thu Mar 12 21:57:01 CET 2026
#@# Curvature Stats rh Thu Mar 12 21:57:03 CET 2026
#@# Cortical Parc 2 rh Thu Mar 12 21:57:05 CET 2026
#@# Cortical Parc 3 rh Thu Mar 12 21:57:15 CET 2026
#@# WM/GM Contrast rh Thu Mar 12 21:57:23 CET 2026
recon-all -s sub-v2s1x29899_ses-1 finished without error at Thu Mar 12 21:57:26 CET 2026



#New# invocation of recon-all 



status file for recon-all
Thu Mar 12 22:06:33 CET 2026
#@# white curv rh Thu Mar 12 22:06:33 CET 2026
#@# white area rh Thu Mar 12 22:06:33 CET 2026
#@# pial curv rh Thu Mar 12 22:06:33 CET 2026
#@# pial area rh Thu Mar 12 22:06:33 CET 2026
#@# thickness rh Thu Mar 12 22:06:33 CET 2026
#@# area and vertex vol rh Thu Mar 12 22:06:33 CET 2026
#@# Parcellation Stats rh Thu Mar 12 22:06:33 CET 2026
#@# Parcellation Stats 2 rh Thu Mar 12 22:06:50 CET 2026
#@# Parcellation Stats 3 rh Thu Mar 12 22:07:00 CET 2026
#@# BA_exvivo Labels rh Thu Mar 12 22:07:08 CET 2026
recon-all -s sub-v2s1x29899_ses-1 finished without error at Thu Mar 12 22:09:26 CET 2026
