status file for recon-all
Thu Mar 12 19:42:46 CET 2026
#@# MotionCor Thu Mar 12 19:42:48 CET 2026
#@# Talairach Thu Mar 12 19:42:54 CET 2026
#@# Talairach Failure Detection Thu Mar 12 19:45:46 CET 2026
#@# Nu Intensity Correction Thu Mar 12 19:45:46 CET 2026
#@# Intensity Normalization Thu Mar 12 19:48:33 CET 2026
recon-all -s sub-v2s1x29899_ses-1 finished without error at Thu Mar 12 19:49:32 CET 2026



#New# invocation of recon-all 



status file for recon-all
Thu Mar 12 19:55:50 CET 2026
#@# EM Registration Thu Mar 12 19:55:50 CET 2026
recon-all -s sub-v2s1x29899_ses-1 finished without error at Thu Mar 12 19:59:39 CET 2026



#New# invocation of recon-all 



status file for recon-all
Thu Mar 12 19:59:42 CET 2026
#@# CA Normalize Thu Mar 12 19:59:42 CET 2026
#@# CA Reg Thu Mar 12 20:00:35 CET 2026
#@# SubCort Seg Thu Mar 12 20:42:18 CET 2026
#@# CC Seg Thu Mar 12 21:06:49 CET 2026
#@# Merge ASeg Thu Mar 12 21:07:12 CET 2026
#@# Intensity Normalization2 Thu Mar 12 21:07:12 CET 2026
#@# Mask BFS Thu Mar 12 21:08:43 CET 2026
#@# WM Segmentation Thu Mar 12 21:08:44 CET 2026
#@# Fill Thu Mar 12 21:10:34 CET 2026
recon-all -s sub-v2s1x29899_ses-1 finished without error at Thu Mar 12 21:11:12 CET 2026



#New# invocation of recon-all 



status file for recon-all
Thu Mar 12 21:57:30 CET 2026
#@# white curv lh Thu Mar 12 21:57:30 CET 2026
#@# white area lh Thu Mar 12 21:57:30 CET 2026
#@# pial curv lh Thu Mar 12 21:57:30 CET 2026
#@# pial area lh Thu Mar 12 21:57:30 CET 2026
#@# thickness lh Thu Mar 12 21:57:30 CET 2026
#@# area and vertex vol lh Thu Mar 12 21:57:30 CET 2026
#@# white curv rh Thu Mar 12 21:57:30 CET 2026
#@# white area rh Thu Mar 12 21:57:30 CET 2026
#@# pial curv rh Thu Mar 12 21:57:30 CET 2026
#@# pial area rh Thu Mar 12 21:57:30 CET 2026
#@# thickness rh Thu Mar 12 21:57:30 CET 2026
#@# area and vertex vol rh Thu Mar 12 21:57:30 CET 2026
#@# Cortical ribbon mask Thu Mar 12 21:57:30 CET 2026
recon-all -s sub-v2s1x29899_ses-1 finished without error at Thu Mar 12 22:03:28 CET 2026



#New# invocation of recon-all 



status file for recon-all
Thu Mar 12 22:09:31 CET 2026
#@# white curv lh Thu Mar 12 22:09:31 CET 2026
#@# white area lh Thu Mar 12 22:09:31 CET 2026
#@# pial curv lh Thu Mar 12 22:09:31 CET 2026
#@# pial area lh Thu Mar 12 22:09:31 CET 2026
#@# thickness lh Thu Mar 12 22:09:31 CET 2026
#@# area and vertex vol lh Thu Mar 12 22:09:31 CET 2026
#@# white curv rh Thu Mar 12 22:09:31 CET 2026
#@# white area rh Thu Mar 12 22:09:31 CET 2026
#@# pial curv rh Thu Mar 12 22:09:31 CET 2026
#@# pial area rh Thu Mar 12 22:09:31 CET 2026
#@# thickness rh Thu Mar 12 22:09:31 CET 2026
#@# area and vertex vol rh Thu Mar 12 22:09:31 CET 2026
#@# Curvature Stats lh Thu Mar 12 22:09:31 CET 2026
#@# Curvature Stats rh Thu Mar 12 22:09:33 CET 2026
#@# Relabel Hypointensities Thu Mar 12 22:09:35 CET 2026
#@# APas-to-ASeg Thu Mar 12 22:09:49 CET 2026
#@# AParc-to-ASeg aparc Thu Mar 12 22:09:56 CET 2026
#@# AParc-to-ASeg aparc.a2009s Thu Mar 12 22:10:33 CET 2026
#@# AParc-to-ASeg aparc.DKTatlas Thu Mar 12 22:11:17 CET 2026
#@# WMParc Thu Mar 12 22:11:54 CET 2026
#@# ASeg Stats Thu Mar 12 22:13:40 CET 2026
recon-all -s sub-v2s1x29899_ses-1 finished without error at Thu Mar 12 22:14:02 CET 2026
