/out/sourcedata/freesurfer/sub-v2s1x29868_ses-1/mri
/opt/freesurfer/bin/talairach_avi
--i orig_nu.mgz --xfm transforms/talairach.auto.xfm
talairach_avi 7.3.2
Linux dna087 5.14.0-427.37.1.el9_4.x86_64 #1 SMP PREEMPT_DYNAMIC Fri Sep 13 12:41:50 EDT 2024 x86_64 x86_64 x86_64 GNU/Linux
Wed Mar 11 18:37:16 CET 2026
mri_convert orig_nu.mgz talsrcimg.img 
reading from orig_nu.mgz...
TR=0.00, TE=0.00, TI=0.00, flip angle=0.00
i_ras = (-1, 0, 0)
j_ras = (0, 0, -1)
k_ras = (0, 1, 0)
writing to talsrcimg.img...
Analyze Output Matrix
-0.90000   0.00000   0.00000   117.18027;
 0.00000   0.00000   0.90000  -97.97704;
 0.00000  -0.90000   0.00000   147.98792;
 0.00000   0.00000   0.00000   1.00000;
--------------------
INFO: set hdr.hist.orient to -1
mpr2mni305 talsrcimg
Wed Mar 11 18:37:17 CET 2026
/opt/freesurfer/bin/mpr2mni305 talsrcimg
mpr2mni305 7.3.2
target=711-2C_as_mni_average_305

---------------------------------------------------------------------
analyzeto4dfp talsrcimg -O0 -y
---------------------------------------------------------------------

freesurfer ifh2hdr.c
Wed Mar 11 18:37:17 2026
Writing: talsrcimg.4dfp.hdr
freesurfer analyzeto4dfp.c
Reading: talsrcimg.hdr
header size 348 bytes
hdr.dime.datatype	offset=70	value=2
hdr.dime.bitpix		offset=72	value=8
hdr.hist.orient		offset=252	value=-1
dimensionality     4
dimensions       256       256       256         1
Reading: talsrcimg.img
Writing: talsrcimg.4dfp.img
Writing: talsrcimg.4dfp.ifh
ifh2hdr talsrcimg -r0to255
ori=2

---------------------------------------------------------------------
gauss_4dfp talsrcimg 1.1
---------------------------------------------------------------------

freesurfer gauss_4dfp.c
Reading: talsrcimg.4dfp.img
Writing: talsrcimg_g11.4dfp.img
image dimensions 256 256 256 padded to 288 288 288
processing volume 1freesurfer ifh2hdr.c
Wed Mar 11 18:37:18 2026
Writing: talsrcimg_g11.4dfp.hdr

Writing: talsrcimg_g11.4dfp.ifh
including: talsrcimg.4dfp.img.rec in talsrcimg_g11.4dfp.img.rec

---------------------------------------------------------------------
imgreg_4dfp /opt/freesurfer/average/711-2C_as_mni_average_305 none talsrcimg_g11 none talsrcimg_to_711-2C_as_mni_average_305_t4 4355
---------------------------------------------------------------------

freesurfer imgreg_4dfp.c
/opt/freesurfer/average/711-2C_as_mni_average_305.4dfp.img
       256       256       256         1
  1.000000  1.000000  1.000000
orientation T byte_order littleendian
Reading image: /opt/freesurfer/average/711-2C_as_mni_average_305.4dfp.img
dimensions:      256       256       256
mmppix:       1.0000   -1.0000   -1.0000
center:     128.0000 -129.0000 -129.0000
talsrcimg_g11.4dfp.img
       256       256       256         1
  0.900000  0.900000  0.900000
orientation T byte_order littleendian
Reading image: talsrcimg_g11.4dfp.img
dimensions:      256       256       256
mmppix:       0.9000   -0.9000   -0.9000
center:     115.2000 -116.1000 -116.1000
t4_read: open error in t4_sub.f l:  41 t4_file(1:l)talsrcimg_to_711-2C_as_mni_average_305_t4 
t4_read: transform initialized to I4
rotation matrix determinant  1.000000
image alignment mode   4355 decimal     1103 hex
   -7.5000  -45.0000  -45.0000 5915.5903   13.0996
    0.0000  -45.0000  -45.0000 5955.5117   13.1416
    7.5000  -45.0000  -45.0000 5667.3296   13.1470
   -7.5000  -37.5000  -45.0000 6298.1372   13.9335
    0.0000  -37.5000  -45.0000 6349.5503   13.9825
    7.5000  -37.5000  -45.0000 6036.8037   13.9857
   -7.5000  -30.0000  -45.0000 6696.6538   14.3777
    0.0000  -30.0000  -45.0000 6752.9028   14.4316
    7.5000  -30.0000  -45.0000 6414.1924   14.4374
   -7.5000  -22.5000  -45.0000 7204.7793   14.3708
    0.0000  -22.5000  -45.0000 7266.0967   14.4247
    7.5000  -22.5000  -45.0000 6889.3789   14.4358
   -7.5000  -15.0000  -45.0000 7688.6606   14.3579
    0.0000  -15.0000  -45.0000 7770.4893   14.4081
    7.5000  -15.0000  -45.0000 7354.2188   14.4215
   -7.5000   -7.5000  -45.0000 7843.7681   14.3525
    0.0000   -7.5000  -45.0000 7911.0674   14.3986
    7.5000   -7.5000  -45.0000 7507.0601   14.4093
   -7.5000    0.0000  -45.0000 7920.9863   14.3598
    0.0000    0.0000  -45.0000 7985.6255   14.4059
    7.5000    0.0000  -45.0000 7558.9536   14.4118
   -7.5000    7.5000  -45.0000 7627.8188   14.3727
    0.0000    7.5000  -45.0000 7685.1245   14.4233
    7.5000    7.5000  -45.0000 7259.4331   14.4266
   -7.5000   15.0000  -45.0000 7419.4575   14.3777
    0.0000   15.0000  -45.0000 7463.5400   14.4316
    7.5000   15.0000  -45.0000 7039.6885   14.4374
   -7.5000   22.5000  -45.0000 6818.9482   14.1775
    0.0000   22.5000  -45.0000 6855.3154   14.2307
    7.5000   22.5000  -45.0000 6462.8218   14.2416
   -7.5000   30.0000  -45.0000 6284.3423   13.7870
    0.0000   30.0000  -45.0000 6330.3740   13.8352
    7.5000   30.0000  -45.0000 5945.8721   13.8481
   -7.5000   37.5000  -45.0000 5777.0264   13.4822
    0.0000   37.5000  -45.0000 5825.9497   13.5255
    7.5000   37.5000  -45.0000 5475.8154   13.5368
   -7.5000   45.0000  -45.0000 5292.9590   13.4362
    0.0000   45.0000  -45.0000 5337.3320   13.4766
    7.5000   45.0000  -45.0000 5006.3301   13.4771
   -7.5000  -45.0000  -37.5000 6487.7778   13.6842
    0.0000  -45.0000  -37.5000 6551.0088   13.7272
    7.5000  -45.0000  -37.5000 6220.8984   13.7252
   -7.5000  -37.5000  -37.5000 6896.6885   14.5599
    0.0000  -37.5000  -37.5000 6963.0894   14.6107
    7.5000  -37.5000  -37.5000 6614.5854   14.6059
   -7.5000  -30.0000  -37.5000 7327.5703   14.9964
    0.0000  -30.0000  -37.5000 7405.4712   15.0529
    7.5000  -30.0000  -37.5000 7019.0640   15.0475
   -7.5000  -22.5000  -37.5000 7870.6123   14.9902
    0.0000  -22.5000  -37.5000 7950.4009   15.0473
    7.5000  -22.5000  -37.5000 7522.4341   15.0447
   -7.5000  -15.0000  -37.5000 8378.1035   14.9809
    0.0000  -15.0000  -37.5000 8467.5127   15.0333
    7.5000  -15.0000  -37.5000 8019.3613   15.0330
   -7.5000   -7.5000  -37.5000 8522.1289   14.9759
    0.0000   -7.5000  -37.5000 8601.5586   15.0229
    7.5000   -7.5000  -37.5000 8165.3281   15.0224
   -7.5000    0.0000  -37.5000 8595.9492   14.9815
    0.0000    0.0000  -37.5000 8677.1045   15.0286
    7.5000    0.0000  -37.5000 8216.2725   15.0264
   -7.5000    7.5000  -37.5000 8269.4434   14.9925
    0.0000    7.5000  -37.5000 8345.2480   15.0448
    7.5000    7.5000  -37.5000 7883.5811   15.0399
   -7.5000   15.0000  -37.5000 8031.9390   14.9957
    0.0000   15.0000  -37.5000 8087.3228   15.0522
    7.5000   15.0000  -37.5000 7637.3828   15.0468
   -7.5000   22.5000  -37.5000 7350.0649   14.7898
    0.0000   22.5000  -37.5000 7415.8286   14.8462
    7.5000   22.5000  -37.5000 6991.3779   14.8435
   -7.5000   30.0000  -37.5000 6750.6084   14.3955
    0.0000   30.0000  -37.5000 6812.3198   14.4458
    7.5000   30.0000  -37.5000 6425.6021   14.4455
   -7.5000   37.5000  -37.5000 6184.6685   14.0735
    0.0000   37.5000  -37.5000 6222.0269   14.1173
    7.5000   37.5000  -37.5000 5874.0688   14.1180
   -7.5000   45.0000  -37.5000 5649.5054   13.9996
    0.0000   45.0000  -37.5000 5685.3872   14.0407
    7.5000   45.0000  -37.5000 5355.2324   14.0338
   -7.5000  -45.0000  -30.0000 7047.3823   14.2453
    0.0000  -45.0000  -30.0000 7125.3208   14.2756
    7.5000  -45.0000  -30.0000 6753.1606   14.2697
   -7.5000  -37.5000  -30.0000 7482.4604   15.1603
    0.0000  -37.5000  -30.0000 7560.2725   15.1971
    7.5000  -37.5000  -30.0000 7169.1328   15.1889
   -7.5000  -30.0000  -30.0000 7957.1650   15.5916
    0.0000  -30.0000  -30.0000 8044.2065   15.6344
    7.5000  -30.0000  -30.0000 7611.9072   15.6233
   -7.5000  -22.5000  -30.0000 8541.9629   15.5894
    0.0000  -22.5000  -30.0000 8634.5820   15.6327
    7.5000  -22.5000  -30.0000 8157.7896   15.6214
   -7.5000  -15.0000  -30.0000 9081.2100   15.5839
    0.0000  -15.0000  -30.0000 9180.0449   15.6226
    7.5000  -15.0000  -30.0000 8694.8340   15.6124
   -7.5000   -7.5000  -30.0000 9219.2588   15.5770
    0.0000   -7.5000  -30.0000 9315.2051   15.6108
    7.5000   -7.5000  -30.0000 8834.1221   15.6027
   -7.5000    0.0000  -30.0000 9279.6074   15.5796
    0.0000    0.0000  -30.0000 9359.6475   15.6128
    7.5000    0.0000  -30.0000 8871.9600   15.6063
   -7.5000    7.5000  -30.0000 8914.4365   15.5871
    0.0000    7.5000  -30.0000 8978.5859   15.6250
    7.5000    7.5000  -30.0000 8477.1211   15.6165
   -7.5000   15.0000  -30.0000 8638.5479   15.5894
    0.0000   15.0000  -30.0000 8712.8398   15.6322
    7.5000   15.0000  -30.0000 8210.5342   15.6211
   -7.5000   22.5000  -30.0000 7880.4487   15.3816
    0.0000   22.5000  -30.0000 7958.0850   15.4244
    7.5000   22.5000  -30.0000 7520.2842   15.4132
   -7.5000   30.0000  -30.0000 7202.9585   14.9859
    0.0000   30.0000  -30.0000 7276.3315   15.0231
    7.5000   30.0000  -30.0000 6886.2456   15.0132
   -7.5000   37.5000  -30.0000 6560.8301   14.6587
    0.0000   37.5000  -30.0000 6612.2446   14.6897
    7.5000   37.5000  -30.0000 6259.5415   14.6834
   -7.5000   45.0000  -30.0000 5974.7368   14.5669
    0.0000   45.0000  -30.0000 6015.0767   14.5946
    7.5000   45.0000  -30.0000 5680.3770   14.5836
   -7.5000  -45.0000  -22.5000 7657.2939   14.8554
    0.0000  -45.0000  -22.5000 7742.7500   14.8722
    7.5000  -45.0000  -22.5000 7319.4521   14.8685
   -7.5000  -37.5000  -22.5000 8126.0464   15.8148
    0.0000  -37.5000  -22.5000 8208.6660   15.8367
    7.5000  -37.5000  -22.5000 7777.8799   15.8321
   -7.5000  -30.0000  -22.5000 8627.0625   16.2442
    0.0000  -30.0000  -22.5000 8721.2471   16.2713
    7.5000  -30.0000  -22.5000 8259.9277   16.2654
   -7.5000  -22.5000  -22.5000 9268.9014   16.2445
    0.0000  -22.5000  -22.5000 9368.8252   16.2715
    7.5000  -22.5000  -22.5000 8850.2734   16.2644
   -7.5000  -15.0000  -22.5000 9872.0186   16.2417
    0.0000  -15.0000  -22.5000 9973.9395   16.2646
    7.5000  -15.0000  -22.5000 9435.9639   16.2570
   -7.5000   -7.5000  -22.5000 9977.6797   16.2356
    0.0000   -7.5000  -22.500010101.6377   16.2549
    7.5000   -7.5000  -22.5000 9551.1455   16.2492
   -7.5000    0.0000  -22.5000 9994.4844   16.2376
    0.0000    0.0000  -22.500010097.9053   16.2559
    7.5000    0.0000  -22.5000 9562.0996   16.2520
   -7.5000    7.5000  -22.5000 9559.8691   16.2398
    0.0000    7.5000  -22.5000 9646.1113   16.2623
    7.5000    7.5000  -22.5000 9118.1455   16.2575
   -7.5000   15.0000  -22.5000 9254.1748   16.2403
    0.0000   15.0000  -22.5000 9331.9609   16.2674
    7.5000   15.0000  -22.5000 8826.3105   16.2615
   -7.5000   22.5000  -22.5000 8451.2168   16.0295
    0.0000   22.5000  -22.5000 8513.1787   16.0561
    7.5000   22.5000  -22.5000 8075.7109   16.0492
   -7.5000   30.0000  -22.5000 7709.1738   15.6299
    0.0000   30.0000  -22.5000 7764.8433   15.6519
    7.5000   30.0000  -22.5000 7378.9819   15.6446
   -7.5000   37.5000  -22.5000 6983.4380   15.3055
    0.0000   37.5000  -22.5000 7033.3726   15.3227
    7.5000   37.5000  -22.5000 6666.9419   15.3193
   -7.5000   45.0000  -22.5000 6340.9136   15.2196
    0.0000   45.0000  -22.5000 6381.2593   15.2328
    7.5000   45.0000  -22.5000 6032.9185   15.2236
   -7.5000  -45.0000  -15.0000 8255.4658   15.3660
    0.0000  -45.0000  -15.0000 8348.8047   15.3841
    7.5000  -45.0000  -15.0000 7895.4023   15.3869
   -7.5000  -37.5000  -15.0000 8749.7852   16.3552
    0.0000  -37.5000  -15.0000 8852.7852   16.3785
    7.5000  -37.5000  -15.0000 8374.8193   16.3819
   -7.5000  -30.0000  -15.0000 9294.0225   16.7828
    0.0000  -30.0000  -15.0000 9402.9824   16.8109
    7.5000  -30.0000  -15.0000 8906.3652   16.8181
   -7.5000  -22.5000  -15.0000 9974.8438   16.7814
    0.0000  -22.5000  -15.000010096.7266   16.8091
    7.5000  -22.5000  -15.0000 9528.8389   16.8184
   -7.5000  -15.0000  -15.000010614.5264   16.7775
    0.0000  -15.0000  -15.000010746.5957   16.8018
    7.5000  -15.0000  -15.000010130.8584   16.8095
   -7.5000   -7.5000  -15.000010715.0127   16.7748
    0.0000   -7.5000  -15.000010867.4482   16.7958
    7.5000   -7.5000  -15.000010249.3027   16.8011
   -7.5000    0.0000  -15.000010721.9531   16.7794
    0.0000    0.0000  -15.000010855.9131   16.7992
    7.5000    0.0000  -15.000010263.6035   16.8022
   -7.5000    7.5000  -15.000010199.7344   16.7785
    0.0000    7.5000  -15.000010303.5049   16.8024
    7.5000    7.5000  -15.0000 9739.9258   16.8058
   -7.5000   15.0000  -15.0000 9868.8809   16.7777
    0.0000   15.0000  -15.0000 9964.1387   16.8057
    7.5000   15.0000  -15.0000 9435.9248   16.8129
   -7.5000   22.5000  -15.0000 9005.1514   16.5619
    0.0000   22.5000  -15.0000 9090.7412   16.5892
    7.5000   22.5000  -15.0000 8631.3418   16.5984
   -7.5000   30.0000  -15.0000 8193.5264   16.1577
    0.0000   30.0000  -15.0000 8254.2637   16.1810
    7.5000   30.0000  -15.0000 7859.8208   16.1885
   -7.5000   37.5000  -15.0000 7412.6172   15.8420
    0.0000   37.5000  -15.0000 7445.4561   15.8613
    7.5000   37.5000  -15.0000 7087.5576   15.8686
   -7.5000   45.0000  -15.0000 6703.1562   15.7750
    0.0000   45.0000  -15.0000 6726.2656   15.7898
    7.5000   45.0000  -15.0000 6393.5107   15.7866
   -7.5000  -45.0000   -7.5000 8580.2012   15.3259
    0.0000  -45.0000   -7.5000 8686.5547   15.3592
    7.5000  -45.0000   -7.5000 8220.7959   15.3655
   -7.5000  -37.5000   -7.5000 9088.2080   16.3140
    0.0000  -37.5000   -7.5000 9215.6670   16.3538
    7.5000  -37.5000   -7.5000 8708.8174   16.3609
   -7.5000  -30.0000   -7.5000 9660.6934   16.7400
    0.0000  -30.0000   -7.5000 9790.8281   16.7848
    7.5000  -30.0000   -7.5000 9260.2354   16.7979
   -7.5000  -22.5000   -7.500010367.3682   16.7341
    0.0000  -22.5000   -7.500010507.2646   16.7786
    7.5000  -22.5000   -7.5000 9903.1748   16.7970
   -7.5000  -15.0000   -7.500011020.4902   16.7271
    0.0000  -15.0000   -7.500011181.0732   16.7680
    7.5000  -15.0000   -7.500010508.3711   16.7857
   -7.5000   -7.5000   -7.500011105.2520   16.7274
    0.0000   -7.5000   -7.500011307.3252   16.7644
    7.5000   -7.5000   -7.500010617.1641   16.7770
   -7.5000    0.0000   -7.500011117.1670   16.7357
    0.0000    0.0000   -7.500011292.1455   16.7720
    7.5000    0.0000   -7.500010617.6660   16.7788
   -7.5000    7.5000   -7.500010524.4551   16.7361
    0.0000    7.5000   -7.500010661.8262   16.7770
    7.5000    7.5000   -7.500010025.0928   16.7843
   -7.5000   15.0000   -7.500010152.6484   16.7349
    0.0000   15.0000   -7.500010263.1084   16.7796
    7.5000   15.0000   -7.5000 9698.7422   16.7927
   -7.5000   22.5000   -7.5000 9279.2178   16.5152
    0.0000   22.5000   -7.5000 9346.2432   16.5591
    7.5000   22.5000   -7.5000 8872.7480   16.5773
   -7.5000   30.0000   -7.5000 8437.9648   16.1091
    0.0000   30.0000   -7.5000 8503.5566   16.1485
    7.5000   30.0000   -7.5000 8091.3174   16.1656
   -7.5000   37.5000   -7.5000 7604.9292   15.7970
    0.0000   37.5000   -7.5000 7653.4521   15.8319
    7.5000   37.5000   -7.5000 7299.0073   15.8457
   -7.5000   45.0000   -7.5000 6864.8911   15.7414
    0.0000   45.0000   -7.5000 6894.1118   15.7721
    7.5000   45.0000   -7.5000 6573.5728   15.7727
   -7.5000  -45.0000    0.0000 8763.4844   15.6797
    0.0000  -45.0000    0.0000 8866.2998   15.7294
    7.5000  -45.0000    0.0000 8396.7295   15.7341
   -7.5000  -37.5000    0.0000 9282.1611   16.6903
    0.0000  -37.5000    0.0000 9414.5215   16.7485
    7.5000  -37.5000    0.0000 8898.9688   16.7513
   -7.5000  -30.0000    0.0000 9893.4326   17.1199
    0.0000  -30.0000    0.000010042.1143   17.1842
    7.5000  -30.0000    0.0000 9488.5664   17.1905
   -7.5000  -22.5000    0.000010616.7676   17.1114
    0.0000  -22.5000    0.000010789.0449   17.1765
    7.5000  -22.5000    0.000010154.7109   17.1887
   -7.5000  -15.0000    0.000011270.4561   17.0992
    0.0000  -15.0000    0.000011487.1523   17.1599
    7.5000  -15.0000    0.000010744.9092   17.1742
   -7.5000   -7.5000    0.000011330.1436   17.0962
    0.0000   -7.5000    0.000011556.0996   17.1512
    7.5000   -7.5000    0.000010795.1094   17.1619
   -7.5000    0.0000    0.000011297.9082   17.1050
    0.0000    0.0000    0.000011506.1221   17.1593
    7.5000    0.0000    0.000010772.4277   17.1644
   -7.5000    7.5000    0.000010655.0684   17.1109
    0.0000    7.5000    0.000010815.5117   17.1706
    7.5000    7.5000    0.000010125.8027   17.1734
   -7.5000   15.0000    0.000010283.2070   17.1138
    0.0000   15.0000    0.000010398.7871   17.1782
    7.5000   15.0000    0.0000 9780.2900   17.1844
   -7.5000   22.5000    0.0000 9383.9561   16.8900
    0.0000   22.5000    0.0000 9466.9121   16.9542
    7.5000   22.5000    0.0000 8936.6953   16.9663
   -7.5000   30.0000    0.0000 8536.1855   16.4774
    0.0000   30.0000    0.0000 8629.2764   16.5359
    7.5000   30.0000    0.0000 8155.0479   16.5496
   -7.5000   37.5000    0.0000 7700.0332   16.1603
    0.0000   37.5000    0.0000 7791.4478   16.2124
    7.5000   37.5000    0.0000 7380.8169   16.2240
   -7.5000   45.0000    0.0000 6932.9717   16.1185
    0.0000   45.0000    0.0000 6996.8662   16.1663
    7.5000   45.0000    0.0000 6640.1265   16.1652
   -7.5000  -45.0000    7.5000 8642.7383   15.6954
    0.0000  -45.0000    7.5000 8714.8564   15.7438
    7.5000  -45.0000    7.5000 8258.4189   15.7417
   -7.5000  -37.5000    7.5000 9139.1484   16.7093
    0.0000  -37.5000    7.5000 9222.0459   16.7664
    7.5000  -37.5000    7.5000 8757.2178   16.7610
   -7.5000  -30.0000    7.5000 9785.0615   17.1420
    0.0000  -30.0000    7.5000 9869.2451   17.2059
    7.5000  -30.0000    7.5000 9373.1777   17.1996
   -7.5000  -22.5000    7.500010559.9199   17.1359
    0.0000  -22.5000    7.500010708.9531   17.2012
    7.5000  -22.5000    7.500010076.8760   17.1981
   -7.5000  -15.0000    7.500011193.5850   17.1242
    0.0000  -15.0000    7.500011407.9336   17.1843
    7.5000  -15.0000    7.500010619.3135   17.1841
   -7.5000   -7.5000    7.500011211.7402   17.1166
    0.0000   -7.5000    7.500011425.4805   17.1703
    7.5000   -7.5000    7.500010619.6006   17.1700
   -7.5000    0.0000    7.500011120.4023   17.1221
    0.0000    0.0000    7.500011287.1162   17.1750
    7.5000    0.0000    7.500010557.6445   17.1727
   -7.5000    7.5000    7.500010400.2881   17.1304
    0.0000    7.5000    7.500010552.9385   17.1889
    7.5000    7.5000    7.5000 9868.2295   17.1834
   -7.5000   15.0000    7.500010029.7197   17.1360
    0.0000   15.0000    7.500010157.7354   17.1999
    7.5000   15.0000    7.5000 9527.6162   17.1935
   -7.5000   22.5000    7.5000 9156.1465   16.9141
    0.0000   22.5000    7.5000 9271.5908   16.9786
    7.5000   22.5000    7.5000 8695.4902   16.9755
   -7.5000   30.0000    7.5000 8348.8945   16.5014
    0.0000   30.0000    7.5000 8473.9521   16.5594
    7.5000   30.0000    7.5000 7953.5063   16.5592
   -7.5000   37.5000    7.5000 7560.9126   16.1756
    0.0000   37.5000    7.5000 7668.6470   16.2259
    7.5000   37.5000    7.5000 7218.5815   16.2270
   -7.5000   45.0000    7.5000 6797.0151   16.1241
    0.0000   45.0000    7.5000 6875.2998   16.1706
    7.5000   45.0000    7.5000 6483.1289   16.1629
   -7.5000  -45.0000   15.0000 8699.8975   15.7380
    0.0000  -45.0000   15.0000 8740.4434   15.7714
    7.5000  -45.0000   15.0000 8320.8447   15.7650
   -7.5000  -37.5000   15.0000 9210.6426   16.7510
    0.0000  -37.5000   15.0000 9233.1484   16.7917
    7.5000  -37.5000   15.0000 8822.3594   16.7827
   -7.5000  -30.0000   15.0000 9881.5488   17.1818
    0.0000  -30.0000   15.0000 9932.5742   17.2290
    7.5000  -30.0000   15.0000 9458.6064   17.2169
   -7.5000  -22.5000   15.000010651.8525   17.1794
    0.0000  -22.5000   15.000010815.1865   17.2272
    7.5000  -22.5000   15.000010144.6328   17.2147
   -7.5000  -15.0000   15.000011246.4697   17.1733
    0.0000  -15.0000   15.000011464.1943   17.2159
    7.5000  -15.0000   15.000010665.1211   17.2046
   -7.5000   -7.5000   15.000011282.9150   17.1657
    0.0000   -7.5000   15.000011457.8447   17.2028
    7.5000   -7.5000   15.000010678.4668   17.1940
   -7.5000    0.0000   15.000011191.6416   17.1686
    0.0000    0.0000   15.000011329.5312   17.2051
    7.5000    0.0000   15.000010625.3125   17.1980
   -7.5000    7.5000   15.000010466.7588   17.1731
    0.0000    7.5000   15.000010586.3350   17.2149
    7.5000    7.5000   15.0000 9921.0381   17.2056
   -7.5000   15.0000   15.000010086.0029   17.1758
    0.0000   15.0000   15.000010188.0723   17.2229
    7.5000   15.0000   15.0000 9562.9482   17.2108
   -7.5000   22.5000   15.0000 9218.6094   16.9570
    0.0000   22.5000   15.0000 9307.2344   17.0042
    7.5000   22.5000   15.0000 8757.7510   16.9919
   -7.5000   30.0000   15.0000 8428.9268   16.5488
    0.0000   30.0000   15.0000 8515.8750   16.5898
    7.5000   30.0000   15.0000 8008.2612   16.5790
   -7.5000   37.5000   15.0000 7630.1572   16.2221
    0.0000   37.5000   15.0000 7707.1479   16.2563
    7.5000   37.5000   15.0000 7253.0630   16.2494
   -7.5000   45.0000   15.0000 6857.2197   16.1605
    0.0000   45.0000   15.0000 6908.3262   16.1911
    7.5000   45.0000   15.0000 6518.4297   16.1790
   -7.5000  -45.0000   22.5000 8335.4736   15.7750
    0.0000  -45.0000   22.5000 8370.8291   15.7927
    7.5000  -45.0000   22.5000 7987.2031   15.7889
   -7.5000  -37.5000   22.5000 8845.1367   16.7862
    0.0000  -37.5000   22.5000 8858.0098   16.8095
    7.5000  -37.5000   22.5000 8476.8203   16.8045
   -7.5000  -30.0000   22.5000 9470.5566   17.2159
    0.0000  -30.0000   22.5000 9495.9180   17.2446
    7.5000  -30.0000   22.5000 9065.4414   17.2383
   -7.5000  -22.5000   22.500010172.3193   17.2162
    0.0000  -22.5000   22.500010294.8574   17.2448
    7.5000  -22.5000   22.5000 9692.8682   17.2373
   -7.5000  -15.0000   22.500010784.5908   17.2133
    0.0000  -15.0000   22.500010934.1631   17.2376
    7.5000  -15.0000   22.500010229.9023   17.2295
   -7.5000   -7.5000   22.500010880.0781   17.2069
    0.0000   -7.5000   22.500010979.4160   17.2272
    7.5000   -7.5000   22.500010280.1611   17.2212
   -7.5000    0.0000   22.500010793.6152   17.2089
    0.0000    0.0000   22.500010877.1865   17.2283
    7.5000    0.0000   22.500010218.4355   17.2241
   -7.5000    7.5000   22.500010041.0020   17.2093
    0.0000    7.5000   22.500010114.9951   17.2331
    7.5000    7.5000   22.5000 9522.7500   17.2280
   -7.5000   15.0000   22.5000 9635.6260   17.2098
    0.0000   15.0000   22.5000 9701.5684   17.2385
    7.5000   15.0000   22.5000 9145.9473   17.2322
   -7.5000   22.5000   22.5000 8816.9541   16.9934
    0.0000   22.5000   22.5000 8867.5674   17.0216
    7.5000   22.5000   22.5000 8363.0605   17.0142
   -7.5000   30.0000   22.5000 8053.8838   16.5873
    0.0000   30.0000   22.5000 8123.6611   16.6107
    7.5000   30.0000   22.5000 7645.4658   16.6029
   -7.5000   37.5000   22.5000 7267.7358   16.2653
    0.0000   37.5000   22.5000 7356.8491   16.2836
    7.5000   37.5000   22.5000 6907.8008   16.2800
   -7.5000   45.0000   22.5000 6517.4790   16.2005
    0.0000   45.0000   22.5000 6604.1333   16.2145
    7.5000   45.0000   22.5000 6200.4810   16.2047
   -7.5000  -45.0000   30.0000 7905.8667   15.6654
    0.0000  -45.0000   30.0000 7971.9829   15.6836
    7.5000  -45.0000   30.0000 7585.4980   15.6864
   -7.5000  -37.5000   30.0000 8388.9873   16.6750
    0.0000  -37.5000   30.0000 8454.6260   16.6984
    7.5000  -37.5000   30.0000 8051.8647   16.7018
   -7.5000  -30.0000   30.0000 8942.2002   17.1035
    0.0000  -30.0000   30.0000 9076.4014   17.1317
    7.5000  -30.0000   30.0000 8582.0215   17.1390
   -7.5000  -22.5000   30.0000 9613.9922   17.1022
    0.0000  -22.5000   30.0000 9779.3018   17.1300
    7.5000  -22.5000   30.0000 9178.3340   17.1394
   -7.5000  -15.0000   30.000010238.3896   17.0982
    0.0000  -15.0000   30.000010410.7998   17.1226
    7.5000  -15.0000   30.0000 9740.5781   17.1304
   -7.5000   -7.5000   30.000010351.9805   17.0953
    0.0000   -7.5000   30.000010511.1982   17.1164
    7.5000   -7.5000   30.0000 9807.1523   17.1218
   -7.5000    0.0000   30.000010243.5039   17.0999
    0.0000    0.0000   30.000010365.6162   17.1197
    7.5000    0.0000   30.0000 9721.9297   17.1227
   -7.5000    7.5000   30.0000 9469.4570   17.0981
    0.0000    7.5000   30.0000 9590.6982   17.1221
    7.5000    7.5000   30.0000 9017.2979   17.1256
   -7.5000   15.0000   30.0000 9074.3193   17.0974
    0.0000   15.0000   30.0000 9180.3779   17.1256
    7.5000   15.0000   30.0000 8636.1816   17.1329
   -7.5000   22.5000   30.0000 8311.6211   16.8793
    0.0000   22.5000   30.0000 8386.0693   16.9068
    7.5000   22.5000   30.0000 7896.6045   16.9160
   -7.5000   30.0000   30.0000 7577.6484   16.4840
    0.0000   30.0000   30.0000 7641.7949   16.5075
    7.5000   30.0000   30.0000 7212.7471   16.5150
   -7.5000   37.5000   30.0000 6836.9854   16.1788
    0.0000   37.5000   30.0000 6889.8662   16.1982
    7.5000   37.5000   30.0000 6523.7339   16.2056
   -7.5000   45.0000   30.0000 6152.0469   16.1290
    0.0000   45.0000   30.0000 6193.9595   16.1437
    7.5000   45.0000   30.0000 5860.1699   16.1405
   -7.5000  -45.0000   37.5000 7474.7046   15.5085
    0.0000  -45.0000   37.5000 7509.3564   15.5434
    7.5000  -45.0000   37.5000 7150.3296   15.5505
   -7.5000  -37.5000   37.5000 7935.8164   16.5129
    0.0000  -37.5000   37.5000 7967.0112   16.5545
    7.5000  -37.5000   37.5000 7595.1582   16.5623
   -7.5000  -30.0000   37.5000 8438.0303   16.9269
    0.0000  -30.0000   37.5000 8475.5508   16.9734
    7.5000  -30.0000   37.5000 8074.7510   16.9872
   -7.5000  -22.5000   37.5000 9003.0791   16.9220
    0.0000  -22.5000   37.5000 9028.2373   16.9681
    7.5000  -22.5000   37.5000 8605.5840   16.9873
   -7.5000  -15.0000   37.5000 9544.2832   16.9152
    0.0000  -15.0000   37.5000 9520.6465   16.9578
    7.5000  -15.0000   37.5000 9107.1768   16.9763
   -7.5000   -7.5000   37.5000 9675.0986   16.9148
    0.0000   -7.5000   37.5000 9649.5283   16.9535
    7.5000   -7.5000   37.5000 9197.6572   16.9670
   -7.5000    0.0000   37.5000 9640.0703   16.9221
    0.0000    0.0000   37.5000 9641.8809   16.9602
    7.5000    0.0000   37.5000 9205.4453   16.9680
   -7.5000    7.5000   37.5000 8949.3584   16.9215
    0.0000    7.5000   37.5000 8964.2871   16.9641
    7.5000    7.5000   37.5000 8558.8135   16.9720
   -7.5000   15.0000   37.5000 8568.7002   16.9208
    0.0000   15.0000   37.5000 8597.3203   16.9672
    7.5000   15.0000   37.5000 8188.1816   16.9810
   -7.5000   22.5000   37.5000 7818.2119   16.6986
    0.0000   22.5000   37.5000 7859.5630   16.7441
    7.5000   22.5000   37.5000 7457.3062   16.7631
   -7.5000   30.0000   37.5000 7097.2573   16.3075
    0.0000   30.0000   37.5000 7150.6606   16.3485
    7.5000   30.0000   37.5000 6762.2310   16.3664
   -7.5000   37.5000   37.5000 6368.7275   16.0094
    0.0000   37.5000   37.5000 6425.8501   16.0461
    7.5000   37.5000   37.5000 6091.7026   16.0608
   -7.5000   45.0000   37.5000 5739.6045   15.9747
    0.0000   45.0000   37.5000 5776.9248   16.0073
    7.5000   45.0000   37.5000 5495.7422   16.0086
   -7.5000  -45.0000   45.0000 6938.5557   15.5155
    0.0000  -45.0000   45.0000 6999.8330   15.5639
    7.5000  -45.0000   45.0000 6637.6309   15.5671
   -7.5000  -37.5000   45.0000 7351.4629   16.5286
    0.0000  -37.5000   45.0000 7410.8257   16.5848
    7.5000  -37.5000   45.0000 7040.4907   16.5858
   -7.5000  -30.0000   45.0000 7811.7466   16.9354
    0.0000  -30.0000   45.0000 7866.3691   16.9977
    7.5000  -30.0000   45.0000 7477.8491   17.0017
   -7.5000  -22.5000   45.0000 8325.4961   16.9319
    0.0000  -22.5000   45.0000 8361.5391   16.9959
    7.5000  -22.5000   45.0000 7961.2500   17.0055
   -7.5000  -15.0000   45.0000 8821.1338   16.9196
    0.0000  -15.0000   45.0000 8809.2510   16.9798
    7.5000  -15.0000   45.0000 8425.4111   16.9915
   -7.5000   -7.5000   45.0000 8925.3418   16.9117
    0.0000   -7.5000   45.0000 8933.9434   16.9660
    7.5000   -7.5000   45.0000 8513.8652   16.9747
   -7.5000    0.0000   45.0000 8915.9053   16.9153
    0.0000    0.0000   45.0000 8965.0469   16.9680
    7.5000    0.0000   45.0000 8531.0723   16.9715
   -7.5000    7.5000   45.0000 8326.9170   16.9212
    0.0000    7.5000   45.0000 8358.1943   16.9788
    7.5000    7.5000   45.0000 7953.3140   16.9799
   -7.5000   15.0000   45.0000 7997.4790   16.9290
    0.0000   15.0000   45.0000 8033.0552   16.9914
    7.5000   15.0000   45.0000 7637.8037   16.9953
   -7.5000   22.5000   45.0000 7305.8408   16.7062
    0.0000   22.5000   45.0000 7340.0127   16.7693
    7.5000   22.5000   45.0000 6982.1558   16.7788
   -7.5000   30.0000   45.0000 6645.8389   16.3101
    0.0000   30.0000   45.0000 6676.5430   16.3680
    7.5000   30.0000   45.0000 6336.9287   16.3794
   -7.5000   37.5000   45.0000 5954.0801   15.9862
    0.0000   37.5000   45.0000 5993.0342   16.0376
    7.5000   37.5000   45.0000 5694.2427   16.0472
   -7.5000   45.0000   45.0000 5357.0669   15.9254
    0.0000   45.0000   45.0000 5380.9385   15.9718
    7.5000   45.0000   45.0000 5110.7129   15.9693

---------------------------------------------------------------------
imgreg_4dfp /opt/freesurfer/average/711-2C_as_mni_average_305 /opt/freesurfer/average/711-2B_as_mni_average_305_mask talsrcimg_g11 none talsrcimg_to_711-2C_as_mni_average_305_t4 4355
---------------------------------------------------------------------

freesurfer imgreg_4dfp.c
/opt/freesurfer/average/711-2C_as_mni_average_305.4dfp.img
       256       256       256         1
  1.000000  1.000000  1.000000
orientation T byte_order littleendian
Reading image: /opt/freesurfer/average/711-2C_as_mni_average_305.4dfp.img
dimensions:      256       256       256
mmppix:       1.0000   -1.0000   -1.0000
center:     128.0000 -129.0000 -129.0000
/opt/freesurfer/average/711-2B_as_mni_average_305_mask.4dfp.img
       256       256       256         1
  1.000000  1.000000  1.000000
orientation T byte_order littleendian
Reading mask: /opt/freesurfer/average/711-2B_as_mni_average_305_mask.4dfp.img (2306576 pixels)
talsrcimg_g11.4dfp.img
       256       256       256         1
  0.900000  0.900000  0.900000
orientation T byte_order littleendian
Reading image: talsrcimg_g11.4dfp.img
dimensions:      256       256       256
mmppix:       0.9000   -0.9000   -0.9000
center:     115.2000 -116.1000 -116.1000
rotation matrix determinant  1.000000
image alignment mode   4355 decimal     1103 hex
   -7.5000  -52.5000  -45.0000 1826.5695   17.9679
    0.0000  -52.5000  -45.0000 1828.3806   18.0153
    7.5000  -52.5000  -45.0000 1816.3090   18.2066
   -7.5000  -45.0000  -45.0000 1910.5499   16.8399
    0.0000  -45.0000  -45.0000 1912.7792   16.8694
    7.5000  -45.0000  -45.0000 1901.8900   17.0122
   -7.5000  -37.5000  -45.0000 1957.3574   15.8752
    0.0000  -37.5000  -45.0000 1962.9880   15.8987
    7.5000  -37.5000  -45.0000 1951.6675   16.0520
   -7.5000  -30.0000  -45.0000 1983.7963   15.1639
    0.0000  -30.0000  -45.0000 1991.5121   15.1613
    7.5000  -30.0000  -45.0000 1974.8967   15.3160
   -7.5000  -22.5000  -45.0000 1993.7217   14.7391
    0.0000  -22.5000  -45.0000 2001.1868   14.7358
    7.5000  -22.5000  -45.0000 1986.6179   14.9147
   -7.5000  -15.0000  -45.0000 1995.3920   14.7200
    0.0000  -15.0000  -45.0000 1998.7095   14.6837
    7.5000  -15.0000  -45.0000 1982.9127   14.8521
   -7.5000   -7.5000  -45.0000 1980.8716   14.9850
    0.0000   -7.5000  -45.0000 1989.2772   14.9611
    7.5000   -7.5000  -45.0000 1970.5216   15.1001
   -7.5000    0.0000  -45.0000 1955.2803   15.5205
    0.0000    0.0000  -45.0000 1959.9636   15.5040
    7.5000    0.0000  -45.0000 1939.3389   15.6671
   -7.5000    7.5000  -45.0000 1913.5801   16.3590
    0.0000    7.5000  -45.0000 1921.6545   16.3184
    7.5000    7.5000  -45.0000 1903.3112   16.5154
   -7.5000   15.0000  -45.0000 1864.8917   17.5691
    0.0000   15.0000  -45.0000 1868.6440   17.4583
    7.5000   15.0000  -45.0000 1848.9265   17.6552
   -7.5000   22.5000  -45.0000 1793.2998   19.1198
    0.0000   22.5000  -45.0000 1799.0160   19.0320
    7.5000   22.5000  -45.0000 1778.5562   19.2220
   -7.5000   30.0000  -45.0000 1708.6689   21.1601
    0.0000   30.0000  -45.0000 1720.6836   21.0473
    7.5000   30.0000  -45.0000 1691.2350   21.3070
   -7.5000   37.5000  -45.0000 1597.0992   23.7317
    0.0000   37.5000  -45.0000 1606.3710   23.6894
    7.5000   37.5000  -45.0000 1586.8744   23.9931
   -7.5000  -52.5000  -37.5000 1984.1228   17.4717
    0.0000  -52.5000  -37.5000 1990.3928   17.4856
    7.5000  -52.5000  -37.5000 1970.6018   17.6220
   -7.5000  -45.0000  -37.5000 2085.3809   16.3800
    0.0000  -45.0000  -37.5000 2092.4600   16.4545
    7.5000  -45.0000  -37.5000 2074.0444   16.5595
   -7.5000  -37.5000  -37.5000 2133.3970   15.4447
    0.0000  -37.5000  -37.5000 2143.5537   15.4898
    7.5000  -37.5000  -37.5000 2124.2715   15.5918
   -7.5000  -30.0000  -37.5000 2158.9368   14.7135
    0.0000  -30.0000  -37.5000 2172.3933   14.7546
    7.5000  -30.0000  -37.5000 2149.3240   14.8859
   -7.5000  -22.5000  -37.5000 2172.1011   14.3126
    0.0000  -22.5000  -37.5000 2181.8289   14.3314
    7.5000  -22.5000  -37.5000 2158.1392   14.4881
   -7.5000  -15.0000  -37.5000 2168.0017   14.2379
    0.0000  -15.0000  -37.5000 2179.1692   14.2138
    7.5000  -15.0000  -37.5000 2156.0828   14.3593
   -7.5000   -7.5000  -37.5000 2152.3916   14.4247
    0.0000   -7.5000  -37.5000 2162.7546   14.3801
    7.5000   -7.5000  -37.5000 2139.5449   14.5425
   -7.5000    0.0000  -37.5000 2127.8289   14.8680
    0.0000    0.0000  -37.5000 2132.9490   14.8225
    7.5000    0.0000  -37.5000 2110.7310   15.0100
   -7.5000    7.5000  -37.5000 2087.2385   15.6315
    0.0000    7.5000  -37.5000 2096.7100   15.5965
    7.5000    7.5000  -37.5000 2075.6370   15.7856
   -7.5000   15.0000  -37.5000 2029.1393   16.8031
    0.0000   15.0000  -37.5000 2037.2700   16.7591
    7.5000   15.0000  -37.5000 2017.7010   16.9319
   -7.5000   22.5000  -37.5000 1949.8799   18.3328
    0.0000   22.5000  -37.5000 1962.6490   18.2902
    7.5000   22.5000  -37.5000 1939.8101   18.4800
   -7.5000   30.0000  -37.5000 1859.4126   20.3168
    0.0000   30.0000  -37.5000 1871.9972   20.2630
    7.5000   30.0000  -37.5000 1842.9764   20.4647
   -7.5000   37.5000  -37.5000 1734.4484   22.8094
    0.0000   37.5000  -37.5000 1742.6077   22.7212
    7.5000   37.5000  -37.5000 1724.7009   22.9563
   -7.5000  -52.5000  -30.0000 2130.1626   16.8734
    0.0000  -52.5000  -30.0000 2139.4175   16.8737
    7.5000  -52.5000  -30.0000 2119.9504   17.0549
   -7.5000  -45.0000  -30.0000 2236.2549   15.7912
    0.0000  -45.0000  -30.0000 2244.3665   15.7935
    7.5000  -45.0000  -30.0000 2223.6897   15.9576
   -7.5000  -37.5000  -30.0000 2286.5132   14.8826
    0.0000  -37.5000  -30.0000 2300.0488   14.8971
    7.5000  -37.5000  -30.0000 2275.6787   15.0221
   -7.5000  -30.0000  -30.0000 2322.0967   14.1923
    0.0000  -30.0000  -30.0000 2336.8655   14.1759
    7.5000  -30.0000  -30.0000 2305.5723   14.3258
   -7.5000  -22.5000  -30.0000 2341.2642   13.7908
    0.0000  -22.5000  -30.0000 2352.0095   13.7498
    7.5000  -22.5000  -30.0000 2322.1113   13.9016
   -7.5000  -15.0000  -30.0000 2337.1064   13.6770
    0.0000  -15.0000  -30.0000 2346.4919   13.6526
    7.5000  -15.0000  -30.0000 2325.9954   13.7861
   -7.5000   -7.5000  -30.0000 2325.2324   13.8547
    0.0000   -7.5000  -30.0000 2334.4321   13.7755
    7.5000   -7.5000  -30.0000 2312.7803   13.9557
   -7.5000    0.0000  -30.0000 2299.5879   14.2436
    0.0000    0.0000  -30.0000 2307.3499   14.1680
    7.5000    0.0000  -30.0000 2285.6025   14.3398
   -7.5000    7.5000  -30.0000 2255.6653   14.9875
    0.0000    7.5000  -30.0000 2264.3252   14.8820
    7.5000    7.5000  -30.0000 2240.1575   15.0793
   -7.5000   15.0000  -30.0000 2189.5237   16.0811
    0.0000   15.0000  -30.0000 2200.5481   15.9853
    7.5000   15.0000  -30.0000 2174.1162   16.1804
   -7.5000   22.5000  -30.0000 2101.2356   17.5779
    0.0000   22.5000  -30.0000 2115.8843   17.4771
    7.5000   22.5000  -30.0000 2089.6606   17.6680
   -7.5000   30.0000  -30.0000 2001.8500   19.5097
    0.0000   30.0000  -30.0000 2011.0840   19.4071
    7.5000   30.0000  -30.0000 1986.0109   19.6012
   -7.5000   37.5000  -30.0000 1862.8594   21.9113
    0.0000   37.5000  -30.0000 1869.3342   21.7823
    7.5000   37.5000  -30.0000 1851.8893   21.9701
   -7.5000  -52.5000  -22.5000 2254.9258   16.1471
    0.0000  -52.5000  -22.5000 2269.2649   16.1401
    7.5000  -52.5000  -22.5000 2242.8413   16.2657
   -7.5000  -45.0000  -22.5000 2367.9185   15.0732
    0.0000  -45.0000  -22.5000 2381.1584   15.0613
    7.5000  -45.0000  -22.5000 2353.9138   15.1686
   -7.5000  -37.5000  -22.5000 2426.1287   14.1825
    0.0000  -37.5000  -22.5000 2439.4436   14.1335
    7.5000  -37.5000  -22.5000 2416.2195   14.2951
   -7.5000  -30.0000  -22.5000 2468.5728   13.5374
    0.0000  -30.0000  -22.5000 2477.8853   13.4827
    7.5000  -30.0000  -22.5000 2449.5100   13.6418
   -7.5000  -22.5000  -22.5000 2497.2583   13.1511
    0.0000  -22.5000  -22.5000 2506.5649   13.0747
    7.5000  -22.5000  -22.5000 2477.1567   13.2429
   -7.5000  -15.0000  -22.5000 2502.3433   13.0321
    0.0000  -15.0000  -22.5000 2510.6350   12.9403
    7.5000  -15.0000  -22.5000 2487.3005   13.0941
   -7.5000   -7.5000  -22.5000 2491.0322   13.1717
    0.0000   -7.5000  -22.5000 2502.2715   13.0709
    7.5000   -7.5000  -22.5000 2477.3262   13.2494
   -7.5000    0.0000  -22.5000 2459.7090   13.5368
    0.0000    0.0000  -22.5000 2473.7168   13.4387
    7.5000    0.0000  -22.5000 2444.7097   13.6550
   -7.5000    7.5000  -22.5000 2409.9692   14.2406
    0.0000    7.5000  -22.5000 2427.2786   14.1353
    7.5000    7.5000  -22.5000 2395.3538   14.3458
   -7.5000   15.0000  -22.5000 2336.3398   15.2783
    0.0000   15.0000  -22.5000 2348.4453   15.1747
    7.5000   15.0000  -22.5000 2318.7327   15.4021
   -7.5000   22.5000  -22.5000 2236.1172   16.7198
    0.0000   22.5000  -22.5000 2249.4346   16.5980
    7.5000   22.5000  -22.5000 2222.4414   16.8551
   -7.5000   30.0000  -22.5000 2125.4546   18.5922
    0.0000   30.0000  -22.5000 2135.5640   18.4489
    7.5000   30.0000  -22.5000 2109.8135   18.7307
   -7.5000   37.5000  -22.5000 1978.6482   20.8741
    0.0000   37.5000  -22.5000 1987.4359   20.6834
    7.5000   37.5000  -22.5000 1962.0649   20.9796
   -7.5000  -52.5000  -15.0000 2351.8110   15.3425
    0.0000  -52.5000  -15.0000 2366.1084   15.3586
    7.5000  -52.5000  -15.0000 2338.6086   15.4391
   -7.5000  -45.0000  -15.0000 2473.2637   14.2713
    0.0000  -45.0000  -15.0000 2482.7231   14.2704
    7.5000  -45.0000  -15.0000 2457.7563   14.3683
   -7.5000  -37.5000  -15.0000 2541.2080   13.3698
    0.0000  -37.5000  -15.0000 2550.5752   13.3377
    7.5000  -37.5000  -15.0000 2526.7881   13.4882
   -7.5000  -30.0000  -15.0000 2588.1230   12.7502
    0.0000  -30.0000  -15.0000 2597.3479   12.6937
    7.5000  -30.0000  -15.0000 2575.8787   12.8463
   -7.5000  -22.5000  -15.0000 2627.7881   12.3650
    0.0000  -22.5000  -15.0000 2635.7539   12.2939
    7.5000  -22.5000  -15.0000 2608.7278   12.4639
   -7.5000  -15.0000  -15.0000 2641.7046   12.2456
    0.0000  -15.0000  -15.0000 2649.5908   12.1671
    7.5000  -15.0000  -15.0000 2618.7869   12.3479
   -7.5000   -7.5000  -15.0000 2630.6523   12.3800
    0.0000   -7.5000  -15.0000 2644.2820   12.3088
    7.5000   -7.5000  -15.0000 2614.0068   12.4879
   -7.5000    0.0000  -15.0000 2600.7786   12.7479
    0.0000    0.0000  -15.0000 2618.3206   12.6518
    7.5000    0.0000  -15.0000 2584.3948   12.8758
   -7.5000    7.5000  -15.0000 2546.2446   13.4141
    0.0000    7.5000  -15.0000 2562.7810   13.3014
    7.5000    7.5000  -15.0000 2529.2378   13.5336
   -7.5000   15.0000  -15.0000 2457.3914   14.4179
    0.0000   15.0000  -15.0000 2472.4385   14.2995
    7.5000   15.0000  -15.0000 2443.7478   14.5251
   -7.5000   22.5000  -15.0000 2347.6267   15.7910
    0.0000   22.5000  -15.0000 2363.5320   15.6926
    7.5000   22.5000  -15.0000 2333.8140   15.9101
   -7.5000   30.0000  -15.0000 2223.2185   17.5807
    0.0000   30.0000  -15.0000 2236.6907   17.4524
    7.5000   30.0000  -15.0000 2209.5549   17.6903
   -7.5000   37.5000  -15.0000 2067.0820   19.7162
    0.0000   37.5000  -15.0000 2079.5601   19.5480
    7.5000   37.5000  -15.0000 2051.4934   19.8317
   -7.5000  -52.5000   -7.5000 2405.8784   14.4960
    0.0000  -52.5000   -7.5000 2421.1873   14.4456
    7.5000  -52.5000   -7.5000 2396.6741   14.5802
   -7.5000  -45.0000   -7.5000 2534.0625   13.4220
    0.0000  -45.0000   -7.5000 2546.0730   13.3867
    7.5000  -45.0000   -7.5000 2523.1956   13.5237
   -7.5000  -37.5000   -7.5000 2617.7761   12.5371
    0.0000  -37.5000   -7.5000 2629.5933   12.5065
    7.5000  -37.5000   -7.5000 2603.9651   12.6425
   -7.5000  -30.0000   -7.5000 2676.9812   11.9329
    0.0000  -30.0000   -7.5000 2683.5027   11.8873
    7.5000  -30.0000   -7.5000 2664.7009   12.0091
   -7.5000  -22.5000   -7.5000 2722.2090   11.5739
    0.0000  -22.5000   -7.5000 2733.3862   11.5093
    7.5000  -22.5000   -7.5000 2706.1614   11.6386
   -7.5000  -15.0000   -7.5000 2747.1956   11.4309
    0.0000  -15.0000   -7.5000 2759.2410   11.3541
    7.5000  -15.0000   -7.5000 2726.9045   11.5194
   -7.5000   -7.5000   -7.5000 2738.5725   11.5379
    0.0000   -7.5000   -7.5000 2753.8215   11.4463
    7.5000   -7.5000   -7.5000 2719.4548   11.6523
   -7.5000    0.0000   -7.5000 2706.5134   11.9210
    0.0000    0.0000   -7.5000 2723.3386   11.8020
    7.5000    0.0000   -7.5000 2687.4517   12.0431
   -7.5000    7.5000   -7.5000 2640.9861   12.5684
    0.0000    7.5000   -7.5000 2657.1025   12.4576
    7.5000    7.5000   -7.5000 2621.0244   12.6798
   -7.5000   15.0000   -7.5000 2543.4534   13.5041
    0.0000   15.0000   -7.5000 2554.5613   13.3880
    7.5000   15.0000   -7.5000 2526.6523   13.6056
   -7.5000   22.5000   -7.5000 2426.5571   14.8305
    0.0000   22.5000   -7.5000 2435.9172   14.7137
    7.5000   22.5000   -7.5000 2411.7356   14.9264
   -7.5000   30.0000   -7.5000 2294.6726   16.4977
    0.0000   30.0000   -7.5000 2304.9412   16.3728
    7.5000   30.0000   -7.5000 2282.1938   16.6158
   -7.5000   37.5000   -7.5000 2127.2744   18.5063
    0.0000   37.5000   -7.5000 2139.3152   18.3524
    7.5000   37.5000   -7.5000 2116.9089   18.6441
   -7.5000  -52.5000    0.0000 2449.0305   13.9464
    0.0000  -52.5000    0.0000 2463.7876   13.8784
    7.5000  -52.5000    0.0000 2438.6992   14.0326
   -7.5000  -45.0000    0.0000 2581.4143   12.8764
    0.0000  -45.0000    0.0000 2597.8999   12.8083
    7.5000  -45.0000    0.0000 2571.6167   12.9411
   -7.5000  -37.5000    0.0000 2684.5513   11.9845
    0.0000  -37.5000    0.0000 2699.5002   11.9370
    7.5000  -37.5000    0.0000 2673.9016   12.0527
   -7.5000  -30.0000    0.0000 2766.3689   11.3781
    0.0000  -30.0000    0.0000 2776.6570   11.3300
    7.5000  -30.0000    0.0000 2752.1675   11.4335
   -7.5000  -22.5000    0.0000 2819.6030   11.0213
    0.0000  -22.5000    0.0000 2833.4746   10.9796
    7.5000  -22.5000    0.0000 2803.6760   11.0821
   -7.5000  -15.0000    0.0000 2859.0820   10.8696
    0.0000  -15.0000    0.0000 2880.1670   10.7863
    7.5000  -15.0000    0.0000 2839.3765   10.9299
   -7.5000   -7.5000    0.0000 2851.8582   10.9810
    0.0000   -7.5000    0.0000 2871.4714   10.8691
    7.5000   -7.5000    0.0000 2827.3989   11.0569
   -7.5000    0.0000    0.0000 2809.0640   11.3293
    0.0000    0.0000    0.0000 2828.2695   11.2042
    7.5000    0.0000    0.0000 2790.1741   11.4033
   -7.5000    7.5000    0.0000 2730.9578   11.9422
    0.0000    7.5000    0.0000 2747.9358   11.8256
    7.5000    7.5000    0.0000 2714.9707   12.0290
   -7.5000   15.0000    0.0000 2625.0549   12.9050
    0.0000   15.0000    0.0000 2636.5527   12.7650
    7.5000   15.0000    0.0000 2610.6821   12.9782
   -7.5000   22.5000    0.0000 2496.0208   14.1863
    0.0000   22.5000    0.0000 2504.2217   14.0692
    7.5000   22.5000    0.0000 2479.9004   14.2913
   -7.5000   30.0000    0.0000 2358.0415   15.7970
    0.0000   30.0000    0.0000 2369.6206   15.6814
    7.5000   30.0000    0.0000 2343.6709   15.9307
   -7.5000   37.5000    0.0000 2183.8936   17.6742
    0.0000   37.5000    0.0000 2203.1282   17.5480
    7.5000   37.5000    0.0000 2174.5642   17.8355
   -7.5000  -52.5000    7.5000 2470.6384   13.5372
    0.0000  -52.5000    7.5000 2482.2234   13.4101
    7.5000  -52.5000    7.5000 2457.6287   13.5966
   -7.5000  -45.0000    7.5000 2613.3069   12.4536
    0.0000  -45.0000    7.5000 2624.4695   12.3317
    7.5000  -45.0000    7.5000 2596.5354   12.4982
   -7.5000  -37.5000    7.5000 2724.0217   11.5654
    0.0000  -37.5000    7.5000 2739.4126   11.4604
    7.5000  -37.5000    7.5000 2711.5295   11.6084
   -7.5000  -30.0000    7.5000 2822.9075   10.9379
    0.0000  -30.0000    7.5000 2840.2222   10.8571
    7.5000  -30.0000    7.5000 2807.4348   10.9758
   -7.5000  -22.5000    7.5000 2902.8210   10.5852
    0.0000  -22.5000    7.5000 2921.0007   10.4968
    7.5000  -22.5000    7.5000 2883.1367   10.6125
   -7.5000  -15.0000    7.5000 2953.1230   10.4426
    0.0000  -15.0000    7.5000 2982.7554   10.3557
    7.5000  -15.0000    7.5000 2925.9265   10.4539
   -7.5000   -7.5000    7.5000 2936.3220   10.5469
    0.0000   -7.5000    7.5000 2968.7197   10.4410
    7.5000   -7.5000    7.5000 2910.7834   10.5495
   -7.5000    0.0000    7.5000 2880.8972   10.8541
    0.0000    0.0000    7.5000 2902.3850   10.7408
    7.5000    0.0000    7.5000 2859.8735   10.8983
   -7.5000    7.5000    7.5000 2786.1313   11.4732
    0.0000    7.5000    7.5000 2808.8477   11.3354
    7.5000    7.5000    7.5000 2773.1001   11.5143
   -7.5000   15.0000    7.5000 2673.2622   12.4211
    0.0000   15.0000    7.5000 2690.1143   12.2914
    7.5000   15.0000    7.5000 2660.8716   12.4857
   -7.5000   22.5000    7.5000 2537.5320   13.6798
    0.0000   22.5000    7.5000 2552.1978   13.5578
    7.5000   22.5000    7.5000 2521.5146   13.7758
   -7.5000   30.0000    7.5000 2393.3789   15.2396
    0.0000   30.0000    7.5000 2412.3105   15.1193
    7.5000   30.0000    7.5000 2384.6147   15.3327
   -7.5000   37.5000    7.5000 2221.3340   17.0462
    0.0000   37.5000    7.5000 2235.4714   16.9396
    7.5000   37.5000    7.5000 2208.5747   17.1700
   -7.5000  -52.5000   15.0000 2474.2332   13.3771
    0.0000  -52.5000   15.0000 2482.6516   13.1442
    7.5000  -52.5000   15.0000 2455.9890   13.4026
   -7.5000  -45.0000   15.0000 2613.7771   12.2612
    0.0000  -45.0000   15.0000 2621.8416   12.0603
    7.5000  -45.0000   15.0000 2599.1169   12.2990
   -7.5000  -37.5000   15.0000 2736.8560   11.3169
    0.0000  -37.5000   15.0000 2748.4902   11.1683
    7.5000  -37.5000   15.0000 2720.8345   11.3743
   -7.5000  -30.0000   15.0000 2849.2856   10.6681
    0.0000  -30.0000   15.0000 2865.4722   10.5430
    7.5000  -30.0000   15.0000 2829.8291   10.7070
   -7.5000  -22.5000   15.0000 2943.8069   10.3317
    0.0000  -22.5000   15.0000 2966.5361   10.2121
    7.5000  -22.5000   15.0000 2919.1086   10.3399
   -7.5000  -15.0000   15.0000 3006.6028   10.1672
    0.0000  -15.0000   15.0000 3049.2986   10.1113
    7.5000  -15.0000   15.0000 2969.6316   10.1716
   -7.5000   -7.5000   15.0000 2985.9297   10.2734
    0.0000   -7.5000   15.0000 3030.5378   10.1931
    7.5000   -7.5000   15.0000 2954.2812   10.2758
   -7.5000    0.0000   15.0000 2921.1824   10.6351
    0.0000    0.0000   15.0000 2945.5381   10.5202
    7.5000    0.0000   15.0000 2894.3684   10.6654
   -7.5000    7.5000   15.0000 2823.0874   11.2487
    0.0000    7.5000   15.0000 2843.3162   11.1157
    7.5000    7.5000   15.0000 2806.5383   11.2900
   -7.5000   15.0000   15.0000 2698.1770   12.1775
    0.0000   15.0000   15.0000 2714.2793   12.0281
    7.5000   15.0000   15.0000 2685.1860   12.2208
   -7.5000   22.5000   15.0000 2559.1311   13.4175
    0.0000   22.5000   15.0000 2568.9778   13.2667
    7.5000   22.5000   15.0000 2547.2349   13.4704
   -7.5000   30.0000   15.0000 2415.2947   14.9786
    0.0000   30.0000   15.0000 2423.3813   14.7795
    7.5000   30.0000   15.0000 2404.2039   15.0339
   -7.5000   37.5000   15.0000 2238.7581   16.7612
    0.0000   37.5000   15.0000 2249.6394   16.5395
    7.5000   37.5000   15.0000 2224.6667   16.8184
   -7.5000  -52.5000   22.5000 2461.4888   13.4046
    0.0000  -52.5000   22.5000 2470.8008   13.1317
    7.5000  -52.5000   22.5000 2446.0583   13.4438
   -7.5000  -45.0000   22.5000 2607.2168   12.2965
    0.0000  -45.0000   22.5000 2614.4702   12.0583
    7.5000  -45.0000   22.5000 2595.5383   12.3472
   -7.5000  -37.5000   22.5000 2735.7859   11.3763
    0.0000  -37.5000   22.5000 2738.7900   11.1687
    7.5000  -37.5000   22.5000 2719.6064   11.4296
   -7.5000  -30.0000   22.5000 2850.5415   10.7246
    0.0000  -30.0000   22.5000 2857.2346   10.5468
    7.5000  -30.0000   22.5000 2829.2344   10.7582
   -7.5000  -22.5000   22.5000 2940.8711   10.3713
    0.0000  -22.5000   22.5000 2956.0374   10.2618
    7.5000  -22.5000   22.5000 2913.7554   10.3844
   -7.5000  -15.0000   22.5000 2997.5776   10.1925
    0.0000  -15.0000   22.5000 3029.9912   10.1321
    7.5000  -15.0000   22.5000 2961.7935   10.2049
   -7.5000   -7.5000   22.5000 2991.2949   10.3020
    0.0000   -7.5000   22.5000 3024.1895   10.2296
    7.5000   -7.5000   22.5000 2957.0447   10.3029
   -7.5000    0.0000   22.5000 2926.2869   10.6755
    0.0000    0.0000   22.5000 2945.8403   10.5599
    7.5000    0.0000   22.5000 2894.3745   10.6747
   -7.5000    7.5000   22.5000 2823.4146   11.2745
    0.0000    7.5000   22.5000 2835.8901   11.1699
    7.5000    7.5000   22.5000 2802.9944   11.3044
   -7.5000   15.0000   22.5000 2690.7322   12.1674
    0.0000   15.0000   22.5000 2702.5200   12.0475
    7.5000   15.0000   22.5000 2677.5674   12.2249
   -7.5000   22.5000   22.5000 2552.0173   13.3448
    0.0000   22.5000   22.5000 2565.2844   13.2150
    7.5000   22.5000   22.5000 2543.9377   13.4104
   -7.5000   30.0000   22.5000 2412.5081   14.8257
    0.0000   30.0000   22.5000 2424.3413   14.6970
    7.5000   30.0000   22.5000 2398.5828   14.8746
   -7.5000   37.5000   22.5000 2229.9834   16.5387
    0.0000   37.5000   22.5000 2243.6086   16.4465
    7.5000   37.5000   22.5000 2218.1155   16.6491
   -7.5000  -52.5000   30.0000 2447.2896   13.6352
    0.0000  -52.5000   30.0000 2458.2114   13.3871
    7.5000  -52.5000   30.0000 2437.1414   13.7174
   -7.5000  -45.0000   30.0000 2592.7888   12.5516
    0.0000  -45.0000   30.0000 2602.9871   12.3346
    7.5000  -45.0000   30.0000 2582.6157   12.6015
   -7.5000  -37.5000   30.0000 2713.7458   11.6329
    0.0000  -37.5000   30.0000 2721.3396   11.4692
    7.5000  -37.5000   30.0000 2703.7544   11.7005
   -7.5000  -30.0000   30.0000 2821.3962   10.9890
    0.0000  -30.0000   30.0000 2833.8486   10.8709
    7.5000  -30.0000   30.0000 2805.5730   11.0757
   -7.5000  -22.5000   30.0000 2909.2788   10.5989
    0.0000  -22.5000   30.0000 2919.8105   10.5404
    7.5000  -22.5000   30.0000 2881.7144   10.6523
   -7.5000  -15.0000   30.0000 2953.4338   10.4775
    0.0000  -15.0000   30.0000 2972.9519   10.3785
    7.5000  -15.0000   30.0000 2919.8184   10.5135
   -7.5000   -7.5000   30.0000 2949.0571   10.6083
    0.0000   -7.5000   30.0000 2973.7793   10.5132
    7.5000   -7.5000   30.0000 2913.2546   10.6049
   -7.5000    0.0000   30.0000 2885.4800   10.9408
    0.0000    0.0000   30.0000 2904.0056   10.8355
    7.5000    0.0000   30.0000 2855.2407   10.9169
   -7.5000    7.5000   30.0000 2786.3738   11.4698
    0.0000    7.5000   30.0000 2805.5757   11.3859
    7.5000    7.5000   30.0000 2768.0081   11.4902
   -7.5000   15.0000   30.0000 2660.7881   12.2928
    0.0000   15.0000   30.0000 2677.2549   12.2253
    7.5000   15.0000   30.0000 2650.7219   12.3708
   -7.5000   22.5000   30.0000 2527.5027   13.4369
    0.0000   22.5000   30.0000 2540.9290   13.3516
    7.5000   22.5000   30.0000 2522.4163   13.5227
   -7.5000   30.0000   30.0000 2386.1748   14.9095
    0.0000   30.0000   30.0000 2398.4077   14.7851
    7.5000   30.0000   30.0000 2376.2542   14.9974
   -7.5000   37.5000   30.0000 2202.5244   16.6374
    0.0000   37.5000   30.0000 2213.9995   16.5278
    7.5000   37.5000   30.0000 2196.1230   16.7727
   -7.5000  -52.5000   37.5000 2416.2400   14.1307
    0.0000  -52.5000   37.5000 2430.8298   13.9377
    7.5000  -52.5000   37.5000 2405.9617   14.2493
   -7.5000  -45.0000   37.5000 2560.6150   13.0668
    0.0000  -45.0000   37.5000 2572.3428   12.8673
    7.5000  -45.0000   37.5000 2548.9153   13.1398
   -7.5000  -37.5000   37.5000 2678.6086   12.1690
    0.0000  -37.5000   37.5000 2692.0203   11.9815
    7.5000  -37.5000   37.5000 2667.0356   12.2534
   -7.5000  -30.0000   37.5000 2777.0752   11.4863
    0.0000  -30.0000   37.5000 2788.9829   11.3266
    7.5000  -30.0000   37.5000 2757.1384   11.5854
   -7.5000  -22.5000   37.5000 2843.7935   11.0655
    0.0000  -22.5000   37.5000 2858.9448   10.9145
    7.5000  -22.5000   37.5000 2823.6929   11.1387
   -7.5000  -15.0000   37.5000 2878.5303   10.8955
    0.0000  -15.0000   37.5000 2894.0894   10.7342
    7.5000  -15.0000   37.5000 2855.7764   10.9639
   -7.5000   -7.5000   37.5000 2870.6082   11.0277
    0.0000   -7.5000   37.5000 2888.1313   10.8723
    7.5000   -7.5000   37.5000 2842.8057   11.0673
   -7.5000    0.0000   37.5000 2807.9741   11.3964
    0.0000    0.0000   37.5000 2827.0466   11.2441
    7.5000    0.0000   37.5000 2789.5562   11.4147
   -7.5000    7.5000   37.5000 2720.6619   11.9477
    0.0000    7.5000   37.5000 2733.7354   11.8332
    7.5000    7.5000   37.5000 2708.4900   11.9816
   -7.5000   15.0000   37.5000 2613.8909   12.7041
    0.0000   15.0000   37.5000 2627.1733   12.6355
    7.5000   15.0000   37.5000 2603.9124   12.8017
   -7.5000   22.5000   37.5000 2487.5002   13.7864
    0.0000   22.5000   37.5000 2500.1775   13.7013
    7.5000   22.5000   37.5000 2479.5581   13.8756
   -7.5000   30.0000   37.5000 2344.1445   15.1909
    0.0000   30.0000   37.5000 2357.6287   15.0911
    7.5000   30.0000   37.5000 2336.4485   15.2696
   -7.5000   37.5000   37.5000 2163.6794   16.9010
    0.0000   37.5000   37.5000 2176.8594   16.7709
    7.5000   37.5000   37.5000 2162.0037   17.0092
   -7.5000  -52.5000   45.0000 2351.9507   14.7543
    0.0000  -52.5000   45.0000 2372.5847   14.6051
    7.5000  -52.5000   45.0000 2344.3459   14.8818
   -7.5000  -45.0000   45.0000 2489.9646   13.6558
    0.0000  -45.0000   45.0000 2509.6353   13.4866
    7.5000  -45.0000   45.0000 2482.5750   13.7378
   -7.5000  -37.5000   45.0000 2599.8479   12.7135
    0.0000  -37.5000   45.0000 2620.6887   12.5677
    7.5000  -37.5000   45.0000 2594.2048   12.8027
   -7.5000  -30.0000   45.0000 2689.0605   12.0246
    0.0000  -30.0000   45.0000 2704.8047   11.8723
    7.5000  -30.0000   45.0000 2675.8918   12.1297
   -7.5000  -22.5000   45.0000 2743.2046   11.6199
    0.0000  -22.5000   45.0000 2759.1528   11.4718
    7.5000  -22.5000   45.0000 2725.8423   11.6989
   -7.5000  -15.0000   45.0000 2769.0942   11.4646
    0.0000  -15.0000   45.0000 2777.2727   11.3019
    7.5000  -15.0000   45.0000 2750.0305   11.5344
   -7.5000   -7.5000   45.0000 2757.7600   11.5612
    0.0000   -7.5000   45.0000 2769.2151   11.4117
    7.5000   -7.5000   45.0000 2735.2026   11.6219
   -7.5000    0.0000   45.0000 2700.5352   11.8866
    0.0000    0.0000   45.0000 2721.7712   11.7402
    7.5000    0.0000   45.0000 2685.3679   11.9416
   -7.5000    7.5000   45.0000 2622.5020   12.4438
    0.0000    7.5000   45.0000 2634.9382   12.3101
    7.5000    7.5000   45.0000 2604.9263   12.5092
   -7.5000   15.0000   45.0000 2525.0361   13.2094
    0.0000   15.0000   45.0000 2533.5791   13.1061
    7.5000   15.0000   45.0000 2510.6296   13.2860
   -7.5000   22.5000   45.0000 2404.1382   14.2895
    0.0000   22.5000   45.0000 2413.9883   14.1986
    7.5000   22.5000   45.0000 2396.5759   14.3859
   -7.5000   30.0000   45.0000 2272.6223   15.6367
    0.0000   30.0000   45.0000 2283.9744   15.5712
    7.5000   30.0000   45.0000 2261.5061   15.7724
   -7.5000   37.5000   45.0000 2101.6868   17.2923
    0.0000   37.5000   45.0000 2113.3464   17.1703
    7.5000   37.5000   45.0000 2094.9614   17.4382

---------------------------------------------------------------------
imgreg_4dfp /opt/freesurfer/average/711-2C_as_mni_average_305 /opt/freesurfer/average/711-2B_as_mni_average_305_mask talsrcimg_g11 none talsrcimg_to_711-2C_as_mni_average_305_t4 1283
---------------------------------------------------------------------

freesurfer imgreg_4dfp.c
/opt/freesurfer/average/711-2C_as_mni_average_305.4dfp.img
       256       256       256         1
  1.000000  1.000000  1.000000
orientation T byte_order littleendian
Reading image: /opt/freesurfer/average/711-2C_as_mni_average_305.4dfp.img
dimensions:      256       256       256
mmppix:       1.0000   -1.0000   -1.0000
center:     128.0000 -129.0000 -129.0000
/opt/freesurfer/average/711-2B_as_mni_average_305_mask.4dfp.img
       256       256       256         1
  1.000000  1.000000  1.000000
orientation T byte_order littleendian
Reading mask: /opt/freesurfer/average/711-2B_as_mni_average_305_mask.4dfp.img (2306576 pixels)
talsrcimg_g11.4dfp.img
       256       256       256         1
  0.900000  0.900000  0.900000
orientation T byte_order littleendian
Reading image: talsrcimg_g11.4dfp.img
dimensions:      256       256       256
mmppix:       0.9000   -0.9000   -0.9000
center:     115.2000 -116.1000 -116.1000
rotation matrix determinant  1.000000
fimgreg.f
image alignment mode   1283 decimal      503 hex
parameters
    0.0000  -15.0000   15.0000    0.0000    0.0000    0.0000
eta,q 0.95491 10.08192
niter,ni,del,rscale     5    3   12.0000    1.2000
parameters
   -1.6596  -12.6460   17.3517   -0.5986   -0.4531    2.0473
eta,q 0.96071  9.99753
  0.0482  0.0630  0.0583  0.0457  0.0455  0.0503
  0.0444  0.0555  0.0517  0.0421  0.0425  0.0459
  0.0426  0.0480  0.0445  0.0399  0.0403  0.0422
  0.0429  0.0425  0.0402  0.0400  0.0398  0.0398
  0.0463  0.0402  0.0397  0.0414  0.0409  0.0393
  0.0530  0.0416  0.0420  0.0444  0.0433  0.0400
  0.0624  0.0460  0.0426  0.0480  0.0481  0.0420
niter,ni,del,rscale     4    3   12.0000    1.2000
parameters
   -1.3417  -12.3957   18.1215   -1.0371   -0.6158    2.1714
eta,q 0.95988  9.97375
  0.0544  0.0553  0.0491  0.0467  0.0465  0.0472
  0.0457  0.0469  0.0425  0.0422  0.0429  0.0433
  0.0401  0.0416  0.0393  0.0400  0.0407  0.0408
  0.0393  0.0396  0.0395  0.0403  0.0401  0.0401
  0.0415  0.0413  0.0414  0.0421  0.0411  0.0409
  0.0448  0.0464  0.0412  0.0448  0.0432  0.0431
  0.0502  0.0521  0.0438  0.0474  0.0473  0.0465
niter,ni,del,rscale     3    3   12.0000    1.2000
parameters
   -1.2143  -12.3063   17.8809   -1.1339   -0.6929    2.1810
eta,q 0.96006  9.97552
  0.0541  0.0558  0.0460  0.0475  0.0464  0.0467
  0.0455  0.0468  0.0406  0.0428  0.0429  0.0429
  0.0407  0.0417  0.0390  0.0401  0.0406  0.0404
  0.0401  0.0402  0.0402  0.0400  0.0400  0.0399
  0.0423  0.0428  0.0414  0.0415  0.0408  0.0408
  0.0461  0.0482  0.0417  0.0441  0.0429  0.0430
  0.0515  0.0532  0.0461  0.0469  0.0468  0.0464
niter,ni,del,rscale     2    3   12.0000    1.2000
parameters
   -1.2158  -12.2788   17.9251   -1.1469   -0.6920    2.1867
eta,q 0.96000  9.97438
  0.0531  0.0552  0.0469  0.0478  0.0466  0.0468
  0.0447  0.0463  0.0410  0.0430  0.0431  0.0429
  0.0401  0.0413  0.0390  0.0402  0.0407  0.0405
  0.0399  0.0399  0.0400  0.0400  0.0400  0.0400
  0.0423  0.0427  0.0414  0.0414  0.0408  0.0409
  0.0460  0.0481  0.0415  0.0440  0.0429  0.0431
  0.0515  0.0531  0.0455  0.0468  0.0466  0.0465
registration optimization eta report
parameter search radius
    6.0000    6.0000    6.0000    6.0000    6.0000    6.0000
100000*second partial in parameter space
       35.       38.       18.       20.       18.       19.
  0.0531  0.0552  0.0469  0.0478  0.0466  0.0468
  0.0447  0.0463  0.0410  0.0430  0.0431  0.0429
  0.0401  0.0413  0.0390  0.0402  0.0407  0.0405
  0.0399  0.0399  0.0400  0.0400  0.0400  0.0400
  0.0423  0.0427  0.0414  0.0414  0.0408  0.0409
  0.0460  0.0481  0.0415  0.0440  0.0429  0.0431
  0.0515  0.0531  0.0455  0.0468  0.0466  0.0465
   -1.2158  -12.2788   17.9251   -1.1469   -0.6920    2.1867
eta,q 0.96000  9.97438

---------------------------------------------------------------------
imgreg_4dfp /opt/freesurfer/average/711-2C_as_mni_average_305 /opt/freesurfer/average/711-2B_as_mni_average_305_mask talsrcimg_g11 none talsrcimg_to_711-2C_as_mni_average_305_t4 3335
---------------------------------------------------------------------

freesurfer imgreg_4dfp.c
/opt/freesurfer/average/711-2C_as_mni_average_305.4dfp.img
       256       256       256         1
  1.000000  1.000000  1.000000
orientation T byte_order littleendian
Reading image: /opt/freesurfer/average/711-2C_as_mni_average_305.4dfp.img
dimensions:      256       256       256
mmppix:       1.0000   -1.0000   -1.0000
center:     128.0000 -129.0000 -129.0000
/opt/freesurfer/average/711-2B_as_mni_average_305_mask.4dfp.img
       256       256       256         1
  1.000000  1.000000  1.000000
orientation T byte_order littleendian
Reading mask: /opt/freesurfer/average/711-2B_as_mni_average_305_mask.4dfp.img (2306576 pixels)
talsrcimg_g11.4dfp.img
       256       256       256         1
  0.900000  0.900000  0.900000
orientation T byte_order littleendian
Reading image: talsrcimg_g11.4dfp.img
dimensions:      256       256       256
mmppix:       0.9000   -0.9000   -0.9000
center:     115.2000 -116.1000 -116.1000
fimgreg.f
image alignment mode   3335 decimal      D07 hex
parameters
   -1.2158  -12.2788   17.9251   -0.0801   -0.0938   -0.0273
   -3.8390    1.1303    3.8153    2.0462   -1.2078   -2.0015
eta,q 0.96074 10.05511
niter,ni,del,rscale     5    3    5.0000    1.2000
parameter  4  0.507657 ->  0.500000 qaram    1.1500
parameter  5  1.574288 ->  0.500000 qaram    1.1500
parameter  6  1.547703 ->  0.500000 qaram    1.1500
parameters
   -1.1424  -11.7116   17.5172   -4.2201   -4.2338   -4.1673
   -2.5456    1.0376    5.1148    0.2139   -2.2372   -1.8864
eta,q 0.97074  9.69727
  0.0422  0.0423  0.0399  0.0391  0.0342  0.0279  0.0329  0.0340  0.0323  0.0313  0.0305  0.0309
  0.0406  0.0409  0.0394  0.0386  0.0352  0.0291  0.0314  0.0317  0.0310  0.0298  0.0298  0.0300
  0.0396  0.0399  0.0392  0.0386  0.0366  0.0319  0.0303  0.0301  0.0301  0.0293  0.0293  0.0295
  0.0393  0.0393  0.0391  0.0391  0.0386  0.0356  0.0297  0.0297  0.0297  0.0296  0.0293  0.0293
  0.0395  0.0391  0.0393  0.0403  0.0411  0.0395  0.0297  0.0303  0.0297  0.0306  0.0297  0.0294
  0.0404  0.0395  0.0399  0.0421  0.0440  0.0450  0.0302  0.0319  0.0301  0.0323  0.0304  0.0300
  0.0419  0.0404  0.0409  0.0443  0.0471  0.0502  0.0313  0.0342  0.0308  0.0346  0.0314  0.0308
niter,ni,del,rscale     7    3    5.0000    1.2000
parameter  5  0.612675 ->  0.500000 qaram    1.3225
parameter 12 -0.540873 -> -0.500000 qaram    1.1500
parameters
   -1.1334  -12.3843   17.2654   -2.1805   -8.9948   -7.9498
   -2.6496    1.3071    5.3529    0.4239   -2.4584    2.2536
eta,q 0.97447  9.50310
  0.0322  0.0303  0.0307  0.0332  0.0279  0.0284  0.0281  0.0307  0.0276  0.0290  0.0271  0.0278
  0.0306  0.0294  0.0297  0.0314  0.0275  0.0265  0.0269  0.0283  0.0267  0.0272  0.0264  0.0270
  0.0296  0.0290  0.0291  0.0300  0.0278  0.0259  0.0261  0.0265  0.0261  0.0262  0.0260  0.0263
  0.0293  0.0293  0.0290  0.0290  0.0287  0.0275  0.0259  0.0259  0.0259  0.0259  0.0259  0.0259
  0.0296  0.0300  0.0295  0.0287  0.0303  0.0310  0.0262  0.0263  0.0260  0.0262  0.0260  0.0256
  0.0306  0.0311  0.0304  0.0292  0.0328  0.0353  0.0270  0.0278  0.0265  0.0271  0.0266  0.0255
  0.0321  0.0326  0.0315  0.0306  0.0361  0.0412  0.0282  0.0300  0.0274  0.0286  0.0272  0.0258
niter,ni,del,rscale     7    3    5.0000    1.2000
parameters
   -1.0274  -12.7513   17.2889   -0.7035   -9.7843   -9.1729
   -2.6531    1.4815    5.4684   -0.2462   -2.4448    2.9855
eta,q 0.97466  9.48156
  0.0287  0.0270  0.0276  0.0295  0.0280  0.0298  0.0278  0.0305  0.0272  0.0278  0.0268  0.0269
  0.0270  0.0260  0.0264  0.0279  0.0265  0.0283  0.0265  0.0279  0.0262  0.0263  0.0260  0.0262
  0.0259  0.0255  0.0257  0.0265  0.0255  0.0263  0.0257  0.0260  0.0256  0.0255  0.0255  0.0257
  0.0255  0.0255  0.0255  0.0255  0.0252  0.0252  0.0254  0.0254  0.0254  0.0254  0.0254  0.0254
  0.0258  0.0260  0.0257  0.0252  0.0257  0.0268  0.0257  0.0260  0.0256  0.0259  0.0255  0.0254
  0.0267  0.0269  0.0264  0.0259  0.0271  0.0302  0.0265  0.0277  0.0261  0.0271  0.0260  0.0257
  0.0282  0.0283  0.0275  0.0277  0.0294  0.0343  0.0278  0.0300  0.0271  0.0289  0.0268  0.0265
niter,ni,del,rscale     6    3    5.0000    1.2000
parameters
   -0.9608  -12.8055   16.8572   -0.2946   -9.5205   -9.9043
   -2.7075    1.6096    5.6373   -0.3748   -2.4230    2.9222
eta,q 0.97463  9.47843
  0.0285  0.0274  0.0265  0.0288  0.0285  0.0299  0.0278  0.0304  0.0272  0.0283  0.0269  0.0266
  0.0268  0.0262  0.0257  0.0273  0.0269  0.0283  0.0265  0.0278  0.0263  0.0267  0.0260  0.0260
  0.0257  0.0255  0.0253  0.0260  0.0257  0.0266  0.0256  0.0260  0.0256  0.0257  0.0255  0.0256
  0.0253  0.0253  0.0253  0.0252  0.0252  0.0252  0.0254  0.0254  0.0254  0.0254  0.0254  0.0254
  0.0256  0.0257  0.0258  0.0252  0.0254  0.0261  0.0257  0.0260  0.0255  0.0258  0.0255  0.0254
  0.0266  0.0264  0.0266  0.0264  0.0265  0.0288  0.0265  0.0277  0.0261  0.0269  0.0260  0.0259
  0.0281  0.0275  0.0277  0.0286  0.0284  0.0330  0.0278  0.0300  0.0271  0.0285  0.0268  0.0268
niter,ni,del,rscale     5    3    5.0000    1.2000
parameters
   -0.9117  -12.7411   16.4263   -0.0959   -9.3479  -10.3740
   -2.7968    1.6868    5.7125   -0.2998   -2.4248    2.5702
eta,q 0.97460  9.47189
  0.0285  0.0277  0.0265  0.0287  0.0285  0.0299  0.0277  0.0304  0.0272  0.0285  0.0269  0.0265
  0.0268  0.0264  0.0257  0.0272  0.0269  0.0283  0.0265  0.0278  0.0262  0.0268  0.0261  0.0259
  0.0257  0.0256  0.0253  0.0260  0.0258  0.0267  0.0256  0.0260  0.0256  0.0257  0.0256  0.0256
  0.0254  0.0254  0.0254  0.0253  0.0253  0.0253  0.0254  0.0254  0.0254  0.0254  0.0254  0.0254
  0.0257  0.0256  0.0258  0.0253  0.0255  0.0260  0.0257  0.0260  0.0256  0.0258  0.0256  0.0255
  0.0266  0.0263  0.0265  0.0266  0.0266  0.0283  0.0265  0.0278  0.0262  0.0268  0.0261  0.0260
  0.0282  0.0274  0.0276  0.0288  0.0285  0.0322  0.0278  0.0301  0.0271  0.0283  0.0268  0.0269
niter,ni,del,rscale     4    3    5.0000    1.2000
parameters
   -0.8832  -12.6601   16.1044    0.0333   -9.2401  -10.6671
   -2.8492    1.7281    5.7503   -0.1717   -2.4337    2.2209
eta,q 0.97458  9.46720
  0.0284  0.0277  0.0266  0.0287  0.0284  0.0300  0.0277  0.0303  0.0271  0.0285  0.0269  0.0265
  0.0268  0.0264  0.0258  0.0272  0.0269  0.0284  0.0265  0.0278  0.0262  0.0268  0.0261  0.0259
  0.0258  0.0257  0.0254  0.0261  0.0258  0.0268  0.0257  0.0260  0.0256  0.0257  0.0256  0.0256
  0.0254  0.0254  0.0254  0.0254  0.0253  0.0253  0.0254  0.0254  0.0254  0.0254  0.0254  0.0254
  0.0257  0.0256  0.0258  0.0254  0.0256  0.0259  0.0257  0.0261  0.0256  0.0258  0.0256  0.0255
  0.0267  0.0263  0.0265  0.0267  0.0266  0.0282  0.0265  0.0278  0.0262  0.0267  0.0261  0.0260
  0.0283  0.0274  0.0274  0.0289  0.0285  0.0316  0.0278  0.0301  0.0271  0.0282  0.0269  0.0268
niter,ni,del,rscale     3    3    5.0000    1.2000
parameters
   -0.8684  -12.5850   15.8842    0.1242   -9.1865  -10.8588
   -2.8801    1.7478    5.7784   -0.0452   -2.4382    1.9717
eta,q 0.97457  9.46362
  0.0284  0.0277  0.0268  0.0287  0.0284  0.0301  0.0277  0.0303  0.0271  0.0285  0.0269  0.0265
  0.0268  0.0264  0.0259  0.0272  0.0269  0.0284  0.0265  0.0278  0.0262  0.0268  0.0261  0.0260
  0.0258  0.0257  0.0255  0.0261  0.0259  0.0268  0.0257  0.0260  0.0256  0.0257  0.0256  0.0256
  0.0254  0.0254  0.0254  0.0254  0.0254  0.0254  0.0254  0.0254  0.0254  0.0254  0.0254  0.0254
  0.0257  0.0257  0.0258  0.0255  0.0256  0.0259  0.0257  0.0261  0.0256  0.0258  0.0256  0.0255
  0.0267  0.0263  0.0264  0.0267  0.0267  0.0281  0.0265  0.0278  0.0262  0.0267  0.0261  0.0260
  0.0284  0.0274  0.0273  0.0290  0.0285  0.0313  0.0278  0.0301  0.0271  0.0282  0.0269  0.0268
niter,ni,del,rscale     2    3    5.0000    1.2000
parameters
   -0.8608  -12.5236   15.7319    0.1864   -9.1516  -10.9980
   -2.9103    1.7580    5.7946    0.0564   -2.4528    1.7857
eta,q 0.97455  9.46094
  0.0284  0.0277  0.0269  0.0287  0.0284  0.0301  0.0277  0.0303  0.0271  0.0285  0.0269  0.0266
  0.0268  0.0264  0.0260  0.0273  0.0269  0.0284  0.0265  0.0278  0.0262  0.0268  0.0261  0.0260
  0.0258  0.0257  0.0255  0.0261  0.0259  0.0269  0.0257  0.0260  0.0257  0.0257  0.0256  0.0256
  0.0254  0.0254  0.0254  0.0254  0.0254  0.0254  0.0254  0.0254  0.0254  0.0254  0.0254  0.0254
  0.0258  0.0257  0.0258  0.0255  0.0257  0.0260  0.0258  0.0261  0.0256  0.0258  0.0256  0.0255
  0.0268  0.0263  0.0264  0.0268  0.0267  0.0281  0.0265  0.0279  0.0262  0.0267  0.0261  0.0260
  0.0284  0.0274  0.0272  0.0290  0.0286  0.0312  0.0278  0.0302  0.0271  0.0282  0.0269  0.0268
niter,ni,del,rscale     1    3    5.0000    1.2000
parameters
   -0.8580  -12.4781   15.6219    0.2322   -9.1389  -11.1041
   -2.9207    1.7662    5.8081    0.1422   -2.4746    1.6614
eta,q 0.97453  9.45839
  0.0284  0.0276  0.0270  0.0287  0.0284  0.0301  0.0278  0.0303  0.0271  0.0284  0.0269  0.0266
  0.0268  0.0264  0.0260  0.0273  0.0269  0.0285  0.0265  0.0278  0.0262  0.0268  0.0261  0.0260
  0.0258  0.0257  0.0255  0.0261  0.0259  0.0269  0.0257  0.0260  0.0257  0.0257  0.0256  0.0257
  0.0255  0.0255  0.0255  0.0254  0.0254  0.0254  0.0255  0.0255  0.0255  0.0255  0.0255  0.0255
  0.0258  0.0257  0.0258  0.0256  0.0257  0.0260  0.0258  0.0261  0.0256  0.0258  0.0256  0.0255
  0.0268  0.0264  0.0264  0.0268  0.0267  0.0281  0.0265  0.0279  0.0262  0.0267  0.0261  0.0260
  0.0284  0.0274  0.0272  0.0291  0.0286  0.0311  0.0278  0.0302  0.0271  0.0282  0.0269  0.0268
registration optimization eta report
parameter search radius
    2.4000    2.4000    2.4000    8.2800    9.5220    8.2800
    7.2000    7.2000    7.2000    7.2000    7.2000    8.2800
100000*second partial in parameter space
       52.       36.       28.        5.        3.        7.
        4.        9.        3.        6.        3.        2.
  0.0284  0.0276  0.0270  0.0287  0.0284  0.0301  0.0278  0.0303  0.0271  0.0284  0.0269  0.0266
  0.0268  0.0264  0.0260  0.0273  0.0269  0.0285  0.0265  0.0278  0.0262  0.0268  0.0261  0.0260
  0.0258  0.0257  0.0255  0.0261  0.0259  0.0269  0.0257  0.0260  0.0257  0.0257  0.0256  0.0257
  0.0255  0.0255  0.0255  0.0254  0.0254  0.0254  0.0255  0.0255  0.0255  0.0255  0.0255  0.0255
  0.0258  0.0257  0.0258  0.0256  0.0257  0.0260  0.0258  0.0261  0.0256  0.0258  0.0256  0.0255
  0.0268  0.0264  0.0264  0.0268  0.0267  0.0281  0.0265  0.0279  0.0262  0.0267  0.0261  0.0260
  0.0284  0.0274  0.0272  0.0291  0.0286  0.0311  0.0278  0.0302  0.0271  0.0282  0.0269  0.0268
   -0.8580  -12.4781   15.6219    0.2322   -9.1389  -11.1041
   -2.9207    1.7662    5.8081    0.1422   -2.4746    1.6614
eta,q 0.97453  9.45839

---------------------------------------------------------------------
imgreg_4dfp /opt/freesurfer/average/711-2C_as_mni_average_305 /opt/freesurfer/average/711-2B_as_mni_average_305_mask talsrcimg_g11 none talsrcimg_to_711-2C_as_mni_average_305_t4 2311
---------------------------------------------------------------------

freesurfer imgreg_4dfp.c
/opt/freesurfer/average/711-2C_as_mni_average_305.4dfp.img
       256       256       256         1
  1.000000  1.000000  1.000000
orientation T byte_order littleendian
Reading image: /opt/freesurfer/average/711-2C_as_mni_average_305.4dfp.img
dimensions:      256       256       256
mmppix:       1.0000   -1.0000   -1.0000
center:     128.0000 -129.0000 -129.0000
/opt/freesurfer/average/711-2B_as_mni_average_305_mask.4dfp.img
       256       256       256         1
  1.000000  1.000000  1.000000
orientation T byte_order littleendian
Reading mask: /opt/freesurfer/average/711-2B_as_mni_average_305_mask.4dfp.img (2306576 pixels)
talsrcimg_g11.4dfp.img
       256       256       256         1
  0.900000  0.900000  0.900000
orientation T byte_order littleendian
Reading image: talsrcimg_g11.4dfp.img
dimensions:      256       256       256
mmppix:       0.9000   -0.9000   -0.9000
center:     115.2000 -116.1000 -116.1000
fimgreg.f
image alignment mode   2311 decimal      907 hex
parameters
   -0.8580  -12.4781   15.6219    0.2322   -9.1389  -11.1041
   -2.9207    1.7662    5.8081    0.1422   -2.4746    1.6614
eta,q 0.97453  9.45839
niter,ni,del,rscale     5    3    5.0000    0.8000
parameters
   -0.8514  -12.4897   15.4719    0.8871   -8.8511  -10.8314
   -2.9129    1.6627    5.9211   -0.0084   -2.4959    1.4435
eta,q 0.97465  9.49431
  0.0268  0.0264  0.0261  0.0269  0.0263  0.0280  0.0265  0.0278  0.0261  0.0267  0.0261  0.0257
  0.0261  0.0259  0.0257  0.0263  0.0258  0.0271  0.0259  0.0264  0.0257  0.0259  0.0257  0.0255
  0.0256  0.0256  0.0255  0.0258  0.0255  0.0260  0.0255  0.0256  0.0255  0.0254  0.0254  0.0254
  0.0255  0.0255  0.0255  0.0255  0.0254  0.0254  0.0254  0.0254  0.0254  0.0254  0.0254  0.0254
  0.0256  0.0256  0.0256  0.0254  0.0254  0.0255  0.0255  0.0257  0.0254  0.0256  0.0254  0.0254
  0.0261  0.0259  0.0259  0.0257  0.0257  0.0264  0.0259  0.0267  0.0257  0.0260  0.0257  0.0255
  0.0268  0.0264  0.0263  0.0264  0.0261  0.0277  0.0264  0.0279  0.0261  0.0268  0.0261  0.0258
niter,ni,del,rscale     4    3    5.0000    0.7000
parameters
   -0.8561  -12.4565   15.6302    0.8792   -8.7581  -10.5038
   -2.8951    1.6256    5.9741   -0.0577   -2.5311    1.4598
eta,q 0.97469  9.51017
  0.0264  0.0261  0.0261  0.0263  0.0260  0.0276  0.0262  0.0273  0.0259  0.0264  0.0259  0.0256
  0.0258  0.0257  0.0257  0.0259  0.0257  0.0267  0.0257  0.0262  0.0256  0.0257  0.0256  0.0254
  0.0255  0.0254  0.0255  0.0255  0.0254  0.0258  0.0254  0.0255  0.0254  0.0254  0.0254  0.0254
  0.0254  0.0254  0.0254  0.0254  0.0253  0.0253  0.0253  0.0253  0.0253  0.0253  0.0253  0.0253
  0.0255  0.0254  0.0254  0.0254  0.0254  0.0254  0.0254  0.0256  0.0254  0.0255  0.0254  0.0253
  0.0258  0.0257  0.0255  0.0258  0.0256  0.0261  0.0257  0.0263  0.0256  0.0258  0.0256  0.0254
  0.0264  0.0260  0.0258  0.0265  0.0260  0.0272  0.0261  0.0273  0.0259  0.0264  0.0259  0.0256
niter,ni,del,rscale     3    3    5.0000    0.6000
parameters
   -0.8641  -12.4981   15.8285    0.8581   -8.7529  -10.1661
   -2.8977    1.5958    6.0113   -0.1776   -2.5555    1.6147
eta,q 0.97474  9.52241
  0.0261  0.0258  0.0259  0.0261  0.0258  0.0272  0.0259  0.0268  0.0257  0.0260  0.0257  0.0255
  0.0257  0.0255  0.0256  0.0257  0.0255  0.0264  0.0255  0.0259  0.0255  0.0256  0.0255  0.0254
  0.0254  0.0253  0.0254  0.0254  0.0254  0.0257  0.0253  0.0254  0.0253  0.0253  0.0253  0.0253
  0.0253  0.0253  0.0253  0.0253  0.0253  0.0253  0.0253  0.0253  0.0253  0.0253  0.0253  0.0253
  0.0254  0.0254  0.0253  0.0254  0.0253  0.0253  0.0254  0.0255  0.0253  0.0254  0.0253  0.0253
  0.0257  0.0256  0.0254  0.0256  0.0255  0.0258  0.0256  0.0260  0.0255  0.0257  0.0255  0.0253
  0.0261  0.0259  0.0256  0.0261  0.0258  0.0267  0.0259  0.0268  0.0257  0.0261  0.0257  0.0255
niter,ni,del,rscale     2    3    5.0000    0.5000
parameters
   -0.8732  -12.5604   16.0692    0.8246   -8.7616   -9.8085
   -2.9017    1.5615    6.0490   -0.2931   -2.5763    1.8599
eta,q 0.97480  9.53465
  0.0258  0.0256  0.0257  0.0258  0.0256  0.0267  0.0257  0.0263  0.0255  0.0257  0.0255  0.0254
  0.0255  0.0254  0.0255  0.0255  0.0254  0.0261  0.0254  0.0257  0.0254  0.0254  0.0254  0.0253
  0.0253  0.0253  0.0253  0.0253  0.0253  0.0255  0.0253  0.0253  0.0253  0.0252  0.0252  0.0252
  0.0253  0.0253  0.0253  0.0252  0.0252  0.0252  0.0252  0.0252  0.0252  0.0252  0.0252  0.0252
  0.0253  0.0253  0.0252  0.0253  0.0253  0.0252  0.0253  0.0253  0.0252  0.0253  0.0252  0.0252
  0.0255  0.0255  0.0253  0.0255  0.0254  0.0256  0.0254  0.0257  0.0253  0.0255  0.0254  0.0252
  0.0258  0.0257  0.0254  0.0258  0.0256  0.0262  0.0257  0.0263  0.0255  0.0258  0.0255  0.0254
niter,ni,del,rscale     1    3    5.0000    0.4000
parameters
   -0.8876  -12.6258   16.3227    0.7927   -8.8127   -9.4673
   -2.8982    1.5193    6.0974   -0.3929   -2.5616    2.1172
eta,q 0.97486  9.54459
  0.0256  0.0254  0.0255  0.0255  0.0254  0.0263  0.0255  0.0258  0.0254  0.0255  0.0254  0.0253
  0.0254  0.0253  0.0254  0.0254  0.0253  0.0257  0.0253  0.0255  0.0253  0.0253  0.0252  0.0252
  0.0252  0.0252  0.0253  0.0252  0.0252  0.0254  0.0252  0.0252  0.0252  0.0252  0.0252  0.0252
  0.0252  0.0252  0.0252  0.0252  0.0252  0.0252  0.0251  0.0251  0.0251  0.0251  0.0251  0.0251
  0.0252  0.0252  0.0252  0.0252  0.0252  0.0252  0.0252  0.0252  0.0252  0.0252  0.0252  0.0251
  0.0254  0.0253  0.0252  0.0253  0.0253  0.0254  0.0253  0.0255  0.0252  0.0253  0.0252  0.0252
  0.0256  0.0255  0.0253  0.0256  0.0254  0.0258  0.0254  0.0259  0.0254  0.0255  0.0254  0.0252
registration optimization eta report
parameter search radius
    0.8000    0.8000    0.8000    2.4000    2.4000    2.4000
    2.4000    2.4000    2.4000    2.4000    2.4000    2.4000
100000*second partial in parameter space
       57.       39.       32.        7.        4.       15.
        5.       12.        4.        7.        4.        2.
  0.0256  0.0254  0.0255  0.0255  0.0254  0.0263  0.0255  0.0258  0.0254  0.0255  0.0254  0.0253
  0.0254  0.0253  0.0254  0.0254  0.0253  0.0257  0.0253  0.0255  0.0253  0.0253  0.0252  0.0252
  0.0252  0.0252  0.0253  0.0252  0.0252  0.0254  0.0252  0.0252  0.0252  0.0252  0.0252  0.0252
  0.0252  0.0252  0.0252  0.0252  0.0252  0.0252  0.0251  0.0251  0.0251  0.0251  0.0251  0.0251
  0.0252  0.0252  0.0252  0.0252  0.0252  0.0252  0.0252  0.0252  0.0252  0.0252  0.0252  0.0251
  0.0254  0.0253  0.0252  0.0253  0.0253  0.0254  0.0253  0.0255  0.0252  0.0253  0.0252  0.0252
  0.0256  0.0255  0.0253  0.0256  0.0254  0.0258  0.0254  0.0259  0.0254  0.0255  0.0254  0.0252
   -0.8876  -12.6258   16.3227    0.7927   -8.8127   -9.4673
   -2.8982    1.5193    6.0974   -0.3929   -2.5616    2.1172
eta,q 0.97486  9.54459

---------------------------------------------------------------------
imgreg_4dfp /opt/freesurfer/average/711-2C_as_mni_average_305 /opt/freesurfer/average/711-2B_as_mni_average_305_mask talsrcimg_g11 none talsrcimg_to_711-2C_as_mni_average_305_t4 2311
---------------------------------------------------------------------

freesurfer imgreg_4dfp.c
/opt/freesurfer/average/711-2C_as_mni_average_305.4dfp.img
       256       256       256         1
  1.000000  1.000000  1.000000
orientation T byte_order littleendian
Reading image: /opt/freesurfer/average/711-2C_as_mni_average_305.4dfp.img
dimensions:      256       256       256
mmppix:       1.0000   -1.0000   -1.0000
center:     128.0000 -129.0000 -129.0000
/opt/freesurfer/average/711-2B_as_mni_average_305_mask.4dfp.img
       256       256       256         1
  1.000000  1.000000  1.000000
orientation T byte_order littleendian
Reading mask: /opt/freesurfer/average/711-2B_as_mni_average_305_mask.4dfp.img (2306576 pixels)
talsrcimg_g11.4dfp.img
       256       256       256         1
  0.900000  0.900000  0.900000
orientation T byte_order littleendian
Reading image: talsrcimg_g11.4dfp.img
dimensions:      256       256       256
mmppix:       0.9000   -0.9000   -0.9000
center:     115.2000 -116.1000 -116.1000
fimgreg.f
image alignment mode   2311 decimal      907 hex
parameters
   -0.8876  -12.6258   16.3227    0.7927   -8.8127   -9.4673
   -2.8982    1.5193    6.0974   -0.3929   -2.5616    2.1172
eta,q 0.97486  9.54458
niter,ni,del,rscale     5    3    5.0000    0.8000
parameters
   -0.9007  -12.6384   16.5802    0.3839   -8.9245   -9.3311
   -2.8467    1.5457    5.9202   -0.2722   -2.5431    2.2695
eta,q 0.97488  9.53693
  0.0266  0.0262  0.0263  0.0263  0.0260  0.0278  0.0263  0.0277  0.0259  0.0267  0.0259  0.0256
  0.0258  0.0256  0.0257  0.0257  0.0255  0.0268  0.0256  0.0263  0.0255  0.0258  0.0255  0.0254
  0.0253  0.0252  0.0253  0.0253  0.0252  0.0257  0.0252  0.0254  0.0252  0.0253  0.0252  0.0252
  0.0251  0.0251  0.0251  0.0251  0.0251  0.0251  0.0251  0.0251  0.0251  0.0251  0.0251  0.0251
  0.0253  0.0253  0.0252  0.0253  0.0252  0.0253  0.0253  0.0254  0.0252  0.0253  0.0252  0.0251
  0.0258  0.0256  0.0253  0.0259  0.0256  0.0264  0.0256  0.0263  0.0255  0.0257  0.0255  0.0253
  0.0266  0.0262  0.0257  0.0269  0.0261  0.0278  0.0262  0.0276  0.0260  0.0265  0.0259  0.0256
niter,ni,del,rscale     4    3    5.0000    0.7000
parameters
   -0.9105  -12.6906   16.6553    0.3847   -8.9957   -9.1967
   -2.8257    1.5090    5.8938   -0.3351   -2.5515    2.4170
eta,q 0.97490  9.53823
  0.0262  0.0258  0.0258  0.0261  0.0258  0.0275  0.0260  0.0271  0.0257  0.0262  0.0257  0.0255
  0.0256  0.0254  0.0254  0.0256  0.0254  0.0265  0.0255  0.0260  0.0254  0.0256  0.0254  0.0253
  0.0252  0.0252  0.0252  0.0253  0.0252  0.0256  0.0252  0.0253  0.0252  0.0252  0.0252  0.0252
  0.0251  0.0251  0.0251  0.0251  0.0251  0.0251  0.0251  0.0251  0.0251  0.0251  0.0251  0.0251
  0.0253  0.0252  0.0252  0.0252  0.0252  0.0253  0.0252  0.0254  0.0252  0.0253  0.0252  0.0251
  0.0256  0.0255  0.0254  0.0256  0.0254  0.0262  0.0255  0.0261  0.0254  0.0256  0.0254  0.0252
  0.0262  0.0259  0.0257  0.0263  0.0258  0.0273  0.0260  0.0272  0.0258  0.0262  0.0257  0.0254
niter,ni,del,rscale     3    3    5.0000    0.6000
parameters
   -0.9246  -12.7198   16.7430    0.4323   -9.0164   -9.0683
   -2.8207    1.4732    5.9193   -0.3933   -2.5641    2.5401
eta,q 0.97492  9.54304
  0.0259  0.0257  0.0257  0.0259  0.0256  0.0270  0.0258  0.0266  0.0256  0.0259  0.0255  0.0254
  0.0254  0.0253  0.0254  0.0255  0.0253  0.0262  0.0254  0.0258  0.0253  0.0254  0.0253  0.0252
  0.0252  0.0251  0.0252  0.0252  0.0252  0.0254  0.0252  0.0252  0.0251  0.0251  0.0251  0.0251
  0.0251  0.0251  0.0251  0.0251  0.0251  0.0251  0.0251  0.0251  0.0251  0.0251  0.0251  0.0251
  0.0252  0.0252  0.0251  0.0251  0.0251  0.0252  0.0252  0.0253  0.0251  0.0252  0.0251  0.0251
  0.0255  0.0254  0.0253  0.0254  0.0253  0.0259  0.0254  0.0258  0.0253  0.0255  0.0253  0.0252
  0.0259  0.0257  0.0255  0.0259  0.0256  0.0269  0.0257  0.0266  0.0256  0.0260  0.0256  0.0253
niter,ni,del,rscale     2    3    5.0000    0.5000
parameters
   -0.9327  -12.7388   16.8322    0.4616   -9.0329   -8.9529
   -2.8341    1.4455    5.9705   -0.4322   -2.5799    2.6647
eta,q 0.97494  9.54731
  0.0256  0.0255  0.0255  0.0256  0.0254  0.0266  0.0255  0.0262  0.0254  0.0257  0.0254  0.0253
  0.0253  0.0252  0.0253  0.0254  0.0252  0.0259  0.0253  0.0255  0.0252  0.0253  0.0252  0.0252
  0.0251  0.0251  0.0251  0.0252  0.0251  0.0253  0.0251  0.0252  0.0251  0.0251  0.0251  0.0251
  0.0251  0.0251  0.0251  0.0251  0.0251  0.0251  0.0251  0.0251  0.0251  0.0251  0.0251  0.0251
  0.0252  0.0251  0.0251  0.0251  0.0251  0.0251  0.0251  0.0252  0.0251  0.0251  0.0251  0.0251
  0.0253  0.0253  0.0252  0.0253  0.0252  0.0256  0.0253  0.0256  0.0252  0.0254  0.0252  0.0251
  0.0257  0.0255  0.0254  0.0257  0.0255  0.0264  0.0255  0.0262  0.0254  0.0257  0.0254  0.0253
niter,ni,del,rscale     1    3    5.0000    0.4000
parameters
   -0.9377  -12.7701   16.9100    0.4923   -9.0627   -8.8449
   -2.8372    1.4215    5.9999   -0.4920   -2.5879    2.7832
eta,q 0.97495  9.55043
  0.0254  0.0253  0.0253  0.0254  0.0253  0.0261  0.0254  0.0258  0.0253  0.0254  0.0253  0.0252
  0.0252  0.0252  0.0252  0.0252  0.0252  0.0256  0.0252  0.0254  0.0252  0.0252  0.0251  0.0251
  0.0251  0.0251  0.0251  0.0251  0.0251  0.0252  0.0251  0.0251  0.0251  0.0251  0.0251  0.0251
  0.0251  0.0251  0.0251  0.0251  0.0251  0.0251  0.0250  0.0250  0.0250  0.0251  0.0250  0.0251
  0.0251  0.0251  0.0251  0.0251  0.0251  0.0251  0.0251  0.0251  0.0251  0.0251  0.0251  0.0251
  0.0252  0.0252  0.0251  0.0252  0.0252  0.0254  0.0252  0.0254  0.0251  0.0252  0.0251  0.0251
  0.0254  0.0253  0.0252  0.0254  0.0253  0.0260  0.0254  0.0258  0.0253  0.0255  0.0253  0.0252
registration optimization eta report
parameter search radius
    0.8000    0.8000    0.8000    2.4000    2.4000    2.4000
    2.4000    2.4000    2.4000    2.4000    2.4000    2.4000
100000*second partial in parameter space
       58.       41.       36.        6.        4.       17.
        5.       12.        4.        7.        4.        2.
  0.0254  0.0253  0.0253  0.0254  0.0253  0.0261  0.0254  0.0258  0.0253  0.0254  0.0253  0.0252
  0.0252  0.0252  0.0252  0.0252  0.0252  0.0256  0.0252  0.0254  0.0252  0.0252  0.0251  0.0251
  0.0251  0.0251  0.0251  0.0251  0.0251  0.0252  0.0251  0.0251  0.0251  0.0251  0.0251  0.0251
  0.0251  0.0251  0.0251  0.0251  0.0251  0.0251  0.0250  0.0250  0.0250  0.0251  0.0250  0.0251
  0.0251  0.0251  0.0251  0.0251  0.0251  0.0251  0.0251  0.0251  0.0251  0.0251  0.0251  0.0251
  0.0252  0.0252  0.0251  0.0252  0.0252  0.0254  0.0252  0.0254  0.0251  0.0252  0.0251  0.0251
  0.0254  0.0253  0.0252  0.0254  0.0253  0.0260  0.0254  0.0258  0.0253  0.0255  0.0253  0.0252
   -0.9377  -12.7701   16.9100    0.4923   -9.0627   -8.8449
   -2.8372    1.4215    5.9999   -0.4920   -2.5879    2.7832
eta,q 0.97495  9.55043

---------------------------------------------------------------------
compute_vox2vox talsrcimg talsrcimg_to_711-2C_as_mni_average_305_t4 /opt/freesurfer/average/711-2C_as_mni_average_305
---------------------------------------------------------------------

freesurfer compute_vox2vox.c
Reading: talsrcimg.4dfp.ifh
Reading: talsrcimg_to_711-2C_as_mni_average_305_t4
Reading: /opt/freesurfer/average/711-2C_as_mni_average_305.4dfp.ifh
Writing: talsrcimg_to_711-2C_as_mni_average_305_t4_vox2vox.txt

start time Wed Mar 11 18:37:17 CET 2026
end		time Wed Mar 11 18:37:31 CET 2026

mpr2mni305 success

avi2talxfm orig_nu.mgz /opt/freesurfer/average/mni305.cor.mgz talsrcimg_to_711-2C_as_mni_average_305_t4_vox2vox.txt transforms/talairach.auto.xfm
avi2talxfm done
mv -f /out/sourcedata/freesurfer/sub-v2s1x29868_ses-1/mri/talsrcimg_to_711-2C_as_mni_average_305_t4_vox2vox.txt /out/sourcedata/freesurfer/sub-v2s1x29868_ses-1/mri/transforms/talsrcimg_to_711-2C_as_mni_average_305_t4_vox2vox.txt
lta_convert --src orig_nu.mgz --trg /opt/freesurfer/average/mni305.cor.mgz --inxfm transforms/talairach.auto.xfm --outlta transforms/talairach.auto.xfm.lta --subject fsaverage
7.3.2

--src: orig_nu.mgz src image (geometry).
--trg: /opt/freesurfer/average/mni305.cor.mgz trg image (geometry).
--inmni: transforms/talairach.auto.xfm input MNI/XFM transform.
--outlta: transforms/talairach.auto.xfm.lta output LTA.
--s: fsaverage subject name
 LTA read, type : 1
 0.99283  -0.01531   0.03144  -0.21999;
 0.03018   1.09638  -0.03261  -37.80375;
-0.06534   0.00694   1.09741  -21.20766;
 0.00000   0.00000   0.00000   1.00000;
setting subject to fsaverage
Writing  LTA to file transforms/talairach.auto.xfm.lta...
lta_convert successful.
 
 
Started at Wed Mar 11 18:37:16 CET 2026
Ended   at Wed Mar 11 18:37:31 CET 2026
talairach_avi done
