/out/sourcedata/freesurfer/sub-v2s1x29914_ses-1/mri
/opt/freesurfer/bin/talairach_avi
--i orig_nu.mgz --xfm transforms/talairach.auto.xfm
talairach_avi 7.3.2
Linux dna055 5.14.0-427.37.1.el9_4.x86_64 #1 SMP PREEMPT_DYNAMIC Fri Sep 13 12:41:50 EDT 2024 x86_64 x86_64 x86_64 GNU/Linux
Thu Mar 12 20:16:32 CET 2026
mri_convert orig_nu.mgz talsrcimg.img 
reading from orig_nu.mgz...
TR=0.00, TE=0.00, TI=0.00, flip angle=0.00
i_ras = (-1, 0, 0)
j_ras = (0, 0, -1)
k_ras = (0, 1, 0)
writing to talsrcimg.img...
Analyze Output Matrix
-0.90000   0.00000   0.00000   119.83670;
 0.00000   0.00000   0.90000  -96.64801;
 0.00000  -0.90000   0.00000   160.60587;
 0.00000   0.00000   0.00000   1.00000;
--------------------
INFO: set hdr.hist.orient to -1
mpr2mni305 talsrcimg
Thu Mar 12 20:16:32 CET 2026
/opt/freesurfer/bin/mpr2mni305 talsrcimg
mpr2mni305 7.3.2
target=711-2C_as_mni_average_305

---------------------------------------------------------------------
analyzeto4dfp talsrcimg -O0 -y
---------------------------------------------------------------------

freesurfer ifh2hdr.c
Thu Mar 12 20:16:32 2026
Writing: talsrcimg.4dfp.hdr
freesurfer analyzeto4dfp.c
Reading: talsrcimg.hdr
header size 348 bytes
hdr.dime.datatype	offset=70	value=2
hdr.dime.bitpix		offset=72	value=8
hdr.hist.orient		offset=252	value=-1
dimensionality     4
dimensions       256       256       256         1
Reading: talsrcimg.img
Writing: talsrcimg.4dfp.img
Writing: talsrcimg.4dfp.ifh
ifh2hdr talsrcimg -r0to232
ori=2

---------------------------------------------------------------------
gauss_4dfp talsrcimg 1.1
---------------------------------------------------------------------

freesurfer gauss_4dfp.c
Reading: talsrcimg.4dfp.img
Writing: talsrcimg_g11.4dfp.img
image dimensions 256 256 256 padded to 288 288 288
processing volume 1freesurfer ifh2hdr.c
Thu Mar 12 20:16:34 2026
Writing: talsrcimg_g11.4dfp.hdr

Writing: talsrcimg_g11.4dfp.ifh
including: talsrcimg.4dfp.img.rec in talsrcimg_g11.4dfp.img.rec

---------------------------------------------------------------------
imgreg_4dfp /opt/freesurfer/average/711-2C_as_mni_average_305 none talsrcimg_g11 none talsrcimg_to_711-2C_as_mni_average_305_t4 4355
---------------------------------------------------------------------

freesurfer imgreg_4dfp.c
/opt/freesurfer/average/711-2C_as_mni_average_305.4dfp.img
       256       256       256         1
  1.000000  1.000000  1.000000
orientation T byte_order littleendian
Reading image: /opt/freesurfer/average/711-2C_as_mni_average_305.4dfp.img
dimensions:      256       256       256
mmppix:       1.0000   -1.0000   -1.0000
center:     128.0000 -129.0000 -129.0000
talsrcimg_g11.4dfp.img
       256       256       256         1
  0.900000  0.900000  0.900000
orientation T byte_order littleendian
Reading image: talsrcimg_g11.4dfp.img
dimensions:      256       256       256
mmppix:       0.9000   -0.9000   -0.9000
center:     115.2000 -116.1000 -116.1000
t4_read: open error in t4_sub.f l:  41 t4_file(1:l)talsrcimg_to_711-2C_as_mni_average_305_t4 
t4_read: transform initialized to I4
rotation matrix determinant  1.000000
image alignment mode   4355 decimal     1103 hex
   -7.5000  -45.0000  -45.0000 5521.7656   18.1927
    0.0000  -45.0000  -45.0000 5557.4995   18.1819
    7.5000  -45.0000  -45.0000 5325.1665   18.1902
   -7.5000  -37.5000  -45.0000 5962.8086   19.3305
    0.0000  -37.5000  -45.0000 6006.0342   19.3171
    7.5000  -37.5000  -45.0000 5759.9102   19.3298
   -7.5000  -30.0000  -45.0000 6402.3228   19.9576
    0.0000  -30.0000  -45.0000 6442.1587   19.9382
    7.5000  -30.0000  -45.0000 6171.4087   19.9489
   -7.5000  -22.5000  -45.0000 6891.9873   19.9771
    0.0000  -22.5000  -45.0000 6929.4932   19.9538
    7.5000  -22.5000  -45.0000 6632.2178   19.9592
   -7.5000  -15.0000  -45.0000 7360.3726   19.9803
    0.0000  -15.0000  -45.0000 7394.2798   19.9598
    7.5000  -15.0000  -45.0000 7084.5288   19.9612
   -7.5000   -7.5000  -45.0000 7493.8740   19.9643
    0.0000   -7.5000  -45.0000 7540.1069   19.9492
    7.5000   -7.5000  -45.0000 7220.4023   19.9517
   -7.5000    0.0000  -45.0000 7609.2769   19.9416
    0.0000    0.0000  -45.0000 7648.5371   19.9299
    7.5000    0.0000  -45.0000 7314.0088   19.9389
   -7.5000    7.5000  -45.0000 7410.6079   19.9399
    0.0000    7.5000  -45.0000 7434.1489   19.9261
    7.5000    7.5000  -45.0000 7111.5557   19.9392
   -7.5000   15.0000  -45.0000 7410.4536   19.9576
    0.0000   15.0000  -45.0000 7427.6670   19.9382
    7.5000   15.0000  -45.0000 7127.9204   19.9489
   -7.5000   22.5000  -45.0000 6899.0835   19.7083
    0.0000   22.5000  -45.0000 6899.3174   19.6854
    7.5000   22.5000  -45.0000 6613.3232   19.6907
   -7.5000   30.0000  -45.0000 6311.8521   19.1858
    0.0000   30.0000  -45.0000 6312.9971   19.1661
    7.5000   30.0000  -45.0000 6035.4658   19.1675
   -7.5000   37.5000  -45.0000 5789.9849   18.5532
    0.0000   37.5000  -45.0000 5780.0464   18.5391
    7.5000   37.5000  -45.0000 5518.3120   18.5414
   -7.5000   45.0000  -45.0000 5242.2080   17.9831
    0.0000   45.0000  -45.0000 5232.3706   17.9667
    7.5000   45.0000  -45.0000 4991.1206   17.9704
   -7.5000  -45.0000  -37.5000 6045.1787   18.9563
    0.0000  -45.0000  -37.5000 6106.4087   18.9460
    7.5000  -45.0000  -37.5000 5846.1206   18.9567
   -7.5000  -37.5000  -37.5000 6535.7803   20.1372
    0.0000  -37.5000  -37.5000 6618.7749   20.1244
    7.5000  -37.5000  -37.5000 6319.5088   20.1471
   -7.5000  -30.0000  -37.5000 7006.1382   20.7359
    0.0000  -30.0000  -37.5000 7085.5210   20.7179
    7.5000  -30.0000  -37.5000 6762.2529   20.7470
   -7.5000  -22.5000  -37.5000 7532.5459   20.7501
    0.0000  -22.5000  -37.5000 7611.7544   20.7293
    7.5000  -22.5000  -37.5000 7252.4365   20.7543
   -7.5000  -15.0000  -37.5000 8033.8545   20.7686
    0.0000  -15.0000  -37.5000 8122.4678   20.7506
    7.5000  -15.0000  -37.5000 7737.5137   20.7633
   -7.5000   -7.5000  -37.5000 8155.7900   20.7701
    0.0000   -7.5000  -37.5000 8236.8809   20.7563
    7.5000   -7.5000  -37.5000 7852.1973   20.7621
   -7.5000    0.0000  -37.5000 8243.4209   20.7522
    0.0000    0.0000  -37.5000 8319.0625   20.7410
    7.5000    0.0000  -37.5000 7929.8013   20.7526
   -7.5000    7.5000  -37.5000 8016.7578   20.7355
    0.0000    7.5000  -37.5000 8058.5972   20.7223
    7.5000    7.5000  -37.5000 7705.2993   20.7457
   -7.5000   15.0000  -37.5000 8018.6255   20.7350
    0.0000   15.0000  -37.5000 8045.6562   20.7169
    7.5000   15.0000  -37.5000 7676.1587   20.7460
   -7.5000   22.5000  -37.5000 7456.6934   20.4727
    0.0000   22.5000  -37.5000 7475.9707   20.4522
    7.5000   22.5000  -37.5000 7126.2822   20.4768
   -7.5000   30.0000  -37.5000 6809.9688   19.9569
    0.0000   30.0000  -37.5000 6838.2749   19.9396
    7.5000   30.0000  -37.5000 6507.8438   19.9518
   -7.5000   37.5000  -37.5000 6209.6797   19.3178
    0.0000   37.5000  -37.5000 6238.0957   19.3049
    7.5000   37.5000  -37.5000 5929.7876   19.3103
   -7.5000   45.0000  -37.5000 5593.7432   18.7098
    0.0000   45.0000  -37.5000 5608.2539   18.6943
    7.5000   45.0000  -37.5000 5338.1899   18.7008
   -7.5000  -45.0000  -30.0000 6567.1392   19.6781
    0.0000  -45.0000  -30.0000 6643.8945   19.6651
    7.5000  -45.0000  -30.0000 6362.6460   19.6562
   -7.5000  -37.5000  -30.0000 7082.1631   20.9157
    0.0000  -37.5000  -30.0000 7181.3926   20.8979
    7.5000  -37.5000  -30.0000 6857.0757   20.9013
   -7.5000  -30.0000  -30.0000 7584.0547   21.5025
    0.0000  -30.0000  -30.0000 7684.3457   21.4805
    7.5000  -30.0000  -30.0000 7330.7549   21.4940
   -7.5000  -22.5000  -30.0000 8148.5010   21.5077
    0.0000  -22.5000  -30.0000 8269.7002   21.4867
    7.5000  -22.5000  -30.0000 7865.4688   21.4982
   -7.5000  -15.0000  -30.0000 8704.1104   21.5243
    0.0000  -15.0000  -30.0000 8829.5498   21.5072
    7.5000  -15.0000  -30.0000 8372.9834   21.5043
   -7.5000   -7.5000  -30.0000 8819.6133   21.5309
    0.0000   -7.5000  -30.0000 8942.2617   21.5169
    7.5000   -7.5000  -30.0000 8474.0391   21.5036
   -7.5000    0.0000  -30.0000 8908.0381   21.5200
    0.0000    0.0000  -30.0000 9021.1748   21.5059
    7.5000    0.0000  -30.0000 8544.5811   21.4961
   -7.5000    7.5000  -30.0000 8635.3955   21.5046
    0.0000    7.5000  -30.0000 8722.2500   21.4862
    7.5000    7.5000  -30.0000 8272.8359   21.4898
   -7.5000   15.0000  -30.0000 8601.7324   21.4995
    0.0000   15.0000  -30.0000 8679.4287   21.4775
    7.5000   15.0000  -30.0000 8229.2529   21.4910
   -7.5000   22.5000  -30.0000 7971.1465   21.2211
    0.0000   22.5000  -30.0000 8043.7100   21.2003
    7.5000   22.5000  -30.0000 7636.1997   21.2117
   -7.5000   30.0000  -30.0000 7268.9463   20.6982
    0.0000   30.0000  -30.0000 7347.8618   20.6818
    7.5000   30.0000  -30.0000 6961.1714   20.6790
   -7.5000   37.5000  -30.0000 6595.7827   20.0556
    0.0000   37.5000  -30.0000 6656.2988   20.0425
    7.5000   37.5000  -30.0000 6298.7617   20.0302
   -7.5000   45.0000  -30.0000 5934.0786   19.4307
    0.0000   45.0000  -30.0000 5960.0405   19.4132
    7.5000   45.0000  -30.0000 5653.7119   19.4007
   -7.5000  -45.0000  -22.5000 7159.3057   20.5244
    0.0000  -45.0000  -22.5000 7227.3623   20.5098
    7.5000  -45.0000  -22.5000 6904.5757   20.4786
   -7.5000  -37.5000  -22.5000 7703.0854   21.8434
    0.0000  -37.5000  -22.5000 7785.0679   21.8220
    7.5000  -37.5000  -22.5000 7422.5371   21.7947
   -7.5000  -30.0000  -22.5000 8260.7305   22.4433
    0.0000  -30.0000  -22.5000 8352.5088   22.4191
    7.5000  -30.0000  -22.5000 7935.1875   22.3963
   -7.5000  -22.5000  -22.5000 8863.8467   22.4445
    0.0000  -22.5000  -22.5000 8990.0967   22.4245
    7.5000  -22.5000  -22.5000 8525.6719   22.4013
   -7.5000  -15.0000  -22.5000 9449.9746   22.4453
    0.0000  -15.0000  -22.5000 9610.0703   22.4298
    7.5000  -15.0000  -22.5000 9071.2822   22.3993
   -7.5000   -7.5000  -22.5000 9556.2061   22.4415
    0.0000   -7.5000  -22.5000 9714.6396   22.4278
    7.5000   -7.5000  -22.5000 9168.9707   22.3922
   -7.5000    0.0000  -22.5000 9626.6387   22.4328
    0.0000    0.0000  -22.5000 9786.5020   22.4168
    7.5000    0.0000  -22.5000 9238.2246   22.3828
   -7.5000    7.5000  -22.5000 9301.5732   22.4304
    0.0000    7.5000  -22.5000 9453.6328   22.4084
    7.5000    7.5000  -22.5000 8918.5078   22.3804
   -7.5000   15.0000  -22.5000 9242.6768   22.4379
    0.0000   15.0000  -22.5000 9374.3623   22.4137
    7.5000   15.0000  -22.5000 8830.3662   22.3909
   -7.5000   22.5000  -22.5000 8540.4326   22.1476
    0.0000   22.5000  -22.5000 8672.5674   22.1278
    7.5000   22.5000  -22.5000 8167.3008   22.1049
   -7.5000   30.0000  -22.5000 7788.6270   21.5997
    0.0000   30.0000  -22.5000 7897.2671   21.5848
    7.5000   30.0000  -22.5000 7430.9014   21.5554
   -7.5000   37.5000  -22.5000 7052.1489   20.9356
    0.0000   37.5000  -22.5000 7123.9033   20.9229
    7.5000   37.5000  -22.5000 6705.9883   20.8896
   -7.5000   45.0000  -22.5000 6323.5581   20.3058
    0.0000   45.0000  -22.5000 6357.8330   20.2868
    7.5000   45.0000  -22.5000 6009.9644   20.2518
   -7.5000  -45.0000  -15.0000 7749.2148   21.2987
    0.0000  -45.0000  -15.0000 7809.4941   21.2840
    7.5000  -45.0000  -15.0000 7428.4653   21.2521
   -7.5000  -37.5000  -15.0000 8333.1982   22.6749
    0.0000  -37.5000  -15.0000 8408.6221   22.6536
    7.5000  -37.5000  -15.0000 7982.5425   22.6179
   -7.5000  -30.0000  -15.0000 8947.9873   23.2928
    0.0000  -30.0000  -15.0000 9031.9102   23.2685
    7.5000  -30.0000  -15.0000 8553.9229   23.2283
   -7.5000  -22.5000  -15.0000 9597.8027   23.3019
    0.0000  -22.5000  -15.0000 9719.8232   23.2804
    7.5000  -22.5000  -15.0000 9187.9844   23.2383
   -7.5000  -15.0000  -15.000010208.4111   23.2920
    0.0000  -15.0000  -15.000010345.7031   23.2746
    7.5000  -15.0000  -15.0000 9722.7080   23.2337
   -7.5000   -7.5000  -15.000010304.8877   23.2728
    0.0000   -7.5000  -15.000010440.2920   23.2580
    7.5000   -7.5000  -15.0000 9816.4180   23.2205
   -7.5000    0.0000  -15.000010340.1104   23.2565
    0.0000    0.0000  -15.000010503.6045   23.2404
    7.5000    0.0000  -15.0000 9906.7764   23.2055
   -7.5000    7.5000  -15.0000 9966.7441   23.2616
    0.0000    7.5000  -15.000010142.8926   23.2398
    7.5000    7.5000  -15.0000 9560.0732   23.2032
   -7.5000   15.0000  -15.0000 9866.5107   23.2856
    0.0000   15.0000  -15.000010036.7432   23.2613
    7.5000   15.0000  -15.0000 9426.5918   23.2212
   -7.5000   22.5000  -15.0000 9098.7881   22.9971
    0.0000   22.5000  -15.0000 9272.3594   22.9759
    7.5000   22.5000  -15.0000 8673.0459   22.9343
   -7.5000   30.0000  -15.0000 8308.9541   22.4313
    0.0000   30.0000  -15.0000 8445.7363   22.4146
    7.5000   30.0000  -15.0000 7902.1279   22.3752
   -7.5000   37.5000  -15.0000 7497.0181   21.7443
    0.0000   37.5000  -15.0000 7582.4458   21.7305
    7.5000   37.5000  -15.0000 7105.4731   21.6955
   -7.5000   45.0000  -15.0000 6696.2905   21.1054
    0.0000   45.0000  -15.0000 6743.9692   21.0854
    7.5000   45.0000  -15.0000 6345.2397   21.0488
   -7.5000  -45.0000   -7.5000 8106.1577   21.3222
    0.0000  -45.0000   -7.5000 8148.9834   21.3089
    7.5000  -45.0000   -7.5000 7738.7524   21.2972
   -7.5000  -37.5000   -7.5000 8699.6396   22.6965
    0.0000  -37.5000   -7.5000 8739.5166   22.6783
    7.5000  -37.5000   -7.5000 8309.4873   22.6639
   -7.5000  -30.0000   -7.5000 9340.8721   23.3180
    0.0000  -30.0000   -7.5000 9410.0352   23.2942
    7.5000  -30.0000   -7.5000 8921.8164   23.2728
   -7.5000  -22.5000   -7.500010029.9404   23.3349
    0.0000  -22.5000   -7.500010151.1143   23.3094
    7.5000  -22.5000   -7.5000 9589.2764   23.2838
   -7.5000  -15.0000   -7.500010634.6807   23.3280
    0.0000  -15.0000   -7.500010731.3818   23.3062
    7.5000  -15.0000   -7.500010101.0508   23.2826
   -7.5000   -7.5000   -7.500010694.6719   23.3047
    0.0000   -7.5000   -7.500010795.7549   23.2882
    7.5000   -7.5000   -7.500010167.6367   23.2702
   -7.5000    0.0000   -7.500010721.3594   23.2821
    0.0000    0.0000   -7.500010834.5410   23.2676
    7.5000    0.0000   -7.500010251.8799   23.2547
   -7.5000    7.5000   -7.500010314.3682   23.2839
    0.0000    7.5000   -7.500010424.6680   23.2652
    7.5000    7.5000   -7.5000 9856.4053   23.2503
   -7.5000   15.0000   -7.500010149.2861   23.3108
    0.0000   15.0000   -7.500010276.2119   23.2870
    7.5000   15.0000   -7.5000 9662.4297   23.2657
   -7.5000   22.5000   -7.5000 9343.7012   23.0297
    0.0000   22.5000   -7.5000 9483.7598   23.0045
    7.5000   22.5000   -7.5000 8872.0293   22.9793
   -7.5000   30.0000   -7.5000 8544.1553   22.4660
    0.0000   30.0000   -7.5000 8681.7275   22.4450
    7.5000   30.0000   -7.5000 8098.5303   22.4223
   -7.5000   37.5000   -7.5000 7706.6729   21.7741
    0.0000   37.5000   -7.5000 7807.0254   21.7587
    7.5000   37.5000   -7.5000 7298.0112   21.7419
   -7.5000   45.0000   -7.5000 6852.2476   21.1291
    0.0000   45.0000   -7.5000 6912.6943   21.1097
    7.5000   45.0000   -7.5000 6483.9399   21.0927
   -7.5000  -45.0000    0.0000 8301.9531   21.8342
    0.0000  -45.0000    0.0000 8325.7637   21.8232
    7.5000  -45.0000    0.0000 7897.5908   21.8353
   -7.5000  -37.5000    0.0000 8896.9775   23.2188
    0.0000  -37.5000    0.0000 8916.6865   23.2047
    7.5000  -37.5000    0.0000 8471.4678   23.2224
   -7.5000  -30.0000    0.0000 9584.7344   23.8277
    0.0000  -30.0000    0.0000 9620.8857   23.8062
    7.5000  -30.0000    0.0000 9108.5488   23.8219
   -7.5000  -22.5000    0.000010289.2842   23.8480
    0.0000  -22.5000    0.000010387.4062   23.8214
    7.5000  -22.5000    0.0000 9784.9824   23.8311
   -7.5000  -15.0000    0.000010873.1494   23.8554
    0.0000  -15.0000    0.000010883.5723   23.8321
    7.5000  -15.0000    0.000010267.3350   23.8369
   -7.5000   -7.5000    0.000010899.6592   23.8419
    0.0000   -7.5000    0.000010893.3271   23.8253
    7.5000   -7.5000    0.000010317.5645   23.8310
   -7.5000    0.0000    0.000010884.8066   23.8175
    0.0000    0.0000    0.000010890.4688   23.8055
    7.5000    0.0000    0.000010359.6426   23.8188
   -7.5000    7.5000    0.000010457.3496   23.8039
    0.0000    7.5000    0.000010463.1279   23.7895
    7.5000    7.5000    0.0000 9928.9785   23.8077
   -7.5000   15.0000    0.000010260.5371   23.8193
    0.0000   15.0000    0.000010294.2676   23.7978
    7.5000   15.0000    0.0000 9695.7344   23.8135
   -7.5000   22.5000    0.0000 9423.3760   23.5393
    0.0000   22.5000    0.0000 9500.0068   23.5131
    7.5000   22.5000    0.0000 8906.6465   23.5227
   -7.5000   30.0000    0.0000 8628.1455   22.9878
    0.0000   30.0000    0.0000 8707.6797   22.9653
    7.5000   30.0000    0.0000 8145.9688   22.9700
   -7.5000   37.5000    0.0000 7774.9404   22.3027
    0.0000   37.5000    0.0000 7855.8140   22.2872
    7.5000   37.5000    0.0000 7356.1152   22.2925
   -7.5000   45.0000    0.0000 6890.7842   21.6546
    0.0000   45.0000    0.0000 6961.0146   21.6369
    7.5000   45.0000    0.0000 6532.7598   21.6437
   -7.5000  -45.0000    7.5000 8171.3164   21.7852
    0.0000  -45.0000    7.5000 8162.4019   21.7738
    7.5000  -45.0000    7.5000 7755.0200   21.7864
   -7.5000  -37.5000    7.5000 8775.4863   23.1537
    0.0000  -37.5000    7.5000 8759.9561   23.1394
    7.5000  -37.5000    7.5000 8328.3506   23.1659
   -7.5000  -30.0000    7.5000 9464.7168   23.7440
    0.0000  -30.0000    7.5000 9524.7314   23.7232
    7.5000  -30.0000    7.5000 8979.0859   23.7568
   -7.5000  -22.5000    7.500010074.8496   23.7596
    0.0000  -22.5000    7.500010113.8154   23.7354
    7.5000  -22.5000    7.5000 9597.4395   23.7639
   -7.5000  -15.0000    7.500010559.4121   23.7813
    0.0000  -15.0000    7.500010453.8330   23.7603
    7.5000  -15.0000    7.500010027.4912   23.7749
   -7.5000   -7.5000    7.500010598.4609   23.7841
    0.0000   -7.5000    7.500010488.5908   23.7683
    7.5000   -7.5000    7.500010082.9033   23.7751
   -7.5000    0.0000    7.500010611.8379   23.7641
    0.0000    0.0000    7.500010556.8828   23.7517
    7.5000    0.0000    7.500010140.5459   23.7654
   -7.5000    7.5000    7.500010166.9932   23.7372
    0.0000    7.5000    7.500010122.8018   23.7225
    7.5000    7.5000    7.5000 9712.2021   23.7497
   -7.5000   15.0000    7.5000 9919.5928   23.7356
    0.0000   15.0000    7.5000 9893.7070   23.7148
    7.5000   15.0000    7.5000 9443.9541   23.7484
   -7.5000   22.5000    7.5000 9112.1377   23.4521
    0.0000   22.5000    7.5000 9114.7539   23.4282
    7.5000   22.5000    7.5000 8650.2637   23.4564
   -7.5000   30.0000    7.5000 8355.8252   22.9164
    0.0000   30.0000    7.5000 8392.4150   22.8962
    7.5000   30.0000    7.5000 7913.9077   22.9102
   -7.5000   37.5000    7.5000 7567.7656   22.2487
    0.0000   37.5000    7.5000 7609.6943   22.2338
    7.5000   37.5000    7.5000 7169.5518   22.2402
   -7.5000   45.0000    7.5000 6727.5303   21.6033
    0.0000   45.0000    7.5000 6769.2324   21.5858
    7.5000   45.0000    7.5000 6372.3525   21.5937
   -7.5000  -45.0000   15.0000 8296.4795   21.7657
    0.0000  -45.0000   15.0000 8272.6797   21.7515
    7.5000  -45.0000   15.0000 7858.8828   21.7417
   -7.5000  -37.5000   15.0000 8883.4746   23.1374
    0.0000  -37.5000   15.0000 8862.9668   23.1178
    7.5000  -37.5000   15.0000 8401.3359   23.1217
   -7.5000  -30.0000   15.0000 9487.0947   23.7230
    0.0000  -30.0000   15.0000 9516.8018   23.6989
    7.5000  -30.0000   15.0000 9011.6162   23.7138
   -7.5000  -22.5000   15.000010008.9424   23.7287
    0.0000  -22.5000   15.0000 9942.4785   23.7055
    7.5000  -22.5000   15.0000 9585.2539   23.7183
   -7.5000  -15.0000   15.000010437.0732   23.7472
    0.0000  -15.0000   15.000010227.5000   23.7284
    7.5000  -15.0000   15.0000 9999.6885   23.7251
   -7.5000   -7.5000   15.000010537.7871   23.7548
    0.0000   -7.5000   15.000010324.2559   23.7393
    7.5000   -7.5000   15.000010079.5820   23.7247
   -7.5000    0.0000   15.000010612.7617   23.7428
    0.0000    0.0000   15.000010479.9326   23.7273
    7.5000    0.0000   15.000010183.2217   23.7167
   -7.5000    7.5000   15.000010197.7021   23.7204
    0.0000    7.5000   15.000010106.9053   23.7004
    7.5000    7.5000   15.0000 9800.7539   23.7044
   -7.5000   15.0000   15.0000 9948.7236   23.7146
    0.0000   15.0000   15.0000 9887.9385   23.6905
    7.5000   15.0000   15.0000 9523.8252   23.7054
   -7.5000   22.5000   15.0000 9138.4180   23.4216
    0.0000   22.5000   15.0000 9119.8037   23.3987
    7.5000   22.5000   15.0000 8702.6211   23.4113
   -7.5000   30.0000   15.0000 8391.8672   22.8835
    0.0000   30.0000   15.0000 8406.4248   22.8654
    7.5000   30.0000   15.0000 7977.6558   22.8623
   -7.5000   37.5000   15.0000 7614.1113   22.2213
    0.0000   37.5000   15.0000 7618.8345   22.2067
    7.5000   37.5000   15.0000 7220.1846   22.1930
   -7.5000   45.0000   15.0000 6769.1582   21.5832
    0.0000   45.0000   15.0000 6784.8779   21.5639
    7.5000   45.0000   15.0000 6412.1025   21.5501
   -7.5000  -45.0000   22.5000 7944.8872   21.8034
    0.0000  -45.0000   22.5000 7969.8501   21.7877
    7.5000  -45.0000   22.5000 7527.4536   21.7546
   -7.5000  -37.5000   22.5000 8493.3574   23.1940
    0.0000  -37.5000   22.5000 8512.8887   23.1711
    7.5000  -37.5000   22.5000 8025.5874   23.1421
   -7.5000  -30.0000   22.5000 9086.9873   23.7947
    0.0000  -30.0000   22.5000 9081.8936   23.7689
    7.5000  -30.0000   22.5000 8588.9961   23.7447
   -7.5000  -22.5000   22.5000 9678.2744   23.7961
    0.0000  -22.5000   22.5000 9533.1699   23.7748
    7.5000  -22.5000   22.5000 9170.3613   23.7503
   -7.5000  -15.0000   22.500010130.6934   23.7971
    0.0000  -15.0000   22.5000 9872.3359   23.7807
    7.5000  -15.0000   22.5000 9650.9775   23.7484
   -7.5000   -7.5000   22.500010170.8418   23.7932
    0.0000   -7.5000   22.5000 9933.0654   23.7786
    7.5000   -7.5000   22.5000 9717.2744   23.7409
   -7.5000    0.0000   22.500010216.1172   23.7840
    0.0000    0.0000   22.500010058.2207   23.7669
    7.5000    0.0000   22.5000 9784.1104   23.7307
   -7.5000    7.5000   22.5000 9814.9824   23.7785
    0.0000    7.5000   22.5000 9746.8057   23.7550
    7.5000    7.5000   22.5000 9398.5029   23.7253
   -7.5000   15.0000   22.5000 9547.3711   23.7862
    0.0000   15.0000   22.5000 9523.5977   23.7605
    7.5000   15.0000   22.5000 9108.7197   23.7363
   -7.5000   22.5000   22.5000 8720.7588   23.4881
    0.0000   22.5000   22.5000 8749.7090   23.4671
    7.5000   22.5000   22.5000 8305.7754   23.4429
   -7.5000   30.0000   22.5000 7971.2095   22.9316
    0.0000   30.0000   22.5000 8011.5059   22.9158
    7.5000   30.0000   22.5000 7598.8535   22.8847
   -7.5000   37.5000   22.5000 7205.1309   22.2572
    0.0000   37.5000   22.5000 7233.7817   22.2435
    7.5000   37.5000   22.5000 6859.8809   22.2083
   -7.5000   45.0000   22.5000 6419.1616   21.6229
    0.0000   45.0000   22.5000 6442.1128   21.6025
    7.5000   45.0000   22.5000 6109.5825   21.5653
   -7.5000  -45.0000   30.0000 7496.9097   21.7852
    0.0000  -45.0000   30.0000 7558.6821   21.7702
    7.5000  -45.0000   30.0000 7150.8120   21.7375
   -7.5000  -37.5000   30.0000 8004.3721   23.1936
    0.0000  -37.5000   30.0000 8085.4336   23.1719
    7.5000  -37.5000   30.0000 7638.4038   23.1354
   -7.5000  -30.0000   30.0000 8566.8936   23.8145
    0.0000  -30.0000   30.0000 8631.4238   23.7896
    7.5000  -30.0000   30.0000 8155.1626   23.7485
   -7.5000  -22.5000   30.0000 9177.4922   23.8237
    0.0000  -22.5000   30.0000 9179.9404   23.8017
    7.5000  -22.5000   30.0000 8699.2354   23.7585
   -7.5000  -15.0000   30.0000 9721.0186   23.8143
    0.0000  -15.0000   30.0000 9664.2139   23.7964
    7.5000  -15.0000   30.0000 9166.6436   23.7546
   -7.5000   -7.5000   30.0000 9781.2695   23.7953
    0.0000   -7.5000   30.0000 9720.6367   23.7801
    7.5000   -7.5000   30.0000 9230.5234   23.7418
   -7.5000    0.0000   30.0000 9752.9502   23.7786
    0.0000    0.0000   30.0000 9706.1660   23.7622
    7.5000    0.0000   30.0000 9276.5537   23.7266
   -7.5000    7.5000   30.0000 9325.9766   23.7821
    0.0000    7.5000   30.0000 9303.8008   23.7599
    7.5000    7.5000   30.0000 8905.7051   23.7224
   -7.5000   15.0000   30.0000 9040.2480   23.8060
    0.0000   15.0000   30.0000 9026.5039   23.7812
    7.5000   15.0000   30.0000 8621.5527   23.7400
   -7.5000   22.5000   30.0000 8240.1631   23.5133
    0.0000   22.5000   30.0000 8244.7197   23.4915
    7.5000   22.5000   30.0000 7853.8589   23.4490
   -7.5000   30.0000   30.0000 7507.6318   22.9588
    0.0000   30.0000   30.0000 7521.1895   22.9415
    7.5000   30.0000   30.0000 7156.7832   22.9011
   -7.5000   37.5000   30.0000 6750.4170   22.2801
    0.0000   37.5000   30.0000 6762.0894   22.2659
    7.5000   37.5000   30.0000 6431.3037   22.2300
   -7.5000   45.0000   30.0000 6015.5806   21.6512
    0.0000   45.0000   30.0000 6034.7642   21.6308
    7.5000   45.0000   30.0000 5724.9507   21.5931
   -7.5000  -45.0000   37.5000 6993.2720   21.6926
    0.0000  -45.0000   37.5000 7120.2261   21.6786
    7.5000  -45.0000   37.5000 6712.8184   21.6668
   -7.5000  -37.5000   37.5000 7464.6841   23.0973
    0.0000  -37.5000   37.5000 7625.5869   23.0784
    7.5000  -37.5000   37.5000 7159.7129   23.0639
   -7.5000  -30.0000   37.5000 7982.5317   23.7052
    0.0000  -30.0000   37.5000 8144.3281   23.6808
    7.5000  -30.0000   37.5000 7635.9424   23.6592
   -7.5000  -22.5000   37.5000 8542.8828   23.7232
    0.0000  -22.5000   37.5000 8664.2695   23.6970
    7.5000  -22.5000   37.5000 8149.7856   23.6709
   -7.5000  -15.0000   37.5000 9036.4365   23.7164
    0.0000  -15.0000   37.5000 9129.4033   23.6937
    7.5000  -15.0000   37.5000 8592.5322   23.6694
   -7.5000   -7.5000   37.5000 9128.9277   23.6923
    0.0000   -7.5000   37.5000 9195.2256   23.6748
    7.5000   -7.5000   37.5000 8646.5215   23.6564
   -7.5000    0.0000   37.5000 9160.4150   23.6686
    0.0000    0.0000   37.5000 9197.8613   23.6533
    7.5000    0.0000   37.5000 8696.1084   23.6404
   -7.5000    7.5000   37.5000 8760.6387   23.6687
    0.0000    7.5000   37.5000 8796.6816   23.6494
    7.5000    7.5000   37.5000 8327.6533   23.6346
   -7.5000   15.0000   37.5000 8476.5430   23.6966
    0.0000   15.0000   37.5000 8518.9668   23.6722
    7.5000   15.0000   37.5000 8059.1050   23.6506
   -7.5000   22.5000   37.5000 7723.0591   23.4100
    0.0000   22.5000   37.5000 7755.3784   23.3842
    7.5000   22.5000   37.5000 7345.5049   23.3584
   -7.5000   30.0000   37.5000 7037.9155   22.8641
    0.0000   30.0000   37.5000 7058.4932   22.8423
    7.5000   30.0000   37.5000 6690.8330   22.8189
   -7.5000   37.5000   37.5000 6330.9902   22.1839
    0.0000   37.5000   37.5000 6350.6382   22.1676
    7.5000   37.5000   37.5000 6023.2700   22.1502
   -7.5000   45.0000   37.5000 5641.6860   21.5515
    0.0000   45.0000   37.5000 5649.4229   21.5311
    7.5000   45.0000   37.5000 5362.4429   21.5137
   -7.5000  -45.0000   45.0000 6514.9111   21.6805
    0.0000  -45.0000   45.0000 6589.3984   21.6705
    7.5000  -45.0000   45.0000 6246.7402   21.6863
   -7.5000  -37.5000   45.0000 6943.5068   23.0707
    0.0000  -37.5000   45.0000 7025.6782   23.0569
    7.5000  -37.5000   45.0000 6660.8364   23.0794
   -7.5000  -30.0000   45.0000 7401.2915   23.6418
    0.0000  -30.0000   45.0000 7493.0635   23.6196
    7.5000  -30.0000   45.0000 7093.3203   23.6395
   -7.5000  -22.5000   45.0000 7916.0884   23.6630
    0.0000  -22.5000   45.0000 7983.4722   23.6358
    7.5000  -22.5000   45.0000 7553.2666   23.6479
   -7.5000  -15.0000   45.0000 8366.6768   23.6732
    0.0000  -15.0000   45.0000 8422.7080   23.6503
    7.5000  -15.0000   45.0000 7973.5171   23.6563
   -7.5000   -7.5000   45.0000 8447.3760   23.6606
    0.0000   -7.5000   45.0000 8480.9541   23.6453
    7.5000   -7.5000   45.0000 8043.9092   23.6530
   -7.5000    0.0000   45.0000 8508.0732   23.6348
    0.0000    0.0000   45.0000 8520.2607   23.6241
    7.5000    0.0000   45.0000 8101.3496   23.6412
   -7.5000    7.5000   45.0000 8163.0820   23.6188
    0.0000    7.5000   45.0000 8181.7573   23.6046
    7.5000    7.5000   45.0000 7770.8613   23.6277
   -7.5000   15.0000   45.0000 7901.5508   23.6330
    0.0000   15.0000   45.0000 7908.5527   23.6108
    7.5000   15.0000   45.0000 7508.4551   23.6307
   -7.5000   22.5000   45.0000 7207.8545   23.3475
    0.0000   22.5000   45.0000 7212.4712   23.3207
    7.5000   22.5000   45.0000 6846.5190   23.3326
   -7.5000   30.0000   45.0000 6571.8608   22.8202
    0.0000   30.0000   45.0000 6573.3770   22.7982
    7.5000   30.0000   45.0000 6226.8940   22.8040
   -7.5000   37.5000   45.0000 5911.9058   22.1483
    0.0000   37.5000   45.0000 5904.0708   22.1340
    7.5000   37.5000   45.0000 5610.9292   22.1411
   -7.5000   45.0000   45.0000 5261.7661   21.5094
    0.0000   45.0000   45.0000 5254.9438   21.4925
    7.5000   45.0000   45.0000 5011.4756   21.5027

---------------------------------------------------------------------
imgreg_4dfp /opt/freesurfer/average/711-2C_as_mni_average_305 /opt/freesurfer/average/711-2B_as_mni_average_305_mask talsrcimg_g11 none talsrcimg_to_711-2C_as_mni_average_305_t4 4355
---------------------------------------------------------------------

freesurfer imgreg_4dfp.c
/opt/freesurfer/average/711-2C_as_mni_average_305.4dfp.img
       256       256       256         1
  1.000000  1.000000  1.000000
orientation T byte_order littleendian
Reading image: /opt/freesurfer/average/711-2C_as_mni_average_305.4dfp.img
dimensions:      256       256       256
mmppix:       1.0000   -1.0000   -1.0000
center:     128.0000 -129.0000 -129.0000
/opt/freesurfer/average/711-2B_as_mni_average_305_mask.4dfp.img
       256       256       256         1
  1.000000  1.000000  1.000000
orientation T byte_order littleendian
Reading mask: /opt/freesurfer/average/711-2B_as_mni_average_305_mask.4dfp.img (2306576 pixels)
talsrcimg_g11.4dfp.img
       256       256       256         1
  0.900000  0.900000  0.900000
orientation T byte_order littleendian
Reading image: talsrcimg_g11.4dfp.img
dimensions:      256       256       256
mmppix:       0.9000   -0.9000   -0.9000
center:     115.2000 -116.1000 -116.1000
rotation matrix determinant  1.000000
image alignment mode   4355 decimal     1103 hex
  -15.0000  -52.5000  -45.0000 1713.3353   26.4740
   -7.5000  -52.5000  -45.0000 1731.3839   25.9003
    0.0000  -52.5000  -45.0000 1734.1672   25.6178
  -15.0000  -45.0000  -45.0000 1799.3750   24.4149
   -7.5000  -45.0000  -45.0000 1820.4590   23.9092
    0.0000  -45.0000  -45.0000 1831.4331   23.6416
  -15.0000  -37.5000  -45.0000 1867.8134   22.6405
   -7.5000  -37.5000  -45.0000 1894.0586   22.2169
    0.0000  -37.5000  -45.0000 1909.7715   21.9805
  -15.0000  -30.0000  -45.0000 1911.4214   21.4910
   -7.5000  -30.0000  -45.0000 1941.3512   21.0456
    0.0000  -30.0000  -45.0000 1954.8066   20.8596
  -15.0000  -22.5000  -45.0000 1938.5018   20.7791
   -7.5000  -22.5000  -45.0000 1968.6742   20.2920
    0.0000  -22.5000  -45.0000 1974.2130   20.0779
  -15.0000  -15.0000  -45.0000 1948.7062   20.3475
   -7.5000  -15.0000  -45.0000 1974.1974   19.8437
    0.0000  -15.0000  -45.0000 1974.7776   19.5997
  -15.0000   -7.5000  -45.0000 1939.4978   20.2851
   -7.5000   -7.5000  -45.0000 1964.2510   19.7663
    0.0000   -7.5000  -45.0000 1965.5957   19.4730
  -15.0000    0.0000  -45.0000 1922.3005   20.7496
   -7.5000    0.0000  -45.0000 1946.0254   20.1621
    0.0000    0.0000  -45.0000 1951.1550   19.8510
  -15.0000    7.5000  -45.0000 1891.6654   21.6028
   -7.5000    7.5000  -45.0000 1917.7079   20.9854
    0.0000    7.5000  -45.0000 1919.5021   20.6798
  -15.0000   15.0000  -45.0000 1843.1509   22.9221
   -7.5000   15.0000  -45.0000 1870.3308   22.1989
    0.0000   15.0000  -45.0000 1875.0043   21.8952
  -15.0000   22.5000  -45.0000 1773.4060   24.7767
   -7.5000   22.5000  -45.0000 1806.2083   23.9723
    0.0000   22.5000  -45.0000 1813.1006   23.6675
  -15.0000   30.0000  -45.0000 1694.1847   27.2613
   -7.5000   30.0000  -45.0000 1728.3019   26.3327
    0.0000   30.0000  -45.0000 1733.6230   25.9991
  -15.0000   37.5000  -45.0000 1587.3536   30.2419
   -7.5000   37.5000  -45.0000 1619.5356   29.1923
    0.0000   37.5000  -45.0000 1622.1672   28.8218
  -15.0000  -52.5000  -37.5000 1850.7203   25.4172
   -7.5000  -52.5000  -37.5000 1873.6530   24.8671
    0.0000  -52.5000  -37.5000 1882.1252   24.5660
  -15.0000  -45.0000  -37.5000 1955.6080   23.4924
   -7.5000  -45.0000  -37.5000 1982.9349   22.9841
    0.0000  -45.0000  -37.5000 1993.3608   22.7595
  -15.0000  -37.5000  -37.5000 2034.8304   21.8097
   -7.5000  -37.5000  -37.5000 2071.3374   21.3867
    0.0000  -37.5000  -37.5000 2089.2175   21.2274
  -15.0000  -30.0000  -37.5000 2082.3066   20.6801
   -7.5000  -30.0000  -37.5000 2122.2612   20.2535
    0.0000  -30.0000  -37.5000 2134.8926   20.1136
  -15.0000  -22.5000  -37.5000 2110.1948   19.9817
   -7.5000  -22.5000  -37.5000 2147.4143   19.5308
    0.0000  -22.5000  -37.5000 2155.2952   19.3615
  -15.0000  -15.0000  -37.5000 2118.9712   19.6347
   -7.5000  -15.0000  -37.5000 2155.0911   19.1400
    0.0000  -15.0000  -37.5000 2164.0483   18.9294
  -15.0000   -7.5000  -37.5000 2111.3250   19.5169
   -7.5000   -7.5000  -37.5000 2145.9229   19.0413
    0.0000   -7.5000  -37.5000 2149.7236   18.8323
  -15.0000    0.0000  -37.5000 2088.3525   19.8527
   -7.5000    0.0000  -37.5000 2120.6108   19.3686
    0.0000    0.0000  -37.5000 2125.9365   19.1145
  -15.0000    7.5000  -37.5000 2057.4688   20.6463
   -7.5000    7.5000  -37.5000 2085.1001   20.1361
    0.0000    7.5000  -37.5000 2090.3870   19.8468
  -15.0000   15.0000  -37.5000 2009.2585   22.0001
   -7.5000   15.0000  -37.5000 2042.8691   21.3377
    0.0000   15.0000  -37.5000 2045.4075   21.0215
  -15.0000   22.5000  -37.5000 1936.6521   23.9008
   -7.5000   22.5000  -37.5000 1973.1493   23.0911
    0.0000   22.5000  -37.5000 1976.7089   22.7514
  -15.0000   30.0000  -37.5000 1847.2642   26.2634
   -7.5000   30.0000  -37.5000 1882.4103   25.4323
    0.0000   30.0000  -37.5000 1886.5336   25.0628
  -15.0000   37.5000  -37.5000 1727.0160   29.1522
   -7.5000   37.5000  -37.5000 1757.9297   28.2131
    0.0000   37.5000  -37.5000 1763.8046   27.8218
  -15.0000  -52.5000  -30.0000 1988.2279   24.3685
   -7.5000  -52.5000  -30.0000 2017.6643   23.7107
    0.0000  -52.5000  -30.0000 2024.9431   23.5425
  -15.0000  -45.0000  -30.0000 2102.0161   22.4283
   -7.5000  -45.0000  -30.0000 2133.3157   21.8839
    0.0000  -45.0000  -30.0000 2143.9534   21.7673
  -15.0000  -37.5000  -30.0000 2184.3066   20.8314
   -7.5000  -37.5000  -30.0000 2224.0317   20.4190
    0.0000  -37.5000  -30.0000 2241.6047   20.3447
  -15.0000  -30.0000  -30.0000 2243.1467   19.7524
   -7.5000  -30.0000  -30.0000 2280.0630   19.3355
    0.0000  -30.0000  -30.0000 2292.1060   19.2753
  -15.0000  -22.5000  -30.0000 2272.3562   19.0621
   -7.5000  -22.5000  -30.0000 2306.8118   18.6232
    0.0000  -22.5000  -30.0000 2316.9114   18.5324
  -15.0000  -15.0000  -30.0000 2287.6445   18.7331
   -7.5000  -15.0000  -30.0000 2321.5134   18.2742
    0.0000  -15.0000  -30.0000 2331.2329   18.1386
  -15.0000   -7.5000  -30.0000 2286.4292   18.6773
   -7.5000   -7.5000  -30.0000 2319.9778   18.1900
    0.0000   -7.5000  -30.0000 2327.5708   18.0623
  -15.0000    0.0000  -30.0000 2260.4541   19.0307
   -7.5000    0.0000  -30.0000 2299.7542   18.5302
    0.0000    0.0000  -30.0000 2306.7766   18.3788
  -15.0000    7.5000  -30.0000 2223.3833   19.8172
   -7.5000    7.5000  -30.0000 2261.2483   19.2894
    0.0000    7.5000  -30.0000 2267.5850   19.1023
  -15.0000   15.0000  -30.0000 2165.2202   21.0593
   -7.5000   15.0000  -30.0000 2204.9976   20.4708
    0.0000   15.0000  -30.0000 2207.4255   20.2326
  -15.0000   22.5000  -30.0000 2085.7271   22.8002
   -7.5000   22.5000  -30.0000 2127.5037   22.1586
    0.0000   22.5000  -30.0000 2128.4480   21.8419
  -15.0000   30.0000  -30.0000 1988.0326   25.0983
   -7.5000   30.0000  -30.0000 2027.8960   24.4265
    0.0000   30.0000  -30.0000 2031.6525   24.0720
  -15.0000   37.5000  -30.0000 1848.2894   27.9587
   -7.5000   37.5000  -30.0000 1888.1796   27.1627
    0.0000   37.5000  -30.0000 1893.4871   26.7915
  -15.0000  -52.5000  -22.5000 2099.1511   23.2550
   -7.5000  -52.5000  -22.5000 2136.7812   22.6645
    0.0000  -52.5000  -22.5000 2148.9741   22.4671
  -15.0000  -45.0000  -22.5000 2221.9575   21.3148
   -7.5000  -45.0000  -22.5000 2263.1450   20.8122
    0.0000  -45.0000  -22.5000 2274.8191   20.7012
  -15.0000  -37.5000  -22.5000 2316.9448   19.8150
   -7.5000  -37.5000  -22.5000 2363.2341   19.3670
    0.0000  -37.5000  -22.5000 2377.4236   19.3032
  -15.0000  -30.0000  -22.5000 2384.5056   18.7156
   -7.5000  -30.0000  -22.5000 2424.7981   18.3179
    0.0000  -30.0000  -22.5000 2435.1018   18.2965
  -15.0000  -22.5000  -22.5000 2419.5881   18.0704
   -7.5000  -22.5000  -22.5000 2455.0051   17.6562
    0.0000  -22.5000  -22.5000 2466.8135   17.6310
  -15.0000  -15.0000  -22.5000 2443.1018   17.7513
   -7.5000  -15.0000  -22.5000 2477.9690   17.3005
    0.0000  -15.0000  -22.5000 2485.8755   17.2093
  -15.0000   -7.5000  -22.5000 2439.6382   17.7268
   -7.5000   -7.5000  -22.5000 2480.0671   17.2522
    0.0000   -7.5000  -22.5000 2491.9587   17.1396
  -15.0000    0.0000  -22.5000 2413.7839   18.0512
   -7.5000    0.0000  -22.5000 2460.6279   17.5537
    0.0000    0.0000  -22.5000 2472.3035   17.4661
  -15.0000    7.5000  -22.5000 2370.4863   18.8370
   -7.5000    7.5000  -22.5000 2420.0684   18.3484
    0.0000    7.5000  -22.5000 2430.7446   18.2324
  -15.0000   15.0000  -22.5000 2307.2190   20.0392
   -7.5000   15.0000  -22.5000 2355.5222   19.5258
    0.0000   15.0000  -22.5000 2358.4985   19.3896
  -15.0000   22.5000  -22.5000 2218.8411   21.6593
   -7.5000   22.5000  -22.5000 2265.0176   21.1110
    0.0000   22.5000  -22.5000 2270.4873   20.9391
  -15.0000   30.0000  -22.5000 2110.9370   23.8805
   -7.5000   30.0000  -22.5000 2153.9543   23.2659
    0.0000   30.0000  -22.5000 2160.1243   23.0491
  -15.0000   37.5000  -22.5000 1960.6187   26.6278
   -7.5000   37.5000  -22.5000 1996.6799   25.8761
    0.0000   37.5000  -22.5000 2009.7290   25.6404
  -15.0000  -52.5000  -15.0000 2180.7834   22.2079
   -7.5000  -52.5000  -15.0000 2225.7778   21.6308
    0.0000  -52.5000  -15.0000 2241.9741   21.3735
  -15.0000  -45.0000  -15.0000 2310.9868   20.3261
   -7.5000  -45.0000  -15.0000 2360.7397   19.8231
    0.0000  -45.0000  -15.0000 2373.5249   19.6601
  -15.0000  -37.5000  -15.0000 2419.3958   18.7984
   -7.5000  -37.5000  -15.0000 2470.0925   18.3150
    0.0000  -37.5000  -15.0000 2487.0669   18.2555
  -15.0000  -30.0000  -15.0000 2502.0583   17.6944
   -7.5000  -30.0000  -15.0000 2547.5076   17.2520
    0.0000  -30.0000  -15.0000 2559.1021   17.2465
  -15.0000  -22.5000  -15.0000 2544.4431   17.0513
   -7.5000  -22.5000  -15.0000 2585.8774   16.6204
    0.0000  -22.5000  -15.0000 2597.8521   16.5974
  -15.0000  -15.0000  -15.0000 2573.6289   16.7351
   -7.5000  -15.0000  -15.0000 2615.8062   16.2857
    0.0000  -15.0000  -15.0000 2621.3457   16.2196
  -15.0000   -7.5000  -15.0000 2568.9890   16.7242
   -7.5000   -7.5000  -15.0000 2619.7891   16.2433
    0.0000   -7.5000  -15.0000 2631.0608   16.1273
  -15.0000    0.0000  -15.0000 2544.8208   17.0203
   -7.5000    0.0000  -15.0000 2597.8057   16.5338
    0.0000    0.0000  -15.0000 2611.4773   16.4435
  -15.0000    7.5000  -15.0000 2497.7822   17.8022
   -7.5000    7.5000  -15.0000 2552.8162   17.2819
    0.0000    7.5000  -15.0000 2567.9722   17.2072
  -15.0000   15.0000  -15.0000 2425.5142   18.9809
   -7.5000   15.0000  -15.0000 2482.5154   18.4520
    0.0000   15.0000  -15.0000 2492.3181   18.3566
  -15.0000   22.5000  -15.0000 2325.0273   20.6134
   -7.5000   22.5000  -15.0000 2377.0427   20.0608
    0.0000   22.5000  -15.0000 2388.8750   19.8744
  -15.0000   30.0000  -15.0000 2207.2156   22.7620
   -7.5000   30.0000  -15.0000 2258.4490   22.1681
    0.0000   30.0000  -15.0000 2263.5779   21.9614
  -15.0000   37.5000  -15.0000 2050.2737   25.3700
   -7.5000   37.5000  -15.0000 2093.5696   24.7081
    0.0000   37.5000  -15.0000 2097.5791   24.4054
  -15.0000  -52.5000   -7.5000 2229.8499   21.1613
   -7.5000  -52.5000   -7.5000 2282.4678   20.5167
    0.0000  -52.5000   -7.5000 2295.1794   20.1959
  -15.0000  -45.0000   -7.5000 2368.5391   19.3226
   -7.5000  -45.0000   -7.5000 2423.0276   18.7523
    0.0000  -45.0000   -7.5000 2437.9280   18.4844
  -15.0000  -37.5000   -7.5000 2487.2058   17.7974
   -7.5000  -37.5000   -7.5000 2537.5403   17.2552
    0.0000  -37.5000   -7.5000 2550.9634   17.0920
  -15.0000  -30.0000   -7.5000 2575.7529   16.6864
   -7.5000  -30.0000   -7.5000 2624.8459   16.1941
    0.0000  -30.0000   -7.5000 2640.5488   16.1159
  -15.0000  -22.5000   -7.5000 2630.2983   16.0057
   -7.5000  -22.5000   -7.5000 2681.0798   15.5275
    0.0000  -22.5000   -7.5000 2699.0869   15.4735
  -15.0000  -15.0000   -7.5000 2664.6086   15.6956
   -7.5000  -15.0000   -7.5000 2716.3777   15.1858
    0.0000  -15.0000   -7.5000 2727.6399   15.1307
  -15.0000   -7.5000   -7.5000 2666.5303   15.6925
   -7.5000   -7.5000   -7.5000 2722.9600   15.1806
    0.0000   -7.5000   -7.5000 2738.0693   15.0641
  -15.0000    0.0000   -7.5000 2643.5269   15.9845
   -7.5000    0.0000   -7.5000 2696.3865   15.4538
    0.0000    0.0000   -7.5000 2718.0293   15.3523
  -15.0000    7.5000   -7.5000 2590.4531   16.7488
   -7.5000    7.5000   -7.5000 2646.1777   16.1754
    0.0000    7.5000   -7.5000 2663.1562   16.0755
  -15.0000   15.0000   -7.5000 2504.4233   17.9125
   -7.5000   15.0000   -7.5000 2559.6655   17.3336
    0.0000   15.0000   -7.5000 2574.8745   17.2237
  -15.0000   22.5000   -7.5000 2396.4023   19.5032
   -7.5000   22.5000   -7.5000 2449.0322   18.9040
    0.0000   22.5000   -7.5000 2460.7573   18.7666
  -15.0000   30.0000   -7.5000 2272.1951   21.5856
   -7.5000   30.0000   -7.5000 2321.3228   20.9234
    0.0000   30.0000   -7.5000 2332.6079   20.7312
  -15.0000   37.5000   -7.5000 2108.6345   24.0697
   -7.5000   37.5000   -7.5000 2150.3940   23.3081
    0.0000   37.5000   -7.5000 2152.8276   23.0793
  -15.0000  -52.5000    0.0000 2289.1863   20.5793
   -7.5000  -52.5000    0.0000 2331.2275   19.7950
    0.0000  -52.5000    0.0000 2342.0371   19.4691
  -15.0000  -45.0000    0.0000 2429.3682   18.7726
   -7.5000  -45.0000    0.0000 2474.4841   18.0180
    0.0000  -45.0000    0.0000 2484.5776   17.7060
  -15.0000  -37.5000    0.0000 2546.2771   17.2198
   -7.5000  -37.5000    0.0000 2593.5620   16.5286
    0.0000  -37.5000    0.0000 2606.6970   16.2861
  -15.0000  -30.0000    0.0000 2645.1160   16.0526
   -7.5000  -30.0000    0.0000 2696.0891   15.4478
    0.0000  -30.0000    0.0000 2711.7664   15.2659
  -15.0000  -22.5000    0.0000 2713.5378   15.3330
   -7.5000  -22.5000    0.0000 2768.0591   14.7314
    0.0000  -22.5000    0.0000 2791.8953   14.6121
  -15.0000  -15.0000    0.0000 2756.5144   14.9756
   -7.5000  -15.0000    0.0000 2819.8379   14.3758
    0.0000  -15.0000    0.0000 2832.9138   14.2496
  -15.0000   -7.5000    0.0000 2760.0190   14.9490
   -7.5000   -7.5000    0.0000 2825.5076   14.3677
    0.0000   -7.5000    0.0000 2845.7004   14.2230
  -15.0000    0.0000    0.0000 2732.9136   15.2963
   -7.5000    0.0000    0.0000 2794.2097   14.6880
    0.0000    0.0000    0.0000 2813.6042   14.5527
  -15.0000    7.5000    0.0000 2679.1167   16.0397
   -7.5000    7.5000    0.0000 2735.2927   15.4205
    0.0000    7.5000    0.0000 2746.2715   15.2811
  -15.0000   15.0000    0.0000 2581.3828   17.1921
   -7.5000   15.0000    0.0000 2638.5281   16.5678
    0.0000   15.0000    0.0000 2649.2437   16.4485
  -15.0000   22.5000    0.0000 2462.5364   18.7650
   -7.5000   22.5000    0.0000 2512.3625   18.1498
    0.0000   22.5000    0.0000 2524.5466   17.9776
  -15.0000   30.0000    0.0000 2326.6294   20.8028
   -7.5000   30.0000    0.0000 2377.5737   20.1173
    0.0000   30.0000    0.0000 2387.2932   19.9294
  -15.0000   37.5000    0.0000 2155.3262   23.1593
   -7.5000   37.5000    0.0000 2194.1909   22.4332
    0.0000   37.5000    0.0000 2202.0725   22.2105
  -15.0000  -52.5000    7.5000 2323.1960   20.0891
   -7.5000  -52.5000    7.5000 2356.8938   19.1882
    0.0000  -52.5000    7.5000 2368.0112   18.8057
  -15.0000  -45.0000    7.5000 2467.8264   18.2465
   -7.5000  -45.0000    7.5000 2504.9534   17.3957
    0.0000  -45.0000    7.5000 2513.3643   17.0291
  -15.0000  -37.5000    7.5000 2589.1646   16.7141
   -7.5000  -37.5000    7.5000 2633.0862   15.9011
    0.0000  -37.5000    7.5000 2642.1287   15.5787
  -15.0000  -30.0000    7.5000 2694.4946   15.5466
   -7.5000  -30.0000    7.5000 2748.7771   14.7948
    0.0000  -30.0000    7.5000 2760.1726   14.5293
  -15.0000  -22.5000    7.5000 2771.0957   14.7319
   -7.5000  -22.5000    7.5000 2831.1003   14.0424
    0.0000  -22.5000    7.5000 2851.3120   13.8533
  -15.0000  -15.0000    7.5000 2827.7644   14.3435
   -7.5000  -15.0000    7.5000 2891.3965   13.5663
    0.0000  -15.0000    7.5000 2904.0579   13.3836
  -15.0000   -7.5000    7.5000 2836.2939   14.4095
   -7.5000   -7.5000    7.5000 2903.1133   13.6406
    0.0000   -7.5000    7.5000 2917.4104   13.3960
  -15.0000    0.0000    7.5000 2803.2476   14.8160
   -7.5000    0.0000    7.5000 2868.8540   14.1040
    0.0000    0.0000    7.5000 2885.8862   13.9237
  -15.0000    7.5000    7.5000 2737.7468   15.5601
   -7.5000    7.5000    7.5000 2794.0583   14.8667
    0.0000    7.5000    7.5000 2803.4612   14.7186
  -15.0000   15.0000    7.5000 2632.2085   16.6857
   -7.5000   15.0000    7.5000 2684.4790   15.9955
    0.0000   15.0000    7.5000 2691.8484   15.8240
  -15.0000   22.5000    7.5000 2504.7004   18.1719
   -7.5000   22.5000    7.5000 2554.7842   17.5108
    0.0000   22.5000    7.5000 2558.5156   17.3170
  -15.0000   30.0000    7.5000 2360.8354   20.0978
   -7.5000   30.0000    7.5000 2413.4753   19.4209
    0.0000   30.0000    7.5000 2420.6355   19.2326
  -15.0000   37.5000    7.5000 2186.4346   22.3578
   -7.5000   37.5000    7.5000 2232.0552   21.6638
    0.0000   37.5000    7.5000 2234.2471   21.4613
  -15.0000  -52.5000   15.0000 2334.1760   19.7865
   -7.5000  -52.5000   15.0000 2371.3979   18.8689
    0.0000  -52.5000   15.0000 2388.2551   18.4669
  -15.0000  -45.0000   15.0000 2478.9358   17.9466
   -7.5000  -45.0000   15.0000 2519.2468   17.0907
    0.0000  -45.0000   15.0000 2530.2126   16.6929
  -15.0000  -37.5000   15.0000 2605.8813   16.4154
   -7.5000  -37.5000   15.0000 2651.6191   15.6288
    0.0000  -37.5000   15.0000 2658.0796   15.2467
  -15.0000  -30.0000   15.0000 2710.3794   15.1809
   -7.5000  -30.0000   15.0000 2766.1658   14.5169
    0.0000  -30.0000   15.0000 2773.3198   14.1532
  -15.0000  -22.5000   15.0000 2792.8694   14.3378
   -7.5000  -22.5000   15.0000 2847.1814   13.6084
    0.0000  -22.5000   15.0000 2863.4395   13.3028
  -15.0000  -15.0000   15.0000 2848.8625   13.9332
   -7.5000  -15.0000   15.0000 2913.7676   13.0888
    0.0000  -15.0000   15.0000 2913.2595   12.6935
  -15.0000   -7.5000   15.0000 2867.5208   14.0109
   -7.5000   -7.5000   15.0000 2943.0044   13.2196
    0.0000   -7.5000   15.0000 2941.5598   12.8458
  -15.0000    0.0000   15.0000 2836.6497   14.4757
   -7.5000    0.0000   15.0000 2907.5603   13.7913
    0.0000    0.0000   15.0000 2917.1663   13.5219
  -15.0000    7.5000   15.0000 2762.0520   15.2558
   -7.5000    7.5000   15.0000 2825.3257   14.6099
    0.0000    7.5000   15.0000 2834.2876   14.3920
  -15.0000   15.0000   15.0000 2656.0806   16.3882
   -7.5000   15.0000   15.0000 2712.3003   15.7533
    0.0000   15.0000   15.0000 2715.8845   15.5204
  -15.0000   22.5000   15.0000 2524.3342   17.8867
   -7.5000   22.5000   15.0000 2575.2971   17.2228
    0.0000   22.5000   15.0000 2582.7634   16.9821
  -15.0000   30.0000   15.0000 2380.0071   19.7275
   -7.5000   30.0000   15.0000 2431.9277   19.0492
    0.0000   30.0000   15.0000 2440.2576   18.8462
  -15.0000   37.5000   15.0000 2199.0596   21.9541
   -7.5000   37.5000   15.0000 2244.1602   21.2194
    0.0000   37.5000   15.0000 2244.8430   21.0443
  -15.0000  -52.5000   22.5000 2330.7192   19.7404
   -7.5000  -52.5000   22.5000 2371.5720   18.8813
    0.0000  -52.5000   22.5000 2389.0232   18.5397
  -15.0000  -45.0000   22.5000 2478.4333   17.9407
   -7.5000  -45.0000   22.5000 2528.3887   17.1618
    0.0000  -45.0000   22.5000 2541.4956   16.8033
  -15.0000  -37.5000   22.5000 2600.5327   16.4220
   -7.5000  -37.5000   22.5000 2658.9087   15.7204
    0.0000  -37.5000   22.5000 2668.8940   15.3479
  -15.0000  -30.0000   22.5000 2710.6191   15.2438
   -7.5000  -30.0000   22.5000 2776.1804   14.5887
    0.0000  -30.0000   22.5000 2775.1843   14.2236
  -15.0000  -22.5000   22.5000 2790.7161   14.4444
   -7.5000  -22.5000   22.5000 2855.7144   13.7620
    0.0000  -22.5000   22.5000 2857.6267   13.3164
  -15.0000  -15.0000   22.5000 2846.3049   14.0465
   -7.5000  -15.0000   22.5000 2921.3523   13.3216
    0.0000  -15.0000   22.5000 2923.2253   12.8092
  -15.0000   -7.5000   22.5000 2871.2036   14.0574
   -7.5000   -7.5000   22.5000 2945.7363   13.3067
    0.0000   -7.5000   22.5000 2944.9993   12.8903
  -15.0000    0.0000   22.5000 2835.3291   14.4568
   -7.5000    0.0000   22.5000 2904.7493   13.7990
    0.0000    0.0000   22.5000 2912.5090   13.5059
  -15.0000    7.5000   22.5000 2758.9485   15.2165
   -7.5000    7.5000   22.5000 2822.7612   14.6249
    0.0000    7.5000   22.5000 2833.8335   14.4342
  -15.0000   15.0000   22.5000 2645.8530   16.3515
   -7.5000   15.0000   22.5000 2709.4346   15.7819
    0.0000   15.0000   22.5000 2721.4878   15.6277
  -15.0000   22.5000   22.5000 2515.9280   17.7986
   -7.5000   22.5000   22.5000 2570.2300   17.1947
    0.0000   22.5000   22.5000 2588.1711   17.0544
  -15.0000   30.0000   22.5000 2374.9084   19.6170
   -7.5000   30.0000   22.5000 2420.8586   18.9443
    0.0000   30.0000   22.5000 2434.5110   18.8054
  -15.0000   37.5000   22.5000 2192.9226   21.8117
   -7.5000   37.5000   22.5000 2236.3218   21.1082
    0.0000   37.5000   22.5000 2240.2168   20.9653
  -15.0000  -52.5000   30.0000 2320.5898   20.0407
   -7.5000  -52.5000   30.0000 2368.0256   19.2817
    0.0000  -52.5000   30.0000 2378.9060   18.9926
  -15.0000  -45.0000   30.0000 2466.0176   18.2649
   -7.5000  -45.0000   30.0000 2519.6511   17.5392
    0.0000  -45.0000   30.0000 2534.5674   17.2422
  -15.0000  -37.5000   30.0000 2587.8516   16.8023
   -7.5000  -37.5000   30.0000 2642.2490   16.1066
    0.0000  -37.5000   30.0000 2663.0647   15.8415
  -15.0000  -30.0000   30.0000 2693.4888   15.6874
   -7.5000  -30.0000   30.0000 2753.6978   15.0083
    0.0000  -30.0000   30.0000 2767.0425   14.7374
  -15.0000  -22.5000   30.0000 2770.3855   14.9359
   -7.5000  -22.5000   30.0000 2835.0601   14.2432
    0.0000  -22.5000   30.0000 2849.3289   13.9134
  -15.0000  -15.0000   30.0000 2820.7419   14.5243
   -7.5000  -15.0000   30.0000 2891.6743   13.8297
    0.0000  -15.0000   30.0000 2902.7310   13.5204
  -15.0000   -7.5000   30.0000 2834.5410   14.5011
   -7.5000   -7.5000   30.0000 2904.9282   13.8628
    0.0000   -7.5000   30.0000 2916.4990   13.5708
  -15.0000    0.0000   30.0000 2795.1030   14.8148
   -7.5000    0.0000   30.0000 2861.4226   14.1936
    0.0000    0.0000   30.0000 2874.4265   13.9420
  -15.0000    7.5000   30.0000 2726.3074   15.4994
   -7.5000    7.5000   30.0000 2786.2427   14.9178
    0.0000    7.5000   30.0000 2797.0134   14.7280
  -15.0000   15.0000   30.0000 2620.1560   16.6220
   -7.5000   15.0000   30.0000 2678.7935   16.0617
    0.0000   15.0000   30.0000 2691.1936   15.8859
  -15.0000   22.5000   30.0000 2494.5371   18.0368
   -7.5000   22.5000   30.0000 2546.0176   17.4620
    0.0000   22.5000   30.0000 2562.1968   17.2938
  -15.0000   30.0000   30.0000 2356.3684   19.7927
   -7.5000   30.0000   30.0000 2398.2754   19.1718
    0.0000   30.0000   30.0000 2408.6982   18.9840
  -15.0000   37.5000   30.0000 2171.5918   21.9079
   -7.5000   37.5000   30.0000 2212.8057   21.2044
    0.0000   37.5000   30.0000 2217.6299   21.0463
  -15.0000  -52.5000   37.5000 2288.5559   20.7704
   -7.5000  -52.5000   37.5000 2339.0798   20.0475
    0.0000  -52.5000   37.5000 2349.4521   19.8673
  -15.0000  -45.0000   37.5000 2435.9348   18.9188
   -7.5000  -45.0000   37.5000 2484.0840   18.1991
    0.0000  -45.0000   37.5000 2500.8176   18.1126
  -15.0000  -37.5000   37.5000 2555.4021   17.4460
   -7.5000  -37.5000   37.5000 2605.4790   16.7615
    0.0000  -37.5000   37.5000 2623.9905   16.6595
  -15.0000  -30.0000   37.5000 2655.0398   16.3425
   -7.5000  -30.0000   37.5000 2708.7576   15.6763
    0.0000  -30.0000   37.5000 2727.5857   15.5416
  -15.0000  -22.5000   37.5000 2723.9211   15.6046
   -7.5000  -22.5000   37.5000 2780.9546   14.9290
    0.0000  -22.5000   37.5000 2795.8589   14.7290
  -15.0000  -15.0000   37.5000 2767.8784   15.2083
   -7.5000  -15.0000   37.5000 2827.1750   14.5468
    0.0000  -15.0000   37.5000 2837.5303   14.3375
  -15.0000   -7.5000   37.5000 2770.9883   15.1785
   -7.5000   -7.5000   37.5000 2831.2964   14.5466
    0.0000   -7.5000   37.5000 2840.9146   14.3360
  -15.0000    0.0000   37.5000 2730.7219   15.4458
   -7.5000    0.0000   37.5000 2786.4409   14.8451
    0.0000    0.0000   37.5000 2795.3274   14.6338
  -15.0000    7.5000   37.5000 2660.0305   16.0947
   -7.5000    7.5000   37.5000 2708.1311   15.4971
    0.0000    7.5000   37.5000 2721.4319   15.3553
  -15.0000   15.0000   37.5000 2563.3794   17.1278
   -7.5000   15.0000   37.5000 2610.9060   16.5448
    0.0000   15.0000   37.5000 2628.1008   16.4218
  -15.0000   22.5000   37.5000 2443.3232   18.4840
   -7.5000   22.5000   37.5000 2491.1074   17.8887
    0.0000   22.5000   37.5000 2506.1677   17.7582
  -15.0000   30.0000   37.5000 2303.7197   20.1943
   -7.5000   30.0000   37.5000 2347.9045   19.5524
    0.0000   30.0000   37.5000 2362.8982   19.4091
  -15.0000   37.5000   37.5000 2134.1604   22.2405
   -7.5000   37.5000   37.5000 2173.9448   21.5786
    0.0000   37.5000   37.5000 2186.5608   21.4182
  -15.0000  -52.5000   45.0000 2229.9297   21.4744
   -7.5000  -52.5000   45.0000 2278.1575   20.8340
    0.0000  -52.5000   45.0000 2286.6743   20.7421
  -15.0000  -45.0000   45.0000 2373.4678   19.6220
   -7.5000  -45.0000   45.0000 2420.1790   19.0215
    0.0000  -45.0000   45.0000 2429.7146   18.9084
  -15.0000  -37.5000   45.0000 2482.9036   18.1604
   -7.5000  -37.5000   45.0000 2529.9651   17.5474
    0.0000  -37.5000   45.0000 2544.4016   17.4365
  -15.0000  -30.0000   45.0000 2576.8691   17.0530
   -7.5000  -30.0000   45.0000 2626.5337   16.4548
    0.0000  -30.0000   45.0000 2641.5076   16.3172
  -15.0000  -22.5000   45.0000 2637.5576   16.3404
   -7.5000  -22.5000   45.0000 2689.3894   15.7253
    0.0000  -22.5000   45.0000 2698.7046   15.5698
  -15.0000  -15.0000   45.0000 2670.0576   15.9763
   -7.5000  -15.0000   45.0000 2719.0740   15.3687
    0.0000  -15.0000   45.0000 2726.9062   15.1898
  -15.0000   -7.5000   45.0000 2665.3364   15.9091
   -7.5000   -7.5000   45.0000 2715.0635   15.3551
    0.0000   -7.5000   45.0000 2721.3098   15.1465
  -15.0000    0.0000   45.0000 2628.1333   16.1929
   -7.5000    0.0000   45.0000 2675.3228   15.6203
    0.0000    0.0000   45.0000 2681.4133   15.4078
  -15.0000    7.5000   45.0000 2558.3169   16.8213
   -7.5000    7.5000   45.0000 2600.9185   16.2370
    0.0000    7.5000   45.0000 2613.3525   16.0935
  -15.0000   15.0000   45.0000 2467.5867   17.7829
   -7.5000   15.0000   45.0000 2510.1907   17.1918
    0.0000   15.0000   45.0000 2522.4724   17.0679
  -15.0000   22.5000   45.0000 2354.5610   19.1256
   -7.5000   22.5000   45.0000 2394.6377   18.5480
    0.0000   22.5000   45.0000 2404.8638   18.4182
  -15.0000   30.0000   45.0000 2224.0068   20.8194
   -7.5000   30.0000   45.0000 2265.7607   20.1981
    0.0000   30.0000   45.0000 2277.0684   20.0407
  -15.0000   37.5000   45.0000 2068.1963   22.8520
   -7.5000   37.5000   45.0000 2106.4238   22.1928
    0.0000   37.5000   45.0000 2113.5623   22.0736

---------------------------------------------------------------------
imgreg_4dfp /opt/freesurfer/average/711-2C_as_mni_average_305 /opt/freesurfer/average/711-2B_as_mni_average_305_mask talsrcimg_g11 none talsrcimg_to_711-2C_as_mni_average_305_t4 1283
---------------------------------------------------------------------

freesurfer imgreg_4dfp.c
/opt/freesurfer/average/711-2C_as_mni_average_305.4dfp.img
       256       256       256         1
  1.000000  1.000000  1.000000
orientation T byte_order littleendian
Reading image: /opt/freesurfer/average/711-2C_as_mni_average_305.4dfp.img
dimensions:      256       256       256
mmppix:       1.0000   -1.0000   -1.0000
center:     128.0000 -129.0000 -129.0000
/opt/freesurfer/average/711-2B_as_mni_average_305_mask.4dfp.img
       256       256       256         1
  1.000000  1.000000  1.000000
orientation T byte_order littleendian
Reading mask: /opt/freesurfer/average/711-2B_as_mni_average_305_mask.4dfp.img (2306576 pixels)
talsrcimg_g11.4dfp.img
       256       256       256         1
  0.900000  0.900000  0.900000
orientation T byte_order littleendian
Reading image: talsrcimg_g11.4dfp.img
dimensions:      256       256       256
mmppix:       0.9000   -0.9000   -0.9000
center:     115.2000 -116.1000 -116.1000
rotation matrix determinant  1.000000
fimgreg.f
image alignment mode   1283 decimal      503 hex
parameters
   -7.5000   -7.5000   22.5000    0.0000    0.0000    0.0000
eta,q 0.92538 13.29638
niter,ni,del,rscale     5    3   12.0000    1.2000
parameter  4 -1.387103 -> -0.500000 qaram    1.1500
parameter  5 -0.843237 -> -0.500000 qaram    1.1500
parameters
   -5.0828   -8.1677   20.9536    3.4500    3.4500    2.9434
eta,q 0.93056 12.72205
  0.0958  0.0778  0.0777  0.0779  0.0726  0.0749
  0.0867  0.0745  0.0746  0.0773  0.0704  0.0735
  0.0792  0.0738  0.0731  0.0757  0.0697  0.0719
  0.0742  0.0744  0.0741  0.0731  0.0701  0.0703
  0.0740  0.0755  0.0763  0.0707  0.0706  0.0694
  0.0752  0.0768  0.0801  0.0702  0.0701  0.0697
  0.0767  0.0781  0.0835  0.0713  0.0690  0.0707
niter,ni,del,rscale     6    3   12.0000    1.2000
parameter  1 -0.856413 -> -0.500000 qaram    1.1500
parameter  5 -0.587555 -> -0.500000 qaram    1.3225
parameters
   -1.6328   -7.9115   20.0763    4.9076    7.4175    3.9979
eta,q 0.93727 12.81918
  0.0758  0.0785  0.0714  0.0788  0.0760  0.0681
  0.0705  0.0725  0.0688  0.0740  0.0720  0.0655
  0.0697  0.0668  0.0648  0.0671  0.0677  0.0637
  0.0694  0.0650  0.0651  0.0644  0.0643  0.0627
  0.0665  0.0668  0.0682  0.0646  0.0628  0.0629
  0.0649  0.0710  0.0716  0.0670  0.0629  0.0638
  0.0664  0.0763  0.0760  0.0709  0.0639  0.0652
niter,ni,del,rscale     7    3   12.0000    1.2000
parameters
   -2.1161   -9.0142   19.2142    5.7427    8.1197    4.4254
eta,q 0.93852 12.71233
  0.0731  0.0708  0.0668  0.0748  0.0715  0.0680
  0.0680  0.0644  0.0653  0.0693  0.0668  0.0646
  0.0640  0.0617  0.0617  0.0631  0.0635  0.0623
  0.0627  0.0627  0.0617  0.0612  0.0616  0.0614
  0.0657  0.0661  0.0642  0.0631  0.0621  0.0621
  0.0705  0.0716  0.0669  0.0662  0.0651  0.0637
  0.0758  0.0778  0.0712  0.0691  0.0685  0.0662
niter,ni,del,rscale     6    3   12.0000    1.2000
parameters
   -2.1312   -9.3183   19.1111    5.9599    8.3156    4.4893
eta,q 0.93846 12.69497
  0.0730  0.0734  0.0671  0.0725  0.0704  0.0678
  0.0683  0.0669  0.0668  0.0665  0.0662  0.0642
  0.0644  0.0624  0.0632  0.0619  0.0631  0.0620
  0.0615  0.0615  0.0614  0.0614  0.0615  0.0615
  0.0642  0.0637  0.0628  0.0638  0.0628  0.0626
  0.0686  0.0687  0.0653  0.0668  0.0662  0.0644
  0.0730  0.0759  0.0688  0.0698  0.0693  0.0671
niter,ni,del,rscale     5    3   12.0000    1.2000
parameters
   -2.1856   -9.3856   19.1345    6.0082    8.3277    4.4995
eta,q 0.93841 12.69425
  0.0730  0.0741  0.0673  0.0719  0.0701  0.0678
  0.0683  0.0679  0.0670  0.0659  0.0659  0.0642
  0.0644  0.0631  0.0635  0.0617  0.0630  0.0620
  0.0615  0.0616  0.0615  0.0615  0.0616  0.0616
  0.0643  0.0633  0.0627  0.0641  0.0631  0.0627
  0.0686  0.0679  0.0652  0.0670  0.0665  0.0645
  0.0733  0.0750  0.0687  0.0700  0.0696  0.0673
niter,ni,del,rscale     4    3   12.0000    1.2000
parameters
   -2.1871   -9.4094   19.1549    6.0282    8.3175    4.5015
eta,q 0.93840 12.69493
  0.0731  0.0742  0.0674  0.0718  0.0700  0.0678
  0.0685  0.0680  0.0670  0.0658  0.0659  0.0642
  0.0645  0.0632  0.0635  0.0617  0.0630  0.0620
  0.0616  0.0616  0.0616  0.0616  0.0616  0.0616
  0.0642  0.0632  0.0627  0.0641  0.0631  0.0627
  0.0686  0.0677  0.0652  0.0670  0.0665  0.0646
  0.0731  0.0747  0.0687  0.0701  0.0697  0.0673
registration optimization eta report
parameter search radius
    6.9000    6.0000    6.0000    6.9000    7.9350    6.0000
100000*second partial in parameter space
       22.       35.       17.       19.       13.       16.
  0.0731  0.0742  0.0674  0.0718  0.0700  0.0678
  0.0685  0.0680  0.0670  0.0658  0.0659  0.0642
  0.0645  0.0632  0.0635  0.0617  0.0630  0.0620
  0.0616  0.0616  0.0616  0.0616  0.0616  0.0616
  0.0642  0.0632  0.0627  0.0641  0.0631  0.0627
  0.0686  0.0677  0.0652  0.0670  0.0665  0.0646
  0.0731  0.0747  0.0687  0.0701  0.0697  0.0673
   -2.1871   -9.4094   19.1549    6.0282    8.3175    4.5015
eta,q 0.93840 12.69493

---------------------------------------------------------------------
imgreg_4dfp /opt/freesurfer/average/711-2C_as_mni_average_305 /opt/freesurfer/average/711-2B_as_mni_average_305_mask talsrcimg_g11 none talsrcimg_to_711-2C_as_mni_average_305_t4 3335
---------------------------------------------------------------------

freesurfer imgreg_4dfp.c
/opt/freesurfer/average/711-2C_as_mni_average_305.4dfp.img
       256       256       256         1
  1.000000  1.000000  1.000000
orientation T byte_order littleendian
Reading image: /opt/freesurfer/average/711-2C_as_mni_average_305.4dfp.img
dimensions:      256       256       256
mmppix:       1.0000   -1.0000   -1.0000
center:     128.0000 -129.0000 -129.0000
/opt/freesurfer/average/711-2B_as_mni_average_305_mask.4dfp.img
       256       256       256         1
  1.000000  1.000000  1.000000
orientation T byte_order littleendian
Reading mask: /opt/freesurfer/average/711-2B_as_mni_average_305_mask.4dfp.img (2306576 pixels)
talsrcimg_g11.4dfp.img
       256       256       256         1
  0.900000  0.900000  0.900000
orientation T byte_order littleendian
Reading image: talsrcimg_g11.4dfp.img
dimensions:      256       256       256
mmppix:       0.9000   -0.9000   -0.9000
center:     115.2000 -116.1000 -116.1000
fimgreg.f
image alignment mode   3335 decimal      D07 hex
parameters
   -2.1871   -9.4094   19.1549   -1.3571   -0.9790   -1.5990
   -9.3196  -13.5173    7.7660  -11.5984   14.4659   10.3913
eta,q 0.93372 12.72497
niter,ni,del,rscale     5    3    5.0000    1.2000
parameter  3  0.501381 ->  0.500000 qaram    1.1500
parameter  4 33.671379 ->  0.500000 qaram    1.1500
parameter  5  1.806190 ->  0.500000 qaram    1.1500
parameter  6  4.862584 ->  0.500000 qaram    1.1500
parameter  9  0.572736 ->  0.500000 qaram    1.1500
parameter 10 -0.764863 -> -0.500000 qaram    1.1500
parameter 11 40.153332 ->  0.500000 qaram    1.1500
parameters
   -2.3733   -8.4919   17.7749   -5.4971   -5.1190   -5.7390
   -8.0377  -10.0589    3.6260   -7.4584   10.3259   12.5485
eta,q 0.95276 12.10304
  0.0667  0.0684  0.0659  0.0571  0.0542  0.0469  0.0521  0.0542  0.0501  0.0555  0.0470  0.0490
  0.0664  0.0677  0.0660  0.0597  0.0558  0.0493  0.0511  0.0521  0.0499  0.0534  0.0473  0.0484
  0.0663  0.0669  0.0660  0.0628  0.0577  0.0526  0.0504  0.0506  0.0499  0.0515  0.0478  0.0478
  0.0663  0.0663  0.0660  0.0660  0.0605  0.0563  0.0501  0.0501  0.0502  0.0499  0.0484  0.0474
  0.0663  0.0660  0.0662  0.0685  0.0640  0.0592  0.0501  0.0502  0.0510  0.0488  0.0489  0.0472
  0.0664  0.0661  0.0668  0.0713  0.0678  0.0628  0.0504  0.0502  0.0519  0.0484  0.0494  0.0474
  0.0670  0.0667  0.0676  0.0747  0.0719  0.0671  0.0510  0.0499  0.0530  0.0488  0.0498  0.0479
niter,ni,del,rscale     7    3    5.0000    1.2000
parameter  4  4.744652 ->  0.500000 qaram    1.3225
parameter  5  1.325814 ->  0.500000 qaram    1.3225
parameter  6  1.584732 ->  0.500000 qaram    1.3225
parameters
   -2.3765   -8.8947   16.9227  -10.2581   -9.8800  -10.5000
   -4.5601   -8.2013    4.7821   -7.9228   12.0256   11.5798
eta,q 0.97008 11.89806
  0.0488  0.0486  0.0476  0.0383  0.0363  0.0306  0.0363  0.0395  0.0331  0.0337  0.0350  0.0306
  0.0480  0.0477  0.0474  0.0402  0.0374  0.0313  0.0345  0.0367  0.0317  0.0315  0.0330  0.0302
  0.0475  0.0472  0.0472  0.0433  0.0388  0.0339  0.0329  0.0338  0.0307  0.0304  0.0312  0.0300
  0.0472  0.0472  0.0472  0.0472  0.0410  0.0377  0.0318  0.0311  0.0302  0.0301  0.0301  0.0299
  0.0473  0.0478  0.0475  0.0511  0.0441  0.0419  0.0312  0.0302  0.0302  0.0307  0.0299  0.0300
  0.0478  0.0487  0.0483  0.0551  0.0476  0.0469  0.0313  0.0316  0.0307  0.0322  0.0308  0.0305
  0.0490  0.0499  0.0494  0.0582  0.0516  0.0515  0.0320  0.0347  0.0319  0.0345  0.0324  0.0313
niter,ni,del,rscale     7    3    5.0000    1.2000
parameter  2  0.693598 ->  0.500000 qaram    1.1500
parameter  3  0.698670 ->  0.500000 qaram    1.3225
parameter  5  0.835938 ->  0.500000 qaram    1.5209
parameters
   -2.5242  -10.2747   15.3357  -14.9456  -15.3552  -13.6976
   -4.7227   -9.4074    6.1387  -11.6721   14.0050    8.8826
eta,q 0.97669 11.69730
  0.0335  0.0294  0.0282  0.0284  0.0244  0.0273  0.0272  0.0275  0.0271  0.0251  0.0256  0.0239
  0.0315  0.0291  0.0276  0.0269  0.0241  0.0261  0.0259  0.0252  0.0259  0.0239  0.0246  0.0235
  0.0303  0.0293  0.0279  0.0263  0.0248  0.0249  0.0251  0.0245  0.0251  0.0237  0.0239  0.0233
  0.0299  0.0299  0.0291  0.0276  0.0265  0.0242  0.0249  0.0249  0.0246  0.0246  0.0236  0.0235
  0.0305  0.0308  0.0312  0.0320  0.0287  0.0274  0.0252  0.0257  0.0246  0.0262  0.0235  0.0241
  0.0322  0.0320  0.0337  0.0378  0.0318  0.0336  0.0261  0.0273  0.0250  0.0281  0.0237  0.0249
  0.0346  0.0334  0.0362  0.0432  0.0351  0.0390  0.0273  0.0298  0.0259  0.0304  0.0243  0.0258
niter,ni,del,rscale     7    3    5.0000    1.2000
parameter  3  0.544481 ->  0.500000 qaram    1.5209
parameters
   -2.4746  -10.7014   13.5107  -14.3027  -16.2529  -14.9227
   -5.6765   -9.3661    6.4162  -10.6903   15.4217    9.5458
eta,q 0.97738 11.69506
  0.0260  0.0257  0.0230  0.0279  0.0275  0.0273  0.0248  0.0280  0.0252  0.0279  0.0248  0.0241
  0.0246  0.0242  0.0224  0.0258  0.0251  0.0254  0.0235  0.0250  0.0239  0.0252  0.0238  0.0233
  0.0237  0.0233  0.0225  0.0239  0.0230  0.0239  0.0229  0.0232  0.0231  0.0235  0.0231  0.0228
  0.0233  0.0233  0.0232  0.0224  0.0221  0.0222  0.0228  0.0228  0.0228  0.0227  0.0227  0.0226
  0.0236  0.0241  0.0244  0.0217  0.0234  0.0227  0.0234  0.0234  0.0230  0.0230  0.0226  0.0227
  0.0244  0.0256  0.0260  0.0234  0.0263  0.0266  0.0245  0.0250  0.0237  0.0242  0.0229  0.0230
  0.0258  0.0276  0.0281  0.0279  0.0297  0.0334  0.0261  0.0277  0.0249  0.0257  0.0239  0.0236
niter,ni,del,rscale     7    3    5.0000    1.2000
parameters
   -2.2917  -10.5438   13.5351  -13.6679  -16.2723  -15.3412
   -5.8557   -9.5159    6.1659  -10.5631   15.4733    9.4316
eta,q 0.97743 11.69853
  0.0259  0.0261  0.0261  0.0279  0.0282  0.0278  0.0252  0.0278  0.0247  0.0266  0.0243  0.0238
  0.0242  0.0243  0.0239  0.0260  0.0257  0.0257  0.0237  0.0247  0.0236  0.0243  0.0234  0.0231
  0.0231  0.0231  0.0227  0.0242  0.0236  0.0241  0.0229  0.0229  0.0228  0.0230  0.0229  0.0227
  0.0226  0.0226  0.0226  0.0226  0.0223  0.0223  0.0226  0.0226  0.0226  0.0226  0.0226  0.0226
  0.0228  0.0229  0.0231  0.0218  0.0230  0.0217  0.0230  0.0234  0.0229  0.0232  0.0226  0.0227
  0.0236  0.0238  0.0241  0.0236  0.0256  0.0251  0.0239  0.0251  0.0237  0.0244  0.0232  0.0232
  0.0250  0.0254  0.0257  0.0280  0.0286  0.0310  0.0254  0.0280  0.0250  0.0261  0.0244  0.0238
niter,ni,del,rscale     6    3    5.0000    1.2000
parameters
   -2.3055  -10.5184   13.4939  -13.5342  -16.2464  -15.3912
   -5.8243   -9.5537    6.1277  -10.5020   15.4751    9.3762
eta,q 0.97747 11.70101
  0.0254  0.0258  0.0258  0.0277  0.0284  0.0280  0.0253  0.0280  0.0248  0.0265  0.0243  0.0238
  0.0239  0.0241  0.0237  0.0258  0.0259  0.0259  0.0238  0.0248  0.0236  0.0242  0.0234  0.0231
  0.0229  0.0230  0.0227  0.0240  0.0238  0.0242  0.0229  0.0229  0.0228  0.0229  0.0228  0.0226
  0.0226  0.0226  0.0226  0.0226  0.0225  0.0225  0.0225  0.0225  0.0225  0.0225  0.0225  0.0225
  0.0229  0.0230  0.0231  0.0220  0.0232  0.0215  0.0228  0.0233  0.0228  0.0232  0.0226  0.0227
  0.0239  0.0240  0.0241  0.0243  0.0257  0.0245  0.0238  0.0250  0.0236  0.0245  0.0232  0.0231
  0.0255  0.0257  0.0256  0.0289  0.0287  0.0301  0.0252  0.0279  0.0249  0.0261  0.0245  0.0238
niter,ni,del,rscale     5    3    5.0000    1.2000
parameters
   -2.3115  -10.5096   13.4905  -13.5132  -16.2375  -15.3872
   -5.8142   -9.5652    6.1196  -10.4826   15.4803    9.3614
eta,q 0.97748 11.70190
  0.0255  0.0257  0.0259  0.0276  0.0284  0.0281  0.0253  0.0280  0.0248  0.0265  0.0243  0.0238
  0.0239  0.0240  0.0237  0.0257  0.0260  0.0260  0.0238  0.0249  0.0236  0.0242  0.0234  0.0231
  0.0229  0.0229  0.0226  0.0240  0.0238  0.0243  0.0228  0.0229  0.0228  0.0229  0.0228  0.0226
  0.0225  0.0225  0.0225  0.0225  0.0225  0.0225  0.0225  0.0225  0.0225  0.0225  0.0225  0.0225
  0.0228  0.0229  0.0230  0.0220  0.0232  0.0215  0.0228  0.0233  0.0228  0.0232  0.0226  0.0227
  0.0238  0.0240  0.0240  0.0244  0.0257  0.0244  0.0238  0.0250  0.0236  0.0245  0.0232  0.0231
  0.0255  0.0257  0.0256  0.0290  0.0287  0.0300  0.0252  0.0278  0.0248  0.0261  0.0245  0.0238
registration optimization eta report
parameter search radius
    2.4000    2.7600    3.6501    9.5220   10.9503    9.5220
    7.2000    7.2000    8.2800    8.2800    8.2800    7.2000
100000*second partial in parameter space
       51.       41.       24.        7.        5.        7.
        5.       10.        3.        5.        3.        2.
  0.0255  0.0257  0.0259  0.0276  0.0284  0.0281  0.0253  0.0280  0.0248  0.0265  0.0243  0.0238
  0.0239  0.0240  0.0237  0.0257  0.0260  0.0260  0.0238  0.0249  0.0236  0.0242  0.0234  0.0231
  0.0229  0.0229  0.0226  0.0240  0.0238  0.0243  0.0228  0.0229  0.0228  0.0229  0.0228  0.0226
  0.0225  0.0225  0.0225  0.0225  0.0225  0.0225  0.0225  0.0225  0.0225  0.0225  0.0225  0.0225
  0.0228  0.0229  0.0230  0.0220  0.0232  0.0215  0.0228  0.0233  0.0228  0.0232  0.0226  0.0227
  0.0238  0.0240  0.0240  0.0244  0.0257  0.0244  0.0238  0.0250  0.0236  0.0245  0.0232  0.0231
  0.0255  0.0257  0.0256  0.0290  0.0287  0.0300  0.0252  0.0278  0.0248  0.0261  0.0245  0.0238
   -2.3115  -10.5096   13.4905  -13.5132  -16.2375  -15.3872
   -5.8142   -9.5652    6.1196  -10.4826   15.4803    9.3614
eta,q 0.97748 11.70190

---------------------------------------------------------------------
imgreg_4dfp /opt/freesurfer/average/711-2C_as_mni_average_305 /opt/freesurfer/average/711-2B_as_mni_average_305_mask talsrcimg_g11 none talsrcimg_to_711-2C_as_mni_average_305_t4 2311
---------------------------------------------------------------------

freesurfer imgreg_4dfp.c
/opt/freesurfer/average/711-2C_as_mni_average_305.4dfp.img
       256       256       256         1
  1.000000  1.000000  1.000000
orientation T byte_order littleendian
Reading image: /opt/freesurfer/average/711-2C_as_mni_average_305.4dfp.img
dimensions:      256       256       256
mmppix:       1.0000   -1.0000   -1.0000
center:     128.0000 -129.0000 -129.0000
/opt/freesurfer/average/711-2B_as_mni_average_305_mask.4dfp.img
       256       256       256         1
  1.000000  1.000000  1.000000
orientation T byte_order littleendian
Reading mask: /opt/freesurfer/average/711-2B_as_mni_average_305_mask.4dfp.img (2306576 pixels)
talsrcimg_g11.4dfp.img
       256       256       256         1
  0.900000  0.900000  0.900000
orientation T byte_order littleendian
Reading image: talsrcimg_g11.4dfp.img
dimensions:      256       256       256
mmppix:       0.9000   -0.9000   -0.9000
center:     115.2000 -116.1000 -116.1000
fimgreg.f
image alignment mode   2311 decimal      907 hex
parameters
   -2.3115  -10.5096   13.4905  -13.5132  -16.2375  -15.3872
   -5.8142   -9.5652    6.1196  -10.4826   15.4803    9.3614
eta,q 0.97748 11.70190
niter,ni,del,rscale     5    3    5.0000    0.8000
parameters
   -2.2962  -10.5213   13.1434  -11.6370  -15.9734  -14.4956
   -5.9519   -9.5721    5.9163  -10.1399   15.6446    8.7848
eta,q 0.97838 11.77029
  0.0239  0.0237  0.0228  0.0248  0.0238  0.0245  0.0232  0.0255  0.0226  0.0235  0.0229  0.0222
  0.0231  0.0230  0.0226  0.0240  0.0230  0.0236  0.0223  0.0235  0.0221  0.0225  0.0223  0.0218
  0.0227  0.0226  0.0225  0.0232  0.0223  0.0228  0.0218  0.0221  0.0217  0.0219  0.0218  0.0216
  0.0225  0.0225  0.0225  0.0225  0.0220  0.0220  0.0216  0.0216  0.0216  0.0216  0.0216  0.0216
  0.0227  0.0227  0.0227  0.0220  0.0221  0.0215  0.0219  0.0222  0.0218  0.0218  0.0217  0.0218
  0.0231  0.0231  0.0229  0.0221  0.0226  0.0220  0.0224  0.0236  0.0222  0.0223  0.0221  0.0221
  0.0238  0.0237  0.0233  0.0230  0.0236  0.0236  0.0233  0.0254  0.0227  0.0230  0.0228  0.0225
niter,ni,del,rscale     4    3    5.0000    0.7000
parameters
   -2.3118  -10.5645   13.6318  -11.9975  -15.8711  -13.5328
   -5.8332   -9.7178    5.9081  -10.0894   15.7370    8.6956
eta,q 0.97877 11.79131
  0.0230  0.0225  0.0229  0.0230  0.0230  0.0239  0.0225  0.0241  0.0220  0.0226  0.0222  0.0218
  0.0223  0.0220  0.0223  0.0224  0.0223  0.0231  0.0218  0.0225  0.0216  0.0218  0.0217  0.0215
  0.0218  0.0217  0.0219  0.0218  0.0218  0.0223  0.0214  0.0215  0.0213  0.0214  0.0214  0.0213
  0.0216  0.0216  0.0216  0.0216  0.0216  0.0216  0.0212  0.0212  0.0212  0.0212  0.0212  0.0212
  0.0218  0.0218  0.0216  0.0217  0.0217  0.0212  0.0214  0.0217  0.0213  0.0214  0.0213  0.0213
  0.0223  0.0221  0.0216  0.0225  0.0222  0.0216  0.0217  0.0229  0.0216  0.0218  0.0216  0.0215
  0.0231  0.0226  0.0218  0.0241  0.0229  0.0228  0.0224  0.0244  0.0220  0.0225  0.0222  0.0218
niter,ni,del,rscale     3    3    5.0000    0.6000
parameters
   -2.3737  -10.6428   13.9197  -12.1331  -15.8860  -13.1276
   -5.8106   -9.8594    5.9276  -10.1636   15.7442    8.7283
eta,q 0.97890 11.79946
  0.0222  0.0219  0.0221  0.0224  0.0222  0.0232  0.0220  0.0232  0.0217  0.0221  0.0218  0.0215
  0.0216  0.0215  0.0217  0.0219  0.0217  0.0225  0.0215  0.0220  0.0214  0.0215  0.0214  0.0213
  0.0213  0.0213  0.0214  0.0214  0.0214  0.0218  0.0212  0.0213  0.0212  0.0212  0.0212  0.0211
  0.0212  0.0212  0.0212  0.0212  0.0212  0.0212  0.0211  0.0211  0.0211  0.0211  0.0211  0.0211
  0.0214  0.0213  0.0212  0.0213  0.0213  0.0211  0.0212  0.0215  0.0212  0.0212  0.0212  0.0211
  0.0218  0.0216  0.0213  0.0218  0.0217  0.0216  0.0215  0.0223  0.0214  0.0216  0.0214  0.0213
  0.0224  0.0220  0.0215  0.0229  0.0223  0.0228  0.0220  0.0235  0.0217  0.0221  0.0218  0.0215
niter,ni,del,rscale     2    3    5.0000    0.5000
parameters
   -2.4284  -10.6880   14.0580  -12.1139  -15.9277  -12.8667
   -5.8213   -9.9347    5.9179  -10.1912   15.6965    8.7179
eta,q 0.97896 11.80445
  0.0217  0.0216  0.0217  0.0220  0.0218  0.0226  0.0217  0.0226  0.0215  0.0218  0.0215  0.0214
  0.0214  0.0213  0.0214  0.0216  0.0214  0.0220  0.0213  0.0217  0.0212  0.0214  0.0213  0.0212
  0.0212  0.0211  0.0212  0.0213  0.0212  0.0215  0.0211  0.0212  0.0211  0.0211  0.0211  0.0211
  0.0211  0.0211  0.0211  0.0211  0.0211  0.0211  0.0210  0.0210  0.0210  0.0210  0.0210  0.0210
  0.0212  0.0212  0.0211  0.0211  0.0212  0.0211  0.0211  0.0213  0.0211  0.0211  0.0211  0.0211
  0.0215  0.0214  0.0212  0.0215  0.0214  0.0215  0.0213  0.0219  0.0212  0.0214  0.0213  0.0212
  0.0219  0.0217  0.0214  0.0221  0.0219  0.0224  0.0217  0.0228  0.0215  0.0218  0.0216  0.0214
niter,ni,del,rscale     1    3    5.0000    0.4000
parameters
   -2.4651  -10.7139   14.1632  -12.0537  -15.9541  -12.6731
   -5.8124   -9.9698    5.9169  -10.2140   15.6417    8.6872
eta,q 0.97899 11.80816
  0.0215  0.0213  0.0214  0.0217  0.0215  0.0222  0.0214  0.0221  0.0213  0.0215  0.0213  0.0212
  0.0212  0.0212  0.0212  0.0214  0.0213  0.0217  0.0212  0.0215  0.0211  0.0212  0.0211  0.0211
  0.0211  0.0211  0.0211  0.0211  0.0211  0.0213  0.0211  0.0211  0.0210  0.0211  0.0210  0.0210
  0.0210  0.0210  0.0210  0.0210  0.0210  0.0210  0.0210  0.0210  0.0210  0.0210  0.0210  0.0210
  0.0211  0.0211  0.0210  0.0211  0.0211  0.0210  0.0210  0.0212  0.0210  0.0211  0.0211  0.0210
  0.0213  0.0212  0.0211  0.0213  0.0212  0.0214  0.0212  0.0215  0.0211  0.0212  0.0212  0.0211
  0.0215  0.0214  0.0213  0.0217  0.0215  0.0219  0.0214  0.0221  0.0213  0.0215  0.0214  0.0212
registration optimization eta report
parameter search radius
    0.8000    0.8000    0.8000    2.4000    2.4000    2.4000
    2.4000    2.4000    2.4000    2.4000    2.4000    2.4000
100000*second partial in parameter space
       72.       52.       46.       11.        9.       17.
        7.       19.        5.        8.        6.        4.
  0.0215  0.0213  0.0214  0.0217  0.0215  0.0222  0.0214  0.0221  0.0213  0.0215  0.0213  0.0212
  0.0212  0.0212  0.0212  0.0214  0.0213  0.0217  0.0212  0.0215  0.0211  0.0212  0.0211  0.0211
  0.0211  0.0211  0.0211  0.0211  0.0211  0.0213  0.0211  0.0211  0.0210  0.0211  0.0210  0.0210
  0.0210  0.0210  0.0210  0.0210  0.0210  0.0210  0.0210  0.0210  0.0210  0.0210  0.0210  0.0210
  0.0211  0.0211  0.0210  0.0211  0.0211  0.0210  0.0210  0.0212  0.0210  0.0211  0.0211  0.0210
  0.0213  0.0212  0.0211  0.0213  0.0212  0.0214  0.0212  0.0215  0.0211  0.0212  0.0212  0.0211
  0.0215  0.0214  0.0213  0.0217  0.0215  0.0219  0.0214  0.0221  0.0213  0.0215  0.0214  0.0212
   -2.4651  -10.7139   14.1632  -12.0537  -15.9541  -12.6731
   -5.8124   -9.9698    5.9169  -10.2140   15.6417    8.6872
eta,q 0.97899 11.80816

---------------------------------------------------------------------
imgreg_4dfp /opt/freesurfer/average/711-2C_as_mni_average_305 /opt/freesurfer/average/711-2B_as_mni_average_305_mask talsrcimg_g11 none talsrcimg_to_711-2C_as_mni_average_305_t4 2311
---------------------------------------------------------------------

freesurfer imgreg_4dfp.c
/opt/freesurfer/average/711-2C_as_mni_average_305.4dfp.img
       256       256       256         1
  1.000000  1.000000  1.000000
orientation T byte_order littleendian
Reading image: /opt/freesurfer/average/711-2C_as_mni_average_305.4dfp.img
dimensions:      256       256       256
mmppix:       1.0000   -1.0000   -1.0000
center:     128.0000 -129.0000 -129.0000
/opt/freesurfer/average/711-2B_as_mni_average_305_mask.4dfp.img
       256       256       256         1
  1.000000  1.000000  1.000000
orientation T byte_order littleendian
Reading mask: /opt/freesurfer/average/711-2B_as_mni_average_305_mask.4dfp.img (2306576 pixels)
talsrcimg_g11.4dfp.img
       256       256       256         1
  0.900000  0.900000  0.900000
orientation T byte_order littleendian
Reading image: talsrcimg_g11.4dfp.img
dimensions:      256       256       256
mmppix:       0.9000   -0.9000   -0.9000
center:     115.2000 -116.1000 -116.1000
fimgreg.f
image alignment mode   2311 decimal      907 hex
parameters
   -2.4651  -10.7139   14.1632  -12.0537  -15.9541  -12.6731
   -5.8124   -9.9698    5.9169  -10.2140   15.6417    8.6872
eta,q 0.97899 11.80816
niter,ni,del,rscale     5    3    5.0000    0.8000
parameters
   -2.5053  -10.7258   14.2630  -12.6170  -16.1187  -13.0490
   -5.7734   -9.9560    6.0450  -10.3922   15.6046    9.0576
eta,q 0.97885 11.78934
  0.0228  0.0223  0.0223  0.0228  0.0227  0.0237  0.0226  0.0247  0.0222  0.0228  0.0222  0.0220
  0.0218  0.0216  0.0216  0.0220  0.0219  0.0228  0.0218  0.0228  0.0217  0.0218  0.0217  0.0216
  0.0212  0.0211  0.0212  0.0213  0.0213  0.0218  0.0213  0.0215  0.0213  0.0213  0.0213  0.0213
  0.0210  0.0210  0.0210  0.0210  0.0211  0.0211  0.0212  0.0212  0.0212  0.0212  0.0212  0.0212
  0.0212  0.0212  0.0211  0.0213  0.0213  0.0213  0.0213  0.0217  0.0213  0.0214  0.0213  0.0212
  0.0219  0.0216  0.0215  0.0224  0.0219  0.0228  0.0218  0.0228  0.0216  0.0221  0.0216  0.0214
  0.0230  0.0223  0.0220  0.0244  0.0230  0.0255  0.0226  0.0246  0.0221  0.0230  0.0223  0.0218
niter,ni,del,rscale     4    3    5.0000    0.7000
parameters
   -2.4802  -10.7153   14.0834  -12.4270  -16.0687  -13.1175
   -5.8439   -9.9044    6.0186  -10.3655   15.6333    8.9884
eta,q 0.97888 11.79234
  0.0225  0.0221  0.0218  0.0229  0.0225  0.0234  0.0222  0.0241  0.0219  0.0225  0.0220  0.0217
  0.0218  0.0216  0.0214  0.0221  0.0218  0.0226  0.0216  0.0225  0.0215  0.0217  0.0215  0.0214
  0.0213  0.0213  0.0212  0.0215  0.0213  0.0217  0.0212  0.0215  0.0212  0.0213  0.0212  0.0212
  0.0212  0.0212  0.0212  0.0211  0.0211  0.0211  0.0211  0.0211  0.0211  0.0211  0.0211  0.0211
  0.0213  0.0213  0.0213  0.0211  0.0212  0.0212  0.0213  0.0215  0.0212  0.0213  0.0212  0.0212
  0.0217  0.0216  0.0217  0.0216  0.0217  0.0222  0.0217  0.0225  0.0215  0.0217  0.0215  0.0214
  0.0224  0.0221  0.0222  0.0229  0.0225  0.0241  0.0223  0.0239  0.0219  0.0224  0.0220  0.0217
niter,ni,del,rscale     3    3    5.0000    0.6000
parameters
   -2.4580  -10.7034   14.0683  -12.2451  -16.0223  -13.0033
   -5.8437   -9.9029    5.9823  -10.2966   15.6403    8.8801
eta,q 0.97893 11.79814
  0.0221  0.0219  0.0217  0.0225  0.0221  0.0230  0.0219  0.0234  0.0216  0.0221  0.0218  0.0215
  0.0216  0.0215  0.0214  0.0219  0.0216  0.0223  0.0215  0.0221  0.0213  0.0215  0.0214  0.0212
  0.0213  0.0212  0.0212  0.0214  0.0213  0.0216  0.0212  0.0213  0.0211  0.0212  0.0212  0.0211
  0.0211  0.0211  0.0211  0.0211  0.0211  0.0211  0.0211  0.0211  0.0211  0.0211  0.0211  0.0211
  0.0212  0.0212  0.0212  0.0211  0.0212  0.0211  0.0212  0.0214  0.0211  0.0212  0.0211  0.0211
  0.0215  0.0214  0.0214  0.0215  0.0215  0.0218  0.0215  0.0222  0.0213  0.0215  0.0214  0.0213
  0.0221  0.0218  0.0217  0.0224  0.0222  0.0231  0.0220  0.0233  0.0217  0.0220  0.0218  0.0215
niter,ni,del,rscale     2    3    5.0000    0.5000
parameters
   -2.4609  -10.7088   14.1180  -12.1252  -15.9973  -12.8272
   -5.8281   -9.9269    5.9419  -10.2568   15.6172    8.7807
eta,q 0.97897 11.80345
  0.0218  0.0216  0.0216  0.0220  0.0218  0.0226  0.0217  0.0227  0.0214  0.0218  0.0215  0.0213
  0.0214  0.0213  0.0213  0.0216  0.0214  0.0220  0.0213  0.0218  0.0212  0.0214  0.0213  0.0212
  0.0212  0.0211  0.0211  0.0213  0.0212  0.0214  0.0211  0.0212  0.0211  0.0211  0.0211  0.0211
  0.0211  0.0211  0.0211  0.0211  0.0211  0.0211  0.0210  0.0210  0.0210  0.0210  0.0210  0.0210
  0.0211  0.0211  0.0211  0.0211  0.0211  0.0211  0.0211  0.0213  0.0211  0.0211  0.0211  0.0211
  0.0214  0.0213  0.0212  0.0214  0.0214  0.0215  0.0213  0.0218  0.0212  0.0214  0.0213  0.0212
  0.0218  0.0216  0.0215  0.0220  0.0218  0.0225  0.0216  0.0227  0.0215  0.0217  0.0215  0.0214
niter,ni,del,rscale     1    3    5.0000    0.4000
parameters
   -2.4770  -10.7220   14.1914  -12.0443  -15.9890  -12.6560
   -5.8287   -9.9537    5.9315  -10.2366   15.5890    8.7179
eta,q 0.97899 11.80780
  0.0215  0.0214  0.0214  0.0217  0.0215  0.0221  0.0214  0.0221  0.0213  0.0215  0.0213  0.0212
  0.0212  0.0212  0.0212  0.0214  0.0213  0.0217  0.0212  0.0215  0.0211  0.0212  0.0212  0.0211
  0.0211  0.0211  0.0211  0.0212  0.0211  0.0213  0.0211  0.0211  0.0210  0.0211  0.0210  0.0210
  0.0210  0.0210  0.0210  0.0210  0.0210  0.0210  0.0210  0.0210  0.0210  0.0210  0.0210  0.0210
  0.0211  0.0211  0.0210  0.0211  0.0211  0.0211  0.0211  0.0212  0.0210  0.0211  0.0210  0.0210
  0.0212  0.0212  0.0211  0.0212  0.0212  0.0214  0.0212  0.0215  0.0211  0.0212  0.0212  0.0211
  0.0215  0.0214  0.0213  0.0217  0.0215  0.0220  0.0214  0.0221  0.0213  0.0215  0.0213  0.0212
registration optimization eta report
parameter search radius
    0.8000    0.8000    0.8000    2.4000    2.4000    2.4000
    2.4000    2.4000    2.4000    2.4000    2.4000    2.4000
100000*second partial in parameter space
       72.       52.       46.       11.        9.       17.
        7.       19.        5.        8.        6.        4.
  0.0215  0.0214  0.0214  0.0217  0.0215  0.0221  0.0214  0.0221  0.0213  0.0215  0.0213  0.0212
  0.0212  0.0212  0.0212  0.0214  0.0213  0.0217  0.0212  0.0215  0.0211  0.0212  0.0212  0.0211
  0.0211  0.0211  0.0211  0.0212  0.0211  0.0213  0.0211  0.0211  0.0210  0.0211  0.0210  0.0210
  0.0210  0.0210  0.0210  0.0210  0.0210  0.0210  0.0210  0.0210  0.0210  0.0210  0.0210  0.0210
  0.0211  0.0211  0.0210  0.0211  0.0211  0.0211  0.0211  0.0212  0.0210  0.0211  0.0210  0.0210
  0.0212  0.0212  0.0211  0.0212  0.0212  0.0214  0.0212  0.0215  0.0211  0.0212  0.0212  0.0211
  0.0215  0.0214  0.0213  0.0217  0.0215  0.0220  0.0214  0.0221  0.0213  0.0215  0.0213  0.0212
   -2.4770  -10.7220   14.1914  -12.0443  -15.9890  -12.6560
   -5.8287   -9.9537    5.9315  -10.2366   15.5890    8.7179
eta,q 0.97899 11.80780

---------------------------------------------------------------------
compute_vox2vox talsrcimg talsrcimg_to_711-2C_as_mni_average_305_t4 /opt/freesurfer/average/711-2C_as_mni_average_305
---------------------------------------------------------------------

freesurfer compute_vox2vox.c
Reading: talsrcimg.4dfp.ifh
Reading: talsrcimg_to_711-2C_as_mni_average_305_t4
Reading: /opt/freesurfer/average/711-2C_as_mni_average_305.4dfp.ifh
Writing: talsrcimg_to_711-2C_as_mni_average_305_t4_vox2vox.txt

start time Thu Mar 12 20:16:32 CET 2026
end		time Thu Mar 12 20:17:59 CET 2026

mpr2mni305 success

avi2talxfm orig_nu.mgz /opt/freesurfer/average/mni305.cor.mgz talsrcimg_to_711-2C_as_mni_average_305_t4_vox2vox.txt transforms/talairach.auto.xfm
avi2talxfm done
mv -f /out/sourcedata/freesurfer/sub-v2s1x29914_ses-1/mri/talsrcimg_to_711-2C_as_mni_average_305_t4_vox2vox.txt /out/sourcedata/freesurfer/sub-v2s1x29914_ses-1/mri/transforms/talsrcimg_to_711-2C_as_mni_average_305_t4_vox2vox.txt
lta_convert --src orig_nu.mgz --trg /opt/freesurfer/average/mni305.cor.mgz --inxfm transforms/talairach.auto.xfm --outlta transforms/talairach.auto.xfm.lta --subject fsaverage
7.3.2

--src: orig_nu.mgz src image (geometry).
--trg: /opt/freesurfer/average/mni305.cor.mgz trg image (geometry).
--inmni: transforms/talairach.auto.xfm input MNI/XFM transform.
--outlta: transforms/talairach.auto.xfm.lta output LTA.
--s: fsaverage subject name
 LTA read, type : 1
 1.10897   0.13377   0.06306  -7.90730;
-0.18783   1.10848  -0.12806  -32.73251;
-0.10119   0.12562   1.17026  -43.52180;
 0.00000   0.00000   0.00000   1.00000;
setting subject to fsaverage
Writing  LTA to file transforms/talairach.auto.xfm.lta...
lta_convert successful.
 
 
Started at Thu Mar 12 20:16:32 CET 2026
Ended   at Thu Mar 12 20:17:59 CET 2026
talairach_avi done
